2024-06-03 19:54:39,016 INFO  - Initialize Vehicle application (at simulation time 330.000,000,000 s)
2024-06-03 19:54:39,017 INFO  - Activated WLAN Module (at simulation time 330.000,000,000 s)
2024-06-03 19:54:39,018 INFO  - Called #onVehicleUpdated (at simulation time 330.000,000,000 s)
2024-06-03 19:54:39,018 INFO  - Exced velocity! Sending new CAM (at simulation time 330.000,000,000 s)
2024-06-03 19:54:39,018 INFO  - Sending out AdHoc broadcast (at simulation time 330.000,000,000 s)
2024-06-03 19:54:39,022 INFO  - Called #onVehicleUpdated (at simulation time 331.000,000,000 s)
2024-06-03 19:54:39,022 INFO  - Exced velocity! Sending new CAM (at simulation time 331.000,000,000 s)
2024-06-03 19:54:39,022 INFO  - Sending out AdHoc broadcast (at simulation time 331.000,000,000 s)
2024-06-03 19:54:39,022 INFO  - Define the name: veh_57 and route: r_4 (at simulation time 331.000,000,000 s)
2024-06-03 19:54:39,022 INFO  - Sending out AdHoc broadcast (at simulation time 331.000,000,000 s)
2024-06-03 19:54:39,024 INFO  - Called #onVehicleUpdated (at simulation time 332.000,000,000 s)
2024-06-03 19:54:39,024 INFO  - Exced velocity! Sending new CAM (at simulation time 332.000,000,000 s)
2024-06-03 19:54:39,024 INFO  - Sending out AdHoc broadcast (at simulation time 332.000,000,000 s)
2024-06-03 19:54:39,024 INFO  - Sending out AdHoc broadcast (at simulation time 332.000,000,000 s)
2024-06-03 19:54:39,024 INFO  - Recieve a message from other vehicle (at simulation time 332.001,900,000 s)
2024-06-03 19:54:39,024 INFO  - Recending a message from other vehicle (at simulation time 332.001,900,000 s)
2024-06-03 19:54:39,025 INFO  - Called #onVehicleUpdated (at simulation time 333.000,000,000 s)
2024-06-03 19:54:39,025 INFO  - Exced velocity! Sending new CAM (at simulation time 333.000,000,000 s)
2024-06-03 19:54:39,025 INFO  - Sending out AdHoc broadcast (at simulation time 333.000,000,000 s)
2024-06-03 19:54:39,025 INFO  - Sending out AdHoc broadcast (at simulation time 333.000,000,000 s)
2024-06-03 19:54:39,025 INFO  - Sending out AdHoc broadcast (at simulation time 333.000,000,000 s)
2024-06-03 19:54:39,026 INFO  - Called #onVehicleUpdated (at simulation time 334.000,000,000 s)
2024-06-03 19:54:39,026 INFO  - Exced velocity! Sending new CAM (at simulation time 334.000,000,000 s)
2024-06-03 19:54:39,026 INFO  - Sending out AdHoc broadcast (at simulation time 334.000,000,000 s)
2024-06-03 19:54:39,026 INFO  - Sending out AdHoc broadcast (at simulation time 334.000,000,000 s)
2024-06-03 19:54:39,026 INFO  - Sending out AdHoc broadcast (at simulation time 334.000,000,000 s)
2024-06-03 19:54:39,026 INFO  - Recieve a message from other vehicle (at simulation time 334.000,400,000 s)
2024-06-03 19:54:39,026 INFO  - Recending a message from other vehicle (at simulation time 334.000,400,000 s)
2024-06-03 19:54:39,028 INFO  - Called #onVehicleUpdated (at simulation time 335.000,000,000 s)
2024-06-03 19:54:39,028 INFO  - Exced velocity! Sending new CAM (at simulation time 335.000,000,000 s)
2024-06-03 19:54:39,028 INFO  - Sending out AdHoc broadcast (at simulation time 335.000,000,000 s)
2024-06-03 19:54:39,028 INFO  - Sending out AdHoc broadcast (at simulation time 335.000,000,000 s)
2024-06-03 19:54:39,028 INFO  - Sending out AdHoc broadcast (at simulation time 335.000,000,000 s)
2024-06-03 19:54:39,028 INFO  - Sending out AdHoc broadcast (at simulation time 335.000,000,000 s)
2024-06-03 19:54:39,030 INFO  - Called #onVehicleUpdated (at simulation time 336.000,000,000 s)
2024-06-03 19:54:39,030 INFO  - Sending out AdHoc broadcast (at simulation time 336.000,000,000 s)
2024-06-03 19:54:39,030 INFO  - Sending out AdHoc broadcast (at simulation time 336.000,000,000 s)
2024-06-03 19:54:39,030 INFO  - Sending out AdHoc broadcast (at simulation time 336.000,000,000 s)
2024-06-03 19:54:39,031 INFO  - Recieve a message from other vehicle (at simulation time 336.000,900,000 s)
2024-06-03 19:54:39,031 INFO  - Recending a message from other vehicle (at simulation time 336.000,900,000 s)
2024-06-03 19:54:39,031 INFO  - Recieve a message from other vehicle (at simulation time 336.000,900,000 s)
2024-06-03 19:54:39,031 INFO  - Recending a message from other vehicle (at simulation time 336.000,900,000 s)
2024-06-03 19:54:39,031 INFO  - Recieve a message from other vehicle (at simulation time 336.001,400,000 s)
2024-06-03 19:54:39,031 INFO  - I'm in better position but no more hops in message (at simulation time 336.001,400,000 s)
2024-06-03 19:54:39,031 INFO  - Recieve a message from other vehicle (at simulation time 336.001,400,000 s)
2024-06-03 19:54:39,031 INFO  - Recending a message from other vehicle (at simulation time 336.001,400,000 s)
2024-06-03 19:54:39,033 INFO  - Called #onVehicleUpdated (at simulation time 337.000,000,000 s)
2024-06-03 19:54:39,034 INFO  - Sending out AdHoc broadcast (at simulation time 337.000,000,000 s)
2024-06-03 19:54:39,034 INFO  - Sending out AdHoc broadcast (at simulation time 337.000,000,000 s)
2024-06-03 19:54:39,034 INFO  - Sending out AdHoc broadcast (at simulation time 337.000,000,000 s)
2024-06-03 19:54:39,034 INFO  - Sending out AdHoc broadcast (at simulation time 337.000,000,000 s)
2024-06-03 19:54:39,034 INFO  - Recieve a message from other vehicle (at simulation time 337.000,400,000 s)
2024-06-03 19:54:39,034 INFO  - Recending a message from other vehicle (at simulation time 337.000,400,000 s)
2024-06-03 19:54:39,034 INFO  - Recieve a message from other vehicle (at simulation time 337.000,400,000 s)
2024-06-03 19:54:39,034 INFO  - Recending a message from other vehicle (at simulation time 337.000,400,000 s)
2024-06-03 19:54:39,034 INFO  - Recieve a message from other vehicle (at simulation time 337.000,400,000 s)
2024-06-03 19:54:39,034 INFO  - Recending a message from other vehicle (at simulation time 337.000,400,000 s)
2024-06-03 19:54:39,035 INFO  - Recieve a message from other vehicle (at simulation time 337.000,900,000 s)
2024-06-03 19:54:39,035 INFO  - Recending a message from other vehicle (at simulation time 337.000,900,000 s)
2024-06-03 19:54:39,035 INFO  - Recieve a message from other vehicle (at simulation time 337.000,900,000 s)
2024-06-03 19:54:39,035 INFO  - Recending a message from other vehicle (at simulation time 337.000,900,000 s)
2024-06-03 19:54:39,035 INFO  - Recieve a message from other vehicle (at simulation time 337.001,400,000 s)
2024-06-03 19:54:39,035 INFO  - Recending a message from other vehicle (at simulation time 337.001,400,000 s)
2024-06-03 19:54:39,035 INFO  - Recieve a message from other vehicle (at simulation time 337.001,800,000 s)
2024-06-03 19:54:39,035 INFO  - I'm in better position but no more hops in message (at simulation time 337.001,800,000 s)
2024-06-03 19:54:39,035 INFO  - Recieve a message from other vehicle (at simulation time 337.001,900,000 s)
2024-06-03 19:54:39,035 INFO  - Recending a message from other vehicle (at simulation time 337.001,900,000 s)
2024-06-03 19:54:39,035 INFO  - Recieve a message from other vehicle (at simulation time 337.001,900,000 s)
2024-06-03 19:54:39,035 INFO  - I'm in better position but no more hops in message (at simulation time 337.001,900,000 s)
2024-06-03 19:54:39,035 INFO  - Recieve a message from other vehicle (at simulation time 337.002,400,000 s)
2024-06-03 19:54:39,035 INFO  - Recending a message from other vehicle (at simulation time 337.002,400,000 s)
2024-06-03 19:54:39,037 INFO  - Called #onVehicleUpdated (at simulation time 338.000,000,000 s)
2024-06-03 19:54:39,037 INFO  - Sending out AdHoc broadcast (at simulation time 338.000,000,000 s)
2024-06-03 19:54:39,037 INFO  - Sending out AdHoc broadcast (at simulation time 338.000,000,000 s)
2024-06-03 19:54:39,037 INFO  - Sending out AdHoc broadcast (at simulation time 338.000,000,000 s)
2024-06-03 19:54:39,037 INFO  - Recieve a message from other vehicle (at simulation time 338.000,900,000 s)
2024-06-03 19:54:39,037 INFO  - I'm in better position but no more hops in message (at simulation time 338.000,900,000 s)
2024-06-03 19:54:39,037 INFO  - Recieve a message from other vehicle (at simulation time 338.000,900,000 s)
2024-06-03 19:54:39,037 INFO  - Recending a message from other vehicle (at simulation time 338.000,900,000 s)
2024-06-03 19:54:39,037 INFO  - Recieve a message from other vehicle (at simulation time 338.001,300,000 s)
2024-06-03 19:54:39,037 INFO  - I'm in better position but no more hops in message (at simulation time 338.001,300,000 s)
2024-06-03 19:54:39,038 INFO  - Recieve a message from other vehicle (at simulation time 338.001,800,000 s)
2024-06-03 19:54:39,038 INFO  - I'm in better position but no more hops in message (at simulation time 338.001,800,000 s)
2024-06-03 19:54:39,038 INFO  - Recieve a message from other vehicle (at simulation time 338.001,900,000 s)
2024-06-03 19:54:39,038 INFO  - Recending a message from other vehicle (at simulation time 338.001,900,000 s)
2024-06-03 19:54:39,038 INFO  - Recieve a message from other vehicle (at simulation time 338.001,900,000 s)
2024-06-03 19:54:39,038 INFO  - Recending a message from other vehicle (at simulation time 338.001,900,000 s)
2024-06-03 19:54:39,038 INFO  - Recieve a message from other vehicle (at simulation time 338.001,900,000 s)
2024-06-03 19:54:39,038 INFO  - I'm in better position but no more hops in message (at simulation time 338.001,900,000 s)
2024-06-03 19:54:39,038 INFO  - Recieve a message from other vehicle (at simulation time 338.001,900,000 s)
2024-06-03 19:54:39,038 INFO  - I'm in better position but no more hops in message (at simulation time 338.001,900,000 s)
2024-06-03 19:54:39,038 INFO  - Recieve a message from other vehicle (at simulation time 338.002,400,000 s)
2024-06-03 19:54:39,038 INFO  - I'm in better position but no more hops in message (at simulation time 338.002,400,000 s)
2024-06-03 19:54:39,038 INFO  - Recieve a message from other vehicle (at simulation time 338.002,400,000 s)
2024-06-03 19:54:39,038 INFO  - I'm in better position but no more hops in message (at simulation time 338.002,400,000 s)
2024-06-03 19:54:39,038 INFO  - Recieve a message from other vehicle (at simulation time 338.002,400,000 s)
2024-06-03 19:54:39,038 INFO  - I'm in better position but no more hops in message (at simulation time 338.002,400,000 s)
2024-06-03 19:54:39,038 INFO  - Recieve a message from other vehicle (at simulation time 338.003,300,000 s)
2024-06-03 19:54:39,038 INFO  - I'm in better position but no more hops in message (at simulation time 338.003,300,000 s)
2024-06-03 19:54:39,039 INFO  - Called #onVehicleUpdated (at simulation time 339.000,000,000 s)
2024-06-03 19:54:39,039 INFO  - Sending out DENM broadcast (at simulation time 339.000,000,000 s)
2024-06-03 19:54:39,039 INFO  - Sending out AdHoc broadcast (at simulation time 339.000,000,000 s)
2024-06-03 19:54:39,039 INFO  - Sending out AdHoc broadcast (at simulation time 339.000,000,000 s)
2024-06-03 19:54:39,039 INFO  - Sending out AdHoc broadcast (at simulation time 339.000,000,000 s)
2024-06-03 19:54:39,039 INFO  - Sending out AdHoc broadcast (at simulation time 339.000,000,000 s)
2024-06-03 19:54:39,040 INFO  - Recieve a message from other vehicle (at simulation time 339.000,400,000 s)
2024-06-03 19:54:39,040 INFO  - My position is not better! (at simulation time 339.000,400,000 s)
2024-06-03 19:54:39,041 INFO  - Recieve a message from other vehicle (at simulation time 339.000,900,000 s)
2024-06-03 19:54:39,041 INFO  - DENM message Recived from veh_54 -info : seco (at simulation time 339.000,900,000 s)
2024-06-03 19:54:39,041 INFO  - Recending a DENM message from other vehicle (at simulation time 339.000,900,000 s)
2024-06-03 19:54:39,041 INFO  - Recieve a message from other vehicle (at simulation time 339.000,900,000 s)
2024-06-03 19:54:39,041 INFO  - DENM message Recived from veh_55 -info : piso-molhado (at simulation time 339.000,900,000 s)
2024-06-03 19:54:39,041 INFO  - I slow down due to road state (at simulation time 339.000,900,000 s)
2024-06-03 19:54:39,041 INFO  - No more hops in DENM message (at simulation time 339.000,900,000 s)
2024-06-03 19:54:39,041 INFO  - Recieve a message from other vehicle (at simulation time 339.000,900,000 s)
2024-06-03 19:54:39,041 INFO  - My position is not better! (at simulation time 339.000,900,000 s)
2024-06-03 19:54:39,041 INFO  - Recieve a message from other vehicle (at simulation time 339.000,900,000 s)
2024-06-03 19:54:39,041 INFO  - My position is not better! (at simulation time 339.000,900,000 s)
2024-06-03 19:54:39,042 INFO  - Recieve a message from other vehicle (at simulation time 339.001,400,000 s)
2024-06-03 19:54:39,042 INFO  - My position is not better! (at simulation time 339.001,400,000 s)
2024-06-03 19:54:39,043 INFO  - Recieve a message from other vehicle (at simulation time 339.001,800,000 s)
2024-06-03 19:54:39,043 INFO  - DENM message Recived from veh_55 -info : piso-molhado (at simulation time 339.001,800,000 s)
2024-06-03 19:54:39,043 INFO  - I slow down due to road state (at simulation time 339.001,800,000 s)
2024-06-03 19:54:39,043 INFO  - No more hops in DENM message (at simulation time 339.001,800,000 s)
2024-06-03 19:54:39,043 INFO  - Recieve a message from other vehicle (at simulation time 339.001,800,000 s)
2024-06-03 19:54:39,043 INFO  - DENM message Recived from veh_59 -info : seco (at simulation time 339.001,800,000 s)
2024-06-03 19:54:39,043 INFO  - No more hops in DENM message (at simulation time 339.001,800,000 s)
2024-06-03 19:54:39,043 INFO  - Recieve a message from other vehicle (at simulation time 339.001,900,000 s)
2024-06-03 19:54:39,043 INFO  - My position is not better! (at simulation time 339.001,900,000 s)
2024-06-03 19:54:39,043 INFO  - Recieve a message from other vehicle (at simulation time 339.001,900,000 s)
2024-06-03 19:54:39,043 INFO  - My position is not better! (at simulation time 339.001,900,000 s)
2024-06-03 19:54:39,043 INFO  - Recieve a message from other vehicle (at simulation time 339.001,900,000 s)
2024-06-03 19:54:39,043 INFO  - My position is not better! (at simulation time 339.001,900,000 s)
2024-06-03 19:54:39,043 INFO  - Recieve a message from other vehicle (at simulation time 339.002,300,000 s)
2024-06-03 19:54:39,043 INFO  - My position is not better! (at simulation time 339.002,300,000 s)
2024-06-03 19:54:39,043 INFO  - Recieve a message from other vehicle (at simulation time 339.002,300,000 s)
2024-06-03 19:54:39,043 INFO  - My position is not better! (at simulation time 339.002,300,000 s)
2024-06-03 19:54:39,043 INFO  - Recieve a message from other vehicle (at simulation time 339.002,300,000 s)
2024-06-03 19:54:39,043 INFO  - My position is not better! (at simulation time 339.002,300,000 s)
2024-06-03 19:54:39,043 INFO  - Recieve a message from other vehicle (at simulation time 339.002,300,000 s)
2024-06-03 19:54:39,043 INFO  - DENM message Recived from veh_57 -info : seco (at simulation time 339.002,300,000 s)
2024-06-03 19:54:39,043 INFO  - No more hops in DENM message (at simulation time 339.002,300,000 s)
2024-06-03 19:54:39,043 INFO  - Recieve a message from other vehicle (at simulation time 339.002,300,000 s)
2024-06-03 19:54:39,043 INFO  - My position is not better! (at simulation time 339.002,300,000 s)
2024-06-03 19:54:39,044 INFO  - Recieve a message from other vehicle (at simulation time 339.002,400,000 s)
2024-06-03 19:54:39,044 INFO  - DENM message Recived from veh_59 -info : seco (at simulation time 339.002,400,000 s)
2024-06-03 19:54:39,044 INFO  - No more hops in DENM message (at simulation time 339.002,400,000 s)
2024-06-03 19:54:39,044 INFO  - Recieve a message from other vehicle (at simulation time 339.002,400,000 s)
2024-06-03 19:54:39,044 INFO  - My position is not better! (at simulation time 339.002,400,000 s)
2024-06-03 19:54:39,044 INFO  - Recieve a message from other vehicle (at simulation time 339.002,400,000 s)
2024-06-03 19:54:39,044 INFO  - My position is not better! (at simulation time 339.002,400,000 s)
2024-06-03 19:54:39,044 INFO  - Recieve a message from other vehicle (at simulation time 339.002,800,000 s)
2024-06-03 19:54:39,044 INFO  - My position is not better! (at simulation time 339.002,800,000 s)
2024-06-03 19:54:39,044 INFO  - Recieve a message from other vehicle (at simulation time 339.002,800,000 s)
2024-06-03 19:54:39,044 INFO  - My position is not better! (at simulation time 339.002,800,000 s)
2024-06-03 19:54:39,044 INFO  - Recieve a message from other vehicle (at simulation time 339.002,800,000 s)
2024-06-03 19:54:39,044 INFO  - My position is not better! (at simulation time 339.002,800,000 s)
2024-06-03 19:54:39,045 INFO  - Recieve a message from other vehicle (at simulation time 339.003,300,000 s)
2024-06-03 19:54:39,045 INFO  - My position is not better! (at simulation time 339.003,300,000 s)
2024-06-03 19:54:39,045 INFO  - Recieve a message from other vehicle (at simulation time 339.003,800,000 s)
2024-06-03 19:54:39,045 INFO  - My position is not better! (at simulation time 339.003,800,000 s)
2024-06-03 19:54:39,046 INFO  - Called #onVehicleUpdated (at simulation time 340.000,000,000 s)
2024-06-03 19:54:39,047 INFO  - Sending out AdHoc broadcast (at simulation time 340.000,000,000 s)
2024-06-03 19:54:39,047 INFO  - Sending out AdHoc broadcast (at simulation time 340.000,000,000 s)
2024-06-03 19:54:39,047 INFO  - Sending out AdHoc broadcast (at simulation time 340.000,000,000 s)
2024-06-03 19:54:39,047 INFO  - Recieve a message from other vehicle (at simulation time 340.000,400,000 s)
2024-06-03 19:54:39,047 INFO  - My position is not better! (at simulation time 340.000,400,000 s)
2024-06-03 19:54:39,048 INFO  - Recieve a message from other vehicle (at simulation time 340.000,400,000 s)
2024-06-03 19:54:39,048 INFO  - My position is not better! (at simulation time 340.000,400,000 s)
2024-06-03 19:54:39,048 INFO  - Recieve a message from other vehicle (at simulation time 340.000,400,000 s)
2024-06-03 19:54:39,048 INFO  - My position is not better! (at simulation time 340.000,400,000 s)
2024-06-03 19:54:39,048 INFO  - Recieve a message from other vehicle (at simulation time 340.000,800,000 s)
2024-06-03 19:54:39,048 INFO  - My position is not better! (at simulation time 340.000,800,000 s)
2024-06-03 19:54:39,048 INFO  - Recieve a message from other vehicle (at simulation time 340.000,900,000 s)
2024-06-03 19:54:39,048 INFO  - DENM message Recived from veh_58 -info : nevoeiro (at simulation time 340.000,900,000 s)
2024-06-03 19:54:39,048 INFO  - No more hops in DENM message (at simulation time 340.000,900,000 s)
2024-06-03 19:54:39,048 INFO  - Recieve a message from other vehicle (at simulation time 340.000,900,000 s)
2024-06-03 19:54:39,048 INFO  - My position is not better! (at simulation time 340.000,900,000 s)
2024-06-03 19:54:39,048 INFO  - Recieve a message from other vehicle (at simulation time 340.001,300,000 s)
2024-06-03 19:54:39,048 INFO  - DENM message Recived from veh_58 -info : nevoeiro (at simulation time 340.001,300,000 s)
2024-06-03 19:54:39,048 INFO  - No more hops in DENM message (at simulation time 340.001,300,000 s)
2024-06-03 19:54:39,049 INFO  - Recieve a message from other vehicle (at simulation time 340.001,300,000 s)
2024-06-03 19:54:39,049 INFO  - My position is not better! (at simulation time 340.001,300,000 s)
2024-06-03 19:54:39,049 INFO  - Recieve a message from other vehicle (at simulation time 340.001,400,000 s)
2024-06-03 19:54:39,049 INFO  - My position is not better! (at simulation time 340.001,400,000 s)
2024-06-03 19:54:39,049 INFO  - Recieve a message from other vehicle (at simulation time 340.001,900,000 s)
2024-06-03 19:54:39,049 INFO  - My position is not better! (at simulation time 340.001,900,000 s)
2024-06-03 19:54:39,049 INFO  - Recieve a message from other vehicle (at simulation time 340.001,900,000 s)
2024-06-03 19:54:39,049 INFO  - My position is not better! (at simulation time 340.001,900,000 s)
2024-06-03 19:54:39,049 INFO  - Recieve a message from other vehicle (at simulation time 340.001,900,000 s)
2024-06-03 19:54:39,049 INFO  - My position is not better! (at simulation time 340.001,900,000 s)
2024-06-03 19:54:39,049 INFO  - Recieve a message from other vehicle (at simulation time 340.002,300,000 s)
2024-06-03 19:54:39,049 INFO  - My position is not better! (at simulation time 340.002,300,000 s)
2024-06-03 19:54:39,049 INFO  - Recieve a message from other vehicle (at simulation time 340.002,300,000 s)
2024-06-03 19:54:39,049 INFO  - My position is not better! (at simulation time 340.002,300,000 s)
2024-06-03 19:54:39,050 INFO  - Recieve a message from other vehicle (at simulation time 340.002,400,000 s)
2024-06-03 19:54:39,050 INFO  - DENM message Recived from veh_56 -info : seco (at simulation time 340.002,400,000 s)
2024-06-03 19:54:39,050 INFO  - No more hops in DENM message (at simulation time 340.002,400,000 s)
2024-06-03 19:54:39,050 INFO  - Recieve a message from other vehicle (at simulation time 340.002,400,000 s)
2024-06-03 19:54:39,050 INFO  - My position is not better! (at simulation time 340.002,400,000 s)
2024-06-03 19:54:39,050 INFO  - Recieve a message from other vehicle (at simulation time 340.002,800,000 s)
2024-06-03 19:54:39,050 INFO  - DENM message Recived from veh_56 -info : seco (at simulation time 340.002,800,000 s)
2024-06-03 19:54:39,050 INFO  - No more hops in DENM message (at simulation time 340.002,800,000 s)
2024-06-03 19:54:39,050 INFO  - Recieve a message from other vehicle (at simulation time 340.002,800,000 s)
2024-06-03 19:54:39,050 INFO  - My position is not better! (at simulation time 340.002,800,000 s)
2024-06-03 19:54:39,050 INFO  - Recieve a message from other vehicle (at simulation time 340.003,300,000 s)
2024-06-03 19:54:39,050 INFO  - My position is not better! (at simulation time 340.003,300,000 s)
2024-06-03 19:54:39,050 INFO  - Recieve a message from other vehicle (at simulation time 340.003,300,000 s)
2024-06-03 19:54:39,050 INFO  - My position is not better! (at simulation time 340.003,300,000 s)
2024-06-03 19:54:39,050 INFO  - Recieve a message from other vehicle (at simulation time 340.003,800,000 s)
2024-06-03 19:54:39,050 INFO  - My position is not better! (at simulation time 340.003,800,000 s)
2024-06-03 19:54:39,051 INFO  - Called #onVehicleUpdated (at simulation time 341.000,000,000 s)
2024-06-03 19:54:39,051 INFO  - Sending out AdHoc broadcast (at simulation time 341.000,000,000 s)
2024-06-03 19:54:39,052 INFO  - Sending out AdHoc broadcast (at simulation time 341.000,000,000 s)
2024-06-03 19:54:39,052 INFO  - Sending out AdHoc broadcast (at simulation time 341.000,000,000 s)
2024-06-03 19:54:39,052 INFO  - Sending out AdHoc broadcast (at simulation time 341.000,000,000 s)
2024-06-03 19:54:39,052 INFO  - Recieve a message from other vehicle (at simulation time 341.000,400,000 s)
2024-06-03 19:54:39,052 INFO  - My position is not better! (at simulation time 341.000,400,000 s)
2024-06-03 19:54:39,052 INFO  - Recieve a message from other vehicle (at simulation time 341.000,800,000 s)
2024-06-03 19:54:39,052 INFO  - My position is not better! (at simulation time 341.000,800,000 s)
2024-06-03 19:54:39,052 INFO  - Recieve a message from other vehicle (at simulation time 341.000,900,000 s)
2024-06-03 19:54:39,052 INFO  - My position is not better! (at simulation time 341.000,900,000 s)
2024-06-03 19:54:39,052 INFO  - Recieve a message from other vehicle (at simulation time 341.000,900,000 s)
2024-06-03 19:54:39,052 INFO  - My position is not better! (at simulation time 341.000,900,000 s)
2024-06-03 19:54:39,052 INFO  - Recieve a message from other vehicle (at simulation time 341.001,300,000 s)
2024-06-03 19:54:39,052 INFO  - My position is not better! (at simulation time 341.001,300,000 s)
2024-06-03 19:54:39,053 INFO  - Recieve a message from other vehicle (at simulation time 341.001,800,000 s)
2024-06-03 19:54:39,053 INFO  - My position is not better! (at simulation time 341.001,800,000 s)
2024-06-03 19:54:39,053 INFO  - Recieve a message from other vehicle (at simulation time 341.001,800,000 s)
2024-06-03 19:54:39,053 INFO  - My position is not better! (at simulation time 341.001,800,000 s)
2024-06-03 19:54:39,053 INFO  - Recieve a message from other vehicle (at simulation time 341.002,300,000 s)
2024-06-03 19:54:39,053 INFO  - My position is not better! (at simulation time 341.002,300,000 s)
2024-06-03 19:54:39,053 INFO  - Recieve a message from other vehicle (at simulation time 341.002,300,000 s)
2024-06-03 19:54:39,053 INFO  - My position is not better! (at simulation time 341.002,300,000 s)
2024-06-03 19:54:39,053 INFO  - Recieve a message from other vehicle (at simulation time 341.002,400,000 s)
2024-06-03 19:54:39,053 INFO  - My position is not better! (at simulation time 341.002,400,000 s)
2024-06-03 19:54:39,053 INFO  - Recieve a message from other vehicle (at simulation time 341.002,400,000 s)
2024-06-03 19:54:39,053 INFO  - My position is not better! (at simulation time 341.002,400,000 s)
2024-06-03 19:54:39,053 INFO  - Recieve a message from other vehicle (at simulation time 341.002,800,000 s)
2024-06-03 19:54:39,053 INFO  - My position is not better! (at simulation time 341.002,800,000 s)
2024-06-03 19:54:39,053 INFO  - Recieve a message from other vehicle (at simulation time 341.003,800,000 s)
2024-06-03 19:54:39,053 INFO  - My position is not better! (at simulation time 341.003,800,000 s)
2024-06-03 19:54:39,055 INFO  - Called #onVehicleUpdated (at simulation time 342.000,000,000 s)
2024-06-03 19:54:39,055 INFO  - Sending out AdHoc broadcast (at simulation time 342.000,000,000 s)
2024-06-03 19:54:39,055 INFO  - Sending out AdHoc broadcast (at simulation time 342.000,000,000 s)
2024-06-03 19:54:39,055 INFO  - Sending out AdHoc broadcast (at simulation time 342.000,000,000 s)
2024-06-03 19:54:39,055 INFO  - Recieve a message from other vehicle (at simulation time 342.001,300,000 s)
2024-06-03 19:54:39,055 INFO  - My position is not better! (at simulation time 342.001,300,000 s)
2024-06-03 19:54:39,055 INFO  - Recieve a message from other vehicle (at simulation time 342.001,400,000 s)
2024-06-03 19:54:39,055 INFO  - My position is not better! (at simulation time 342.001,400,000 s)
2024-06-03 19:54:39,055 INFO  - Recieve a message from other vehicle (at simulation time 342.001,400,000 s)
2024-06-03 19:54:39,055 INFO  - My position is not better! (at simulation time 342.001,400,000 s)
2024-06-03 19:54:39,056 INFO  - Recieve a message from other vehicle (at simulation time 342.001,400,000 s)
2024-06-03 19:54:39,056 INFO  - My position is not better! (at simulation time 342.001,400,000 s)
2024-06-03 19:54:39,056 INFO  - Recieve a message from other vehicle (at simulation time 342.001,900,000 s)
2024-06-03 19:54:39,056 INFO  - My position is not better! (at simulation time 342.001,900,000 s)
2024-06-03 19:54:39,056 INFO  - Recieve a message from other vehicle (at simulation time 342.001,900,000 s)
2024-06-03 19:54:39,056 INFO  - My position is not better! (at simulation time 342.001,900,000 s)
2024-06-03 19:54:39,056 INFO  - Recieve a message from other vehicle (at simulation time 342.002,300,000 s)
2024-06-03 19:54:39,056 INFO  - My position is not better! (at simulation time 342.002,300,000 s)
2024-06-03 19:54:39,056 INFO  - Recieve a message from other vehicle (at simulation time 342.002,300,000 s)
2024-06-03 19:54:39,056 INFO  - My position is not better! (at simulation time 342.002,300,000 s)
2024-06-03 19:54:39,056 INFO  - Recieve a message from other vehicle (at simulation time 342.002,300,000 s)
2024-06-03 19:54:39,056 INFO  - My position is not better! (at simulation time 342.002,300,000 s)
2024-06-03 19:54:39,056 INFO  - Recieve a message from other vehicle (at simulation time 342.002,400,000 s)
2024-06-03 19:54:39,056 INFO  - My position is not better! (at simulation time 342.002,400,000 s)
2024-06-03 19:54:39,056 INFO  - Recieve a message from other vehicle (at simulation time 342.003,300,000 s)
2024-06-03 19:54:39,056 INFO  - My position is not better! (at simulation time 342.003,300,000 s)
2024-06-03 19:54:39,056 INFO  - Recieve a message from other vehicle (at simulation time 342.003,800,000 s)
2024-06-03 19:54:39,056 INFO  - My position is not better! (at simulation time 342.003,800,000 s)
2024-06-03 19:54:39,057 INFO  - Called #onVehicleUpdated (at simulation time 343.000,000,000 s)
2024-06-03 19:54:39,057 INFO  - Sending out AdHoc broadcast (at simulation time 343.000,000,000 s)
2024-06-03 19:54:39,057 INFO  - Sending out AdHoc broadcast (at simulation time 343.000,000,000 s)
2024-06-03 19:54:39,057 INFO  - Sending out AdHoc broadcast (at simulation time 343.000,000,000 s)
2024-06-03 19:54:39,057 INFO  - Sending out AdHoc broadcast (at simulation time 343.000,000,000 s)
2024-06-03 19:54:39,058 INFO  - Recieve a message from other vehicle (at simulation time 343.000,400,000 s)
2024-06-03 19:54:39,058 INFO  - My position is not better! (at simulation time 343.000,400,000 s)
2024-06-03 19:54:39,058 INFO  - Recieve a message from other vehicle (at simulation time 343.000,400,000 s)
2024-06-03 19:54:39,058 INFO  - My position is not better! (at simulation time 343.000,400,000 s)
2024-06-03 19:54:39,058 INFO  - Recieve a message from other vehicle (at simulation time 343.000,400,000 s)
2024-06-03 19:54:39,058 INFO  - My position is not better! (at simulation time 343.000,400,000 s)
2024-06-03 19:54:39,058 INFO  - Recieve a message from other vehicle (at simulation time 343.001,300,000 s)
2024-06-03 19:54:39,058 INFO  - My position is not better! (at simulation time 343.001,300,000 s)
2024-06-03 19:54:39,058 INFO  - Recieve a message from other vehicle (at simulation time 343.001,300,000 s)
2024-06-03 19:54:39,058 INFO  - My position is not better! (at simulation time 343.001,300,000 s)
2024-06-03 19:54:39,058 INFO  - Recieve a message from other vehicle (at simulation time 343.001,900,000 s)
2024-06-03 19:54:39,058 INFO  - My position is not better! (at simulation time 343.001,900,000 s)
2024-06-03 19:54:39,058 INFO  - Recieve a message from other vehicle (at simulation time 343.002,300,000 s)
2024-06-03 19:54:39,058 INFO  - My position is not better! (at simulation time 343.002,300,000 s)
2024-06-03 19:54:39,058 INFO  - Recieve a message from other vehicle (at simulation time 343.003,800,000 s)
2024-06-03 19:54:39,058 INFO  - My position is not better! (at simulation time 343.003,800,000 s)
2024-06-03 19:54:39,059 INFO  - Called #onVehicleUpdated (at simulation time 344.000,000,000 s)
2024-06-03 19:54:39,060 INFO  - Sending out AdHoc broadcast (at simulation time 344.000,000,000 s)
2024-06-03 19:54:39,060 INFO  - Sending out AdHoc broadcast (at simulation time 344.000,000,000 s)
2024-06-03 19:54:39,060 INFO  - Sending out AdHoc broadcast (at simulation time 344.000,000,000 s)
2024-06-03 19:54:39,060 INFO  - Recieve a message from other vehicle (at simulation time 344.000,400,000 s)
2024-06-03 19:54:39,060 INFO  - My position is not better! (at simulation time 344.000,400,000 s)
2024-06-03 19:54:39,060 INFO  - Recieve a message from other vehicle (at simulation time 344.001,400,000 s)
2024-06-03 19:54:39,060 INFO  - My position is not better! (at simulation time 344.001,400,000 s)
2024-06-03 19:54:39,060 INFO  - Recieve a message from other vehicle (at simulation time 344.001,800,000 s)
2024-06-03 19:54:39,060 INFO  - My position is not better! (at simulation time 344.001,800,000 s)
2024-06-03 19:54:39,060 INFO  - Recieve a message from other vehicle (at simulation time 344.002,300,000 s)
2024-06-03 19:54:39,060 INFO  - My position is not better! (at simulation time 344.002,300,000 s)
2024-06-03 19:54:39,061 INFO  - Recieve a message from other vehicle (at simulation time 344.002,400,000 s)
2024-06-03 19:54:39,061 INFO  - My position is not better! (at simulation time 344.002,400,000 s)
2024-06-03 19:54:39,061 INFO  - Recieve a message from other vehicle (at simulation time 344.003,800,000 s)
2024-06-03 19:54:39,061 INFO  - My position is not better! (at simulation time 344.003,800,000 s)
2024-06-03 19:54:39,061 INFO  - Recieve a message from other vehicle (at simulation time 344.003,800,000 s)
2024-06-03 19:54:39,061 INFO  - My position is not better! (at simulation time 344.003,800,000 s)
2024-06-03 19:54:39,063 INFO  - Called #onVehicleUpdated (at simulation time 345.000,000,000 s)
2024-06-03 19:54:39,064 INFO  - Sending out AdHoc broadcast (at simulation time 345.000,000,000 s)
2024-06-03 19:54:39,064 INFO  - Sending out AdHoc broadcast (at simulation time 345.000,000,000 s)
2024-06-03 19:54:39,064 INFO  - Sending out AdHoc broadcast (at simulation time 345.000,000,000 s)
2024-06-03 19:54:39,064 INFO  - Sending out AdHoc broadcast (at simulation time 345.000,000,000 s)
2024-06-03 19:54:39,066 INFO  - Called #onVehicleUpdated (at simulation time 346.000,000,000 s)
2024-06-03 19:54:39,066 INFO  - Sending out AdHoc broadcast (at simulation time 346.000,000,000 s)
2024-06-03 19:54:39,066 INFO  - Sending out AdHoc broadcast (at simulation time 346.000,000,000 s)
2024-06-03 19:54:39,066 INFO  - Sending out AdHoc broadcast (at simulation time 346.000,000,000 s)
2024-06-03 19:54:39,067 INFO  - Called #onVehicleUpdated (at simulation time 347.000,000,000 s)
2024-06-03 19:54:39,067 INFO  - Sending out AdHoc broadcast (at simulation time 347.000,000,000 s)
2024-06-03 19:54:39,068 INFO  - Sending out AdHoc broadcast (at simulation time 347.000,000,000 s)
2024-06-03 19:54:39,068 INFO  - Sending out AdHoc broadcast (at simulation time 347.000,000,000 s)
2024-06-03 19:54:39,068 INFO  - Sending out AdHoc broadcast (at simulation time 347.000,000,000 s)
2024-06-03 19:54:39,070 INFO  - Called #onVehicleUpdated (at simulation time 348.000,000,000 s)
2024-06-03 19:54:39,070 INFO  - Sending out AdHoc broadcast (at simulation time 348.000,000,000 s)
2024-06-03 19:54:39,070 INFO  - Sending out AdHoc broadcast (at simulation time 348.000,000,000 s)
2024-06-03 19:54:39,070 INFO  - Sending out AdHoc broadcast (at simulation time 348.000,000,000 s)
2024-06-03 19:54:39,071 INFO  - Called #onVehicleUpdated (at simulation time 349.000,000,000 s)
2024-06-03 19:54:39,071 INFO  - Sending out AdHoc broadcast (at simulation time 349.000,000,000 s)
2024-06-03 19:54:39,071 INFO  - Sending out AdHoc broadcast (at simulation time 349.000,000,000 s)
2024-06-03 19:54:39,072 INFO  - Sending out AdHoc broadcast (at simulation time 349.000,000,000 s)
2024-06-03 19:54:39,072 INFO  - Sending out AdHoc broadcast (at simulation time 349.000,000,000 s)
2024-06-03 19:54:39,073 INFO  - Called #onVehicleUpdated (at simulation time 350.000,000,000 s)
2024-06-03 19:54:39,074 INFO  - Sending out AdHoc broadcast (at simulation time 350.000,000,000 s)
2024-06-03 19:54:39,074 INFO  - Sending out AdHoc broadcast (at simulation time 350.000,000,000 s)
2024-06-03 19:54:39,074 INFO  - Sending out AdHoc broadcast (at simulation time 350.000,000,000 s)
2024-06-03 19:54:39,075 INFO  - Called #onVehicleUpdated (at simulation time 351.000,000,000 s)
2024-06-03 19:54:39,075 INFO  - Exced velocity! Sending new CAM (at simulation time 351.000,000,000 s)
2024-06-03 19:54:39,075 INFO  - Sending out AdHoc broadcast (at simulation time 351.000,000,000 s)
2024-06-03 19:54:39,075 INFO  - Sending out AdHoc broadcast (at simulation time 351.000,000,000 s)
2024-06-03 19:54:39,075 INFO  - Sending out AdHoc broadcast (at simulation time 351.000,000,000 s)
2024-06-03 19:54:39,075 INFO  - Sending out AdHoc broadcast (at simulation time 351.000,000,000 s)
2024-06-03 19:54:39,075 INFO  - Sending out AdHoc broadcast (at simulation time 351.000,000,000 s)
2024-06-03 19:54:39,076 INFO  - Shutdown (at simulation time 352.000,000,000 s)
