2024-06-03 18:13:26,947 INFO  - Initialize Vehicle application (at simulation time 42.000,000,000 s)
2024-06-03 18:13:26,948 INFO  - Activated WLAN Module (at simulation time 42.000,000,000 s)
2024-06-03 18:13:26,948 INFO  - Called #onVehicleUpdated (at simulation time 42.000,000,000 s)
2024-06-03 18:13:26,948 INFO  - Exced velocity! Sending new CAM (at simulation time 42.000,000,000 s)
2024-06-03 18:13:26,948 INFO  - Sending out AdHoc broadcast (at simulation time 42.000,000,000 s)
2024-06-03 18:13:26,952 INFO  - Called #onVehicleUpdated (at simulation time 43.000,000,000 s)
2024-06-03 18:13:26,952 INFO  - Exced velocity! Sending new CAM (at simulation time 43.000,000,000 s)
2024-06-03 18:13:26,952 INFO  - Sending out AdHoc broadcast (at simulation time 43.000,000,000 s)
2024-06-03 18:13:26,953 INFO  - Define the name: veh_11 and route: r_5 (at simulation time 43.000,000,000 s)
2024-06-03 18:13:26,953 INFO  - Sending out AdHoc broadcast (at simulation time 43.000,000,000 s)
2024-06-03 18:13:26,956 INFO  - Called #onVehicleUpdated (at simulation time 44.000,000,000 s)
2024-06-03 18:13:26,956 INFO  - Exced velocity! Sending new CAM (at simulation time 44.000,000,000 s)
2024-06-03 18:13:26,956 INFO  - Sending out AdHoc broadcast (at simulation time 44.000,000,000 s)
2024-06-03 18:13:26,956 INFO  - Sending out AdHoc broadcast (at simulation time 44.000,000,000 s)
2024-06-03 18:13:26,960 INFO  - Called #onVehicleUpdated (at simulation time 45.000,000,000 s)
2024-06-03 18:13:26,960 INFO  - Exced velocity! Sending new CAM (at simulation time 45.000,000,000 s)
2024-06-03 18:13:26,960 INFO  - Sending out AdHoc broadcast (at simulation time 45.000,000,000 s)
2024-06-03 18:13:26,960 INFO  - Sending out AdHoc broadcast (at simulation time 45.000,000,000 s)
2024-06-03 18:13:26,961 INFO  - Sending out AdHoc broadcast (at simulation time 45.000,000,000 s)
2024-06-03 18:13:26,963 INFO  - Called #onVehicleUpdated (at simulation time 46.000,000,000 s)
2024-06-03 18:13:26,963 INFO  - Exced velocity! Sending new CAM (at simulation time 46.000,000,000 s)
2024-06-03 18:13:26,963 INFO  - Sending out AdHoc broadcast (at simulation time 46.000,000,000 s)
2024-06-03 18:13:26,963 INFO  - Sending out AdHoc broadcast (at simulation time 46.000,000,000 s)
2024-06-03 18:13:26,963 INFO  - Sending out AdHoc broadcast (at simulation time 46.000,000,000 s)
2024-06-03 18:13:26,966 INFO  - Called #onVehicleUpdated (at simulation time 47.000,000,000 s)
2024-06-03 18:13:26,966 INFO  - Exced velocity! Sending new CAM (at simulation time 47.000,000,000 s)
2024-06-03 18:13:26,966 INFO  - Sending out AdHoc broadcast (at simulation time 47.000,000,000 s)
2024-06-03 18:13:26,966 INFO  - Sending out AdHoc broadcast (at simulation time 47.000,000,000 s)
2024-06-03 18:13:26,966 INFO  - Sending out AdHoc broadcast (at simulation time 47.000,000,000 s)
2024-06-03 18:13:26,966 INFO  - Sending out AdHoc broadcast (at simulation time 47.000,000,000 s)
2024-06-03 18:13:26,968 INFO  - Recieve a message from other vehicle (at simulation time 47.002,300,000 s)
2024-06-03 18:13:26,968 INFO  - My position is not better! (at simulation time 47.002,300,000 s)
2024-06-03 18:13:26,968 INFO  - Recieve a message from other vehicle (at simulation time 47.002,300,000 s)
2024-06-03 18:13:26,968 INFO  - My position is not better! (at simulation time 47.002,300,000 s)
2024-06-03 18:13:26,968 INFO  - Recieve a message from other vehicle (at simulation time 47.002,300,000 s)
2024-06-03 18:13:26,968 INFO  - My position is not better! (at simulation time 47.002,300,000 s)
2024-06-03 18:13:26,968 INFO  - Recieve a message from other vehicle (at simulation time 47.002,800,000 s)
2024-06-03 18:13:26,968 INFO  - My position is not better! (at simulation time 47.002,800,000 s)
2024-06-03 18:13:26,968 INFO  - Recieve a message from other vehicle (at simulation time 47.003,300,000 s)
2024-06-03 18:13:26,968 INFO  - My position is not better! (at simulation time 47.003,300,000 s)
2024-06-03 18:13:26,968 INFO  - Recieve a message from other vehicle (at simulation time 47.003,800,000 s)
2024-06-03 18:13:26,968 INFO  - My position is not better! (at simulation time 47.003,800,000 s)
2024-06-03 18:13:26,968 INFO  - Recieve a message from other vehicle (at simulation time 47.003,800,000 s)
2024-06-03 18:13:26,968 INFO  - My position is not better! (at simulation time 47.003,800,000 s)
2024-06-03 18:13:26,968 INFO  - Recieve a message from other vehicle (at simulation time 47.004,800,000 s)
2024-06-03 18:13:26,968 INFO  - My position is not better! (at simulation time 47.004,800,000 s)
2024-06-03 18:13:26,970 INFO  - Called #onVehicleUpdated (at simulation time 48.000,000,000 s)
2024-06-03 18:13:26,970 INFO  - Sending out AdHoc broadcast (at simulation time 48.000,000,000 s)
2024-06-03 18:13:26,970 INFO  - Sending out AdHoc broadcast (at simulation time 48.000,000,000 s)
2024-06-03 18:13:26,970 INFO  - Sending out AdHoc broadcast (at simulation time 48.000,000,000 s)
2024-06-03 18:13:26,971 INFO  - Recieve a message from other vehicle (at simulation time 48.000,800,000 s)
2024-06-03 18:13:26,971 INFO  - My position is not better! (at simulation time 48.000,800,000 s)
2024-06-03 18:13:26,971 INFO  - Recieve a message from other vehicle (at simulation time 48.000,800,000 s)
2024-06-03 18:13:26,971 INFO  - I'm in better position but no more hops in message (at simulation time 48.000,800,000 s)
2024-06-03 18:13:26,972 INFO  - Recieve a message from other vehicle (at simulation time 48.000,900,000 s)
2024-06-03 18:13:26,972 INFO  - I'm in better position but no more hops in message (at simulation time 48.000,900,000 s)
2024-06-03 18:13:26,972 INFO  - Recieve a message from other vehicle (at simulation time 48.000,900,000 s)
2024-06-03 18:13:26,972 INFO  - My position is not better! (at simulation time 48.000,900,000 s)
2024-06-03 18:13:26,972 INFO  - Recieve a message from other vehicle (at simulation time 48.001,400,000 s)
2024-06-03 18:13:26,972 INFO  - My position is not better! (at simulation time 48.001,400,000 s)
2024-06-03 18:13:26,972 INFO  - Recieve a message from other vehicle (at simulation time 48.001,400,000 s)
2024-06-03 18:13:26,972 INFO  - My position is not better! (at simulation time 48.001,400,000 s)
2024-06-03 18:13:26,972 INFO  - Recieve a message from other vehicle (at simulation time 48.001,400,000 s)
2024-06-03 18:13:26,972 INFO  - My position is not better! (at simulation time 48.001,400,000 s)
2024-06-03 18:13:26,973 INFO  - Recieve a message from other vehicle (at simulation time 48.001,800,000 s)
2024-06-03 18:13:26,973 INFO  - I'm in better position but no more hops in message (at simulation time 48.001,800,000 s)
2024-06-03 18:13:26,973 INFO  - Recieve a message from other vehicle (at simulation time 48.001,800,000 s)
2024-06-03 18:13:26,973 INFO  - My position is not better! (at simulation time 48.001,800,000 s)
2024-06-03 18:13:26,973 INFO  - Recieve a message from other vehicle (at simulation time 48.002,300,000 s)
2024-06-03 18:13:26,973 INFO  - I'm in better position but no more hops in message (at simulation time 48.002,300,000 s)
2024-06-03 18:13:26,973 INFO  - Recieve a message from other vehicle (at simulation time 48.002,300,000 s)
2024-06-03 18:13:26,973 INFO  - My position is not better! (at simulation time 48.002,300,000 s)
2024-06-03 18:13:26,974 INFO  - Recieve a message from other vehicle (at simulation time 48.002,400,000 s)
2024-06-03 18:13:26,974 INFO  - I'm in better position but no more hops in message (at simulation time 48.002,400,000 s)
2024-06-03 18:13:26,974 INFO  - Recieve a message from other vehicle (at simulation time 48.002,400,000 s)
2024-06-03 18:13:26,974 INFO  - I'm in better position but no more hops in message (at simulation time 48.002,400,000 s)
2024-06-03 18:13:26,974 INFO  - Recieve a message from other vehicle (at simulation time 48.002,400,000 s)
2024-06-03 18:13:26,974 INFO  - My position is not better! (at simulation time 48.002,400,000 s)
2024-06-03 18:13:26,974 INFO  - Recieve a message from other vehicle (at simulation time 48.002,400,000 s)
2024-06-03 18:13:26,974 INFO  - My position is not better! (at simulation time 48.002,400,000 s)
2024-06-03 18:13:26,974 INFO  - Recieve a message from other vehicle (at simulation time 48.002,800,000 s)
2024-06-03 18:13:26,974 INFO  - I'm in better position but no more hops in message (at simulation time 48.002,800,000 s)
2024-06-03 18:13:26,974 INFO  - Recieve a message from other vehicle (at simulation time 48.003,300,000 s)
2024-06-03 18:13:26,974 INFO  - My position is not better! (at simulation time 48.003,300,000 s)
2024-06-03 18:13:26,974 INFO  - Recieve a message from other vehicle (at simulation time 48.003,300,000 s)
2024-06-03 18:13:26,974 INFO  - My position is not better! (at simulation time 48.003,300,000 s)
2024-06-03 18:13:26,974 INFO  - Recieve a message from other vehicle (at simulation time 48.003,300,000 s)
2024-06-03 18:13:26,974 INFO  - My position is not better! (at simulation time 48.003,300,000 s)
2024-06-03 18:13:26,974 INFO  - Recieve a message from other vehicle (at simulation time 48.003,800,000 s)
2024-06-03 18:13:26,974 INFO  - I'm in better position but no more hops in message (at simulation time 48.003,800,000 s)
2024-06-03 18:13:26,975 INFO  - Recieve a message from other vehicle (at simulation time 48.004,300,000 s)
2024-06-03 18:13:26,975 INFO  - I'm in better position but no more hops in message (at simulation time 48.004,300,000 s)
2024-06-03 18:13:26,977 INFO  - Called #onVehicleUpdated (at simulation time 49.000,000,000 s)
2024-06-03 18:13:26,977 INFO  - Sending out AdHoc broadcast (at simulation time 49.000,000,000 s)
2024-06-03 18:13:26,977 INFO  - Sending out AdHoc broadcast (at simulation time 49.000,000,000 s)
2024-06-03 18:13:26,977 INFO  - Sending out AdHoc broadcast (at simulation time 49.000,000,000 s)
2024-06-03 18:13:26,977 INFO  - Sending out AdHoc broadcast (at simulation time 49.000,000,000 s)
2024-06-03 18:13:26,978 INFO  - Recieve a message from other vehicle (at simulation time 49.000,400,000 s)
2024-06-03 18:13:26,978 INFO  - Recending a message from other vehicle (at simulation time 49.000,400,000 s)
2024-06-03 18:13:26,979 INFO  - Recieve a message from other vehicle (at simulation time 49.000,400,000 s)
2024-06-03 18:13:26,979 INFO  - Recending a message from other vehicle (at simulation time 49.000,400,000 s)
2024-06-03 18:13:26,979 INFO  - Recieve a message from other vehicle (at simulation time 49.000,800,000 s)
2024-06-03 18:13:26,979 INFO  - I'm in better position but no more hops in message (at simulation time 49.000,800,000 s)
2024-06-03 18:13:26,979 INFO  - Recieve a message from other vehicle (at simulation time 49.000,800,000 s)
2024-06-03 18:13:26,979 INFO  - I'm in better position but no more hops in message (at simulation time 49.000,800,000 s)
2024-06-03 18:13:26,979 INFO  - Recieve a message from other vehicle (at simulation time 49.000,800,000 s)
2024-06-03 18:13:26,979 INFO  - I'm in better position but no more hops in message (at simulation time 49.000,800,000 s)
2024-06-03 18:13:26,979 INFO  - Recieve a message from other vehicle (at simulation time 49.000,800,000 s)
2024-06-03 18:13:26,979 INFO  - My position is not better! (at simulation time 49.000,800,000 s)
2024-06-03 18:13:26,979 INFO  - Recieve a message from other vehicle (at simulation time 49.000,800,000 s)
2024-06-03 18:13:26,979 INFO  - I'm in better position but no more hops in message (at simulation time 49.000,800,000 s)
2024-06-03 18:13:26,980 INFO  - Recieve a message from other vehicle (at simulation time 49.000,900,000 s)
2024-06-03 18:13:26,980 INFO  - I'm in better position but no more hops in message (at simulation time 49.000,900,000 s)
2024-06-03 18:13:26,980 INFO  - Recieve a message from other vehicle (at simulation time 49.001,400,000 s)
2024-06-03 18:13:26,980 INFO  - I'm in better position but no more hops in message (at simulation time 49.001,400,000 s)
2024-06-03 18:13:26,981 INFO  - Recieve a message from other vehicle (at simulation time 49.001,800,000 s)
2024-06-03 18:13:26,981 INFO  - My position is not better! (at simulation time 49.001,800,000 s)
2024-06-03 18:13:26,981 INFO  - Recieve a message from other vehicle (at simulation time 49.001,800,000 s)
2024-06-03 18:13:26,981 INFO  - I'm in better position but no more hops in message (at simulation time 49.001,800,000 s)
2024-06-03 18:13:26,982 INFO  - Recieve a message from other vehicle (at simulation time 49.001,800,000 s)
2024-06-03 18:13:26,982 INFO  - My position is not better! (at simulation time 49.001,800,000 s)
2024-06-03 18:13:26,982 INFO  - Recieve a message from other vehicle (at simulation time 49.001,900,000 s)
2024-06-03 18:13:26,982 INFO  - I'm in better position but no more hops in message (at simulation time 49.001,900,000 s)
2024-06-03 18:13:26,982 INFO  - Recieve a message from other vehicle (at simulation time 49.001,900,000 s)
2024-06-03 18:13:26,982 INFO  - I'm in better position but no more hops in message (at simulation time 49.001,900,000 s)
2024-06-03 18:13:26,982 INFO  - Recieve a message from other vehicle (at simulation time 49.002,300,000 s)
2024-06-03 18:13:26,982 INFO  - I'm in better position but no more hops in message (at simulation time 49.002,300,000 s)
2024-06-03 18:13:26,982 INFO  - Recieve a message from other vehicle (at simulation time 49.002,300,000 s)
2024-06-03 18:13:26,982 INFO  - I'm in better position but no more hops in message (at simulation time 49.002,300,000 s)
2024-06-03 18:13:26,982 INFO  - Recieve a message from other vehicle (at simulation time 49.002,400,000 s)
2024-06-03 18:13:26,982 INFO  - I'm in better position but no more hops in message (at simulation time 49.002,400,000 s)
2024-06-03 18:13:26,982 INFO  - Recieve a message from other vehicle (at simulation time 49.002,400,000 s)
2024-06-03 18:13:26,982 INFO  - I'm in better position but no more hops in message (at simulation time 49.002,400,000 s)
2024-06-03 18:13:26,983 INFO  - Recieve a message from other vehicle (at simulation time 49.002,400,000 s)
2024-06-03 18:13:26,983 INFO  - I'm in better position but no more hops in message (at simulation time 49.002,400,000 s)
2024-06-03 18:13:26,983 INFO  - Recieve a message from other vehicle (at simulation time 49.002,400,000 s)
2024-06-03 18:13:26,983 INFO  - I'm in better position but no more hops in message (at simulation time 49.002,400,000 s)
2024-06-03 18:13:26,983 INFO  - Recieve a message from other vehicle (at simulation time 49.002,400,000 s)
2024-06-03 18:13:26,983 INFO  - My position is not better! (at simulation time 49.002,400,000 s)
2024-06-03 18:13:26,983 INFO  - Recieve a message from other vehicle (at simulation time 49.002,400,000 s)
2024-06-03 18:13:26,983 INFO  - My position is not better! (at simulation time 49.002,400,000 s)
2024-06-03 18:13:26,983 INFO  - Recieve a message from other vehicle (at simulation time 49.002,800,000 s)
2024-06-03 18:13:26,983 INFO  - I'm in better position but no more hops in message (at simulation time 49.002,800,000 s)
2024-06-03 18:13:26,983 INFO  - Recieve a message from other vehicle (at simulation time 49.002,800,000 s)
2024-06-03 18:13:26,983 INFO  - My position is not better! (at simulation time 49.002,800,000 s)
2024-06-03 18:13:26,983 INFO  - Recieve a message from RSU (at simulation time 49.615,716,978 s)
2024-06-03 18:13:26,984 INFO  - RSU Stopped me!!! (at simulation time 49.615,716,978 s)
2024-06-03 18:13:26,984 INFO  - Recieve a message from RSU (at simulation time 49.640,248,039 s)
2024-06-03 18:13:26,986 INFO  - Called #onVehicleUpdated (at simulation time 50.000,000,000 s)
2024-06-03 18:13:26,986 INFO  - Sending out AdHoc broadcast (at simulation time 50.000,000,000 s)
2024-06-03 18:13:26,986 INFO  - Sending out AdHoc broadcast (at simulation time 50.000,000,000 s)
2024-06-03 18:13:26,986 INFO  - Sending out AdHoc broadcast (at simulation time 50.000,000,000 s)
2024-06-03 18:13:26,987 INFO  - Recieve a message from other vehicle (at simulation time 50.000,400,000 s)
2024-06-03 18:13:26,987 INFO  - I'm in better position but no more hops in message (at simulation time 50.000,400,000 s)
2024-06-03 18:13:26,987 INFO  - Recieve a message from other vehicle (at simulation time 50.000,400,000 s)
2024-06-03 18:13:26,987 INFO  - My position is not better! (at simulation time 50.000,400,000 s)
2024-06-03 18:13:26,987 INFO  - Recieve a message from other vehicle (at simulation time 50.000,400,000 s)
2024-06-03 18:13:26,987 INFO  - Recending a message from other vehicle (at simulation time 50.000,400,000 s)
2024-06-03 18:13:26,987 INFO  - Recieve a message from other vehicle (at simulation time 50.000,800,000 s)
2024-06-03 18:13:26,987 INFO  - I'm in better position but no more hops in message (at simulation time 50.000,800,000 s)
2024-06-03 18:13:26,988 INFO  - Recieve a message from other vehicle (at simulation time 50.000,900,000 s)
2024-06-03 18:13:26,988 INFO  - I'm in better position but no more hops in message (at simulation time 50.000,900,000 s)
2024-06-03 18:13:26,989 INFO  - Recieve a message from other vehicle (at simulation time 50.001,300,000 s)
2024-06-03 18:13:26,989 INFO  - I'm in better position but no more hops in message (at simulation time 50.001,300,000 s)
2024-06-03 18:13:26,989 INFO  - Recieve a message from other vehicle (at simulation time 50.001,400,000 s)
2024-06-03 18:13:26,989 INFO  - I'm in better position but no more hops in message (at simulation time 50.001,400,000 s)
2024-06-03 18:13:26,989 INFO  - Recieve a message from other vehicle (at simulation time 50.001,400,000 s)
2024-06-03 18:13:26,989 INFO  - My position is not better! (at simulation time 50.001,400,000 s)
2024-06-03 18:13:26,989 INFO  - Recieve a message from other vehicle (at simulation time 50.001,400,000 s)
2024-06-03 18:13:26,989 INFO  - My position is not better! (at simulation time 50.001,400,000 s)
2024-06-03 18:13:26,989 INFO  - Recieve a message from other vehicle (at simulation time 50.001,900,000 s)
2024-06-03 18:13:26,989 INFO  - I'm in better position but no more hops in message (at simulation time 50.001,900,000 s)
2024-06-03 18:13:26,989 INFO  - Recieve a message from other vehicle (at simulation time 50.001,900,000 s)
2024-06-03 18:13:26,989 INFO  - I'm in better position but no more hops in message (at simulation time 50.001,900,000 s)
2024-06-03 18:13:26,990 INFO  - Recieve a message from other vehicle (at simulation time 50.002,400,000 s)
2024-06-03 18:13:26,990 INFO  - I'm in better position but no more hops in message (at simulation time 50.002,400,000 s)
2024-06-03 18:13:26,990 INFO  - Recieve a message from other vehicle (at simulation time 50.002,400,000 s)
2024-06-03 18:13:26,990 INFO  - I'm in better position but no more hops in message (at simulation time 50.002,400,000 s)
2024-06-03 18:13:26,990 INFO  - Recieve a message from other vehicle (at simulation time 50.002,400,000 s)
2024-06-03 18:13:26,990 INFO  - I'm in better position but no more hops in message (at simulation time 50.002,400,000 s)
2024-06-03 18:13:26,990 INFO  - Recieve a message from RSU (at simulation time 50.317,513,152 s)
2024-06-03 18:13:26,991 INFO  - Recieve a message from RSU (at simulation time 50.351,864,571 s)
2024-06-03 18:13:26,992 INFO  - Called #onVehicleUpdated (at simulation time 51.000,000,000 s)
2024-06-03 18:13:26,992 INFO  - Sending out DENM broadcast (at simulation time 51.000,000,000 s)
2024-06-03 18:13:26,992 INFO  - Sending out AdHoc broadcast (at simulation time 51.000,000,000 s)
2024-06-03 18:13:26,992 INFO  - Sending out AdHoc broadcast (at simulation time 51.000,000,000 s)
2024-06-03 18:13:26,992 INFO  - Sending out AdHoc broadcast (at simulation time 51.000,000,000 s)
2024-06-03 18:13:26,993 INFO  - Sending out AdHoc broadcast (at simulation time 51.000,000,000 s)
2024-06-03 18:13:26,994 INFO  - Recieve a message from other vehicle (at simulation time 51.000,400,000 s)
2024-06-03 18:13:26,994 INFO  - I'm in better position but no more hops in message (at simulation time 51.000,400,000 s)
2024-06-03 18:13:26,994 INFO  - Recieve a message from other vehicle (at simulation time 51.000,400,000 s)
2024-06-03 18:13:26,994 INFO  - I'm in better position but no more hops in message (at simulation time 51.000,400,000 s)
2024-06-03 18:13:26,994 INFO  - Recieve a message from other vehicle (at simulation time 51.000,900,000 s)
2024-06-03 18:13:26,994 INFO  - DENM message Recived from veh_6 -info : seco (at simulation time 51.000,900,000 s)
2024-06-03 18:13:26,994 INFO  - No more hops in DENM message (at simulation time 51.000,900,000 s)
2024-06-03 18:13:26,995 INFO  - Recieve a message from other vehicle (at simulation time 51.001,300,000 s)
2024-06-03 18:13:26,995 INFO  - DENM message Recived from veh_6 -info : seco (at simulation time 51.001,300,000 s)
2024-06-03 18:13:26,995 INFO  - No more hops in DENM message (at simulation time 51.001,300,000 s)
2024-06-03 18:13:26,996 INFO  - Recieve a message from other vehicle (at simulation time 51.001,400,000 s)
2024-06-03 18:13:26,996 INFO  - DENM message Recived from veh_9 -info : seco (at simulation time 51.001,400,000 s)
2024-06-03 18:13:26,996 INFO  - No more hops in DENM message (at simulation time 51.001,400,000 s)
2024-06-03 18:13:26,996 INFO  - Recieve a message from other vehicle (at simulation time 51.001,400,000 s)
2024-06-03 18:13:26,996 INFO  - I'm in better position but no more hops in message (at simulation time 51.001,400,000 s)
2024-06-03 18:13:26,996 INFO  - Recieve a message from other vehicle (at simulation time 51.001,400,000 s)
2024-06-03 18:13:26,996 INFO  - I'm in better position but no more hops in message (at simulation time 51.001,400,000 s)
2024-06-03 18:13:26,996 INFO  - Recieve a message from other vehicle (at simulation time 51.001,400,000 s)
2024-06-03 18:13:26,996 INFO  - I'm in better position but no more hops in message (at simulation time 51.001,400,000 s)
2024-06-03 18:13:26,996 INFO  - Recieve a message from other vehicle (at simulation time 51.001,400,000 s)
2024-06-03 18:13:26,996 INFO  - My position is not better! (at simulation time 51.001,400,000 s)
2024-06-03 18:13:26,996 INFO  - Recieve a message from other vehicle (at simulation time 51.001,400,000 s)
2024-06-03 18:13:26,996 INFO  - I'm in better position but no more hops in message (at simulation time 51.001,400,000 s)
2024-06-03 18:13:26,996 INFO  - Recieve a message from other vehicle (at simulation time 51.001,800,000 s)
2024-06-03 18:13:26,996 INFO  - DENM message Recived from veh_11 -info : seco (at simulation time 51.001,800,000 s)
2024-06-03 18:13:26,996 INFO  - No more hops in DENM message (at simulation time 51.001,800,000 s)
2024-06-03 18:13:26,997 INFO  - Recieve a message from other vehicle (at simulation time 51.001,900,000 s)
2024-06-03 18:13:26,997 INFO  - I'm in better position but no more hops in message (at simulation time 51.001,900,000 s)
2024-06-03 18:13:26,997 INFO  - Recieve a message from other vehicle (at simulation time 51.001,900,000 s)
2024-06-03 18:13:26,997 INFO  - My position is not better! (at simulation time 51.001,900,000 s)
2024-06-03 18:13:26,997 INFO  - Recieve a message from other vehicle (at simulation time 51.001,900,000 s)
2024-06-03 18:13:26,997 INFO  - I'm in better position but no more hops in message (at simulation time 51.001,900,000 s)
2024-06-03 18:13:26,998 INFO  - Recieve a message from other vehicle (at simulation time 51.002,400,000 s)
2024-06-03 18:13:26,998 INFO  - DENM message Recived from veh_7 -info : piso-molhado (at simulation time 51.002,400,000 s)
2024-06-03 18:13:26,998 INFO  - I slow down due to road state (at simulation time 51.002,400,000 s)
2024-06-03 18:13:26,998 INFO  - No more hops in DENM message (at simulation time 51.002,400,000 s)
2024-06-03 18:13:26,998 INFO  - Recieve a message from other vehicle (at simulation time 51.002,400,000 s)
2024-06-03 18:13:26,998 INFO  - I'm in better position but no more hops in message (at simulation time 51.002,400,000 s)
2024-06-03 18:13:26,998 INFO  - Recieve a message from other vehicle (at simulation time 51.002,400,000 s)
2024-06-03 18:13:26,998 INFO  - I'm in better position but no more hops in message (at simulation time 51.002,400,000 s)
2024-06-03 18:13:26,999 INFO  - Recieve a message from other vehicle (at simulation time 51.002,800,000 s)
2024-06-03 18:13:26,999 INFO  - DENM message Recived from veh_7 -info : piso-molhado (at simulation time 51.002,800,000 s)
2024-06-03 18:13:26,999 INFO  - I slow down due to road state (at simulation time 51.002,800,000 s)
2024-06-03 18:13:26,999 INFO  - No more hops in DENM message (at simulation time 51.002,800,000 s)
2024-06-03 18:13:26,999 INFO  - Recieve a message from other vehicle (at simulation time 51.003,300,000 s)
2024-06-03 18:13:26,999 INFO  - DENM message Recived from veh_9 -info : seco (at simulation time 51.003,300,000 s)
2024-06-03 18:13:27,009 INFO  - No more hops in DENM message (at simulation time 51.003,300,000 s)
2024-06-03 18:13:27,012 INFO  - Recieve a message from RSU (at simulation time 51.023,526,875 s)
2024-06-03 18:13:27,012 INFO  - Recieve a message from RSU (at simulation time 51.045,930,571 s)
2024-06-03 18:13:27,012 INFO  - Recieve a message from RSU (at simulation time 51.730,934,209 s)
2024-06-03 18:13:27,012 INFO  - Recieve a message from RSU (at simulation time 51.732,349,572 s)
2024-06-03 18:13:27,014 INFO  - Called #onVehicleUpdated (at simulation time 52.000,000,000 s)
2024-06-03 18:13:27,014 INFO  - Sending out AdHoc broadcast (at simulation time 52.000,000,000 s)
2024-06-03 18:13:27,014 INFO  - Sending out AdHoc broadcast (at simulation time 52.000,000,000 s)
2024-06-03 18:13:27,014 INFO  - Sending out AdHoc broadcast (at simulation time 52.000,000,000 s)
2024-06-03 18:13:27,015 INFO  - Recieve a message from other vehicle (at simulation time 52.000,400,000 s)
2024-06-03 18:13:27,015 INFO  - I'm in better position but no more hops in message (at simulation time 52.000,400,000 s)
2024-06-03 18:13:27,015 INFO  - Recieve a message from other vehicle (at simulation time 52.000,400,000 s)
2024-06-03 18:13:27,015 INFO  - My position is not better! (at simulation time 52.000,400,000 s)
2024-06-03 18:13:27,015 INFO  - Recieve a message from other vehicle (at simulation time 52.000,400,000 s)
2024-06-03 18:13:27,015 INFO  - I'm in better position but no more hops in message (at simulation time 52.000,400,000 s)
2024-06-03 18:13:27,015 INFO  - Recieve a message from other vehicle (at simulation time 52.000,800,000 s)
2024-06-03 18:13:27,015 INFO  - DENM message Recived from veh_10 -info : seco (at simulation time 52.000,800,000 s)
2024-06-03 18:13:27,015 INFO  - No more hops in DENM message (at simulation time 52.000,800,000 s)
2024-06-03 18:13:27,015 INFO  - Recieve a message from other vehicle (at simulation time 52.001,300,000 s)
2024-06-03 18:13:27,015 INFO  - DENM message Recived from veh_8 -info : seco (at simulation time 52.001,300,000 s)
2024-06-03 18:13:27,015 INFO  - No more hops in DENM message (at simulation time 52.001,300,000 s)
2024-06-03 18:13:27,015 INFO  - Recieve a message from other vehicle (at simulation time 52.001,400,000 s)
2024-06-03 18:13:27,015 INFO  - I'm in better position but no more hops in message (at simulation time 52.001,400,000 s)
2024-06-03 18:13:27,016 INFO  - Recieve a message from other vehicle (at simulation time 52.001,400,000 s)
2024-06-03 18:13:27,016 INFO  - I'm in better position but no more hops in message (at simulation time 52.001,400,000 s)
2024-06-03 18:13:27,016 INFO  - Recieve a message from other vehicle (at simulation time 52.001,400,000 s)
2024-06-03 18:13:27,016 INFO  - I'm in better position but no more hops in message (at simulation time 52.001,400,000 s)
2024-06-03 18:13:27,016 INFO  - Recieve a message from other vehicle (at simulation time 52.001,400,000 s)
2024-06-03 18:13:27,016 INFO  - My position is not better! (at simulation time 52.001,400,000 s)
2024-06-03 18:13:27,016 INFO  - Recieve a message from other vehicle (at simulation time 52.001,900,000 s)
2024-06-03 18:13:27,016 INFO  - I'm in better position but no more hops in message (at simulation time 52.001,900,000 s)
2024-06-03 18:13:27,016 INFO  - Recieve a message from other vehicle (at simulation time 52.001,900,000 s)
2024-06-03 18:13:27,016 INFO  - I'm in better position but no more hops in message (at simulation time 52.001,900,000 s)
2024-06-03 18:13:27,016 INFO  - Recieve a message from other vehicle (at simulation time 52.001,900,000 s)
2024-06-03 18:13:27,016 INFO  - I'm in better position but no more hops in message (at simulation time 52.001,900,000 s)
2024-06-03 18:13:27,016 INFO  - Recieve a message from other vehicle (at simulation time 52.002,400,000 s)
2024-06-03 18:13:27,016 INFO  - DENM message Recived from veh_8 -info : seco (at simulation time 52.002,400,000 s)
2024-06-03 18:13:27,016 INFO  - No more hops in DENM message (at simulation time 52.002,400,000 s)
2024-06-03 18:13:27,016 INFO  - Recieve a message from other vehicle (at simulation time 52.002,400,000 s)
2024-06-03 18:13:27,016 INFO  - DENM message Recived from veh_10 -info : seco (at simulation time 52.002,400,000 s)
2024-06-03 18:13:27,016 INFO  - No more hops in DENM message (at simulation time 52.002,400,000 s)
2024-06-03 18:13:27,016 INFO  - Recieve a message from other vehicle (at simulation time 52.002,400,000 s)
2024-06-03 18:13:27,016 INFO  - I'm in better position but no more hops in message (at simulation time 52.002,400,000 s)
2024-06-03 18:13:27,016 INFO  - Recieve a message from other vehicle (at simulation time 52.002,400,000 s)
2024-06-03 18:13:27,016 INFO  - My position is not better! (at simulation time 52.002,400,000 s)
2024-06-03 18:13:27,017 INFO  - Recieve a message from RSU (at simulation time 52.432,544,833 s)
2024-06-03 18:13:27,017 INFO  - Recieve a message from RSU (at simulation time 52.443,708,354 s)
2024-06-03 18:13:27,018 INFO  - Called #onVehicleUpdated (at simulation time 53.000,000,000 s)
2024-06-03 18:13:27,018 INFO  - Sending out AdHoc broadcast (at simulation time 53.000,000,000 s)
2024-06-03 18:13:27,018 INFO  - Sending out AdHoc broadcast (at simulation time 53.000,000,000 s)
2024-06-03 18:13:27,018 INFO  - Sending out AdHoc broadcast (at simulation time 53.000,000,000 s)
2024-06-03 18:13:27,018 INFO  - Sending out AdHoc broadcast (at simulation time 53.000,000,000 s)
2024-06-03 18:13:27,019 INFO  - Recieve a message from other vehicle (at simulation time 53.000,400,000 s)
2024-06-03 18:13:27,019 INFO  - I'm in better position but no more hops in message (at simulation time 53.000,400,000 s)
2024-06-03 18:13:27,019 INFO  - Recieve a message from other vehicle (at simulation time 53.000,400,000 s)
2024-06-03 18:13:27,019 INFO  - I'm in better position but no more hops in message (at simulation time 53.000,400,000 s)
2024-06-03 18:13:27,019 INFO  - Recieve a message from other vehicle (at simulation time 53.000,400,000 s)
2024-06-03 18:13:27,019 INFO  - I'm in better position but no more hops in message (at simulation time 53.000,400,000 s)
2024-06-03 18:13:27,019 INFO  - Recieve a message from other vehicle (at simulation time 53.000,400,000 s)
2024-06-03 18:13:27,019 INFO  - I'm in better position but no more hops in message (at simulation time 53.000,400,000 s)
2024-06-03 18:13:27,019 INFO  - Recieve a message from other vehicle (at simulation time 53.000,400,000 s)
2024-06-03 18:13:27,019 INFO  - I'm in better position but no more hops in message (at simulation time 53.000,400,000 s)
2024-06-03 18:13:27,020 INFO  - Recieve a message from other vehicle (at simulation time 53.000,900,000 s)
2024-06-03 18:13:27,020 INFO  - I'm in better position but no more hops in message (at simulation time 53.000,900,000 s)
2024-06-03 18:13:27,020 INFO  - Recieve a message from other vehicle (at simulation time 53.000,900,000 s)
2024-06-03 18:13:27,020 INFO  - My position is not better! (at simulation time 53.000,900,000 s)
2024-06-03 18:13:27,020 INFO  - Recieve a message from other vehicle (at simulation time 53.000,900,000 s)
2024-06-03 18:13:27,020 INFO  - My position is not better! (at simulation time 53.000,900,000 s)
2024-06-03 18:13:27,020 INFO  - Recieve a message from other vehicle (at simulation time 53.000,900,000 s)
2024-06-03 18:13:27,020 INFO  - I'm in better position but no more hops in message (at simulation time 53.000,900,000 s)
2024-06-03 18:13:27,020 INFO  - Recieve a message from other vehicle (at simulation time 53.001,400,000 s)
2024-06-03 18:13:27,020 INFO  - I'm in better position but no more hops in message (at simulation time 53.001,400,000 s)
2024-06-03 18:13:27,020 INFO  - Recieve a message from other vehicle (at simulation time 53.001,400,000 s)
2024-06-03 18:13:27,020 INFO  - I'm in better position but no more hops in message (at simulation time 53.001,400,000 s)
2024-06-03 18:13:27,021 INFO  - Recieve a message from other vehicle (at simulation time 53.002,400,000 s)
2024-06-03 18:13:27,021 INFO  - I'm in better position but no more hops in message (at simulation time 53.002,400,000 s)
2024-06-03 18:13:27,022 INFO  - Recieve a message from RSU (at simulation time 53.118,081,535 s)
2024-06-03 18:13:27,022 INFO  - Recieve a message from RSU (at simulation time 53.153,265,344 s)
2024-06-03 18:13:27,022 INFO  - Recieve a message from RSU (at simulation time 53.829,325,311 s)
2024-06-03 18:13:27,022 INFO  - Recieve a message from RSU (at simulation time 53.839,494,853 s)
2024-06-03 18:13:27,024 INFO  - Called #onVehicleUpdated (at simulation time 54.000,000,000 s)
2024-06-03 18:13:27,024 INFO  - Sending out AdHoc broadcast (at simulation time 54.000,000,000 s)
2024-06-03 18:13:27,024 INFO  - Sending out AdHoc broadcast (at simulation time 54.000,000,000 s)
2024-06-03 18:13:27,024 INFO  - Sending out AdHoc broadcast (at simulation time 54.000,000,000 s)
2024-06-03 18:13:27,025 INFO  - Recieve a message from other vehicle (at simulation time 54.000,400,000 s)
2024-06-03 18:13:27,025 INFO  - My position is not better! (at simulation time 54.000,400,000 s)
2024-06-03 18:13:27,025 INFO  - Recieve a message from other vehicle (at simulation time 54.000,400,000 s)
2024-06-03 18:13:27,025 INFO  - My position is not better! (at simulation time 54.000,400,000 s)
2024-06-03 18:13:27,025 INFO  - Recieve a message from other vehicle (at simulation time 54.000,900,000 s)
2024-06-03 18:13:27,025 INFO  - I'm in better position but no more hops in message (at simulation time 54.000,900,000 s)
2024-06-03 18:13:27,025 INFO  - Recieve a message from other vehicle (at simulation time 54.001,400,000 s)
2024-06-03 18:13:27,025 INFO  - I'm in better position but no more hops in message (at simulation time 54.001,400,000 s)
2024-06-03 18:13:27,025 INFO  - Recieve a message from other vehicle (at simulation time 54.001,400,000 s)
2024-06-03 18:13:27,025 INFO  - I'm in better position but no more hops in message (at simulation time 54.001,400,000 s)
2024-06-03 18:13:27,025 INFO  - Recieve a message from other vehicle (at simulation time 54.001,400,000 s)
2024-06-03 18:13:27,025 INFO  - I'm in better position but no more hops in message (at simulation time 54.001,400,000 s)
2024-06-03 18:13:27,025 INFO  - Recieve a message from other vehicle (at simulation time 54.001,400,000 s)
2024-06-03 18:13:27,025 INFO  - I'm in better position but no more hops in message (at simulation time 54.001,400,000 s)
2024-06-03 18:13:27,026 INFO  - Recieve a message from other vehicle (at simulation time 54.001,900,000 s)
2024-06-03 18:13:27,026 INFO  - I'm in better position but no more hops in message (at simulation time 54.001,900,000 s)
2024-06-03 18:13:27,026 INFO  - Recieve a message from other vehicle (at simulation time 54.001,900,000 s)
2024-06-03 18:13:27,026 INFO  - My position is not better! (at simulation time 54.001,900,000 s)
2024-06-03 18:13:27,026 INFO  - Recieve a message from other vehicle (at simulation time 54.002,400,000 s)
2024-06-03 18:13:27,026 INFO  - I'm in better position but no more hops in message (at simulation time 54.002,400,000 s)
2024-06-03 18:13:27,026 INFO  - Recieve a message from other vehicle (at simulation time 54.002,400,000 s)
2024-06-03 18:13:27,026 INFO  - I'm in better position but no more hops in message (at simulation time 54.002,400,000 s)
2024-06-03 18:13:27,027 INFO  - Recieve a message from other vehicle (at simulation time 54.002,400,000 s)
2024-06-03 18:13:27,027 INFO  - I'm in better position but no more hops in message (at simulation time 54.002,400,000 s)
2024-06-03 18:13:27,027 INFO  - Recieve a message from RSU (at simulation time 54.514,885,162 s)
2024-06-03 18:13:27,027 INFO  - Recieve a message from RSU (at simulation time 54.518,435,377 s)
2024-06-03 18:13:27,030 INFO  - Called #onVehicleUpdated (at simulation time 55.000,000,000 s)
2024-06-03 18:13:27,030 INFO  - Sending out AdHoc broadcast (at simulation time 55.000,000,000 s)
2024-06-03 18:13:27,030 INFO  - Sending out AdHoc broadcast (at simulation time 55.000,000,000 s)
2024-06-03 18:13:27,030 INFO  - Sending out AdHoc broadcast (at simulation time 55.000,000,000 s)
2024-06-03 18:13:27,030 INFO  - Sending out AdHoc broadcast (at simulation time 55.000,000,000 s)
2024-06-03 18:13:27,031 INFO  - Recieve a message from other vehicle (at simulation time 55.000,400,000 s)
2024-06-03 18:13:27,031 INFO  - My position is not better! (at simulation time 55.000,400,000 s)
2024-06-03 18:13:27,032 INFO  - Recieve a message from other vehicle (at simulation time 55.000,400,000 s)
2024-06-03 18:13:27,032 INFO  - I'm in better position but no more hops in message (at simulation time 55.000,400,000 s)
2024-06-03 18:13:27,032 INFO  - Recieve a message from other vehicle (at simulation time 55.000,900,000 s)
2024-06-03 18:13:27,032 INFO  - I'm in better position but no more hops in message (at simulation time 55.000,900,000 s)
2024-06-03 18:13:27,032 INFO  - Recieve a message from other vehicle (at simulation time 55.000,900,000 s)
2024-06-03 18:13:27,032 INFO  - I'm in better position but no more hops in message (at simulation time 55.000,900,000 s)
2024-06-03 18:13:27,032 INFO  - Recieve a message from other vehicle (at simulation time 55.000,900,000 s)
2024-06-03 18:13:27,032 INFO  - I'm in better position but no more hops in message (at simulation time 55.000,900,000 s)
2024-06-03 18:13:27,032 INFO  - Recieve a message from other vehicle (at simulation time 55.001,400,000 s)
2024-06-03 18:13:27,032 INFO  - I'm in better position but no more hops in message (at simulation time 55.001,400,000 s)
2024-06-03 18:13:27,032 INFO  - Recieve a message from other vehicle (at simulation time 55.001,400,000 s)
2024-06-03 18:13:27,032 INFO  - I'm in better position but no more hops in message (at simulation time 55.001,400,000 s)
2024-06-03 18:13:27,033 INFO  - Recieve a message from other vehicle (at simulation time 55.001,900,000 s)
2024-06-03 18:13:27,033 INFO  - I'm in better position but no more hops in message (at simulation time 55.001,900,000 s)
2024-06-03 18:13:27,033 INFO  - Recieve a message from other vehicle (at simulation time 55.001,900,000 s)
2024-06-03 18:13:27,033 INFO  - I'm in better position but no more hops in message (at simulation time 55.001,900,000 s)
2024-06-03 18:13:27,033 INFO  - Recieve a message from other vehicle (at simulation time 55.001,900,000 s)
2024-06-03 18:13:27,033 INFO  - I'm in better position but no more hops in message (at simulation time 55.001,900,000 s)
2024-06-03 18:13:27,033 INFO  - Recieve a message from other vehicle (at simulation time 55.002,400,000 s)
2024-06-03 18:13:27,033 INFO  - I'm in better position but no more hops in message (at simulation time 55.002,400,000 s)
2024-06-03 18:13:27,034 INFO  - Recieve a message from other vehicle (at simulation time 55.002,400,000 s)
2024-06-03 18:13:27,034 INFO  - My position is not better! (at simulation time 55.002,400,000 s)
2024-06-03 18:13:27,034 INFO  - Recieve a message from RSU (at simulation time 55.218,699,033 s)
2024-06-03 18:13:27,034 INFO  - Recieve a message from RSU (at simulation time 55.248,829,372 s)
2024-06-03 18:13:27,034 INFO  - Recieve a message from RSU (at simulation time 55.923,769,355 s)
2024-06-03 18:13:27,034 INFO  - Recieve a message from RSU (at simulation time 55.960,503,895 s)
2024-06-03 18:13:27,036 INFO  - Called #onVehicleUpdated (at simulation time 56.000,000,000 s)
2024-06-03 18:13:27,036 INFO  - Sending out AdHoc broadcast (at simulation time 56.000,000,000 s)
2024-06-03 18:13:27,036 INFO  - Sending out AdHoc broadcast (at simulation time 56.000,000,000 s)
2024-06-03 18:13:27,036 INFO  - Sending out AdHoc broadcast (at simulation time 56.000,000,000 s)
2024-06-03 18:13:27,038 INFO  - Recieve a message from other vehicle (at simulation time 56.000,400,000 s)
2024-06-03 18:13:27,038 INFO  - I'm in better position but no more hops in message (at simulation time 56.000,400,000 s)
2024-06-03 18:13:27,038 INFO  - Recieve a message from other vehicle (at simulation time 56.000,400,000 s)
2024-06-03 18:13:27,038 INFO  - My position is not better! (at simulation time 56.000,400,000 s)
2024-06-03 18:13:27,038 INFO  - Recieve a message from other vehicle (at simulation time 56.000,900,000 s)
2024-06-03 18:13:27,038 INFO  - I'm in better position but no more hops in message (at simulation time 56.000,900,000 s)
2024-06-03 18:13:27,039 INFO  - Recieve a message from other vehicle (at simulation time 56.000,900,000 s)
2024-06-03 18:13:27,039 INFO  - I'm in better position but no more hops in message (at simulation time 56.000,900,000 s)
2024-06-03 18:13:27,039 INFO  - Recieve a message from other vehicle (at simulation time 56.000,900,000 s)
2024-06-03 18:13:27,039 INFO  - I'm in better position but no more hops in message (at simulation time 56.000,900,000 s)
2024-06-03 18:13:27,039 INFO  - Recieve a message from other vehicle (at simulation time 56.001,400,000 s)
2024-06-03 18:13:27,039 INFO  - I'm in better position but no more hops in message (at simulation time 56.001,400,000 s)
2024-06-03 18:13:27,039 INFO  - Recieve a message from other vehicle (at simulation time 56.001,400,000 s)
2024-06-03 18:13:27,039 INFO  - My position is not better! (at simulation time 56.001,400,000 s)
2024-06-03 18:13:27,039 INFO  - Recieve a message from other vehicle (at simulation time 56.001,400,000 s)
2024-06-03 18:13:27,039 INFO  - I'm in better position but no more hops in message (at simulation time 56.001,400,000 s)
2024-06-03 18:13:27,039 INFO  - Recieve a message from other vehicle (at simulation time 56.001,900,000 s)
2024-06-03 18:13:27,039 INFO  - I'm in better position but no more hops in message (at simulation time 56.001,900,000 s)
2024-06-03 18:13:27,040 INFO  - Recieve a message from other vehicle (at simulation time 56.001,900,000 s)
2024-06-03 18:13:27,040 INFO  - I'm in better position but no more hops in message (at simulation time 56.001,900,000 s)
2024-06-03 18:13:27,040 INFO  - Recieve a message from other vehicle (at simulation time 56.001,900,000 s)
2024-06-03 18:13:27,040 INFO  - I'm in better position but no more hops in message (at simulation time 56.001,900,000 s)
2024-06-03 18:13:27,040 INFO  - Recieve a message from other vehicle (at simulation time 56.002,300,000 s)
2024-06-03 18:13:27,040 INFO  - I'm in better position but no more hops in message (at simulation time 56.002,300,000 s)
2024-06-03 18:13:27,040 INFO  - Recieve a message from other vehicle (at simulation time 56.002,400,000 s)
2024-06-03 18:13:27,040 INFO  - My position is not better! (at simulation time 56.002,400,000 s)
2024-06-03 18:13:27,042 INFO  - Recieve a message from RSU (at simulation time 56.616,721,371 s)
2024-06-03 18:13:27,042 INFO  - Recieve a message from RSU (at simulation time 56.635,303,710 s)
2024-06-03 18:13:27,044 INFO  - Called #onVehicleUpdated (at simulation time 57.000,000,000 s)
2024-06-03 18:13:27,044 INFO  - Sending out AdHoc broadcast (at simulation time 57.000,000,000 s)
2024-06-03 18:13:27,044 INFO  - Sending out AdHoc broadcast (at simulation time 57.000,000,000 s)
2024-06-03 18:13:27,044 INFO  - Sending out AdHoc broadcast (at simulation time 57.000,000,000 s)
2024-06-03 18:13:27,044 INFO  - Sending out AdHoc broadcast (at simulation time 57.000,000,000 s)
2024-06-03 18:13:27,045 INFO  - Recieve a message from other vehicle (at simulation time 57.000,400,000 s)
2024-06-03 18:13:27,045 INFO  - I'm in better position but no more hops in message (at simulation time 57.000,400,000 s)
2024-06-03 18:13:27,045 INFO  - Recieve a message from other vehicle (at simulation time 57.000,400,000 s)
2024-06-03 18:13:27,045 INFO  - I'm in better position but no more hops in message (at simulation time 57.000,400,000 s)
2024-06-03 18:13:27,046 INFO  - Recieve a message from other vehicle (at simulation time 57.000,400,000 s)
2024-06-03 18:13:27,046 INFO  - I'm in better position but no more hops in message (at simulation time 57.000,400,000 s)
2024-06-03 18:13:27,046 INFO  - Recieve a message from other vehicle (at simulation time 57.000,400,000 s)
2024-06-03 18:13:27,046 INFO  - I'm in better position but no more hops in message (at simulation time 57.000,400,000 s)
2024-06-03 18:13:27,046 INFO  - Recieve a message from other vehicle (at simulation time 57.000,900,000 s)
2024-06-03 18:13:27,046 INFO  - I'm in better position but no more hops in message (at simulation time 57.000,900,000 s)
2024-06-03 18:13:27,046 INFO  - Recieve a message from other vehicle (at simulation time 57.000,900,000 s)
2024-06-03 18:13:27,046 INFO  - I'm in better position but no more hops in message (at simulation time 57.000,900,000 s)
2024-06-03 18:13:27,046 INFO  - Recieve a message from other vehicle (at simulation time 57.001,400,000 s)
2024-06-03 18:13:27,046 INFO  - I'm in better position but no more hops in message (at simulation time 57.001,400,000 s)
2024-06-03 18:13:27,047 INFO  - Recieve a message from other vehicle (at simulation time 57.001,900,000 s)
2024-06-03 18:13:27,047 INFO  - I'm in better position but no more hops in message (at simulation time 57.001,900,000 s)
2024-06-03 18:13:27,047 INFO  - Recieve a message from other vehicle (at simulation time 57.001,900,000 s)
2024-06-03 18:13:27,047 INFO  - My position is not better! (at simulation time 57.001,900,000 s)
2024-06-03 18:13:27,047 INFO  - Recieve a message from other vehicle (at simulation time 57.001,900,000 s)
2024-06-03 18:13:27,047 INFO  - My position is not better! (at simulation time 57.001,900,000 s)
2024-06-03 18:13:27,047 INFO  - Recieve a message from other vehicle (at simulation time 57.001,900,000 s)
2024-06-03 18:13:27,047 INFO  - I'm in better position but no more hops in message (at simulation time 57.001,900,000 s)
2024-06-03 18:13:27,047 INFO  - Recieve a message from other vehicle (at simulation time 57.001,900,000 s)
2024-06-03 18:13:27,047 INFO  - I'm in better position but no more hops in message (at simulation time 57.001,900,000 s)
2024-06-03 18:13:27,047 INFO  - Recieve a message from other vehicle (at simulation time 57.003,300,000 s)
2024-06-03 18:13:27,047 INFO  - My position is not better! (at simulation time 57.003,300,000 s)
2024-06-03 18:13:27,048 INFO  - Recieve a message from RSU (at simulation time 57.332,290,648 s)
2024-06-03 18:13:27,048 INFO  - Recieve a message from RSU (at simulation time 57.352,289,442 s)
2024-06-03 18:13:27,050 INFO  - Called #onVehicleUpdated (at simulation time 58.000,000,000 s)
2024-06-03 18:13:27,050 INFO  - Sending out AdHoc broadcast (at simulation time 58.000,000,000 s)
2024-06-03 18:13:27,050 INFO  - Sending out AdHoc broadcast (at simulation time 58.000,000,000 s)
2024-06-03 18:13:27,050 INFO  - Sending out AdHoc broadcast (at simulation time 58.000,000,000 s)
2024-06-03 18:13:27,052 INFO  - Recieve a message from other vehicle (at simulation time 58.000,400,000 s)
2024-06-03 18:13:27,052 INFO  - I'm in better position but no more hops in message (at simulation time 58.000,400,000 s)
2024-06-03 18:13:27,052 INFO  - Recieve a message from other vehicle (at simulation time 58.000,900,000 s)
2024-06-03 18:13:27,052 INFO  - I'm in better position but no more hops in message (at simulation time 58.000,900,000 s)
2024-06-03 18:13:27,052 INFO  - Recieve a message from other vehicle (at simulation time 58.000,900,000 s)
2024-06-03 18:13:27,052 INFO  - I'm in better position but no more hops in message (at simulation time 58.000,900,000 s)
2024-06-03 18:13:27,052 INFO  - Recieve a message from other vehicle (at simulation time 58.000,900,000 s)
2024-06-03 18:13:27,052 INFO  - My position is not better! (at simulation time 58.000,900,000 s)
2024-06-03 18:13:27,052 INFO  - Recieve a message from other vehicle (at simulation time 58.000,900,000 s)
2024-06-03 18:13:27,052 INFO  - My position is not better! (at simulation time 58.000,900,000 s)
2024-06-03 18:13:27,052 INFO  - Recieve a message from other vehicle (at simulation time 58.001,400,000 s)
2024-06-03 18:13:27,052 INFO  - I'm in better position but no more hops in message (at simulation time 58.001,400,000 s)
2024-06-03 18:13:27,052 INFO  - Recieve a message from other vehicle (at simulation time 58.001,900,000 s)
2024-06-03 18:13:27,052 INFO  - I'm in better position but no more hops in message (at simulation time 58.001,900,000 s)
2024-06-03 18:13:27,052 INFO  - Recieve a message from other vehicle (at simulation time 58.001,900,000 s)
2024-06-03 18:13:27,052 INFO  - I'm in better position but no more hops in message (at simulation time 58.001,900,000 s)
2024-06-03 18:13:27,052 INFO  - Recieve a message from other vehicle (at simulation time 58.001,900,000 s)
2024-06-03 18:13:27,052 INFO  - I'm in better position but no more hops in message (at simulation time 58.001,900,000 s)
2024-06-03 18:13:27,052 INFO  - Recieve a message from other vehicle (at simulation time 58.001,900,000 s)
2024-06-03 18:13:27,052 INFO  - I'm in better position but no more hops in message (at simulation time 58.001,900,000 s)
2024-06-03 18:13:27,053 INFO  - Recieve a message from other vehicle (at simulation time 58.001,900,000 s)
2024-06-03 18:13:27,053 INFO  - My position is not better! (at simulation time 58.001,900,000 s)
2024-06-03 18:13:27,053 INFO  - Recieve a message from other vehicle (at simulation time 58.002,400,000 s)
2024-06-03 18:13:27,053 INFO  - I'm in better position but no more hops in message (at simulation time 58.002,400,000 s)
2024-06-03 18:13:27,053 INFO  - Recieve a message from RSU (at simulation time 58.023,653,904 s)
2024-06-03 18:13:27,053 INFO  - Recieve a message from RSU (at simulation time 58.033,845,456 s)
2024-06-03 18:13:27,054 INFO  - Recieve a message from RSU (at simulation time 58.714,720,120 s)
2024-06-03 18:13:27,054 INFO  - Recieve a message from RSU (at simulation time 58.725,216,633 s)
2024-06-03 18:13:27,056 INFO  - Called #onVehicleUpdated (at simulation time 59.000,000,000 s)
2024-06-03 18:13:27,056 INFO  - Sending out AdHoc broadcast (at simulation time 59.000,000,000 s)
2024-06-03 18:13:27,056 INFO  - Sending out AdHoc broadcast (at simulation time 59.000,000,000 s)
2024-06-03 18:13:27,056 INFO  - Sending out AdHoc broadcast (at simulation time 59.000,000,000 s)
2024-06-03 18:13:27,056 INFO  - Sending out AdHoc broadcast (at simulation time 59.000,000,000 s)
2024-06-03 18:13:27,056 INFO  - Recieve a message from other vehicle (at simulation time 59.000,400,000 s)
2024-06-03 18:13:27,056 INFO  - I'm in better position but no more hops in message (at simulation time 59.000,400,000 s)
2024-06-03 18:13:27,057 INFO  - Recieve a message from other vehicle (at simulation time 59.000,400,000 s)
2024-06-03 18:13:27,057 INFO  - I'm in better position but no more hops in message (at simulation time 59.000,400,000 s)
2024-06-03 18:13:27,057 INFO  - Recieve a message from other vehicle (at simulation time 59.000,400,000 s)
2024-06-03 18:13:27,057 INFO  - I'm in better position but no more hops in message (at simulation time 59.000,400,000 s)
2024-06-03 18:13:27,057 INFO  - Recieve a message from other vehicle (at simulation time 59.000,900,000 s)
2024-06-03 18:13:27,057 INFO  - I'm in better position but no more hops in message (at simulation time 59.000,900,000 s)
2024-06-03 18:13:27,057 INFO  - Recieve a message from other vehicle (at simulation time 59.000,900,000 s)
2024-06-03 18:13:27,057 INFO  - I'm in better position but no more hops in message (at simulation time 59.000,900,000 s)
2024-06-03 18:13:27,057 INFO  - Recieve a message from other vehicle (at simulation time 59.001,300,000 s)
2024-06-03 18:13:27,057 INFO  - I'm in better position but no more hops in message (at simulation time 59.001,300,000 s)
2024-06-03 18:13:27,057 INFO  - Recieve a message from other vehicle (at simulation time 59.001,400,000 s)
2024-06-03 18:13:27,057 INFO  - I'm in better position but no more hops in message (at simulation time 59.001,400,000 s)
2024-06-03 18:13:27,058 INFO  - Recieve a message from other vehicle (at simulation time 59.001,400,000 s)
2024-06-03 18:13:27,058 INFO  - My position is not better! (at simulation time 59.001,400,000 s)
2024-06-03 18:13:27,058 INFO  - Recieve a message from other vehicle (at simulation time 59.001,400,000 s)
2024-06-03 18:13:27,058 INFO  - I'm in better position but no more hops in message (at simulation time 59.001,400,000 s)
2024-06-03 18:13:27,058 INFO  - Recieve a message from other vehicle (at simulation time 59.001,900,000 s)
2024-06-03 18:13:27,058 INFO  - I'm in better position but no more hops in message (at simulation time 59.001,900,000 s)
2024-06-03 18:13:27,058 INFO  - Recieve a message from other vehicle (at simulation time 59.001,900,000 s)
2024-06-03 18:13:27,058 INFO  - I'm in better position but no more hops in message (at simulation time 59.001,900,000 s)
2024-06-03 18:13:27,058 INFO  - Recieve a message from other vehicle (at simulation time 59.002,400,000 s)
2024-06-03 18:13:27,058 INFO  - I'm in better position but no more hops in message (at simulation time 59.002,400,000 s)
2024-06-03 18:13:27,059 INFO  - Recieve a message from other vehicle (at simulation time 59.002,400,000 s)
2024-06-03 18:13:27,059 INFO  - I'm in better position but no more hops in message (at simulation time 59.002,400,000 s)
2024-06-03 18:13:27,059 INFO  - Recieve a message from RSU (at simulation time 59.419,937,362 s)
2024-06-03 18:13:27,059 INFO  - Recieve a message from RSU (at simulation time 59.442,243,556 s)
2024-06-03 18:13:27,062 INFO  - Called #onVehicleUpdated (at simulation time 60.000,000,000 s)
2024-06-03 18:13:27,062 INFO  - Sending out AdHoc broadcast (at simulation time 60.000,000,000 s)
2024-06-03 18:13:27,062 INFO  - Sending out AdHoc broadcast (at simulation time 60.000,000,000 s)
2024-06-03 18:13:27,062 INFO  - Sending out AdHoc broadcast (at simulation time 60.000,000,000 s)
2024-06-03 18:13:27,062 INFO  - Recieve a message from other vehicle (at simulation time 60.000,400,000 s)
2024-06-03 18:13:27,062 INFO  - I'm in better position but no more hops in message (at simulation time 60.000,400,000 s)
2024-06-03 18:13:27,063 INFO  - Recieve a message from other vehicle (at simulation time 60.000,900,000 s)
2024-06-03 18:13:27,063 INFO  - I'm in better position but no more hops in message (at simulation time 60.000,900,000 s)
2024-06-03 18:13:27,063 INFO  - Recieve a message from other vehicle (at simulation time 60.000,900,000 s)
2024-06-03 18:13:27,063 INFO  - I'm in better position but no more hops in message (at simulation time 60.000,900,000 s)
2024-06-03 18:13:27,063 INFO  - Recieve a message from other vehicle (at simulation time 60.000,900,000 s)
2024-06-03 18:13:27,063 INFO  - My position is not better! (at simulation time 60.000,900,000 s)
2024-06-03 18:13:27,063 INFO  - Recieve a message from other vehicle (at simulation time 60.000,900,000 s)
2024-06-03 18:13:27,063 INFO  - I'm in better position but no more hops in message (at simulation time 60.000,900,000 s)
2024-06-03 18:13:27,063 INFO  - Recieve a message from other vehicle (at simulation time 60.001,400,000 s)
2024-06-03 18:13:27,063 INFO  - I'm in better position but no more hops in message (at simulation time 60.001,400,000 s)
2024-06-03 18:13:27,063 INFO  - Recieve a message from other vehicle (at simulation time 60.001,400,000 s)
2024-06-03 18:13:27,063 INFO  - My position is not better! (at simulation time 60.001,400,000 s)
2024-06-03 18:13:27,063 INFO  - Recieve a message from other vehicle (at simulation time 60.001,400,000 s)
2024-06-03 18:13:27,063 INFO  - I'm in better position but no more hops in message (at simulation time 60.001,400,000 s)
2024-06-03 18:13:27,064 INFO  - Recieve a message from other vehicle (at simulation time 60.001,900,000 s)
2024-06-03 18:13:27,064 INFO  - My position is not better! (at simulation time 60.001,900,000 s)
2024-06-03 18:13:27,064 INFO  - Recieve a message from other vehicle (at simulation time 60.002,400,000 s)
2024-06-03 18:13:27,064 INFO  - I'm in better position but no more hops in message (at simulation time 60.002,400,000 s)
2024-06-03 18:13:27,064 INFO  - Recieve a message from other vehicle (at simulation time 60.002,400,000 s)
2024-06-03 18:13:27,064 INFO  - I'm in better position but no more hops in message (at simulation time 60.002,400,000 s)
2024-06-03 18:13:27,064 INFO  - Recieve a message from other vehicle (at simulation time 60.002,400,000 s)
2024-06-03 18:13:27,064 INFO  - I'm in better position but no more hops in message (at simulation time 60.002,400,000 s)
2024-06-03 18:13:27,064 INFO  - Recieve a message from other vehicle (at simulation time 60.002,800,000 s)
2024-06-03 18:13:27,064 INFO  - My position is not better! (at simulation time 60.002,800,000 s)
2024-06-03 18:13:27,064 INFO  - Recieve a message from other vehicle (at simulation time 60.002,800,000 s)
2024-06-03 18:13:27,064 INFO  - My position is not better! (at simulation time 60.002,800,000 s)
2024-06-03 18:13:27,064 INFO  - Recieve a message from RSU (at simulation time 60.112,249,140 s)
2024-06-03 18:13:27,064 INFO  - Recieve a message from RSU (at simulation time 60.134,320,387 s)
2024-06-03 18:13:27,065 INFO  - Recieve a message from RSU (at simulation time 60.819,700,847 s)
2024-06-03 18:13:27,065 INFO  - Recieve a message from RSU (at simulation time 60.826,048,865 s)
2024-06-03 18:13:27,066 INFO  - Called #onVehicleUpdated (at simulation time 61.000,000,000 s)
2024-06-03 18:13:27,066 INFO  - Sending out AdHoc broadcast (at simulation time 61.000,000,000 s)
2024-06-03 18:13:27,066 INFO  - Sending out AdHoc broadcast (at simulation time 61.000,000,000 s)
2024-06-03 18:13:27,066 INFO  - Sending out AdHoc broadcast (at simulation time 61.000,000,000 s)
2024-06-03 18:13:27,066 INFO  - Sending out AdHoc broadcast (at simulation time 61.000,000,000 s)
2024-06-03 18:13:27,067 INFO  - Recieve a message from other vehicle (at simulation time 61.000,400,000 s)
2024-06-03 18:13:27,067 INFO  - My position is not better! (at simulation time 61.000,400,000 s)
2024-06-03 18:13:27,067 INFO  - Recieve a message from other vehicle (at simulation time 61.000,800,000 s)
2024-06-03 18:13:27,067 INFO  - My position is not better! (at simulation time 61.000,800,000 s)
2024-06-03 18:13:27,067 INFO  - Recieve a message from other vehicle (at simulation time 61.000,900,000 s)
2024-06-03 18:13:27,067 INFO  - Recending a message from other vehicle (at simulation time 61.000,900,000 s)
2024-06-03 18:13:27,067 INFO  - Recieve a message from other vehicle (at simulation time 61.000,900,000 s)
2024-06-03 18:13:27,067 INFO  - I'm in better position but no more hops in message (at simulation time 61.000,900,000 s)
2024-06-03 18:13:27,068 INFO  - Recieve a message from other vehicle (at simulation time 61.001,400,000 s)
2024-06-03 18:13:27,068 INFO  - My position is not better! (at simulation time 61.001,400,000 s)
2024-06-03 18:13:27,068 INFO  - Recieve a message from other vehicle (at simulation time 61.001,400,000 s)
2024-06-03 18:13:27,068 INFO  - I'm in better position but no more hops in message (at simulation time 61.001,400,000 s)
2024-06-03 18:13:27,068 INFO  - Recieve a message from other vehicle (at simulation time 61.001,900,000 s)
2024-06-03 18:13:27,068 INFO  - I'm in better position but no more hops in message (at simulation time 61.001,900,000 s)
2024-06-03 18:13:27,068 INFO  - Recieve a message from other vehicle (at simulation time 61.001,900,000 s)
2024-06-03 18:13:27,068 INFO  - My position is not better! (at simulation time 61.001,900,000 s)
2024-06-03 18:13:27,068 INFO  - Recieve a message from other vehicle (at simulation time 61.001,900,000 s)
2024-06-03 18:13:27,068 INFO  - Recending a message from other vehicle (at simulation time 61.001,900,000 s)
2024-06-03 18:13:27,068 INFO  - Recieve a message from other vehicle (at simulation time 61.002,400,000 s)
2024-06-03 18:13:27,068 INFO  - I'm in better position but no more hops in message (at simulation time 61.002,400,000 s)
2024-06-03 18:13:27,068 INFO  - Recieve a message from other vehicle (at simulation time 61.002,400,000 s)
2024-06-03 18:13:27,068 INFO  - I'm in better position but no more hops in message (at simulation time 61.002,400,000 s)
2024-06-03 18:13:27,069 INFO  - Recieve a message from other vehicle (at simulation time 61.002,400,000 s)
2024-06-03 18:13:27,069 INFO  - I'm in better position but no more hops in message (at simulation time 61.002,400,000 s)
2024-06-03 18:13:27,069 INFO  - Recieve a message from other vehicle (at simulation time 61.002,400,000 s)
2024-06-03 18:13:27,069 INFO  - My position is not better! (at simulation time 61.002,400,000 s)
2024-06-03 18:13:27,069 INFO  - Recieve a message from other vehicle (at simulation time 61.002,800,000 s)
2024-06-03 18:13:27,069 INFO  - My position is not better! (at simulation time 61.002,800,000 s)
2024-06-03 18:13:27,069 INFO  - Recieve a message from other vehicle (at simulation time 61.003,300,000 s)
2024-06-03 18:13:27,069 INFO  - My position is not better! (at simulation time 61.003,300,000 s)
2024-06-03 18:13:27,069 INFO  - Recieve a message from other vehicle (at simulation time 61.004,800,000 s)
2024-06-03 18:13:27,069 INFO  - My position is not better! (at simulation time 61.004,800,000 s)
2024-06-03 18:13:27,069 INFO  - Recieve a message from RSU (at simulation time 61.529,398,818 s)
2024-06-03 18:13:27,069 INFO  - Recieve a message from RSU (at simulation time 61.539,419,467 s)
2024-06-03 18:13:27,071 INFO  - Called #onVehicleUpdated (at simulation time 62.000,000,000 s)
2024-06-03 18:13:27,071 INFO  - Sending out AdHoc broadcast (at simulation time 62.000,000,000 s)
2024-06-03 18:13:27,071 INFO  - Sending out AdHoc broadcast (at simulation time 62.000,000,000 s)
2024-06-03 18:13:27,072 INFO  - Sending out AdHoc broadcast (at simulation time 62.000,000,000 s)
2024-06-03 18:13:27,072 INFO  - Recieve a message from other vehicle (at simulation time 62.000,400,000 s)
2024-06-03 18:13:27,072 INFO  - I'm in better position but no more hops in message (at simulation time 62.000,400,000 s)
2024-06-03 18:13:27,073 INFO  - Recieve a message from other vehicle (at simulation time 62.000,400,000 s)
2024-06-03 18:13:27,073 INFO  - Recending a message from other vehicle (at simulation time 62.000,400,000 s)
2024-06-03 18:13:27,073 INFO  - Recieve a message from other vehicle (at simulation time 62.000,400,000 s)
2024-06-03 18:13:27,073 INFO  - Recending a message from other vehicle (at simulation time 62.000,400,000 s)
2024-06-03 18:13:27,073 INFO  - Recieve a message from other vehicle (at simulation time 62.000,400,000 s)
2024-06-03 18:13:27,073 INFO  - I'm in better position but no more hops in message (at simulation time 62.000,400,000 s)
2024-06-03 18:13:27,073 INFO  - Recieve a message from other vehicle (at simulation time 62.001,400,000 s)
2024-06-03 18:13:27,073 INFO  - My position is not better! (at simulation time 62.001,400,000 s)
2024-06-03 18:13:27,073 INFO  - Recieve a message from other vehicle (at simulation time 62.001,400,000 s)
2024-06-03 18:13:27,073 INFO  - I'm in better position but no more hops in message (at simulation time 62.001,400,000 s)
2024-06-03 18:13:27,074 INFO  - Recieve a message from other vehicle (at simulation time 62.001,400,000 s)
2024-06-03 18:13:27,074 INFO  - I'm in better position but no more hops in message (at simulation time 62.001,400,000 s)
2024-06-03 18:13:27,074 INFO  - Recieve a message from other vehicle (at simulation time 62.001,800,000 s)
2024-06-03 18:13:27,074 INFO  - I'm in better position but no more hops in message (at simulation time 62.001,800,000 s)
2024-06-03 18:13:27,074 INFO  - Recieve a message from other vehicle (at simulation time 62.001,900,000 s)
2024-06-03 18:13:27,074 INFO  - My position is not better! (at simulation time 62.001,900,000 s)
2024-06-03 18:13:27,074 INFO  - Recieve a message from other vehicle (at simulation time 62.001,900,000 s)
2024-06-03 18:13:27,074 INFO  - I'm in better position but no more hops in message (at simulation time 62.001,900,000 s)
2024-06-03 18:13:27,074 INFO  - Recieve a message from other vehicle (at simulation time 62.001,900,000 s)
2024-06-03 18:13:27,074 INFO  - I'm in better position but no more hops in message (at simulation time 62.001,900,000 s)
2024-06-03 18:13:27,074 INFO  - Recieve a message from other vehicle (at simulation time 62.002,400,000 s)
2024-06-03 18:13:27,074 INFO  - I'm in better position but no more hops in message (at simulation time 62.002,400,000 s)
2024-06-03 18:13:27,074 INFO  - Recieve a message from other vehicle (at simulation time 62.002,400,000 s)
2024-06-03 18:13:27,074 INFO  - My position is not better! (at simulation time 62.002,400,000 s)
2024-06-03 18:13:27,074 INFO  - Recieve a message from other vehicle (at simulation time 62.003,300,000 s)
2024-06-03 18:13:27,074 INFO  - I'm in better position but no more hops in message (at simulation time 62.003,300,000 s)
2024-06-03 18:13:27,075 INFO  - Recieve a message from RSU (at simulation time 62.231,877,145 s)
2024-06-03 18:13:27,075 INFO  - Recieve a message from RSU (at simulation time 62.254,232,615 s)
2024-06-03 18:13:27,075 INFO  - Recieve a message from RSU (at simulation time 62.927,371,169 s)
2024-06-03 18:13:27,075 INFO  - Recieve a message from RSU (at simulation time 62.938,736,093 s)
2024-06-03 18:13:27,077 INFO  - Called #onVehicleUpdated (at simulation time 63.000,000,000 s)
2024-06-03 18:13:27,077 INFO  - Sending out AdHoc broadcast (at simulation time 63.000,000,000 s)
2024-06-03 18:13:27,077 INFO  - Sending out AdHoc broadcast (at simulation time 63.000,000,000 s)
2024-06-03 18:13:27,077 INFO  - Sending out AdHoc broadcast (at simulation time 63.000,000,000 s)
2024-06-03 18:13:27,078 INFO  - Sending out AdHoc broadcast (at simulation time 63.000,000,000 s)
2024-06-03 18:13:27,078 INFO  - Recieve a message from other vehicle (at simulation time 63.000,400,000 s)
2024-06-03 18:13:27,078 INFO  - I'm in better position but no more hops in message (at simulation time 63.000,400,000 s)
2024-06-03 18:13:27,079 INFO  - Recieve a message from other vehicle (at simulation time 63.000,400,000 s)
2024-06-03 18:13:27,079 INFO  - I'm in better position but no more hops in message (at simulation time 63.000,400,000 s)
2024-06-03 18:13:27,079 INFO  - Recieve a message from other vehicle (at simulation time 63.000,400,000 s)
2024-06-03 18:13:27,079 INFO  - I'm in better position but no more hops in message (at simulation time 63.000,400,000 s)
2024-06-03 18:13:27,079 INFO  - Recieve a message from other vehicle (at simulation time 63.000,900,000 s)
2024-06-03 18:13:27,079 INFO  - My position is not better! (at simulation time 63.000,900,000 s)
2024-06-03 18:13:27,079 INFO  - Recieve a message from other vehicle (at simulation time 63.000,900,000 s)
2024-06-03 18:13:27,079 INFO  - My position is not better! (at simulation time 63.000,900,000 s)
2024-06-03 18:13:27,079 INFO  - Recieve a message from other vehicle (at simulation time 63.000,900,000 s)
2024-06-03 18:13:27,079 INFO  - I'm in better position but no more hops in message (at simulation time 63.000,900,000 s)
2024-06-03 18:13:27,080 INFO  - Recieve a message from other vehicle (at simulation time 63.001,400,000 s)
2024-06-03 18:13:27,080 INFO  - My position is not better! (at simulation time 63.001,400,000 s)
2024-06-03 18:13:27,080 INFO  - Recieve a message from other vehicle (at simulation time 63.001,400,000 s)
2024-06-03 18:13:27,080 INFO  - I'm in better position but no more hops in message (at simulation time 63.001,400,000 s)
2024-06-03 18:13:27,080 INFO  - Recieve a message from other vehicle (at simulation time 63.001,900,000 s)
2024-06-03 18:13:27,080 INFO  - I'm in better position but no more hops in message (at simulation time 63.001,900,000 s)
2024-06-03 18:13:27,080 INFO  - Recieve a message from other vehicle (at simulation time 63.002,400,000 s)
2024-06-03 18:13:27,080 INFO  - My position is not better! (at simulation time 63.002,400,000 s)
2024-06-03 18:13:27,081 INFO  - Recieve a message from other vehicle (at simulation time 63.003,800,000 s)
2024-06-03 18:13:27,081 INFO  - I'm in better position but no more hops in message (at simulation time 63.003,800,000 s)
2024-06-03 18:13:27,081 INFO  - Recieve a message from RSU (at simulation time 63.637,667,990 s)
2024-06-03 18:13:27,081 INFO  - Recieve a message from RSU (at simulation time 63.642,782,312 s)
2024-06-03 18:13:27,083 INFO  - Called #onVehicleUpdated (at simulation time 64.000,000,000 s)
2024-06-03 18:13:27,083 INFO  - Sending out AdHoc broadcast (at simulation time 64.000,000,000 s)
2024-06-03 18:13:27,083 INFO  - Sending out AdHoc broadcast (at simulation time 64.000,000,000 s)
2024-06-03 18:13:27,083 INFO  - Sending out AdHoc broadcast (at simulation time 64.000,000,000 s)
2024-06-03 18:13:27,084 INFO  - Recieve a message from other vehicle (at simulation time 64.000,400,000 s)
2024-06-03 18:13:27,084 INFO  - I'm in better position but no more hops in message (at simulation time 64.000,400,000 s)
2024-06-03 18:13:27,084 INFO  - Recieve a message from other vehicle (at simulation time 64.000,400,000 s)
2024-06-03 18:13:27,084 INFO  - I'm in better position but no more hops in message (at simulation time 64.000,400,000 s)
2024-06-03 18:13:27,084 INFO  - Recieve a message from other vehicle (at simulation time 64.000,400,000 s)
2024-06-03 18:13:27,084 INFO  - I'm in better position but no more hops in message (at simulation time 64.000,400,000 s)
2024-06-03 18:13:27,084 INFO  - Recieve a message from other vehicle (at simulation time 64.000,900,000 s)
2024-06-03 18:13:27,084 INFO  - I'm in better position but no more hops in message (at simulation time 64.000,900,000 s)
2024-06-03 18:13:27,085 INFO  - Recieve a message from other vehicle (at simulation time 64.000,900,000 s)
2024-06-03 18:13:27,085 INFO  - I'm in better position but no more hops in message (at simulation time 64.000,900,000 s)
2024-06-03 18:13:27,085 INFO  - Recieve a message from other vehicle (at simulation time 64.001,400,000 s)
2024-06-03 18:13:27,085 INFO  - I'm in better position but no more hops in message (at simulation time 64.001,400,000 s)
2024-06-03 18:13:27,085 INFO  - Recieve a message from other vehicle (at simulation time 64.001,400,000 s)
2024-06-03 18:13:27,085 INFO  - I'm in better position but no more hops in message (at simulation time 64.001,400,000 s)
2024-06-03 18:13:27,085 INFO  - Recieve a message from other vehicle (at simulation time 64.002,400,000 s)
2024-06-03 18:13:27,085 INFO  - I'm in better position but no more hops in message (at simulation time 64.002,400,000 s)
2024-06-03 18:13:27,085 INFO  - Recieve a message from other vehicle (at simulation time 64.002,400,000 s)
2024-06-03 18:13:27,085 INFO  - I'm in better position but no more hops in message (at simulation time 64.002,400,000 s)
2024-06-03 18:13:27,085 INFO  - Recieve a message from other vehicle (at simulation time 64.002,800,000 s)
2024-06-03 18:13:27,085 INFO  - I'm in better position but no more hops in message (at simulation time 64.002,800,000 s)
2024-06-03 18:13:27,086 INFO  - Recieve a message from RSU (at simulation time 64.334,108,033 s)
2024-06-03 18:13:27,086 INFO  - Recieve a message from RSU (at simulation time 64.372,505,291 s)
2024-06-03 18:13:27,088 INFO  - Called #onVehicleUpdated (at simulation time 65.000,000,000 s)
2024-06-03 18:13:27,088 INFO  - Sending out AdHoc broadcast (at simulation time 65.000,000,000 s)
2024-06-03 18:13:27,088 INFO  - Sending out AdHoc broadcast (at simulation time 65.000,000,000 s)
2024-06-03 18:13:27,088 INFO  - Sending out AdHoc broadcast (at simulation time 65.000,000,000 s)
2024-06-03 18:13:27,089 INFO  - Sending out AdHoc broadcast (at simulation time 65.000,000,000 s)
2024-06-03 18:13:27,090 INFO  - Recieve a message from other vehicle (at simulation time 65.000,400,000 s)
2024-06-03 18:13:27,090 INFO  - I'm in better position but no more hops in message (at simulation time 65.000,400,000 s)
2024-06-03 18:13:27,090 INFO  - Recieve a message from other vehicle (at simulation time 65.000,400,000 s)
2024-06-03 18:13:27,090 INFO  - I'm in better position but no more hops in message (at simulation time 65.000,400,000 s)
2024-06-03 18:13:27,090 INFO  - Recieve a message from other vehicle (at simulation time 65.000,900,000 s)
2024-06-03 18:13:27,090 INFO  - I'm in better position but no more hops in message (at simulation time 65.000,900,000 s)
2024-06-03 18:13:27,090 INFO  - Recieve a message from other vehicle (at simulation time 65.000,900,000 s)
2024-06-03 18:13:27,090 INFO  - I'm in better position but no more hops in message (at simulation time 65.000,900,000 s)
2024-06-03 18:13:27,090 INFO  - Recieve a message from other vehicle (at simulation time 65.001,400,000 s)
2024-06-03 18:13:27,090 INFO  - I'm in better position but no more hops in message (at simulation time 65.001,400,000 s)
2024-06-03 18:13:27,091 INFO  - Recieve a message from other vehicle (at simulation time 65.001,900,000 s)
2024-06-03 18:13:27,091 INFO  - I'm in better position but no more hops in message (at simulation time 65.001,900,000 s)
2024-06-03 18:13:27,091 INFO  - Recieve a message from other vehicle (at simulation time 65.001,900,000 s)
2024-06-03 18:13:27,091 INFO  - I'm in better position but no more hops in message (at simulation time 65.001,900,000 s)
2024-06-03 18:13:27,091 INFO  - Recieve a message from other vehicle (at simulation time 65.002,400,000 s)
2024-06-03 18:13:27,091 INFO  - I'm in better position but no more hops in message (at simulation time 65.002,400,000 s)
2024-06-03 18:13:27,091 INFO  - Recieve a message from other vehicle (at simulation time 65.002,400,000 s)
2024-06-03 18:13:27,091 INFO  - I'm in better position but no more hops in message (at simulation time 65.002,400,000 s)
2024-06-03 18:13:27,091 INFO  - Recieve a message from other vehicle (at simulation time 65.002,400,000 s)
2024-06-03 18:13:27,091 INFO  - I'm in better position but no more hops in message (at simulation time 65.002,400,000 s)
2024-06-03 18:13:27,092 INFO  - Recieve a message from RSU (at simulation time 65.015,999,139 s)
2024-06-03 18:13:27,092 INFO  - Recieve a message from RSU (at simulation time 65.018,175,557 s)
2024-06-03 18:13:27,092 INFO  - Recieve a message from RSU (at simulation time 65.714,401,632 s)
2024-06-03 18:13:27,092 INFO  - Recieve a message from RSU (at simulation time 65.717,090,093 s)
2024-06-03 18:13:27,094 INFO  - Called #onVehicleUpdated (at simulation time 66.000,000,000 s)
2024-06-03 18:13:27,094 INFO  - Sending out AdHoc broadcast (at simulation time 66.000,000,000 s)
2024-06-03 18:13:27,094 INFO  - Sending out AdHoc broadcast (at simulation time 66.000,000,000 s)
2024-06-03 18:13:27,094 INFO  - Sending out AdHoc broadcast (at simulation time 66.000,000,000 s)
2024-06-03 18:13:27,094 INFO  - Recieve a message from other vehicle (at simulation time 66.000,400,000 s)
2024-06-03 18:13:27,094 INFO  - I'm in better position but no more hops in message (at simulation time 66.000,400,000 s)
2024-06-03 18:13:27,094 INFO  - Recieve a message from other vehicle (at simulation time 66.000,400,000 s)
2024-06-03 18:13:27,094 INFO  - I'm in better position but no more hops in message (at simulation time 66.000,400,000 s)
2024-06-03 18:13:27,094 INFO  - Recieve a message from other vehicle (at simulation time 66.000,800,000 s)
2024-06-03 18:13:27,094 INFO  - My position is not better! (at simulation time 66.000,800,000 s)
2024-06-03 18:13:27,094 INFO  - Recieve a message from other vehicle (at simulation time 66.000,900,000 s)
2024-06-03 18:13:27,094 INFO  - My position is not better! (at simulation time 66.000,900,000 s)
2024-06-03 18:13:27,095 INFO  - Recieve a message from other vehicle (at simulation time 66.000,900,000 s)
2024-06-03 18:13:27,095 INFO  - My position is not better! (at simulation time 66.000,900,000 s)
2024-06-03 18:13:27,095 INFO  - Recieve a message from other vehicle (at simulation time 66.000,900,000 s)
2024-06-03 18:13:27,095 INFO  - My position is not better! (at simulation time 66.000,900,000 s)
2024-06-03 18:13:27,095 INFO  - Recieve a message from other vehicle (at simulation time 66.001,800,000 s)
2024-06-03 18:13:27,095 INFO  - My position is not better! (at simulation time 66.001,800,000 s)
2024-06-03 18:13:27,095 INFO  - Recieve a message from other vehicle (at simulation time 66.001,900,000 s)
2024-06-03 18:13:27,095 INFO  - My position is not better! (at simulation time 66.001,900,000 s)
2024-06-03 18:13:27,095 INFO  - Recieve a message from other vehicle (at simulation time 66.001,900,000 s)
2024-06-03 18:13:27,095 INFO  - I'm in better position but no more hops in message (at simulation time 66.001,900,000 s)
2024-06-03 18:13:27,095 INFO  - Recieve a message from other vehicle (at simulation time 66.002,400,000 s)
2024-06-03 18:13:27,095 INFO  - My position is not better! (at simulation time 66.002,400,000 s)
2024-06-03 18:13:27,095 INFO  - Recieve a message from other vehicle (at simulation time 66.002,400,000 s)
2024-06-03 18:13:27,095 INFO  - My position is not better! (at simulation time 66.002,400,000 s)
2024-06-03 18:13:27,095 INFO  - Recieve a message from other vehicle (at simulation time 66.002,800,000 s)
2024-06-03 18:13:27,095 INFO  - My position is not better! (at simulation time 66.002,800,000 s)
2024-06-03 18:13:27,096 INFO  - Recieve a message from RSU (at simulation time 66.429,944,955 s)
2024-06-03 18:13:27,096 INFO  - Recieve a message from RSU (at simulation time 66.433,824,717 s)
2024-06-03 18:13:27,097 INFO  - Called #onVehicleUpdated (at simulation time 67.000,000,000 s)
2024-06-03 18:13:27,097 INFO  - Sending out AdHoc broadcast (at simulation time 67.000,000,000 s)
2024-06-03 18:13:27,097 INFO  - Sending out AdHoc broadcast (at simulation time 67.000,000,000 s)
2024-06-03 18:13:27,097 INFO  - Sending out AdHoc broadcast (at simulation time 67.000,000,000 s)
2024-06-03 18:13:27,097 INFO  - Sending out AdHoc broadcast (at simulation time 67.000,000,000 s)
2024-06-03 18:13:27,098 INFO  - Recieve a message from other vehicle (at simulation time 67.000,400,000 s)
2024-06-03 18:13:27,098 INFO  - My position is not better! (at simulation time 67.000,400,000 s)
2024-06-03 18:13:27,098 INFO  - Recieve a message from other vehicle (at simulation time 67.000,400,000 s)
2024-06-03 18:13:27,098 INFO  - My position is not better! (at simulation time 67.000,400,000 s)
2024-06-03 18:13:27,098 INFO  - Recieve a message from other vehicle (at simulation time 67.000,800,000 s)
2024-06-03 18:13:27,098 INFO  - My position is not better! (at simulation time 67.000,800,000 s)
2024-06-03 18:13:27,098 INFO  - Recieve a message from other vehicle (at simulation time 67.000,900,000 s)
2024-06-03 18:13:27,098 INFO  - My position is not better! (at simulation time 67.000,900,000 s)
2024-06-03 18:13:27,098 INFO  - Recieve a message from other vehicle (at simulation time 67.000,900,000 s)
2024-06-03 18:13:27,098 INFO  - My position is not better! (at simulation time 67.000,900,000 s)
2024-06-03 18:13:27,098 INFO  - Recieve a message from other vehicle (at simulation time 67.001,900,000 s)
2024-06-03 18:13:27,098 INFO  - My position is not better! (at simulation time 67.001,900,000 s)
2024-06-03 18:13:27,098 INFO  - Recieve a message from other vehicle (at simulation time 67.001,900,000 s)
2024-06-03 18:13:27,098 INFO  - My position is not better! (at simulation time 67.001,900,000 s)
2024-06-03 18:13:27,098 INFO  - Recieve a message from other vehicle (at simulation time 67.001,900,000 s)
2024-06-03 18:13:27,098 INFO  - My position is not better! (at simulation time 67.001,900,000 s)
2024-06-03 18:13:27,098 INFO  - Recieve a message from other vehicle (at simulation time 67.001,900,000 s)
2024-06-03 18:13:27,098 INFO  - My position is not better! (at simulation time 67.001,900,000 s)
2024-06-03 18:13:27,098 INFO  - Recieve a message from other vehicle (at simulation time 67.001,900,000 s)
2024-06-03 18:13:27,099 INFO  - My position is not better! (at simulation time 67.001,900,000 s)
2024-06-03 18:13:27,099 INFO  - Recieve a message from other vehicle (at simulation time 67.002,300,000 s)
2024-06-03 18:13:27,099 INFO  - My position is not better! (at simulation time 67.002,300,000 s)
2024-06-03 18:13:27,099 INFO  - Recieve a message from other vehicle (at simulation time 67.002,300,000 s)
2024-06-03 18:13:27,099 INFO  - My position is not better! (at simulation time 67.002,300,000 s)
2024-06-03 18:13:27,099 INFO  - Recieve a message from other vehicle (at simulation time 67.002,400,000 s)
2024-06-03 18:13:27,099 INFO  - My position is not better! (at simulation time 67.002,400,000 s)
2024-06-03 18:13:27,099 INFO  - Recieve a message from other vehicle (at simulation time 67.002,800,000 s)
2024-06-03 18:13:27,099 INFO  - My position is not better! (at simulation time 67.002,800,000 s)
2024-06-03 18:13:27,100 INFO  - Called #onVehicleUpdated (at simulation time 68.000,000,000 s)
2024-06-03 18:13:27,100 INFO  - Sending out AdHoc broadcast (at simulation time 68.000,000,000 s)
2024-06-03 18:13:27,100 INFO  - Sending out AdHoc broadcast (at simulation time 68.000,000,000 s)
2024-06-03 18:13:27,100 INFO  - Sending out AdHoc broadcast (at simulation time 68.000,000,000 s)
2024-06-03 18:13:27,102 INFO  - Recieve a message from other vehicle (at simulation time 68.000,900,000 s)
2024-06-03 18:13:27,102 INFO  - My position is not better! (at simulation time 68.000,900,000 s)
2024-06-03 18:13:27,102 INFO  - Recieve a message from other vehicle (at simulation time 68.001,400,000 s)
2024-06-03 18:13:27,102 INFO  - My position is not better! (at simulation time 68.001,400,000 s)
2024-06-03 18:13:27,102 INFO  - Recieve a message from other vehicle (at simulation time 68.001,400,000 s)
2024-06-03 18:13:27,102 INFO  - My position is not better! (at simulation time 68.001,400,000 s)
2024-06-03 18:13:27,102 INFO  - Recieve a message from other vehicle (at simulation time 68.001,800,000 s)
2024-06-03 18:13:27,102 INFO  - My position is not better! (at simulation time 68.001,800,000 s)
2024-06-03 18:13:27,102 INFO  - Recieve a message from other vehicle (at simulation time 68.001,900,000 s)
2024-06-03 18:13:27,102 INFO  - My position is not better! (at simulation time 68.001,900,000 s)
2024-06-03 18:13:27,102 INFO  - Recieve a message from other vehicle (at simulation time 68.002,300,000 s)
2024-06-03 18:13:27,102 INFO  - My position is not better! (at simulation time 68.002,300,000 s)
2024-06-03 18:13:27,102 INFO  - Recieve a message from other vehicle (at simulation time 68.002,300,000 s)
2024-06-03 18:13:27,102 INFO  - My position is not better! (at simulation time 68.002,300,000 s)
2024-06-03 18:13:27,103 INFO  - Recieve a message from other vehicle (at simulation time 68.002,400,000 s)
2024-06-03 18:13:27,103 INFO  - My position is not better! (at simulation time 68.002,400,000 s)
2024-06-03 18:13:27,103 INFO  - Recieve a message from other vehicle (at simulation time 68.002,400,000 s)
2024-06-03 18:13:27,103 INFO  - My position is not better! (at simulation time 68.002,400,000 s)
2024-06-03 18:13:27,103 INFO  - Recieve a message from other vehicle (at simulation time 68.002,400,000 s)
2024-06-03 18:13:27,103 INFO  - My position is not better! (at simulation time 68.002,400,000 s)
2024-06-03 18:13:27,103 INFO  - Recieve a message from other vehicle (at simulation time 68.002,400,000 s)
2024-06-03 18:13:27,103 INFO  - My position is not better! (at simulation time 68.002,400,000 s)
2024-06-03 18:13:27,105 INFO  - Called #onVehicleUpdated (at simulation time 69.000,000,000 s)
2024-06-03 18:13:27,105 INFO  - Sending out AdHoc broadcast (at simulation time 69.000,000,000 s)
2024-06-03 18:13:27,105 INFO  - Sending out AdHoc broadcast (at simulation time 69.000,000,000 s)
2024-06-03 18:13:27,105 INFO  - Sending out AdHoc broadcast (at simulation time 69.000,000,000 s)
2024-06-03 18:13:27,105 INFO  - Sending out AdHoc broadcast (at simulation time 69.000,000,000 s)
2024-06-03 18:13:27,106 INFO  - Recieve a message from other vehicle (at simulation time 69.000,400,000 s)
2024-06-03 18:13:27,106 INFO  - My position is not better! (at simulation time 69.000,400,000 s)
2024-06-03 18:13:27,106 INFO  - Recieve a message from other vehicle (at simulation time 69.000,900,000 s)
2024-06-03 18:13:27,106 INFO  - My position is not better! (at simulation time 69.000,900,000 s)
2024-06-03 18:13:27,106 INFO  - Recieve a message from other vehicle (at simulation time 69.001,800,000 s)
2024-06-03 18:13:27,106 INFO  - My position is not better! (at simulation time 69.001,800,000 s)
2024-06-03 18:13:27,107 INFO  - Recieve a message from other vehicle (at simulation time 69.003,300,000 s)
2024-06-03 18:13:27,107 INFO  - My position is not better! (at simulation time 69.003,300,000 s)
2024-06-03 18:13:27,107 INFO  - Recieve a message from other vehicle (at simulation time 69.003,300,000 s)
2024-06-03 18:13:27,107 INFO  - My position is not better! (at simulation time 69.003,300,000 s)
2024-06-03 18:13:27,107 INFO  - Recieve a message from other vehicle (at simulation time 69.003,800,000 s)
2024-06-03 18:13:27,107 INFO  - My position is not better! (at simulation time 69.003,800,000 s)
2024-06-03 18:13:27,110 INFO  - Called #onVehicleUpdated (at simulation time 70.000,000,000 s)
2024-06-03 18:13:27,110 INFO  - Exced velocity! Sending new CAM (at simulation time 70.000,000,000 s)
2024-06-03 18:13:27,110 INFO  - Sending out AdHoc broadcast (at simulation time 70.000,000,000 s)
2024-06-03 18:13:27,110 INFO  - Sending out AdHoc broadcast (at simulation time 70.000,000,000 s)
2024-06-03 18:13:27,110 INFO  - Sending out AdHoc broadcast (at simulation time 70.000,000,000 s)
2024-06-03 18:13:27,110 INFO  - Sending out AdHoc broadcast (at simulation time 70.000,000,000 s)
2024-06-03 18:13:27,113 INFO  - Called #onVehicleUpdated (at simulation time 71.000,000,000 s)
2024-06-03 18:13:27,113 INFO  - Exced velocity! Sending new CAM (at simulation time 71.000,000,000 s)
2024-06-03 18:13:27,113 INFO  - Sending out AdHoc broadcast (at simulation time 71.000,000,000 s)
2024-06-03 18:13:27,114 INFO  - Sending out AdHoc broadcast (at simulation time 71.000,000,000 s)
2024-06-03 18:13:27,114 INFO  - Sending out AdHoc broadcast (at simulation time 71.000,000,000 s)
2024-06-03 18:13:27,114 INFO  - Sending out AdHoc broadcast (at simulation time 71.000,000,000 s)
2024-06-03 18:13:27,114 INFO  - Sending out AdHoc broadcast (at simulation time 71.000,000,000 s)
2024-06-03 18:13:27,117 INFO  - Called #onVehicleUpdated (at simulation time 72.000,000,000 s)
2024-06-03 18:13:27,117 INFO  - Exced velocity! Sending new CAM (at simulation time 72.000,000,000 s)
2024-06-03 18:13:27,117 INFO  - Sending out AdHoc broadcast (at simulation time 72.000,000,000 s)
2024-06-03 18:13:27,117 INFO  - Sending out AdHoc broadcast (at simulation time 72.000,000,000 s)
2024-06-03 18:13:27,117 INFO  - Sending out AdHoc broadcast (at simulation time 72.000,000,000 s)
2024-06-03 18:13:27,117 INFO  - Sending out AdHoc broadcast (at simulation time 72.000,000,000 s)
2024-06-03 18:13:27,117 INFO  - Sending out AdHoc broadcast (at simulation time 72.000,000,000 s)
2024-06-03 18:13:27,120 INFO  - Called #onVehicleUpdated (at simulation time 73.000,000,000 s)
2024-06-03 18:13:27,120 INFO  - Exced velocity! Sending new CAM (at simulation time 73.000,000,000 s)
2024-06-03 18:13:27,120 INFO  - Sending out AdHoc broadcast (at simulation time 73.000,000,000 s)
2024-06-03 18:13:27,120 INFO  - Sending out AdHoc broadcast (at simulation time 73.000,000,000 s)
2024-06-03 18:13:27,120 INFO  - Sending out AdHoc broadcast (at simulation time 73.000,000,000 s)
2024-06-03 18:13:27,120 INFO  - Sending out AdHoc broadcast (at simulation time 73.000,000,000 s)
2024-06-03 18:13:27,120 INFO  - Sending out AdHoc broadcast (at simulation time 73.000,000,000 s)
2024-06-03 18:13:27,120 INFO  - Sending out AdHoc broadcast (at simulation time 73.000,000,000 s)
2024-06-03 18:13:27,123 INFO  - Shutdown (at simulation time 74.000,000,000 s)
