2024-06-03 19:50:56,735 INFO  - Initialize Vehicle application (at simulation time 186.000,000,000 s)
2024-06-03 19:50:56,737 INFO  - Activated WLAN Module (at simulation time 186.000,000,000 s)
2024-06-03 19:50:56,742 INFO  - Called #onVehicleUpdated (at simulation time 186.000,000,000 s)
2024-06-03 19:50:56,749 INFO  - Called #onVehicleUpdated (at simulation time 187.000,000,000 s)
2024-06-03 19:50:56,750 INFO  - Define the name: veh_30 and route: r_0 (at simulation time 187.000,000,000 s)
2024-06-03 19:50:56,750 INFO  - Sending out AdHoc broadcast (at simulation time 187.000,000,000 s)
2024-06-03 19:50:56,752 INFO  - Called #onVehicleUpdated (at simulation time 188.000,000,000 s)
2024-06-03 19:50:56,754 INFO  - Called #onVehicleUpdated (at simulation time 189.000,000,000 s)
2024-06-03 19:50:56,754 INFO  - Sending out AdHoc broadcast (at simulation time 189.000,000,000 s)
2024-06-03 19:50:56,757 INFO  - Called #onVehicleUpdated (at simulation time 190.000,000,000 s)
2024-06-03 19:50:56,760 INFO  - Called #onVehicleUpdated (at simulation time 191.000,000,000 s)
2024-06-03 19:50:56,760 INFO  - Sending out AdHoc broadcast (at simulation time 191.000,000,000 s)
2024-06-03 19:50:56,763 INFO  - Called #onVehicleUpdated (at simulation time 192.000,000,000 s)
2024-06-03 19:50:56,768 INFO  - Called #onVehicleUpdated (at simulation time 193.000,000,000 s)
2024-06-03 19:50:56,769 INFO  - Sending out AdHoc broadcast (at simulation time 193.000,000,000 s)
2024-06-03 19:50:56,769 INFO  - Recieve a message from other vehicle (at simulation time 193.000,400,000 s)
2024-06-03 19:50:56,769 INFO  - My position is not better! (at simulation time 193.000,400,000 s)
2024-06-03 19:50:56,770 INFO  - Recieve a message from other vehicle (at simulation time 193.000,400,000 s)
2024-06-03 19:50:56,770 INFO  - My position is not better! (at simulation time 193.000,400,000 s)
2024-06-03 19:50:56,770 INFO  - Recieve a message from other vehicle (at simulation time 193.000,400,000 s)
2024-06-03 19:50:56,770 INFO  - My position is not better! (at simulation time 193.000,400,000 s)
2024-06-03 19:50:56,770 INFO  - Recieve a message from other vehicle (at simulation time 193.000,800,000 s)
2024-06-03 19:50:56,770 INFO  - My position is not better! (at simulation time 193.000,800,000 s)
2024-06-03 19:50:56,770 INFO  - Recieve a message from other vehicle (at simulation time 193.000,900,000 s)
2024-06-03 19:50:56,770 INFO  - My position is not better! (at simulation time 193.000,900,000 s)
2024-06-03 19:50:56,770 INFO  - Recieve a message from other vehicle (at simulation time 193.000,900,000 s)
2024-06-03 19:50:56,770 INFO  - My position is not better! (at simulation time 193.000,900,000 s)
2024-06-03 19:50:56,770 INFO  - Recieve a message from other vehicle (at simulation time 193.000,900,000 s)
2024-06-03 19:50:56,770 INFO  - My position is not better! (at simulation time 193.000,900,000 s)
2024-06-03 19:50:56,771 INFO  - Recieve a message from other vehicle (at simulation time 193.001,300,000 s)
2024-06-03 19:50:56,771 INFO  - My position is not better! (at simulation time 193.001,300,000 s)
2024-06-03 19:50:56,771 INFO  - Recieve a message from other vehicle (at simulation time 193.001,300,000 s)
2024-06-03 19:50:56,771 INFO  - My position is not better! (at simulation time 193.001,300,000 s)
2024-06-03 19:50:56,771 INFO  - Recieve a message from other vehicle (at simulation time 193.001,400,000 s)
2024-06-03 19:50:56,771 INFO  - My position is not better! (at simulation time 193.001,400,000 s)
2024-06-03 19:50:56,771 INFO  - Recieve a message from other vehicle (at simulation time 193.001,400,000 s)
2024-06-03 19:50:56,771 INFO  - My position is not better! (at simulation time 193.001,400,000 s)
2024-06-03 19:50:56,771 INFO  - Recieve a message from other vehicle (at simulation time 193.001,800,000 s)
2024-06-03 19:50:56,771 INFO  - My position is not better! (at simulation time 193.001,800,000 s)
2024-06-03 19:50:56,771 INFO  - Recieve a message from other vehicle (at simulation time 193.001,900,000 s)
2024-06-03 19:50:56,771 INFO  - My position is not better! (at simulation time 193.001,900,000 s)
2024-06-03 19:50:56,771 INFO  - Recieve a message from other vehicle (at simulation time 193.001,900,000 s)
2024-06-03 19:50:56,771 INFO  - My position is not better! (at simulation time 193.001,900,000 s)
2024-06-03 19:50:56,772 INFO  - Recieve a message from other vehicle (at simulation time 193.001,900,000 s)
2024-06-03 19:50:56,772 INFO  - My position is not better! (at simulation time 193.001,900,000 s)
2024-06-03 19:50:56,772 INFO  - Recieve a message from other vehicle (at simulation time 193.002,300,000 s)
2024-06-03 19:50:56,772 INFO  - My position is not better! (at simulation time 193.002,300,000 s)
2024-06-03 19:50:56,772 INFO  - Recieve a message from other vehicle (at simulation time 193.002,300,000 s)
2024-06-03 19:50:56,772 INFO  - My position is not better! (at simulation time 193.002,300,000 s)
2024-06-03 19:50:56,772 INFO  - Recieve a message from other vehicle (at simulation time 193.002,800,000 s)
2024-06-03 19:50:56,772 INFO  - My position is not better! (at simulation time 193.002,800,000 s)
2024-06-03 19:50:56,774 INFO  - Called #onVehicleUpdated (at simulation time 194.000,000,000 s)
2024-06-03 19:50:56,776 INFO  - Recieve a message from other vehicle (at simulation time 194.000,400,000 s)
2024-06-03 19:50:56,776 INFO  - My position is not better! (at simulation time 194.000,400,000 s)
2024-06-03 19:50:56,776 INFO  - Recieve a message from other vehicle (at simulation time 194.000,800,000 s)
2024-06-03 19:50:56,776 INFO  - My position is not better! (at simulation time 194.000,800,000 s)
2024-06-03 19:50:56,776 INFO  - Recieve a message from other vehicle (at simulation time 194.000,800,000 s)
2024-06-03 19:50:56,776 INFO  - My position is not better! (at simulation time 194.000,800,000 s)
2024-06-03 19:50:56,776 INFO  - Recieve a message from other vehicle (at simulation time 194.000,900,000 s)
2024-06-03 19:50:56,776 INFO  - My position is not better! (at simulation time 194.000,900,000 s)
2024-06-03 19:50:56,776 INFO  - Recieve a message from other vehicle (at simulation time 194.000,900,000 s)
2024-06-03 19:50:56,776 INFO  - My position is not better! (at simulation time 194.000,900,000 s)
2024-06-03 19:50:56,777 INFO  - Recieve a message from other vehicle (at simulation time 194.000,900,000 s)
2024-06-03 19:50:56,777 INFO  - My position is not better! (at simulation time 194.000,900,000 s)
2024-06-03 19:50:56,777 INFO  - Recieve a message from other vehicle (at simulation time 194.000,900,000 s)
2024-06-03 19:50:56,777 INFO  - Recending a message from other vehicle (at simulation time 194.000,900,000 s)
2024-06-03 19:50:56,777 INFO  - Recieve a message from other vehicle (at simulation time 194.000,900,000 s)
2024-06-03 19:50:56,777 INFO  - My position is not better! (at simulation time 194.000,900,000 s)
2024-06-03 19:50:56,777 INFO  - Recieve a message from other vehicle (at simulation time 194.001,400,000 s)
2024-06-03 19:50:56,777 INFO  - My position is not better! (at simulation time 194.001,400,000 s)
2024-06-03 19:50:56,777 INFO  - Recieve a message from other vehicle (at simulation time 194.001,400,000 s)
2024-06-03 19:50:56,777 INFO  - My position is not better! (at simulation time 194.001,400,000 s)
2024-06-03 19:50:56,777 INFO  - Recieve a message from other vehicle (at simulation time 194.001,400,000 s)
2024-06-03 19:50:56,777 INFO  - My position is not better! (at simulation time 194.001,400,000 s)
2024-06-03 19:50:56,777 INFO  - Recieve a message from other vehicle (at simulation time 194.001,400,000 s)
2024-06-03 19:50:56,777 INFO  - My position is not better! (at simulation time 194.001,400,000 s)
2024-06-03 19:50:56,777 INFO  - Recieve a message from other vehicle (at simulation time 194.001,400,000 s)
2024-06-03 19:50:56,777 INFO  - My position is not better! (at simulation time 194.001,400,000 s)
2024-06-03 19:50:56,778 INFO  - Recieve a message from other vehicle (at simulation time 194.001,900,000 s)
2024-06-03 19:50:56,778 INFO  - My position is not better! (at simulation time 194.001,900,000 s)
2024-06-03 19:50:56,778 INFO  - Recieve a message from other vehicle (at simulation time 194.002,400,000 s)
2024-06-03 19:50:56,778 INFO  - My position is not better! (at simulation time 194.002,400,000 s)
2024-06-03 19:50:56,779 INFO  - Recieve a message from other vehicle (at simulation time 194.002,800,000 s)
2024-06-03 19:50:56,779 INFO  - My position is not better! (at simulation time 194.002,800,000 s)
2024-06-03 19:50:56,779 INFO  - Recieve a message from other vehicle (at simulation time 194.003,300,000 s)
2024-06-03 19:50:56,779 INFO  - My position is not better! (at simulation time 194.003,300,000 s)
2024-06-03 19:50:56,779 INFO  - Recieve a message from other vehicle (at simulation time 194.003,300,000 s)
2024-06-03 19:50:56,779 INFO  - My position is not better! (at simulation time 194.003,300,000 s)
2024-06-03 19:50:56,779 INFO  - Recieve a message from other vehicle (at simulation time 194.003,300,000 s)
2024-06-03 19:50:56,779 INFO  - My position is not better! (at simulation time 194.003,300,000 s)
2024-06-03 19:50:56,779 INFO  - Recieve a message from other vehicle (at simulation time 194.003,300,000 s)
2024-06-03 19:50:56,779 INFO  - My position is not better! (at simulation time 194.003,300,000 s)
2024-06-03 19:50:56,780 INFO  - Recieve a message from other vehicle (at simulation time 194.004,300,000 s)
2024-06-03 19:50:56,780 INFO  - My position is not better! (at simulation time 194.004,300,000 s)
2024-06-03 19:50:56,780 INFO  - Recieve a message from other vehicle (at simulation time 194.004,300,000 s)
2024-06-03 19:50:56,780 INFO  - My position is not better! (at simulation time 194.004,300,000 s)
2024-06-03 19:50:56,782 INFO  - Called #onVehicleUpdated (at simulation time 195.000,000,000 s)
2024-06-03 19:50:56,783 INFO  - Sending out DENM broadcast (at simulation time 195.000,000,000 s)
2024-06-03 19:50:56,783 INFO  - Sending out AdHoc broadcast (at simulation time 195.000,000,000 s)
2024-06-03 19:50:56,784 INFO  - Recieve a message from other vehicle (at simulation time 195.000,400,000 s)
2024-06-03 19:50:56,784 INFO  - DENM message Recived from veh_35 -info : nevoeiro (at simulation time 195.000,400,000 s)
2024-06-03 19:50:56,784 INFO  - Recending a DENM message from other vehicle (at simulation time 195.000,400,000 s)
2024-06-03 19:50:56,784 INFO  - Recieve a message from other vehicle (at simulation time 195.000,400,000 s)
2024-06-03 19:50:56,784 INFO  - Recending a message from other vehicle (at simulation time 195.000,400,000 s)
2024-06-03 19:50:56,785 INFO  - Recieve a message from other vehicle (at simulation time 195.000,800,000 s)
2024-06-03 19:50:56,785 INFO  - DENM message Recived from veh_30 -info : seco (at simulation time 195.000,800,000 s)
2024-06-03 19:50:56,785 INFO  - No more hops in DENM message (at simulation time 195.000,800,000 s)
2024-06-03 19:50:56,785 INFO  - Recieve a message from other vehicle (at simulation time 195.000,900,000 s)
2024-06-03 19:50:56,785 INFO  - Recending a message from other vehicle (at simulation time 195.000,900,000 s)
2024-06-03 19:50:56,786 INFO  - Recieve a message from other vehicle (at simulation time 195.001,300,000 s)
2024-06-03 19:50:56,786 INFO  - DENM message Recived from veh_33 -info : seco (at simulation time 195.001,300,000 s)
2024-06-03 19:50:56,786 INFO  - No more hops in DENM message (at simulation time 195.001,300,000 s)
2024-06-03 19:50:56,786 INFO  - Recieve a message from other vehicle (at simulation time 195.001,400,000 s)
2024-06-03 19:50:56,786 INFO  - DENM message Recived from veh_31 -info : seco (at simulation time 195.001,400,000 s)
2024-06-03 19:50:56,786 INFO  - Recending a DENM message from other vehicle (at simulation time 195.001,400,000 s)
2024-06-03 19:50:56,786 INFO  - Recieve a message from other vehicle (at simulation time 195.001,400,000 s)
2024-06-03 19:50:56,786 INFO  - DENM message Recived from veh_33 -info : seco (at simulation time 195.001,400,000 s)
2024-06-03 19:50:56,786 INFO  - No more hops in DENM message (at simulation time 195.001,400,000 s)
2024-06-03 19:50:56,787 INFO  - Recieve a message from other vehicle (at simulation time 195.001,400,000 s)
2024-06-03 19:50:56,787 INFO  - My position is not better! (at simulation time 195.001,400,000 s)
2024-06-03 19:50:56,787 INFO  - Recieve a message from other vehicle (at simulation time 195.001,800,000 s)
2024-06-03 19:50:56,787 INFO  - I'm in better position but no more hops in message (at simulation time 195.001,800,000 s)
2024-06-03 19:50:56,787 INFO  - Recieve a message from other vehicle (at simulation time 195.001,800,000 s)
2024-06-03 19:50:56,787 INFO  - I'm in better position but no more hops in message (at simulation time 195.001,800,000 s)
2024-06-03 19:50:56,788 INFO  - Recieve a message from other vehicle (at simulation time 195.001,900,000 s)
2024-06-03 19:50:56,788 INFO  - I'm in better position but no more hops in message (at simulation time 195.001,900,000 s)
2024-06-03 19:50:56,788 INFO  - Recieve a message from other vehicle (at simulation time 195.001,900,000 s)
2024-06-03 19:50:56,788 INFO  - Recending a message from other vehicle (at simulation time 195.001,900,000 s)
2024-06-03 19:50:56,788 INFO  - Recieve a message from other vehicle (at simulation time 195.002,300,000 s)
2024-06-03 19:50:56,788 INFO  - I'm in better position but no more hops in message (at simulation time 195.002,300,000 s)
2024-06-03 19:50:56,788 INFO  - Recieve a message from other vehicle (at simulation time 195.002,400,000 s)
2024-06-03 19:50:56,788 INFO  - My position is not better! (at simulation time 195.002,400,000 s)
2024-06-03 19:50:56,788 INFO  - Recieve a message from other vehicle (at simulation time 195.002,400,000 s)
2024-06-03 19:50:56,788 INFO  - I'm in better position but no more hops in message (at simulation time 195.002,400,000 s)
2024-06-03 19:50:56,788 INFO  - Recieve a message from other vehicle (at simulation time 195.002,400,000 s)
2024-06-03 19:50:56,788 INFO  - My position is not better! (at simulation time 195.002,400,000 s)
2024-06-03 19:50:56,789 INFO  - Recieve a message from other vehicle (at simulation time 195.002,400,000 s)
2024-06-03 19:50:56,789 INFO  - My position is not better! (at simulation time 195.002,400,000 s)
2024-06-03 19:50:56,789 INFO  - Recieve a message from other vehicle (at simulation time 195.002,400,000 s)
2024-06-03 19:50:56,789 INFO  - I'm in better position but no more hops in message (at simulation time 195.002,400,000 s)
2024-06-03 19:50:56,789 INFO  - Recieve a message from other vehicle (at simulation time 195.002,400,000 s)
2024-06-03 19:50:56,789 INFO  - I'm in better position but no more hops in message (at simulation time 195.002,400,000 s)
2024-06-03 19:50:56,789 INFO  - Recieve a message from other vehicle (at simulation time 195.002,400,000 s)
2024-06-03 19:50:56,789 INFO  - I'm in better position but no more hops in message (at simulation time 195.002,400,000 s)
2024-06-03 19:50:56,789 INFO  - Recieve a message from other vehicle (at simulation time 195.002,800,000 s)
2024-06-03 19:50:56,789 INFO  - I'm in better position but no more hops in message (at simulation time 195.002,800,000 s)
2024-06-03 19:50:56,789 INFO  - Recieve a message from other vehicle (at simulation time 195.003,300,000 s)
2024-06-03 19:50:56,789 INFO  - I'm in better position but no more hops in message (at simulation time 195.003,300,000 s)
2024-06-03 19:50:56,789 INFO  - Recieve a message from other vehicle (at simulation time 195.003,300,000 s)
2024-06-03 19:50:56,789 INFO  - My position is not better! (at simulation time 195.003,300,000 s)
2024-06-03 19:50:56,791 INFO  - Called #onVehicleUpdated (at simulation time 196.000,000,000 s)
2024-06-03 19:50:56,793 INFO  - Recieve a message from other vehicle (at simulation time 196.000,400,000 s)
2024-06-03 19:50:56,793 INFO  - Recending a message from other vehicle (at simulation time 196.000,400,000 s)
2024-06-03 19:50:56,794 INFO  - Recieve a message from other vehicle (at simulation time 196.000,900,000 s)
2024-06-03 19:50:56,794 INFO  - My position is not better! (at simulation time 196.000,900,000 s)
2024-06-03 19:50:56,794 INFO  - Recieve a message from other vehicle (at simulation time 196.000,900,000 s)
2024-06-03 19:50:56,794 INFO  - I'm in better position but no more hops in message (at simulation time 196.000,900,000 s)
2024-06-03 19:50:56,794 INFO  - Recieve a message from other vehicle (at simulation time 196.000,900,000 s)
2024-06-03 19:50:56,794 INFO  - I'm in better position but no more hops in message (at simulation time 196.000,900,000 s)
2024-06-03 19:50:56,795 INFO  - Recieve a message from other vehicle (at simulation time 196.001,300,000 s)
2024-06-03 19:50:56,795 INFO  - I'm in better position but no more hops in message (at simulation time 196.001,300,000 s)
2024-06-03 19:50:56,795 INFO  - Recieve a message from other vehicle (at simulation time 196.001,400,000 s)
2024-06-03 19:50:56,795 INFO  - DENM message Recived from veh_32 -info : seco (at simulation time 196.001,400,000 s)
2024-06-03 19:50:56,795 INFO  - No more hops in DENM message (at simulation time 196.001,400,000 s)
2024-06-03 19:50:56,795 INFO  - Recieve a message from other vehicle (at simulation time 196.001,400,000 s)
2024-06-03 19:50:56,795 INFO  - I'm in better position but no more hops in message (at simulation time 196.001,400,000 s)
2024-06-03 19:50:56,795 INFO  - Recieve a message from other vehicle (at simulation time 196.001,400,000 s)
2024-06-03 19:50:56,795 INFO  - My position is not better! (at simulation time 196.001,400,000 s)
2024-06-03 19:50:56,795 INFO  - Recieve a message from other vehicle (at simulation time 196.001,800,000 s)
2024-06-03 19:50:56,795 INFO  - DENM message Recived from veh_34 -info : seco (at simulation time 196.001,800,000 s)
2024-06-03 19:50:56,795 INFO  - No more hops in DENM message (at simulation time 196.001,800,000 s)
2024-06-03 19:50:56,796 INFO  - Recieve a message from other vehicle (at simulation time 196.001,800,000 s)
2024-06-03 19:50:56,796 INFO  - I'm in better position but no more hops in message (at simulation time 196.001,800,000 s)
2024-06-03 19:50:56,796 INFO  - Recieve a message from other vehicle (at simulation time 196.001,800,000 s)
2024-06-03 19:50:56,796 INFO  - I'm in better position but no more hops in message (at simulation time 196.001,800,000 s)
2024-06-03 19:50:56,796 INFO  - Recieve a message from other vehicle (at simulation time 196.001,800,000 s)
2024-06-03 19:50:56,796 INFO  - I'm in better position but no more hops in message (at simulation time 196.001,800,000 s)
2024-06-03 19:50:56,796 INFO  - Recieve a message from other vehicle (at simulation time 196.001,800,000 s)
2024-06-03 19:50:56,796 INFO  - I'm in better position but no more hops in message (at simulation time 196.001,800,000 s)
2024-06-03 19:50:56,796 INFO  - Recieve a message from other vehicle (at simulation time 196.001,900,000 s)
2024-06-03 19:50:56,796 INFO  - I'm in better position but no more hops in message (at simulation time 196.001,900,000 s)
2024-06-03 19:50:56,796 INFO  - Recieve a message from other vehicle (at simulation time 196.001,900,000 s)
2024-06-03 19:50:56,796 INFO  - I'm in better position but no more hops in message (at simulation time 196.001,900,000 s)
2024-06-03 19:50:56,796 INFO  - Recieve a message from other vehicle (at simulation time 196.001,900,000 s)
2024-06-03 19:50:56,796 INFO  - My position is not better! (at simulation time 196.001,900,000 s)
2024-06-03 19:50:56,797 INFO  - Recieve a message from other vehicle (at simulation time 196.002,400,000 s)
2024-06-03 19:50:56,797 INFO  - DENM message Recived from veh_34 -info : seco (at simulation time 196.002,400,000 s)
2024-06-03 19:50:56,797 INFO  - No more hops in DENM message (at simulation time 196.002,400,000 s)
2024-06-03 19:50:56,797 INFO  - Recieve a message from other vehicle (at simulation time 196.002,400,000 s)
2024-06-03 19:50:56,797 INFO  - I'm in better position but no more hops in message (at simulation time 196.002,400,000 s)
2024-06-03 19:50:56,797 INFO  - Recieve a message from other vehicle (at simulation time 196.002,400,000 s)
2024-06-03 19:50:56,797 INFO  - My position is not better! (at simulation time 196.002,400,000 s)
2024-06-03 19:50:56,797 INFO  - Recieve a message from other vehicle (at simulation time 196.002,400,000 s)
2024-06-03 19:50:56,797 INFO  - I'm in better position but no more hops in message (at simulation time 196.002,400,000 s)
2024-06-03 19:50:56,797 INFO  - Recieve a message from other vehicle (at simulation time 196.002,400,000 s)
2024-06-03 19:50:56,797 INFO  - I'm in better position but no more hops in message (at simulation time 196.002,400,000 s)
2024-06-03 19:50:56,798 INFO  - Recieve a message from other vehicle (at simulation time 196.002,800,000 s)
2024-06-03 19:50:56,798 INFO  - I'm in better position but no more hops in message (at simulation time 196.002,800,000 s)
2024-06-03 19:50:56,798 INFO  - Recieve a message from other vehicle (at simulation time 196.003,300,000 s)
2024-06-03 19:50:56,798 INFO  - DENM message Recived from veh_32 -info : seco (at simulation time 196.003,300,000 s)
2024-06-03 19:50:56,798 INFO  - No more hops in DENM message (at simulation time 196.003,300,000 s)
2024-06-03 19:50:56,799 INFO  - Called #onVehicleUpdated (at simulation time 197.000,000,000 s)
2024-06-03 19:50:56,800 INFO  - Sending out AdHoc broadcast (at simulation time 197.000,000,000 s)
2024-06-03 19:50:56,801 INFO  - Recieve a message from other vehicle (at simulation time 197.000,400,000 s)
2024-06-03 19:50:56,801 INFO  - Recending a message from other vehicle (at simulation time 197.000,400,000 s)
2024-06-03 19:50:56,801 INFO  - Recieve a message from other vehicle (at simulation time 197.000,400,000 s)
2024-06-03 19:50:56,801 INFO  - My position is not better! (at simulation time 197.000,400,000 s)
2024-06-03 19:50:56,801 INFO  - Recieve a message from other vehicle (at simulation time 197.000,800,000 s)
2024-06-03 19:50:56,801 INFO  - I'm in better position but no more hops in message (at simulation time 197.000,800,000 s)
2024-06-03 19:50:56,801 INFO  - Recieve a message from other vehicle (at simulation time 197.000,900,000 s)
2024-06-03 19:50:56,801 INFO  - I'm in better position but no more hops in message (at simulation time 197.000,900,000 s)
2024-06-03 19:50:56,801 INFO  - Recieve a message from other vehicle (at simulation time 197.001,300,000 s)
2024-06-03 19:50:56,801 INFO  - I'm in better position but no more hops in message (at simulation time 197.001,300,000 s)
2024-06-03 19:50:56,802 INFO  - Recieve a message from other vehicle (at simulation time 197.001,400,000 s)
2024-06-03 19:50:56,802 INFO  - I'm in better position but no more hops in message (at simulation time 197.001,400,000 s)
2024-06-03 19:50:56,802 INFO  - Recieve a message from other vehicle (at simulation time 197.001,400,000 s)
2024-06-03 19:50:56,802 INFO  - I'm in better position but no more hops in message (at simulation time 197.001,400,000 s)
2024-06-03 19:50:56,803 INFO  - Recieve a message from other vehicle (at simulation time 197.001,800,000 s)
2024-06-03 19:50:56,803 INFO  - I'm in better position but no more hops in message (at simulation time 197.001,800,000 s)
2024-06-03 19:50:56,803 INFO  - Recieve a message from other vehicle (at simulation time 197.001,900,000 s)
2024-06-03 19:50:56,803 INFO  - I'm in better position but no more hops in message (at simulation time 197.001,900,000 s)
2024-06-03 19:50:56,803 INFO  - Recieve a message from other vehicle (at simulation time 197.001,900,000 s)
2024-06-03 19:50:56,803 INFO  - My position is not better! (at simulation time 197.001,900,000 s)
2024-06-03 19:50:56,803 INFO  - Recieve a message from other vehicle (at simulation time 197.001,900,000 s)
2024-06-03 19:50:56,803 INFO  - I'm in better position but no more hops in message (at simulation time 197.001,900,000 s)
2024-06-03 19:50:56,803 INFO  - Recieve a message from other vehicle (at simulation time 197.001,900,000 s)
2024-06-03 19:50:56,803 INFO  - I'm in better position but no more hops in message (at simulation time 197.001,900,000 s)
2024-06-03 19:50:56,803 INFO  - Recieve a message from other vehicle (at simulation time 197.002,300,000 s)
2024-06-03 19:50:56,803 INFO  - My position is not better! (at simulation time 197.002,300,000 s)
2024-06-03 19:50:56,803 INFO  - Recieve a message from other vehicle (at simulation time 197.002,300,000 s)
2024-06-03 19:50:56,803 INFO  - I'm in better position but no more hops in message (at simulation time 197.002,300,000 s)
2024-06-03 19:50:56,803 INFO  - Recieve a message from other vehicle (at simulation time 197.002,400,000 s)
2024-06-03 19:50:56,803 INFO  - I'm in better position but no more hops in message (at simulation time 197.002,400,000 s)
2024-06-03 19:50:56,804 INFO  - Recieve a message from other vehicle (at simulation time 197.002,400,000 s)
2024-06-03 19:50:56,804 INFO  - My position is not better! (at simulation time 197.002,400,000 s)
2024-06-03 19:50:56,804 INFO  - Recieve a message from other vehicle (at simulation time 197.002,400,000 s)
2024-06-03 19:50:56,804 INFO  - I'm in better position but no more hops in message (at simulation time 197.002,400,000 s)
2024-06-03 19:50:56,804 INFO  - Recieve a message from other vehicle (at simulation time 197.002,800,000 s)
2024-06-03 19:50:56,804 INFO  - My position is not better! (at simulation time 197.002,800,000 s)
2024-06-03 19:50:56,804 INFO  - Recieve a message from other vehicle (at simulation time 197.002,800,000 s)
2024-06-03 19:50:56,804 INFO  - I'm in better position but no more hops in message (at simulation time 197.002,800,000 s)
2024-06-03 19:50:56,804 INFO  - Recieve a message from other vehicle (at simulation time 197.002,800,000 s)
2024-06-03 19:50:56,804 INFO  - I'm in better position but no more hops in message (at simulation time 197.002,800,000 s)
2024-06-03 19:50:56,804 INFO  - Recieve a message from other vehicle (at simulation time 197.002,800,000 s)
2024-06-03 19:50:56,804 INFO  - I'm in better position but no more hops in message (at simulation time 197.002,800,000 s)
2024-06-03 19:50:56,804 INFO  - Recieve a message from other vehicle (at simulation time 197.002,800,000 s)
2024-06-03 19:50:56,804 INFO  - My position is not better! (at simulation time 197.002,800,000 s)
2024-06-03 19:50:56,806 INFO  - Called #onVehicleUpdated (at simulation time 198.000,000,000 s)
2024-06-03 19:50:56,807 INFO  - Recieve a message from other vehicle (at simulation time 198.000,400,000 s)
2024-06-03 19:50:56,807 INFO  - I'm in better position but no more hops in message (at simulation time 198.000,400,000 s)
2024-06-03 19:50:56,807 INFO  - Recieve a message from other vehicle (at simulation time 198.000,900,000 s)
2024-06-03 19:50:56,807 INFO  - Recending a message from other vehicle (at simulation time 198.000,900,000 s)
2024-06-03 19:50:56,807 INFO  - Recieve a message from other vehicle (at simulation time 198.000,900,000 s)
2024-06-03 19:50:56,807 INFO  - I'm in better position but no more hops in message (at simulation time 198.000,900,000 s)
2024-06-03 19:50:56,807 INFO  - Recieve a message from other vehicle (at simulation time 198.000,900,000 s)
2024-06-03 19:50:56,807 INFO  - My position is not better! (at simulation time 198.000,900,000 s)
2024-06-03 19:50:56,807 INFO  - Recieve a message from other vehicle (at simulation time 198.001,400,000 s)
2024-06-03 19:50:56,807 INFO  - I'm in better position but no more hops in message (at simulation time 198.001,400,000 s)
2024-06-03 19:50:56,808 INFO  - Recieve a message from other vehicle (at simulation time 198.001,800,000 s)
2024-06-03 19:50:56,808 INFO  - I'm in better position but no more hops in message (at simulation time 198.001,800,000 s)
2024-06-03 19:50:56,808 INFO  - Recieve a message from other vehicle (at simulation time 198.001,900,000 s)
2024-06-03 19:50:56,808 INFO  - I'm in better position but no more hops in message (at simulation time 198.001,900,000 s)
2024-06-03 19:50:56,808 INFO  - Recieve a message from other vehicle (at simulation time 198.002,400,000 s)
2024-06-03 19:50:56,808 INFO  - I'm in better position but no more hops in message (at simulation time 198.002,400,000 s)
2024-06-03 19:50:56,808 INFO  - Recieve a message from other vehicle (at simulation time 198.002,800,000 s)
2024-06-03 19:50:56,808 INFO  - I'm in better position but no more hops in message (at simulation time 198.002,800,000 s)
2024-06-03 19:50:56,808 INFO  - Recieve a message from other vehicle (at simulation time 198.002,800,000 s)
2024-06-03 19:50:56,809 INFO  - I'm in better position but no more hops in message (at simulation time 198.002,800,000 s)
2024-06-03 19:50:56,809 INFO  - Recieve a message from other vehicle (at simulation time 198.002,800,000 s)
2024-06-03 19:50:56,809 INFO  - I'm in better position but no more hops in message (at simulation time 198.002,800,000 s)
2024-06-03 19:50:56,809 INFO  - Recieve a message from other vehicle (at simulation time 198.003,300,000 s)
2024-06-03 19:50:56,809 INFO  - I'm in better position but no more hops in message (at simulation time 198.003,300,000 s)
2024-06-03 19:50:56,809 INFO  - Recieve a message from other vehicle (at simulation time 198.003,300,000 s)
2024-06-03 19:50:56,809 INFO  - I'm in better position but no more hops in message (at simulation time 198.003,300,000 s)
2024-06-03 19:50:56,810 INFO  - Called #onVehicleUpdated (at simulation time 199.000,000,000 s)
2024-06-03 19:50:56,810 INFO  - Sending out AdHoc broadcast (at simulation time 199.000,000,000 s)
2024-06-03 19:50:56,811 INFO  - Recieve a message from other vehicle (at simulation time 199.000,900,000 s)
2024-06-03 19:50:56,811 INFO  - Recending a message from other vehicle (at simulation time 199.000,900,000 s)
2024-06-03 19:50:56,811 INFO  - Recieve a message from other vehicle (at simulation time 199.001,900,000 s)
2024-06-03 19:50:56,811 INFO  - Recending a message from other vehicle (at simulation time 199.001,900,000 s)
2024-06-03 19:50:56,811 INFO  - Recieve a message from other vehicle (at simulation time 199.001,900,000 s)
2024-06-03 19:50:56,811 INFO  - Recending a message from other vehicle (at simulation time 199.001,900,000 s)
2024-06-03 19:50:56,811 INFO  - Recieve a message from other vehicle (at simulation time 199.001,900,000 s)
2024-06-03 19:50:56,811 INFO  - I'm in better position but no more hops in message (at simulation time 199.001,900,000 s)
2024-06-03 19:50:56,811 INFO  - Recieve a message from other vehicle (at simulation time 199.002,400,000 s)
2024-06-03 19:50:56,811 INFO  - Recending a message from other vehicle (at simulation time 199.002,400,000 s)
2024-06-03 19:50:56,814 INFO  - Called #onVehicleUpdated (at simulation time 200.000,000,000 s)
2024-06-03 19:50:56,814 INFO  - Recieve a message from other vehicle (at simulation time 200.001,400,000 s)
2024-06-03 19:50:56,814 INFO  - My position is not better! (at simulation time 200.001,400,000 s)
2024-06-03 19:50:56,814 INFO  - Recieve a message from other vehicle (at simulation time 200.001,400,000 s)
2024-06-03 19:50:56,814 INFO  - Recending a message from other vehicle (at simulation time 200.001,400,000 s)
2024-06-03 19:50:56,815 INFO  - Recieve a message from other vehicle (at simulation time 200.001,900,000 s)
2024-06-03 19:50:56,815 INFO  - My position is not better! (at simulation time 200.001,900,000 s)
2024-06-03 19:50:56,816 INFO  - Called #onVehicleUpdated (at simulation time 201.000,000,000 s)
2024-06-03 19:50:56,816 INFO  - Sending out AdHoc broadcast (at simulation time 201.000,000,000 s)
2024-06-03 19:50:56,816 INFO  - Recieve a message from other vehicle (at simulation time 201.000,400,000 s)
2024-06-03 19:50:56,816 INFO  - My position is not better! (at simulation time 201.000,400,000 s)
2024-06-03 19:50:56,816 INFO  - Recieve a message from other vehicle (at simulation time 201.004,300,000 s)
2024-06-03 19:50:56,816 INFO  - My position is not better! (at simulation time 201.004,300,000 s)
2024-06-03 19:50:56,817 INFO  - Called #onVehicleUpdated (at simulation time 202.000,000,000 s)
2024-06-03 19:50:56,819 INFO  - Called #onVehicleUpdated (at simulation time 203.000,000,000 s)
2024-06-03 19:50:56,819 INFO  - Sending out AdHoc broadcast (at simulation time 203.000,000,000 s)
2024-06-03 19:50:56,820 INFO  - Called #onVehicleUpdated (at simulation time 204.000,000,000 s)
2024-06-03 19:50:56,822 INFO  - Called #onVehicleUpdated (at simulation time 205.000,000,000 s)
2024-06-03 19:50:56,822 INFO  - Sending out AdHoc broadcast (at simulation time 205.000,000,000 s)
2024-06-03 19:50:56,823 INFO  - Called #onVehicleUpdated (at simulation time 206.000,000,000 s)
2024-06-03 19:50:56,824 INFO  - Called #onVehicleUpdated (at simulation time 207.000,000,000 s)
2024-06-03 19:50:56,824 INFO  - Sending out AdHoc broadcast (at simulation time 207.000,000,000 s)
2024-06-03 19:50:56,824 INFO  - Called #onVehicleUpdated (at simulation time 208.000,000,000 s)
2024-06-03 19:50:56,825 INFO  - Shutdown (at simulation time 209.000,000,000 s)
