2024-06-03 19:50:51,417 INFO  ROOT - Running Eclipse MOSAIC 23.1 on Java JRE v11.0.22 (Ubuntu)
2024-06-03 19:50:51,634 INFO  MosaicStarter - Federate sumo: No port given. Using free port: 42349
2024-06-03 19:50:51,700 INFO  FederationManagement - Start federation with id 'npr'
2024-06-03 19:50:51,701 INFO  FederationManagement - Add ambassador/federate with id 'application'
2024-06-03 19:50:51,704 INFO  FederationManagement - Add ambassador/federate with id 'mapping'
2024-06-03 19:50:51,704 INFO  FederationManagement - Add ambassador/federate with id 'sns'
2024-06-03 19:50:51,704 INFO  FederationManagement - Add ambassador/federate with id 'sumo'
2024-06-03 19:50:51,705 INFO  FederationManagement - Deploying federate 'sumo' locally in ./tmp/sumo
2024-06-03 19:50:51,711 INFO  FederationManagement - Starting federate 'sumo' locally in ./tmp/sumo
2024-06-03 19:50:51,712 INFO  FederationManagement - Add ambassador/federate with id 'output'
2024-06-03 19:50:51,712 INFO  OutputAmbassador - Initialize configuration of OutputAmbassador
2024-06-03 19:50:51,759 WARN  FileOutputLoader - decimalSeparator is required to be one character, defaulting to '.' as decimal separator.
2024-06-03 19:50:52,581 INFO  OutputAmbassador - Registered output generator 'websocket' for messages [RsuRegistration, VehicleRegistration, VehicleUpdates, V2xMessageReception, V2xMessageTransmission]. Update interval=1
2024-06-03 19:50:52,582 INFO  OutputAmbassador - Registered output generator 'fileoutput' for messages [VehicleRegistration, VehicleUpdates]. Update interval=5
2024-06-03 19:50:52,597 ERROR WebsocketVisualizerServer - WebsocketError
java.net.BindException: Address already in use
	at java.base/sun.nio.ch.Net.bind0(Native Method)
	at java.base/sun.nio.ch.Net.bind(Net.java:459)
	at java.base/sun.nio.ch.Net.bind(Net.java:448)
	at java.base/sun.nio.ch.ServerSocketChannelImpl.bind(ServerSocketChannelImpl.java:227)
	at java.base/sun.nio.ch.ServerSocketAdaptor.bind(ServerSocketAdaptor.java:80)
	at java.base/sun.nio.ch.ServerSocketAdaptor.bind(ServerSocketAdaptor.java:73)
	at org.java_websocket.server.WebSocketServer.run(WebSocketServer.java:330)
	at java.base/java.lang.Thread.run(Thread.java:829)
2024-06-03 19:50:57,884 INFO  SequentialTimeManagement - Simulation ended after 1000s of 1000s (100%)
2024-06-03 19:50:57,884 INFO  SequentialTimeManagement - Started: 2024-06-03 19:50:53
2024-06-03 19:50:57,884 INFO  SequentialTimeManagement - Ended: 2024-06-03 19:50:57
2024-06-03 19:50:57,886 INFO  SequentialTimeManagement - Duration: 00h 00m 04.752s (RTF: 210.00)
2024-06-03 19:50:57,886 INFO  SequentialTimeManagement - 
2024-06-03 19:50:57,886 INFO  SequentialTimeManagement - Simulation finished: 101
