2024-06-03 19:54:39,393 INFO  - Initialize Vehicle application (at simulation time 547.000,000,000 s)
2024-06-03 19:54:39,395 INFO  - Activated WLAN Module (at simulation time 547.000,000,000 s)
2024-06-03 19:54:39,395 INFO  - Called #onVehicleUpdated (at simulation time 547.000,000,000 s)
2024-06-03 19:54:39,395 INFO  - Exced velocity! Sending new CAM (at simulation time 547.000,000,000 s)
2024-06-03 19:54:39,395 INFO  - Sending out AdHoc broadcast (at simulation time 547.000,000,000 s)
2024-06-03 19:54:39,396 INFO  - Recieve a message from other vehicle (at simulation time 547.000,400,000 s)
2024-06-03 19:54:39,396 INFO  - My position is not better! (at simulation time 547.000,400,000 s)
2024-06-03 19:54:39,396 INFO  - Recieve a message from other vehicle (at simulation time 547.000,400,000 s)
2024-06-03 19:54:39,396 INFO  - My position is not better! (at simulation time 547.000,400,000 s)
2024-06-03 19:54:39,396 INFO  - Recieve a message from other vehicle (at simulation time 547.003,800,000 s)
2024-06-03 19:54:39,396 INFO  - My position is not better! (at simulation time 547.003,800,000 s)
2024-06-03 19:54:39,398 INFO  - Called #onVehicleUpdated (at simulation time 548.000,000,000 s)
2024-06-03 19:54:39,398 INFO  - Define the name: veh_81 and route: r_1 (at simulation time 548.000,000,000 s)
2024-06-03 19:54:39,398 INFO  - Sending out AdHoc broadcast (at simulation time 548.000,000,000 s)
2024-06-03 19:54:39,398 INFO  - Recieve a message from other vehicle (at simulation time 548.000,900,000 s)
2024-06-03 19:54:39,398 INFO  - My position is not better! (at simulation time 548.000,900,000 s)
2024-06-03 19:54:39,399 INFO  - Recieve a message from other vehicle (at simulation time 548.001,400,000 s)
2024-06-03 19:54:39,399 INFO  - My position is not better! (at simulation time 548.001,400,000 s)
2024-06-03 19:54:39,399 INFO  - Recieve a message from other vehicle (at simulation time 548.002,300,000 s)
2024-06-03 19:54:39,399 INFO  - My position is not better! (at simulation time 548.002,300,000 s)
2024-06-03 19:54:39,400 INFO  - Called #onVehicleUpdated (at simulation time 549.000,000,000 s)
2024-06-03 19:54:39,400 INFO  - Exced velocity! Sending new CAM (at simulation time 549.000,000,000 s)
2024-06-03 19:54:39,400 INFO  - Sending out AdHoc broadcast (at simulation time 549.000,000,000 s)
2024-06-03 19:54:39,400 INFO  - Sending out AdHoc broadcast (at simulation time 549.000,000,000 s)
2024-06-03 19:54:39,400 INFO  - Recieve a message from other vehicle (at simulation time 549.000,400,000 s)
2024-06-03 19:54:39,400 INFO  - My position is not better! (at simulation time 549.000,400,000 s)
2024-06-03 19:54:39,400 INFO  - Recieve a message from other vehicle (at simulation time 549.001,400,000 s)
2024-06-03 19:54:39,400 INFO  - My position is not better! (at simulation time 549.001,400,000 s)
2024-06-03 19:54:39,401 INFO  - Recieve a message from other vehicle (at simulation time 549.001,900,000 s)
2024-06-03 19:54:39,401 INFO  - My position is not better! (at simulation time 549.001,900,000 s)
2024-06-03 19:54:39,401 INFO  - Recieve a message from other vehicle (at simulation time 549.002,300,000 s)
2024-06-03 19:54:39,401 INFO  - My position is not better! (at simulation time 549.002,300,000 s)
2024-06-03 19:54:39,401 INFO  - Recieve a message from other vehicle (at simulation time 549.003,300,000 s)
2024-06-03 19:54:39,401 INFO  - My position is not better! (at simulation time 549.003,300,000 s)
2024-06-03 19:54:39,403 INFO  - Called #onVehicleUpdated (at simulation time 550.000,000,000 s)
2024-06-03 19:54:39,403 INFO  - Exced velocity! Sending new CAM (at simulation time 550.000,000,000 s)
2024-06-03 19:54:39,403 INFO  - Sending out AdHoc broadcast (at simulation time 550.000,000,000 s)
2024-06-03 19:54:39,403 INFO  - Sending out AdHoc broadcast (at simulation time 550.000,000,000 s)
2024-06-03 19:54:39,403 INFO  - Recieve a message from other vehicle (at simulation time 550.000,900,000 s)
2024-06-03 19:54:39,403 INFO  - My position is not better! (at simulation time 550.000,900,000 s)
2024-06-03 19:54:39,403 INFO  - Recieve a message from other vehicle (at simulation time 550.000,900,000 s)
2024-06-03 19:54:39,403 INFO  - My position is not better! (at simulation time 550.000,900,000 s)
2024-06-03 19:54:39,403 INFO  - Recieve a message from other vehicle (at simulation time 550.001,900,000 s)
2024-06-03 19:54:39,403 INFO  - My position is not better! (at simulation time 550.001,900,000 s)
2024-06-03 19:54:39,403 INFO  - Recieve a message from other vehicle (at simulation time 550.002,300,000 s)
2024-06-03 19:54:39,403 INFO  - My position is not better! (at simulation time 550.002,300,000 s)
2024-06-03 19:54:39,403 INFO  - Recieve a message from other vehicle (at simulation time 550.003,800,000 s)
2024-06-03 19:54:39,403 INFO  - My position is not better! (at simulation time 550.003,800,000 s)
2024-06-03 19:54:39,404 INFO  - Called #onVehicleUpdated (at simulation time 551.000,000,000 s)
2024-06-03 19:54:39,404 INFO  - Exced velocity! Sending new CAM (at simulation time 551.000,000,000 s)
2024-06-03 19:54:39,404 INFO  - Sending out AdHoc broadcast (at simulation time 551.000,000,000 s)
2024-06-03 19:54:39,404 INFO  - Sending out AdHoc broadcast (at simulation time 551.000,000,000 s)
2024-06-03 19:54:39,404 INFO  - Sending out AdHoc broadcast (at simulation time 551.000,000,000 s)
2024-06-03 19:54:39,404 INFO  - Recieve a message from other vehicle (at simulation time 551.000,400,000 s)
2024-06-03 19:54:39,404 INFO  - My position is not better! (at simulation time 551.000,400,000 s)
2024-06-03 19:54:39,404 INFO  - Recieve a message from other vehicle (at simulation time 551.000,400,000 s)
2024-06-03 19:54:39,404 INFO  - My position is not better! (at simulation time 551.000,400,000 s)
2024-06-03 19:54:39,405 INFO  - Recieve a message from other vehicle (at simulation time 551.001,400,000 s)
2024-06-03 19:54:39,405 INFO  - My position is not better! (at simulation time 551.001,400,000 s)
2024-06-03 19:54:39,405 INFO  - Recieve a message from other vehicle (at simulation time 551.001,900,000 s)
2024-06-03 19:54:39,405 INFO  - My position is not better! (at simulation time 551.001,900,000 s)
2024-06-03 19:54:39,405 INFO  - Recieve a message from other vehicle (at simulation time 551.002,300,000 s)
2024-06-03 19:54:39,405 INFO  - My position is not better! (at simulation time 551.002,300,000 s)
2024-06-03 19:54:39,405 INFO  - Recieve a message from other vehicle (at simulation time 551.003,300,000 s)
2024-06-03 19:54:39,405 INFO  - My position is not better! (at simulation time 551.003,300,000 s)
2024-06-03 19:54:39,405 INFO  - Recieve a message from other vehicle (at simulation time 551.004,300,000 s)
2024-06-03 19:54:39,405 INFO  - My position is not better! (at simulation time 551.004,300,000 s)
2024-06-03 19:54:39,406 INFO  - Called #onVehicleUpdated (at simulation time 552.000,000,000 s)
2024-06-03 19:54:39,406 INFO  - Exced velocity! Sending new CAM (at simulation time 552.000,000,000 s)
2024-06-03 19:54:39,406 INFO  - Sending out AdHoc broadcast (at simulation time 552.000,000,000 s)
2024-06-03 19:54:39,406 INFO  - Sending out AdHoc broadcast (at simulation time 552.000,000,000 s)
2024-06-03 19:54:39,407 INFO  - Sending out AdHoc broadcast (at simulation time 552.000,000,000 s)
2024-06-03 19:54:39,407 INFO  - Recieve a message from other vehicle (at simulation time 552.000,900,000 s)
2024-06-03 19:54:39,407 INFO  - My position is not better! (at simulation time 552.000,900,000 s)
2024-06-03 19:54:39,407 INFO  - Recieve a message from other vehicle (at simulation time 552.001,300,000 s)
2024-06-03 19:54:39,407 INFO  - My position is not better! (at simulation time 552.001,300,000 s)
2024-06-03 19:54:39,407 INFO  - Recieve a message from other vehicle (at simulation time 552.001,400,000 s)
2024-06-03 19:54:39,407 INFO  - My position is not better! (at simulation time 552.001,400,000 s)
2024-06-03 19:54:39,408 INFO  - Recieve a message from other vehicle (at simulation time 552.002,400,000 s)
2024-06-03 19:54:39,408 INFO  - My position is not better! (at simulation time 552.002,400,000 s)
2024-06-03 19:54:39,408 INFO  - Recieve a message from other vehicle (at simulation time 552.003,300,000 s)
2024-06-03 19:54:39,408 INFO  - My position is not better! (at simulation time 552.003,300,000 s)
2024-06-03 19:54:39,408 INFO  - Recieve a message from other vehicle (at simulation time 552.003,300,000 s)
2024-06-03 19:54:39,408 INFO  - I'm in better position but no more hops in message (at simulation time 552.003,300,000 s)
2024-06-03 19:54:39,408 INFO  - Recieve a message from other vehicle (at simulation time 552.004,300,000 s)
2024-06-03 19:54:39,408 INFO  - My position is not better! (at simulation time 552.004,300,000 s)
2024-06-03 19:54:39,410 INFO  - Called #onVehicleUpdated (at simulation time 553.000,000,000 s)
2024-06-03 19:54:39,410 INFO  - Sending out AdHoc broadcast (at simulation time 553.000,000,000 s)
2024-06-03 19:54:39,410 INFO  - Sending out AdHoc broadcast (at simulation time 553.000,000,000 s)
2024-06-03 19:54:39,410 INFO  - Sending out AdHoc broadcast (at simulation time 553.000,000,000 s)
2024-06-03 19:54:39,411 INFO  - Recieve a message from other vehicle (at simulation time 553.000,400,000 s)
2024-06-03 19:54:39,411 INFO  - My position is not better! (at simulation time 553.000,400,000 s)
2024-06-03 19:54:39,411 INFO  - Recieve a message from other vehicle (at simulation time 553.000,900,000 s)
2024-06-03 19:54:39,411 INFO  - My position is not better! (at simulation time 553.000,900,000 s)
2024-06-03 19:54:39,412 INFO  - Recieve a message from other vehicle (at simulation time 553.002,400,000 s)
2024-06-03 19:54:39,412 INFO  - My position is not better! (at simulation time 553.002,400,000 s)
2024-06-03 19:54:39,412 INFO  - Recieve a message from other vehicle (at simulation time 553.002,400,000 s)
2024-06-03 19:54:39,412 INFO  - My position is not better! (at simulation time 553.002,400,000 s)
2024-06-03 19:54:39,412 INFO  - Recieve a message from other vehicle (at simulation time 553.002,400,000 s)
2024-06-03 19:54:39,412 INFO  - My position is not better! (at simulation time 553.002,400,000 s)
2024-06-03 19:54:39,412 INFO  - Recieve a message from other vehicle (at simulation time 553.002,800,000 s)
2024-06-03 19:54:39,412 INFO  - My position is not better! (at simulation time 553.002,800,000 s)
2024-06-03 19:54:39,412 INFO  - Recieve a message from other vehicle (at simulation time 553.003,300,000 s)
2024-06-03 19:54:39,412 INFO  - My position is not better! (at simulation time 553.003,300,000 s)
2024-06-03 19:54:39,412 INFO  - Recieve a message from other vehicle (at simulation time 553.003,300,000 s)
2024-06-03 19:54:39,412 INFO  - My position is not better! (at simulation time 553.003,300,000 s)
2024-06-03 19:54:39,412 INFO  - Recieve a message from other vehicle (at simulation time 553.003,800,000 s)
2024-06-03 19:54:39,412 INFO  - My position is not better! (at simulation time 553.003,800,000 s)
2024-06-03 19:54:39,414 INFO  - Called #onVehicleUpdated (at simulation time 554.000,000,000 s)
2024-06-03 19:54:39,414 INFO  - Sending out AdHoc broadcast (at simulation time 554.000,000,000 s)
2024-06-03 19:54:39,414 INFO  - Sending out AdHoc broadcast (at simulation time 554.000,000,000 s)
2024-06-03 19:54:39,414 INFO  - Sending out AdHoc broadcast (at simulation time 554.000,000,000 s)
2024-06-03 19:54:39,414 INFO  - Recieve a message from other vehicle (at simulation time 554.000,400,000 s)
2024-06-03 19:54:39,414 INFO  - My position is not better! (at simulation time 554.000,400,000 s)
2024-06-03 19:54:39,414 INFO  - Recieve a message from other vehicle (at simulation time 554.000,900,000 s)
2024-06-03 19:54:39,414 INFO  - My position is not better! (at simulation time 554.000,900,000 s)
2024-06-03 19:54:39,414 INFO  - Recieve a message from other vehicle (at simulation time 554.001,400,000 s)
2024-06-03 19:54:39,415 INFO  - My position is not better! (at simulation time 554.001,400,000 s)
2024-06-03 19:54:39,415 INFO  - Recieve a message from other vehicle (at simulation time 554.001,400,000 s)
2024-06-03 19:54:39,415 INFO  - My position is not better! (at simulation time 554.001,400,000 s)
2024-06-03 19:54:39,415 INFO  - Recieve a message from other vehicle (at simulation time 554.001,800,000 s)
2024-06-03 19:54:39,415 INFO  - My position is not better! (at simulation time 554.001,800,000 s)
2024-06-03 19:54:39,415 INFO  - Recieve a message from other vehicle (at simulation time 554.001,900,000 s)
2024-06-03 19:54:39,415 INFO  - My position is not better! (at simulation time 554.001,900,000 s)
2024-06-03 19:54:39,415 INFO  - Recieve a message from other vehicle (at simulation time 554.001,900,000 s)
2024-06-03 19:54:39,415 INFO  - My position is not better! (at simulation time 554.001,900,000 s)
2024-06-03 19:54:39,415 INFO  - Recieve a message from other vehicle (at simulation time 554.002,300,000 s)
2024-06-03 19:54:39,415 INFO  - My position is not better! (at simulation time 554.002,300,000 s)
2024-06-03 19:54:39,415 INFO  - Recieve a message from other vehicle (at simulation time 554.002,400,000 s)
2024-06-03 19:54:39,415 INFO  - My position is not better! (at simulation time 554.002,400,000 s)
2024-06-03 19:54:39,415 INFO  - Recieve a message from other vehicle (at simulation time 554.002,800,000 s)
2024-06-03 19:54:39,415 INFO  - My position is not better! (at simulation time 554.002,800,000 s)
2024-06-03 19:54:39,415 INFO  - Recieve a message from other vehicle (at simulation time 554.003,300,000 s)
2024-06-03 19:54:39,415 INFO  - My position is not better! (at simulation time 554.003,300,000 s)
2024-06-03 19:54:39,415 INFO  - Recieve a message from other vehicle (at simulation time 554.003,300,000 s)
2024-06-03 19:54:39,415 INFO  - My position is not better! (at simulation time 554.003,300,000 s)
2024-06-03 19:54:39,415 INFO  - Recieve a message from other vehicle (at simulation time 554.003,300,000 s)
2024-06-03 19:54:39,415 INFO  - My position is not better! (at simulation time 554.003,300,000 s)
2024-06-03 19:54:39,415 INFO  - Recieve a message from other vehicle (at simulation time 554.004,300,000 s)
2024-06-03 19:54:39,415 INFO  - My position is not better! (at simulation time 554.004,300,000 s)
2024-06-03 19:54:39,417 INFO  - Called #onVehicleUpdated (at simulation time 555.000,000,000 s)
2024-06-03 19:54:39,417 INFO  - Sending out AdHoc broadcast (at simulation time 555.000,000,000 s)
2024-06-03 19:54:39,417 INFO  - Sending out AdHoc broadcast (at simulation time 555.000,000,000 s)
2024-06-03 19:54:39,417 INFO  - Sending out AdHoc broadcast (at simulation time 555.000,000,000 s)
2024-06-03 19:54:39,418 INFO  - Recieve a message from other vehicle (at simulation time 555.000,400,000 s)
2024-06-03 19:54:39,418 INFO  - DENM message Recived from veh_82 -info : seco (at simulation time 555.000,400,000 s)
2024-06-03 19:54:39,418 INFO  - Recending a DENM message from other vehicle (at simulation time 555.000,400,000 s)
2024-06-03 19:54:39,418 INFO  - Recieve a message from other vehicle (at simulation time 555.000,400,000 s)
2024-06-03 19:54:39,418 INFO  - My position is not better! (at simulation time 555.000,400,000 s)
2024-06-03 19:54:39,418 INFO  - Recieve a message from other vehicle (at simulation time 555.000,400,000 s)
2024-06-03 19:54:39,418 INFO  - My position is not better! (at simulation time 555.000,400,000 s)
2024-06-03 19:54:39,419 INFO  - Recieve a message from other vehicle (at simulation time 555.000,900,000 s)
2024-06-03 19:54:39,419 INFO  - DENM message Recived from veh_83 -info : seco (at simulation time 555.000,900,000 s)
2024-06-03 19:54:39,419 INFO  - Recending a DENM message from other vehicle (at simulation time 555.000,900,000 s)
2024-06-03 19:54:39,419 INFO  - Recieve a message from other vehicle (at simulation time 555.000,900,000 s)
2024-06-03 19:54:39,419 INFO  - My position is not better! (at simulation time 555.000,900,000 s)
2024-06-03 19:54:39,419 INFO  - Recieve a message from other vehicle (at simulation time 555.000,900,000 s)
2024-06-03 19:54:39,419 INFO  - My position is not better! (at simulation time 555.000,900,000 s)
2024-06-03 19:54:39,419 INFO  - Recieve a message from other vehicle (at simulation time 555.001,300,000 s)
2024-06-03 19:54:39,419 INFO  - My position is not better! (at simulation time 555.001,300,000 s)
2024-06-03 19:54:39,419 INFO  - Recieve a message from other vehicle (at simulation time 555.001,400,000 s)
2024-06-03 19:54:39,419 INFO  - DENM message Recived from veh_80 -info : nevoeiro (at simulation time 555.001,400,000 s)
2024-06-03 19:54:39,419 INFO  - No more hops in DENM message (at simulation time 555.001,400,000 s)
2024-06-03 19:54:39,420 INFO  - Recieve a message from other vehicle (at simulation time 555.001,400,000 s)
2024-06-03 19:54:39,420 INFO  - My position is not better! (at simulation time 555.001,400,000 s)
2024-06-03 19:54:39,420 INFO  - Recieve a message from other vehicle (at simulation time 555.001,400,000 s)
2024-06-03 19:54:39,420 INFO  - My position is not better! (at simulation time 555.001,400,000 s)
2024-06-03 19:54:39,420 INFO  - Recieve a message from other vehicle (at simulation time 555.001,400,000 s)
2024-06-03 19:54:39,420 INFO  - My position is not better! (at simulation time 555.001,400,000 s)
2024-06-03 19:54:39,420 INFO  - Recieve a message from other vehicle (at simulation time 555.001,900,000 s)
2024-06-03 19:54:39,420 INFO  - My position is not better! (at simulation time 555.001,900,000 s)
2024-06-03 19:54:39,420 INFO  - Recieve a message from other vehicle (at simulation time 555.001,900,000 s)
2024-06-03 19:54:39,420 INFO  - My position is not better! (at simulation time 555.001,900,000 s)
2024-06-03 19:54:39,420 INFO  - Recieve a message from other vehicle (at simulation time 555.002,300,000 s)
2024-06-03 19:54:39,420 INFO  - My position is not better! (at simulation time 555.002,300,000 s)
2024-06-03 19:54:39,420 INFO  - Recieve a message from other vehicle (at simulation time 555.002,300,000 s)
2024-06-03 19:54:39,420 INFO  - DENM message Recived from veh_80 -info : nevoeiro (at simulation time 555.002,300,000 s)
2024-06-03 19:54:39,420 INFO  - No more hops in DENM message (at simulation time 555.002,300,000 s)
2024-06-03 19:54:39,420 INFO  - Recieve a message from other vehicle (at simulation time 555.002,300,000 s)
2024-06-03 19:54:39,420 INFO  - My position is not better! (at simulation time 555.002,300,000 s)
2024-06-03 19:54:39,420 INFO  - Recieve a message from other vehicle (at simulation time 555.002,300,000 s)
2024-06-03 19:54:39,420 INFO  - My position is not better! (at simulation time 555.002,300,000 s)
2024-06-03 19:54:39,420 INFO  - Recieve a message from other vehicle (at simulation time 555.002,300,000 s)
2024-06-03 19:54:39,420 INFO  - My position is not better! (at simulation time 555.002,300,000 s)
2024-06-03 19:54:39,420 INFO  - Recieve a message from other vehicle (at simulation time 555.002,800,000 s)
2024-06-03 19:54:39,420 INFO  - My position is not better! (at simulation time 555.002,800,000 s)
2024-06-03 19:54:39,420 INFO  - Recieve a message from other vehicle (at simulation time 555.002,800,000 s)
2024-06-03 19:54:39,420 INFO  - My position is not better! (at simulation time 555.002,800,000 s)
2024-06-03 19:54:39,422 INFO  - Called #onVehicleUpdated (at simulation time 556.000,000,000 s)
2024-06-03 19:54:39,422 INFO  - Sending out DENM broadcast (at simulation time 556.000,000,000 s)
2024-06-03 19:54:39,422 INFO  - Sending out AdHoc broadcast (at simulation time 556.000,000,000 s)
2024-06-03 19:54:39,422 INFO  - Sending out AdHoc broadcast (at simulation time 556.000,000,000 s)
2024-06-03 19:54:39,422 INFO  - Sending out AdHoc broadcast (at simulation time 556.000,000,000 s)
2024-06-03 19:54:39,422 INFO  - Recieve a message from other vehicle (at simulation time 556.000,400,000 s)
2024-06-03 19:54:39,422 INFO  - Recending a message from other vehicle (at simulation time 556.000,400,000 s)
2024-06-03 19:54:39,422 INFO  - Recieve a message from other vehicle (at simulation time 556.000,900,000 s)
2024-06-03 19:54:39,423 INFO  - Recending a message from other vehicle (at simulation time 556.000,900,000 s)
2024-06-03 19:54:39,423 INFO  - Recieve a message from other vehicle (at simulation time 556.001,400,000 s)
2024-06-03 19:54:39,423 INFO  - Recending a message from other vehicle (at simulation time 556.001,400,000 s)
2024-06-03 19:54:39,423 INFO  - Recieve a message from other vehicle (at simulation time 556.001,400,000 s)
2024-06-03 19:54:39,423 INFO  - I'm in better position but no more hops in message (at simulation time 556.001,400,000 s)
2024-06-03 19:54:39,423 INFO  - Recieve a message from other vehicle (at simulation time 556.001,400,000 s)
2024-06-03 19:54:39,423 INFO  - Recending a message from other vehicle (at simulation time 556.001,400,000 s)
2024-06-03 19:54:39,423 INFO  - Recieve a message from other vehicle (at simulation time 556.001,800,000 s)
2024-06-03 19:54:39,423 INFO  - I'm in better position but no more hops in message (at simulation time 556.001,800,000 s)
2024-06-03 19:54:39,423 INFO  - Recieve a message from other vehicle (at simulation time 556.001,900,000 s)
2024-06-03 19:54:39,423 INFO  - Recending a message from other vehicle (at simulation time 556.001,900,000 s)
2024-06-03 19:54:39,423 INFO  - Recieve a message from other vehicle (at simulation time 556.001,900,000 s)
2024-06-03 19:54:39,423 INFO  - I'm in better position but no more hops in message (at simulation time 556.001,900,000 s)
2024-06-03 19:54:39,423 INFO  - Recieve a message from other vehicle (at simulation time 556.004,300,000 s)
2024-06-03 19:54:39,423 INFO  - DENM message Recived from veh_81 -info : seco (at simulation time 556.004,300,000 s)
2024-06-03 19:54:39,423 INFO  - No more hops in DENM message (at simulation time 556.004,300,000 s)
2024-06-03 19:54:39,424 INFO  - Called #onVehicleUpdated (at simulation time 557.000,000,000 s)
2024-06-03 19:54:39,424 INFO  - Sending out AdHoc broadcast (at simulation time 557.000,000,000 s)
2024-06-03 19:54:39,424 INFO  - Sending out AdHoc broadcast (at simulation time 557.000,000,000 s)
2024-06-03 19:54:39,424 INFO  - Sending out AdHoc broadcast (at simulation time 557.000,000,000 s)
2024-06-03 19:54:39,425 INFO  - Recieve a message from other vehicle (at simulation time 557.001,400,000 s)
2024-06-03 19:54:39,425 INFO  - Recending a message from other vehicle (at simulation time 557.001,400,000 s)
2024-06-03 19:54:39,425 INFO  - Recieve a message from other vehicle (at simulation time 557.001,900,000 s)
2024-06-03 19:54:39,425 INFO  - I'm in better position but no more hops in message (at simulation time 557.001,900,000 s)
2024-06-03 19:54:39,425 INFO  - Recieve a message from other vehicle (at simulation time 557.001,900,000 s)
2024-06-03 19:54:39,425 INFO  - Recending a message from other vehicle (at simulation time 557.001,900,000 s)
2024-06-03 19:54:39,425 INFO  - Recieve a message from other vehicle (at simulation time 557.002,300,000 s)
2024-06-03 19:54:39,425 INFO  - I'm in better position but no more hops in message (at simulation time 557.002,300,000 s)
2024-06-03 19:54:39,425 INFO  - Recieve a message from other vehicle (at simulation time 557.002,400,000 s)
2024-06-03 19:54:39,425 INFO  - I'm in better position but no more hops in message (at simulation time 557.002,400,000 s)
2024-06-03 19:54:39,425 INFO  - Recieve a message from other vehicle (at simulation time 557.002,400,000 s)
2024-06-03 19:54:39,425 INFO  - I'm in better position but no more hops in message (at simulation time 557.002,400,000 s)
2024-06-03 19:54:39,425 INFO  - Recieve a message from other vehicle (at simulation time 557.003,300,000 s)
2024-06-03 19:54:39,425 INFO  - I'm in better position but no more hops in message (at simulation time 557.003,300,000 s)
2024-06-03 19:54:39,426 INFO  - Called #onVehicleUpdated (at simulation time 558.000,000,000 s)
2024-06-03 19:54:39,426 INFO  - Sending out AdHoc broadcast (at simulation time 558.000,000,000 s)
2024-06-03 19:54:39,426 INFO  - Sending out AdHoc broadcast (at simulation time 558.000,000,000 s)
2024-06-03 19:54:39,426 INFO  - Sending out AdHoc broadcast (at simulation time 558.000,000,000 s)
2024-06-03 19:54:39,426 INFO  - Recieve a message from other vehicle (at simulation time 558.001,900,000 s)
2024-06-03 19:54:39,426 INFO  - I'm in better position but no more hops in message (at simulation time 558.001,900,000 s)
2024-06-03 19:54:39,426 INFO  - Called #onVehicleUpdated (at simulation time 559.000,000,000 s)
2024-06-03 19:54:39,426 INFO  - Sending out AdHoc broadcast (at simulation time 559.000,000,000 s)
2024-06-03 19:54:39,426 INFO  - Sending out AdHoc broadcast (at simulation time 559.000,000,000 s)
2024-06-03 19:54:39,426 INFO  - Sending out AdHoc broadcast (at simulation time 559.000,000,000 s)
2024-06-03 19:54:39,427 INFO  - Recieve a message from other vehicle (at simulation time 559.001,300,000 s)
2024-06-03 19:54:39,427 INFO  - My position is not better! (at simulation time 559.001,300,000 s)
2024-06-03 19:54:39,427 INFO  - Recieve a message from other vehicle (at simulation time 559.001,900,000 s)
2024-06-03 19:54:39,427 INFO  - My position is not better! (at simulation time 559.001,900,000 s)
2024-06-03 19:54:39,427 INFO  - Recieve a message from other vehicle (at simulation time 559.004,300,000 s)
2024-06-03 19:54:39,427 INFO  - My position is not better! (at simulation time 559.004,300,000 s)
2024-06-03 19:54:39,427 INFO  - Recieve a message from other vehicle (at simulation time 559.004,800,000 s)
2024-06-03 19:54:39,427 INFO  - My position is not better! (at simulation time 559.004,800,000 s)
2024-06-03 19:54:39,428 INFO  - Called #onVehicleUpdated (at simulation time 560.000,000,000 s)
2024-06-03 19:54:39,428 INFO  - Sending out AdHoc broadcast (at simulation time 560.000,000,000 s)
2024-06-03 19:54:39,428 INFO  - Sending out AdHoc broadcast (at simulation time 560.000,000,000 s)
2024-06-03 19:54:39,429 INFO  - Sending out AdHoc broadcast (at simulation time 560.000,000,000 s)
2024-06-03 19:54:39,429 INFO  - Recieve a message from other vehicle (at simulation time 560.000,400,000 s)
2024-06-03 19:54:39,429 INFO  - My position is not better! (at simulation time 560.000,400,000 s)
2024-06-03 19:54:39,429 INFO  - Recieve a message from other vehicle (at simulation time 560.002,800,000 s)
2024-06-03 19:54:39,429 INFO  - My position is not better! (at simulation time 560.002,800,000 s)
2024-06-03 19:54:39,429 INFO  - Recieve a message from other vehicle (at simulation time 560.002,800,000 s)
2024-06-03 19:54:39,429 INFO  - My position is not better! (at simulation time 560.002,800,000 s)
2024-06-03 19:54:39,429 INFO  - Recieve a message from other vehicle (at simulation time 560.004,800,000 s)
2024-06-03 19:54:39,429 INFO  - My position is not better! (at simulation time 560.004,800,000 s)
2024-06-03 19:54:39,430 INFO  - Called #onVehicleUpdated (at simulation time 561.000,000,000 s)
2024-06-03 19:54:39,430 INFO  - Exced velocity! Sending new CAM (at simulation time 561.000,000,000 s)
2024-06-03 19:54:39,430 INFO  - Sending out AdHoc broadcast (at simulation time 561.000,000,000 s)
2024-06-03 19:54:39,430 INFO  - Sending out AdHoc broadcast (at simulation time 561.000,000,000 s)
2024-06-03 19:54:39,430 INFO  - Sending out AdHoc broadcast (at simulation time 561.000,000,000 s)
2024-06-03 19:54:39,431 INFO  - Sending out AdHoc broadcast (at simulation time 561.000,000,000 s)
2024-06-03 19:54:39,432 INFO  - Called #onVehicleUpdated (at simulation time 562.000,000,000 s)
2024-06-03 19:54:39,432 INFO  - Exced velocity! Sending new CAM (at simulation time 562.000,000,000 s)
2024-06-03 19:54:39,432 INFO  - Sending out AdHoc broadcast (at simulation time 562.000,000,000 s)
2024-06-03 19:54:39,432 INFO  - Sending out AdHoc broadcast (at simulation time 562.000,000,000 s)
2024-06-03 19:54:39,432 INFO  - Sending out AdHoc broadcast (at simulation time 562.000,000,000 s)
2024-06-03 19:54:39,432 INFO  - Sending out AdHoc broadcast (at simulation time 562.000,000,000 s)
2024-06-03 19:54:39,433 INFO  - Called #onVehicleUpdated (at simulation time 563.000,000,000 s)
2024-06-03 19:54:39,433 INFO  - Exced velocity! Sending new CAM (at simulation time 563.000,000,000 s)
2024-06-03 19:54:39,433 INFO  - Sending out AdHoc broadcast (at simulation time 563.000,000,000 s)
2024-06-03 19:54:39,433 INFO  - Sending out AdHoc broadcast (at simulation time 563.000,000,000 s)
2024-06-03 19:54:39,433 INFO  - Sending out AdHoc broadcast (at simulation time 563.000,000,000 s)
2024-06-03 19:54:39,433 INFO  - Sending out AdHoc broadcast (at simulation time 563.000,000,000 s)
2024-06-03 19:54:39,433 INFO  - Sending out AdHoc broadcast (at simulation time 563.000,000,000 s)
2024-06-03 19:54:39,434 INFO  - Called #onVehicleUpdated (at simulation time 564.000,000,000 s)
2024-06-03 19:54:39,434 INFO  - Exced velocity! Sending new CAM (at simulation time 564.000,000,000 s)
2024-06-03 19:54:39,434 INFO  - Sending out AdHoc broadcast (at simulation time 564.000,000,000 s)
2024-06-03 19:54:39,434 INFO  - Sending out AdHoc broadcast (at simulation time 564.000,000,000 s)
2024-06-03 19:54:39,434 INFO  - Sending out AdHoc broadcast (at simulation time 564.000,000,000 s)
2024-06-03 19:54:39,434 INFO  - Sending out AdHoc broadcast (at simulation time 564.000,000,000 s)
2024-06-03 19:54:39,434 INFO  - Sending out AdHoc broadcast (at simulation time 564.000,000,000 s)
2024-06-03 19:54:39,436 INFO  - Called #onVehicleUpdated (at simulation time 565.000,000,000 s)
2024-06-03 19:54:39,436 INFO  - Exced velocity! Sending new CAM (at simulation time 565.000,000,000 s)
2024-06-03 19:54:39,436 INFO  - Sending out AdHoc broadcast (at simulation time 565.000,000,000 s)
2024-06-03 19:54:39,436 INFO  - Sending out AdHoc broadcast (at simulation time 565.000,000,000 s)
2024-06-03 19:54:39,436 INFO  - Sending out AdHoc broadcast (at simulation time 565.000,000,000 s)
2024-06-03 19:54:39,436 INFO  - Sending out AdHoc broadcast (at simulation time 565.000,000,000 s)
2024-06-03 19:54:39,436 INFO  - Sending out AdHoc broadcast (at simulation time 565.000,000,000 s)
2024-06-03 19:54:39,436 INFO  - Sending out AdHoc broadcast (at simulation time 565.000,000,000 s)
2024-06-03 19:54:39,437 INFO  - Shutdown (at simulation time 566.000,000,000 s)
