2024-06-03 19:54:37,764 INFO  - Initialize Vehicle application (at simulation time 6.000,000,000 s)
2024-06-03 19:54:37,766 INFO  - Activated WLAN Module (at simulation time 6.000,000,000 s)
2024-06-03 19:54:37,776 INFO  - Called #onVehicleUpdated (at simulation time 6.000,000,000 s)
2024-06-03 19:54:37,776 INFO  - Exced velocity! Sending new CAM (at simulation time 6.000,000,000 s)
2024-06-03 19:54:37,776 INFO  - Sending out AdHoc broadcast (at simulation time 6.000,000,000 s)
2024-06-03 19:54:37,794 INFO  - Called #onVehicleUpdated (at simulation time 7.000,000,000 s)
2024-06-03 19:54:37,797 INFO  - Define the name: veh_1 and route: r_2 (at simulation time 7.000,000,000 s)
2024-06-03 19:54:37,797 INFO  - Sending out AdHoc broadcast (at simulation time 7.000,000,000 s)
2024-06-03 19:54:37,808 INFO  - Called #onVehicleUpdated (at simulation time 8.000,000,000 s)
2024-06-03 19:54:37,810 INFO  - Sending out AdHoc broadcast (at simulation time 8.000,000,000 s)
2024-06-03 19:54:37,814 INFO  - Recieve a message from other vehicle (at simulation time 8.001,400,000 s)
2024-06-03 19:54:37,814 INFO  - Recending a message from other vehicle (at simulation time 8.001,400,000 s)
2024-06-03 19:54:37,821 INFO  - Called #onVehicleUpdated (at simulation time 9.000,000,000 s)
2024-06-03 19:54:37,822 INFO  - Sending out AdHoc broadcast (at simulation time 9.000,000,000 s)
2024-06-03 19:54:37,834 INFO  - Called #onVehicleUpdated (at simulation time 10.000,000,000 s)
2024-06-03 19:54:37,836 INFO  - Sending out AdHoc broadcast (at simulation time 10.000,000,000 s)
2024-06-03 19:54:37,838 INFO  - Recieve a message from other vehicle (at simulation time 10.001,900,000 s)
2024-06-03 19:54:37,838 INFO  - Recending a message from other vehicle (at simulation time 10.001,900,000 s)
2024-06-03 19:54:37,842 INFO  - Called #onVehicleUpdated (at simulation time 11.000,000,000 s)
2024-06-03 19:54:37,845 INFO  - Sending out AdHoc broadcast (at simulation time 11.000,000,000 s)
2024-06-03 19:54:37,854 INFO  - Called #onVehicleUpdated (at simulation time 12.000,000,000 s)
2024-06-03 19:54:37,855 INFO  - Sending out AdHoc broadcast (at simulation time 12.000,000,000 s)
2024-06-03 19:54:37,858 INFO  - Recieve a message from other vehicle (at simulation time 12.000,900,000 s)
2024-06-03 19:54:37,859 INFO  - Recending a message from other vehicle (at simulation time 12.000,900,000 s)
2024-06-03 19:54:37,867 INFO  - Called #onVehicleUpdated (at simulation time 13.000,000,000 s)
2024-06-03 19:54:37,869 INFO  - Sending out AdHoc broadcast (at simulation time 13.000,000,000 s)
2024-06-03 19:54:37,871 INFO  - Recieve a message from other vehicle (at simulation time 13.000,400,000 s)
2024-06-03 19:54:37,871 INFO  - My position is not better! (at simulation time 13.000,400,000 s)
2024-06-03 19:54:37,871 INFO  - Recieve a message from other vehicle (at simulation time 13.000,400,000 s)
2024-06-03 19:54:37,871 INFO  - My position is not better! (at simulation time 13.000,400,000 s)
2024-06-03 19:54:37,871 INFO  - Recieve a message from other vehicle (at simulation time 13.000,900,000 s)
2024-06-03 19:54:37,871 INFO  - My position is not better! (at simulation time 13.000,900,000 s)
2024-06-03 19:54:37,872 INFO  - Recieve a message from other vehicle (at simulation time 13.000,900,000 s)
2024-06-03 19:54:37,872 INFO  - My position is not better! (at simulation time 13.000,900,000 s)
2024-06-03 19:54:37,873 INFO  - Recieve a message from other vehicle (at simulation time 13.001,400,000 s)
2024-06-03 19:54:37,873 INFO  - My position is not better! (at simulation time 13.001,400,000 s)
2024-06-03 19:54:37,875 INFO  - Recieve a message from other vehicle (at simulation time 13.001,800,000 s)
2024-06-03 19:54:37,875 INFO  - My position is not better! (at simulation time 13.001,800,000 s)
2024-06-03 19:54:37,877 INFO  - Recieve a message from other vehicle (at simulation time 13.002,300,000 s)
2024-06-03 19:54:37,877 INFO  - My position is not better! (at simulation time 13.002,300,000 s)
2024-06-03 19:54:37,877 INFO  - Recieve a message from other vehicle (at simulation time 13.002,300,000 s)
2024-06-03 19:54:37,877 INFO  - I'm in better position but no more hops in message (at simulation time 13.002,300,000 s)
2024-06-03 19:54:37,877 INFO  - Recieve a message from other vehicle (at simulation time 13.002,300,000 s)
2024-06-03 19:54:37,878 INFO  - I'm in better position but no more hops in message (at simulation time 13.002,300,000 s)
2024-06-03 19:54:37,878 INFO  - Recieve a message from other vehicle (at simulation time 13.002,300,000 s)
2024-06-03 19:54:37,878 INFO  - My position is not better! (at simulation time 13.002,300,000 s)
2024-06-03 19:54:37,879 INFO  - Recieve a message from other vehicle (at simulation time 13.002,400,000 s)
2024-06-03 19:54:37,879 INFO  - My position is not better! (at simulation time 13.002,400,000 s)
2024-06-03 19:54:37,879 INFO  - Recieve a message from other vehicle (at simulation time 13.002,400,000 s)
2024-06-03 19:54:37,879 INFO  - My position is not better! (at simulation time 13.002,400,000 s)
2024-06-03 19:54:37,879 INFO  - Recieve a message from other vehicle (at simulation time 13.002,400,000 s)
2024-06-03 19:54:37,879 INFO  - I'm in better position but no more hops in message (at simulation time 13.002,400,000 s)
2024-06-03 19:54:37,879 INFO  - Recieve a message from other vehicle (at simulation time 13.002,400,000 s)
2024-06-03 19:54:37,879 INFO  - My position is not better! (at simulation time 13.002,400,000 s)
2024-06-03 19:54:37,881 INFO  - Recieve a message from other vehicle (at simulation time 13.003,300,000 s)
2024-06-03 19:54:37,881 INFO  - My position is not better! (at simulation time 13.003,300,000 s)
2024-06-03 19:54:37,882 INFO  - Recieve a message from other vehicle (at simulation time 13.003,800,000 s)
2024-06-03 19:54:37,882 INFO  - My position is not better! (at simulation time 13.003,800,000 s)
2024-06-03 19:54:37,886 INFO  - Called #onVehicleUpdated (at simulation time 14.000,000,000 s)
2024-06-03 19:54:37,887 INFO  - Sending out AdHoc broadcast (at simulation time 14.000,000,000 s)
2024-06-03 19:54:37,889 INFO  - Recieve a message from other vehicle (at simulation time 14.000,400,000 s)
2024-06-03 19:54:37,889 INFO  - My position is not better! (at simulation time 14.000,400,000 s)
2024-06-03 19:54:37,889 INFO  - Recieve a message from other vehicle (at simulation time 14.000,400,000 s)
2024-06-03 19:54:37,889 INFO  - Recending a message from other vehicle (at simulation time 14.000,400,000 s)
2024-06-03 19:54:37,889 INFO  - Recieve a message from other vehicle (at simulation time 14.000,800,000 s)
2024-06-03 19:54:37,889 INFO  - I'm in better position but no more hops in message (at simulation time 14.000,800,000 s)
2024-06-03 19:54:37,890 INFO  - Recieve a message from other vehicle (at simulation time 14.000,900,000 s)
2024-06-03 19:54:37,890 INFO  - Recending a message from other vehicle (at simulation time 14.000,900,000 s)
2024-06-03 19:54:37,891 INFO  - Recieve a message from other vehicle (at simulation time 14.001,400,000 s)
2024-06-03 19:54:37,892 INFO  - My position is not better! (at simulation time 14.001,400,000 s)
2024-06-03 19:54:37,892 INFO  - Recieve a message from other vehicle (at simulation time 14.001,400,000 s)
2024-06-03 19:54:37,892 INFO  - I'm in better position but no more hops in message (at simulation time 14.001,400,000 s)
2024-06-03 19:54:37,895 INFO  - Recieve a message from other vehicle (at simulation time 14.001,900,000 s)
2024-06-03 19:54:37,895 INFO  - I'm in better position but no more hops in message (at simulation time 14.001,900,000 s)
2024-06-03 19:54:37,895 INFO  - Recieve a message from other vehicle (at simulation time 14.001,900,000 s)
2024-06-03 19:54:37,895 INFO  - I'm in better position but no more hops in message (at simulation time 14.001,900,000 s)
2024-06-03 19:54:37,897 INFO  - Recieve a message from other vehicle (at simulation time 14.002,300,000 s)
2024-06-03 19:54:37,897 INFO  - I'm in better position but no more hops in message (at simulation time 14.002,300,000 s)
2024-06-03 19:54:37,897 INFO  - Recieve a message from other vehicle (at simulation time 14.002,300,000 s)
2024-06-03 19:54:37,897 INFO  - I'm in better position but no more hops in message (at simulation time 14.002,300,000 s)
2024-06-03 19:54:37,897 INFO  - Recieve a message from other vehicle (at simulation time 14.002,400,000 s)
2024-06-03 19:54:37,897 INFO  - I'm in better position but no more hops in message (at simulation time 14.002,400,000 s)
2024-06-03 19:54:37,897 INFO  - Recieve a message from other vehicle (at simulation time 14.002,400,000 s)
2024-06-03 19:54:37,897 INFO  - My position is not better! (at simulation time 14.002,400,000 s)
2024-06-03 19:54:37,900 INFO  - Recieve a message from other vehicle (at simulation time 14.002,800,000 s)
2024-06-03 19:54:37,900 INFO  - My position is not better! (at simulation time 14.002,800,000 s)
2024-06-03 19:54:37,900 INFO  - Recieve a message from other vehicle (at simulation time 14.003,300,000 s)
2024-06-03 19:54:37,901 INFO  - I'm in better position but no more hops in message (at simulation time 14.003,300,000 s)
2024-06-03 19:54:37,908 INFO  - Called #onVehicleUpdated (at simulation time 15.000,000,000 s)
2024-06-03 19:54:37,908 INFO  - Sending out DENM broadcast (at simulation time 15.000,000,000 s)
2024-06-03 19:54:37,910 INFO  - Sending out AdHoc broadcast (at simulation time 15.000,000,000 s)
2024-06-03 19:54:37,913 INFO  - Recieve a message from other vehicle (at simulation time 15.000,400,000 s)
2024-06-03 19:54:37,913 INFO  - DENM message Recived from veh_3 -info : seco (at simulation time 15.000,400,000 s)
2024-06-03 19:54:37,913 INFO  - No more hops in DENM message (at simulation time 15.000,400,000 s)
2024-06-03 19:54:37,914 INFO  - Recieve a message from other vehicle (at simulation time 15.000,400,000 s)
2024-06-03 19:54:37,914 INFO  - I'm in better position but no more hops in message (at simulation time 15.000,400,000 s)
2024-06-03 19:54:37,914 INFO  - Recieve a message from other vehicle (at simulation time 15.000,400,000 s)
2024-06-03 19:54:37,914 INFO  - I'm in better position but no more hops in message (at simulation time 15.000,400,000 s)
2024-06-03 19:54:37,918 INFO  - Recieve a message from other vehicle (at simulation time 15.000,800,000 s)
2024-06-03 19:54:37,918 INFO  - DENM message Recived from veh_1 -info : piso-molhado (at simulation time 15.000,800,000 s)
2024-06-03 19:54:37,918 INFO  - I slow down due to road state (at simulation time 15.000,800,000 s)
2024-06-03 19:54:37,918 INFO  - No more hops in DENM message (at simulation time 15.000,800,000 s)
2024-06-03 19:54:37,920 INFO  - Recieve a message from other vehicle (at simulation time 15.000,900,000 s)
2024-06-03 19:54:37,920 INFO  - Recending a message from other vehicle (at simulation time 15.000,900,000 s)
2024-06-03 19:54:37,922 INFO  - Recieve a message from other vehicle (at simulation time 15.001,300,000 s)
2024-06-03 19:54:37,922 INFO  - DENM message Recived from veh_5 -info : nevoeiro (at simulation time 15.001,300,000 s)
2024-06-03 19:54:37,922 INFO  - No more hops in DENM message (at simulation time 15.001,300,000 s)
2024-06-03 19:54:37,922 INFO  - Recieve a message from other vehicle (at simulation time 15.001,300,000 s)
2024-06-03 19:54:37,922 INFO  - I'm in better position but no more hops in message (at simulation time 15.001,300,000 s)
2024-06-03 19:54:37,923 INFO  - Recieve a message from other vehicle (at simulation time 15.001,400,000 s)
2024-06-03 19:54:37,923 INFO  - DENM message Recived from veh_0 -info : seco (at simulation time 15.001,400,000 s)
2024-06-03 19:54:37,923 INFO  - No more hops in DENM message (at simulation time 15.001,400,000 s)
2024-06-03 19:54:37,924 INFO  - Recieve a message from other vehicle (at simulation time 15.001,400,000 s)
2024-06-03 19:54:37,924 INFO  - I'm in better position but no more hops in message (at simulation time 15.001,400,000 s)
2024-06-03 19:54:37,924 INFO  - Recieve a message from other vehicle (at simulation time 15.001,400,000 s)
2024-06-03 19:54:37,924 INFO  - I'm in better position but no more hops in message (at simulation time 15.001,400,000 s)
2024-06-03 19:54:37,925 INFO  - Recieve a message from other vehicle (at simulation time 15.001,800,000 s)
2024-06-03 19:54:37,925 INFO  - DENM message Recived from veh_0 -info : seco (at simulation time 15.001,800,000 s)
2024-06-03 19:54:37,925 INFO  - No more hops in DENM message (at simulation time 15.001,800,000 s)
2024-06-03 19:54:37,925 INFO  - Recieve a message from other vehicle (at simulation time 15.001,900,000 s)
2024-06-03 19:54:37,925 INFO  - DENM message Recived from veh_5 -info : nevoeiro (at simulation time 15.001,900,000 s)
2024-06-03 19:54:37,925 INFO  - No more hops in DENM message (at simulation time 15.001,900,000 s)
2024-06-03 19:54:37,925 INFO  - Recieve a message from other vehicle (at simulation time 15.001,900,000 s)
2024-06-03 19:54:37,925 INFO  - I'm in better position but no more hops in message (at simulation time 15.001,900,000 s)
2024-06-03 19:54:37,926 INFO  - Recieve a message from other vehicle (at simulation time 15.001,900,000 s)
2024-06-03 19:54:37,926 INFO  - I'm in better position but no more hops in message (at simulation time 15.001,900,000 s)
2024-06-03 19:54:37,926 INFO  - Recieve a message from other vehicle (at simulation time 15.002,300,000 s)
2024-06-03 19:54:37,926 INFO  - DENM message Recived from veh_3 -info : seco (at simulation time 15.002,300,000 s)
2024-06-03 19:54:37,926 INFO  - No more hops in DENM message (at simulation time 15.002,300,000 s)
2024-06-03 19:54:37,926 INFO  - Recieve a message from other vehicle (at simulation time 15.002,300,000 s)
2024-06-03 19:54:37,926 INFO  - I'm in better position but no more hops in message (at simulation time 15.002,300,000 s)
2024-06-03 19:54:37,927 INFO  - Recieve a message from other vehicle (at simulation time 15.002,400,000 s)
2024-06-03 19:54:37,927 INFO  - I'm in better position but no more hops in message (at simulation time 15.002,400,000 s)
2024-06-03 19:54:37,927 INFO  - Recieve a message from other vehicle (at simulation time 15.002,400,000 s)
2024-06-03 19:54:37,927 INFO  - I'm in better position but no more hops in message (at simulation time 15.002,400,000 s)
2024-06-03 19:54:37,927 INFO  - Recieve a message from other vehicle (at simulation time 15.002,400,000 s)
2024-06-03 19:54:37,927 INFO  - I'm in better position but no more hops in message (at simulation time 15.002,400,000 s)
2024-06-03 19:54:37,929 INFO  - Recieve a message from other vehicle (at simulation time 15.002,800,000 s)
2024-06-03 19:54:37,929 INFO  - I'm in better position but no more hops in message (at simulation time 15.002,800,000 s)
2024-06-03 19:54:37,929 INFO  - Recieve a message from other vehicle (at simulation time 15.002,800,000 s)
2024-06-03 19:54:37,929 INFO  - I'm in better position but no more hops in message (at simulation time 15.002,800,000 s)
2024-06-03 19:54:37,930 INFO  - Recieve a message from other vehicle (at simulation time 15.002,800,000 s)
2024-06-03 19:54:37,930 INFO  - I'm in better position but no more hops in message (at simulation time 15.002,800,000 s)
2024-06-03 19:54:37,934 INFO  - Called #onVehicleUpdated (at simulation time 16.000,000,000 s)
2024-06-03 19:54:37,935 INFO  - Sending out AdHoc broadcast (at simulation time 16.000,000,000 s)
2024-06-03 19:54:37,937 INFO  - Recieve a message from other vehicle (at simulation time 16.000,400,000 s)
2024-06-03 19:54:37,937 INFO  - DENM message Recived from veh_2 -info : seco (at simulation time 16.000,400,000 s)
2024-06-03 19:54:37,937 INFO  - Recending a DENM message from other vehicle (at simulation time 16.000,400,000 s)
2024-06-03 19:54:37,937 INFO  - Recieve a message from other vehicle (at simulation time 16.000,400,000 s)
2024-06-03 19:54:37,937 INFO  - I'm in better position but no more hops in message (at simulation time 16.000,400,000 s)
2024-06-03 19:54:37,937 INFO  - Recieve a message from other vehicle (at simulation time 16.000,400,000 s)
2024-06-03 19:54:37,937 INFO  - I'm in better position but no more hops in message (at simulation time 16.000,400,000 s)
2024-06-03 19:54:37,938 INFO  - Recieve a message from other vehicle (at simulation time 16.000,900,000 s)
2024-06-03 19:54:37,938 INFO  - Recending a message from other vehicle (at simulation time 16.000,900,000 s)
2024-06-03 19:54:37,938 INFO  - Recieve a message from other vehicle (at simulation time 16.000,900,000 s)
2024-06-03 19:54:37,938 INFO  - I'm in better position but no more hops in message (at simulation time 16.000,900,000 s)
2024-06-03 19:54:37,939 INFO  - Recieve a message from other vehicle (at simulation time 16.000,900,000 s)
2024-06-03 19:54:37,939 INFO  - I'm in better position but no more hops in message (at simulation time 16.000,900,000 s)
2024-06-03 19:54:37,939 INFO  - Recieve a message from other vehicle (at simulation time 16.000,900,000 s)
2024-06-03 19:54:37,939 INFO  - I'm in better position but no more hops in message (at simulation time 16.000,900,000 s)
2024-06-03 19:54:37,940 INFO  - Recieve a message from other vehicle (at simulation time 16.001,400,000 s)
2024-06-03 19:54:37,940 INFO  - Recending a message from other vehicle (at simulation time 16.001,400,000 s)
2024-06-03 19:54:37,940 INFO  - Recieve a message from other vehicle (at simulation time 16.001,800,000 s)
2024-06-03 19:54:37,940 INFO  - I'm in better position but no more hops in message (at simulation time 16.001,800,000 s)
2024-06-03 19:54:37,940 INFO  - Recieve a message from other vehicle (at simulation time 16.001,800,000 s)
2024-06-03 19:54:37,941 INFO  - I'm in better position but no more hops in message (at simulation time 16.001,800,000 s)
2024-06-03 19:54:37,941 INFO  - Recieve a message from other vehicle (at simulation time 16.001,900,000 s)
2024-06-03 19:54:37,941 INFO  - I'm in better position but no more hops in message (at simulation time 16.001,900,000 s)
2024-06-03 19:54:37,942 INFO  - Recieve a message from other vehicle (at simulation time 16.002,300,000 s)
2024-06-03 19:54:37,942 INFO  - DENM message Recived from veh_4 -info : seco (at simulation time 16.002,300,000 s)
2024-06-03 19:54:37,942 INFO  - No more hops in DENM message (at simulation time 16.002,300,000 s)
2024-06-03 19:54:37,942 INFO  - Recieve a message from other vehicle (at simulation time 16.002,300,000 s)
2024-06-03 19:54:37,942 INFO  - I'm in better position but no more hops in message (at simulation time 16.002,300,000 s)
2024-06-03 19:54:37,942 INFO  - Recieve a message from other vehicle (at simulation time 16.002,300,000 s)
2024-06-03 19:54:37,942 INFO  - I'm in better position but no more hops in message (at simulation time 16.002,300,000 s)
2024-06-03 19:54:37,943 INFO  - Recieve a message from other vehicle (at simulation time 16.002,400,000 s)
2024-06-03 19:54:37,943 INFO  - DENM message Recived from veh_4 -info : seco (at simulation time 16.002,400,000 s)
2024-06-03 19:54:37,943 INFO  - No more hops in DENM message (at simulation time 16.002,400,000 s)
2024-06-03 19:54:37,943 INFO  - Recieve a message from other vehicle (at simulation time 16.002,400,000 s)
2024-06-03 19:54:37,943 INFO  - I'm in better position but no more hops in message (at simulation time 16.002,400,000 s)
2024-06-03 19:54:37,946 INFO  - Called #onVehicleUpdated (at simulation time 17.000,000,000 s)
2024-06-03 19:54:37,947 INFO  - Sending out AdHoc broadcast (at simulation time 17.000,000,000 s)
2024-06-03 19:54:37,949 INFO  - Recieve a message from other vehicle (at simulation time 17.000,400,000 s)
2024-06-03 19:54:37,949 INFO  - Recending a message from other vehicle (at simulation time 17.000,400,000 s)
2024-06-03 19:54:37,950 INFO  - Recieve a message from other vehicle (at simulation time 17.000,400,000 s)
2024-06-03 19:54:37,950 INFO  - I'm in better position but no more hops in message (at simulation time 17.000,400,000 s)
2024-06-03 19:54:37,951 INFO  - Recieve a message from other vehicle (at simulation time 17.000,800,000 s)
2024-06-03 19:54:37,951 INFO  - I'm in better position but no more hops in message (at simulation time 17.000,800,000 s)
2024-06-03 19:54:37,952 INFO  - Recieve a message from other vehicle (at simulation time 17.000,900,000 s)
2024-06-03 19:54:37,952 INFO  - My position is not better! (at simulation time 17.000,900,000 s)
2024-06-03 19:54:37,952 INFO  - Recieve a message from other vehicle (at simulation time 17.000,900,000 s)
2024-06-03 19:54:37,952 INFO  - My position is not better! (at simulation time 17.000,900,000 s)
2024-06-03 19:54:37,953 INFO  - Recieve a message from other vehicle (at simulation time 17.001,400,000 s)
2024-06-03 19:54:37,953 INFO  - My position is not better! (at simulation time 17.001,400,000 s)
2024-06-03 19:54:37,953 INFO  - Recieve a message from other vehicle (at simulation time 17.001,400,000 s)
2024-06-03 19:54:37,953 INFO  - I'm in better position but no more hops in message (at simulation time 17.001,400,000 s)
2024-06-03 19:54:37,954 INFO  - Recieve a message from other vehicle (at simulation time 17.001,800,000 s)
2024-06-03 19:54:37,954 INFO  - My position is not better! (at simulation time 17.001,800,000 s)
2024-06-03 19:54:37,954 INFO  - Recieve a message from other vehicle (at simulation time 17.001,900,000 s)
2024-06-03 19:54:37,954 INFO  - My position is not better! (at simulation time 17.001,900,000 s)
2024-06-03 19:54:37,954 INFO  - Recieve a message from other vehicle (at simulation time 17.002,300,000 s)
2024-06-03 19:54:37,954 INFO  - I'm in better position but no more hops in message (at simulation time 17.002,300,000 s)
2024-06-03 19:54:37,955 INFO  - Recieve a message from other vehicle (at simulation time 17.002,400,000 s)
2024-06-03 19:54:37,955 INFO  - I'm in better position but no more hops in message (at simulation time 17.002,400,000 s)
2024-06-03 19:54:37,955 INFO  - Recieve a message from other vehicle (at simulation time 17.002,400,000 s)
2024-06-03 19:54:37,955 INFO  - My position is not better! (at simulation time 17.002,400,000 s)
2024-06-03 19:54:37,955 INFO  - Recieve a message from other vehicle (at simulation time 17.002,400,000 s)
2024-06-03 19:54:37,955 INFO  - My position is not better! (at simulation time 17.002,400,000 s)
2024-06-03 19:54:37,955 INFO  - Recieve a message from other vehicle (at simulation time 17.003,300,000 s)
2024-06-03 19:54:37,955 INFO  - I'm in better position but no more hops in message (at simulation time 17.003,300,000 s)
2024-06-03 19:54:37,957 INFO  - Called #onVehicleUpdated (at simulation time 18.000,000,000 s)
2024-06-03 19:54:37,958 INFO  - Sending out AdHoc broadcast (at simulation time 18.000,000,000 s)
2024-06-03 19:54:37,959 INFO  - Recieve a message from other vehicle (at simulation time 18.000,400,000 s)
2024-06-03 19:54:37,959 INFO  - My position is not better! (at simulation time 18.000,400,000 s)
2024-06-03 19:54:37,959 INFO  - Recieve a message from other vehicle (at simulation time 18.000,400,000 s)
2024-06-03 19:54:37,959 INFO  - My position is not better! (at simulation time 18.000,400,000 s)
2024-06-03 19:54:37,960 INFO  - Recieve a message from other vehicle (at simulation time 18.000,900,000 s)
2024-06-03 19:54:37,960 INFO  - My position is not better! (at simulation time 18.000,900,000 s)
2024-06-03 19:54:37,960 INFO  - Recieve a message from other vehicle (at simulation time 18.001,300,000 s)
2024-06-03 19:54:37,960 INFO  - I'm in better position but no more hops in message (at simulation time 18.001,300,000 s)
2024-06-03 19:54:37,962 INFO  - Recieve a message from other vehicle (at simulation time 18.001,900,000 s)
2024-06-03 19:54:37,962 INFO  - My position is not better! (at simulation time 18.001,900,000 s)
2024-06-03 19:54:37,962 INFO  - Recieve a message from other vehicle (at simulation time 18.002,300,000 s)
2024-06-03 19:54:37,962 INFO  - I'm in better position but no more hops in message (at simulation time 18.002,300,000 s)
2024-06-03 19:54:37,962 INFO  - Recieve a message from other vehicle (at simulation time 18.002,300,000 s)
2024-06-03 19:54:37,962 INFO  - My position is not better! (at simulation time 18.002,300,000 s)
2024-06-03 19:54:37,962 INFO  - Recieve a message from other vehicle (at simulation time 18.002,400,000 s)
2024-06-03 19:54:37,962 INFO  - My position is not better! (at simulation time 18.002,400,000 s)
2024-06-03 19:54:37,963 INFO  - Recieve a message from other vehicle (at simulation time 18.002,400,000 s)
2024-06-03 19:54:37,963 INFO  - My position is not better! (at simulation time 18.002,400,000 s)
2024-06-03 19:54:37,964 INFO  - Recieve a message from other vehicle (at simulation time 18.003,300,000 s)
2024-06-03 19:54:37,964 INFO  - My position is not better! (at simulation time 18.003,300,000 s)
2024-06-03 19:54:37,964 INFO  - Recieve a message from other vehicle (at simulation time 18.003,300,000 s)
2024-06-03 19:54:37,964 INFO  - I'm in better position but no more hops in message (at simulation time 18.003,300,000 s)
2024-06-03 19:54:37,964 INFO  - Recieve a message from other vehicle (at simulation time 18.004,300,000 s)
2024-06-03 19:54:37,964 INFO  - My position is not better! (at simulation time 18.004,300,000 s)
2024-06-03 19:54:37,967 INFO  - Called #onVehicleUpdated (at simulation time 19.000,000,000 s)
2024-06-03 19:54:37,968 INFO  - Sending out AdHoc broadcast (at simulation time 19.000,000,000 s)
2024-06-03 19:54:37,969 INFO  - Recieve a message from other vehicle (at simulation time 19.000,400,000 s)
2024-06-03 19:54:37,969 INFO  - My position is not better! (at simulation time 19.000,400,000 s)
2024-06-03 19:54:37,971 INFO  - Recieve a message from other vehicle (at simulation time 19.000,900,000 s)
2024-06-03 19:54:37,971 INFO  - My position is not better! (at simulation time 19.000,900,000 s)
2024-06-03 19:54:37,971 INFO  - Recieve a message from other vehicle (at simulation time 19.000,900,000 s)
2024-06-03 19:54:37,971 INFO  - My position is not better! (at simulation time 19.000,900,000 s)
2024-06-03 19:54:37,972 INFO  - Recieve a message from other vehicle (at simulation time 19.001,400,000 s)
2024-06-03 19:54:37,972 INFO  - My position is not better! (at simulation time 19.001,400,000 s)
2024-06-03 19:54:37,972 INFO  - Recieve a message from other vehicle (at simulation time 19.001,800,000 s)
2024-06-03 19:54:37,972 INFO  - I'm in better position but no more hops in message (at simulation time 19.001,800,000 s)
2024-06-03 19:54:37,972 INFO  - Recieve a message from other vehicle (at simulation time 19.001,800,000 s)
2024-06-03 19:54:37,972 INFO  - My position is not better! (at simulation time 19.001,800,000 s)
2024-06-03 19:54:37,972 INFO  - Recieve a message from other vehicle (at simulation time 19.001,900,000 s)
2024-06-03 19:54:37,972 INFO  - My position is not better! (at simulation time 19.001,900,000 s)
2024-06-03 19:54:37,973 INFO  - Recieve a message from other vehicle (at simulation time 19.002,400,000 s)
2024-06-03 19:54:37,973 INFO  - My position is not better! (at simulation time 19.002,400,000 s)
2024-06-03 19:54:37,973 INFO  - Recieve a message from other vehicle (at simulation time 19.002,800,000 s)
2024-06-03 19:54:37,973 INFO  - I'm in better position but no more hops in message (at simulation time 19.002,800,000 s)
2024-06-03 19:54:37,973 INFO  - Recieve a message from other vehicle (at simulation time 19.002,800,000 s)
2024-06-03 19:54:37,973 INFO  - My position is not better! (at simulation time 19.002,800,000 s)
2024-06-03 19:54:37,973 INFO  - Recieve a message from other vehicle (at simulation time 19.002,800,000 s)
2024-06-03 19:54:37,973 INFO  - I'm in better position but no more hops in message (at simulation time 19.002,800,000 s)
2024-06-03 19:54:37,973 INFO  - Recieve a message from other vehicle (at simulation time 19.003,300,000 s)
2024-06-03 19:54:37,973 INFO  - I'm in better position but no more hops in message (at simulation time 19.003,300,000 s)
2024-06-03 19:54:37,978 INFO  - Called #onVehicleUpdated (at simulation time 20.000,000,000 s)
2024-06-03 19:54:37,979 INFO  - Sending out AdHoc broadcast (at simulation time 20.000,000,000 s)
2024-06-03 19:54:37,980 INFO  - Recieve a message from other vehicle (at simulation time 20.000,400,000 s)
2024-06-03 19:54:37,980 INFO  - My position is not better! (at simulation time 20.000,400,000 s)
2024-06-03 19:54:37,981 INFO  - Recieve a message from other vehicle (at simulation time 20.000,800,000 s)
2024-06-03 19:54:37,981 INFO  - I'm in better position but no more hops in message (at simulation time 20.000,800,000 s)
2024-06-03 19:54:37,981 INFO  - Recieve a message from other vehicle (at simulation time 20.000,900,000 s)
2024-06-03 19:54:37,981 INFO  - My position is not better! (at simulation time 20.000,900,000 s)
2024-06-03 19:54:37,982 INFO  - Recieve a message from other vehicle (at simulation time 20.001,300,000 s)
2024-06-03 19:54:37,982 INFO  - My position is not better! (at simulation time 20.001,300,000 s)
2024-06-03 19:54:37,982 INFO  - Recieve a message from other vehicle (at simulation time 20.001,300,000 s)
2024-06-03 19:54:37,982 INFO  - My position is not better! (at simulation time 20.001,300,000 s)
2024-06-03 19:54:37,982 INFO  - Recieve a message from other vehicle (at simulation time 20.001,400,000 s)
2024-06-03 19:54:37,982 INFO  - My position is not better! (at simulation time 20.001,400,000 s)
2024-06-03 19:54:37,982 INFO  - Recieve a message from other vehicle (at simulation time 20.001,400,000 s)
2024-06-03 19:54:37,982 INFO  - My position is not better! (at simulation time 20.001,400,000 s)
2024-06-03 19:54:37,982 INFO  - Recieve a message from other vehicle (at simulation time 20.001,900,000 s)
2024-06-03 19:54:37,982 INFO  - My position is not better! (at simulation time 20.001,900,000 s)
2024-06-03 19:54:37,983 INFO  - Recieve a message from other vehicle (at simulation time 20.001,900,000 s)
2024-06-03 19:54:37,983 INFO  - My position is not better! (at simulation time 20.001,900,000 s)
2024-06-03 19:54:37,983 INFO  - Recieve a message from other vehicle (at simulation time 20.002,300,000 s)
2024-06-03 19:54:37,983 INFO  - I'm in better position but no more hops in message (at simulation time 20.002,300,000 s)
2024-06-03 19:54:37,984 INFO  - Recieve a message from other vehicle (at simulation time 20.003,300,000 s)
2024-06-03 19:54:37,984 INFO  - My position is not better! (at simulation time 20.003,300,000 s)
2024-06-03 19:54:37,984 INFO  - Recieve a message from other vehicle (at simulation time 20.003,300,000 s)
2024-06-03 19:54:37,984 INFO  - I'm in better position but no more hops in message (at simulation time 20.003,300,000 s)
2024-06-03 19:54:37,986 INFO  - Called #onVehicleUpdated (at simulation time 21.000,000,000 s)
2024-06-03 19:54:37,987 INFO  - Sending out AdHoc broadcast (at simulation time 21.000,000,000 s)
2024-06-03 19:54:37,988 INFO  - Recieve a message from other vehicle (at simulation time 21.000,400,000 s)
2024-06-03 19:54:37,988 INFO  - My position is not better! (at simulation time 21.000,400,000 s)
2024-06-03 19:54:37,988 INFO  - Recieve a message from other vehicle (at simulation time 21.000,400,000 s)
2024-06-03 19:54:37,988 INFO  - My position is not better! (at simulation time 21.000,400,000 s)
2024-06-03 19:54:37,988 INFO  - Recieve a message from other vehicle (at simulation time 21.000,800,000 s)
2024-06-03 19:54:37,988 INFO  - My position is not better! (at simulation time 21.000,800,000 s)
2024-06-03 19:54:37,989 INFO  - Recieve a message from other vehicle (at simulation time 21.001,400,000 s)
2024-06-03 19:54:37,989 INFO  - My position is not better! (at simulation time 21.001,400,000 s)
2024-06-03 19:54:37,989 INFO  - Recieve a message from other vehicle (at simulation time 21.001,900,000 s)
2024-06-03 19:54:37,989 INFO  - My position is not better! (at simulation time 21.001,900,000 s)
2024-06-03 19:54:37,989 INFO  - Recieve a message from other vehicle (at simulation time 21.002,300,000 s)
2024-06-03 19:54:37,989 INFO  - My position is not better! (at simulation time 21.002,300,000 s)
2024-06-03 19:54:37,989 INFO  - Recieve a message from other vehicle (at simulation time 21.002,400,000 s)
2024-06-03 19:54:37,989 INFO  - My position is not better! (at simulation time 21.002,400,000 s)
2024-06-03 19:54:37,989 INFO  - Recieve a message from other vehicle (at simulation time 21.002,400,000 s)
2024-06-03 19:54:37,989 INFO  - My position is not better! (at simulation time 21.002,400,000 s)
2024-06-03 19:54:37,991 INFO  - Called #onVehicleUpdated (at simulation time 22.000,000,000 s)
2024-06-03 19:54:37,992 INFO  - Sending out AdHoc broadcast (at simulation time 22.000,000,000 s)
2024-06-03 19:54:37,992 INFO  - Recieve a message from other vehicle (at simulation time 22.000,400,000 s)
2024-06-03 19:54:37,992 INFO  - My position is not better! (at simulation time 22.000,400,000 s)
2024-06-03 19:54:37,993 INFO  - Recieve a message from other vehicle (at simulation time 22.000,900,000 s)
2024-06-03 19:54:37,993 INFO  - My position is not better! (at simulation time 22.000,900,000 s)
2024-06-03 19:54:37,994 INFO  - Recieve a message from other vehicle (at simulation time 22.001,800,000 s)
2024-06-03 19:54:37,994 INFO  - My position is not better! (at simulation time 22.001,800,000 s)
2024-06-03 19:54:37,994 INFO  - Recieve a message from other vehicle (at simulation time 22.001,800,000 s)
2024-06-03 19:54:37,994 INFO  - My position is not better! (at simulation time 22.001,800,000 s)
2024-06-03 19:54:37,995 INFO  - Recieve a message from other vehicle (at simulation time 22.002,400,000 s)
2024-06-03 19:54:37,995 INFO  - My position is not better! (at simulation time 22.002,400,000 s)
2024-06-03 19:54:37,995 INFO  - Recieve a message from other vehicle (at simulation time 22.002,800,000 s)
2024-06-03 19:54:37,995 INFO  - My position is not better! (at simulation time 22.002,800,000 s)
2024-06-03 19:54:37,995 INFO  - Recieve a message from other vehicle (at simulation time 22.002,800,000 s)
2024-06-03 19:54:37,995 INFO  - My position is not better! (at simulation time 22.002,800,000 s)
2024-06-03 19:54:37,995 INFO  - Recieve a message from other vehicle (at simulation time 22.002,800,000 s)
2024-06-03 19:54:37,995 INFO  - My position is not better! (at simulation time 22.002,800,000 s)
2024-06-03 19:54:37,996 INFO  - Recieve a message from other vehicle (at simulation time 22.003,800,000 s)
2024-06-03 19:54:37,996 INFO  - My position is not better! (at simulation time 22.003,800,000 s)
2024-06-03 19:54:37,996 INFO  - Recieve a message from other vehicle (at simulation time 22.004,300,000 s)
2024-06-03 19:54:37,996 INFO  - My position is not better! (at simulation time 22.004,300,000 s)
2024-06-03 19:54:37,998 INFO  - Called #onVehicleUpdated (at simulation time 23.000,000,000 s)
2024-06-03 19:54:37,999 INFO  - Sending out AdHoc broadcast (at simulation time 23.000,000,000 s)
2024-06-03 19:54:38,002 INFO  - Recieve a message from other vehicle (at simulation time 23.002,400,000 s)
2024-06-03 19:54:38,002 INFO  - My position is not better! (at simulation time 23.002,400,000 s)
2024-06-03 19:54:38,002 INFO  - Recieve a message from other vehicle (at simulation time 23.003,800,000 s)
2024-06-03 19:54:38,002 INFO  - My position is not better! (at simulation time 23.003,800,000 s)
2024-06-03 19:54:38,003 INFO  - Recieve a message from other vehicle (at simulation time 23.004,300,000 s)
2024-06-03 19:54:38,003 INFO  - My position is not better! (at simulation time 23.004,300,000 s)
2024-06-03 19:54:38,005 INFO  - Called #onVehicleUpdated (at simulation time 24.000,000,000 s)
2024-06-03 19:54:38,005 INFO  - Sending out AdHoc broadcast (at simulation time 24.000,000,000 s)
2024-06-03 19:54:38,010 INFO  - Called #onVehicleUpdated (at simulation time 25.000,000,000 s)
2024-06-03 19:54:38,011 INFO  - Sending out AdHoc broadcast (at simulation time 25.000,000,000 s)
2024-06-03 19:54:38,014 INFO  - Called #onVehicleUpdated (at simulation time 26.000,000,000 s)
2024-06-03 19:54:38,015 INFO  - Sending out AdHoc broadcast (at simulation time 26.000,000,000 s)
2024-06-03 19:54:38,019 INFO  - Called #onVehicleUpdated (at simulation time 27.000,000,000 s)
2024-06-03 19:54:38,020 INFO  - Sending out AdHoc broadcast (at simulation time 27.000,000,000 s)
2024-06-03 19:54:38,023 INFO  - Called #onVehicleUpdated (at simulation time 28.000,000,000 s)
2024-06-03 19:54:38,024 INFO  - Sending out AdHoc broadcast (at simulation time 28.000,000,000 s)
2024-06-03 19:54:38,027 INFO  - Shutdown (at simulation time 29.000,000,000 s)
