2024-06-03 19:41:32,926 INFO  - Initialize Vehicle application (at simulation time 6.000,000,000 s)
2024-06-03 19:41:32,929 INFO  - Activated WLAN Module (at simulation time 6.000,000,000 s)
2024-06-03 19:41:32,935 INFO  - Called #onVehicleUpdated (at simulation time 6.000,000,000 s)
2024-06-03 19:41:32,935 INFO  - Exced velocity! Sending new CAM (at simulation time 6.000,000,000 s)
2024-06-03 19:41:32,935 INFO  - Sending out AdHoc broadcast (at simulation time 6.000,000,000 s)
2024-06-03 19:41:33,326 INFO  - Called #onVehicleUpdated (at simulation time 7.000,000,000 s)
2024-06-03 19:41:33,329 INFO  - Define the name: veh_1 and route: r_2 (at simulation time 7.000,000,000 s)
2024-06-03 19:41:33,329 INFO  - Sending out AdHoc broadcast (at simulation time 7.000,000,000 s)
2024-06-03 19:41:33,718 INFO  - Called #onVehicleUpdated (at simulation time 8.000,000,000 s)
2024-06-03 19:41:33,722 INFO  - Sending out AdHoc broadcast (at simulation time 8.000,000,000 s)
2024-06-03 19:41:33,726 INFO  - Recieve a message from other vehicle (at simulation time 8.001,400,000 s)
2024-06-03 19:41:33,726 INFO  - Recending a message from other vehicle (at simulation time 8.001,400,000 s)
2024-06-03 19:41:34,118 INFO  - Called #onVehicleUpdated (at simulation time 9.000,000,000 s)
2024-06-03 19:41:34,120 INFO  - Sending out AdHoc broadcast (at simulation time 9.000,000,000 s)
2024-06-03 19:41:34,529 INFO  - Called #onVehicleUpdated (at simulation time 10.000,000,000 s)
2024-06-03 19:41:34,531 INFO  - Sending out AdHoc broadcast (at simulation time 10.000,000,000 s)
2024-06-03 19:41:34,532 INFO  - Recieve a message from other vehicle (at simulation time 10.000,400,000 s)
2024-06-03 19:41:34,532 INFO  - Recending a message from other vehicle (at simulation time 10.000,400,000 s)
2024-06-03 19:41:34,916 INFO  - Called #onVehicleUpdated (at simulation time 11.000,000,000 s)
2024-06-03 19:41:34,917 INFO  - Sending out AdHoc broadcast (at simulation time 11.000,000,000 s)
2024-06-03 19:41:35,317 INFO  - Called #onVehicleUpdated (at simulation time 12.000,000,000 s)
2024-06-03 19:41:35,320 INFO  - Sending out AdHoc broadcast (at simulation time 12.000,000,000 s)
2024-06-03 19:41:35,328 INFO  - Recieve a message from other vehicle (at simulation time 12.000,900,000 s)
2024-06-03 19:41:35,328 INFO  - Recending a message from other vehicle (at simulation time 12.000,900,000 s)
2024-06-03 19:41:35,718 INFO  - Called #onVehicleUpdated (at simulation time 13.000,000,000 s)
2024-06-03 19:41:35,720 INFO  - Sending out AdHoc broadcast (at simulation time 13.000,000,000 s)
2024-06-03 19:41:35,722 INFO  - Recieve a message from other vehicle (at simulation time 13.000,400,000 s)
2024-06-03 19:41:35,722 INFO  - My position is not better! (at simulation time 13.000,400,000 s)
2024-06-03 19:41:35,724 INFO  - Recieve a message from other vehicle (at simulation time 13.000,900,000 s)
2024-06-03 19:41:35,724 INFO  - My position is not better! (at simulation time 13.000,900,000 s)
2024-06-03 19:41:35,725 INFO  - Recieve a message from other vehicle (at simulation time 13.000,900,000 s)
2024-06-03 19:41:35,725 INFO  - I'm in better position but no more hops in message (at simulation time 13.000,900,000 s)
2024-06-03 19:41:35,728 INFO  - Recieve a message from other vehicle (at simulation time 13.001,400,000 s)
2024-06-03 19:41:35,729 INFO  - My position is not better! (at simulation time 13.001,400,000 s)
2024-06-03 19:41:35,729 INFO  - Recieve a message from other vehicle (at simulation time 13.001,400,000 s)
2024-06-03 19:41:35,729 INFO  - My position is not better! (at simulation time 13.001,400,000 s)
2024-06-03 19:41:35,729 INFO  - Recieve a message from other vehicle (at simulation time 13.001,400,000 s)
2024-06-03 19:41:35,729 INFO  - My position is not better! (at simulation time 13.001,400,000 s)
2024-06-03 19:41:35,729 INFO  - Recieve a message from other vehicle (at simulation time 13.001,400,000 s)
2024-06-03 19:41:35,729 INFO  - My position is not better! (at simulation time 13.001,400,000 s)
2024-06-03 19:41:35,731 INFO  - Recieve a message from other vehicle (at simulation time 13.001,900,000 s)
2024-06-03 19:41:35,731 INFO  - My position is not better! (at simulation time 13.001,900,000 s)
2024-06-03 19:41:35,731 INFO  - Recieve a message from other vehicle (at simulation time 13.001,900,000 s)
2024-06-03 19:41:35,731 INFO  - My position is not better! (at simulation time 13.001,900,000 s)
2024-06-03 19:41:35,733 INFO  - Recieve a message from other vehicle (at simulation time 13.002,300,000 s)
2024-06-03 19:41:35,733 INFO  - My position is not better! (at simulation time 13.002,300,000 s)
2024-06-03 19:41:35,733 INFO  - Recieve a message from other vehicle (at simulation time 13.002,300,000 s)
2024-06-03 19:41:35,733 INFO  - My position is not better! (at simulation time 13.002,300,000 s)
2024-06-03 19:41:35,735 INFO  - Recieve a message from other vehicle (at simulation time 13.002,800,000 s)
2024-06-03 19:41:35,735 INFO  - I'm in better position but no more hops in message (at simulation time 13.002,800,000 s)
2024-06-03 19:41:35,735 INFO  - Recieve a message from other vehicle (at simulation time 13.003,300,000 s)
2024-06-03 19:41:35,735 INFO  - I'm in better position but no more hops in message (at simulation time 13.003,300,000 s)
2024-06-03 19:41:35,736 INFO  - Recieve a message from other vehicle (at simulation time 13.003,800,000 s)
2024-06-03 19:41:35,736 INFO  - My position is not better! (at simulation time 13.003,800,000 s)
2024-06-03 19:41:35,736 INFO  - Recieve a message from other vehicle (at simulation time 13.003,800,000 s)
2024-06-03 19:41:35,736 INFO  - My position is not better! (at simulation time 13.003,800,000 s)
2024-06-03 19:41:35,736 INFO  - Recieve a message from other vehicle (at simulation time 13.003,800,000 s)
2024-06-03 19:41:35,736 INFO  - My position is not better! (at simulation time 13.003,800,000 s)
2024-06-03 19:41:36,118 INFO  - Called #onVehicleUpdated (at simulation time 14.000,000,000 s)
2024-06-03 19:41:36,120 INFO  - Sending out AdHoc broadcast (at simulation time 14.000,000,000 s)
2024-06-03 19:41:36,123 INFO  - Recieve a message from other vehicle (at simulation time 14.000,400,000 s)
2024-06-03 19:41:36,124 INFO  - My position is not better! (at simulation time 14.000,400,000 s)
2024-06-03 19:41:36,124 INFO  - Recieve a message from other vehicle (at simulation time 14.000,400,000 s)
2024-06-03 19:41:36,124 INFO  - Recending a message from other vehicle (at simulation time 14.000,400,000 s)
2024-06-03 19:41:36,130 INFO  - Recieve a message from other vehicle (at simulation time 14.001,300,000 s)
2024-06-03 19:41:36,130 INFO  - I'm in better position but no more hops in message (at simulation time 14.001,300,000 s)
2024-06-03 19:41:36,131 INFO  - Recieve a message from other vehicle (at simulation time 14.001,400,000 s)
2024-06-03 19:41:36,131 INFO  - I'm in better position but no more hops in message (at simulation time 14.001,400,000 s)
2024-06-03 19:41:36,134 INFO  - Recieve a message from other vehicle (at simulation time 14.001,800,000 s)
2024-06-03 19:41:36,134 INFO  - I'm in better position but no more hops in message (at simulation time 14.001,800,000 s)
2024-06-03 19:41:36,134 INFO  - Recieve a message from other vehicle (at simulation time 14.001,800,000 s)
2024-06-03 19:41:36,134 INFO  - I'm in better position but no more hops in message (at simulation time 14.001,800,000 s)
2024-06-03 19:41:36,134 INFO  - Recieve a message from other vehicle (at simulation time 14.001,800,000 s)
2024-06-03 19:41:36,134 INFO  - I'm in better position but no more hops in message (at simulation time 14.001,800,000 s)
2024-06-03 19:41:36,134 INFO  - Recieve a message from other vehicle (at simulation time 14.001,900,000 s)
2024-06-03 19:41:36,134 INFO  - My position is not better! (at simulation time 14.001,900,000 s)
2024-06-03 19:41:36,135 INFO  - Recieve a message from other vehicle (at simulation time 14.001,900,000 s)
2024-06-03 19:41:36,135 INFO  - My position is not better! (at simulation time 14.001,900,000 s)
2024-06-03 19:41:36,135 INFO  - Recieve a message from other vehicle (at simulation time 14.001,900,000 s)
2024-06-03 19:41:36,135 INFO  - I'm in better position but no more hops in message (at simulation time 14.001,900,000 s)
2024-06-03 19:41:36,135 INFO  - Recieve a message from other vehicle (at simulation time 14.001,900,000 s)
2024-06-03 19:41:36,135 INFO  - I'm in better position but no more hops in message (at simulation time 14.001,900,000 s)
2024-06-03 19:41:36,135 INFO  - Recieve a message from other vehicle (at simulation time 14.001,900,000 s)
2024-06-03 19:41:36,135 INFO  - I'm in better position but no more hops in message (at simulation time 14.001,900,000 s)
2024-06-03 19:41:36,135 INFO  - Recieve a message from other vehicle (at simulation time 14.002,300,000 s)
2024-06-03 19:41:36,135 INFO  - I'm in better position but no more hops in message (at simulation time 14.002,300,000 s)
2024-06-03 19:41:36,135 INFO  - Recieve a message from other vehicle (at simulation time 14.002,300,000 s)
2024-06-03 19:41:36,136 INFO  - My position is not better! (at simulation time 14.002,300,000 s)
2024-06-03 19:41:36,136 INFO  - Recieve a message from other vehicle (at simulation time 14.002,400,000 s)
2024-06-03 19:41:36,136 INFO  - I'm in better position but no more hops in message (at simulation time 14.002,400,000 s)
2024-06-03 19:41:36,532 INFO  - Called #onVehicleUpdated (at simulation time 15.000,000,000 s)
2024-06-03 19:41:36,533 INFO  - Sending out DENM broadcast (at simulation time 15.000,000,000 s)
2024-06-03 19:41:36,534 INFO  - Sending out AdHoc broadcast (at simulation time 15.000,000,000 s)
2024-06-03 19:41:36,538 INFO  - Recieve a message from other vehicle (at simulation time 15.000,400,000 s)
2024-06-03 19:41:36,538 INFO  - DENM message Recived from veh_5 -info : seco (at simulation time 15.000,400,000 s)
2024-06-03 19:41:36,538 INFO  - No more hops in DENM message (at simulation time 15.000,400,000 s)
2024-06-03 19:41:36,539 INFO  - Recieve a message from other vehicle (at simulation time 15.000,400,000 s)
2024-06-03 19:41:36,539 INFO  - I'm in better position but no more hops in message (at simulation time 15.000,400,000 s)
2024-06-03 19:41:36,539 INFO  - Recieve a message from other vehicle (at simulation time 15.000,400,000 s)
2024-06-03 19:41:36,540 INFO  - Recending a message from other vehicle (at simulation time 15.000,400,000 s)
2024-06-03 19:41:36,540 INFO  - Recieve a message from other vehicle (at simulation time 15.000,400,000 s)
2024-06-03 19:41:36,540 INFO  - I'm in better position but no more hops in message (at simulation time 15.000,400,000 s)
2024-06-03 19:41:36,543 INFO  - Recieve a message from other vehicle (at simulation time 15.000,900,000 s)
2024-06-03 19:41:36,543 INFO  - I'm in better position but no more hops in message (at simulation time 15.000,900,000 s)
2024-06-03 19:41:36,545 INFO  - Recieve a message from other vehicle (at simulation time 15.001,300,000 s)
2024-06-03 19:41:36,545 INFO  - DENM message Recived from veh_3 -info : seco (at simulation time 15.001,300,000 s)
2024-06-03 19:41:36,545 INFO  - No more hops in DENM message (at simulation time 15.001,300,000 s)
2024-06-03 19:41:36,545 INFO  - Recieve a message from other vehicle (at simulation time 15.001,300,000 s)
2024-06-03 19:41:36,545 INFO  - DENM message Recived from veh_5 -info : seco (at simulation time 15.001,300,000 s)
2024-06-03 19:41:36,545 INFO  - No more hops in DENM message (at simulation time 15.001,300,000 s)
2024-06-03 19:41:36,546 INFO  - Recieve a message from other vehicle (at simulation time 15.001,300,000 s)
2024-06-03 19:41:36,546 INFO  - I'm in better position but no more hops in message (at simulation time 15.001,300,000 s)
2024-06-03 19:41:36,550 INFO  - Recieve a message from other vehicle (at simulation time 15.001,800,000 s)
2024-06-03 19:41:36,550 INFO  - I'm in better position but no more hops in message (at simulation time 15.001,800,000 s)
2024-06-03 19:41:36,551 INFO  - Recieve a message from other vehicle (at simulation time 15.001,800,000 s)
2024-06-03 19:41:36,551 INFO  - I'm in better position but no more hops in message (at simulation time 15.001,800,000 s)
2024-06-03 19:41:36,551 INFO  - Recieve a message from other vehicle (at simulation time 15.001,800,000 s)
2024-06-03 19:41:36,551 INFO  - I'm in better position but no more hops in message (at simulation time 15.001,800,000 s)
2024-06-03 19:41:36,551 INFO  - Recieve a message from other vehicle (at simulation time 15.001,800,000 s)
2024-06-03 19:41:36,551 INFO  - DENM message Recived from veh_1 -info : piso-molhado (at simulation time 15.001,800,000 s)
2024-06-03 19:41:36,551 INFO  - I slow down due to road state (at simulation time 15.001,800,000 s)
2024-06-03 19:41:36,551 INFO  - No more hops in DENM message (at simulation time 15.001,800,000 s)
2024-06-03 19:41:36,553 INFO  - Recieve a message from other vehicle (at simulation time 15.001,900,000 s)
2024-06-03 19:41:36,553 INFO  - DENM message Recived from veh_0 -info : seco (at simulation time 15.001,900,000 s)
2024-06-03 19:41:36,553 INFO  - No more hops in DENM message (at simulation time 15.001,900,000 s)
2024-06-03 19:41:36,553 INFO  - Recieve a message from other vehicle (at simulation time 15.001,900,000 s)
2024-06-03 19:41:36,553 INFO  - I'm in better position but no more hops in message (at simulation time 15.001,900,000 s)
2024-06-03 19:41:36,554 INFO  - Recieve a message from other vehicle (at simulation time 15.001,900,000 s)
2024-06-03 19:41:36,554 INFO  - I'm in better position but no more hops in message (at simulation time 15.001,900,000 s)
2024-06-03 19:41:36,554 INFO  - Recieve a message from other vehicle (at simulation time 15.001,900,000 s)
2024-06-03 19:41:36,554 INFO  - I'm in better position but no more hops in message (at simulation time 15.001,900,000 s)
2024-06-03 19:41:36,554 INFO  - Recieve a message from other vehicle (at simulation time 15.001,900,000 s)
2024-06-03 19:41:36,554 INFO  - I'm in better position but no more hops in message (at simulation time 15.001,900,000 s)
2024-06-03 19:41:36,556 INFO  - Recieve a message from other vehicle (at simulation time 15.002,300,000 s)
2024-06-03 19:41:36,556 INFO  - DENM message Recived from veh_0 -info : seco (at simulation time 15.002,300,000 s)
2024-06-03 19:41:36,556 INFO  - No more hops in DENM message (at simulation time 15.002,300,000 s)
2024-06-03 19:41:36,559 INFO  - Recieve a message from other vehicle (at simulation time 15.002,400,000 s)
2024-06-03 19:41:36,559 INFO  - DENM message Recived from veh_3 -info : seco (at simulation time 15.002,400,000 s)
2024-06-03 19:41:36,559 INFO  - No more hops in DENM message (at simulation time 15.002,400,000 s)
2024-06-03 19:41:36,559 INFO  - Recieve a message from other vehicle (at simulation time 15.002,400,000 s)
2024-06-03 19:41:36,559 INFO  - I'm in better position but no more hops in message (at simulation time 15.002,400,000 s)
2024-06-03 19:41:36,559 INFO  - Recieve a message from other vehicle (at simulation time 15.002,400,000 s)
2024-06-03 19:41:36,559 INFO  - I'm in better position but no more hops in message (at simulation time 15.002,400,000 s)
2024-06-03 19:41:36,563 INFO  - Recieve a message from other vehicle (at simulation time 15.003,300,000 s)
2024-06-03 19:41:36,563 INFO  - I'm in better position but no more hops in message (at simulation time 15.003,300,000 s)
2024-06-03 19:41:36,917 INFO  - Called #onVehicleUpdated (at simulation time 16.000,000,000 s)
2024-06-03 19:41:36,920 INFO  - Sending out AdHoc broadcast (at simulation time 16.000,000,000 s)
2024-06-03 19:41:36,927 INFO  - Recieve a message from other vehicle (at simulation time 16.000,800,000 s)
2024-06-03 19:41:36,927 INFO  - I'm in better position but no more hops in message (at simulation time 16.000,800,000 s)
2024-06-03 19:41:36,927 INFO  - Recieve a message from other vehicle (at simulation time 16.000,900,000 s)
2024-06-03 19:41:36,927 INFO  - Recending a message from other vehicle (at simulation time 16.000,900,000 s)
2024-06-03 19:41:36,928 INFO  - Recieve a message from other vehicle (at simulation time 16.000,900,000 s)
2024-06-03 19:41:36,928 INFO  - I'm in better position but no more hops in message (at simulation time 16.000,900,000 s)
2024-06-03 19:41:36,929 INFO  - Recieve a message from other vehicle (at simulation time 16.001,300,000 s)
2024-06-03 19:41:36,929 INFO  - I'm in better position but no more hops in message (at simulation time 16.001,300,000 s)
2024-06-03 19:41:36,930 INFO  - Recieve a message from other vehicle (at simulation time 16.001,400,000 s)
2024-06-03 19:41:36,930 INFO  - I'm in better position but no more hops in message (at simulation time 16.001,400,000 s)
2024-06-03 19:41:36,931 INFO  - Recieve a message from other vehicle (at simulation time 16.001,400,000 s)
2024-06-03 19:41:36,931 INFO  - Recending a message from other vehicle (at simulation time 16.001,400,000 s)
2024-06-03 19:41:36,931 INFO  - Recieve a message from other vehicle (at simulation time 16.001,800,000 s)
2024-06-03 19:41:36,931 INFO  - DENM message Recived from veh_4 -info : nevoeiro (at simulation time 16.001,800,000 s)
2024-06-03 19:41:36,931 INFO  - No more hops in DENM message (at simulation time 16.001,800,000 s)
2024-06-03 19:41:36,932 INFO  - Recieve a message from other vehicle (at simulation time 16.001,800,000 s)
2024-06-03 19:41:36,932 INFO  - I'm in better position but no more hops in message (at simulation time 16.001,800,000 s)
2024-06-03 19:41:36,933 INFO  - Recieve a message from other vehicle (at simulation time 16.001,900,000 s)
2024-06-03 19:41:36,933 INFO  - DENM message Recived from veh_2 -info : seco (at simulation time 16.001,900,000 s)
2024-06-03 19:41:36,933 INFO  - No more hops in DENM message (at simulation time 16.001,900,000 s)
2024-06-03 19:41:36,933 INFO  - Recieve a message from other vehicle (at simulation time 16.001,900,000 s)
2024-06-03 19:41:36,933 INFO  - I'm in better position but no more hops in message (at simulation time 16.001,900,000 s)
2024-06-03 19:41:36,933 INFO  - Recieve a message from other vehicle (at simulation time 16.001,900,000 s)
2024-06-03 19:41:36,933 INFO  - I'm in better position but no more hops in message (at simulation time 16.001,900,000 s)
2024-06-03 19:41:36,934 INFO  - Recieve a message from other vehicle (at simulation time 16.002,300,000 s)
2024-06-03 19:41:36,934 INFO  - I'm in better position but no more hops in message (at simulation time 16.002,300,000 s)
2024-06-03 19:41:36,934 INFO  - Recieve a message from other vehicle (at simulation time 16.002,400,000 s)
2024-06-03 19:41:36,934 INFO  - DENM message Recived from veh_4 -info : nevoeiro (at simulation time 16.002,400,000 s)
2024-06-03 19:41:36,934 INFO  - No more hops in DENM message (at simulation time 16.002,400,000 s)
2024-06-03 19:41:36,934 INFO  - Recieve a message from other vehicle (at simulation time 16.002,400,000 s)
2024-06-03 19:41:36,934 INFO  - I'm in better position but no more hops in message (at simulation time 16.002,400,000 s)
2024-06-03 19:41:36,934 INFO  - Recieve a message from other vehicle (at simulation time 16.002,400,000 s)
2024-06-03 19:41:36,934 INFO  - I'm in better position but no more hops in message (at simulation time 16.002,400,000 s)
2024-06-03 19:41:36,935 INFO  - Recieve a message from other vehicle (at simulation time 16.002,400,000 s)
2024-06-03 19:41:36,935 INFO  - I'm in better position but no more hops in message (at simulation time 16.002,400,000 s)
2024-06-03 19:41:36,935 INFO  - Recieve a message from other vehicle (at simulation time 16.003,300,000 s)
2024-06-03 19:41:36,935 INFO  - DENM message Recived from veh_2 -info : seco (at simulation time 16.003,300,000 s)
2024-06-03 19:41:36,935 INFO  - No more hops in DENM message (at simulation time 16.003,300,000 s)
2024-06-03 19:41:37,318 INFO  - Called #onVehicleUpdated (at simulation time 17.000,000,000 s)
2024-06-03 19:41:37,319 INFO  - Sending out AdHoc broadcast (at simulation time 17.000,000,000 s)
2024-06-03 19:41:37,324 INFO  - Recieve a message from other vehicle (at simulation time 17.000,400,000 s)
2024-06-03 19:41:37,324 INFO  - My position is not better! (at simulation time 17.000,400,000 s)
2024-06-03 19:41:37,326 INFO  - Recieve a message from other vehicle (at simulation time 17.000,800,000 s)
2024-06-03 19:41:37,326 INFO  - My position is not better! (at simulation time 17.000,800,000 s)
2024-06-03 19:41:37,326 INFO  - Recieve a message from other vehicle (at simulation time 17.000,900,000 s)
2024-06-03 19:41:37,326 INFO  - My position is not better! (at simulation time 17.000,900,000 s)
2024-06-03 19:41:37,327 INFO  - Recieve a message from other vehicle (at simulation time 17.000,900,000 s)
2024-06-03 19:41:37,327 INFO  - I'm in better position but no more hops in message (at simulation time 17.000,900,000 s)
2024-06-03 19:41:37,327 INFO  - Recieve a message from other vehicle (at simulation time 17.000,900,000 s)
2024-06-03 19:41:37,327 INFO  - My position is not better! (at simulation time 17.000,900,000 s)
2024-06-03 19:41:37,328 INFO  - Recieve a message from other vehicle (at simulation time 17.001,300,000 s)
2024-06-03 19:41:37,328 INFO  - I'm in better position but no more hops in message (at simulation time 17.001,300,000 s)
2024-06-03 19:41:37,328 INFO  - Recieve a message from other vehicle (at simulation time 17.001,300,000 s)
2024-06-03 19:41:37,328 INFO  - I'm in better position but no more hops in message (at simulation time 17.001,300,000 s)
2024-06-03 19:41:37,329 INFO  - Recieve a message from other vehicle (at simulation time 17.001,400,000 s)
2024-06-03 19:41:37,329 INFO  - I'm in better position but no more hops in message (at simulation time 17.001,400,000 s)
2024-06-03 19:41:37,330 INFO  - Recieve a message from other vehicle (at simulation time 17.001,800,000 s)
2024-06-03 19:41:37,330 INFO  - I'm in better position but no more hops in message (at simulation time 17.001,800,000 s)
2024-06-03 19:41:37,330 INFO  - Recieve a message from other vehicle (at simulation time 17.001,900,000 s)
2024-06-03 19:41:37,330 INFO  - I'm in better position but no more hops in message (at simulation time 17.001,900,000 s)
2024-06-03 19:41:37,330 INFO  - Recieve a message from other vehicle (at simulation time 17.001,900,000 s)
2024-06-03 19:41:37,330 INFO  - My position is not better! (at simulation time 17.001,900,000 s)
2024-06-03 19:41:37,330 INFO  - Recieve a message from other vehicle (at simulation time 17.001,900,000 s)
2024-06-03 19:41:37,330 INFO  - My position is not better! (at simulation time 17.001,900,000 s)
2024-06-03 19:41:37,331 INFO  - Recieve a message from other vehicle (at simulation time 17.002,400,000 s)
2024-06-03 19:41:37,331 INFO  - I'm in better position but no more hops in message (at simulation time 17.002,400,000 s)
2024-06-03 19:41:37,331 INFO  - Recieve a message from other vehicle (at simulation time 17.002,400,000 s)
2024-06-03 19:41:37,331 INFO  - My position is not better! (at simulation time 17.002,400,000 s)
2024-06-03 19:41:37,331 INFO  - Recieve a message from other vehicle (at simulation time 17.002,800,000 s)
2024-06-03 19:41:37,331 INFO  - I'm in better position but no more hops in message (at simulation time 17.002,800,000 s)
2024-06-03 19:41:37,718 INFO  - Called #onVehicleUpdated (at simulation time 18.000,000,000 s)
2024-06-03 19:41:37,719 INFO  - Sending out AdHoc broadcast (at simulation time 18.000,000,000 s)
2024-06-03 19:41:37,724 INFO  - Recieve a message from other vehicle (at simulation time 18.000,800,000 s)
2024-06-03 19:41:37,724 INFO  - My position is not better! (at simulation time 18.000,800,000 s)
2024-06-03 19:41:37,725 INFO  - Recieve a message from other vehicle (at simulation time 18.000,900,000 s)
2024-06-03 19:41:37,725 INFO  - My position is not better! (at simulation time 18.000,900,000 s)
2024-06-03 19:41:37,726 INFO  - Recieve a message from other vehicle (at simulation time 18.001,300,000 s)
2024-06-03 19:41:37,726 INFO  - I'm in better position but no more hops in message (at simulation time 18.001,300,000 s)
2024-06-03 19:41:37,727 INFO  - Recieve a message from other vehicle (at simulation time 18.001,300,000 s)
2024-06-03 19:41:37,727 INFO  - I'm in better position but no more hops in message (at simulation time 18.001,300,000 s)
2024-06-03 19:41:37,728 INFO  - Recieve a message from other vehicle (at simulation time 18.001,800,000 s)
2024-06-03 19:41:37,728 INFO  - My position is not better! (at simulation time 18.001,800,000 s)
2024-06-03 19:41:37,729 INFO  - Recieve a message from other vehicle (at simulation time 18.001,900,000 s)
2024-06-03 19:41:37,729 INFO  - My position is not better! (at simulation time 18.001,900,000 s)
2024-06-03 19:41:37,730 INFO  - Recieve a message from other vehicle (at simulation time 18.001,900,000 s)
2024-06-03 19:41:37,730 INFO  - My position is not better! (at simulation time 18.001,900,000 s)
2024-06-03 19:41:37,731 INFO  - Recieve a message from other vehicle (at simulation time 18.002,300,000 s)
2024-06-03 19:41:37,731 INFO  - My position is not better! (at simulation time 18.002,300,000 s)
2024-06-03 19:41:37,731 INFO  - Recieve a message from other vehicle (at simulation time 18.002,400,000 s)
2024-06-03 19:41:37,731 INFO  - My position is not better! (at simulation time 18.002,400,000 s)
2024-06-03 19:41:37,732 INFO  - Recieve a message from other vehicle (at simulation time 18.002,400,000 s)
2024-06-03 19:41:37,732 INFO  - My position is not better! (at simulation time 18.002,400,000 s)
2024-06-03 19:41:37,732 INFO  - Recieve a message from other vehicle (at simulation time 18.002,400,000 s)
2024-06-03 19:41:37,732 INFO  - My position is not better! (at simulation time 18.002,400,000 s)
2024-06-03 19:41:37,732 INFO  - Recieve a message from other vehicle (at simulation time 18.002,800,000 s)
2024-06-03 19:41:37,732 INFO  - I'm in better position but no more hops in message (at simulation time 18.002,800,000 s)
2024-06-03 19:41:38,119 INFO  - Called #onVehicleUpdated (at simulation time 19.000,000,000 s)
2024-06-03 19:41:38,120 INFO  - Sending out AdHoc broadcast (at simulation time 19.000,000,000 s)
2024-06-03 19:41:38,121 INFO  - Recieve a message from other vehicle (at simulation time 19.000,400,000 s)
2024-06-03 19:41:38,121 INFO  - My position is not better! (at simulation time 19.000,400,000 s)
2024-06-03 19:41:38,122 INFO  - Recieve a message from other vehicle (at simulation time 19.000,400,000 s)
2024-06-03 19:41:38,122 INFO  - My position is not better! (at simulation time 19.000,400,000 s)
2024-06-03 19:41:38,122 INFO  - Recieve a message from other vehicle (at simulation time 19.000,400,000 s)
2024-06-03 19:41:38,122 INFO  - My position is not better! (at simulation time 19.000,400,000 s)
2024-06-03 19:41:38,123 INFO  - Recieve a message from other vehicle (at simulation time 19.000,900,000 s)
2024-06-03 19:41:38,123 INFO  - My position is not better! (at simulation time 19.000,900,000 s)
2024-06-03 19:41:38,124 INFO  - Recieve a message from other vehicle (at simulation time 19.001,300,000 s)
2024-06-03 19:41:38,124 INFO  - I'm in better position but no more hops in message (at simulation time 19.001,300,000 s)
2024-06-03 19:41:38,124 INFO  - Recieve a message from other vehicle (at simulation time 19.001,400,000 s)
2024-06-03 19:41:38,124 INFO  - My position is not better! (at simulation time 19.001,400,000 s)
2024-06-03 19:41:38,125 INFO  - Recieve a message from other vehicle (at simulation time 19.001,800,000 s)
2024-06-03 19:41:38,125 INFO  - I'm in better position but no more hops in message (at simulation time 19.001,800,000 s)
2024-06-03 19:41:38,126 INFO  - Recieve a message from other vehicle (at simulation time 19.001,900,000 s)
2024-06-03 19:41:38,126 INFO  - My position is not better! (at simulation time 19.001,900,000 s)
2024-06-03 19:41:38,127 INFO  - Recieve a message from other vehicle (at simulation time 19.002,300,000 s)
2024-06-03 19:41:38,127 INFO  - I'm in better position but no more hops in message (at simulation time 19.002,300,000 s)
2024-06-03 19:41:38,128 INFO  - Recieve a message from other vehicle (at simulation time 19.002,800,000 s)
2024-06-03 19:41:38,128 INFO  - I'm in better position but no more hops in message (at simulation time 19.002,800,000 s)
2024-06-03 19:41:38,129 INFO  - Recieve a message from other vehicle (at simulation time 19.002,800,000 s)
2024-06-03 19:41:38,129 INFO  - My position is not better! (at simulation time 19.002,800,000 s)
2024-06-03 19:41:38,129 INFO  - Recieve a message from other vehicle (at simulation time 19.002,800,000 s)
2024-06-03 19:41:38,129 INFO  - My position is not better! (at simulation time 19.002,800,000 s)
2024-06-03 19:41:38,520 INFO  - Called #onVehicleUpdated (at simulation time 20.000,000,000 s)
2024-06-03 19:41:38,521 INFO  - Sending out AdHoc broadcast (at simulation time 20.000,000,000 s)
2024-06-03 19:41:38,524 INFO  - Recieve a message from other vehicle (at simulation time 20.000,900,000 s)
2024-06-03 19:41:38,524 INFO  - My position is not better! (at simulation time 20.000,900,000 s)
2024-06-03 19:41:38,524 INFO  - Recieve a message from other vehicle (at simulation time 20.000,900,000 s)
2024-06-03 19:41:38,524 INFO  - My position is not better! (at simulation time 20.000,900,000 s)
2024-06-03 19:41:38,525 INFO  - Recieve a message from other vehicle (at simulation time 20.001,300,000 s)
2024-06-03 19:41:38,525 INFO  - My position is not better! (at simulation time 20.001,300,000 s)
2024-06-03 19:41:38,527 INFO  - Recieve a message from other vehicle (at simulation time 20.001,900,000 s)
2024-06-03 19:41:38,527 INFO  - My position is not better! (at simulation time 20.001,900,000 s)
2024-06-03 19:41:38,527 INFO  - Recieve a message from other vehicle (at simulation time 20.001,900,000 s)
2024-06-03 19:41:38,527 INFO  - My position is not better! (at simulation time 20.001,900,000 s)
2024-06-03 19:41:38,527 INFO  - Recieve a message from other vehicle (at simulation time 20.001,900,000 s)
2024-06-03 19:41:38,527 INFO  - My position is not better! (at simulation time 20.001,900,000 s)
2024-06-03 19:41:38,527 INFO  - Recieve a message from other vehicle (at simulation time 20.002,300,000 s)
2024-06-03 19:41:38,527 INFO  - My position is not better! (at simulation time 20.002,300,000 s)
2024-06-03 19:41:38,527 INFO  - Recieve a message from other vehicle (at simulation time 20.002,400,000 s)
2024-06-03 19:41:38,527 INFO  - My position is not better! (at simulation time 20.002,400,000 s)
2024-06-03 19:41:38,528 INFO  - Recieve a message from other vehicle (at simulation time 20.003,300,000 s)
2024-06-03 19:41:38,528 INFO  - My position is not better! (at simulation time 20.003,300,000 s)
2024-06-03 19:41:38,528 INFO  - Recieve a message from other vehicle (at simulation time 20.003,300,000 s)
2024-06-03 19:41:38,528 INFO  - I'm in better position but no more hops in message (at simulation time 20.003,300,000 s)
2024-06-03 19:41:38,528 INFO  - Recieve a message from other vehicle (at simulation time 20.003,300,000 s)
2024-06-03 19:41:38,528 INFO  - I'm in better position but no more hops in message (at simulation time 20.003,300,000 s)
2024-06-03 19:41:38,528 INFO  - Recieve a message from other vehicle (at simulation time 20.003,800,000 s)
2024-06-03 19:41:38,528 INFO  - I'm in better position but no more hops in message (at simulation time 20.003,800,000 s)
2024-06-03 19:41:38,918 INFO  - Called #onVehicleUpdated (at simulation time 21.000,000,000 s)
2024-06-03 19:41:38,920 INFO  - Sending out AdHoc broadcast (at simulation time 21.000,000,000 s)
2024-06-03 19:41:38,921 INFO  - Recieve a message from other vehicle (at simulation time 21.000,400,000 s)
2024-06-03 19:41:38,921 INFO  - My position is not better! (at simulation time 21.000,400,000 s)
2024-06-03 19:41:38,921 INFO  - Recieve a message from other vehicle (at simulation time 21.000,800,000 s)
2024-06-03 19:41:38,922 INFO  - My position is not better! (at simulation time 21.000,800,000 s)
2024-06-03 19:41:38,922 INFO  - Recieve a message from other vehicle (at simulation time 21.001,300,000 s)
2024-06-03 19:41:38,922 INFO  - My position is not better! (at simulation time 21.001,300,000 s)
2024-06-03 19:41:38,923 INFO  - Recieve a message from other vehicle (at simulation time 21.002,400,000 s)
2024-06-03 19:41:38,923 INFO  - My position is not better! (at simulation time 21.002,400,000 s)
2024-06-03 19:41:38,923 INFO  - Recieve a message from other vehicle (at simulation time 21.002,400,000 s)
2024-06-03 19:41:38,923 INFO  - My position is not better! (at simulation time 21.002,400,000 s)
2024-06-03 19:41:38,923 INFO  - Recieve a message from other vehicle (at simulation time 21.002,400,000 s)
2024-06-03 19:41:38,923 INFO  - My position is not better! (at simulation time 21.002,400,000 s)
2024-06-03 19:41:38,923 INFO  - Recieve a message from other vehicle (at simulation time 21.002,400,000 s)
2024-06-03 19:41:38,923 INFO  - My position is not better! (at simulation time 21.002,400,000 s)
2024-06-03 19:41:38,924 INFO  - Recieve a message from other vehicle (at simulation time 21.002,400,000 s)
2024-06-03 19:41:38,924 INFO  - My position is not better! (at simulation time 21.002,400,000 s)
2024-06-03 19:41:39,317 INFO  - Called #onVehicleUpdated (at simulation time 22.000,000,000 s)
2024-06-03 19:41:39,371 INFO  - Sending out AdHoc broadcast (at simulation time 22.000,000,000 s)
2024-06-03 19:41:39,375 INFO  - Recieve a message from other vehicle (at simulation time 22.001,800,000 s)
2024-06-03 19:41:39,375 INFO  - My position is not better! (at simulation time 22.001,800,000 s)
2024-06-03 19:41:39,375 INFO  - Recieve a message from other vehicle (at simulation time 22.001,900,000 s)
2024-06-03 19:41:39,375 INFO  - My position is not better! (at simulation time 22.001,900,000 s)
2024-06-03 19:41:39,375 INFO  - Recieve a message from other vehicle (at simulation time 22.001,900,000 s)
2024-06-03 19:41:39,375 INFO  - My position is not better! (at simulation time 22.001,900,000 s)
2024-06-03 19:41:39,376 INFO  - Recieve a message from other vehicle (at simulation time 22.002,300,000 s)
2024-06-03 19:41:39,376 INFO  - My position is not better! (at simulation time 22.002,300,000 s)
2024-06-03 19:41:39,376 INFO  - Recieve a message from other vehicle (at simulation time 22.002,300,000 s)
2024-06-03 19:41:39,376 INFO  - My position is not better! (at simulation time 22.002,300,000 s)
2024-06-03 19:41:39,376 INFO  - Recieve a message from other vehicle (at simulation time 22.002,300,000 s)
2024-06-03 19:41:39,376 INFO  - My position is not better! (at simulation time 22.002,300,000 s)
2024-06-03 19:41:39,377 INFO  - Recieve a message from other vehicle (at simulation time 22.002,400,000 s)
2024-06-03 19:41:39,377 INFO  - My position is not better! (at simulation time 22.002,400,000 s)
2024-06-03 19:41:39,377 INFO  - Recieve a message from other vehicle (at simulation time 22.002,800,000 s)
2024-06-03 19:41:39,377 INFO  - My position is not better! (at simulation time 22.002,800,000 s)
2024-06-03 19:41:39,377 INFO  - Recieve a message from other vehicle (at simulation time 22.003,300,000 s)
2024-06-03 19:41:39,377 INFO  - My position is not better! (at simulation time 22.003,300,000 s)
2024-06-03 19:41:39,378 INFO  - Recieve a message from other vehicle (at simulation time 22.004,300,000 s)
2024-06-03 19:41:39,378 INFO  - My position is not better! (at simulation time 22.004,300,000 s)
2024-06-03 19:41:39,717 INFO  - Called #onVehicleUpdated (at simulation time 23.000,000,000 s)
2024-06-03 19:41:39,719 INFO  - Sending out AdHoc broadcast (at simulation time 23.000,000,000 s)
2024-06-03 19:41:39,720 INFO  - Recieve a message from other vehicle (at simulation time 23.000,400,000 s)
2024-06-03 19:41:39,720 INFO  - My position is not better! (at simulation time 23.000,400,000 s)
2024-06-03 19:41:39,723 INFO  - Recieve a message from other vehicle (at simulation time 23.003,300,000 s)
2024-06-03 19:41:39,723 INFO  - My position is not better! (at simulation time 23.003,300,000 s)
2024-06-03 19:41:40,118 INFO  - Called #onVehicleUpdated (at simulation time 24.000,000,000 s)
2024-06-03 19:41:40,119 INFO  - Sending out AdHoc broadcast (at simulation time 24.000,000,000 s)
2024-06-03 19:41:40,520 INFO  - Called #onVehicleUpdated (at simulation time 25.000,000,000 s)
2024-06-03 19:41:40,521 INFO  - Sending out AdHoc broadcast (at simulation time 25.000,000,000 s)
2024-06-03 19:41:40,917 INFO  - Called #onVehicleUpdated (at simulation time 26.000,000,000 s)
2024-06-03 19:41:40,918 INFO  - Sending out AdHoc broadcast (at simulation time 26.000,000,000 s)
2024-06-03 19:41:41,317 INFO  - Called #onVehicleUpdated (at simulation time 27.000,000,000 s)
2024-06-03 19:41:41,317 INFO  - Sending out AdHoc broadcast (at simulation time 27.000,000,000 s)
2024-06-03 19:41:41,717 INFO  - Called #onVehicleUpdated (at simulation time 28.000,000,000 s)
2024-06-03 19:41:41,717 INFO  - Sending out AdHoc broadcast (at simulation time 28.000,000,000 s)
2024-06-03 19:41:42,117 INFO  - Shutdown (at simulation time 29.000,000,000 s)
