2024-06-03 19:40:46,666 INFO  - Initialize Vehicle application (at simulation time 150.000,000,000 s)
2024-06-03 19:40:46,667 INFO  - Activated WLAN Module (at simulation time 150.000,000,000 s)
2024-06-03 19:40:46,670 INFO  - Called #onVehicleUpdated (at simulation time 150.000,000,000 s)
2024-06-03 19:40:47,018 INFO  - Called #onVehicleUpdated (at simulation time 151.000,000,000 s)
2024-06-03 19:40:47,018 INFO  - Define the name: veh_25 and route: r_2 (at simulation time 151.000,000,000 s)
2024-06-03 19:40:47,018 INFO  - Sending out AdHoc broadcast (at simulation time 151.000,000,000 s)
2024-06-03 19:40:47,364 INFO  - Called #onVehicleUpdated (at simulation time 152.000,000,000 s)
2024-06-03 19:40:47,364 INFO  - Recieve a message from other vehicle (at simulation time 152.000,900,000 s)
2024-06-03 19:40:47,364 INFO  - Recending a message from other vehicle (at simulation time 152.000,900,000 s)
2024-06-03 19:40:47,714 INFO  - Called #onVehicleUpdated (at simulation time 153.000,000,000 s)
2024-06-03 19:40:47,714 INFO  - Sending out AdHoc broadcast (at simulation time 153.000,000,000 s)
2024-06-03 19:40:48,064 INFO  - Called #onVehicleUpdated (at simulation time 154.000,000,000 s)
2024-06-03 19:40:48,065 INFO  - Recieve a message from other vehicle (at simulation time 154.000,400,000 s)
2024-06-03 19:40:48,065 INFO  - Recending a message from other vehicle (at simulation time 154.000,400,000 s)
2024-06-03 19:40:48,415 INFO  - Called #onVehicleUpdated (at simulation time 155.000,000,000 s)
2024-06-03 19:40:48,415 INFO  - Sending out AdHoc broadcast (at simulation time 155.000,000,000 s)
2024-06-03 19:40:48,764 INFO  - Called #onVehicleUpdated (at simulation time 156.000,000,000 s)
2024-06-03 19:40:48,764 INFO  - Recieve a message from other vehicle (at simulation time 156.000,900,000 s)
2024-06-03 19:40:48,764 INFO  - Recending a message from other vehicle (at simulation time 156.000,900,000 s)
2024-06-03 19:40:49,115 INFO  - Called #onVehicleUpdated (at simulation time 157.000,000,000 s)
2024-06-03 19:40:49,115 INFO  - Sending out AdHoc broadcast (at simulation time 157.000,000,000 s)
2024-06-03 19:40:49,115 INFO  - Recieve a message from other vehicle (at simulation time 157.000,400,000 s)
2024-06-03 19:40:49,115 INFO  - My position is not better! (at simulation time 157.000,400,000 s)
2024-06-03 19:40:49,115 INFO  - Recieve a message from other vehicle (at simulation time 157.000,400,000 s)
2024-06-03 19:40:49,115 INFO  - My position is not better! (at simulation time 157.000,400,000 s)
2024-06-03 19:40:49,115 INFO  - Recieve a message from other vehicle (at simulation time 157.000,900,000 s)
2024-06-03 19:40:49,115 INFO  - My position is not better! (at simulation time 157.000,900,000 s)
2024-06-03 19:40:49,116 INFO  - Recieve a message from other vehicle (at simulation time 157.000,900,000 s)
2024-06-03 19:40:49,116 INFO  - My position is not better! (at simulation time 157.000,900,000 s)
2024-06-03 19:40:49,116 INFO  - Recieve a message from other vehicle (at simulation time 157.001,300,000 s)
2024-06-03 19:40:49,116 INFO  - My position is not better! (at simulation time 157.001,300,000 s)
2024-06-03 19:40:49,116 INFO  - Recieve a message from other vehicle (at simulation time 157.001,400,000 s)
2024-06-03 19:40:49,116 INFO  - My position is not better! (at simulation time 157.001,400,000 s)
2024-06-03 19:40:49,116 INFO  - Recieve a message from other vehicle (at simulation time 157.001,400,000 s)
2024-06-03 19:40:49,116 INFO  - My position is not better! (at simulation time 157.001,400,000 s)
2024-06-03 19:40:49,116 INFO  - Recieve a message from other vehicle (at simulation time 157.001,400,000 s)
2024-06-03 19:40:49,116 INFO  - My position is not better! (at simulation time 157.001,400,000 s)
2024-06-03 19:40:49,116 INFO  - Recieve a message from other vehicle (at simulation time 157.001,400,000 s)
2024-06-03 19:40:49,116 INFO  - My position is not better! (at simulation time 157.001,400,000 s)
2024-06-03 19:40:49,116 INFO  - Recieve a message from other vehicle (at simulation time 157.001,800,000 s)
2024-06-03 19:40:49,116 INFO  - My position is not better! (at simulation time 157.001,800,000 s)
2024-06-03 19:40:49,116 INFO  - Recieve a message from other vehicle (at simulation time 157.001,900,000 s)
2024-06-03 19:40:49,116 INFO  - My position is not better! (at simulation time 157.001,900,000 s)
2024-06-03 19:40:49,116 INFO  - Recieve a message from other vehicle (at simulation time 157.001,900,000 s)
2024-06-03 19:40:49,116 INFO  - My position is not better! (at simulation time 157.001,900,000 s)
2024-06-03 19:40:49,116 INFO  - Recieve a message from other vehicle (at simulation time 157.002,300,000 s)
2024-06-03 19:40:49,116 INFO  - My position is not better! (at simulation time 157.002,300,000 s)
2024-06-03 19:40:49,116 INFO  - Recieve a message from other vehicle (at simulation time 157.002,300,000 s)
2024-06-03 19:40:49,116 INFO  - My position is not better! (at simulation time 157.002,300,000 s)
2024-06-03 19:40:49,117 INFO  - Recieve a message from other vehicle (at simulation time 157.002,400,000 s)
2024-06-03 19:40:49,117 INFO  - My position is not better! (at simulation time 157.002,400,000 s)
2024-06-03 19:40:49,117 INFO  - Recieve a message from other vehicle (at simulation time 157.002,800,000 s)
2024-06-03 19:40:49,117 INFO  - My position is not better! (at simulation time 157.002,800,000 s)
2024-06-03 19:40:49,117 INFO  - Recieve a message from other vehicle (at simulation time 157.003,300,000 s)
2024-06-03 19:40:49,117 INFO  - My position is not better! (at simulation time 157.003,300,000 s)
2024-06-03 19:40:49,117 INFO  - Recieve a message from other vehicle (at simulation time 157.003,300,000 s)
2024-06-03 19:40:49,117 INFO  - I'm in better position but no more hops in message (at simulation time 157.003,300,000 s)
2024-06-03 19:40:49,117 INFO  - Recieve a message from other vehicle (at simulation time 157.003,300,000 s)
2024-06-03 19:40:49,117 INFO  - My position is not better! (at simulation time 157.003,300,000 s)
2024-06-03 19:40:49,117 INFO  - Recieve a message from other vehicle (at simulation time 157.003,800,000 s)
2024-06-03 19:40:49,117 INFO  - My position is not better! (at simulation time 157.003,800,000 s)
2024-06-03 19:40:49,117 INFO  - Recieve a message from other vehicle (at simulation time 157.004,800,000 s)
2024-06-03 19:40:49,117 INFO  - My position is not better! (at simulation time 157.004,800,000 s)
2024-06-03 19:40:49,465 INFO  - Called #onVehicleUpdated (at simulation time 158.000,000,000 s)
2024-06-03 19:40:49,467 INFO  - Recieve a message from other vehicle (at simulation time 158.000,900,000 s)
2024-06-03 19:40:49,467 INFO  - Recending a message from other vehicle (at simulation time 158.000,900,000 s)
2024-06-03 19:40:49,467 INFO  - Recieve a message from other vehicle (at simulation time 158.000,900,000 s)
2024-06-03 19:40:49,467 INFO  - I'm in better position but no more hops in message (at simulation time 158.000,900,000 s)
2024-06-03 19:40:49,467 INFO  - Recieve a message from other vehicle (at simulation time 158.000,900,000 s)
2024-06-03 19:40:49,467 INFO  - My position is not better! (at simulation time 158.000,900,000 s)
2024-06-03 19:40:49,467 INFO  - Recieve a message from other vehicle (at simulation time 158.000,900,000 s)
2024-06-03 19:40:49,467 INFO  - I'm in better position but no more hops in message (at simulation time 158.000,900,000 s)
2024-06-03 19:40:49,467 INFO  - Recieve a message from other vehicle (at simulation time 158.000,900,000 s)
2024-06-03 19:40:49,467 INFO  - Recending a message from other vehicle (at simulation time 158.000,900,000 s)
2024-06-03 19:40:49,468 INFO  - Recieve a message from other vehicle (at simulation time 158.001,300,000 s)
2024-06-03 19:40:49,468 INFO  - I'm in better position but no more hops in message (at simulation time 158.001,300,000 s)
2024-06-03 19:40:49,468 INFO  - Recieve a message from other vehicle (at simulation time 158.001,400,000 s)
2024-06-03 19:40:49,468 INFO  - My position is not better! (at simulation time 158.001,400,000 s)
2024-06-03 19:40:49,468 INFO  - Recieve a message from other vehicle (at simulation time 158.001,400,000 s)
2024-06-03 19:40:49,468 INFO  - I'm in better position but no more hops in message (at simulation time 158.001,400,000 s)
2024-06-03 19:40:49,468 INFO  - Recieve a message from other vehicle (at simulation time 158.001,900,000 s)
2024-06-03 19:40:49,468 INFO  - I'm in better position but no more hops in message (at simulation time 158.001,900,000 s)
2024-06-03 19:40:49,468 INFO  - Recieve a message from other vehicle (at simulation time 158.002,300,000 s)
2024-06-03 19:40:49,468 INFO  - I'm in better position but no more hops in message (at simulation time 158.002,300,000 s)
2024-06-03 19:40:49,468 INFO  - Recieve a message from other vehicle (at simulation time 158.002,400,000 s)
2024-06-03 19:40:49,468 INFO  - My position is not better! (at simulation time 158.002,400,000 s)
2024-06-03 19:40:49,468 INFO  - Recieve a message from other vehicle (at simulation time 158.002,400,000 s)
2024-06-03 19:40:49,468 INFO  - I'm in better position but no more hops in message (at simulation time 158.002,400,000 s)
2024-06-03 19:40:49,468 INFO  - Recieve a message from other vehicle (at simulation time 158.002,400,000 s)
2024-06-03 19:40:49,468 INFO  - I'm in better position but no more hops in message (at simulation time 158.002,400,000 s)
2024-06-03 19:40:49,468 INFO  - Recieve a message from other vehicle (at simulation time 158.003,300,000 s)
2024-06-03 19:40:49,468 INFO  - I'm in better position but no more hops in message (at simulation time 158.003,300,000 s)
2024-06-03 19:40:49,816 INFO  - Called #onVehicleUpdated (at simulation time 159.000,000,000 s)
2024-06-03 19:40:49,816 INFO  - Sending out DENM broadcast (at simulation time 159.000,000,000 s)
2024-06-03 19:40:49,816 INFO  - Sending out AdHoc broadcast (at simulation time 159.000,000,000 s)
2024-06-03 19:40:49,817 INFO  - Recieve a message from other vehicle (at simulation time 159.000,400,000 s)
2024-06-03 19:40:49,817 INFO  - DENM message Recived from veh_24 -info : seco (at simulation time 159.000,400,000 s)
2024-06-03 19:40:49,817 INFO  - No more hops in DENM message (at simulation time 159.000,400,000 s)
2024-06-03 19:40:49,817 INFO  - Recieve a message from other vehicle (at simulation time 159.000,400,000 s)
2024-06-03 19:40:49,817 INFO  - DENM message Recived from veh_29 -info : seco (at simulation time 159.000,400,000 s)
2024-06-03 19:40:49,817 INFO  - Recending a DENM message from other vehicle (at simulation time 159.000,400,000 s)
2024-06-03 19:40:49,817 INFO  - Recieve a message from other vehicle (at simulation time 159.000,400,000 s)
2024-06-03 19:40:49,817 INFO  - Recending a message from other vehicle (at simulation time 159.000,400,000 s)
2024-06-03 19:40:49,817 INFO  - Recieve a message from other vehicle (at simulation time 159.000,400,000 s)
2024-06-03 19:40:49,817 INFO  - I'm in better position but no more hops in message (at simulation time 159.000,400,000 s)
2024-06-03 19:40:49,818 INFO  - Recieve a message from other vehicle (at simulation time 159.000,400,000 s)
2024-06-03 19:40:49,818 INFO  - Recending a message from other vehicle (at simulation time 159.000,400,000 s)
2024-06-03 19:40:49,818 INFO  - Recieve a message from other vehicle (at simulation time 159.000,800,000 s)
2024-06-03 19:40:49,818 INFO  - DENM message Recived from veh_24 -info : seco (at simulation time 159.000,800,000 s)
2024-06-03 19:40:49,818 INFO  - No more hops in DENM message (at simulation time 159.000,800,000 s)
2024-06-03 19:40:49,818 INFO  - Recieve a message from other vehicle (at simulation time 159.000,800,000 s)
2024-06-03 19:40:49,818 INFO  - DENM message Recived from veh_27 -info : seco (at simulation time 159.000,800,000 s)
2024-06-03 19:40:49,818 INFO  - No more hops in DENM message (at simulation time 159.000,800,000 s)
2024-06-03 19:40:49,818 INFO  - Recieve a message from other vehicle (at simulation time 159.000,900,000 s)
2024-06-03 19:40:49,818 INFO  - DENM message Recived from veh_27 -info : seco (at simulation time 159.000,900,000 s)
2024-06-03 19:40:49,818 INFO  - No more hops in DENM message (at simulation time 159.000,900,000 s)
2024-06-03 19:40:49,818 INFO  - Recieve a message from other vehicle (at simulation time 159.000,900,000 s)
2024-06-03 19:40:49,818 INFO  - I'm in better position but no more hops in message (at simulation time 159.000,900,000 s)
2024-06-03 19:40:49,819 INFO  - Recieve a message from other vehicle (at simulation time 159.001,300,000 s)
2024-06-03 19:40:49,819 INFO  - DENM message Recived from veh_25 -info : seco (at simulation time 159.001,300,000 s)
2024-06-03 19:40:49,819 INFO  - No more hops in DENM message (at simulation time 159.001,300,000 s)
2024-06-03 19:40:49,819 INFO  - Recieve a message from other vehicle (at simulation time 159.001,400,000 s)
2024-06-03 19:40:49,819 INFO  - I'm in better position but no more hops in message (at simulation time 159.001,400,000 s)
2024-06-03 19:40:49,819 INFO  - Recieve a message from other vehicle (at simulation time 159.001,400,000 s)
2024-06-03 19:40:49,819 INFO  - I'm in better position but no more hops in message (at simulation time 159.001,400,000 s)
2024-06-03 19:40:49,820 INFO  - Recieve a message from other vehicle (at simulation time 159.001,900,000 s)
2024-06-03 19:40:49,820 INFO  - I'm in better position but no more hops in message (at simulation time 159.001,900,000 s)
2024-06-03 19:40:49,820 INFO  - Recieve a message from other vehicle (at simulation time 159.001,900,000 s)
2024-06-03 19:40:49,820 INFO  - I'm in better position but no more hops in message (at simulation time 159.001,900,000 s)
2024-06-03 19:40:49,820 INFO  - Recieve a message from other vehicle (at simulation time 159.002,400,000 s)
2024-06-03 19:40:49,820 INFO  - Recending a message from other vehicle (at simulation time 159.002,400,000 s)
2024-06-03 19:40:49,820 INFO  - Recieve a message from other vehicle (at simulation time 159.002,400,000 s)
2024-06-03 19:40:49,820 INFO  - I'm in better position but no more hops in message (at simulation time 159.002,400,000 s)
2024-06-03 19:40:49,820 INFO  - Recieve a message from other vehicle (at simulation time 159.002,400,000 s)
2024-06-03 19:40:49,820 INFO  - Recending a message from other vehicle (at simulation time 159.002,400,000 s)
2024-06-03 19:40:49,820 INFO  - Recieve a message from other vehicle (at simulation time 159.002,400,000 s)
2024-06-03 19:40:49,820 INFO  - I'm in better position but no more hops in message (at simulation time 159.002,400,000 s)
2024-06-03 19:40:50,166 INFO  - Called #onVehicleUpdated (at simulation time 160.000,000,000 s)
2024-06-03 19:40:50,167 INFO  - Recieve a message from other vehicle (at simulation time 160.000,400,000 s)
2024-06-03 19:40:50,167 INFO  - DENM message Recived from veh_28 -info : nevoeiro (at simulation time 160.000,400,000 s)
2024-06-03 19:40:50,167 INFO  - Recending a DENM message from other vehicle (at simulation time 160.000,400,000 s)
2024-06-03 19:40:50,167 INFO  - Recieve a message from other vehicle (at simulation time 160.000,400,000 s)
2024-06-03 19:40:50,167 INFO  - I'm in better position but no more hops in message (at simulation time 160.000,400,000 s)
2024-06-03 19:40:50,168 INFO  - Recieve a message from other vehicle (at simulation time 160.000,400,000 s)
2024-06-03 19:40:50,168 INFO  - I'm in better position but no more hops in message (at simulation time 160.000,400,000 s)
2024-06-03 19:40:50,168 INFO  - Recieve a message from other vehicle (at simulation time 160.000,400,000 s)
2024-06-03 19:40:50,168 INFO  - Recending a message from other vehicle (at simulation time 160.000,400,000 s)
2024-06-03 19:40:50,168 INFO  - Recieve a message from other vehicle (at simulation time 160.000,400,000 s)
2024-06-03 19:40:50,168 INFO  - I'm in better position but no more hops in message (at simulation time 160.000,400,000 s)
2024-06-03 19:40:50,168 INFO  - Recieve a message from other vehicle (at simulation time 160.000,400,000 s)
2024-06-03 19:40:50,168 INFO  - Recending a message from other vehicle (at simulation time 160.000,400,000 s)
2024-06-03 19:40:50,168 INFO  - Recieve a message from other vehicle (at simulation time 160.000,900,000 s)
2024-06-03 19:40:50,168 INFO  - DENM message Recived from veh_26 -info : seco (at simulation time 160.000,900,000 s)
2024-06-03 19:40:50,168 INFO  - No more hops in DENM message (at simulation time 160.000,900,000 s)
2024-06-03 19:40:50,168 INFO  - Recieve a message from other vehicle (at simulation time 160.000,900,000 s)
2024-06-03 19:40:50,168 INFO  - Recending a message from other vehicle (at simulation time 160.000,900,000 s)
2024-06-03 19:40:50,168 INFO  - Recieve a message from other vehicle (at simulation time 160.000,900,000 s)
2024-06-03 19:40:50,168 INFO  - I'm in better position but no more hops in message (at simulation time 160.000,900,000 s)
2024-06-03 19:40:50,168 INFO  - Recieve a message from other vehicle (at simulation time 160.000,900,000 s)
2024-06-03 19:40:50,168 INFO  - I'm in better position but no more hops in message (at simulation time 160.000,900,000 s)
2024-06-03 19:40:50,169 INFO  - Recieve a message from other vehicle (at simulation time 160.001,300,000 s)
2024-06-03 19:40:50,169 INFO  - I'm in better position but no more hops in message (at simulation time 160.001,300,000 s)
2024-06-03 19:40:50,169 INFO  - Recieve a message from other vehicle (at simulation time 160.001,400,000 s)
2024-06-03 19:40:50,169 INFO  - I'm in better position but no more hops in message (at simulation time 160.001,400,000 s)
2024-06-03 19:40:50,169 INFO  - Recieve a message from other vehicle (at simulation time 160.001,400,000 s)
2024-06-03 19:40:50,169 INFO  - I'm in better position but no more hops in message (at simulation time 160.001,400,000 s)
2024-06-03 19:40:50,170 INFO  - Recieve a message from other vehicle (at simulation time 160.002,400,000 s)
2024-06-03 19:40:50,170 INFO  - I'm in better position but no more hops in message (at simulation time 160.002,400,000 s)
2024-06-03 19:40:50,170 INFO  - Recieve a message from other vehicle (at simulation time 160.002,800,000 s)
2024-06-03 19:40:50,170 INFO  - DENM message Recived from veh_26 -info : seco (at simulation time 160.002,800,000 s)
2024-06-03 19:40:50,170 INFO  - No more hops in DENM message (at simulation time 160.002,800,000 s)
2024-06-03 19:40:50,170 INFO  - Recieve a message from other vehicle (at simulation time 160.002,800,000 s)
2024-06-03 19:40:50,170 INFO  - I'm in better position but no more hops in message (at simulation time 160.002,800,000 s)
2024-06-03 19:40:50,515 INFO  - Called #onVehicleUpdated (at simulation time 161.000,000,000 s)
2024-06-03 19:40:50,515 INFO  - Sending out AdHoc broadcast (at simulation time 161.000,000,000 s)
2024-06-03 19:40:50,516 INFO  - Recieve a message from other vehicle (at simulation time 161.000,400,000 s)
2024-06-03 19:40:50,516 INFO  - My position is not better! (at simulation time 161.000,400,000 s)
2024-06-03 19:40:50,516 INFO  - Recieve a message from other vehicle (at simulation time 161.000,400,000 s)
2024-06-03 19:40:50,516 INFO  - My position is not better! (at simulation time 161.000,400,000 s)
2024-06-03 19:40:50,516 INFO  - Recieve a message from other vehicle (at simulation time 161.000,400,000 s)
2024-06-03 19:40:50,516 INFO  - Recending a message from other vehicle (at simulation time 161.000,400,000 s)
2024-06-03 19:40:50,516 INFO  - Recieve a message from other vehicle (at simulation time 161.000,400,000 s)
2024-06-03 19:40:50,516 INFO  - My position is not better! (at simulation time 161.000,400,000 s)
2024-06-03 19:40:50,516 INFO  - Recieve a message from other vehicle (at simulation time 161.000,800,000 s)
2024-06-03 19:40:50,516 INFO  - I'm in better position but no more hops in message (at simulation time 161.000,800,000 s)
2024-06-03 19:40:50,517 INFO  - Recieve a message from other vehicle (at simulation time 161.000,800,000 s)
2024-06-03 19:40:50,517 INFO  - I'm in better position but no more hops in message (at simulation time 161.000,800,000 s)
2024-06-03 19:40:50,517 INFO  - Recieve a message from other vehicle (at simulation time 161.000,900,000 s)
2024-06-03 19:40:50,517 INFO  - My position is not better! (at simulation time 161.000,900,000 s)
2024-06-03 19:40:50,517 INFO  - Recieve a message from other vehicle (at simulation time 161.000,900,000 s)
2024-06-03 19:40:50,517 INFO  - My position is not better! (at simulation time 161.000,900,000 s)
2024-06-03 19:40:50,517 INFO  - Recieve a message from other vehicle (at simulation time 161.000,900,000 s)
2024-06-03 19:40:50,517 INFO  - I'm in better position but no more hops in message (at simulation time 161.000,900,000 s)
2024-06-03 19:40:50,517 INFO  - Recieve a message from other vehicle (at simulation time 161.000,900,000 s)
2024-06-03 19:40:50,517 INFO  - I'm in better position but no more hops in message (at simulation time 161.000,900,000 s)
2024-06-03 19:40:50,517 INFO  - Recieve a message from other vehicle (at simulation time 161.001,400,000 s)
2024-06-03 19:40:50,517 INFO  - My position is not better! (at simulation time 161.001,400,000 s)
2024-06-03 19:40:50,518 INFO  - Recieve a message from other vehicle (at simulation time 161.002,400,000 s)
2024-06-03 19:40:50,518 INFO  - My position is not better! (at simulation time 161.002,400,000 s)
2024-06-03 19:40:50,518 INFO  - Recieve a message from other vehicle (at simulation time 161.002,400,000 s)
2024-06-03 19:40:50,518 INFO  - My position is not better! (at simulation time 161.002,400,000 s)
2024-06-03 19:40:50,518 INFO  - Recieve a message from other vehicle (at simulation time 161.002,400,000 s)
2024-06-03 19:40:50,518 INFO  - My position is not better! (at simulation time 161.002,400,000 s)
2024-06-03 19:40:50,518 INFO  - Recieve a message from other vehicle (at simulation time 161.003,300,000 s)
2024-06-03 19:40:50,518 INFO  - My position is not better! (at simulation time 161.003,300,000 s)
2024-06-03 19:40:50,865 INFO  - Called #onVehicleUpdated (at simulation time 162.000,000,000 s)
2024-06-03 19:40:50,866 INFO  - Recieve a message from other vehicle (at simulation time 162.000,400,000 s)
2024-06-03 19:40:50,866 INFO  - My position is not better! (at simulation time 162.000,400,000 s)
2024-06-03 19:40:50,867 INFO  - Recieve a message from other vehicle (at simulation time 162.000,400,000 s)
2024-06-03 19:40:50,867 INFO  - My position is not better! (at simulation time 162.000,400,000 s)
2024-06-03 19:40:50,867 INFO  - Recieve a message from other vehicle (at simulation time 162.000,400,000 s)
2024-06-03 19:40:50,867 INFO  - My position is not better! (at simulation time 162.000,400,000 s)
2024-06-03 19:40:50,867 INFO  - Recieve a message from other vehicle (at simulation time 162.000,900,000 s)
2024-06-03 19:40:50,867 INFO  - My position is not better! (at simulation time 162.000,900,000 s)
2024-06-03 19:40:50,867 INFO  - Recieve a message from other vehicle (at simulation time 162.001,300,000 s)
2024-06-03 19:40:50,867 INFO  - My position is not better! (at simulation time 162.001,300,000 s)
2024-06-03 19:40:50,868 INFO  - Recieve a message from other vehicle (at simulation time 162.001,400,000 s)
2024-06-03 19:40:50,868 INFO  - My position is not better! (at simulation time 162.001,400,000 s)
2024-06-03 19:40:50,868 INFO  - Recieve a message from other vehicle (at simulation time 162.001,400,000 s)
2024-06-03 19:40:50,868 INFO  - My position is not better! (at simulation time 162.001,400,000 s)
2024-06-03 19:40:50,868 INFO  - Recieve a message from other vehicle (at simulation time 162.001,800,000 s)
2024-06-03 19:40:50,868 INFO  - I'm in better position but no more hops in message (at simulation time 162.001,800,000 s)
2024-06-03 19:40:50,868 INFO  - Recieve a message from other vehicle (at simulation time 162.001,800,000 s)
2024-06-03 19:40:50,868 INFO  - I'm in better position but no more hops in message (at simulation time 162.001,800,000 s)
2024-06-03 19:40:50,868 INFO  - Recieve a message from other vehicle (at simulation time 162.001,900,000 s)
2024-06-03 19:40:50,868 INFO  - My position is not better! (at simulation time 162.001,900,000 s)
2024-06-03 19:40:50,868 INFO  - Recieve a message from other vehicle (at simulation time 162.002,300,000 s)
2024-06-03 19:40:50,868 INFO  - I'm in better position but no more hops in message (at simulation time 162.002,300,000 s)
2024-06-03 19:40:50,868 INFO  - Recieve a message from other vehicle (at simulation time 162.002,400,000 s)
2024-06-03 19:40:50,868 INFO  - My position is not better! (at simulation time 162.002,400,000 s)
2024-06-03 19:40:51,216 INFO  - Called #onVehicleUpdated (at simulation time 163.000,000,000 s)
2024-06-03 19:40:51,216 INFO  - Sending out AdHoc broadcast (at simulation time 163.000,000,000 s)
2024-06-03 19:40:51,216 INFO  - Recieve a message from other vehicle (at simulation time 163.001,400,000 s)
2024-06-03 19:40:51,216 INFO  - My position is not better! (at simulation time 163.001,400,000 s)
2024-06-03 19:40:51,216 INFO  - Recieve a message from other vehicle (at simulation time 163.001,800,000 s)
2024-06-03 19:40:51,216 INFO  - My position is not better! (at simulation time 163.001,800,000 s)
2024-06-03 19:40:51,216 INFO  - Recieve a message from other vehicle (at simulation time 163.002,400,000 s)
2024-06-03 19:40:51,216 INFO  - My position is not better! (at simulation time 163.002,400,000 s)
2024-06-03 19:40:51,217 INFO  - Recieve a message from other vehicle (at simulation time 163.002,400,000 s)
2024-06-03 19:40:51,217 INFO  - My position is not better! (at simulation time 163.002,400,000 s)
2024-06-03 19:40:51,217 INFO  - Recieve a message from other vehicle (at simulation time 163.002,400,000 s)
2024-06-03 19:40:51,217 INFO  - My position is not better! (at simulation time 163.002,400,000 s)
2024-06-03 19:40:51,565 INFO  - Called #onVehicleUpdated (at simulation time 164.000,000,000 s)
2024-06-03 19:40:51,916 INFO  - Called #onVehicleUpdated (at simulation time 165.000,000,000 s)
2024-06-03 19:40:51,917 INFO  - Sending out AdHoc broadcast (at simulation time 165.000,000,000 s)
2024-06-03 19:40:52,265 INFO  - Called #onVehicleUpdated (at simulation time 166.000,000,000 s)
2024-06-03 19:40:52,615 INFO  - Called #onVehicleUpdated (at simulation time 167.000,000,000 s)
2024-06-03 19:40:52,616 INFO  - Sending out AdHoc broadcast (at simulation time 167.000,000,000 s)
2024-06-03 19:40:52,965 INFO  - Called #onVehicleUpdated (at simulation time 168.000,000,000 s)
2024-06-03 19:40:53,316 INFO  - Shutdown (at simulation time 169.000,000,000 s)
