2024-06-03 18:35:11,063 INFO  - Initialize Vehicle application (at simulation time 42.000,000,000 s)
2024-06-03 18:35:11,064 INFO  - Activated WLAN Module (at simulation time 42.000,000,000 s)
2024-06-03 18:35:11,069 INFO  - Called #onVehicleUpdated (at simulation time 42.000,000,000 s)
2024-06-03 18:35:11,069 INFO  - Exced velocity! Sending new CAM (at simulation time 42.000,000,000 s)
2024-06-03 18:35:11,069 INFO  - Sending out AdHoc broadcast (at simulation time 42.000,000,000 s)
2024-06-03 18:35:11,264 INFO  - Called #onVehicleUpdated (at simulation time 43.000,000,000 s)
2024-06-03 18:35:11,264 INFO  - Exced velocity! Sending new CAM (at simulation time 43.000,000,000 s)
2024-06-03 18:35:11,264 INFO  - Sending out AdHoc broadcast (at simulation time 43.000,000,000 s)
2024-06-03 18:35:11,265 INFO  - Define the name: veh_7 and route: r_2 (at simulation time 43.000,000,000 s)
2024-06-03 18:35:11,265 INFO  - Sending out AdHoc broadcast (at simulation time 43.000,000,000 s)
2024-06-03 18:35:11,459 INFO  - Called #onVehicleUpdated (at simulation time 44.000,000,000 s)
2024-06-03 18:35:11,460 INFO  - Exced velocity! Sending new CAM (at simulation time 44.000,000,000 s)
2024-06-03 18:35:11,460 INFO  - Sending out AdHoc broadcast (at simulation time 44.000,000,000 s)
2024-06-03 18:35:11,460 INFO  - Sending out AdHoc broadcast (at simulation time 44.000,000,000 s)
2024-06-03 18:35:11,463 INFO  - Recieve a message from other vehicle (at simulation time 44.002,400,000 s)
2024-06-03 18:35:11,463 INFO  - Recending a message from other vehicle (at simulation time 44.002,400,000 s)
2024-06-03 18:35:11,661 INFO  - Called #onVehicleUpdated (at simulation time 45.000,000,000 s)
2024-06-03 18:35:11,661 INFO  - Exced velocity! Sending new CAM (at simulation time 45.000,000,000 s)
2024-06-03 18:35:11,661 INFO  - Sending out AdHoc broadcast (at simulation time 45.000,000,000 s)
2024-06-03 18:35:11,662 INFO  - Sending out AdHoc broadcast (at simulation time 45.000,000,000 s)
2024-06-03 18:35:11,662 INFO  - Sending out AdHoc broadcast (at simulation time 45.000,000,000 s)
2024-06-03 18:35:11,859 INFO  - Called #onVehicleUpdated (at simulation time 46.000,000,000 s)
2024-06-03 18:35:11,860 INFO  - Exced velocity! Sending new CAM (at simulation time 46.000,000,000 s)
2024-06-03 18:35:11,860 INFO  - Sending out AdHoc broadcast (at simulation time 46.000,000,000 s)
2024-06-03 18:35:11,860 INFO  - Sending out AdHoc broadcast (at simulation time 46.000,000,000 s)
2024-06-03 18:35:11,861 INFO  - Sending out AdHoc broadcast (at simulation time 46.000,000,000 s)
2024-06-03 18:35:11,862 INFO  - Recieve a message from other vehicle (at simulation time 46.001,400,000 s)
2024-06-03 18:35:11,862 INFO  - Recending a message from other vehicle (at simulation time 46.001,400,000 s)
2024-06-03 18:35:12,060 INFO  - Called #onVehicleUpdated (at simulation time 47.000,000,000 s)
2024-06-03 18:35:12,060 INFO  - Exced velocity! Sending new CAM (at simulation time 47.000,000,000 s)
2024-06-03 18:35:12,060 INFO  - Sending out AdHoc broadcast (at simulation time 47.000,000,000 s)
2024-06-03 18:35:12,061 INFO  - Sending out AdHoc broadcast (at simulation time 47.000,000,000 s)
2024-06-03 18:35:12,061 INFO  - Sending out AdHoc broadcast (at simulation time 47.000,000,000 s)
2024-06-03 18:35:12,061 INFO  - Sending out AdHoc broadcast (at simulation time 47.000,000,000 s)
2024-06-03 18:35:12,260 INFO  - Called #onVehicleUpdated (at simulation time 48.000,000,000 s)
2024-06-03 18:35:12,261 INFO  - Sending out AdHoc broadcast (at simulation time 48.000,000,000 s)
2024-06-03 18:35:12,261 INFO  - Sending out AdHoc broadcast (at simulation time 48.000,000,000 s)
2024-06-03 18:35:12,261 INFO  - Sending out AdHoc broadcast (at simulation time 48.000,000,000 s)
2024-06-03 18:35:12,264 INFO  - Recieve a message from other vehicle (at simulation time 48.001,400,000 s)
2024-06-03 18:35:12,264 INFO  - I'm in better position but no more hops in message (at simulation time 48.001,400,000 s)
2024-06-03 18:35:12,264 INFO  - Recieve a message from other vehicle (at simulation time 48.001,400,000 s)
2024-06-03 18:35:12,264 INFO  - I'm in better position but no more hops in message (at simulation time 48.001,400,000 s)
2024-06-03 18:35:12,264 INFO  - Recieve a message from other vehicle (at simulation time 48.001,900,000 s)
2024-06-03 18:35:12,264 INFO  - I'm in better position but no more hops in message (at simulation time 48.001,900,000 s)
2024-06-03 18:35:12,265 INFO  - Recieve a message from other vehicle (at simulation time 48.001,900,000 s)
2024-06-03 18:35:12,265 INFO  - Recending a message from other vehicle (at simulation time 48.001,900,000 s)
2024-06-03 18:35:12,461 INFO  - Called #onVehicleUpdated (at simulation time 49.000,000,000 s)
2024-06-03 18:35:12,462 INFO  - Sending out AdHoc broadcast (at simulation time 49.000,000,000 s)
2024-06-03 18:35:12,462 INFO  - Sending out AdHoc broadcast (at simulation time 49.000,000,000 s)
2024-06-03 18:35:12,462 INFO  - Sending out AdHoc broadcast (at simulation time 49.000,000,000 s)
2024-06-03 18:35:12,462 INFO  - Sending out AdHoc broadcast (at simulation time 49.000,000,000 s)
2024-06-03 18:35:12,463 INFO  - Recieve a message from other vehicle (at simulation time 49.000,400,000 s)
2024-06-03 18:35:12,464 INFO  - Recending a message from other vehicle (at simulation time 49.000,400,000 s)
2024-06-03 18:35:12,464 INFO  - Recieve a message from other vehicle (at simulation time 49.000,900,000 s)
2024-06-03 18:35:12,464 INFO  - Recending a message from other vehicle (at simulation time 49.000,900,000 s)
2024-06-03 18:35:12,465 INFO  - Recieve a message from other vehicle (at simulation time 49.000,900,000 s)
2024-06-03 18:35:12,465 INFO  - Recending a message from other vehicle (at simulation time 49.000,900,000 s)
2024-06-03 18:35:12,465 INFO  - Recieve a message from other vehicle (at simulation time 49.001,400,000 s)
2024-06-03 18:35:12,465 INFO  - My position is not better! (at simulation time 49.001,400,000 s)
2024-06-03 18:35:12,465 INFO  - Recieve a message from other vehicle (at simulation time 49.001,800,000 s)
2024-06-03 18:35:12,465 INFO  - My position is not better! (at simulation time 49.001,800,000 s)
2024-06-03 18:35:12,465 INFO  - Recieve a message from other vehicle (at simulation time 49.001,900,000 s)
2024-06-03 18:35:12,465 INFO  - My position is not better! (at simulation time 49.001,900,000 s)
2024-06-03 18:35:12,465 INFO  - Recieve a message from other vehicle (at simulation time 49.001,900,000 s)
2024-06-03 18:35:12,465 INFO  - My position is not better! (at simulation time 49.001,900,000 s)
2024-06-03 18:35:12,465 INFO  - Recieve a message from other vehicle (at simulation time 49.001,900,000 s)
2024-06-03 18:35:12,465 INFO  - Recending a message from other vehicle (at simulation time 49.001,900,000 s)
2024-06-03 18:35:12,465 INFO  - Recieve a message from other vehicle (at simulation time 49.001,900,000 s)
2024-06-03 18:35:12,465 INFO  - My position is not better! (at simulation time 49.001,900,000 s)
2024-06-03 18:35:12,466 INFO  - Recieve a message from other vehicle (at simulation time 49.002,400,000 s)
2024-06-03 18:35:12,466 INFO  - I'm in better position but no more hops in message (at simulation time 49.002,400,000 s)
2024-06-03 18:35:12,466 INFO  - Recieve a message from other vehicle (at simulation time 49.002,800,000 s)
2024-06-03 18:35:12,466 INFO  - My position is not better! (at simulation time 49.002,800,000 s)
2024-06-03 18:35:12,466 INFO  - Recieve a message from other vehicle (at simulation time 49.003,300,000 s)
2024-06-03 18:35:12,466 INFO  - My position is not better! (at simulation time 49.003,300,000 s)
2024-06-03 18:35:12,466 INFO  - Recieve a message from other vehicle (at simulation time 49.003,300,000 s)
2024-06-03 18:35:12,466 INFO  - I'm in better position but no more hops in message (at simulation time 49.003,300,000 s)
2024-06-03 18:35:12,466 INFO  - Recieve a message from other vehicle (at simulation time 49.004,800,000 s)
2024-06-03 18:35:12,466 INFO  - My position is not better! (at simulation time 49.004,800,000 s)
2024-06-03 18:35:12,663 INFO  - Called #onVehicleUpdated (at simulation time 50.000,000,000 s)
2024-06-03 18:35:12,664 INFO  - Sending out AdHoc broadcast (at simulation time 50.000,000,000 s)
2024-06-03 18:35:12,664 INFO  - Sending out AdHoc broadcast (at simulation time 50.000,000,000 s)
2024-06-03 18:35:12,664 INFO  - Sending out AdHoc broadcast (at simulation time 50.000,000,000 s)
2024-06-03 18:35:12,666 INFO  - Recieve a message from other vehicle (at simulation time 50.000,400,000 s)
2024-06-03 18:35:12,666 INFO  - My position is not better! (at simulation time 50.000,400,000 s)
2024-06-03 18:35:12,666 INFO  - Recieve a message from other vehicle (at simulation time 50.000,400,000 s)
2024-06-03 18:35:12,666 INFO  - I'm in better position but no more hops in message (at simulation time 50.000,400,000 s)
2024-06-03 18:35:12,667 INFO  - Recieve a message from other vehicle (at simulation time 50.000,900,000 s)
2024-06-03 18:35:12,667 INFO  - My position is not better! (at simulation time 50.000,900,000 s)
2024-06-03 18:35:12,667 INFO  - Recieve a message from other vehicle (at simulation time 50.001,300,000 s)
2024-06-03 18:35:12,667 INFO  - I'm in better position but no more hops in message (at simulation time 50.001,300,000 s)
2024-06-03 18:35:12,667 INFO  - Recieve a message from other vehicle (at simulation time 50.001,300,000 s)
2024-06-03 18:35:12,667 INFO  - I'm in better position but no more hops in message (at simulation time 50.001,300,000 s)
2024-06-03 18:35:12,668 INFO  - Recieve a message from other vehicle (at simulation time 50.001,400,000 s)
2024-06-03 18:35:12,668 INFO  - I'm in better position but no more hops in message (at simulation time 50.001,400,000 s)
2024-06-03 18:35:12,668 INFO  - Recieve a message from other vehicle (at simulation time 50.001,400,000 s)
2024-06-03 18:35:12,668 INFO  - I'm in better position but no more hops in message (at simulation time 50.001,400,000 s)
2024-06-03 18:35:12,669 INFO  - Recieve a message from other vehicle (at simulation time 50.001,800,000 s)
2024-06-03 18:35:12,669 INFO  - I'm in better position but no more hops in message (at simulation time 50.001,800,000 s)
2024-06-03 18:35:12,669 INFO  - Recieve a message from other vehicle (at simulation time 50.001,900,000 s)
2024-06-03 18:35:12,669 INFO  - I'm in better position but no more hops in message (at simulation time 50.001,900,000 s)
2024-06-03 18:35:12,670 INFO  - Recieve a message from other vehicle (at simulation time 50.001,900,000 s)
2024-06-03 18:35:12,670 INFO  - I'm in better position but no more hops in message (at simulation time 50.001,900,000 s)
2024-06-03 18:35:12,670 INFO  - Recieve a message from other vehicle (at simulation time 50.002,300,000 s)
2024-06-03 18:35:12,670 INFO  - I'm in better position but no more hops in message (at simulation time 50.002,300,000 s)
2024-06-03 18:35:12,670 INFO  - Recieve a message from other vehicle (at simulation time 50.002,300,000 s)
2024-06-03 18:35:12,670 INFO  - I'm in better position but no more hops in message (at simulation time 50.002,300,000 s)
2024-06-03 18:35:12,670 INFO  - Recieve a message from other vehicle (at simulation time 50.002,300,000 s)
2024-06-03 18:35:12,670 INFO  - My position is not better! (at simulation time 50.002,300,000 s)
2024-06-03 18:35:12,671 INFO  - Recieve a message from other vehicle (at simulation time 50.002,400,000 s)
2024-06-03 18:35:12,671 INFO  - My position is not better! (at simulation time 50.002,400,000 s)
2024-06-03 18:35:12,671 INFO  - Recieve a message from other vehicle (at simulation time 50.002,400,000 s)
2024-06-03 18:35:12,671 INFO  - I'm in better position but no more hops in message (at simulation time 50.002,400,000 s)
2024-06-03 18:35:12,671 INFO  - Recieve a message from other vehicle (at simulation time 50.002,400,000 s)
2024-06-03 18:35:12,671 INFO  - I'm in better position but no more hops in message (at simulation time 50.002,400,000 s)
2024-06-03 18:35:12,672 INFO  - Recieve a message from other vehicle (at simulation time 50.002,800,000 s)
2024-06-03 18:35:12,672 INFO  - My position is not better! (at simulation time 50.002,800,000 s)
2024-06-03 18:35:12,672 INFO  - Recieve a message from other vehicle (at simulation time 50.002,800,000 s)
2024-06-03 18:35:12,672 INFO  - I'm in better position but no more hops in message (at simulation time 50.002,800,000 s)
2024-06-03 18:35:12,673 INFO  - Recieve a message from other vehicle (at simulation time 50.003,800,000 s)
2024-06-03 18:35:12,673 INFO  - I'm in better position but no more hops in message (at simulation time 50.003,800,000 s)
2024-06-03 18:35:12,673 INFO  - Recieve a message from other vehicle (at simulation time 50.003,800,000 s)
2024-06-03 18:35:12,673 INFO  - My position is not better! (at simulation time 50.003,800,000 s)
2024-06-03 18:35:12,675 INFO  - Recieve a message from RSU (at simulation time 50.329,692,811 s)
2024-06-03 18:35:12,675 INFO  - RSU Stopped me!!! (at simulation time 50.329,692,811 s)
2024-06-03 18:35:12,676 INFO  - Recieve a message from RSU (at simulation time 50.348,641,827 s)
2024-06-03 18:35:12,861 INFO  - Called #onVehicleUpdated (at simulation time 51.000,000,000 s)
2024-06-03 18:35:12,862 INFO  - Sending out DENM broadcast (at simulation time 51.000,000,000 s)
2024-06-03 18:35:12,862 INFO  - Sending out AdHoc broadcast (at simulation time 51.000,000,000 s)
2024-06-03 18:35:12,862 INFO  - Sending out AdHoc broadcast (at simulation time 51.000,000,000 s)
2024-06-03 18:35:12,862 INFO  - Sending out AdHoc broadcast (at simulation time 51.000,000,000 s)
2024-06-03 18:35:12,862 INFO  - Sending out AdHoc broadcast (at simulation time 51.000,000,000 s)
2024-06-03 18:35:12,865 INFO  - Recieve a message from other vehicle (at simulation time 51.000,400,000 s)
2024-06-03 18:35:12,865 INFO  - I'm in better position but no more hops in message (at simulation time 51.000,400,000 s)
2024-06-03 18:35:12,865 INFO  - Recieve a message from other vehicle (at simulation time 51.000,400,000 s)
2024-06-03 18:35:12,865 INFO  - I'm in better position but no more hops in message (at simulation time 51.000,400,000 s)
2024-06-03 18:35:12,865 INFO  - Recieve a message from other vehicle (at simulation time 51.000,400,000 s)
2024-06-03 18:35:12,865 INFO  - I'm in better position but no more hops in message (at simulation time 51.000,400,000 s)
2024-06-03 18:35:12,865 INFO  - Recieve a message from other vehicle (at simulation time 51.000,800,000 s)
2024-06-03 18:35:12,865 INFO  - DENM message Recived from veh_9 -info : seco (at simulation time 51.000,800,000 s)
2024-06-03 18:35:12,865 INFO  - No more hops in DENM message (at simulation time 51.000,800,000 s)
2024-06-03 18:35:12,866 INFO  - Recieve a message from other vehicle (at simulation time 51.001,400,000 s)
2024-06-03 18:35:12,867 INFO  - DENM message Recived from veh_6 -info : piso-molhado (at simulation time 51.001,400,000 s)
2024-06-03 18:35:12,867 INFO  - I slow down due to road state (at simulation time 51.001,400,000 s)
2024-06-03 18:35:12,867 INFO  - No more hops in DENM message (at simulation time 51.001,400,000 s)
2024-06-03 18:35:12,867 INFO  - Recieve a message from other vehicle (at simulation time 51.001,400,000 s)
2024-06-03 18:35:12,867 INFO  - DENM message Recived from veh_9 -info : seco (at simulation time 51.001,400,000 s)
2024-06-03 18:35:12,867 INFO  - No more hops in DENM message (at simulation time 51.001,400,000 s)
2024-06-03 18:35:12,867 INFO  - Recieve a message from other vehicle (at simulation time 51.001,400,000 s)
2024-06-03 18:35:12,867 INFO  - My position is not better! (at simulation time 51.001,400,000 s)
2024-06-03 18:35:12,868 INFO  - Recieve a message from other vehicle (at simulation time 51.001,800,000 s)
2024-06-03 18:35:12,869 INFO  - DENM message Recived from veh_6 -info : piso-molhado (at simulation time 51.001,800,000 s)
2024-06-03 18:35:12,869 INFO  - I slow down due to road state (at simulation time 51.001,800,000 s)
2024-06-03 18:35:12,869 INFO  - No more hops in DENM message (at simulation time 51.001,800,000 s)
2024-06-03 18:35:12,870 INFO  - Recieve a message from other vehicle (at simulation time 51.001,900,000 s)
2024-06-03 18:35:12,870 INFO  - DENM message Recived from veh_11 -info : seco (at simulation time 51.001,900,000 s)
2024-06-03 18:35:12,870 INFO  - No more hops in DENM message (at simulation time 51.001,900,000 s)
2024-06-03 18:35:12,870 INFO  - Recieve a message from other vehicle (at simulation time 51.001,900,000 s)
2024-06-03 18:35:12,870 INFO  - My position is not better! (at simulation time 51.001,900,000 s)
2024-06-03 18:35:12,871 INFO  - Recieve a message from other vehicle (at simulation time 51.002,300,000 s)
2024-06-03 18:35:12,871 INFO  - DENM message Recived from veh_7 -info : seco (at simulation time 51.002,300,000 s)
2024-06-03 18:35:12,871 INFO  - No more hops in DENM message (at simulation time 51.002,300,000 s)
2024-06-03 18:35:12,872 INFO  - Recieve a message from other vehicle (at simulation time 51.002,400,000 s)
2024-06-03 18:35:12,872 INFO  - My position is not better! (at simulation time 51.002,400,000 s)
2024-06-03 18:35:12,872 INFO  - Recieve a message from other vehicle (at simulation time 51.002,400,000 s)
2024-06-03 18:35:12,872 INFO  - I'm in better position but no more hops in message (at simulation time 51.002,400,000 s)
2024-06-03 18:35:12,872 INFO  - Recieve a message from other vehicle (at simulation time 51.002,400,000 s)
2024-06-03 18:35:12,872 INFO  - My position is not better! (at simulation time 51.002,400,000 s)
2024-06-03 18:35:12,872 INFO  - Recieve a message from other vehicle (at simulation time 51.002,400,000 s)
2024-06-03 18:35:12,872 INFO  - I'm in better position but no more hops in message (at simulation time 51.002,400,000 s)
2024-06-03 18:35:12,874 INFO  - Recieve a message from other vehicle (at simulation time 51.003,800,000 s)
2024-06-03 18:35:12,874 INFO  - DENM message Recived from veh_11 -info : seco (at simulation time 51.003,800,000 s)
2024-06-03 18:35:12,874 INFO  - No more hops in DENM message (at simulation time 51.003,800,000 s)
2024-06-03 18:35:12,874 INFO  - Recieve a message from RSU (at simulation time 51.017,002,531 s)
2024-06-03 18:35:12,874 INFO  - Recieve a message from RSU (at simulation time 51.024,121,193 s)
2024-06-03 18:35:12,875 INFO  - Recieve a message from RSU (at simulation time 51.717,458,424 s)
2024-06-03 18:35:12,875 INFO  - Recieve a message from RSU (at simulation time 51.746,914,452 s)
2024-06-03 18:35:13,062 INFO  - Called #onVehicleUpdated (at simulation time 52.000,000,000 s)
2024-06-03 18:35:13,062 INFO  - Sending out AdHoc broadcast (at simulation time 52.000,000,000 s)
2024-06-03 18:35:13,063 INFO  - Sending out AdHoc broadcast (at simulation time 52.000,000,000 s)
2024-06-03 18:35:13,063 INFO  - Sending out AdHoc broadcast (at simulation time 52.000,000,000 s)
2024-06-03 18:35:13,064 INFO  - Recieve a message from other vehicle (at simulation time 52.000,400,000 s)
2024-06-03 18:35:13,064 INFO  - I'm in better position but no more hops in message (at simulation time 52.000,400,000 s)
2024-06-03 18:35:13,065 INFO  - Recieve a message from other vehicle (at simulation time 52.000,400,000 s)
2024-06-03 18:35:13,065 INFO  - Recending a message from other vehicle (at simulation time 52.000,400,000 s)
2024-06-03 18:35:13,066 INFO  - Recieve a message from other vehicle (at simulation time 52.000,800,000 s)
2024-06-03 18:35:13,066 INFO  - I'm in better position but no more hops in message (at simulation time 52.000,800,000 s)
2024-06-03 18:35:13,066 INFO  - Recieve a message from other vehicle (at simulation time 52.000,900,000 s)
2024-06-03 18:35:13,066 INFO  - I'm in better position but no more hops in message (at simulation time 52.000,900,000 s)
2024-06-03 18:35:13,066 INFO  - Recieve a message from other vehicle (at simulation time 52.000,900,000 s)
2024-06-03 18:35:13,066 INFO  - Recending a message from other vehicle (at simulation time 52.000,900,000 s)
2024-06-03 18:35:13,067 INFO  - Recieve a message from other vehicle (at simulation time 52.001,300,000 s)
2024-06-03 18:35:13,067 INFO  - DENM message Recived from veh_10 -info : seco (at simulation time 52.001,300,000 s)
2024-06-03 18:35:13,067 INFO  - No more hops in DENM message (at simulation time 52.001,300,000 s)
2024-06-03 18:35:13,068 INFO  - Recieve a message from other vehicle (at simulation time 52.001,400,000 s)
2024-06-03 18:35:13,068 INFO  - I'm in better position but no more hops in message (at simulation time 52.001,400,000 s)
2024-06-03 18:35:13,068 INFO  - Recieve a message from other vehicle (at simulation time 52.001,400,000 s)
2024-06-03 18:35:13,068 INFO  - My position is not better! (at simulation time 52.001,400,000 s)
2024-06-03 18:35:13,069 INFO  - Recieve a message from other vehicle (at simulation time 52.001,900,000 s)
2024-06-03 18:35:13,069 INFO  - I'm in better position but no more hops in message (at simulation time 52.001,900,000 s)
2024-06-03 18:35:13,069 INFO  - Recieve a message from other vehicle (at simulation time 52.002,400,000 s)
2024-06-03 18:35:13,069 INFO  - DENM message Recived from veh_8 -info : seco (at simulation time 52.002,400,000 s)
2024-06-03 18:35:13,070 INFO  - No more hops in DENM message (at simulation time 52.002,400,000 s)
2024-06-03 18:35:13,070 INFO  - Recieve a message from other vehicle (at simulation time 52.002,400,000 s)
2024-06-03 18:35:13,070 INFO  - DENM message Recived from veh_10 -info : seco (at simulation time 52.002,400,000 s)
2024-06-03 18:35:13,070 INFO  - No more hops in DENM message (at simulation time 52.002,400,000 s)
2024-06-03 18:35:13,070 INFO  - Recieve a message from other vehicle (at simulation time 52.002,400,000 s)
2024-06-03 18:35:13,070 INFO  - My position is not better! (at simulation time 52.002,400,000 s)
2024-06-03 18:35:13,070 INFO  - Recieve a message from other vehicle (at simulation time 52.002,400,000 s)
2024-06-03 18:35:13,070 INFO  - I'm in better position but no more hops in message (at simulation time 52.002,400,000 s)
2024-06-03 18:35:13,070 INFO  - Recieve a message from other vehicle (at simulation time 52.002,400,000 s)
2024-06-03 18:35:13,070 INFO  - My position is not better! (at simulation time 52.002,400,000 s)
2024-06-03 18:35:13,070 INFO  - Recieve a message from other vehicle (at simulation time 52.002,800,000 s)
2024-06-03 18:35:13,070 INFO  - DENM message Recived from veh_8 -info : seco (at simulation time 52.002,800,000 s)
2024-06-03 18:35:13,070 INFO  - No more hops in DENM message (at simulation time 52.002,800,000 s)
2024-06-03 18:35:13,072 INFO  - Recieve a message from RSU (at simulation time 52.428,000,251 s)
2024-06-03 18:35:13,072 INFO  - Recieve a message from RSU (at simulation time 52.434,122,837 s)
2024-06-03 18:35:13,261 INFO  - Called #onVehicleUpdated (at simulation time 53.000,000,000 s)
2024-06-03 18:35:13,262 INFO  - Sending out AdHoc broadcast (at simulation time 53.000,000,000 s)
2024-06-03 18:35:13,262 INFO  - Sending out AdHoc broadcast (at simulation time 53.000,000,000 s)
2024-06-03 18:35:13,262 INFO  - Sending out AdHoc broadcast (at simulation time 53.000,000,000 s)
2024-06-03 18:35:13,262 INFO  - Sending out AdHoc broadcast (at simulation time 53.000,000,000 s)
2024-06-03 18:35:13,264 INFO  - Recieve a message from other vehicle (at simulation time 53.000,400,000 s)
2024-06-03 18:35:13,264 INFO  - I'm in better position but no more hops in message (at simulation time 53.000,400,000 s)
2024-06-03 18:35:13,264 INFO  - Recieve a message from other vehicle (at simulation time 53.000,400,000 s)
2024-06-03 18:35:13,264 INFO  - I'm in better position but no more hops in message (at simulation time 53.000,400,000 s)
2024-06-03 18:35:13,265 INFO  - Recieve a message from other vehicle (at simulation time 53.000,900,000 s)
2024-06-03 18:35:13,265 INFO  - I'm in better position but no more hops in message (at simulation time 53.000,900,000 s)
2024-06-03 18:35:13,265 INFO  - Recieve a message from other vehicle (at simulation time 53.001,400,000 s)
2024-06-03 18:35:13,265 INFO  - I'm in better position but no more hops in message (at simulation time 53.001,400,000 s)
2024-06-03 18:35:13,266 INFO  - Recieve a message from other vehicle (at simulation time 53.001,400,000 s)
2024-06-03 18:35:13,266 INFO  - I'm in better position but no more hops in message (at simulation time 53.001,400,000 s)
2024-06-03 18:35:13,266 INFO  - Recieve a message from other vehicle (at simulation time 53.001,400,000 s)
2024-06-03 18:35:13,266 INFO  - I'm in better position but no more hops in message (at simulation time 53.001,400,000 s)
2024-06-03 18:35:13,266 INFO  - Recieve a message from other vehicle (at simulation time 53.001,400,000 s)
2024-06-03 18:35:13,266 INFO  - I'm in better position but no more hops in message (at simulation time 53.001,400,000 s)
2024-06-03 18:35:13,266 INFO  - Recieve a message from other vehicle (at simulation time 53.001,900,000 s)
2024-06-03 18:35:13,266 INFO  - I'm in better position but no more hops in message (at simulation time 53.001,900,000 s)
2024-06-03 18:35:13,266 INFO  - Recieve a message from other vehicle (at simulation time 53.002,400,000 s)
2024-06-03 18:35:13,266 INFO  - I'm in better position but no more hops in message (at simulation time 53.002,400,000 s)
2024-06-03 18:35:13,268 INFO  - Recieve a message from RSU (at simulation time 53.127,828,869 s)
2024-06-03 18:35:13,268 INFO  - Recieve a message from RSU (at simulation time 53.133,768,774 s)
2024-06-03 18:35:13,268 INFO  - Recieve a message from RSU (at simulation time 53.823,628,285 s)
2024-06-03 18:35:13,269 INFO  - Recieve a message from RSU (at simulation time 53.849,846,606 s)
2024-06-03 18:35:13,460 INFO  - Called #onVehicleUpdated (at simulation time 54.000,000,000 s)
2024-06-03 18:35:13,461 INFO  - Sending out AdHoc broadcast (at simulation time 54.000,000,000 s)
2024-06-03 18:35:13,461 INFO  - Sending out AdHoc broadcast (at simulation time 54.000,000,000 s)
2024-06-03 18:35:13,461 INFO  - Sending out AdHoc broadcast (at simulation time 54.000,000,000 s)
2024-06-03 18:35:13,461 INFO  - Recieve a message from other vehicle (at simulation time 54.000,400,000 s)
2024-06-03 18:35:13,461 INFO  - Recending a message from other vehicle (at simulation time 54.000,400,000 s)
2024-06-03 18:35:13,462 INFO  - Recieve a message from other vehicle (at simulation time 54.000,900,000 s)
2024-06-03 18:35:13,462 INFO  - I'm in better position but no more hops in message (at simulation time 54.000,900,000 s)
2024-06-03 18:35:13,462 INFO  - Recieve a message from other vehicle (at simulation time 54.000,900,000 s)
2024-06-03 18:35:13,462 INFO  - I'm in better position but no more hops in message (at simulation time 54.000,900,000 s)
2024-06-03 18:35:13,462 INFO  - Recieve a message from other vehicle (at simulation time 54.000,900,000 s)
2024-06-03 18:35:13,462 INFO  - I'm in better position but no more hops in message (at simulation time 54.000,900,000 s)
2024-06-03 18:35:13,462 INFO  - Recieve a message from other vehicle (at simulation time 54.001,300,000 s)
2024-06-03 18:35:13,462 INFO  - I'm in better position but no more hops in message (at simulation time 54.001,300,000 s)
2024-06-03 18:35:13,462 INFO  - Recieve a message from other vehicle (at simulation time 54.001,900,000 s)
2024-06-03 18:35:13,462 INFO  - I'm in better position but no more hops in message (at simulation time 54.001,900,000 s)
2024-06-03 18:35:13,462 INFO  - Recieve a message from other vehicle (at simulation time 54.001,900,000 s)
2024-06-03 18:35:13,462 INFO  - I'm in better position but no more hops in message (at simulation time 54.001,900,000 s)
2024-06-03 18:35:13,462 INFO  - Recieve a message from other vehicle (at simulation time 54.001,900,000 s)
2024-06-03 18:35:13,462 INFO  - I'm in better position but no more hops in message (at simulation time 54.001,900,000 s)
2024-06-03 18:35:13,462 INFO  - Recieve a message from other vehicle (at simulation time 54.001,900,000 s)
2024-06-03 18:35:13,462 INFO  - I'm in better position but no more hops in message (at simulation time 54.001,900,000 s)
2024-06-03 18:35:13,462 INFO  - Recieve a message from other vehicle (at simulation time 54.002,300,000 s)
2024-06-03 18:35:13,462 INFO  - I'm in better position but no more hops in message (at simulation time 54.002,300,000 s)
2024-06-03 18:35:13,462 INFO  - Recieve a message from RSU (at simulation time 54.002,400,000 s)
2024-06-03 18:35:13,462 INFO  - RSU ordered to advance!!! (at simulation time 54.002,400,000 s)
2024-06-03 18:35:13,462 INFO  - Recieve a message from other vehicle (at simulation time 54.002,400,000 s)
2024-06-03 18:35:13,462 INFO  - I'm in better position but no more hops in message (at simulation time 54.002,400,000 s)
2024-06-03 18:35:13,462 INFO  - Recieve a message from other vehicle (at simulation time 54.002,400,000 s)
2024-06-03 18:35:13,462 INFO  - I'm in better position but no more hops in message (at simulation time 54.002,400,000 s)
2024-06-03 18:35:13,463 INFO  - Recieve a message from RSU (at simulation time 54.528,856,072 s)
2024-06-03 18:35:13,463 INFO  - Recieve a message from RSU (at simulation time 54.551,864,571 s)
2024-06-03 18:35:13,664 INFO  - Called #onVehicleUpdated (at simulation time 55.000,000,000 s)
2024-06-03 18:35:13,664 INFO  - Sending out AdHoc broadcast (at simulation time 55.000,000,000 s)
2024-06-03 18:35:13,664 INFO  - Sending out AdHoc broadcast (at simulation time 55.000,000,000 s)
2024-06-03 18:35:13,664 INFO  - Sending out AdHoc broadcast (at simulation time 55.000,000,000 s)
2024-06-03 18:35:13,665 INFO  - Sending out AdHoc broadcast (at simulation time 55.000,000,000 s)
2024-06-03 18:35:13,667 INFO  - Recieve a message from other vehicle (at simulation time 55.000,400,000 s)
2024-06-03 18:35:13,667 INFO  - My position is not better! (at simulation time 55.000,400,000 s)
2024-06-03 18:35:13,667 INFO  - Recieve a message from other vehicle (at simulation time 55.001,300,000 s)
2024-06-03 18:35:13,667 INFO  - I'm in better position but no more hops in message (at simulation time 55.001,300,000 s)
2024-06-03 18:35:13,667 INFO  - Recieve a message from other vehicle (at simulation time 55.001,400,000 s)
2024-06-03 18:35:13,667 INFO  - My position is not better! (at simulation time 55.001,400,000 s)
2024-06-03 18:35:13,667 INFO  - Recieve a message from other vehicle (at simulation time 55.001,400,000 s)
2024-06-03 18:35:13,667 INFO  - My position is not better! (at simulation time 55.001,400,000 s)
2024-06-03 18:35:13,667 INFO  - Recieve a message from other vehicle (at simulation time 55.001,800,000 s)
2024-06-03 18:35:13,667 INFO  - My position is not better! (at simulation time 55.001,800,000 s)
2024-06-03 18:35:13,667 INFO  - Recieve a message from other vehicle (at simulation time 55.001,800,000 s)
2024-06-03 18:35:13,668 INFO  - I'm in better position but no more hops in message (at simulation time 55.001,800,000 s)
2024-06-03 18:35:13,668 INFO  - Recieve a message from other vehicle (at simulation time 55.001,900,000 s)
2024-06-03 18:35:13,668 INFO  - I'm in better position but no more hops in message (at simulation time 55.001,900,000 s)
2024-06-03 18:35:13,668 INFO  - Recieve a message from other vehicle (at simulation time 55.001,900,000 s)
2024-06-03 18:35:13,668 INFO  - I'm in better position but no more hops in message (at simulation time 55.001,900,000 s)
2024-06-03 18:35:13,668 INFO  - Recieve a message from other vehicle (at simulation time 55.001,900,000 s)
2024-06-03 18:35:13,668 INFO  - My position is not better! (at simulation time 55.001,900,000 s)
2024-06-03 18:35:13,668 INFO  - Recieve a message from other vehicle (at simulation time 55.001,900,000 s)
2024-06-03 18:35:13,668 INFO  - I'm in better position but no more hops in message (at simulation time 55.001,900,000 s)
2024-06-03 18:35:13,668 INFO  - Recieve a message from other vehicle (at simulation time 55.002,300,000 s)
2024-06-03 18:35:13,668 INFO  - I'm in better position but no more hops in message (at simulation time 55.002,300,000 s)
2024-06-03 18:35:13,668 INFO  - Recieve a message from other vehicle (at simulation time 55.002,300,000 s)
2024-06-03 18:35:13,668 INFO  - My position is not better! (at simulation time 55.002,300,000 s)
2024-06-03 18:35:13,668 INFO  - Recieve a message from other vehicle (at simulation time 55.002,400,000 s)
2024-06-03 18:35:13,668 INFO  - I'm in better position but no more hops in message (at simulation time 55.002,400,000 s)
2024-06-03 18:35:13,668 INFO  - Recieve a message from other vehicle (at simulation time 55.002,400,000 s)
2024-06-03 18:35:13,668 INFO  - I'm in better position but no more hops in message (at simulation time 55.002,400,000 s)
2024-06-03 18:35:13,669 INFO  - Recieve a message from other vehicle (at simulation time 55.002,800,000 s)
2024-06-03 18:35:13,669 INFO  - My position is not better! (at simulation time 55.002,800,000 s)
2024-06-03 18:35:13,669 INFO  - Recieve a message from other vehicle (at simulation time 55.003,800,000 s)
2024-06-03 18:35:13,669 INFO  - My position is not better! (at simulation time 55.003,800,000 s)
2024-06-03 18:35:13,669 INFO  - Recieve a message from other vehicle (at simulation time 55.004,300,000 s)
2024-06-03 18:35:13,669 INFO  - I'm in better position but no more hops in message (at simulation time 55.004,300,000 s)
2024-06-03 18:35:13,669 INFO  - Recieve a message from RSU (at simulation time 55.215,061,207 s)
2024-06-03 18:35:13,669 INFO  - Recieve a message from RSU (at simulation time 55.253,840,805 s)
2024-06-03 18:35:13,669 INFO  - Recieve a message from RSU (at simulation time 55.914,023,355 s)
2024-06-03 18:35:13,669 INFO  - Recieve a message from RSU (at simulation time 55.919,537,925 s)
2024-06-03 18:35:13,863 INFO  - Called #onVehicleUpdated (at simulation time 56.000,000,000 s)
2024-06-03 18:35:13,864 INFO  - Sending out AdHoc broadcast (at simulation time 56.000,000,000 s)
2024-06-03 18:35:13,864 INFO  - Sending out AdHoc broadcast (at simulation time 56.000,000,000 s)
2024-06-03 18:35:13,864 INFO  - Sending out AdHoc broadcast (at simulation time 56.000,000,000 s)
2024-06-03 18:35:13,867 INFO  - Recieve a message from other vehicle (at simulation time 56.000,400,000 s)
2024-06-03 18:35:13,867 INFO  - My position is not better! (at simulation time 56.000,400,000 s)
2024-06-03 18:35:13,867 INFO  - Recieve a message from other vehicle (at simulation time 56.000,400,000 s)
2024-06-03 18:35:13,867 INFO  - I'm in better position but no more hops in message (at simulation time 56.000,400,000 s)
2024-06-03 18:35:13,867 INFO  - Recieve a message from other vehicle (at simulation time 56.000,400,000 s)
2024-06-03 18:35:13,867 INFO  - My position is not better! (at simulation time 56.000,400,000 s)
2024-06-03 18:35:13,868 INFO  - Recieve a message from other vehicle (at simulation time 56.000,900,000 s)
2024-06-03 18:35:13,868 INFO  - I'm in better position but no more hops in message (at simulation time 56.000,900,000 s)
2024-06-03 18:35:13,868 INFO  - Recieve a message from other vehicle (at simulation time 56.000,900,000 s)
2024-06-03 18:35:13,868 INFO  - My position is not better! (at simulation time 56.000,900,000 s)
2024-06-03 18:35:13,868 INFO  - Recieve a message from other vehicle (at simulation time 56.000,900,000 s)
2024-06-03 18:35:13,868 INFO  - My position is not better! (at simulation time 56.000,900,000 s)
2024-06-03 18:35:13,869 INFO  - Recieve a message from other vehicle (at simulation time 56.001,300,000 s)
2024-06-03 18:35:13,869 INFO  - I'm in better position but no more hops in message (at simulation time 56.001,300,000 s)
2024-06-03 18:35:13,869 INFO  - Recieve a message from other vehicle (at simulation time 56.001,300,000 s)
2024-06-03 18:35:13,869 INFO  - My position is not better! (at simulation time 56.001,300,000 s)
2024-06-03 18:35:13,869 INFO  - Recieve a message from other vehicle (at simulation time 56.001,300,000 s)
2024-06-03 18:35:13,869 INFO  - My position is not better! (at simulation time 56.001,300,000 s)
2024-06-03 18:35:13,869 INFO  - Recieve a message from other vehicle (at simulation time 56.001,400,000 s)
2024-06-03 18:35:13,869 INFO  - I'm in better position but no more hops in message (at simulation time 56.001,400,000 s)
2024-06-03 18:35:13,870 INFO  - Recieve a message from other vehicle (at simulation time 56.001,800,000 s)
2024-06-03 18:35:13,870 INFO  - I'm in better position but no more hops in message (at simulation time 56.001,800,000 s)
2024-06-03 18:35:13,870 INFO  - Recieve a message from other vehicle (at simulation time 56.001,900,000 s)
2024-06-03 18:35:13,870 INFO  - I'm in better position but no more hops in message (at simulation time 56.001,900,000 s)
2024-06-03 18:35:13,871 INFO  - Recieve a message from other vehicle (at simulation time 56.002,300,000 s)
2024-06-03 18:35:13,871 INFO  - I'm in better position but no more hops in message (at simulation time 56.002,300,000 s)
2024-06-03 18:35:13,872 INFO  - Recieve a message from other vehicle (at simulation time 56.002,400,000 s)
2024-06-03 18:35:13,872 INFO  - My position is not better! (at simulation time 56.002,400,000 s)
2024-06-03 18:35:13,872 INFO  - Recieve a message from other vehicle (at simulation time 56.002,400,000 s)
2024-06-03 18:35:13,872 INFO  - I'm in better position but no more hops in message (at simulation time 56.002,400,000 s)
2024-06-03 18:35:13,873 INFO  - Recieve a message from other vehicle (at simulation time 56.002,800,000 s)
2024-06-03 18:35:13,873 INFO  - My position is not better! (at simulation time 56.002,800,000 s)
2024-06-03 18:35:13,873 INFO  - Recieve a message from other vehicle (at simulation time 56.003,800,000 s)
2024-06-03 18:35:13,873 INFO  - My position is not better! (at simulation time 56.003,800,000 s)
2024-06-03 18:35:13,874 INFO  - Recieve a message from RSU (at simulation time 56.632,472,041 s)
2024-06-03 18:35:13,875 INFO  - Recieve a message from RSU (at simulation time 56.650,571,149 s)
2024-06-03 18:35:14,063 INFO  - Called #onVehicleUpdated (at simulation time 57.000,000,000 s)
2024-06-03 18:35:14,063 INFO  - Sending out AdHoc broadcast (at simulation time 57.000,000,000 s)
2024-06-03 18:35:14,063 INFO  - Sending out AdHoc broadcast (at simulation time 57.000,000,000 s)
2024-06-03 18:35:14,063 INFO  - Sending out AdHoc broadcast (at simulation time 57.000,000,000 s)
2024-06-03 18:35:14,063 INFO  - Sending out AdHoc broadcast (at simulation time 57.000,000,000 s)
2024-06-03 18:35:14,065 INFO  - Recieve a message from other vehicle (at simulation time 57.000,400,000 s)
2024-06-03 18:35:14,065 INFO  - I'm in better position but no more hops in message (at simulation time 57.000,400,000 s)
2024-06-03 18:35:14,065 INFO  - Recieve a message from other vehicle (at simulation time 57.000,400,000 s)
2024-06-03 18:35:14,065 INFO  - My position is not better! (at simulation time 57.000,400,000 s)
2024-06-03 18:35:14,065 INFO  - Recieve a message from other vehicle (at simulation time 57.000,400,000 s)
2024-06-03 18:35:14,065 INFO  - My position is not better! (at simulation time 57.000,400,000 s)
2024-06-03 18:35:14,065 INFO  - Recieve a message from other vehicle (at simulation time 57.000,400,000 s)
2024-06-03 18:35:14,065 INFO  - My position is not better! (at simulation time 57.000,400,000 s)
2024-06-03 18:35:14,066 INFO  - Recieve a message from other vehicle (at simulation time 57.000,800,000 s)
2024-06-03 18:35:14,066 INFO  - I'm in better position but no more hops in message (at simulation time 57.000,800,000 s)
2024-06-03 18:35:14,066 INFO  - Recieve a message from other vehicle (at simulation time 57.000,900,000 s)
2024-06-03 18:35:14,066 INFO  - I'm in better position but no more hops in message (at simulation time 57.000,900,000 s)
2024-06-03 18:35:14,068 INFO  - Recieve a message from other vehicle (at simulation time 57.001,400,000 s)
2024-06-03 18:35:14,068 INFO  - I'm in better position but no more hops in message (at simulation time 57.001,400,000 s)
2024-06-03 18:35:14,068 INFO  - Recieve a message from other vehicle (at simulation time 57.001,400,000 s)
2024-06-03 18:35:14,068 INFO  - My position is not better! (at simulation time 57.001,400,000 s)
2024-06-03 18:35:14,068 INFO  - Recieve a message from other vehicle (at simulation time 57.001,400,000 s)
2024-06-03 18:35:14,068 INFO  - I'm in better position but no more hops in message (at simulation time 57.001,400,000 s)
2024-06-03 18:35:14,068 INFO  - Recieve a message from other vehicle (at simulation time 57.001,800,000 s)
2024-06-03 18:35:14,068 INFO  - My position is not better! (at simulation time 57.001,800,000 s)
2024-06-03 18:35:14,068 INFO  - Recieve a message from other vehicle (at simulation time 57.001,800,000 s)
2024-06-03 18:35:14,068 INFO  - My position is not better! (at simulation time 57.001,800,000 s)
2024-06-03 18:35:14,068 INFO  - Recieve a message from other vehicle (at simulation time 57.001,800,000 s)
2024-06-03 18:35:14,068 INFO  - I'm in better position but no more hops in message (at simulation time 57.001,800,000 s)
2024-06-03 18:35:14,069 INFO  - Recieve a message from other vehicle (at simulation time 57.002,400,000 s)
2024-06-03 18:35:14,069 INFO  - My position is not better! (at simulation time 57.002,400,000 s)
2024-06-03 18:35:14,070 INFO  - Recieve a message from other vehicle (at simulation time 57.002,800,000 s)
2024-06-03 18:35:14,070 INFO  - My position is not better! (at simulation time 57.002,800,000 s)
2024-06-03 18:35:14,070 INFO  - Recieve a message from other vehicle (at simulation time 57.002,800,000 s)
2024-06-03 18:35:14,070 INFO  - I'm in better position but no more hops in message (at simulation time 57.002,800,000 s)
2024-06-03 18:35:14,070 INFO  - Recieve a message from other vehicle (at simulation time 57.002,800,000 s)
2024-06-03 18:35:14,070 INFO  - My position is not better! (at simulation time 57.002,800,000 s)
2024-06-03 18:35:14,070 INFO  - Recieve a message from other vehicle (at simulation time 57.002,800,000 s)
2024-06-03 18:35:14,070 INFO  - I'm in better position but no more hops in message (at simulation time 57.002,800,000 s)
2024-06-03 18:35:14,070 INFO  - Recieve a message from other vehicle (at simulation time 57.003,800,000 s)
2024-06-03 18:35:14,070 INFO  - My position is not better! (at simulation time 57.003,800,000 s)
2024-06-03 18:35:14,263 INFO  - Called #onVehicleUpdated (at simulation time 58.000,000,000 s)
2024-06-03 18:35:14,264 INFO  - Sending out AdHoc broadcast (at simulation time 58.000,000,000 s)
2024-06-03 18:35:14,264 INFO  - Sending out AdHoc broadcast (at simulation time 58.000,000,000 s)
2024-06-03 18:35:14,264 INFO  - Sending out AdHoc broadcast (at simulation time 58.000,000,000 s)
2024-06-03 18:35:14,289 INFO  - Recieve a message from other vehicle (at simulation time 58.000,400,000 s)
2024-06-03 18:35:14,289 INFO  - My position is not better! (at simulation time 58.000,400,000 s)
2024-06-03 18:35:14,290 INFO  - Recieve a message from other vehicle (at simulation time 58.000,900,000 s)
2024-06-03 18:35:14,290 INFO  - My position is not better! (at simulation time 58.000,900,000 s)
2024-06-03 18:35:14,291 INFO  - Recieve a message from other vehicle (at simulation time 58.001,300,000 s)
2024-06-03 18:35:14,291 INFO  - My position is not better! (at simulation time 58.001,300,000 s)
2024-06-03 18:35:14,291 INFO  - Recieve a message from other vehicle (at simulation time 58.001,800,000 s)
2024-06-03 18:35:14,291 INFO  - My position is not better! (at simulation time 58.001,800,000 s)
2024-06-03 18:35:14,292 INFO  - Recieve a message from other vehicle (at simulation time 58.002,300,000 s)
2024-06-03 18:35:14,292 INFO  - My position is not better! (at simulation time 58.002,300,000 s)
2024-06-03 18:35:14,292 INFO  - Recieve a message from other vehicle (at simulation time 58.002,300,000 s)
2024-06-03 18:35:14,292 INFO  - My position is not better! (at simulation time 58.002,300,000 s)
2024-06-03 18:35:14,292 INFO  - Recieve a message from other vehicle (at simulation time 58.002,400,000 s)
2024-06-03 18:35:14,292 INFO  - My position is not better! (at simulation time 58.002,400,000 s)
2024-06-03 18:35:14,292 INFO  - Recieve a message from other vehicle (at simulation time 58.002,400,000 s)
2024-06-03 18:35:14,292 INFO  - My position is not better! (at simulation time 58.002,400,000 s)
2024-06-03 18:35:14,292 INFO  - Recieve a message from other vehicle (at simulation time 58.002,800,000 s)
2024-06-03 18:35:14,292 INFO  - My position is not better! (at simulation time 58.002,800,000 s)
2024-06-03 18:35:14,292 INFO  - Recieve a message from other vehicle (at simulation time 58.002,800,000 s)
2024-06-03 18:35:14,292 INFO  - My position is not better! (at simulation time 58.002,800,000 s)
2024-06-03 18:35:14,293 INFO  - Recieve a message from other vehicle (at simulation time 58.003,300,000 s)
2024-06-03 18:35:14,293 INFO  - My position is not better! (at simulation time 58.003,300,000 s)
2024-06-03 18:35:14,293 INFO  - Recieve a message from other vehicle (at simulation time 58.004,300,000 s)
2024-06-03 18:35:14,293 INFO  - My position is not better! (at simulation time 58.004,300,000 s)
2024-06-03 18:35:14,462 INFO  - Called #onVehicleUpdated (at simulation time 59.000,000,000 s)
2024-06-03 18:35:14,462 INFO  - Sending out AdHoc broadcast (at simulation time 59.000,000,000 s)
2024-06-03 18:35:14,462 INFO  - Sending out AdHoc broadcast (at simulation time 59.000,000,000 s)
2024-06-03 18:35:14,462 INFO  - Sending out AdHoc broadcast (at simulation time 59.000,000,000 s)
2024-06-03 18:35:14,463 INFO  - Sending out AdHoc broadcast (at simulation time 59.000,000,000 s)
2024-06-03 18:35:14,464 INFO  - Recieve a message from other vehicle (at simulation time 59.001,300,000 s)
2024-06-03 18:35:14,464 INFO  - My position is not better! (at simulation time 59.001,300,000 s)
2024-06-03 18:35:14,465 INFO  - Recieve a message from other vehicle (at simulation time 59.001,900,000 s)
2024-06-03 18:35:14,465 INFO  - My position is not better! (at simulation time 59.001,900,000 s)
2024-06-03 18:35:14,466 INFO  - Recieve a message from other vehicle (at simulation time 59.002,300,000 s)
2024-06-03 18:35:14,466 INFO  - My position is not better! (at simulation time 59.002,300,000 s)
2024-06-03 18:35:14,466 INFO  - Recieve a message from other vehicle (at simulation time 59.002,800,000 s)
2024-06-03 18:35:14,466 INFO  - My position is not better! (at simulation time 59.002,800,000 s)
2024-06-03 18:35:14,467 INFO  - Recieve a message from other vehicle (at simulation time 59.002,800,000 s)
2024-06-03 18:35:14,467 INFO  - My position is not better! (at simulation time 59.002,800,000 s)
2024-06-03 18:35:14,467 INFO  - Recieve a message from other vehicle (at simulation time 59.003,300,000 s)
2024-06-03 18:35:14,467 INFO  - My position is not better! (at simulation time 59.003,300,000 s)
2024-06-03 18:35:14,467 INFO  - Recieve a message from other vehicle (at simulation time 59.003,300,000 s)
2024-06-03 18:35:14,467 INFO  - My position is not better! (at simulation time 59.003,300,000 s)
2024-06-03 18:35:14,664 INFO  - Called #onVehicleUpdated (at simulation time 60.000,000,000 s)
2024-06-03 18:35:14,664 INFO  - Exced velocity! Sending new CAM (at simulation time 60.000,000,000 s)
2024-06-03 18:35:14,664 INFO  - Sending out AdHoc broadcast (at simulation time 60.000,000,000 s)
2024-06-03 18:35:14,664 INFO  - Sending out AdHoc broadcast (at simulation time 60.000,000,000 s)
2024-06-03 18:35:14,665 INFO  - Sending out AdHoc broadcast (at simulation time 60.000,000,000 s)
2024-06-03 18:35:14,665 INFO  - Sending out AdHoc broadcast (at simulation time 60.000,000,000 s)
2024-06-03 18:35:14,863 INFO  - Called #onVehicleUpdated (at simulation time 61.000,000,000 s)
2024-06-03 18:35:14,863 INFO  - Exced velocity! Sending new CAM (at simulation time 61.000,000,000 s)
2024-06-03 18:35:14,863 INFO  - Sending out AdHoc broadcast (at simulation time 61.000,000,000 s)
2024-06-03 18:35:14,863 INFO  - Sending out AdHoc broadcast (at simulation time 61.000,000,000 s)
2024-06-03 18:35:14,863 INFO  - Sending out AdHoc broadcast (at simulation time 61.000,000,000 s)
2024-06-03 18:35:14,863 INFO  - Sending out AdHoc broadcast (at simulation time 61.000,000,000 s)
2024-06-03 18:35:14,864 INFO  - Sending out AdHoc broadcast (at simulation time 61.000,000,000 s)
2024-06-03 18:35:15,063 INFO  - Called #onVehicleUpdated (at simulation time 62.000,000,000 s)
2024-06-03 18:35:15,063 INFO  - Exced velocity! Sending new CAM (at simulation time 62.000,000,000 s)
2024-06-03 18:35:15,063 INFO  - Sending out AdHoc broadcast (at simulation time 62.000,000,000 s)
2024-06-03 18:35:15,064 INFO  - Sending out AdHoc broadcast (at simulation time 62.000,000,000 s)
2024-06-03 18:35:15,064 INFO  - Sending out AdHoc broadcast (at simulation time 62.000,000,000 s)
2024-06-03 18:35:15,064 INFO  - Sending out AdHoc broadcast (at simulation time 62.000,000,000 s)
2024-06-03 18:35:15,065 INFO  - Sending out AdHoc broadcast (at simulation time 62.000,000,000 s)
2024-06-03 18:35:15,262 INFO  - Called #onVehicleUpdated (at simulation time 63.000,000,000 s)
2024-06-03 18:35:15,262 INFO  - Exced velocity! Sending new CAM (at simulation time 63.000,000,000 s)
2024-06-03 18:35:15,262 INFO  - Sending out AdHoc broadcast (at simulation time 63.000,000,000 s)
2024-06-03 18:35:15,262 INFO  - Sending out AdHoc broadcast (at simulation time 63.000,000,000 s)
2024-06-03 18:35:15,262 INFO  - Sending out AdHoc broadcast (at simulation time 63.000,000,000 s)
2024-06-03 18:35:15,262 INFO  - Sending out AdHoc broadcast (at simulation time 63.000,000,000 s)
2024-06-03 18:35:15,262 INFO  - Sending out AdHoc broadcast (at simulation time 63.000,000,000 s)
2024-06-03 18:35:15,263 INFO  - Sending out AdHoc broadcast (at simulation time 63.000,000,000 s)
2024-06-03 18:35:15,464 INFO  - Shutdown (at simulation time 64.000,000,000 s)
