2024-06-03 19:44:50,225 INFO  ROOT - Running Eclipse MOSAIC 23.1 on Java JRE v11.0.22 (Ubuntu)
2024-06-03 19:44:50,385 INFO  MosaicStarter - Federate sumo: No port given. Using free port: 43505
2024-06-03 19:44:50,430 INFO  FederationManagement - Start federation with id 'npr'
2024-06-03 19:44:50,432 INFO  FederationManagement - Add ambassador/federate with id 'application'
2024-06-03 19:44:50,433 INFO  FederationManagement - Add ambassador/federate with id 'mapping'
2024-06-03 19:44:50,433 INFO  FederationManagement - Add ambassador/federate with id 'sns'
2024-06-03 19:44:50,434 INFO  FederationManagement - Add ambassador/federate with id 'sumo'
2024-06-03 19:44:50,434 INFO  FederationManagement - Deploying federate 'sumo' locally in ./tmp/sumo
2024-06-03 19:44:50,439 INFO  FederationManagement - Starting federate 'sumo' locally in ./tmp/sumo
2024-06-03 19:44:50,440 INFO  FederationManagement - Add ambassador/federate with id 'output'
2024-06-03 19:44:50,441 INFO  OutputAmbassador - Initialize configuration of OutputAmbassador
2024-06-03 19:44:50,486 WARN  FileOutputLoader - decimalSeparator is required to be one character, defaulting to '.' as decimal separator.
2024-06-03 19:44:51,114 INFO  OutputAmbassador - Registered output generator 'websocket' for messages [RsuRegistration, VehicleRegistration, VehicleUpdates, V2xMessageReception, V2xMessageTransmission]. Update interval=1
2024-06-03 19:44:51,115 INFO  OutputAmbassador - Registered output generator 'fileoutput' for messages [VehicleRegistration, VehicleUpdates]. Update interval=5
2024-06-03 19:44:51,137 ERROR WebsocketVisualizerServer - WebsocketError
java.net.BindException: Address already in use
	at java.base/sun.nio.ch.Net.bind0(Native Method)
	at java.base/sun.nio.ch.Net.bind(Net.java:459)
	at java.base/sun.nio.ch.Net.bind(Net.java:448)
	at java.base/sun.nio.ch.ServerSocketChannelImpl.bind(ServerSocketChannelImpl.java:227)
	at java.base/sun.nio.ch.ServerSocketAdaptor.bind(ServerSocketAdaptor.java:80)
	at java.base/sun.nio.ch.ServerSocketAdaptor.bind(ServerSocketAdaptor.java:73)
	at org.java_websocket.server.WebSocketServer.run(WebSocketServer.java:330)
	at java.base/java.lang.Thread.run(Thread.java:829)
2024-06-03 19:45:21,943 INFO  SequentialTimeManagement - Simulation ended after 0s of 1000s (0%)
2024-06-03 19:45:21,945 INFO  SequentialTimeManagement - Started: 2024-06-03 19:44:51
2024-06-03 19:45:21,945 INFO  SequentialTimeManagement - Ended: 2024-06-03 19:45:21
2024-06-03 19:45:21,950 INFO  SequentialTimeManagement - Duration: 00h 00m 30.244s (RTF: 0.00)
2024-06-03 19:45:21,951 INFO  SequentialTimeManagement - 
2024-06-03 19:45:21,952 INFO  SequentialTimeManagement - Simulation interrupted: -1
