2024-06-03 19:54:39,514 INFO  - Initialize Vehicle application (at simulation time 619.000,000,000 s)
2024-06-03 19:54:39,515 INFO  - Activated WLAN Module (at simulation time 619.000,000,000 s)
2024-06-03 19:54:39,515 INFO  - Called #onVehicleUpdated (at simulation time 619.000,000,000 s)
2024-06-03 19:54:39,516 INFO  - Recieve a message from other vehicle (at simulation time 619.000,400,000 s)
2024-06-03 19:54:39,516 INFO  - My position is not better! (at simulation time 619.000,400,000 s)
2024-06-03 19:54:39,516 INFO  - Recieve a message from other vehicle (at simulation time 619.001,900,000 s)
2024-06-03 19:54:39,516 INFO  - My position is not better! (at simulation time 619.001,900,000 s)
2024-06-03 19:54:39,517 INFO  - Called #onVehicleUpdated (at simulation time 620.000,000,000 s)
2024-06-03 19:54:39,517 INFO  - Define the name: veh_89 and route: r_1 (at simulation time 620.000,000,000 s)
2024-06-03 19:54:39,517 INFO  - Sending out AdHoc broadcast (at simulation time 620.000,000,000 s)
2024-06-03 19:54:39,517 INFO  - Recieve a message from other vehicle (at simulation time 620.000,900,000 s)
2024-06-03 19:54:39,517 INFO  - My position is not better! (at simulation time 620.000,900,000 s)
2024-06-03 19:54:39,517 INFO  - Recieve a message from other vehicle (at simulation time 620.001,900,000 s)
2024-06-03 19:54:39,517 INFO  - My position is not better! (at simulation time 620.001,900,000 s)
2024-06-03 19:54:39,517 INFO  - Recieve a message from other vehicle (at simulation time 620.002,800,000 s)
2024-06-03 19:54:39,517 INFO  - My position is not better! (at simulation time 620.002,800,000 s)
2024-06-03 19:54:39,518 INFO  - Called #onVehicleUpdated (at simulation time 621.000,000,000 s)
2024-06-03 19:54:39,518 INFO  - Recieve a message from other vehicle (at simulation time 621.000,400,000 s)
2024-06-03 19:54:39,518 INFO  - My position is not better! (at simulation time 621.000,400,000 s)
2024-06-03 19:54:39,518 INFO  - Recieve a message from other vehicle (at simulation time 621.000,400,000 s)
2024-06-03 19:54:39,518 INFO  - My position is not better! (at simulation time 621.000,400,000 s)
2024-06-03 19:54:39,519 INFO  - Recieve a message from other vehicle (at simulation time 621.000,900,000 s)
2024-06-03 19:54:39,519 INFO  - My position is not better! (at simulation time 621.000,900,000 s)
2024-06-03 19:54:39,519 INFO  - Called #onVehicleUpdated (at simulation time 622.000,000,000 s)
2024-06-03 19:54:39,520 INFO  - Sending out AdHoc broadcast (at simulation time 622.000,000,000 s)
2024-06-03 19:54:39,520 INFO  - Recieve a message from other vehicle (at simulation time 622.000,400,000 s)
2024-06-03 19:54:39,520 INFO  - My position is not better! (at simulation time 622.000,400,000 s)
2024-06-03 19:54:39,520 INFO  - Recieve a message from other vehicle (at simulation time 622.001,400,000 s)
2024-06-03 19:54:39,520 INFO  - My position is not better! (at simulation time 622.001,400,000 s)
2024-06-03 19:54:39,520 INFO  - Recieve a message from other vehicle (at simulation time 622.001,900,000 s)
2024-06-03 19:54:39,520 INFO  - My position is not better! (at simulation time 622.001,900,000 s)
2024-06-03 19:54:39,520 INFO  - Recieve a message from other vehicle (at simulation time 622.002,300,000 s)
2024-06-03 19:54:39,520 INFO  - My position is not better! (at simulation time 622.002,300,000 s)
2024-06-03 19:54:39,521 INFO  - Called #onVehicleUpdated (at simulation time 623.000,000,000 s)
2024-06-03 19:54:39,521 INFO  - Recieve a message from other vehicle (at simulation time 623.000,400,000 s)
2024-06-03 19:54:39,521 INFO  - My position is not better! (at simulation time 623.000,400,000 s)
2024-06-03 19:54:39,521 INFO  - Recieve a message from other vehicle (at simulation time 623.002,400,000 s)
2024-06-03 19:54:39,521 INFO  - My position is not better! (at simulation time 623.002,400,000 s)
2024-06-03 19:54:39,521 INFO  - Recieve a message from other vehicle (at simulation time 623.002,400,000 s)
2024-06-03 19:54:39,521 INFO  - My position is not better! (at simulation time 623.002,400,000 s)
2024-06-03 19:54:39,521 INFO  - Recieve a message from other vehicle (at simulation time 623.002,400,000 s)
2024-06-03 19:54:39,521 INFO  - My position is not better! (at simulation time 623.002,400,000 s)
2024-06-03 19:54:39,521 INFO  - Called #onVehicleUpdated (at simulation time 624.000,000,000 s)
2024-06-03 19:54:39,522 INFO  - Sending out AdHoc broadcast (at simulation time 624.000,000,000 s)
2024-06-03 19:54:39,522 INFO  - Recieve a message from other vehicle (at simulation time 624.001,400,000 s)
2024-06-03 19:54:39,522 INFO  - My position is not better! (at simulation time 624.001,400,000 s)
2024-06-03 19:54:39,522 INFO  - Recieve a message from other vehicle (at simulation time 624.001,900,000 s)
2024-06-03 19:54:39,522 INFO  - My position is not better! (at simulation time 624.001,900,000 s)
2024-06-03 19:54:39,522 INFO  - Recieve a message from other vehicle (at simulation time 624.002,300,000 s)
2024-06-03 19:54:39,522 INFO  - My position is not better! (at simulation time 624.002,300,000 s)
2024-06-03 19:54:39,522 INFO  - Recieve a message from other vehicle (at simulation time 624.002,400,000 s)
2024-06-03 19:54:39,522 INFO  - My position is not better! (at simulation time 624.002,400,000 s)
2024-06-03 19:54:39,523 INFO  - Called #onVehicleUpdated (at simulation time 625.000,000,000 s)
2024-06-03 19:54:39,524 INFO  - Recieve a message from other vehicle (at simulation time 625.001,400,000 s)
2024-06-03 19:54:39,524 INFO  - My position is not better! (at simulation time 625.001,400,000 s)
2024-06-03 19:54:39,524 INFO  - Recieve a message from other vehicle (at simulation time 625.001,900,000 s)
2024-06-03 19:54:39,524 INFO  - My position is not better! (at simulation time 625.001,900,000 s)
2024-06-03 19:54:39,524 INFO  - Recieve a message from other vehicle (at simulation time 625.001,900,000 s)
2024-06-03 19:54:39,524 INFO  - My position is not better! (at simulation time 625.001,900,000 s)
2024-06-03 19:54:39,524 INFO  - Recieve a message from other vehicle (at simulation time 625.002,400,000 s)
2024-06-03 19:54:39,524 INFO  - My position is not better! (at simulation time 625.002,400,000 s)
2024-06-03 19:54:39,524 INFO  - Called #onVehicleUpdated (at simulation time 626.000,000,000 s)
2024-06-03 19:54:39,524 INFO  - Sending out AdHoc broadcast (at simulation time 626.000,000,000 s)
2024-06-03 19:54:39,525 INFO  - Recieve a message from other vehicle (at simulation time 626.000,400,000 s)
2024-06-03 19:54:39,525 INFO  - My position is not better! (at simulation time 626.000,400,000 s)
2024-06-03 19:54:39,525 INFO  - Recieve a message from other vehicle (at simulation time 626.000,900,000 s)
2024-06-03 19:54:39,525 INFO  - My position is not better! (at simulation time 626.000,900,000 s)
2024-06-03 19:54:39,525 INFO  - Recieve a message from other vehicle (at simulation time 626.000,900,000 s)
2024-06-03 19:54:39,525 INFO  - My position is not better! (at simulation time 626.000,900,000 s)
2024-06-03 19:54:39,525 INFO  - Recieve a message from other vehicle (at simulation time 626.000,900,000 s)
2024-06-03 19:54:39,525 INFO  - My position is not better! (at simulation time 626.000,900,000 s)
2024-06-03 19:54:39,525 INFO  - Recieve a message from other vehicle (at simulation time 626.001,400,000 s)
2024-06-03 19:54:39,525 INFO  - My position is not better! (at simulation time 626.001,400,000 s)
2024-06-03 19:54:39,525 INFO  - Recieve a message from other vehicle (at simulation time 626.001,400,000 s)
2024-06-03 19:54:39,525 INFO  - My position is not better! (at simulation time 626.001,400,000 s)
2024-06-03 19:54:39,525 INFO  - Recieve a message from other vehicle (at simulation time 626.001,800,000 s)
2024-06-03 19:54:39,525 INFO  - My position is not better! (at simulation time 626.001,800,000 s)
2024-06-03 19:54:39,526 INFO  - Called #onVehicleUpdated (at simulation time 627.000,000,000 s)
2024-06-03 19:54:39,526 INFO  - Recieve a message from other vehicle (at simulation time 627.000,400,000 s)
2024-06-03 19:54:39,526 INFO  - My position is not better! (at simulation time 627.000,400,000 s)
2024-06-03 19:54:39,527 INFO  - Recieve a message from other vehicle (at simulation time 627.000,400,000 s)
2024-06-03 19:54:39,527 INFO  - My position is not better! (at simulation time 627.000,400,000 s)
2024-06-03 19:54:39,527 INFO  - Recieve a message from other vehicle (at simulation time 627.000,900,000 s)
2024-06-03 19:54:39,527 INFO  - DENM message Recived from veh_88 -info : seco (at simulation time 627.000,900,000 s)
2024-06-03 19:54:39,527 INFO  - No more hops in DENM message (at simulation time 627.000,900,000 s)
2024-06-03 19:54:39,527 INFO  - Recieve a message from other vehicle (at simulation time 627.000,900,000 s)
2024-06-03 19:54:39,527 INFO  - My position is not better! (at simulation time 627.000,900,000 s)
2024-06-03 19:54:39,527 INFO  - Recieve a message from other vehicle (at simulation time 627.000,900,000 s)
2024-06-03 19:54:39,527 INFO  - My position is not better! (at simulation time 627.000,900,000 s)
2024-06-03 19:54:39,527 INFO  - Recieve a message from other vehicle (at simulation time 627.001,300,000 s)
2024-06-03 19:54:39,527 INFO  - DENM message Recived from veh_88 -info : seco (at simulation time 627.001,300,000 s)
2024-06-03 19:54:39,527 INFO  - No more hops in DENM message (at simulation time 627.001,300,000 s)
2024-06-03 19:54:39,527 INFO  - Recieve a message from other vehicle (at simulation time 627.001,400,000 s)
2024-06-03 19:54:39,527 INFO  - DENM message Recived from veh_90 -info : seco (at simulation time 627.001,400,000 s)
2024-06-03 19:54:39,527 INFO  - Recending a DENM message from other vehicle (at simulation time 627.001,400,000 s)
2024-06-03 19:54:39,527 INFO  - Recieve a message from other vehicle (at simulation time 627.001,400,000 s)
2024-06-03 19:54:39,527 INFO  - My position is not better! (at simulation time 627.001,400,000 s)
2024-06-03 19:54:39,527 INFO  - Recieve a message from other vehicle (at simulation time 627.001,400,000 s)
2024-06-03 19:54:39,527 INFO  - My position is not better! (at simulation time 627.001,400,000 s)
2024-06-03 19:54:39,527 INFO  - Recieve a message from other vehicle (at simulation time 627.001,900,000 s)
2024-06-03 19:54:39,527 INFO  - DENM message Recived from veh_91 -info : seco (at simulation time 627.001,900,000 s)
2024-06-03 19:54:39,527 INFO  - No more hops in DENM message (at simulation time 627.001,900,000 s)
2024-06-03 19:54:39,527 INFO  - Recieve a message from other vehicle (at simulation time 627.001,900,000 s)
2024-06-03 19:54:39,527 INFO  - My position is not better! (at simulation time 627.001,900,000 s)
2024-06-03 19:54:39,527 INFO  - Recieve a message from other vehicle (at simulation time 627.002,300,000 s)
2024-06-03 19:54:39,527 INFO  - My position is not better! (at simulation time 627.002,300,000 s)
2024-06-03 19:54:39,527 INFO  - Recieve a message from other vehicle (at simulation time 627.002,400,000 s)
2024-06-03 19:54:39,527 INFO  - My position is not better! (at simulation time 627.002,400,000 s)
2024-06-03 19:54:39,527 INFO  - Recieve a message from other vehicle (at simulation time 627.003,300,000 s)
2024-06-03 19:54:39,527 INFO  - DENM message Recived from veh_91 -info : seco (at simulation time 627.003,300,000 s)
2024-06-03 19:54:39,527 INFO  - No more hops in DENM message (at simulation time 627.003,300,000 s)
2024-06-03 19:54:39,529 INFO  - Called #onVehicleUpdated (at simulation time 628.000,000,000 s)
2024-06-03 19:54:39,529 INFO  - Sending out DENM broadcast (at simulation time 628.000,000,000 s)
2024-06-03 19:54:39,529 INFO  - Sending out AdHoc broadcast (at simulation time 628.000,000,000 s)
2024-06-03 19:54:39,529 INFO  - Recieve a message from other vehicle (at simulation time 628.000,400,000 s)
2024-06-03 19:54:39,529 INFO  - My position is not better! (at simulation time 628.000,400,000 s)
2024-06-03 19:54:39,529 INFO  - Recieve a message from other vehicle (at simulation time 628.000,400,000 s)
2024-06-03 19:54:39,529 INFO  - Recending a message from other vehicle (at simulation time 628.000,400,000 s)
2024-06-03 19:54:39,529 INFO  - Recieve a message from other vehicle (at simulation time 628.000,900,000 s)
2024-06-03 19:54:39,529 INFO  - My position is not better! (at simulation time 628.000,900,000 s)
2024-06-03 19:54:39,529 INFO  - Recieve a message from other vehicle (at simulation time 628.001,300,000 s)
2024-06-03 19:54:39,529 INFO  - I'm in better position but no more hops in message (at simulation time 628.001,300,000 s)
2024-06-03 19:54:39,529 INFO  - Recieve a message from other vehicle (at simulation time 628.001,300,000 s)
2024-06-03 19:54:39,529 INFO  - I'm in better position but no more hops in message (at simulation time 628.001,300,000 s)
2024-06-03 19:54:39,530 INFO  - Recieve a message from other vehicle (at simulation time 628.001,800,000 s)
2024-06-03 19:54:39,530 INFO  - My position is not better! (at simulation time 628.001,800,000 s)
2024-06-03 19:54:39,530 INFO  - Recieve a message from other vehicle (at simulation time 628.001,900,000 s)
2024-06-03 19:54:39,530 INFO  - My position is not better! (at simulation time 628.001,900,000 s)
2024-06-03 19:54:39,530 INFO  - Recieve a message from other vehicle (at simulation time 628.001,900,000 s)
2024-06-03 19:54:39,530 INFO  - I'm in better position but no more hops in message (at simulation time 628.001,900,000 s)
2024-06-03 19:54:39,530 INFO  - Recieve a message from other vehicle (at simulation time 628.002,400,000 s)
2024-06-03 19:54:39,530 INFO  - I'm in better position but no more hops in message (at simulation time 628.002,400,000 s)
2024-06-03 19:54:39,530 INFO  - Recieve a message from other vehicle (at simulation time 628.003,800,000 s)
2024-06-03 19:54:39,530 INFO  - DENM message Recived from veh_89 -info : seco (at simulation time 628.003,800,000 s)
2024-06-03 19:54:39,530 INFO  - No more hops in DENM message (at simulation time 628.003,800,000 s)
2024-06-03 19:54:39,531 INFO  - Called #onVehicleUpdated (at simulation time 629.000,000,000 s)
2024-06-03 19:54:39,531 INFO  - Recieve a message from other vehicle (at simulation time 629.000,400,000 s)
2024-06-03 19:54:39,531 INFO  - Recending a message from other vehicle (at simulation time 629.000,400,000 s)
2024-06-03 19:54:39,531 INFO  - Recieve a message from other vehicle (at simulation time 629.000,900,000 s)
2024-06-03 19:54:39,531 INFO  - I'm in better position but no more hops in message (at simulation time 629.000,900,000 s)
2024-06-03 19:54:39,531 INFO  - Recieve a message from other vehicle (at simulation time 629.000,900,000 s)
2024-06-03 19:54:39,531 INFO  - I'm in better position but no more hops in message (at simulation time 629.000,900,000 s)
2024-06-03 19:54:39,531 INFO  - Recieve a message from other vehicle (at simulation time 629.000,900,000 s)
2024-06-03 19:54:39,531 INFO  - Recending a message from other vehicle (at simulation time 629.000,900,000 s)
2024-06-03 19:54:39,532 INFO  - Recieve a message from other vehicle (at simulation time 629.001,800,000 s)
2024-06-03 19:54:39,532 INFO  - I'm in better position but no more hops in message (at simulation time 629.001,800,000 s)
2024-06-03 19:54:39,532 INFO  - Recieve a message from other vehicle (at simulation time 629.001,900,000 s)
2024-06-03 19:54:39,532 INFO  - I'm in better position but no more hops in message (at simulation time 629.001,900,000 s)
2024-06-03 19:54:39,532 INFO  - Recieve a message from other vehicle (at simulation time 629.001,900,000 s)
2024-06-03 19:54:39,532 INFO  - I'm in better position but no more hops in message (at simulation time 629.001,900,000 s)
2024-06-03 19:54:39,532 INFO  - Recieve a message from other vehicle (at simulation time 629.001,900,000 s)
2024-06-03 19:54:39,532 INFO  - I'm in better position but no more hops in message (at simulation time 629.001,900,000 s)
2024-06-03 19:54:39,532 INFO  - Recieve a message from other vehicle (at simulation time 629.002,300,000 s)
2024-06-03 19:54:39,532 INFO  - I'm in better position but no more hops in message (at simulation time 629.002,300,000 s)
2024-06-03 19:54:39,532 INFO  - Recieve a message from other vehicle (at simulation time 629.002,400,000 s)
2024-06-03 19:54:39,532 INFO  - I'm in better position but no more hops in message (at simulation time 629.002,400,000 s)
2024-06-03 19:54:39,532 INFO  - Recieve a message from other vehicle (at simulation time 629.003,300,000 s)
2024-06-03 19:54:39,532 INFO  - I'm in better position but no more hops in message (at simulation time 629.003,300,000 s)
2024-06-03 19:54:39,534 INFO  - Called #onVehicleUpdated (at simulation time 630.000,000,000 s)
2024-06-03 19:54:39,534 INFO  - Sending out AdHoc broadcast (at simulation time 630.000,000,000 s)
2024-06-03 19:54:39,534 INFO  - Recieve a message from other vehicle (at simulation time 630.000,400,000 s)
2024-06-03 19:54:39,534 INFO  - I'm in better position but no more hops in message (at simulation time 630.000,400,000 s)
2024-06-03 19:54:39,534 INFO  - Recieve a message from other vehicle (at simulation time 630.000,400,000 s)
2024-06-03 19:54:39,534 INFO  - I'm in better position but no more hops in message (at simulation time 630.000,400,000 s)
2024-06-03 19:54:39,534 INFO  - Recieve a message from other vehicle (at simulation time 630.000,400,000 s)
2024-06-03 19:54:39,534 INFO  - I'm in better position but no more hops in message (at simulation time 630.000,400,000 s)
2024-06-03 19:54:39,534 INFO  - Recieve a message from other vehicle (at simulation time 630.001,300,000 s)
2024-06-03 19:54:39,534 INFO  - I'm in better position but no more hops in message (at simulation time 630.001,300,000 s)
2024-06-03 19:54:39,534 INFO  - Recieve a message from other vehicle (at simulation time 630.001,400,000 s)
2024-06-03 19:54:39,534 INFO  - I'm in better position but no more hops in message (at simulation time 630.001,400,000 s)
2024-06-03 19:54:39,534 INFO  - Recieve a message from other vehicle (at simulation time 630.001,900,000 s)
2024-06-03 19:54:39,534 INFO  - I'm in better position but no more hops in message (at simulation time 630.001,900,000 s)
2024-06-03 19:54:39,534 INFO  - Recieve a message from other vehicle (at simulation time 630.001,900,000 s)
2024-06-03 19:54:39,534 INFO  - I'm in better position but no more hops in message (at simulation time 630.001,900,000 s)
2024-06-03 19:54:39,534 INFO  - Recieve a message from other vehicle (at simulation time 630.002,300,000 s)
2024-06-03 19:54:39,534 INFO  - I'm in better position but no more hops in message (at simulation time 630.002,300,000 s)
2024-06-03 19:54:39,534 INFO  - Recieve a message from other vehicle (at simulation time 630.002,800,000 s)
2024-06-03 19:54:39,534 INFO  - I'm in better position but no more hops in message (at simulation time 630.002,800,000 s)
2024-06-03 19:54:39,535 INFO  - Called #onVehicleUpdated (at simulation time 631.000,000,000 s)
2024-06-03 19:54:39,535 INFO  - Recieve a message from other vehicle (at simulation time 631.000,400,000 s)
2024-06-03 19:54:39,535 INFO  - My position is not better! (at simulation time 631.000,400,000 s)
2024-06-03 19:54:39,535 INFO  - Recieve a message from other vehicle (at simulation time 631.001,400,000 s)
2024-06-03 19:54:39,535 INFO  - My position is not better! (at simulation time 631.001,400,000 s)
2024-06-03 19:54:39,536 INFO  - Recieve a message from other vehicle (at simulation time 631.001,900,000 s)
2024-06-03 19:54:39,536 INFO  - My position is not better! (at simulation time 631.001,900,000 s)
2024-06-03 19:54:39,536 INFO  - Recieve a message from other vehicle (at simulation time 631.003,300,000 s)
2024-06-03 19:54:39,536 INFO  - I'm in better position but no more hops in message (at simulation time 631.003,300,000 s)
2024-06-03 19:54:39,536 INFO  - Called #onVehicleUpdated (at simulation time 632.000,000,000 s)
2024-06-03 19:54:39,536 INFO  - Exced velocity! Sending new CAM (at simulation time 632.000,000,000 s)
2024-06-03 19:54:39,536 INFO  - Sending out AdHoc broadcast (at simulation time 632.000,000,000 s)
2024-06-03 19:54:39,536 INFO  - Sending out AdHoc broadcast (at simulation time 632.000,000,000 s)
2024-06-03 19:54:39,536 INFO  - Recieve a message from other vehicle (at simulation time 632.000,400,000 s)
2024-06-03 19:54:39,536 INFO  - My position is not better! (at simulation time 632.000,400,000 s)
2024-06-03 19:54:39,536 INFO  - Recieve a message from other vehicle (at simulation time 632.000,800,000 s)
2024-06-03 19:54:39,536 INFO  - My position is not better! (at simulation time 632.000,800,000 s)
2024-06-03 19:54:39,536 INFO  - Recieve a message from other vehicle (at simulation time 632.001,400,000 s)
2024-06-03 19:54:39,536 INFO  - My position is not better! (at simulation time 632.001,400,000 s)
2024-06-03 19:54:39,537 INFO  - Recieve a message from other vehicle (at simulation time 632.001,900,000 s)
2024-06-03 19:54:39,537 INFO  - My position is not better! (at simulation time 632.001,900,000 s)
2024-06-03 19:54:39,537 INFO  - Recieve a message from other vehicle (at simulation time 632.003,300,000 s)
2024-06-03 19:54:39,537 INFO  - My position is not better! (at simulation time 632.003,300,000 s)
2024-06-03 19:54:39,537 INFO  - Called #onVehicleUpdated (at simulation time 633.000,000,000 s)
2024-06-03 19:54:39,537 INFO  - Exced velocity! Sending new CAM (at simulation time 633.000,000,000 s)
2024-06-03 19:54:39,537 INFO  - Sending out AdHoc broadcast (at simulation time 633.000,000,000 s)
2024-06-03 19:54:39,538 INFO  - Called #onVehicleUpdated (at simulation time 634.000,000,000 s)
2024-06-03 19:54:39,538 INFO  - Sending out AdHoc broadcast (at simulation time 634.000,000,000 s)
2024-06-03 19:54:39,538 INFO  - Sending out AdHoc broadcast (at simulation time 634.000,000,000 s)
2024-06-03 19:54:39,539 INFO  - Called #onVehicleUpdated (at simulation time 635.000,000,000 s)
2024-06-03 19:54:39,539 INFO  - Sending out AdHoc broadcast (at simulation time 635.000,000,000 s)
2024-06-03 19:54:39,540 INFO  - Called #onVehicleUpdated (at simulation time 636.000,000,000 s)
2024-06-03 19:54:39,540 INFO  - Sending out AdHoc broadcast (at simulation time 636.000,000,000 s)
2024-06-03 19:54:39,540 INFO  - Sending out AdHoc broadcast (at simulation time 636.000,000,000 s)
2024-06-03 19:54:39,541 INFO  - Called #onVehicleUpdated (at simulation time 637.000,000,000 s)
2024-06-03 19:54:39,541 INFO  - Sending out AdHoc broadcast (at simulation time 637.000,000,000 s)
2024-06-03 19:54:39,542 INFO  - Shutdown (at simulation time 638.000,000,000 s)
