2024-06-03 19:50:57,437 INFO  - Initialize Vehicle application (at simulation time 546.000,000,000 s)
2024-06-03 19:50:57,437 INFO  - Activated WLAN Module (at simulation time 546.000,000,000 s)
2024-06-03 19:50:57,439 INFO  - Called #onVehicleUpdated (at simulation time 546.000,000,000 s)
2024-06-03 19:50:57,439 INFO  - Exced velocity! Sending new CAM (at simulation time 546.000,000,000 s)
2024-06-03 19:50:57,439 INFO  - Sending out AdHoc broadcast (at simulation time 546.000,000,000 s)
2024-06-03 19:50:57,542 INFO  - Called #onVehicleUpdated (at simulation time 547.000,000,000 s)
2024-06-03 19:50:57,542 INFO  - Exced velocity! Sending new CAM (at simulation time 547.000,000,000 s)
2024-06-03 19:50:57,542 INFO  - Sending out AdHoc broadcast (at simulation time 547.000,000,000 s)
2024-06-03 19:50:57,542 INFO  - Define the name: veh_80 and route: r_2 (at simulation time 547.000,000,000 s)
2024-06-03 19:50:57,542 INFO  - Sending out AdHoc broadcast (at simulation time 547.000,000,000 s)
2024-06-03 19:50:57,543 INFO  - Recieve a message from other vehicle (at simulation time 547.001,900,000 s)
2024-06-03 19:50:57,543 INFO  - Recending a message from other vehicle (at simulation time 547.001,900,000 s)
2024-06-03 19:50:57,544 INFO  - Called #onVehicleUpdated (at simulation time 548.000,000,000 s)
2024-06-03 19:50:57,544 INFO  - Exced velocity! Sending new CAM (at simulation time 548.000,000,000 s)
2024-06-03 19:50:57,544 INFO  - Sending out AdHoc broadcast (at simulation time 548.000,000,000 s)
2024-06-03 19:50:57,545 INFO  - Sending out AdHoc broadcast (at simulation time 548.000,000,000 s)
2024-06-03 19:50:57,545 INFO  - Recieve a message from other vehicle (at simulation time 548.000,400,000 s)
2024-06-03 19:50:57,545 INFO  - Recending a message from other vehicle (at simulation time 548.000,400,000 s)
2024-06-03 19:50:57,545 INFO  - Recieve a message from other vehicle (at simulation time 548.001,900,000 s)
2024-06-03 19:50:57,545 INFO  - Recending a message from other vehicle (at simulation time 548.001,900,000 s)
2024-06-03 19:50:57,547 INFO  - Called #onVehicleUpdated (at simulation time 549.000,000,000 s)
2024-06-03 19:50:57,547 INFO  - Exced velocity! Sending new CAM (at simulation time 549.000,000,000 s)
2024-06-03 19:50:57,547 INFO  - Sending out AdHoc broadcast (at simulation time 549.000,000,000 s)
2024-06-03 19:50:57,547 INFO  - Sending out AdHoc broadcast (at simulation time 549.000,000,000 s)
2024-06-03 19:50:57,547 INFO  - Sending out AdHoc broadcast (at simulation time 549.000,000,000 s)
2024-06-03 19:50:57,547 INFO  - Recieve a message from other vehicle (at simulation time 549.001,400,000 s)
2024-06-03 19:50:57,547 INFO  - Recending a message from other vehicle (at simulation time 549.001,400,000 s)
2024-06-03 19:50:57,550 INFO  - Called #onVehicleUpdated (at simulation time 550.000,000,000 s)
2024-06-03 19:50:57,550 INFO  - Exced velocity! Sending new CAM (at simulation time 550.000,000,000 s)
2024-06-03 19:50:57,550 INFO  - Sending out AdHoc broadcast (at simulation time 550.000,000,000 s)
2024-06-03 19:50:57,550 INFO  - Sending out AdHoc broadcast (at simulation time 550.000,000,000 s)
2024-06-03 19:50:57,550 INFO  - Sending out AdHoc broadcast (at simulation time 550.000,000,000 s)
2024-06-03 19:50:57,550 INFO  - Recieve a message from other vehicle (at simulation time 550.000,400,000 s)
2024-06-03 19:50:57,550 INFO  - Recending a message from other vehicle (at simulation time 550.000,400,000 s)
2024-06-03 19:50:57,550 INFO  - Recieve a message from other vehicle (at simulation time 550.000,400,000 s)
2024-06-03 19:50:57,550 INFO  - Recending a message from other vehicle (at simulation time 550.000,400,000 s)
2024-06-03 19:50:57,551 INFO  - Recieve a message from other vehicle (at simulation time 550.001,900,000 s)
2024-06-03 19:50:57,551 INFO  - Recending a message from other vehicle (at simulation time 550.001,900,000 s)
2024-06-03 19:50:57,552 INFO  - Called #onVehicleUpdated (at simulation time 551.000,000,000 s)
2024-06-03 19:50:57,552 INFO  - Exced velocity! Sending new CAM (at simulation time 551.000,000,000 s)
2024-06-03 19:50:57,552 INFO  - Sending out AdHoc broadcast (at simulation time 551.000,000,000 s)
2024-06-03 19:50:57,552 INFO  - Sending out AdHoc broadcast (at simulation time 551.000,000,000 s)
2024-06-03 19:50:57,552 INFO  - Sending out AdHoc broadcast (at simulation time 551.000,000,000 s)
2024-06-03 19:50:57,552 INFO  - Sending out AdHoc broadcast (at simulation time 551.000,000,000 s)
2024-06-03 19:50:57,553 INFO  - Recieve a message from other vehicle (at simulation time 551.001,400,000 s)
2024-06-03 19:50:57,553 INFO  - Recending a message from other vehicle (at simulation time 551.001,400,000 s)
2024-06-03 19:50:57,553 INFO  - Recieve a message from other vehicle (at simulation time 551.001,400,000 s)
2024-06-03 19:50:57,553 INFO  - Recending a message from other vehicle (at simulation time 551.001,400,000 s)
2024-06-03 19:50:57,554 INFO  - Called #onVehicleUpdated (at simulation time 552.000,000,000 s)
2024-06-03 19:50:57,554 INFO  - Sending out AdHoc broadcast (at simulation time 552.000,000,000 s)
2024-06-03 19:50:57,554 INFO  - Sending out AdHoc broadcast (at simulation time 552.000,000,000 s)
2024-06-03 19:50:57,554 INFO  - Sending out AdHoc broadcast (at simulation time 552.000,000,000 s)
2024-06-03 19:50:57,554 INFO  - Recieve a message from other vehicle (at simulation time 552.000,900,000 s)
2024-06-03 19:50:57,554 INFO  - Recending a message from other vehicle (at simulation time 552.000,900,000 s)
2024-06-03 19:50:57,554 INFO  - Recieve a message from other vehicle (at simulation time 552.001,400,000 s)
2024-06-03 19:50:57,554 INFO  - Recending a message from other vehicle (at simulation time 552.001,400,000 s)
2024-06-03 19:50:57,554 INFO  - Recieve a message from other vehicle (at simulation time 552.001,400,000 s)
2024-06-03 19:50:57,554 INFO  - Recending a message from other vehicle (at simulation time 552.001,400,000 s)
2024-06-03 19:50:57,554 INFO  - Recieve a message from other vehicle (at simulation time 552.001,400,000 s)
2024-06-03 19:50:57,554 INFO  - Recending a message from other vehicle (at simulation time 552.001,400,000 s)
2024-06-03 19:50:57,555 INFO  - Recieve a message from other vehicle (at simulation time 552.001,900,000 s)
2024-06-03 19:50:57,555 INFO  - Recending a message from other vehicle (at simulation time 552.001,900,000 s)
2024-06-03 19:50:57,555 INFO  - Recieve a message from other vehicle (at simulation time 552.002,400,000 s)
2024-06-03 19:50:57,555 INFO  - Recending a message from other vehicle (at simulation time 552.002,400,000 s)
2024-06-03 19:50:57,555 INFO  - Recieve a message from other vehicle (at simulation time 552.002,400,000 s)
2024-06-03 19:50:57,555 INFO  - Recending a message from other vehicle (at simulation time 552.002,400,000 s)
2024-06-03 19:50:57,555 INFO  - Recieve a message from other vehicle (at simulation time 552.002,400,000 s)
2024-06-03 19:50:57,555 INFO  - I'm in better position but no more hops in message (at simulation time 552.002,400,000 s)
2024-06-03 19:50:57,555 INFO  - Recieve a message from other vehicle (at simulation time 552.003,800,000 s)
2024-06-03 19:50:57,555 INFO  - I'm in better position but no more hops in message (at simulation time 552.003,800,000 s)
2024-06-03 19:50:57,557 INFO  - Called #onVehicleUpdated (at simulation time 553.000,000,000 s)
2024-06-03 19:50:57,557 INFO  - Sending out AdHoc broadcast (at simulation time 553.000,000,000 s)
2024-06-03 19:50:57,557 INFO  - Sending out AdHoc broadcast (at simulation time 553.000,000,000 s)
2024-06-03 19:50:57,557 INFO  - Sending out AdHoc broadcast (at simulation time 553.000,000,000 s)
2024-06-03 19:50:57,557 INFO  - Sending out AdHoc broadcast (at simulation time 553.000,000,000 s)
2024-06-03 19:50:57,558 INFO  - Recieve a message from other vehicle (at simulation time 553.000,900,000 s)
2024-06-03 19:50:57,558 INFO  - Recending a message from other vehicle (at simulation time 553.000,900,000 s)
2024-06-03 19:50:57,558 INFO  - Recieve a message from other vehicle (at simulation time 553.000,900,000 s)
2024-06-03 19:50:57,558 INFO  - Recending a message from other vehicle (at simulation time 553.000,900,000 s)
2024-06-03 19:50:57,558 INFO  - Recieve a message from other vehicle (at simulation time 553.000,900,000 s)
2024-06-03 19:50:57,558 INFO  - Recending a message from other vehicle (at simulation time 553.000,900,000 s)
2024-06-03 19:50:57,558 INFO  - Recieve a message from other vehicle (at simulation time 553.001,400,000 s)
2024-06-03 19:50:57,558 INFO  - Recending a message from other vehicle (at simulation time 553.001,400,000 s)
2024-06-03 19:50:57,558 INFO  - Recieve a message from other vehicle (at simulation time 553.001,400,000 s)
2024-06-03 19:50:57,558 INFO  - Recending a message from other vehicle (at simulation time 553.001,400,000 s)
2024-06-03 19:50:57,558 INFO  - Recieve a message from other vehicle (at simulation time 553.001,900,000 s)
2024-06-03 19:50:57,558 INFO  - Recending a message from other vehicle (at simulation time 553.001,900,000 s)
2024-06-03 19:50:57,558 INFO  - Recieve a message from other vehicle (at simulation time 553.001,900,000 s)
2024-06-03 19:50:57,559 INFO  - Recending a message from other vehicle (at simulation time 553.001,900,000 s)
2024-06-03 19:50:57,560 INFO  - Called #onVehicleUpdated (at simulation time 554.000,000,000 s)
2024-06-03 19:50:57,560 INFO  - Sending out AdHoc broadcast (at simulation time 554.000,000,000 s)
2024-06-03 19:50:57,560 INFO  - Sending out AdHoc broadcast (at simulation time 554.000,000,000 s)
2024-06-03 19:50:57,560 INFO  - Sending out AdHoc broadcast (at simulation time 554.000,000,000 s)
2024-06-03 19:50:57,561 INFO  - Recieve a message from other vehicle (at simulation time 554.000,400,000 s)
2024-06-03 19:50:57,561 INFO  - Recending a message from other vehicle (at simulation time 554.000,400,000 s)
2024-06-03 19:50:57,561 INFO  - Recieve a message from other vehicle (at simulation time 554.000,900,000 s)
2024-06-03 19:50:57,561 INFO  - My position is not better! (at simulation time 554.000,900,000 s)
2024-06-03 19:50:57,561 INFO  - Recieve a message from other vehicle (at simulation time 554.000,900,000 s)
2024-06-03 19:50:57,561 INFO  - Recending a message from other vehicle (at simulation time 554.000,900,000 s)
2024-06-03 19:50:57,561 INFO  - Recieve a message from other vehicle (at simulation time 554.001,300,000 s)
2024-06-03 19:50:57,562 INFO  - My position is not better! (at simulation time 554.001,300,000 s)
2024-06-03 19:50:57,562 INFO  - Recieve a message from other vehicle (at simulation time 554.001,400,000 s)
2024-06-03 19:50:57,562 INFO  - Recending a message from other vehicle (at simulation time 554.001,400,000 s)
2024-06-03 19:50:57,562 INFO  - Recieve a message from other vehicle (at simulation time 554.001,900,000 s)
2024-06-03 19:50:57,562 INFO  - I'm in better position but no more hops in message (at simulation time 554.001,900,000 s)
2024-06-03 19:50:57,562 INFO  - Recieve a message from other vehicle (at simulation time 554.001,900,000 s)
2024-06-03 19:50:57,562 INFO  - My position is not better! (at simulation time 554.001,900,000 s)
2024-06-03 19:50:57,562 INFO  - Recieve a message from other vehicle (at simulation time 554.002,300,000 s)
2024-06-03 19:50:57,562 INFO  - My position is not better! (at simulation time 554.002,300,000 s)
2024-06-03 19:50:57,562 INFO  - Recieve a message from other vehicle (at simulation time 554.002,400,000 s)
2024-06-03 19:50:57,562 INFO  - Recending a message from other vehicle (at simulation time 554.002,400,000 s)
2024-06-03 19:50:57,563 INFO  - Recieve a message from other vehicle (at simulation time 554.002,400,000 s)
2024-06-03 19:50:57,563 INFO  - My position is not better! (at simulation time 554.002,400,000 s)
2024-06-03 19:50:57,563 INFO  - Recieve a message from other vehicle (at simulation time 554.002,800,000 s)
2024-06-03 19:50:57,563 INFO  - I'm in better position but no more hops in message (at simulation time 554.002,800,000 s)
2024-06-03 19:50:57,563 INFO  - Recieve a message from other vehicle (at simulation time 554.003,300,000 s)
2024-06-03 19:50:57,563 INFO  - My position is not better! (at simulation time 554.003,300,000 s)
2024-06-03 19:50:57,565 INFO  - Called #onVehicleUpdated (at simulation time 555.000,000,000 s)
2024-06-03 19:50:57,565 INFO  - Sending out DENM broadcast (at simulation time 555.000,000,000 s)
2024-06-03 19:50:57,565 INFO  - Sending out AdHoc broadcast (at simulation time 555.000,000,000 s)
2024-06-03 19:50:57,565 INFO  - Sending out AdHoc broadcast (at simulation time 555.000,000,000 s)
2024-06-03 19:50:57,565 INFO  - Sending out AdHoc broadcast (at simulation time 555.000,000,000 s)
2024-06-03 19:50:57,565 INFO  - Sending out AdHoc broadcast (at simulation time 555.000,000,000 s)
2024-06-03 19:50:57,566 INFO  - Recieve a message from other vehicle (at simulation time 555.000,400,000 s)
2024-06-03 19:50:57,566 INFO  - DENM message Recived from veh_83 -info : piso-molhado (at simulation time 555.000,400,000 s)
2024-06-03 19:50:57,566 INFO  - I slow down due to road state (at simulation time 555.000,400,000 s)
2024-06-03 19:50:57,566 INFO  - Recending a DENM message from other vehicle (at simulation time 555.000,400,000 s)
2024-06-03 19:50:57,566 INFO  - Recieve a message from other vehicle (at simulation time 555.000,400,000 s)
2024-06-03 19:50:57,566 INFO  - My position is not better! (at simulation time 555.000,400,000 s)
2024-06-03 19:50:57,567 INFO  - Recieve a message from other vehicle (at simulation time 555.000,900,000 s)
2024-06-03 19:50:57,567 INFO  - My position is not better! (at simulation time 555.000,900,000 s)
2024-06-03 19:50:57,567 INFO  - Recieve a message from other vehicle (at simulation time 555.000,900,000 s)
2024-06-03 19:50:57,567 INFO  - My position is not better! (at simulation time 555.000,900,000 s)
2024-06-03 19:50:57,567 INFO  - Recieve a message from other vehicle (at simulation time 555.001,300,000 s)
2024-06-03 19:50:57,567 INFO  - DENM message Recived from veh_80 -info : seco (at simulation time 555.001,300,000 s)
2024-06-03 19:50:57,567 INFO  - No more hops in DENM message (at simulation time 555.001,300,000 s)
2024-06-03 19:50:57,567 INFO  - Recieve a message from other vehicle (at simulation time 555.001,800,000 s)
2024-06-03 19:50:57,567 INFO  - My position is not better! (at simulation time 555.001,800,000 s)
2024-06-03 19:50:57,567 INFO  - Recieve a message from other vehicle (at simulation time 555.001,900,000 s)
2024-06-03 19:50:57,567 INFO  - DENM message Recived from veh_82 -info : piso-molhado (at simulation time 555.001,900,000 s)
2024-06-03 19:50:57,567 INFO  - I slow down due to road state (at simulation time 555.001,900,000 s)
2024-06-03 19:50:57,567 INFO  - No more hops in DENM message (at simulation time 555.001,900,000 s)
2024-06-03 19:50:57,567 INFO  - Recieve a message from other vehicle (at simulation time 555.001,900,000 s)
2024-06-03 19:50:57,567 INFO  - My position is not better! (at simulation time 555.001,900,000 s)
2024-06-03 19:50:57,567 INFO  - Recieve a message from other vehicle (at simulation time 555.001,900,000 s)
2024-06-03 19:50:57,567 INFO  - My position is not better! (at simulation time 555.001,900,000 s)
2024-06-03 19:50:57,567 INFO  - Recieve a message from other vehicle (at simulation time 555.001,900,000 s)
2024-06-03 19:50:57,567 INFO  - My position is not better! (at simulation time 555.001,900,000 s)
2024-06-03 19:50:57,568 INFO  - Recieve a message from other vehicle (at simulation time 555.002,300,000 s)
2024-06-03 19:50:57,568 INFO  - My position is not better! (at simulation time 555.002,300,000 s)
2024-06-03 19:50:57,568 INFO  - Recieve a message from other vehicle (at simulation time 555.002,300,000 s)
2024-06-03 19:50:57,568 INFO  - My position is not better! (at simulation time 555.002,300,000 s)
2024-06-03 19:50:57,568 INFO  - Recieve a message from other vehicle (at simulation time 555.002,300,000 s)
2024-06-03 19:50:57,568 INFO  - DENM message Recived from veh_82 -info : piso-molhado (at simulation time 555.002,300,000 s)
2024-06-03 19:50:57,568 INFO  - I slow down due to road state (at simulation time 555.002,300,000 s)
2024-06-03 19:50:57,568 INFO  - No more hops in DENM message (at simulation time 555.002,300,000 s)
2024-06-03 19:50:57,569 INFO  - Recieve a message from other vehicle (at simulation time 555.002,400,000 s)
2024-06-03 19:50:57,569 INFO  - My position is not better! (at simulation time 555.002,400,000 s)
2024-06-03 19:50:57,570 INFO  - Recieve a message from other vehicle (at simulation time 555.003,300,000 s)
2024-06-03 19:50:57,570 INFO  - My position is not better! (at simulation time 555.003,300,000 s)
2024-06-03 19:50:57,570 INFO  - Recieve a message from other vehicle (at simulation time 555.003,800,000 s)
2024-06-03 19:50:57,570 INFO  - My position is not better! (at simulation time 555.003,800,000 s)
2024-06-03 19:50:57,570 INFO  - Recieve a message from other vehicle (at simulation time 555.003,800,000 s)
2024-06-03 19:50:57,570 INFO  - My position is not better! (at simulation time 555.003,800,000 s)
2024-06-03 19:50:57,572 INFO  - Called #onVehicleUpdated (at simulation time 556.000,000,000 s)
2024-06-03 19:50:57,572 INFO  - Sending out AdHoc broadcast (at simulation time 556.000,000,000 s)
2024-06-03 19:50:57,572 INFO  - Sending out AdHoc broadcast (at simulation time 556.000,000,000 s)
2024-06-03 19:50:57,572 INFO  - Sending out AdHoc broadcast (at simulation time 556.000,000,000 s)
2024-06-03 19:50:57,573 INFO  - Recieve a message from other vehicle (at simulation time 556.000,400,000 s)
2024-06-03 19:50:57,573 INFO  - DENM message Recived from veh_81 -info : seco (at simulation time 556.000,400,000 s)
2024-06-03 19:50:57,573 INFO  - Recending a DENM message from other vehicle (at simulation time 556.000,400,000 s)
2024-06-03 19:50:57,573 INFO  - Recieve a message from other vehicle (at simulation time 556.000,400,000 s)
2024-06-03 19:50:57,573 INFO  - My position is not better! (at simulation time 556.000,400,000 s)
2024-06-03 19:50:57,573 INFO  - Recieve a message from other vehicle (at simulation time 556.000,800,000 s)
2024-06-03 19:50:57,573 INFO  - My position is not better! (at simulation time 556.000,800,000 s)
2024-06-03 19:50:57,573 INFO  - Recieve a message from other vehicle (at simulation time 556.000,900,000 s)
2024-06-03 19:50:57,573 INFO  - My position is not better! (at simulation time 556.000,900,000 s)
2024-06-03 19:50:57,573 INFO  - Recieve a message from other vehicle (at simulation time 556.000,900,000 s)
2024-06-03 19:50:57,573 INFO  - My position is not better! (at simulation time 556.000,900,000 s)
2024-06-03 19:50:57,573 INFO  - Recieve a message from other vehicle (at simulation time 556.001,400,000 s)
2024-06-03 19:50:57,574 INFO  - My position is not better! (at simulation time 556.001,400,000 s)
2024-06-03 19:50:57,574 INFO  - Recieve a message from other vehicle (at simulation time 556.001,800,000 s)
2024-06-03 19:50:57,574 INFO  - My position is not better! (at simulation time 556.001,800,000 s)
2024-06-03 19:50:57,574 INFO  - Recieve a message from other vehicle (at simulation time 556.001,900,000 s)
2024-06-03 19:50:57,574 INFO  - My position is not better! (at simulation time 556.001,900,000 s)
2024-06-03 19:50:57,574 INFO  - Recieve a message from other vehicle (at simulation time 556.001,900,000 s)
2024-06-03 19:50:57,574 INFO  - My position is not better! (at simulation time 556.001,900,000 s)
2024-06-03 19:50:57,574 INFO  - Recieve a message from other vehicle (at simulation time 556.001,900,000 s)
2024-06-03 19:50:57,574 INFO  - My position is not better! (at simulation time 556.001,900,000 s)
2024-06-03 19:50:57,574 INFO  - Recieve a message from other vehicle (at simulation time 556.002,300,000 s)
2024-06-03 19:50:57,574 INFO  - My position is not better! (at simulation time 556.002,300,000 s)
2024-06-03 19:50:57,574 INFO  - Recieve a message from other vehicle (at simulation time 556.002,300,000 s)
2024-06-03 19:50:57,574 INFO  - My position is not better! (at simulation time 556.002,300,000 s)
2024-06-03 19:50:57,574 INFO  - Recieve a message from other vehicle (at simulation time 556.002,400,000 s)
2024-06-03 19:50:57,574 INFO  - My position is not better! (at simulation time 556.002,400,000 s)
2024-06-03 19:50:57,574 INFO  - Recieve a message from other vehicle (at simulation time 556.002,800,000 s)
2024-06-03 19:50:57,574 INFO  - My position is not better! (at simulation time 556.002,800,000 s)
2024-06-03 19:50:57,574 INFO  - Recieve a message from other vehicle (at simulation time 556.003,300,000 s)
2024-06-03 19:50:57,574 INFO  - My position is not better! (at simulation time 556.003,300,000 s)
2024-06-03 19:50:57,575 INFO  - Called #onVehicleUpdated (at simulation time 557.000,000,000 s)
2024-06-03 19:50:57,576 INFO  - Sending out AdHoc broadcast (at simulation time 557.000,000,000 s)
2024-06-03 19:50:57,576 INFO  - Sending out AdHoc broadcast (at simulation time 557.000,000,000 s)
2024-06-03 19:50:57,576 INFO  - Sending out AdHoc broadcast (at simulation time 557.000,000,000 s)
2024-06-03 19:50:57,576 INFO  - Sending out AdHoc broadcast (at simulation time 557.000,000,000 s)
2024-06-03 19:50:57,576 INFO  - Recieve a message from other vehicle (at simulation time 557.000,400,000 s)
2024-06-03 19:50:57,576 INFO  - My position is not better! (at simulation time 557.000,400,000 s)
2024-06-03 19:50:57,576 INFO  - Recieve a message from other vehicle (at simulation time 557.000,900,000 s)
2024-06-03 19:50:57,576 INFO  - My position is not better! (at simulation time 557.000,900,000 s)
2024-06-03 19:50:57,577 INFO  - Recieve a message from other vehicle (at simulation time 557.001,300,000 s)
2024-06-03 19:50:57,577 INFO  - My position is not better! (at simulation time 557.001,300,000 s)
2024-06-03 19:50:57,577 INFO  - Recieve a message from other vehicle (at simulation time 557.001,400,000 s)
2024-06-03 19:50:57,577 INFO  - My position is not better! (at simulation time 557.001,400,000 s)
2024-06-03 19:50:57,577 INFO  - Recieve a message from other vehicle (at simulation time 557.001,800,000 s)
2024-06-03 19:50:57,577 INFO  - My position is not better! (at simulation time 557.001,800,000 s)
2024-06-03 19:50:57,577 INFO  - Recieve a message from other vehicle (at simulation time 557.002,300,000 s)
2024-06-03 19:50:57,577 INFO  - My position is not better! (at simulation time 557.002,300,000 s)
2024-06-03 19:50:57,577 INFO  - Recieve a message from other vehicle (at simulation time 557.002,300,000 s)
2024-06-03 19:50:57,577 INFO  - My position is not better! (at simulation time 557.002,300,000 s)
2024-06-03 19:50:57,578 INFO  - Recieve a message from other vehicle (at simulation time 557.002,800,000 s)
2024-06-03 19:50:57,578 INFO  - My position is not better! (at simulation time 557.002,800,000 s)
2024-06-03 19:50:57,578 INFO  - Recieve a message from other vehicle (at simulation time 557.002,800,000 s)
2024-06-03 19:50:57,578 INFO  - My position is not better! (at simulation time 557.002,800,000 s)
2024-06-03 19:50:57,578 INFO  - Recieve a message from other vehicle (at simulation time 557.002,800,000 s)
2024-06-03 19:50:57,578 INFO  - My position is not better! (at simulation time 557.002,800,000 s)
2024-06-03 19:50:57,578 INFO  - Recieve a message from other vehicle (at simulation time 557.003,800,000 s)
2024-06-03 19:50:57,578 INFO  - My position is not better! (at simulation time 557.003,800,000 s)
2024-06-03 19:50:57,580 INFO  - Called #onVehicleUpdated (at simulation time 558.000,000,000 s)
2024-06-03 19:50:57,580 INFO  - Sending out AdHoc broadcast (at simulation time 558.000,000,000 s)
2024-06-03 19:50:57,580 INFO  - Sending out AdHoc broadcast (at simulation time 558.000,000,000 s)
2024-06-03 19:50:57,580 INFO  - Sending out AdHoc broadcast (at simulation time 558.000,000,000 s)
2024-06-03 19:50:57,581 INFO  - Recieve a message from other vehicle (at simulation time 558.000,400,000 s)
2024-06-03 19:50:57,581 INFO  - My position is not better! (at simulation time 558.000,400,000 s)
2024-06-03 19:50:57,582 INFO  - Recieve a message from other vehicle (at simulation time 558.001,300,000 s)
2024-06-03 19:50:57,582 INFO  - My position is not better! (at simulation time 558.001,300,000 s)
2024-06-03 19:50:57,582 INFO  - Recieve a message from other vehicle (at simulation time 558.001,300,000 s)
2024-06-03 19:50:57,582 INFO  - My position is not better! (at simulation time 558.001,300,000 s)
2024-06-03 19:50:57,582 INFO  - Recieve a message from other vehicle (at simulation time 558.001,400,000 s)
2024-06-03 19:50:57,582 INFO  - My position is not better! (at simulation time 558.001,400,000 s)
2024-06-03 19:50:57,582 INFO  - Recieve a message from other vehicle (at simulation time 558.001,400,000 s)
2024-06-03 19:50:57,582 INFO  - My position is not better! (at simulation time 558.001,400,000 s)
2024-06-03 19:50:57,582 INFO  - Recieve a message from other vehicle (at simulation time 558.001,800,000 s)
2024-06-03 19:50:57,582 INFO  - My position is not better! (at simulation time 558.001,800,000 s)
2024-06-03 19:50:57,582 INFO  - Recieve a message from other vehicle (at simulation time 558.001,900,000 s)
2024-06-03 19:50:57,582 INFO  - My position is not better! (at simulation time 558.001,900,000 s)
2024-06-03 19:50:57,583 INFO  - Recieve a message from other vehicle (at simulation time 558.001,900,000 s)
2024-06-03 19:50:57,583 INFO  - My position is not better! (at simulation time 558.001,900,000 s)
2024-06-03 19:50:57,583 INFO  - Recieve a message from other vehicle (at simulation time 558.002,300,000 s)
2024-06-03 19:50:57,583 INFO  - My position is not better! (at simulation time 558.002,300,000 s)
2024-06-03 19:50:57,583 INFO  - Recieve a message from other vehicle (at simulation time 558.002,300,000 s)
2024-06-03 19:50:57,583 INFO  - My position is not better! (at simulation time 558.002,300,000 s)
2024-06-03 19:50:57,583 INFO  - Recieve a message from other vehicle (at simulation time 558.002,800,000 s)
2024-06-03 19:50:57,583 INFO  - My position is not better! (at simulation time 558.002,800,000 s)
2024-06-03 19:50:57,583 INFO  - Recieve a message from other vehicle (at simulation time 558.003,300,000 s)
2024-06-03 19:50:57,583 INFO  - My position is not better! (at simulation time 558.003,300,000 s)
2024-06-03 19:50:57,584 INFO  - Called #onVehicleUpdated (at simulation time 559.000,000,000 s)
2024-06-03 19:50:57,584 INFO  - Sending out AdHoc broadcast (at simulation time 559.000,000,000 s)
2024-06-03 19:50:57,584 INFO  - Sending out AdHoc broadcast (at simulation time 559.000,000,000 s)
2024-06-03 19:50:57,584 INFO  - Sending out AdHoc broadcast (at simulation time 559.000,000,000 s)
2024-06-03 19:50:57,584 INFO  - Sending out AdHoc broadcast (at simulation time 559.000,000,000 s)
2024-06-03 19:50:57,585 INFO  - Recieve a message from other vehicle (at simulation time 559.000,400,000 s)
2024-06-03 19:50:57,585 INFO  - My position is not better! (at simulation time 559.000,400,000 s)
2024-06-03 19:50:57,585 INFO  - Recieve a message from other vehicle (at simulation time 559.002,300,000 s)
2024-06-03 19:50:57,585 INFO  - My position is not better! (at simulation time 559.002,300,000 s)
2024-06-03 19:50:57,585 INFO  - Recieve a message from other vehicle (at simulation time 559.002,300,000 s)
2024-06-03 19:50:57,585 INFO  - My position is not better! (at simulation time 559.002,300,000 s)
2024-06-03 19:50:57,585 INFO  - Recieve a message from other vehicle (at simulation time 559.003,300,000 s)
2024-06-03 19:50:57,585 INFO  - My position is not better! (at simulation time 559.003,300,000 s)
2024-06-03 19:50:57,586 INFO  - Recieve a message from other vehicle (at simulation time 559.003,800,000 s)
2024-06-03 19:50:57,586 INFO  - My position is not better! (at simulation time 559.003,800,000 s)
2024-06-03 19:50:57,586 INFO  - Recieve a message from other vehicle (at simulation time 559.004,300,000 s)
2024-06-03 19:50:57,586 INFO  - My position is not better! (at simulation time 559.004,300,000 s)
2024-06-03 19:50:57,586 INFO  - Recieve a message from other vehicle (at simulation time 559.004,300,000 s)
2024-06-03 19:50:57,586 INFO  - My position is not better! (at simulation time 559.004,300,000 s)
2024-06-03 19:50:57,587 INFO  - Called #onVehicleUpdated (at simulation time 560.000,000,000 s)
2024-06-03 19:50:57,587 INFO  - Sending out AdHoc broadcast (at simulation time 560.000,000,000 s)
2024-06-03 19:50:57,587 INFO  - Sending out AdHoc broadcast (at simulation time 560.000,000,000 s)
2024-06-03 19:50:57,587 INFO  - Sending out AdHoc broadcast (at simulation time 560.000,000,000 s)
2024-06-03 19:50:57,588 INFO  - Called #onVehicleUpdated (at simulation time 561.000,000,000 s)
2024-06-03 19:50:57,588 INFO  - Sending out AdHoc broadcast (at simulation time 561.000,000,000 s)
2024-06-03 19:50:57,588 INFO  - Sending out AdHoc broadcast (at simulation time 561.000,000,000 s)
2024-06-03 19:50:57,588 INFO  - Sending out AdHoc broadcast (at simulation time 561.000,000,000 s)
2024-06-03 19:50:57,588 INFO  - Sending out AdHoc broadcast (at simulation time 561.000,000,000 s)
2024-06-03 19:50:57,589 INFO  - Called #onVehicleUpdated (at simulation time 562.000,000,000 s)
2024-06-03 19:50:57,589 INFO  - Sending out AdHoc broadcast (at simulation time 562.000,000,000 s)
2024-06-03 19:50:57,589 INFO  - Sending out AdHoc broadcast (at simulation time 562.000,000,000 s)
2024-06-03 19:50:57,589 INFO  - Sending out AdHoc broadcast (at simulation time 562.000,000,000 s)
2024-06-03 19:50:57,591 INFO  - Called #onVehicleUpdated (at simulation time 563.000,000,000 s)
2024-06-03 19:50:57,591 INFO  - Sending out AdHoc broadcast (at simulation time 563.000,000,000 s)
2024-06-03 19:50:57,591 INFO  - Sending out AdHoc broadcast (at simulation time 563.000,000,000 s)
2024-06-03 19:50:57,591 INFO  - Sending out AdHoc broadcast (at simulation time 563.000,000,000 s)
2024-06-03 19:50:57,591 INFO  - Sending out AdHoc broadcast (at simulation time 563.000,000,000 s)
2024-06-03 19:50:57,591 INFO  - Called #onVehicleUpdated (at simulation time 564.000,000,000 s)
2024-06-03 19:50:57,592 INFO  - Sending out AdHoc broadcast (at simulation time 564.000,000,000 s)
2024-06-03 19:50:57,592 INFO  - Sending out AdHoc broadcast (at simulation time 564.000,000,000 s)
2024-06-03 19:50:57,592 INFO  - Sending out AdHoc broadcast (at simulation time 564.000,000,000 s)
2024-06-03 19:50:57,594 INFO  - Called #onVehicleUpdated (at simulation time 565.000,000,000 s)
2024-06-03 19:50:57,594 INFO  - Sending out AdHoc broadcast (at simulation time 565.000,000,000 s)
2024-06-03 19:50:57,594 INFO  - Sending out AdHoc broadcast (at simulation time 565.000,000,000 s)
2024-06-03 19:50:57,594 INFO  - Sending out AdHoc broadcast (at simulation time 565.000,000,000 s)
2024-06-03 19:50:57,594 INFO  - Sending out AdHoc broadcast (at simulation time 565.000,000,000 s)
2024-06-03 19:50:57,595 INFO  - Called #onVehicleUpdated (at simulation time 566.000,000,000 s)
2024-06-03 19:50:57,595 INFO  - Exced velocity! Sending new CAM (at simulation time 566.000,000,000 s)
2024-06-03 19:50:57,595 INFO  - Sending out AdHoc broadcast (at simulation time 566.000,000,000 s)
2024-06-03 19:50:57,595 INFO  - Sending out AdHoc broadcast (at simulation time 566.000,000,000 s)
2024-06-03 19:50:57,595 INFO  - Sending out AdHoc broadcast (at simulation time 566.000,000,000 s)
2024-06-03 19:50:57,595 INFO  - Sending out AdHoc broadcast (at simulation time 566.000,000,000 s)
2024-06-03 19:50:57,596 INFO  - Called #onVehicleUpdated (at simulation time 567.000,000,000 s)
2024-06-03 19:50:57,596 INFO  - Exced velocity! Sending new CAM (at simulation time 567.000,000,000 s)
2024-06-03 19:50:57,596 INFO  - Sending out AdHoc broadcast (at simulation time 567.000,000,000 s)
2024-06-03 19:50:57,596 INFO  - Sending out AdHoc broadcast (at simulation time 567.000,000,000 s)
2024-06-03 19:50:57,596 INFO  - Sending out AdHoc broadcast (at simulation time 567.000,000,000 s)
2024-06-03 19:50:57,596 INFO  - Sending out AdHoc broadcast (at simulation time 567.000,000,000 s)
2024-06-03 19:50:57,596 INFO  - Sending out AdHoc broadcast (at simulation time 567.000,000,000 s)
2024-06-03 19:50:57,597 INFO  - Shutdown (at simulation time 568.000,000,000 s)
