2024-06-03 19:54:33,813 WARN  SumoGuiAmbassador - The file scenarios/npr/sumo/sumo_config.json does not exist.
2024-06-03 19:54:33,815 INFO  SumoGuiAmbassador - sumoConfig.updateInterval: 1000
2024-06-03 19:54:33,816 INFO  SumoGuiAmbassador - sumoConfig.sumoConfigurationFile: null
2024-06-03 19:54:33,821 INFO  SumoGuiAmbassador - Found a SUMO configuration file: scenarios/npr/sumo/npr.sumocfg
2024-06-03 19:54:33,822 INFO  SumoGuiAmbassador - sumoConfig.sumoConfigurationFile: npr.sumocfg
2024-06-03 19:54:33,843 INFO  SumoGuiAmbassador - Simulation step size is 1.0 sec.
2024-06-03 19:54:34,843 INFO  SumoVehicleTypesWriter - ./tmp/sumo/mosaic_types.add.xml file successfully written.
2024-06-03 19:54:34,843 INFO  SumoGuiAmbassador - Start Federate local
2024-06-03 19:54:34,843 INFO  SumoGuiAmbassador - Directory: ./tmp/sumo
2024-06-03 19:54:34,864 WARN  SumoGuiAmbassador - Error while connecting to SUMO. Retrying.
2024-06-03 19:54:35,878 INFO  SumoGuiAmbassador - Process sumo: Loading configuration ... done.
2024-06-03 19:54:37,453 WARN  TraciClientBridge - This TraCI API version 21 is currently not supported (but might work anyhow).
2024-06-03 19:54:37,461 INFO  SumoGuiAmbassador - Current API version of SUMO is 20 (=SUMO 1.18.*)
2024-06-03 19:54:37,553 WARN  TrafficLightGetControlledJunctions - Could not return list of controlled junctions for traffic light. Not implemented in SUMO yet.
2024-06-03 19:54:37,685 INFO  SumoGuiAmbassador - TrafficLightSubscription interaction received at simulation time 0.000,000,000 s: Subscribe to Traffic light group with ID=J9
2024-06-03 19:54:37,706 INFO  SumoGuiAmbassador - Receive TrafficLightStateChange request
2024-06-03 19:54:37,707 INFO  SumoGuiAmbassador - Changing program of traffic light group 'J9' to program id '0'
2024-06-03 19:54:37,732 INFO  SumoGuiAmbassador - VehicleRegistration from RTI "veh_0" received at simulation time 5000000000 ns (subscribe=true)
2024-06-03 19:54:37,732 INFO  SumoGuiAmbassador - VehicleRegistration from RTI "veh_1" received at simulation time 5000000000 ns (subscribe=true)
2024-06-03 19:54:37,733 INFO  SumoGuiAmbassador - VehicleRegistration from RTI "veh_2" received at simulation time 5000000000 ns (subscribe=true)
2024-06-03 19:54:37,733 INFO  SumoGuiAmbassador - VehicleRegistration from RTI "veh_3" received at simulation time 5000000000 ns (subscribe=true)
2024-06-03 19:54:37,733 INFO  SumoGuiAmbassador - VehicleRegistration from RTI "veh_4" received at simulation time 5000000000 ns (subscribe=true)
2024-06-03 19:54:37,733 INFO  SumoGuiAmbassador - VehicleRegistration from RTI "veh_5" received at simulation time 5000000000 ns (subscribe=true)
2024-06-03 19:54:37,734 INFO  SumoGuiAmbassador - Adding new vehicle "veh_0" at simulation time 5000000000 ns (type=Car, routeId=r_0, laneId=best, departPos=0.00)
2024-06-03 19:54:37,737 INFO  SumoGuiAmbassador - Adding new vehicle "veh_1" at simulation time 5000000000 ns (type=Car, routeId=r_2, laneId=best, departPos=0.00)
2024-06-03 19:54:37,739 INFO  SumoGuiAmbassador - Adding new vehicle "veh_2" at simulation time 5000000000 ns (type=Car, routeId=r_1, laneId=best, departPos=0.00)
2024-06-03 19:54:37,742 INFO  SumoGuiAmbassador - Adding new vehicle "veh_3" at simulation time 5000000000 ns (type=Car, routeId=r_4, laneId=best, departPos=0.00)
2024-06-03 19:54:37,745 INFO  SumoGuiAmbassador - Adding new vehicle "veh_4" at simulation time 5000000000 ns (type=Car, routeId=r_3, laneId=best, departPos=0.00)
2024-06-03 19:54:37,747 INFO  SumoGuiAmbassador - Adding new vehicle "veh_5" at simulation time 5000000000 ns (type=Car, routeId=r_5, laneId=best, departPos=0.00)
2024-06-03 19:54:37,915 INFO  SumoGuiAmbassador - Receive VehicleSlowDown request at simulation time 15.000,400,000 s: vehicleId="veh_0", targetSpeed=3.0m/s, interval=5000000000ms
2024-06-03 19:54:37,918 INFO  SumoGuiAmbassador - Receive VehicleSlowDown request at simulation time 15.000,800,000 s: vehicleId="veh_4", targetSpeed=3.0m/s, interval=5000000000ms
2024-06-03 19:54:37,919 INFO  SumoGuiAmbassador - Receive VehicleSlowDown request at simulation time 15.000,800,000 s: vehicleId="veh_5", targetSpeed=3.0m/s, interval=5000000000ms
2024-06-03 19:54:37,919 INFO  SumoGuiAmbassador - Receive VehicleSlowDown request at simulation time 15.000,800,000 s: vehicleId="veh_1", targetSpeed=3.0m/s, interval=5000000000ms
2024-06-03 19:54:37,921 INFO  SumoGuiAmbassador - Receive VehicleSlowDown request at simulation time 15.000,900,000 s: vehicleId="veh_2", targetSpeed=3.0m/s, interval=5000000000ms
2024-06-03 19:54:37,922 INFO  SumoGuiAmbassador - Receive VehicleSlowDown request at simulation time 15.001,300,000 s: vehicleId="veh_2", targetSpeed=3.0m/s, interval=5000000000ms
2024-06-03 19:54:37,923 INFO  SumoGuiAmbassador - Receive VehicleSlowDown request at simulation time 15.001,300,000 s: vehicleId="veh_3", targetSpeed=3.0m/s, interval=5000000000ms
2024-06-03 19:54:37,924 INFO  SumoGuiAmbassador - Receive VehicleSlowDown request at simulation time 15.001,400,000 s: vehicleId="veh_5", targetSpeed=3.0m/s, interval=5000000000ms
2024-06-03 19:54:37,924 INFO  SumoGuiAmbassador - Receive VehicleSlowDown request at simulation time 15.001,400,000 s: vehicleId="veh_3", targetSpeed=3.0m/s, interval=5000000000ms
2024-06-03 19:54:37,928 INFO  SumoGuiAmbassador - Receive VehicleSlowDown request at simulation time 15.002,400,000 s: vehicleId="veh_4", targetSpeed=3.0m/s, interval=5000000000ms
2024-06-03 19:54:38,022 INFO  SimulationFacade - Removed vehicle "veh_3" at simulation time 28000000000ns
2024-06-03 19:54:38,026 INFO  SimulationFacade - Removed vehicle "veh_4" at simulation time 29000000000ns
2024-06-03 19:54:38,026 INFO  SimulationFacade - Removed vehicle "veh_1" at simulation time 29000000000ns
2024-06-03 19:54:38,029 INFO  SimulationFacade - Removed vehicle "veh_2" at simulation time 30000000000ns
2024-06-03 19:54:38,035 INFO  SimulationFacade - Removed vehicle "veh_5" at simulation time 32000000000ns
2024-06-03 19:54:38,035 INFO  SimulationFacade - Removed vehicle "veh_0" at simulation time 32000000000ns
2024-06-03 19:54:38,045 INFO  SumoGuiAmbassador - VehicleRegistration from RTI "veh_6" received at simulation time 41000000000 ns (subscribe=true)
2024-06-03 19:54:38,045 INFO  SumoGuiAmbassador - VehicleRegistration from RTI "veh_7" received at simulation time 41000000000 ns (subscribe=true)
2024-06-03 19:54:38,045 INFO  SumoGuiAmbassador - VehicleRegistration from RTI "veh_8" received at simulation time 41000000000 ns (subscribe=true)
2024-06-03 19:54:38,045 INFO  SumoGuiAmbassador - VehicleRegistration from RTI "veh_9" received at simulation time 41000000000 ns (subscribe=true)
2024-06-03 19:54:38,045 INFO  SumoGuiAmbassador - VehicleRegistration from RTI "veh_10" received at simulation time 41000000000 ns (subscribe=true)
2024-06-03 19:54:38,045 INFO  SumoGuiAmbassador - VehicleRegistration from RTI "veh_11" received at simulation time 41000000000 ns (subscribe=true)
2024-06-03 19:54:38,046 INFO  SumoGuiAmbassador - Adding new vehicle "veh_6" at simulation time 41000000000 ns (type=Car, routeId=r_0, laneId=best, departPos=0.00)
2024-06-03 19:54:38,047 INFO  SumoGuiAmbassador - Adding new vehicle "veh_7" at simulation time 41000000000 ns (type=Car, routeId=r_2, laneId=best, departPos=0.00)
2024-06-03 19:54:38,049 INFO  SumoGuiAmbassador - Adding new vehicle "veh_8" at simulation time 41000000000 ns (type=Car, routeId=r_1, laneId=best, departPos=0.00)
2024-06-03 19:54:38,050 INFO  SumoGuiAmbassador - Adding new vehicle "veh_9" at simulation time 41000000000 ns (type=Car, routeId=r_4, laneId=best, departPos=0.00)
2024-06-03 19:54:38,052 INFO  SumoGuiAmbassador - Adding new vehicle "veh_10" at simulation time 41000000000 ns (type=Car, routeId=r_3, laneId=best, departPos=0.00)
2024-06-03 19:54:38,053 INFO  SumoGuiAmbassador - Adding new vehicle "veh_11" at simulation time 41000000000 ns (type=Car, routeId=r_5, laneId=best, departPos=0.00)
2024-06-03 19:54:38,170 INFO  SimulationFacade - Removed vehicle "veh_9" at simulation time 59000000000ns
2024-06-03 19:54:38,173 INFO  SimulationFacade - Removed vehicle "veh_7" at simulation time 60000000000ns
2024-06-03 19:54:38,179 INFO  SimulationFacade - Removed vehicle "veh_8" at simulation time 62000000000ns
2024-06-03 19:54:38,179 INFO  SimulationFacade - Removed vehicle "veh_10" at simulation time 62000000000ns
2024-06-03 19:54:38,188 INFO  SimulationFacade - Removed vehicle "veh_11" at simulation time 65000000000ns
2024-06-03 19:54:38,188 INFO  SimulationFacade - Removed vehicle "veh_6" at simulation time 65000000000ns
2024-06-03 19:54:38,205 INFO  SumoGuiAmbassador - VehicleRegistration from RTI "veh_12" received at simulation time 77000000000 ns (subscribe=true)
2024-06-03 19:54:38,205 INFO  SumoGuiAmbassador - VehicleRegistration from RTI "veh_13" received at simulation time 77000000000 ns (subscribe=true)
2024-06-03 19:54:38,205 INFO  SumoGuiAmbassador - VehicleRegistration from RTI "veh_14" received at simulation time 77000000000 ns (subscribe=true)
2024-06-03 19:54:38,205 INFO  SumoGuiAmbassador - VehicleRegistration from RTI "veh_15" received at simulation time 77000000000 ns (subscribe=true)
2024-06-03 19:54:38,205 INFO  SumoGuiAmbassador - VehicleRegistration from RTI "veh_16" received at simulation time 77000000000 ns (subscribe=true)
2024-06-03 19:54:38,205 INFO  SumoGuiAmbassador - VehicleRegistration from RTI "veh_17" received at simulation time 77000000000 ns (subscribe=true)
2024-06-03 19:54:38,205 INFO  SumoGuiAmbassador - Adding new vehicle "veh_12" at simulation time 77000000000 ns (type=Car, routeId=r_0, laneId=best, departPos=0.00)
2024-06-03 19:54:38,207 INFO  SumoGuiAmbassador - Adding new vehicle "veh_13" at simulation time 77000000000 ns (type=Car, routeId=r_2, laneId=best, departPos=0.00)
2024-06-03 19:54:38,208 INFO  SumoGuiAmbassador - Adding new vehicle "veh_14" at simulation time 77000000000 ns (type=Car, routeId=r_1, laneId=best, departPos=0.00)
2024-06-03 19:54:38,209 INFO  SumoGuiAmbassador - Adding new vehicle "veh_15" at simulation time 77000000000 ns (type=Car, routeId=r_4, laneId=best, departPos=0.00)
2024-06-03 19:54:38,210 INFO  SumoGuiAmbassador - Adding new vehicle "veh_16" at simulation time 77000000000 ns (type=Car, routeId=r_3, laneId=best, departPos=0.00)
2024-06-03 19:54:38,211 INFO  SumoGuiAmbassador - Adding new vehicle "veh_17" at simulation time 77000000000 ns (type=Car, routeId=r_5, laneId=best, departPos=0.00)
2024-06-03 19:54:38,310 INFO  SimulationFacade - Removed vehicle "veh_13" at simulation time 96000000000ns
2024-06-03 19:54:38,313 INFO  SimulationFacade - Removed vehicle "veh_15" at simulation time 97000000000ns
2024-06-03 19:54:38,317 INFO  SimulationFacade - Removed vehicle "veh_16" at simulation time 99000000000ns
2024-06-03 19:54:38,317 INFO  SimulationFacade - Removed vehicle "veh_14" at simulation time 99000000000ns
2024-06-03 19:54:38,319 INFO  SimulationFacade - Removed vehicle "veh_17" at simulation time 100000000000ns
2024-06-03 19:54:38,325 INFO  SimulationFacade - Removed vehicle "veh_12" at simulation time 104000000000ns
2024-06-03 19:54:38,336 INFO  SumoGuiAmbassador - VehicleRegistration from RTI "veh_18" received at simulation time 113000000000 ns (subscribe=true)
2024-06-03 19:54:38,336 INFO  SumoGuiAmbassador - VehicleRegistration from RTI "veh_19" received at simulation time 113000000000 ns (subscribe=true)
2024-06-03 19:54:38,336 INFO  SumoGuiAmbassador - VehicleRegistration from RTI "veh_20" received at simulation time 113000000000 ns (subscribe=true)
2024-06-03 19:54:38,336 INFO  SumoGuiAmbassador - VehicleRegistration from RTI "veh_21" received at simulation time 113000000000 ns (subscribe=true)
2024-06-03 19:54:38,336 INFO  SumoGuiAmbassador - VehicleRegistration from RTI "veh_22" received at simulation time 113000000000 ns (subscribe=true)
2024-06-03 19:54:38,336 INFO  SumoGuiAmbassador - VehicleRegistration from RTI "veh_23" received at simulation time 113000000000 ns (subscribe=true)
2024-06-03 19:54:38,337 INFO  SumoGuiAmbassador - Adding new vehicle "veh_18" at simulation time 113000000000 ns (type=Car, routeId=r_0, laneId=best, departPos=0.00)
2024-06-03 19:54:38,338 INFO  SumoGuiAmbassador - Adding new vehicle "veh_19" at simulation time 113000000000 ns (type=Car, routeId=r_2, laneId=best, departPos=0.00)
2024-06-03 19:54:38,339 INFO  SumoGuiAmbassador - Adding new vehicle "veh_20" at simulation time 113000000000 ns (type=Car, routeId=r_1, laneId=best, departPos=0.00)
2024-06-03 19:54:38,340 INFO  SumoGuiAmbassador - Adding new vehicle "veh_21" at simulation time 113000000000 ns (type=Car, routeId=r_4, laneId=best, departPos=0.00)
2024-06-03 19:54:38,341 INFO  SumoGuiAmbassador - Adding new vehicle "veh_22" at simulation time 113000000000 ns (type=Car, routeId=r_3, laneId=best, departPos=0.00)
2024-06-03 19:54:38,342 INFO  SumoGuiAmbassador - Adding new vehicle "veh_23" at simulation time 113000000000 ns (type=Car, routeId=r_5, laneId=best, departPos=0.00)
2024-06-03 19:54:38,388 INFO  SumoGuiAmbassador - Receive VehicleSlowDown request at simulation time 124.000,400,000 s: vehicleId="veh_18", targetSpeed=3.0m/s, interval=5000000000ms
2024-06-03 19:54:38,388 INFO  SumoGuiAmbassador - Receive VehicleSlowDown request at simulation time 124.000,800,000 s: vehicleId="veh_19", targetSpeed=3.0m/s, interval=5000000000ms
2024-06-03 19:54:38,389 INFO  SumoGuiAmbassador - Receive VehicleSlowDown request at simulation time 124.000,900,000 s: vehicleId="veh_19", targetSpeed=3.0m/s, interval=5000000000ms
2024-06-03 19:54:38,389 INFO  SumoGuiAmbassador - Receive VehicleSlowDown request at simulation time 124.000,900,000 s: vehicleId="veh_23", targetSpeed=3.0m/s, interval=5000000000ms
2024-06-03 19:54:38,389 INFO  SumoGuiAmbassador - Receive VehicleSlowDown request at simulation time 124.000,900,000 s: vehicleId="veh_21", targetSpeed=3.0m/s, interval=5000000000ms
2024-06-03 19:54:38,390 INFO  SumoGuiAmbassador - Receive VehicleSlowDown request at simulation time 124.000,900,000 s: vehicleId="veh_20", targetSpeed=3.0m/s, interval=5000000000ms
2024-06-03 19:54:38,390 INFO  SumoGuiAmbassador - Receive VehicleSlowDown request at simulation time 124.001,300,000 s: vehicleId="veh_23", targetSpeed=3.0m/s, interval=5000000000ms
2024-06-03 19:54:38,391 INFO  SumoGuiAmbassador - Receive VehicleSlowDown request at simulation time 124.001,800,000 s: vehicleId="veh_21", targetSpeed=3.0m/s, interval=5000000000ms
2024-06-03 19:54:38,391 INFO  SumoGuiAmbassador - Receive VehicleSlowDown request at simulation time 124.001,800,000 s: vehicleId="veh_20", targetSpeed=3.0m/s, interval=5000000000ms
2024-06-03 19:54:38,392 INFO  SumoGuiAmbassador - Receive VehicleSlowDown request at simulation time 124.002,300,000 s: vehicleId="veh_22", targetSpeed=3.0m/s, interval=5000000000ms
2024-06-03 19:54:38,443 INFO  SimulationFacade - Removed vehicle "veh_21" at simulation time 136000000000ns
2024-06-03 19:54:38,446 INFO  SimulationFacade - Removed vehicle "veh_19" at simulation time 137000000000ns
2024-06-03 19:54:38,449 INFO  SimulationFacade - Removed vehicle "veh_22" at simulation time 139000000000ns
2024-06-03 19:54:38,449 INFO  SimulationFacade - Removed vehicle "veh_20" at simulation time 139000000000ns
2024-06-03 19:54:38,451 INFO  SimulationFacade - Removed vehicle "veh_18" at simulation time 140000000000ns
2024-06-03 19:54:38,451 INFO  SimulationFacade - Removed vehicle "veh_23" at simulation time 140000000000ns
2024-06-03 19:54:38,458 INFO  SumoGuiAmbassador - VehicleRegistration from RTI "veh_24" received at simulation time 149000000000 ns (subscribe=true)
2024-06-03 19:54:38,458 INFO  SumoGuiAmbassador - VehicleRegistration from RTI "veh_25" received at simulation time 149000000000 ns (subscribe=true)
2024-06-03 19:54:38,458 INFO  SumoGuiAmbassador - VehicleRegistration from RTI "veh_26" received at simulation time 149000000000 ns (subscribe=true)
2024-06-03 19:54:38,458 INFO  SumoGuiAmbassador - VehicleRegistration from RTI "veh_27" received at simulation time 149000000000 ns (subscribe=true)
2024-06-03 19:54:38,458 INFO  SumoGuiAmbassador - VehicleRegistration from RTI "veh_28" received at simulation time 149000000000 ns (subscribe=true)
2024-06-03 19:54:38,458 INFO  SumoGuiAmbassador - VehicleRegistration from RTI "veh_29" received at simulation time 149000000000 ns (subscribe=true)
2024-06-03 19:54:38,458 INFO  SumoGuiAmbassador - Adding new vehicle "veh_24" at simulation time 149000000000 ns (type=Car, routeId=r_0, laneId=best, departPos=0.00)
2024-06-03 19:54:38,459 INFO  SumoGuiAmbassador - Adding new vehicle "veh_25" at simulation time 149000000000 ns (type=Car, routeId=r_2, laneId=best, departPos=0.00)
2024-06-03 19:54:38,460 INFO  SumoGuiAmbassador - Adding new vehicle "veh_26" at simulation time 149000000000 ns (type=Car, routeId=r_1, laneId=best, departPos=0.00)
2024-06-03 19:54:38,461 INFO  SumoGuiAmbassador - Adding new vehicle "veh_27" at simulation time 149000000000 ns (type=Car, routeId=r_4, laneId=best, departPos=0.00)
2024-06-03 19:54:38,463 INFO  SumoGuiAmbassador - Adding new vehicle "veh_28" at simulation time 149000000000 ns (type=Car, routeId=r_3, laneId=best, departPos=0.00)
2024-06-03 19:54:38,464 INFO  SumoGuiAmbassador - Adding new vehicle "veh_29" at simulation time 149000000000 ns (type=Car, routeId=r_5, laneId=best, departPos=0.00)
2024-06-03 19:54:38,504 INFO  SumoGuiAmbassador - Receive VehicleSlowDown request at simulation time 159.000,400,000 s: vehicleId="veh_27", targetSpeed=3.0m/s, interval=5000000000ms
2024-06-03 19:54:38,505 INFO  SumoGuiAmbassador - Receive VehicleSlowDown request at simulation time 159.000,400,000 s: vehicleId="veh_26", targetSpeed=3.0m/s, interval=5000000000ms
2024-06-03 19:54:38,505 INFO  SumoGuiAmbassador - Receive VehicleSlowDown request at simulation time 159.000,400,000 s: vehicleId="veh_27", targetSpeed=3.0m/s, interval=5000000000ms
2024-06-03 19:54:38,505 INFO  SumoGuiAmbassador - Receive VehicleSlowDown request at simulation time 159.000,400,000 s: vehicleId="veh_26", targetSpeed=3.0m/s, interval=5000000000ms
2024-06-03 19:54:38,505 INFO  SumoGuiAmbassador - Receive VehicleSlowDown request at simulation time 159.000,400,000 s: vehicleId="veh_24", targetSpeed=3.0m/s, interval=5000000000ms
2024-06-03 19:54:38,506 INFO  SumoGuiAmbassador - Receive VehicleSlowDown request at simulation time 159.000,800,000 s: vehicleId="veh_25", targetSpeed=3.0m/s, interval=5000000000ms
2024-06-03 19:54:38,506 INFO  SumoGuiAmbassador - Receive VehicleSlowDown request at simulation time 159.000,900,000 s: vehicleId="veh_28", targetSpeed=3.0m/s, interval=5000000000ms
2024-06-03 19:54:38,506 INFO  SumoGuiAmbassador - Receive VehicleSlowDown request at simulation time 159.001,300,000 s: vehicleId="veh_25", targetSpeed=3.0m/s, interval=5000000000ms
2024-06-03 19:54:38,507 INFO  SumoGuiAmbassador - Receive VehicleSlowDown request at simulation time 159.001,300,000 s: vehicleId="veh_28", targetSpeed=3.0m/s, interval=5000000000ms
2024-06-03 19:54:38,507 INFO  SumoGuiAmbassador - Receive VehicleSlowDown request at simulation time 159.001,400,000 s: vehicleId="veh_29", targetSpeed=3.0m/s, interval=5000000000ms
2024-06-03 19:54:38,508 INFO  SumoGuiAmbassador - Receive VehicleSlowDown request at simulation time 159.001,400,000 s: vehicleId="veh_28", targetSpeed=3.0m/s, interval=5000000000ms
2024-06-03 19:54:38,508 INFO  SumoGuiAmbassador - Receive VehicleSlowDown request at simulation time 159.001,800,000 s: vehicleId="veh_26", targetSpeed=3.0m/s, interval=5000000000ms
2024-06-03 19:54:38,508 INFO  SumoGuiAmbassador - Receive VehicleSlowDown request at simulation time 159.001,800,000 s: vehicleId="veh_24", targetSpeed=3.0m/s, interval=5000000000ms
2024-06-03 19:54:38,508 INFO  SumoGuiAmbassador - Receive VehicleSlowDown request at simulation time 159.001,800,000 s: vehicleId="veh_29", targetSpeed=3.0m/s, interval=5000000000ms
2024-06-03 19:54:38,508 INFO  SumoGuiAmbassador - Receive VehicleSlowDown request at simulation time 159.001,800,000 s: vehicleId="veh_24", targetSpeed=3.0m/s, interval=5000000000ms
2024-06-03 19:54:38,508 INFO  SumoGuiAmbassador - Receive VehicleSlowDown request at simulation time 159.001,800,000 s: vehicleId="veh_29", targetSpeed=3.0m/s, interval=5000000000ms
2024-06-03 19:54:38,509 INFO  SumoGuiAmbassador - Receive VehicleSlowDown request at simulation time 159.002,300,000 s: vehicleId="veh_28", targetSpeed=3.0m/s, interval=5000000000ms
2024-06-03 19:54:38,509 INFO  SumoGuiAmbassador - Receive VehicleSlowDown request at simulation time 159.002,300,000 s: vehicleId="veh_26", targetSpeed=3.0m/s, interval=5000000000ms
2024-06-03 19:54:38,510 INFO  SumoGuiAmbassador - Receive VehicleSlowDown request at simulation time 159.002,400,000 s: vehicleId="veh_25", targetSpeed=3.0m/s, interval=5000000000ms
2024-06-03 19:54:38,510 INFO  SumoGuiAmbassador - Receive VehicleSlowDown request at simulation time 159.002,400,000 s: vehicleId="veh_29", targetSpeed=3.0m/s, interval=5000000000ms
2024-06-03 19:54:38,663 INFO  SimulationFacade - Removed vehicle "veh_27" at simulation time 173000000000ns
2024-06-03 19:54:38,663 INFO  SimulationFacade - Removed vehicle "veh_25" at simulation time 173000000000ns
2024-06-03 19:54:38,665 INFO  SimulationFacade - Removed vehicle "veh_26" at simulation time 174000000000ns
2024-06-03 19:54:38,665 INFO  SimulationFacade - Removed vehicle "veh_28" at simulation time 174000000000ns
2024-06-03 19:54:38,667 INFO  SimulationFacade - Removed vehicle "veh_29" at simulation time 175000000000ns
2024-06-03 19:54:38,670 INFO  SimulationFacade - Removed vehicle "veh_24" at simulation time 176000000000ns
2024-06-03 19:54:38,687 INFO  SumoGuiAmbassador - VehicleRegistration from RTI "veh_30" received at simulation time 185000000000 ns (subscribe=true)
2024-06-03 19:54:38,687 INFO  SumoGuiAmbassador - VehicleRegistration from RTI "veh_31" received at simulation time 185000000000 ns (subscribe=true)
2024-06-03 19:54:38,687 INFO  SumoGuiAmbassador - VehicleRegistration from RTI "veh_32" received at simulation time 185000000000 ns (subscribe=true)
2024-06-03 19:54:38,687 INFO  SumoGuiAmbassador - VehicleRegistration from RTI "veh_33" received at simulation time 185000000000 ns (subscribe=true)
2024-06-03 19:54:38,687 INFO  SumoGuiAmbassador - VehicleRegistration from RTI "veh_34" received at simulation time 185000000000 ns (subscribe=true)
2024-06-03 19:54:38,687 INFO  SumoGuiAmbassador - VehicleRegistration from RTI "veh_35" received at simulation time 185000000000 ns (subscribe=true)
2024-06-03 19:54:38,687 INFO  SumoGuiAmbassador - Adding new vehicle "veh_30" at simulation time 185000000000 ns (type=Car, routeId=r_0, laneId=best, departPos=0.00)
2024-06-03 19:54:38,688 INFO  SumoGuiAmbassador - Adding new vehicle "veh_31" at simulation time 185000000000 ns (type=Car, routeId=r_2, laneId=best, departPos=0.00)
2024-06-03 19:54:38,689 INFO  SumoGuiAmbassador - Adding new vehicle "veh_32" at simulation time 185000000000 ns (type=Car, routeId=r_1, laneId=best, departPos=0.00)
2024-06-03 19:54:38,690 INFO  SumoGuiAmbassador - Adding new vehicle "veh_33" at simulation time 185000000000 ns (type=Car, routeId=r_4, laneId=best, departPos=0.00)
2024-06-03 19:54:38,691 INFO  SumoGuiAmbassador - Adding new vehicle "veh_34" at simulation time 185000000000 ns (type=Car, routeId=r_3, laneId=best, departPos=0.00)
2024-06-03 19:54:38,692 INFO  SumoGuiAmbassador - Adding new vehicle "veh_35" at simulation time 185000000000 ns (type=Car, routeId=r_5, laneId=best, departPos=0.00)
2024-06-03 19:54:38,757 INFO  SimulationFacade - Removed vehicle "veh_33" at simulation time 202000000000ns
2024-06-03 19:54:38,759 INFO  SimulationFacade - Removed vehicle "veh_31" at simulation time 203000000000ns
2024-06-03 19:54:38,760 INFO  SimulationFacade - Removed vehicle "veh_34" at simulation time 204000000000ns
2024-06-03 19:54:38,763 INFO  SimulationFacade - Removed vehicle "veh_32" at simulation time 206000000000ns
2024-06-03 19:54:38,767 INFO  SimulationFacade - Removed vehicle "veh_35" at simulation time 209000000000ns
2024-06-03 19:54:38,767 INFO  SimulationFacade - Removed vehicle "veh_30" at simulation time 209000000000ns
2024-06-03 19:54:38,775 INFO  SumoGuiAmbassador - VehicleRegistration from RTI "veh_36" received at simulation time 221000000000 ns (subscribe=true)
2024-06-03 19:54:38,775 INFO  SumoGuiAmbassador - VehicleRegistration from RTI "veh_37" received at simulation time 221000000000 ns (subscribe=true)
2024-06-03 19:54:38,775 INFO  SumoGuiAmbassador - VehicleRegistration from RTI "veh_38" received at simulation time 221000000000 ns (subscribe=true)
2024-06-03 19:54:38,775 INFO  SumoGuiAmbassador - VehicleRegistration from RTI "veh_39" received at simulation time 221000000000 ns (subscribe=true)
2024-06-03 19:54:38,775 INFO  SumoGuiAmbassador - VehicleRegistration from RTI "veh_40" received at simulation time 221000000000 ns (subscribe=true)
2024-06-03 19:54:38,775 INFO  SumoGuiAmbassador - VehicleRegistration from RTI "veh_41" received at simulation time 221000000000 ns (subscribe=true)
2024-06-03 19:54:38,775 INFO  SumoGuiAmbassador - Adding new vehicle "veh_36" at simulation time 221000000000 ns (type=Car, routeId=r_0, laneId=best, departPos=0.00)
2024-06-03 19:54:38,776 INFO  SumoGuiAmbassador - Adding new vehicle "veh_37" at simulation time 221000000000 ns (type=Car, routeId=r_2, laneId=best, departPos=0.00)
2024-06-03 19:54:38,777 INFO  SumoGuiAmbassador - Adding new vehicle "veh_38" at simulation time 221000000000 ns (type=Car, routeId=r_1, laneId=best, departPos=0.00)
2024-06-03 19:54:38,778 INFO  SumoGuiAmbassador - Adding new vehicle "veh_39" at simulation time 221000000000 ns (type=Car, routeId=r_4, laneId=best, departPos=0.00)
2024-06-03 19:54:38,779 INFO  SumoGuiAmbassador - Adding new vehicle "veh_40" at simulation time 221000000000 ns (type=Car, routeId=r_3, laneId=best, departPos=0.00)
2024-06-03 19:54:38,780 INFO  SumoGuiAmbassador - Adding new vehicle "veh_41" at simulation time 221000000000 ns (type=Car, routeId=r_5, laneId=best, departPos=0.00)
2024-06-03 19:54:38,828 INFO  SimulationFacade - Removed vehicle "veh_39" at simulation time 240000000000ns
2024-06-03 19:54:38,831 INFO  SimulationFacade - Removed vehicle "veh_40" at simulation time 241000000000ns
2024-06-03 19:54:38,834 INFO  SimulationFacade - Removed vehicle "veh_37" at simulation time 243000000000ns
2024-06-03 19:54:38,835 INFO  SimulationFacade - Removed vehicle "veh_38" at simulation time 244000000000ns
2024-06-03 19:54:38,838 INFO  SimulationFacade - Removed vehicle "veh_36" at simulation time 247000000000ns
2024-06-03 19:54:38,839 INFO  SimulationFacade - Removed vehicle "veh_41" at simulation time 249000000000ns
2024-06-03 19:54:38,844 INFO  SumoGuiAmbassador - VehicleRegistration from RTI "veh_42" received at simulation time 257000000000 ns (subscribe=true)
2024-06-03 19:54:38,844 INFO  SumoGuiAmbassador - VehicleRegistration from RTI "veh_43" received at simulation time 257000000000 ns (subscribe=true)
2024-06-03 19:54:38,844 INFO  SumoGuiAmbassador - VehicleRegistration from RTI "veh_44" received at simulation time 257000000000 ns (subscribe=true)
2024-06-03 19:54:38,844 INFO  SumoGuiAmbassador - VehicleRegistration from RTI "veh_45" received at simulation time 257000000000 ns (subscribe=true)
2024-06-03 19:54:38,844 INFO  SumoGuiAmbassador - VehicleRegistration from RTI "veh_46" received at simulation time 257000000000 ns (subscribe=true)
2024-06-03 19:54:38,844 INFO  SumoGuiAmbassador - VehicleRegistration from RTI "veh_47" received at simulation time 257000000000 ns (subscribe=true)
2024-06-03 19:54:38,844 INFO  SumoGuiAmbassador - Adding new vehicle "veh_42" at simulation time 257000000000 ns (type=Car, routeId=r_0, laneId=best, departPos=0.00)
2024-06-03 19:54:38,846 INFO  SumoGuiAmbassador - Adding new vehicle "veh_43" at simulation time 257000000000 ns (type=Car, routeId=r_2, laneId=best, departPos=0.00)
2024-06-03 19:54:38,847 INFO  SumoGuiAmbassador - Adding new vehicle "veh_44" at simulation time 257000000000 ns (type=Car, routeId=r_1, laneId=best, departPos=0.00)
2024-06-03 19:54:38,848 INFO  SumoGuiAmbassador - Adding new vehicle "veh_45" at simulation time 257000000000 ns (type=Car, routeId=r_4, laneId=best, departPos=0.00)
2024-06-03 19:54:38,848 INFO  SumoGuiAmbassador - Adding new vehicle "veh_46" at simulation time 257000000000 ns (type=Car, routeId=r_3, laneId=best, departPos=0.00)
2024-06-03 19:54:38,849 INFO  SumoGuiAmbassador - Adding new vehicle "veh_47" at simulation time 257000000000 ns (type=Car, routeId=r_5, laneId=best, departPos=0.00)
2024-06-03 19:54:38,908 INFO  SimulationFacade - Removed vehicle "veh_45" at simulation time 276000000000ns
2024-06-03 19:54:38,913 INFO  SimulationFacade - Removed vehicle "veh_46" at simulation time 278000000000ns
2024-06-03 19:54:38,913 INFO  SimulationFacade - Removed vehicle "veh_44" at simulation time 278000000000ns
2024-06-03 19:54:38,913 INFO  SimulationFacade - Removed vehicle "veh_43" at simulation time 278000000000ns
2024-06-03 19:54:38,917 INFO  SimulationFacade - Removed vehicle "veh_42" at simulation time 281000000000ns
2024-06-03 19:54:38,918 INFO  SimulationFacade - Removed vehicle "veh_47" at simulation time 283000000000ns
2024-06-03 19:54:38,923 INFO  SumoGuiAmbassador - VehicleRegistration from RTI "veh_48" received at simulation time 293000000000 ns (subscribe=true)
2024-06-03 19:54:38,923 INFO  SumoGuiAmbassador - VehicleRegistration from RTI "veh_49" received at simulation time 293000000000 ns (subscribe=true)
2024-06-03 19:54:38,923 INFO  SumoGuiAmbassador - VehicleRegistration from RTI "veh_50" received at simulation time 293000000000 ns (subscribe=true)
2024-06-03 19:54:38,923 INFO  SumoGuiAmbassador - VehicleRegistration from RTI "veh_51" received at simulation time 293000000000 ns (subscribe=true)
2024-06-03 19:54:38,923 INFO  SumoGuiAmbassador - VehicleRegistration from RTI "veh_52" received at simulation time 293000000000 ns (subscribe=true)
2024-06-03 19:54:38,923 INFO  SumoGuiAmbassador - VehicleRegistration from RTI "veh_53" received at simulation time 293000000000 ns (subscribe=true)
2024-06-03 19:54:38,924 INFO  SumoGuiAmbassador - Adding new vehicle "veh_48" at simulation time 293000000000 ns (type=Car, routeId=r_0, laneId=best, departPos=0.00)
2024-06-03 19:54:38,924 INFO  SumoGuiAmbassador - Adding new vehicle "veh_49" at simulation time 293000000000 ns (type=Car, routeId=r_2, laneId=best, departPos=0.00)
2024-06-03 19:54:38,925 INFO  SumoGuiAmbassador - Adding new vehicle "veh_50" at simulation time 293000000000 ns (type=Car, routeId=r_1, laneId=best, departPos=0.00)
2024-06-03 19:54:38,926 INFO  SumoGuiAmbassador - Adding new vehicle "veh_51" at simulation time 293000000000 ns (type=Car, routeId=r_4, laneId=best, departPos=0.00)
2024-06-03 19:54:38,927 INFO  SumoGuiAmbassador - Adding new vehicle "veh_52" at simulation time 293000000000 ns (type=Car, routeId=r_3, laneId=best, departPos=0.00)
2024-06-03 19:54:38,929 INFO  SumoGuiAmbassador - Adding new vehicle "veh_53" at simulation time 293000000000 ns (type=Car, routeId=r_5, laneId=best, departPos=0.00)
2024-06-03 19:54:38,992 INFO  SimulationFacade - Removed vehicle "veh_49" at simulation time 312000000000ns
2024-06-03 19:54:38,992 INFO  SimulationFacade - Removed vehicle "veh_51" at simulation time 312000000000ns
2024-06-03 19:54:38,994 INFO  SimulationFacade - Removed vehicle "veh_52" at simulation time 313000000000ns
2024-06-03 19:54:38,997 INFO  SimulationFacade - Removed vehicle "veh_50" at simulation time 315000000000ns
2024-06-03 19:54:39,000 INFO  SimulationFacade - Removed vehicle "veh_48" at simulation time 317000000000ns
2024-06-03 19:54:39,002 INFO  SimulationFacade - Removed vehicle "veh_53" at simulation time 319000000000ns
2024-06-03 19:54:39,006 INFO  SumoGuiAmbassador - VehicleRegistration from RTI "veh_54" received at simulation time 329000000000 ns (subscribe=true)
2024-06-03 19:54:39,006 INFO  SumoGuiAmbassador - VehicleRegistration from RTI "veh_55" received at simulation time 329000000000 ns (subscribe=true)
2024-06-03 19:54:39,006 INFO  SumoGuiAmbassador - VehicleRegistration from RTI "veh_56" received at simulation time 329000000000 ns (subscribe=true)
2024-06-03 19:54:39,006 INFO  SumoGuiAmbassador - VehicleRegistration from RTI "veh_57" received at simulation time 329000000000 ns (subscribe=true)
2024-06-03 19:54:39,006 INFO  SumoGuiAmbassador - VehicleRegistration from RTI "veh_58" received at simulation time 329000000000 ns (subscribe=true)
2024-06-03 19:54:39,006 INFO  SumoGuiAmbassador - VehicleRegistration from RTI "veh_59" received at simulation time 329000000000 ns (subscribe=true)
2024-06-03 19:54:39,006 INFO  SumoGuiAmbassador - Adding new vehicle "veh_54" at simulation time 329000000000 ns (type=Car, routeId=r_0, laneId=best, departPos=0.00)
2024-06-03 19:54:39,007 INFO  SumoGuiAmbassador - Adding new vehicle "veh_55" at simulation time 329000000000 ns (type=Car, routeId=r_2, laneId=best, departPos=0.00)
2024-06-03 19:54:39,007 INFO  SumoGuiAmbassador - Adding new vehicle "veh_56" at simulation time 329000000000 ns (type=Car, routeId=r_1, laneId=best, departPos=0.00)
2024-06-03 19:54:39,008 INFO  SumoGuiAmbassador - Adding new vehicle "veh_57" at simulation time 329000000000 ns (type=Car, routeId=r_4, laneId=best, departPos=0.00)
2024-06-03 19:54:39,008 INFO  SumoGuiAmbassador - Adding new vehicle "veh_58" at simulation time 329000000000 ns (type=Car, routeId=r_3, laneId=best, departPos=0.00)
2024-06-03 19:54:39,009 INFO  SumoGuiAmbassador - Adding new vehicle "veh_59" at simulation time 329000000000 ns (type=Car, routeId=r_5, laneId=best, departPos=0.00)
2024-06-03 19:54:39,040 INFO  SumoGuiAmbassador - Receive VehicleSlowDown request at simulation time 339.000,400,000 s: vehicleId="veh_59", targetSpeed=3.0m/s, interval=5000000000ms
2024-06-03 19:54:39,040 INFO  SumoGuiAmbassador - Receive VehicleSlowDown request at simulation time 339.000,400,000 s: vehicleId="veh_58", targetSpeed=3.0m/s, interval=5000000000ms
2024-06-03 19:54:39,041 INFO  SumoGuiAmbassador - Receive VehicleSlowDown request at simulation time 339.000,900,000 s: vehicleId="veh_57", targetSpeed=3.0m/s, interval=5000000000ms
2024-06-03 19:54:39,042 INFO  SumoGuiAmbassador - Receive VehicleSlowDown request at simulation time 339.001,300,000 s: vehicleId="veh_58", targetSpeed=3.0m/s, interval=5000000000ms
2024-06-03 19:54:39,043 INFO  SumoGuiAmbassador - Receive VehicleSlowDown request at simulation time 339.001,400,000 s: vehicleId="veh_54", targetSpeed=3.0m/s, interval=5000000000ms
2024-06-03 19:54:39,043 INFO  SumoGuiAmbassador - Receive VehicleSlowDown request at simulation time 339.001,800,000 s: vehicleId="veh_57", targetSpeed=3.0m/s, interval=5000000000ms
2024-06-03 19:54:39,043 INFO  SumoGuiAmbassador - Receive VehicleSlowDown request at simulation time 339.001,800,000 s: vehicleId="veh_55", targetSpeed=3.0m/s, interval=5000000000ms
2024-06-03 19:54:39,044 INFO  SumoGuiAmbassador - Receive VehicleSlowDown request at simulation time 339.002,400,000 s: vehicleId="veh_56", targetSpeed=3.0m/s, interval=5000000000ms
2024-06-03 19:54:39,044 INFO  SumoGuiAmbassador - Receive VehicleSlowDown request at simulation time 339.002,800,000 s: vehicleId="veh_56", targetSpeed=3.0m/s, interval=5000000000ms
2024-06-03 19:54:39,044 INFO  SumoGuiAmbassador - Receive VehicleSlowDown request at simulation time 339.002,800,000 s: vehicleId="veh_54", targetSpeed=3.0m/s, interval=5000000000ms
2024-06-03 19:54:39,075 INFO  SimulationFacade - Removed vehicle "veh_57" at simulation time 352000000000ns
2024-06-03 19:54:39,075 INFO  SimulationFacade - Removed vehicle "veh_55" at simulation time 352000000000ns
2024-06-03 19:54:39,078 INFO  SimulationFacade - Removed vehicle "veh_58" at simulation time 354000000000ns
2024-06-03 19:54:39,079 INFO  SimulationFacade - Removed vehicle "veh_56" at simulation time 354000000000ns
2024-06-03 19:54:39,080 INFO  SimulationFacade - Removed vehicle "veh_54" at simulation time 355000000000ns
2024-06-03 19:54:39,082 INFO  SimulationFacade - Removed vehicle "veh_59" at simulation time 356000000000ns
2024-06-03 19:54:39,090 INFO  SumoGuiAmbassador - VehicleRegistration from RTI "veh_60" received at simulation time 365000000000 ns (subscribe=true)
2024-06-03 19:54:39,090 INFO  SumoGuiAmbassador - VehicleRegistration from RTI "veh_61" received at simulation time 365000000000 ns (subscribe=true)
2024-06-03 19:54:39,090 INFO  SumoGuiAmbassador - VehicleRegistration from RTI "veh_62" received at simulation time 365000000000 ns (subscribe=true)
2024-06-03 19:54:39,090 INFO  SumoGuiAmbassador - VehicleRegistration from RTI "veh_63" received at simulation time 365000000000 ns (subscribe=true)
2024-06-03 19:54:39,090 INFO  SumoGuiAmbassador - Adding new vehicle "veh_60" at simulation time 365000000000 ns (type=Car, routeId=r_2, laneId=best, departPos=0.00)
2024-06-03 19:54:39,091 INFO  SumoGuiAmbassador - Adding new vehicle "veh_61" at simulation time 365000000000 ns (type=Car, routeId=r_1, laneId=best, departPos=0.00)
2024-06-03 19:54:39,092 INFO  SumoGuiAmbassador - Adding new vehicle "veh_62" at simulation time 365000000000 ns (type=Car, routeId=r_3, laneId=best, departPos=0.00)
2024-06-03 19:54:39,093 INFO  SumoGuiAmbassador - Adding new vehicle "veh_63" at simulation time 365000000000 ns (type=Car, routeId=r_5, laneId=best, departPos=0.00)
2024-06-03 19:54:39,133 INFO  SimulationFacade - Removed vehicle "veh_62" at simulation time 384000000000ns
2024-06-03 19:54:39,133 INFO  SimulationFacade - Removed vehicle "veh_60" at simulation time 384000000000ns
2024-06-03 19:54:39,136 INFO  SimulationFacade - Removed vehicle "veh_61" at simulation time 386000000000ns
2024-06-03 19:54:39,139 INFO  SimulationFacade - Removed vehicle "veh_63" at simulation time 388000000000ns
2024-06-03 19:54:39,144 INFO  SumoGuiAmbassador - VehicleRegistration from RTI "veh_64" received at simulation time 401000000000 ns (subscribe=true)
2024-06-03 19:54:39,144 INFO  SumoGuiAmbassador - VehicleRegistration from RTI "veh_65" received at simulation time 401000000000 ns (subscribe=true)
2024-06-03 19:54:39,144 INFO  SumoGuiAmbassador - VehicleRegistration from RTI "veh_66" received at simulation time 401000000000 ns (subscribe=true)
2024-06-03 19:54:39,144 INFO  SumoGuiAmbassador - VehicleRegistration from RTI "veh_67" received at simulation time 401000000000 ns (subscribe=true)
2024-06-03 19:54:39,145 INFO  SumoGuiAmbassador - Adding new vehicle "veh_64" at simulation time 401000000000 ns (type=Car, routeId=r_2, laneId=best, departPos=0.00)
2024-06-03 19:54:39,146 INFO  SumoGuiAmbassador - Adding new vehicle "veh_65" at simulation time 401000000000 ns (type=Car, routeId=r_1, laneId=best, departPos=0.00)
2024-06-03 19:54:39,147 INFO  SumoGuiAmbassador - Adding new vehicle "veh_66" at simulation time 401000000000 ns (type=Car, routeId=r_3, laneId=best, departPos=0.00)
2024-06-03 19:54:39,148 INFO  SumoGuiAmbassador - Adding new vehicle "veh_67" at simulation time 401000000000 ns (type=Car, routeId=r_5, laneId=best, departPos=0.00)
2024-06-03 19:54:39,168 INFO  SumoGuiAmbassador - Receive VehicleSlowDown request at simulation time 411.000,400,000 s: vehicleId="veh_65", targetSpeed=3.0m/s, interval=5000000000ms
2024-06-03 19:54:39,168 INFO  SumoGuiAmbassador - Receive VehicleSlowDown request at simulation time 411.000,400,000 s: vehicleId="veh_64", targetSpeed=3.0m/s, interval=5000000000ms
2024-06-03 19:54:39,169 INFO  SumoGuiAmbassador - Receive VehicleSlowDown request at simulation time 411.000,900,000 s: vehicleId="veh_65", targetSpeed=3.0m/s, interval=5000000000ms
2024-06-03 19:54:39,169 INFO  SumoGuiAmbassador - Receive VehicleSlowDown request at simulation time 411.001,300,000 s: vehicleId="veh_67", targetSpeed=3.0m/s, interval=5000000000ms
2024-06-03 19:54:39,170 INFO  SumoGuiAmbassador - Receive VehicleSlowDown request at simulation time 411.001,300,000 s: vehicleId="veh_66", targetSpeed=3.0m/s, interval=5000000000ms
2024-06-03 19:54:39,170 INFO  SumoGuiAmbassador - Receive VehicleSlowDown request at simulation time 411.001,300,000 s: vehicleId="veh_64", targetSpeed=3.0m/s, interval=5000000000ms
2024-06-03 19:54:39,170 INFO  SumoGuiAmbassador - Receive VehicleSlowDown request at simulation time 411.001,300,000 s: vehicleId="veh_66", targetSpeed=3.0m/s, interval=5000000000ms
2024-06-03 19:54:39,171 INFO  SumoGuiAmbassador - Receive VehicleSlowDown request at simulation time 411.001,400,000 s: vehicleId="veh_66", targetSpeed=3.0m/s, interval=5000000000ms
2024-06-03 19:54:39,171 INFO  SumoGuiAmbassador - Receive VehicleSlowDown request at simulation time 411.002,300,000 s: vehicleId="veh_65", targetSpeed=3.0m/s, interval=5000000000ms
2024-06-03 19:54:39,171 INFO  SumoGuiAmbassador - Receive VehicleSlowDown request at simulation time 411.002,400,000 s: vehicleId="veh_67", targetSpeed=3.0m/s, interval=5000000000ms
2024-06-03 19:54:39,172 INFO  SumoGuiAmbassador - Receive VehicleSlowDown request at simulation time 411.002,400,000 s: vehicleId="veh_66", targetSpeed=3.0m/s, interval=5000000000ms
2024-06-03 19:54:39,172 INFO  SumoGuiAmbassador - Receive VehicleSlowDown request at simulation time 411.002,800,000 s: vehicleId="veh_67", targetSpeed=3.0m/s, interval=5000000000ms
2024-06-03 19:54:39,203 INFO  SimulationFacade - Removed vehicle "veh_66" at simulation time 425000000000ns
2024-06-03 19:54:39,203 INFO  SimulationFacade - Removed vehicle "veh_65" at simulation time 425000000000ns
2024-06-03 19:54:39,206 INFO  SimulationFacade - Removed vehicle "veh_64" at simulation time 426000000000ns
2024-06-03 19:54:39,210 INFO  SimulationFacade - Removed vehicle "veh_67" at simulation time 429000000000ns
2024-06-03 19:54:39,216 INFO  SumoGuiAmbassador - VehicleRegistration from RTI "veh_68" received at simulation time 437000000000 ns (subscribe=true)
2024-06-03 19:54:39,216 INFO  SumoGuiAmbassador - VehicleRegistration from RTI "veh_69" received at simulation time 437000000000 ns (subscribe=true)
2024-06-03 19:54:39,216 INFO  SumoGuiAmbassador - VehicleRegistration from RTI "veh_70" received at simulation time 437000000000 ns (subscribe=true)
2024-06-03 19:54:39,216 INFO  SumoGuiAmbassador - VehicleRegistration from RTI "veh_71" received at simulation time 437000000000 ns (subscribe=true)
2024-06-03 19:54:39,216 INFO  SumoGuiAmbassador - Adding new vehicle "veh_68" at simulation time 437000000000 ns (type=Car, routeId=r_2, laneId=best, departPos=0.00)
2024-06-03 19:54:39,218 INFO  SumoGuiAmbassador - Adding new vehicle "veh_69" at simulation time 437000000000 ns (type=Car, routeId=r_1, laneId=best, departPos=0.00)
2024-06-03 19:54:39,220 INFO  SumoGuiAmbassador - Adding new vehicle "veh_70" at simulation time 437000000000 ns (type=Car, routeId=r_3, laneId=best, departPos=0.00)
2024-06-03 19:54:39,221 INFO  SumoGuiAmbassador - Adding new vehicle "veh_71" at simulation time 437000000000 ns (type=Car, routeId=r_5, laneId=best, departPos=0.00)
2024-06-03 19:54:39,253 INFO  SimulationFacade - Removed vehicle "veh_70" at simulation time 454000000000ns
2024-06-03 19:54:39,258 INFO  SimulationFacade - Removed vehicle "veh_69" at simulation time 459000000000ns
2024-06-03 19:54:39,258 INFO  SimulationFacade - Removed vehicle "veh_68" at simulation time 459000000000ns
2024-06-03 19:54:39,260 INFO  SimulationFacade - Removed vehicle "veh_71" at simulation time 463000000000ns
2024-06-03 19:54:39,266 INFO  SumoGuiAmbassador - VehicleRegistration from RTI "veh_72" received at simulation time 473000000000 ns (subscribe=true)
2024-06-03 19:54:39,266 INFO  SumoGuiAmbassador - VehicleRegistration from RTI "veh_73" received at simulation time 473000000000 ns (subscribe=true)
2024-06-03 19:54:39,266 INFO  SumoGuiAmbassador - VehicleRegistration from RTI "veh_74" received at simulation time 473000000000 ns (subscribe=true)
2024-06-03 19:54:39,266 INFO  SumoGuiAmbassador - VehicleRegistration from RTI "veh_75" received at simulation time 473000000000 ns (subscribe=true)
2024-06-03 19:54:39,266 INFO  SumoGuiAmbassador - Adding new vehicle "veh_72" at simulation time 473000000000 ns (type=Car, routeId=r_2, laneId=best, departPos=0.00)
2024-06-03 19:54:39,267 INFO  SumoGuiAmbassador - Adding new vehicle "veh_73" at simulation time 473000000000 ns (type=Car, routeId=r_1, laneId=best, departPos=0.00)
2024-06-03 19:54:39,268 INFO  SumoGuiAmbassador - Adding new vehicle "veh_74" at simulation time 473000000000 ns (type=Car, routeId=r_3, laneId=best, departPos=0.00)
2024-06-03 19:54:39,269 INFO  SumoGuiAmbassador - Adding new vehicle "veh_75" at simulation time 473000000000 ns (type=Car, routeId=r_5, laneId=best, departPos=0.00)
2024-06-03 19:54:39,311 INFO  SimulationFacade - Removed vehicle "veh_74" at simulation time 490000000000ns
2024-06-03 19:54:39,315 INFO  SimulationFacade - Removed vehicle "veh_72" at simulation time 492000000000ns
2024-06-03 19:54:39,316 INFO  SimulationFacade - Removed vehicle "veh_73" at simulation time 493000000000ns
2024-06-03 19:54:39,322 INFO  SimulationFacade - Removed vehicle "veh_75" at simulation time 497000000000ns
2024-06-03 19:54:39,334 INFO  SumoGuiAmbassador - VehicleRegistration from RTI "veh_76" received at simulation time 509000000000 ns (subscribe=true)
2024-06-03 19:54:39,334 INFO  SumoGuiAmbassador - VehicleRegistration from RTI "veh_77" received at simulation time 509000000000 ns (subscribe=true)
2024-06-03 19:54:39,334 INFO  SumoGuiAmbassador - VehicleRegistration from RTI "veh_78" received at simulation time 509000000000 ns (subscribe=true)
2024-06-03 19:54:39,334 INFO  SumoGuiAmbassador - VehicleRegistration from RTI "veh_79" received at simulation time 509000000000 ns (subscribe=true)
2024-06-03 19:54:39,334 INFO  SumoGuiAmbassador - Adding new vehicle "veh_76" at simulation time 509000000000 ns (type=Car, routeId=r_2, laneId=best, departPos=0.00)
2024-06-03 19:54:39,335 INFO  SumoGuiAmbassador - Adding new vehicle "veh_77" at simulation time 509000000000 ns (type=Car, routeId=r_1, laneId=best, departPos=0.00)
2024-06-03 19:54:39,336 INFO  SumoGuiAmbassador - Adding new vehicle "veh_78" at simulation time 509000000000 ns (type=Car, routeId=r_3, laneId=best, departPos=0.00)
2024-06-03 19:54:39,337 INFO  SumoGuiAmbassador - Adding new vehicle "veh_79" at simulation time 509000000000 ns (type=Car, routeId=r_5, laneId=best, departPos=0.00)
2024-06-03 19:54:39,369 INFO  SimulationFacade - Removed vehicle "veh_78" at simulation time 526000000000ns
2024-06-03 19:54:39,372 INFO  SimulationFacade - Removed vehicle "veh_76" at simulation time 529000000000ns
2024-06-03 19:54:39,373 INFO  SimulationFacade - Removed vehicle "veh_77" at simulation time 530000000000ns
2024-06-03 19:54:39,374 INFO  SimulationFacade - Removed vehicle "veh_79" at simulation time 534000000000ns
2024-06-03 19:54:39,378 INFO  SumoGuiAmbassador - VehicleRegistration from RTI "veh_80" received at simulation time 545000000000 ns (subscribe=true)
2024-06-03 19:54:39,378 INFO  SumoGuiAmbassador - VehicleRegistration from RTI "veh_81" received at simulation time 545000000000 ns (subscribe=true)
2024-06-03 19:54:39,378 INFO  SumoGuiAmbassador - VehicleRegistration from RTI "veh_82" received at simulation time 545000000000 ns (subscribe=true)
2024-06-03 19:54:39,378 INFO  SumoGuiAmbassador - VehicleRegistration from RTI "veh_83" received at simulation time 545000000000 ns (subscribe=true)
2024-06-03 19:54:39,378 INFO  SumoGuiAmbassador - Adding new vehicle "veh_80" at simulation time 545000000000 ns (type=Car, routeId=r_2, laneId=best, departPos=0.00)
2024-06-03 19:54:39,380 INFO  SumoGuiAmbassador - Adding new vehicle "veh_81" at simulation time 545000000000 ns (type=Car, routeId=r_1, laneId=best, departPos=0.00)
2024-06-03 19:54:39,381 INFO  SumoGuiAmbassador - Adding new vehicle "veh_82" at simulation time 545000000000 ns (type=Car, routeId=r_3, laneId=best, departPos=0.00)
2024-06-03 19:54:39,382 INFO  SumoGuiAmbassador - Adding new vehicle "veh_83" at simulation time 545000000000 ns (type=Car, routeId=r_5, laneId=best, departPos=0.00)
2024-06-03 19:54:39,431 INFO  SimulationFacade - Removed vehicle "veh_80" at simulation time 562000000000ns
2024-06-03 19:54:39,431 INFO  SimulationFacade - Removed vehicle "veh_82" at simulation time 562000000000ns
2024-06-03 19:54:39,437 INFO  SimulationFacade - Removed vehicle "veh_81" at simulation time 566000000000ns
2024-06-03 19:54:39,439 INFO  SimulationFacade - Removed vehicle "veh_83" at simulation time 569000000000ns
2024-06-03 19:54:39,445 INFO  SumoGuiAmbassador - VehicleRegistration from RTI "veh_84" received at simulation time 581000000000 ns (subscribe=true)
2024-06-03 19:54:39,445 INFO  SumoGuiAmbassador - VehicleRegistration from RTI "veh_85" received at simulation time 581000000000 ns (subscribe=true)
2024-06-03 19:54:39,445 INFO  SumoGuiAmbassador - VehicleRegistration from RTI "veh_86" received at simulation time 581000000000 ns (subscribe=true)
2024-06-03 19:54:39,445 INFO  SumoGuiAmbassador - VehicleRegistration from RTI "veh_87" received at simulation time 581000000000 ns (subscribe=true)
2024-06-03 19:54:39,445 INFO  SumoGuiAmbassador - Adding new vehicle "veh_84" at simulation time 581000000000 ns (type=Car, routeId=r_2, laneId=best, departPos=0.00)
2024-06-03 19:54:39,446 INFO  SumoGuiAmbassador - Adding new vehicle "veh_85" at simulation time 581000000000 ns (type=Car, routeId=r_1, laneId=best, departPos=0.00)
2024-06-03 19:54:39,447 INFO  SumoGuiAmbassador - Adding new vehicle "veh_86" at simulation time 581000000000 ns (type=Car, routeId=r_3, laneId=best, departPos=0.00)
2024-06-03 19:54:39,448 INFO  SumoGuiAmbassador - Adding new vehicle "veh_87" at simulation time 581000000000 ns (type=Car, routeId=r_5, laneId=best, departPos=0.00)
2024-06-03 19:54:39,471 INFO  SumoGuiAmbassador - Receive VehicleSlowDown request at simulation time 591.000,400,000 s: vehicleId="veh_87", targetSpeed=3.0m/s, interval=5000000000ms
2024-06-03 19:54:39,471 INFO  SumoGuiAmbassador - Receive VehicleSlowDown request at simulation time 591.000,800,000 s: vehicleId="veh_86", targetSpeed=3.0m/s, interval=5000000000ms
2024-06-03 19:54:39,472 INFO  SumoGuiAmbassador - Receive VehicleSlowDown request at simulation time 591.000,900,000 s: vehicleId="veh_85", targetSpeed=3.0m/s, interval=5000000000ms
2024-06-03 19:54:39,472 INFO  SumoGuiAmbassador - Receive VehicleSlowDown request at simulation time 591.001,800,000 s: vehicleId="veh_84", targetSpeed=3.0m/s, interval=5000000000ms
2024-06-03 19:54:39,473 INFO  SumoGuiAmbassador - Receive VehicleSlowDown request at simulation time 591.001,900,000 s: vehicleId="veh_84", targetSpeed=3.0m/s, interval=5000000000ms
2024-06-03 19:54:39,473 INFO  SumoGuiAmbassador - Receive VehicleSlowDown request at simulation time 591.002,300,000 s: vehicleId="veh_85", targetSpeed=3.0m/s, interval=5000000000ms
2024-06-03 19:54:39,494 INFO  SimulationFacade - Removed vehicle "veh_84" at simulation time 605000000000ns
2024-06-03 19:54:39,494 INFO  SimulationFacade - Removed vehicle "veh_86" at simulation time 605000000000ns
2024-06-03 19:54:39,495 INFO  SimulationFacade - Removed vehicle "veh_85" at simulation time 606000000000ns
2024-06-03 19:54:39,497 INFO  SimulationFacade - Removed vehicle "veh_87" at simulation time 609000000000ns
2024-06-03 19:54:39,503 INFO  SumoGuiAmbassador - VehicleRegistration from RTI "veh_88" received at simulation time 617000000000 ns (subscribe=true)
2024-06-03 19:54:39,503 INFO  SumoGuiAmbassador - VehicleRegistration from RTI "veh_89" received at simulation time 617000000000 ns (subscribe=true)
2024-06-03 19:54:39,503 INFO  SumoGuiAmbassador - VehicleRegistration from RTI "veh_90" received at simulation time 617000000000 ns (subscribe=true)
2024-06-03 19:54:39,503 INFO  SumoGuiAmbassador - VehicleRegistration from RTI "veh_91" received at simulation time 617000000000 ns (subscribe=true)
2024-06-03 19:54:39,503 INFO  SumoGuiAmbassador - Adding new vehicle "veh_88" at simulation time 617000000000 ns (type=Car, routeId=r_2, laneId=best, departPos=0.00)
2024-06-03 19:54:39,504 INFO  SumoGuiAmbassador - Adding new vehicle "veh_89" at simulation time 617000000000 ns (type=Car, routeId=r_1, laneId=best, departPos=0.00)
2024-06-03 19:54:39,505 INFO  SumoGuiAmbassador - Adding new vehicle "veh_90" at simulation time 617000000000 ns (type=Car, routeId=r_3, laneId=best, departPos=0.00)
2024-06-03 19:54:39,506 INFO  SumoGuiAmbassador - Adding new vehicle "veh_91" at simulation time 617000000000 ns (type=Car, routeId=r_5, laneId=best, departPos=0.00)
2024-06-03 19:54:39,540 INFO  SimulationFacade - Removed vehicle "veh_88" at simulation time 636000000000ns
2024-06-03 19:54:39,541 INFO  SimulationFacade - Removed vehicle "veh_90" at simulation time 638000000000ns
2024-06-03 19:54:39,542 INFO  SimulationFacade - Removed vehicle "veh_89" at simulation time 638000000000ns
2024-06-03 19:54:39,544 INFO  SimulationFacade - Removed vehicle "veh_91" at simulation time 641000000000ns
2024-06-03 19:54:39,548 INFO  SumoGuiAmbassador - VehicleRegistration from RTI "veh_92" received at simulation time 653000000000 ns (subscribe=true)
2024-06-03 19:54:39,548 INFO  SumoGuiAmbassador - VehicleRegistration from RTI "veh_93" received at simulation time 653000000000 ns (subscribe=true)
2024-06-03 19:54:39,548 INFO  SumoGuiAmbassador - VehicleRegistration from RTI "veh_94" received at simulation time 653000000000 ns (subscribe=true)
2024-06-03 19:54:39,548 INFO  SumoGuiAmbassador - VehicleRegistration from RTI "veh_95" received at simulation time 653000000000 ns (subscribe=true)
2024-06-03 19:54:39,548 INFO  SumoGuiAmbassador - Adding new vehicle "veh_92" at simulation time 653000000000 ns (type=Car, routeId=r_2, laneId=best, departPos=0.00)
2024-06-03 19:54:39,550 INFO  SumoGuiAmbassador - Adding new vehicle "veh_93" at simulation time 653000000000 ns (type=Car, routeId=r_1, laneId=best, departPos=0.00)
2024-06-03 19:54:39,551 INFO  SumoGuiAmbassador - Adding new vehicle "veh_94" at simulation time 653000000000 ns (type=Car, routeId=r_3, laneId=best, departPos=0.00)
2024-06-03 19:54:39,552 INFO  SumoGuiAmbassador - Adding new vehicle "veh_95" at simulation time 653000000000 ns (type=Car, routeId=r_5, laneId=best, departPos=0.00)
2024-06-03 19:54:39,698 INFO  SimulationFacade - Removed vehicle "veh_94" at simulation time 672000000000ns
2024-06-03 19:54:39,700 INFO  SimulationFacade - Removed vehicle "veh_93" at simulation time 674000000000ns
2024-06-03 19:54:39,701 INFO  SimulationFacade - Removed vehicle "veh_92" at simulation time 675000000000ns
2024-06-03 19:54:39,705 INFO  SimulationFacade - Removed vehicle "veh_95" at simulation time 678000000000ns
2024-06-03 19:54:39,709 INFO  SumoGuiAmbassador - VehicleRegistration from RTI "veh_96" received at simulation time 689000000000 ns (subscribe=true)
2024-06-03 19:54:39,709 INFO  SumoGuiAmbassador - VehicleRegistration from RTI "veh_97" received at simulation time 689000000000 ns (subscribe=true)
2024-06-03 19:54:39,709 INFO  SumoGuiAmbassador - VehicleRegistration from RTI "veh_98" received at simulation time 689000000000 ns (subscribe=true)
2024-06-03 19:54:39,709 INFO  SumoGuiAmbassador - VehicleRegistration from RTI "veh_99" received at simulation time 689000000000 ns (subscribe=true)
2024-06-03 19:54:39,709 INFO  SumoGuiAmbassador - Adding new vehicle "veh_96" at simulation time 689000000000 ns (type=Car, routeId=r_2, laneId=best, departPos=0.00)
2024-06-03 19:54:39,710 INFO  SumoGuiAmbassador - Adding new vehicle "veh_97" at simulation time 689000000000 ns (type=Car, routeId=r_1, laneId=best, departPos=0.00)
2024-06-03 19:54:39,711 INFO  SumoGuiAmbassador - Adding new vehicle "veh_98" at simulation time 689000000000 ns (type=Car, routeId=r_3, laneId=best, departPos=0.00)
2024-06-03 19:54:39,712 INFO  SumoGuiAmbassador - Adding new vehicle "veh_99" at simulation time 689000000000 ns (type=Car, routeId=r_5, laneId=best, departPos=0.00)
2024-06-03 19:54:39,761 INFO  SimulationFacade - Removed vehicle "veh_96" at simulation time 706000000000ns
2024-06-03 19:54:39,766 INFO  SimulationFacade - Removed vehicle "veh_98" at simulation time 708000000000ns
2024-06-03 19:54:39,767 INFO  SimulationFacade - Removed vehicle "veh_97" at simulation time 709000000000ns
2024-06-03 19:54:39,771 INFO  SimulationFacade - Removed vehicle "veh_99" at simulation time 712000000000ns
