2024-06-03 19:48:50,605 INFO  - Initialize Vehicle application (at simulation time 6.000,000,000 s)
2024-06-03 19:48:50,608 INFO  - Activated WLAN Module (at simulation time 6.000,000,000 s)
2024-06-03 19:48:50,610 INFO  - Called #onVehicleUpdated (at simulation time 6.000,000,000 s)
2024-06-03 19:48:50,610 INFO  - Exced velocity! Sending new CAM (at simulation time 6.000,000,000 s)
2024-06-03 19:48:50,610 INFO  - Sending out AdHoc broadcast (at simulation time 6.000,000,000 s)
2024-06-03 19:48:50,848 INFO  - Called #onVehicleUpdated (at simulation time 7.000,000,000 s)
2024-06-03 19:48:50,848 INFO  - Exced velocity! Sending new CAM (at simulation time 7.000,000,000 s)
2024-06-03 19:48:50,848 INFO  - Sending out AdHoc broadcast (at simulation time 7.000,000,000 s)
2024-06-03 19:48:50,850 INFO  - Define the name: veh_5 and route: r_5 (at simulation time 7.000,000,000 s)
2024-06-03 19:48:50,851 INFO  - Sending out AdHoc broadcast (at simulation time 7.000,000,000 s)
2024-06-03 19:48:51,094 INFO  - Called #onVehicleUpdated (at simulation time 8.000,000,000 s)
2024-06-03 19:48:51,094 INFO  - Exced velocity! Sending new CAM (at simulation time 8.000,000,000 s)
2024-06-03 19:48:51,094 INFO  - Sending out AdHoc broadcast (at simulation time 8.000,000,000 s)
2024-06-03 19:48:51,095 INFO  - Sending out AdHoc broadcast (at simulation time 8.000,000,000 s)
2024-06-03 19:48:51,342 INFO  - Called #onVehicleUpdated (at simulation time 9.000,000,000 s)
2024-06-03 19:48:51,343 INFO  - Exced velocity! Sending new CAM (at simulation time 9.000,000,000 s)
2024-06-03 19:48:51,343 INFO  - Sending out AdHoc broadcast (at simulation time 9.000,000,000 s)
2024-06-03 19:48:51,344 INFO  - Sending out AdHoc broadcast (at simulation time 9.000,000,000 s)
2024-06-03 19:48:51,345 INFO  - Sending out AdHoc broadcast (at simulation time 9.000,000,000 s)
2024-06-03 19:48:51,599 INFO  - Called #onVehicleUpdated (at simulation time 10.000,000,000 s)
2024-06-03 19:48:51,599 INFO  - Exced velocity! Sending new CAM (at simulation time 10.000,000,000 s)
2024-06-03 19:48:51,599 INFO  - Sending out AdHoc broadcast (at simulation time 10.000,000,000 s)
2024-06-03 19:48:51,600 INFO  - Sending out AdHoc broadcast (at simulation time 10.000,000,000 s)
2024-06-03 19:48:51,600 INFO  - Sending out AdHoc broadcast (at simulation time 10.000,000,000 s)
2024-06-03 19:48:51,844 INFO  - Called #onVehicleUpdated (at simulation time 11.000,000,000 s)
2024-06-03 19:48:51,845 INFO  - Exced velocity! Sending new CAM (at simulation time 11.000,000,000 s)
2024-06-03 19:48:51,845 INFO  - Sending out AdHoc broadcast (at simulation time 11.000,000,000 s)
2024-06-03 19:48:51,846 INFO  - Sending out AdHoc broadcast (at simulation time 11.000,000,000 s)
2024-06-03 19:48:51,846 INFO  - Sending out AdHoc broadcast (at simulation time 11.000,000,000 s)
2024-06-03 19:48:51,848 INFO  - Sending out AdHoc broadcast (at simulation time 11.000,000,000 s)
2024-06-03 19:48:52,093 INFO  - Called #onVehicleUpdated (at simulation time 12.000,000,000 s)
2024-06-03 19:48:52,093 INFO  - Sending out AdHoc broadcast (at simulation time 12.000,000,000 s)
2024-06-03 19:48:52,094 INFO  - Sending out AdHoc broadcast (at simulation time 12.000,000,000 s)
2024-06-03 19:48:52,095 INFO  - Sending out AdHoc broadcast (at simulation time 12.000,000,000 s)
2024-06-03 19:48:52,100 INFO  - Recieve a message from other vehicle (at simulation time 12.000,800,000 s)
2024-06-03 19:48:52,100 INFO  - I'm in better position but no more hops in message (at simulation time 12.000,800,000 s)
2024-06-03 19:48:52,100 INFO  - Recieve a message from other vehicle (at simulation time 12.000,800,000 s)
2024-06-03 19:48:52,100 INFO  - My position is not better! (at simulation time 12.000,800,000 s)
2024-06-03 19:48:52,100 INFO  - Recieve a message from other vehicle (at simulation time 12.000,900,000 s)
2024-06-03 19:48:52,100 INFO  - My position is not better! (at simulation time 12.000,900,000 s)
2024-06-03 19:48:52,101 INFO  - Recieve a message from other vehicle (at simulation time 12.001,300,000 s)
2024-06-03 19:48:52,102 INFO  - My position is not better! (at simulation time 12.001,300,000 s)
2024-06-03 19:48:52,102 INFO  - Recieve a message from other vehicle (at simulation time 12.001,400,000 s)
2024-06-03 19:48:52,102 INFO  - My position is not better! (at simulation time 12.001,400,000 s)
2024-06-03 19:48:52,103 INFO  - Recieve a message from other vehicle (at simulation time 12.001,800,000 s)
2024-06-03 19:48:52,103 INFO  - My position is not better! (at simulation time 12.001,800,000 s)
2024-06-03 19:48:52,104 INFO  - Recieve a message from other vehicle (at simulation time 12.001,900,000 s)
2024-06-03 19:48:52,104 INFO  - My position is not better! (at simulation time 12.001,900,000 s)
2024-06-03 19:48:52,105 INFO  - Recieve a message from other vehicle (at simulation time 12.003,300,000 s)
2024-06-03 19:48:52,105 INFO  - I'm in better position but no more hops in message (at simulation time 12.003,300,000 s)
2024-06-03 19:48:52,342 INFO  - Called #onVehicleUpdated (at simulation time 13.000,000,000 s)
2024-06-03 19:48:52,343 INFO  - Sending out AdHoc broadcast (at simulation time 13.000,000,000 s)
2024-06-03 19:48:52,343 INFO  - Sending out AdHoc broadcast (at simulation time 13.000,000,000 s)
2024-06-03 19:48:52,344 INFO  - Sending out AdHoc broadcast (at simulation time 13.000,000,000 s)
2024-06-03 19:48:52,346 INFO  - Sending out AdHoc broadcast (at simulation time 13.000,000,000 s)
2024-06-03 19:48:52,349 INFO  - Recieve a message from other vehicle (at simulation time 13.000,400,000 s)
2024-06-03 19:48:52,349 INFO  - My position is not better! (at simulation time 13.000,400,000 s)
2024-06-03 19:48:52,350 INFO  - Recieve a message from other vehicle (at simulation time 13.000,900,000 s)
2024-06-03 19:48:52,350 INFO  - My position is not better! (at simulation time 13.000,900,000 s)
2024-06-03 19:48:52,352 INFO  - Recieve a message from other vehicle (at simulation time 13.000,900,000 s)
2024-06-03 19:48:52,352 INFO  - My position is not better! (at simulation time 13.000,900,000 s)
2024-06-03 19:48:52,352 INFO  - Recieve a message from other vehicle (at simulation time 13.000,900,000 s)
2024-06-03 19:48:52,352 INFO  - My position is not better! (at simulation time 13.000,900,000 s)
2024-06-03 19:48:52,355 INFO  - Recieve a message from other vehicle (at simulation time 13.001,400,000 s)
2024-06-03 19:48:52,355 INFO  - Recending a message from other vehicle (at simulation time 13.001,400,000 s)
2024-06-03 19:48:52,356 INFO  - Recieve a message from other vehicle (at simulation time 13.001,800,000 s)
2024-06-03 19:48:52,356 INFO  - My position is not better! (at simulation time 13.001,800,000 s)
2024-06-03 19:48:52,363 INFO  - Recieve a message from other vehicle (at simulation time 13.002,300,000 s)
2024-06-03 19:48:52,363 INFO  - I'm in better position but no more hops in message (at simulation time 13.002,300,000 s)
2024-06-03 19:48:52,364 INFO  - Recieve a message from other vehicle (at simulation time 13.002,400,000 s)
2024-06-03 19:48:52,364 INFO  - I'm in better position but no more hops in message (at simulation time 13.002,400,000 s)
2024-06-03 19:48:52,365 INFO  - Recieve a message from other vehicle (at simulation time 13.002,400,000 s)
2024-06-03 19:48:52,365 INFO  - I'm in better position but no more hops in message (at simulation time 13.002,400,000 s)
2024-06-03 19:48:52,366 INFO  - Recieve a message from other vehicle (at simulation time 13.002,800,000 s)
2024-06-03 19:48:52,366 INFO  - My position is not better! (at simulation time 13.002,800,000 s)
2024-06-03 19:48:52,367 INFO  - Recieve a message from other vehicle (at simulation time 13.002,800,000 s)
2024-06-03 19:48:52,367 INFO  - My position is not better! (at simulation time 13.002,800,000 s)
2024-06-03 19:48:52,367 INFO  - Recieve a message from other vehicle (at simulation time 13.003,300,000 s)
2024-06-03 19:48:52,367 INFO  - My position is not better! (at simulation time 13.003,300,000 s)
2024-06-03 19:48:52,369 INFO  - Recieve a message from other vehicle (at simulation time 13.004,300,000 s)
2024-06-03 19:48:52,369 INFO  - I'm in better position but no more hops in message (at simulation time 13.004,300,000 s)
2024-06-03 19:48:52,591 INFO  - Called #onVehicleUpdated (at simulation time 14.000,000,000 s)
2024-06-03 19:48:52,592 INFO  - Sending out AdHoc broadcast (at simulation time 14.000,000,000 s)
2024-06-03 19:48:52,592 INFO  - Sending out AdHoc broadcast (at simulation time 14.000,000,000 s)
2024-06-03 19:48:52,592 INFO  - Sending out AdHoc broadcast (at simulation time 14.000,000,000 s)
2024-06-03 19:48:52,596 INFO  - Recieve a message from other vehicle (at simulation time 14.000,900,000 s)
2024-06-03 19:48:52,596 INFO  - My position is not better! (at simulation time 14.000,900,000 s)
2024-06-03 19:48:52,597 INFO  - Recieve a message from other vehicle (at simulation time 14.001,300,000 s)
2024-06-03 19:48:52,598 INFO  - My position is not better! (at simulation time 14.001,300,000 s)
2024-06-03 19:48:52,598 INFO  - Recieve a message from other vehicle (at simulation time 14.001,300,000 s)
2024-06-03 19:48:52,598 INFO  - My position is not better! (at simulation time 14.001,300,000 s)
2024-06-03 19:48:52,599 INFO  - Recieve a message from other vehicle (at simulation time 14.001,400,000 s)
2024-06-03 19:48:52,600 INFO  - My position is not better! (at simulation time 14.001,400,000 s)
2024-06-03 19:48:52,600 INFO  - Recieve a message from other vehicle (at simulation time 14.001,400,000 s)
2024-06-03 19:48:52,600 INFO  - I'm in better position but no more hops in message (at simulation time 14.001,400,000 s)
2024-06-03 19:48:52,602 INFO  - Recieve a message from other vehicle (at simulation time 14.001,900,000 s)
2024-06-03 19:48:52,602 INFO  - Recending a message from other vehicle (at simulation time 14.001,900,000 s)
2024-06-03 19:48:52,602 INFO  - Recieve a message from other vehicle (at simulation time 14.001,900,000 s)
2024-06-03 19:48:52,602 INFO  - My position is not better! (at simulation time 14.001,900,000 s)
2024-06-03 19:48:52,603 INFO  - Recieve a message from other vehicle (at simulation time 14.001,900,000 s)
2024-06-03 19:48:52,603 INFO  - I'm in better position but no more hops in message (at simulation time 14.001,900,000 s)
2024-06-03 19:48:52,605 INFO  - Recieve a message from other vehicle (at simulation time 14.002,300,000 s)
2024-06-03 19:48:52,605 INFO  - I'm in better position but no more hops in message (at simulation time 14.002,300,000 s)
2024-06-03 19:48:52,606 INFO  - Recieve a message from other vehicle (at simulation time 14.002,400,000 s)
2024-06-03 19:48:52,606 INFO  - My position is not better! (at simulation time 14.002,400,000 s)
2024-06-03 19:48:52,607 INFO  - Recieve a message from other vehicle (at simulation time 14.002,800,000 s)
2024-06-03 19:48:52,607 INFO  - I'm in better position but no more hops in message (at simulation time 14.002,800,000 s)
2024-06-03 19:48:52,609 INFO  - Recieve a message from other vehicle (at simulation time 14.003,300,000 s)
2024-06-03 19:48:52,609 INFO  - My position is not better! (at simulation time 14.003,300,000 s)
2024-06-03 19:48:52,609 INFO  - Recieve a message from other vehicle (at simulation time 14.004,300,000 s)
2024-06-03 19:48:52,609 INFO  - My position is not better! (at simulation time 14.004,300,000 s)
2024-06-03 19:48:52,846 INFO  - Called #onVehicleUpdated (at simulation time 15.000,000,000 s)
2024-06-03 19:48:52,847 INFO  - Sending out DENM broadcast (at simulation time 15.000,000,000 s)
2024-06-03 19:48:52,847 INFO  - Sending out AdHoc broadcast (at simulation time 15.000,000,000 s)
2024-06-03 19:48:52,847 INFO  - Sending out AdHoc broadcast (at simulation time 15.000,000,000 s)
2024-06-03 19:48:52,847 INFO  - Sending out AdHoc broadcast (at simulation time 15.000,000,000 s)
2024-06-03 19:48:52,847 INFO  - Sending out AdHoc broadcast (at simulation time 15.000,000,000 s)
2024-06-03 19:48:52,849 INFO  - Recieve a message from other vehicle (at simulation time 15.000,400,000 s)
2024-06-03 19:48:52,849 INFO  - Recending a message from other vehicle (at simulation time 15.000,400,000 s)
2024-06-03 19:48:52,851 INFO  - Recieve a message from other vehicle (at simulation time 15.000,800,000 s)
2024-06-03 19:48:52,851 INFO  - DENM message Recived from veh_1 -info : seco (at simulation time 15.000,800,000 s)
2024-06-03 19:48:52,851 INFO  - No more hops in DENM message (at simulation time 15.000,800,000 s)
2024-06-03 19:48:52,851 INFO  - Recieve a message from other vehicle (at simulation time 15.000,800,000 s)
2024-06-03 19:48:52,851 INFO  - DENM message Recived from veh_3 -info : seco (at simulation time 15.000,800,000 s)
2024-06-03 19:48:52,851 INFO  - No more hops in DENM message (at simulation time 15.000,800,000 s)
2024-06-03 19:48:52,853 INFO  - Recieve a message from other vehicle (at simulation time 15.001,300,000 s)
2024-06-03 19:48:52,853 INFO  - DENM message Recived from veh_0 -info : seco (at simulation time 15.001,300,000 s)
2024-06-03 19:48:52,853 INFO  - No more hops in DENM message (at simulation time 15.001,300,000 s)
2024-06-03 19:48:52,853 INFO  - Recieve a message from other vehicle (at simulation time 15.001,300,000 s)
2024-06-03 19:48:52,853 INFO  - I'm in better position but no more hops in message (at simulation time 15.001,300,000 s)
2024-06-03 19:48:52,853 INFO  - Recieve a message from other vehicle (at simulation time 15.001,400,000 s)
2024-06-03 19:48:52,853 INFO  - DENM message Recived from veh_1 -info : seco (at simulation time 15.001,400,000 s)
2024-06-03 19:48:52,853 INFO  - No more hops in DENM message (at simulation time 15.001,400,000 s)
2024-06-03 19:48:52,853 INFO  - Recieve a message from other vehicle (at simulation time 15.001,400,000 s)
2024-06-03 19:48:52,853 INFO  - DENM message Recived from veh_3 -info : seco (at simulation time 15.001,400,000 s)
2024-06-03 19:48:52,853 INFO  - No more hops in DENM message (at simulation time 15.001,400,000 s)
2024-06-03 19:48:52,854 INFO  - Recieve a message from other vehicle (at simulation time 15.001,400,000 s)
2024-06-03 19:48:52,854 INFO  - I'm in better position but no more hops in message (at simulation time 15.001,400,000 s)
2024-06-03 19:48:52,854 INFO  - Recieve a message from other vehicle (at simulation time 15.001,400,000 s)
2024-06-03 19:48:52,854 INFO  - I'm in better position but no more hops in message (at simulation time 15.001,400,000 s)
2024-06-03 19:48:52,854 INFO  - Recieve a message from other vehicle (at simulation time 15.001,400,000 s)
2024-06-03 19:48:52,854 INFO  - My position is not better! (at simulation time 15.001,400,000 s)
2024-06-03 19:48:52,855 INFO  - Recieve a message from other vehicle (at simulation time 15.001,800,000 s)
2024-06-03 19:48:52,855 INFO  - DENM message Recived from veh_5 -info : seco (at simulation time 15.001,800,000 s)
2024-06-03 19:48:52,855 INFO  - No more hops in DENM message (at simulation time 15.001,800,000 s)
2024-06-03 19:48:52,855 INFO  - Recieve a message from other vehicle (at simulation time 15.001,800,000 s)
2024-06-03 19:48:52,855 INFO  - I'm in better position but no more hops in message (at simulation time 15.001,800,000 s)
2024-06-03 19:48:52,855 INFO  - Recieve a message from other vehicle (at simulation time 15.001,800,000 s)
2024-06-03 19:48:52,855 INFO  - I'm in better position but no more hops in message (at simulation time 15.001,800,000 s)
2024-06-03 19:48:52,857 INFO  - Recieve a message from other vehicle (at simulation time 15.002,400,000 s)
2024-06-03 19:48:52,857 INFO  - DENM message Recived from veh_0 -info : seco (at simulation time 15.002,400,000 s)
2024-06-03 19:48:52,857 INFO  - No more hops in DENM message (at simulation time 15.002,400,000 s)
2024-06-03 19:48:52,857 INFO  - Recieve a message from other vehicle (at simulation time 15.002,400,000 s)
2024-06-03 19:48:52,857 INFO  - I'm in better position but no more hops in message (at simulation time 15.002,400,000 s)
2024-06-03 19:48:52,858 INFO  - Recieve a message from other vehicle (at simulation time 15.002,400,000 s)
2024-06-03 19:48:52,858 INFO  - Recending a message from other vehicle (at simulation time 15.002,400,000 s)
2024-06-03 19:48:52,859 INFO  - Recieve a message from other vehicle (at simulation time 15.002,400,000 s)
2024-06-03 19:48:52,859 INFO  - I'm in better position but no more hops in message (at simulation time 15.002,400,000 s)
2024-06-03 19:48:52,861 INFO  - Recieve a message from other vehicle (at simulation time 15.003,300,000 s)
2024-06-03 19:48:52,862 INFO  - I'm in better position but no more hops in message (at simulation time 15.003,300,000 s)
2024-06-03 19:48:53,091 INFO  - Called #onVehicleUpdated (at simulation time 16.000,000,000 s)
2024-06-03 19:48:53,092 INFO  - Sending out AdHoc broadcast (at simulation time 16.000,000,000 s)
2024-06-03 19:48:53,092 INFO  - Sending out AdHoc broadcast (at simulation time 16.000,000,000 s)
2024-06-03 19:48:53,093 INFO  - Sending out AdHoc broadcast (at simulation time 16.000,000,000 s)
2024-06-03 19:48:53,095 INFO  - Recieve a message from other vehicle (at simulation time 16.000,400,000 s)
2024-06-03 19:48:53,096 INFO  - Recending a message from other vehicle (at simulation time 16.000,400,000 s)
2024-06-03 19:48:53,097 INFO  - Recieve a message from other vehicle (at simulation time 16.000,900,000 s)
2024-06-03 19:48:53,097 INFO  - DENM message Recived from veh_2 -info : seco (at simulation time 16.000,900,000 s)
2024-06-03 19:48:53,097 INFO  - No more hops in DENM message (at simulation time 16.000,900,000 s)
2024-06-03 19:48:53,097 INFO  - Recieve a message from other vehicle (at simulation time 16.000,900,000 s)
2024-06-03 19:48:53,098 INFO  - Recending a message from other vehicle (at simulation time 16.000,900,000 s)
2024-06-03 19:48:53,099 INFO  - Recieve a message from other vehicle (at simulation time 16.000,900,000 s)
2024-06-03 19:48:53,099 INFO  - I'm in better position but no more hops in message (at simulation time 16.000,900,000 s)
2024-06-03 19:48:53,099 INFO  - Recieve a message from other vehicle (at simulation time 16.000,900,000 s)
2024-06-03 19:48:53,099 INFO  - My position is not better! (at simulation time 16.000,900,000 s)
2024-06-03 19:48:53,106 INFO  - Recieve a message from other vehicle (at simulation time 16.001,300,000 s)
2024-06-03 19:48:53,106 INFO  - DENM message Recived from veh_4 -info : nevoeiro (at simulation time 16.001,300,000 s)
2024-06-03 19:48:53,106 INFO  - No more hops in DENM message (at simulation time 16.001,300,000 s)
2024-06-03 19:48:53,107 INFO  - Recieve a message from other vehicle (at simulation time 16.001,400,000 s)
2024-06-03 19:48:53,107 INFO  - DENM message Recived from veh_4 -info : nevoeiro (at simulation time 16.001,400,000 s)
2024-06-03 19:48:53,107 INFO  - No more hops in DENM message (at simulation time 16.001,400,000 s)
2024-06-03 19:48:53,107 INFO  - Recieve a message from other vehicle (at simulation time 16.001,400,000 s)
2024-06-03 19:48:53,107 INFO  - My position is not better! (at simulation time 16.001,400,000 s)
2024-06-03 19:48:53,107 INFO  - Recieve a message from other vehicle (at simulation time 16.001,400,000 s)
2024-06-03 19:48:53,107 INFO  - Recending a message from other vehicle (at simulation time 16.001,400,000 s)
2024-06-03 19:48:53,107 INFO  - Recieve a message from other vehicle (at simulation time 16.001,400,000 s)
2024-06-03 19:48:53,107 INFO  - My position is not better! (at simulation time 16.001,400,000 s)
2024-06-03 19:48:53,109 INFO  - Recieve a message from other vehicle (at simulation time 16.001,800,000 s)
2024-06-03 19:48:53,109 INFO  - DENM message Recived from veh_2 -info : seco (at simulation time 16.001,800,000 s)
2024-06-03 19:48:53,109 INFO  - No more hops in DENM message (at simulation time 16.001,800,000 s)
2024-06-03 19:48:53,109 INFO  - Recieve a message from other vehicle (at simulation time 16.001,800,000 s)
2024-06-03 19:48:53,109 INFO  - I'm in better position but no more hops in message (at simulation time 16.001,800,000 s)
2024-06-03 19:48:53,110 INFO  - Recieve a message from other vehicle (at simulation time 16.002,300,000 s)
2024-06-03 19:48:53,110 INFO  - My position is not better! (at simulation time 16.002,300,000 s)
2024-06-03 19:48:53,112 INFO  - Recieve a message from other vehicle (at simulation time 16.003,800,000 s)
2024-06-03 19:48:53,112 INFO  - My position is not better! (at simulation time 16.003,800,000 s)
2024-06-03 19:48:53,341 INFO  - Called #onVehicleUpdated (at simulation time 17.000,000,000 s)
2024-06-03 19:48:53,341 INFO  - Sending out AdHoc broadcast (at simulation time 17.000,000,000 s)
2024-06-03 19:48:53,341 INFO  - Sending out AdHoc broadcast (at simulation time 17.000,000,000 s)
2024-06-03 19:48:53,341 INFO  - Sending out AdHoc broadcast (at simulation time 17.000,000,000 s)
2024-06-03 19:48:53,341 INFO  - Sending out AdHoc broadcast (at simulation time 17.000,000,000 s)
2024-06-03 19:48:53,342 INFO  - Recieve a message from other vehicle (at simulation time 17.000,400,000 s)
2024-06-03 19:48:53,342 INFO  - My position is not better! (at simulation time 17.000,400,000 s)
2024-06-03 19:48:53,343 INFO  - Recieve a message from other vehicle (at simulation time 17.000,800,000 s)
2024-06-03 19:48:53,343 INFO  - I'm in better position but no more hops in message (at simulation time 17.000,800,000 s)
2024-06-03 19:48:53,343 INFO  - Recieve a message from other vehicle (at simulation time 17.000,900,000 s)
2024-06-03 19:48:53,343 INFO  - My position is not better! (at simulation time 17.000,900,000 s)
2024-06-03 19:48:53,344 INFO  - Recieve a message from other vehicle (at simulation time 17.001,300,000 s)
2024-06-03 19:48:53,344 INFO  - I'm in better position but no more hops in message (at simulation time 17.001,300,000 s)
2024-06-03 19:48:53,344 INFO  - Recieve a message from other vehicle (at simulation time 17.001,400,000 s)
2024-06-03 19:48:53,344 INFO  - I'm in better position but no more hops in message (at simulation time 17.001,400,000 s)
2024-06-03 19:48:53,345 INFO  - Recieve a message from other vehicle (at simulation time 17.001,800,000 s)
2024-06-03 19:48:53,345 INFO  - I'm in better position but no more hops in message (at simulation time 17.001,800,000 s)
2024-06-03 19:48:53,347 INFO  - Recieve a message from other vehicle (at simulation time 17.002,300,000 s)
2024-06-03 19:48:53,347 INFO  - I'm in better position but no more hops in message (at simulation time 17.002,300,000 s)
2024-06-03 19:48:53,348 INFO  - Recieve a message from other vehicle (at simulation time 17.003,300,000 s)
2024-06-03 19:48:53,348 INFO  - I'm in better position but no more hops in message (at simulation time 17.003,300,000 s)
2024-06-03 19:48:53,591 INFO  - Called #onVehicleUpdated (at simulation time 18.000,000,000 s)
2024-06-03 19:48:53,591 INFO  - Sending out AdHoc broadcast (at simulation time 18.000,000,000 s)
2024-06-03 19:48:53,592 INFO  - Sending out AdHoc broadcast (at simulation time 18.000,000,000 s)
2024-06-03 19:48:53,592 INFO  - Sending out AdHoc broadcast (at simulation time 18.000,000,000 s)
2024-06-03 19:48:53,593 INFO  - Recieve a message from other vehicle (at simulation time 18.000,400,000 s)
2024-06-03 19:48:53,593 INFO  - My position is not better! (at simulation time 18.000,400,000 s)
2024-06-03 19:48:53,593 INFO  - Recieve a message from other vehicle (at simulation time 18.000,400,000 s)
2024-06-03 19:48:53,593 INFO  - Recending a message from other vehicle (at simulation time 18.000,400,000 s)
2024-06-03 19:48:53,594 INFO  - Recieve a message from other vehicle (at simulation time 18.000,900,000 s)
2024-06-03 19:48:53,594 INFO  - My position is not better! (at simulation time 18.000,900,000 s)
2024-06-03 19:48:53,595 INFO  - Recieve a message from other vehicle (at simulation time 18.001,800,000 s)
2024-06-03 19:48:53,595 INFO  - My position is not better! (at simulation time 18.001,800,000 s)
2024-06-03 19:48:53,595 INFO  - Recieve a message from other vehicle (at simulation time 18.001,900,000 s)
2024-06-03 19:48:53,595 INFO  - My position is not better! (at simulation time 18.001,900,000 s)
2024-06-03 19:48:53,595 INFO  - Recieve a message from other vehicle (at simulation time 18.002,800,000 s)
2024-06-03 19:48:53,595 INFO  - My position is not better! (at simulation time 18.002,800,000 s)
2024-06-03 19:48:53,841 INFO  - Called #onVehicleUpdated (at simulation time 19.000,000,000 s)
2024-06-03 19:48:53,841 INFO  - Sending out AdHoc broadcast (at simulation time 19.000,000,000 s)
2024-06-03 19:48:53,841 INFO  - Sending out AdHoc broadcast (at simulation time 19.000,000,000 s)
2024-06-03 19:48:53,841 INFO  - Sending out AdHoc broadcast (at simulation time 19.000,000,000 s)
2024-06-03 19:48:53,841 INFO  - Sending out AdHoc broadcast (at simulation time 19.000,000,000 s)
2024-06-03 19:48:53,842 INFO  - Recieve a message from other vehicle (at simulation time 19.001,900,000 s)
2024-06-03 19:48:53,842 INFO  - My position is not better! (at simulation time 19.001,900,000 s)
2024-06-03 19:48:53,842 INFO  - Recieve a message from other vehicle (at simulation time 19.002,300,000 s)
2024-06-03 19:48:53,842 INFO  - I'm in better position but no more hops in message (at simulation time 19.002,300,000 s)
2024-06-03 19:48:53,842 INFO  - Recieve a message from other vehicle (at simulation time 19.002,300,000 s)
2024-06-03 19:48:53,842 INFO  - I'm in better position but no more hops in message (at simulation time 19.002,300,000 s)
2024-06-03 19:48:53,843 INFO  - Recieve a message from other vehicle (at simulation time 19.002,400,000 s)
2024-06-03 19:48:53,843 INFO  - I'm in better position but no more hops in message (at simulation time 19.002,400,000 s)
2024-06-03 19:48:53,843 INFO  - Recieve a message from other vehicle (at simulation time 19.002,400,000 s)
2024-06-03 19:48:53,843 INFO  - I'm in better position but no more hops in message (at simulation time 19.002,400,000 s)
2024-06-03 19:48:54,098 INFO  - Called #onVehicleUpdated (at simulation time 20.000,000,000 s)
2024-06-03 19:48:54,098 INFO  - Sending out AdHoc broadcast (at simulation time 20.000,000,000 s)
2024-06-03 19:48:54,099 INFO  - Sending out AdHoc broadcast (at simulation time 20.000,000,000 s)
2024-06-03 19:48:54,099 INFO  - Sending out AdHoc broadcast (at simulation time 20.000,000,000 s)
2024-06-03 19:48:54,101 INFO  - Recieve a message from other vehicle (at simulation time 20.000,400,000 s)
2024-06-03 19:48:54,101 INFO  - Recending a message from other vehicle (at simulation time 20.000,400,000 s)
2024-06-03 19:48:54,102 INFO  - Recieve a message from other vehicle (at simulation time 20.000,900,000 s)
2024-06-03 19:48:54,102 INFO  - Recending a message from other vehicle (at simulation time 20.000,900,000 s)
2024-06-03 19:48:54,102 INFO  - Recieve a message from other vehicle (at simulation time 20.000,900,000 s)
2024-06-03 19:48:54,102 INFO  - Recending a message from other vehicle (at simulation time 20.000,900,000 s)
2024-06-03 19:48:54,343 INFO  - Called #onVehicleUpdated (at simulation time 21.000,000,000 s)
2024-06-03 19:48:54,343 INFO  - Sending out AdHoc broadcast (at simulation time 21.000,000,000 s)
2024-06-03 19:48:54,343 INFO  - Sending out AdHoc broadcast (at simulation time 21.000,000,000 s)
2024-06-03 19:48:54,344 INFO  - Sending out AdHoc broadcast (at simulation time 21.000,000,000 s)
2024-06-03 19:48:54,344 INFO  - Sending out AdHoc broadcast (at simulation time 21.000,000,000 s)
2024-06-03 19:48:54,346 INFO  - Recieve a message from other vehicle (at simulation time 21.001,900,000 s)
2024-06-03 19:48:54,346 INFO  - My position is not better! (at simulation time 21.001,900,000 s)
2024-06-03 19:48:54,346 INFO  - Recieve a message from other vehicle (at simulation time 21.002,800,000 s)
2024-06-03 19:48:54,346 INFO  - My position is not better! (at simulation time 21.002,800,000 s)
2024-06-03 19:48:54,346 INFO  - Recieve a message from other vehicle (at simulation time 21.002,800,000 s)
2024-06-03 19:48:54,346 INFO  - My position is not better! (at simulation time 21.002,800,000 s)
2024-06-03 19:48:54,346 INFO  - Recieve a message from other vehicle (at simulation time 21.002,800,000 s)
2024-06-03 19:48:54,346 INFO  - My position is not better! (at simulation time 21.002,800,000 s)
2024-06-03 19:48:54,347 INFO  - Recieve a message from other vehicle (at simulation time 21.003,300,000 s)
2024-06-03 19:48:54,347 INFO  - My position is not better! (at simulation time 21.003,300,000 s)
2024-06-03 19:48:54,594 INFO  - Called #onVehicleUpdated (at simulation time 22.000,000,000 s)
2024-06-03 19:48:54,594 INFO  - Sending out AdHoc broadcast (at simulation time 22.000,000,000 s)
2024-06-03 19:48:54,594 INFO  - Sending out AdHoc broadcast (at simulation time 22.000,000,000 s)
2024-06-03 19:48:54,595 INFO  - Sending out AdHoc broadcast (at simulation time 22.000,000,000 s)
2024-06-03 19:48:54,845 INFO  - Called #onVehicleUpdated (at simulation time 23.000,000,000 s)
2024-06-03 19:48:54,846 INFO  - Sending out AdHoc broadcast (at simulation time 23.000,000,000 s)
2024-06-03 19:48:54,846 INFO  - Sending out AdHoc broadcast (at simulation time 23.000,000,000 s)
2024-06-03 19:48:54,846 INFO  - Sending out AdHoc broadcast (at simulation time 23.000,000,000 s)
2024-06-03 19:48:54,846 INFO  - Sending out AdHoc broadcast (at simulation time 23.000,000,000 s)
2024-06-03 19:48:54,848 INFO  - Recieve a message from other vehicle (at simulation time 23.001,400,000 s)
2024-06-03 19:48:54,848 INFO  - Recending a message from other vehicle (at simulation time 23.001,400,000 s)
2024-06-03 19:48:55,095 INFO  - Called #onVehicleUpdated (at simulation time 24.000,000,000 s)
2024-06-03 19:48:55,095 INFO  - Sending out AdHoc broadcast (at simulation time 24.000,000,000 s)
2024-06-03 19:48:55,095 INFO  - Sending out AdHoc broadcast (at simulation time 24.000,000,000 s)
2024-06-03 19:48:55,095 INFO  - Sending out AdHoc broadcast (at simulation time 24.000,000,000 s)
2024-06-03 19:48:55,343 INFO  - Called #onVehicleUpdated (at simulation time 25.000,000,000 s)
2024-06-03 19:48:55,344 INFO  - Sending out AdHoc broadcast (at simulation time 25.000,000,000 s)
2024-06-03 19:48:55,344 INFO  - Sending out AdHoc broadcast (at simulation time 25.000,000,000 s)
2024-06-03 19:48:55,344 INFO  - Sending out AdHoc broadcast (at simulation time 25.000,000,000 s)
2024-06-03 19:48:55,344 INFO  - Sending out AdHoc broadcast (at simulation time 25.000,000,000 s)
2024-06-03 19:48:55,597 INFO  - Called #onVehicleUpdated (at simulation time 26.000,000,000 s)
2024-06-03 19:48:55,597 INFO  - Exced velocity! Sending new CAM (at simulation time 26.000,000,000 s)
2024-06-03 19:48:55,597 INFO  - Sending out AdHoc broadcast (at simulation time 26.000,000,000 s)
2024-06-03 19:48:55,597 INFO  - Sending out AdHoc broadcast (at simulation time 26.000,000,000 s)
2024-06-03 19:48:55,597 INFO  - Sending out AdHoc broadcast (at simulation time 26.000,000,000 s)
2024-06-03 19:48:55,597 INFO  - Sending out AdHoc broadcast (at simulation time 26.000,000,000 s)
2024-06-03 19:48:55,843 INFO  - Called #onVehicleUpdated (at simulation time 27.000,000,000 s)
2024-06-03 19:48:55,843 INFO  - Exced velocity! Sending new CAM (at simulation time 27.000,000,000 s)
2024-06-03 19:48:55,843 INFO  - Sending out AdHoc broadcast (at simulation time 27.000,000,000 s)
2024-06-03 19:48:55,843 INFO  - Sending out AdHoc broadcast (at simulation time 27.000,000,000 s)
2024-06-03 19:48:55,843 INFO  - Sending out AdHoc broadcast (at simulation time 27.000,000,000 s)
2024-06-03 19:48:55,843 INFO  - Sending out AdHoc broadcast (at simulation time 27.000,000,000 s)
2024-06-03 19:48:55,843 INFO  - Sending out AdHoc broadcast (at simulation time 27.000,000,000 s)
2024-06-03 19:48:56,092 INFO  - Called #onVehicleUpdated (at simulation time 28.000,000,000 s)
2024-06-03 19:48:56,092 INFO  - Exced velocity! Sending new CAM (at simulation time 28.000,000,000 s)
2024-06-03 19:48:56,093 INFO  - Sending out AdHoc broadcast (at simulation time 28.000,000,000 s)
2024-06-03 19:48:56,093 INFO  - Sending out AdHoc broadcast (at simulation time 28.000,000,000 s)
2024-06-03 19:48:56,093 INFO  - Sending out AdHoc broadcast (at simulation time 28.000,000,000 s)
2024-06-03 19:48:56,093 INFO  - Sending out AdHoc broadcast (at simulation time 28.000,000,000 s)
2024-06-03 19:48:56,093 INFO  - Sending out AdHoc broadcast (at simulation time 28.000,000,000 s)
2024-06-03 19:48:56,343 INFO  - Called #onVehicleUpdated (at simulation time 29.000,000,000 s)
2024-06-03 19:48:56,343 INFO  - Exced velocity! Sending new CAM (at simulation time 29.000,000,000 s)
2024-06-03 19:48:56,343 INFO  - Sending out AdHoc broadcast (at simulation time 29.000,000,000 s)
2024-06-03 19:48:56,343 INFO  - Sending out AdHoc broadcast (at simulation time 29.000,000,000 s)
2024-06-03 19:48:56,344 INFO  - Sending out AdHoc broadcast (at simulation time 29.000,000,000 s)
2024-06-03 19:48:56,344 INFO  - Sending out AdHoc broadcast (at simulation time 29.000,000,000 s)
2024-06-03 19:48:56,344 INFO  - Sending out AdHoc broadcast (at simulation time 29.000,000,000 s)
2024-06-03 19:48:56,344 INFO  - Sending out AdHoc broadcast (at simulation time 29.000,000,000 s)
2024-06-03 19:48:56,593 INFO  - Shutdown (at simulation time 30.000,000,000 s)
