2024-06-03 19:54:39,718 INFO  - Initialize Vehicle application (at simulation time 690.000,000,000 s)
2024-06-03 19:54:39,719 INFO  - Activated WLAN Module (at simulation time 690.000,000,000 s)
2024-06-03 19:54:39,719 INFO  - Called #onVehicleUpdated (at simulation time 690.000,000,000 s)
2024-06-03 19:54:39,719 INFO  - Exced velocity! Sending new CAM (at simulation time 690.000,000,000 s)
2024-06-03 19:54:39,719 INFO  - Sending out AdHoc broadcast (at simulation time 690.000,000,000 s)
2024-06-03 19:54:39,722 INFO  - Called #onVehicleUpdated (at simulation time 691.000,000,000 s)
2024-06-03 19:54:39,722 INFO  - Exced velocity! Sending new CAM (at simulation time 691.000,000,000 s)
2024-06-03 19:54:39,722 INFO  - Sending out AdHoc broadcast (at simulation time 691.000,000,000 s)
2024-06-03 19:54:39,722 INFO  - Define the name: veh_99 and route: r_5 (at simulation time 691.000,000,000 s)
2024-06-03 19:54:39,722 INFO  - Sending out AdHoc broadcast (at simulation time 691.000,000,000 s)
2024-06-03 19:54:39,724 INFO  - Called #onVehicleUpdated (at simulation time 692.000,000,000 s)
2024-06-03 19:54:39,724 INFO  - Exced velocity! Sending new CAM (at simulation time 692.000,000,000 s)
2024-06-03 19:54:39,724 INFO  - Sending out AdHoc broadcast (at simulation time 692.000,000,000 s)
2024-06-03 19:54:39,724 INFO  - Sending out AdHoc broadcast (at simulation time 692.000,000,000 s)
2024-06-03 19:54:39,725 INFO  - Called #onVehicleUpdated (at simulation time 693.000,000,000 s)
2024-06-03 19:54:39,725 INFO  - Exced velocity! Sending new CAM (at simulation time 693.000,000,000 s)
2024-06-03 19:54:39,725 INFO  - Sending out AdHoc broadcast (at simulation time 693.000,000,000 s)
2024-06-03 19:54:39,725 INFO  - Sending out AdHoc broadcast (at simulation time 693.000,000,000 s)
2024-06-03 19:54:39,725 INFO  - Sending out AdHoc broadcast (at simulation time 693.000,000,000 s)
2024-06-03 19:54:39,727 INFO  - Called #onVehicleUpdated (at simulation time 694.000,000,000 s)
2024-06-03 19:54:39,727 INFO  - Exced velocity! Sending new CAM (at simulation time 694.000,000,000 s)
2024-06-03 19:54:39,727 INFO  - Sending out AdHoc broadcast (at simulation time 694.000,000,000 s)
2024-06-03 19:54:39,727 INFO  - Sending out AdHoc broadcast (at simulation time 694.000,000,000 s)
2024-06-03 19:54:39,727 INFO  - Sending out AdHoc broadcast (at simulation time 694.000,000,000 s)
2024-06-03 19:54:39,729 INFO  - Called #onVehicleUpdated (at simulation time 695.000,000,000 s)
2024-06-03 19:54:39,729 INFO  - Exced velocity! Sending new CAM (at simulation time 695.000,000,000 s)
2024-06-03 19:54:39,729 INFO  - Sending out AdHoc broadcast (at simulation time 695.000,000,000 s)
2024-06-03 19:54:39,729 INFO  - Sending out AdHoc broadcast (at simulation time 695.000,000,000 s)
2024-06-03 19:54:39,729 INFO  - Sending out AdHoc broadcast (at simulation time 695.000,000,000 s)
2024-06-03 19:54:39,729 INFO  - Sending out AdHoc broadcast (at simulation time 695.000,000,000 s)
2024-06-03 19:54:39,731 INFO  - Called #onVehicleUpdated (at simulation time 696.000,000,000 s)
2024-06-03 19:54:39,731 INFO  - Sending out AdHoc broadcast (at simulation time 696.000,000,000 s)
2024-06-03 19:54:39,731 INFO  - Sending out AdHoc broadcast (at simulation time 696.000,000,000 s)
2024-06-03 19:54:39,731 INFO  - Sending out AdHoc broadcast (at simulation time 696.000,000,000 s)
2024-06-03 19:54:39,731 INFO  - Recieve a message from other vehicle (at simulation time 696.000,400,000 s)
2024-06-03 19:54:39,731 INFO  - My position is not better! (at simulation time 696.000,400,000 s)
2024-06-03 19:54:39,731 INFO  - Recieve a message from other vehicle (at simulation time 696.000,800,000 s)
2024-06-03 19:54:39,731 INFO  - My position is not better! (at simulation time 696.000,800,000 s)
2024-06-03 19:54:39,731 INFO  - Recieve a message from other vehicle (at simulation time 696.001,400,000 s)
2024-06-03 19:54:39,731 INFO  - My position is not better! (at simulation time 696.001,400,000 s)
2024-06-03 19:54:39,731 INFO  - Recieve a message from other vehicle (at simulation time 696.001,400,000 s)
2024-06-03 19:54:39,731 INFO  - My position is not better! (at simulation time 696.001,400,000 s)
2024-06-03 19:54:39,732 INFO  - Recieve a message from other vehicle (at simulation time 696.001,900,000 s)
2024-06-03 19:54:39,732 INFO  - My position is not better! (at simulation time 696.001,900,000 s)
2024-06-03 19:54:39,732 INFO  - Recieve a message from other vehicle (at simulation time 696.002,300,000 s)
2024-06-03 19:54:39,732 INFO  - I'm in better position but no more hops in message (at simulation time 696.002,300,000 s)
2024-06-03 19:54:39,732 INFO  - Recieve a message from other vehicle (at simulation time 696.002,400,000 s)
2024-06-03 19:54:39,732 INFO  - My position is not better! (at simulation time 696.002,400,000 s)
2024-06-03 19:54:39,732 INFO  - Recieve a message from other vehicle (at simulation time 696.002,400,000 s)
2024-06-03 19:54:39,732 INFO  - My position is not better! (at simulation time 696.002,400,000 s)
2024-06-03 19:54:39,732 INFO  - Recieve a message from other vehicle (at simulation time 696.002,800,000 s)
2024-06-03 19:54:39,732 INFO  - My position is not better! (at simulation time 696.002,800,000 s)
2024-06-03 19:54:39,732 INFO  - Recieve a message from other vehicle (at simulation time 696.003,300,000 s)
2024-06-03 19:54:39,732 INFO  - I'm in better position but no more hops in message (at simulation time 696.003,300,000 s)
2024-06-03 19:54:39,732 INFO  - Recieve a message from other vehicle (at simulation time 696.003,300,000 s)
2024-06-03 19:54:39,732 INFO  - My position is not better! (at simulation time 696.003,300,000 s)
2024-06-03 19:54:39,732 INFO  - Recieve a message from other vehicle (at simulation time 696.003,300,000 s)
2024-06-03 19:54:39,732 INFO  - I'm in better position but no more hops in message (at simulation time 696.003,300,000 s)
2024-06-03 19:54:39,733 INFO  - Called #onVehicleUpdated (at simulation time 697.000,000,000 s)
2024-06-03 19:54:39,733 INFO  - Sending out AdHoc broadcast (at simulation time 697.000,000,000 s)
2024-06-03 19:54:39,733 INFO  - Sending out AdHoc broadcast (at simulation time 697.000,000,000 s)
2024-06-03 19:54:39,733 INFO  - Sending out AdHoc broadcast (at simulation time 697.000,000,000 s)
2024-06-03 19:54:39,733 INFO  - Sending out AdHoc broadcast (at simulation time 697.000,000,000 s)
2024-06-03 19:54:39,734 INFO  - Recieve a message from other vehicle (at simulation time 697.000,400,000 s)
2024-06-03 19:54:39,734 INFO  - Recending a message from other vehicle (at simulation time 697.000,400,000 s)
2024-06-03 19:54:39,734 INFO  - Recieve a message from other vehicle (at simulation time 697.000,800,000 s)
2024-06-03 19:54:39,734 INFO  - My position is not better! (at simulation time 697.000,800,000 s)
2024-06-03 19:54:39,734 INFO  - Recieve a message from other vehicle (at simulation time 697.000,900,000 s)
2024-06-03 19:54:39,734 INFO  - My position is not better! (at simulation time 697.000,900,000 s)
2024-06-03 19:54:39,734 INFO  - Recieve a message from other vehicle (at simulation time 697.000,900,000 s)
2024-06-03 19:54:39,734 INFO  - Recending a message from other vehicle (at simulation time 697.000,900,000 s)
2024-06-03 19:54:39,734 INFO  - Recieve a message from other vehicle (at simulation time 697.000,900,000 s)
2024-06-03 19:54:39,734 INFO  - My position is not better! (at simulation time 697.000,900,000 s)
2024-06-03 19:54:39,734 INFO  - Recieve a message from other vehicle (at simulation time 697.001,300,000 s)
2024-06-03 19:54:39,734 INFO  - My position is not better! (at simulation time 697.001,300,000 s)
2024-06-03 19:54:39,734 INFO  - Recieve a message from other vehicle (at simulation time 697.001,400,000 s)
2024-06-03 19:54:39,734 INFO  - My position is not better! (at simulation time 697.001,400,000 s)
2024-06-03 19:54:39,734 INFO  - Recieve a message from other vehicle (at simulation time 697.001,400,000 s)
2024-06-03 19:54:39,734 INFO  - My position is not better! (at simulation time 697.001,400,000 s)
2024-06-03 19:54:39,734 INFO  - Recieve a message from other vehicle (at simulation time 697.001,400,000 s)
2024-06-03 19:54:39,734 INFO  - My position is not better! (at simulation time 697.001,400,000 s)
2024-06-03 19:54:39,734 INFO  - Recieve a message from other vehicle (at simulation time 697.001,400,000 s)
2024-06-03 19:54:39,734 INFO  - My position is not better! (at simulation time 697.001,400,000 s)
2024-06-03 19:54:39,735 INFO  - Recieve a message from other vehicle (at simulation time 697.001,800,000 s)
2024-06-03 19:54:39,735 INFO  - My position is not better! (at simulation time 697.001,800,000 s)
2024-06-03 19:54:39,735 INFO  - Recieve a message from other vehicle (at simulation time 697.001,900,000 s)
2024-06-03 19:54:39,735 INFO  - My position is not better! (at simulation time 697.001,900,000 s)
2024-06-03 19:54:39,735 INFO  - Recieve a message from other vehicle (at simulation time 697.002,300,000 s)
2024-06-03 19:54:39,735 INFO  - My position is not better! (at simulation time 697.002,300,000 s)
2024-06-03 19:54:39,735 INFO  - Recieve a message from other vehicle (at simulation time 697.002,300,000 s)
2024-06-03 19:54:39,735 INFO  - My position is not better! (at simulation time 697.002,300,000 s)
2024-06-03 19:54:39,735 INFO  - Recieve a message from other vehicle (at simulation time 697.002,400,000 s)
2024-06-03 19:54:39,735 INFO  - My position is not better! (at simulation time 697.002,400,000 s)
2024-06-03 19:54:39,735 INFO  - Recieve a message from other vehicle (at simulation time 697.002,800,000 s)
2024-06-03 19:54:39,735 INFO  - My position is not better! (at simulation time 697.002,800,000 s)
2024-06-03 19:54:39,735 INFO  - Recieve a message from other vehicle (at simulation time 697.003,800,000 s)
2024-06-03 19:54:39,735 INFO  - My position is not better! (at simulation time 697.003,800,000 s)
2024-06-03 19:54:39,735 INFO  - Recieve a message from other vehicle (at simulation time 697.004,300,000 s)
2024-06-03 19:54:39,735 INFO  - My position is not better! (at simulation time 697.004,300,000 s)
2024-06-03 19:54:39,737 INFO  - Called #onVehicleUpdated (at simulation time 698.000,000,000 s)
2024-06-03 19:54:39,737 INFO  - Sending out AdHoc broadcast (at simulation time 698.000,000,000 s)
2024-06-03 19:54:39,737 INFO  - Sending out AdHoc broadcast (at simulation time 698.000,000,000 s)
2024-06-03 19:54:39,737 INFO  - Sending out AdHoc broadcast (at simulation time 698.000,000,000 s)
2024-06-03 19:54:39,737 INFO  - Recieve a message from other vehicle (at simulation time 698.000,400,000 s)
2024-06-03 19:54:39,737 INFO  - Recending a message from other vehicle (at simulation time 698.000,400,000 s)
2024-06-03 19:54:39,738 INFO  - Recieve a message from other vehicle (at simulation time 698.000,900,000 s)
2024-06-03 19:54:39,738 INFO  - My position is not better! (at simulation time 698.000,900,000 s)
2024-06-03 19:54:39,738 INFO  - Recieve a message from other vehicle (at simulation time 698.000,900,000 s)
2024-06-03 19:54:39,738 INFO  - My position is not better! (at simulation time 698.000,900,000 s)
2024-06-03 19:54:39,738 INFO  - Recieve a message from other vehicle (at simulation time 698.000,900,000 s)
2024-06-03 19:54:39,738 INFO  - I'm in better position but no more hops in message (at simulation time 698.000,900,000 s)
2024-06-03 19:54:39,738 INFO  - Recieve a message from other vehicle (at simulation time 698.001,300,000 s)
2024-06-03 19:54:39,738 INFO  - My position is not better! (at simulation time 698.001,300,000 s)
2024-06-03 19:54:39,738 INFO  - Recieve a message from other vehicle (at simulation time 698.001,300,000 s)
2024-06-03 19:54:39,738 INFO  - My position is not better! (at simulation time 698.001,300,000 s)
2024-06-03 19:54:39,738 INFO  - Recieve a message from other vehicle (at simulation time 698.001,400,000 s)
2024-06-03 19:54:39,738 INFO  - My position is not better! (at simulation time 698.001,400,000 s)
2024-06-03 19:54:39,738 INFO  - Recieve a message from other vehicle (at simulation time 698.001,400,000 s)
2024-06-03 19:54:39,738 INFO  - I'm in better position but no more hops in message (at simulation time 698.001,400,000 s)
2024-06-03 19:54:39,738 INFO  - Recieve a message from other vehicle (at simulation time 698.001,400,000 s)
2024-06-03 19:54:39,738 INFO  - My position is not better! (at simulation time 698.001,400,000 s)
2024-06-03 19:54:39,738 INFO  - Recieve a message from other vehicle (at simulation time 698.001,400,000 s)
2024-06-03 19:54:39,738 INFO  - My position is not better! (at simulation time 698.001,400,000 s)
2024-06-03 19:54:39,738 INFO  - Recieve a message from other vehicle (at simulation time 698.001,800,000 s)
2024-06-03 19:54:39,738 INFO  - My position is not better! (at simulation time 698.001,800,000 s)
2024-06-03 19:54:39,739 INFO  - Recieve a message from other vehicle (at simulation time 698.002,400,000 s)
2024-06-03 19:54:39,739 INFO  - My position is not better! (at simulation time 698.002,400,000 s)
2024-06-03 19:54:39,739 INFO  - Recieve a message from other vehicle (at simulation time 698.002,800,000 s)
2024-06-03 19:54:39,739 INFO  - I'm in better position but no more hops in message (at simulation time 698.002,800,000 s)
2024-06-03 19:54:39,739 INFO  - Recieve a message from other vehicle (at simulation time 698.002,800,000 s)
2024-06-03 19:54:39,739 INFO  - My position is not better! (at simulation time 698.002,800,000 s)
2024-06-03 19:54:39,739 INFO  - Recieve a message from other vehicle (at simulation time 698.002,800,000 s)
2024-06-03 19:54:39,739 INFO  - My position is not better! (at simulation time 698.002,800,000 s)
2024-06-03 19:54:39,739 INFO  - Recieve a message from other vehicle (at simulation time 698.003,300,000 s)
2024-06-03 19:54:39,739 INFO  - I'm in better position but no more hops in message (at simulation time 698.003,300,000 s)
2024-06-03 19:54:39,739 INFO  - Recieve a message from other vehicle (at simulation time 698.003,300,000 s)
2024-06-03 19:54:39,739 INFO  - My position is not better! (at simulation time 698.003,300,000 s)
2024-06-03 19:54:39,741 INFO  - Called #onVehicleUpdated (at simulation time 699.000,000,000 s)
2024-06-03 19:54:39,741 INFO  - Sending out DENM broadcast (at simulation time 699.000,000,000 s)
2024-06-03 19:54:39,741 INFO  - Sending out AdHoc broadcast (at simulation time 699.000,000,000 s)
2024-06-03 19:54:39,741 INFO  - Sending out AdHoc broadcast (at simulation time 699.000,000,000 s)
2024-06-03 19:54:39,741 INFO  - Sending out AdHoc broadcast (at simulation time 699.000,000,000 s)
2024-06-03 19:54:39,741 INFO  - Sending out AdHoc broadcast (at simulation time 699.000,000,000 s)
2024-06-03 19:54:39,742 INFO  - Recieve a message from other vehicle (at simulation time 699.000,400,000 s)
2024-06-03 19:54:39,742 INFO  - Recending a message from other vehicle (at simulation time 699.000,400,000 s)
2024-06-03 19:54:39,742 INFO  - Recieve a message from other vehicle (at simulation time 699.000,400,000 s)
2024-06-03 19:54:39,742 INFO  - Recending a message from other vehicle (at simulation time 699.000,400,000 s)
2024-06-03 19:54:39,743 INFO  - Recieve a message from other vehicle (at simulation time 699.001,300,000 s)
2024-06-03 19:54:39,743 INFO  - DENM message Recived from veh_98 -info : seco (at simulation time 699.001,300,000 s)
2024-06-03 19:54:39,743 INFO  - No more hops in DENM message (at simulation time 699.001,300,000 s)
2024-06-03 19:54:39,743 INFO  - Recieve a message from other vehicle (at simulation time 699.001,400,000 s)
2024-06-03 19:54:39,743 INFO  - My position is not better! (at simulation time 699.001,400,000 s)
2024-06-03 19:54:39,743 INFO  - Recieve a message from other vehicle (at simulation time 699.001,400,000 s)
2024-06-03 19:54:39,743 INFO  - I'm in better position but no more hops in message (at simulation time 699.001,400,000 s)
2024-06-03 19:54:39,743 INFO  - Recieve a message from other vehicle (at simulation time 699.001,400,000 s)
2024-06-03 19:54:39,743 INFO  - Recending a message from other vehicle (at simulation time 699.001,400,000 s)
2024-06-03 19:54:39,744 INFO  - Recieve a message from other vehicle (at simulation time 699.001,900,000 s)
2024-06-03 19:54:39,744 INFO  - I'm in better position but no more hops in message (at simulation time 699.001,900,000 s)
2024-06-03 19:54:39,744 INFO  - Recieve a message from other vehicle (at simulation time 699.001,900,000 s)
2024-06-03 19:54:39,744 INFO  - My position is not better! (at simulation time 699.001,900,000 s)
2024-06-03 19:54:39,744 INFO  - Recieve a message from other vehicle (at simulation time 699.001,900,000 s)
2024-06-03 19:54:39,744 INFO  - Recending a message from other vehicle (at simulation time 699.001,900,000 s)
2024-06-03 19:54:39,744 INFO  - Recieve a message from other vehicle (at simulation time 699.002,300,000 s)
2024-06-03 19:54:39,744 INFO  - I'm in better position but no more hops in message (at simulation time 699.002,300,000 s)
2024-06-03 19:54:39,744 INFO  - Recieve a message from other vehicle (at simulation time 699.002,400,000 s)
2024-06-03 19:54:39,745 INFO  - DENM message Recived from veh_96 -info : seco (at simulation time 699.002,400,000 s)
2024-06-03 19:54:39,745 INFO  - No more hops in DENM message (at simulation time 699.002,400,000 s)
2024-06-03 19:54:39,745 INFO  - Recieve a message from other vehicle (at simulation time 699.002,400,000 s)
2024-06-03 19:54:39,745 INFO  - DENM message Recived from veh_98 -info : seco (at simulation time 699.002,400,000 s)
2024-06-03 19:54:39,745 INFO  - No more hops in DENM message (at simulation time 699.002,400,000 s)
2024-06-03 19:54:39,745 INFO  - Recieve a message from other vehicle (at simulation time 699.002,400,000 s)
2024-06-03 19:54:39,745 INFO  - My position is not better! (at simulation time 699.002,400,000 s)
2024-06-03 19:54:39,745 INFO  - Recieve a message from other vehicle (at simulation time 699.002,400,000 s)
2024-06-03 19:54:39,745 INFO  - My position is not better! (at simulation time 699.002,400,000 s)
2024-06-03 19:54:39,745 INFO  - Recieve a message from other vehicle (at simulation time 699.002,800,000 s)
2024-06-03 19:54:39,745 INFO  - DENM message Recived from veh_99 -info : nevoeiro (at simulation time 699.002,800,000 s)
2024-06-03 19:54:39,745 INFO  - No more hops in DENM message (at simulation time 699.002,800,000 s)
2024-06-03 19:54:39,745 INFO  - Recieve a message from other vehicle (at simulation time 699.002,800,000 s)
2024-06-03 19:54:39,745 INFO  - I'm in better position but no more hops in message (at simulation time 699.002,800,000 s)
2024-06-03 19:54:39,745 INFO  - Recieve a message from other vehicle (at simulation time 699.002,800,000 s)
2024-06-03 19:54:39,745 INFO  - DENM message Recived from veh_96 -info : seco (at simulation time 699.002,800,000 s)
2024-06-03 19:54:39,745 INFO  - No more hops in DENM message (at simulation time 699.002,800,000 s)
2024-06-03 19:54:39,747 INFO  - Called #onVehicleUpdated (at simulation time 700.000,000,000 s)
2024-06-03 19:54:39,747 INFO  - Sending out AdHoc broadcast (at simulation time 700.000,000,000 s)
2024-06-03 19:54:39,747 INFO  - Sending out AdHoc broadcast (at simulation time 700.000,000,000 s)
2024-06-03 19:54:39,747 INFO  - Sending out AdHoc broadcast (at simulation time 700.000,000,000 s)
2024-06-03 19:54:39,747 INFO  - Recieve a message from other vehicle (at simulation time 700.000,400,000 s)
2024-06-03 19:54:39,747 INFO  - Recending a message from other vehicle (at simulation time 700.000,400,000 s)
2024-06-03 19:54:39,747 INFO  - Recieve a message from other vehicle (at simulation time 700.000,400,000 s)
2024-06-03 19:54:39,747 INFO  - Recending a message from other vehicle (at simulation time 700.000,400,000 s)
2024-06-03 19:54:39,747 INFO  - Recieve a message from other vehicle (at simulation time 700.000,400,000 s)
2024-06-03 19:54:39,747 INFO  - My position is not better! (at simulation time 700.000,400,000 s)
2024-06-03 19:54:39,747 INFO  - Recieve a message from other vehicle (at simulation time 700.000,900,000 s)
2024-06-03 19:54:39,747 INFO  - My position is not better! (at simulation time 700.000,900,000 s)
2024-06-03 19:54:39,748 INFO  - Recieve a message from other vehicle (at simulation time 700.000,900,000 s)
2024-06-03 19:54:39,748 INFO  - My position is not better! (at simulation time 700.000,900,000 s)
2024-06-03 19:54:39,748 INFO  - Recieve a message from other vehicle (at simulation time 700.000,900,000 s)
2024-06-03 19:54:39,748 INFO  - My position is not better! (at simulation time 700.000,900,000 s)
2024-06-03 19:54:39,748 INFO  - Recieve a message from other vehicle (at simulation time 700.001,400,000 s)
2024-06-03 19:54:39,748 INFO  - I'm in better position but no more hops in message (at simulation time 700.001,400,000 s)
2024-06-03 19:54:39,748 INFO  - Recieve a message from other vehicle (at simulation time 700.001,800,000 s)
2024-06-03 19:54:39,748 INFO  - My position is not better! (at simulation time 700.001,800,000 s)
2024-06-03 19:54:39,748 INFO  - Recieve a message from other vehicle (at simulation time 700.001,900,000 s)
2024-06-03 19:54:39,748 INFO  - My position is not better! (at simulation time 700.001,900,000 s)
2024-06-03 19:54:39,748 INFO  - Recieve a message from other vehicle (at simulation time 700.002,300,000 s)
2024-06-03 19:54:39,748 INFO  - I'm in better position but no more hops in message (at simulation time 700.002,300,000 s)
2024-06-03 19:54:39,748 INFO  - Recieve a message from other vehicle (at simulation time 700.002,300,000 s)
2024-06-03 19:54:39,748 INFO  - DENM message Recived from veh_97 -info : seco (at simulation time 700.002,300,000 s)
2024-06-03 19:54:39,748 INFO  - No more hops in DENM message (at simulation time 700.002,300,000 s)
2024-06-03 19:54:39,748 INFO  - Recieve a message from other vehicle (at simulation time 700.002,400,000 s)
2024-06-03 19:54:39,748 INFO  - DENM message Recived from veh_97 -info : seco (at simulation time 700.002,400,000 s)
2024-06-03 19:54:39,748 INFO  - No more hops in DENM message (at simulation time 700.002,400,000 s)
2024-06-03 19:54:39,748 INFO  - Recieve a message from other vehicle (at simulation time 700.002,400,000 s)
2024-06-03 19:54:39,748 INFO  - My position is not better! (at simulation time 700.002,400,000 s)
2024-06-03 19:54:39,749 INFO  - Recieve a message from other vehicle (at simulation time 700.002,800,000 s)
2024-06-03 19:54:39,749 INFO  - My position is not better! (at simulation time 700.002,800,000 s)
2024-06-03 19:54:39,749 INFO  - Recieve a message from other vehicle (at simulation time 700.003,800,000 s)
2024-06-03 19:54:39,749 INFO  - My position is not better! (at simulation time 700.003,800,000 s)
2024-06-03 19:54:39,750 INFO  - Called #onVehicleUpdated (at simulation time 701.000,000,000 s)
2024-06-03 19:54:39,750 INFO  - Sending out AdHoc broadcast (at simulation time 701.000,000,000 s)
2024-06-03 19:54:39,750 INFO  - Sending out AdHoc broadcast (at simulation time 701.000,000,000 s)
2024-06-03 19:54:39,750 INFO  - Sending out AdHoc broadcast (at simulation time 701.000,000,000 s)
2024-06-03 19:54:39,750 INFO  - Sending out AdHoc broadcast (at simulation time 701.000,000,000 s)
2024-06-03 19:54:39,751 INFO  - Recieve a message from other vehicle (at simulation time 701.000,400,000 s)
2024-06-03 19:54:39,751 INFO  - My position is not better! (at simulation time 701.000,400,000 s)
2024-06-03 19:54:39,751 INFO  - Recieve a message from other vehicle (at simulation time 701.000,400,000 s)
2024-06-03 19:54:39,751 INFO  - Recending a message from other vehicle (at simulation time 701.000,400,000 s)
2024-06-03 19:54:39,751 INFO  - Recieve a message from other vehicle (at simulation time 701.000,900,000 s)
2024-06-03 19:54:39,751 INFO  - Recending a message from other vehicle (at simulation time 701.000,900,000 s)
2024-06-03 19:54:39,751 INFO  - Recieve a message from other vehicle (at simulation time 701.000,900,000 s)
2024-06-03 19:54:39,751 INFO  - Recending a message from other vehicle (at simulation time 701.000,900,000 s)
2024-06-03 19:54:39,751 INFO  - Recieve a message from other vehicle (at simulation time 701.001,400,000 s)
2024-06-03 19:54:39,751 INFO  - I'm in better position but no more hops in message (at simulation time 701.001,400,000 s)
2024-06-03 19:54:39,752 INFO  - Recieve a message from other vehicle (at simulation time 701.001,800,000 s)
2024-06-03 19:54:39,752 INFO  - I'm in better position but no more hops in message (at simulation time 701.001,800,000 s)
2024-06-03 19:54:39,752 INFO  - Recieve a message from other vehicle (at simulation time 701.001,900,000 s)
2024-06-03 19:54:39,752 INFO  - Recending a message from other vehicle (at simulation time 701.001,900,000 s)
2024-06-03 19:54:39,752 INFO  - Recieve a message from other vehicle (at simulation time 701.001,900,000 s)
2024-06-03 19:54:39,752 INFO  - My position is not better! (at simulation time 701.001,900,000 s)
2024-06-03 19:54:39,752 INFO  - Recieve a message from other vehicle (at simulation time 701.001,900,000 s)
2024-06-03 19:54:39,752 INFO  - Recending a message from other vehicle (at simulation time 701.001,900,000 s)
2024-06-03 19:54:39,752 INFO  - Recieve a message from other vehicle (at simulation time 701.001,900,000 s)
2024-06-03 19:54:39,752 INFO  - Recending a message from other vehicle (at simulation time 701.001,900,000 s)
2024-06-03 19:54:39,752 INFO  - Recieve a message from other vehicle (at simulation time 701.002,400,000 s)
2024-06-03 19:54:39,752 INFO  - I'm in better position but no more hops in message (at simulation time 701.002,400,000 s)
2024-06-03 19:54:39,753 INFO  - Recieve a message from other vehicle (at simulation time 701.003,300,000 s)
2024-06-03 19:54:39,753 INFO  - I'm in better position but no more hops in message (at simulation time 701.003,300,000 s)
2024-06-03 19:54:39,755 INFO  - Called #onVehicleUpdated (at simulation time 702.000,000,000 s)
2024-06-03 19:54:39,755 INFO  - Sending out AdHoc broadcast (at simulation time 702.000,000,000 s)
2024-06-03 19:54:39,755 INFO  - Sending out AdHoc broadcast (at simulation time 702.000,000,000 s)
2024-06-03 19:54:39,755 INFO  - Sending out AdHoc broadcast (at simulation time 702.000,000,000 s)
2024-06-03 19:54:39,755 INFO  - Recieve a message from other vehicle (at simulation time 702.001,900,000 s)
2024-06-03 19:54:39,756 INFO  - Recending a message from other vehicle (at simulation time 702.001,900,000 s)
2024-06-03 19:54:39,756 INFO  - Recieve a message from other vehicle (at simulation time 702.001,900,000 s)
2024-06-03 19:54:39,756 INFO  - Recending a message from other vehicle (at simulation time 702.001,900,000 s)
2024-06-03 19:54:39,756 INFO  - Recieve a message from other vehicle (at simulation time 702.002,400,000 s)
2024-06-03 19:54:39,756 INFO  - Recending a message from other vehicle (at simulation time 702.002,400,000 s)
2024-06-03 19:54:39,757 INFO  - Called #onVehicleUpdated (at simulation time 703.000,000,000 s)
2024-06-03 19:54:39,757 INFO  - Sending out AdHoc broadcast (at simulation time 703.000,000,000 s)
2024-06-03 19:54:39,757 INFO  - Sending out AdHoc broadcast (at simulation time 703.000,000,000 s)
2024-06-03 19:54:39,757 INFO  - Sending out AdHoc broadcast (at simulation time 703.000,000,000 s)
2024-06-03 19:54:39,757 INFO  - Sending out AdHoc broadcast (at simulation time 703.000,000,000 s)
2024-06-03 19:54:39,758 INFO  - Called #onVehicleUpdated (at simulation time 704.000,000,000 s)
2024-06-03 19:54:39,758 INFO  - Sending out AdHoc broadcast (at simulation time 704.000,000,000 s)
2024-06-03 19:54:39,758 INFO  - Sending out AdHoc broadcast (at simulation time 704.000,000,000 s)
2024-06-03 19:54:39,758 INFO  - Sending out AdHoc broadcast (at simulation time 704.000,000,000 s)
2024-06-03 19:54:39,760 INFO  - Called #onVehicleUpdated (at simulation time 705.000,000,000 s)
2024-06-03 19:54:39,760 INFO  - Sending out AdHoc broadcast (at simulation time 705.000,000,000 s)
2024-06-03 19:54:39,760 INFO  - Sending out AdHoc broadcast (at simulation time 705.000,000,000 s)
2024-06-03 19:54:39,760 INFO  - Sending out AdHoc broadcast (at simulation time 705.000,000,000 s)
2024-06-03 19:54:39,760 INFO  - Sending out AdHoc broadcast (at simulation time 705.000,000,000 s)
2024-06-03 19:54:39,762 INFO  - Called #onVehicleUpdated (at simulation time 706.000,000,000 s)
2024-06-03 19:54:39,763 INFO  - Sending out AdHoc broadcast (at simulation time 706.000,000,000 s)
2024-06-03 19:54:39,763 INFO  - Sending out AdHoc broadcast (at simulation time 706.000,000,000 s)
2024-06-03 19:54:39,763 INFO  - Sending out AdHoc broadcast (at simulation time 706.000,000,000 s)
2024-06-03 19:54:39,765 INFO  - Called #onVehicleUpdated (at simulation time 707.000,000,000 s)
2024-06-03 19:54:39,765 INFO  - Sending out AdHoc broadcast (at simulation time 707.000,000,000 s)
2024-06-03 19:54:39,765 INFO  - Sending out AdHoc broadcast (at simulation time 707.000,000,000 s)
2024-06-03 19:54:39,765 INFO  - Sending out AdHoc broadcast (at simulation time 707.000,000,000 s)
2024-06-03 19:54:39,765 INFO  - Sending out AdHoc broadcast (at simulation time 707.000,000,000 s)
2024-06-03 19:54:39,766 INFO  - Called #onVehicleUpdated (at simulation time 708.000,000,000 s)
2024-06-03 19:54:39,766 INFO  - Exced velocity! Sending new CAM (at simulation time 708.000,000,000 s)
2024-06-03 19:54:39,766 INFO  - Sending out AdHoc broadcast (at simulation time 708.000,000,000 s)
2024-06-03 19:54:39,766 INFO  - Sending out AdHoc broadcast (at simulation time 708.000,000,000 s)
2024-06-03 19:54:39,767 INFO  - Sending out AdHoc broadcast (at simulation time 708.000,000,000 s)
2024-06-03 19:54:39,767 INFO  - Sending out AdHoc broadcast (at simulation time 708.000,000,000 s)
2024-06-03 19:54:39,768 INFO  - Called #onVehicleUpdated (at simulation time 709.000,000,000 s)
2024-06-03 19:54:39,768 INFO  - Exced velocity! Sending new CAM (at simulation time 709.000,000,000 s)
2024-06-03 19:54:39,768 INFO  - Sending out AdHoc broadcast (at simulation time 709.000,000,000 s)
2024-06-03 19:54:39,768 INFO  - Sending out AdHoc broadcast (at simulation time 709.000,000,000 s)
2024-06-03 19:54:39,768 INFO  - Sending out AdHoc broadcast (at simulation time 709.000,000,000 s)
2024-06-03 19:54:39,768 INFO  - Sending out AdHoc broadcast (at simulation time 709.000,000,000 s)
2024-06-03 19:54:39,768 INFO  - Sending out AdHoc broadcast (at simulation time 709.000,000,000 s)
2024-06-03 19:54:39,769 INFO  - Called #onVehicleUpdated (at simulation time 710.000,000,000 s)
2024-06-03 19:54:39,769 INFO  - Exced velocity! Sending new CAM (at simulation time 710.000,000,000 s)
2024-06-03 19:54:39,769 INFO  - Sending out AdHoc broadcast (at simulation time 710.000,000,000 s)
2024-06-03 19:54:39,769 INFO  - Sending out AdHoc broadcast (at simulation time 710.000,000,000 s)
2024-06-03 19:54:39,769 INFO  - Sending out AdHoc broadcast (at simulation time 710.000,000,000 s)
2024-06-03 19:54:39,769 INFO  - Sending out AdHoc broadcast (at simulation time 710.000,000,000 s)
2024-06-03 19:54:39,769 INFO  - Sending out AdHoc broadcast (at simulation time 710.000,000,000 s)
2024-06-03 19:54:39,770 INFO  - Called #onVehicleUpdated (at simulation time 711.000,000,000 s)
2024-06-03 19:54:39,770 INFO  - Exced velocity! Sending new CAM (at simulation time 711.000,000,000 s)
2024-06-03 19:54:39,770 INFO  - Sending out AdHoc broadcast (at simulation time 711.000,000,000 s)
2024-06-03 19:54:39,770 INFO  - Sending out AdHoc broadcast (at simulation time 711.000,000,000 s)
2024-06-03 19:54:39,770 INFO  - Sending out AdHoc broadcast (at simulation time 711.000,000,000 s)
2024-06-03 19:54:39,770 INFO  - Sending out AdHoc broadcast (at simulation time 711.000,000,000 s)
2024-06-03 19:54:39,770 INFO  - Sending out AdHoc broadcast (at simulation time 711.000,000,000 s)
2024-06-03 19:54:39,770 INFO  - Sending out AdHoc broadcast (at simulation time 711.000,000,000 s)
2024-06-03 19:54:39,771 INFO  - Shutdown (at simulation time 712.000,000,000 s)
