2024-06-03 19:50:56,556 INFO  - Initialize Vehicle application (at simulation time 150.000,000,000 s)
2024-06-03 19:50:56,558 INFO  - Activated WLAN Module (at simulation time 150.000,000,000 s)
2024-06-03 19:50:56,559 INFO  - Called #onVehicleUpdated (at simulation time 150.000,000,000 s)
2024-06-03 19:50:56,559 INFO  - Exced velocity! Sending new CAM (at simulation time 150.000,000,000 s)
2024-06-03 19:50:56,559 INFO  - Sending out AdHoc broadcast (at simulation time 150.000,000,000 s)
2024-06-03 19:50:56,567 INFO  - Called #onVehicleUpdated (at simulation time 151.000,000,000 s)
2024-06-03 19:50:56,567 INFO  - Exced velocity! Sending new CAM (at simulation time 151.000,000,000 s)
2024-06-03 19:50:56,567 INFO  - Sending out AdHoc broadcast (at simulation time 151.000,000,000 s)
2024-06-03 19:50:56,567 INFO  - Define the name: veh_27 and route: r_4 (at simulation time 151.000,000,000 s)
2024-06-03 19:50:56,567 INFO  - Sending out AdHoc broadcast (at simulation time 151.000,000,000 s)
2024-06-03 19:50:56,570 INFO  - Called #onVehicleUpdated (at simulation time 152.000,000,000 s)
2024-06-03 19:50:56,570 INFO  - Exced velocity! Sending new CAM (at simulation time 152.000,000,000 s)
2024-06-03 19:50:56,570 INFO  - Sending out AdHoc broadcast (at simulation time 152.000,000,000 s)
2024-06-03 19:50:56,570 INFO  - Sending out AdHoc broadcast (at simulation time 152.000,000,000 s)
2024-06-03 19:50:56,571 INFO  - Recieve a message from other vehicle (at simulation time 152.000,400,000 s)
2024-06-03 19:50:56,571 INFO  - Recending a message from other vehicle (at simulation time 152.000,400,000 s)
2024-06-03 19:50:56,573 INFO  - Called #onVehicleUpdated (at simulation time 153.000,000,000 s)
2024-06-03 19:50:56,573 INFO  - Exced velocity! Sending new CAM (at simulation time 153.000,000,000 s)
2024-06-03 19:50:56,573 INFO  - Sending out AdHoc broadcast (at simulation time 153.000,000,000 s)
2024-06-03 19:50:56,573 INFO  - Sending out AdHoc broadcast (at simulation time 153.000,000,000 s)
2024-06-03 19:50:56,573 INFO  - Sending out AdHoc broadcast (at simulation time 153.000,000,000 s)
2024-06-03 19:50:56,575 INFO  - Called #onVehicleUpdated (at simulation time 154.000,000,000 s)
2024-06-03 19:50:56,575 INFO  - Sending out AdHoc broadcast (at simulation time 154.000,000,000 s)
2024-06-03 19:50:56,575 INFO  - Sending out AdHoc broadcast (at simulation time 154.000,000,000 s)
2024-06-03 19:50:56,575 INFO  - Recieve a message from other vehicle (at simulation time 154.000,400,000 s)
2024-06-03 19:50:56,575 INFO  - Recending a message from other vehicle (at simulation time 154.000,400,000 s)
2024-06-03 19:50:56,578 INFO  - Called #onVehicleUpdated (at simulation time 155.000,000,000 s)
2024-06-03 19:50:56,578 INFO  - Sending out AdHoc broadcast (at simulation time 155.000,000,000 s)
2024-06-03 19:50:56,578 INFO  - Sending out AdHoc broadcast (at simulation time 155.000,000,000 s)
2024-06-03 19:50:56,578 INFO  - Sending out AdHoc broadcast (at simulation time 155.000,000,000 s)
2024-06-03 19:50:56,580 INFO  - Called #onVehicleUpdated (at simulation time 156.000,000,000 s)
2024-06-03 19:50:56,580 INFO  - Exced velocity! Sending new CAM (at simulation time 156.000,000,000 s)
2024-06-03 19:50:56,580 INFO  - Sending out AdHoc broadcast (at simulation time 156.000,000,000 s)
2024-06-03 19:50:56,580 INFO  - Sending out AdHoc broadcast (at simulation time 156.000,000,000 s)
2024-06-03 19:50:56,580 INFO  - Sending out AdHoc broadcast (at simulation time 156.000,000,000 s)
2024-06-03 19:50:56,581 INFO  - Recieve a message from other vehicle (at simulation time 156.000,400,000 s)
2024-06-03 19:50:56,581 INFO  - My position is not better! (at simulation time 156.000,400,000 s)
2024-06-03 19:50:56,581 INFO  - Recieve a message from other vehicle (at simulation time 156.000,400,000 s)
2024-06-03 19:50:56,581 INFO  - My position is not better! (at simulation time 156.000,400,000 s)
2024-06-03 19:50:56,581 INFO  - Recieve a message from other vehicle (at simulation time 156.000,400,000 s)
2024-06-03 19:50:56,581 INFO  - Recending a message from other vehicle (at simulation time 156.000,400,000 s)
2024-06-03 19:50:56,582 INFO  - Recieve a message from other vehicle (at simulation time 156.001,900,000 s)
2024-06-03 19:50:56,582 INFO  - Recending a message from other vehicle (at simulation time 156.001,900,000 s)
2024-06-03 19:50:56,582 INFO  - Recieve a message from other vehicle (at simulation time 156.001,900,000 s)
2024-06-03 19:50:56,582 INFO  - My position is not better! (at simulation time 156.001,900,000 s)
2024-06-03 19:50:56,582 INFO  - Recieve a message from other vehicle (at simulation time 156.002,400,000 s)
2024-06-03 19:50:56,582 INFO  - Recending a message from other vehicle (at simulation time 156.002,400,000 s)
2024-06-03 19:50:56,582 INFO  - Recieve a message from other vehicle (at simulation time 156.002,400,000 s)
2024-06-03 19:50:56,582 INFO  - Recending a message from other vehicle (at simulation time 156.002,400,000 s)
2024-06-03 19:50:56,582 INFO  - Recieve a message from other vehicle (at simulation time 156.002,800,000 s)
2024-06-03 19:50:56,582 INFO  - My position is not better! (at simulation time 156.002,800,000 s)
2024-06-03 19:50:56,582 INFO  - Recieve a message from other vehicle (at simulation time 156.002,800,000 s)
2024-06-03 19:50:56,582 INFO  - My position is not better! (at simulation time 156.002,800,000 s)
2024-06-03 19:50:56,582 INFO  - Recieve a message from other vehicle (at simulation time 156.003,300,000 s)
2024-06-03 19:50:56,582 INFO  - My position is not better! (at simulation time 156.003,300,000 s)
2024-06-03 19:50:56,584 INFO  - Called #onVehicleUpdated (at simulation time 157.000,000,000 s)
2024-06-03 19:50:56,584 INFO  - Sending out AdHoc broadcast (at simulation time 157.000,000,000 s)
2024-06-03 19:50:56,584 INFO  - Sending out AdHoc broadcast (at simulation time 157.000,000,000 s)
2024-06-03 19:50:56,584 INFO  - Sending out AdHoc broadcast (at simulation time 157.000,000,000 s)
2024-06-03 19:50:56,585 INFO  - Recieve a message from other vehicle (at simulation time 157.000,400,000 s)
2024-06-03 19:50:56,585 INFO  - Recending a message from other vehicle (at simulation time 157.000,400,000 s)
2024-06-03 19:50:56,585 INFO  - Recieve a message from other vehicle (at simulation time 157.000,400,000 s)
2024-06-03 19:50:56,585 INFO  - Recending a message from other vehicle (at simulation time 157.000,400,000 s)
2024-06-03 19:50:56,585 INFO  - Recieve a message from other vehicle (at simulation time 157.000,900,000 s)
2024-06-03 19:50:56,585 INFO  - Recending a message from other vehicle (at simulation time 157.000,900,000 s)
2024-06-03 19:50:56,585 INFO  - Recieve a message from other vehicle (at simulation time 157.001,400,000 s)
2024-06-03 19:50:56,585 INFO  - I'm in better position but no more hops in message (at simulation time 157.001,400,000 s)
2024-06-03 19:50:56,586 INFO  - Recieve a message from other vehicle (at simulation time 157.001,400,000 s)
2024-06-03 19:50:56,586 INFO  - Recending a message from other vehicle (at simulation time 157.001,400,000 s)
2024-06-03 19:50:56,586 INFO  - Recieve a message from other vehicle (at simulation time 157.001,800,000 s)
2024-06-03 19:50:56,586 INFO  - I'm in better position but no more hops in message (at simulation time 157.001,800,000 s)
2024-06-03 19:50:56,586 INFO  - Recieve a message from other vehicle (at simulation time 157.001,900,000 s)
2024-06-03 19:50:56,586 INFO  - Recending a message from other vehicle (at simulation time 157.001,900,000 s)
2024-06-03 19:50:56,586 INFO  - Recieve a message from other vehicle (at simulation time 157.001,900,000 s)
2024-06-03 19:50:56,586 INFO  - I'm in better position but no more hops in message (at simulation time 157.001,900,000 s)
2024-06-03 19:50:56,586 INFO  - Recieve a message from other vehicle (at simulation time 157.001,900,000 s)
2024-06-03 19:50:56,586 INFO  - Recending a message from other vehicle (at simulation time 157.001,900,000 s)
2024-06-03 19:50:56,586 INFO  - Recieve a message from other vehicle (at simulation time 157.002,300,000 s)
2024-06-03 19:50:56,586 INFO  - I'm in better position but no more hops in message (at simulation time 157.002,300,000 s)
2024-06-03 19:50:56,586 INFO  - Recieve a message from other vehicle (at simulation time 157.002,400,000 s)
2024-06-03 19:50:56,586 INFO  - I'm in better position but no more hops in message (at simulation time 157.002,400,000 s)
2024-06-03 19:50:56,586 INFO  - Recieve a message from other vehicle (at simulation time 157.002,400,000 s)
2024-06-03 19:50:56,586 INFO  - Recending a message from other vehicle (at simulation time 157.002,400,000 s)
2024-06-03 19:50:56,587 INFO  - Recieve a message from other vehicle (at simulation time 157.003,300,000 s)
2024-06-03 19:50:56,587 INFO  - I'm in better position but no more hops in message (at simulation time 157.003,300,000 s)
2024-06-03 19:50:56,589 INFO  - Called #onVehicleUpdated (at simulation time 158.000,000,000 s)
2024-06-03 19:50:56,589 INFO  - Sending out AdHoc broadcast (at simulation time 158.000,000,000 s)
2024-06-03 19:50:56,589 INFO  - Sending out AdHoc broadcast (at simulation time 158.000,000,000 s)
2024-06-03 19:50:56,589 INFO  - Sending out AdHoc broadcast (at simulation time 158.000,000,000 s)
2024-06-03 19:50:56,590 INFO  - Recieve a message from other vehicle (at simulation time 158.000,400,000 s)
2024-06-03 19:50:56,590 INFO  - I'm in better position but no more hops in message (at simulation time 158.000,400,000 s)
2024-06-03 19:50:56,590 INFO  - Recieve a message from other vehicle (at simulation time 158.000,900,000 s)
2024-06-03 19:50:56,590 INFO  - I'm in better position but no more hops in message (at simulation time 158.000,900,000 s)
2024-06-03 19:50:56,591 INFO  - Recieve a message from other vehicle (at simulation time 158.001,400,000 s)
2024-06-03 19:50:56,591 INFO  - I'm in better position but no more hops in message (at simulation time 158.001,400,000 s)
2024-06-03 19:50:56,591 INFO  - Recieve a message from other vehicle (at simulation time 158.001,400,000 s)
2024-06-03 19:50:56,591 INFO  - I'm in better position but no more hops in message (at simulation time 158.001,400,000 s)
2024-06-03 19:50:56,591 INFO  - Recieve a message from other vehicle (at simulation time 158.001,400,000 s)
2024-06-03 19:50:56,591 INFO  - Recending a message from other vehicle (at simulation time 158.001,400,000 s)
2024-06-03 19:50:56,591 INFO  - Recieve a message from other vehicle (at simulation time 158.001,400,000 s)
2024-06-03 19:50:56,591 INFO  - I'm in better position but no more hops in message (at simulation time 158.001,400,000 s)
2024-06-03 19:50:56,591 INFO  - Recieve a message from other vehicle (at simulation time 158.001,800,000 s)
2024-06-03 19:50:56,591 INFO  - I'm in better position but no more hops in message (at simulation time 158.001,800,000 s)
2024-06-03 19:50:56,591 INFO  - Recieve a message from other vehicle (at simulation time 158.001,900,000 s)
2024-06-03 19:50:56,591 INFO  - I'm in better position but no more hops in message (at simulation time 158.001,900,000 s)
2024-06-03 19:50:56,591 INFO  - Recieve a message from other vehicle (at simulation time 158.002,300,000 s)
2024-06-03 19:50:56,591 INFO  - I'm in better position but no more hops in message (at simulation time 158.002,300,000 s)
2024-06-03 19:50:56,591 INFO  - Recieve a message from other vehicle (at simulation time 158.002,300,000 s)
2024-06-03 19:50:56,591 INFO  - I'm in better position but no more hops in message (at simulation time 158.002,300,000 s)
2024-06-03 19:50:56,592 INFO  - Recieve a message from other vehicle (at simulation time 158.003,300,000 s)
2024-06-03 19:50:56,592 INFO  - I'm in better position but no more hops in message (at simulation time 158.003,300,000 s)
2024-06-03 19:50:56,595 INFO  - Called #onVehicleUpdated (at simulation time 159.000,000,000 s)
2024-06-03 19:50:56,595 INFO  - Sending out DENM broadcast (at simulation time 159.000,000,000 s)
2024-06-03 19:50:56,595 INFO  - Sending out AdHoc broadcast (at simulation time 159.000,000,000 s)
2024-06-03 19:50:56,595 INFO  - Sending out AdHoc broadcast (at simulation time 159.000,000,000 s)
2024-06-03 19:50:56,595 INFO  - Sending out AdHoc broadcast (at simulation time 159.000,000,000 s)
2024-06-03 19:50:56,596 INFO  - Recieve a message from other vehicle (at simulation time 159.000,400,000 s)
2024-06-03 19:50:56,596 INFO  - Recending a message from other vehicle (at simulation time 159.000,400,000 s)
2024-06-03 19:50:56,597 INFO  - Recieve a message from other vehicle (at simulation time 159.000,400,000 s)
2024-06-03 19:50:56,597 INFO  - I'm in better position but no more hops in message (at simulation time 159.000,400,000 s)
2024-06-03 19:50:56,597 INFO  - Recieve a message from other vehicle (at simulation time 159.000,400,000 s)
2024-06-03 19:50:56,597 INFO  - I'm in better position but no more hops in message (at simulation time 159.000,400,000 s)
2024-06-03 19:50:56,597 INFO  - Recieve a message from other vehicle (at simulation time 159.000,900,000 s)
2024-06-03 19:50:56,597 INFO  - DENM message Recived from veh_25 -info : seco (at simulation time 159.000,900,000 s)
2024-06-03 19:50:56,597 INFO  - No more hops in DENM message (at simulation time 159.000,900,000 s)
2024-06-03 19:50:56,598 INFO  - Recieve a message from other vehicle (at simulation time 159.000,900,000 s)
2024-06-03 19:50:56,598 INFO  - DENM message Recived from veh_29 -info : seco (at simulation time 159.000,900,000 s)
2024-06-03 19:50:56,598 INFO  - No more hops in DENM message (at simulation time 159.000,900,000 s)
2024-06-03 19:50:56,598 INFO  - Recieve a message from other vehicle (at simulation time 159.000,900,000 s)
2024-06-03 19:50:56,598 INFO  - I'm in better position but no more hops in message (at simulation time 159.000,900,000 s)
2024-06-03 19:50:56,598 INFO  - Recieve a message from other vehicle (at simulation time 159.000,900,000 s)
2024-06-03 19:50:56,598 INFO  - I'm in better position but no more hops in message (at simulation time 159.000,900,000 s)
2024-06-03 19:50:56,599 INFO  - Recieve a message from other vehicle (at simulation time 159.001,300,000 s)
2024-06-03 19:50:56,599 INFO  - DENM message Recived from veh_29 -info : seco (at simulation time 159.001,300,000 s)
2024-06-03 19:50:56,599 INFO  - No more hops in DENM message (at simulation time 159.001,300,000 s)
2024-06-03 19:50:56,599 INFO  - Recieve a message from other vehicle (at simulation time 159.001,300,000 s)
2024-06-03 19:50:56,599 INFO  - My position is not better! (at simulation time 159.001,300,000 s)
2024-06-03 19:50:56,599 INFO  - Recieve a message from other vehicle (at simulation time 159.001,400,000 s)
2024-06-03 19:50:56,599 INFO  - DENM message Recived from veh_24 -info : seco (at simulation time 159.001,400,000 s)
2024-06-03 19:50:56,599 INFO  - No more hops in DENM message (at simulation time 159.001,400,000 s)
2024-06-03 19:50:56,600 INFO  - Recieve a message from other vehicle (at simulation time 159.001,400,000 s)
2024-06-03 19:50:56,600 INFO  - My position is not better! (at simulation time 159.001,400,000 s)
2024-06-03 19:50:56,601 INFO  - Recieve a message from other vehicle (at simulation time 159.001,800,000 s)
2024-06-03 19:50:56,601 INFO  - DENM message Recived from veh_25 -info : seco (at simulation time 159.001,800,000 s)
2024-06-03 19:50:56,601 INFO  - No more hops in DENM message (at simulation time 159.001,800,000 s)
2024-06-03 19:50:56,601 INFO  - Recieve a message from other vehicle (at simulation time 159.001,800,000 s)
2024-06-03 19:50:56,601 INFO  - My position is not better! (at simulation time 159.001,800,000 s)
2024-06-03 19:50:56,601 INFO  - Recieve a message from other vehicle (at simulation time 159.001,900,000 s)
2024-06-03 19:50:56,601 INFO  - I'm in better position but no more hops in message (at simulation time 159.001,900,000 s)
2024-06-03 19:50:56,602 INFO  - Recieve a message from other vehicle (at simulation time 159.001,900,000 s)
2024-06-03 19:50:56,602 INFO  - I'm in better position but no more hops in message (at simulation time 159.001,900,000 s)
2024-06-03 19:50:56,602 INFO  - Recieve a message from other vehicle (at simulation time 159.001,900,000 s)
2024-06-03 19:50:56,602 INFO  - I'm in better position but no more hops in message (at simulation time 159.001,900,000 s)
2024-06-03 19:50:56,602 INFO  - Recieve a message from other vehicle (at simulation time 159.002,300,000 s)
2024-06-03 19:50:56,602 INFO  - DENM message Recived from veh_24 -info : seco (at simulation time 159.002,300,000 s)
2024-06-03 19:50:56,602 INFO  - No more hops in DENM message (at simulation time 159.002,300,000 s)
2024-06-03 19:50:56,603 INFO  - Recieve a message from other vehicle (at simulation time 159.002,400,000 s)
2024-06-03 19:50:56,603 INFO  - I'm in better position but no more hops in message (at simulation time 159.002,400,000 s)
2024-06-03 19:50:56,603 INFO  - Recieve a message from other vehicle (at simulation time 159.003,300,000 s)
2024-06-03 19:50:56,603 INFO  - DENM message Recived from veh_27 -info : seco (at simulation time 159.003,300,000 s)
2024-06-03 19:50:56,603 INFO  - No more hops in DENM message (at simulation time 159.003,300,000 s)
2024-06-03 19:50:56,603 INFO  - Recieve a message from other vehicle (at simulation time 159.003,800,000 s)
2024-06-03 19:50:56,603 INFO  - My position is not better! (at simulation time 159.003,800,000 s)
2024-06-03 19:50:56,606 INFO  - Called #onVehicleUpdated (at simulation time 160.000,000,000 s)
2024-06-03 19:50:56,606 INFO  - Sending out AdHoc broadcast (at simulation time 160.000,000,000 s)
2024-06-03 19:50:56,606 INFO  - Sending out AdHoc broadcast (at simulation time 160.000,000,000 s)
2024-06-03 19:50:56,606 INFO  - Sending out AdHoc broadcast (at simulation time 160.000,000,000 s)
2024-06-03 19:50:56,607 INFO  - Recieve a message from other vehicle (at simulation time 160.000,400,000 s)
2024-06-03 19:50:56,607 INFO  - DENM message Recived from veh_28 -info : piso-molhado (at simulation time 160.000,400,000 s)
2024-06-03 19:50:56,607 INFO  - I slow down due to road state (at simulation time 160.000,400,000 s)
2024-06-03 19:50:56,607 INFO  - Recending a DENM message from other vehicle (at simulation time 160.000,400,000 s)
2024-06-03 19:50:56,613 INFO  - Recieve a message from other vehicle (at simulation time 160.001,300,000 s)
2024-06-03 19:50:56,613 INFO  - My position is not better! (at simulation time 160.001,300,000 s)
2024-06-03 19:50:56,614 INFO  - Recieve a message from other vehicle (at simulation time 160.001,400,000 s)
2024-06-03 19:50:56,614 INFO  - DENM message Recived from veh_26 -info : seco (at simulation time 160.001,400,000 s)
2024-06-03 19:50:56,614 INFO  - No more hops in DENM message (at simulation time 160.001,400,000 s)
2024-06-03 19:50:56,614 INFO  - Recieve a message from other vehicle (at simulation time 160.001,400,000 s)
2024-06-03 19:50:56,614 INFO  - My position is not better! (at simulation time 160.001,400,000 s)
2024-06-03 19:50:56,614 INFO  - Recieve a message from other vehicle (at simulation time 160.001,400,000 s)
2024-06-03 19:50:56,614 INFO  - My position is not better! (at simulation time 160.001,400,000 s)
2024-06-03 19:50:56,615 INFO  - Recieve a message from other vehicle (at simulation time 160.001,400,000 s)
2024-06-03 19:50:56,615 INFO  - My position is not better! (at simulation time 160.001,400,000 s)
2024-06-03 19:50:56,615 INFO  - Recieve a message from other vehicle (at simulation time 160.001,800,000 s)
2024-06-03 19:50:56,615 INFO  - My position is not better! (at simulation time 160.001,800,000 s)
2024-06-03 19:50:56,617 INFO  - Recieve a message from other vehicle (at simulation time 160.001,900,000 s)
2024-06-03 19:50:56,617 INFO  - My position is not better! (at simulation time 160.001,900,000 s)
2024-06-03 19:50:56,618 INFO  - Recieve a message from other vehicle (at simulation time 160.001,900,000 s)
2024-06-03 19:50:56,618 INFO  - My position is not better! (at simulation time 160.001,900,000 s)
2024-06-03 19:50:56,619 INFO  - Recieve a message from other vehicle (at simulation time 160.002,300,000 s)
2024-06-03 19:50:56,619 INFO  - DENM message Recived from veh_26 -info : seco (at simulation time 160.002,300,000 s)
2024-06-03 19:50:56,619 INFO  - No more hops in DENM message (at simulation time 160.002,300,000 s)
2024-06-03 19:50:56,620 INFO  - Recieve a message from other vehicle (at simulation time 160.002,300,000 s)
2024-06-03 19:50:56,620 INFO  - My position is not better! (at simulation time 160.002,300,000 s)
2024-06-03 19:50:56,621 INFO  - Recieve a message from other vehicle (at simulation time 160.002,400,000 s)
2024-06-03 19:50:56,621 INFO  - My position is not better! (at simulation time 160.002,400,000 s)
2024-06-03 19:50:56,621 INFO  - Recieve a message from other vehicle (at simulation time 160.002,400,000 s)
2024-06-03 19:50:56,621 INFO  - My position is not better! (at simulation time 160.002,400,000 s)
2024-06-03 19:50:56,621 INFO  - Recieve a message from other vehicle (at simulation time 160.002,400,000 s)
2024-06-03 19:50:56,621 INFO  - My position is not better! (at simulation time 160.002,400,000 s)
2024-06-03 19:50:56,622 INFO  - Recieve a message from other vehicle (at simulation time 160.002,800,000 s)
2024-06-03 19:50:56,622 INFO  - My position is not better! (at simulation time 160.002,800,000 s)
2024-06-03 19:50:56,623 INFO  - Recieve a message from other vehicle (at simulation time 160.003,300,000 s)
2024-06-03 19:50:56,623 INFO  - My position is not better! (at simulation time 160.003,300,000 s)
2024-06-03 19:50:56,625 INFO  - Called #onVehicleUpdated (at simulation time 161.000,000,000 s)
2024-06-03 19:50:56,625 INFO  - Sending out AdHoc broadcast (at simulation time 161.000,000,000 s)
2024-06-03 19:50:56,625 INFO  - Sending out AdHoc broadcast (at simulation time 161.000,000,000 s)
2024-06-03 19:50:56,625 INFO  - Sending out AdHoc broadcast (at simulation time 161.000,000,000 s)
2024-06-03 19:50:56,626 INFO  - Recieve a message from other vehicle (at simulation time 161.000,400,000 s)
2024-06-03 19:50:56,627 INFO  - My position is not better! (at simulation time 161.000,400,000 s)
2024-06-03 19:50:56,627 INFO  - Recieve a message from other vehicle (at simulation time 161.000,400,000 s)
2024-06-03 19:50:56,627 INFO  - My position is not better! (at simulation time 161.000,400,000 s)
2024-06-03 19:50:56,628 INFO  - Recieve a message from other vehicle (at simulation time 161.000,800,000 s)
2024-06-03 19:50:56,628 INFO  - My position is not better! (at simulation time 161.000,800,000 s)
2024-06-03 19:50:56,629 INFO  - Recieve a message from other vehicle (at simulation time 161.000,900,000 s)
2024-06-03 19:50:56,630 INFO  - My position is not better! (at simulation time 161.000,900,000 s)
2024-06-03 19:50:56,630 INFO  - Recieve a message from other vehicle (at simulation time 161.001,300,000 s)
2024-06-03 19:50:56,630 INFO  - My position is not better! (at simulation time 161.001,300,000 s)
2024-06-03 19:50:56,630 INFO  - Recieve a message from other vehicle (at simulation time 161.001,400,000 s)
2024-06-03 19:50:56,630 INFO  - My position is not better! (at simulation time 161.001,400,000 s)
2024-06-03 19:50:56,630 INFO  - Recieve a message from other vehicle (at simulation time 161.001,400,000 s)
2024-06-03 19:50:56,630 INFO  - My position is not better! (at simulation time 161.001,400,000 s)
2024-06-03 19:50:56,630 INFO  - Recieve a message from other vehicle (at simulation time 161.001,800,000 s)
2024-06-03 19:50:56,630 INFO  - My position is not better! (at simulation time 161.001,800,000 s)
2024-06-03 19:50:56,630 INFO  - Recieve a message from other vehicle (at simulation time 161.001,900,000 s)
2024-06-03 19:50:56,630 INFO  - My position is not better! (at simulation time 161.001,900,000 s)
2024-06-03 19:50:56,630 INFO  - Recieve a message from other vehicle (at simulation time 161.001,900,000 s)
2024-06-03 19:50:56,630 INFO  - My position is not better! (at simulation time 161.001,900,000 s)
2024-06-03 19:50:56,631 INFO  - Recieve a message from other vehicle (at simulation time 161.002,300,000 s)
2024-06-03 19:50:56,631 INFO  - My position is not better! (at simulation time 161.002,300,000 s)
2024-06-03 19:50:56,631 INFO  - Recieve a message from other vehicle (at simulation time 161.002,400,000 s)
2024-06-03 19:50:56,631 INFO  - My position is not better! (at simulation time 161.002,400,000 s)
2024-06-03 19:50:56,631 INFO  - Recieve a message from other vehicle (at simulation time 161.002,400,000 s)
2024-06-03 19:50:56,631 INFO  - My position is not better! (at simulation time 161.002,400,000 s)
2024-06-03 19:50:56,631 INFO  - Recieve a message from other vehicle (at simulation time 161.002,400,000 s)
2024-06-03 19:50:56,631 INFO  - My position is not better! (at simulation time 161.002,400,000 s)
2024-06-03 19:50:56,632 INFO  - Called #onVehicleUpdated (at simulation time 162.000,000,000 s)
2024-06-03 19:50:56,632 INFO  - Sending out AdHoc broadcast (at simulation time 162.000,000,000 s)
2024-06-03 19:50:56,632 INFO  - Sending out AdHoc broadcast (at simulation time 162.000,000,000 s)
2024-06-03 19:50:56,633 INFO  - Sending out AdHoc broadcast (at simulation time 162.000,000,000 s)
2024-06-03 19:50:56,635 INFO  - Recieve a message from other vehicle (at simulation time 162.000,900,000 s)
2024-06-03 19:50:56,635 INFO  - My position is not better! (at simulation time 162.000,900,000 s)
2024-06-03 19:50:56,635 INFO  - Recieve a message from other vehicle (at simulation time 162.000,900,000 s)
2024-06-03 19:50:56,635 INFO  - My position is not better! (at simulation time 162.000,900,000 s)
2024-06-03 19:50:56,635 INFO  - Recieve a message from other vehicle (at simulation time 162.001,300,000 s)
2024-06-03 19:50:56,635 INFO  - My position is not better! (at simulation time 162.001,300,000 s)
2024-06-03 19:50:56,635 INFO  - Recieve a message from other vehicle (at simulation time 162.001,400,000 s)
2024-06-03 19:50:56,635 INFO  - My position is not better! (at simulation time 162.001,400,000 s)
2024-06-03 19:50:56,635 INFO  - Recieve a message from other vehicle (at simulation time 162.001,400,000 s)
2024-06-03 19:50:56,635 INFO  - My position is not better! (at simulation time 162.001,400,000 s)
2024-06-03 19:50:56,635 INFO  - Recieve a message from other vehicle (at simulation time 162.001,400,000 s)
2024-06-03 19:50:56,635 INFO  - My position is not better! (at simulation time 162.001,400,000 s)
2024-06-03 19:50:56,636 INFO  - Recieve a message from other vehicle (at simulation time 162.001,400,000 s)
2024-06-03 19:50:56,636 INFO  - My position is not better! (at simulation time 162.001,400,000 s)
2024-06-03 19:50:56,636 INFO  - Recieve a message from other vehicle (at simulation time 162.001,800,000 s)
2024-06-03 19:50:56,636 INFO  - My position is not better! (at simulation time 162.001,800,000 s)
2024-06-03 19:50:56,636 INFO  - Recieve a message from other vehicle (at simulation time 162.001,900,000 s)
2024-06-03 19:50:56,636 INFO  - My position is not better! (at simulation time 162.001,900,000 s)
2024-06-03 19:50:56,636 INFO  - Recieve a message from other vehicle (at simulation time 162.001,900,000 s)
2024-06-03 19:50:56,636 INFO  - My position is not better! (at simulation time 162.001,900,000 s)
2024-06-03 19:50:56,637 INFO  - Recieve a message from other vehicle (at simulation time 162.002,300,000 s)
2024-06-03 19:50:56,637 INFO  - My position is not better! (at simulation time 162.002,300,000 s)
2024-06-03 19:50:56,638 INFO  - Recieve a message from other vehicle (at simulation time 162.004,300,000 s)
2024-06-03 19:50:56,638 INFO  - My position is not better! (at simulation time 162.004,300,000 s)
2024-06-03 19:50:56,640 INFO  - Called #onVehicleUpdated (at simulation time 163.000,000,000 s)
2024-06-03 19:50:56,640 INFO  - Sending out AdHoc broadcast (at simulation time 163.000,000,000 s)
2024-06-03 19:50:56,640 INFO  - Sending out AdHoc broadcast (at simulation time 163.000,000,000 s)
2024-06-03 19:50:56,640 INFO  - Sending out AdHoc broadcast (at simulation time 163.000,000,000 s)
2024-06-03 19:50:56,642 INFO  - Recieve a message from other vehicle (at simulation time 163.000,400,000 s)
2024-06-03 19:50:56,642 INFO  - My position is not better! (at simulation time 163.000,400,000 s)
2024-06-03 19:50:56,642 INFO  - Recieve a message from other vehicle (at simulation time 163.000,900,000 s)
2024-06-03 19:50:56,642 INFO  - My position is not better! (at simulation time 163.000,900,000 s)
2024-06-03 19:50:56,644 INFO  - Recieve a message from other vehicle (at simulation time 163.001,400,000 s)
2024-06-03 19:50:56,644 INFO  - My position is not better! (at simulation time 163.001,400,000 s)
2024-06-03 19:50:56,645 INFO  - Recieve a message from other vehicle (at simulation time 163.001,800,000 s)
2024-06-03 19:50:56,645 INFO  - My position is not better! (at simulation time 163.001,800,000 s)
2024-06-03 19:50:56,645 INFO  - Recieve a message from other vehicle (at simulation time 163.001,900,000 s)
2024-06-03 19:50:56,645 INFO  - My position is not better! (at simulation time 163.001,900,000 s)
2024-06-03 19:50:56,645 INFO  - Recieve a message from other vehicle (at simulation time 163.001,900,000 s)
2024-06-03 19:50:56,645 INFO  - My position is not better! (at simulation time 163.001,900,000 s)
2024-06-03 19:50:56,646 INFO  - Recieve a message from other vehicle (at simulation time 163.002,300,000 s)
2024-06-03 19:50:56,646 INFO  - My position is not better! (at simulation time 163.002,300,000 s)
2024-06-03 19:50:56,646 INFO  - Recieve a message from other vehicle (at simulation time 163.002,800,000 s)
2024-06-03 19:50:56,646 INFO  - My position is not better! (at simulation time 163.002,800,000 s)
2024-06-03 19:50:56,646 INFO  - Recieve a message from other vehicle (at simulation time 163.003,300,000 s)
2024-06-03 19:50:56,646 INFO  - My position is not better! (at simulation time 163.003,300,000 s)
2024-06-03 19:50:56,649 INFO  - Called #onVehicleUpdated (at simulation time 164.000,000,000 s)
2024-06-03 19:50:56,649 INFO  - Sending out AdHoc broadcast (at simulation time 164.000,000,000 s)
2024-06-03 19:50:56,649 INFO  - Sending out AdHoc broadcast (at simulation time 164.000,000,000 s)
2024-06-03 19:50:56,649 INFO  - Sending out AdHoc broadcast (at simulation time 164.000,000,000 s)
2024-06-03 19:50:56,650 INFO  - Recieve a message from other vehicle (at simulation time 164.000,400,000 s)
2024-06-03 19:50:56,650 INFO  - My position is not better! (at simulation time 164.000,400,000 s)
2024-06-03 19:50:56,651 INFO  - Recieve a message from other vehicle (at simulation time 164.001,300,000 s)
2024-06-03 19:50:56,651 INFO  - My position is not better! (at simulation time 164.001,300,000 s)
2024-06-03 19:50:56,651 INFO  - Recieve a message from other vehicle (at simulation time 164.001,400,000 s)
2024-06-03 19:50:56,651 INFO  - My position is not better! (at simulation time 164.001,400,000 s)
2024-06-03 19:50:56,652 INFO  - Recieve a message from other vehicle (at simulation time 164.001,900,000 s)
2024-06-03 19:50:56,652 INFO  - My position is not better! (at simulation time 164.001,900,000 s)
2024-06-03 19:50:56,653 INFO  - Recieve a message from other vehicle (at simulation time 164.002,400,000 s)
2024-06-03 19:50:56,653 INFO  - My position is not better! (at simulation time 164.002,400,000 s)
2024-06-03 19:50:56,653 INFO  - Recieve a message from other vehicle (at simulation time 164.003,300,000 s)
2024-06-03 19:50:56,653 INFO  - My position is not better! (at simulation time 164.003,300,000 s)
2024-06-03 19:50:56,653 INFO  - Recieve a message from other vehicle (at simulation time 164.003,800,000 s)
2024-06-03 19:50:56,653 INFO  - My position is not better! (at simulation time 164.003,800,000 s)
2024-06-03 19:50:56,656 INFO  - Called #onVehicleUpdated (at simulation time 165.000,000,000 s)
2024-06-03 19:50:56,656 INFO  - Sending out AdHoc broadcast (at simulation time 165.000,000,000 s)
2024-06-03 19:50:56,656 INFO  - Sending out AdHoc broadcast (at simulation time 165.000,000,000 s)
2024-06-03 19:50:56,657 INFO  - Sending out AdHoc broadcast (at simulation time 165.000,000,000 s)
2024-06-03 19:50:56,665 INFO  - Called #onVehicleUpdated (at simulation time 166.000,000,000 s)
2024-06-03 19:50:56,665 INFO  - Sending out AdHoc broadcast (at simulation time 166.000,000,000 s)
2024-06-03 19:50:56,665 INFO  - Sending out AdHoc broadcast (at simulation time 166.000,000,000 s)
2024-06-03 19:50:56,665 INFO  - Sending out AdHoc broadcast (at simulation time 166.000,000,000 s)
2024-06-03 19:50:56,671 INFO  - Called #onVehicleUpdated (at simulation time 167.000,000,000 s)
2024-06-03 19:50:56,672 INFO  - Sending out AdHoc broadcast (at simulation time 167.000,000,000 s)
2024-06-03 19:50:56,672 INFO  - Sending out AdHoc broadcast (at simulation time 167.000,000,000 s)
2024-06-03 19:50:56,672 INFO  - Sending out AdHoc broadcast (at simulation time 167.000,000,000 s)
2024-06-03 19:50:56,679 INFO  - Called #onVehicleUpdated (at simulation time 168.000,000,000 s)
2024-06-03 19:50:56,679 INFO  - Sending out AdHoc broadcast (at simulation time 168.000,000,000 s)
2024-06-03 19:50:56,679 INFO  - Sending out AdHoc broadcast (at simulation time 168.000,000,000 s)
2024-06-03 19:50:56,679 INFO  - Sending out AdHoc broadcast (at simulation time 168.000,000,000 s)
2024-06-03 19:50:56,684 INFO  - Called #onVehicleUpdated (at simulation time 169.000,000,000 s)
2024-06-03 19:50:56,684 INFO  - Sending out AdHoc broadcast (at simulation time 169.000,000,000 s)
2024-06-03 19:50:56,684 INFO  - Sending out AdHoc broadcast (at simulation time 169.000,000,000 s)
2024-06-03 19:50:56,685 INFO  - Sending out AdHoc broadcast (at simulation time 169.000,000,000 s)
2024-06-03 19:50:56,691 INFO  - Called #onVehicleUpdated (at simulation time 170.000,000,000 s)
2024-06-03 19:50:56,692 INFO  - Sending out AdHoc broadcast (at simulation time 170.000,000,000 s)
2024-06-03 19:50:56,692 INFO  - Sending out AdHoc broadcast (at simulation time 170.000,000,000 s)
2024-06-03 19:50:56,692 INFO  - Sending out AdHoc broadcast (at simulation time 170.000,000,000 s)
2024-06-03 19:50:56,695 INFO  - Called #onVehicleUpdated (at simulation time 171.000,000,000 s)
2024-06-03 19:50:56,696 INFO  - Sending out AdHoc broadcast (at simulation time 171.000,000,000 s)
2024-06-03 19:50:56,696 INFO  - Sending out AdHoc broadcast (at simulation time 171.000,000,000 s)
2024-06-03 19:50:56,696 INFO  - Sending out AdHoc broadcast (at simulation time 171.000,000,000 s)
2024-06-03 19:50:56,697 INFO  - Called #onVehicleUpdated (at simulation time 172.000,000,000 s)
2024-06-03 19:50:56,697 INFO  - Exced velocity! Sending new CAM (at simulation time 172.000,000,000 s)
2024-06-03 19:50:56,697 INFO  - Sending out AdHoc broadcast (at simulation time 172.000,000,000 s)
2024-06-03 19:50:56,698 INFO  - Sending out AdHoc broadcast (at simulation time 172.000,000,000 s)
2024-06-03 19:50:56,698 INFO  - Sending out AdHoc broadcast (at simulation time 172.000,000,000 s)
2024-06-03 19:50:56,698 INFO  - Sending out AdHoc broadcast (at simulation time 172.000,000,000 s)
2024-06-03 19:50:56,700 INFO  - Shutdown (at simulation time 173.000,000,000 s)
