2024-06-03 18:22:43,603 INFO  - Initialize Vehicle application (at simulation time 6.000,000,000 s)
2024-06-03 18:22:43,605 INFO  - Activated WLAN Module (at simulation time 6.000,000,000 s)
2024-06-03 18:22:43,616 INFO  - Called #onVehicleUpdated (at simulation time 6.000,000,000 s)
2024-06-03 18:22:43,858 INFO  - Called #onVehicleUpdated (at simulation time 7.000,000,000 s)
2024-06-03 18:22:43,860 INFO  - Define the name: veh_0 and route: r_0 (at simulation time 7.000,000,000 s)
2024-06-03 18:22:43,860 INFO  - Sending out AdHoc broadcast (at simulation time 7.000,000,000 s)
2024-06-03 18:22:44,095 INFO  - Called #onVehicleUpdated (at simulation time 8.000,000,000 s)
2024-06-03 18:22:44,346 INFO  - Called #onVehicleUpdated (at simulation time 9.000,000,000 s)
2024-06-03 18:22:44,347 INFO  - Sending out AdHoc broadcast (at simulation time 9.000,000,000 s)
2024-06-03 18:22:44,610 INFO  - Called #onVehicleUpdated (at simulation time 10.000,000,000 s)
2024-06-03 18:22:44,848 INFO  - Called #onVehicleUpdated (at simulation time 11.000,000,000 s)
2024-06-03 18:22:44,852 INFO  - Sending out AdHoc broadcast (at simulation time 11.000,000,000 s)
2024-06-03 18:22:45,097 INFO  - Called #onVehicleUpdated (at simulation time 12.000,000,000 s)
2024-06-03 18:22:45,346 INFO  - Called #onVehicleUpdated (at simulation time 13.000,000,000 s)
2024-06-03 18:22:45,348 INFO  - Sending out AdHoc broadcast (at simulation time 13.000,000,000 s)
2024-06-03 18:22:45,351 INFO  - Recieve a message from other vehicle (at simulation time 13.000,400,000 s)
2024-06-03 18:22:45,351 INFO  - My position is not better! (at simulation time 13.000,400,000 s)
2024-06-03 18:22:45,351 INFO  - Recieve a message from other vehicle (at simulation time 13.000,400,000 s)
2024-06-03 18:22:45,351 INFO  - My position is not better! (at simulation time 13.000,400,000 s)
2024-06-03 18:22:45,352 INFO  - Recieve a message from other vehicle (at simulation time 13.000,900,000 s)
2024-06-03 18:22:45,352 INFO  - My position is not better! (at simulation time 13.000,900,000 s)
2024-06-03 18:22:45,356 INFO  - Recieve a message from other vehicle (at simulation time 13.001,400,000 s)
2024-06-03 18:22:45,356 INFO  - My position is not better! (at simulation time 13.001,400,000 s)
2024-06-03 18:22:45,357 INFO  - Recieve a message from other vehicle (at simulation time 13.001,400,000 s)
2024-06-03 18:22:45,357 INFO  - My position is not better! (at simulation time 13.001,400,000 s)
2024-06-03 18:22:45,358 INFO  - Recieve a message from other vehicle (at simulation time 13.001,400,000 s)
2024-06-03 18:22:45,358 INFO  - My position is not better! (at simulation time 13.001,400,000 s)
2024-06-03 18:22:45,358 INFO  - Recieve a message from other vehicle (at simulation time 13.001,400,000 s)
2024-06-03 18:22:45,358 INFO  - My position is not better! (at simulation time 13.001,400,000 s)
2024-06-03 18:22:45,362 INFO  - Recieve a message from other vehicle (at simulation time 13.001,900,000 s)
2024-06-03 18:22:45,362 INFO  - My position is not better! (at simulation time 13.001,900,000 s)
2024-06-03 18:22:45,365 INFO  - Recieve a message from other vehicle (at simulation time 13.002,400,000 s)
2024-06-03 18:22:45,365 INFO  - My position is not better! (at simulation time 13.002,400,000 s)
2024-06-03 18:22:45,365 INFO  - Recieve a message from other vehicle (at simulation time 13.002,800,000 s)
2024-06-03 18:22:45,365 INFO  - My position is not better! (at simulation time 13.002,800,000 s)
2024-06-03 18:22:45,366 INFO  - Recieve a message from other vehicle (at simulation time 13.002,800,000 s)
2024-06-03 18:22:45,366 INFO  - My position is not better! (at simulation time 13.002,800,000 s)
2024-06-03 18:22:45,366 INFO  - Recieve a message from other vehicle (at simulation time 13.002,800,000 s)
2024-06-03 18:22:45,366 INFO  - My position is not better! (at simulation time 13.002,800,000 s)
2024-06-03 18:22:45,366 INFO  - Recieve a message from other vehicle (at simulation time 13.003,300,000 s)
2024-06-03 18:22:45,366 INFO  - My position is not better! (at simulation time 13.003,300,000 s)
2024-06-03 18:22:45,367 INFO  - Recieve a message from other vehicle (at simulation time 13.003,800,000 s)
2024-06-03 18:22:45,367 INFO  - I'm in better position but no more hops in message (at simulation time 13.003,800,000 s)
2024-06-03 18:22:45,367 INFO  - Recieve a message from other vehicle (at simulation time 13.003,800,000 s)
2024-06-03 18:22:45,367 INFO  - My position is not better! (at simulation time 13.003,800,000 s)
2024-06-03 18:22:45,367 INFO  - Recieve a message from other vehicle (at simulation time 13.003,800,000 s)
2024-06-03 18:22:45,367 INFO  - My position is not better! (at simulation time 13.003,800,000 s)
2024-06-03 18:22:45,599 INFO  - Called #onVehicleUpdated (at simulation time 14.000,000,000 s)
2024-06-03 18:22:45,608 INFO  - Recieve a message from other vehicle (at simulation time 14.000,400,000 s)
2024-06-03 18:22:45,608 INFO  - My position is not better! (at simulation time 14.000,400,000 s)
2024-06-03 18:22:45,610 INFO  - Recieve a message from other vehicle (at simulation time 14.000,900,000 s)
2024-06-03 18:22:45,610 INFO  - My position is not better! (at simulation time 14.000,900,000 s)
2024-06-03 18:22:45,610 INFO  - Recieve a message from other vehicle (at simulation time 14.000,900,000 s)
2024-06-03 18:22:45,610 INFO  - My position is not better! (at simulation time 14.000,900,000 s)
2024-06-03 18:22:45,612 INFO  - Recieve a message from other vehicle (at simulation time 14.000,900,000 s)
2024-06-03 18:22:45,612 INFO  - Recending a message from other vehicle (at simulation time 14.000,900,000 s)
2024-06-03 18:22:45,614 INFO  - Recieve a message from other vehicle (at simulation time 14.001,300,000 s)
2024-06-03 18:22:45,615 INFO  - I'm in better position but no more hops in message (at simulation time 14.001,300,000 s)
2024-06-03 18:22:45,616 INFO  - Recieve a message from other vehicle (at simulation time 14.001,400,000 s)
2024-06-03 18:22:45,616 INFO  - My position is not better! (at simulation time 14.001,400,000 s)
2024-06-03 18:22:45,617 INFO  - Recieve a message from other vehicle (at simulation time 14.001,400,000 s)
2024-06-03 18:22:45,617 INFO  - My position is not better! (at simulation time 14.001,400,000 s)
2024-06-03 18:22:45,618 INFO  - Recieve a message from other vehicle (at simulation time 14.001,400,000 s)
2024-06-03 18:22:45,618 INFO  - My position is not better! (at simulation time 14.001,400,000 s)
2024-06-03 18:22:45,618 INFO  - Recieve a message from other vehicle (at simulation time 14.001,800,000 s)
2024-06-03 18:22:45,619 INFO  - My position is not better! (at simulation time 14.001,800,000 s)
2024-06-03 18:22:45,619 INFO  - Recieve a message from other vehicle (at simulation time 14.001,900,000 s)
2024-06-03 18:22:45,619 INFO  - I'm in better position but no more hops in message (at simulation time 14.001,900,000 s)
2024-06-03 18:22:45,619 INFO  - Recieve a message from other vehicle (at simulation time 14.001,900,000 s)
2024-06-03 18:22:45,619 INFO  - My position is not better! (at simulation time 14.001,900,000 s)
2024-06-03 18:22:45,621 INFO  - Recieve a message from other vehicle (at simulation time 14.002,300,000 s)
2024-06-03 18:22:45,621 INFO  - My position is not better! (at simulation time 14.002,300,000 s)
2024-06-03 18:22:45,622 INFO  - Recieve a message from other vehicle (at simulation time 14.002,400,000 s)
2024-06-03 18:22:45,622 INFO  - I'm in better position but no more hops in message (at simulation time 14.002,400,000 s)
2024-06-03 18:22:45,623 INFO  - Recieve a message from other vehicle (at simulation time 14.003,300,000 s)
2024-06-03 18:22:45,623 INFO  - I'm in better position but no more hops in message (at simulation time 14.003,300,000 s)
2024-06-03 18:22:45,623 INFO  - Recieve a message from other vehicle (at simulation time 14.003,300,000 s)
2024-06-03 18:22:45,623 INFO  - My position is not better! (at simulation time 14.003,300,000 s)
2024-06-03 18:22:45,623 INFO  - Recieve a message from other vehicle (at simulation time 14.004,300,000 s)
2024-06-03 18:22:45,623 INFO  - My position is not better! (at simulation time 14.004,300,000 s)
2024-06-03 18:22:45,857 INFO  - Called #onVehicleUpdated (at simulation time 15.000,000,000 s)
2024-06-03 18:22:45,858 INFO  - Sending out DENM broadcast (at simulation time 15.000,000,000 s)
2024-06-03 18:22:45,860 INFO  - Sending out AdHoc broadcast (at simulation time 15.000,000,000 s)
2024-06-03 18:22:45,862 INFO  - Recieve a message from other vehicle (at simulation time 15.000,400,000 s)
2024-06-03 18:22:45,862 INFO  - DENM message Recived from veh_3 -info : seco (at simulation time 15.000,400,000 s)
2024-06-03 18:22:45,863 INFO  - No more hops in DENM message (at simulation time 15.000,400,000 s)
2024-06-03 18:22:45,863 INFO  - Recieve a message from other vehicle (at simulation time 15.000,400,000 s)
2024-06-03 18:22:45,863 INFO  - My position is not better! (at simulation time 15.000,400,000 s)
2024-06-03 18:22:45,863 INFO  - Recieve a message from other vehicle (at simulation time 15.000,400,000 s)
2024-06-03 18:22:45,863 INFO  - My position is not better! (at simulation time 15.000,400,000 s)
2024-06-03 18:22:45,865 INFO  - Recieve a message from other vehicle (at simulation time 15.000,900,000 s)
2024-06-03 18:22:45,865 INFO  - My position is not better! (at simulation time 15.000,900,000 s)
2024-06-03 18:22:45,866 INFO  - Recieve a message from other vehicle (at simulation time 15.001,300,000 s)
2024-06-03 18:22:45,867 INFO  - DENM message Recived from veh_0 -info : seco (at simulation time 15.001,300,000 s)
2024-06-03 18:22:45,867 INFO  - No more hops in DENM message (at simulation time 15.001,300,000 s)
2024-06-03 18:22:45,867 INFO  - Recieve a message from other vehicle (at simulation time 15.001,300,000 s)
2024-06-03 18:22:45,867 INFO  - DENM message Recived from veh_1 -info : seco (at simulation time 15.001,300,000 s)
2024-06-03 18:22:45,867 INFO  - No more hops in DENM message (at simulation time 15.001,300,000 s)
2024-06-03 18:22:45,867 INFO  - Recieve a message from other vehicle (at simulation time 15.001,300,000 s)
2024-06-03 18:22:45,867 INFO  - DENM message Recived from veh_3 -info : seco (at simulation time 15.001,300,000 s)
2024-06-03 18:22:45,867 INFO  - No more hops in DENM message (at simulation time 15.001,300,000 s)
2024-06-03 18:22:45,867 INFO  - Recieve a message from other vehicle (at simulation time 15.001,400,000 s)
2024-06-03 18:22:45,867 INFO  - DENM message Recived from veh_1 -info : seco (at simulation time 15.001,400,000 s)
2024-06-03 18:22:45,867 INFO  - No more hops in DENM message (at simulation time 15.001,400,000 s)
2024-06-03 18:22:45,868 INFO  - Recieve a message from other vehicle (at simulation time 15.001,400,000 s)
2024-06-03 18:22:45,868 INFO  - My position is not better! (at simulation time 15.001,400,000 s)
2024-06-03 18:22:45,868 INFO  - Recieve a message from other vehicle (at simulation time 15.001,800,000 s)
2024-06-03 18:22:45,868 INFO  - DENM message Recived from veh_5 -info : seco (at simulation time 15.001,800,000 s)
2024-06-03 18:22:45,868 INFO  - No more hops in DENM message (at simulation time 15.001,800,000 s)
2024-06-03 18:22:45,869 INFO  - Recieve a message from other vehicle (at simulation time 15.001,900,000 s)
2024-06-03 18:22:45,869 INFO  - DENM message Recived from veh_5 -info : seco (at simulation time 15.001,900,000 s)
2024-06-03 18:22:45,869 INFO  - No more hops in DENM message (at simulation time 15.001,900,000 s)
2024-06-03 18:22:45,869 INFO  - Recieve a message from other vehicle (at simulation time 15.001,900,000 s)
2024-06-03 18:22:45,869 INFO  - My position is not better! (at simulation time 15.001,900,000 s)
2024-06-03 18:22:45,869 INFO  - Recieve a message from other vehicle (at simulation time 15.001,900,000 s)
2024-06-03 18:22:45,869 INFO  - My position is not better! (at simulation time 15.001,900,000 s)
2024-06-03 18:22:45,869 INFO  - Recieve a message from other vehicle (at simulation time 15.001,900,000 s)
2024-06-03 18:22:45,869 INFO  - My position is not better! (at simulation time 15.001,900,000 s)
2024-06-03 18:22:45,869 INFO  - Recieve a message from other vehicle (at simulation time 15.001,900,000 s)
2024-06-03 18:22:45,869 INFO  - My position is not better! (at simulation time 15.001,900,000 s)
2024-06-03 18:22:45,870 INFO  - Recieve a message from other vehicle (at simulation time 15.001,900,000 s)
2024-06-03 18:22:45,870 INFO  - My position is not better! (at simulation time 15.001,900,000 s)
2024-06-03 18:22:45,870 INFO  - Recieve a message from other vehicle (at simulation time 15.002,300,000 s)
2024-06-03 18:22:45,870 INFO  - My position is not better! (at simulation time 15.002,300,000 s)
2024-06-03 18:22:45,870 INFO  - Recieve a message from other vehicle (at simulation time 15.002,300,000 s)
2024-06-03 18:22:45,870 INFO  - I'm in better position but no more hops in message (at simulation time 15.002,300,000 s)
2024-06-03 18:22:45,870 INFO  - Recieve a message from other vehicle (at simulation time 15.002,400,000 s)
2024-06-03 18:22:45,870 INFO  - I'm in better position but no more hops in message (at simulation time 15.002,400,000 s)
2024-06-03 18:22:45,872 INFO  - Recieve a message from RSU (at simulation time 15.323,254,660 s)
2024-06-03 18:22:45,872 INFO  - RSU Stopped me!!! (at simulation time 15.323,254,660 s)
2024-06-03 18:22:45,872 INFO  - Recieve a message from RSU (at simulation time 15.326,639,386 s)
2024-06-03 18:22:46,097 INFO  - Called #onVehicleUpdated (at simulation time 16.000,000,000 s)
2024-06-03 18:22:46,100 INFO  - Recieve a message from other vehicle (at simulation time 16.000,400,000 s)
2024-06-03 18:22:46,100 INFO  - My position is not better! (at simulation time 16.000,400,000 s)
2024-06-03 18:22:46,100 INFO  - Recieve a message from other vehicle (at simulation time 16.000,400,000 s)
2024-06-03 18:22:46,100 INFO  - Recending a message from other vehicle (at simulation time 16.000,400,000 s)
2024-06-03 18:22:46,101 INFO  - Recieve a message from other vehicle (at simulation time 16.000,900,000 s)
2024-06-03 18:22:46,101 INFO  - I'm in better position but no more hops in message (at simulation time 16.000,900,000 s)
2024-06-03 18:22:46,101 INFO  - Recieve a message from other vehicle (at simulation time 16.000,900,000 s)
2024-06-03 18:22:46,101 INFO  - Recending a message from other vehicle (at simulation time 16.000,900,000 s)
2024-06-03 18:22:46,101 INFO  - Recieve a message from other vehicle (at simulation time 16.001,300,000 s)
2024-06-03 18:22:46,101 INFO  - DENM message Recived from veh_2 -info : seco (at simulation time 16.001,300,000 s)
2024-06-03 18:22:46,101 INFO  - No more hops in DENM message (at simulation time 16.001,300,000 s)
2024-06-03 18:22:46,102 INFO  - Recieve a message from other vehicle (at simulation time 16.001,400,000 s)
2024-06-03 18:22:46,102 INFO  - DENM message Recived from veh_2 -info : seco (at simulation time 16.001,400,000 s)
2024-06-03 18:22:46,102 INFO  - No more hops in DENM message (at simulation time 16.001,400,000 s)
2024-06-03 18:22:46,102 INFO  - Recieve a message from other vehicle (at simulation time 16.001,400,000 s)
2024-06-03 18:22:46,102 INFO  - DENM message Recived from veh_4 -info : seco (at simulation time 16.001,400,000 s)
2024-06-03 18:22:46,102 INFO  - No more hops in DENM message (at simulation time 16.001,400,000 s)
2024-06-03 18:22:46,102 INFO  - Recieve a message from other vehicle (at simulation time 16.001,400,000 s)
2024-06-03 18:22:46,102 INFO  - Recending a message from other vehicle (at simulation time 16.001,400,000 s)
2024-06-03 18:22:46,102 INFO  - Recieve a message from other vehicle (at simulation time 16.001,400,000 s)
2024-06-03 18:22:46,102 INFO  - My position is not better! (at simulation time 16.001,400,000 s)
2024-06-03 18:22:46,102 INFO  - Recieve a message from other vehicle (at simulation time 16.001,400,000 s)
2024-06-03 18:22:46,102 INFO  - Recending a message from other vehicle (at simulation time 16.001,400,000 s)
2024-06-03 18:22:46,103 INFO  - Recieve a message from other vehicle (at simulation time 16.001,800,000 s)
2024-06-03 18:22:46,103 INFO  - DENM message Recived from veh_4 -info : seco (at simulation time 16.001,800,000 s)
2024-06-03 18:22:46,103 INFO  - No more hops in DENM message (at simulation time 16.001,800,000 s)
2024-06-03 18:22:46,103 INFO  - Recieve a message from other vehicle (at simulation time 16.001,900,000 s)
2024-06-03 18:22:46,103 INFO  - My position is not better! (at simulation time 16.001,900,000 s)
2024-06-03 18:22:46,103 INFO  - Recieve a message from other vehicle (at simulation time 16.001,900,000 s)
2024-06-03 18:22:46,103 INFO  - My position is not better! (at simulation time 16.001,900,000 s)
2024-06-03 18:22:46,104 INFO  - Recieve a message from other vehicle (at simulation time 16.002,400,000 s)
2024-06-03 18:22:46,104 INFO  - I'm in better position but no more hops in message (at simulation time 16.002,400,000 s)
2024-06-03 18:22:46,104 INFO  - Recieve a message from other vehicle (at simulation time 16.002,800,000 s)
2024-06-03 18:22:46,104 INFO  - I'm in better position but no more hops in message (at simulation time 16.002,800,000 s)
2024-06-03 18:22:46,105 INFO  - Recieve a message from RSU (at simulation time 16.018,180,291 s)
2024-06-03 18:22:46,105 INFO  - Recieve a message from RSU (at simulation time 16.037,607,917 s)
2024-06-03 18:22:46,106 INFO  - Recieve a message from RSU (at simulation time 16.726,170,109 s)
2024-06-03 18:22:46,107 INFO  - Recieve a message from RSU (at simulation time 16.730,785,867 s)
2024-06-03 18:22:46,348 INFO  - Called #onVehicleUpdated (at simulation time 17.000,000,000 s)
2024-06-03 18:22:46,350 INFO  - Sending out AdHoc broadcast (at simulation time 17.000,000,000 s)
2024-06-03 18:22:46,352 INFO  - Recieve a message from other vehicle (at simulation time 17.000,400,000 s)
2024-06-03 18:22:46,352 INFO  - I'm in better position but no more hops in message (at simulation time 17.000,400,000 s)
2024-06-03 18:22:46,353 INFO  - Recieve a message from other vehicle (at simulation time 17.000,400,000 s)
2024-06-03 18:22:46,353 INFO  - I'm in better position but no more hops in message (at simulation time 17.000,400,000 s)
2024-06-03 18:22:46,354 INFO  - Recieve a message from other vehicle (at simulation time 17.000,400,000 s)
2024-06-03 18:22:46,354 INFO  - I'm in better position but no more hops in message (at simulation time 17.000,400,000 s)
2024-06-03 18:22:46,356 INFO  - Recieve a message from other vehicle (at simulation time 17.000,800,000 s)
2024-06-03 18:22:46,356 INFO  - I'm in better position but no more hops in message (at simulation time 17.000,800,000 s)
2024-06-03 18:22:46,356 INFO  - Recieve a message from other vehicle (at simulation time 17.000,800,000 s)
2024-06-03 18:22:46,356 INFO  - I'm in better position but no more hops in message (at simulation time 17.000,800,000 s)
2024-06-03 18:22:46,357 INFO  - Recieve a message from other vehicle (at simulation time 17.000,900,000 s)
2024-06-03 18:22:46,357 INFO  - My position is not better! (at simulation time 17.000,900,000 s)
2024-06-03 18:22:46,357 INFO  - Recieve a message from other vehicle (at simulation time 17.000,900,000 s)
2024-06-03 18:22:46,357 INFO  - My position is not better! (at simulation time 17.000,900,000 s)
2024-06-03 18:22:46,358 INFO  - Recieve a message from other vehicle (at simulation time 17.000,900,000 s)
2024-06-03 18:22:46,358 INFO  - I'm in better position but no more hops in message (at simulation time 17.000,900,000 s)
2024-06-03 18:22:46,360 INFO  - Recieve a message from other vehicle (at simulation time 17.001,400,000 s)
2024-06-03 18:22:46,360 INFO  - My position is not better! (at simulation time 17.001,400,000 s)
2024-06-03 18:22:46,361 INFO  - Recieve a message from other vehicle (at simulation time 17.001,800,000 s)
2024-06-03 18:22:46,361 INFO  - I'm in better position but no more hops in message (at simulation time 17.001,800,000 s)
2024-06-03 18:22:46,361 INFO  - Recieve a message from other vehicle (at simulation time 17.001,900,000 s)
2024-06-03 18:22:46,361 INFO  - My position is not better! (at simulation time 17.001,900,000 s)
2024-06-03 18:22:46,362 INFO  - Recieve a message from other vehicle (at simulation time 17.001,900,000 s)
2024-06-03 18:22:46,362 INFO  - My position is not better! (at simulation time 17.001,900,000 s)
2024-06-03 18:22:46,362 INFO  - Recieve a message from other vehicle (at simulation time 17.002,400,000 s)
2024-06-03 18:22:46,362 INFO  - My position is not better! (at simulation time 17.002,400,000 s)
2024-06-03 18:22:46,363 INFO  - Recieve a message from other vehicle (at simulation time 17.002,800,000 s)
2024-06-03 18:22:46,363 INFO  - I'm in better position but no more hops in message (at simulation time 17.002,800,000 s)
2024-06-03 18:22:46,364 INFO  - Recieve a message from RSU (at simulation time 17.417,653,523 s)
2024-06-03 18:22:46,365 INFO  - Recieve a message from RSU (at simulation time 17.444,893,005 s)
2024-06-03 18:22:46,598 INFO  - Called #onVehicleUpdated (at simulation time 18.000,000,000 s)
2024-06-03 18:22:46,603 INFO  - Recieve a message from other vehicle (at simulation time 18.000,400,000 s)
2024-06-03 18:22:46,603 INFO  - My position is not better! (at simulation time 18.000,400,000 s)
2024-06-03 18:22:46,603 INFO  - Recieve a message from other vehicle (at simulation time 18.000,400,000 s)
2024-06-03 18:22:46,603 INFO  - My position is not better! (at simulation time 18.000,400,000 s)
2024-06-03 18:22:46,603 INFO  - Recieve a message from other vehicle (at simulation time 18.000,400,000 s)
2024-06-03 18:22:46,603 INFO  - My position is not better! (at simulation time 18.000,400,000 s)
2024-06-03 18:22:46,604 INFO  - Recieve a message from other vehicle (at simulation time 18.000,400,000 s)
2024-06-03 18:22:46,604 INFO  - Recending a message from other vehicle (at simulation time 18.000,400,000 s)
2024-06-03 18:22:46,604 INFO  - Recieve a message from other vehicle (at simulation time 18.000,400,000 s)
2024-06-03 18:22:46,604 INFO  - My position is not better! (at simulation time 18.000,400,000 s)
2024-06-03 18:22:46,605 INFO  - Recieve a message from other vehicle (at simulation time 18.000,900,000 s)
2024-06-03 18:22:46,605 INFO  - My position is not better! (at simulation time 18.000,900,000 s)
2024-06-03 18:22:46,605 INFO  - Recieve a message from other vehicle (at simulation time 18.000,900,000 s)
2024-06-03 18:22:46,605 INFO  - Recending a message from other vehicle (at simulation time 18.000,900,000 s)
2024-06-03 18:22:46,606 INFO  - Recieve a message from other vehicle (at simulation time 18.000,900,000 s)
2024-06-03 18:22:46,606 INFO  - My position is not better! (at simulation time 18.000,900,000 s)
2024-06-03 18:22:46,608 INFO  - Recieve a message from other vehicle (at simulation time 18.001,400,000 s)
2024-06-03 18:22:46,608 INFO  - I'm in better position but no more hops in message (at simulation time 18.001,400,000 s)
2024-06-03 18:22:46,609 INFO  - Recieve a message from other vehicle (at simulation time 18.001,800,000 s)
2024-06-03 18:22:46,610 INFO  - I'm in better position but no more hops in message (at simulation time 18.001,800,000 s)
2024-06-03 18:22:46,611 INFO  - Recieve a message from other vehicle (at simulation time 18.001,900,000 s)
2024-06-03 18:22:46,611 INFO  - I'm in better position but no more hops in message (at simulation time 18.001,900,000 s)
2024-06-03 18:22:46,615 INFO  - Recieve a message from RSU (at simulation time 18.124,585,180 s)
2024-06-03 18:22:46,616 INFO  - Recieve a message from RSU (at simulation time 18.144,265,393 s)
2024-06-03 18:22:46,617 INFO  - Recieve a message from RSU (at simulation time 18.831,555,797 s)
2024-06-03 18:22:46,617 INFO  - Recieve a message from RSU (at simulation time 18.842,622,321 s)
2024-06-03 18:22:46,848 INFO  - Called #onVehicleUpdated (at simulation time 19.000,000,000 s)
2024-06-03 18:22:46,851 INFO  - Sending out AdHoc broadcast (at simulation time 19.000,000,000 s)
2024-06-03 18:22:46,853 INFO  - Recieve a message from other vehicle (at simulation time 19.000,400,000 s)
2024-06-03 18:22:46,853 INFO  - My position is not better! (at simulation time 19.000,400,000 s)
2024-06-03 18:22:46,853 INFO  - Recieve a message from other vehicle (at simulation time 19.000,400,000 s)
2024-06-03 18:22:46,853 INFO  - My position is not better! (at simulation time 19.000,400,000 s)
2024-06-03 18:22:46,854 INFO  - Recieve a message from other vehicle (at simulation time 19.000,400,000 s)
2024-06-03 18:22:46,854 INFO  - My position is not better! (at simulation time 19.000,400,000 s)
2024-06-03 18:22:46,854 INFO  - Recieve a message from other vehicle (at simulation time 19.000,900,000 s)
2024-06-03 18:22:46,854 INFO  - My position is not better! (at simulation time 19.000,900,000 s)
2024-06-03 18:22:46,855 INFO  - Recieve a message from other vehicle (at simulation time 19.002,400,000 s)
2024-06-03 18:22:46,855 INFO  - My position is not better! (at simulation time 19.002,400,000 s)
2024-06-03 18:22:46,856 INFO  - Recieve a message from other vehicle (at simulation time 19.002,400,000 s)
2024-06-03 18:22:46,856 INFO  - My position is not better! (at simulation time 19.002,400,000 s)
2024-06-03 18:22:46,857 INFO  - Recieve a message from RSU (at simulation time 19.530,444,183 s)
2024-06-03 18:22:46,857 INFO  - Recieve a message from RSU (at simulation time 19.533,510,574 s)
2024-06-03 18:22:47,105 INFO  - Called #onVehicleUpdated (at simulation time 20.000,000,000 s)
2024-06-03 18:22:47,109 INFO  - Recieve a message from other vehicle (at simulation time 20.000,400,000 s)
2024-06-03 18:22:47,109 INFO  - My position is not better! (at simulation time 20.000,400,000 s)
2024-06-03 18:22:47,109 INFO  - Recieve a message from other vehicle (at simulation time 20.000,400,000 s)
2024-06-03 18:22:47,109 INFO  - My position is not better! (at simulation time 20.000,400,000 s)
2024-06-03 18:22:47,109 INFO  - Recieve a message from other vehicle (at simulation time 20.000,400,000 s)
2024-06-03 18:22:47,109 INFO  - My position is not better! (at simulation time 20.000,400,000 s)
2024-06-03 18:22:47,111 INFO  - Recieve a message from other vehicle (at simulation time 20.001,900,000 s)
2024-06-03 18:22:47,111 INFO  - My position is not better! (at simulation time 20.001,900,000 s)
2024-06-03 18:22:47,111 INFO  - Recieve a message from other vehicle (at simulation time 20.001,900,000 s)
2024-06-03 18:22:47,111 INFO  - My position is not better! (at simulation time 20.001,900,000 s)
2024-06-03 18:22:47,111 INFO  - Recieve a message from other vehicle (at simulation time 20.001,900,000 s)
2024-06-03 18:22:47,111 INFO  - My position is not better! (at simulation time 20.001,900,000 s)
2024-06-03 18:22:47,112 INFO  - Recieve a message from other vehicle (at simulation time 20.002,400,000 s)
2024-06-03 18:22:47,112 INFO  - I'm in better position but no more hops in message (at simulation time 20.002,400,000 s)
2024-06-03 18:22:47,113 INFO  - Recieve a message from RSU (at simulation time 20.220,821,351 s)
2024-06-03 18:22:47,114 INFO  - Recieve a message from RSU (at simulation time 20.233,010,989 s)
2024-06-03 18:22:47,115 INFO  - Recieve a message from RSU (at simulation time 20.915,775,835 s)
2024-06-03 18:22:47,115 INFO  - Recieve a message from RSU (at simulation time 20.945,214,180 s)
2024-06-03 18:22:47,348 INFO  - Called #onVehicleUpdated (at simulation time 21.000,000,000 s)
2024-06-03 18:22:47,350 INFO  - Sending out AdHoc broadcast (at simulation time 21.000,000,000 s)
2024-06-03 18:22:47,351 INFO  - Recieve a message from other vehicle (at simulation time 21.000,400,000 s)
2024-06-03 18:22:47,351 INFO  - My position is not better! (at simulation time 21.000,400,000 s)
2024-06-03 18:22:47,351 INFO  - Recieve a message from other vehicle (at simulation time 21.000,400,000 s)
2024-06-03 18:22:47,351 INFO  - My position is not better! (at simulation time 21.000,400,000 s)
2024-06-03 18:22:47,352 INFO  - Recieve a message from other vehicle (at simulation time 21.000,400,000 s)
2024-06-03 18:22:47,352 INFO  - My position is not better! (at simulation time 21.000,400,000 s)
2024-06-03 18:22:47,353 INFO  - Recieve a message from other vehicle (at simulation time 21.000,900,000 s)
2024-06-03 18:22:47,353 INFO  - I'm in better position but no more hops in message (at simulation time 21.000,900,000 s)
2024-06-03 18:22:47,353 INFO  - Recieve a message from other vehicle (at simulation time 21.001,900,000 s)
2024-06-03 18:22:47,353 INFO  - My position is not better! (at simulation time 21.001,900,000 s)
2024-06-03 18:22:47,354 INFO  - Recieve a message from other vehicle (at simulation time 21.002,400,000 s)
2024-06-03 18:22:47,354 INFO  - My position is not better! (at simulation time 21.002,400,000 s)
2024-06-03 18:22:47,354 INFO  - Recieve a message from other vehicle (at simulation time 21.003,300,000 s)
2024-06-03 18:22:47,354 INFO  - I'm in better position but no more hops in message (at simulation time 21.003,300,000 s)
2024-06-03 18:22:47,356 INFO  - Recieve a message from RSU (at simulation time 21.634,684,588 s)
2024-06-03 18:22:47,356 INFO  - Recieve a message from RSU (at simulation time 21.635,188,071 s)
2024-06-03 18:22:47,600 INFO  - Called #onVehicleUpdated (at simulation time 22.000,000,000 s)
2024-06-03 18:22:47,604 INFO  - Recieve a message from other vehicle (at simulation time 22.000,400,000 s)
2024-06-03 18:22:47,604 INFO  - I'm in better position but no more hops in message (at simulation time 22.000,400,000 s)
2024-06-03 18:22:47,604 INFO  - Recieve a message from other vehicle (at simulation time 22.000,400,000 s)
2024-06-03 18:22:47,604 INFO  - My position is not better! (at simulation time 22.000,400,000 s)
2024-06-03 18:22:47,605 INFO  - Recieve a message from other vehicle (at simulation time 22.000,900,000 s)
2024-06-03 18:22:47,605 INFO  - My position is not better! (at simulation time 22.000,900,000 s)
2024-06-03 18:22:47,605 INFO  - Recieve a message from other vehicle (at simulation time 22.000,900,000 s)
2024-06-03 18:22:47,605 INFO  - My position is not better! (at simulation time 22.000,900,000 s)
2024-06-03 18:22:47,605 INFO  - Recieve a message from other vehicle (at simulation time 22.001,400,000 s)
2024-06-03 18:22:47,605 INFO  - My position is not better! (at simulation time 22.001,400,000 s)
2024-06-03 18:22:47,606 INFO  - Recieve a message from other vehicle (at simulation time 22.001,400,000 s)
2024-06-03 18:22:47,606 INFO  - My position is not better! (at simulation time 22.001,400,000 s)
2024-06-03 18:22:47,606 INFO  - Recieve a message from other vehicle (at simulation time 22.001,900,000 s)
2024-06-03 18:22:47,606 INFO  - My position is not better! (at simulation time 22.001,900,000 s)
2024-06-03 18:22:47,606 INFO  - Recieve a message from other vehicle (at simulation time 22.002,300,000 s)
2024-06-03 18:22:47,606 INFO  - I'm in better position but no more hops in message (at simulation time 22.002,300,000 s)
2024-06-03 18:22:47,608 INFO  - Recieve a message from RSU (at simulation time 22.316,502,359 s)
2024-06-03 18:22:47,609 INFO  - Recieve a message from RSU (at simulation time 22.346,412,619 s)
2024-06-03 18:22:47,848 INFO  - Called #onVehicleUpdated (at simulation time 23.000,000,000 s)
2024-06-03 18:22:47,850 INFO  - Sending out AdHoc broadcast (at simulation time 23.000,000,000 s)
2024-06-03 18:22:47,852 INFO  - Recieve a message from other vehicle (at simulation time 23.000,900,000 s)
2024-06-03 18:22:47,852 INFO  - My position is not better! (at simulation time 23.000,900,000 s)
2024-06-03 18:22:47,852 INFO  - Recieve a message from other vehicle (at simulation time 23.001,400,000 s)
2024-06-03 18:22:47,852 INFO  - My position is not better! (at simulation time 23.001,400,000 s)
2024-06-03 18:22:47,852 INFO  - Recieve a message from other vehicle (at simulation time 23.001,400,000 s)
2024-06-03 18:22:47,852 INFO  - My position is not better! (at simulation time 23.001,400,000 s)
