2024-06-03 19:15:00,587 INFO  - Initialize Vehicle application (at simulation time 114.000,000,000 s)
2024-06-03 19:15:00,589 INFO  - Activated WLAN Module (at simulation time 114.000,000,000 s)
2024-06-03 19:15:00,591 INFO  - Called #onVehicleUpdated (at simulation time 114.000,000,000 s)
2024-06-03 19:15:00,591 INFO  - Exced velocity! Sending new CAM (at simulation time 114.000,000,000 s)
2024-06-03 19:15:00,591 INFO  - Sending out AdHoc broadcast (at simulation time 114.000,000,000 s)
2024-06-03 19:15:00,598 INFO  - Called #onVehicleUpdated (at simulation time 115.000,000,000 s)
2024-06-03 19:15:00,598 INFO  - Exced velocity! Sending new CAM (at simulation time 115.000,000,000 s)
2024-06-03 19:15:00,598 INFO  - Sending out AdHoc broadcast (at simulation time 115.000,000,000 s)
2024-06-03 19:15:00,598 INFO  - Define the name: veh_21 and route: r_4 (at simulation time 115.000,000,000 s)
2024-06-03 19:15:00,598 INFO  - Sending out AdHoc broadcast (at simulation time 115.000,000,000 s)
2024-06-03 19:15:00,602 INFO  - Called #onVehicleUpdated (at simulation time 116.000,000,000 s)
2024-06-03 19:15:00,602 INFO  - Exced velocity! Sending new CAM (at simulation time 116.000,000,000 s)
2024-06-03 19:15:00,602 INFO  - Sending out AdHoc broadcast (at simulation time 116.000,000,000 s)
2024-06-03 19:15:00,603 INFO  - Sending out AdHoc broadcast (at simulation time 116.000,000,000 s)
2024-06-03 19:15:00,604 INFO  - Recieve a message from other vehicle (at simulation time 116.001,900,000 s)
2024-06-03 19:15:00,604 INFO  - Recending a message from other vehicle (at simulation time 116.001,900,000 s)
2024-06-03 19:15:00,607 INFO  - Called #onVehicleUpdated (at simulation time 117.000,000,000 s)
2024-06-03 19:15:00,607 INFO  - Exced velocity! Sending new CAM (at simulation time 117.000,000,000 s)
2024-06-03 19:15:00,607 INFO  - Sending out AdHoc broadcast (at simulation time 117.000,000,000 s)
2024-06-03 19:15:00,607 INFO  - Sending out AdHoc broadcast (at simulation time 117.000,000,000 s)
2024-06-03 19:15:00,607 INFO  - Sending out AdHoc broadcast (at simulation time 117.000,000,000 s)
2024-06-03 19:15:00,610 INFO  - Called #onVehicleUpdated (at simulation time 118.000,000,000 s)
2024-06-03 19:15:00,610 INFO  - Exced velocity! Sending new CAM (at simulation time 118.000,000,000 s)
2024-06-03 19:15:00,610 INFO  - Sending out AdHoc broadcast (at simulation time 118.000,000,000 s)
2024-06-03 19:15:00,610 INFO  - Sending out AdHoc broadcast (at simulation time 118.000,000,000 s)
2024-06-03 19:15:00,610 INFO  - Sending out AdHoc broadcast (at simulation time 118.000,000,000 s)
2024-06-03 19:15:00,611 INFO  - Recieve a message from other vehicle (at simulation time 118.000,900,000 s)
2024-06-03 19:15:00,611 INFO  - Recending a message from other vehicle (at simulation time 118.000,900,000 s)
2024-06-03 19:15:00,612 INFO  - Called #onVehicleUpdated (at simulation time 119.000,000,000 s)
2024-06-03 19:15:00,612 INFO  - Exced velocity! Sending new CAM (at simulation time 119.000,000,000 s)
2024-06-03 19:15:00,612 INFO  - Sending out AdHoc broadcast (at simulation time 119.000,000,000 s)
2024-06-03 19:15:00,613 INFO  - Sending out AdHoc broadcast (at simulation time 119.000,000,000 s)
2024-06-03 19:15:00,613 INFO  - Sending out AdHoc broadcast (at simulation time 119.000,000,000 s)
2024-06-03 19:15:00,613 INFO  - Sending out AdHoc broadcast (at simulation time 119.000,000,000 s)
2024-06-03 19:15:00,614 INFO  - Recieve a message from other vehicle (at simulation time 119.001,300,000 s)
2024-06-03 19:15:00,615 INFO  - My position is not better! (at simulation time 119.001,300,000 s)
2024-06-03 19:15:00,615 INFO  - Recieve a message from other vehicle (at simulation time 119.001,400,000 s)
2024-06-03 19:15:00,615 INFO  - My position is not better! (at simulation time 119.001,400,000 s)
2024-06-03 19:15:00,615 INFO  - Recieve a message from other vehicle (at simulation time 119.001,400,000 s)
2024-06-03 19:15:00,615 INFO  - My position is not better! (at simulation time 119.001,400,000 s)
2024-06-03 19:15:00,615 INFO  - Recieve a message from other vehicle (at simulation time 119.001,900,000 s)
2024-06-03 19:15:00,615 INFO  - My position is not better! (at simulation time 119.001,900,000 s)
2024-06-03 19:15:00,615 INFO  - Recieve a message from other vehicle (at simulation time 119.001,900,000 s)
2024-06-03 19:15:00,615 INFO  - My position is not better! (at simulation time 119.001,900,000 s)
2024-06-03 19:15:00,615 INFO  - Recieve a message from other vehicle (at simulation time 119.002,300,000 s)
2024-06-03 19:15:00,615 INFO  - My position is not better! (at simulation time 119.002,300,000 s)
2024-06-03 19:15:00,615 INFO  - Recieve a message from other vehicle (at simulation time 119.002,300,000 s)
2024-06-03 19:15:00,615 INFO  - My position is not better! (at simulation time 119.002,300,000 s)
2024-06-03 19:15:00,616 INFO  - Recieve a message from other vehicle (at simulation time 119.004,300,000 s)
2024-06-03 19:15:00,616 INFO  - My position is not better! (at simulation time 119.004,300,000 s)
2024-06-03 19:15:00,619 INFO  - Called #onVehicleUpdated (at simulation time 120.000,000,000 s)
2024-06-03 19:15:00,619 INFO  - Sending out AdHoc broadcast (at simulation time 120.000,000,000 s)
2024-06-03 19:15:00,619 INFO  - Sending out AdHoc broadcast (at simulation time 120.000,000,000 s)
2024-06-03 19:15:00,619 INFO  - Sending out AdHoc broadcast (at simulation time 120.000,000,000 s)
2024-06-03 19:15:00,620 INFO  - Recieve a message from other vehicle (at simulation time 120.000,400,000 s)
2024-06-03 19:15:00,620 INFO  - My position is not better! (at simulation time 120.000,400,000 s)
2024-06-03 19:15:00,620 INFO  - Recieve a message from other vehicle (at simulation time 120.000,400,000 s)
2024-06-03 19:15:00,620 INFO  - Recending a message from other vehicle (at simulation time 120.000,400,000 s)
2024-06-03 19:15:00,621 INFO  - Recieve a message from other vehicle (at simulation time 120.000,900,000 s)
2024-06-03 19:15:00,621 INFO  - I'm in better position but no more hops in message (at simulation time 120.000,900,000 s)
2024-06-03 19:15:00,621 INFO  - Recieve a message from other vehicle (at simulation time 120.001,300,000 s)
2024-06-03 19:15:00,621 INFO  - I'm in better position but no more hops in message (at simulation time 120.001,300,000 s)
2024-06-03 19:15:00,622 INFO  - Recieve a message from other vehicle (at simulation time 120.001,300,000 s)
2024-06-03 19:15:00,622 INFO  - I'm in better position but no more hops in message (at simulation time 120.001,300,000 s)
2024-06-03 19:15:00,623 INFO  - Recieve a message from other vehicle (at simulation time 120.001,400,000 s)
2024-06-03 19:15:00,623 INFO  - My position is not better! (at simulation time 120.001,400,000 s)
2024-06-03 19:15:00,623 INFO  - Recieve a message from other vehicle (at simulation time 120.001,800,000 s)
2024-06-03 19:15:00,623 INFO  - My position is not better! (at simulation time 120.001,800,000 s)
2024-06-03 19:15:00,623 INFO  - Recieve a message from other vehicle (at simulation time 120.001,800,000 s)
2024-06-03 19:15:00,623 INFO  - I'm in better position but no more hops in message (at simulation time 120.001,800,000 s)
2024-06-03 19:15:00,623 INFO  - Recieve a message from other vehicle (at simulation time 120.001,800,000 s)
2024-06-03 19:15:00,623 INFO  - I'm in better position but no more hops in message (at simulation time 120.001,800,000 s)
2024-06-03 19:15:00,623 INFO  - Recieve a message from other vehicle (at simulation time 120.001,800,000 s)
2024-06-03 19:15:00,623 INFO  - I'm in better position but no more hops in message (at simulation time 120.001,800,000 s)
2024-06-03 19:15:00,623 INFO  - Recieve a message from other vehicle (at simulation time 120.001,900,000 s)
2024-06-03 19:15:00,623 INFO  - I'm in better position but no more hops in message (at simulation time 120.001,900,000 s)
2024-06-03 19:15:00,623 INFO  - Recieve a message from other vehicle (at simulation time 120.001,900,000 s)
2024-06-03 19:15:00,624 INFO  - I'm in better position but no more hops in message (at simulation time 120.001,900,000 s)
2024-06-03 19:15:00,624 INFO  - Recieve a message from other vehicle (at simulation time 120.001,900,000 s)
2024-06-03 19:15:00,624 INFO  - My position is not better! (at simulation time 120.001,900,000 s)
2024-06-03 19:15:00,624 INFO  - Recieve a message from other vehicle (at simulation time 120.001,900,000 s)
2024-06-03 19:15:00,624 INFO  - My position is not better! (at simulation time 120.001,900,000 s)
2024-06-03 19:15:00,624 INFO  - Recieve a message from other vehicle (at simulation time 120.002,300,000 s)
2024-06-03 19:15:00,624 INFO  - I'm in better position but no more hops in message (at simulation time 120.002,300,000 s)
2024-06-03 19:15:00,624 INFO  - Recieve a message from other vehicle (at simulation time 120.002,300,000 s)
2024-06-03 19:15:00,624 INFO  - My position is not better! (at simulation time 120.002,300,000 s)
2024-06-03 19:15:00,625 INFO  - Recieve a message from other vehicle (at simulation time 120.003,300,000 s)
2024-06-03 19:15:00,625 INFO  - I'm in better position but no more hops in message (at simulation time 120.003,300,000 s)
2024-06-03 19:15:00,625 INFO  - Recieve a message from other vehicle (at simulation time 120.003,800,000 s)
2024-06-03 19:15:00,625 INFO  - My position is not better! (at simulation time 120.003,800,000 s)
2024-06-03 19:15:00,627 INFO  - Called #onVehicleUpdated (at simulation time 121.000,000,000 s)
2024-06-03 19:15:00,627 INFO  - Sending out AdHoc broadcast (at simulation time 121.000,000,000 s)
2024-06-03 19:15:00,627 INFO  - Sending out AdHoc broadcast (at simulation time 121.000,000,000 s)
2024-06-03 19:15:00,627 INFO  - Sending out AdHoc broadcast (at simulation time 121.000,000,000 s)
2024-06-03 19:15:00,627 INFO  - Sending out AdHoc broadcast (at simulation time 121.000,000,000 s)
2024-06-03 19:15:00,629 INFO  - Recieve a message from other vehicle (at simulation time 121.000,400,000 s)
2024-06-03 19:15:00,629 INFO  - I'm in better position but no more hops in message (at simulation time 121.000,400,000 s)
2024-06-03 19:15:00,629 INFO  - Recieve a message from other vehicle (at simulation time 121.000,400,000 s)
2024-06-03 19:15:00,629 INFO  - I'm in better position but no more hops in message (at simulation time 121.000,400,000 s)
2024-06-03 19:15:00,629 INFO  - Recieve a message from other vehicle (at simulation time 121.000,400,000 s)
2024-06-03 19:15:00,629 INFO  - Recending a message from other vehicle (at simulation time 121.000,400,000 s)
2024-06-03 19:15:00,629 INFO  - Recieve a message from other vehicle (at simulation time 121.000,400,000 s)
2024-06-03 19:15:00,629 INFO  - My position is not better! (at simulation time 121.000,400,000 s)
2024-06-03 19:15:00,630 INFO  - Recieve a message from other vehicle (at simulation time 121.000,900,000 s)
2024-06-03 19:15:00,630 INFO  - I'm in better position but no more hops in message (at simulation time 121.000,900,000 s)
2024-06-03 19:15:00,630 INFO  - Recieve a message from other vehicle (at simulation time 121.001,400,000 s)
2024-06-03 19:15:00,630 INFO  - I'm in better position but no more hops in message (at simulation time 121.001,400,000 s)
2024-06-03 19:15:00,630 INFO  - Recieve a message from other vehicle (at simulation time 121.001,400,000 s)
2024-06-03 19:15:00,630 INFO  - My position is not better! (at simulation time 121.001,400,000 s)
2024-06-03 19:15:00,630 INFO  - Recieve a message from other vehicle (at simulation time 121.001,400,000 s)
2024-06-03 19:15:00,630 INFO  - I'm in better position but no more hops in message (at simulation time 121.001,400,000 s)
2024-06-03 19:15:00,630 INFO  - Recieve a message from other vehicle (at simulation time 121.001,800,000 s)
2024-06-03 19:15:00,630 INFO  - I'm in better position but no more hops in message (at simulation time 121.001,800,000 s)
2024-06-03 19:15:00,630 INFO  - Recieve a message from other vehicle (at simulation time 121.001,800,000 s)
2024-06-03 19:15:00,630 INFO  - I'm in better position but no more hops in message (at simulation time 121.001,800,000 s)
2024-06-03 19:15:00,630 INFO  - Recieve a message from other vehicle (at simulation time 121.001,800,000 s)
2024-06-03 19:15:00,630 INFO  - I'm in better position but no more hops in message (at simulation time 121.001,800,000 s)
2024-06-03 19:15:00,630 INFO  - Recieve a message from other vehicle (at simulation time 121.001,800,000 s)
2024-06-03 19:15:00,630 INFO  - I'm in better position but no more hops in message (at simulation time 121.001,800,000 s)
2024-06-03 19:15:00,631 INFO  - Recieve a message from other vehicle (at simulation time 121.002,300,000 s)
2024-06-03 19:15:00,631 INFO  - My position is not better! (at simulation time 121.002,300,000 s)
2024-06-03 19:15:00,631 INFO  - Recieve a message from other vehicle (at simulation time 121.002,300,000 s)
2024-06-03 19:15:00,631 INFO  - My position is not better! (at simulation time 121.002,300,000 s)
2024-06-03 19:15:00,631 INFO  - Recieve a message from other vehicle (at simulation time 121.002,300,000 s)
2024-06-03 19:15:00,631 INFO  - My position is not better! (at simulation time 121.002,300,000 s)
2024-06-03 19:15:00,631 INFO  - Recieve a message from other vehicle (at simulation time 121.002,400,000 s)
2024-06-03 19:15:00,631 INFO  - I'm in better position but no more hops in message (at simulation time 121.002,400,000 s)
2024-06-03 19:15:00,631 INFO  - Recieve a message from other vehicle (at simulation time 121.002,400,000 s)
2024-06-03 19:15:00,631 INFO  - My position is not better! (at simulation time 121.002,400,000 s)
2024-06-03 19:15:00,631 INFO  - Recieve a message from other vehicle (at simulation time 121.002,400,000 s)
2024-06-03 19:15:00,631 INFO  - I'm in better position but no more hops in message (at simulation time 121.002,400,000 s)
2024-06-03 19:15:00,631 INFO  - Recieve a message from other vehicle (at simulation time 121.002,400,000 s)
2024-06-03 19:15:00,631 INFO  - I'm in better position but no more hops in message (at simulation time 121.002,400,000 s)
2024-06-03 19:15:00,631 INFO  - Recieve a message from other vehicle (at simulation time 121.002,800,000 s)
2024-06-03 19:15:00,631 INFO  - My position is not better! (at simulation time 121.002,800,000 s)
2024-06-03 19:15:00,631 INFO  - Recieve a message from other vehicle (at simulation time 121.002,800,000 s)
2024-06-03 19:15:00,631 INFO  - I'm in better position but no more hops in message (at simulation time 121.002,800,000 s)
2024-06-03 19:15:00,631 INFO  - Recieve a message from other vehicle (at simulation time 121.002,800,000 s)
2024-06-03 19:15:00,631 INFO  - I'm in better position but no more hops in message (at simulation time 121.002,800,000 s)
2024-06-03 19:15:00,631 INFO  - Recieve a message from other vehicle (at simulation time 121.003,300,000 s)
2024-06-03 19:15:00,631 INFO  - I'm in better position but no more hops in message (at simulation time 121.003,300,000 s)
2024-06-03 19:15:00,632 INFO  - Recieve a message from RSU (at simulation time 121.027,304,857 s)
2024-06-03 19:15:00,632 INFO  - RSU Stopped me!!! (at simulation time 121.027,304,857 s)
2024-06-03 19:15:00,632 INFO  - Recieve a message from RSU (at simulation time 121.033,335,594 s)
2024-06-03 19:15:00,632 INFO  - Recieve a message from RSU (at simulation time 121.718,362,292 s)
2024-06-03 19:15:00,632 INFO  - Recieve a message from RSU (at simulation time 121.724,491,725 s)
2024-06-03 19:15:00,634 INFO  - Called #onVehicleUpdated (at simulation time 122.000,000,000 s)
2024-06-03 19:15:00,634 INFO  - Sending out AdHoc broadcast (at simulation time 122.000,000,000 s)
2024-06-03 19:15:00,634 INFO  - Sending out AdHoc broadcast (at simulation time 122.000,000,000 s)
2024-06-03 19:15:00,634 INFO  - Sending out AdHoc broadcast (at simulation time 122.000,000,000 s)
2024-06-03 19:15:00,635 INFO  - Recieve a message from other vehicle (at simulation time 122.000,400,000 s)
2024-06-03 19:15:00,635 INFO  - I'm in better position but no more hops in message (at simulation time 122.000,400,000 s)
2024-06-03 19:15:00,635 INFO  - Recieve a message from other vehicle (at simulation time 122.000,400,000 s)
2024-06-03 19:15:00,635 INFO  - I'm in better position but no more hops in message (at simulation time 122.000,400,000 s)
2024-06-03 19:15:00,635 INFO  - Recieve a message from other vehicle (at simulation time 122.000,800,000 s)
2024-06-03 19:15:00,635 INFO  - I'm in better position but no more hops in message (at simulation time 122.000,800,000 s)
2024-06-03 19:15:00,635 INFO  - Recieve a message from other vehicle (at simulation time 122.000,900,000 s)
2024-06-03 19:15:00,635 INFO  - I'm in better position but no more hops in message (at simulation time 122.000,900,000 s)
2024-06-03 19:15:00,636 INFO  - Recieve a message from other vehicle (at simulation time 122.000,900,000 s)
2024-06-03 19:15:00,636 INFO  - I'm in better position but no more hops in message (at simulation time 122.000,900,000 s)
2024-06-03 19:15:00,636 INFO  - Recieve a message from other vehicle (at simulation time 122.000,900,000 s)
2024-06-03 19:15:00,636 INFO  - Recending a message from other vehicle (at simulation time 122.000,900,000 s)
2024-06-03 19:15:00,636 INFO  - Recieve a message from other vehicle (at simulation time 122.000,900,000 s)
2024-06-03 19:15:00,636 INFO  - My position is not better! (at simulation time 122.000,900,000 s)
2024-06-03 19:15:00,636 INFO  - Recieve a message from other vehicle (at simulation time 122.001,400,000 s)
2024-06-03 19:15:00,636 INFO  - I'm in better position but no more hops in message (at simulation time 122.001,400,000 s)
2024-06-03 19:15:00,636 INFO  - Recieve a message from other vehicle (at simulation time 122.001,800,000 s)
2024-06-03 19:15:00,636 INFO  - I'm in better position but no more hops in message (at simulation time 122.001,800,000 s)
2024-06-03 19:15:00,637 INFO  - Recieve a message from other vehicle (at simulation time 122.001,900,000 s)
2024-06-03 19:15:00,637 INFO  - My position is not better! (at simulation time 122.001,900,000 s)
2024-06-03 19:15:00,637 INFO  - Recieve a message from other vehicle (at simulation time 122.001,900,000 s)
2024-06-03 19:15:00,637 INFO  - I'm in better position but no more hops in message (at simulation time 122.001,900,000 s)
2024-06-03 19:15:00,637 INFO  - Recieve a message from RSU (at simulation time 122.002,400,000 s)
2024-06-03 19:15:00,637 INFO  - RSU ordered to advance!!! (at simulation time 122.002,400,000 s)
2024-06-03 19:15:00,637 INFO  - Recieve a message from other vehicle (at simulation time 122.002,400,000 s)
2024-06-03 19:15:00,637 INFO  - I'm in better position but no more hops in message (at simulation time 122.002,400,000 s)
2024-06-03 19:15:00,637 INFO  - Recieve a message from other vehicle (at simulation time 122.002,400,000 s)
2024-06-03 19:15:00,637 INFO  - My position is not better! (at simulation time 122.002,400,000 s)
2024-06-03 19:15:00,638 INFO  - Recieve a message from other vehicle (at simulation time 122.002,800,000 s)
2024-06-03 19:15:00,638 INFO  - I'm in better position but no more hops in message (at simulation time 122.002,800,000 s)
2024-06-03 19:15:00,638 INFO  - Recieve a message from other vehicle (at simulation time 122.002,800,000 s)
2024-06-03 19:15:00,638 INFO  - I'm in better position but no more hops in message (at simulation time 122.002,800,000 s)
2024-06-03 19:15:00,639 INFO  - Recieve a message from RSU (at simulation time 122.414,932,969 s)
2024-06-03 19:15:00,640 INFO  - Recieve a message from RSU (at simulation time 122.420,673,287 s)
2024-06-03 19:15:00,641 INFO  - Called #onVehicleUpdated (at simulation time 123.000,000,000 s)
2024-06-03 19:15:00,641 INFO  - Sending out DENM broadcast (at simulation time 123.000,000,000 s)
2024-06-03 19:15:00,642 INFO  - Sending out AdHoc broadcast (at simulation time 123.000,000,000 s)
2024-06-03 19:15:00,642 INFO  - Sending out AdHoc broadcast (at simulation time 123.000,000,000 s)
2024-06-03 19:15:00,642 INFO  - Sending out AdHoc broadcast (at simulation time 123.000,000,000 s)
2024-06-03 19:15:00,642 INFO  - Sending out AdHoc broadcast (at simulation time 123.000,000,000 s)
2024-06-03 19:15:00,643 INFO  - Recieve a message from other vehicle (at simulation time 123.000,400,000 s)
2024-06-03 19:15:00,643 INFO  - I'm in better position but no more hops in message (at simulation time 123.000,400,000 s)
2024-06-03 19:15:00,644 INFO  - Recieve a message from other vehicle (at simulation time 123.000,400,000 s)
2024-06-03 19:15:00,644 INFO  - I'm in better position but no more hops in message (at simulation time 123.000,400,000 s)
2024-06-03 19:15:00,644 INFO  - Recieve a message from other vehicle (at simulation time 123.000,400,000 s)
2024-06-03 19:15:00,644 INFO  - I'm in better position but no more hops in message (at simulation time 123.000,400,000 s)
2024-06-03 19:15:00,644 INFO  - Recieve a message from other vehicle (at simulation time 123.000,900,000 s)
2024-06-03 19:15:00,644 INFO  - DENM message Recived from veh_19 -info : seco (at simulation time 123.000,900,000 s)
2024-06-03 19:15:00,644 INFO  - No more hops in DENM message (at simulation time 123.000,900,000 s)
2024-06-03 19:15:00,645 INFO  - Recieve a message from other vehicle (at simulation time 123.000,900,000 s)
2024-06-03 19:15:00,645 INFO  - I'm in better position but no more hops in message (at simulation time 123.000,900,000 s)
2024-06-03 19:15:00,645 INFO  - Recieve a message from other vehicle (at simulation time 123.000,900,000 s)
2024-06-03 19:15:00,645 INFO  - I'm in better position but no more hops in message (at simulation time 123.000,900,000 s)
2024-06-03 19:15:00,645 INFO  - Recieve a message from other vehicle (at simulation time 123.000,900,000 s)
2024-06-03 19:15:00,645 INFO  - I'm in better position but no more hops in message (at simulation time 123.000,900,000 s)
2024-06-03 19:15:00,645 INFO  - Recieve a message from other vehicle (at simulation time 123.000,900,000 s)
2024-06-03 19:15:00,645 INFO  - I'm in better position but no more hops in message (at simulation time 123.000,900,000 s)
2024-06-03 19:15:00,645 INFO  - Recieve a message from other vehicle (at simulation time 123.001,300,000 s)
2024-06-03 19:15:00,645 INFO  - DENM message Recived from veh_19 -info : seco (at simulation time 123.001,300,000 s)
2024-06-03 19:15:00,645 INFO  - No more hops in DENM message (at simulation time 123.001,300,000 s)
2024-06-03 19:15:00,645 INFO  - Recieve a message from other vehicle (at simulation time 123.001,400,000 s)
2024-06-03 19:15:00,645 INFO  - DENM message Recived from veh_23 -info : seco (at simulation time 123.001,400,000 s)
2024-06-03 19:15:00,645 INFO  - No more hops in DENM message (at simulation time 123.001,400,000 s)
2024-06-03 19:15:00,646 INFO  - Recieve a message from other vehicle (at simulation time 123.001,800,000 s)
2024-06-03 19:15:00,646 INFO  - DENM message Recived from veh_23 -info : seco (at simulation time 123.001,800,000 s)
2024-06-03 19:15:00,646 INFO  - No more hops in DENM message (at simulation time 123.001,800,000 s)
2024-06-03 19:15:00,646 INFO  - Recieve a message from other vehicle (at simulation time 123.001,900,000 s)
2024-06-03 19:15:00,646 INFO  - I'm in better position but no more hops in message (at simulation time 123.001,900,000 s)
2024-06-03 19:15:00,646 INFO  - Recieve a message from other vehicle (at simulation time 123.001,900,000 s)
2024-06-03 19:15:00,646 INFO  - I'm in better position but no more hops in message (at simulation time 123.001,900,000 s)
2024-06-03 19:15:00,646 INFO  - Recieve a message from other vehicle (at simulation time 123.001,900,000 s)
2024-06-03 19:15:00,646 INFO  - I'm in better position but no more hops in message (at simulation time 123.001,900,000 s)
2024-06-03 19:15:00,646 INFO  - Recieve a message from other vehicle (at simulation time 123.002,300,000 s)
2024-06-03 19:15:00,646 INFO  - DENM message Recived from veh_21 -info : seco (at simulation time 123.002,300,000 s)
2024-06-03 19:15:00,646 INFO  - No more hops in DENM message (at simulation time 123.002,300,000 s)
2024-06-03 19:15:00,647 INFO  - Recieve a message from other vehicle (at simulation time 123.002,400,000 s)
2024-06-03 19:15:00,647 INFO  - DENM message Recived from veh_18 -info : seco (at simulation time 123.002,400,000 s)
2024-06-03 19:15:00,647 INFO  - No more hops in DENM message (at simulation time 123.002,400,000 s)
2024-06-03 19:15:00,647 INFO  - Recieve a message from other vehicle (at simulation time 123.002,400,000 s)
2024-06-03 19:15:00,647 INFO  - I'm in better position but no more hops in message (at simulation time 123.002,400,000 s)
2024-06-03 19:15:00,647 INFO  - Recieve a message from other vehicle (at simulation time 123.002,400,000 s)
2024-06-03 19:15:00,647 INFO  - I'm in better position but no more hops in message (at simulation time 123.002,400,000 s)
2024-06-03 19:15:00,647 INFO  - Recieve a message from other vehicle (at simulation time 123.003,300,000 s)
2024-06-03 19:15:00,647 INFO  - DENM message Recived from veh_18 -info : seco (at simulation time 123.003,300,000 s)
2024-06-03 19:15:00,647 INFO  - No more hops in DENM message (at simulation time 123.003,300,000 s)
2024-06-03 19:15:00,647 INFO  - Recieve a message from RSU (at simulation time 123.116,722,767 s)
2024-06-03 19:15:00,647 INFO  - Recieve a message from RSU (at simulation time 123.138,194,028 s)
2024-06-03 19:15:00,648 INFO  - Recieve a message from RSU (at simulation time 123.827,319,642 s)
2024-06-03 19:15:00,648 INFO  - Recieve a message from RSU (at simulation time 123.832,384,503 s)
2024-06-03 19:15:00,649 INFO  - Called #onVehicleUpdated (at simulation time 124.000,000,000 s)
2024-06-03 19:15:00,649 INFO  - Sending out AdHoc broadcast (at simulation time 124.000,000,000 s)
2024-06-03 19:15:00,649 INFO  - Sending out AdHoc broadcast (at simulation time 124.000,000,000 s)
2024-06-03 19:15:00,650 INFO  - Sending out AdHoc broadcast (at simulation time 124.000,000,000 s)
2024-06-03 19:15:00,651 INFO  - Recieve a message from other vehicle (at simulation time 124.000,400,000 s)
2024-06-03 19:15:00,651 INFO  - DENM message Recived from veh_22 -info : seco (at simulation time 124.000,400,000 s)
2024-06-03 19:15:00,651 INFO  - No more hops in DENM message (at simulation time 124.000,400,000 s)
2024-06-03 19:15:00,651 INFO  - Recieve a message from other vehicle (at simulation time 124.000,400,000 s)
2024-06-03 19:15:00,651 INFO  - I'm in better position but no more hops in message (at simulation time 124.000,400,000 s)
2024-06-03 19:15:00,652 INFO  - Recieve a message from other vehicle (at simulation time 124.000,900,000 s)
2024-06-03 19:15:00,652 INFO  - I'm in better position but no more hops in message (at simulation time 124.000,900,000 s)
2024-06-03 19:15:00,652 INFO  - Recieve a message from other vehicle (at simulation time 124.000,900,000 s)
2024-06-03 19:15:00,652 INFO  - I'm in better position but no more hops in message (at simulation time 124.000,900,000 s)
2024-06-03 19:15:00,652 INFO  - Recieve a message from other vehicle (at simulation time 124.000,900,000 s)
2024-06-03 19:15:00,652 INFO  - My position is not better! (at simulation time 124.000,900,000 s)
2024-06-03 19:15:00,652 INFO  - Recieve a message from other vehicle (at simulation time 124.000,900,000 s)
2024-06-03 19:15:00,652 INFO  - I'm in better position but no more hops in message (at simulation time 124.000,900,000 s)
2024-06-03 19:15:00,653 INFO  - Recieve a message from other vehicle (at simulation time 124.001,300,000 s)
2024-06-03 19:15:00,653 INFO  - DENM message Recived from veh_22 -info : seco (at simulation time 124.001,300,000 s)
2024-06-03 19:15:00,653 INFO  - No more hops in DENM message (at simulation time 124.001,300,000 s)
2024-06-03 19:15:00,654 INFO  - Recieve a message from other vehicle (at simulation time 124.001,400,000 s)
2024-06-03 19:15:00,654 INFO  - My position is not better! (at simulation time 124.001,400,000 s)
2024-06-03 19:15:00,654 INFO  - Recieve a message from other vehicle (at simulation time 124.001,800,000 s)
2024-06-03 19:15:00,654 INFO  - DENM message Recived from veh_20 -info : nevoeiro (at simulation time 124.001,800,000 s)
2024-06-03 19:15:00,654 INFO  - No more hops in DENM message (at simulation time 124.001,800,000 s)
2024-06-03 19:15:00,655 INFO  - Recieve a message from other vehicle (at simulation time 124.001,900,000 s)
2024-06-03 19:15:00,655 INFO  - I'm in better position but no more hops in message (at simulation time 124.001,900,000 s)
2024-06-03 19:15:00,655 INFO  - Recieve a message from other vehicle (at simulation time 124.001,900,000 s)
2024-06-03 19:15:00,655 INFO  - I'm in better position but no more hops in message (at simulation time 124.001,900,000 s)
2024-06-03 19:15:00,655 INFO  - Recieve a message from other vehicle (at simulation time 124.002,300,000 s)
2024-06-03 19:15:00,655 INFO  - My position is not better! (at simulation time 124.002,300,000 s)
2024-06-03 19:15:00,655 INFO  - Recieve a message from other vehicle (at simulation time 124.002,400,000 s)
2024-06-03 19:15:00,655 INFO  - DENM message Recived from veh_20 -info : nevoeiro (at simulation time 124.002,400,000 s)
2024-06-03 19:15:00,655 INFO  - No more hops in DENM message (at simulation time 124.002,400,000 s)
2024-06-03 19:15:00,656 INFO  - Recieve a message from other vehicle (at simulation time 124.002,400,000 s)
2024-06-03 19:15:00,656 INFO  - I'm in better position but no more hops in message (at simulation time 124.002,400,000 s)
2024-06-03 19:15:00,656 INFO  - Recieve a message from other vehicle (at simulation time 124.002,400,000 s)
2024-06-03 19:15:00,656 INFO  - My position is not better! (at simulation time 124.002,400,000 s)
2024-06-03 19:15:00,656 INFO  - Recieve a message from other vehicle (at simulation time 124.002,400,000 s)
2024-06-03 19:15:00,656 INFO  - I'm in better position but no more hops in message (at simulation time 124.002,400,000 s)
2024-06-03 19:15:00,656 INFO  - Recieve a message from other vehicle (at simulation time 124.002,400,000 s)
2024-06-03 19:15:00,656 INFO  - I'm in better position but no more hops in message (at simulation time 124.002,400,000 s)
2024-06-03 19:15:00,656 INFO  - Recieve a message from other vehicle (at simulation time 124.002,800,000 s)
2024-06-03 19:15:00,656 INFO  - I'm in better position but no more hops in message (at simulation time 124.002,800,000 s)
2024-06-03 19:15:00,656 INFO  - Recieve a message from other vehicle (at simulation time 124.003,300,000 s)
2024-06-03 19:15:00,656 INFO  - My position is not better! (at simulation time 124.003,300,000 s)
2024-06-03 19:15:00,656 INFO  - Recieve a message from other vehicle (at simulation time 124.003,800,000 s)
2024-06-03 19:15:00,656 INFO  - My position is not better! (at simulation time 124.003,800,000 s)
2024-06-03 19:15:00,657 INFO  - Recieve a message from RSU (at simulation time 124.519,419,213 s)
2024-06-03 19:15:00,657 INFO  - Recieve a message from RSU (at simulation time 124.547,249,009 s)
2024-06-03 19:15:00,659 INFO  - Called #onVehicleUpdated (at simulation time 125.000,000,000 s)
2024-06-03 19:15:00,659 INFO  - Sending out AdHoc broadcast (at simulation time 125.000,000,000 s)
2024-06-03 19:15:00,660 INFO  - Sending out AdHoc broadcast (at simulation time 125.000,000,000 s)
2024-06-03 19:15:00,660 INFO  - Sending out AdHoc broadcast (at simulation time 125.000,000,000 s)
2024-06-03 19:15:00,660 INFO  - Sending out AdHoc broadcast (at simulation time 125.000,000,000 s)
2024-06-03 19:15:00,660 INFO  - Recieve a message from other vehicle (at simulation time 125.000,400,000 s)
2024-06-03 19:15:00,660 INFO  - My position is not better! (at simulation time 125.000,400,000 s)
2024-06-03 19:15:00,660 INFO  - Recieve a message from other vehicle (at simulation time 125.000,400,000 s)
2024-06-03 19:15:00,660 INFO  - My position is not better! (at simulation time 125.000,400,000 s)
2024-06-03 19:15:00,661 INFO  - Recieve a message from other vehicle (at simulation time 125.000,800,000 s)
2024-06-03 19:15:00,661 INFO  - My position is not better! (at simulation time 125.000,800,000 s)
2024-06-03 19:15:00,661 INFO  - Recieve a message from other vehicle (at simulation time 125.000,900,000 s)
2024-06-03 19:15:00,661 INFO  - My position is not better! (at simulation time 125.000,900,000 s)
2024-06-03 19:15:00,661 INFO  - Recieve a message from other vehicle (at simulation time 125.000,900,000 s)
2024-06-03 19:15:00,661 INFO  - My position is not better! (at simulation time 125.000,900,000 s)
2024-06-03 19:15:00,662 INFO  - Recieve a message from other vehicle (at simulation time 125.001,300,000 s)
2024-06-03 19:15:00,662 INFO  - My position is not better! (at simulation time 125.001,300,000 s)
2024-06-03 19:15:00,662 INFO  - Recieve a message from other vehicle (at simulation time 125.001,400,000 s)
2024-06-03 19:15:00,662 INFO  - My position is not better! (at simulation time 125.001,400,000 s)
2024-06-03 19:15:00,662 INFO  - Recieve a message from other vehicle (at simulation time 125.001,800,000 s)
2024-06-03 19:15:00,662 INFO  - My position is not better! (at simulation time 125.001,800,000 s)
2024-06-03 19:15:00,662 INFO  - Recieve a message from other vehicle (at simulation time 125.001,900,000 s)
2024-06-03 19:15:00,662 INFO  - I'm in better position but no more hops in message (at simulation time 125.001,900,000 s)
2024-06-03 19:15:00,662 INFO  - Recieve a message from other vehicle (at simulation time 125.001,900,000 s)
2024-06-03 19:15:00,662 INFO  - I'm in better position but no more hops in message (at simulation time 125.001,900,000 s)
2024-06-03 19:15:00,662 INFO  - Recieve a message from other vehicle (at simulation time 125.001,900,000 s)
2024-06-03 19:15:00,662 INFO  - My position is not better! (at simulation time 125.001,900,000 s)
2024-06-03 19:15:00,663 INFO  - Recieve a message from other vehicle (at simulation time 125.002,400,000 s)
2024-06-03 19:15:00,663 INFO  - My position is not better! (at simulation time 125.002,400,000 s)
2024-06-03 19:15:00,663 INFO  - Recieve a message from other vehicle (at simulation time 125.002,400,000 s)
2024-06-03 19:15:00,663 INFO  - I'm in better position but no more hops in message (at simulation time 125.002,400,000 s)
2024-06-03 19:15:00,663 INFO  - Recieve a message from other vehicle (at simulation time 125.002,400,000 s)
2024-06-03 19:15:00,663 INFO  - I'm in better position but no more hops in message (at simulation time 125.002,400,000 s)
2024-06-03 19:15:00,663 INFO  - Recieve a message from other vehicle (at simulation time 125.002,400,000 s)
2024-06-03 19:15:00,663 INFO  - My position is not better! (at simulation time 125.002,400,000 s)
2024-06-03 19:15:00,663 INFO  - Recieve a message from other vehicle (at simulation time 125.002,800,000 s)
2024-06-03 19:15:00,663 INFO  - My position is not better! (at simulation time 125.002,800,000 s)
2024-06-03 19:15:00,665 INFO  - Called #onVehicleUpdated (at simulation time 126.000,000,000 s)
2024-06-03 19:15:00,666 INFO  - Sending out AdHoc broadcast (at simulation time 126.000,000,000 s)
2024-06-03 19:15:00,666 INFO  - Sending out AdHoc broadcast (at simulation time 126.000,000,000 s)
2024-06-03 19:15:00,666 INFO  - Sending out AdHoc broadcast (at simulation time 126.000,000,000 s)
2024-06-03 19:15:00,667 INFO  - Recieve a message from other vehicle (at simulation time 126.000,400,000 s)
2024-06-03 19:15:00,667 INFO  - My position is not better! (at simulation time 126.000,400,000 s)
2024-06-03 19:15:00,667 INFO  - Recieve a message from other vehicle (at simulation time 126.000,400,000 s)
2024-06-03 19:15:00,667 INFO  - My position is not better! (at simulation time 126.000,400,000 s)
2024-06-03 19:15:00,668 INFO  - Recieve a message from other vehicle (at simulation time 126.000,900,000 s)
2024-06-03 19:15:00,668 INFO  - My position is not better! (at simulation time 126.000,900,000 s)
2024-06-03 19:15:00,668 INFO  - Recieve a message from other vehicle (at simulation time 126.000,900,000 s)
2024-06-03 19:15:00,668 INFO  - My position is not better! (at simulation time 126.000,900,000 s)
2024-06-03 19:15:00,668 INFO  - Recieve a message from other vehicle (at simulation time 126.001,300,000 s)
2024-06-03 19:15:00,668 INFO  - My position is not better! (at simulation time 126.001,300,000 s)
2024-06-03 19:15:00,669 INFO  - Recieve a message from other vehicle (at simulation time 126.001,400,000 s)
2024-06-03 19:15:00,669 INFO  - My position is not better! (at simulation time 126.001,400,000 s)
2024-06-03 19:15:00,669 INFO  - Recieve a message from other vehicle (at simulation time 126.001,900,000 s)
2024-06-03 19:15:00,669 INFO  - My position is not better! (at simulation time 126.001,900,000 s)
2024-06-03 19:15:00,670 INFO  - Recieve a message from other vehicle (at simulation time 126.002,300,000 s)
2024-06-03 19:15:00,670 INFO  - My position is not better! (at simulation time 126.002,300,000 s)
2024-06-03 19:15:00,670 INFO  - Recieve a message from other vehicle (at simulation time 126.002,400,000 s)
2024-06-03 19:15:00,670 INFO  - My position is not better! (at simulation time 126.002,400,000 s)
2024-06-03 19:15:00,670 INFO  - Recieve a message from other vehicle (at simulation time 126.002,400,000 s)
2024-06-03 19:15:00,670 INFO  - My position is not better! (at simulation time 126.002,400,000 s)
2024-06-03 19:15:00,670 INFO  - Recieve a message from other vehicle (at simulation time 126.002,800,000 s)
2024-06-03 19:15:00,670 INFO  - My position is not better! (at simulation time 126.002,800,000 s)
2024-06-03 19:15:00,673 INFO  - Called #onVehicleUpdated (at simulation time 127.000,000,000 s)
2024-06-03 19:15:00,673 INFO  - Sending out AdHoc broadcast (at simulation time 127.000,000,000 s)
2024-06-03 19:15:00,673 INFO  - Sending out AdHoc broadcast (at simulation time 127.000,000,000 s)
2024-06-03 19:15:00,673 INFO  - Sending out AdHoc broadcast (at simulation time 127.000,000,000 s)
2024-06-03 19:15:00,673 INFO  - Sending out AdHoc broadcast (at simulation time 127.000,000,000 s)
2024-06-03 19:15:00,676 INFO  - Recieve a message from other vehicle (at simulation time 127.000,900,000 s)
2024-06-03 19:15:00,676 INFO  - My position is not better! (at simulation time 127.000,900,000 s)
2024-06-03 19:15:00,676 INFO  - Recieve a message from other vehicle (at simulation time 127.000,900,000 s)
2024-06-03 19:15:00,676 INFO  - My position is not better! (at simulation time 127.000,900,000 s)
2024-06-03 19:15:00,678 INFO  - Recieve a message from other vehicle (at simulation time 127.002,300,000 s)
2024-06-03 19:15:00,678 INFO  - My position is not better! (at simulation time 127.002,300,000 s)
2024-06-03 19:15:00,678 INFO  - Recieve a message from other vehicle (at simulation time 127.002,300,000 s)
2024-06-03 19:15:00,678 INFO  - My position is not better! (at simulation time 127.002,300,000 s)
2024-06-03 19:15:00,678 INFO  - Recieve a message from other vehicle (at simulation time 127.002,300,000 s)
2024-06-03 19:15:00,678 INFO  - My position is not better! (at simulation time 127.002,300,000 s)
2024-06-03 19:15:00,679 INFO  - Recieve a message from other vehicle (at simulation time 127.003,300,000 s)
2024-06-03 19:15:00,679 INFO  - My position is not better! (at simulation time 127.003,300,000 s)
2024-06-03 19:15:00,681 INFO  - Called #onVehicleUpdated (at simulation time 128.000,000,000 s)
2024-06-03 19:15:00,681 INFO  - Exced velocity! Sending new CAM (at simulation time 128.000,000,000 s)
2024-06-03 19:15:00,681 INFO  - Sending out AdHoc broadcast (at simulation time 128.000,000,000 s)
2024-06-03 19:15:00,681 INFO  - Sending out AdHoc broadcast (at simulation time 128.000,000,000 s)
2024-06-03 19:15:00,681 INFO  - Sending out AdHoc broadcast (at simulation time 128.000,000,000 s)
2024-06-03 19:15:00,681 INFO  - Sending out AdHoc broadcast (at simulation time 128.000,000,000 s)
2024-06-03 19:15:00,686 INFO  - Called #onVehicleUpdated (at simulation time 129.000,000,000 s)
2024-06-03 19:15:00,686 INFO  - Exced velocity! Sending new CAM (at simulation time 129.000,000,000 s)
2024-06-03 19:15:00,686 INFO  - Sending out AdHoc broadcast (at simulation time 129.000,000,000 s)
2024-06-03 19:15:00,686 INFO  - Sending out AdHoc broadcast (at simulation time 129.000,000,000 s)
2024-06-03 19:15:00,687 INFO  - Sending out AdHoc broadcast (at simulation time 129.000,000,000 s)
2024-06-03 19:15:00,687 INFO  - Sending out AdHoc broadcast (at simulation time 129.000,000,000 s)
2024-06-03 19:15:00,687 INFO  - Sending out AdHoc broadcast (at simulation time 129.000,000,000 s)
2024-06-03 19:15:00,693 INFO  - Called #onVehicleUpdated (at simulation time 130.000,000,000 s)
2024-06-03 19:15:00,693 INFO  - Exced velocity! Sending new CAM (at simulation time 130.000,000,000 s)
2024-06-03 19:15:00,693 INFO  - Sending out AdHoc broadcast (at simulation time 130.000,000,000 s)
2024-06-03 19:15:00,694 INFO  - Sending out AdHoc broadcast (at simulation time 130.000,000,000 s)
2024-06-03 19:15:00,694 INFO  - Sending out AdHoc broadcast (at simulation time 130.000,000,000 s)
2024-06-03 19:15:00,694 INFO  - Sending out AdHoc broadcast (at simulation time 130.000,000,000 s)
2024-06-03 19:15:00,694 INFO  - Sending out AdHoc broadcast (at simulation time 130.000,000,000 s)
2024-06-03 19:15:00,698 INFO  - Called #onVehicleUpdated (at simulation time 131.000,000,000 s)
2024-06-03 19:15:00,698 INFO  - Exced velocity! Sending new CAM (at simulation time 131.000,000,000 s)
2024-06-03 19:15:00,698 INFO  - Sending out AdHoc broadcast (at simulation time 131.000,000,000 s)
2024-06-03 19:15:00,698 INFO  - Sending out AdHoc broadcast (at simulation time 131.000,000,000 s)
2024-06-03 19:15:00,698 INFO  - Sending out AdHoc broadcast (at simulation time 131.000,000,000 s)
2024-06-03 19:15:00,698 INFO  - Sending out AdHoc broadcast (at simulation time 131.000,000,000 s)
2024-06-03 19:15:00,698 INFO  - Sending out AdHoc broadcast (at simulation time 131.000,000,000 s)
2024-06-03 19:15:00,698 INFO  - Sending out AdHoc broadcast (at simulation time 131.000,000,000 s)
2024-06-03 19:15:00,705 INFO  - Shutdown (at simulation time 132.000,000,000 s)
