2024-06-03 18:10:07,584 INFO  - Initialize Vehicle application (at simulation time 150.000,000,000 s)
2024-06-03 18:10:07,585 INFO  - Activated WLAN Module (at simulation time 150.000,000,000 s)
2024-06-03 18:10:07,587 INFO  - Called #onVehicleUpdated (at simulation time 150.000,000,000 s)
2024-06-03 18:10:07,587 INFO  - Exced velocity! Sending new CAM (at simulation time 150.000,000,000 s)
2024-06-03 18:10:07,587 INFO  - Sending out AdHoc broadcast (at simulation time 150.000,000,000 s)
2024-06-03 18:10:07,882 INFO  - Called #onVehicleUpdated (at simulation time 151.000,000,000 s)
2024-06-03 18:10:07,882 INFO  - Exced velocity! Sending new CAM (at simulation time 151.000,000,000 s)
2024-06-03 18:10:07,882 INFO  - Sending out AdHoc broadcast (at simulation time 151.000,000,000 s)
2024-06-03 18:10:07,882 INFO  - Define the name: veh_27 and route: r_4 (at simulation time 151.000,000,000 s)
2024-06-03 18:10:07,882 INFO  - Sending out AdHoc broadcast (at simulation time 151.000,000,000 s)
2024-06-03 18:10:08,180 INFO  - Called #onVehicleUpdated (at simulation time 152.000,000,000 s)
2024-06-03 18:10:08,180 INFO  - Sending out AdHoc broadcast (at simulation time 152.000,000,000 s)
2024-06-03 18:10:08,184 INFO  - Recieve a message from other vehicle (at simulation time 152.001,900,000 s)
2024-06-03 18:10:08,184 INFO  - Recending a message from other vehicle (at simulation time 152.001,900,000 s)
2024-06-03 18:10:08,480 INFO  - Called #onVehicleUpdated (at simulation time 153.000,000,000 s)
2024-06-03 18:10:08,480 INFO  - Sending out AdHoc broadcast (at simulation time 153.000,000,000 s)
2024-06-03 18:10:08,481 INFO  - Sending out AdHoc broadcast (at simulation time 153.000,000,000 s)
2024-06-03 18:10:08,483 INFO  - Recieve a message from other vehicle (at simulation time 153.000,800,000 s)
2024-06-03 18:10:08,483 INFO  - My position is not better! (at simulation time 153.000,800,000 s)
2024-06-03 18:10:08,485 INFO  - Recieve a message from other vehicle (at simulation time 153.001,900,000 s)
2024-06-03 18:10:08,485 INFO  - My position is not better! (at simulation time 153.001,900,000 s)
2024-06-03 18:10:08,485 INFO  - Recieve a message from other vehicle (at simulation time 153.001,900,000 s)
2024-06-03 18:10:08,485 INFO  - My position is not better! (at simulation time 153.001,900,000 s)
2024-06-03 18:10:08,486 INFO  - Recieve a message from other vehicle (at simulation time 153.002,400,000 s)
2024-06-03 18:10:08,486 INFO  - My position is not better! (at simulation time 153.002,400,000 s)
2024-06-03 18:10:08,487 INFO  - Recieve a message from other vehicle (at simulation time 153.003,300,000 s)
2024-06-03 18:10:08,487 INFO  - My position is not better! (at simulation time 153.003,300,000 s)
2024-06-03 18:10:08,780 INFO  - Called #onVehicleUpdated (at simulation time 154.000,000,000 s)
2024-06-03 18:10:08,780 INFO  - Sending out AdHoc broadcast (at simulation time 154.000,000,000 s)
2024-06-03 18:10:08,782 INFO  - Recieve a message from other vehicle (at simulation time 154.000,800,000 s)
2024-06-03 18:10:08,782 INFO  - I'm in better position but no more hops in message (at simulation time 154.000,800,000 s)
2024-06-03 18:10:08,783 INFO  - Recieve a message from other vehicle (at simulation time 154.000,900,000 s)
2024-06-03 18:10:08,783 INFO  - My position is not better! (at simulation time 154.000,900,000 s)
2024-06-03 18:10:08,783 INFO  - Recieve a message from other vehicle (at simulation time 154.001,400,000 s)
2024-06-03 18:10:08,783 INFO  - My position is not better! (at simulation time 154.001,400,000 s)
2024-06-03 18:10:08,783 INFO  - Recieve a message from other vehicle (at simulation time 154.001,400,000 s)
2024-06-03 18:10:08,783 INFO  - I'm in better position but no more hops in message (at simulation time 154.001,400,000 s)
2024-06-03 18:10:08,784 INFO  - Recieve a message from other vehicle (at simulation time 154.001,900,000 s)
2024-06-03 18:10:08,784 INFO  - My position is not better! (at simulation time 154.001,900,000 s)
2024-06-03 18:10:08,785 INFO  - Recieve a message from other vehicle (at simulation time 154.002,400,000 s)
2024-06-03 18:10:08,785 INFO  - My position is not better! (at simulation time 154.002,400,000 s)
2024-06-03 18:10:08,786 INFO  - Recieve a message from other vehicle (at simulation time 154.003,800,000 s)
2024-06-03 18:10:08,786 INFO  - My position is not better! (at simulation time 154.003,800,000 s)
2024-06-03 18:10:09,083 INFO  - Called #onVehicleUpdated (at simulation time 155.000,000,000 s)
2024-06-03 18:10:09,083 INFO  - Sending out AdHoc broadcast (at simulation time 155.000,000,000 s)
2024-06-03 18:10:09,084 INFO  - Sending out AdHoc broadcast (at simulation time 155.000,000,000 s)
2024-06-03 18:10:09,085 INFO  - Recieve a message from other vehicle (at simulation time 155.000,400,000 s)
2024-06-03 18:10:09,085 INFO  - My position is not better! (at simulation time 155.000,400,000 s)
2024-06-03 18:10:09,088 INFO  - Recieve a message from other vehicle (at simulation time 155.000,900,000 s)
2024-06-03 18:10:09,088 INFO  - My position is not better! (at simulation time 155.000,900,000 s)
2024-06-03 18:10:09,091 INFO  - Recieve a message from other vehicle (at simulation time 155.001,400,000 s)
2024-06-03 18:10:09,091 INFO  - My position is not better! (at simulation time 155.001,400,000 s)
2024-06-03 18:10:09,091 INFO  - Recieve a message from other vehicle (at simulation time 155.001,400,000 s)
2024-06-03 18:10:09,091 INFO  - My position is not better! (at simulation time 155.001,400,000 s)
2024-06-03 18:10:09,091 INFO  - Recieve a message from other vehicle (at simulation time 155.001,400,000 s)
2024-06-03 18:10:09,091 INFO  - My position is not better! (at simulation time 155.001,400,000 s)
2024-06-03 18:10:09,092 INFO  - Recieve a message from other vehicle (at simulation time 155.001,800,000 s)
2024-06-03 18:10:09,092 INFO  - My position is not better! (at simulation time 155.001,800,000 s)
2024-06-03 18:10:09,094 INFO  - Recieve a message from other vehicle (at simulation time 155.002,300,000 s)
2024-06-03 18:10:09,094 INFO  - My position is not better! (at simulation time 155.002,300,000 s)
2024-06-03 18:10:09,380 INFO  - Called #onVehicleUpdated (at simulation time 156.000,000,000 s)
2024-06-03 18:10:09,381 INFO  - Sending out AdHoc broadcast (at simulation time 156.000,000,000 s)
2024-06-03 18:10:09,382 INFO  - Recieve a message from other vehicle (at simulation time 156.000,400,000 s)
2024-06-03 18:10:09,382 INFO  - My position is not better! (at simulation time 156.000,400,000 s)
2024-06-03 18:10:09,384 INFO  - Recieve a message from other vehicle (at simulation time 156.000,900,000 s)
2024-06-03 18:10:09,384 INFO  - My position is not better! (at simulation time 156.000,900,000 s)
2024-06-03 18:10:09,386 INFO  - Recieve a message from other vehicle (at simulation time 156.001,400,000 s)
2024-06-03 18:10:09,386 INFO  - My position is not better! (at simulation time 156.001,400,000 s)
2024-06-03 18:10:09,387 INFO  - Recieve a message from other vehicle (at simulation time 156.001,400,000 s)
2024-06-03 18:10:09,387 INFO  - My position is not better! (at simulation time 156.001,400,000 s)
2024-06-03 18:10:09,387 INFO  - Recieve a message from other vehicle (at simulation time 156.001,900,000 s)
2024-06-03 18:10:09,387 INFO  - My position is not better! (at simulation time 156.001,900,000 s)
2024-06-03 18:10:09,388 INFO  - Recieve a message from other vehicle (at simulation time 156.001,900,000 s)
2024-06-03 18:10:09,388 INFO  - My position is not better! (at simulation time 156.001,900,000 s)
2024-06-03 18:10:09,389 INFO  - Recieve a message from other vehicle (at simulation time 156.002,400,000 s)
2024-06-03 18:10:09,389 INFO  - My position is not better! (at simulation time 156.002,400,000 s)
2024-06-03 18:10:09,390 INFO  - Recieve a message from other vehicle (at simulation time 156.002,400,000 s)
2024-06-03 18:10:09,390 INFO  - I'm in better position but no more hops in message (at simulation time 156.002,400,000 s)
2024-06-03 18:10:09,390 INFO  - Recieve a message from other vehicle (at simulation time 156.002,800,000 s)
2024-06-03 18:10:09,390 INFO  - I'm in better position but no more hops in message (at simulation time 156.002,800,000 s)
2024-06-03 18:10:09,681 INFO  - Called #onVehicleUpdated (at simulation time 157.000,000,000 s)
2024-06-03 18:10:09,681 INFO  - Sending out AdHoc broadcast (at simulation time 157.000,000,000 s)
2024-06-03 18:10:09,681 INFO  - Sending out AdHoc broadcast (at simulation time 157.000,000,000 s)
2024-06-03 18:10:09,684 INFO  - Recieve a message from other vehicle (at simulation time 157.000,900,000 s)
2024-06-03 18:10:09,684 INFO  - My position is not better! (at simulation time 157.000,900,000 s)
2024-06-03 18:10:09,684 INFO  - Recieve a message from other vehicle (at simulation time 157.001,400,000 s)
2024-06-03 18:10:09,684 INFO  - My position is not better! (at simulation time 157.001,400,000 s)
2024-06-03 18:10:09,684 INFO  - Recieve a message from other vehicle (at simulation time 157.001,400,000 s)
2024-06-03 18:10:09,684 INFO  - My position is not better! (at simulation time 157.001,400,000 s)
2024-06-03 18:10:09,685 INFO  - Recieve a message from other vehicle (at simulation time 157.002,400,000 s)
2024-06-03 18:10:09,685 INFO  - My position is not better! (at simulation time 157.002,400,000 s)
2024-06-03 18:10:09,686 INFO  - Recieve a message from other vehicle (at simulation time 157.002,400,000 s)
2024-06-03 18:10:09,686 INFO  - My position is not better! (at simulation time 157.002,400,000 s)
2024-06-03 18:10:09,981 INFO  - Called #onVehicleUpdated (at simulation time 158.000,000,000 s)
2024-06-03 18:10:09,981 INFO  - Sending out AdHoc broadcast (at simulation time 158.000,000,000 s)
2024-06-03 18:10:09,984 INFO  - Recieve a message from other vehicle (at simulation time 158.000,900,000 s)
2024-06-03 18:10:09,984 INFO  - My position is not better! (at simulation time 158.000,900,000 s)
2024-06-03 18:10:09,985 INFO  - Recieve a message from other vehicle (at simulation time 158.000,900,000 s)
2024-06-03 18:10:09,985 INFO  - My position is not better! (at simulation time 158.000,900,000 s)
2024-06-03 18:10:09,986 INFO  - Recieve a message from other vehicle (at simulation time 158.001,400,000 s)
2024-06-03 18:10:09,986 INFO  - My position is not better! (at simulation time 158.001,400,000 s)
2024-06-03 18:10:09,986 INFO  - Recieve a message from other vehicle (at simulation time 158.001,900,000 s)
2024-06-03 18:10:09,986 INFO  - My position is not better! (at simulation time 158.001,900,000 s)
2024-06-03 18:10:09,987 INFO  - Recieve a message from other vehicle (at simulation time 158.002,400,000 s)
2024-06-03 18:10:09,987 INFO  - My position is not better! (at simulation time 158.002,400,000 s)
2024-06-03 18:10:09,987 INFO  - Recieve a message from other vehicle (at simulation time 158.002,400,000 s)
2024-06-03 18:10:09,987 INFO  - My position is not better! (at simulation time 158.002,400,000 s)
2024-06-03 18:10:09,987 INFO  - Recieve a message from other vehicle (at simulation time 158.002,400,000 s)
2024-06-03 18:10:09,987 INFO  - My position is not better! (at simulation time 158.002,400,000 s)
2024-06-03 18:10:09,988 INFO  - Recieve a message from other vehicle (at simulation time 158.002,400,000 s)
2024-06-03 18:10:09,988 INFO  - I'm in better position but no more hops in message (at simulation time 158.002,400,000 s)
2024-06-03 18:10:10,281 INFO  - Called #onVehicleUpdated (at simulation time 159.000,000,000 s)
2024-06-03 18:10:10,281 INFO  - Sending out DENM broadcast (at simulation time 159.000,000,000 s)
2024-06-03 18:10:10,281 INFO  - Sending out AdHoc broadcast (at simulation time 159.000,000,000 s)
2024-06-03 18:10:10,281 INFO  - Sending out AdHoc broadcast (at simulation time 159.000,000,000 s)
2024-06-03 18:10:10,283 INFO  - Recieve a message from other vehicle (at simulation time 159.000,400,000 s)
2024-06-03 18:10:10,283 INFO  - My position is not better! (at simulation time 159.000,400,000 s)
2024-06-03 18:10:10,284 INFO  - Recieve a message from other vehicle (at simulation time 159.000,900,000 s)
2024-06-03 18:10:10,284 INFO  - My position is not better! (at simulation time 159.000,900,000 s)
2024-06-03 18:10:10,285 INFO  - Recieve a message from other vehicle (at simulation time 159.001,400,000 s)
2024-06-03 18:10:10,285 INFO  - My position is not better! (at simulation time 159.001,400,000 s)
2024-06-03 18:10:10,286 INFO  - Recieve a message from other vehicle (at simulation time 159.001,400,000 s)
2024-06-03 18:10:10,286 INFO  - My position is not better! (at simulation time 159.001,400,000 s)
2024-06-03 18:10:10,287 INFO  - Recieve a message from other vehicle (at simulation time 159.001,900,000 s)
2024-06-03 18:10:10,287 INFO  - My position is not better! (at simulation time 159.001,900,000 s)
2024-06-03 18:10:10,291 INFO  - Recieve a message from other vehicle (at simulation time 159.002,800,000 s)
2024-06-03 18:10:10,291 INFO  - DENM message Recived from veh_27 -info : nevoeiro (at simulation time 159.002,800,000 s)
2024-06-03 18:10:10,291 INFO  - No more hops in DENM message (at simulation time 159.002,800,000 s)
2024-06-03 18:10:10,582 INFO  - Called #onVehicleUpdated (at simulation time 160.000,000,000 s)
2024-06-03 18:10:10,583 INFO  - Sending out AdHoc broadcast (at simulation time 160.000,000,000 s)
2024-06-03 18:10:10,585 INFO  - Recieve a message from other vehicle (at simulation time 160.000,400,000 s)
2024-06-03 18:10:10,585 INFO  - My position is not better! (at simulation time 160.000,400,000 s)
2024-06-03 18:10:10,585 INFO  - Recieve a message from other vehicle (at simulation time 160.000,400,000 s)
2024-06-03 18:10:10,585 INFO  - My position is not better! (at simulation time 160.000,400,000 s)
2024-06-03 18:10:10,586 INFO  - Recieve a message from other vehicle (at simulation time 160.000,400,000 s)
2024-06-03 18:10:10,586 INFO  - My position is not better! (at simulation time 160.000,400,000 s)
2024-06-03 18:10:10,587 INFO  - Recieve a message from other vehicle (at simulation time 160.000,900,000 s)
2024-06-03 18:10:10,587 INFO  - My position is not better! (at simulation time 160.000,900,000 s)
2024-06-03 18:10:10,587 INFO  - Recieve a message from other vehicle (at simulation time 160.000,900,000 s)
2024-06-03 18:10:10,587 INFO  - My position is not better! (at simulation time 160.000,900,000 s)
2024-06-03 18:10:10,587 INFO  - Recieve a message from other vehicle (at simulation time 160.000,900,000 s)
2024-06-03 18:10:10,587 INFO  - My position is not better! (at simulation time 160.000,900,000 s)
2024-06-03 18:10:10,590 INFO  - Recieve a message from other vehicle (at simulation time 160.001,900,000 s)
2024-06-03 18:10:10,590 INFO  - DENM message Recived from veh_28 -info : seco (at simulation time 160.001,900,000 s)
2024-06-03 18:10:10,590 INFO  - No more hops in DENM message (at simulation time 160.001,900,000 s)
2024-06-03 18:10:10,591 INFO  - Recieve a message from other vehicle (at simulation time 160.001,900,000 s)
2024-06-03 18:10:10,591 INFO  - My position is not better! (at simulation time 160.001,900,000 s)
2024-06-03 18:10:10,591 INFO  - Recieve a message from other vehicle (at simulation time 160.002,300,000 s)
2024-06-03 18:10:10,591 INFO  - DENM message Recived from veh_28 -info : seco (at simulation time 160.002,300,000 s)
2024-06-03 18:10:10,592 INFO  - No more hops in DENM message (at simulation time 160.002,300,000 s)
2024-06-03 18:10:10,593 INFO  - Recieve a message from other vehicle (at simulation time 160.002,400,000 s)
2024-06-03 18:10:10,593 INFO  - I'm in better position but no more hops in message (at simulation time 160.002,400,000 s)
2024-06-03 18:10:10,881 INFO  - Called #onVehicleUpdated (at simulation time 161.000,000,000 s)
2024-06-03 18:10:10,881 INFO  - Sending out AdHoc broadcast (at simulation time 161.000,000,000 s)
2024-06-03 18:10:10,881 INFO  - Sending out AdHoc broadcast (at simulation time 161.000,000,000 s)
2024-06-03 18:10:10,883 INFO  - Recieve a message from other vehicle (at simulation time 161.000,400,000 s)
2024-06-03 18:10:10,883 INFO  - My position is not better! (at simulation time 161.000,400,000 s)
2024-06-03 18:10:10,886 INFO  - Recieve a message from other vehicle (at simulation time 161.001,400,000 s)
2024-06-03 18:10:10,886 INFO  - My position is not better! (at simulation time 161.001,400,000 s)
2024-06-03 18:10:10,887 INFO  - Recieve a message from other vehicle (at simulation time 161.001,900,000 s)
2024-06-03 18:10:10,887 INFO  - My position is not better! (at simulation time 161.001,900,000 s)
2024-06-03 18:10:10,888 INFO  - Recieve a message from other vehicle (at simulation time 161.002,400,000 s)
2024-06-03 18:10:10,888 INFO  - My position is not better! (at simulation time 161.002,400,000 s)
2024-06-03 18:10:10,888 INFO  - Recieve a message from other vehicle (at simulation time 161.002,400,000 s)
2024-06-03 18:10:10,888 INFO  - My position is not better! (at simulation time 161.002,400,000 s)
2024-06-03 18:10:11,182 INFO  - Called #onVehicleUpdated (at simulation time 162.000,000,000 s)
2024-06-03 18:10:11,182 INFO  - Sending out AdHoc broadcast (at simulation time 162.000,000,000 s)
2024-06-03 18:10:11,185 INFO  - Recieve a message from other vehicle (at simulation time 162.000,400,000 s)
2024-06-03 18:10:11,185 INFO  - My position is not better! (at simulation time 162.000,400,000 s)
2024-06-03 18:10:11,185 INFO  - Recieve a message from other vehicle (at simulation time 162.000,400,000 s)
2024-06-03 18:10:11,185 INFO  - My position is not better! (at simulation time 162.000,400,000 s)
2024-06-03 18:10:11,186 INFO  - Recieve a message from other vehicle (at simulation time 162.000,400,000 s)
2024-06-03 18:10:11,186 INFO  - My position is not better! (at simulation time 162.000,400,000 s)
2024-06-03 18:10:11,186 INFO  - Recieve a message from other vehicle (at simulation time 162.000,900,000 s)
2024-06-03 18:10:11,186 INFO  - My position is not better! (at simulation time 162.000,900,000 s)
2024-06-03 18:10:11,187 INFO  - Recieve a message from other vehicle (at simulation time 162.001,400,000 s)
2024-06-03 18:10:11,187 INFO  - I'm in better position but no more hops in message (at simulation time 162.001,400,000 s)
2024-06-03 18:10:11,187 INFO  - Recieve a message from other vehicle (at simulation time 162.001,900,000 s)
2024-06-03 18:10:11,187 INFO  - My position is not better! (at simulation time 162.001,900,000 s)
2024-06-03 18:10:11,187 INFO  - Recieve a message from other vehicle (at simulation time 162.001,900,000 s)
2024-06-03 18:10:11,187 INFO  - My position is not better! (at simulation time 162.001,900,000 s)
2024-06-03 18:10:11,188 INFO  - Recieve a message from other vehicle (at simulation time 162.002,400,000 s)
2024-06-03 18:10:11,188 INFO  - My position is not better! (at simulation time 162.002,400,000 s)
2024-06-03 18:10:11,483 INFO  - Called #onVehicleUpdated (at simulation time 163.000,000,000 s)
2024-06-03 18:10:11,483 INFO  - Sending out AdHoc broadcast (at simulation time 163.000,000,000 s)
2024-06-03 18:10:11,484 INFO  - Sending out AdHoc broadcast (at simulation time 163.000,000,000 s)
2024-06-03 18:10:11,488 INFO  - Recieve a message from other vehicle (at simulation time 163.000,900,000 s)
2024-06-03 18:10:11,488 INFO  - My position is not better! (at simulation time 163.000,900,000 s)
2024-06-03 18:10:11,494 INFO  - Recieve a message from other vehicle (at simulation time 163.001,900,000 s)
2024-06-03 18:10:11,494 INFO  - My position is not better! (at simulation time 163.001,900,000 s)
2024-06-03 18:10:11,494 INFO  - Recieve a message from other vehicle (at simulation time 163.002,400,000 s)
2024-06-03 18:10:11,494 INFO  - My position is not better! (at simulation time 163.002,400,000 s)
2024-06-03 18:10:11,494 INFO  - Recieve a message from other vehicle (at simulation time 163.002,400,000 s)
2024-06-03 18:10:11,494 INFO  - My position is not better! (at simulation time 163.002,400,000 s)
2024-06-03 18:10:11,495 INFO  - Recieve a message from other vehicle (at simulation time 163.002,400,000 s)
2024-06-03 18:10:11,495 INFO  - My position is not better! (at simulation time 163.002,400,000 s)
2024-06-03 18:10:11,784 INFO  - Called #onVehicleUpdated (at simulation time 164.000,000,000 s)
2024-06-03 18:10:11,784 INFO  - Sending out AdHoc broadcast (at simulation time 164.000,000,000 s)
2024-06-03 18:10:11,787 INFO  - Recieve a message from other vehicle (at simulation time 164.000,400,000 s)
2024-06-03 18:10:11,788 INFO  - My position is not better! (at simulation time 164.000,400,000 s)
2024-06-03 18:10:11,789 INFO  - Recieve a message from other vehicle (at simulation time 164.000,400,000 s)
2024-06-03 18:10:11,789 INFO  - I'm in better position but no more hops in message (at simulation time 164.000,400,000 s)
2024-06-03 18:10:11,789 INFO  - Recieve a message from other vehicle (at simulation time 164.000,900,000 s)
2024-06-03 18:10:11,789 INFO  - My position is not better! (at simulation time 164.000,900,000 s)
2024-06-03 18:10:11,791 INFO  - Recieve a message from other vehicle (at simulation time 164.000,900,000 s)
2024-06-03 18:10:11,791 INFO  - My position is not better! (at simulation time 164.000,900,000 s)
2024-06-03 18:10:11,791 INFO  - Recieve a message from other vehicle (at simulation time 164.001,400,000 s)
2024-06-03 18:10:11,791 INFO  - My position is not better! (at simulation time 164.001,400,000 s)
2024-06-03 18:10:11,791 INFO  - Recieve a message from other vehicle (at simulation time 164.001,400,000 s)
2024-06-03 18:10:11,791 INFO  - My position is not better! (at simulation time 164.001,400,000 s)
2024-06-03 18:10:11,793 INFO  - Recieve a message from other vehicle (at simulation time 164.001,900,000 s)
2024-06-03 18:10:11,793 INFO  - My position is not better! (at simulation time 164.001,900,000 s)
2024-06-03 18:10:11,794 INFO  - Recieve a message from other vehicle (at simulation time 164.001,900,000 s)
2024-06-03 18:10:11,794 INFO  - My position is not better! (at simulation time 164.001,900,000 s)
2024-06-03 18:10:12,085 INFO  - Called #onVehicleUpdated (at simulation time 165.000,000,000 s)
2024-06-03 18:10:12,086 INFO  - Sending out AdHoc broadcast (at simulation time 165.000,000,000 s)
2024-06-03 18:10:12,087 INFO  - Sending out AdHoc broadcast (at simulation time 165.000,000,000 s)
2024-06-03 18:10:12,090 INFO  - Recieve a message from other vehicle (at simulation time 165.000,400,000 s)
2024-06-03 18:10:12,090 INFO  - My position is not better! (at simulation time 165.000,400,000 s)
2024-06-03 18:10:12,094 INFO  - Recieve a message from other vehicle (at simulation time 165.000,900,000 s)
2024-06-03 18:10:12,094 INFO  - My position is not better! (at simulation time 165.000,900,000 s)
2024-06-03 18:10:12,094 INFO  - Recieve a message from other vehicle (at simulation time 165.000,900,000 s)
2024-06-03 18:10:12,094 INFO  - My position is not better! (at simulation time 165.000,900,000 s)
2024-06-03 18:10:12,094 INFO  - Recieve a message from other vehicle (at simulation time 165.001,400,000 s)
2024-06-03 18:10:12,094 INFO  - My position is not better! (at simulation time 165.001,400,000 s)
2024-06-03 18:10:12,096 INFO  - Recieve a message from other vehicle (at simulation time 165.001,900,000 s)
2024-06-03 18:10:12,096 INFO  - My position is not better! (at simulation time 165.001,900,000 s)
2024-06-03 18:10:12,382 INFO  - Called #onVehicleUpdated (at simulation time 166.000,000,000 s)
2024-06-03 18:10:12,382 INFO  - Sending out AdHoc broadcast (at simulation time 166.000,000,000 s)
2024-06-03 18:10:12,383 INFO  - Recieve a message from other vehicle (at simulation time 166.000,400,000 s)
2024-06-03 18:10:12,383 INFO  - My position is not better! (at simulation time 166.000,400,000 s)
2024-06-03 18:10:12,384 INFO  - Recieve a message from other vehicle (at simulation time 166.000,400,000 s)
2024-06-03 18:10:12,384 INFO  - My position is not better! (at simulation time 166.000,400,000 s)
2024-06-03 18:10:12,384 INFO  - Recieve a message from other vehicle (at simulation time 166.000,400,000 s)
2024-06-03 18:10:12,384 INFO  - My position is not better! (at simulation time 166.000,400,000 s)
2024-06-03 18:10:12,385 INFO  - Recieve a message from other vehicle (at simulation time 166.001,400,000 s)
2024-06-03 18:10:12,385 INFO  - I'm in better position but no more hops in message (at simulation time 166.001,400,000 s)
2024-06-03 18:10:12,385 INFO  - Recieve a message from other vehicle (at simulation time 166.001,900,000 s)
2024-06-03 18:10:12,385 INFO  - My position is not better! (at simulation time 166.001,900,000 s)
2024-06-03 18:10:12,386 INFO  - Recieve a message from other vehicle (at simulation time 166.001,900,000 s)
2024-06-03 18:10:12,386 INFO  - My position is not better! (at simulation time 166.001,900,000 s)
2024-06-03 18:10:12,386 INFO  - Recieve a message from other vehicle (at simulation time 166.002,400,000 s)
2024-06-03 18:10:12,386 INFO  - My position is not better! (at simulation time 166.002,400,000 s)
2024-06-03 18:10:12,386 INFO  - Recieve a message from other vehicle (at simulation time 166.002,400,000 s)
2024-06-03 18:10:12,386 INFO  - My position is not better! (at simulation time 166.002,400,000 s)
2024-06-03 18:10:12,685 INFO  - Called #onVehicleUpdated (at simulation time 167.000,000,000 s)
2024-06-03 18:10:12,685 INFO  - Sending out AdHoc broadcast (at simulation time 167.000,000,000 s)
2024-06-03 18:10:12,686 INFO  - Sending out AdHoc broadcast (at simulation time 167.000,000,000 s)
2024-06-03 18:10:12,689 INFO  - Recieve a message from other vehicle (at simulation time 167.000,400,000 s)
2024-06-03 18:10:12,689 INFO  - My position is not better! (at simulation time 167.000,400,000 s)
2024-06-03 18:10:12,690 INFO  - Recieve a message from other vehicle (at simulation time 167.000,900,000 s)
2024-06-03 18:10:12,690 INFO  - My position is not better! (at simulation time 167.000,900,000 s)
2024-06-03 18:10:12,692 INFO  - Recieve a message from other vehicle (at simulation time 167.001,900,000 s)
2024-06-03 18:10:12,692 INFO  - My position is not better! (at simulation time 167.001,900,000 s)
2024-06-03 18:10:12,692 INFO  - Recieve a message from other vehicle (at simulation time 167.002,400,000 s)
2024-06-03 18:10:12,692 INFO  - My position is not better! (at simulation time 167.002,400,000 s)
2024-06-03 18:10:12,692 INFO  - Recieve a message from other vehicle (at simulation time 167.002,400,000 s)
2024-06-03 18:10:12,692 INFO  - My position is not better! (at simulation time 167.002,400,000 s)
2024-06-03 18:10:12,984 INFO  - Called #onVehicleUpdated (at simulation time 168.000,000,000 s)
2024-06-03 18:10:12,984 INFO  - Sending out AdHoc broadcast (at simulation time 168.000,000,000 s)
2024-06-03 18:10:12,987 INFO  - Recieve a message from other vehicle (at simulation time 168.000,400,000 s)
2024-06-03 18:10:12,987 INFO  - My position is not better! (at simulation time 168.000,400,000 s)
2024-06-03 18:10:12,991 INFO  - Recieve a message from other vehicle (at simulation time 168.000,900,000 s)
2024-06-03 18:10:12,991 INFO  - I'm in better position but no more hops in message (at simulation time 168.000,900,000 s)
2024-06-03 18:10:12,992 INFO  - Recieve a message from other vehicle (at simulation time 168.001,400,000 s)
2024-06-03 18:10:12,992 INFO  - My position is not better! (at simulation time 168.001,400,000 s)
2024-06-03 18:10:12,993 INFO  - Recieve a message from other vehicle (at simulation time 168.001,400,000 s)
2024-06-03 18:10:12,993 INFO  - My position is not better! (at simulation time 168.001,400,000 s)
2024-06-03 18:10:12,993 INFO  - Recieve a message from other vehicle (at simulation time 168.001,900,000 s)
2024-06-03 18:10:12,993 INFO  - My position is not better! (at simulation time 168.001,900,000 s)
2024-06-03 18:10:12,993 INFO  - Recieve a message from other vehicle (at simulation time 168.001,900,000 s)
2024-06-03 18:10:12,993 INFO  - My position is not better! (at simulation time 168.001,900,000 s)
2024-06-03 18:10:12,995 INFO  - Recieve a message from other vehicle (at simulation time 168.002,400,000 s)
2024-06-03 18:10:12,995 INFO  - My position is not better! (at simulation time 168.002,400,000 s)
2024-06-03 18:10:12,995 INFO  - Recieve a message from other vehicle (at simulation time 168.002,400,000 s)
2024-06-03 18:10:12,995 INFO  - My position is not better! (at simulation time 168.002,400,000 s)
2024-06-03 18:10:13,286 INFO  - Called #onVehicleUpdated (at simulation time 169.000,000,000 s)
2024-06-03 18:10:13,286 INFO  - Sending out AdHoc broadcast (at simulation time 169.000,000,000 s)
2024-06-03 18:10:13,287 INFO  - Sending out AdHoc broadcast (at simulation time 169.000,000,000 s)
2024-06-03 18:10:13,289 INFO  - Recieve a message from other vehicle (at simulation time 169.000,400,000 s)
2024-06-03 18:10:13,289 INFO  - My position is not better! (at simulation time 169.000,400,000 s)
2024-06-03 18:10:13,290 INFO  - Recieve a message from other vehicle (at simulation time 169.000,400,000 s)
2024-06-03 18:10:13,290 INFO  - My position is not better! (at simulation time 169.000,400,000 s)
2024-06-03 18:10:13,293 INFO  - Recieve a message from other vehicle (at simulation time 169.001,400,000 s)
2024-06-03 18:10:13,293 INFO  - My position is not better! (at simulation time 169.001,400,000 s)
2024-06-03 18:10:13,294 INFO  - Recieve a message from other vehicle (at simulation time 169.001,400,000 s)
2024-06-03 18:10:13,294 INFO  - My position is not better! (at simulation time 169.001,400,000 s)
2024-06-03 18:10:13,295 INFO  - Recieve a message from other vehicle (at simulation time 169.001,900,000 s)
2024-06-03 18:10:13,295 INFO  - My position is not better! (at simulation time 169.001,900,000 s)
2024-06-03 18:10:13,584 INFO  - Called #onVehicleUpdated (at simulation time 170.000,000,000 s)
2024-06-03 18:10:13,584 INFO  - Sending out AdHoc broadcast (at simulation time 170.000,000,000 s)
2024-06-03 18:10:13,585 INFO  - Recieve a message from other vehicle (at simulation time 170.000,400,000 s)
2024-06-03 18:10:13,585 INFO  - My position is not better! (at simulation time 170.000,400,000 s)
2024-06-03 18:10:13,589 INFO  - Recieve a message from other vehicle (at simulation time 170.000,900,000 s)
2024-06-03 18:10:13,589 INFO  - I'm in better position but no more hops in message (at simulation time 170.000,900,000 s)
2024-06-03 18:10:13,591 INFO  - Recieve a message from other vehicle (at simulation time 170.001,400,000 s)
2024-06-03 18:10:13,591 INFO  - My position is not better! (at simulation time 170.001,400,000 s)
2024-06-03 18:10:13,591 INFO  - Recieve a message from other vehicle (at simulation time 170.001,900,000 s)
2024-06-03 18:10:13,591 INFO  - My position is not better! (at simulation time 170.001,900,000 s)
2024-06-03 18:10:13,591 INFO  - Recieve a message from other vehicle (at simulation time 170.001,900,000 s)
2024-06-03 18:10:13,591 INFO  - My position is not better! (at simulation time 170.001,900,000 s)
2024-06-03 18:10:13,592 INFO  - Recieve a message from other vehicle (at simulation time 170.001,900,000 s)
2024-06-03 18:10:13,592 INFO  - My position is not better! (at simulation time 170.001,900,000 s)
2024-06-03 18:10:13,592 INFO  - Recieve a message from other vehicle (at simulation time 170.002,400,000 s)
2024-06-03 18:10:13,592 INFO  - My position is not better! (at simulation time 170.002,400,000 s)
2024-06-03 18:10:13,592 INFO  - Recieve a message from other vehicle (at simulation time 170.002,400,000 s)
2024-06-03 18:10:13,592 INFO  - My position is not better! (at simulation time 170.002,400,000 s)
2024-06-03 18:10:13,885 INFO  - Called #onVehicleUpdated (at simulation time 171.000,000,000 s)
2024-06-03 18:10:13,885 INFO  - Sending out AdHoc broadcast (at simulation time 171.000,000,000 s)
2024-06-03 18:10:13,886 INFO  - Sending out AdHoc broadcast (at simulation time 171.000,000,000 s)
2024-06-03 18:10:13,887 INFO  - Recieve a message from other vehicle (at simulation time 171.000,400,000 s)
2024-06-03 18:10:13,887 INFO  - My position is not better! (at simulation time 171.000,400,000 s)
2024-06-03 18:10:13,893 INFO  - Recieve a message from other vehicle (at simulation time 171.001,900,000 s)
2024-06-03 18:10:13,893 INFO  - My position is not better! (at simulation time 171.001,900,000 s)
2024-06-03 18:10:13,893 INFO  - Recieve a message from other vehicle (at simulation time 171.001,900,000 s)
2024-06-03 18:10:13,893 INFO  - My position is not better! (at simulation time 171.001,900,000 s)
2024-06-03 18:10:13,893 INFO  - Recieve a message from other vehicle (at simulation time 171.002,400,000 s)
2024-06-03 18:10:13,893 INFO  - My position is not better! (at simulation time 171.002,400,000 s)
2024-06-03 18:10:13,893 INFO  - Recieve a message from other vehicle (at simulation time 171.002,400,000 s)
2024-06-03 18:10:13,893 INFO  - My position is not better! (at simulation time 171.002,400,000 s)
2024-06-03 18:10:14,183 INFO  - Called #onVehicleUpdated (at simulation time 172.000,000,000 s)
2024-06-03 18:10:14,183 INFO  - Sending out AdHoc broadcast (at simulation time 172.000,000,000 s)
2024-06-03 18:10:14,185 INFO  - Recieve a message from other vehicle (at simulation time 172.000,400,000 s)
2024-06-03 18:10:14,185 INFO  - My position is not better! (at simulation time 172.000,400,000 s)
2024-06-03 18:10:14,186 INFO  - Recieve a message from other vehicle (at simulation time 172.000,400,000 s)
2024-06-03 18:10:14,186 INFO  - My position is not better! (at simulation time 172.000,400,000 s)
2024-06-03 18:10:14,186 INFO  - Recieve a message from other vehicle (at simulation time 172.000,900,000 s)
2024-06-03 18:10:14,186 INFO  - My position is not better! (at simulation time 172.000,900,000 s)
2024-06-03 18:10:14,188 INFO  - Recieve a message from other vehicle (at simulation time 172.001,400,000 s)
2024-06-03 18:10:14,188 INFO  - My position is not better! (at simulation time 172.001,400,000 s)
2024-06-03 18:10:14,189 INFO  - Recieve a message from other vehicle (at simulation time 172.001,900,000 s)
2024-06-03 18:10:14,189 INFO  - My position is not better! (at simulation time 172.001,900,000 s)
2024-06-03 18:10:14,190 INFO  - Recieve a message from other vehicle (at simulation time 172.001,900,000 s)
2024-06-03 18:10:14,190 INFO  - My position is not better! (at simulation time 172.001,900,000 s)
2024-06-03 18:10:14,191 INFO  - Recieve a message from other vehicle (at simulation time 172.002,400,000 s)
2024-06-03 18:10:14,191 INFO  - My position is not better! (at simulation time 172.002,400,000 s)
2024-06-03 18:10:14,191 INFO  - Recieve a message from other vehicle (at simulation time 172.002,400,000 s)
2024-06-03 18:10:14,191 INFO  - I'm in better position but no more hops in message (at simulation time 172.002,400,000 s)
2024-06-03 18:10:14,485 INFO  - Called #onVehicleUpdated (at simulation time 173.000,000,000 s)
2024-06-03 18:10:14,485 INFO  - Sending out AdHoc broadcast (at simulation time 173.000,000,000 s)
2024-06-03 18:10:14,486 INFO  - Sending out AdHoc broadcast (at simulation time 173.000,000,000 s)
2024-06-03 18:10:14,490 INFO  - Recieve a message from other vehicle (at simulation time 173.000,900,000 s)
2024-06-03 18:10:14,490 INFO  - My position is not better! (at simulation time 173.000,900,000 s)
2024-06-03 18:10:14,491 INFO  - Recieve a message from other vehicle (at simulation time 173.000,900,000 s)
2024-06-03 18:10:14,491 INFO  - My position is not better! (at simulation time 173.000,900,000 s)
2024-06-03 18:10:14,492 INFO  - Recieve a message from other vehicle (at simulation time 173.000,900,000 s)
2024-06-03 18:10:14,492 INFO  - My position is not better! (at simulation time 173.000,900,000 s)
2024-06-03 18:10:14,500 INFO  - Recieve a message from other vehicle (at simulation time 173.001,900,000 s)
2024-06-03 18:10:14,500 INFO  - My position is not better! (at simulation time 173.001,900,000 s)
2024-06-03 18:10:14,500 INFO  - Recieve a message from other vehicle (at simulation time 173.001,900,000 s)
2024-06-03 18:10:14,500 INFO  - My position is not better! (at simulation time 173.001,900,000 s)
2024-06-03 18:10:14,784 INFO  - Called #onVehicleUpdated (at simulation time 174.000,000,000 s)
2024-06-03 18:10:14,785 INFO  - Sending out AdHoc broadcast (at simulation time 174.000,000,000 s)
2024-06-03 18:10:14,788 INFO  - Recieve a message from other vehicle (at simulation time 174.000,400,000 s)
2024-06-03 18:10:14,788 INFO  - My position is not better! (at simulation time 174.000,400,000 s)
2024-06-03 18:10:14,791 INFO  - Recieve a message from other vehicle (at simulation time 174.000,900,000 s)
2024-06-03 18:10:14,791 INFO  - My position is not better! (at simulation time 174.000,900,000 s)
2024-06-03 18:10:14,792 INFO  - Recieve a message from other vehicle (at simulation time 174.001,900,000 s)
2024-06-03 18:10:14,792 INFO  - My position is not better! (at simulation time 174.001,900,000 s)
2024-06-03 18:10:14,792 INFO  - Recieve a message from other vehicle (at simulation time 174.001,900,000 s)
2024-06-03 18:10:14,792 INFO  - My position is not better! (at simulation time 174.001,900,000 s)
2024-06-03 18:10:14,792 INFO  - Recieve a message from other vehicle (at simulation time 174.001,900,000 s)
2024-06-03 18:10:14,792 INFO  - My position is not better! (at simulation time 174.001,900,000 s)
2024-06-03 18:10:14,793 INFO  - Recieve a message from other vehicle (at simulation time 174.001,900,000 s)
2024-06-03 18:10:14,793 INFO  - My position is not better! (at simulation time 174.001,900,000 s)
2024-06-03 18:10:14,793 INFO  - Recieve a message from other vehicle (at simulation time 174.002,400,000 s)
2024-06-03 18:10:14,793 INFO  - My position is not better! (at simulation time 174.002,400,000 s)
2024-06-03 18:10:14,793 INFO  - Recieve a message from other vehicle (at simulation time 174.002,400,000 s)
2024-06-03 18:10:14,793 INFO  - I'm in better position but no more hops in message (at simulation time 174.002,400,000 s)
2024-06-03 18:10:15,085 INFO  - Called #onVehicleUpdated (at simulation time 175.000,000,000 s)
2024-06-03 18:10:15,086 INFO  - Sending out AdHoc broadcast (at simulation time 175.000,000,000 s)
2024-06-03 18:10:15,086 INFO  - Sending out AdHoc broadcast (at simulation time 175.000,000,000 s)
2024-06-03 18:10:15,088 INFO  - Recieve a message from other vehicle (at simulation time 175.000,400,000 s)
2024-06-03 18:10:15,088 INFO  - My position is not better! (at simulation time 175.000,400,000 s)
2024-06-03 18:10:15,089 INFO  - Recieve a message from other vehicle (at simulation time 175.000,400,000 s)
2024-06-03 18:10:15,089 INFO  - My position is not better! (at simulation time 175.000,400,000 s)
2024-06-03 18:10:15,091 INFO  - Recieve a message from other vehicle (at simulation time 175.001,400,000 s)
2024-06-03 18:10:15,091 INFO  - My position is not better! (at simulation time 175.001,400,000 s)
2024-06-03 18:10:15,092 INFO  - Recieve a message from other vehicle (at simulation time 175.002,400,000 s)
2024-06-03 18:10:15,092 INFO  - My position is not better! (at simulation time 175.002,400,000 s)
2024-06-03 18:10:15,093 INFO  - Recieve a message from other vehicle (at simulation time 175.002,400,000 s)
2024-06-03 18:10:15,093 INFO  - My position is not better! (at simulation time 175.002,400,000 s)
2024-06-03 18:10:15,384 INFO  - Called #onVehicleUpdated (at simulation time 176.000,000,000 s)
2024-06-03 18:10:15,384 INFO  - Sending out AdHoc broadcast (at simulation time 176.000,000,000 s)
2024-06-03 18:10:15,386 INFO  - Recieve a message from other vehicle (at simulation time 176.000,400,000 s)
2024-06-03 18:10:15,386 INFO  - My position is not better! (at simulation time 176.000,400,000 s)
2024-06-03 18:10:15,387 INFO  - Recieve a message from other vehicle (at simulation time 176.000,400,000 s)
2024-06-03 18:10:15,387 INFO  - My position is not better! (at simulation time 176.000,400,000 s)
2024-06-03 18:10:15,390 INFO  - Recieve a message from other vehicle (at simulation time 176.001,400,000 s)
2024-06-03 18:10:15,390 INFO  - My position is not better! (at simulation time 176.001,400,000 s)
2024-06-03 18:10:15,390 INFO  - Recieve a message from other vehicle (at simulation time 176.001,400,000 s)
2024-06-03 18:10:15,390 INFO  - My position is not better! (at simulation time 176.001,400,000 s)
2024-06-03 18:10:15,391 INFO  - Recieve a message from other vehicle (at simulation time 176.001,400,000 s)
2024-06-03 18:10:15,391 INFO  - I'm in better position but no more hops in message (at simulation time 176.001,400,000 s)
2024-06-03 18:10:15,391 INFO  - Recieve a message from other vehicle (at simulation time 176.001,900,000 s)
2024-06-03 18:10:15,391 INFO  - My position is not better! (at simulation time 176.001,900,000 s)
2024-06-03 18:10:15,392 INFO  - Recieve a message from other vehicle (at simulation time 176.002,400,000 s)
2024-06-03 18:10:15,392 INFO  - My position is not better! (at simulation time 176.002,400,000 s)
2024-06-03 18:10:15,392 INFO  - Recieve a message from other vehicle (at simulation time 176.002,400,000 s)
2024-06-03 18:10:15,392 INFO  - My position is not better! (at simulation time 176.002,400,000 s)
2024-06-03 18:10:15,685 INFO  - Called #onVehicleUpdated (at simulation time 177.000,000,000 s)
2024-06-03 18:10:15,685 INFO  - Sending out AdHoc broadcast (at simulation time 177.000,000,000 s)
2024-06-03 18:10:15,686 INFO  - Sending out AdHoc broadcast (at simulation time 177.000,000,000 s)
2024-06-03 18:10:15,689 INFO  - Recieve a message from other vehicle (at simulation time 177.000,900,000 s)
2024-06-03 18:10:15,689 INFO  - My position is not better! (at simulation time 177.000,900,000 s)
2024-06-03 18:10:15,689 INFO  - Recieve a message from other vehicle (at simulation time 177.000,900,000 s)
2024-06-03 18:10:15,689 INFO  - My position is not better! (at simulation time 177.000,900,000 s)
2024-06-03 18:10:15,689 INFO  - Recieve a message from other vehicle (at simulation time 177.000,900,000 s)
2024-06-03 18:10:15,689 INFO  - My position is not better! (at simulation time 177.000,900,000 s)
2024-06-03 18:10:15,690 INFO  - Recieve a message from other vehicle (at simulation time 177.000,900,000 s)
2024-06-03 18:10:15,690 INFO  - My position is not better! (at simulation time 177.000,900,000 s)
2024-06-03 18:10:15,692 INFO  - Recieve a message from other vehicle (at simulation time 177.002,400,000 s)
2024-06-03 18:10:15,692 INFO  - My position is not better! (at simulation time 177.002,400,000 s)
2024-06-03 18:10:15,985 INFO  - Called #onVehicleUpdated (at simulation time 178.000,000,000 s)
2024-06-03 18:10:15,985 INFO  - Sending out AdHoc broadcast (at simulation time 178.000,000,000 s)
2024-06-03 18:10:15,988 INFO  - Recieve a message from other vehicle (at simulation time 178.000,400,000 s)
2024-06-03 18:10:15,988 INFO  - My position is not better! (at simulation time 178.000,400,000 s)
2024-06-03 18:10:15,990 INFO  - Recieve a message from other vehicle (at simulation time 178.000,400,000 s)
2024-06-03 18:10:15,990 INFO  - My position is not better! (at simulation time 178.000,400,000 s)
2024-06-03 18:10:15,990 INFO  - Recieve a message from other vehicle (at simulation time 178.000,400,000 s)
2024-06-03 18:10:15,990 INFO  - I'm in better position but no more hops in message (at simulation time 178.000,400,000 s)
2024-06-03 18:10:15,991 INFO  - Recieve a message from other vehicle (at simulation time 178.000,900,000 s)
2024-06-03 18:10:15,991 INFO  - My position is not better! (at simulation time 178.000,900,000 s)
2024-06-03 18:10:15,992 INFO  - Recieve a message from other vehicle (at simulation time 178.000,900,000 s)
2024-06-03 18:10:15,992 INFO  - My position is not better! (at simulation time 178.000,900,000 s)
2024-06-03 18:10:15,993 INFO  - Recieve a message from other vehicle (at simulation time 178.000,900,000 s)
2024-06-03 18:10:15,993 INFO  - My position is not better! (at simulation time 178.000,900,000 s)
2024-06-03 18:10:15,995 INFO  - Recieve a message from other vehicle (at simulation time 178.001,900,000 s)
2024-06-03 18:10:15,995 INFO  - My position is not better! (at simulation time 178.001,900,000 s)
2024-06-03 18:10:15,995 INFO  - Recieve a message from other vehicle (at simulation time 178.001,900,000 s)
2024-06-03 18:10:15,995 INFO  - My position is not better! (at simulation time 178.001,900,000 s)
2024-06-03 18:10:16,283 INFO  - Called #onVehicleUpdated (at simulation time 179.000,000,000 s)
2024-06-03 18:10:16,283 INFO  - Sending out AdHoc broadcast (at simulation time 179.000,000,000 s)
2024-06-03 18:10:16,284 INFO  - Sending out AdHoc broadcast (at simulation time 179.000,000,000 s)
2024-06-03 18:10:16,287 INFO  - Recieve a message from other vehicle (at simulation time 179.001,400,000 s)
2024-06-03 18:10:16,287 INFO  - My position is not better! (at simulation time 179.001,400,000 s)
2024-06-03 18:10:16,287 INFO  - Recieve a message from other vehicle (at simulation time 179.001,400,000 s)
2024-06-03 18:10:16,287 INFO  - My position is not better! (at simulation time 179.001,400,000 s)
2024-06-03 18:10:16,288 INFO  - Recieve a message from other vehicle (at simulation time 179.001,400,000 s)
2024-06-03 18:10:16,288 INFO  - My position is not better! (at simulation time 179.001,400,000 s)
2024-06-03 18:10:16,288 INFO  - Recieve a message from other vehicle (at simulation time 179.001,900,000 s)
2024-06-03 18:10:16,288 INFO  - My position is not better! (at simulation time 179.001,900,000 s)
2024-06-03 18:10:16,289 INFO  - Recieve a message from other vehicle (at simulation time 179.002,400,000 s)
2024-06-03 18:10:16,289 INFO  - My position is not better! (at simulation time 179.002,400,000 s)
2024-06-03 18:10:16,585 INFO  - Called #onVehicleUpdated (at simulation time 180.000,000,000 s)
2024-06-03 18:10:16,585 INFO  - Sending out AdHoc broadcast (at simulation time 180.000,000,000 s)
2024-06-03 18:10:16,587 INFO  - Recieve a message from other vehicle (at simulation time 180.000,400,000 s)
2024-06-03 18:10:16,587 INFO  - My position is not better! (at simulation time 180.000,400,000 s)
2024-06-03 18:10:16,587 INFO  - Recieve a message from other vehicle (at simulation time 180.000,400,000 s)
2024-06-03 18:10:16,588 INFO  - My position is not better! (at simulation time 180.000,400,000 s)
2024-06-03 18:10:16,588 INFO  - Recieve a message from other vehicle (at simulation time 180.000,400,000 s)
2024-06-03 18:10:16,588 INFO  - My position is not better! (at simulation time 180.000,400,000 s)
2024-06-03 18:10:16,589 INFO  - Recieve a message from other vehicle (at simulation time 180.000,900,000 s)
2024-06-03 18:10:16,589 INFO  - My position is not better! (at simulation time 180.000,900,000 s)
2024-06-03 18:10:16,590 INFO  - Recieve a message from other vehicle (at simulation time 180.000,900,000 s)
2024-06-03 18:10:16,590 INFO  - My position is not better! (at simulation time 180.000,900,000 s)
2024-06-03 18:10:16,591 INFO  - Recieve a message from other vehicle (at simulation time 180.001,400,000 s)
2024-06-03 18:10:16,591 INFO  - My position is not better! (at simulation time 180.001,400,000 s)
2024-06-03 18:10:16,591 INFO  - Recieve a message from other vehicle (at simulation time 180.001,900,000 s)
2024-06-03 18:10:16,591 INFO  - My position is not better! (at simulation time 180.001,900,000 s)
2024-06-03 18:10:16,592 INFO  - Recieve a message from other vehicle (at simulation time 180.002,400,000 s)
2024-06-03 18:10:16,592 INFO  - I'm in better position but no more hops in message (at simulation time 180.002,400,000 s)
2024-06-03 18:10:16,885 INFO  - Called #onVehicleUpdated (at simulation time 181.000,000,000 s)
2024-06-03 18:10:16,885 INFO  - Sending out AdHoc broadcast (at simulation time 181.000,000,000 s)
2024-06-03 18:10:16,886 INFO  - Sending out AdHoc broadcast (at simulation time 181.000,000,000 s)
2024-06-03 18:10:16,894 INFO  - Recieve a message from other vehicle (at simulation time 181.001,400,000 s)
2024-06-03 18:10:16,894 INFO  - My position is not better! (at simulation time 181.001,400,000 s)
2024-06-03 18:10:16,895 INFO  - Recieve a message from other vehicle (at simulation time 181.001,900,000 s)
2024-06-03 18:10:16,895 INFO  - My position is not better! (at simulation time 181.001,900,000 s)
2024-06-03 18:10:16,895 INFO  - Recieve a message from other vehicle (at simulation time 181.001,900,000 s)
2024-06-03 18:10:16,895 INFO  - My position is not better! (at simulation time 181.001,900,000 s)
2024-06-03 18:10:16,895 INFO  - Recieve a message from other vehicle (at simulation time 181.001,900,000 s)
2024-06-03 18:10:16,895 INFO  - My position is not better! (at simulation time 181.001,900,000 s)
2024-06-03 18:10:16,896 INFO  - Recieve a message from other vehicle (at simulation time 181.002,400,000 s)
2024-06-03 18:10:16,896 INFO  - My position is not better! (at simulation time 181.002,400,000 s)
2024-06-03 18:10:17,185 INFO  - Called #onVehicleUpdated (at simulation time 182.000,000,000 s)
2024-06-03 18:10:17,185 INFO  - Sending out AdHoc broadcast (at simulation time 182.000,000,000 s)
2024-06-03 18:10:17,191 INFO  - Recieve a message from other vehicle (at simulation time 182.000,900,000 s)
2024-06-03 18:10:17,191 INFO  - My position is not better! (at simulation time 182.000,900,000 s)
2024-06-03 18:10:17,192 INFO  - Recieve a message from other vehicle (at simulation time 182.000,900,000 s)
2024-06-03 18:10:17,192 INFO  - My position is not better! (at simulation time 182.000,900,000 s)
2024-06-03 18:10:17,193 INFO  - Recieve a message from other vehicle (at simulation time 182.001,400,000 s)
2024-06-03 18:10:17,193 INFO  - My position is not better! (at simulation time 182.001,400,000 s)
2024-06-03 18:10:17,194 INFO  - Recieve a message from other vehicle (at simulation time 182.001,400,000 s)
2024-06-03 18:10:17,194 INFO  - My position is not better! (at simulation time 182.001,400,000 s)
2024-06-03 18:10:17,194 INFO  - Recieve a message from other vehicle (at simulation time 182.001,400,000 s)
2024-06-03 18:10:17,194 INFO  - I'm in better position but no more hops in message (at simulation time 182.001,400,000 s)
2024-06-03 18:10:17,194 INFO  - Recieve a message from other vehicle (at simulation time 182.001,900,000 s)
2024-06-03 18:10:17,194 INFO  - My position is not better! (at simulation time 182.001,900,000 s)
2024-06-03 18:10:17,194 INFO  - Recieve a message from other vehicle (at simulation time 182.001,900,000 s)
2024-06-03 18:10:17,194 INFO  - My position is not better! (at simulation time 182.001,900,000 s)
2024-06-03 18:10:17,195 INFO  - Recieve a message from other vehicle (at simulation time 182.002,400,000 s)
2024-06-03 18:10:17,195 INFO  - My position is not better! (at simulation time 182.002,400,000 s)
2024-06-03 18:10:17,486 INFO  - Called #onVehicleUpdated (at simulation time 183.000,000,000 s)
2024-06-03 18:10:17,487 INFO  - Sending out AdHoc broadcast (at simulation time 183.000,000,000 s)
2024-06-03 18:10:17,488 INFO  - Sending out AdHoc broadcast (at simulation time 183.000,000,000 s)
2024-06-03 18:10:17,491 INFO  - Recieve a message from other vehicle (at simulation time 183.000,900,000 s)
2024-06-03 18:10:17,491 INFO  - My position is not better! (at simulation time 183.000,900,000 s)
2024-06-03 18:10:17,491 INFO  - Recieve a message from other vehicle (at simulation time 183.000,900,000 s)
2024-06-03 18:10:17,491 INFO  - My position is not better! (at simulation time 183.000,900,000 s)
2024-06-03 18:10:17,492 INFO  - Recieve a message from other vehicle (at simulation time 183.001,400,000 s)
2024-06-03 18:10:17,492 INFO  - My position is not better! (at simulation time 183.001,400,000 s)
2024-06-03 18:10:17,492 INFO  - Recieve a message from other vehicle (at simulation time 183.001,400,000 s)
2024-06-03 18:10:17,492 INFO  - My position is not better! (at simulation time 183.001,400,000 s)
2024-06-03 18:10:17,493 INFO  - Recieve a message from other vehicle (at simulation time 183.001,900,000 s)
2024-06-03 18:10:17,493 INFO  - My position is not better! (at simulation time 183.001,900,000 s)
2024-06-03 18:10:17,788 INFO  - Called #onVehicleUpdated (at simulation time 184.000,000,000 s)
2024-06-03 18:10:17,788 INFO  - Sending out AdHoc broadcast (at simulation time 184.000,000,000 s)
2024-06-03 18:10:17,793 INFO  - Recieve a message from other vehicle (at simulation time 184.000,400,000 s)
2024-06-03 18:10:17,793 INFO  - My position is not better! (at simulation time 184.000,400,000 s)
2024-06-03 18:10:17,793 INFO  - Recieve a message from other vehicle (at simulation time 184.000,400,000 s)
2024-06-03 18:10:17,793 INFO  - I'm in better position but no more hops in message (at simulation time 184.000,400,000 s)
2024-06-03 18:10:17,794 INFO  - Recieve a message from other vehicle (at simulation time 184.000,900,000 s)
2024-06-03 18:10:17,794 INFO  - My position is not better! (at simulation time 184.000,900,000 s)
2024-06-03 18:10:17,794 INFO  - Recieve a message from other vehicle (at simulation time 184.001,400,000 s)
2024-06-03 18:10:17,794 INFO  - My position is not better! (at simulation time 184.001,400,000 s)
2024-06-03 18:10:17,794 INFO  - Recieve a message from other vehicle (at simulation time 184.001,400,000 s)
2024-06-03 18:10:17,794 INFO  - My position is not better! (at simulation time 184.001,400,000 s)
2024-06-03 18:10:17,795 INFO  - Recieve a message from other vehicle (at simulation time 184.001,900,000 s)
2024-06-03 18:10:17,795 INFO  - My position is not better! (at simulation time 184.001,900,000 s)
2024-06-03 18:10:17,796 INFO  - Recieve a message from other vehicle (at simulation time 184.002,400,000 s)
2024-06-03 18:10:17,796 INFO  - My position is not better! (at simulation time 184.002,400,000 s)
2024-06-03 18:10:17,796 INFO  - Recieve a message from other vehicle (at simulation time 184.002,400,000 s)
2024-06-03 18:10:17,796 INFO  - My position is not better! (at simulation time 184.002,400,000 s)
2024-06-03 18:10:18,088 INFO  - Called #onVehicleUpdated (at simulation time 185.000,000,000 s)
2024-06-03 18:10:18,089 INFO  - Sending out AdHoc broadcast (at simulation time 185.000,000,000 s)
2024-06-03 18:10:18,089 INFO  - Sending out AdHoc broadcast (at simulation time 185.000,000,000 s)
2024-06-03 18:10:18,092 INFO  - Recieve a message from other vehicle (at simulation time 185.000,400,000 s)
2024-06-03 18:10:18,092 INFO  - My position is not better! (at simulation time 185.000,400,000 s)
2024-06-03 18:10:18,092 INFO  - Recieve a message from other vehicle (at simulation time 185.000,400,000 s)
2024-06-03 18:10:18,092 INFO  - My position is not better! (at simulation time 185.000,400,000 s)
2024-06-03 18:10:18,092 INFO  - Recieve a message from other vehicle (at simulation time 185.000,400,000 s)
2024-06-03 18:10:18,092 INFO  - My position is not better! (at simulation time 185.000,400,000 s)
2024-06-03 18:10:18,095 INFO  - Recieve a message from other vehicle (at simulation time 185.001,900,000 s)
2024-06-03 18:10:18,096 INFO  - My position is not better! (at simulation time 185.001,900,000 s)
2024-06-03 18:10:18,097 INFO  - Recieve a message from other vehicle (at simulation time 185.002,400,000 s)
2024-06-03 18:10:18,097 INFO  - My position is not better! (at simulation time 185.002,400,000 s)
2024-06-03 18:10:18,400 INFO  - Called #onVehicleUpdated (at simulation time 186.000,000,000 s)
2024-06-03 18:10:18,400 INFO  - Sending out AdHoc broadcast (at simulation time 186.000,000,000 s)
2024-06-03 18:10:18,403 INFO  - Recieve a message from other vehicle (at simulation time 186.000,400,000 s)
2024-06-03 18:10:18,403 INFO  - My position is not better! (at simulation time 186.000,400,000 s)
2024-06-03 18:10:18,404 INFO  - Recieve a message from other vehicle (at simulation time 186.000,400,000 s)
2024-06-03 18:10:18,404 INFO  - My position is not better! (at simulation time 186.000,400,000 s)
2024-06-03 18:10:18,404 INFO  - Recieve a message from other vehicle (at simulation time 186.000,400,000 s)
2024-06-03 18:10:18,404 INFO  - My position is not better! (at simulation time 186.000,400,000 s)
2024-06-03 18:10:18,405 INFO  - Recieve a message from other vehicle (at simulation time 186.000,900,000 s)
2024-06-03 18:10:18,405 INFO  - My position is not better! (at simulation time 186.000,900,000 s)
2024-06-03 18:10:18,405 INFO  - Recieve a message from other vehicle (at simulation time 186.000,900,000 s)
2024-06-03 18:10:18,405 INFO  - My position is not better! (at simulation time 186.000,900,000 s)
2024-06-03 18:10:18,406 INFO  - Recieve a message from other vehicle (at simulation time 186.001,400,000 s)
2024-06-03 18:10:18,406 INFO  - My position is not better! (at simulation time 186.001,400,000 s)
2024-06-03 18:10:18,409 INFO  - Recieve a message from other vehicle (at simulation time 186.002,400,000 s)
2024-06-03 18:10:18,409 INFO  - My position is not better! (at simulation time 186.002,400,000 s)
2024-06-03 18:10:18,409 INFO  - Recieve a message from other vehicle (at simulation time 186.002,400,000 s)
2024-06-03 18:10:18,409 INFO  - I'm in better position but no more hops in message (at simulation time 186.002,400,000 s)
2024-06-03 18:10:18,693 INFO  - Called #onVehicleUpdated (at simulation time 187.000,000,000 s)
2024-06-03 18:10:18,693 INFO  - Sending out AdHoc broadcast (at simulation time 187.000,000,000 s)
2024-06-03 18:10:18,694 INFO  - Sending out AdHoc broadcast (at simulation time 187.000,000,000 s)
2024-06-03 18:10:18,697 INFO  - Recieve a message from other vehicle (at simulation time 187.000,400,000 s)
2024-06-03 18:10:18,697 INFO  - My position is not better! (at simulation time 187.000,400,000 s)
2024-06-03 18:10:18,702 INFO  - Recieve a message from other vehicle (at simulation time 187.000,900,000 s)
2024-06-03 18:10:18,702 INFO  - My position is not better! (at simulation time 187.000,900,000 s)
2024-06-03 18:10:18,702 INFO  - Recieve a message from other vehicle (at simulation time 187.000,900,000 s)
2024-06-03 18:10:18,702 INFO  - My position is not better! (at simulation time 187.000,900,000 s)
2024-06-03 18:10:18,706 INFO  - Recieve a message from other vehicle (at simulation time 187.002,400,000 s)
2024-06-03 18:10:18,706 INFO  - My position is not better! (at simulation time 187.002,400,000 s)
2024-06-03 18:10:18,706 INFO  - Recieve a message from other vehicle (at simulation time 187.002,400,000 s)
2024-06-03 18:10:18,706 INFO  - My position is not better! (at simulation time 187.002,400,000 s)
