2024-06-03 19:50:57,770 INFO  - Initialize Vehicle application (at simulation time 690.000,000,000 s)
2024-06-03 19:50:57,771 INFO  - Activated WLAN Module (at simulation time 690.000,000,000 s)
2024-06-03 19:50:57,771 INFO  - Called #onVehicleUpdated (at simulation time 690.000,000,000 s)
2024-06-03 19:50:57,771 INFO  - Exced velocity! Sending new CAM (at simulation time 690.000,000,000 s)
2024-06-03 19:50:57,771 INFO  - Sending out AdHoc broadcast (at simulation time 690.000,000,000 s)
2024-06-03 19:50:57,774 INFO  - Called #onVehicleUpdated (at simulation time 691.000,000,000 s)
2024-06-03 19:50:57,774 INFO  - Exced velocity! Sending new CAM (at simulation time 691.000,000,000 s)
2024-06-03 19:50:57,774 INFO  - Sending out AdHoc broadcast (at simulation time 691.000,000,000 s)
2024-06-03 19:50:57,774 INFO  - Define the name: veh_99 and route: r_5 (at simulation time 691.000,000,000 s)
2024-06-03 19:50:57,774 INFO  - Sending out AdHoc broadcast (at simulation time 691.000,000,000 s)
2024-06-03 19:50:57,776 INFO  - Called #onVehicleUpdated (at simulation time 692.000,000,000 s)
2024-06-03 19:50:57,776 INFO  - Exced velocity! Sending new CAM (at simulation time 692.000,000,000 s)
2024-06-03 19:50:57,776 INFO  - Sending out AdHoc broadcast (at simulation time 692.000,000,000 s)
2024-06-03 19:50:57,776 INFO  - Sending out AdHoc broadcast (at simulation time 692.000,000,000 s)
2024-06-03 19:50:57,778 INFO  - Called #onVehicleUpdated (at simulation time 693.000,000,000 s)
2024-06-03 19:50:57,778 INFO  - Exced velocity! Sending new CAM (at simulation time 693.000,000,000 s)
2024-06-03 19:50:57,778 INFO  - Sending out AdHoc broadcast (at simulation time 693.000,000,000 s)
2024-06-03 19:50:57,778 INFO  - Sending out AdHoc broadcast (at simulation time 693.000,000,000 s)
2024-06-03 19:50:57,778 INFO  - Sending out AdHoc broadcast (at simulation time 693.000,000,000 s)
2024-06-03 19:50:57,780 INFO  - Called #onVehicleUpdated (at simulation time 694.000,000,000 s)
2024-06-03 19:50:57,780 INFO  - Exced velocity! Sending new CAM (at simulation time 694.000,000,000 s)
2024-06-03 19:50:57,780 INFO  - Sending out AdHoc broadcast (at simulation time 694.000,000,000 s)
2024-06-03 19:50:57,780 INFO  - Sending out AdHoc broadcast (at simulation time 694.000,000,000 s)
2024-06-03 19:50:57,780 INFO  - Sending out AdHoc broadcast (at simulation time 694.000,000,000 s)
2024-06-03 19:50:57,782 INFO  - Called #onVehicleUpdated (at simulation time 695.000,000,000 s)
2024-06-03 19:50:57,782 INFO  - Exced velocity! Sending new CAM (at simulation time 695.000,000,000 s)
2024-06-03 19:50:57,782 INFO  - Sending out AdHoc broadcast (at simulation time 695.000,000,000 s)
2024-06-03 19:50:57,782 INFO  - Sending out AdHoc broadcast (at simulation time 695.000,000,000 s)
2024-06-03 19:50:57,782 INFO  - Sending out AdHoc broadcast (at simulation time 695.000,000,000 s)
2024-06-03 19:50:57,782 INFO  - Sending out AdHoc broadcast (at simulation time 695.000,000,000 s)
2024-06-03 19:50:57,784 INFO  - Called #onVehicleUpdated (at simulation time 696.000,000,000 s)
2024-06-03 19:50:57,784 INFO  - Sending out AdHoc broadcast (at simulation time 696.000,000,000 s)
2024-06-03 19:50:57,784 INFO  - Sending out AdHoc broadcast (at simulation time 696.000,000,000 s)
2024-06-03 19:50:57,784 INFO  - Sending out AdHoc broadcast (at simulation time 696.000,000,000 s)
2024-06-03 19:50:57,784 INFO  - Recieve a message from other vehicle (at simulation time 696.000,400,000 s)
2024-06-03 19:50:57,784 INFO  - My position is not better! (at simulation time 696.000,400,000 s)
2024-06-03 19:50:57,784 INFO  - Recieve a message from other vehicle (at simulation time 696.000,400,000 s)
2024-06-03 19:50:57,784 INFO  - My position is not better! (at simulation time 696.000,400,000 s)
2024-06-03 19:50:57,784 INFO  - Recieve a message from other vehicle (at simulation time 696.000,900,000 s)
2024-06-03 19:50:57,784 INFO  - My position is not better! (at simulation time 696.000,900,000 s)
2024-06-03 19:50:57,784 INFO  - Recieve a message from other vehicle (at simulation time 696.001,400,000 s)
2024-06-03 19:50:57,784 INFO  - My position is not better! (at simulation time 696.001,400,000 s)
2024-06-03 19:50:57,784 INFO  - Recieve a message from other vehicle (at simulation time 696.001,400,000 s)
2024-06-03 19:50:57,784 INFO  - My position is not better! (at simulation time 696.001,400,000 s)
2024-06-03 19:50:57,784 INFO  - Recieve a message from other vehicle (at simulation time 696.001,800,000 s)
2024-06-03 19:50:57,784 INFO  - I'm in better position but no more hops in message (at simulation time 696.001,800,000 s)
2024-06-03 19:50:57,784 INFO  - Recieve a message from other vehicle (at simulation time 696.001,900,000 s)
2024-06-03 19:50:57,784 INFO  - My position is not better! (at simulation time 696.001,900,000 s)
2024-06-03 19:50:57,784 INFO  - Recieve a message from other vehicle (at simulation time 696.002,300,000 s)
2024-06-03 19:50:57,784 INFO  - My position is not better! (at simulation time 696.002,300,000 s)
2024-06-03 19:50:57,784 INFO  - Recieve a message from other vehicle (at simulation time 696.002,300,000 s)
2024-06-03 19:50:57,784 INFO  - My position is not better! (at simulation time 696.002,300,000 s)
2024-06-03 19:50:57,785 INFO  - Recieve a message from other vehicle (at simulation time 696.002,800,000 s)
2024-06-03 19:50:57,785 INFO  - My position is not better! (at simulation time 696.002,800,000 s)
2024-06-03 19:50:57,785 INFO  - Recieve a message from other vehicle (at simulation time 696.003,300,000 s)
2024-06-03 19:50:57,785 INFO  - I'm in better position but no more hops in message (at simulation time 696.003,300,000 s)
2024-06-03 19:50:57,785 INFO  - Recieve a message from other vehicle (at simulation time 696.003,300,000 s)
2024-06-03 19:50:57,785 INFO  - I'm in better position but no more hops in message (at simulation time 696.003,300,000 s)
2024-06-03 19:50:57,785 INFO  - Called #onVehicleUpdated (at simulation time 697.000,000,000 s)
2024-06-03 19:50:57,785 INFO  - Sending out AdHoc broadcast (at simulation time 697.000,000,000 s)
2024-06-03 19:50:57,785 INFO  - Sending out AdHoc broadcast (at simulation time 697.000,000,000 s)
2024-06-03 19:50:57,785 INFO  - Sending out AdHoc broadcast (at simulation time 697.000,000,000 s)
2024-06-03 19:50:57,785 INFO  - Sending out AdHoc broadcast (at simulation time 697.000,000,000 s)
2024-06-03 19:50:57,786 INFO  - Recieve a message from other vehicle (at simulation time 697.000,400,000 s)
2024-06-03 19:50:57,786 INFO  - My position is not better! (at simulation time 697.000,400,000 s)
2024-06-03 19:50:57,786 INFO  - Recieve a message from other vehicle (at simulation time 697.000,400,000 s)
2024-06-03 19:50:57,786 INFO  - My position is not better! (at simulation time 697.000,400,000 s)
2024-06-03 19:50:57,786 INFO  - Recieve a message from other vehicle (at simulation time 697.000,800,000 s)
2024-06-03 19:50:57,786 INFO  - My position is not better! (at simulation time 697.000,800,000 s)
2024-06-03 19:50:57,786 INFO  - Recieve a message from other vehicle (at simulation time 697.000,900,000 s)
2024-06-03 19:50:57,786 INFO  - Recending a message from other vehicle (at simulation time 697.000,900,000 s)
2024-06-03 19:50:57,786 INFO  - Recieve a message from other vehicle (at simulation time 697.000,900,000 s)
2024-06-03 19:50:57,786 INFO  - My position is not better! (at simulation time 697.000,900,000 s)
2024-06-03 19:50:57,786 INFO  - Recieve a message from other vehicle (at simulation time 697.000,900,000 s)
2024-06-03 19:50:57,786 INFO  - My position is not better! (at simulation time 697.000,900,000 s)
2024-06-03 19:50:57,786 INFO  - Recieve a message from other vehicle (at simulation time 697.001,400,000 s)
2024-06-03 19:50:57,786 INFO  - My position is not better! (at simulation time 697.001,400,000 s)
2024-06-03 19:50:57,786 INFO  - Recieve a message from other vehicle (at simulation time 697.001,400,000 s)
2024-06-03 19:50:57,786 INFO  - My position is not better! (at simulation time 697.001,400,000 s)
2024-06-03 19:50:57,786 INFO  - Recieve a message from other vehicle (at simulation time 697.001,400,000 s)
2024-06-03 19:50:57,786 INFO  - My position is not better! (at simulation time 697.001,400,000 s)
2024-06-03 19:50:57,786 INFO  - Recieve a message from other vehicle (at simulation time 697.001,400,000 s)
2024-06-03 19:50:57,786 INFO  - My position is not better! (at simulation time 697.001,400,000 s)
2024-06-03 19:50:57,786 INFO  - Recieve a message from other vehicle (at simulation time 697.001,800,000 s)
2024-06-03 19:50:57,786 INFO  - My position is not better! (at simulation time 697.001,800,000 s)
2024-06-03 19:50:57,786 INFO  - Recieve a message from other vehicle (at simulation time 697.001,800,000 s)
2024-06-03 19:50:57,786 INFO  - My position is not better! (at simulation time 697.001,800,000 s)
2024-06-03 19:50:57,787 INFO  - Recieve a message from other vehicle (at simulation time 697.002,300,000 s)
2024-06-03 19:50:57,787 INFO  - My position is not better! (at simulation time 697.002,300,000 s)
2024-06-03 19:50:57,787 INFO  - Recieve a message from other vehicle (at simulation time 697.002,400,000 s)
2024-06-03 19:50:57,787 INFO  - I'm in better position but no more hops in message (at simulation time 697.002,400,000 s)
2024-06-03 19:50:57,787 INFO  - Recieve a message from other vehicle (at simulation time 697.002,800,000 s)
2024-06-03 19:50:57,787 INFO  - My position is not better! (at simulation time 697.002,800,000 s)
2024-06-03 19:50:57,787 INFO  - Recieve a message from other vehicle (at simulation time 697.002,800,000 s)
2024-06-03 19:50:57,787 INFO  - I'm in better position but no more hops in message (at simulation time 697.002,800,000 s)
2024-06-03 19:50:57,787 INFO  - Recieve a message from other vehicle (at simulation time 697.003,300,000 s)
2024-06-03 19:50:57,787 INFO  - My position is not better! (at simulation time 697.003,300,000 s)
2024-06-03 19:50:57,787 INFO  - Recieve a message from other vehicle (at simulation time 697.003,800,000 s)
2024-06-03 19:50:57,787 INFO  - My position is not better! (at simulation time 697.003,800,000 s)
2024-06-03 19:50:57,787 INFO  - Recieve a message from other vehicle (at simulation time 697.004,300,000 s)
2024-06-03 19:50:57,787 INFO  - My position is not better! (at simulation time 697.004,300,000 s)
2024-06-03 19:50:57,788 INFO  - Called #onVehicleUpdated (at simulation time 698.000,000,000 s)
2024-06-03 19:50:57,788 INFO  - Sending out AdHoc broadcast (at simulation time 698.000,000,000 s)
2024-06-03 19:50:57,788 INFO  - Sending out AdHoc broadcast (at simulation time 698.000,000,000 s)
2024-06-03 19:50:57,788 INFO  - Sending out AdHoc broadcast (at simulation time 698.000,000,000 s)
2024-06-03 19:50:57,788 INFO  - Recieve a message from other vehicle (at simulation time 698.000,400,000 s)
2024-06-03 19:50:57,788 INFO  - My position is not better! (at simulation time 698.000,400,000 s)
2024-06-03 19:50:57,788 INFO  - Recieve a message from other vehicle (at simulation time 698.000,800,000 s)
2024-06-03 19:50:57,788 INFO  - My position is not better! (at simulation time 698.000,800,000 s)
2024-06-03 19:50:57,788 INFO  - Recieve a message from other vehicle (at simulation time 698.000,800,000 s)
2024-06-03 19:50:57,788 INFO  - I'm in better position but no more hops in message (at simulation time 698.000,800,000 s)
2024-06-03 19:50:57,788 INFO  - Recieve a message from other vehicle (at simulation time 698.000,800,000 s)
2024-06-03 19:50:57,788 INFO  - My position is not better! (at simulation time 698.000,800,000 s)
2024-06-03 19:50:57,788 INFO  - Recieve a message from other vehicle (at simulation time 698.000,900,000 s)
2024-06-03 19:50:57,788 INFO  - My position is not better! (at simulation time 698.000,900,000 s)
2024-06-03 19:50:57,789 INFO  - Recieve a message from other vehicle (at simulation time 698.001,300,000 s)
2024-06-03 19:50:57,789 INFO  - My position is not better! (at simulation time 698.001,300,000 s)
2024-06-03 19:50:57,789 INFO  - Recieve a message from other vehicle (at simulation time 698.001,400,000 s)
2024-06-03 19:50:57,789 INFO  - My position is not better! (at simulation time 698.001,400,000 s)
2024-06-03 19:50:57,789 INFO  - Recieve a message from other vehicle (at simulation time 698.001,400,000 s)
2024-06-03 19:50:57,789 INFO  - My position is not better! (at simulation time 698.001,400,000 s)
2024-06-03 19:50:57,789 INFO  - Recieve a message from other vehicle (at simulation time 698.001,400,000 s)
2024-06-03 19:50:57,789 INFO  - I'm in better position but no more hops in message (at simulation time 698.001,400,000 s)
2024-06-03 19:50:57,789 INFO  - Recieve a message from other vehicle (at simulation time 698.001,400,000 s)
2024-06-03 19:50:57,789 INFO  - My position is not better! (at simulation time 698.001,400,000 s)
2024-06-03 19:50:57,789 INFO  - Recieve a message from other vehicle (at simulation time 698.001,800,000 s)
2024-06-03 19:50:57,789 INFO  - I'm in better position but no more hops in message (at simulation time 698.001,800,000 s)
2024-06-03 19:50:57,789 INFO  - Recieve a message from other vehicle (at simulation time 698.001,900,000 s)
2024-06-03 19:50:57,789 INFO  - My position is not better! (at simulation time 698.001,900,000 s)
2024-06-03 19:50:57,789 INFO  - Recieve a message from other vehicle (at simulation time 698.001,900,000 s)
2024-06-03 19:50:57,789 INFO  - I'm in better position but no more hops in message (at simulation time 698.001,900,000 s)
2024-06-03 19:50:57,789 INFO  - Recieve a message from other vehicle (at simulation time 698.002,300,000 s)
2024-06-03 19:50:57,789 INFO  - I'm in better position but no more hops in message (at simulation time 698.002,300,000 s)
2024-06-03 19:50:57,789 INFO  - Recieve a message from other vehicle (at simulation time 698.002,400,000 s)
2024-06-03 19:50:57,789 INFO  - I'm in better position but no more hops in message (at simulation time 698.002,400,000 s)
2024-06-03 19:50:57,789 INFO  - Recieve a message from other vehicle (at simulation time 698.002,800,000 s)
2024-06-03 19:50:57,789 INFO  - My position is not better! (at simulation time 698.002,800,000 s)
2024-06-03 19:50:57,789 INFO  - Recieve a message from other vehicle (at simulation time 698.002,800,000 s)
2024-06-03 19:50:57,789 INFO  - My position is not better! (at simulation time 698.002,800,000 s)
2024-06-03 19:50:57,789 INFO  - Recieve a message from other vehicle (at simulation time 698.003,800,000 s)
2024-06-03 19:50:57,789 INFO  - My position is not better! (at simulation time 698.003,800,000 s)
2024-06-03 19:50:57,790 INFO  - Called #onVehicleUpdated (at simulation time 699.000,000,000 s)
2024-06-03 19:50:57,790 INFO  - Sending out DENM broadcast (at simulation time 699.000,000,000 s)
2024-06-03 19:50:57,790 INFO  - Sending out AdHoc broadcast (at simulation time 699.000,000,000 s)
2024-06-03 19:50:57,790 INFO  - Sending out AdHoc broadcast (at simulation time 699.000,000,000 s)
2024-06-03 19:50:57,790 INFO  - Sending out AdHoc broadcast (at simulation time 699.000,000,000 s)
2024-06-03 19:50:57,790 INFO  - Sending out AdHoc broadcast (at simulation time 699.000,000,000 s)
2024-06-03 19:50:57,790 INFO  - Recieve a message from other vehicle (at simulation time 699.000,400,000 s)
2024-06-03 19:50:57,790 INFO  - Recending a message from other vehicle (at simulation time 699.000,400,000 s)
2024-06-03 19:50:57,790 INFO  - Recieve a message from other vehicle (at simulation time 699.000,400,000 s)
2024-06-03 19:50:57,790 INFO  - My position is not better! (at simulation time 699.000,400,000 s)
2024-06-03 19:50:57,790 INFO  - Recieve a message from other vehicle (at simulation time 699.000,400,000 s)
2024-06-03 19:50:57,790 INFO  - Recending a message from other vehicle (at simulation time 699.000,400,000 s)
2024-06-03 19:50:57,791 INFO  - Recieve a message from other vehicle (at simulation time 699.000,400,000 s)
2024-06-03 19:50:57,791 INFO  - My position is not better! (at simulation time 699.000,400,000 s)
2024-06-03 19:50:57,791 INFO  - Recieve a message from other vehicle (at simulation time 699.000,800,000 s)
2024-06-03 19:50:57,791 INFO  - DENM message Recived from veh_98 -info : seco (at simulation time 699.000,800,000 s)
2024-06-03 19:50:57,791 INFO  - No more hops in DENM message (at simulation time 699.000,800,000 s)
2024-06-03 19:50:57,791 INFO  - Recieve a message from other vehicle (at simulation time 699.000,900,000 s)
2024-06-03 19:50:57,791 INFO  - DENM message Recived from veh_98 -info : seco (at simulation time 699.000,900,000 s)
2024-06-03 19:50:57,791 INFO  - No more hops in DENM message (at simulation time 699.000,900,000 s)
2024-06-03 19:50:57,791 INFO  - Recieve a message from other vehicle (at simulation time 699.000,900,000 s)
2024-06-03 19:50:57,791 INFO  - I'm in better position but no more hops in message (at simulation time 699.000,900,000 s)
2024-06-03 19:50:57,791 INFO  - Recieve a message from other vehicle (at simulation time 699.000,900,000 s)
2024-06-03 19:50:57,791 INFO  - My position is not better! (at simulation time 699.000,900,000 s)
2024-06-03 19:50:57,791 INFO  - Recieve a message from other vehicle (at simulation time 699.001,300,000 s)
2024-06-03 19:50:57,791 INFO  - I'm in better position but no more hops in message (at simulation time 699.001,300,000 s)
2024-06-03 19:50:57,791 INFO  - Recieve a message from other vehicle (at simulation time 699.001,300,000 s)
2024-06-03 19:50:57,791 INFO  - I'm in better position but no more hops in message (at simulation time 699.001,300,000 s)
2024-06-03 19:50:57,791 INFO  - Recieve a message from other vehicle (at simulation time 699.001,400,000 s)
2024-06-03 19:50:57,791 INFO  - My position is not better! (at simulation time 699.001,400,000 s)
2024-06-03 19:50:57,791 INFO  - Recieve a message from other vehicle (at simulation time 699.001,800,000 s)
2024-06-03 19:50:57,791 INFO  - DENM message Recived from veh_99 -info : seco (at simulation time 699.001,800,000 s)
2024-06-03 19:50:57,791 INFO  - No more hops in DENM message (at simulation time 699.001,800,000 s)
2024-06-03 19:50:57,791 INFO  - Recieve a message from other vehicle (at simulation time 699.001,900,000 s)
2024-06-03 19:50:57,791 INFO  - DENM message Recived from veh_96 -info : seco (at simulation time 699.001,900,000 s)
2024-06-03 19:50:57,791 INFO  - No more hops in DENM message (at simulation time 699.001,900,000 s)
2024-06-03 19:50:57,791 INFO  - Recieve a message from other vehicle (at simulation time 699.001,900,000 s)
2024-06-03 19:50:57,791 INFO  - Recending a message from other vehicle (at simulation time 699.001,900,000 s)
2024-06-03 19:50:57,791 INFO  - Recieve a message from other vehicle (at simulation time 699.001,900,000 s)
2024-06-03 19:50:57,791 INFO  - I'm in better position but no more hops in message (at simulation time 699.001,900,000 s)
2024-06-03 19:50:57,792 INFO  - Recieve a message from other vehicle (at simulation time 699.002,300,000 s)
2024-06-03 19:50:57,792 INFO  - DENM message Recived from veh_96 -info : seco (at simulation time 699.002,300,000 s)
2024-06-03 19:50:57,792 INFO  - No more hops in DENM message (at simulation time 699.002,300,000 s)
2024-06-03 19:50:57,792 INFO  - Recieve a message from other vehicle (at simulation time 699.002,400,000 s)
2024-06-03 19:50:57,792 INFO  - I'm in better position but no more hops in message (at simulation time 699.002,400,000 s)
2024-06-03 19:50:57,792 INFO  - Recieve a message from other vehicle (at simulation time 699.003,300,000 s)
2024-06-03 19:50:57,792 INFO  - I'm in better position but no more hops in message (at simulation time 699.003,300,000 s)
2024-06-03 19:50:57,794 INFO  - Called #onVehicleUpdated (at simulation time 700.000,000,000 s)
2024-06-03 19:50:57,794 INFO  - Sending out AdHoc broadcast (at simulation time 700.000,000,000 s)
2024-06-03 19:50:57,794 INFO  - Sending out AdHoc broadcast (at simulation time 700.000,000,000 s)
2024-06-03 19:50:57,794 INFO  - Sending out AdHoc broadcast (at simulation time 700.000,000,000 s)
2024-06-03 19:50:57,794 INFO  - Recieve a message from other vehicle (at simulation time 700.000,400,000 s)
2024-06-03 19:50:57,794 INFO  - Recending a message from other vehicle (at simulation time 700.000,400,000 s)
2024-06-03 19:50:57,794 INFO  - Recieve a message from other vehicle (at simulation time 700.000,400,000 s)
2024-06-03 19:50:57,794 INFO  - My position is not better! (at simulation time 700.000,400,000 s)
2024-06-03 19:50:57,794 INFO  - Recieve a message from other vehicle (at simulation time 700.000,400,000 s)
2024-06-03 19:50:57,794 INFO  - My position is not better! (at simulation time 700.000,400,000 s)
2024-06-03 19:50:57,794 INFO  - Recieve a message from other vehicle (at simulation time 700.000,800,000 s)
2024-06-03 19:50:57,794 INFO  - My position is not better! (at simulation time 700.000,800,000 s)
2024-06-03 19:50:57,794 INFO  - Recieve a message from other vehicle (at simulation time 700.000,900,000 s)
2024-06-03 19:50:57,794 INFO  - Recending a message from other vehicle (at simulation time 700.000,900,000 s)
2024-06-03 19:50:57,795 INFO  - Recieve a message from other vehicle (at simulation time 700.001,400,000 s)
2024-06-03 19:50:57,795 INFO  - DENM message Recived from veh_97 -info : seco (at simulation time 700.001,400,000 s)
2024-06-03 19:50:57,795 INFO  - No more hops in DENM message (at simulation time 700.001,400,000 s)
2024-06-03 19:50:57,795 INFO  - Recieve a message from other vehicle (at simulation time 700.001,400,000 s)
2024-06-03 19:50:57,795 INFO  - My position is not better! (at simulation time 700.001,400,000 s)
2024-06-03 19:50:57,795 INFO  - Recieve a message from other vehicle (at simulation time 700.001,800,000 s)
2024-06-03 19:50:57,795 INFO  - DENM message Recived from veh_97 -info : seco (at simulation time 700.001,800,000 s)
2024-06-03 19:50:57,795 INFO  - No more hops in DENM message (at simulation time 700.001,800,000 s)
2024-06-03 19:50:57,795 INFO  - Recieve a message from other vehicle (at simulation time 700.001,900,000 s)
2024-06-03 19:50:57,795 INFO  - My position is not better! (at simulation time 700.001,900,000 s)
2024-06-03 19:50:57,795 INFO  - Recieve a message from other vehicle (at simulation time 700.001,900,000 s)
2024-06-03 19:50:57,795 INFO  - My position is not better! (at simulation time 700.001,900,000 s)
2024-06-03 19:50:57,795 INFO  - Recieve a message from other vehicle (at simulation time 700.001,900,000 s)
2024-06-03 19:50:57,795 INFO  - Recending a message from other vehicle (at simulation time 700.001,900,000 s)
2024-06-03 19:50:57,795 INFO  - Recieve a message from other vehicle (at simulation time 700.002,400,000 s)
2024-06-03 19:50:57,795 INFO  - My position is not better! (at simulation time 700.002,400,000 s)
2024-06-03 19:50:57,795 INFO  - Recieve a message from other vehicle (at simulation time 700.002,800,000 s)
2024-06-03 19:50:57,795 INFO  - My position is not better! (at simulation time 700.002,800,000 s)
2024-06-03 19:50:57,795 INFO  - Recieve a message from other vehicle (at simulation time 700.002,800,000 s)
2024-06-03 19:50:57,795 INFO  - My position is not better! (at simulation time 700.002,800,000 s)
2024-06-03 19:50:57,796 INFO  - Called #onVehicleUpdated (at simulation time 701.000,000,000 s)
2024-06-03 19:50:57,796 INFO  - Sending out AdHoc broadcast (at simulation time 701.000,000,000 s)
2024-06-03 19:50:57,796 INFO  - Sending out AdHoc broadcast (at simulation time 701.000,000,000 s)
2024-06-03 19:50:57,796 INFO  - Sending out AdHoc broadcast (at simulation time 701.000,000,000 s)
2024-06-03 19:50:57,796 INFO  - Sending out AdHoc broadcast (at simulation time 701.000,000,000 s)
2024-06-03 19:50:57,797 INFO  - Recieve a message from other vehicle (at simulation time 701.000,400,000 s)
2024-06-03 19:50:57,797 INFO  - Recending a message from other vehicle (at simulation time 701.000,400,000 s)
2024-06-03 19:50:57,797 INFO  - Recieve a message from other vehicle (at simulation time 701.000,400,000 s)
2024-06-03 19:50:57,797 INFO  - Recending a message from other vehicle (at simulation time 701.000,400,000 s)
2024-06-03 19:50:57,797 INFO  - Recieve a message from other vehicle (at simulation time 701.000,400,000 s)
2024-06-03 19:50:57,797 INFO  - Recending a message from other vehicle (at simulation time 701.000,400,000 s)
2024-06-03 19:50:57,797 INFO  - Recieve a message from other vehicle (at simulation time 701.000,900,000 s)
2024-06-03 19:50:57,797 INFO  - Recending a message from other vehicle (at simulation time 701.000,900,000 s)
2024-06-03 19:50:57,797 INFO  - Recieve a message from other vehicle (at simulation time 701.000,900,000 s)
2024-06-03 19:50:57,797 INFO  - I'm in better position but no more hops in message (at simulation time 701.000,900,000 s)
2024-06-03 19:50:57,797 INFO  - Recieve a message from other vehicle (at simulation time 701.000,900,000 s)
2024-06-03 19:50:57,797 INFO  - Recending a message from other vehicle (at simulation time 701.000,900,000 s)
2024-06-03 19:50:57,797 INFO  - Recieve a message from other vehicle (at simulation time 701.001,900,000 s)
2024-06-03 19:50:57,797 INFO  - Recending a message from other vehicle (at simulation time 701.001,900,000 s)
2024-06-03 19:50:57,797 INFO  - Recieve a message from other vehicle (at simulation time 701.001,900,000 s)
2024-06-03 19:50:57,797 INFO  - Recending a message from other vehicle (at simulation time 701.001,900,000 s)
2024-06-03 19:50:57,798 INFO  - Recieve a message from other vehicle (at simulation time 701.001,900,000 s)
2024-06-03 19:50:57,798 INFO  - I'm in better position but no more hops in message (at simulation time 701.001,900,000 s)
2024-06-03 19:50:57,798 INFO  - Recieve a message from other vehicle (at simulation time 701.002,300,000 s)
2024-06-03 19:50:57,798 INFO  - I'm in better position but no more hops in message (at simulation time 701.002,300,000 s)
2024-06-03 19:50:57,798 INFO  - Recieve a message from other vehicle (at simulation time 701.002,300,000 s)
2024-06-03 19:50:57,798 INFO  - I'm in better position but no more hops in message (at simulation time 701.002,300,000 s)
2024-06-03 19:50:57,798 INFO  - Recieve a message from other vehicle (at simulation time 701.002,400,000 s)
2024-06-03 19:50:57,798 INFO  - Recending a message from other vehicle (at simulation time 701.002,400,000 s)
2024-06-03 19:50:57,799 INFO  - Called #onVehicleUpdated (at simulation time 702.000,000,000 s)
2024-06-03 19:50:57,799 INFO  - Sending out AdHoc broadcast (at simulation time 702.000,000,000 s)
2024-06-03 19:50:57,799 INFO  - Sending out AdHoc broadcast (at simulation time 702.000,000,000 s)
2024-06-03 19:50:57,799 INFO  - Sending out AdHoc broadcast (at simulation time 702.000,000,000 s)
2024-06-03 19:50:57,799 INFO  - Recieve a message from other vehicle (at simulation time 702.000,400,000 s)
2024-06-03 19:50:57,799 INFO  - Recending a message from other vehicle (at simulation time 702.000,400,000 s)
2024-06-03 19:50:57,799 INFO  - Recieve a message from other vehicle (at simulation time 702.000,400,000 s)
2024-06-03 19:50:57,799 INFO  - Recending a message from other vehicle (at simulation time 702.000,400,000 s)
2024-06-03 19:50:57,800 INFO  - Recieve a message from other vehicle (at simulation time 702.002,400,000 s)
2024-06-03 19:50:57,800 INFO  - Recending a message from other vehicle (at simulation time 702.002,400,000 s)
2024-06-03 19:50:57,800 INFO  - Recieve a message from other vehicle (at simulation time 702.002,400,000 s)
2024-06-03 19:50:57,800 INFO  - Recending a message from other vehicle (at simulation time 702.002,400,000 s)
2024-06-03 19:50:57,800 INFO  - Called #onVehicleUpdated (at simulation time 703.000,000,000 s)
2024-06-03 19:50:57,800 INFO  - Sending out AdHoc broadcast (at simulation time 703.000,000,000 s)
2024-06-03 19:50:57,800 INFO  - Sending out AdHoc broadcast (at simulation time 703.000,000,000 s)
2024-06-03 19:50:57,801 INFO  - Sending out AdHoc broadcast (at simulation time 703.000,000,000 s)
2024-06-03 19:50:57,801 INFO  - Sending out AdHoc broadcast (at simulation time 703.000,000,000 s)
2024-06-03 19:50:57,801 INFO  - Called #onVehicleUpdated (at simulation time 704.000,000,000 s)
2024-06-03 19:50:57,801 INFO  - Sending out AdHoc broadcast (at simulation time 704.000,000,000 s)
2024-06-03 19:50:57,802 INFO  - Sending out AdHoc broadcast (at simulation time 704.000,000,000 s)
2024-06-03 19:50:57,802 INFO  - Sending out AdHoc broadcast (at simulation time 704.000,000,000 s)
2024-06-03 19:50:57,803 INFO  - Called #onVehicleUpdated (at simulation time 705.000,000,000 s)
2024-06-03 19:50:57,803 INFO  - Sending out AdHoc broadcast (at simulation time 705.000,000,000 s)
2024-06-03 19:50:57,803 INFO  - Sending out AdHoc broadcast (at simulation time 705.000,000,000 s)
2024-06-03 19:50:57,803 INFO  - Sending out AdHoc broadcast (at simulation time 705.000,000,000 s)
2024-06-03 19:50:57,803 INFO  - Sending out AdHoc broadcast (at simulation time 705.000,000,000 s)
2024-06-03 19:50:57,804 INFO  - Called #onVehicleUpdated (at simulation time 706.000,000,000 s)
2024-06-03 19:50:57,804 INFO  - Sending out AdHoc broadcast (at simulation time 706.000,000,000 s)
2024-06-03 19:50:57,804 INFO  - Sending out AdHoc broadcast (at simulation time 706.000,000,000 s)
2024-06-03 19:50:57,805 INFO  - Sending out AdHoc broadcast (at simulation time 706.000,000,000 s)
2024-06-03 19:50:57,805 INFO  - Called #onVehicleUpdated (at simulation time 707.000,000,000 s)
2024-06-03 19:50:57,805 INFO  - Exced velocity! Sending new CAM (at simulation time 707.000,000,000 s)
2024-06-03 19:50:57,805 INFO  - Sending out AdHoc broadcast (at simulation time 707.000,000,000 s)
2024-06-03 19:50:57,805 INFO  - Sending out AdHoc broadcast (at simulation time 707.000,000,000 s)
2024-06-03 19:50:57,805 INFO  - Sending out AdHoc broadcast (at simulation time 707.000,000,000 s)
2024-06-03 19:50:57,805 INFO  - Sending out AdHoc broadcast (at simulation time 707.000,000,000 s)
2024-06-03 19:50:57,805 INFO  - Sending out AdHoc broadcast (at simulation time 707.000,000,000 s)
2024-06-03 19:50:57,806 INFO  - Called #onVehicleUpdated (at simulation time 708.000,000,000 s)
2024-06-03 19:50:57,806 INFO  - Exced velocity! Sending new CAM (at simulation time 708.000,000,000 s)
2024-06-03 19:50:57,806 INFO  - Sending out AdHoc broadcast (at simulation time 708.000,000,000 s)
2024-06-03 19:50:57,806 INFO  - Sending out AdHoc broadcast (at simulation time 708.000,000,000 s)
2024-06-03 19:50:57,806 INFO  - Sending out AdHoc broadcast (at simulation time 708.000,000,000 s)
2024-06-03 19:50:57,806 INFO  - Sending out AdHoc broadcast (at simulation time 708.000,000,000 s)
2024-06-03 19:50:57,806 INFO  - Called #onVehicleUpdated (at simulation time 709.000,000,000 s)
2024-06-03 19:50:57,806 INFO  - Exced velocity! Sending new CAM (at simulation time 709.000,000,000 s)
2024-06-03 19:50:57,806 INFO  - Sending out AdHoc broadcast (at simulation time 709.000,000,000 s)
2024-06-03 19:50:57,806 INFO  - Sending out AdHoc broadcast (at simulation time 709.000,000,000 s)
2024-06-03 19:50:57,806 INFO  - Sending out AdHoc broadcast (at simulation time 709.000,000,000 s)
2024-06-03 19:50:57,806 INFO  - Sending out AdHoc broadcast (at simulation time 709.000,000,000 s)
2024-06-03 19:50:57,806 INFO  - Sending out AdHoc broadcast (at simulation time 709.000,000,000 s)
2024-06-03 19:50:57,806 INFO  - Sending out AdHoc broadcast (at simulation time 709.000,000,000 s)
2024-06-03 19:50:57,807 INFO  - Called #onVehicleUpdated (at simulation time 710.000,000,000 s)
2024-06-03 19:50:57,807 INFO  - Exced velocity! Sending new CAM (at simulation time 710.000,000,000 s)
2024-06-03 19:50:57,807 INFO  - Sending out AdHoc broadcast (at simulation time 710.000,000,000 s)
2024-06-03 19:50:57,807 INFO  - Sending out AdHoc broadcast (at simulation time 710.000,000,000 s)
2024-06-03 19:50:57,807 INFO  - Sending out AdHoc broadcast (at simulation time 710.000,000,000 s)
2024-06-03 19:50:57,807 INFO  - Sending out AdHoc broadcast (at simulation time 710.000,000,000 s)
2024-06-03 19:50:57,807 INFO  - Sending out AdHoc broadcast (at simulation time 710.000,000,000 s)
2024-06-03 19:50:57,807 INFO  - Shutdown (at simulation time 711.000,000,000 s)
