2024-06-03 19:39:56,267 INFO  - Initialize Vehicle application (at simulation time 6.000,000,000 s)
2024-06-03 19:39:56,270 INFO  - Activated WLAN Module (at simulation time 6.000,000,000 s)
2024-06-03 19:39:56,273 INFO  - Called #onVehicleUpdated (at simulation time 6.000,000,000 s)
2024-06-03 19:39:56,273 INFO  - Exced velocity! Sending new CAM (at simulation time 6.000,000,000 s)
2024-06-03 19:39:56,274 INFO  - Sending out AdHoc broadcast (at simulation time 6.000,000,000 s)
2024-06-03 19:39:56,610 INFO  - Called #onVehicleUpdated (at simulation time 7.000,000,000 s)
2024-06-03 19:39:56,611 INFO  - Exced velocity! Sending new CAM (at simulation time 7.000,000,000 s)
2024-06-03 19:39:56,611 INFO  - Sending out AdHoc broadcast (at simulation time 7.000,000,000 s)
2024-06-03 19:39:56,614 INFO  - Define the name: veh_3 and route: r_4 (at simulation time 7.000,000,000 s)
2024-06-03 19:39:56,614 INFO  - Sending out AdHoc broadcast (at simulation time 7.000,000,000 s)
2024-06-03 19:39:56,956 INFO  - Called #onVehicleUpdated (at simulation time 8.000,000,000 s)
2024-06-03 19:39:56,956 INFO  - Exced velocity! Sending new CAM (at simulation time 8.000,000,000 s)
2024-06-03 19:39:56,956 INFO  - Sending out AdHoc broadcast (at simulation time 8.000,000,000 s)
2024-06-03 19:39:56,959 INFO  - Sending out AdHoc broadcast (at simulation time 8.000,000,000 s)
2024-06-03 19:39:56,964 INFO  - Recieve a message from other vehicle (at simulation time 8.000,400,000 s)
2024-06-03 19:39:56,964 INFO  - Recending a message from other vehicle (at simulation time 8.000,400,000 s)
2024-06-03 19:39:57,305 INFO  - Called #onVehicleUpdated (at simulation time 9.000,000,000 s)
2024-06-03 19:39:57,305 INFO  - Exced velocity! Sending new CAM (at simulation time 9.000,000,000 s)
2024-06-03 19:39:57,306 INFO  - Sending out AdHoc broadcast (at simulation time 9.000,000,000 s)
2024-06-03 19:39:57,307 INFO  - Sending out AdHoc broadcast (at simulation time 9.000,000,000 s)
2024-06-03 19:39:57,309 INFO  - Sending out AdHoc broadcast (at simulation time 9.000,000,000 s)
2024-06-03 19:39:57,667 INFO  - Called #onVehicleUpdated (at simulation time 10.000,000,000 s)
2024-06-03 19:39:57,667 INFO  - Exced velocity! Sending new CAM (at simulation time 10.000,000,000 s)
2024-06-03 19:39:57,667 INFO  - Sending out AdHoc broadcast (at simulation time 10.000,000,000 s)
2024-06-03 19:39:57,668 INFO  - Sending out AdHoc broadcast (at simulation time 10.000,000,000 s)
2024-06-03 19:39:57,669 INFO  - Sending out AdHoc broadcast (at simulation time 10.000,000,000 s)
2024-06-03 19:39:57,671 INFO  - Recieve a message from other vehicle (at simulation time 10.000,400,000 s)
2024-06-03 19:39:57,671 INFO  - Recending a message from other vehicle (at simulation time 10.000,400,000 s)
2024-06-03 19:39:58,005 INFO  - Called #onVehicleUpdated (at simulation time 11.000,000,000 s)
2024-06-03 19:39:58,005 INFO  - Exced velocity! Sending new CAM (at simulation time 11.000,000,000 s)
2024-06-03 19:39:58,005 INFO  - Sending out AdHoc broadcast (at simulation time 11.000,000,000 s)
2024-06-03 19:39:58,008 INFO  - Sending out AdHoc broadcast (at simulation time 11.000,000,000 s)
2024-06-03 19:39:58,009 INFO  - Sending out AdHoc broadcast (at simulation time 11.000,000,000 s)
2024-06-03 19:39:58,010 INFO  - Sending out AdHoc broadcast (at simulation time 11.000,000,000 s)
2024-06-03 19:39:58,013 INFO  - Recieve a message from other vehicle (at simulation time 11.000,400,000 s)
2024-06-03 19:39:58,013 INFO  - Recending a message from other vehicle (at simulation time 11.000,400,000 s)
2024-06-03 19:39:58,355 INFO  - Called #onVehicleUpdated (at simulation time 12.000,000,000 s)
2024-06-03 19:39:58,356 INFO  - Sending out AdHoc broadcast (at simulation time 12.000,000,000 s)
2024-06-03 19:39:58,357 INFO  - Sending out AdHoc broadcast (at simulation time 12.000,000,000 s)
2024-06-03 19:39:58,359 INFO  - Sending out AdHoc broadcast (at simulation time 12.000,000,000 s)
2024-06-03 19:39:58,363 INFO  - Recieve a message from other vehicle (at simulation time 12.000,400,000 s)
2024-06-03 19:39:58,363 INFO  - Recending a message from other vehicle (at simulation time 12.000,400,000 s)
2024-06-03 19:39:58,364 INFO  - Recieve a message from other vehicle (at simulation time 12.000,400,000 s)
2024-06-03 19:39:58,364 INFO  - Recending a message from other vehicle (at simulation time 12.000,400,000 s)
2024-06-03 19:39:58,365 INFO  - Recieve a message from other vehicle (at simulation time 12.000,400,000 s)
2024-06-03 19:39:58,365 INFO  - Recending a message from other vehicle (at simulation time 12.000,400,000 s)
2024-06-03 19:39:58,369 INFO  - Recieve a message from other vehicle (at simulation time 12.001,400,000 s)
2024-06-03 19:39:58,369 INFO  - Recending a message from other vehicle (at simulation time 12.001,400,000 s)
2024-06-03 19:39:58,371 INFO  - Recieve a message from other vehicle (at simulation time 12.001,900,000 s)
2024-06-03 19:39:58,371 INFO  - Recending a message from other vehicle (at simulation time 12.001,900,000 s)
2024-06-03 19:39:58,706 INFO  - Called #onVehicleUpdated (at simulation time 13.000,000,000 s)
2024-06-03 19:39:58,707 INFO  - Sending out AdHoc broadcast (at simulation time 13.000,000,000 s)
2024-06-03 19:39:58,708 INFO  - Sending out AdHoc broadcast (at simulation time 13.000,000,000 s)
2024-06-03 19:39:58,709 INFO  - Sending out AdHoc broadcast (at simulation time 13.000,000,000 s)
2024-06-03 19:39:58,711 INFO  - Sending out AdHoc broadcast (at simulation time 13.000,000,000 s)
2024-06-03 19:39:58,718 INFO  - Recieve a message from other vehicle (at simulation time 13.000,400,000 s)
2024-06-03 19:39:58,718 INFO  - Recending a message from other vehicle (at simulation time 13.000,400,000 s)
2024-06-03 19:39:58,720 INFO  - Recieve a message from other vehicle (at simulation time 13.000,900,000 s)
2024-06-03 19:39:58,720 INFO  - Recending a message from other vehicle (at simulation time 13.000,900,000 s)
2024-06-03 19:39:58,721 INFO  - Recieve a message from other vehicle (at simulation time 13.000,900,000 s)
2024-06-03 19:39:58,722 INFO  - Recending a message from other vehicle (at simulation time 13.000,900,000 s)
2024-06-03 19:39:58,724 INFO  - Recieve a message from other vehicle (at simulation time 13.001,400,000 s)
2024-06-03 19:39:58,724 INFO  - Recending a message from other vehicle (at simulation time 13.001,400,000 s)
2024-06-03 19:39:58,725 INFO  - Recieve a message from other vehicle (at simulation time 13.001,400,000 s)
2024-06-03 19:39:58,725 INFO  - Recending a message from other vehicle (at simulation time 13.001,400,000 s)
2024-06-03 19:39:58,730 INFO  - Recieve a message from other vehicle (at simulation time 13.002,300,000 s)
2024-06-03 19:39:58,731 INFO  - I'm in better position but no more hops in message (at simulation time 13.002,300,000 s)
2024-06-03 19:39:58,731 INFO  - Recieve a message from other vehicle (at simulation time 13.002,400,000 s)
2024-06-03 19:39:58,731 INFO  - Recending a message from other vehicle (at simulation time 13.002,400,000 s)
2024-06-03 19:39:58,732 INFO  - Recieve a message from other vehicle (at simulation time 13.002,400,000 s)
2024-06-03 19:39:58,732 INFO  - I'm in better position but no more hops in message (at simulation time 13.002,400,000 s)
2024-06-03 19:39:59,056 INFO  - Called #onVehicleUpdated (at simulation time 14.000,000,000 s)
2024-06-03 19:39:59,058 INFO  - Sending out AdHoc broadcast (at simulation time 14.000,000,000 s)
2024-06-03 19:39:59,059 INFO  - Sending out AdHoc broadcast (at simulation time 14.000,000,000 s)
2024-06-03 19:39:59,060 INFO  - Sending out AdHoc broadcast (at simulation time 14.000,000,000 s)
2024-06-03 19:39:59,066 INFO  - Recieve a message from other vehicle (at simulation time 14.000,400,000 s)
2024-06-03 19:39:59,066 INFO  - Recending a message from other vehicle (at simulation time 14.000,400,000 s)
2024-06-03 19:39:59,067 INFO  - Recieve a message from RSU (at simulation time 14.000,900,000 s)
2024-06-03 19:39:59,068 INFO  - Recieve a message from other vehicle (at simulation time 14.000,900,000 s)
2024-06-03 19:39:59,068 INFO  - Recending a message from other vehicle (at simulation time 14.000,900,000 s)
2024-06-03 19:39:59,071 INFO  - Recieve a message from other vehicle (at simulation time 14.001,400,000 s)
2024-06-03 19:39:59,071 INFO  - Recending a message from other vehicle (at simulation time 14.001,400,000 s)
2024-06-03 19:39:59,073 INFO  - Recieve a message from other vehicle (at simulation time 14.001,400,000 s)
2024-06-03 19:39:59,074 INFO  - I'm in better position but no more hops in message (at simulation time 14.001,400,000 s)
2024-06-03 19:39:59,074 INFO  - Recieve a message from other vehicle (at simulation time 14.001,400,000 s)
2024-06-03 19:39:59,074 INFO  - Recending a message from other vehicle (at simulation time 14.001,400,000 s)
2024-06-03 19:39:59,076 INFO  - Recieve a message from other vehicle (at simulation time 14.001,900,000 s)
2024-06-03 19:39:59,076 INFO  - Recending a message from other vehicle (at simulation time 14.001,900,000 s)
2024-06-03 19:39:59,077 INFO  - Recieve a message from other vehicle (at simulation time 14.001,900,000 s)
2024-06-03 19:39:59,077 INFO  - Recending a message from other vehicle (at simulation time 14.001,900,000 s)
2024-06-03 19:39:59,079 INFO  - Recieve a message from other vehicle (at simulation time 14.002,300,000 s)
2024-06-03 19:39:59,079 INFO  - I'm in better position but no more hops in message (at simulation time 14.002,300,000 s)
2024-06-03 19:39:59,411 INFO  - Called #onVehicleUpdated (at simulation time 15.000,000,000 s)
2024-06-03 19:39:59,412 INFO  - Sending out DENM broadcast (at simulation time 15.000,000,000 s)
2024-06-03 19:39:59,412 INFO  - Sending out AdHoc broadcast (at simulation time 15.000,000,000 s)
2024-06-03 19:39:59,413 INFO  - Sending out AdHoc broadcast (at simulation time 15.000,000,000 s)
2024-06-03 19:39:59,413 INFO  - Sending out AdHoc broadcast (at simulation time 15.000,000,000 s)
2024-06-03 19:39:59,413 INFO  - Sending out AdHoc broadcast (at simulation time 15.000,000,000 s)
2024-06-03 19:39:59,417 INFO  - Recieve a message from other vehicle (at simulation time 15.000,400,000 s)
2024-06-03 19:39:59,417 INFO  - DENM message Recived from veh_5 -info : seco (at simulation time 15.000,400,000 s)
2024-06-03 19:39:59,417 INFO  - Recending a DENM message from other vehicle (at simulation time 15.000,400,000 s)
2024-06-03 19:39:59,418 INFO  - Recieve a message from other vehicle (at simulation time 15.000,400,000 s)
2024-06-03 19:39:59,418 INFO  - Recending a message from other vehicle (at simulation time 15.000,400,000 s)
2024-06-03 19:39:59,423 INFO  - Recieve a message from other vehicle (at simulation time 15.000,900,000 s)
2024-06-03 19:39:59,424 INFO  - My position is not better! (at simulation time 15.000,900,000 s)
2024-06-03 19:39:59,425 INFO  - Recieve a message from other vehicle (at simulation time 15.001,300,000 s)
2024-06-03 19:39:59,425 INFO  - DENM message Recived from veh_0 -info : piso-molhado (at simulation time 15.001,300,000 s)
2024-06-03 19:39:59,425 INFO  - I slow down due to road state (at simulation time 15.001,300,000 s)
2024-06-03 19:39:59,425 INFO  - No more hops in DENM message (at simulation time 15.001,300,000 s)
2024-06-03 19:39:59,425 INFO  - Recieve a message from other vehicle (at simulation time 15.001,300,000 s)
2024-06-03 19:39:59,425 INFO  - DENM message Recived from veh_1 -info : seco (at simulation time 15.001,300,000 s)
2024-06-03 19:39:59,425 INFO  - No more hops in DENM message (at simulation time 15.001,300,000 s)
2024-06-03 19:39:59,425 INFO  - Recieve a message from other vehicle (at simulation time 15.001,300,000 s)
2024-06-03 19:39:59,425 INFO  - My position is not better! (at simulation time 15.001,300,000 s)
2024-06-03 19:39:59,426 INFO  - Recieve a message from other vehicle (at simulation time 15.001,300,000 s)
2024-06-03 19:39:59,426 INFO  - My position is not better! (at simulation time 15.001,300,000 s)
2024-06-03 19:39:59,430 INFO  - Recieve a message from other vehicle (at simulation time 15.001,900,000 s)
2024-06-03 19:39:59,430 INFO  - DENM message Recived from veh_0 -info : piso-molhado (at simulation time 15.001,900,000 s)
2024-06-03 19:39:59,431 INFO  - I slow down due to road state (at simulation time 15.001,900,000 s)
2024-06-03 19:39:59,431 INFO  - No more hops in DENM message (at simulation time 15.001,900,000 s)
2024-06-03 19:39:59,431 INFO  - Recieve a message from other vehicle (at simulation time 15.001,900,000 s)
2024-06-03 19:39:59,431 INFO  - My position is not better! (at simulation time 15.001,900,000 s)
2024-06-03 19:39:59,431 INFO  - Recieve a message from other vehicle (at simulation time 15.001,900,000 s)
2024-06-03 19:39:59,431 INFO  - My position is not better! (at simulation time 15.001,900,000 s)
2024-06-03 19:39:59,431 INFO  - Recieve a message from other vehicle (at simulation time 15.001,900,000 s)
2024-06-03 19:39:59,431 INFO  - My position is not better! (at simulation time 15.001,900,000 s)
2024-06-03 19:39:59,431 INFO  - Recieve a message from other vehicle (at simulation time 15.001,900,000 s)
2024-06-03 19:39:59,431 INFO  - My position is not better! (at simulation time 15.001,900,000 s)
2024-06-03 19:39:59,434 INFO  - Recieve a message from other vehicle (at simulation time 15.002,400,000 s)
2024-06-03 19:39:59,434 INFO  - DENM message Recived from veh_1 -info : seco (at simulation time 15.002,400,000 s)
2024-06-03 19:39:59,434 INFO  - No more hops in DENM message (at simulation time 15.002,400,000 s)
2024-06-03 19:39:59,435 INFO  - Recieve a message from other vehicle (at simulation time 15.002,400,000 s)
2024-06-03 19:39:59,435 INFO  - My position is not better! (at simulation time 15.002,400,000 s)
2024-06-03 19:39:59,437 INFO  - Recieve a message from other vehicle (at simulation time 15.002,800,000 s)
2024-06-03 19:39:59,437 INFO  - DENM message Recived from veh_3 -info : seco (at simulation time 15.002,800,000 s)
2024-06-03 19:39:59,437 INFO  - No more hops in DENM message (at simulation time 15.002,800,000 s)
2024-06-03 19:39:59,438 INFO  - Recieve a message from other vehicle (at simulation time 15.002,800,000 s)
2024-06-03 19:39:59,438 INFO  - My position is not better! (at simulation time 15.002,800,000 s)
2024-06-03 19:39:59,439 INFO  - Recieve a message from other vehicle (at simulation time 15.003,300,000 s)
2024-06-03 19:39:59,439 INFO  - My position is not better! (at simulation time 15.003,300,000 s)
2024-06-03 19:39:59,440 INFO  - Recieve a message from other vehicle (at simulation time 15.003,800,000 s)
2024-06-03 19:39:59,440 INFO  - My position is not better! (at simulation time 15.003,800,000 s)
2024-06-03 19:39:59,757 INFO  - Called #onVehicleUpdated (at simulation time 16.000,000,000 s)
2024-06-03 19:39:59,758 INFO  - Sending out AdHoc broadcast (at simulation time 16.000,000,000 s)
2024-06-03 19:39:59,759 INFO  - Sending out AdHoc broadcast (at simulation time 16.000,000,000 s)
2024-06-03 19:39:59,759 INFO  - Sending out AdHoc broadcast (at simulation time 16.000,000,000 s)
2024-06-03 19:39:59,763 INFO  - Recieve a message from other vehicle (at simulation time 16.000,400,000 s)
2024-06-03 19:39:59,763 INFO  - My position is not better! (at simulation time 16.000,400,000 s)
2024-06-03 19:39:59,766 INFO  - Recieve a message from other vehicle (at simulation time 16.000,800,000 s)
2024-06-03 19:39:59,766 INFO  - My position is not better! (at simulation time 16.000,800,000 s)
2024-06-03 19:39:59,767 INFO  - Recieve a message from other vehicle (at simulation time 16.000,900,000 s)
2024-06-03 19:39:59,767 INFO  - DENM message Recived from veh_2 -info : seco (at simulation time 16.000,900,000 s)
2024-06-03 19:39:59,767 INFO  - No more hops in DENM message (at simulation time 16.000,900,000 s)
2024-06-03 19:39:59,768 INFO  - Recieve a message from other vehicle (at simulation time 16.000,900,000 s)
2024-06-03 19:39:59,768 INFO  - My position is not better! (at simulation time 16.000,900,000 s)
2024-06-03 19:39:59,768 INFO  - Recieve a message from other vehicle (at simulation time 16.000,900,000 s)
2024-06-03 19:39:59,768 INFO  - My position is not better! (at simulation time 16.000,900,000 s)
2024-06-03 19:39:59,769 INFO  - Recieve a message from other vehicle (at simulation time 16.000,900,000 s)
2024-06-03 19:39:59,769 INFO  - My position is not better! (at simulation time 16.000,900,000 s)
2024-06-03 19:39:59,772 INFO  - Recieve a message from other vehicle (at simulation time 16.001,800,000 s)
2024-06-03 19:39:59,772 INFO  - DENM message Recived from veh_4 -info : nevoeiro (at simulation time 16.001,800,000 s)
2024-06-03 19:39:59,772 INFO  - No more hops in DENM message (at simulation time 16.001,800,000 s)
2024-06-03 19:39:59,772 INFO  - Recieve a message from other vehicle (at simulation time 16.001,800,000 s)
2024-06-03 19:39:59,772 INFO  - My position is not better! (at simulation time 16.001,800,000 s)
2024-06-03 19:39:59,773 INFO  - Recieve a message from other vehicle (at simulation time 16.001,900,000 s)
2024-06-03 19:39:59,773 INFO  - My position is not better! (at simulation time 16.001,900,000 s)
2024-06-03 19:39:59,774 INFO  - Recieve a message from other vehicle (at simulation time 16.002,300,000 s)
2024-06-03 19:39:59,774 INFO  - DENM message Recived from veh_2 -info : seco (at simulation time 16.002,300,000 s)
2024-06-03 19:39:59,774 INFO  - No more hops in DENM message (at simulation time 16.002,300,000 s)
2024-06-03 19:39:59,774 INFO  - Recieve a message from other vehicle (at simulation time 16.002,300,000 s)
2024-06-03 19:39:59,774 INFO  - My position is not better! (at simulation time 16.002,300,000 s)
2024-06-03 19:39:59,774 INFO  - Recieve a message from other vehicle (at simulation time 16.002,400,000 s)
2024-06-03 19:39:59,774 INFO  - DENM message Recived from veh_4 -info : nevoeiro (at simulation time 16.002,400,000 s)
2024-06-03 19:39:59,774 INFO  - No more hops in DENM message (at simulation time 16.002,400,000 s)
2024-06-03 19:39:59,775 INFO  - Recieve a message from other vehicle (at simulation time 16.002,400,000 s)
2024-06-03 19:39:59,775 INFO  - My position is not better! (at simulation time 16.002,400,000 s)
2024-06-03 19:39:59,775 INFO  - Recieve a message from other vehicle (at simulation time 16.002,400,000 s)
2024-06-03 19:39:59,775 INFO  - My position is not better! (at simulation time 16.002,400,000 s)
2024-06-03 19:39:59,775 INFO  - Recieve a message from other vehicle (at simulation time 16.002,800,000 s)
2024-06-03 19:39:59,775 INFO  - My position is not better! (at simulation time 16.002,800,000 s)
2024-06-03 19:39:59,775 INFO  - Recieve a message from other vehicle (at simulation time 16.002,800,000 s)
2024-06-03 19:39:59,775 INFO  - My position is not better! (at simulation time 16.002,800,000 s)
2024-06-03 19:39:59,776 INFO  - Recieve a message from other vehicle (at simulation time 16.003,800,000 s)
2024-06-03 19:39:59,776 INFO  - My position is not better! (at simulation time 16.003,800,000 s)
2024-06-03 19:40:00,107 INFO  - Called #onVehicleUpdated (at simulation time 17.000,000,000 s)
2024-06-03 19:40:00,107 INFO  - Sending out AdHoc broadcast (at simulation time 17.000,000,000 s)
2024-06-03 19:40:00,108 INFO  - Sending out AdHoc broadcast (at simulation time 17.000,000,000 s)
2024-06-03 19:40:00,109 INFO  - Sending out AdHoc broadcast (at simulation time 17.000,000,000 s)
2024-06-03 19:40:00,109 INFO  - Sending out AdHoc broadcast (at simulation time 17.000,000,000 s)
2024-06-03 19:40:00,113 INFO  - Recieve a message from other vehicle (at simulation time 17.000,400,000 s)
2024-06-03 19:40:00,113 INFO  - My position is not better! (at simulation time 17.000,400,000 s)
2024-06-03 19:40:00,114 INFO  - Recieve a message from other vehicle (at simulation time 17.000,400,000 s)
2024-06-03 19:40:00,114 INFO  - My position is not better! (at simulation time 17.000,400,000 s)
2024-06-03 19:40:00,116 INFO  - Recieve a message from other vehicle (at simulation time 17.000,900,000 s)
2024-06-03 19:40:00,116 INFO  - My position is not better! (at simulation time 17.000,900,000 s)
2024-06-03 19:40:00,117 INFO  - Recieve a message from other vehicle (at simulation time 17.000,900,000 s)
2024-06-03 19:40:00,117 INFO  - My position is not better! (at simulation time 17.000,900,000 s)
2024-06-03 19:40:00,117 INFO  - Recieve a message from other vehicle (at simulation time 17.000,900,000 s)
2024-06-03 19:40:00,117 INFO  - My position is not better! (at simulation time 17.000,900,000 s)
2024-06-03 19:40:00,118 INFO  - Recieve a message from other vehicle (at simulation time 17.001,300,000 s)
2024-06-03 19:40:00,118 INFO  - My position is not better! (at simulation time 17.001,300,000 s)
2024-06-03 19:40:00,118 INFO  - Recieve a message from other vehicle (at simulation time 17.001,400,000 s)
2024-06-03 19:40:00,118 INFO  - My position is not better! (at simulation time 17.001,400,000 s)
2024-06-03 19:40:00,120 INFO  - Recieve a message from other vehicle (at simulation time 17.001,800,000 s)
2024-06-03 19:40:00,120 INFO  - My position is not better! (at simulation time 17.001,800,000 s)
2024-06-03 19:40:00,121 INFO  - Recieve a message from other vehicle (at simulation time 17.001,900,000 s)
2024-06-03 19:40:00,121 INFO  - My position is not better! (at simulation time 17.001,900,000 s)
2024-06-03 19:40:00,121 INFO  - Recieve a message from other vehicle (at simulation time 17.002,300,000 s)
2024-06-03 19:40:00,121 INFO  - My position is not better! (at simulation time 17.002,300,000 s)
2024-06-03 19:40:00,123 INFO  - Recieve a message from other vehicle (at simulation time 17.002,800,000 s)
2024-06-03 19:40:00,123 INFO  - My position is not better! (at simulation time 17.002,800,000 s)
2024-06-03 19:40:00,123 INFO  - Recieve a message from other vehicle (at simulation time 17.002,800,000 s)
2024-06-03 19:40:00,123 INFO  - My position is not better! (at simulation time 17.002,800,000 s)
2024-06-03 19:40:00,456 INFO  - Called #onVehicleUpdated (at simulation time 18.000,000,000 s)
2024-06-03 19:40:00,457 INFO  - Sending out AdHoc broadcast (at simulation time 18.000,000,000 s)
2024-06-03 19:40:00,458 INFO  - Sending out AdHoc broadcast (at simulation time 18.000,000,000 s)
2024-06-03 19:40:00,458 INFO  - Sending out AdHoc broadcast (at simulation time 18.000,000,000 s)
2024-06-03 19:40:00,465 INFO  - Recieve a message from other vehicle (at simulation time 18.000,800,000 s)
2024-06-03 19:40:00,465 INFO  - My position is not better! (at simulation time 18.000,800,000 s)
2024-06-03 19:40:00,466 INFO  - Recieve a message from other vehicle (at simulation time 18.000,900,000 s)
2024-06-03 19:40:00,466 INFO  - My position is not better! (at simulation time 18.000,900,000 s)
2024-06-03 19:40:00,468 INFO  - Recieve a message from other vehicle (at simulation time 18.001,800,000 s)
2024-06-03 19:40:00,468 INFO  - My position is not better! (at simulation time 18.001,800,000 s)
2024-06-03 19:40:00,469 INFO  - Recieve a message from other vehicle (at simulation time 18.001,900,000 s)
2024-06-03 19:40:00,469 INFO  - My position is not better! (at simulation time 18.001,900,000 s)
2024-06-03 19:40:00,469 INFO  - Recieve a message from other vehicle (at simulation time 18.002,300,000 s)
2024-06-03 19:40:00,469 INFO  - My position is not better! (at simulation time 18.002,300,000 s)
2024-06-03 19:40:00,470 INFO  - Recieve a message from other vehicle (at simulation time 18.002,400,000 s)
2024-06-03 19:40:00,470 INFO  - My position is not better! (at simulation time 18.002,400,000 s)
2024-06-03 19:40:00,471 INFO  - Recieve a message from other vehicle (at simulation time 18.002,800,000 s)
2024-06-03 19:40:00,472 INFO  - My position is not better! (at simulation time 18.002,800,000 s)
2024-06-03 19:40:00,472 INFO  - Recieve a message from other vehicle (at simulation time 18.002,800,000 s)
2024-06-03 19:40:00,472 INFO  - My position is not better! (at simulation time 18.002,800,000 s)
2024-06-03 19:40:00,808 INFO  - Called #onVehicleUpdated (at simulation time 19.000,000,000 s)
2024-06-03 19:40:00,808 INFO  - Sending out AdHoc broadcast (at simulation time 19.000,000,000 s)
2024-06-03 19:40:00,809 INFO  - Sending out AdHoc broadcast (at simulation time 19.000,000,000 s)
2024-06-03 19:40:00,809 INFO  - Sending out AdHoc broadcast (at simulation time 19.000,000,000 s)
2024-06-03 19:40:00,810 INFO  - Sending out AdHoc broadcast (at simulation time 19.000,000,000 s)
2024-06-03 19:40:00,816 INFO  - Recieve a message from other vehicle (at simulation time 19.001,300,000 s)
2024-06-03 19:40:00,816 INFO  - My position is not better! (at simulation time 19.001,300,000 s)
2024-06-03 19:40:00,817 INFO  - Recieve a message from other vehicle (at simulation time 19.001,400,000 s)
2024-06-03 19:40:00,817 INFO  - My position is not better! (at simulation time 19.001,400,000 s)
2024-06-03 19:40:00,819 INFO  - Recieve a message from other vehicle (at simulation time 19.002,300,000 s)
2024-06-03 19:40:00,819 INFO  - My position is not better! (at simulation time 19.002,300,000 s)
2024-06-03 19:40:00,819 INFO  - Recieve a message from other vehicle (at simulation time 19.002,300,000 s)
2024-06-03 19:40:00,819 INFO  - My position is not better! (at simulation time 19.002,300,000 s)
2024-06-03 19:40:00,820 INFO  - Recieve a message from other vehicle (at simulation time 19.002,400,000 s)
2024-06-03 19:40:00,820 INFO  - My position is not better! (at simulation time 19.002,400,000 s)
2024-06-03 19:40:00,821 INFO  - Recieve a message from other vehicle (at simulation time 19.002,800,000 s)
2024-06-03 19:40:00,821 INFO  - My position is not better! (at simulation time 19.002,800,000 s)
2024-06-03 19:40:00,821 INFO  - Recieve a message from other vehicle (at simulation time 19.003,300,000 s)
2024-06-03 19:40:00,821 INFO  - My position is not better! (at simulation time 19.003,300,000 s)
2024-06-03 19:40:01,159 INFO  - Called #onVehicleUpdated (at simulation time 20.000,000,000 s)
2024-06-03 19:40:01,160 INFO  - Sending out AdHoc broadcast (at simulation time 20.000,000,000 s)
2024-06-03 19:40:01,160 INFO  - Sending out AdHoc broadcast (at simulation time 20.000,000,000 s)
2024-06-03 19:40:01,160 INFO  - Sending out AdHoc broadcast (at simulation time 20.000,000,000 s)
2024-06-03 19:40:01,165 INFO  - Recieve a message from other vehicle (at simulation time 20.002,300,000 s)
2024-06-03 19:40:01,165 INFO  - My position is not better! (at simulation time 20.002,300,000 s)
2024-06-03 19:40:01,165 INFO  - Recieve a message from other vehicle (at simulation time 20.002,300,000 s)
2024-06-03 19:40:01,165 INFO  - My position is not better! (at simulation time 20.002,300,000 s)
2024-06-03 19:40:01,165 INFO  - Recieve a message from other vehicle (at simulation time 20.002,300,000 s)
2024-06-03 19:40:01,165 INFO  - My position is not better! (at simulation time 20.002,300,000 s)
2024-06-03 19:40:01,507 INFO  - Called #onVehicleUpdated (at simulation time 21.000,000,000 s)
2024-06-03 19:40:01,507 INFO  - Sending out AdHoc broadcast (at simulation time 21.000,000,000 s)
2024-06-03 19:40:01,508 INFO  - Sending out AdHoc broadcast (at simulation time 21.000,000,000 s)
2024-06-03 19:40:01,508 INFO  - Sending out AdHoc broadcast (at simulation time 21.000,000,000 s)
2024-06-03 19:40:01,508 INFO  - Sending out AdHoc broadcast (at simulation time 21.000,000,000 s)
2024-06-03 19:40:01,857 INFO  - Called #onVehicleUpdated (at simulation time 22.000,000,000 s)
2024-06-03 19:40:01,858 INFO  - Sending out AdHoc broadcast (at simulation time 22.000,000,000 s)
2024-06-03 19:40:01,858 INFO  - Sending out AdHoc broadcast (at simulation time 22.000,000,000 s)
2024-06-03 19:40:01,858 INFO  - Sending out AdHoc broadcast (at simulation time 22.000,000,000 s)
2024-06-03 19:40:02,207 INFO  - Called #onVehicleUpdated (at simulation time 23.000,000,000 s)
2024-06-03 19:40:02,207 INFO  - Sending out AdHoc broadcast (at simulation time 23.000,000,000 s)
2024-06-03 19:40:02,208 INFO  - Sending out AdHoc broadcast (at simulation time 23.000,000,000 s)
2024-06-03 19:40:02,208 INFO  - Sending out AdHoc broadcast (at simulation time 23.000,000,000 s)
2024-06-03 19:40:02,208 INFO  - Sending out AdHoc broadcast (at simulation time 23.000,000,000 s)
2024-06-03 19:40:02,557 INFO  - Called #onVehicleUpdated (at simulation time 24.000,000,000 s)
2024-06-03 19:40:02,557 INFO  - Sending out AdHoc broadcast (at simulation time 24.000,000,000 s)
2024-06-03 19:40:02,558 INFO  - Sending out AdHoc broadcast (at simulation time 24.000,000,000 s)
2024-06-03 19:40:02,558 INFO  - Sending out AdHoc broadcast (at simulation time 24.000,000,000 s)
2024-06-03 19:40:02,909 INFO  - Called #onVehicleUpdated (at simulation time 25.000,000,000 s)
2024-06-03 19:40:02,909 INFO  - Sending out AdHoc broadcast (at simulation time 25.000,000,000 s)
2024-06-03 19:40:02,910 INFO  - Sending out AdHoc broadcast (at simulation time 25.000,000,000 s)
2024-06-03 19:40:02,910 INFO  - Sending out AdHoc broadcast (at simulation time 25.000,000,000 s)
2024-06-03 19:40:02,910 INFO  - Sending out AdHoc broadcast (at simulation time 25.000,000,000 s)
2024-06-03 19:40:03,256 INFO  - Called #onVehicleUpdated (at simulation time 26.000,000,000 s)
2024-06-03 19:40:03,256 INFO  - Exced velocity! Sending new CAM (at simulation time 26.000,000,000 s)
2024-06-03 19:40:03,256 INFO  - Sending out AdHoc broadcast (at simulation time 26.000,000,000 s)
2024-06-03 19:40:03,257 INFO  - Sending out AdHoc broadcast (at simulation time 26.000,000,000 s)
2024-06-03 19:40:03,257 INFO  - Sending out AdHoc broadcast (at simulation time 26.000,000,000 s)
2024-06-03 19:40:03,258 INFO  - Sending out AdHoc broadcast (at simulation time 26.000,000,000 s)
2024-06-03 19:40:03,607 INFO  - Called #onVehicleUpdated (at simulation time 27.000,000,000 s)
2024-06-03 19:40:03,607 INFO  - Exced velocity! Sending new CAM (at simulation time 27.000,000,000 s)
2024-06-03 19:40:03,607 INFO  - Sending out AdHoc broadcast (at simulation time 27.000,000,000 s)
2024-06-03 19:40:03,608 INFO  - Sending out AdHoc broadcast (at simulation time 27.000,000,000 s)
2024-06-03 19:40:03,608 INFO  - Sending out AdHoc broadcast (at simulation time 27.000,000,000 s)
2024-06-03 19:40:03,608 INFO  - Sending out AdHoc broadcast (at simulation time 27.000,000,000 s)
2024-06-03 19:40:03,609 INFO  - Sending out AdHoc broadcast (at simulation time 27.000,000,000 s)
2024-06-03 19:40:03,957 INFO  - Shutdown (at simulation time 28.000,000,000 s)
