2024-06-03 19:50:56,157 INFO  - Initialize Vehicle application (at simulation time 79.000,000,000 s)
2024-06-03 19:50:56,158 INFO  - Activated WLAN Module (at simulation time 79.000,000,000 s)
2024-06-03 19:50:56,158 INFO  - Called #onVehicleUpdated (at simulation time 79.000,000,000 s)
2024-06-03 19:50:56,161 INFO  - Recieve a message from other vehicle (at simulation time 79.001,400,000 s)
2024-06-03 19:50:56,161 INFO  - My position is not better! (at simulation time 79.001,400,000 s)
2024-06-03 19:50:56,161 INFO  - Recieve a message from other vehicle (at simulation time 79.002,400,000 s)
2024-06-03 19:50:56,161 INFO  - My position is not better! (at simulation time 79.002,400,000 s)
2024-06-03 19:50:56,164 INFO  - Called #onVehicleUpdated (at simulation time 80.000,000,000 s)
2024-06-03 19:50:56,164 INFO  - Define the name: veh_16 and route: r_3 (at simulation time 80.000,000,000 s)
2024-06-03 19:50:56,164 INFO  - Sending out AdHoc broadcast (at simulation time 80.000,000,000 s)
2024-06-03 19:50:56,165 INFO  - Recieve a message from other vehicle (at simulation time 80.000,900,000 s)
2024-06-03 19:50:56,165 INFO  - My position is not better! (at simulation time 80.000,900,000 s)
2024-06-03 19:50:56,165 INFO  - Recieve a message from other vehicle (at simulation time 80.002,400,000 s)
2024-06-03 19:50:56,165 INFO  - My position is not better! (at simulation time 80.002,400,000 s)
2024-06-03 19:50:56,165 INFO  - Recieve a message from other vehicle (at simulation time 80.004,300,000 s)
2024-06-03 19:50:56,165 INFO  - My position is not better! (at simulation time 80.004,300,000 s)
2024-06-03 19:50:56,167 INFO  - Called #onVehicleUpdated (at simulation time 81.000,000,000 s)
2024-06-03 19:50:56,168 INFO  - Recieve a message from other vehicle (at simulation time 81.001,400,000 s)
2024-06-03 19:50:56,168 INFO  - My position is not better! (at simulation time 81.001,400,000 s)
2024-06-03 19:50:56,168 INFO  - Recieve a message from other vehicle (at simulation time 81.001,400,000 s)
2024-06-03 19:50:56,168 INFO  - My position is not better! (at simulation time 81.001,400,000 s)
2024-06-03 19:50:56,168 INFO  - Recieve a message from other vehicle (at simulation time 81.002,400,000 s)
2024-06-03 19:50:56,168 INFO  - My position is not better! (at simulation time 81.002,400,000 s)
2024-06-03 19:50:56,171 INFO  - Called #onVehicleUpdated (at simulation time 82.000,000,000 s)
2024-06-03 19:50:56,171 INFO  - Sending out AdHoc broadcast (at simulation time 82.000,000,000 s)
2024-06-03 19:50:56,172 INFO  - Recieve a message from other vehicle (at simulation time 82.000,900,000 s)
2024-06-03 19:50:56,172 INFO  - My position is not better! (at simulation time 82.000,900,000 s)
2024-06-03 19:50:56,172 INFO  - Recieve a message from other vehicle (at simulation time 82.002,400,000 s)
2024-06-03 19:50:56,172 INFO  - My position is not better! (at simulation time 82.002,400,000 s)
2024-06-03 19:50:56,172 INFO  - Recieve a message from other vehicle (at simulation time 82.002,800,000 s)
2024-06-03 19:50:56,172 INFO  - My position is not better! (at simulation time 82.002,800,000 s)
2024-06-03 19:50:56,174 INFO  - Called #onVehicleUpdated (at simulation time 83.000,000,000 s)
2024-06-03 19:50:56,176 INFO  - Recieve a message from other vehicle (at simulation time 83.000,900,000 s)
2024-06-03 19:50:56,176 INFO  - My position is not better! (at simulation time 83.000,900,000 s)
2024-06-03 19:50:56,176 INFO  - Recieve a message from other vehicle (at simulation time 83.001,400,000 s)
2024-06-03 19:50:56,176 INFO  - My position is not better! (at simulation time 83.001,400,000 s)
2024-06-03 19:50:56,176 INFO  - Recieve a message from other vehicle (at simulation time 83.001,400,000 s)
2024-06-03 19:50:56,176 INFO  - My position is not better! (at simulation time 83.001,400,000 s)
2024-06-03 19:50:56,179 INFO  - Called #onVehicleUpdated (at simulation time 84.000,000,000 s)
2024-06-03 19:50:56,179 INFO  - Sending out AdHoc broadcast (at simulation time 84.000,000,000 s)
2024-06-03 19:50:56,180 INFO  - Recieve a message from other vehicle (at simulation time 84.000,400,000 s)
2024-06-03 19:50:56,180 INFO  - My position is not better! (at simulation time 84.000,400,000 s)
2024-06-03 19:50:56,181 INFO  - Recieve a message from other vehicle (at simulation time 84.001,400,000 s)
2024-06-03 19:50:56,181 INFO  - My position is not better! (at simulation time 84.001,400,000 s)
2024-06-03 19:50:56,181 INFO  - Recieve a message from other vehicle (at simulation time 84.001,800,000 s)
2024-06-03 19:50:56,181 INFO  - My position is not better! (at simulation time 84.001,800,000 s)
2024-06-03 19:50:56,185 INFO  - Called #onVehicleUpdated (at simulation time 85.000,000,000 s)
2024-06-03 19:50:56,186 INFO  - Recieve a message from other vehicle (at simulation time 85.000,400,000 s)
2024-06-03 19:50:56,186 INFO  - My position is not better! (at simulation time 85.000,400,000 s)
2024-06-03 19:50:56,187 INFO  - Recieve a message from other vehicle (at simulation time 85.002,400,000 s)
2024-06-03 19:50:56,187 INFO  - My position is not better! (at simulation time 85.002,400,000 s)
2024-06-03 19:50:56,187 INFO  - Recieve a message from other vehicle (at simulation time 85.002,400,000 s)
2024-06-03 19:50:56,187 INFO  - My position is not better! (at simulation time 85.002,400,000 s)
2024-06-03 19:50:56,189 INFO  - Called #onVehicleUpdated (at simulation time 86.000,000,000 s)
2024-06-03 19:50:56,189 INFO  - Sending out AdHoc broadcast (at simulation time 86.000,000,000 s)
2024-06-03 19:50:56,189 INFO  - Recieve a message from other vehicle (at simulation time 86.000,400,000 s)
2024-06-03 19:50:56,189 INFO  - My position is not better! (at simulation time 86.000,400,000 s)
2024-06-03 19:50:56,190 INFO  - Recieve a message from other vehicle (at simulation time 86.000,900,000 s)
2024-06-03 19:50:56,190 INFO  - My position is not better! (at simulation time 86.000,900,000 s)
2024-06-03 19:50:56,190 INFO  - Recieve a message from other vehicle (at simulation time 86.001,300,000 s)
2024-06-03 19:50:56,190 INFO  - My position is not better! (at simulation time 86.001,300,000 s)
2024-06-03 19:50:56,190 INFO  - Recieve a message from other vehicle (at simulation time 86.001,400,000 s)
2024-06-03 19:50:56,190 INFO  - My position is not better! (at simulation time 86.001,400,000 s)
2024-06-03 19:50:56,191 INFO  - Recieve a message from other vehicle (at simulation time 86.001,900,000 s)
2024-06-03 19:50:56,191 INFO  - My position is not better! (at simulation time 86.001,900,000 s)
2024-06-03 19:50:56,191 INFO  - Recieve a message from other vehicle (at simulation time 86.002,400,000 s)
2024-06-03 19:50:56,191 INFO  - My position is not better! (at simulation time 86.002,400,000 s)
2024-06-03 19:50:56,193 INFO  - Called #onVehicleUpdated (at simulation time 87.000,000,000 s)
2024-06-03 19:50:56,194 INFO  - Recieve a message from other vehicle (at simulation time 87.000,400,000 s)
2024-06-03 19:50:56,195 INFO  - DENM message Recived from veh_15 -info : seco (at simulation time 87.000,400,000 s)
2024-06-03 19:50:56,195 INFO  - Recending a DENM message from other vehicle (at simulation time 87.000,400,000 s)
2024-06-03 19:50:56,195 INFO  - Recieve a message from other vehicle (at simulation time 87.000,400,000 s)
2024-06-03 19:50:56,195 INFO  - My position is not better! (at simulation time 87.000,400,000 s)
2024-06-03 19:50:56,195 INFO  - Recieve a message from other vehicle (at simulation time 87.000,400,000 s)
2024-06-03 19:50:56,195 INFO  - My position is not better! (at simulation time 87.000,400,000 s)
2024-06-03 19:50:56,195 INFO  - Recieve a message from other vehicle (at simulation time 87.000,800,000 s)
2024-06-03 19:50:56,195 INFO  - DENM message Recived from veh_17 -info : seco (at simulation time 87.000,800,000 s)
2024-06-03 19:50:56,195 INFO  - No more hops in DENM message (at simulation time 87.000,800,000 s)
2024-06-03 19:50:56,195 INFO  - Recieve a message from other vehicle (at simulation time 87.000,900,000 s)
2024-06-03 19:50:56,195 INFO  - DENM message Recived from veh_13 -info : seco (at simulation time 87.000,900,000 s)
2024-06-03 19:50:56,195 INFO  - No more hops in DENM message (at simulation time 87.000,900,000 s)
2024-06-03 19:50:56,195 INFO  - Recieve a message from other vehicle (at simulation time 87.000,900,000 s)
2024-06-03 19:50:56,195 INFO  - My position is not better! (at simulation time 87.000,900,000 s)
2024-06-03 19:50:56,196 INFO  - Recieve a message from other vehicle (at simulation time 87.000,900,000 s)
2024-06-03 19:50:56,196 INFO  - My position is not better! (at simulation time 87.000,900,000 s)
2024-06-03 19:50:56,196 INFO  - Recieve a message from other vehicle (at simulation time 87.000,900,000 s)
2024-06-03 19:50:56,196 INFO  - My position is not better! (at simulation time 87.000,900,000 s)
2024-06-03 19:50:56,196 INFO  - Recieve a message from other vehicle (at simulation time 87.000,900,000 s)
2024-06-03 19:50:56,196 INFO  - My position is not better! (at simulation time 87.000,900,000 s)
2024-06-03 19:50:56,196 INFO  - Recieve a message from other vehicle (at simulation time 87.001,300,000 s)
2024-06-03 19:50:56,196 INFO  - DENM message Recived from veh_13 -info : seco (at simulation time 87.001,300,000 s)
2024-06-03 19:50:56,196 INFO  - No more hops in DENM message (at simulation time 87.001,300,000 s)
2024-06-03 19:50:56,196 INFO  - Recieve a message from other vehicle (at simulation time 87.001,400,000 s)
2024-06-03 19:50:56,196 INFO  - My position is not better! (at simulation time 87.001,400,000 s)
2024-06-03 19:50:56,196 INFO  - Recieve a message from other vehicle (at simulation time 87.001,400,000 s)
2024-06-03 19:50:56,196 INFO  - My position is not better! (at simulation time 87.001,400,000 s)
2024-06-03 19:50:56,196 INFO  - Recieve a message from other vehicle (at simulation time 87.001,800,000 s)
2024-06-03 19:50:56,196 INFO  - My position is not better! (at simulation time 87.001,800,000 s)
2024-06-03 19:50:56,196 INFO  - Recieve a message from other vehicle (at simulation time 87.001,800,000 s)
2024-06-03 19:50:56,196 INFO  - My position is not better! (at simulation time 87.001,800,000 s)
2024-06-03 19:50:56,196 INFO  - Recieve a message from other vehicle (at simulation time 87.001,900,000 s)
2024-06-03 19:50:56,196 INFO  - DENM message Recived from veh_17 -info : seco (at simulation time 87.001,900,000 s)
2024-06-03 19:50:56,196 INFO  - No more hops in DENM message (at simulation time 87.001,900,000 s)
2024-06-03 19:50:56,197 INFO  - Recieve a message from other vehicle (at simulation time 87.002,300,000 s)
2024-06-03 19:50:56,197 INFO  - My position is not better! (at simulation time 87.002,300,000 s)
2024-06-03 19:50:56,197 INFO  - Recieve a message from other vehicle (at simulation time 87.002,400,000 s)
2024-06-03 19:50:56,197 INFO  - DENM message Recived from veh_12 -info : nevoeiro (at simulation time 87.002,400,000 s)
2024-06-03 19:50:56,197 INFO  - No more hops in DENM message (at simulation time 87.002,400,000 s)
2024-06-03 19:50:56,198 INFO  - Recieve a message from other vehicle (at simulation time 87.002,400,000 s)
2024-06-03 19:50:56,198 INFO  - My position is not better! (at simulation time 87.002,400,000 s)
2024-06-03 19:50:56,198 INFO  - Recieve a message from other vehicle (at simulation time 87.002,400,000 s)
2024-06-03 19:50:56,198 INFO  - My position is not better! (at simulation time 87.002,400,000 s)
2024-06-03 19:50:56,198 INFO  - Recieve a message from other vehicle (at simulation time 87.003,800,000 s)
2024-06-03 19:50:56,198 INFO  - My position is not better! (at simulation time 87.003,800,000 s)
2024-06-03 19:50:56,198 INFO  - Recieve a message from other vehicle (at simulation time 87.004,300,000 s)
2024-06-03 19:50:56,198 INFO  - DENM message Recived from veh_12 -info : nevoeiro (at simulation time 87.004,300,000 s)
2024-06-03 19:50:56,198 INFO  - No more hops in DENM message (at simulation time 87.004,300,000 s)
2024-06-03 19:50:56,200 INFO  - Called #onVehicleUpdated (at simulation time 88.000,000,000 s)
2024-06-03 19:50:56,200 INFO  - Sending out DENM broadcast (at simulation time 88.000,000,000 s)
2024-06-03 19:50:56,200 INFO  - Sending out AdHoc broadcast (at simulation time 88.000,000,000 s)
2024-06-03 19:50:56,201 INFO  - Recieve a message from other vehicle (at simulation time 88.000,400,000 s)
2024-06-03 19:50:56,201 INFO  - My position is not better! (at simulation time 88.000,400,000 s)
2024-06-03 19:50:56,201 INFO  - Recieve a message from other vehicle (at simulation time 88.000,400,000 s)
2024-06-03 19:50:56,201 INFO  - My position is not better! (at simulation time 88.000,400,000 s)
2024-06-03 19:50:56,201 INFO  - Recieve a message from other vehicle (at simulation time 88.000,400,000 s)
2024-06-03 19:50:56,201 INFO  - My position is not better! (at simulation time 88.000,400,000 s)
2024-06-03 19:50:56,202 INFO  - Recieve a message from other vehicle (at simulation time 88.000,800,000 s)
2024-06-03 19:50:56,202 INFO  - My position is not better! (at simulation time 88.000,800,000 s)
2024-06-03 19:50:56,202 INFO  - Recieve a message from other vehicle (at simulation time 88.000,800,000 s)
2024-06-03 19:50:56,202 INFO  - My position is not better! (at simulation time 88.000,800,000 s)
2024-06-03 19:50:56,202 INFO  - Recieve a message from other vehicle (at simulation time 88.000,900,000 s)
2024-06-03 19:50:56,202 INFO  - My position is not better! (at simulation time 88.000,900,000 s)
2024-06-03 19:50:56,203 INFO  - Recieve a message from other vehicle (at simulation time 88.001,300,000 s)
2024-06-03 19:50:56,203 INFO  - My position is not better! (at simulation time 88.001,300,000 s)
2024-06-03 19:50:56,203 INFO  - Recieve a message from other vehicle (at simulation time 88.001,300,000 s)
2024-06-03 19:50:56,203 INFO  - My position is not better! (at simulation time 88.001,300,000 s)
2024-06-03 19:50:56,204 INFO  - Recieve a message from other vehicle (at simulation time 88.001,400,000 s)
2024-06-03 19:50:56,204 INFO  - DENM message Recived from veh_14 -info : seco (at simulation time 88.001,400,000 s)
2024-06-03 19:50:56,204 INFO  - No more hops in DENM message (at simulation time 88.001,400,000 s)
2024-06-03 19:50:56,204 INFO  - Recieve a message from other vehicle (at simulation time 88.001,400,000 s)
2024-06-03 19:50:56,204 INFO  - My position is not better! (at simulation time 88.001,400,000 s)
2024-06-03 19:50:56,204 INFO  - Recieve a message from other vehicle (at simulation time 88.001,400,000 s)
2024-06-03 19:50:56,204 INFO  - My position is not better! (at simulation time 88.001,400,000 s)
2024-06-03 19:50:56,205 INFO  - Recieve a message from other vehicle (at simulation time 88.001,800,000 s)
2024-06-03 19:50:56,205 INFO  - My position is not better! (at simulation time 88.001,800,000 s)
2024-06-03 19:50:56,206 INFO  - Recieve a message from other vehicle (at simulation time 88.001,900,000 s)
2024-06-03 19:50:56,206 INFO  - My position is not better! (at simulation time 88.001,900,000 s)
2024-06-03 19:50:56,206 INFO  - Recieve a message from other vehicle (at simulation time 88.001,900,000 s)
2024-06-03 19:50:56,206 INFO  - My position is not better! (at simulation time 88.001,900,000 s)
2024-06-03 19:50:56,206 INFO  - Recieve a message from other vehicle (at simulation time 88.001,900,000 s)
2024-06-03 19:50:56,206 INFO  - My position is not better! (at simulation time 88.001,900,000 s)
2024-06-03 19:50:56,207 INFO  - Recieve a message from other vehicle (at simulation time 88.002,300,000 s)
2024-06-03 19:50:56,207 INFO  - DENM message Recived from veh_14 -info : seco (at simulation time 88.002,300,000 s)
2024-06-03 19:50:56,207 INFO  - No more hops in DENM message (at simulation time 88.002,300,000 s)
2024-06-03 19:50:56,207 INFO  - Recieve a message from other vehicle (at simulation time 88.002,400,000 s)
2024-06-03 19:50:56,207 INFO  - My position is not better! (at simulation time 88.002,400,000 s)
2024-06-03 19:50:56,208 INFO  - Recieve a message from other vehicle (at simulation time 88.002,800,000 s)
2024-06-03 19:50:56,208 INFO  - My position is not better! (at simulation time 88.002,800,000 s)
2024-06-03 19:50:56,208 INFO  - Recieve a message from other vehicle (at simulation time 88.003,300,000 s)
2024-06-03 19:50:56,208 INFO  - DENM message Recived from veh_16 -info : piso-molhado (at simulation time 88.003,300,000 s)
2024-06-03 19:50:56,208 INFO  - I slow down due to road state (at simulation time 88.003,300,000 s)
2024-06-03 19:50:56,208 INFO  - No more hops in DENM message (at simulation time 88.003,300,000 s)
2024-06-03 19:50:56,212 INFO  - Called #onVehicleUpdated (at simulation time 89.000,000,000 s)
2024-06-03 19:50:56,213 INFO  - Recieve a message from other vehicle (at simulation time 89.000,400,000 s)
2024-06-03 19:50:56,213 INFO  - I'm in better position but no more hops in message (at simulation time 89.000,400,000 s)
2024-06-03 19:50:56,213 INFO  - Recieve a message from other vehicle (at simulation time 89.000,400,000 s)
2024-06-03 19:50:56,213 INFO  - Recending a message from other vehicle (at simulation time 89.000,400,000 s)
2024-06-03 19:50:56,213 INFO  - Recieve a message from other vehicle (at simulation time 89.000,400,000 s)
2024-06-03 19:50:56,213 INFO  - Recending a message from other vehicle (at simulation time 89.000,400,000 s)
2024-06-03 19:50:56,214 INFO  - Recieve a message from other vehicle (at simulation time 89.000,900,000 s)
2024-06-03 19:50:56,214 INFO  - I'm in better position but no more hops in message (at simulation time 89.000,900,000 s)
2024-06-03 19:50:56,214 INFO  - Recieve a message from other vehicle (at simulation time 89.000,900,000 s)
2024-06-03 19:50:56,214 INFO  - I'm in better position but no more hops in message (at simulation time 89.000,900,000 s)
2024-06-03 19:50:56,214 INFO  - Recieve a message from other vehicle (at simulation time 89.000,900,000 s)
2024-06-03 19:50:56,214 INFO  - Recending a message from other vehicle (at simulation time 89.000,900,000 s)
2024-06-03 19:50:56,215 INFO  - Recieve a message from other vehicle (at simulation time 89.001,400,000 s)
2024-06-03 19:50:56,215 INFO  - I'm in better position but no more hops in message (at simulation time 89.001,400,000 s)
2024-06-03 19:50:56,216 INFO  - Recieve a message from other vehicle (at simulation time 89.001,900,000 s)
2024-06-03 19:50:56,216 INFO  - I'm in better position but no more hops in message (at simulation time 89.001,900,000 s)
2024-06-03 19:50:56,216 INFO  - Recieve a message from other vehicle (at simulation time 89.001,900,000 s)
2024-06-03 19:50:56,216 INFO  - I'm in better position but no more hops in message (at simulation time 89.001,900,000 s)
2024-06-03 19:50:56,216 INFO  - Recieve a message from other vehicle (at simulation time 89.002,300,000 s)
2024-06-03 19:50:56,216 INFO  - I'm in better position but no more hops in message (at simulation time 89.002,300,000 s)
2024-06-03 19:50:56,217 INFO  - Recieve a message from other vehicle (at simulation time 89.002,400,000 s)
2024-06-03 19:50:56,217 INFO  - I'm in better position but no more hops in message (at simulation time 89.002,400,000 s)
2024-06-03 19:50:56,217 INFO  - Recieve a message from other vehicle (at simulation time 89.002,800,000 s)
2024-06-03 19:50:56,217 INFO  - I'm in better position but no more hops in message (at simulation time 89.002,800,000 s)
2024-06-03 19:50:56,220 INFO  - Called #onVehicleUpdated (at simulation time 90.000,000,000 s)
2024-06-03 19:50:56,221 INFO  - Sending out AdHoc broadcast (at simulation time 90.000,000,000 s)
2024-06-03 19:50:56,221 INFO  - Recieve a message from other vehicle (at simulation time 90.000,400,000 s)
2024-06-03 19:50:56,222 INFO  - Recending a message from other vehicle (at simulation time 90.000,400,000 s)
2024-06-03 19:50:56,222 INFO  - Recieve a message from other vehicle (at simulation time 90.000,400,000 s)
2024-06-03 19:50:56,222 INFO  - I'm in better position but no more hops in message (at simulation time 90.000,400,000 s)
2024-06-03 19:50:56,222 INFO  - Recieve a message from other vehicle (at simulation time 90.000,400,000 s)
2024-06-03 19:50:56,222 INFO  - My position is not better! (at simulation time 90.000,400,000 s)
2024-06-03 19:50:56,222 INFO  - Recieve a message from other vehicle (at simulation time 90.000,900,000 s)
2024-06-03 19:50:56,222 INFO  - I'm in better position but no more hops in message (at simulation time 90.000,900,000 s)
2024-06-03 19:50:56,223 INFO  - Recieve a message from other vehicle (at simulation time 90.000,900,000 s)
2024-06-03 19:50:56,223 INFO  - I'm in better position but no more hops in message (at simulation time 90.000,900,000 s)
2024-06-03 19:50:56,223 INFO  - Recieve a message from other vehicle (at simulation time 90.000,900,000 s)
2024-06-03 19:50:56,223 INFO  - I'm in better position but no more hops in message (at simulation time 90.000,900,000 s)
2024-06-03 19:50:56,223 INFO  - Recieve a message from other vehicle (at simulation time 90.001,300,000 s)
2024-06-03 19:50:56,223 INFO  - I'm in better position but no more hops in message (at simulation time 90.001,300,000 s)
2024-06-03 19:50:56,223 INFO  - Recieve a message from other vehicle (at simulation time 90.001,300,000 s)
2024-06-03 19:50:56,223 INFO  - I'm in better position but no more hops in message (at simulation time 90.001,300,000 s)
2024-06-03 19:50:56,223 INFO  - Recieve a message from other vehicle (at simulation time 90.001,400,000 s)
2024-06-03 19:50:56,223 INFO  - I'm in better position but no more hops in message (at simulation time 90.001,400,000 s)
2024-06-03 19:50:56,223 INFO  - Recieve a message from other vehicle (at simulation time 90.001,800,000 s)
2024-06-03 19:50:56,223 INFO  - I'm in better position but no more hops in message (at simulation time 90.001,800,000 s)
2024-06-03 19:50:56,223 INFO  - Recieve a message from other vehicle (at simulation time 90.001,800,000 s)
2024-06-03 19:50:56,223 INFO  - I'm in better position but no more hops in message (at simulation time 90.001,800,000 s)
2024-06-03 19:50:56,223 INFO  - Recieve a message from other vehicle (at simulation time 90.001,900,000 s)
2024-06-03 19:50:56,223 INFO  - I'm in better position but no more hops in message (at simulation time 90.001,900,000 s)
2024-06-03 19:50:56,224 INFO  - Recieve a message from other vehicle (at simulation time 90.002,400,000 s)
2024-06-03 19:50:56,224 INFO  - I'm in better position but no more hops in message (at simulation time 90.002,400,000 s)
2024-06-03 19:50:56,224 INFO  - Recieve a message from other vehicle (at simulation time 90.002,400,000 s)
2024-06-03 19:50:56,224 INFO  - I'm in better position but no more hops in message (at simulation time 90.002,400,000 s)
2024-06-03 19:50:56,224 INFO  - Recieve a message from other vehicle (at simulation time 90.002,800,000 s)
2024-06-03 19:50:56,224 INFO  - I'm in better position but no more hops in message (at simulation time 90.002,800,000 s)
2024-06-03 19:50:56,224 INFO  - Recieve a message from other vehicle (at simulation time 90.003,800,000 s)
2024-06-03 19:50:56,224 INFO  - My position is not better! (at simulation time 90.003,800,000 s)
2024-06-03 19:50:56,227 INFO  - Called #onVehicleUpdated (at simulation time 91.000,000,000 s)
2024-06-03 19:50:56,228 INFO  - Recieve a message from other vehicle (at simulation time 91.000,400,000 s)
2024-06-03 19:50:56,228 INFO  - I'm in better position but no more hops in message (at simulation time 91.000,400,000 s)
2024-06-03 19:50:56,228 INFO  - Recieve a message from other vehicle (at simulation time 91.000,400,000 s)
2024-06-03 19:50:56,228 INFO  - I'm in better position but no more hops in message (at simulation time 91.000,400,000 s)
2024-06-03 19:50:56,228 INFO  - Recieve a message from other vehicle (at simulation time 91.000,900,000 s)
2024-06-03 19:50:56,228 INFO  - I'm in better position but no more hops in message (at simulation time 91.000,900,000 s)
2024-06-03 19:50:56,228 INFO  - Recieve a message from other vehicle (at simulation time 91.001,400,000 s)
2024-06-03 19:50:56,228 INFO  - I'm in better position but no more hops in message (at simulation time 91.001,400,000 s)
2024-06-03 19:50:56,228 INFO  - Recieve a message from other vehicle (at simulation time 91.001,400,000 s)
2024-06-03 19:50:56,228 INFO  - I'm in better position but no more hops in message (at simulation time 91.001,400,000 s)
2024-06-03 19:50:56,229 INFO  - Recieve a message from other vehicle (at simulation time 91.001,400,000 s)
2024-06-03 19:50:56,229 INFO  - Recending a message from other vehicle (at simulation time 91.001,400,000 s)
2024-06-03 19:50:56,229 INFO  - Recieve a message from other vehicle (at simulation time 91.001,400,000 s)
2024-06-03 19:50:56,229 INFO  - Recending a message from other vehicle (at simulation time 91.001,400,000 s)
2024-06-03 19:50:56,229 INFO  - Recieve a message from other vehicle (at simulation time 91.001,800,000 s)
2024-06-03 19:50:56,229 INFO  - I'm in better position but no more hops in message (at simulation time 91.001,800,000 s)
2024-06-03 19:50:56,229 INFO  - Recieve a message from other vehicle (at simulation time 91.001,800,000 s)
2024-06-03 19:50:56,229 INFO  - I'm in better position but no more hops in message (at simulation time 91.001,800,000 s)
2024-06-03 19:50:56,229 INFO  - Recieve a message from other vehicle (at simulation time 91.002,300,000 s)
2024-06-03 19:50:56,229 INFO  - I'm in better position but no more hops in message (at simulation time 91.002,300,000 s)
2024-06-03 19:50:56,229 INFO  - Recieve a message from other vehicle (at simulation time 91.002,400,000 s)
2024-06-03 19:50:56,229 INFO  - I'm in better position but no more hops in message (at simulation time 91.002,400,000 s)
2024-06-03 19:50:56,230 INFO  - Recieve a message from other vehicle (at simulation time 91.002,400,000 s)
2024-06-03 19:50:56,230 INFO  - I'm in better position but no more hops in message (at simulation time 91.002,400,000 s)
2024-06-03 19:50:56,230 INFO  - Recieve a message from other vehicle (at simulation time 91.002,400,000 s)
2024-06-03 19:50:56,230 INFO  - I'm in better position but no more hops in message (at simulation time 91.002,400,000 s)
2024-06-03 19:50:56,232 INFO  - Called #onVehicleUpdated (at simulation time 92.000,000,000 s)
2024-06-03 19:50:56,233 INFO  - Sending out AdHoc broadcast (at simulation time 92.000,000,000 s)
2024-06-03 19:50:56,234 INFO  - Recieve a message from other vehicle (at simulation time 92.000,400,000 s)
2024-06-03 19:50:56,234 INFO  - Recending a message from other vehicle (at simulation time 92.000,400,000 s)
2024-06-03 19:50:56,235 INFO  - Recieve a message from other vehicle (at simulation time 92.000,900,000 s)
2024-06-03 19:50:56,235 INFO  - Recending a message from other vehicle (at simulation time 92.000,900,000 s)
2024-06-03 19:50:56,235 INFO  - Recieve a message from other vehicle (at simulation time 92.000,900,000 s)
2024-06-03 19:50:56,235 INFO  - I'm in better position but no more hops in message (at simulation time 92.000,900,000 s)
2024-06-03 19:50:56,235 INFO  - Recieve a message from other vehicle (at simulation time 92.000,900,000 s)
2024-06-03 19:50:56,235 INFO  - I'm in better position but no more hops in message (at simulation time 92.000,900,000 s)
2024-06-03 19:50:56,235 INFO  - Recieve a message from other vehicle (at simulation time 92.000,900,000 s)
2024-06-03 19:50:56,235 INFO  - I'm in better position but no more hops in message (at simulation time 92.000,900,000 s)
2024-06-03 19:50:56,235 INFO  - Recieve a message from other vehicle (at simulation time 92.000,900,000 s)
2024-06-03 19:50:56,235 INFO  - I'm in better position but no more hops in message (at simulation time 92.000,900,000 s)
2024-06-03 19:50:56,236 INFO  - Recieve a message from other vehicle (at simulation time 92.001,300,000 s)
2024-06-03 19:50:56,236 INFO  - I'm in better position but no more hops in message (at simulation time 92.001,300,000 s)
2024-06-03 19:50:56,236 INFO  - Recieve a message from other vehicle (at simulation time 92.001,400,000 s)
2024-06-03 19:50:56,236 INFO  - I'm in better position but no more hops in message (at simulation time 92.001,400,000 s)
2024-06-03 19:50:56,236 INFO  - Recieve a message from other vehicle (at simulation time 92.001,800,000 s)
2024-06-03 19:50:56,236 INFO  - I'm in better position but no more hops in message (at simulation time 92.001,800,000 s)
2024-06-03 19:50:56,236 INFO  - Recieve a message from other vehicle (at simulation time 92.001,900,000 s)
2024-06-03 19:50:56,236 INFO  - I'm in better position but no more hops in message (at simulation time 92.001,900,000 s)
2024-06-03 19:50:56,236 INFO  - Recieve a message from other vehicle (at simulation time 92.001,900,000 s)
2024-06-03 19:50:56,236 INFO  - I'm in better position but no more hops in message (at simulation time 92.001,900,000 s)
2024-06-03 19:50:56,237 INFO  - Recieve a message from other vehicle (at simulation time 92.002,300,000 s)
2024-06-03 19:50:56,237 INFO  - I'm in better position but no more hops in message (at simulation time 92.002,300,000 s)
2024-06-03 19:50:56,237 INFO  - Recieve a message from other vehicle (at simulation time 92.002,300,000 s)
2024-06-03 19:50:56,237 INFO  - I'm in better position but no more hops in message (at simulation time 92.002,300,000 s)
2024-06-03 19:50:56,237 INFO  - Recieve a message from other vehicle (at simulation time 92.002,400,000 s)
2024-06-03 19:50:56,237 INFO  - I'm in better position but no more hops in message (at simulation time 92.002,400,000 s)
2024-06-03 19:50:56,238 INFO  - Recieve a message from other vehicle (at simulation time 92.002,800,000 s)
2024-06-03 19:50:56,238 INFO  - I'm in better position but no more hops in message (at simulation time 92.002,800,000 s)
2024-06-03 19:50:56,240 INFO  - Called #onVehicleUpdated (at simulation time 93.000,000,000 s)
2024-06-03 19:50:56,241 INFO  - Recieve a message from other vehicle (at simulation time 93.000,900,000 s)
2024-06-03 19:50:56,241 INFO  - My position is not better! (at simulation time 93.000,900,000 s)
2024-06-03 19:50:56,242 INFO  - Recieve a message from other vehicle (at simulation time 93.001,300,000 s)
2024-06-03 19:50:56,242 INFO  - I'm in better position but no more hops in message (at simulation time 93.001,300,000 s)
2024-06-03 19:50:56,242 INFO  - Recieve a message from other vehicle (at simulation time 93.001,900,000 s)
2024-06-03 19:50:56,242 INFO  - Recending a message from other vehicle (at simulation time 93.001,900,000 s)
2024-06-03 19:50:56,242 INFO  - Recieve a message from other vehicle (at simulation time 93.001,900,000 s)
2024-06-03 19:50:56,242 INFO  - I'm in better position but no more hops in message (at simulation time 93.001,900,000 s)
2024-06-03 19:50:56,242 INFO  - Recieve a message from other vehicle (at simulation time 93.001,900,000 s)
2024-06-03 19:50:56,242 INFO  - My position is not better! (at simulation time 93.001,900,000 s)
2024-06-03 19:50:56,242 INFO  - Recieve a message from other vehicle (at simulation time 93.001,900,000 s)
2024-06-03 19:50:56,243 INFO  - My position is not better! (at simulation time 93.001,900,000 s)
2024-06-03 19:50:56,243 INFO  - Recieve a message from other vehicle (at simulation time 93.002,400,000 s)
2024-06-03 19:50:56,243 INFO  - My position is not better! (at simulation time 93.002,400,000 s)
2024-06-03 19:50:56,243 INFO  - Recieve a message from other vehicle (at simulation time 93.002,400,000 s)
2024-06-03 19:50:56,243 INFO  - My position is not better! (at simulation time 93.002,400,000 s)
2024-06-03 19:50:56,243 INFO  - Recieve a message from other vehicle (at simulation time 93.002,400,000 s)
2024-06-03 19:50:56,243 INFO  - I'm in better position but no more hops in message (at simulation time 93.002,400,000 s)
2024-06-03 19:50:56,243 INFO  - Recieve a message from other vehicle (at simulation time 93.002,800,000 s)
2024-06-03 19:50:56,243 INFO  - I'm in better position but no more hops in message (at simulation time 93.002,800,000 s)
2024-06-03 19:50:56,244 INFO  - Recieve a message from other vehicle (at simulation time 93.003,800,000 s)
2024-06-03 19:50:56,244 INFO  - I'm in better position but no more hops in message (at simulation time 93.003,800,000 s)
2024-06-03 19:50:56,244 INFO  - Recieve a message from other vehicle (at simulation time 93.004,300,000 s)
2024-06-03 19:50:56,244 INFO  - I'm in better position but no more hops in message (at simulation time 93.004,300,000 s)
2024-06-03 19:50:56,246 INFO  - Called #onVehicleUpdated (at simulation time 94.000,000,000 s)
2024-06-03 19:50:56,246 INFO  - Sending out AdHoc broadcast (at simulation time 94.000,000,000 s)
2024-06-03 19:50:56,246 INFO  - Recieve a message from other vehicle (at simulation time 94.000,800,000 s)
2024-06-03 19:50:56,246 INFO  - I'm in better position but no more hops in message (at simulation time 94.000,800,000 s)
2024-06-03 19:50:56,246 INFO  - Recieve a message from other vehicle (at simulation time 94.000,900,000 s)
2024-06-03 19:50:56,246 INFO  - My position is not better! (at simulation time 94.000,900,000 s)
2024-06-03 19:50:56,246 INFO  - Recieve a message from other vehicle (at simulation time 94.000,900,000 s)
2024-06-03 19:50:56,246 INFO  - Recending a message from other vehicle (at simulation time 94.000,900,000 s)
2024-06-03 19:50:56,247 INFO  - Recieve a message from other vehicle (at simulation time 94.001,300,000 s)
2024-06-03 19:50:56,247 INFO  - My position is not better! (at simulation time 94.001,300,000 s)
2024-06-03 19:50:56,247 INFO  - Recieve a message from other vehicle (at simulation time 94.001,400,000 s)
2024-06-03 19:50:56,247 INFO  - My position is not better! (at simulation time 94.001,400,000 s)
2024-06-03 19:50:56,247 INFO  - Recieve a message from other vehicle (at simulation time 94.001,400,000 s)
2024-06-03 19:50:56,247 INFO  - My position is not better! (at simulation time 94.001,400,000 s)
2024-06-03 19:50:56,247 INFO  - Recieve a message from other vehicle (at simulation time 94.002,300,000 s)
2024-06-03 19:50:56,247 INFO  - I'm in better position but no more hops in message (at simulation time 94.002,300,000 s)
2024-06-03 19:50:56,250 INFO  - Called #onVehicleUpdated (at simulation time 95.000,000,000 s)
2024-06-03 19:50:56,251 INFO  - Recieve a message from other vehicle (at simulation time 95.000,900,000 s)
2024-06-03 19:50:56,251 INFO  - My position is not better! (at simulation time 95.000,900,000 s)
2024-06-03 19:50:56,251 INFO  - Recieve a message from other vehicle (at simulation time 95.000,900,000 s)
2024-06-03 19:50:56,251 INFO  - My position is not better! (at simulation time 95.000,900,000 s)
2024-06-03 19:50:56,251 INFO  - Recieve a message from other vehicle (at simulation time 95.000,900,000 s)
2024-06-03 19:50:56,251 INFO  - My position is not better! (at simulation time 95.000,900,000 s)
2024-06-03 19:50:56,251 INFO  - Recieve a message from other vehicle (at simulation time 95.001,400,000 s)
2024-06-03 19:50:56,251 INFO  - My position is not better! (at simulation time 95.001,400,000 s)
2024-06-03 19:50:56,252 INFO  - Recieve a message from other vehicle (at simulation time 95.002,400,000 s)
2024-06-03 19:50:56,252 INFO  - My position is not better! (at simulation time 95.002,400,000 s)
2024-06-03 19:50:56,252 INFO  - Recieve a message from other vehicle (at simulation time 95.002,800,000 s)
2024-06-03 19:50:56,252 INFO  - My position is not better! (at simulation time 95.002,800,000 s)
2024-06-03 19:50:56,252 INFO  - Recieve a message from other vehicle (at simulation time 95.003,300,000 s)
2024-06-03 19:50:56,252 INFO  - My position is not better! (at simulation time 95.003,300,000 s)
2024-06-03 19:50:56,252 INFO  - Recieve a message from other vehicle (at simulation time 95.003,800,000 s)
2024-06-03 19:50:56,252 INFO  - My position is not better! (at simulation time 95.003,800,000 s)
2024-06-03 19:50:56,252 INFO  - Recieve a message from other vehicle (at simulation time 95.003,800,000 s)
2024-06-03 19:50:56,252 INFO  - My position is not better! (at simulation time 95.003,800,000 s)
2024-06-03 19:50:56,253 INFO  - Called #onVehicleUpdated (at simulation time 96.000,000,000 s)
2024-06-03 19:50:56,254 INFO  - Sending out AdHoc broadcast (at simulation time 96.000,000,000 s)
2024-06-03 19:50:56,254 INFO  - Recieve a message from other vehicle (at simulation time 96.000,400,000 s)
2024-06-03 19:50:56,254 INFO  - My position is not better! (at simulation time 96.000,400,000 s)
2024-06-03 19:50:56,254 INFO  - Recieve a message from other vehicle (at simulation time 96.000,400,000 s)
2024-06-03 19:50:56,254 INFO  - My position is not better! (at simulation time 96.000,400,000 s)
2024-06-03 19:50:56,255 INFO  - Recieve a message from other vehicle (at simulation time 96.001,800,000 s)
2024-06-03 19:50:56,255 INFO  - My position is not better! (at simulation time 96.001,800,000 s)
2024-06-03 19:50:56,255 INFO  - Recieve a message from other vehicle (at simulation time 96.001,900,000 s)
2024-06-03 19:50:56,255 INFO  - My position is not better! (at simulation time 96.001,900,000 s)
2024-06-03 19:50:56,255 INFO  - Recieve a message from other vehicle (at simulation time 96.002,300,000 s)
2024-06-03 19:50:56,255 INFO  - My position is not better! (at simulation time 96.002,300,000 s)
2024-06-03 19:50:56,255 INFO  - Recieve a message from other vehicle (at simulation time 96.002,800,000 s)
2024-06-03 19:50:56,255 INFO  - I'm in better position but no more hops in message (at simulation time 96.002,800,000 s)
2024-06-03 19:50:56,255 INFO  - Recieve a message from other vehicle (at simulation time 96.003,300,000 s)
2024-06-03 19:50:56,255 INFO  - My position is not better! (at simulation time 96.003,300,000 s)
2024-06-03 19:50:56,255 INFO  - Recieve a message from other vehicle (at simulation time 96.003,800,000 s)
2024-06-03 19:50:56,255 INFO  - My position is not better! (at simulation time 96.003,800,000 s)
2024-06-03 19:50:56,257 INFO  - Called #onVehicleUpdated (at simulation time 97.000,000,000 s)
2024-06-03 19:50:56,262 INFO  - Called #onVehicleUpdated (at simulation time 98.000,000,000 s)
2024-06-03 19:50:56,262 INFO  - Sending out AdHoc broadcast (at simulation time 98.000,000,000 s)
2024-06-03 19:50:56,265 INFO  - Called #onVehicleUpdated (at simulation time 99.000,000,000 s)
2024-06-03 19:50:56,268 INFO  - Called #onVehicleUpdated (at simulation time 100.000,000,000 s)
2024-06-03 19:50:56,268 INFO  - Sending out AdHoc broadcast (at simulation time 100.000,000,000 s)
2024-06-03 19:50:56,271 INFO  - Called #onVehicleUpdated (at simulation time 101.000,000,000 s)
2024-06-03 19:50:56,274 INFO  - Called #onVehicleUpdated (at simulation time 102.000,000,000 s)
2024-06-03 19:50:56,274 INFO  - Sending out AdHoc broadcast (at simulation time 102.000,000,000 s)
2024-06-03 19:50:56,276 INFO  - Shutdown (at simulation time 103.000,000,000 s)
