2024-06-03 18:35:03,859 INFO  - Initialize Vehicle application (at simulation time 6.000,000,000 s)
2024-06-03 18:35:03,862 INFO  - Activated WLAN Module (at simulation time 6.000,000,000 s)
2024-06-03 18:35:03,868 INFO  - Called #onVehicleUpdated (at simulation time 6.000,000,000 s)
2024-06-03 18:35:03,868 INFO  - Exced velocity! Sending new CAM (at simulation time 6.000,000,000 s)
2024-06-03 18:35:03,868 INFO  - Sending out AdHoc broadcast (at simulation time 6.000,000,000 s)
2024-06-03 18:35:04,061 INFO  - Called #onVehicleUpdated (at simulation time 7.000,000,000 s)
2024-06-03 18:35:04,064 INFO  - Define the name: veh_1 and route: r_2 (at simulation time 7.000,000,000 s)
2024-06-03 18:35:04,064 INFO  - Sending out AdHoc broadcast (at simulation time 7.000,000,000 s)
2024-06-03 18:35:04,250 INFO  - Called #onVehicleUpdated (at simulation time 8.000,000,000 s)
2024-06-03 18:35:04,253 INFO  - Sending out AdHoc broadcast (at simulation time 8.000,000,000 s)
2024-06-03 18:35:04,257 INFO  - Recieve a message from other vehicle (at simulation time 8.000,900,000 s)
2024-06-03 18:35:04,258 INFO  - Recending a message from other vehicle (at simulation time 8.000,900,000 s)
2024-06-03 18:35:04,448 INFO  - Called #onVehicleUpdated (at simulation time 9.000,000,000 s)
2024-06-03 18:35:04,450 INFO  - Sending out AdHoc broadcast (at simulation time 9.000,000,000 s)
2024-06-03 18:35:04,665 INFO  - Called #onVehicleUpdated (at simulation time 10.000,000,000 s)
2024-06-03 18:35:04,667 INFO  - Sending out AdHoc broadcast (at simulation time 10.000,000,000 s)
2024-06-03 18:35:04,669 INFO  - Recieve a message from other vehicle (at simulation time 10.000,400,000 s)
2024-06-03 18:35:04,669 INFO  - Recending a message from other vehicle (at simulation time 10.000,400,000 s)
2024-06-03 18:35:04,850 INFO  - Called #onVehicleUpdated (at simulation time 11.000,000,000 s)
2024-06-03 18:35:04,856 INFO  - Sending out AdHoc broadcast (at simulation time 11.000,000,000 s)
2024-06-03 18:35:05,049 INFO  - Called #onVehicleUpdated (at simulation time 12.000,000,000 s)
2024-06-03 18:35:05,052 INFO  - Sending out AdHoc broadcast (at simulation time 12.000,000,000 s)
2024-06-03 18:35:05,064 INFO  - Recieve a message from other vehicle (at simulation time 12.001,400,000 s)
2024-06-03 18:35:05,064 INFO  - Recending a message from other vehicle (at simulation time 12.001,400,000 s)
2024-06-03 18:35:05,252 INFO  - Called #onVehicleUpdated (at simulation time 13.000,000,000 s)
2024-06-03 18:35:05,257 INFO  - Sending out AdHoc broadcast (at simulation time 13.000,000,000 s)
2024-06-03 18:35:05,262 INFO  - Recieve a message from other vehicle (at simulation time 13.000,400,000 s)
2024-06-03 18:35:05,262 INFO  - My position is not better! (at simulation time 13.000,400,000 s)
2024-06-03 18:35:05,264 INFO  - Recieve a message from other vehicle (at simulation time 13.000,900,000 s)
2024-06-03 18:35:05,264 INFO  - My position is not better! (at simulation time 13.000,900,000 s)
2024-06-03 18:35:05,265 INFO  - Recieve a message from other vehicle (at simulation time 13.000,900,000 s)
2024-06-03 18:35:05,265 INFO  - My position is not better! (at simulation time 13.000,900,000 s)
2024-06-03 18:35:05,269 INFO  - Recieve a message from other vehicle (at simulation time 13.001,800,000 s)
2024-06-03 18:35:05,269 INFO  - I'm in better position but no more hops in message (at simulation time 13.001,800,000 s)
2024-06-03 18:35:05,270 INFO  - Recieve a message from other vehicle (at simulation time 13.001,900,000 s)
2024-06-03 18:35:05,270 INFO  - My position is not better! (at simulation time 13.001,900,000 s)
2024-06-03 18:35:05,270 INFO  - Recieve a message from other vehicle (at simulation time 13.001,900,000 s)
2024-06-03 18:35:05,270 INFO  - I'm in better position but no more hops in message (at simulation time 13.001,900,000 s)
2024-06-03 18:35:05,270 INFO  - Recieve a message from other vehicle (at simulation time 13.001,900,000 s)
2024-06-03 18:35:05,270 INFO  - My position is not better! (at simulation time 13.001,900,000 s)
2024-06-03 18:35:05,270 INFO  - Recieve a message from other vehicle (at simulation time 13.001,900,000 s)
2024-06-03 18:35:05,270 INFO  - My position is not better! (at simulation time 13.001,900,000 s)
2024-06-03 18:35:05,272 INFO  - Recieve a message from other vehicle (at simulation time 13.002,400,000 s)
2024-06-03 18:35:05,272 INFO  - My position is not better! (at simulation time 13.002,400,000 s)
2024-06-03 18:35:05,272 INFO  - Recieve a message from other vehicle (at simulation time 13.002,400,000 s)
2024-06-03 18:35:05,272 INFO  - My position is not better! (at simulation time 13.002,400,000 s)
2024-06-03 18:35:05,273 INFO  - Recieve a message from other vehicle (at simulation time 13.002,800,000 s)
2024-06-03 18:35:05,273 INFO  - My position is not better! (at simulation time 13.002,800,000 s)
2024-06-03 18:35:05,273 INFO  - Recieve a message from other vehicle (at simulation time 13.002,800,000 s)
2024-06-03 18:35:05,273 INFO  - I'm in better position but no more hops in message (at simulation time 13.002,800,000 s)
2024-06-03 18:35:05,274 INFO  - Recieve a message from other vehicle (at simulation time 13.002,800,000 s)
2024-06-03 18:35:05,274 INFO  - My position is not better! (at simulation time 13.002,800,000 s)
2024-06-03 18:35:05,275 INFO  - Recieve a message from other vehicle (at simulation time 13.003,300,000 s)
2024-06-03 18:35:05,275 INFO  - My position is not better! (at simulation time 13.003,300,000 s)
2024-06-03 18:35:05,275 INFO  - Recieve a message from other vehicle (at simulation time 13.003,300,000 s)
2024-06-03 18:35:05,275 INFO  - My position is not better! (at simulation time 13.003,300,000 s)
2024-06-03 18:35:05,275 INFO  - Recieve a message from other vehicle (at simulation time 13.004,300,000 s)
2024-06-03 18:35:05,275 INFO  - My position is not better! (at simulation time 13.004,300,000 s)
2024-06-03 18:35:05,453 INFO  - Called #onVehicleUpdated (at simulation time 14.000,000,000 s)
2024-06-03 18:35:05,456 INFO  - Sending out AdHoc broadcast (at simulation time 14.000,000,000 s)
2024-06-03 18:35:05,461 INFO  - Recieve a message from other vehicle (at simulation time 14.000,800,000 s)
2024-06-03 18:35:05,462 INFO  - I'm in better position but no more hops in message (at simulation time 14.000,800,000 s)
2024-06-03 18:35:05,463 INFO  - Recieve a message from other vehicle (at simulation time 14.000,900,000 s)
2024-06-03 18:35:05,463 INFO  - My position is not better! (at simulation time 14.000,900,000 s)
2024-06-03 18:35:05,463 INFO  - Recieve a message from other vehicle (at simulation time 14.000,900,000 s)
2024-06-03 18:35:05,463 INFO  - My position is not better! (at simulation time 14.000,900,000 s)
2024-06-03 18:35:05,464 INFO  - Recieve a message from other vehicle (at simulation time 14.000,900,000 s)
2024-06-03 18:35:05,464 INFO  - I'm in better position but no more hops in message (at simulation time 14.000,900,000 s)
2024-06-03 18:35:05,465 INFO  - Recieve a message from other vehicle (at simulation time 14.000,900,000 s)
2024-06-03 18:35:05,465 INFO  - Recending a message from other vehicle (at simulation time 14.000,900,000 s)
2024-06-03 18:35:05,470 INFO  - Recieve a message from other vehicle (at simulation time 14.001,400,000 s)
2024-06-03 18:35:05,471 INFO  - My position is not better! (at simulation time 14.001,400,000 s)
2024-06-03 18:35:05,471 INFO  - Recieve a message from other vehicle (at simulation time 14.001,400,000 s)
2024-06-03 18:35:05,471 INFO  - I'm in better position but no more hops in message (at simulation time 14.001,400,000 s)
2024-06-03 18:35:05,472 INFO  - Recieve a message from other vehicle (at simulation time 14.001,800,000 s)
2024-06-03 18:35:05,472 INFO  - I'm in better position but no more hops in message (at simulation time 14.001,800,000 s)
2024-06-03 18:35:05,472 INFO  - Recieve a message from other vehicle (at simulation time 14.001,900,000 s)
2024-06-03 18:35:05,472 INFO  - I'm in better position but no more hops in message (at simulation time 14.001,900,000 s)
2024-06-03 18:35:05,473 INFO  - Recieve a message from other vehicle (at simulation time 14.001,900,000 s)
2024-06-03 18:35:05,473 INFO  - I'm in better position but no more hops in message (at simulation time 14.001,900,000 s)
2024-06-03 18:35:05,473 INFO  - Recieve a message from other vehicle (at simulation time 14.001,900,000 s)
2024-06-03 18:35:05,473 INFO  - I'm in better position but no more hops in message (at simulation time 14.001,900,000 s)
2024-06-03 18:35:05,476 INFO  - Recieve a message from other vehicle (at simulation time 14.002,300,000 s)
2024-06-03 18:35:05,476 INFO  - I'm in better position but no more hops in message (at simulation time 14.002,300,000 s)
2024-06-03 18:35:05,477 INFO  - Recieve a message from other vehicle (at simulation time 14.002,800,000 s)
2024-06-03 18:35:05,478 INFO  - I'm in better position but no more hops in message (at simulation time 14.002,800,000 s)
2024-06-03 18:35:05,479 INFO  - Recieve a message from other vehicle (at simulation time 14.003,800,000 s)
2024-06-03 18:35:05,479 INFO  - My position is not better! (at simulation time 14.003,800,000 s)
2024-06-03 18:35:05,479 INFO  - Recieve a message from other vehicle (at simulation time 14.004,300,000 s)
2024-06-03 18:35:05,479 INFO  - I'm in better position but no more hops in message (at simulation time 14.004,300,000 s)
2024-06-03 18:35:05,480 INFO  - Recieve a message from RSU (at simulation time 14.625,859,252 s)
2024-06-03 18:35:05,480 INFO  - RSU Stopped me!!! (at simulation time 14.625,859,252 s)
2024-06-03 18:35:05,481 INFO  - Recieve a message from RSU (at simulation time 14.639,861,560 s)
2024-06-03 18:35:05,664 INFO  - Called #onVehicleUpdated (at simulation time 15.000,000,000 s)
2024-06-03 18:35:05,666 INFO  - Sending out DENM broadcast (at simulation time 15.000,000,000 s)
2024-06-03 18:35:05,667 INFO  - Sending out AdHoc broadcast (at simulation time 15.000,000,000 s)
2024-06-03 18:35:05,670 INFO  - Recieve a message from other vehicle (at simulation time 15.000,400,000 s)
2024-06-03 18:35:05,670 INFO  - DENM message Recived from veh_0 -info : seco (at simulation time 15.000,400,000 s)
2024-06-03 18:35:05,670 INFO  - No more hops in DENM message (at simulation time 15.000,400,000 s)
2024-06-03 18:35:05,671 INFO  - Recieve a message from other vehicle (at simulation time 15.000,400,000 s)
2024-06-03 18:35:05,671 INFO  - I'm in better position but no more hops in message (at simulation time 15.000,400,000 s)
2024-06-03 18:35:05,671 INFO  - Recieve a message from other vehicle (at simulation time 15.000,400,000 s)
2024-06-03 18:35:05,671 INFO  - My position is not better! (at simulation time 15.000,400,000 s)
2024-06-03 18:35:05,672 INFO  - Recieve a message from other vehicle (at simulation time 15.000,400,000 s)
2024-06-03 18:35:05,672 INFO  - My position is not better! (at simulation time 15.000,400,000 s)
2024-06-03 18:35:05,672 INFO  - Recieve a message from other vehicle (at simulation time 15.000,400,000 s)
2024-06-03 18:35:05,672 INFO  - I'm in better position but no more hops in message (at simulation time 15.000,400,000 s)
2024-06-03 18:35:05,673 INFO  - Recieve a message from other vehicle (at simulation time 15.000,800,000 s)
2024-06-03 18:35:05,673 INFO  - DENM message Recived from veh_3 -info : nevoeiro (at simulation time 15.000,800,000 s)
2024-06-03 18:35:05,673 INFO  - No more hops in DENM message (at simulation time 15.000,800,000 s)
2024-06-03 18:35:05,674 INFO  - Recieve a message from other vehicle (at simulation time 15.000,800,000 s)
2024-06-03 18:35:05,674 INFO  - DENM message Recived from veh_5 -info : seco (at simulation time 15.000,800,000 s)
2024-06-03 18:35:05,674 INFO  - No more hops in DENM message (at simulation time 15.000,800,000 s)
2024-06-03 18:35:05,675 INFO  - Recieve a message from other vehicle (at simulation time 15.001,300,000 s)
2024-06-03 18:35:05,675 INFO  - DENM message Recived from veh_0 -info : seco (at simulation time 15.001,300,000 s)
2024-06-03 18:35:05,675 INFO  - No more hops in DENM message (at simulation time 15.001,300,000 s)
2024-06-03 18:35:05,675 INFO  - Recieve a message from other vehicle (at simulation time 15.001,300,000 s)
2024-06-03 18:35:05,676 INFO  - DENM message Recived from veh_1 -info : piso-molhado (at simulation time 15.001,300,000 s)
2024-06-03 18:35:05,676 INFO  - I slow down due to road state (at simulation time 15.001,300,000 s)
2024-06-03 18:35:05,676 INFO  - No more hops in DENM message (at simulation time 15.001,300,000 s)
2024-06-03 18:35:05,677 INFO  - Recieve a message from other vehicle (at simulation time 15.001,400,000 s)
2024-06-03 18:35:05,677 INFO  - DENM message Recived from veh_3 -info : nevoeiro (at simulation time 15.001,400,000 s)
2024-06-03 18:35:05,677 INFO  - No more hops in DENM message (at simulation time 15.001,400,000 s)
2024-06-03 18:35:05,677 INFO  - Recieve a message from other vehicle (at simulation time 15.001,400,000 s)
2024-06-03 18:35:05,677 INFO  - My position is not better! (at simulation time 15.001,400,000 s)
2024-06-03 18:35:05,677 INFO  - Recieve a message from other vehicle (at simulation time 15.001,400,000 s)
2024-06-03 18:35:05,677 INFO  - I'm in better position but no more hops in message (at simulation time 15.001,400,000 s)
2024-06-03 18:35:05,677 INFO  - Recieve a message from other vehicle (at simulation time 15.001,400,000 s)
2024-06-03 18:35:05,677 INFO  - I'm in better position but no more hops in message (at simulation time 15.001,400,000 s)
2024-06-03 18:35:05,680 INFO  - Recieve a message from other vehicle (at simulation time 15.001,900,000 s)
2024-06-03 18:35:05,680 INFO  - I'm in better position but no more hops in message (at simulation time 15.001,900,000 s)
2024-06-03 18:35:05,682 INFO  - Recieve a message from other vehicle (at simulation time 15.002,400,000 s)
2024-06-03 18:35:05,682 INFO  - DENM message Recived from veh_5 -info : seco (at simulation time 15.002,400,000 s)
2024-06-03 18:35:05,682 INFO  - No more hops in DENM message (at simulation time 15.002,400,000 s)
2024-06-03 18:35:05,682 INFO  - Recieve a message from other vehicle (at simulation time 15.002,400,000 s)
2024-06-03 18:35:05,682 INFO  - I'm in better position but no more hops in message (at simulation time 15.002,400,000 s)
2024-06-03 18:35:05,682 INFO  - Recieve a message from other vehicle (at simulation time 15.002,400,000 s)
2024-06-03 18:35:05,682 INFO  - My position is not better! (at simulation time 15.002,400,000 s)
2024-06-03 18:35:05,683 INFO  - Recieve a message from other vehicle (at simulation time 15.002,800,000 s)
2024-06-03 18:35:05,683 INFO  - I'm in better position but no more hops in message (at simulation time 15.002,800,000 s)
2024-06-03 18:35:05,683 INFO  - Recieve a message from other vehicle (at simulation time 15.003,300,000 s)
2024-06-03 18:35:05,683 INFO  - I'm in better position but no more hops in message (at simulation time 15.003,300,000 s)
2024-06-03 18:35:05,684 INFO  - Recieve a message from RSU (at simulation time 15.317,683,559 s)
2024-06-03 18:35:05,684 INFO  - Recieve a message from RSU (at simulation time 15.336,809,436 s)
2024-06-03 18:35:05,851 INFO  - Called #onVehicleUpdated (at simulation time 16.000,000,000 s)
2024-06-03 18:35:05,854 INFO  - Sending out AdHoc broadcast (at simulation time 16.000,000,000 s)
2024-06-03 18:35:05,860 INFO  - Recieve a message from other vehicle (at simulation time 16.000,400,000 s)
2024-06-03 18:35:05,860 INFO  - I'm in better position but no more hops in message (at simulation time 16.000,400,000 s)
2024-06-03 18:35:05,861 INFO  - Recieve a message from other vehicle (at simulation time 16.000,400,000 s)
2024-06-03 18:35:05,861 INFO  - I'm in better position but no more hops in message (at simulation time 16.000,400,000 s)
2024-06-03 18:35:05,861 INFO  - Recieve a message from other vehicle (at simulation time 16.000,400,000 s)
2024-06-03 18:35:05,861 INFO  - I'm in better position but no more hops in message (at simulation time 16.000,400,000 s)
2024-06-03 18:35:05,863 INFO  - Recieve a message from other vehicle (at simulation time 16.000,900,000 s)
2024-06-03 18:35:05,863 INFO  - DENM message Recived from veh_4 -info : seco (at simulation time 16.000,900,000 s)
2024-06-03 18:35:05,863 INFO  - No more hops in DENM message (at simulation time 16.000,900,000 s)
2024-06-03 18:35:05,864 INFO  - Recieve a message from other vehicle (at simulation time 16.000,900,000 s)
2024-06-03 18:35:05,865 INFO  - I'm in better position but no more hops in message (at simulation time 16.000,900,000 s)
2024-06-03 18:35:05,866 INFO  - Recieve a message from other vehicle (at simulation time 16.001,300,000 s)
2024-06-03 18:35:05,867 INFO  - I'm in better position but no more hops in message (at simulation time 16.001,300,000 s)
2024-06-03 18:35:05,867 INFO  - Recieve a message from other vehicle (at simulation time 16.001,400,000 s)
2024-06-03 18:35:05,867 INFO  - DENM message Recived from veh_2 -info : piso-molhado (at simulation time 16.001,400,000 s)
2024-06-03 18:35:05,867 INFO  - I slow down due to road state (at simulation time 16.001,400,000 s)
2024-06-03 18:35:05,867 INFO  - No more hops in DENM message (at simulation time 16.001,400,000 s)
2024-06-03 18:35:05,870 INFO  - Recieve a message from other vehicle (at simulation time 16.001,800,000 s)
2024-06-03 18:35:05,870 INFO  - I'm in better position but no more hops in message (at simulation time 16.001,800,000 s)
2024-06-03 18:35:05,871 INFO  - Recieve a message from other vehicle (at simulation time 16.001,900,000 s)
2024-06-03 18:35:05,871 INFO  - I'm in better position but no more hops in message (at simulation time 16.001,900,000 s)
2024-06-03 18:35:05,872 INFO  - Recieve a message from other vehicle (at simulation time 16.001,900,000 s)
2024-06-03 18:35:05,872 INFO  - I'm in better position but no more hops in message (at simulation time 16.001,900,000 s)
2024-06-03 18:35:05,873 INFO  - Recieve a message from other vehicle (at simulation time 16.002,300,000 s)
2024-06-03 18:35:05,873 INFO  - DENM message Recived from veh_4 -info : seco (at simulation time 16.002,300,000 s)
2024-06-03 18:35:05,873 INFO  - No more hops in DENM message (at simulation time 16.002,300,000 s)
2024-06-03 18:35:05,874 INFO  - Recieve a message from other vehicle (at simulation time 16.002,400,000 s)
2024-06-03 18:35:05,874 INFO  - I'm in better position but no more hops in message (at simulation time 16.002,400,000 s)
2024-06-03 18:35:05,875 INFO  - Recieve a message from other vehicle (at simulation time 16.002,400,000 s)
2024-06-03 18:35:05,875 INFO  - I'm in better position but no more hops in message (at simulation time 16.002,400,000 s)
2024-06-03 18:35:05,875 INFO  - Recieve a message from other vehicle (at simulation time 16.002,400,000 s)
2024-06-03 18:35:05,875 INFO  - I'm in better position but no more hops in message (at simulation time 16.002,400,000 s)
2024-06-03 18:35:05,876 INFO  - Recieve a message from other vehicle (at simulation time 16.002,800,000 s)
2024-06-03 18:35:05,876 INFO  - DENM message Recived from veh_2 -info : piso-molhado (at simulation time 16.002,800,000 s)
2024-06-03 18:35:05,876 INFO  - I slow down due to road state (at simulation time 16.002,800,000 s)
2024-06-03 18:35:05,876 INFO  - No more hops in DENM message (at simulation time 16.002,800,000 s)
2024-06-03 18:35:05,876 INFO  - Recieve a message from other vehicle (at simulation time 16.003,300,000 s)
2024-06-03 18:35:05,876 INFO  - I'm in better position but no more hops in message (at simulation time 16.003,300,000 s)
2024-06-03 18:35:05,877 INFO  - Recieve a message from other vehicle (at simulation time 16.003,800,000 s)
2024-06-03 18:35:05,877 INFO  - I'm in better position but no more hops in message (at simulation time 16.003,800,000 s)
2024-06-03 18:35:05,877 INFO  - Recieve a message from other vehicle (at simulation time 16.003,800,000 s)
2024-06-03 18:35:05,877 INFO  - I'm in better position but no more hops in message (at simulation time 16.003,800,000 s)
2024-06-03 18:35:05,877 INFO  - Recieve a message from RSU (at simulation time 16.024,626,574 s)
2024-06-03 18:35:05,877 INFO  - Recieve a message from RSU (at simulation time 16.037,607,917 s)
2024-06-03 18:35:05,878 INFO  - Recieve a message from RSU (at simulation time 16.722,387,243 s)
2024-06-03 18:35:05,878 INFO  - Recieve a message from RSU (at simulation time 16.731,765,945 s)
2024-06-03 18:35:06,052 INFO  - Called #onVehicleUpdated (at simulation time 17.000,000,000 s)
2024-06-03 18:35:06,055 INFO  - Sending out AdHoc broadcast (at simulation time 17.000,000,000 s)
2024-06-03 18:35:06,058 INFO  - Recieve a message from other vehicle (at simulation time 17.000,400,000 s)
2024-06-03 18:35:06,058 INFO  - I'm in better position but no more hops in message (at simulation time 17.000,400,000 s)
2024-06-03 18:35:06,058 INFO  - Recieve a message from other vehicle (at simulation time 17.000,400,000 s)
2024-06-03 18:35:06,058 INFO  - I'm in better position but no more hops in message (at simulation time 17.000,400,000 s)
2024-06-03 18:35:06,060 INFO  - Recieve a message from other vehicle (at simulation time 17.000,400,000 s)
2024-06-03 18:35:06,060 INFO  - I'm in better position but no more hops in message (at simulation time 17.000,400,000 s)
2024-06-03 18:35:06,061 INFO  - Recieve a message from other vehicle (at simulation time 17.000,900,000 s)
2024-06-03 18:35:06,062 INFO  - I'm in better position but no more hops in message (at simulation time 17.000,900,000 s)
2024-06-03 18:35:06,064 INFO  - Recieve a message from other vehicle (at simulation time 17.001,300,000 s)
2024-06-03 18:35:06,064 INFO  - I'm in better position but no more hops in message (at simulation time 17.001,300,000 s)
2024-06-03 18:35:06,065 INFO  - Recieve a message from other vehicle (at simulation time 17.001,400,000 s)
2024-06-03 18:35:06,065 INFO  - Recending a message from other vehicle (at simulation time 17.001,400,000 s)
2024-06-03 18:35:06,065 INFO  - Recieve a message from other vehicle (at simulation time 17.001,400,000 s)
2024-06-03 18:35:06,065 INFO  - I'm in better position but no more hops in message (at simulation time 17.001,400,000 s)
2024-06-03 18:35:06,067 INFO  - Recieve a message from other vehicle (at simulation time 17.001,900,000 s)
2024-06-03 18:35:06,067 INFO  - I'm in better position but no more hops in message (at simulation time 17.001,900,000 s)
2024-06-03 18:35:06,067 INFO  - Recieve a message from other vehicle (at simulation time 17.001,900,000 s)
2024-06-03 18:35:06,067 INFO  - I'm in better position but no more hops in message (at simulation time 17.001,900,000 s)
2024-06-03 18:35:06,068 INFO  - Recieve a message from other vehicle (at simulation time 17.002,300,000 s)
2024-06-03 18:35:06,068 INFO  - I'm in better position but no more hops in message (at simulation time 17.002,300,000 s)
2024-06-03 18:35:06,068 INFO  - Recieve a message from other vehicle (at simulation time 17.002,300,000 s)
2024-06-03 18:35:06,068 INFO  - I'm in better position but no more hops in message (at simulation time 17.002,300,000 s)
2024-06-03 18:35:06,068 INFO  - Recieve a message from other vehicle (at simulation time 17.002,400,000 s)
2024-06-03 18:35:06,068 INFO  - I'm in better position but no more hops in message (at simulation time 17.002,400,000 s)
2024-06-03 18:35:06,069 INFO  - Recieve a message from other vehicle (at simulation time 17.002,400,000 s)
2024-06-03 18:35:06,069 INFO  - I'm in better position but no more hops in message (at simulation time 17.002,400,000 s)
2024-06-03 18:35:06,069 INFO  - Recieve a message from other vehicle (at simulation time 17.002,800,000 s)
2024-06-03 18:35:06,069 INFO  - I'm in better position but no more hops in message (at simulation time 17.002,800,000 s)
2024-06-03 18:35:06,070 INFO  - Recieve a message from RSU (at simulation time 17.415,773,456 s)
2024-06-03 18:35:06,071 INFO  - Recieve a message from RSU (at simulation time 17.442,954,391 s)
2024-06-03 18:35:06,252 INFO  - Called #onVehicleUpdated (at simulation time 18.000,000,000 s)
2024-06-03 18:35:06,254 INFO  - Sending out AdHoc broadcast (at simulation time 18.000,000,000 s)
2024-06-03 18:35:06,257 INFO  - Recieve a message from other vehicle (at simulation time 18.000,400,000 s)
2024-06-03 18:35:06,257 INFO  - I'm in better position but no more hops in message (at simulation time 18.000,400,000 s)
2024-06-03 18:35:06,258 INFO  - Recieve a message from other vehicle (at simulation time 18.000,400,000 s)
2024-06-03 18:35:06,258 INFO  - I'm in better position but no more hops in message (at simulation time 18.000,400,000 s)
2024-06-03 18:35:06,260 INFO  - Recieve a message from other vehicle (at simulation time 18.000,900,000 s)
2024-06-03 18:35:06,260 INFO  - I'm in better position but no more hops in message (at simulation time 18.000,900,000 s)
2024-06-03 18:35:06,261 INFO  - Recieve a message from other vehicle (at simulation time 18.000,900,000 s)
2024-06-03 18:35:06,261 INFO  - I'm in better position but no more hops in message (at simulation time 18.000,900,000 s)
2024-06-03 18:35:06,261 INFO  - Recieve a message from other vehicle (at simulation time 18.000,900,000 s)
2024-06-03 18:35:06,261 INFO  - I'm in better position but no more hops in message (at simulation time 18.000,900,000 s)
2024-06-03 18:35:06,261 INFO  - Recieve a message from other vehicle (at simulation time 18.001,300,000 s)
2024-06-03 18:35:06,261 INFO  - I'm in better position but no more hops in message (at simulation time 18.001,300,000 s)
2024-06-03 18:35:06,262 INFO  - Recieve a message from other vehicle (at simulation time 18.001,300,000 s)
2024-06-03 18:35:06,262 INFO  - I'm in better position but no more hops in message (at simulation time 18.001,300,000 s)
2024-06-03 18:35:06,262 INFO  - Recieve a message from other vehicle (at simulation time 18.001,400,000 s)
2024-06-03 18:35:06,262 INFO  - I'm in better position but no more hops in message (at simulation time 18.001,400,000 s)
2024-06-03 18:35:06,262 INFO  - Recieve a message from other vehicle (at simulation time 18.001,800,000 s)
2024-06-03 18:35:06,262 INFO  - I'm in better position but no more hops in message (at simulation time 18.001,800,000 s)
2024-06-03 18:35:06,262 INFO  - Recieve a message from RSU (at simulation time 18.001,900,000 s)
2024-06-03 18:35:06,262 INFO  - RSU ordered to advance!!! (at simulation time 18.001,900,000 s)
2024-06-03 18:35:06,263 INFO  - Recieve a message from other vehicle (at simulation time 18.001,900,000 s)
2024-06-03 18:35:06,263 INFO  - I'm in better position but no more hops in message (at simulation time 18.001,900,000 s)
2024-06-03 18:35:06,263 INFO  - Recieve a message from other vehicle (at simulation time 18.001,900,000 s)
2024-06-03 18:35:06,263 INFO  - I'm in better position but no more hops in message (at simulation time 18.001,900,000 s)
2024-06-03 18:35:06,263 INFO  - Recieve a message from other vehicle (at simulation time 18.001,900,000 s)
2024-06-03 18:35:06,263 INFO  - I'm in better position but no more hops in message (at simulation time 18.001,900,000 s)
2024-06-03 18:35:06,267 INFO  - Recieve a message from RSU (at simulation time 18.119,903,494 s)
2024-06-03 18:35:06,267 INFO  - Recieve a message from RSU (at simulation time 18.134,526,707 s)
2024-06-03 18:35:06,268 INFO  - Recieve a message from RSU (at simulation time 18.836,207,182 s)
2024-06-03 18:35:06,268 INFO  - Recieve a message from RSU (at simulation time 18.838,337,077 s)
2024-06-03 18:35:06,453 INFO  - Called #onVehicleUpdated (at simulation time 19.000,000,000 s)
2024-06-03 18:35:06,456 INFO  - Sending out AdHoc broadcast (at simulation time 19.000,000,000 s)
2024-06-03 18:35:06,458 INFO  - Recieve a message from other vehicle (at simulation time 19.000,400,000 s)
2024-06-03 18:35:06,458 INFO  - My position is not better! (at simulation time 19.000,400,000 s)
2024-06-03 18:35:06,459 INFO  - Recieve a message from other vehicle (at simulation time 19.000,400,000 s)
2024-06-03 18:35:06,459 INFO  - My position is not better! (at simulation time 19.000,400,000 s)
2024-06-03 18:35:06,460 INFO  - Recieve a message from other vehicle (at simulation time 19.000,400,000 s)
2024-06-03 18:35:06,460 INFO  - My position is not better! (at simulation time 19.000,400,000 s)
2024-06-03 18:35:06,460 INFO  - Recieve a message from other vehicle (at simulation time 19.000,400,000 s)
2024-06-03 18:35:06,460 INFO  - My position is not better! (at simulation time 19.000,400,000 s)
2024-06-03 18:35:06,462 INFO  - Recieve a message from other vehicle (at simulation time 19.000,800,000 s)
2024-06-03 18:35:06,462 INFO  - I'm in better position but no more hops in message (at simulation time 19.000,800,000 s)
2024-06-03 18:35:06,465 INFO  - Recieve a message from other vehicle (at simulation time 19.001,400,000 s)
2024-06-03 18:35:06,465 INFO  - My position is not better! (at simulation time 19.001,400,000 s)
2024-06-03 18:35:06,466 INFO  - Recieve a message from other vehicle (at simulation time 19.001,400,000 s)
2024-06-03 18:35:06,466 INFO  - I'm in better position but no more hops in message (at simulation time 19.001,400,000 s)
2024-06-03 18:35:06,466 INFO  - Recieve a message from other vehicle (at simulation time 19.001,800,000 s)
2024-06-03 18:35:06,466 INFO  - My position is not better! (at simulation time 19.001,800,000 s)
2024-06-03 18:35:06,466 INFO  - Recieve a message from other vehicle (at simulation time 19.001,800,000 s)
2024-06-03 18:35:06,466 INFO  - I'm in better position but no more hops in message (at simulation time 19.001,800,000 s)
2024-06-03 18:35:06,466 INFO  - Recieve a message from other vehicle (at simulation time 19.001,800,000 s)
2024-06-03 18:35:06,466 INFO  - I'm in better position but no more hops in message (at simulation time 19.001,800,000 s)
2024-06-03 18:35:06,468 INFO  - Recieve a message from other vehicle (at simulation time 19.001,900,000 s)
2024-06-03 18:35:06,468 INFO  - I'm in better position but no more hops in message (at simulation time 19.001,900,000 s)
2024-06-03 18:35:06,468 INFO  - Recieve a message from other vehicle (at simulation time 19.001,900,000 s)
2024-06-03 18:35:06,468 INFO  - My position is not better! (at simulation time 19.001,900,000 s)
2024-06-03 18:35:06,469 INFO  - Recieve a message from other vehicle (at simulation time 19.002,400,000 s)
2024-06-03 18:35:06,469 INFO  - I'm in better position but no more hops in message (at simulation time 19.002,400,000 s)
2024-06-03 18:35:06,469 INFO  - Recieve a message from other vehicle (at simulation time 19.002,400,000 s)
2024-06-03 18:35:06,469 INFO  - I'm in better position but no more hops in message (at simulation time 19.002,400,000 s)
2024-06-03 18:35:06,470 INFO  - Recieve a message from other vehicle (at simulation time 19.003,800,000 s)
2024-06-03 18:35:06,470 INFO  - I'm in better position but no more hops in message (at simulation time 19.003,800,000 s)
2024-06-03 18:35:06,471 INFO  - Recieve a message from RSU (at simulation time 19.525,896,728 s)
2024-06-03 18:35:06,471 INFO  - Recieve a message from RSU (at simulation time 19.557,355,296 s)
2024-06-03 18:35:06,656 INFO  - Called #onVehicleUpdated (at simulation time 20.000,000,000 s)
2024-06-03 18:35:06,658 INFO  - Sending out AdHoc broadcast (at simulation time 20.000,000,000 s)
2024-06-03 18:35:06,660 INFO  - Recieve a message from other vehicle (at simulation time 20.000,400,000 s)
2024-06-03 18:35:06,660 INFO  - My position is not better! (at simulation time 20.000,400,000 s)
2024-06-03 18:35:06,661 INFO  - Recieve a message from other vehicle (at simulation time 20.000,400,000 s)
2024-06-03 18:35:06,661 INFO  - My position is not better! (at simulation time 20.000,400,000 s)
2024-06-03 18:35:06,662 INFO  - Recieve a message from other vehicle (at simulation time 20.000,800,000 s)
2024-06-03 18:35:06,662 INFO  - I'm in better position but no more hops in message (at simulation time 20.000,800,000 s)
2024-06-03 18:35:06,662 INFO  - Recieve a message from other vehicle (at simulation time 20.000,800,000 s)
2024-06-03 18:35:06,662 INFO  - My position is not better! (at simulation time 20.000,800,000 s)
2024-06-03 18:35:06,664 INFO  - Recieve a message from other vehicle (at simulation time 20.001,400,000 s)
2024-06-03 18:35:06,664 INFO  - My position is not better! (at simulation time 20.001,400,000 s)
2024-06-03 18:35:06,665 INFO  - Recieve a message from other vehicle (at simulation time 20.001,400,000 s)
2024-06-03 18:35:06,665 INFO  - My position is not better! (at simulation time 20.001,400,000 s)
2024-06-03 18:35:06,665 INFO  - Recieve a message from other vehicle (at simulation time 20.001,800,000 s)
2024-06-03 18:35:06,665 INFO  - I'm in better position but no more hops in message (at simulation time 20.001,800,000 s)
2024-06-03 18:35:06,666 INFO  - Recieve a message from other vehicle (at simulation time 20.002,300,000 s)
2024-06-03 18:35:06,666 INFO  - My position is not better! (at simulation time 20.002,300,000 s)
2024-06-03 18:35:06,667 INFO  - Recieve a message from other vehicle (at simulation time 20.002,400,000 s)
2024-06-03 18:35:06,667 INFO  - My position is not better! (at simulation time 20.002,400,000 s)
2024-06-03 18:35:06,668 INFO  - Recieve a message from other vehicle (at simulation time 20.002,400,000 s)
2024-06-03 18:35:06,668 INFO  - My position is not better! (at simulation time 20.002,400,000 s)
2024-06-03 18:35:06,668 INFO  - Recieve a message from other vehicle (at simulation time 20.002,800,000 s)
2024-06-03 18:35:06,668 INFO  - My position is not better! (at simulation time 20.002,800,000 s)
2024-06-03 18:35:06,669 INFO  - Recieve a message from other vehicle (at simulation time 20.002,800,000 s)
2024-06-03 18:35:06,669 INFO  - My position is not better! (at simulation time 20.002,800,000 s)
2024-06-03 18:35:06,669 INFO  - Recieve a message from other vehicle (at simulation time 20.003,300,000 s)
2024-06-03 18:35:06,669 INFO  - I'm in better position but no more hops in message (at simulation time 20.003,300,000 s)
2024-06-03 18:35:06,852 INFO  - Called #onVehicleUpdated (at simulation time 21.000,000,000 s)
2024-06-03 18:35:06,854 INFO  - Sending out AdHoc broadcast (at simulation time 21.000,000,000 s)
2024-06-03 18:35:06,855 INFO  - Recieve a message from other vehicle (at simulation time 21.000,400,000 s)
2024-06-03 18:35:06,855 INFO  - My position is not better! (at simulation time 21.000,400,000 s)
2024-06-03 18:35:06,857 INFO  - Recieve a message from other vehicle (at simulation time 21.001,300,000 s)
2024-06-03 18:35:06,857 INFO  - I'm in better position but no more hops in message (at simulation time 21.001,300,000 s)
2024-06-03 18:35:06,858 INFO  - Recieve a message from other vehicle (at simulation time 21.001,400,000 s)
2024-06-03 18:35:06,858 INFO  - My position is not better! (at simulation time 21.001,400,000 s)
2024-06-03 18:35:06,858 INFO  - Recieve a message from other vehicle (at simulation time 21.001,800,000 s)
2024-06-03 18:35:06,858 INFO  - My position is not better! (at simulation time 21.001,800,000 s)
2024-06-03 18:35:06,859 INFO  - Recieve a message from other vehicle (at simulation time 21.001,900,000 s)
2024-06-03 18:35:06,859 INFO  - My position is not better! (at simulation time 21.001,900,000 s)
2024-06-03 18:35:06,859 INFO  - Recieve a message from other vehicle (at simulation time 21.002,300,000 s)
2024-06-03 18:35:06,859 INFO  - I'm in better position but no more hops in message (at simulation time 21.002,300,000 s)
2024-06-03 18:35:06,859 INFO  - Recieve a message from other vehicle (at simulation time 21.002,300,000 s)
2024-06-03 18:35:06,859 INFO  - I'm in better position but no more hops in message (at simulation time 21.002,300,000 s)
2024-06-03 18:35:06,859 INFO  - Recieve a message from other vehicle (at simulation time 21.002,300,000 s)
2024-06-03 18:35:06,859 INFO  - I'm in better position but no more hops in message (at simulation time 21.002,300,000 s)
2024-06-03 18:35:06,859 INFO  - Recieve a message from other vehicle (at simulation time 21.002,400,000 s)
2024-06-03 18:35:06,859 INFO  - My position is not better! (at simulation time 21.002,400,000 s)
2024-06-03 18:35:06,859 INFO  - Recieve a message from other vehicle (at simulation time 21.002,400,000 s)
2024-06-03 18:35:06,859 INFO  - My position is not better! (at simulation time 21.002,400,000 s)
2024-06-03 18:35:06,859 INFO  - Recieve a message from other vehicle (at simulation time 21.002,400,000 s)
2024-06-03 18:35:06,859 INFO  - My position is not better! (at simulation time 21.002,400,000 s)
2024-06-03 18:35:06,859 INFO  - Recieve a message from other vehicle (at simulation time 21.002,800,000 s)
2024-06-03 18:35:06,859 INFO  - My position is not better! (at simulation time 21.002,800,000 s)
2024-06-03 18:35:06,860 INFO  - Recieve a message from other vehicle (at simulation time 21.003,300,000 s)
2024-06-03 18:35:06,860 INFO  - My position is not better! (at simulation time 21.003,300,000 s)
2024-06-03 18:35:06,860 INFO  - Recieve a message from other vehicle (at simulation time 21.003,800,000 s)
2024-06-03 18:35:06,860 INFO  - My position is not better! (at simulation time 21.003,800,000 s)
2024-06-03 18:35:06,860 INFO  - Recieve a message from other vehicle (at simulation time 21.004,800,000 s)
2024-06-03 18:35:06,860 INFO  - My position is not better! (at simulation time 21.004,800,000 s)
2024-06-03 18:35:07,054 INFO  - Called #onVehicleUpdated (at simulation time 22.000,000,000 s)
2024-06-03 18:35:07,055 INFO  - Sending out AdHoc broadcast (at simulation time 22.000,000,000 s)
2024-06-03 18:35:07,058 INFO  - Recieve a message from other vehicle (at simulation time 22.002,300,000 s)
2024-06-03 18:35:07,058 INFO  - My position is not better! (at simulation time 22.002,300,000 s)
2024-06-03 18:35:07,253 INFO  - Called #onVehicleUpdated (at simulation time 23.000,000,000 s)
2024-06-03 18:35:07,254 INFO  - Sending out AdHoc broadcast (at simulation time 23.000,000,000 s)
2024-06-03 18:35:07,453 INFO  - Called #onVehicleUpdated (at simulation time 24.000,000,000 s)
2024-06-03 18:35:07,454 INFO  - Sending out AdHoc broadcast (at simulation time 24.000,000,000 s)
2024-06-03 18:35:07,655 INFO  - Called #onVehicleUpdated (at simulation time 25.000,000,000 s)
2024-06-03 18:35:07,656 INFO  - Sending out AdHoc broadcast (at simulation time 25.000,000,000 s)
2024-06-03 18:35:07,853 INFO  - Called #onVehicleUpdated (at simulation time 26.000,000,000 s)
2024-06-03 18:35:07,854 INFO  - Sending out AdHoc broadcast (at simulation time 26.000,000,000 s)
2024-06-03 18:35:08,053 INFO  - Called #onVehicleUpdated (at simulation time 27.000,000,000 s)
2024-06-03 18:35:08,054 INFO  - Sending out AdHoc broadcast (at simulation time 27.000,000,000 s)
2024-06-03 18:35:08,254 INFO  - Shutdown (at simulation time 28.000,000,000 s)
