2024-06-03 19:54:38,707 INFO  - Initialize Vehicle application (at simulation time 187.000,000,000 s)
2024-06-03 19:54:38,708 INFO  - Activated WLAN Module (at simulation time 187.000,000,000 s)
2024-06-03 19:54:38,710 INFO  - Called #onVehicleUpdated (at simulation time 187.000,000,000 s)
2024-06-03 19:54:38,710 INFO  - Recieve a message from other vehicle (at simulation time 187.000,900,000 s)
2024-06-03 19:54:38,710 INFO  - My position is not better! (at simulation time 187.000,900,000 s)
2024-06-03 19:54:38,710 INFO  - Recieve a message from other vehicle (at simulation time 187.002,400,000 s)
2024-06-03 19:54:38,710 INFO  - My position is not better! (at simulation time 187.002,400,000 s)
2024-06-03 19:54:38,713 INFO  - Called #onVehicleUpdated (at simulation time 188.000,000,000 s)
2024-06-03 19:54:38,713 INFO  - Define the name: veh_32 and route: r_1 (at simulation time 188.000,000,000 s)
2024-06-03 19:54:38,713 INFO  - Sending out AdHoc broadcast (at simulation time 188.000,000,000 s)
2024-06-03 19:54:38,714 INFO  - Recieve a message from other vehicle (at simulation time 188.000,900,000 s)
2024-06-03 19:54:38,714 INFO  - My position is not better! (at simulation time 188.000,900,000 s)
2024-06-03 19:54:38,714 INFO  - Recieve a message from other vehicle (at simulation time 188.001,400,000 s)
2024-06-03 19:54:38,714 INFO  - My position is not better! (at simulation time 188.001,400,000 s)
2024-06-03 19:54:38,714 INFO  - Recieve a message from other vehicle (at simulation time 188.004,300,000 s)
2024-06-03 19:54:38,714 INFO  - My position is not better! (at simulation time 188.004,300,000 s)
2024-06-03 19:54:38,715 INFO  - Called #onVehicleUpdated (at simulation time 189.000,000,000 s)
2024-06-03 19:54:38,715 INFO  - Recieve a message from other vehicle (at simulation time 189.001,400,000 s)
2024-06-03 19:54:38,715 INFO  - My position is not better! (at simulation time 189.001,400,000 s)
2024-06-03 19:54:38,715 INFO  - Recieve a message from other vehicle (at simulation time 189.001,900,000 s)
2024-06-03 19:54:38,715 INFO  - My position is not better! (at simulation time 189.001,900,000 s)
2024-06-03 19:54:38,716 INFO  - Recieve a message from other vehicle (at simulation time 189.001,900,000 s)
2024-06-03 19:54:38,716 INFO  - My position is not better! (at simulation time 189.001,900,000 s)
2024-06-03 19:54:38,718 INFO  - Called #onVehicleUpdated (at simulation time 190.000,000,000 s)
2024-06-03 19:54:38,718 INFO  - Sending out AdHoc broadcast (at simulation time 190.000,000,000 s)
2024-06-03 19:54:38,719 INFO  - Recieve a message from other vehicle (at simulation time 190.000,900,000 s)
2024-06-03 19:54:38,719 INFO  - My position is not better! (at simulation time 190.000,900,000 s)
2024-06-03 19:54:38,719 INFO  - Recieve a message from other vehicle (at simulation time 190.001,900,000 s)
2024-06-03 19:54:38,719 INFO  - My position is not better! (at simulation time 190.001,900,000 s)
2024-06-03 19:54:38,719 INFO  - Recieve a message from other vehicle (at simulation time 190.002,300,000 s)
2024-06-03 19:54:38,719 INFO  - My position is not better! (at simulation time 190.002,300,000 s)
2024-06-03 19:54:38,719 INFO  - Recieve a message from other vehicle (at simulation time 190.002,400,000 s)
2024-06-03 19:54:38,719 INFO  - My position is not better! (at simulation time 190.002,400,000 s)
2024-06-03 19:54:38,720 INFO  - Called #onVehicleUpdated (at simulation time 191.000,000,000 s)
2024-06-03 19:54:38,721 INFO  - Recieve a message from other vehicle (at simulation time 191.000,900,000 s)
2024-06-03 19:54:38,721 INFO  - My position is not better! (at simulation time 191.000,900,000 s)
2024-06-03 19:54:38,721 INFO  - Recieve a message from other vehicle (at simulation time 191.000,900,000 s)
2024-06-03 19:54:38,721 INFO  - My position is not better! (at simulation time 191.000,900,000 s)
2024-06-03 19:54:38,721 INFO  - Recieve a message from other vehicle (at simulation time 191.001,400,000 s)
2024-06-03 19:54:38,721 INFO  - My position is not better! (at simulation time 191.001,400,000 s)
2024-06-03 19:54:38,721 INFO  - Recieve a message from other vehicle (at simulation time 191.002,400,000 s)
2024-06-03 19:54:38,721 INFO  - My position is not better! (at simulation time 191.002,400,000 s)
2024-06-03 19:54:38,722 INFO  - Called #onVehicleUpdated (at simulation time 192.000,000,000 s)
2024-06-03 19:54:38,722 INFO  - Sending out AdHoc broadcast (at simulation time 192.000,000,000 s)
2024-06-03 19:54:38,723 INFO  - Recieve a message from other vehicle (at simulation time 192.000,400,000 s)
2024-06-03 19:54:38,723 INFO  - My position is not better! (at simulation time 192.000,400,000 s)
2024-06-03 19:54:38,723 INFO  - Recieve a message from other vehicle (at simulation time 192.000,900,000 s)
2024-06-03 19:54:38,723 INFO  - My position is not better! (at simulation time 192.000,900,000 s)
2024-06-03 19:54:38,723 INFO  - Recieve a message from other vehicle (at simulation time 192.001,400,000 s)
2024-06-03 19:54:38,723 INFO  - My position is not better! (at simulation time 192.001,400,000 s)
2024-06-03 19:54:38,723 INFO  - Recieve a message from other vehicle (at simulation time 192.002,300,000 s)
2024-06-03 19:54:38,723 INFO  - My position is not better! (at simulation time 192.002,300,000 s)
2024-06-03 19:54:38,723 INFO  - Recieve a message from other vehicle (at simulation time 192.002,300,000 s)
2024-06-03 19:54:38,723 INFO  - My position is not better! (at simulation time 192.002,300,000 s)
2024-06-03 19:54:38,724 INFO  - Recieve a message from other vehicle (at simulation time 192.002,300,000 s)
2024-06-03 19:54:38,724 INFO  - My position is not better! (at simulation time 192.002,300,000 s)
2024-06-03 19:54:38,725 INFO  - Called #onVehicleUpdated (at simulation time 193.000,000,000 s)
2024-06-03 19:54:38,727 INFO  - Recieve a message from other vehicle (at simulation time 193.001,900,000 s)
2024-06-03 19:54:38,727 INFO  - My position is not better! (at simulation time 193.001,900,000 s)
2024-06-03 19:54:38,727 INFO  - Recieve a message from other vehicle (at simulation time 193.002,400,000 s)
2024-06-03 19:54:38,727 INFO  - My position is not better! (at simulation time 193.002,400,000 s)
2024-06-03 19:54:38,727 INFO  - Recieve a message from other vehicle (at simulation time 193.002,400,000 s)
2024-06-03 19:54:38,727 INFO  - My position is not better! (at simulation time 193.002,400,000 s)
2024-06-03 19:54:38,727 INFO  - Recieve a message from other vehicle (at simulation time 193.002,400,000 s)
2024-06-03 19:54:38,727 INFO  - My position is not better! (at simulation time 193.002,400,000 s)
2024-06-03 19:54:38,727 INFO  - Recieve a message from other vehicle (at simulation time 193.002,800,000 s)
2024-06-03 19:54:38,727 INFO  - My position is not better! (at simulation time 193.002,800,000 s)
2024-06-03 19:54:38,729 INFO  - Called #onVehicleUpdated (at simulation time 194.000,000,000 s)
2024-06-03 19:54:38,729 INFO  - Sending out AdHoc broadcast (at simulation time 194.000,000,000 s)
2024-06-03 19:54:38,730 INFO  - Recieve a message from other vehicle (at simulation time 194.000,400,000 s)
2024-06-03 19:54:38,730 INFO  - My position is not better! (at simulation time 194.000,400,000 s)
2024-06-03 19:54:38,730 INFO  - Recieve a message from other vehicle (at simulation time 194.000,400,000 s)
2024-06-03 19:54:38,730 INFO  - My position is not better! (at simulation time 194.000,400,000 s)
2024-06-03 19:54:38,730 INFO  - Recieve a message from other vehicle (at simulation time 194.000,400,000 s)
2024-06-03 19:54:38,730 INFO  - My position is not better! (at simulation time 194.000,400,000 s)
2024-06-03 19:54:38,730 INFO  - Recieve a message from other vehicle (at simulation time 194.000,400,000 s)
2024-06-03 19:54:38,730 INFO  - My position is not better! (at simulation time 194.000,400,000 s)
2024-06-03 19:54:38,730 INFO  - Recieve a message from other vehicle (at simulation time 194.000,800,000 s)
2024-06-03 19:54:38,730 INFO  - My position is not better! (at simulation time 194.000,800,000 s)
2024-06-03 19:54:38,730 INFO  - Recieve a message from other vehicle (at simulation time 194.000,900,000 s)
2024-06-03 19:54:38,730 INFO  - My position is not better! (at simulation time 194.000,900,000 s)
2024-06-03 19:54:38,730 INFO  - Recieve a message from other vehicle (at simulation time 194.000,900,000 s)
2024-06-03 19:54:38,730 INFO  - My position is not better! (at simulation time 194.000,900,000 s)
2024-06-03 19:54:38,731 INFO  - Recieve a message from other vehicle (at simulation time 194.001,300,000 s)
2024-06-03 19:54:38,731 INFO  - My position is not better! (at simulation time 194.001,300,000 s)
2024-06-03 19:54:38,731 INFO  - Recieve a message from other vehicle (at simulation time 194.001,300,000 s)
2024-06-03 19:54:38,731 INFO  - My position is not better! (at simulation time 194.001,300,000 s)
2024-06-03 19:54:38,731 INFO  - Recieve a message from other vehicle (at simulation time 194.001,400,000 s)
2024-06-03 19:54:38,731 INFO  - My position is not better! (at simulation time 194.001,400,000 s)
2024-06-03 19:54:38,731 INFO  - Recieve a message from other vehicle (at simulation time 194.001,400,000 s)
2024-06-03 19:54:38,731 INFO  - My position is not better! (at simulation time 194.001,400,000 s)
2024-06-03 19:54:38,732 INFO  - Recieve a message from other vehicle (at simulation time 194.001,800,000 s)
2024-06-03 19:54:38,732 INFO  - My position is not better! (at simulation time 194.001,800,000 s)
2024-06-03 19:54:38,732 INFO  - Recieve a message from other vehicle (at simulation time 194.002,300,000 s)
2024-06-03 19:54:38,732 INFO  - My position is not better! (at simulation time 194.002,300,000 s)
2024-06-03 19:54:38,732 INFO  - Recieve a message from other vehicle (at simulation time 194.002,300,000 s)
2024-06-03 19:54:38,732 INFO  - My position is not better! (at simulation time 194.002,300,000 s)
2024-06-03 19:54:38,732 INFO  - Recieve a message from other vehicle (at simulation time 194.002,400,000 s)
2024-06-03 19:54:38,732 INFO  - My position is not better! (at simulation time 194.002,400,000 s)
2024-06-03 19:54:38,732 INFO  - Recieve a message from other vehicle (at simulation time 194.002,800,000 s)
2024-06-03 19:54:38,732 INFO  - My position is not better! (at simulation time 194.002,800,000 s)
2024-06-03 19:54:38,733 INFO  - Recieve a message from other vehicle (at simulation time 194.002,800,000 s)
2024-06-03 19:54:38,733 INFO  - My position is not better! (at simulation time 194.002,800,000 s)
2024-06-03 19:54:38,733 INFO  - Recieve a message from other vehicle (at simulation time 194.002,800,000 s)
2024-06-03 19:54:38,733 INFO  - My position is not better! (at simulation time 194.002,800,000 s)
2024-06-03 19:54:38,733 INFO  - Recieve a message from other vehicle (at simulation time 194.003,300,000 s)
2024-06-03 19:54:38,733 INFO  - My position is not better! (at simulation time 194.003,300,000 s)
2024-06-03 19:54:38,733 INFO  - Recieve a message from other vehicle (at simulation time 194.003,300,000 s)
2024-06-03 19:54:38,733 INFO  - My position is not better! (at simulation time 194.003,300,000 s)
2024-06-03 19:54:38,736 INFO  - Called #onVehicleUpdated (at simulation time 195.000,000,000 s)
2024-06-03 19:54:38,736 INFO  - Recieve a message from other vehicle (at simulation time 195.000,400,000 s)
2024-06-03 19:54:38,736 INFO  - My position is not better! (at simulation time 195.000,400,000 s)
2024-06-03 19:54:38,737 INFO  - Recieve a message from other vehicle (at simulation time 195.000,400,000 s)
2024-06-03 19:54:38,737 INFO  - My position is not better! (at simulation time 195.000,400,000 s)
2024-06-03 19:54:38,737 INFO  - Recieve a message from other vehicle (at simulation time 195.000,900,000 s)
2024-06-03 19:54:38,737 INFO  - DENM message Recived from veh_31 -info : seco (at simulation time 195.000,900,000 s)
2024-06-03 19:54:38,737 INFO  - No more hops in DENM message (at simulation time 195.000,900,000 s)
2024-06-03 19:54:38,737 INFO  - Recieve a message from other vehicle (at simulation time 195.000,900,000 s)
2024-06-03 19:54:38,737 INFO  - My position is not better! (at simulation time 195.000,900,000 s)
2024-06-03 19:54:38,737 INFO  - Recieve a message from other vehicle (at simulation time 195.001,300,000 s)
2024-06-03 19:54:38,737 INFO  - My position is not better! (at simulation time 195.001,300,000 s)
2024-06-03 19:54:38,737 INFO  - Recieve a message from other vehicle (at simulation time 195.001,300,000 s)
2024-06-03 19:54:38,737 INFO  - My position is not better! (at simulation time 195.001,300,000 s)
2024-06-03 19:54:38,738 INFO  - Recieve a message from other vehicle (at simulation time 195.001,400,000 s)
2024-06-03 19:54:38,738 INFO  - My position is not better! (at simulation time 195.001,400,000 s)
2024-06-03 19:54:38,738 INFO  - Recieve a message from other vehicle (at simulation time 195.001,400,000 s)
2024-06-03 19:54:38,738 INFO  - My position is not better! (at simulation time 195.001,400,000 s)
2024-06-03 19:54:38,738 INFO  - Recieve a message from other vehicle (at simulation time 195.001,400,000 s)
2024-06-03 19:54:38,738 INFO  - My position is not better! (at simulation time 195.001,400,000 s)
2024-06-03 19:54:38,738 INFO  - Recieve a message from other vehicle (at simulation time 195.001,400,000 s)
2024-06-03 19:54:38,738 INFO  - My position is not better! (at simulation time 195.001,400,000 s)
2024-06-03 19:54:38,738 INFO  - Recieve a message from other vehicle (at simulation time 195.001,800,000 s)
2024-06-03 19:54:38,738 INFO  - My position is not better! (at simulation time 195.001,800,000 s)
2024-06-03 19:54:38,738 INFO  - Recieve a message from other vehicle (at simulation time 195.001,800,000 s)
2024-06-03 19:54:38,738 INFO  - My position is not better! (at simulation time 195.001,800,000 s)
2024-06-03 19:54:38,738 INFO  - Recieve a message from other vehicle (at simulation time 195.001,900,000 s)
2024-06-03 19:54:38,738 INFO  - DENM message Recived from veh_30 -info : seco (at simulation time 195.001,900,000 s)
2024-06-03 19:54:38,738 INFO  - No more hops in DENM message (at simulation time 195.001,900,000 s)
2024-06-03 19:54:38,738 INFO  - Recieve a message from other vehicle (at simulation time 195.001,900,000 s)
2024-06-03 19:54:38,738 INFO  - DENM message Recived from veh_33 -info : seco (at simulation time 195.001,900,000 s)
2024-06-03 19:54:38,738 INFO  - No more hops in DENM message (at simulation time 195.001,900,000 s)
2024-06-03 19:54:38,738 INFO  - Recieve a message from other vehicle (at simulation time 195.001,900,000 s)
2024-06-03 19:54:38,738 INFO  - DENM message Recived from veh_35 -info : seco (at simulation time 195.001,900,000 s)
2024-06-03 19:54:38,738 INFO  - No more hops in DENM message (at simulation time 195.001,900,000 s)
2024-06-03 19:54:38,738 INFO  - Recieve a message from other vehicle (at simulation time 195.001,900,000 s)
2024-06-03 19:54:38,738 INFO  - My position is not better! (at simulation time 195.001,900,000 s)
2024-06-03 19:54:38,738 INFO  - Recieve a message from other vehicle (at simulation time 195.001,900,000 s)
2024-06-03 19:54:38,738 INFO  - My position is not better! (at simulation time 195.001,900,000 s)
2024-06-03 19:54:38,738 INFO  - Recieve a message from other vehicle (at simulation time 195.001,900,000 s)
2024-06-03 19:54:38,738 INFO  - My position is not better! (at simulation time 195.001,900,000 s)
2024-06-03 19:54:38,739 INFO  - Recieve a message from other vehicle (at simulation time 195.001,900,000 s)
2024-06-03 19:54:38,739 INFO  - My position is not better! (at simulation time 195.001,900,000 s)
2024-06-03 19:54:38,739 INFO  - Recieve a message from other vehicle (at simulation time 195.002,300,000 s)
2024-06-03 19:54:38,739 INFO  - DENM message Recived from veh_35 -info : seco (at simulation time 195.002,300,000 s)
2024-06-03 19:54:38,739 INFO  - No more hops in DENM message (at simulation time 195.002,300,000 s)
2024-06-03 19:54:38,739 INFO  - Recieve a message from other vehicle (at simulation time 195.002,300,000 s)
2024-06-03 19:54:38,739 INFO  - DENM message Recived from veh_31 -info : seco (at simulation time 195.002,300,000 s)
2024-06-03 19:54:38,739 INFO  - No more hops in DENM message (at simulation time 195.002,300,000 s)
2024-06-03 19:54:38,739 INFO  - Recieve a message from other vehicle (at simulation time 195.002,300,000 s)
2024-06-03 19:54:38,739 INFO  - My position is not better! (at simulation time 195.002,300,000 s)
2024-06-03 19:54:38,739 INFO  - Recieve a message from other vehicle (at simulation time 195.002,400,000 s)
2024-06-03 19:54:38,739 INFO  - My position is not better! (at simulation time 195.002,400,000 s)
2024-06-03 19:54:38,739 INFO  - Recieve a message from other vehicle (at simulation time 195.002,400,000 s)
2024-06-03 19:54:38,739 INFO  - My position is not better! (at simulation time 195.002,400,000 s)
2024-06-03 19:54:38,740 INFO  - Recieve a message from other vehicle (at simulation time 195.002,800,000 s)
2024-06-03 19:54:38,740 INFO  - My position is not better! (at simulation time 195.002,800,000 s)
2024-06-03 19:54:38,740 INFO  - Recieve a message from other vehicle (at simulation time 195.002,800,000 s)
2024-06-03 19:54:38,740 INFO  - DENM message Recived from veh_33 -info : seco (at simulation time 195.002,800,000 s)
2024-06-03 19:54:38,740 INFO  - No more hops in DENM message (at simulation time 195.002,800,000 s)
2024-06-03 19:54:38,740 INFO  - Recieve a message from other vehicle (at simulation time 195.003,300,000 s)
2024-06-03 19:54:38,740 INFO  - DENM message Recived from veh_30 -info : seco (at simulation time 195.003,300,000 s)
2024-06-03 19:54:38,740 INFO  - No more hops in DENM message (at simulation time 195.003,300,000 s)
2024-06-03 19:54:38,740 INFO  - Recieve a message from other vehicle (at simulation time 195.003,800,000 s)
2024-06-03 19:54:38,740 INFO  - My position is not better! (at simulation time 195.003,800,000 s)
2024-06-03 19:54:38,740 INFO  - Recieve a message from other vehicle (at simulation time 195.004,300,000 s)
2024-06-03 19:54:38,740 INFO  - My position is not better! (at simulation time 195.004,300,000 s)
2024-06-03 19:54:38,741 INFO  - Called #onVehicleUpdated (at simulation time 196.000,000,000 s)
2024-06-03 19:54:38,741 INFO  - Sending out DENM broadcast (at simulation time 196.000,000,000 s)
2024-06-03 19:54:38,741 INFO  - Sending out AdHoc broadcast (at simulation time 196.000,000,000 s)
2024-06-03 19:54:38,742 INFO  - Recieve a message from other vehicle (at simulation time 196.000,400,000 s)
2024-06-03 19:54:38,742 INFO  - My position is not better! (at simulation time 196.000,400,000 s)
2024-06-03 19:54:38,742 INFO  - Recieve a message from other vehicle (at simulation time 196.000,400,000 s)
2024-06-03 19:54:38,742 INFO  - Recending a message from other vehicle (at simulation time 196.000,400,000 s)
2024-06-03 19:54:38,742 INFO  - Recieve a message from other vehicle (at simulation time 196.000,800,000 s)
2024-06-03 19:54:38,742 INFO  - I'm in better position but no more hops in message (at simulation time 196.000,800,000 s)
2024-06-03 19:54:38,743 INFO  - Recieve a message from other vehicle (at simulation time 196.000,900,000 s)
2024-06-03 19:54:38,743 INFO  - My position is not better! (at simulation time 196.000,900,000 s)
2024-06-03 19:54:38,743 INFO  - Recieve a message from other vehicle (at simulation time 196.000,900,000 s)
2024-06-03 19:54:38,743 INFO  - I'm in better position but no more hops in message (at simulation time 196.000,900,000 s)
2024-06-03 19:54:38,743 INFO  - Recieve a message from other vehicle (at simulation time 196.001,300,000 s)
2024-06-03 19:54:38,743 INFO  - I'm in better position but no more hops in message (at simulation time 196.001,300,000 s)
2024-06-03 19:54:38,743 INFO  - Recieve a message from other vehicle (at simulation time 196.001,800,000 s)
2024-06-03 19:54:38,743 INFO  - I'm in better position but no more hops in message (at simulation time 196.001,800,000 s)
2024-06-03 19:54:38,743 INFO  - Recieve a message from other vehicle (at simulation time 196.001,900,000 s)
2024-06-03 19:54:38,743 INFO  - DENM message Recived from veh_34 -info : seco (at simulation time 196.001,900,000 s)
2024-06-03 19:54:38,743 INFO  - No more hops in DENM message (at simulation time 196.001,900,000 s)
2024-06-03 19:54:38,743 INFO  - Recieve a message from other vehicle (at simulation time 196.001,900,000 s)
2024-06-03 19:54:38,743 INFO  - I'm in better position but no more hops in message (at simulation time 196.001,900,000 s)
2024-06-03 19:54:38,743 INFO  - Recieve a message from other vehicle (at simulation time 196.001,900,000 s)
2024-06-03 19:54:38,743 INFO  - I'm in better position but no more hops in message (at simulation time 196.001,900,000 s)
2024-06-03 19:54:38,743 INFO  - Recieve a message from other vehicle (at simulation time 196.001,900,000 s)
2024-06-03 19:54:38,743 INFO  - I'm in better position but no more hops in message (at simulation time 196.001,900,000 s)
2024-06-03 19:54:38,743 INFO  - Recieve a message from other vehicle (at simulation time 196.001,900,000 s)
2024-06-03 19:54:38,743 INFO  - I'm in better position but no more hops in message (at simulation time 196.001,900,000 s)
2024-06-03 19:54:38,743 INFO  - Recieve a message from other vehicle (at simulation time 196.002,300,000 s)
2024-06-03 19:54:38,743 INFO  - I'm in better position but no more hops in message (at simulation time 196.002,300,000 s)
2024-06-03 19:54:38,743 INFO  - Recieve a message from other vehicle (at simulation time 196.002,400,000 s)
2024-06-03 19:54:38,743 INFO  - I'm in better position but no more hops in message (at simulation time 196.002,400,000 s)
2024-06-03 19:54:38,743 INFO  - Recieve a message from other vehicle (at simulation time 196.002,400,000 s)
2024-06-03 19:54:38,743 INFO  - I'm in better position but no more hops in message (at simulation time 196.002,400,000 s)
2024-06-03 19:54:38,743 INFO  - Recieve a message from other vehicle (at simulation time 196.002,400,000 s)
2024-06-03 19:54:38,743 INFO  - I'm in better position but no more hops in message (at simulation time 196.002,400,000 s)
2024-06-03 19:54:38,743 INFO  - Recieve a message from other vehicle (at simulation time 196.002,400,000 s)
2024-06-03 19:54:38,743 INFO  - My position is not better! (at simulation time 196.002,400,000 s)
2024-06-03 19:54:38,744 INFO  - Recieve a message from other vehicle (at simulation time 196.002,400,000 s)
2024-06-03 19:54:38,744 INFO  - My position is not better! (at simulation time 196.002,400,000 s)
2024-06-03 19:54:38,744 INFO  - Recieve a message from other vehicle (at simulation time 196.002,800,000 s)
2024-06-03 19:54:38,744 INFO  - DENM message Recived from veh_32 -info : seco (at simulation time 196.002,800,000 s)
2024-06-03 19:54:38,744 INFO  - No more hops in DENM message (at simulation time 196.002,800,000 s)
2024-06-03 19:54:38,744 INFO  - Recieve a message from other vehicle (at simulation time 196.002,800,000 s)
2024-06-03 19:54:38,744 INFO  - DENM message Recived from veh_34 -info : seco (at simulation time 196.002,800,000 s)
2024-06-03 19:54:38,744 INFO  - No more hops in DENM message (at simulation time 196.002,800,000 s)
2024-06-03 19:54:38,744 INFO  - Recieve a message from other vehicle (at simulation time 196.002,800,000 s)
2024-06-03 19:54:38,744 INFO  - I'm in better position but no more hops in message (at simulation time 196.002,800,000 s)
2024-06-03 19:54:38,744 INFO  - Recieve a message from other vehicle (at simulation time 196.003,300,000 s)
2024-06-03 19:54:38,744 INFO  - My position is not better! (at simulation time 196.003,300,000 s)
2024-06-03 19:54:38,745 INFO  - Called #onVehicleUpdated (at simulation time 197.000,000,000 s)
2024-06-03 19:54:38,746 INFO  - Recieve a message from other vehicle (at simulation time 197.000,400,000 s)
2024-06-03 19:54:38,746 INFO  - I'm in better position but no more hops in message (at simulation time 197.000,400,000 s)
2024-06-03 19:54:38,746 INFO  - Recieve a message from other vehicle (at simulation time 197.000,800,000 s)
2024-06-03 19:54:38,746 INFO  - I'm in better position but no more hops in message (at simulation time 197.000,800,000 s)
2024-06-03 19:54:38,746 INFO  - Recieve a message from other vehicle (at simulation time 197.000,800,000 s)
2024-06-03 19:54:38,746 INFO  - I'm in better position but no more hops in message (at simulation time 197.000,800,000 s)
2024-06-03 19:54:38,746 INFO  - Recieve a message from other vehicle (at simulation time 197.000,900,000 s)
2024-06-03 19:54:38,746 INFO  - I'm in better position but no more hops in message (at simulation time 197.000,900,000 s)
2024-06-03 19:54:38,747 INFO  - Recieve a message from other vehicle (at simulation time 197.000,900,000 s)
2024-06-03 19:54:38,747 INFO  - Recending a message from other vehicle (at simulation time 197.000,900,000 s)
2024-06-03 19:54:38,747 INFO  - Recieve a message from other vehicle (at simulation time 197.001,300,000 s)
2024-06-03 19:54:38,747 INFO  - I'm in better position but no more hops in message (at simulation time 197.001,300,000 s)
2024-06-03 19:54:38,747 INFO  - Recieve a message from other vehicle (at simulation time 197.001,400,000 s)
2024-06-03 19:54:38,747 INFO  - Recending a message from other vehicle (at simulation time 197.001,400,000 s)
2024-06-03 19:54:38,747 INFO  - Recieve a message from other vehicle (at simulation time 197.001,400,000 s)
2024-06-03 19:54:38,747 INFO  - I'm in better position but no more hops in message (at simulation time 197.001,400,000 s)
2024-06-03 19:54:38,747 INFO  - Recieve a message from other vehicle (at simulation time 197.001,400,000 s)
2024-06-03 19:54:38,747 INFO  - I'm in better position but no more hops in message (at simulation time 197.001,400,000 s)
2024-06-03 19:54:38,747 INFO  - Recieve a message from other vehicle (at simulation time 197.001,800,000 s)
2024-06-03 19:54:38,747 INFO  - I'm in better position but no more hops in message (at simulation time 197.001,800,000 s)
2024-06-03 19:54:38,747 INFO  - Recieve a message from other vehicle (at simulation time 197.001,800,000 s)
2024-06-03 19:54:38,747 INFO  - I'm in better position but no more hops in message (at simulation time 197.001,800,000 s)
2024-06-03 19:54:38,747 INFO  - Recieve a message from other vehicle (at simulation time 197.001,800,000 s)
2024-06-03 19:54:38,747 INFO  - I'm in better position but no more hops in message (at simulation time 197.001,800,000 s)
2024-06-03 19:54:38,747 INFO  - Recieve a message from other vehicle (at simulation time 197.001,900,000 s)
2024-06-03 19:54:38,747 INFO  - I'm in better position but no more hops in message (at simulation time 197.001,900,000 s)
2024-06-03 19:54:38,747 INFO  - Recieve a message from other vehicle (at simulation time 197.002,300,000 s)
2024-06-03 19:54:38,748 INFO  - I'm in better position but no more hops in message (at simulation time 197.002,300,000 s)
2024-06-03 19:54:38,748 INFO  - Recieve a message from other vehicle (at simulation time 197.002,400,000 s)
2024-06-03 19:54:38,748 INFO  - Recending a message from other vehicle (at simulation time 197.002,400,000 s)
2024-06-03 19:54:38,748 INFO  - Recieve a message from other vehicle (at simulation time 197.002,400,000 s)
2024-06-03 19:54:38,748 INFO  - I'm in better position but no more hops in message (at simulation time 197.002,400,000 s)
2024-06-03 19:54:38,748 INFO  - Recieve a message from other vehicle (at simulation time 197.002,800,000 s)
2024-06-03 19:54:38,748 INFO  - I'm in better position but no more hops in message (at simulation time 197.002,800,000 s)
2024-06-03 19:54:38,749 INFO  - Called #onVehicleUpdated (at simulation time 198.000,000,000 s)
2024-06-03 19:54:38,750 INFO  - Sending out AdHoc broadcast (at simulation time 198.000,000,000 s)
2024-06-03 19:54:38,750 INFO  - Recieve a message from other vehicle (at simulation time 198.000,400,000 s)
2024-06-03 19:54:38,750 INFO  - Recending a message from other vehicle (at simulation time 198.000,400,000 s)
2024-06-03 19:54:38,750 INFO  - Recieve a message from other vehicle (at simulation time 198.000,900,000 s)
2024-06-03 19:54:38,750 INFO  - I'm in better position but no more hops in message (at simulation time 198.000,900,000 s)
2024-06-03 19:54:38,750 INFO  - Recieve a message from other vehicle (at simulation time 198.000,900,000 s)
2024-06-03 19:54:38,750 INFO  - Recending a message from other vehicle (at simulation time 198.000,900,000 s)
2024-06-03 19:54:38,750 INFO  - Recieve a message from other vehicle (at simulation time 198.001,400,000 s)
2024-06-03 19:54:38,750 INFO  - I'm in better position but no more hops in message (at simulation time 198.001,400,000 s)
2024-06-03 19:54:38,751 INFO  - Recieve a message from other vehicle (at simulation time 198.001,800,000 s)
2024-06-03 19:54:38,751 INFO  - I'm in better position but no more hops in message (at simulation time 198.001,800,000 s)
2024-06-03 19:54:38,751 INFO  - Recieve a message from other vehicle (at simulation time 198.001,900,000 s)
2024-06-03 19:54:38,751 INFO  - I'm in better position but no more hops in message (at simulation time 198.001,900,000 s)
2024-06-03 19:54:38,751 INFO  - Recieve a message from other vehicle (at simulation time 198.001,900,000 s)
2024-06-03 19:54:38,751 INFO  - I'm in better position but no more hops in message (at simulation time 198.001,900,000 s)
2024-06-03 19:54:38,751 INFO  - Recieve a message from other vehicle (at simulation time 198.002,400,000 s)
2024-06-03 19:54:38,751 INFO  - I'm in better position but no more hops in message (at simulation time 198.002,400,000 s)
2024-06-03 19:54:38,751 INFO  - Recieve a message from other vehicle (at simulation time 198.002,800,000 s)
2024-06-03 19:54:38,751 INFO  - I'm in better position but no more hops in message (at simulation time 198.002,800,000 s)
2024-06-03 19:54:38,751 INFO  - Recieve a message from other vehicle (at simulation time 198.002,800,000 s)
2024-06-03 19:54:38,751 INFO  - I'm in better position but no more hops in message (at simulation time 198.002,800,000 s)
2024-06-03 19:54:38,751 INFO  - Recieve a message from other vehicle (at simulation time 198.002,800,000 s)
2024-06-03 19:54:38,751 INFO  - I'm in better position but no more hops in message (at simulation time 198.002,800,000 s)
2024-06-03 19:54:38,751 INFO  - Recieve a message from other vehicle (at simulation time 198.004,300,000 s)
2024-06-03 19:54:38,751 INFO  - I'm in better position but no more hops in message (at simulation time 198.004,300,000 s)
2024-06-03 19:54:38,752 INFO  - Called #onVehicleUpdated (at simulation time 199.000,000,000 s)
2024-06-03 19:54:38,753 INFO  - Recieve a message from other vehicle (at simulation time 199.001,400,000 s)
2024-06-03 19:54:38,753 INFO  - My position is not better! (at simulation time 199.001,400,000 s)
2024-06-03 19:54:38,753 INFO  - Recieve a message from other vehicle (at simulation time 199.002,300,000 s)
2024-06-03 19:54:38,753 INFO  - I'm in better position but no more hops in message (at simulation time 199.002,300,000 s)
2024-06-03 19:54:38,753 INFO  - Recieve a message from other vehicle (at simulation time 199.002,400,000 s)
2024-06-03 19:54:38,753 INFO  - My position is not better! (at simulation time 199.002,400,000 s)
2024-06-03 19:54:38,753 INFO  - Recieve a message from other vehicle (at simulation time 199.002,800,000 s)
2024-06-03 19:54:38,753 INFO  - My position is not better! (at simulation time 199.002,800,000 s)
2024-06-03 19:54:38,753 INFO  - Recieve a message from other vehicle (at simulation time 199.002,800,000 s)
2024-06-03 19:54:38,753 INFO  - I'm in better position but no more hops in message (at simulation time 199.002,800,000 s)
2024-06-03 19:54:38,753 INFO  - Recieve a message from other vehicle (at simulation time 199.003,300,000 s)
2024-06-03 19:54:38,753 INFO  - I'm in better position but no more hops in message (at simulation time 199.003,300,000 s)
2024-06-03 19:54:38,753 INFO  - Recieve a message from other vehicle (at simulation time 199.003,800,000 s)
2024-06-03 19:54:38,753 INFO  - I'm in better position but no more hops in message (at simulation time 199.003,800,000 s)
2024-06-03 19:54:38,755 INFO  - Called #onVehicleUpdated (at simulation time 200.000,000,000 s)
2024-06-03 19:54:38,755 INFO  - Sending out AdHoc broadcast (at simulation time 200.000,000,000 s)
2024-06-03 19:54:38,755 INFO  - Recieve a message from other vehicle (at simulation time 200.000,400,000 s)
2024-06-03 19:54:38,755 INFO  - My position is not better! (at simulation time 200.000,400,000 s)
2024-06-03 19:54:38,755 INFO  - Recieve a message from other vehicle (at simulation time 200.002,400,000 s)
2024-06-03 19:54:38,755 INFO  - My position is not better! (at simulation time 200.002,400,000 s)
2024-06-03 19:54:38,755 INFO  - Recieve a message from other vehicle (at simulation time 200.002,400,000 s)
2024-06-03 19:54:38,755 INFO  - My position is not better! (at simulation time 200.002,400,000 s)
2024-06-03 19:54:38,755 INFO  - Recieve a message from other vehicle (at simulation time 200.003,800,000 s)
2024-06-03 19:54:38,755 INFO  - My position is not better! (at simulation time 200.003,800,000 s)
2024-06-03 19:54:38,756 INFO  - Called #onVehicleUpdated (at simulation time 201.000,000,000 s)
2024-06-03 19:54:38,758 INFO  - Called #onVehicleUpdated (at simulation time 202.000,000,000 s)
2024-06-03 19:54:38,758 INFO  - Sending out AdHoc broadcast (at simulation time 202.000,000,000 s)
2024-06-03 19:54:38,759 INFO  - Called #onVehicleUpdated (at simulation time 203.000,000,000 s)
2024-06-03 19:54:38,760 INFO  - Called #onVehicleUpdated (at simulation time 204.000,000,000 s)
2024-06-03 19:54:38,760 INFO  - Sending out AdHoc broadcast (at simulation time 204.000,000,000 s)
2024-06-03 19:54:38,762 INFO  - Called #onVehicleUpdated (at simulation time 205.000,000,000 s)
2024-06-03 19:54:38,764 INFO  - Shutdown (at simulation time 206.000,000,000 s)
