2024-06-03 19:41:12,227 INFO  - Initialize Vehicle application (at simulation time 223.000,000,000 s)
2024-06-03 19:41:12,228 INFO  - Activated WLAN Module (at simulation time 223.000,000,000 s)
2024-06-03 19:41:12,228 INFO  - Called #onVehicleUpdated (at simulation time 223.000,000,000 s)
2024-06-03 19:41:12,230 INFO  - Recieve a message from other vehicle (at simulation time 223.000,400,000 s)
2024-06-03 19:41:12,230 INFO  - My position is not better! (at simulation time 223.000,400,000 s)
2024-06-03 19:41:12,230 INFO  - Recieve a message from other vehicle (at simulation time 223.001,400,000 s)
2024-06-03 19:41:12,230 INFO  - My position is not better! (at simulation time 223.001,400,000 s)
2024-06-03 19:41:12,574 INFO  - Called #onVehicleUpdated (at simulation time 224.000,000,000 s)
2024-06-03 19:41:12,574 INFO  - Define the name: veh_40 and route: r_3 (at simulation time 224.000,000,000 s)
2024-06-03 19:41:12,574 INFO  - Sending out AdHoc broadcast (at simulation time 224.000,000,000 s)
2024-06-03 19:41:12,574 INFO  - Recieve a message from other vehicle (at simulation time 224.000,900,000 s)
2024-06-03 19:41:12,574 INFO  - My position is not better! (at simulation time 224.000,900,000 s)
2024-06-03 19:41:12,574 INFO  - Recieve a message from other vehicle (at simulation time 224.001,400,000 s)
2024-06-03 19:41:12,574 INFO  - My position is not better! (at simulation time 224.001,400,000 s)
2024-06-03 19:41:12,574 INFO  - Recieve a message from other vehicle (at simulation time 224.003,300,000 s)
2024-06-03 19:41:12,574 INFO  - My position is not better! (at simulation time 224.003,300,000 s)
2024-06-03 19:41:12,925 INFO  - Called #onVehicleUpdated (at simulation time 225.000,000,000 s)
2024-06-03 19:41:12,926 INFO  - Recieve a message from other vehicle (at simulation time 225.000,400,000 s)
2024-06-03 19:41:12,926 INFO  - My position is not better! (at simulation time 225.000,400,000 s)
2024-06-03 19:41:12,926 INFO  - Recieve a message from other vehicle (at simulation time 225.000,900,000 s)
2024-06-03 19:41:12,926 INFO  - My position is not better! (at simulation time 225.000,900,000 s)
2024-06-03 19:41:12,926 INFO  - Recieve a message from other vehicle (at simulation time 225.000,900,000 s)
2024-06-03 19:41:12,926 INFO  - My position is not better! (at simulation time 225.000,900,000 s)
2024-06-03 19:41:13,276 INFO  - Called #onVehicleUpdated (at simulation time 226.000,000,000 s)
2024-06-03 19:41:13,276 INFO  - Sending out AdHoc broadcast (at simulation time 226.000,000,000 s)
2024-06-03 19:41:13,276 INFO  - Recieve a message from other vehicle (at simulation time 226.000,400,000 s)
2024-06-03 19:41:13,276 INFO  - My position is not better! (at simulation time 226.000,400,000 s)
2024-06-03 19:41:13,276 INFO  - Recieve a message from other vehicle (at simulation time 226.000,400,000 s)
2024-06-03 19:41:13,276 INFO  - My position is not better! (at simulation time 226.000,400,000 s)
2024-06-03 19:41:13,276 INFO  - Recieve a message from other vehicle (at simulation time 226.002,400,000 s)
2024-06-03 19:41:13,276 INFO  - My position is not better! (at simulation time 226.002,400,000 s)
2024-06-03 19:41:13,276 INFO  - Recieve a message from other vehicle (at simulation time 226.002,800,000 s)
2024-06-03 19:41:13,276 INFO  - My position is not better! (at simulation time 226.002,800,000 s)
2024-06-03 19:41:13,626 INFO  - Called #onVehicleUpdated (at simulation time 227.000,000,000 s)
2024-06-03 19:41:13,626 INFO  - Exced velocity! Sending new CAM (at simulation time 227.000,000,000 s)
2024-06-03 19:41:13,626 INFO  - Sending out AdHoc broadcast (at simulation time 227.000,000,000 s)
2024-06-03 19:41:13,626 INFO  - Recieve a message from other vehicle (at simulation time 227.000,900,000 s)
2024-06-03 19:41:13,627 INFO  - My position is not better! (at simulation time 227.000,900,000 s)
2024-06-03 19:41:13,627 INFO  - Recieve a message from other vehicle (at simulation time 227.000,900,000 s)
2024-06-03 19:41:13,627 INFO  - My position is not better! (at simulation time 227.000,900,000 s)
2024-06-03 19:41:13,627 INFO  - Recieve a message from other vehicle (at simulation time 227.001,900,000 s)
2024-06-03 19:41:13,627 INFO  - My position is not better! (at simulation time 227.001,900,000 s)
2024-06-03 19:41:13,627 INFO  - Recieve a message from other vehicle (at simulation time 227.002,800,000 s)
2024-06-03 19:41:13,627 INFO  - My position is not better! (at simulation time 227.002,800,000 s)
2024-06-03 19:41:13,976 INFO  - Called #onVehicleUpdated (at simulation time 228.000,000,000 s)
2024-06-03 19:41:13,976 INFO  - Sending out AdHoc broadcast (at simulation time 228.000,000,000 s)
2024-06-03 19:41:13,976 INFO  - Recieve a message from other vehicle (at simulation time 228.001,400,000 s)
2024-06-03 19:41:13,976 INFO  - My position is not better! (at simulation time 228.001,400,000 s)
2024-06-03 19:41:13,976 INFO  - Recieve a message from other vehicle (at simulation time 228.001,400,000 s)
2024-06-03 19:41:13,976 INFO  - My position is not better! (at simulation time 228.001,400,000 s)
2024-06-03 19:41:13,976 INFO  - Recieve a message from other vehicle (at simulation time 228.002,400,000 s)
2024-06-03 19:41:13,976 INFO  - My position is not better! (at simulation time 228.002,400,000 s)
2024-06-03 19:41:13,976 INFO  - Recieve a message from other vehicle (at simulation time 228.003,300,000 s)
2024-06-03 19:41:13,976 INFO  - My position is not better! (at simulation time 228.003,300,000 s)
2024-06-03 19:41:14,325 INFO  - Called #onVehicleUpdated (at simulation time 229.000,000,000 s)
2024-06-03 19:41:14,326 INFO  - Sending out AdHoc broadcast (at simulation time 229.000,000,000 s)
2024-06-03 19:41:14,326 INFO  - Recieve a message from other vehicle (at simulation time 229.000,900,000 s)
2024-06-03 19:41:14,326 INFO  - My position is not better! (at simulation time 229.000,900,000 s)
2024-06-03 19:41:14,327 INFO  - Recieve a message from other vehicle (at simulation time 229.001,400,000 s)
2024-06-03 19:41:14,327 INFO  - My position is not better! (at simulation time 229.001,400,000 s)
2024-06-03 19:41:14,327 INFO  - Recieve a message from other vehicle (at simulation time 229.001,900,000 s)
2024-06-03 19:41:14,327 INFO  - My position is not better! (at simulation time 229.001,900,000 s)
2024-06-03 19:41:14,327 INFO  - Recieve a message from other vehicle (at simulation time 229.002,300,000 s)
2024-06-03 19:41:14,327 INFO  - My position is not better! (at simulation time 229.002,300,000 s)
2024-06-03 19:41:14,327 INFO  - Recieve a message from other vehicle (at simulation time 229.002,300,000 s)
2024-06-03 19:41:14,327 INFO  - My position is not better! (at simulation time 229.002,300,000 s)
2024-06-03 19:41:14,327 INFO  - Recieve a message from other vehicle (at simulation time 229.002,800,000 s)
2024-06-03 19:41:14,327 INFO  - My position is not better! (at simulation time 229.002,800,000 s)
2024-06-03 19:41:14,328 INFO  - Recieve a message from other vehicle (at simulation time 229.004,300,000 s)
2024-06-03 19:41:14,328 INFO  - My position is not better! (at simulation time 229.004,300,000 s)
