2024-06-03 18:35:03,854 INFO  - Initialize Vehicle application (at simulation time 6.000,000,000 s)
2024-06-03 18:35:03,857 INFO  - Activated WLAN Module (at simulation time 6.000,000,000 s)
2024-06-03 18:35:03,867 INFO  - Called #onVehicleUpdated (at simulation time 6.000,000,000 s)
2024-06-03 18:35:04,061 INFO  - Called #onVehicleUpdated (at simulation time 7.000,000,000 s)
2024-06-03 18:35:04,063 INFO  - Define the name: veh_0 and route: r_0 (at simulation time 7.000,000,000 s)
2024-06-03 18:35:04,064 INFO  - Sending out AdHoc broadcast (at simulation time 7.000,000,000 s)
2024-06-03 18:35:04,250 INFO  - Called #onVehicleUpdated (at simulation time 8.000,000,000 s)
2024-06-03 18:35:04,448 INFO  - Called #onVehicleUpdated (at simulation time 9.000,000,000 s)
2024-06-03 18:35:04,450 INFO  - Sending out AdHoc broadcast (at simulation time 9.000,000,000 s)
2024-06-03 18:35:04,664 INFO  - Called #onVehicleUpdated (at simulation time 10.000,000,000 s)
2024-06-03 18:35:04,849 INFO  - Called #onVehicleUpdated (at simulation time 11.000,000,000 s)
2024-06-03 18:35:04,856 INFO  - Sending out AdHoc broadcast (at simulation time 11.000,000,000 s)
2024-06-03 18:35:05,048 INFO  - Called #onVehicleUpdated (at simulation time 12.000,000,000 s)
2024-06-03 18:35:05,251 INFO  - Called #onVehicleUpdated (at simulation time 13.000,000,000 s)
2024-06-03 18:35:05,257 INFO  - Sending out AdHoc broadcast (at simulation time 13.000,000,000 s)
2024-06-03 18:35:05,261 INFO  - Recieve a message from other vehicle (at simulation time 13.000,400,000 s)
2024-06-03 18:35:05,261 INFO  - My position is not better! (at simulation time 13.000,400,000 s)
2024-06-03 18:35:05,262 INFO  - Recieve a message from other vehicle (at simulation time 13.000,400,000 s)
2024-06-03 18:35:05,262 INFO  - My position is not better! (at simulation time 13.000,400,000 s)
2024-06-03 18:35:05,264 INFO  - Recieve a message from other vehicle (at simulation time 13.000,900,000 s)
2024-06-03 18:35:05,264 INFO  - My position is not better! (at simulation time 13.000,900,000 s)
2024-06-03 18:35:05,267 INFO  - Recieve a message from other vehicle (at simulation time 13.001,400,000 s)
2024-06-03 18:35:05,267 INFO  - My position is not better! (at simulation time 13.001,400,000 s)
2024-06-03 18:35:05,267 INFO  - Recieve a message from other vehicle (at simulation time 13.001,400,000 s)
2024-06-03 18:35:05,267 INFO  - My position is not better! (at simulation time 13.001,400,000 s)
2024-06-03 18:35:05,268 INFO  - Recieve a message from other vehicle (at simulation time 13.001,400,000 s)
2024-06-03 18:35:05,268 INFO  - My position is not better! (at simulation time 13.001,400,000 s)
2024-06-03 18:35:05,268 INFO  - Recieve a message from other vehicle (at simulation time 13.001,400,000 s)
2024-06-03 18:35:05,268 INFO  - My position is not better! (at simulation time 13.001,400,000 s)
2024-06-03 18:35:05,270 INFO  - Recieve a message from other vehicle (at simulation time 13.001,900,000 s)
2024-06-03 18:35:05,270 INFO  - My position is not better! (at simulation time 13.001,900,000 s)
2024-06-03 18:35:05,272 INFO  - Recieve a message from other vehicle (at simulation time 13.002,400,000 s)
2024-06-03 18:35:05,273 INFO  - My position is not better! (at simulation time 13.002,400,000 s)
2024-06-03 18:35:05,273 INFO  - Recieve a message from other vehicle (at simulation time 13.002,800,000 s)
2024-06-03 18:35:05,273 INFO  - My position is not better! (at simulation time 13.002,800,000 s)
2024-06-03 18:35:05,273 INFO  - Recieve a message from other vehicle (at simulation time 13.002,800,000 s)
2024-06-03 18:35:05,273 INFO  - My position is not better! (at simulation time 13.002,800,000 s)
2024-06-03 18:35:05,274 INFO  - Recieve a message from other vehicle (at simulation time 13.002,800,000 s)
2024-06-03 18:35:05,274 INFO  - My position is not better! (at simulation time 13.002,800,000 s)
2024-06-03 18:35:05,274 INFO  - Recieve a message from other vehicle (at simulation time 13.003,300,000 s)
2024-06-03 18:35:05,274 INFO  - My position is not better! (at simulation time 13.003,300,000 s)
2024-06-03 18:35:05,275 INFO  - Recieve a message from other vehicle (at simulation time 13.003,800,000 s)
2024-06-03 18:35:05,275 INFO  - I'm in better position but no more hops in message (at simulation time 13.003,800,000 s)
2024-06-03 18:35:05,275 INFO  - Recieve a message from other vehicle (at simulation time 13.003,800,000 s)
2024-06-03 18:35:05,275 INFO  - My position is not better! (at simulation time 13.003,800,000 s)
2024-06-03 18:35:05,275 INFO  - Recieve a message from other vehicle (at simulation time 13.003,800,000 s)
2024-06-03 18:35:05,275 INFO  - My position is not better! (at simulation time 13.003,800,000 s)
2024-06-03 18:35:05,453 INFO  - Called #onVehicleUpdated (at simulation time 14.000,000,000 s)
2024-06-03 18:35:05,460 INFO  - Recieve a message from other vehicle (at simulation time 14.000,400,000 s)
2024-06-03 18:35:05,460 INFO  - My position is not better! (at simulation time 14.000,400,000 s)
2024-06-03 18:35:05,463 INFO  - Recieve a message from other vehicle (at simulation time 14.000,900,000 s)
2024-06-03 18:35:05,463 INFO  - My position is not better! (at simulation time 14.000,900,000 s)
2024-06-03 18:35:05,463 INFO  - Recieve a message from other vehicle (at simulation time 14.000,900,000 s)
2024-06-03 18:35:05,463 INFO  - My position is not better! (at simulation time 14.000,900,000 s)
2024-06-03 18:35:05,464 INFO  - Recieve a message from other vehicle (at simulation time 14.000,900,000 s)
2024-06-03 18:35:05,465 INFO  - Recending a message from other vehicle (at simulation time 14.000,900,000 s)
2024-06-03 18:35:05,467 INFO  - Recieve a message from other vehicle (at simulation time 14.001,300,000 s)
2024-06-03 18:35:05,467 INFO  - I'm in better position but no more hops in message (at simulation time 14.001,300,000 s)
2024-06-03 18:35:05,469 INFO  - Recieve a message from other vehicle (at simulation time 14.001,400,000 s)
2024-06-03 18:35:05,469 INFO  - My position is not better! (at simulation time 14.001,400,000 s)
2024-06-03 18:35:05,470 INFO  - Recieve a message from other vehicle (at simulation time 14.001,400,000 s)
2024-06-03 18:35:05,470 INFO  - My position is not better! (at simulation time 14.001,400,000 s)
2024-06-03 18:35:05,471 INFO  - Recieve a message from other vehicle (at simulation time 14.001,400,000 s)
2024-06-03 18:35:05,471 INFO  - My position is not better! (at simulation time 14.001,400,000 s)
2024-06-03 18:35:05,472 INFO  - Recieve a message from other vehicle (at simulation time 14.001,800,000 s)
2024-06-03 18:35:05,472 INFO  - My position is not better! (at simulation time 14.001,800,000 s)
2024-06-03 18:35:05,472 INFO  - Recieve a message from other vehicle (at simulation time 14.001,900,000 s)
2024-06-03 18:35:05,472 INFO  - I'm in better position but no more hops in message (at simulation time 14.001,900,000 s)
2024-06-03 18:35:05,473 INFO  - Recieve a message from other vehicle (at simulation time 14.001,900,000 s)
2024-06-03 18:35:05,473 INFO  - My position is not better! (at simulation time 14.001,900,000 s)
2024-06-03 18:35:05,475 INFO  - Recieve a message from other vehicle (at simulation time 14.002,300,000 s)
2024-06-03 18:35:05,475 INFO  - My position is not better! (at simulation time 14.002,300,000 s)
2024-06-03 18:35:05,477 INFO  - Recieve a message from other vehicle (at simulation time 14.002,400,000 s)
2024-06-03 18:35:05,477 INFO  - I'm in better position but no more hops in message (at simulation time 14.002,400,000 s)
2024-06-03 18:35:05,478 INFO  - Recieve a message from other vehicle (at simulation time 14.003,300,000 s)
2024-06-03 18:35:05,478 INFO  - I'm in better position but no more hops in message (at simulation time 14.003,300,000 s)
2024-06-03 18:35:05,479 INFO  - Recieve a message from other vehicle (at simulation time 14.003,300,000 s)
2024-06-03 18:35:05,479 INFO  - My position is not better! (at simulation time 14.003,300,000 s)
2024-06-03 18:35:05,479 INFO  - Recieve a message from other vehicle (at simulation time 14.004,300,000 s)
2024-06-03 18:35:05,479 INFO  - My position is not better! (at simulation time 14.004,300,000 s)
2024-06-03 18:35:05,664 INFO  - Called #onVehicleUpdated (at simulation time 15.000,000,000 s)
2024-06-03 18:35:05,665 INFO  - Sending out DENM broadcast (at simulation time 15.000,000,000 s)
2024-06-03 18:35:05,667 INFO  - Sending out AdHoc broadcast (at simulation time 15.000,000,000 s)
2024-06-03 18:35:05,671 INFO  - Recieve a message from other vehicle (at simulation time 15.000,400,000 s)
2024-06-03 18:35:05,671 INFO  - DENM message Recived from veh_3 -info : nevoeiro (at simulation time 15.000,400,000 s)
2024-06-03 18:35:05,671 INFO  - No more hops in DENM message (at simulation time 15.000,400,000 s)
2024-06-03 18:35:05,671 INFO  - Recieve a message from other vehicle (at simulation time 15.000,400,000 s)
2024-06-03 18:35:05,671 INFO  - My position is not better! (at simulation time 15.000,400,000 s)
2024-06-03 18:35:05,672 INFO  - Recieve a message from other vehicle (at simulation time 15.000,400,000 s)
2024-06-03 18:35:05,672 INFO  - My position is not better! (at simulation time 15.000,400,000 s)
2024-06-03 18:35:05,674 INFO  - Recieve a message from other vehicle (at simulation time 15.000,900,000 s)
2024-06-03 18:35:05,674 INFO  - My position is not better! (at simulation time 15.000,900,000 s)
2024-06-03 18:35:05,675 INFO  - Recieve a message from other vehicle (at simulation time 15.001,300,000 s)
2024-06-03 18:35:05,675 INFO  - DENM message Recived from veh_0 -info : seco (at simulation time 15.001,300,000 s)
2024-06-03 18:35:05,675 INFO  - No more hops in DENM message (at simulation time 15.001,300,000 s)
2024-06-03 18:35:05,675 INFO  - Recieve a message from other vehicle (at simulation time 15.001,300,000 s)
2024-06-03 18:35:05,675 INFO  - DENM message Recived from veh_1 -info : piso-molhado (at simulation time 15.001,300,000 s)
2024-06-03 18:35:05,675 INFO  - I slow down due to road state (at simulation time 15.001,300,000 s)
2024-06-03 18:35:05,675 INFO  - No more hops in DENM message (at simulation time 15.001,300,000 s)
2024-06-03 18:35:05,676 INFO  - Recieve a message from other vehicle (at simulation time 15.001,300,000 s)
2024-06-03 18:35:05,676 INFO  - DENM message Recived from veh_3 -info : nevoeiro (at simulation time 15.001,300,000 s)
2024-06-03 18:35:05,676 INFO  - No more hops in DENM message (at simulation time 15.001,300,000 s)
2024-06-03 18:35:05,677 INFO  - Recieve a message from other vehicle (at simulation time 15.001,400,000 s)
2024-06-03 18:35:05,677 INFO  - DENM message Recived from veh_1 -info : piso-molhado (at simulation time 15.001,400,000 s)
2024-06-03 18:35:05,677 INFO  - I slow down due to road state (at simulation time 15.001,400,000 s)
2024-06-03 18:35:05,677 INFO  - No more hops in DENM message (at simulation time 15.001,400,000 s)
2024-06-03 18:35:05,677 INFO  - Recieve a message from other vehicle (at simulation time 15.001,400,000 s)
2024-06-03 18:35:05,677 INFO  - My position is not better! (at simulation time 15.001,400,000 s)
2024-06-03 18:35:05,679 INFO  - Recieve a message from other vehicle (at simulation time 15.001,800,000 s)
2024-06-03 18:35:05,679 INFO  - DENM message Recived from veh_5 -info : seco (at simulation time 15.001,800,000 s)
2024-06-03 18:35:05,679 INFO  - No more hops in DENM message (at simulation time 15.001,800,000 s)
2024-06-03 18:35:05,680 INFO  - Recieve a message from other vehicle (at simulation time 15.001,900,000 s)
2024-06-03 18:35:05,680 INFO  - DENM message Recived from veh_5 -info : seco (at simulation time 15.001,900,000 s)
2024-06-03 18:35:05,680 INFO  - No more hops in DENM message (at simulation time 15.001,900,000 s)
2024-06-03 18:35:05,680 INFO  - Recieve a message from other vehicle (at simulation time 15.001,900,000 s)
2024-06-03 18:35:05,680 INFO  - My position is not better! (at simulation time 15.001,900,000 s)
2024-06-03 18:35:05,680 INFO  - Recieve a message from other vehicle (at simulation time 15.001,900,000 s)
2024-06-03 18:35:05,680 INFO  - My position is not better! (at simulation time 15.001,900,000 s)
2024-06-03 18:35:05,680 INFO  - Recieve a message from other vehicle (at simulation time 15.001,900,000 s)
2024-06-03 18:35:05,680 INFO  - My position is not better! (at simulation time 15.001,900,000 s)
2024-06-03 18:35:05,680 INFO  - Recieve a message from other vehicle (at simulation time 15.001,900,000 s)
2024-06-03 18:35:05,680 INFO  - My position is not better! (at simulation time 15.001,900,000 s)
2024-06-03 18:35:05,681 INFO  - Recieve a message from other vehicle (at simulation time 15.001,900,000 s)
2024-06-03 18:35:05,681 INFO  - My position is not better! (at simulation time 15.001,900,000 s)
2024-06-03 18:35:05,682 INFO  - Recieve a message from other vehicle (at simulation time 15.002,300,000 s)
2024-06-03 18:35:05,682 INFO  - My position is not better! (at simulation time 15.002,300,000 s)
2024-06-03 18:35:05,682 INFO  - Recieve a message from other vehicle (at simulation time 15.002,300,000 s)
2024-06-03 18:35:05,682 INFO  - I'm in better position but no more hops in message (at simulation time 15.002,300,000 s)
2024-06-03 18:35:05,682 INFO  - Recieve a message from other vehicle (at simulation time 15.002,400,000 s)
2024-06-03 18:35:05,682 INFO  - I'm in better position but no more hops in message (at simulation time 15.002,400,000 s)
2024-06-03 18:35:05,684 INFO  - Recieve a message from RSU (at simulation time 15.323,254,660 s)
2024-06-03 18:35:05,684 INFO  - RSU Stopped me!!! (at simulation time 15.323,254,660 s)
2024-06-03 18:35:05,684 INFO  - Recieve a message from RSU (at simulation time 15.326,639,386 s)
2024-06-03 18:35:05,851 INFO  - Called #onVehicleUpdated (at simulation time 16.000,000,000 s)
2024-06-03 18:35:05,861 INFO  - Recieve a message from other vehicle (at simulation time 16.000,400,000 s)
2024-06-03 18:35:05,861 INFO  - My position is not better! (at simulation time 16.000,400,000 s)
2024-06-03 18:35:05,861 INFO  - Recieve a message from other vehicle (at simulation time 16.000,400,000 s)
2024-06-03 18:35:05,861 INFO  - My position is not better! (at simulation time 16.000,400,000 s)
2024-06-03 18:35:05,863 INFO  - Recieve a message from other vehicle (at simulation time 16.000,900,000 s)
2024-06-03 18:35:05,863 INFO  - My position is not better! (at simulation time 16.000,900,000 s)
2024-06-03 18:35:05,864 INFO  - Recieve a message from other vehicle (at simulation time 16.000,900,000 s)
2024-06-03 18:35:05,864 INFO  - My position is not better! (at simulation time 16.000,900,000 s)
2024-06-03 18:35:05,867 INFO  - Recieve a message from other vehicle (at simulation time 16.001,300,000 s)
2024-06-03 18:35:05,867 INFO  - My position is not better! (at simulation time 16.001,300,000 s)
2024-06-03 18:35:05,867 INFO  - Recieve a message from other vehicle (at simulation time 16.001,400,000 s)
2024-06-03 18:35:05,867 INFO  - DENM message Recived from veh_2 -info : piso-molhado (at simulation time 16.001,400,000 s)
2024-06-03 18:35:05,867 INFO  - I slow down due to road state (at simulation time 16.001,400,000 s)
2024-06-03 18:35:05,867 INFO  - No more hops in DENM message (at simulation time 16.001,400,000 s)
2024-06-03 18:35:05,867 INFO  - Recieve a message from other vehicle (at simulation time 16.001,400,000 s)
2024-06-03 18:35:05,867 INFO  - DENM message Recived from veh_4 -info : seco (at simulation time 16.001,400,000 s)
2024-06-03 18:35:05,867 INFO  - No more hops in DENM message (at simulation time 16.001,400,000 s)
2024-06-03 18:35:05,868 INFO  - Recieve a message from other vehicle (at simulation time 16.001,400,000 s)
2024-06-03 18:35:05,868 INFO  - I'm in better position but no more hops in message (at simulation time 16.001,400,000 s)
2024-06-03 18:35:05,868 INFO  - Recieve a message from other vehicle (at simulation time 16.001,400,000 s)
2024-06-03 18:35:05,868 INFO  - My position is not better! (at simulation time 16.001,400,000 s)
2024-06-03 18:35:05,868 INFO  - Recieve a message from other vehicle (at simulation time 16.001,400,000 s)
2024-06-03 18:35:05,868 INFO  - Recending a message from other vehicle (at simulation time 16.001,400,000 s)
2024-06-03 18:35:05,870 INFO  - Recieve a message from other vehicle (at simulation time 16.001,800,000 s)
2024-06-03 18:35:05,870 INFO  - DENM message Recived from veh_4 -info : seco (at simulation time 16.001,800,000 s)
2024-06-03 18:35:05,870 INFO  - No more hops in DENM message (at simulation time 16.001,800,000 s)
2024-06-03 18:35:05,872 INFO  - Recieve a message from other vehicle (at simulation time 16.001,900,000 s)
2024-06-03 18:35:05,872 INFO  - My position is not better! (at simulation time 16.001,900,000 s)
2024-06-03 18:35:05,872 INFO  - Recieve a message from other vehicle (at simulation time 16.001,900,000 s)
2024-06-03 18:35:05,872 INFO  - My position is not better! (at simulation time 16.001,900,000 s)
2024-06-03 18:35:05,872 INFO  - Recieve a message from other vehicle (at simulation time 16.002,300,000 s)
2024-06-03 18:35:05,872 INFO  - My position is not better! (at simulation time 16.002,300,000 s)
2024-06-03 18:35:05,872 INFO  - Recieve a message from other vehicle (at simulation time 16.002,300,000 s)
2024-06-03 18:35:05,872 INFO  - DENM message Recived from veh_2 -info : piso-molhado (at simulation time 16.002,300,000 s)
2024-06-03 18:35:05,872 INFO  - I slow down due to road state (at simulation time 16.002,300,000 s)
2024-06-03 18:35:05,872 INFO  - No more hops in DENM message (at simulation time 16.002,300,000 s)
2024-06-03 18:35:05,875 INFO  - Recieve a message from other vehicle (at simulation time 16.002,400,000 s)
2024-06-03 18:35:05,875 INFO  - I'm in better position but no more hops in message (at simulation time 16.002,400,000 s)
2024-06-03 18:35:05,877 INFO  - Recieve a message from other vehicle (at simulation time 16.003,800,000 s)
2024-06-03 18:35:05,877 INFO  - I'm in better position but no more hops in message (at simulation time 16.003,800,000 s)
2024-06-03 18:35:05,877 INFO  - Recieve a message from other vehicle (at simulation time 16.004,300,000 s)
2024-06-03 18:35:05,877 INFO  - My position is not better! (at simulation time 16.004,300,000 s)
2024-06-03 18:35:05,877 INFO  - Recieve a message from RSU (at simulation time 16.010,612,770 s)
2024-06-03 18:35:05,877 INFO  - Recieve a message from RSU (at simulation time 16.037,773,605 s)
2024-06-03 18:35:05,878 INFO  - Recieve a message from RSU (at simulation time 16.725,326,197 s)
2024-06-03 18:35:05,878 INFO  - Recieve a message from RSU (at simulation time 16.741,721,244 s)
2024-06-03 18:35:06,051 INFO  - Called #onVehicleUpdated (at simulation time 17.000,000,000 s)
2024-06-03 18:35:06,054 INFO  - Sending out AdHoc broadcast (at simulation time 17.000,000,000 s)
2024-06-03 18:35:06,058 INFO  - Recieve a message from other vehicle (at simulation time 17.000,400,000 s)
2024-06-03 18:35:06,058 INFO  - Recending a message from other vehicle (at simulation time 17.000,400,000 s)
2024-06-03 18:35:06,061 INFO  - Recieve a message from other vehicle (at simulation time 17.000,800,000 s)
2024-06-03 18:35:06,061 INFO  - I'm in better position but no more hops in message (at simulation time 17.000,800,000 s)
2024-06-03 18:35:06,062 INFO  - Recieve a message from other vehicle (at simulation time 17.000,900,000 s)
2024-06-03 18:35:06,062 INFO  - I'm in better position but no more hops in message (at simulation time 17.000,900,000 s)
2024-06-03 18:35:06,063 INFO  - Recieve a message from other vehicle (at simulation time 17.000,900,000 s)
2024-06-03 18:35:06,063 INFO  - I'm in better position but no more hops in message (at simulation time 17.000,900,000 s)
2024-06-03 18:35:06,064 INFO  - Recieve a message from other vehicle (at simulation time 17.001,400,000 s)
2024-06-03 18:35:06,064 INFO  - I'm in better position but no more hops in message (at simulation time 17.001,400,000 s)
2024-06-03 18:35:06,065 INFO  - Recieve a message from other vehicle (at simulation time 17.001,400,000 s)
2024-06-03 18:35:06,065 INFO  - I'm in better position but no more hops in message (at simulation time 17.001,400,000 s)
2024-06-03 18:35:06,065 INFO  - Recieve a message from other vehicle (at simulation time 17.001,400,000 s)
2024-06-03 18:35:06,065 INFO  - I'm in better position but no more hops in message (at simulation time 17.001,400,000 s)
2024-06-03 18:35:06,066 INFO  - Recieve a message from other vehicle (at simulation time 17.001,400,000 s)
2024-06-03 18:35:06,066 INFO  - I'm in better position but no more hops in message (at simulation time 17.001,400,000 s)
2024-06-03 18:35:06,067 INFO  - Recieve a message from other vehicle (at simulation time 17.001,900,000 s)
2024-06-03 18:35:06,067 INFO  - My position is not better! (at simulation time 17.001,900,000 s)
2024-06-03 18:35:06,068 INFO  - Recieve a message from other vehicle (at simulation time 17.002,400,000 s)
2024-06-03 18:35:06,069 INFO  - I'm in better position but no more hops in message (at simulation time 17.002,400,000 s)
2024-06-03 18:35:06,069 INFO  - Recieve a message from other vehicle (at simulation time 17.002,400,000 s)
2024-06-03 18:35:06,069 INFO  - My position is not better! (at simulation time 17.002,400,000 s)
2024-06-03 18:35:06,069 INFO  - Recieve a message from other vehicle (at simulation time 17.003,300,000 s)
2024-06-03 18:35:06,069 INFO  - I'm in better position but no more hops in message (at simulation time 17.003,300,000 s)
2024-06-03 18:35:06,069 INFO  - Recieve a message from other vehicle (at simulation time 17.003,300,000 s)
2024-06-03 18:35:06,069 INFO  - I'm in better position but no more hops in message (at simulation time 17.003,300,000 s)
2024-06-03 18:35:06,069 INFO  - Recieve a message from other vehicle (at simulation time 17.003,800,000 s)
2024-06-03 18:35:06,069 INFO  - My position is not better! (at simulation time 17.003,800,000 s)
2024-06-03 18:35:06,071 INFO  - Recieve a message from RSU (at simulation time 17.422,420,321 s)
2024-06-03 18:35:06,071 INFO  - Recieve a message from RSU (at simulation time 17.440,174,622 s)
2024-06-03 18:35:06,252 INFO  - Called #onVehicleUpdated (at simulation time 18.000,000,000 s)
2024-06-03 18:35:06,256 INFO  - Recieve a message from other vehicle (at simulation time 18.000,400,000 s)
2024-06-03 18:35:06,257 INFO  - Recending a message from other vehicle (at simulation time 18.000,400,000 s)
2024-06-03 18:35:06,258 INFO  - Recieve a message from other vehicle (at simulation time 18.000,400,000 s)
2024-06-03 18:35:06,258 INFO  - Recending a message from other vehicle (at simulation time 18.000,400,000 s)
2024-06-03 18:35:06,260 INFO  - Recieve a message from other vehicle (at simulation time 18.000,900,000 s)
2024-06-03 18:35:06,261 INFO  - I'm in better position but no more hops in message (at simulation time 18.000,900,000 s)
2024-06-03 18:35:06,261 INFO  - Recieve a message from other vehicle (at simulation time 18.000,900,000 s)
2024-06-03 18:35:06,261 INFO  - My position is not better! (at simulation time 18.000,900,000 s)
2024-06-03 18:35:06,261 INFO  - Recieve a message from other vehicle (at simulation time 18.000,900,000 s)
2024-06-03 18:35:06,261 INFO  - I'm in better position but no more hops in message (at simulation time 18.000,900,000 s)
2024-06-03 18:35:06,262 INFO  - Recieve a message from other vehicle (at simulation time 18.001,400,000 s)
2024-06-03 18:35:06,262 INFO  - I'm in better position but no more hops in message (at simulation time 18.001,400,000 s)
2024-06-03 18:35:06,262 INFO  - Recieve a message from other vehicle (at simulation time 18.001,400,000 s)
2024-06-03 18:35:06,262 INFO  - I'm in better position but no more hops in message (at simulation time 18.001,400,000 s)
2024-06-03 18:35:06,263 INFO  - Recieve a message from other vehicle (at simulation time 18.001,900,000 s)
2024-06-03 18:35:06,263 INFO  - I'm in better position but no more hops in message (at simulation time 18.001,900,000 s)
2024-06-03 18:35:06,263 INFO  - Recieve a message from other vehicle (at simulation time 18.001,900,000 s)
2024-06-03 18:35:06,263 INFO  - My position is not better! (at simulation time 18.001,900,000 s)
2024-06-03 18:35:06,264 INFO  - Recieve a message from other vehicle (at simulation time 18.002,400,000 s)
2024-06-03 18:35:06,265 INFO  - My position is not better! (at simulation time 18.002,400,000 s)
2024-06-03 18:35:06,265 INFO  - Recieve a message from other vehicle (at simulation time 18.002,800,000 s)
2024-06-03 18:35:06,265 INFO  - I'm in better position but no more hops in message (at simulation time 18.002,800,000 s)
2024-06-03 18:35:06,266 INFO  - Recieve a message from RSU (at simulation time 18.115,729,922 s)
2024-06-03 18:35:06,267 INFO  - Recieve a message from RSU (at simulation time 18.136,353,961 s)
2024-06-03 18:35:06,268 INFO  - Recieve a message from RSU (at simulation time 18.811,884,508 s)
2024-06-03 18:35:06,268 INFO  - Recieve a message from RSU (at simulation time 18.863,441,485 s)
2024-06-03 18:35:06,453 INFO  - Called #onVehicleUpdated (at simulation time 19.000,000,000 s)
2024-06-03 18:35:06,455 INFO  - Sending out AdHoc broadcast (at simulation time 19.000,000,000 s)
2024-06-03 18:35:06,459 INFO  - Recieve a message from other vehicle (at simulation time 19.000,400,000 s)
2024-06-03 18:35:06,459 INFO  - I'm in better position but no more hops in message (at simulation time 19.000,400,000 s)
2024-06-03 18:35:06,460 INFO  - Recieve a message from other vehicle (at simulation time 19.000,400,000 s)
2024-06-03 18:35:06,460 INFO  - I'm in better position but no more hops in message (at simulation time 19.000,400,000 s)
2024-06-03 18:35:06,461 INFO  - Recieve a message from other vehicle (at simulation time 19.000,400,000 s)
2024-06-03 18:35:06,461 INFO  - I'm in better position but no more hops in message (at simulation time 19.000,400,000 s)
2024-06-03 18:35:06,464 INFO  - Recieve a message from other vehicle (at simulation time 19.000,900,000 s)
2024-06-03 18:35:06,464 INFO  - I'm in better position but no more hops in message (at simulation time 19.000,900,000 s)
2024-06-03 18:35:06,464 INFO  - Recieve a message from other vehicle (at simulation time 19.001,300,000 s)
2024-06-03 18:35:06,464 INFO  - I'm in better position but no more hops in message (at simulation time 19.001,300,000 s)
2024-06-03 18:35:06,465 INFO  - Recieve a message from other vehicle (at simulation time 19.001,400,000 s)
2024-06-03 18:35:06,465 INFO  - I'm in better position but no more hops in message (at simulation time 19.001,400,000 s)
2024-06-03 18:35:06,466 INFO  - Recieve a message from other vehicle (at simulation time 19.001,400,000 s)
2024-06-03 18:35:06,466 INFO  - I'm in better position but no more hops in message (at simulation time 19.001,400,000 s)
2024-06-03 18:35:06,467 INFO  - Recieve a message from other vehicle (at simulation time 19.001,900,000 s)
2024-06-03 18:35:06,467 INFO  - I'm in better position but no more hops in message (at simulation time 19.001,900,000 s)
2024-06-03 18:35:06,467 INFO  - Recieve a message from other vehicle (at simulation time 19.001,900,000 s)
2024-06-03 18:35:06,467 INFO  - I'm in better position but no more hops in message (at simulation time 19.001,900,000 s)
2024-06-03 18:35:06,467 INFO  - Recieve a message from other vehicle (at simulation time 19.001,900,000 s)
2024-06-03 18:35:06,467 INFO  - I'm in better position but no more hops in message (at simulation time 19.001,900,000 s)
2024-06-03 18:35:06,468 INFO  - Recieve a message from other vehicle (at simulation time 19.002,300,000 s)
2024-06-03 18:35:06,468 INFO  - I'm in better position but no more hops in message (at simulation time 19.002,300,000 s)
2024-06-03 18:35:06,469 INFO  - Recieve a message from other vehicle (at simulation time 19.002,300,000 s)
2024-06-03 18:35:06,469 INFO  - I'm in better position but no more hops in message (at simulation time 19.002,300,000 s)
2024-06-03 18:35:06,469 INFO  - Recieve a message from other vehicle (at simulation time 19.002,400,000 s)
2024-06-03 18:35:06,469 INFO  - I'm in better position but no more hops in message (at simulation time 19.002,400,000 s)
2024-06-03 18:35:06,469 INFO  - Recieve a message from other vehicle (at simulation time 19.003,300,000 s)
2024-06-03 18:35:06,469 INFO  - I'm in better position but no more hops in message (at simulation time 19.003,300,000 s)
2024-06-03 18:35:06,470 INFO  - Recieve a message from other vehicle (at simulation time 19.004,300,000 s)
2024-06-03 18:35:06,470 INFO  - I'm in better position but no more hops in message (at simulation time 19.004,300,000 s)
2024-06-03 18:35:06,471 INFO  - Recieve a message from RSU (at simulation time 19.520,740,205 s)
2024-06-03 18:35:06,471 INFO  - Recieve a message from RSU (at simulation time 19.522,420,262 s)
2024-06-03 18:35:06,656 INFO  - Called #onVehicleUpdated (at simulation time 20.000,000,000 s)
2024-06-03 18:35:06,660 INFO  - Recieve a message from other vehicle (at simulation time 20.000,400,000 s)
2024-06-03 18:35:06,660 INFO  - I'm in better position but no more hops in message (at simulation time 20.000,400,000 s)
2024-06-03 18:35:06,661 INFO  - Recieve a message from other vehicle (at simulation time 20.000,400,000 s)
2024-06-03 18:35:06,661 INFO  - Recending a message from other vehicle (at simulation time 20.000,400,000 s)
2024-06-03 18:35:06,661 INFO  - Recieve a message from other vehicle (at simulation time 20.000,400,000 s)
2024-06-03 18:35:06,661 INFO  - Recending a message from other vehicle (at simulation time 20.000,400,000 s)
2024-06-03 18:35:06,662 INFO  - Recieve a message from other vehicle (at simulation time 20.000,900,000 s)
2024-06-03 18:35:06,662 INFO  - I'm in better position but no more hops in message (at simulation time 20.000,900,000 s)
2024-06-03 18:35:06,663 INFO  - Recieve a message from other vehicle (at simulation time 20.000,900,000 s)
2024-06-03 18:35:06,663 INFO  - Recending a message from other vehicle (at simulation time 20.000,900,000 s)
2024-06-03 18:35:06,664 INFO  - Recieve a message from other vehicle (at simulation time 20.001,400,000 s)
2024-06-03 18:35:06,664 INFO  - I'm in better position but no more hops in message (at simulation time 20.001,400,000 s)
2024-06-03 18:35:06,665 INFO  - Recieve a message from other vehicle (at simulation time 20.001,800,000 s)
2024-06-03 18:35:06,665 INFO  - I'm in better position but no more hops in message (at simulation time 20.001,800,000 s)
2024-06-03 18:35:06,666 INFO  - Recieve a message from other vehicle (at simulation time 20.001,900,000 s)
2024-06-03 18:35:06,666 INFO  - I'm in better position but no more hops in message (at simulation time 20.001,900,000 s)
2024-06-03 18:35:06,666 INFO  - Recieve a message from other vehicle (at simulation time 20.002,300,000 s)
2024-06-03 18:35:06,666 INFO  - I'm in better position but no more hops in message (at simulation time 20.002,300,000 s)
2024-06-03 18:35:06,667 INFO  - Recieve a message from other vehicle (at simulation time 20.002,400,000 s)
2024-06-03 18:35:06,667 INFO  - Recending a message from other vehicle (at simulation time 20.002,400,000 s)
2024-06-03 18:35:06,667 INFO  - Recieve a message from other vehicle (at simulation time 20.002,400,000 s)
2024-06-03 18:35:06,667 INFO  - I'm in better position but no more hops in message (at simulation time 20.002,400,000 s)
2024-06-03 18:35:06,668 INFO  - Recieve a message from other vehicle (at simulation time 20.002,400,000 s)
2024-06-03 18:35:06,668 INFO  - I'm in better position but no more hops in message (at simulation time 20.002,400,000 s)
2024-06-03 18:35:06,669 INFO  - Recieve a message from other vehicle (at simulation time 20.002,800,000 s)
2024-06-03 18:35:06,669 INFO  - I'm in better position but no more hops in message (at simulation time 20.002,800,000 s)
2024-06-03 18:35:06,670 INFO  - Recieve a message from RSU (at simulation time 20.221,491,234 s)
2024-06-03 18:35:06,670 INFO  - Recieve a message from RSU (at simulation time 20.228,319,510 s)
2024-06-03 18:35:06,671 INFO  - Recieve a message from RSU (at simulation time 20.930,533,786 s)
2024-06-03 18:35:06,671 INFO  - Recieve a message from RSU (at simulation time 20.932,132,185 s)
2024-06-03 18:35:06,852 INFO  - Called #onVehicleUpdated (at simulation time 21.000,000,000 s)
2024-06-03 18:35:06,854 INFO  - Sending out AdHoc broadcast (at simulation time 21.000,000,000 s)
2024-06-03 18:35:06,856 INFO  - Recieve a message from other vehicle (at simulation time 21.000,800,000 s)
2024-06-03 18:35:06,856 INFO  - I'm in better position but no more hops in message (at simulation time 21.000,800,000 s)
2024-06-03 18:35:06,856 INFO  - Recieve a message from other vehicle (at simulation time 21.000,900,000 s)
2024-06-03 18:35:06,856 INFO  - Recending a message from other vehicle (at simulation time 21.000,900,000 s)
2024-06-03 18:35:06,857 INFO  - Recieve a message from other vehicle (at simulation time 21.001,300,000 s)
2024-06-03 18:35:06,857 INFO  - I'm in better position but no more hops in message (at simulation time 21.001,300,000 s)
2024-06-03 18:35:06,857 INFO  - Recieve a message from other vehicle (at simulation time 21.001,400,000 s)
2024-06-03 18:35:06,857 INFO  - I'm in better position but no more hops in message (at simulation time 21.001,400,000 s)
2024-06-03 18:35:06,857 INFO  - Recieve a message from other vehicle (at simulation time 21.001,400,000 s)
2024-06-03 18:35:06,857 INFO  - I'm in better position but no more hops in message (at simulation time 21.001,400,000 s)
2024-06-03 18:35:06,857 INFO  - Recieve a message from other vehicle (at simulation time 21.001,400,000 s)
2024-06-03 18:35:06,857 INFO  - I'm in better position but no more hops in message (at simulation time 21.001,400,000 s)
2024-06-03 18:35:06,857 INFO  - Recieve a message from other vehicle (at simulation time 21.001,400,000 s)
2024-06-03 18:35:06,858 INFO  - Recending a message from other vehicle (at simulation time 21.001,400,000 s)
2024-06-03 18:35:06,858 INFO  - Recieve a message from other vehicle (at simulation time 21.001,400,000 s)
2024-06-03 18:35:06,858 INFO  - I'm in better position but no more hops in message (at simulation time 21.001,400,000 s)
2024-06-03 18:35:06,858 INFO  - Recieve a message from other vehicle (at simulation time 21.001,400,000 s)
2024-06-03 18:35:06,858 INFO  - I'm in better position but no more hops in message (at simulation time 21.001,400,000 s)
2024-06-03 18:35:06,858 INFO  - Recieve a message from other vehicle (at simulation time 21.001,800,000 s)
2024-06-03 18:35:06,858 INFO  - I'm in better position but no more hops in message (at simulation time 21.001,800,000 s)
2024-06-03 18:35:06,859 INFO  - Recieve a message from other vehicle (at simulation time 21.001,800,000 s)
2024-06-03 18:35:06,859 INFO  - I'm in better position but no more hops in message (at simulation time 21.001,800,000 s)
2024-06-03 18:35:06,859 INFO  - Recieve a message from other vehicle (at simulation time 21.001,900,000 s)
2024-06-03 18:35:06,859 INFO  - I'm in better position but no more hops in message (at simulation time 21.001,900,000 s)
2024-06-03 18:35:06,859 INFO  - Recieve a message from other vehicle (at simulation time 21.001,900,000 s)
2024-06-03 18:35:06,859 INFO  - Recending a message from other vehicle (at simulation time 21.001,900,000 s)
2024-06-03 18:35:06,859 INFO  - Recieve a message from other vehicle (at simulation time 21.002,400,000 s)
2024-06-03 18:35:06,859 INFO  - Recending a message from other vehicle (at simulation time 21.002,400,000 s)
2024-06-03 18:35:06,859 INFO  - Recieve a message from other vehicle (at simulation time 21.002,800,000 s)
2024-06-03 18:35:06,859 INFO  - I'm in better position but no more hops in message (at simulation time 21.002,800,000 s)
2024-06-03 18:35:06,860 INFO  - Recieve a message from RSU (at simulation time 21.625,993,096 s)
2024-06-03 18:35:06,860 INFO  - Recieve a message from RSU (at simulation time 21.626,938,626 s)
2024-06-03 18:35:07,054 INFO  - Called #onVehicleUpdated (at simulation time 22.000,000,000 s)
2024-06-03 18:35:07,056 INFO  - Recieve a message from other vehicle (at simulation time 22.000,400,000 s)
2024-06-03 18:35:07,056 INFO  - I'm in better position but no more hops in message (at simulation time 22.000,400,000 s)
2024-06-03 18:35:07,056 INFO  - Recieve a message from other vehicle (at simulation time 22.000,400,000 s)
2024-06-03 18:35:07,056 INFO  - Recending a message from other vehicle (at simulation time 22.000,400,000 s)
2024-06-03 18:35:07,056 INFO  - Recieve a message from other vehicle (at simulation time 22.000,400,000 s)
2024-06-03 18:35:07,056 INFO  - I'm in better position but no more hops in message (at simulation time 22.000,400,000 s)
2024-06-03 18:35:07,056 INFO  - Recieve a message from other vehicle (at simulation time 22.000,800,000 s)
2024-06-03 18:35:07,056 INFO  - I'm in better position but no more hops in message (at simulation time 22.000,800,000 s)
2024-06-03 18:35:07,056 INFO  - Recieve a message from other vehicle (at simulation time 22.000,900,000 s)
2024-06-03 18:35:07,056 INFO  - My position is not better! (at simulation time 22.000,900,000 s)
2024-06-03 18:35:07,057 INFO  - Recieve a message from other vehicle (at simulation time 22.000,900,000 s)
2024-06-03 18:35:07,057 INFO  - My position is not better! (at simulation time 22.000,900,000 s)
2024-06-03 18:35:07,057 INFO  - Recieve a message from other vehicle (at simulation time 22.001,300,000 s)
2024-06-03 18:35:07,057 INFO  - I'm in better position but no more hops in message (at simulation time 22.001,300,000 s)
2024-06-03 18:35:07,058 INFO  - Recieve a message from other vehicle (at simulation time 22.001,900,000 s)
2024-06-03 18:35:07,058 INFO  - My position is not better! (at simulation time 22.001,900,000 s)
2024-06-03 18:35:07,058 INFO  - Recieve a message from other vehicle (at simulation time 22.001,900,000 s)
2024-06-03 18:35:07,058 INFO  - I'm in better position but no more hops in message (at simulation time 22.001,900,000 s)
2024-06-03 18:35:07,058 INFO  - Recieve a message from other vehicle (at simulation time 22.002,800,000 s)
2024-06-03 18:35:07,058 INFO  - I'm in better position but no more hops in message (at simulation time 22.002,800,000 s)
2024-06-03 18:35:07,059 INFO  - Recieve a message from RSU (at simulation time 22.323,208,808 s)
2024-06-03 18:35:07,059 INFO  - Recieve a message from RSU (at simulation time 22.336,692,744 s)
2024-06-03 18:35:07,253 INFO  - Called #onVehicleUpdated (at simulation time 23.000,000,000 s)
2024-06-03 18:35:07,254 INFO  - Sending out AdHoc broadcast (at simulation time 23.000,000,000 s)
2024-06-03 18:35:07,256 INFO  - Recieve a message from other vehicle (at simulation time 23.000,400,000 s)
2024-06-03 18:35:07,256 INFO  - My position is not better! (at simulation time 23.000,400,000 s)
2024-06-03 18:35:07,256 INFO  - Recieve a message from other vehicle (at simulation time 23.000,400,000 s)
2024-06-03 18:35:07,256 INFO  - Recending a message from other vehicle (at simulation time 23.000,400,000 s)
2024-06-03 18:35:07,258 INFO  - Recieve a message from other vehicle (at simulation time 23.001,400,000 s)
2024-06-03 18:35:07,258 INFO  - Recending a message from other vehicle (at simulation time 23.001,400,000 s)
2024-06-03 18:35:07,258 INFO  - Recieve a message from other vehicle (at simulation time 23.001,800,000 s)
2024-06-03 18:35:07,258 INFO  - I'm in better position but no more hops in message (at simulation time 23.001,800,000 s)
2024-06-03 18:35:07,259 INFO  - Recieve a message from other vehicle (at simulation time 23.001,900,000 s)
2024-06-03 18:35:07,259 INFO  - I'm in better position but no more hops in message (at simulation time 23.001,900,000 s)
2024-06-03 18:35:07,259 INFO  - Recieve a message from other vehicle (at simulation time 23.002,300,000 s)
2024-06-03 18:35:07,259 INFO  - I'm in better position but no more hops in message (at simulation time 23.002,300,000 s)
2024-06-03 18:35:07,260 INFO  - Recieve a message from other vehicle (at simulation time 23.002,400,000 s)
2024-06-03 18:35:07,260 INFO  - I'm in better position but no more hops in message (at simulation time 23.002,400,000 s)
2024-06-03 18:35:07,260 INFO  - Recieve a message from other vehicle (at simulation time 23.002,800,000 s)
2024-06-03 18:35:07,260 INFO  - I'm in better position but no more hops in message (at simulation time 23.002,800,000 s)
2024-06-03 18:35:07,260 INFO  - Recieve a message from other vehicle (at simulation time 23.002,800,000 s)
2024-06-03 18:35:07,260 INFO  - I'm in better position but no more hops in message (at simulation time 23.002,800,000 s)
2024-06-03 18:35:07,261 INFO  - Recieve a message from other vehicle (at simulation time 23.003,800,000 s)
2024-06-03 18:35:07,261 INFO  - My position is not better! (at simulation time 23.003,800,000 s)
2024-06-03 18:35:07,261 INFO  - Recieve a message from other vehicle (at simulation time 23.004,300,000 s)
2024-06-03 18:35:07,261 INFO  - I'm in better position but no more hops in message (at simulation time 23.004,300,000 s)
2024-06-03 18:35:07,261 INFO  - Recieve a message from other vehicle (at simulation time 23.004,300,000 s)
2024-06-03 18:35:07,261 INFO  - I'm in better position but no more hops in message (at simulation time 23.004,300,000 s)
2024-06-03 18:35:07,261 INFO  - Recieve a message from RSU (at simulation time 23.025,561,094 s)
2024-06-03 18:35:07,261 INFO  - Recieve a message from RSU (at simulation time 23.067,292,737 s)
2024-06-03 18:35:07,262 INFO  - Recieve a message from RSU (at simulation time 23.716,021,299 s)
2024-06-03 18:35:07,262 INFO  - Recieve a message from RSU (at simulation time 23.719,274,766 s)
2024-06-03 18:35:07,452 INFO  - Called #onVehicleUpdated (at simulation time 24.000,000,000 s)
2024-06-03 18:35:07,455 INFO  - Recieve a message from other vehicle (at simulation time 24.000,400,000 s)
2024-06-03 18:35:07,456 INFO  - My position is not better! (at simulation time 24.000,400,000 s)
2024-06-03 18:35:07,456 INFO  - Recieve a message from other vehicle (at simulation time 24.000,900,000 s)
2024-06-03 18:35:07,456 INFO  - My position is not better! (at simulation time 24.000,900,000 s)
2024-06-03 18:35:07,456 INFO  - Recieve a message from other vehicle (at simulation time 24.000,900,000 s)
2024-06-03 18:35:07,456 INFO  - Recending a message from other vehicle (at simulation time 24.000,900,000 s)
2024-06-03 18:35:07,456 INFO  - Recieve a message from other vehicle (at simulation time 24.000,900,000 s)
2024-06-03 18:35:07,456 INFO  - My position is not better! (at simulation time 24.000,900,000 s)
2024-06-03 18:35:07,456 INFO  - Recieve a message from other vehicle (at simulation time 24.001,400,000 s)
2024-06-03 18:35:07,456 INFO  - I'm in better position but no more hops in message (at simulation time 24.001,400,000 s)
2024-06-03 18:35:07,456 INFO  - Recieve a message from other vehicle (at simulation time 24.001,400,000 s)
2024-06-03 18:35:07,456 INFO  - I'm in better position but no more hops in message (at simulation time 24.001,400,000 s)
2024-06-03 18:35:07,456 INFO  - Recieve a message from other vehicle (at simulation time 24.002,300,000 s)
2024-06-03 18:35:07,456 INFO  - I'm in better position but no more hops in message (at simulation time 24.002,300,000 s)
2024-06-03 18:35:07,456 INFO  - Recieve a message from other vehicle (at simulation time 24.002,800,000 s)
2024-06-03 18:35:07,456 INFO  - I'm in better position but no more hops in message (at simulation time 24.002,800,000 s)
2024-06-03 18:35:07,456 INFO  - Recieve a message from other vehicle (at simulation time 24.003,300,000 s)
2024-06-03 18:35:07,456 INFO  - I'm in better position but no more hops in message (at simulation time 24.003,300,000 s)
2024-06-03 18:35:07,456 INFO  - Recieve a message from other vehicle (at simulation time 24.003,300,000 s)
2024-06-03 18:35:07,457 INFO  - I'm in better position but no more hops in message (at simulation time 24.003,300,000 s)
2024-06-03 18:35:07,457 INFO  - Recieve a message from other vehicle (at simulation time 24.003,800,000 s)
2024-06-03 18:35:07,457 INFO  - I'm in better position but no more hops in message (at simulation time 24.003,800,000 s)
2024-06-03 18:35:07,655 INFO  - Called #onVehicleUpdated (at simulation time 25.000,000,000 s)
2024-06-03 18:35:07,656 INFO  - Sending out AdHoc broadcast (at simulation time 25.000,000,000 s)
2024-06-03 18:35:07,658 INFO  - Recieve a message from other vehicle (at simulation time 25.000,400,000 s)
2024-06-03 18:35:07,658 INFO  - My position is not better! (at simulation time 25.000,400,000 s)
2024-06-03 18:35:07,662 INFO  - Recieve a message from other vehicle (at simulation time 25.001,800,000 s)
2024-06-03 18:35:07,662 INFO  - My position is not better! (at simulation time 25.001,800,000 s)
2024-06-03 18:35:07,662 INFO  - Recieve a message from other vehicle (at simulation time 25.001,800,000 s)
2024-06-03 18:35:07,662 INFO  - I'm in better position but no more hops in message (at simulation time 25.001,800,000 s)
2024-06-03 18:35:07,662 INFO  - Recieve a message from other vehicle (at simulation time 25.002,300,000 s)
2024-06-03 18:35:07,663 INFO  - I'm in better position but no more hops in message (at simulation time 25.002,300,000 s)
2024-06-03 18:35:07,664 INFO  - Recieve a message from other vehicle (at simulation time 25.002,800,000 s)
2024-06-03 18:35:07,664 INFO  - I'm in better position but no more hops in message (at simulation time 25.002,800,000 s)
2024-06-03 18:35:07,664 INFO  - Recieve a message from other vehicle (at simulation time 25.002,800,000 s)
2024-06-03 18:35:07,664 INFO  - I'm in better position but no more hops in message (at simulation time 25.002,800,000 s)
2024-06-03 18:35:07,852 INFO  - Called #onVehicleUpdated (at simulation time 26.000,000,000 s)
2024-06-03 18:35:07,855 INFO  - Recieve a message from RSU (at simulation time 26.001,400,000 s)
2024-06-03 18:35:07,855 INFO  - RSU ordered to advance!!! (at simulation time 26.001,400,000 s)
2024-06-03 18:35:08,053 INFO  - Called #onVehicleUpdated (at simulation time 27.000,000,000 s)
2024-06-03 18:35:08,054 INFO  - Sending out AdHoc broadcast (at simulation time 27.000,000,000 s)
2024-06-03 18:35:08,253 INFO  - Called #onVehicleUpdated (at simulation time 28.000,000,000 s)
2024-06-03 18:35:08,453 INFO  - Called #onVehicleUpdated (at simulation time 29.000,000,000 s)
2024-06-03 18:35:08,454 INFO  - Sending out AdHoc broadcast (at simulation time 29.000,000,000 s)
2024-06-03 18:35:08,655 INFO  - Called #onVehicleUpdated (at simulation time 30.000,000,000 s)
2024-06-03 18:35:08,855 INFO  - Called #onVehicleUpdated (at simulation time 31.000,000,000 s)
2024-06-03 18:35:08,862 INFO  - Sending out AdHoc broadcast (at simulation time 31.000,000,000 s)
2024-06-03 18:35:09,055 INFO  - Called #onVehicleUpdated (at simulation time 32.000,000,000 s)
2024-06-03 18:35:09,255 INFO  - Shutdown (at simulation time 33.000,000,000 s)
