2024-06-03 19:57:50,572 INFO  - Initialize Vehicle application (at simulation time 259.000,000,000 s)
2024-06-03 19:57:50,574 INFO  - Activated WLAN Module (at simulation time 259.000,000,000 s)
2024-06-03 19:57:50,574 INFO  - Called #onVehicleUpdated (at simulation time 259.000,000,000 s)
2024-06-03 19:57:50,580 INFO  - Recieve a message from other vehicle (at simulation time 259.000,400,000 s)
2024-06-03 19:57:50,580 INFO  - My position is not better! (at simulation time 259.000,400,000 s)
2024-06-03 19:57:50,582 INFO  - Recieve a message from other vehicle (at simulation time 259.001,300,000 s)
2024-06-03 19:57:50,582 INFO  - My position is not better! (at simulation time 259.001,300,000 s)
2024-06-03 19:57:50,585 INFO  - Recieve a message from other vehicle (at simulation time 259.001,900,000 s)
2024-06-03 19:57:50,585 INFO  - My position is not better! (at simulation time 259.001,900,000 s)
2024-06-03 19:57:50,824 INFO  - Called #onVehicleUpdated (at simulation time 260.000,000,000 s)
2024-06-03 19:57:50,825 INFO  - Define the name: veh_46 and route: r_3 (at simulation time 260.000,000,000 s)
2024-06-03 19:57:50,825 INFO  - Sending out AdHoc broadcast (at simulation time 260.000,000,000 s)
2024-06-03 19:57:50,828 INFO  - Recieve a message from other vehicle (at simulation time 260.000,900,000 s)
2024-06-03 19:57:50,828 INFO  - My position is not better! (at simulation time 260.000,900,000 s)
2024-06-03 19:57:50,829 INFO  - Recieve a message from other vehicle (at simulation time 260.001,900,000 s)
2024-06-03 19:57:50,829 INFO  - My position is not better! (at simulation time 260.001,900,000 s)
2024-06-03 19:57:50,829 INFO  - Recieve a message from other vehicle (at simulation time 260.001,900,000 s)
2024-06-03 19:57:50,829 INFO  - My position is not better! (at simulation time 260.001,900,000 s)
2024-06-03 19:57:50,830 INFO  - Recieve a message from other vehicle (at simulation time 260.002,800,000 s)
2024-06-03 19:57:50,830 INFO  - My position is not better! (at simulation time 260.002,800,000 s)
2024-06-03 19:57:51,074 INFO  - Called #onVehicleUpdated (at simulation time 261.000,000,000 s)
2024-06-03 19:57:51,078 INFO  - Recieve a message from other vehicle (at simulation time 261.000,400,000 s)
2024-06-03 19:57:51,078 INFO  - My position is not better! (at simulation time 261.000,400,000 s)
2024-06-03 19:57:51,080 INFO  - Recieve a message from other vehicle (at simulation time 261.000,400,000 s)
2024-06-03 19:57:51,080 INFO  - My position is not better! (at simulation time 261.000,400,000 s)
2024-06-03 19:57:51,082 INFO  - Recieve a message from other vehicle (at simulation time 261.000,900,000 s)
2024-06-03 19:57:51,082 INFO  - My position is not better! (at simulation time 261.000,900,000 s)
2024-06-03 19:57:51,323 INFO  - Called #onVehicleUpdated (at simulation time 262.000,000,000 s)
2024-06-03 19:57:51,324 INFO  - Sending out AdHoc broadcast (at simulation time 262.000,000,000 s)
2024-06-03 19:57:51,325 INFO  - Recieve a message from other vehicle (at simulation time 262.000,400,000 s)
2024-06-03 19:57:51,325 INFO  - My position is not better! (at simulation time 262.000,400,000 s)
2024-06-03 19:57:51,327 INFO  - Recieve a message from other vehicle (at simulation time 262.001,900,000 s)
2024-06-03 19:57:51,327 INFO  - My position is not better! (at simulation time 262.001,900,000 s)
2024-06-03 19:57:51,328 INFO  - Recieve a message from other vehicle (at simulation time 262.001,900,000 s)
2024-06-03 19:57:51,328 INFO  - My position is not better! (at simulation time 262.001,900,000 s)
2024-06-03 19:57:51,571 INFO  - Called #onVehicleUpdated (at simulation time 263.000,000,000 s)
2024-06-03 19:57:51,574 INFO  - Recieve a message from other vehicle (at simulation time 263.000,900,000 s)
2024-06-03 19:57:51,574 INFO  - My position is not better! (at simulation time 263.000,900,000 s)
2024-06-03 19:57:51,576 INFO  - Recieve a message from other vehicle (at simulation time 263.001,900,000 s)
2024-06-03 19:57:51,576 INFO  - My position is not better! (at simulation time 263.001,900,000 s)
2024-06-03 19:57:51,577 INFO  - Recieve a message from other vehicle (at simulation time 263.002,400,000 s)
2024-06-03 19:57:51,577 INFO  - My position is not better! (at simulation time 263.002,400,000 s)
2024-06-03 19:57:51,823 INFO  - Called #onVehicleUpdated (at simulation time 264.000,000,000 s)
2024-06-03 19:57:51,823 INFO  - Sending out AdHoc broadcast (at simulation time 264.000,000,000 s)
2024-06-03 19:57:51,826 INFO  - Recieve a message from other vehicle (at simulation time 264.000,900,000 s)
2024-06-03 19:57:51,826 INFO  - My position is not better! (at simulation time 264.000,900,000 s)
2024-06-03 19:57:51,827 INFO  - Recieve a message from other vehicle (at simulation time 264.001,900,000 s)
2024-06-03 19:57:51,827 INFO  - My position is not better! (at simulation time 264.001,900,000 s)
2024-06-03 19:57:51,828 INFO  - Recieve a message from other vehicle (at simulation time 264.001,900,000 s)
2024-06-03 19:57:51,828 INFO  - My position is not better! (at simulation time 264.001,900,000 s)
2024-06-03 19:57:52,072 INFO  - Called #onVehicleUpdated (at simulation time 265.000,000,000 s)
2024-06-03 19:57:52,075 INFO  - Recieve a message from other vehicle (at simulation time 265.000,900,000 s)
2024-06-03 19:57:52,075 INFO  - My position is not better! (at simulation time 265.000,900,000 s)
2024-06-03 19:57:52,076 INFO  - Recieve a message from other vehicle (at simulation time 265.000,900,000 s)
2024-06-03 19:57:52,076 INFO  - My position is not better! (at simulation time 265.000,900,000 s)
2024-06-03 19:57:52,077 INFO  - Recieve a message from other vehicle (at simulation time 265.001,400,000 s)
2024-06-03 19:57:52,077 INFO  - My position is not better! (at simulation time 265.001,400,000 s)
2024-06-03 19:57:52,323 INFO  - Called #onVehicleUpdated (at simulation time 266.000,000,000 s)
2024-06-03 19:57:52,324 INFO  - Sending out AdHoc broadcast (at simulation time 266.000,000,000 s)
2024-06-03 19:57:52,326 INFO  - Recieve a message from other vehicle (at simulation time 266.000,400,000 s)
2024-06-03 19:57:52,326 INFO  - My position is not better! (at simulation time 266.000,400,000 s)
2024-06-03 19:57:52,327 INFO  - Recieve a message from other vehicle (at simulation time 266.001,400,000 s)
2024-06-03 19:57:52,327 INFO  - My position is not better! (at simulation time 266.001,400,000 s)
2024-06-03 19:57:52,329 INFO  - Recieve a message from other vehicle (at simulation time 266.002,400,000 s)
2024-06-03 19:57:52,329 INFO  - My position is not better! (at simulation time 266.002,400,000 s)
2024-06-03 19:57:52,571 INFO  - Called #onVehicleUpdated (at simulation time 267.000,000,000 s)
2024-06-03 19:57:52,574 INFO  - Recieve a message from other vehicle (at simulation time 267.000,400,000 s)
2024-06-03 19:57:52,574 INFO  - My position is not better! (at simulation time 267.000,400,000 s)
2024-06-03 19:57:52,574 INFO  - Recieve a message from other vehicle (at simulation time 267.000,900,000 s)
2024-06-03 19:57:52,574 INFO  - My position is not better! (at simulation time 267.000,900,000 s)
2024-06-03 19:57:52,576 INFO  - Recieve a message from other vehicle (at simulation time 267.001,400,000 s)
2024-06-03 19:57:52,576 INFO  - My position is not better! (at simulation time 267.001,400,000 s)
2024-06-03 19:57:52,576 INFO  - Recieve a message from other vehicle (at simulation time 267.001,900,000 s)
2024-06-03 19:57:52,576 INFO  - DENM message Recived from veh_45 -info : seco (at simulation time 267.001,900,000 s)
2024-06-03 19:57:52,576 INFO  - No more hops in DENM message (at simulation time 267.001,900,000 s)
2024-06-03 19:57:52,579 INFO  - Recieve a message from other vehicle (at simulation time 267.002,800,000 s)
2024-06-03 19:57:52,579 INFO  - DENM message Recived from veh_45 -info : seco (at simulation time 267.002,800,000 s)
2024-06-03 19:57:52,579 INFO  - No more hops in DENM message (at simulation time 267.002,800,000 s)
2024-06-03 19:57:52,823 INFO  - Called #onVehicleUpdated (at simulation time 268.000,000,000 s)
2024-06-03 19:57:52,823 INFO  - Sending out DENM broadcast (at simulation time 268.000,000,000 s)
2024-06-03 19:57:52,824 INFO  - Sending out AdHoc broadcast (at simulation time 268.000,000,000 s)
2024-06-03 19:57:52,826 INFO  - Recieve a message from other vehicle (at simulation time 268.000,400,000 s)
2024-06-03 19:57:52,826 INFO  - My position is not better! (at simulation time 268.000,400,000 s)
2024-06-03 19:57:52,830 INFO  - Recieve a message from other vehicle (at simulation time 268.000,900,000 s)
2024-06-03 19:57:52,830 INFO  - My position is not better! (at simulation time 268.000,900,000 s)
2024-06-03 19:57:52,830 INFO  - Recieve a message from other vehicle (at simulation time 268.000,900,000 s)
2024-06-03 19:57:52,830 INFO  - My position is not better! (at simulation time 268.000,900,000 s)
2024-06-03 19:57:52,830 INFO  - Recieve a message from other vehicle (at simulation time 268.001,300,000 s)
2024-06-03 19:57:52,830 INFO  - DENM message Recived from veh_46 -info : seco (at simulation time 268.001,300,000 s)
2024-06-03 19:57:52,830 INFO  - No more hops in DENM message (at simulation time 268.001,300,000 s)
2024-06-03 19:57:53,072 INFO  - Called #onVehicleUpdated (at simulation time 269.000,000,000 s)
2024-06-03 19:57:53,074 INFO  - Recieve a message from other vehicle (at simulation time 269.000,900,000 s)
2024-06-03 19:57:53,074 INFO  - My position is not better! (at simulation time 269.000,900,000 s)
2024-06-03 19:57:53,075 INFO  - Recieve a message from other vehicle (at simulation time 269.000,900,000 s)
2024-06-03 19:57:53,075 INFO  - My position is not better! (at simulation time 269.000,900,000 s)
2024-06-03 19:57:53,077 INFO  - Recieve a message from other vehicle (at simulation time 269.002,400,000 s)
2024-06-03 19:57:53,077 INFO  - My position is not better! (at simulation time 269.002,400,000 s)
2024-06-03 19:57:53,324 INFO  - Called #onVehicleUpdated (at simulation time 270.000,000,000 s)
2024-06-03 19:57:53,325 INFO  - Sending out AdHoc broadcast (at simulation time 270.000,000,000 s)
2024-06-03 19:57:53,330 INFO  - Recieve a message from other vehicle (at simulation time 270.000,900,000 s)
2024-06-03 19:57:53,330 INFO  - My position is not better! (at simulation time 270.000,900,000 s)
2024-06-03 19:57:53,332 INFO  - Recieve a message from other vehicle (at simulation time 270.001,900,000 s)
2024-06-03 19:57:53,332 INFO  - My position is not better! (at simulation time 270.001,900,000 s)
2024-06-03 19:57:53,334 INFO  - Recieve a message from other vehicle (at simulation time 270.002,400,000 s)
2024-06-03 19:57:53,334 INFO  - My position is not better! (at simulation time 270.002,400,000 s)
2024-06-03 19:57:53,571 INFO  - Called #onVehicleUpdated (at simulation time 271.000,000,000 s)
2024-06-03 19:57:53,573 INFO  - Recieve a message from other vehicle (at simulation time 271.000,400,000 s)
2024-06-03 19:57:53,573 INFO  - My position is not better! (at simulation time 271.000,400,000 s)
2024-06-03 19:57:53,576 INFO  - Recieve a message from other vehicle (at simulation time 271.001,900,000 s)
2024-06-03 19:57:53,576 INFO  - My position is not better! (at simulation time 271.001,900,000 s)
2024-06-03 19:57:53,577 INFO  - Recieve a message from other vehicle (at simulation time 271.002,400,000 s)
2024-06-03 19:57:53,577 INFO  - My position is not better! (at simulation time 271.002,400,000 s)
2024-06-03 19:57:53,823 INFO  - Called #onVehicleUpdated (at simulation time 272.000,000,000 s)
2024-06-03 19:57:53,824 INFO  - Sending out AdHoc broadcast (at simulation time 272.000,000,000 s)
2024-06-03 19:57:53,828 INFO  - Recieve a message from other vehicle (at simulation time 272.001,900,000 s)
2024-06-03 19:57:53,828 INFO  - My position is not better! (at simulation time 272.001,900,000 s)
2024-06-03 19:57:53,829 INFO  - Recieve a message from other vehicle (at simulation time 272.002,400,000 s)
2024-06-03 19:57:53,829 INFO  - My position is not better! (at simulation time 272.002,400,000 s)
2024-06-03 19:57:53,829 INFO  - Recieve a message from other vehicle (at simulation time 272.002,400,000 s)
2024-06-03 19:57:53,829 INFO  - My position is not better! (at simulation time 272.002,400,000 s)
2024-06-03 19:57:54,073 INFO  - Called #onVehicleUpdated (at simulation time 273.000,000,000 s)
2024-06-03 19:57:54,077 INFO  - Recieve a message from other vehicle (at simulation time 273.001,400,000 s)
2024-06-03 19:57:54,077 INFO  - My position is not better! (at simulation time 273.001,400,000 s)
2024-06-03 19:57:54,078 INFO  - Recieve a message from other vehicle (at simulation time 273.001,400,000 s)
2024-06-03 19:57:54,078 INFO  - My position is not better! (at simulation time 273.001,400,000 s)
2024-06-03 19:57:54,078 INFO  - Recieve a message from other vehicle (at simulation time 273.001,900,000 s)
2024-06-03 19:57:54,078 INFO  - My position is not better! (at simulation time 273.001,900,000 s)
2024-06-03 19:57:54,323 INFO  - Called #onVehicleUpdated (at simulation time 274.000,000,000 s)
2024-06-03 19:57:54,324 INFO  - Sending out AdHoc broadcast (at simulation time 274.000,000,000 s)
2024-06-03 19:57:54,326 INFO  - Recieve a message from other vehicle (at simulation time 274.000,400,000 s)
2024-06-03 19:57:54,326 INFO  - My position is not better! (at simulation time 274.000,400,000 s)
2024-06-03 19:57:54,327 INFO  - Recieve a message from other vehicle (at simulation time 274.001,400,000 s)
2024-06-03 19:57:54,327 INFO  - My position is not better! (at simulation time 274.001,400,000 s)
2024-06-03 19:57:54,328 INFO  - Recieve a message from other vehicle (at simulation time 274.001,900,000 s)
2024-06-03 19:57:54,328 INFO  - My position is not better! (at simulation time 274.001,900,000 s)
2024-06-03 19:57:54,575 INFO  - Called #onVehicleUpdated (at simulation time 275.000,000,000 s)
2024-06-03 19:57:54,578 INFO  - Recieve a message from other vehicle (at simulation time 275.000,400,000 s)
2024-06-03 19:57:54,578 INFO  - My position is not better! (at simulation time 275.000,400,000 s)
2024-06-03 19:57:54,579 INFO  - Recieve a message from other vehicle (at simulation time 275.000,900,000 s)
2024-06-03 19:57:54,579 INFO  - My position is not better! (at simulation time 275.000,900,000 s)
2024-06-03 19:57:54,579 INFO  - Recieve a message from other vehicle (at simulation time 275.000,900,000 s)
2024-06-03 19:57:54,579 INFO  - My position is not better! (at simulation time 275.000,900,000 s)
2024-06-03 19:57:54,823 INFO  - Called #onVehicleUpdated (at simulation time 276.000,000,000 s)
2024-06-03 19:57:54,824 INFO  - Sending out AdHoc broadcast (at simulation time 276.000,000,000 s)
2024-06-03 19:57:54,830 INFO  - Recieve a message from other vehicle (at simulation time 276.000,900,000 s)
2024-06-03 19:57:54,830 INFO  - My position is not better! (at simulation time 276.000,900,000 s)
2024-06-03 19:57:54,834 INFO  - Recieve a message from other vehicle (at simulation time 276.001,900,000 s)
2024-06-03 19:57:54,834 INFO  - My position is not better! (at simulation time 276.001,900,000 s)
2024-06-03 19:57:54,835 INFO  - Recieve a message from other vehicle (at simulation time 276.002,400,000 s)
2024-06-03 19:57:54,835 INFO  - My position is not better! (at simulation time 276.002,400,000 s)
2024-06-03 19:57:55,072 INFO  - Called #onVehicleUpdated (at simulation time 277.000,000,000 s)
2024-06-03 19:57:55,075 INFO  - Recieve a message from other vehicle (at simulation time 277.000,400,000 s)
2024-06-03 19:57:55,075 INFO  - My position is not better! (at simulation time 277.000,400,000 s)
2024-06-03 19:57:55,077 INFO  - Recieve a message from other vehicle (at simulation time 277.001,400,000 s)
2024-06-03 19:57:55,077 INFO  - My position is not better! (at simulation time 277.001,400,000 s)
2024-06-03 19:57:55,081 INFO  - Recieve a message from other vehicle (at simulation time 277.002,400,000 s)
2024-06-03 19:57:55,081 INFO  - My position is not better! (at simulation time 277.002,400,000 s)
2024-06-03 19:57:55,322 INFO  - Called #onVehicleUpdated (at simulation time 278.000,000,000 s)
2024-06-03 19:57:55,323 INFO  - Sending out AdHoc broadcast (at simulation time 278.000,000,000 s)
2024-06-03 19:57:55,326 INFO  - Recieve a message from other vehicle (at simulation time 278.000,900,000 s)
2024-06-03 19:57:55,326 INFO  - My position is not better! (at simulation time 278.000,900,000 s)
2024-06-03 19:57:55,327 INFO  - Recieve a message from other vehicle (at simulation time 278.001,900,000 s)
2024-06-03 19:57:55,327 INFO  - My position is not better! (at simulation time 278.001,900,000 s)
2024-06-03 19:57:55,328 INFO  - Recieve a message from other vehicle (at simulation time 278.001,900,000 s)
2024-06-03 19:57:55,328 INFO  - My position is not better! (at simulation time 278.001,900,000 s)
2024-06-03 19:57:55,573 INFO  - Called #onVehicleUpdated (at simulation time 279.000,000,000 s)
2024-06-03 19:57:55,576 INFO  - Recieve a message from other vehicle (at simulation time 279.000,400,000 s)
2024-06-03 19:57:55,576 INFO  - My position is not better! (at simulation time 279.000,400,000 s)
2024-06-03 19:57:55,577 INFO  - Recieve a message from other vehicle (at simulation time 279.001,900,000 s)
2024-06-03 19:57:55,577 INFO  - My position is not better! (at simulation time 279.001,900,000 s)
2024-06-03 19:57:55,578 INFO  - Recieve a message from other vehicle (at simulation time 279.001,900,000 s)
2024-06-03 19:57:55,578 INFO  - My position is not better! (at simulation time 279.001,900,000 s)
2024-06-03 19:57:55,825 INFO  - Called #onVehicleUpdated (at simulation time 280.000,000,000 s)
2024-06-03 19:57:55,826 INFO  - Sending out AdHoc broadcast (at simulation time 280.000,000,000 s)
2024-06-03 19:57:55,830 INFO  - Recieve a message from other vehicle (at simulation time 280.001,400,000 s)
2024-06-03 19:57:55,830 INFO  - My position is not better! (at simulation time 280.001,400,000 s)
2024-06-03 19:57:55,832 INFO  - Recieve a message from other vehicle (at simulation time 280.001,400,000 s)
2024-06-03 19:57:55,832 INFO  - My position is not better! (at simulation time 280.001,400,000 s)
2024-06-03 19:57:55,835 INFO  - Recieve a message from other vehicle (at simulation time 280.001,900,000 s)
2024-06-03 19:57:55,835 INFO  - My position is not better! (at simulation time 280.001,900,000 s)
2024-06-03 19:57:56,071 INFO  - Called #onVehicleUpdated (at simulation time 281.000,000,000 s)
2024-06-03 19:57:56,074 INFO  - Recieve a message from other vehicle (at simulation time 281.000,400,000 s)
2024-06-03 19:57:56,074 INFO  - My position is not better! (at simulation time 281.000,400,000 s)
2024-06-03 19:57:56,074 INFO  - Recieve a message from other vehicle (at simulation time 281.000,900,000 s)
2024-06-03 19:57:56,074 INFO  - My position is not better! (at simulation time 281.000,900,000 s)
2024-06-03 19:57:56,079 INFO  - Recieve a message from other vehicle (at simulation time 281.002,400,000 s)
2024-06-03 19:57:56,079 INFO  - My position is not better! (at simulation time 281.002,400,000 s)
2024-06-03 19:57:56,323 INFO  - Called #onVehicleUpdated (at simulation time 282.000,000,000 s)
2024-06-03 19:57:56,324 INFO  - Sending out AdHoc broadcast (at simulation time 282.000,000,000 s)
2024-06-03 19:57:56,325 INFO  - Recieve a message from other vehicle (at simulation time 282.000,400,000 s)
2024-06-03 19:57:56,325 INFO  - My position is not better! (at simulation time 282.000,400,000 s)
2024-06-03 19:57:56,327 INFO  - Recieve a message from other vehicle (at simulation time 282.001,900,000 s)
2024-06-03 19:57:56,327 INFO  - My position is not better! (at simulation time 282.001,900,000 s)
2024-06-03 19:57:56,328 INFO  - Recieve a message from other vehicle (at simulation time 282.001,900,000 s)
2024-06-03 19:57:56,328 INFO  - My position is not better! (at simulation time 282.001,900,000 s)
2024-06-03 19:57:56,573 INFO  - Called #onVehicleUpdated (at simulation time 283.000,000,000 s)
2024-06-03 19:57:56,575 INFO  - Recieve a message from other vehicle (at simulation time 283.000,400,000 s)
2024-06-03 19:57:56,575 INFO  - My position is not better! (at simulation time 283.000,400,000 s)
2024-06-03 19:57:56,577 INFO  - Recieve a message from other vehicle (at simulation time 283.000,900,000 s)
2024-06-03 19:57:56,577 INFO  - My position is not better! (at simulation time 283.000,900,000 s)
2024-06-03 19:57:56,581 INFO  - Recieve a message from other vehicle (at simulation time 283.001,900,000 s)
2024-06-03 19:57:56,581 INFO  - My position is not better! (at simulation time 283.001,900,000 s)
2024-06-03 19:57:56,823 INFO  - Called #onVehicleUpdated (at simulation time 284.000,000,000 s)
2024-06-03 19:57:56,824 INFO  - Sending out AdHoc broadcast (at simulation time 284.000,000,000 s)
2024-06-03 19:57:56,830 INFO  - Recieve a message from other vehicle (at simulation time 284.001,400,000 s)
2024-06-03 19:57:56,830 INFO  - My position is not better! (at simulation time 284.001,400,000 s)
2024-06-03 19:57:56,830 INFO  - Recieve a message from other vehicle (at simulation time 284.001,400,000 s)
2024-06-03 19:57:56,830 INFO  - My position is not better! (at simulation time 284.001,400,000 s)
2024-06-03 19:57:56,832 INFO  - Recieve a message from other vehicle (at simulation time 284.002,400,000 s)
2024-06-03 19:57:56,832 INFO  - My position is not better! (at simulation time 284.002,400,000 s)
2024-06-03 19:57:57,076 INFO  - Called #onVehicleUpdated (at simulation time 285.000,000,000 s)
2024-06-03 19:57:57,079 INFO  - Recieve a message from other vehicle (at simulation time 285.000,400,000 s)
2024-06-03 19:57:57,079 INFO  - My position is not better! (at simulation time 285.000,400,000 s)
2024-06-03 19:57:57,086 INFO  - Recieve a message from other vehicle (at simulation time 285.002,400,000 s)
2024-06-03 19:57:57,086 INFO  - My position is not better! (at simulation time 285.002,400,000 s)
2024-06-03 19:57:57,088 INFO  - Recieve a message from other vehicle (at simulation time 285.002,400,000 s)
2024-06-03 19:57:57,088 INFO  - My position is not better! (at simulation time 285.002,400,000 s)
2024-06-03 19:57:57,324 INFO  - Called #onVehicleUpdated (at simulation time 286.000,000,000 s)
2024-06-03 19:57:57,324 INFO  - Sending out AdHoc broadcast (at simulation time 286.000,000,000 s)
2024-06-03 19:57:57,327 INFO  - Recieve a message from other vehicle (at simulation time 286.000,900,000 s)
2024-06-03 19:57:57,327 INFO  - My position is not better! (at simulation time 286.000,900,000 s)
2024-06-03 19:57:57,330 INFO  - Recieve a message from other vehicle (at simulation time 286.001,900,000 s)
2024-06-03 19:57:57,330 INFO  - My position is not better! (at simulation time 286.001,900,000 s)
2024-06-03 19:57:57,332 INFO  - Recieve a message from other vehicle (at simulation time 286.002,400,000 s)
2024-06-03 19:57:57,332 INFO  - My position is not better! (at simulation time 286.002,400,000 s)
2024-06-03 19:57:57,574 INFO  - Called #onVehicleUpdated (at simulation time 287.000,000,000 s)
2024-06-03 19:57:57,576 INFO  - Recieve a message from other vehicle (at simulation time 287.000,400,000 s)
2024-06-03 19:57:57,576 INFO  - My position is not better! (at simulation time 287.000,400,000 s)
2024-06-03 19:57:57,578 INFO  - Recieve a message from other vehicle (at simulation time 287.000,400,000 s)
2024-06-03 19:57:57,578 INFO  - My position is not better! (at simulation time 287.000,400,000 s)
2024-06-03 19:57:57,585 INFO  - Recieve a message from other vehicle (at simulation time 287.002,400,000 s)
2024-06-03 19:57:57,585 INFO  - My position is not better! (at simulation time 287.002,400,000 s)
2024-06-03 19:57:57,824 INFO  - Called #onVehicleUpdated (at simulation time 288.000,000,000 s)
2024-06-03 19:57:57,825 INFO  - Sending out AdHoc broadcast (at simulation time 288.000,000,000 s)
2024-06-03 19:57:57,829 INFO  - Recieve a message from other vehicle (at simulation time 288.000,900,000 s)
2024-06-03 19:57:57,829 INFO  - My position is not better! (at simulation time 288.000,900,000 s)
2024-06-03 19:57:57,830 INFO  - Recieve a message from other vehicle (at simulation time 288.000,900,000 s)
2024-06-03 19:57:57,830 INFO  - My position is not better! (at simulation time 288.000,900,000 s)
2024-06-03 19:57:57,836 INFO  - Recieve a message from other vehicle (at simulation time 288.001,900,000 s)
2024-06-03 19:57:57,836 INFO  - My position is not better! (at simulation time 288.001,900,000 s)
2024-06-03 19:57:58,074 INFO  - Called #onVehicleUpdated (at simulation time 289.000,000,000 s)
2024-06-03 19:57:58,078 INFO  - Recieve a message from other vehicle (at simulation time 289.000,400,000 s)
2024-06-03 19:57:58,078 INFO  - My position is not better! (at simulation time 289.000,400,000 s)
2024-06-03 19:57:58,080 INFO  - Recieve a message from other vehicle (at simulation time 289.001,400,000 s)
2024-06-03 19:57:58,080 INFO  - My position is not better! (at simulation time 289.001,400,000 s)
2024-06-03 19:57:58,082 INFO  - Recieve a message from other vehicle (at simulation time 289.001,400,000 s)
2024-06-03 19:57:58,082 INFO  - My position is not better! (at simulation time 289.001,400,000 s)
2024-06-03 19:57:58,325 INFO  - Called #onVehicleUpdated (at simulation time 290.000,000,000 s)
2024-06-03 19:57:58,326 INFO  - Sending out AdHoc broadcast (at simulation time 290.000,000,000 s)
2024-06-03 19:57:58,328 INFO  - Recieve a message from other vehicle (at simulation time 290.000,400,000 s)
2024-06-03 19:57:58,328 INFO  - My position is not better! (at simulation time 290.000,400,000 s)
2024-06-03 19:57:58,332 INFO  - Recieve a message from other vehicle (at simulation time 290.001,400,000 s)
2024-06-03 19:57:58,332 INFO  - My position is not better! (at simulation time 290.001,400,000 s)
2024-06-03 19:57:58,332 INFO  - Recieve a message from other vehicle (at simulation time 290.001,900,000 s)
2024-06-03 19:57:58,332 INFO  - My position is not better! (at simulation time 290.001,900,000 s)
2024-06-03 19:57:58,575 INFO  - Called #onVehicleUpdated (at simulation time 291.000,000,000 s)
2024-06-03 19:57:58,579 INFO  - Recieve a message from other vehicle (at simulation time 291.000,400,000 s)
2024-06-03 19:57:58,579 INFO  - My position is not better! (at simulation time 291.000,400,000 s)
2024-06-03 19:57:58,583 INFO  - Recieve a message from other vehicle (at simulation time 291.001,900,000 s)
2024-06-03 19:57:58,583 INFO  - My position is not better! (at simulation time 291.001,900,000 s)
2024-06-03 19:57:58,585 INFO  - Recieve a message from other vehicle (at simulation time 291.001,900,000 s)
2024-06-03 19:57:58,585 INFO  - My position is not better! (at simulation time 291.001,900,000 s)
