2024-06-03 19:40:21,470 INFO  - Initialize Vehicle application (at simulation time 78.000,000,000 s)
2024-06-03 19:40:21,472 INFO  - Activated WLAN Module (at simulation time 78.000,000,000 s)
2024-06-03 19:40:21,472 INFO  - Called #onVehicleUpdated (at simulation time 78.000,000,000 s)
2024-06-03 19:40:21,472 INFO  - Exced velocity! Sending new CAM (at simulation time 78.000,000,000 s)
2024-06-03 19:40:21,472 INFO  - Sending out AdHoc broadcast (at simulation time 78.000,000,000 s)
2024-06-03 19:40:21,814 INFO  - Called #onVehicleUpdated (at simulation time 79.000,000,000 s)
2024-06-03 19:40:21,814 INFO  - Exced velocity! Sending new CAM (at simulation time 79.000,000,000 s)
2024-06-03 19:40:21,814 INFO  - Sending out AdHoc broadcast (at simulation time 79.000,000,000 s)
2024-06-03 19:40:21,815 INFO  - Define the name: veh_17 and route: r_5 (at simulation time 79.000,000,000 s)
2024-06-03 19:40:21,815 INFO  - Sending out AdHoc broadcast (at simulation time 79.000,000,000 s)
2024-06-03 19:40:22,162 INFO  - Called #onVehicleUpdated (at simulation time 80.000,000,000 s)
2024-06-03 19:40:22,162 INFO  - Exced velocity! Sending new CAM (at simulation time 80.000,000,000 s)
2024-06-03 19:40:22,162 INFO  - Sending out AdHoc broadcast (at simulation time 80.000,000,000 s)
2024-06-03 19:40:22,162 INFO  - Sending out AdHoc broadcast (at simulation time 80.000,000,000 s)
2024-06-03 19:40:22,510 INFO  - Called #onVehicleUpdated (at simulation time 81.000,000,000 s)
2024-06-03 19:40:22,510 INFO  - Exced velocity! Sending new CAM (at simulation time 81.000,000,000 s)
2024-06-03 19:40:22,510 INFO  - Sending out AdHoc broadcast (at simulation time 81.000,000,000 s)
2024-06-03 19:40:22,510 INFO  - Sending out AdHoc broadcast (at simulation time 81.000,000,000 s)
2024-06-03 19:40:22,511 INFO  - Sending out AdHoc broadcast (at simulation time 81.000,000,000 s)
2024-06-03 19:40:22,860 INFO  - Called #onVehicleUpdated (at simulation time 82.000,000,000 s)
2024-06-03 19:40:22,860 INFO  - Exced velocity! Sending new CAM (at simulation time 82.000,000,000 s)
2024-06-03 19:40:22,860 INFO  - Sending out AdHoc broadcast (at simulation time 82.000,000,000 s)
2024-06-03 19:40:22,860 INFO  - Sending out AdHoc broadcast (at simulation time 82.000,000,000 s)
2024-06-03 19:40:22,860 INFO  - Sending out AdHoc broadcast (at simulation time 82.000,000,000 s)
2024-06-03 19:40:23,209 INFO  - Called #onVehicleUpdated (at simulation time 83.000,000,000 s)
2024-06-03 19:40:23,209 INFO  - Exced velocity! Sending new CAM (at simulation time 83.000,000,000 s)
2024-06-03 19:40:23,209 INFO  - Sending out AdHoc broadcast (at simulation time 83.000,000,000 s)
2024-06-03 19:40:23,210 INFO  - Sending out AdHoc broadcast (at simulation time 83.000,000,000 s)
2024-06-03 19:40:23,210 INFO  - Sending out AdHoc broadcast (at simulation time 83.000,000,000 s)
2024-06-03 19:40:23,210 INFO  - Sending out AdHoc broadcast (at simulation time 83.000,000,000 s)
2024-06-03 19:40:23,559 INFO  - Called #onVehicleUpdated (at simulation time 84.000,000,000 s)
2024-06-03 19:40:23,559 INFO  - Sending out AdHoc broadcast (at simulation time 84.000,000,000 s)
2024-06-03 19:40:23,559 INFO  - Sending out AdHoc broadcast (at simulation time 84.000,000,000 s)
2024-06-03 19:40:23,559 INFO  - Sending out AdHoc broadcast (at simulation time 84.000,000,000 s)
2024-06-03 19:40:23,560 INFO  - Recieve a message from other vehicle (at simulation time 84.000,400,000 s)
2024-06-03 19:40:23,560 INFO  - Recending a message from other vehicle (at simulation time 84.000,400,000 s)
2024-06-03 19:40:23,560 INFO  - Recieve a message from other vehicle (at simulation time 84.000,400,000 s)
2024-06-03 19:40:23,560 INFO  - My position is not better! (at simulation time 84.000,400,000 s)
2024-06-03 19:40:23,560 INFO  - Recieve a message from other vehicle (at simulation time 84.000,400,000 s)
2024-06-03 19:40:23,560 INFO  - Recending a message from other vehicle (at simulation time 84.000,400,000 s)
2024-06-03 19:40:23,560 INFO  - Recieve a message from other vehicle (at simulation time 84.000,900,000 s)
2024-06-03 19:40:23,560 INFO  - My position is not better! (at simulation time 84.000,900,000 s)
2024-06-03 19:40:23,581 INFO  - Recieve a message from other vehicle (at simulation time 84.002,300,000 s)
2024-06-03 19:40:23,581 INFO  - I'm in better position but no more hops in message (at simulation time 84.002,300,000 s)
2024-06-03 19:40:23,581 INFO  - Recieve a message from other vehicle (at simulation time 84.002,300,000 s)
2024-06-03 19:40:23,581 INFO  - My position is not better! (at simulation time 84.002,300,000 s)
2024-06-03 19:40:23,581 INFO  - Recieve a message from other vehicle (at simulation time 84.002,300,000 s)
2024-06-03 19:40:23,581 INFO  - I'm in better position but no more hops in message (at simulation time 84.002,300,000 s)
2024-06-03 19:40:23,581 INFO  - Recieve a message from other vehicle (at simulation time 84.002,800,000 s)
2024-06-03 19:40:23,581 INFO  - My position is not better! (at simulation time 84.002,800,000 s)
2024-06-03 19:40:23,581 INFO  - Recieve a message from other vehicle (at simulation time 84.003,800,000 s)
2024-06-03 19:40:23,581 INFO  - My position is not better! (at simulation time 84.003,800,000 s)
2024-06-03 19:40:23,909 INFO  - Called #onVehicleUpdated (at simulation time 85.000,000,000 s)
2024-06-03 19:40:23,909 INFO  - Sending out AdHoc broadcast (at simulation time 85.000,000,000 s)
2024-06-03 19:40:23,910 INFO  - Sending out AdHoc broadcast (at simulation time 85.000,000,000 s)
2024-06-03 19:40:23,910 INFO  - Sending out AdHoc broadcast (at simulation time 85.000,000,000 s)
2024-06-03 19:40:23,910 INFO  - Sending out AdHoc broadcast (at simulation time 85.000,000,000 s)
2024-06-03 19:40:23,910 INFO  - Recieve a message from other vehicle (at simulation time 85.000,400,000 s)
2024-06-03 19:40:23,910 INFO  - Recending a message from other vehicle (at simulation time 85.000,400,000 s)
2024-06-03 19:40:23,910 INFO  - Recieve a message from other vehicle (at simulation time 85.000,400,000 s)
2024-06-03 19:40:23,910 INFO  - Recending a message from other vehicle (at simulation time 85.000,400,000 s)
2024-06-03 19:40:23,910 INFO  - Recieve a message from other vehicle (at simulation time 85.000,400,000 s)
2024-06-03 19:40:23,910 INFO  - My position is not better! (at simulation time 85.000,400,000 s)
2024-06-03 19:40:23,911 INFO  - Recieve a message from other vehicle (at simulation time 85.000,800,000 s)
2024-06-03 19:40:23,911 INFO  - I'm in better position but no more hops in message (at simulation time 85.000,800,000 s)
2024-06-03 19:40:23,911 INFO  - Recieve a message from other vehicle (at simulation time 85.000,900,000 s)
2024-06-03 19:40:23,911 INFO  - My position is not better! (at simulation time 85.000,900,000 s)
2024-06-03 19:40:23,911 INFO  - Recieve a message from other vehicle (at simulation time 85.001,300,000 s)
2024-06-03 19:40:23,911 INFO  - My position is not better! (at simulation time 85.001,300,000 s)
2024-06-03 19:40:23,911 INFO  - Recieve a message from other vehicle (at simulation time 85.001,400,000 s)
2024-06-03 19:40:23,911 INFO  - My position is not better! (at simulation time 85.001,400,000 s)
2024-06-03 19:40:23,911 INFO  - Recieve a message from other vehicle (at simulation time 85.001,800,000 s)
2024-06-03 19:40:23,911 INFO  - My position is not better! (at simulation time 85.001,800,000 s)
2024-06-03 19:40:23,911 INFO  - Recieve a message from other vehicle (at simulation time 85.001,800,000 s)
2024-06-03 19:40:23,911 INFO  - I'm in better position but no more hops in message (at simulation time 85.001,800,000 s)
2024-06-03 19:40:23,911 INFO  - Recieve a message from other vehicle (at simulation time 85.001,800,000 s)
2024-06-03 19:40:23,911 INFO  - My position is not better! (at simulation time 85.001,800,000 s)
2024-06-03 19:40:23,911 INFO  - Recieve a message from other vehicle (at simulation time 85.001,900,000 s)
2024-06-03 19:40:23,911 INFO  - My position is not better! (at simulation time 85.001,900,000 s)
2024-06-03 19:40:23,911 INFO  - Recieve a message from other vehicle (at simulation time 85.001,900,000 s)
2024-06-03 19:40:23,911 INFO  - I'm in better position but no more hops in message (at simulation time 85.001,900,000 s)
2024-06-03 19:40:23,911 INFO  - Recieve a message from other vehicle (at simulation time 85.003,300,000 s)
2024-06-03 19:40:23,911 INFO  - My position is not better! (at simulation time 85.003,300,000 s)
2024-06-03 19:40:24,259 INFO  - Called #onVehicleUpdated (at simulation time 86.000,000,000 s)
2024-06-03 19:40:24,259 INFO  - Sending out AdHoc broadcast (at simulation time 86.000,000,000 s)
2024-06-03 19:40:24,259 INFO  - Sending out AdHoc broadcast (at simulation time 86.000,000,000 s)
2024-06-03 19:40:24,259 INFO  - Sending out AdHoc broadcast (at simulation time 86.000,000,000 s)
2024-06-03 19:40:24,261 INFO  - Recieve a message from other vehicle (at simulation time 86.000,900,000 s)
2024-06-03 19:40:24,261 INFO  - My position is not better! (at simulation time 86.000,900,000 s)
2024-06-03 19:40:24,261 INFO  - Recieve a message from other vehicle (at simulation time 86.001,300,000 s)
2024-06-03 19:40:24,261 INFO  - My position is not better! (at simulation time 86.001,300,000 s)
2024-06-03 19:40:24,261 INFO  - Recieve a message from other vehicle (at simulation time 86.001,300,000 s)
2024-06-03 19:40:24,261 INFO  - My position is not better! (at simulation time 86.001,300,000 s)
2024-06-03 19:40:24,262 INFO  - Recieve a message from other vehicle (at simulation time 86.001,400,000 s)
2024-06-03 19:40:24,262 INFO  - Recending a message from other vehicle (at simulation time 86.001,400,000 s)
2024-06-03 19:40:24,262 INFO  - Recieve a message from other vehicle (at simulation time 86.001,800,000 s)
2024-06-03 19:40:24,262 INFO  - My position is not better! (at simulation time 86.001,800,000 s)
2024-06-03 19:40:24,262 INFO  - Recieve a message from other vehicle (at simulation time 86.001,900,000 s)
2024-06-03 19:40:24,262 INFO  - Recending a message from other vehicle (at simulation time 86.001,900,000 s)
2024-06-03 19:40:24,263 INFO  - Recieve a message from other vehicle (at simulation time 86.002,300,000 s)
2024-06-03 19:40:24,263 INFO  - My position is not better! (at simulation time 86.002,300,000 s)
2024-06-03 19:40:24,263 INFO  - Recieve a message from other vehicle (at simulation time 86.002,400,000 s)
2024-06-03 19:40:24,263 INFO  - My position is not better! (at simulation time 86.002,400,000 s)
2024-06-03 19:40:24,263 INFO  - Recieve a message from other vehicle (at simulation time 86.002,400,000 s)
2024-06-03 19:40:24,263 INFO  - My position is not better! (at simulation time 86.002,400,000 s)
2024-06-03 19:40:24,263 INFO  - Recieve a message from other vehicle (at simulation time 86.002,400,000 s)
2024-06-03 19:40:24,263 INFO  - My position is not better! (at simulation time 86.002,400,000 s)
2024-06-03 19:40:24,263 INFO  - Recieve a message from other vehicle (at simulation time 86.002,800,000 s)
2024-06-03 19:40:24,263 INFO  - My position is not better! (at simulation time 86.002,800,000 s)
2024-06-03 19:40:24,610 INFO  - Called #onVehicleUpdated (at simulation time 87.000,000,000 s)
2024-06-03 19:40:24,610 INFO  - Sending out DENM broadcast (at simulation time 87.000,000,000 s)
2024-06-03 19:40:24,610 INFO  - Sending out AdHoc broadcast (at simulation time 87.000,000,000 s)
2024-06-03 19:40:24,610 INFO  - Sending out AdHoc broadcast (at simulation time 87.000,000,000 s)
2024-06-03 19:40:24,610 INFO  - Sending out AdHoc broadcast (at simulation time 87.000,000,000 s)
2024-06-03 19:40:24,610 INFO  - Sending out AdHoc broadcast (at simulation time 87.000,000,000 s)
2024-06-03 19:40:24,611 INFO  - Recieve a message from other vehicle (at simulation time 87.000,400,000 s)
2024-06-03 19:40:24,611 INFO  - DENM message Recived from veh_12 -info : seco (at simulation time 87.000,400,000 s)
2024-06-03 19:40:24,611 INFO  - No more hops in DENM message (at simulation time 87.000,400,000 s)
2024-06-03 19:40:24,611 INFO  - Recieve a message from other vehicle (at simulation time 87.000,400,000 s)
2024-06-03 19:40:24,611 INFO  - My position is not better! (at simulation time 87.000,400,000 s)
2024-06-03 19:40:24,612 INFO  - Recieve a message from other vehicle (at simulation time 87.000,400,000 s)
2024-06-03 19:40:24,612 INFO  - My position is not better! (at simulation time 87.000,400,000 s)
2024-06-03 19:40:24,612 INFO  - Recieve a message from other vehicle (at simulation time 87.000,800,000 s)
2024-06-03 19:40:24,612 INFO  - DENM message Recived from veh_13 -info : nevoeiro (at simulation time 87.000,800,000 s)
2024-06-03 19:40:24,612 INFO  - No more hops in DENM message (at simulation time 87.000,800,000 s)
2024-06-03 19:40:24,612 INFO  - Recieve a message from other vehicle (at simulation time 87.000,800,000 s)
2024-06-03 19:40:24,612 INFO  - DENM message Recived from veh_15 -info : seco (at simulation time 87.000,800,000 s)
2024-06-03 19:40:24,612 INFO  - No more hops in DENM message (at simulation time 87.000,800,000 s)
2024-06-03 19:40:24,613 INFO  - Recieve a message from other vehicle (at simulation time 87.000,900,000 s)
2024-06-03 19:40:24,613 INFO  - My position is not better! (at simulation time 87.000,900,000 s)
2024-06-03 19:40:24,613 INFO  - Recieve a message from other vehicle (at simulation time 87.000,900,000 s)
2024-06-03 19:40:24,613 INFO  - My position is not better! (at simulation time 87.000,900,000 s)
2024-06-03 19:40:24,613 INFO  - Recieve a message from other vehicle (at simulation time 87.000,900,000 s)
2024-06-03 19:40:24,613 INFO  - My position is not better! (at simulation time 87.000,900,000 s)
2024-06-03 19:40:24,613 INFO  - Recieve a message from other vehicle (at simulation time 87.000,900,000 s)
2024-06-03 19:40:24,613 INFO  - Recending a message from other vehicle (at simulation time 87.000,900,000 s)
2024-06-03 19:40:24,614 INFO  - Recieve a message from other vehicle (at simulation time 87.001,300,000 s)
2024-06-03 19:40:24,614 INFO  - DENM message Recived from veh_17 -info : seco (at simulation time 87.001,300,000 s)
2024-06-03 19:40:24,614 INFO  - No more hops in DENM message (at simulation time 87.001,300,000 s)
2024-06-03 19:40:24,614 INFO  - Recieve a message from other vehicle (at simulation time 87.001,800,000 s)
2024-06-03 19:40:24,614 INFO  - DENM message Recived from veh_12 -info : seco (at simulation time 87.001,800,000 s)
2024-06-03 19:40:24,614 INFO  - No more hops in DENM message (at simulation time 87.001,800,000 s)
2024-06-03 19:40:24,614 INFO  - Recieve a message from other vehicle (at simulation time 87.001,800,000 s)
2024-06-03 19:40:24,614 INFO  - My position is not better! (at simulation time 87.001,800,000 s)
2024-06-03 19:40:24,615 INFO  - Recieve a message from other vehicle (at simulation time 87.001,900,000 s)
2024-06-03 19:40:24,615 INFO  - DENM message Recived from veh_15 -info : seco (at simulation time 87.001,900,000 s)
2024-06-03 19:40:24,615 INFO  - No more hops in DENM message (at simulation time 87.001,900,000 s)
2024-06-03 19:40:24,615 INFO  - Recieve a message from other vehicle (at simulation time 87.001,900,000 s)
2024-06-03 19:40:24,615 INFO  - My position is not better! (at simulation time 87.001,900,000 s)
2024-06-03 19:40:24,616 INFO  - Recieve a message from other vehicle (at simulation time 87.002,300,000 s)
2024-06-03 19:40:24,616 INFO  - My position is not better! (at simulation time 87.002,300,000 s)
2024-06-03 19:40:24,616 INFO  - Recieve a message from other vehicle (at simulation time 87.002,400,000 s)
2024-06-03 19:40:24,616 INFO  - DENM message Recived from veh_13 -info : nevoeiro (at simulation time 87.002,400,000 s)
2024-06-03 19:40:24,616 INFO  - No more hops in DENM message (at simulation time 87.002,400,000 s)
2024-06-03 19:40:24,617 INFO  - Recieve a message from other vehicle (at simulation time 87.002,400,000 s)
2024-06-03 19:40:24,617 INFO  - My position is not better! (at simulation time 87.002,400,000 s)
2024-06-03 19:40:24,617 INFO  - Recieve a message from other vehicle (at simulation time 87.002,800,000 s)
2024-06-03 19:40:24,617 INFO  - My position is not better! (at simulation time 87.002,800,000 s)
2024-06-03 19:40:24,618 INFO  - Recieve a message from other vehicle (at simulation time 87.003,300,000 s)
2024-06-03 19:40:24,618 INFO  - My position is not better! (at simulation time 87.003,300,000 s)
2024-06-03 19:40:24,959 INFO  - Called #onVehicleUpdated (at simulation time 88.000,000,000 s)
2024-06-03 19:40:24,959 INFO  - Sending out AdHoc broadcast (at simulation time 88.000,000,000 s)
2024-06-03 19:40:24,959 INFO  - Sending out AdHoc broadcast (at simulation time 88.000,000,000 s)
2024-06-03 19:40:24,959 INFO  - Sending out AdHoc broadcast (at simulation time 88.000,000,000 s)
2024-06-03 19:40:24,960 INFO  - Recieve a message from other vehicle (at simulation time 88.000,400,000 s)
2024-06-03 19:40:24,960 INFO  - DENM message Recived from veh_16 -info : seco (at simulation time 88.000,400,000 s)
2024-06-03 19:40:24,960 INFO  - No more hops in DENM message (at simulation time 88.000,400,000 s)
2024-06-03 19:40:24,960 INFO  - Recieve a message from other vehicle (at simulation time 88.000,400,000 s)
2024-06-03 19:40:24,960 INFO  - Recending a message from other vehicle (at simulation time 88.000,400,000 s)
2024-06-03 19:40:24,960 INFO  - Recieve a message from other vehicle (at simulation time 88.000,400,000 s)
2024-06-03 19:40:24,960 INFO  - I'm in better position but no more hops in message (at simulation time 88.000,400,000 s)
2024-06-03 19:40:24,960 INFO  - Recieve a message from other vehicle (at simulation time 88.000,800,000 s)
2024-06-03 19:40:24,960 INFO  - I'm in better position but no more hops in message (at simulation time 88.000,800,000 s)
2024-06-03 19:40:24,960 INFO  - Recieve a message from other vehicle (at simulation time 88.000,900,000 s)
2024-06-03 19:40:24,960 INFO  - Recending a message from other vehicle (at simulation time 88.000,900,000 s)
2024-06-03 19:40:24,961 INFO  - Recieve a message from other vehicle (at simulation time 88.001,300,000 s)
2024-06-03 19:40:24,961 INFO  - DENM message Recived from veh_14 -info : seco (at simulation time 88.001,300,000 s)
2024-06-03 19:40:24,961 INFO  - No more hops in DENM message (at simulation time 88.001,300,000 s)
2024-06-03 19:40:24,961 INFO  - Recieve a message from other vehicle (at simulation time 88.001,400,000 s)
2024-06-03 19:40:24,961 INFO  - I'm in better position but no more hops in message (at simulation time 88.001,400,000 s)
2024-06-03 19:40:24,961 INFO  - Recieve a message from other vehicle (at simulation time 88.001,400,000 s)
2024-06-03 19:40:24,961 INFO  - My position is not better! (at simulation time 88.001,400,000 s)
2024-06-03 19:40:24,961 INFO  - Recieve a message from other vehicle (at simulation time 88.001,900,000 s)
2024-06-03 19:40:24,961 INFO  - DENM message Recived from veh_14 -info : seco (at simulation time 88.001,900,000 s)
2024-06-03 19:40:24,961 INFO  - No more hops in DENM message (at simulation time 88.001,900,000 s)
2024-06-03 19:40:24,961 INFO  - Recieve a message from other vehicle (at simulation time 88.002,400,000 s)
2024-06-03 19:40:24,961 INFO  - My position is not better! (at simulation time 88.002,400,000 s)
2024-06-03 19:40:24,961 INFO  - Recieve a message from other vehicle (at simulation time 88.002,800,000 s)
2024-06-03 19:40:24,962 INFO  - DENM message Recived from veh_16 -info : seco (at simulation time 88.002,800,000 s)
2024-06-03 19:40:24,962 INFO  - No more hops in DENM message (at simulation time 88.002,800,000 s)
2024-06-03 19:40:24,962 INFO  - Recieve a message from other vehicle (at simulation time 88.003,300,000 s)
2024-06-03 19:40:24,962 INFO  - I'm in better position but no more hops in message (at simulation time 88.003,300,000 s)
2024-06-03 19:40:25,310 INFO  - Called #onVehicleUpdated (at simulation time 89.000,000,000 s)
2024-06-03 19:40:25,310 INFO  - Sending out AdHoc broadcast (at simulation time 89.000,000,000 s)
2024-06-03 19:40:25,310 INFO  - Sending out AdHoc broadcast (at simulation time 89.000,000,000 s)
2024-06-03 19:40:25,310 INFO  - Sending out AdHoc broadcast (at simulation time 89.000,000,000 s)
2024-06-03 19:40:25,310 INFO  - Sending out AdHoc broadcast (at simulation time 89.000,000,000 s)
2024-06-03 19:40:25,311 INFO  - Recieve a message from other vehicle (at simulation time 89.000,400,000 s)
2024-06-03 19:40:25,311 INFO  - Recending a message from other vehicle (at simulation time 89.000,400,000 s)
2024-06-03 19:40:25,312 INFO  - Recieve a message from other vehicle (at simulation time 89.000,800,000 s)
2024-06-03 19:40:25,312 INFO  - I'm in better position but no more hops in message (at simulation time 89.000,800,000 s)
2024-06-03 19:40:25,312 INFO  - Recieve a message from other vehicle (at simulation time 89.000,900,000 s)
2024-06-03 19:40:25,312 INFO  - I'm in better position but no more hops in message (at simulation time 89.000,900,000 s)
2024-06-03 19:40:25,313 INFO  - Recieve a message from other vehicle (at simulation time 89.001,400,000 s)
2024-06-03 19:40:25,313 INFO  - I'm in better position but no more hops in message (at simulation time 89.001,400,000 s)
2024-06-03 19:40:25,313 INFO  - Recieve a message from other vehicle (at simulation time 89.001,800,000 s)
2024-06-03 19:40:25,313 INFO  - I'm in better position but no more hops in message (at simulation time 89.001,800,000 s)
2024-06-03 19:40:25,314 INFO  - Recieve a message from other vehicle (at simulation time 89.001,900,000 s)
2024-06-03 19:40:25,314 INFO  - I'm in better position but no more hops in message (at simulation time 89.001,900,000 s)
2024-06-03 19:40:25,314 INFO  - Recieve a message from other vehicle (at simulation time 89.001,900,000 s)
2024-06-03 19:40:25,314 INFO  - I'm in better position but no more hops in message (at simulation time 89.001,900,000 s)
2024-06-03 19:40:25,314 INFO  - Recieve a message from other vehicle (at simulation time 89.001,900,000 s)
2024-06-03 19:40:25,314 INFO  - My position is not better! (at simulation time 89.001,900,000 s)
2024-06-03 19:40:25,314 INFO  - Recieve a message from other vehicle (at simulation time 89.002,300,000 s)
2024-06-03 19:40:25,314 INFO  - I'm in better position but no more hops in message (at simulation time 89.002,300,000 s)
2024-06-03 19:40:25,314 INFO  - Recieve a message from other vehicle (at simulation time 89.002,300,000 s)
2024-06-03 19:40:25,314 INFO  - I'm in better position but no more hops in message (at simulation time 89.002,300,000 s)
2024-06-03 19:40:25,314 INFO  - Recieve a message from other vehicle (at simulation time 89.002,300,000 s)
2024-06-03 19:40:25,314 INFO  - I'm in better position but no more hops in message (at simulation time 89.002,300,000 s)
2024-06-03 19:40:25,315 INFO  - Recieve a message from other vehicle (at simulation time 89.002,400,000 s)
2024-06-03 19:40:25,315 INFO  - I'm in better position but no more hops in message (at simulation time 89.002,400,000 s)
2024-06-03 19:40:25,315 INFO  - Recieve a message from other vehicle (at simulation time 89.002,400,000 s)
2024-06-03 19:40:25,315 INFO  - I'm in better position but no more hops in message (at simulation time 89.002,400,000 s)
2024-06-03 19:40:25,315 INFO  - Recieve a message from other vehicle (at simulation time 89.002,800,000 s)
2024-06-03 19:40:25,315 INFO  - I'm in better position but no more hops in message (at simulation time 89.002,800,000 s)
2024-06-03 19:40:25,660 INFO  - Called #onVehicleUpdated (at simulation time 90.000,000,000 s)
2024-06-03 19:40:25,661 INFO  - Sending out AdHoc broadcast (at simulation time 90.000,000,000 s)
2024-06-03 19:40:25,661 INFO  - Sending out AdHoc broadcast (at simulation time 90.000,000,000 s)
2024-06-03 19:40:25,661 INFO  - Sending out AdHoc broadcast (at simulation time 90.000,000,000 s)
2024-06-03 19:40:25,662 INFO  - Recieve a message from RSU (at simulation time 90.000,400,000 s)
2024-06-03 19:40:25,662 INFO  - Recieve a message from other vehicle (at simulation time 90.000,400,000 s)
2024-06-03 19:40:25,662 INFO  - Recending a message from other vehicle (at simulation time 90.000,400,000 s)
2024-06-03 19:40:25,663 INFO  - Recieve a message from other vehicle (at simulation time 90.000,900,000 s)
2024-06-03 19:40:25,663 INFO  - I'm in better position but no more hops in message (at simulation time 90.000,900,000 s)
2024-06-03 19:40:25,663 INFO  - Recieve a message from other vehicle (at simulation time 90.001,400,000 s)
2024-06-03 19:40:25,663 INFO  - I'm in better position but no more hops in message (at simulation time 90.001,400,000 s)
2024-06-03 19:40:25,663 INFO  - Recieve a message from other vehicle (at simulation time 90.001,400,000 s)
2024-06-03 19:40:25,663 INFO  - I'm in better position but no more hops in message (at simulation time 90.001,400,000 s)
2024-06-03 19:40:25,663 INFO  - Recieve a message from other vehicle (at simulation time 90.001,400,000 s)
2024-06-03 19:40:25,663 INFO  - Recending a message from other vehicle (at simulation time 90.001,400,000 s)
2024-06-03 19:40:25,664 INFO  - Recieve a message from other vehicle (at simulation time 90.001,800,000 s)
2024-06-03 19:40:25,664 INFO  - I'm in better position but no more hops in message (at simulation time 90.001,800,000 s)
2024-06-03 19:40:25,664 INFO  - Recieve a message from other vehicle (at simulation time 90.001,900,000 s)
2024-06-03 19:40:25,664 INFO  - My position is not better! (at simulation time 90.001,900,000 s)
2024-06-03 19:40:25,664 INFO  - Recieve a message from other vehicle (at simulation time 90.002,300,000 s)
2024-06-03 19:40:25,664 INFO  - I'm in better position but no more hops in message (at simulation time 90.002,300,000 s)
2024-06-03 19:40:25,665 INFO  - Recieve a message from other vehicle (at simulation time 90.002,800,000 s)
2024-06-03 19:40:25,665 INFO  - I'm in better position but no more hops in message (at simulation time 90.002,800,000 s)
2024-06-03 19:40:26,009 INFO  - Called #onVehicleUpdated (at simulation time 91.000,000,000 s)
2024-06-03 19:40:26,009 INFO  - Sending out AdHoc broadcast (at simulation time 91.000,000,000 s)
2024-06-03 19:40:26,009 INFO  - Sending out AdHoc broadcast (at simulation time 91.000,000,000 s)
2024-06-03 19:40:26,009 INFO  - Sending out AdHoc broadcast (at simulation time 91.000,000,000 s)
2024-06-03 19:40:26,009 INFO  - Sending out AdHoc broadcast (at simulation time 91.000,000,000 s)
2024-06-03 19:40:26,011 INFO  - Recieve a message from other vehicle (at simulation time 91.001,800,000 s)
2024-06-03 19:40:26,011 INFO  - I'm in better position but no more hops in message (at simulation time 91.001,800,000 s)
2024-06-03 19:40:26,011 INFO  - Recieve a message from other vehicle (at simulation time 91.002,400,000 s)
2024-06-03 19:40:26,011 INFO  - I'm in better position but no more hops in message (at simulation time 91.002,400,000 s)
2024-06-03 19:40:26,011 INFO  - Recieve a message from other vehicle (at simulation time 91.002,800,000 s)
2024-06-03 19:40:26,011 INFO  - I'm in better position but no more hops in message (at simulation time 91.002,800,000 s)
2024-06-03 19:40:26,011 INFO  - Recieve a message from other vehicle (at simulation time 91.002,800,000 s)
2024-06-03 19:40:26,011 INFO  - I'm in better position but no more hops in message (at simulation time 91.002,800,000 s)
2024-06-03 19:40:26,359 INFO  - Called #onVehicleUpdated (at simulation time 92.000,000,000 s)
2024-06-03 19:40:26,359 INFO  - Sending out AdHoc broadcast (at simulation time 92.000,000,000 s)
2024-06-03 19:40:26,359 INFO  - Sending out AdHoc broadcast (at simulation time 92.000,000,000 s)
2024-06-03 19:40:26,359 INFO  - Sending out AdHoc broadcast (at simulation time 92.000,000,000 s)
2024-06-03 19:40:26,360 INFO  - Recieve a message from other vehicle (at simulation time 92.001,400,000 s)
2024-06-03 19:40:26,360 INFO  - Recending a message from other vehicle (at simulation time 92.001,400,000 s)
2024-06-03 19:40:26,360 INFO  - Recieve a message from other vehicle (at simulation time 92.001,900,000 s)
2024-06-03 19:40:26,360 INFO  - Recending a message from other vehicle (at simulation time 92.001,900,000 s)
2024-06-03 19:40:26,710 INFO  - Called #onVehicleUpdated (at simulation time 93.000,000,000 s)
2024-06-03 19:40:26,710 INFO  - Sending out AdHoc broadcast (at simulation time 93.000,000,000 s)
2024-06-03 19:40:26,710 INFO  - Sending out AdHoc broadcast (at simulation time 93.000,000,000 s)
2024-06-03 19:40:26,710 INFO  - Sending out AdHoc broadcast (at simulation time 93.000,000,000 s)
2024-06-03 19:40:26,710 INFO  - Sending out AdHoc broadcast (at simulation time 93.000,000,000 s)
2024-06-03 19:40:26,711 INFO  - Recieve a message from other vehicle (at simulation time 93.000,900,000 s)
2024-06-03 19:40:26,711 INFO  - My position is not better! (at simulation time 93.000,900,000 s)
2024-06-03 19:40:26,711 INFO  - Recieve a message from other vehicle (at simulation time 93.001,300,000 s)
2024-06-03 19:40:26,711 INFO  - My position is not better! (at simulation time 93.001,300,000 s)
2024-06-03 19:40:26,712 INFO  - Recieve a message from other vehicle (at simulation time 93.002,800,000 s)
2024-06-03 19:40:26,712 INFO  - My position is not better! (at simulation time 93.002,800,000 s)
2024-06-03 19:40:26,712 INFO  - Recieve a message from other vehicle (at simulation time 93.002,800,000 s)
2024-06-03 19:40:26,712 INFO  - My position is not better! (at simulation time 93.002,800,000 s)
2024-06-03 19:40:26,712 INFO  - Recieve a message from other vehicle (at simulation time 93.003,300,000 s)
2024-06-03 19:40:26,712 INFO  - My position is not better! (at simulation time 93.003,300,000 s)
2024-06-03 19:40:27,059 INFO  - Called #onVehicleUpdated (at simulation time 94.000,000,000 s)
2024-06-03 19:40:27,060 INFO  - Sending out AdHoc broadcast (at simulation time 94.000,000,000 s)
2024-06-03 19:40:27,060 INFO  - Sending out AdHoc broadcast (at simulation time 94.000,000,000 s)
2024-06-03 19:40:27,060 INFO  - Sending out AdHoc broadcast (at simulation time 94.000,000,000 s)
2024-06-03 19:40:27,060 INFO  - Recieve a message from other vehicle (at simulation time 94.000,800,000 s)
2024-06-03 19:40:27,060 INFO  - My position is not better! (at simulation time 94.000,800,000 s)
2024-06-03 19:40:27,061 INFO  - Recieve a message from other vehicle (at simulation time 94.001,300,000 s)
2024-06-03 19:40:27,061 INFO  - My position is not better! (at simulation time 94.001,300,000 s)
2024-06-03 19:40:27,061 INFO  - Recieve a message from other vehicle (at simulation time 94.004,800,000 s)
2024-06-03 19:40:27,061 INFO  - My position is not better! (at simulation time 94.004,800,000 s)
2024-06-03 19:40:27,410 INFO  - Called #onVehicleUpdated (at simulation time 95.000,000,000 s)
2024-06-03 19:40:27,411 INFO  - Sending out AdHoc broadcast (at simulation time 95.000,000,000 s)
2024-06-03 19:40:27,411 INFO  - Sending out AdHoc broadcast (at simulation time 95.000,000,000 s)
2024-06-03 19:40:27,411 INFO  - Sending out AdHoc broadcast (at simulation time 95.000,000,000 s)
2024-06-03 19:40:27,411 INFO  - Sending out AdHoc broadcast (at simulation time 95.000,000,000 s)
2024-06-03 19:40:27,760 INFO  - Called #onVehicleUpdated (at simulation time 96.000,000,000 s)
2024-06-03 19:40:27,760 INFO  - Exced velocity! Sending new CAM (at simulation time 96.000,000,000 s)
2024-06-03 19:40:27,760 INFO  - Sending out AdHoc broadcast (at simulation time 96.000,000,000 s)
2024-06-03 19:40:27,760 INFO  - Sending out AdHoc broadcast (at simulation time 96.000,000,000 s)
2024-06-03 19:40:27,760 INFO  - Sending out AdHoc broadcast (at simulation time 96.000,000,000 s)
2024-06-03 19:40:27,761 INFO  - Sending out AdHoc broadcast (at simulation time 96.000,000,000 s)
2024-06-03 19:40:28,110 INFO  - Called #onVehicleUpdated (at simulation time 97.000,000,000 s)
2024-06-03 19:40:28,110 INFO  - Exced velocity! Sending new CAM (at simulation time 97.000,000,000 s)
2024-06-03 19:40:28,110 INFO  - Sending out AdHoc broadcast (at simulation time 97.000,000,000 s)
2024-06-03 19:40:28,110 INFO  - Sending out AdHoc broadcast (at simulation time 97.000,000,000 s)
2024-06-03 19:40:28,110 INFO  - Sending out AdHoc broadcast (at simulation time 97.000,000,000 s)
2024-06-03 19:40:28,110 INFO  - Sending out AdHoc broadcast (at simulation time 97.000,000,000 s)
2024-06-03 19:40:28,110 INFO  - Sending out AdHoc broadcast (at simulation time 97.000,000,000 s)
2024-06-03 19:40:28,459 INFO  - Called #onVehicleUpdated (at simulation time 98.000,000,000 s)
2024-06-03 19:40:28,459 INFO  - Exced velocity! Sending new CAM (at simulation time 98.000,000,000 s)
2024-06-03 19:40:28,459 INFO  - Sending out AdHoc broadcast (at simulation time 98.000,000,000 s)
2024-06-03 19:40:28,460 INFO  - Sending out AdHoc broadcast (at simulation time 98.000,000,000 s)
2024-06-03 19:40:28,460 INFO  - Sending out AdHoc broadcast (at simulation time 98.000,000,000 s)
2024-06-03 19:40:28,460 INFO  - Sending out AdHoc broadcast (at simulation time 98.000,000,000 s)
2024-06-03 19:40:28,460 INFO  - Sending out AdHoc broadcast (at simulation time 98.000,000,000 s)
2024-06-03 19:40:28,810 INFO  - Called #onVehicleUpdated (at simulation time 99.000,000,000 s)
2024-06-03 19:40:28,810 INFO  - Exced velocity! Sending new CAM (at simulation time 99.000,000,000 s)
2024-06-03 19:40:28,810 INFO  - Sending out AdHoc broadcast (at simulation time 99.000,000,000 s)
2024-06-03 19:40:28,810 INFO  - Sending out AdHoc broadcast (at simulation time 99.000,000,000 s)
2024-06-03 19:40:28,810 INFO  - Sending out AdHoc broadcast (at simulation time 99.000,000,000 s)
2024-06-03 19:40:28,810 INFO  - Sending out AdHoc broadcast (at simulation time 99.000,000,000 s)
2024-06-03 19:40:28,810 INFO  - Sending out AdHoc broadcast (at simulation time 99.000,000,000 s)
2024-06-03 19:40:28,811 INFO  - Sending out AdHoc broadcast (at simulation time 99.000,000,000 s)
2024-06-03 19:40:29,161 INFO  - Shutdown (at simulation time 100.000,000,000 s)
