2024-06-03 19:40:47,014 INFO  - Initialize Vehicle application (at simulation time 151.000,000,000 s)
2024-06-03 19:40:47,016 INFO  - Activated WLAN Module (at simulation time 151.000,000,000 s)
2024-06-03 19:40:47,018 INFO  - Called #onVehicleUpdated (at simulation time 151.000,000,000 s)
2024-06-03 19:40:47,019 INFO  - Recieve a message from other vehicle (at simulation time 151.001,400,000 s)
2024-06-03 19:40:47,019 INFO  - My position is not better! (at simulation time 151.001,400,000 s)
2024-06-03 19:40:47,364 INFO  - Called #onVehicleUpdated (at simulation time 152.000,000,000 s)
2024-06-03 19:40:47,364 INFO  - Define the name: veh_26 and route: r_1 (at simulation time 152.000,000,000 s)
2024-06-03 19:40:47,364 INFO  - Sending out AdHoc broadcast (at simulation time 152.000,000,000 s)
2024-06-03 19:40:47,365 INFO  - Recieve a message from other vehicle (at simulation time 152.003,300,000 s)
2024-06-03 19:40:47,365 INFO  - My position is not better! (at simulation time 152.003,300,000 s)
2024-06-03 19:40:47,714 INFO  - Called #onVehicleUpdated (at simulation time 153.000,000,000 s)
2024-06-03 19:40:47,715 INFO  - Recieve a message from other vehicle (at simulation time 153.002,400,000 s)
2024-06-03 19:40:47,715 INFO  - My position is not better! (at simulation time 153.002,400,000 s)
2024-06-03 19:40:48,064 INFO  - Called #onVehicleUpdated (at simulation time 154.000,000,000 s)
2024-06-03 19:40:48,064 INFO  - Sending out AdHoc broadcast (at simulation time 154.000,000,000 s)
2024-06-03 19:40:48,065 INFO  - Recieve a message from other vehicle (at simulation time 154.000,800,000 s)
2024-06-03 19:40:48,065 INFO  - My position is not better! (at simulation time 154.000,800,000 s)
2024-06-03 19:40:48,415 INFO  - Called #onVehicleUpdated (at simulation time 155.000,000,000 s)
2024-06-03 19:40:48,415 INFO  - Recieve a message from other vehicle (at simulation time 155.000,900,000 s)
2024-06-03 19:40:48,415 INFO  - My position is not better! (at simulation time 155.000,900,000 s)
2024-06-03 19:40:48,764 INFO  - Called #onVehicleUpdated (at simulation time 156.000,000,000 s)
2024-06-03 19:40:48,764 INFO  - Sending out AdHoc broadcast (at simulation time 156.000,000,000 s)
2024-06-03 19:40:48,765 INFO  - Recieve a message from other vehicle (at simulation time 156.001,800,000 s)
2024-06-03 19:40:48,765 INFO  - My position is not better! (at simulation time 156.001,800,000 s)
2024-06-03 19:40:49,115 INFO  - Called #onVehicleUpdated (at simulation time 157.000,000,000 s)
2024-06-03 19:40:49,117 INFO  - Recieve a message from other vehicle (at simulation time 157.002,400,000 s)
2024-06-03 19:40:49,117 INFO  - My position is not better! (at simulation time 157.002,400,000 s)
2024-06-03 19:40:49,465 INFO  - Called #onVehicleUpdated (at simulation time 158.000,000,000 s)
2024-06-03 19:40:49,467 INFO  - Sending out AdHoc broadcast (at simulation time 158.000,000,000 s)
2024-06-03 19:40:49,468 INFO  - Recieve a message from other vehicle (at simulation time 158.001,300,000 s)
2024-06-03 19:40:49,468 INFO  - My position is not better! (at simulation time 158.001,300,000 s)
2024-06-03 19:40:49,468 INFO  - Recieve a message from other vehicle (at simulation time 158.001,300,000 s)
2024-06-03 19:40:49,468 INFO  - My position is not better! (at simulation time 158.001,300,000 s)
2024-06-03 19:40:49,468 INFO  - Recieve a message from other vehicle (at simulation time 158.001,400,000 s)
2024-06-03 19:40:49,468 INFO  - My position is not better! (at simulation time 158.001,400,000 s)
2024-06-03 19:40:49,468 INFO  - Recieve a message from other vehicle (at simulation time 158.001,900,000 s)
2024-06-03 19:40:49,468 INFO  - My position is not better! (at simulation time 158.001,900,000 s)
2024-06-03 19:40:49,468 INFO  - Recieve a message from other vehicle (at simulation time 158.001,900,000 s)
2024-06-03 19:40:49,468 INFO  - My position is not better! (at simulation time 158.001,900,000 s)
2024-06-03 19:40:49,468 INFO  - Recieve a message from other vehicle (at simulation time 158.002,300,000 s)
2024-06-03 19:40:49,468 INFO  - My position is not better! (at simulation time 158.002,300,000 s)
2024-06-03 19:40:49,468 INFO  - Recieve a message from other vehicle (at simulation time 158.002,400,000 s)
2024-06-03 19:40:49,468 INFO  - My position is not better! (at simulation time 158.002,400,000 s)
2024-06-03 19:40:49,468 INFO  - Recieve a message from other vehicle (at simulation time 158.002,400,000 s)
2024-06-03 19:40:49,468 INFO  - My position is not better! (at simulation time 158.002,400,000 s)
2024-06-03 19:40:49,468 INFO  - Recieve a message from other vehicle (at simulation time 158.002,400,000 s)
2024-06-03 19:40:49,468 INFO  - My position is not better! (at simulation time 158.002,400,000 s)
2024-06-03 19:40:49,816 INFO  - Called #onVehicleUpdated (at simulation time 159.000,000,000 s)
2024-06-03 19:40:49,817 INFO  - Recieve a message from other vehicle (at simulation time 159.000,400,000 s)
2024-06-03 19:40:49,817 INFO  - DENM message Recived from veh_24 -info : seco (at simulation time 159.000,400,000 s)
2024-06-03 19:40:49,817 INFO  - No more hops in DENM message (at simulation time 159.000,400,000 s)
2024-06-03 19:40:49,817 INFO  - Recieve a message from other vehicle (at simulation time 159.000,400,000 s)
2024-06-03 19:40:49,817 INFO  - DENM message Recived from veh_25 -info : seco (at simulation time 159.000,400,000 s)
2024-06-03 19:40:49,817 INFO  - Recending a DENM message from other vehicle (at simulation time 159.000,400,000 s)
2024-06-03 19:40:49,817 INFO  - Recieve a message from other vehicle (at simulation time 159.000,400,000 s)
2024-06-03 19:40:49,817 INFO  - My position is not better! (at simulation time 159.000,400,000 s)
2024-06-03 19:40:49,817 INFO  - Recieve a message from other vehicle (at simulation time 159.000,400,000 s)
2024-06-03 19:40:49,817 INFO  - My position is not better! (at simulation time 159.000,400,000 s)
2024-06-03 19:40:49,818 INFO  - Recieve a message from other vehicle (at simulation time 159.000,400,000 s)
2024-06-03 19:40:49,818 INFO  - My position is not better! (at simulation time 159.000,400,000 s)
2024-06-03 19:40:49,818 INFO  - Recieve a message from other vehicle (at simulation time 159.000,400,000 s)
2024-06-03 19:40:49,818 INFO  - My position is not better! (at simulation time 159.000,400,000 s)
2024-06-03 19:40:49,818 INFO  - Recieve a message from other vehicle (at simulation time 159.000,900,000 s)
2024-06-03 19:40:49,818 INFO  - My position is not better! (at simulation time 159.000,900,000 s)
2024-06-03 19:40:49,819 INFO  - Recieve a message from other vehicle (at simulation time 159.000,900,000 s)
2024-06-03 19:40:49,819 INFO  - My position is not better! (at simulation time 159.000,900,000 s)
2024-06-03 19:40:49,819 INFO  - Recieve a message from other vehicle (at simulation time 159.001,400,000 s)
2024-06-03 19:40:49,819 INFO  - My position is not better! (at simulation time 159.001,400,000 s)
2024-06-03 19:40:49,819 INFO  - Recieve a message from other vehicle (at simulation time 159.001,400,000 s)
2024-06-03 19:40:49,819 INFO  - My position is not better! (at simulation time 159.001,400,000 s)
2024-06-03 19:40:49,819 INFO  - Recieve a message from other vehicle (at simulation time 159.001,400,000 s)
2024-06-03 19:40:49,819 INFO  - My position is not better! (at simulation time 159.001,400,000 s)
2024-06-03 19:40:49,819 INFO  - Recieve a message from other vehicle (at simulation time 159.001,400,000 s)
2024-06-03 19:40:49,819 INFO  - My position is not better! (at simulation time 159.001,400,000 s)
2024-06-03 19:40:49,819 INFO  - Recieve a message from other vehicle (at simulation time 159.001,800,000 s)
2024-06-03 19:40:49,820 INFO  - My position is not better! (at simulation time 159.001,800,000 s)
2024-06-03 19:40:49,820 INFO  - Recieve a message from other vehicle (at simulation time 159.001,900,000 s)
2024-06-03 19:40:49,820 INFO  - My position is not better! (at simulation time 159.001,900,000 s)
2024-06-03 19:40:49,820 INFO  - Recieve a message from other vehicle (at simulation time 159.002,300,000 s)
2024-06-03 19:40:49,820 INFO  - DENM message Recived from veh_24 -info : seco (at simulation time 159.002,300,000 s)
2024-06-03 19:40:49,820 INFO  - No more hops in DENM message (at simulation time 159.002,300,000 s)
2024-06-03 19:40:49,820 INFO  - Recieve a message from other vehicle (at simulation time 159.002,300,000 s)
2024-06-03 19:40:49,820 INFO  - DENM message Recived from veh_29 -info : seco (at simulation time 159.002,300,000 s)
2024-06-03 19:40:49,820 INFO  - No more hops in DENM message (at simulation time 159.002,300,000 s)
2024-06-03 19:40:49,820 INFO  - Recieve a message from other vehicle (at simulation time 159.002,400,000 s)
2024-06-03 19:40:49,820 INFO  - DENM message Recived from veh_27 -info : seco (at simulation time 159.002,400,000 s)
2024-06-03 19:40:49,820 INFO  - No more hops in DENM message (at simulation time 159.002,400,000 s)
2024-06-03 19:40:49,820 INFO  - Recieve a message from other vehicle (at simulation time 159.002,400,000 s)
2024-06-03 19:40:49,820 INFO  - DENM message Recived from veh_29 -info : seco (at simulation time 159.002,400,000 s)
2024-06-03 19:40:49,820 INFO  - No more hops in DENM message (at simulation time 159.002,400,000 s)
2024-06-03 19:40:49,820 INFO  - Recieve a message from other vehicle (at simulation time 159.002,400,000 s)
2024-06-03 19:40:49,820 INFO  - My position is not better! (at simulation time 159.002,400,000 s)
2024-06-03 19:40:49,820 INFO  - Recieve a message from other vehicle (at simulation time 159.002,800,000 s)
2024-06-03 19:40:49,820 INFO  - DENM message Recived from veh_27 -info : seco (at simulation time 159.002,800,000 s)
2024-06-03 19:40:49,820 INFO  - No more hops in DENM message (at simulation time 159.002,800,000 s)
2024-06-03 19:40:49,821 INFO  - Recieve a message from other vehicle (at simulation time 159.002,800,000 s)
2024-06-03 19:40:49,821 INFO  - My position is not better! (at simulation time 159.002,800,000 s)
2024-06-03 19:40:49,821 INFO  - Recieve a message from other vehicle (at simulation time 159.004,300,000 s)
2024-06-03 19:40:49,821 INFO  - My position is not better! (at simulation time 159.004,300,000 s)
2024-06-03 19:40:49,821 INFO  - Recieve a message from other vehicle (at simulation time 159.004,800,000 s)
2024-06-03 19:40:49,821 INFO  - My position is not better! (at simulation time 159.004,800,000 s)
2024-06-03 19:40:50,166 INFO  - Called #onVehicleUpdated (at simulation time 160.000,000,000 s)
2024-06-03 19:40:50,166 INFO  - Sending out DENM broadcast (at simulation time 160.000,000,000 s)
2024-06-03 19:40:50,167 INFO  - Sending out AdHoc broadcast (at simulation time 160.000,000,000 s)
2024-06-03 19:40:50,167 INFO  - Recieve a message from other vehicle (at simulation time 160.000,400,000 s)
2024-06-03 19:40:50,167 INFO  - Recending a message from other vehicle (at simulation time 160.000,400,000 s)
2024-06-03 19:40:50,168 INFO  - Recieve a message from other vehicle (at simulation time 160.000,400,000 s)
2024-06-03 19:40:50,168 INFO  - My position is not better! (at simulation time 160.000,400,000 s)
2024-06-03 19:40:50,168 INFO  - Recieve a message from other vehicle (at simulation time 160.000,900,000 s)
2024-06-03 19:40:50,168 INFO  - My position is not better! (at simulation time 160.000,900,000 s)
2024-06-03 19:40:50,168 INFO  - Recieve a message from other vehicle (at simulation time 160.001,300,000 s)
2024-06-03 19:40:50,168 INFO  - DENM message Recived from veh_26 -info : seco (at simulation time 160.001,300,000 s)
2024-06-03 19:40:50,168 INFO  - No more hops in DENM message (at simulation time 160.001,300,000 s)
2024-06-03 19:40:50,169 INFO  - Recieve a message from other vehicle (at simulation time 160.001,300,000 s)
2024-06-03 19:40:50,169 INFO  - I'm in better position but no more hops in message (at simulation time 160.001,300,000 s)
2024-06-03 19:40:50,169 INFO  - Recieve a message from other vehicle (at simulation time 160.001,300,000 s)
2024-06-03 19:40:50,169 INFO  - My position is not better! (at simulation time 160.001,300,000 s)
2024-06-03 19:40:50,169 INFO  - Recieve a message from other vehicle (at simulation time 160.001,300,000 s)
2024-06-03 19:40:50,169 INFO  - My position is not better! (at simulation time 160.001,300,000 s)
2024-06-03 19:40:50,169 INFO  - Recieve a message from other vehicle (at simulation time 160.001,400,000 s)
2024-06-03 19:40:50,169 INFO  - DENM message Recived from veh_28 -info : nevoeiro (at simulation time 160.001,400,000 s)
2024-06-03 19:40:50,169 INFO  - No more hops in DENM message (at simulation time 160.001,400,000 s)
2024-06-03 19:40:50,169 INFO  - Recieve a message from other vehicle (at simulation time 160.001,400,000 s)
2024-06-03 19:40:50,169 INFO  - I'm in better position but no more hops in message (at simulation time 160.001,400,000 s)
2024-06-03 19:40:50,169 INFO  - Recieve a message from other vehicle (at simulation time 160.001,400,000 s)
2024-06-03 19:40:50,169 INFO  - My position is not better! (at simulation time 160.001,400,000 s)
2024-06-03 19:40:50,169 INFO  - Recieve a message from other vehicle (at simulation time 160.001,400,000 s)
2024-06-03 19:40:50,169 INFO  - I'm in better position but no more hops in message (at simulation time 160.001,400,000 s)
2024-06-03 19:40:50,169 INFO  - Recieve a message from other vehicle (at simulation time 160.001,800,000 s)
2024-06-03 19:40:50,169 INFO  - DENM message Recived from veh_28 -info : nevoeiro (at simulation time 160.001,800,000 s)
2024-06-03 19:40:50,169 INFO  - No more hops in DENM message (at simulation time 160.001,800,000 s)
2024-06-03 19:40:50,170 INFO  - Recieve a message from other vehicle (at simulation time 160.001,900,000 s)
2024-06-03 19:40:50,170 INFO  - My position is not better! (at simulation time 160.001,900,000 s)
2024-06-03 19:40:50,170 INFO  - Recieve a message from other vehicle (at simulation time 160.002,300,000 s)
2024-06-03 19:40:50,170 INFO  - I'm in better position but no more hops in message (at simulation time 160.002,300,000 s)
2024-06-03 19:40:50,170 INFO  - Recieve a message from other vehicle (at simulation time 160.002,400,000 s)
2024-06-03 19:40:50,170 INFO  - My position is not better! (at simulation time 160.002,400,000 s)
2024-06-03 19:40:50,170 INFO  - Recieve a message from other vehicle (at simulation time 160.002,400,000 s)
2024-06-03 19:40:50,170 INFO  - My position is not better! (at simulation time 160.002,400,000 s)
2024-06-03 19:40:50,170 INFO  - Recieve a message from other vehicle (at simulation time 160.002,400,000 s)
2024-06-03 19:40:50,170 INFO  - My position is not better! (at simulation time 160.002,400,000 s)
2024-06-03 19:40:50,515 INFO  - Called #onVehicleUpdated (at simulation time 161.000,000,000 s)
2024-06-03 19:40:50,516 INFO  - Recieve a message from other vehicle (at simulation time 161.000,800,000 s)
2024-06-03 19:40:50,516 INFO  - I'm in better position but no more hops in message (at simulation time 161.000,800,000 s)
2024-06-03 19:40:50,517 INFO  - Recieve a message from other vehicle (at simulation time 161.000,800,000 s)
2024-06-03 19:40:50,517 INFO  - I'm in better position but no more hops in message (at simulation time 161.000,800,000 s)
2024-06-03 19:40:50,517 INFO  - Recieve a message from other vehicle (at simulation time 161.000,900,000 s)
2024-06-03 19:40:50,517 INFO  - My position is not better! (at simulation time 161.000,900,000 s)
2024-06-03 19:40:50,517 INFO  - Recieve a message from other vehicle (at simulation time 161.000,900,000 s)
2024-06-03 19:40:50,517 INFO  - I'm in better position but no more hops in message (at simulation time 161.000,900,000 s)
2024-06-03 19:40:50,517 INFO  - Recieve a message from other vehicle (at simulation time 161.000,900,000 s)
2024-06-03 19:40:50,517 INFO  - I'm in better position but no more hops in message (at simulation time 161.000,900,000 s)
2024-06-03 19:40:50,517 INFO  - Recieve a message from other vehicle (at simulation time 161.000,900,000 s)
2024-06-03 19:40:50,517 INFO  - I'm in better position but no more hops in message (at simulation time 161.000,900,000 s)
2024-06-03 19:40:50,517 INFO  - Recieve a message from other vehicle (at simulation time 161.000,900,000 s)
2024-06-03 19:40:50,517 INFO  - I'm in better position but no more hops in message (at simulation time 161.000,900,000 s)
2024-06-03 19:40:50,517 INFO  - Recieve a message from other vehicle (at simulation time 161.001,300,000 s)
2024-06-03 19:40:50,517 INFO  - I'm in better position but no more hops in message (at simulation time 161.001,300,000 s)
2024-06-03 19:40:50,517 INFO  - Recieve a message from other vehicle (at simulation time 161.001,400,000 s)
2024-06-03 19:40:50,518 INFO  - I'm in better position but no more hops in message (at simulation time 161.001,400,000 s)
2024-06-03 19:40:50,518 INFO  - Recieve a message from other vehicle (at simulation time 161.001,400,000 s)
2024-06-03 19:40:50,518 INFO  - I'm in better position but no more hops in message (at simulation time 161.001,400,000 s)
2024-06-03 19:40:50,518 INFO  - Recieve a message from other vehicle (at simulation time 161.001,900,000 s)
2024-06-03 19:40:50,518 INFO  - I'm in better position but no more hops in message (at simulation time 161.001,900,000 s)
2024-06-03 19:40:50,518 INFO  - Recieve a message from other vehicle (at simulation time 161.001,900,000 s)
2024-06-03 19:40:50,518 INFO  - I'm in better position but no more hops in message (at simulation time 161.001,900,000 s)
2024-06-03 19:40:50,518 INFO  - Recieve a message from other vehicle (at simulation time 161.001,900,000 s)
2024-06-03 19:40:50,518 INFO  - I'm in better position but no more hops in message (at simulation time 161.001,900,000 s)
2024-06-03 19:40:50,518 INFO  - Recieve a message from other vehicle (at simulation time 161.001,900,000 s)
2024-06-03 19:40:50,518 INFO  - I'm in better position but no more hops in message (at simulation time 161.001,900,000 s)
2024-06-03 19:40:50,518 INFO  - Recieve a message from other vehicle (at simulation time 161.002,400,000 s)
2024-06-03 19:40:50,518 INFO  - I'm in better position but no more hops in message (at simulation time 161.002,400,000 s)
2024-06-03 19:40:50,518 INFO  - Recieve a message from other vehicle (at simulation time 161.002,400,000 s)
2024-06-03 19:40:50,518 INFO  - I'm in better position but no more hops in message (at simulation time 161.002,400,000 s)
2024-06-03 19:40:50,518 INFO  - Recieve a message from other vehicle (at simulation time 161.003,300,000 s)
2024-06-03 19:40:50,518 INFO  - I'm in better position but no more hops in message (at simulation time 161.003,300,000 s)
2024-06-03 19:40:50,865 INFO  - Called #onVehicleUpdated (at simulation time 162.000,000,000 s)
2024-06-03 19:40:50,866 INFO  - Sending out AdHoc broadcast (at simulation time 162.000,000,000 s)
2024-06-03 19:40:50,866 INFO  - Recieve a message from other vehicle (at simulation time 162.000,400,000 s)
2024-06-03 19:40:50,866 INFO  - I'm in better position but no more hops in message (at simulation time 162.000,400,000 s)
2024-06-03 19:40:50,866 INFO  - Recieve a message from other vehicle (at simulation time 162.000,400,000 s)
2024-06-03 19:40:50,866 INFO  - I'm in better position but no more hops in message (at simulation time 162.000,400,000 s)
2024-06-03 19:40:50,867 INFO  - Recieve a message from other vehicle (at simulation time 162.000,400,000 s)
2024-06-03 19:40:50,867 INFO  - Recending a message from other vehicle (at simulation time 162.000,400,000 s)
2024-06-03 19:40:50,867 INFO  - Recieve a message from other vehicle (at simulation time 162.000,400,000 s)
2024-06-03 19:40:50,867 INFO  - I'm in better position but no more hops in message (at simulation time 162.000,400,000 s)
2024-06-03 19:40:50,867 INFO  - Recieve a message from other vehicle (at simulation time 162.000,900,000 s)
2024-06-03 19:40:50,867 INFO  - Recending a message from other vehicle (at simulation time 162.000,900,000 s)
2024-06-03 19:40:50,867 INFO  - Recieve a message from other vehicle (at simulation time 162.001,400,000 s)
2024-06-03 19:40:50,867 INFO  - I'm in better position but no more hops in message (at simulation time 162.001,400,000 s)
2024-06-03 19:40:50,868 INFO  - Recieve a message from other vehicle (at simulation time 162.001,900,000 s)
2024-06-03 19:40:50,868 INFO  - I'm in better position but no more hops in message (at simulation time 162.001,900,000 s)
2024-06-03 19:40:50,868 INFO  - Recieve a message from other vehicle (at simulation time 162.001,900,000 s)
2024-06-03 19:40:50,868 INFO  - I'm in better position but no more hops in message (at simulation time 162.001,900,000 s)
2024-06-03 19:40:50,868 INFO  - Recieve a message from other vehicle (at simulation time 162.001,900,000 s)
2024-06-03 19:40:50,868 INFO  - I'm in better position but no more hops in message (at simulation time 162.001,900,000 s)
2024-06-03 19:40:50,868 INFO  - Recieve a message from other vehicle (at simulation time 162.002,300,000 s)
2024-06-03 19:40:50,868 INFO  - I'm in better position but no more hops in message (at simulation time 162.002,300,000 s)
2024-06-03 19:40:50,868 INFO  - Recieve a message from other vehicle (at simulation time 162.002,400,000 s)
2024-06-03 19:40:50,868 INFO  - I'm in better position but no more hops in message (at simulation time 162.002,400,000 s)
2024-06-03 19:40:50,869 INFO  - Recieve a message from other vehicle (at simulation time 162.002,800,000 s)
2024-06-03 19:40:50,869 INFO  - I'm in better position but no more hops in message (at simulation time 162.002,800,000 s)
2024-06-03 19:40:51,216 INFO  - Called #onVehicleUpdated (at simulation time 163.000,000,000 s)
2024-06-03 19:40:51,216 INFO  - Recieve a message from other vehicle (at simulation time 163.000,400,000 s)
2024-06-03 19:40:51,216 INFO  - I'm in better position but no more hops in message (at simulation time 163.000,400,000 s)
2024-06-03 19:40:51,216 INFO  - Recieve a message from other vehicle (at simulation time 163.000,900,000 s)
2024-06-03 19:40:51,216 INFO  - I'm in better position but no more hops in message (at simulation time 163.000,900,000 s)
2024-06-03 19:40:51,216 INFO  - Recieve a message from other vehicle (at simulation time 163.001,300,000 s)
2024-06-03 19:40:51,216 INFO  - I'm in better position but no more hops in message (at simulation time 163.001,300,000 s)
2024-06-03 19:40:51,216 INFO  - Recieve a message from other vehicle (at simulation time 163.001,400,000 s)
2024-06-03 19:40:51,216 INFO  - I'm in better position but no more hops in message (at simulation time 163.001,400,000 s)
2024-06-03 19:40:51,216 INFO  - Recieve a message from other vehicle (at simulation time 163.001,900,000 s)
2024-06-03 19:40:51,216 INFO  - I'm in better position but no more hops in message (at simulation time 163.001,900,000 s)
2024-06-03 19:40:51,216 INFO  - Recieve a message from other vehicle (at simulation time 163.002,400,000 s)
2024-06-03 19:40:51,216 INFO  - I'm in better position but no more hops in message (at simulation time 163.002,400,000 s)
2024-06-03 19:40:51,216 INFO  - Recieve a message from other vehicle (at simulation time 163.002,400,000 s)
2024-06-03 19:40:51,216 INFO  - I'm in better position but no more hops in message (at simulation time 163.002,400,000 s)
2024-06-03 19:40:51,217 INFO  - Recieve a message from other vehicle (at simulation time 163.002,400,000 s)
2024-06-03 19:40:51,217 INFO  - I'm in better position but no more hops in message (at simulation time 163.002,400,000 s)
2024-06-03 19:40:51,217 INFO  - Recieve a message from other vehicle (at simulation time 163.002,400,000 s)
2024-06-03 19:40:51,217 INFO  - I'm in better position but no more hops in message (at simulation time 163.002,400,000 s)
2024-06-03 19:40:51,217 INFO  - Recieve a message from other vehicle (at simulation time 163.002,400,000 s)
2024-06-03 19:40:51,217 INFO  - I'm in better position but no more hops in message (at simulation time 163.002,400,000 s)
2024-06-03 19:40:51,217 INFO  - Recieve a message from other vehicle (at simulation time 163.002,400,000 s)
2024-06-03 19:40:51,217 INFO  - I'm in better position but no more hops in message (at simulation time 163.002,400,000 s)
2024-06-03 19:40:51,217 INFO  - Recieve a message from other vehicle (at simulation time 163.003,300,000 s)
2024-06-03 19:40:51,217 INFO  - I'm in better position but no more hops in message (at simulation time 163.003,300,000 s)
2024-06-03 19:40:51,565 INFO  - Called #onVehicleUpdated (at simulation time 164.000,000,000 s)
2024-06-03 19:40:51,566 INFO  - Sending out AdHoc broadcast (at simulation time 164.000,000,000 s)
2024-06-03 19:40:51,566 INFO  - Recieve a message from other vehicle (at simulation time 164.000,400,000 s)
2024-06-03 19:40:51,566 INFO  - My position is not better! (at simulation time 164.000,400,000 s)
2024-06-03 19:40:51,566 INFO  - Recieve a message from other vehicle (at simulation time 164.000,400,000 s)
2024-06-03 19:40:51,566 INFO  - My position is not better! (at simulation time 164.000,400,000 s)
2024-06-03 19:40:51,566 INFO  - Recieve a message from other vehicle (at simulation time 164.000,900,000 s)
2024-06-03 19:40:51,566 INFO  - My position is not better! (at simulation time 164.000,900,000 s)
2024-06-03 19:40:51,566 INFO  - Recieve a message from other vehicle (at simulation time 164.000,900,000 s)
2024-06-03 19:40:51,566 INFO  - My position is not better! (at simulation time 164.000,900,000 s)
2024-06-03 19:40:51,566 INFO  - Recieve a message from other vehicle (at simulation time 164.000,900,000 s)
2024-06-03 19:40:51,566 INFO  - My position is not better! (at simulation time 164.000,900,000 s)
2024-06-03 19:40:51,566 INFO  - Recieve a message from other vehicle (at simulation time 164.001,900,000 s)
2024-06-03 19:40:51,566 INFO  - My position is not better! (at simulation time 164.001,900,000 s)
2024-06-03 19:40:51,566 INFO  - Recieve a message from other vehicle (at simulation time 164.002,800,000 s)
2024-06-03 19:40:51,566 INFO  - My position is not better! (at simulation time 164.002,800,000 s)
2024-06-03 19:40:51,917 INFO  - Called #onVehicleUpdated (at simulation time 165.000,000,000 s)
2024-06-03 19:40:51,917 INFO  - Recieve a message from other vehicle (at simulation time 165.000,900,000 s)
2024-06-03 19:40:51,917 INFO  - My position is not better! (at simulation time 165.000,900,000 s)
2024-06-03 19:40:51,918 INFO  - Recieve a message from other vehicle (at simulation time 165.001,400,000 s)
2024-06-03 19:40:51,918 INFO  - My position is not better! (at simulation time 165.001,400,000 s)
2024-06-03 19:40:51,918 INFO  - Recieve a message from other vehicle (at simulation time 165.001,400,000 s)
2024-06-03 19:40:51,918 INFO  - My position is not better! (at simulation time 165.001,400,000 s)
2024-06-03 19:40:51,918 INFO  - Recieve a message from other vehicle (at simulation time 165.001,400,000 s)
2024-06-03 19:40:51,918 INFO  - My position is not better! (at simulation time 165.001,400,000 s)
2024-06-03 19:40:51,918 INFO  - Recieve a message from other vehicle (at simulation time 165.001,400,000 s)
2024-06-03 19:40:51,918 INFO  - My position is not better! (at simulation time 165.001,400,000 s)
2024-06-03 19:40:51,918 INFO  - Recieve a message from other vehicle (at simulation time 165.001,400,000 s)
2024-06-03 19:40:51,918 INFO  - My position is not better! (at simulation time 165.001,400,000 s)
2024-06-03 19:40:51,918 INFO  - Recieve a message from other vehicle (at simulation time 165.001,800,000 s)
2024-06-03 19:40:51,918 INFO  - My position is not better! (at simulation time 165.001,800,000 s)
2024-06-03 19:40:51,918 INFO  - Recieve a message from other vehicle (at simulation time 165.001,900,000 s)
2024-06-03 19:40:51,918 INFO  - My position is not better! (at simulation time 165.001,900,000 s)
2024-06-03 19:40:51,918 INFO  - Recieve a message from other vehicle (at simulation time 165.002,400,000 s)
2024-06-03 19:40:51,918 INFO  - My position is not better! (at simulation time 165.002,400,000 s)
2024-06-03 19:40:51,918 INFO  - Recieve a message from other vehicle (at simulation time 165.002,800,000 s)
2024-06-03 19:40:51,918 INFO  - My position is not better! (at simulation time 165.002,800,000 s)
2024-06-03 19:40:51,918 INFO  - Recieve a message from other vehicle (at simulation time 165.003,300,000 s)
2024-06-03 19:40:51,918 INFO  - My position is not better! (at simulation time 165.003,300,000 s)
2024-06-03 19:40:51,918 INFO  - Recieve a message from other vehicle (at simulation time 165.003,300,000 s)
2024-06-03 19:40:51,918 INFO  - My position is not better! (at simulation time 165.003,300,000 s)
2024-06-03 19:40:52,265 INFO  - Called #onVehicleUpdated (at simulation time 166.000,000,000 s)
2024-06-03 19:40:52,265 INFO  - Exced velocity! Sending new CAM (at simulation time 166.000,000,000 s)
2024-06-03 19:40:52,265 INFO  - Sending out AdHoc broadcast (at simulation time 166.000,000,000 s)
2024-06-03 19:40:52,266 INFO  - Sending out AdHoc broadcast (at simulation time 166.000,000,000 s)
2024-06-03 19:40:52,615 INFO  - Called #onVehicleUpdated (at simulation time 167.000,000,000 s)
2024-06-03 19:40:52,615 INFO  - Exced velocity! Sending new CAM (at simulation time 167.000,000,000 s)
2024-06-03 19:40:52,615 INFO  - Sending out AdHoc broadcast (at simulation time 167.000,000,000 s)
2024-06-03 19:40:52,965 INFO  - Called #onVehicleUpdated (at simulation time 168.000,000,000 s)
2024-06-03 19:40:52,965 INFO  - Exced velocity! Sending new CAM (at simulation time 168.000,000,000 s)
2024-06-03 19:40:52,965 INFO  - Sending out AdHoc broadcast (at simulation time 168.000,000,000 s)
2024-06-03 19:40:52,965 INFO  - Sending out AdHoc broadcast (at simulation time 168.000,000,000 s)
2024-06-03 19:40:52,965 INFO  - Sending out AdHoc broadcast (at simulation time 168.000,000,000 s)
2024-06-03 19:40:53,316 INFO  - Called #onVehicleUpdated (at simulation time 169.000,000,000 s)
2024-06-03 19:40:53,316 INFO  - Exced velocity! Sending new CAM (at simulation time 169.000,000,000 s)
2024-06-03 19:40:53,316 INFO  - Sending out AdHoc broadcast (at simulation time 169.000,000,000 s)
2024-06-03 19:40:53,317 INFO  - Sending out AdHoc broadcast (at simulation time 169.000,000,000 s)
2024-06-03 19:40:53,667 INFO  - Called #onVehicleUpdated (at simulation time 170.000,000,000 s)
2024-06-03 19:40:53,667 INFO  - Exced velocity! Sending new CAM (at simulation time 170.000,000,000 s)
2024-06-03 19:40:53,667 INFO  - Sending out AdHoc broadcast (at simulation time 170.000,000,000 s)
2024-06-03 19:40:53,667 INFO  - Sending out AdHoc broadcast (at simulation time 170.000,000,000 s)
2024-06-03 19:40:53,667 INFO  - Sending out AdHoc broadcast (at simulation time 170.000,000,000 s)
2024-06-03 19:40:53,667 INFO  - Sending out AdHoc broadcast (at simulation time 170.000,000,000 s)
2024-06-03 19:40:54,017 INFO  - Shutdown (at simulation time 171.000,000,000 s)
