2024-06-03 19:50:55,619 INFO  - Initialize Vehicle application (at simulation time 6.000,000,000 s)
2024-06-03 19:50:55,620 INFO  - Activated WLAN Module (at simulation time 6.000,000,000 s)
2024-06-03 19:50:55,629 INFO  - Called #onVehicleUpdated (at simulation time 6.000,000,000 s)
2024-06-03 19:50:55,642 INFO  - Called #onVehicleUpdated (at simulation time 7.000,000,000 s)
2024-06-03 19:50:55,644 INFO  - Define the name: veh_0 and route: r_0 (at simulation time 7.000,000,000 s)
2024-06-03 19:50:55,644 INFO  - Sending out AdHoc broadcast (at simulation time 7.000,000,000 s)
2024-06-03 19:50:55,651 INFO  - Called #onVehicleUpdated (at simulation time 8.000,000,000 s)
2024-06-03 19:50:55,662 INFO  - Called #onVehicleUpdated (at simulation time 9.000,000,000 s)
2024-06-03 19:50:55,665 INFO  - Sending out AdHoc broadcast (at simulation time 9.000,000,000 s)
2024-06-03 19:50:55,677 INFO  - Called #onVehicleUpdated (at simulation time 10.000,000,000 s)
2024-06-03 19:50:55,686 INFO  - Called #onVehicleUpdated (at simulation time 11.000,000,000 s)
2024-06-03 19:50:55,688 INFO  - Sending out AdHoc broadcast (at simulation time 11.000,000,000 s)
2024-06-03 19:50:55,696 INFO  - Called #onVehicleUpdated (at simulation time 12.000,000,000 s)
2024-06-03 19:50:55,709 INFO  - Called #onVehicleUpdated (at simulation time 13.000,000,000 s)
2024-06-03 19:50:55,711 INFO  - Sending out AdHoc broadcast (at simulation time 13.000,000,000 s)
2024-06-03 19:50:55,713 INFO  - Recieve a message from other vehicle (at simulation time 13.000,400,000 s)
2024-06-03 19:50:55,713 INFO  - My position is not better! (at simulation time 13.000,400,000 s)
2024-06-03 19:50:55,713 INFO  - Recieve a message from other vehicle (at simulation time 13.000,400,000 s)
2024-06-03 19:50:55,713 INFO  - My position is not better! (at simulation time 13.000,400,000 s)
2024-06-03 19:50:55,716 INFO  - Recieve a message from other vehicle (at simulation time 13.000,900,000 s)
2024-06-03 19:50:55,716 INFO  - My position is not better! (at simulation time 13.000,900,000 s)
2024-06-03 19:50:55,717 INFO  - Recieve a message from other vehicle (at simulation time 13.001,400,000 s)
2024-06-03 19:50:55,717 INFO  - My position is not better! (at simulation time 13.001,400,000 s)
2024-06-03 19:50:55,717 INFO  - Recieve a message from other vehicle (at simulation time 13.001,400,000 s)
2024-06-03 19:50:55,717 INFO  - My position is not better! (at simulation time 13.001,400,000 s)
2024-06-03 19:50:55,718 INFO  - Recieve a message from other vehicle (at simulation time 13.001,800,000 s)
2024-06-03 19:50:55,718 INFO  - My position is not better! (at simulation time 13.001,800,000 s)
2024-06-03 19:50:55,719 INFO  - Recieve a message from other vehicle (at simulation time 13.001,900,000 s)
2024-06-03 19:50:55,719 INFO  - My position is not better! (at simulation time 13.001,900,000 s)
2024-06-03 19:50:55,719 INFO  - Recieve a message from other vehicle (at simulation time 13.001,900,000 s)
2024-06-03 19:50:55,719 INFO  - My position is not better! (at simulation time 13.001,900,000 s)
2024-06-03 19:50:55,719 INFO  - Recieve a message from other vehicle (at simulation time 13.001,900,000 s)
2024-06-03 19:50:55,719 INFO  - My position is not better! (at simulation time 13.001,900,000 s)
2024-06-03 19:50:55,719 INFO  - Recieve a message from other vehicle (at simulation time 13.001,900,000 s)
2024-06-03 19:50:55,720 INFO  - My position is not better! (at simulation time 13.001,900,000 s)
2024-06-03 19:50:55,721 INFO  - Recieve a message from other vehicle (at simulation time 13.002,300,000 s)
2024-06-03 19:50:55,721 INFO  - I'm in better position but no more hops in message (at simulation time 13.002,300,000 s)
2024-06-03 19:50:55,722 INFO  - Recieve a message from other vehicle (at simulation time 13.002,800,000 s)
2024-06-03 19:50:55,723 INFO  - My position is not better! (at simulation time 13.002,800,000 s)
2024-06-03 19:50:55,723 INFO  - Recieve a message from other vehicle (at simulation time 13.002,800,000 s)
2024-06-03 19:50:55,723 INFO  - My position is not better! (at simulation time 13.002,800,000 s)
2024-06-03 19:50:55,723 INFO  - Recieve a message from other vehicle (at simulation time 13.002,800,000 s)
2024-06-03 19:50:55,723 INFO  - My position is not better! (at simulation time 13.002,800,000 s)
2024-06-03 19:50:55,724 INFO  - Recieve a message from other vehicle (at simulation time 13.003,300,000 s)
2024-06-03 19:50:55,724 INFO  - My position is not better! (at simulation time 13.003,300,000 s)
2024-06-03 19:50:55,724 INFO  - Recieve a message from other vehicle (at simulation time 13.003,800,000 s)
2024-06-03 19:50:55,724 INFO  - My position is not better! (at simulation time 13.003,800,000 s)
2024-06-03 19:50:55,728 INFO  - Called #onVehicleUpdated (at simulation time 14.000,000,000 s)
2024-06-03 19:50:55,733 INFO  - Recieve a message from other vehicle (at simulation time 14.000,400,000 s)
2024-06-03 19:50:55,733 INFO  - My position is not better! (at simulation time 14.000,400,000 s)
2024-06-03 19:50:55,734 INFO  - Recieve a message from other vehicle (at simulation time 14.000,400,000 s)
2024-06-03 19:50:55,734 INFO  - My position is not better! (at simulation time 14.000,400,000 s)
2024-06-03 19:50:55,736 INFO  - Recieve a message from other vehicle (at simulation time 14.000,900,000 s)
2024-06-03 19:50:55,736 INFO  - My position is not better! (at simulation time 14.000,900,000 s)
2024-06-03 19:50:55,736 INFO  - Recieve a message from other vehicle (at simulation time 14.000,900,000 s)
2024-06-03 19:50:55,736 INFO  - My position is not better! (at simulation time 14.000,900,000 s)
2024-06-03 19:50:55,737 INFO  - Recieve a message from other vehicle (at simulation time 14.001,300,000 s)
2024-06-03 19:50:55,737 INFO  - I'm in better position but no more hops in message (at simulation time 14.001,300,000 s)
2024-06-03 19:50:55,738 INFO  - Recieve a message from other vehicle (at simulation time 14.001,400,000 s)
2024-06-03 19:50:55,738 INFO  - My position is not better! (at simulation time 14.001,400,000 s)
2024-06-03 19:50:55,738 INFO  - Recieve a message from other vehicle (at simulation time 14.001,400,000 s)
2024-06-03 19:50:55,738 INFO  - My position is not better! (at simulation time 14.001,400,000 s)
2024-06-03 19:50:55,740 INFO  - Recieve a message from other vehicle (at simulation time 14.001,800,000 s)
2024-06-03 19:50:55,740 INFO  - My position is not better! (at simulation time 14.001,800,000 s)
2024-06-03 19:50:55,740 INFO  - Recieve a message from other vehicle (at simulation time 14.001,800,000 s)
2024-06-03 19:50:55,740 INFO  - My position is not better! (at simulation time 14.001,800,000 s)
2024-06-03 19:50:55,740 INFO  - Recieve a message from other vehicle (at simulation time 14.001,800,000 s)
2024-06-03 19:50:55,740 INFO  - My position is not better! (at simulation time 14.001,800,000 s)
2024-06-03 19:50:55,741 INFO  - Recieve a message from other vehicle (at simulation time 14.001,900,000 s)
2024-06-03 19:50:55,741 INFO  - I'm in better position but no more hops in message (at simulation time 14.001,900,000 s)
2024-06-03 19:50:55,743 INFO  - Recieve a message from other vehicle (at simulation time 14.001,900,000 s)
2024-06-03 19:50:55,743 INFO  - I'm in better position but no more hops in message (at simulation time 14.001,900,000 s)
2024-06-03 19:50:55,745 INFO  - Recieve a message from other vehicle (at simulation time 14.002,400,000 s)
2024-06-03 19:50:55,746 INFO  - My position is not better! (at simulation time 14.002,400,000 s)
2024-06-03 19:50:55,746 INFO  - Recieve a message from other vehicle (at simulation time 14.002,400,000 s)
2024-06-03 19:50:55,746 INFO  - I'm in better position but no more hops in message (at simulation time 14.002,400,000 s)
2024-06-03 19:50:55,747 INFO  - Recieve a message from other vehicle (at simulation time 14.002,800,000 s)
2024-06-03 19:50:55,747 INFO  - I'm in better position but no more hops in message (at simulation time 14.002,800,000 s)
2024-06-03 19:50:55,747 INFO  - Recieve a message from other vehicle (at simulation time 14.002,800,000 s)
2024-06-03 19:50:55,747 INFO  - I'm in better position but no more hops in message (at simulation time 14.002,800,000 s)
2024-06-03 19:50:55,747 INFO  - Recieve a message from other vehicle (at simulation time 14.002,800,000 s)
2024-06-03 19:50:55,747 INFO  - My position is not better! (at simulation time 14.002,800,000 s)
2024-06-03 19:50:55,757 INFO  - Called #onVehicleUpdated (at simulation time 15.000,000,000 s)
2024-06-03 19:50:55,758 INFO  - Sending out DENM broadcast (at simulation time 15.000,000,000 s)
2024-06-03 19:50:55,760 INFO  - Sending out AdHoc broadcast (at simulation time 15.000,000,000 s)
2024-06-03 19:50:55,763 INFO  - Recieve a message from other vehicle (at simulation time 15.000,400,000 s)
2024-06-03 19:50:55,763 INFO  - DENM message Recived from veh_1 -info : seco (at simulation time 15.000,400,000 s)
2024-06-03 19:50:55,764 INFO  - Recending a DENM message from other vehicle (at simulation time 15.000,400,000 s)
2024-06-03 19:50:55,765 INFO  - Recieve a message from other vehicle (at simulation time 15.000,400,000 s)
2024-06-03 19:50:55,766 INFO  - Recending a message from other vehicle (at simulation time 15.000,400,000 s)
2024-06-03 19:50:55,766 INFO  - Recieve a message from other vehicle (at simulation time 15.000,400,000 s)
2024-06-03 19:50:55,766 INFO  - Recending a message from other vehicle (at simulation time 15.000,400,000 s)
2024-06-03 19:50:55,768 INFO  - Recieve a message from other vehicle (at simulation time 15.000,800,000 s)
2024-06-03 19:50:55,769 INFO  - I'm in better position but no more hops in message (at simulation time 15.000,800,000 s)
2024-06-03 19:50:55,773 INFO  - Recieve a message from other vehicle (at simulation time 15.001,400,000 s)
2024-06-03 19:50:55,773 INFO  - DENM message Recived from veh_5 -info : nevoeiro (at simulation time 15.001,400,000 s)
2024-06-03 19:50:55,773 INFO  - No more hops in DENM message (at simulation time 15.001,400,000 s)
2024-06-03 19:50:55,773 INFO  - Recieve a message from other vehicle (at simulation time 15.001,400,000 s)
2024-06-03 19:50:55,773 INFO  - Recending a message from other vehicle (at simulation time 15.001,400,000 s)
2024-06-03 19:50:55,774 INFO  - Recieve a message from other vehicle (at simulation time 15.001,400,000 s)
2024-06-03 19:50:55,774 INFO  - My position is not better! (at simulation time 15.001,400,000 s)
2024-06-03 19:50:55,775 INFO  - Recieve a message from other vehicle (at simulation time 15.001,800,000 s)
2024-06-03 19:50:55,775 INFO  - I'm in better position but no more hops in message (at simulation time 15.001,800,000 s)
2024-06-03 19:50:55,776 INFO  - Recieve a message from other vehicle (at simulation time 15.001,900,000 s)
2024-06-03 19:50:55,776 INFO  - DENM message Recived from veh_3 -info : seco (at simulation time 15.001,900,000 s)
2024-06-03 19:50:55,776 INFO  - No more hops in DENM message (at simulation time 15.001,900,000 s)
2024-06-03 19:50:55,776 INFO  - Recieve a message from other vehicle (at simulation time 15.001,900,000 s)
2024-06-03 19:50:55,776 INFO  - My position is not better! (at simulation time 15.001,900,000 s)
2024-06-03 19:50:55,776 INFO  - Recieve a message from other vehicle (at simulation time 15.001,900,000 s)
2024-06-03 19:50:55,776 INFO  - My position is not better! (at simulation time 15.001,900,000 s)
2024-06-03 19:50:55,776 INFO  - Recieve a message from other vehicle (at simulation time 15.001,900,000 s)
2024-06-03 19:50:55,776 INFO  - My position is not better! (at simulation time 15.001,900,000 s)
2024-06-03 19:50:55,777 INFO  - Recieve a message from other vehicle (at simulation time 15.001,900,000 s)
2024-06-03 19:50:55,777 INFO  - My position is not better! (at simulation time 15.001,900,000 s)
2024-06-03 19:50:55,777 INFO  - Recieve a message from other vehicle (at simulation time 15.002,300,000 s)
2024-06-03 19:50:55,777 INFO  - DENM message Recived from veh_3 -info : seco (at simulation time 15.002,300,000 s)
2024-06-03 19:50:55,777 INFO  - No more hops in DENM message (at simulation time 15.002,300,000 s)
2024-06-03 19:50:55,778 INFO  - Recieve a message from other vehicle (at simulation time 15.002,400,000 s)
2024-06-03 19:50:55,778 INFO  - I'm in better position but no more hops in message (at simulation time 15.002,400,000 s)
2024-06-03 19:50:55,779 INFO  - Recieve a message from other vehicle (at simulation time 15.002,400,000 s)
2024-06-03 19:50:55,779 INFO  - I'm in better position but no more hops in message (at simulation time 15.002,400,000 s)
2024-06-03 19:50:55,780 INFO  - Recieve a message from other vehicle (at simulation time 15.002,800,000 s)
2024-06-03 19:50:55,780 INFO  - DENM message Recived from veh_0 -info : seco (at simulation time 15.002,800,000 s)
2024-06-03 19:50:55,780 INFO  - No more hops in DENM message (at simulation time 15.002,800,000 s)
2024-06-03 19:50:55,780 INFO  - Recieve a message from other vehicle (at simulation time 15.002,800,000 s)
2024-06-03 19:50:55,780 INFO  - DENM message Recived from veh_5 -info : nevoeiro (at simulation time 15.002,800,000 s)
2024-06-03 19:50:55,780 INFO  - No more hops in DENM message (at simulation time 15.002,800,000 s)
2024-06-03 19:50:55,781 INFO  - Recieve a message from other vehicle (at simulation time 15.003,300,000 s)
2024-06-03 19:50:55,781 INFO  - My position is not better! (at simulation time 15.003,300,000 s)
2024-06-03 19:50:55,785 INFO  - Called #onVehicleUpdated (at simulation time 16.000,000,000 s)
2024-06-03 19:50:55,788 INFO  - Recieve a message from other vehicle (at simulation time 16.000,400,000 s)
2024-06-03 19:50:55,789 INFO  - My position is not better! (at simulation time 16.000,400,000 s)
2024-06-03 19:50:55,790 INFO  - Recieve a message from other vehicle (at simulation time 16.000,800,000 s)
2024-06-03 19:50:55,790 INFO  - I'm in better position but no more hops in message (at simulation time 16.000,800,000 s)
2024-06-03 19:50:55,792 INFO  - Recieve a message from other vehicle (at simulation time 16.001,300,000 s)
2024-06-03 19:50:55,792 INFO  - DENM message Recived from veh_4 -info : seco (at simulation time 16.001,300,000 s)
2024-06-03 19:50:55,792 INFO  - No more hops in DENM message (at simulation time 16.001,300,000 s)
2024-06-03 19:50:55,792 INFO  - Recieve a message from other vehicle (at simulation time 16.001,300,000 s)
2024-06-03 19:50:55,792 INFO  - I'm in better position but no more hops in message (at simulation time 16.001,300,000 s)
2024-06-03 19:50:55,793 INFO  - Recieve a message from other vehicle (at simulation time 16.001,400,000 s)
2024-06-03 19:50:55,793 INFO  - DENM message Recived from veh_2 -info : seco (at simulation time 16.001,400,000 s)
2024-06-03 19:50:55,793 INFO  - No more hops in DENM message (at simulation time 16.001,400,000 s)
2024-06-03 19:50:55,793 INFO  - Recieve a message from other vehicle (at simulation time 16.001,400,000 s)
2024-06-03 19:50:55,793 INFO  - DENM message Recived from veh_4 -info : seco (at simulation time 16.001,400,000 s)
2024-06-03 19:50:55,793 INFO  - No more hops in DENM message (at simulation time 16.001,400,000 s)
2024-06-03 19:50:55,793 INFO  - Recieve a message from other vehicle (at simulation time 16.001,400,000 s)
2024-06-03 19:50:55,793 INFO  - I'm in better position but no more hops in message (at simulation time 16.001,400,000 s)
2024-06-03 19:50:55,793 INFO  - Recieve a message from other vehicle (at simulation time 16.001,400,000 s)
2024-06-03 19:50:55,793 INFO  - I'm in better position but no more hops in message (at simulation time 16.001,400,000 s)
2024-06-03 19:50:55,793 INFO  - Recieve a message from other vehicle (at simulation time 16.001,400,000 s)
2024-06-03 19:50:55,793 INFO  - My position is not better! (at simulation time 16.001,400,000 s)
2024-06-03 19:50:55,793 INFO  - Recieve a message from other vehicle (at simulation time 16.001,400,000 s)
2024-06-03 19:50:55,793 INFO  - I'm in better position but no more hops in message (at simulation time 16.001,400,000 s)
2024-06-03 19:50:55,794 INFO  - Recieve a message from other vehicle (at simulation time 16.001,800,000 s)
2024-06-03 19:50:55,794 INFO  - My position is not better! (at simulation time 16.001,800,000 s)
2024-06-03 19:50:55,794 INFO  - Recieve a message from other vehicle (at simulation time 16.001,900,000 s)
2024-06-03 19:50:55,794 INFO  - I'm in better position but no more hops in message (at simulation time 16.001,900,000 s)
2024-06-03 19:50:55,794 INFO  - Recieve a message from other vehicle (at simulation time 16.001,900,000 s)
2024-06-03 19:50:55,795 INFO  - I'm in better position but no more hops in message (at simulation time 16.001,900,000 s)
2024-06-03 19:50:55,795 INFO  - Recieve a message from other vehicle (at simulation time 16.001,900,000 s)
2024-06-03 19:50:55,795 INFO  - I'm in better position but no more hops in message (at simulation time 16.001,900,000 s)
2024-06-03 19:50:55,795 INFO  - Recieve a message from other vehicle (at simulation time 16.002,300,000 s)
2024-06-03 19:50:55,795 INFO  - I'm in better position but no more hops in message (at simulation time 16.002,300,000 s)
2024-06-03 19:50:55,795 INFO  - Recieve a message from other vehicle (at simulation time 16.002,300,000 s)
2024-06-03 19:50:55,795 INFO  - I'm in better position but no more hops in message (at simulation time 16.002,300,000 s)
2024-06-03 19:50:55,795 INFO  - Recieve a message from other vehicle (at simulation time 16.002,300,000 s)
2024-06-03 19:50:55,795 INFO  - My position is not better! (at simulation time 16.002,300,000 s)
2024-06-03 19:50:55,795 INFO  - Recieve a message from other vehicle (at simulation time 16.002,400,000 s)
2024-06-03 19:50:55,795 INFO  - I'm in better position but no more hops in message (at simulation time 16.002,400,000 s)
2024-06-03 19:50:55,795 INFO  - Recieve a message from other vehicle (at simulation time 16.002,400,000 s)
2024-06-03 19:50:55,795 INFO  - My position is not better! (at simulation time 16.002,400,000 s)
2024-06-03 19:50:55,796 INFO  - Recieve a message from other vehicle (at simulation time 16.002,800,000 s)
2024-06-03 19:50:55,796 INFO  - DENM message Recived from veh_2 -info : seco (at simulation time 16.002,800,000 s)
2024-06-03 19:50:55,796 INFO  - No more hops in DENM message (at simulation time 16.002,800,000 s)
2024-06-03 19:50:55,799 INFO  - Called #onVehicleUpdated (at simulation time 17.000,000,000 s)
2024-06-03 19:50:55,800 INFO  - Sending out AdHoc broadcast (at simulation time 17.000,000,000 s)
2024-06-03 19:50:55,801 INFO  - Recieve a message from other vehicle (at simulation time 17.000,400,000 s)
2024-06-03 19:50:55,801 INFO  - I'm in better position but no more hops in message (at simulation time 17.000,400,000 s)
2024-06-03 19:50:55,801 INFO  - Recieve a message from other vehicle (at simulation time 17.000,400,000 s)
2024-06-03 19:50:55,801 INFO  - I'm in better position but no more hops in message (at simulation time 17.000,400,000 s)
2024-06-03 19:50:55,801 INFO  - Recieve a message from other vehicle (at simulation time 17.000,400,000 s)
2024-06-03 19:50:55,801 INFO  - I'm in better position but no more hops in message (at simulation time 17.000,400,000 s)
2024-06-03 19:50:55,802 INFO  - Recieve a message from other vehicle (at simulation time 17.000,800,000 s)
2024-06-03 19:50:55,802 INFO  - I'm in better position but no more hops in message (at simulation time 17.000,800,000 s)
2024-06-03 19:50:55,802 INFO  - Recieve a message from other vehicle (at simulation time 17.000,900,000 s)
2024-06-03 19:50:55,802 INFO  - Recending a message from other vehicle (at simulation time 17.000,900,000 s)
2024-06-03 19:50:55,803 INFO  - Recieve a message from other vehicle (at simulation time 17.000,900,000 s)
2024-06-03 19:50:55,803 INFO  - I'm in better position but no more hops in message (at simulation time 17.000,900,000 s)
2024-06-03 19:50:55,803 INFO  - Recieve a message from other vehicle (at simulation time 17.001,400,000 s)
2024-06-03 19:50:55,803 INFO  - My position is not better! (at simulation time 17.001,400,000 s)
2024-06-03 19:50:55,803 INFO  - Recieve a message from other vehicle (at simulation time 17.001,400,000 s)
2024-06-03 19:50:55,803 INFO  - I'm in better position but no more hops in message (at simulation time 17.001,400,000 s)
2024-06-03 19:50:55,803 INFO  - Recieve a message from other vehicle (at simulation time 17.001,800,000 s)
2024-06-03 19:50:55,804 INFO  - I'm in better position but no more hops in message (at simulation time 17.001,800,000 s)
2024-06-03 19:50:55,804 INFO  - Recieve a message from other vehicle (at simulation time 17.001,900,000 s)
2024-06-03 19:50:55,804 INFO  - I'm in better position but no more hops in message (at simulation time 17.001,900,000 s)
2024-06-03 19:50:55,804 INFO  - Recieve a message from other vehicle (at simulation time 17.001,900,000 s)
2024-06-03 19:50:55,804 INFO  - I'm in better position but no more hops in message (at simulation time 17.001,900,000 s)
2024-06-03 19:50:55,806 INFO  - Recieve a message from other vehicle (at simulation time 17.002,400,000 s)
2024-06-03 19:50:55,806 INFO  - I'm in better position but no more hops in message (at simulation time 17.002,400,000 s)
2024-06-03 19:50:55,806 INFO  - Recieve a message from other vehicle (at simulation time 17.002,800,000 s)
2024-06-03 19:50:55,806 INFO  - I'm in better position but no more hops in message (at simulation time 17.002,800,000 s)
2024-06-03 19:50:55,806 INFO  - Recieve a message from other vehicle (at simulation time 17.003,800,000 s)
2024-06-03 19:50:55,806 INFO  - I'm in better position but no more hops in message (at simulation time 17.003,800,000 s)
2024-06-03 19:50:55,808 INFO  - Called #onVehicleUpdated (at simulation time 18.000,000,000 s)
2024-06-03 19:50:55,811 INFO  - Recieve a message from other vehicle (at simulation time 18.000,400,000 s)
2024-06-03 19:50:55,811 INFO  - I'm in better position but no more hops in message (at simulation time 18.000,400,000 s)
2024-06-03 19:50:55,811 INFO  - Recieve a message from other vehicle (at simulation time 18.000,400,000 s)
2024-06-03 19:50:55,811 INFO  - My position is not better! (at simulation time 18.000,400,000 s)
2024-06-03 19:50:55,811 INFO  - Recieve a message from other vehicle (at simulation time 18.000,800,000 s)
2024-06-03 19:50:55,811 INFO  - I'm in better position but no more hops in message (at simulation time 18.000,800,000 s)
2024-06-03 19:50:55,811 INFO  - Recieve a message from other vehicle (at simulation time 18.000,900,000 s)
2024-06-03 19:50:55,811 INFO  - My position is not better! (at simulation time 18.000,900,000 s)
2024-06-03 19:50:55,812 INFO  - Recieve a message from other vehicle (at simulation time 18.000,900,000 s)
2024-06-03 19:50:55,812 INFO  - My position is not better! (at simulation time 18.000,900,000 s)
2024-06-03 19:50:55,813 INFO  - Recieve a message from other vehicle (at simulation time 18.001,400,000 s)
2024-06-03 19:50:55,813 INFO  - I'm in better position but no more hops in message (at simulation time 18.001,400,000 s)
2024-06-03 19:50:55,813 INFO  - Recieve a message from other vehicle (at simulation time 18.001,800,000 s)
2024-06-03 19:50:55,813 INFO  - My position is not better! (at simulation time 18.001,800,000 s)
2024-06-03 19:50:55,814 INFO  - Recieve a message from other vehicle (at simulation time 18.001,900,000 s)
2024-06-03 19:50:55,814 INFO  - I'm in better position but no more hops in message (at simulation time 18.001,900,000 s)
2024-06-03 19:50:55,814 INFO  - Recieve a message from other vehicle (at simulation time 18.001,900,000 s)
2024-06-03 19:50:55,814 INFO  - I'm in better position but no more hops in message (at simulation time 18.001,900,000 s)
2024-06-03 19:50:55,815 INFO  - Recieve a message from other vehicle (at simulation time 18.003,800,000 s)
2024-06-03 19:50:55,815 INFO  - My position is not better! (at simulation time 18.003,800,000 s)
2024-06-03 19:50:55,817 INFO  - Called #onVehicleUpdated (at simulation time 19.000,000,000 s)
2024-06-03 19:50:55,818 INFO  - Sending out AdHoc broadcast (at simulation time 19.000,000,000 s)
2024-06-03 19:50:55,819 INFO  - Recieve a message from other vehicle (at simulation time 19.000,400,000 s)
2024-06-03 19:50:55,819 INFO  - I'm in better position but no more hops in message (at simulation time 19.000,400,000 s)
2024-06-03 19:50:55,819 INFO  - Recieve a message from other vehicle (at simulation time 19.000,900,000 s)
2024-06-03 19:50:55,819 INFO  - I'm in better position but no more hops in message (at simulation time 19.000,900,000 s)
2024-06-03 19:50:55,819 INFO  - Recieve a message from other vehicle (at simulation time 19.000,900,000 s)
2024-06-03 19:50:55,819 INFO  - I'm in better position but no more hops in message (at simulation time 19.000,900,000 s)
2024-06-03 19:50:55,820 INFO  - Recieve a message from other vehicle (at simulation time 19.001,400,000 s)
2024-06-03 19:50:55,820 INFO  - I'm in better position but no more hops in message (at simulation time 19.001,400,000 s)
2024-06-03 19:50:55,821 INFO  - Recieve a message from other vehicle (at simulation time 19.002,400,000 s)
2024-06-03 19:50:55,821 INFO  - I'm in better position but no more hops in message (at simulation time 19.002,400,000 s)
2024-06-03 19:50:55,821 INFO  - Recieve a message from other vehicle (at simulation time 19.003,300,000 s)
2024-06-03 19:50:55,821 INFO  - I'm in better position but no more hops in message (at simulation time 19.003,300,000 s)
2024-06-03 19:50:55,821 INFO  - Recieve a message from other vehicle (at simulation time 19.003,800,000 s)
2024-06-03 19:50:55,821 INFO  - I'm in better position but no more hops in message (at simulation time 19.003,800,000 s)
2024-06-03 19:50:55,824 INFO  - Called #onVehicleUpdated (at simulation time 20.000,000,000 s)
2024-06-03 19:50:55,827 INFO  - Recieve a message from other vehicle (at simulation time 20.000,400,000 s)
2024-06-03 19:50:55,827 INFO  - I'm in better position but no more hops in message (at simulation time 20.000,400,000 s)
2024-06-03 19:50:55,827 INFO  - Recieve a message from other vehicle (at simulation time 20.000,900,000 s)
2024-06-03 19:50:55,827 INFO  - I'm in better position but no more hops in message (at simulation time 20.000,900,000 s)
2024-06-03 19:50:55,827 INFO  - Recieve a message from other vehicle (at simulation time 20.000,900,000 s)
2024-06-03 19:50:55,827 INFO  - I'm in better position but no more hops in message (at simulation time 20.000,900,000 s)
2024-06-03 19:50:55,827 INFO  - Recieve a message from other vehicle (at simulation time 20.001,300,000 s)
2024-06-03 19:50:55,827 INFO  - I'm in better position but no more hops in message (at simulation time 20.001,300,000 s)
2024-06-03 19:50:55,827 INFO  - Recieve a message from other vehicle (at simulation time 20.001,400,000 s)
2024-06-03 19:50:55,827 INFO  - I'm in better position but no more hops in message (at simulation time 20.001,400,000 s)
2024-06-03 19:50:55,827 INFO  - Recieve a message from other vehicle (at simulation time 20.001,400,000 s)
2024-06-03 19:50:55,827 INFO  - I'm in better position but no more hops in message (at simulation time 20.001,400,000 s)
2024-06-03 19:50:55,828 INFO  - Recieve a message from other vehicle (at simulation time 20.001,900,000 s)
2024-06-03 19:50:55,828 INFO  - I'm in better position but no more hops in message (at simulation time 20.001,900,000 s)
2024-06-03 19:50:55,828 INFO  - Recieve a message from other vehicle (at simulation time 20.002,800,000 s)
2024-06-03 19:50:55,828 INFO  - I'm in better position but no more hops in message (at simulation time 20.002,800,000 s)
2024-06-03 19:50:55,828 INFO  - Recieve a message from other vehicle (at simulation time 20.003,300,000 s)
2024-06-03 19:50:55,828 INFO  - I'm in better position but no more hops in message (at simulation time 20.003,300,000 s)
2024-06-03 19:50:55,830 INFO  - Called #onVehicleUpdated (at simulation time 21.000,000,000 s)
2024-06-03 19:50:55,831 INFO  - Sending out AdHoc broadcast (at simulation time 21.000,000,000 s)
2024-06-03 19:50:55,832 INFO  - Recieve a message from other vehicle (at simulation time 21.000,400,000 s)
2024-06-03 19:50:55,832 INFO  - Recending a message from other vehicle (at simulation time 21.000,400,000 s)
2024-06-03 19:50:55,832 INFO  - Recieve a message from other vehicle (at simulation time 21.000,900,000 s)
2024-06-03 19:50:55,832 INFO  - Recending a message from other vehicle (at simulation time 21.000,900,000 s)
2024-06-03 19:50:55,833 INFO  - Recieve a message from other vehicle (at simulation time 21.001,900,000 s)
2024-06-03 19:50:55,833 INFO  - Recending a message from other vehicle (at simulation time 21.001,900,000 s)
2024-06-03 19:50:55,833 INFO  - Recieve a message from other vehicle (at simulation time 21.002,400,000 s)
2024-06-03 19:50:55,833 INFO  - Recending a message from other vehicle (at simulation time 21.002,400,000 s)
2024-06-03 19:50:55,835 INFO  - Called #onVehicleUpdated (at simulation time 22.000,000,000 s)
2024-06-03 19:50:55,836 INFO  - Recieve a message from other vehicle (at simulation time 22.000,400,000 s)
2024-06-03 19:50:55,836 INFO  - My position is not better! (at simulation time 22.000,400,000 s)
2024-06-03 19:50:55,836 INFO  - Recieve a message from other vehicle (at simulation time 22.000,900,000 s)
2024-06-03 19:50:55,836 INFO  - My position is not better! (at simulation time 22.000,900,000 s)
2024-06-03 19:50:55,836 INFO  - Recieve a message from other vehicle (at simulation time 22.001,400,000 s)
2024-06-03 19:50:55,836 INFO  - My position is not better! (at simulation time 22.001,400,000 s)
2024-06-03 19:50:55,838 INFO  - Called #onVehicleUpdated (at simulation time 23.000,000,000 s)
2024-06-03 19:50:55,839 INFO  - Sending out AdHoc broadcast (at simulation time 23.000,000,000 s)
2024-06-03 19:50:55,840 INFO  - Recieve a message from other vehicle (at simulation time 23.000,400,000 s)
2024-06-03 19:50:55,840 INFO  - My position is not better! (at simulation time 23.000,400,000 s)
2024-06-03 19:50:55,840 INFO  - Recieve a message from other vehicle (at simulation time 23.000,400,000 s)
2024-06-03 19:50:55,840 INFO  - My position is not better! (at simulation time 23.000,400,000 s)
2024-06-03 19:50:55,840 INFO  - Recieve a message from other vehicle (at simulation time 23.001,900,000 s)
2024-06-03 19:50:55,840 INFO  - My position is not better! (at simulation time 23.001,900,000 s)
2024-06-03 19:50:55,841 INFO  - Recieve a message from other vehicle (at simulation time 23.002,400,000 s)
2024-06-03 19:50:55,841 INFO  - My position is not better! (at simulation time 23.002,400,000 s)
2024-06-03 19:50:55,841 INFO  - Recieve a message from other vehicle (at simulation time 23.003,800,000 s)
2024-06-03 19:50:55,841 INFO  - My position is not better! (at simulation time 23.003,800,000 s)
2024-06-03 19:50:55,844 INFO  - Called #onVehicleUpdated (at simulation time 24.000,000,000 s)
2024-06-03 19:50:55,849 INFO  - Called #onVehicleUpdated (at simulation time 25.000,000,000 s)
2024-06-03 19:50:55,850 INFO  - Sending out AdHoc broadcast (at simulation time 25.000,000,000 s)
2024-06-03 19:50:55,852 INFO  - Called #onVehicleUpdated (at simulation time 26.000,000,000 s)
2024-06-03 19:50:55,854 INFO  - Called #onVehicleUpdated (at simulation time 27.000,000,000 s)
2024-06-03 19:50:55,854 INFO  - Sending out AdHoc broadcast (at simulation time 27.000,000,000 s)
2024-06-03 19:50:55,855 INFO  - Called #onVehicleUpdated (at simulation time 28.000,000,000 s)
2024-06-03 19:50:55,857 INFO  - Called #onVehicleUpdated (at simulation time 29.000,000,000 s)
2024-06-03 19:50:55,858 INFO  - Sending out AdHoc broadcast (at simulation time 29.000,000,000 s)
2024-06-03 19:50:55,861 INFO  - Called #onVehicleUpdated (at simulation time 30.000,000,000 s)
2024-06-03 19:50:55,863 INFO  - Shutdown (at simulation time 31.000,000,000 s)
