2024-06-03 19:54:37,791 INFO  - Initialize Vehicle application (at simulation time 7.000,000,000 s)
2024-06-03 19:54:37,793 INFO  - Activated WLAN Module (at simulation time 7.000,000,000 s)
2024-06-03 19:54:37,793 INFO  - Called #onVehicleUpdated (at simulation time 7.000,000,000 s)
2024-06-03 19:54:37,801 INFO  - Recieve a message from other vehicle (at simulation time 7.000,900,000 s)
2024-06-03 19:54:37,801 INFO  - My position is not better! (at simulation time 7.000,900,000 s)
2024-06-03 19:54:37,801 INFO  - Recieve a message from other vehicle (at simulation time 7.001,400,000 s)
2024-06-03 19:54:37,801 INFO  - My position is not better! (at simulation time 7.001,400,000 s)
2024-06-03 19:54:37,809 INFO  - Called #onVehicleUpdated (at simulation time 8.000,000,000 s)
2024-06-03 19:54:37,812 INFO  - Define the name: veh_4 and route: r_3 (at simulation time 8.000,000,000 s)
2024-06-03 19:54:37,813 INFO  - Sending out AdHoc broadcast (at simulation time 8.000,000,000 s)
2024-06-03 19:54:37,815 INFO  - Recieve a message from other vehicle (at simulation time 8.001,900,000 s)
2024-06-03 19:54:37,815 INFO  - My position is not better! (at simulation time 8.001,900,000 s)
2024-06-03 19:54:37,815 INFO  - Recieve a message from other vehicle (at simulation time 8.002,400,000 s)
2024-06-03 19:54:37,815 INFO  - My position is not better! (at simulation time 8.002,400,000 s)
2024-06-03 19:54:37,817 INFO  - Recieve a message from other vehicle (at simulation time 8.004,300,000 s)
2024-06-03 19:54:37,817 INFO  - My position is not better! (at simulation time 8.004,300,000 s)
2024-06-03 19:54:37,821 INFO  - Called #onVehicleUpdated (at simulation time 9.000,000,000 s)
2024-06-03 19:54:37,824 INFO  - Recieve a message from other vehicle (at simulation time 9.000,400,000 s)
2024-06-03 19:54:37,824 INFO  - My position is not better! (at simulation time 9.000,400,000 s)
2024-06-03 19:54:37,824 INFO  - Recieve a message from other vehicle (at simulation time 9.001,900,000 s)
2024-06-03 19:54:37,824 INFO  - My position is not better! (at simulation time 9.001,900,000 s)
2024-06-03 19:54:37,824 INFO  - Recieve a message from other vehicle (at simulation time 9.002,400,000 s)
2024-06-03 19:54:37,824 INFO  - My position is not better! (at simulation time 9.002,400,000 s)
2024-06-03 19:54:37,835 INFO  - Called #onVehicleUpdated (at simulation time 10.000,000,000 s)
2024-06-03 19:54:37,836 INFO  - Sending out AdHoc broadcast (at simulation time 10.000,000,000 s)
2024-06-03 19:54:37,838 INFO  - Recieve a message from other vehicle (at simulation time 10.001,400,000 s)
2024-06-03 19:54:37,838 INFO  - My position is not better! (at simulation time 10.001,400,000 s)
2024-06-03 19:54:37,838 INFO  - Recieve a message from other vehicle (at simulation time 10.001,400,000 s)
2024-06-03 19:54:37,838 INFO  - My position is not better! (at simulation time 10.001,400,000 s)
2024-06-03 19:54:37,838 INFO  - Recieve a message from other vehicle (at simulation time 10.001,900,000 s)
2024-06-03 19:54:37,838 INFO  - My position is not better! (at simulation time 10.001,900,000 s)
2024-06-03 19:54:37,839 INFO  - Recieve a message from other vehicle (at simulation time 10.002,300,000 s)
2024-06-03 19:54:37,839 INFO  - My position is not better! (at simulation time 10.002,300,000 s)
2024-06-03 19:54:37,843 INFO  - Called #onVehicleUpdated (at simulation time 11.000,000,000 s)
2024-06-03 19:54:37,843 INFO  - Exced velocity! Sending new CAM (at simulation time 11.000,000,000 s)
2024-06-03 19:54:37,843 INFO  - Sending out AdHoc broadcast (at simulation time 11.000,000,000 s)
2024-06-03 19:54:37,849 INFO  - Recieve a message from other vehicle (at simulation time 11.000,900,000 s)
2024-06-03 19:54:37,849 INFO  - My position is not better! (at simulation time 11.000,900,000 s)
2024-06-03 19:54:37,849 INFO  - Recieve a message from other vehicle (at simulation time 11.000,900,000 s)
2024-06-03 19:54:37,849 INFO  - My position is not better! (at simulation time 11.000,900,000 s)
2024-06-03 19:54:37,850 INFO  - Recieve a message from other vehicle (at simulation time 11.001,400,000 s)
2024-06-03 19:54:37,850 INFO  - My position is not better! (at simulation time 11.001,400,000 s)
2024-06-03 19:54:37,850 INFO  - Recieve a message from other vehicle (at simulation time 11.001,900,000 s)
2024-06-03 19:54:37,850 INFO  - My position is not better! (at simulation time 11.001,900,000 s)
2024-06-03 19:54:37,851 INFO  - Recieve a message from other vehicle (at simulation time 11.003,300,000 s)
2024-06-03 19:54:37,851 INFO  - My position is not better! (at simulation time 11.003,300,000 s)
2024-06-03 19:54:37,854 INFO  - Called #onVehicleUpdated (at simulation time 12.000,000,000 s)
2024-06-03 19:54:37,854 INFO  - Exced velocity! Sending new CAM (at simulation time 12.000,000,000 s)
2024-06-03 19:54:37,854 INFO  - Sending out AdHoc broadcast (at simulation time 12.000,000,000 s)
2024-06-03 19:54:37,855 INFO  - Sending out AdHoc broadcast (at simulation time 12.000,000,000 s)
2024-06-03 19:54:37,857 INFO  - Recieve a message from other vehicle (at simulation time 12.000,400,000 s)
2024-06-03 19:54:37,857 INFO  - My position is not better! (at simulation time 12.000,400,000 s)
2024-06-03 19:54:37,859 INFO  - Recieve a message from other vehicle (at simulation time 12.001,400,000 s)
2024-06-03 19:54:37,859 INFO  - My position is not better! (at simulation time 12.001,400,000 s)
2024-06-03 19:54:37,860 INFO  - Recieve a message from other vehicle (at simulation time 12.001,800,000 s)
2024-06-03 19:54:37,860 INFO  - My position is not better! (at simulation time 12.001,800,000 s)
2024-06-03 19:54:37,861 INFO  - Recieve a message from other vehicle (at simulation time 12.001,900,000 s)
2024-06-03 19:54:37,861 INFO  - My position is not better! (at simulation time 12.001,900,000 s)
2024-06-03 19:54:37,863 INFO  - Recieve a message from other vehicle (at simulation time 12.002,300,000 s)
2024-06-03 19:54:37,863 INFO  - My position is not better! (at simulation time 12.002,300,000 s)
2024-06-03 19:54:37,863 INFO  - Recieve a message from other vehicle (at simulation time 12.002,800,000 s)
2024-06-03 19:54:37,863 INFO  - My position is not better! (at simulation time 12.002,800,000 s)
2024-06-03 19:54:37,863 INFO  - Recieve a message from other vehicle (at simulation time 12.002,800,000 s)
2024-06-03 19:54:37,864 INFO  - My position is not better! (at simulation time 12.002,800,000 s)
2024-06-03 19:54:37,864 INFO  - Recieve a message from other vehicle (at simulation time 12.002,800,000 s)
2024-06-03 19:54:37,864 INFO  - My position is not better! (at simulation time 12.002,800,000 s)
2024-06-03 19:54:37,867 INFO  - Called #onVehicleUpdated (at simulation time 13.000,000,000 s)
2024-06-03 19:54:37,868 INFO  - Sending out AdHoc broadcast (at simulation time 13.000,000,000 s)
2024-06-03 19:54:37,871 INFO  - Recieve a message from other vehicle (at simulation time 13.000,400,000 s)
2024-06-03 19:54:37,871 INFO  - My position is not better! (at simulation time 13.000,400,000 s)
2024-06-03 19:54:37,871 INFO  - Recieve a message from other vehicle (at simulation time 13.000,400,000 s)
2024-06-03 19:54:37,871 INFO  - My position is not better! (at simulation time 13.000,400,000 s)
2024-06-03 19:54:37,872 INFO  - Recieve a message from other vehicle (at simulation time 13.000,900,000 s)
2024-06-03 19:54:37,872 INFO  - My position is not better! (at simulation time 13.000,900,000 s)
2024-06-03 19:54:37,872 INFO  - Recieve a message from other vehicle (at simulation time 13.000,900,000 s)
2024-06-03 19:54:37,872 INFO  - My position is not better! (at simulation time 13.000,900,000 s)
2024-06-03 19:54:37,873 INFO  - Recieve a message from other vehicle (at simulation time 13.001,400,000 s)
2024-06-03 19:54:37,873 INFO  - My position is not better! (at simulation time 13.001,400,000 s)
2024-06-03 19:54:37,873 INFO  - Recieve a message from other vehicle (at simulation time 13.001,400,000 s)
2024-06-03 19:54:37,873 INFO  - My position is not better! (at simulation time 13.001,400,000 s)
2024-06-03 19:54:37,873 INFO  - Recieve a message from other vehicle (at simulation time 13.001,400,000 s)
2024-06-03 19:54:37,873 INFO  - My position is not better! (at simulation time 13.001,400,000 s)
2024-06-03 19:54:37,875 INFO  - Recieve a message from other vehicle (at simulation time 13.001,800,000 s)
2024-06-03 19:54:37,875 INFO  - My position is not better! (at simulation time 13.001,800,000 s)
2024-06-03 19:54:37,877 INFO  - Recieve a message from other vehicle (at simulation time 13.002,300,000 s)
2024-06-03 19:54:37,877 INFO  - My position is not better! (at simulation time 13.002,300,000 s)
2024-06-03 19:54:37,878 INFO  - Recieve a message from other vehicle (at simulation time 13.002,400,000 s)
2024-06-03 19:54:37,878 INFO  - My position is not better! (at simulation time 13.002,400,000 s)
2024-06-03 19:54:37,880 INFO  - Recieve a message from other vehicle (at simulation time 13.003,300,000 s)
2024-06-03 19:54:37,881 INFO  - My position is not better! (at simulation time 13.003,300,000 s)
2024-06-03 19:54:37,881 INFO  - Recieve a message from other vehicle (at simulation time 13.003,300,000 s)
2024-06-03 19:54:37,881 INFO  - My position is not better! (at simulation time 13.003,300,000 s)
2024-06-03 19:54:37,881 INFO  - Recieve a message from other vehicle (at simulation time 13.003,300,000 s)
2024-06-03 19:54:37,881 INFO  - My position is not better! (at simulation time 13.003,300,000 s)
2024-06-03 19:54:37,882 INFO  - Recieve a message from other vehicle (at simulation time 13.003,800,000 s)
2024-06-03 19:54:37,882 INFO  - My position is not better! (at simulation time 13.003,800,000 s)
2024-06-03 19:54:37,882 INFO  - Recieve a message from other vehicle (at simulation time 13.003,800,000 s)
2024-06-03 19:54:37,882 INFO  - My position is not better! (at simulation time 13.003,800,000 s)
2024-06-03 19:54:37,887 INFO  - Called #onVehicleUpdated (at simulation time 14.000,000,000 s)
2024-06-03 19:54:37,887 INFO  - Sending out AdHoc broadcast (at simulation time 14.000,000,000 s)
2024-06-03 19:54:37,888 INFO  - Sending out AdHoc broadcast (at simulation time 14.000,000,000 s)
2024-06-03 19:54:37,890 INFO  - Recieve a message from other vehicle (at simulation time 14.000,900,000 s)
2024-06-03 19:54:37,890 INFO  - My position is not better! (at simulation time 14.000,900,000 s)
2024-06-03 19:54:37,891 INFO  - Recieve a message from other vehicle (at simulation time 14.001,400,000 s)
2024-06-03 19:54:37,891 INFO  - My position is not better! (at simulation time 14.001,400,000 s)
2024-06-03 19:54:37,892 INFO  - Recieve a message from other vehicle (at simulation time 14.001,400,000 s)
2024-06-03 19:54:37,892 INFO  - My position is not better! (at simulation time 14.001,400,000 s)
2024-06-03 19:54:37,892 INFO  - Recieve a message from other vehicle (at simulation time 14.001,400,000 s)
2024-06-03 19:54:37,892 INFO  - My position is not better! (at simulation time 14.001,400,000 s)
2024-06-03 19:54:37,893 INFO  - Recieve a message from other vehicle (at simulation time 14.001,800,000 s)
2024-06-03 19:54:37,893 INFO  - I'm in better position but no more hops in message (at simulation time 14.001,800,000 s)
2024-06-03 19:54:37,895 INFO  - Recieve a message from other vehicle (at simulation time 14.001,900,000 s)
2024-06-03 19:54:37,895 INFO  - My position is not better! (at simulation time 14.001,900,000 s)
2024-06-03 19:54:37,895 INFO  - Recieve a message from other vehicle (at simulation time 14.001,900,000 s)
2024-06-03 19:54:37,895 INFO  - My position is not better! (at simulation time 14.001,900,000 s)
2024-06-03 19:54:37,895 INFO  - Recieve a message from other vehicle (at simulation time 14.001,900,000 s)
2024-06-03 19:54:37,895 INFO  - My position is not better! (at simulation time 14.001,900,000 s)
2024-06-03 19:54:37,896 INFO  - Recieve a message from other vehicle (at simulation time 14.002,300,000 s)
2024-06-03 19:54:37,896 INFO  - My position is not better! (at simulation time 14.002,300,000 s)
2024-06-03 19:54:37,897 INFO  - Recieve a message from other vehicle (at simulation time 14.002,300,000 s)
2024-06-03 19:54:37,897 INFO  - My position is not better! (at simulation time 14.002,300,000 s)
2024-06-03 19:54:37,897 INFO  - Recieve a message from other vehicle (at simulation time 14.002,300,000 s)
2024-06-03 19:54:37,897 INFO  - My position is not better! (at simulation time 14.002,300,000 s)
2024-06-03 19:54:37,899 INFO  - Recieve a message from other vehicle (at simulation time 14.002,800,000 s)
2024-06-03 19:54:37,899 INFO  - My position is not better! (at simulation time 14.002,800,000 s)
2024-06-03 19:54:37,899 INFO  - Recieve a message from other vehicle (at simulation time 14.002,800,000 s)
2024-06-03 19:54:37,899 INFO  - My position is not better! (at simulation time 14.002,800,000 s)
2024-06-03 19:54:37,901 INFO  - Recieve a message from other vehicle (at simulation time 14.004,300,000 s)
2024-06-03 19:54:37,901 INFO  - My position is not better! (at simulation time 14.004,300,000 s)
2024-06-03 19:54:37,908 INFO  - Called #onVehicleUpdated (at simulation time 15.000,000,000 s)
2024-06-03 19:54:37,909 INFO  - Sending out AdHoc broadcast (at simulation time 15.000,000,000 s)
2024-06-03 19:54:37,913 INFO  - Recieve a message from other vehicle (at simulation time 15.000,400,000 s)
2024-06-03 19:54:37,913 INFO  - DENM message Recived from veh_3 -info : seco (at simulation time 15.000,400,000 s)
2024-06-03 19:54:37,913 INFO  - Recending a DENM message from other vehicle (at simulation time 15.000,400,000 s)
2024-06-03 19:54:37,913 INFO  - Recieve a message from other vehicle (at simulation time 15.000,400,000 s)
2024-06-03 19:54:37,913 INFO  - DENM message Recived from veh_5 -info : nevoeiro (at simulation time 15.000,400,000 s)
2024-06-03 19:54:37,913 INFO  - Recending a DENM message from other vehicle (at simulation time 15.000,400,000 s)
2024-06-03 19:54:37,913 INFO  - Recieve a message from other vehicle (at simulation time 15.000,400,000 s)
2024-06-03 19:54:37,913 INFO  - My position is not better! (at simulation time 15.000,400,000 s)
2024-06-03 19:54:37,914 INFO  - Recieve a message from other vehicle (at simulation time 15.000,400,000 s)
2024-06-03 19:54:37,914 INFO  - My position is not better! (at simulation time 15.000,400,000 s)
2024-06-03 19:54:37,914 INFO  - Recieve a message from other vehicle (at simulation time 15.000,400,000 s)
2024-06-03 19:54:37,914 INFO  - My position is not better! (at simulation time 15.000,400,000 s)
2024-06-03 19:54:37,915 INFO  - Recieve a message from other vehicle (at simulation time 15.000,400,000 s)
2024-06-03 19:54:37,915 INFO  - My position is not better! (at simulation time 15.000,400,000 s)
2024-06-03 19:54:37,917 INFO  - Recieve a message from other vehicle (at simulation time 15.000,800,000 s)
2024-06-03 19:54:37,917 INFO  - DENM message Recived from veh_1 -info : piso-molhado (at simulation time 15.000,800,000 s)
2024-06-03 19:54:37,917 INFO  - I slow down due to road state (at simulation time 15.000,800,000 s)
2024-06-03 19:54:37,918 INFO  - No more hops in DENM message (at simulation time 15.000,800,000 s)
2024-06-03 19:54:37,918 INFO  - Recieve a message from other vehicle (at simulation time 15.000,800,000 s)
2024-06-03 19:54:37,918 INFO  - My position is not better! (at simulation time 15.000,800,000 s)
2024-06-03 19:54:37,918 INFO  - Recieve a message from other vehicle (at simulation time 15.000,800,000 s)
2024-06-03 19:54:37,918 INFO  - My position is not better! (at simulation time 15.000,800,000 s)
2024-06-03 19:54:37,920 INFO  - Recieve a message from other vehicle (at simulation time 15.000,900,000 s)
2024-06-03 19:54:37,920 INFO  - My position is not better! (at simulation time 15.000,900,000 s)
2024-06-03 19:54:37,920 INFO  - Recieve a message from other vehicle (at simulation time 15.000,900,000 s)
2024-06-03 19:54:37,920 INFO  - My position is not better! (at simulation time 15.000,900,000 s)
2024-06-03 19:54:37,920 INFO  - Recieve a message from other vehicle (at simulation time 15.000,900,000 s)
2024-06-03 19:54:37,920 INFO  - My position is not better! (at simulation time 15.000,900,000 s)
2024-06-03 19:54:37,922 INFO  - Recieve a message from other vehicle (at simulation time 15.001,300,000 s)
2024-06-03 19:54:37,922 INFO  - My position is not better! (at simulation time 15.001,300,000 s)
2024-06-03 19:54:37,924 INFO  - Recieve a message from other vehicle (at simulation time 15.001,400,000 s)
2024-06-03 19:54:37,924 INFO  - My position is not better! (at simulation time 15.001,400,000 s)
2024-06-03 19:54:37,925 INFO  - Recieve a message from other vehicle (at simulation time 15.001,900,000 s)
2024-06-03 19:54:37,925 INFO  - DENM message Recived from veh_0 -info : seco (at simulation time 15.001,900,000 s)
2024-06-03 19:54:37,925 INFO  - No more hops in DENM message (at simulation time 15.001,900,000 s)
2024-06-03 19:54:37,926 INFO  - Recieve a message from other vehicle (at simulation time 15.001,900,000 s)
2024-06-03 19:54:37,926 INFO  - My position is not better! (at simulation time 15.001,900,000 s)
2024-06-03 19:54:37,926 INFO  - Recieve a message from other vehicle (at simulation time 15.002,300,000 s)
2024-06-03 19:54:37,926 INFO  - My position is not better! (at simulation time 15.002,300,000 s)
2024-06-03 19:54:37,926 INFO  - Recieve a message from other vehicle (at simulation time 15.002,400,000 s)
2024-06-03 19:54:37,926 INFO  - DENM message Recived from veh_1 -info : piso-molhado (at simulation time 15.002,400,000 s)
2024-06-03 19:54:37,926 INFO  - I slow down due to road state (at simulation time 15.002,400,000 s)
2024-06-03 19:54:37,926 INFO  - No more hops in DENM message (at simulation time 15.002,400,000 s)
2024-06-03 19:54:37,927 INFO  - Recieve a message from other vehicle (at simulation time 15.002,400,000 s)
2024-06-03 19:54:37,927 INFO  - My position is not better! (at simulation time 15.002,400,000 s)
2024-06-03 19:54:37,929 INFO  - Recieve a message from other vehicle (at simulation time 15.002,800,000 s)
2024-06-03 19:54:37,929 INFO  - DENM message Recived from veh_0 -info : seco (at simulation time 15.002,800,000 s)
2024-06-03 19:54:37,929 INFO  - No more hops in DENM message (at simulation time 15.002,800,000 s)
2024-06-03 19:54:37,929 INFO  - Recieve a message from other vehicle (at simulation time 15.002,800,000 s)
2024-06-03 19:54:37,929 INFO  - My position is not better! (at simulation time 15.002,800,000 s)
2024-06-03 19:54:37,929 INFO  - Recieve a message from other vehicle (at simulation time 15.002,800,000 s)
2024-06-03 19:54:37,930 INFO  - My position is not better! (at simulation time 15.002,800,000 s)
2024-06-03 19:54:37,934 INFO  - Called #onVehicleUpdated (at simulation time 16.000,000,000 s)
2024-06-03 19:54:37,935 INFO  - Sending out DENM broadcast (at simulation time 16.000,000,000 s)
2024-06-03 19:54:37,935 INFO  - Sending out AdHoc broadcast (at simulation time 16.000,000,000 s)
2024-06-03 19:54:37,935 INFO  - Sending out AdHoc broadcast (at simulation time 16.000,000,000 s)
2024-06-03 19:54:37,938 INFO  - Recieve a message from other vehicle (at simulation time 16.000,900,000 s)
2024-06-03 19:54:37,938 INFO  - DENM message Recived from veh_2 -info : seco (at simulation time 16.000,900,000 s)
2024-06-03 19:54:37,938 INFO  - No more hops in DENM message (at simulation time 16.000,900,000 s)
2024-06-03 19:54:37,939 INFO  - Recieve a message from other vehicle (at simulation time 16.000,900,000 s)
2024-06-03 19:54:37,939 INFO  - I'm in better position but no more hops in message (at simulation time 16.000,900,000 s)
2024-06-03 19:54:37,939 INFO  - Recieve a message from other vehicle (at simulation time 16.000,900,000 s)
2024-06-03 19:54:37,939 INFO  - I'm in better position but no more hops in message (at simulation time 16.000,900,000 s)
2024-06-03 19:54:37,939 INFO  - Recieve a message from other vehicle (at simulation time 16.001,300,000 s)
2024-06-03 19:54:37,939 INFO  - I'm in better position but no more hops in message (at simulation time 16.001,300,000 s)
2024-06-03 19:54:37,940 INFO  - Recieve a message from other vehicle (at simulation time 16.001,400,000 s)
2024-06-03 19:54:37,940 INFO  - My position is not better! (at simulation time 16.001,400,000 s)
2024-06-03 19:54:37,940 INFO  - Recieve a message from other vehicle (at simulation time 16.001,800,000 s)
2024-06-03 19:54:37,940 INFO  - I'm in better position but no more hops in message (at simulation time 16.001,800,000 s)
2024-06-03 19:54:37,941 INFO  - Recieve a message from other vehicle (at simulation time 16.001,900,000 s)
2024-06-03 19:54:37,941 INFO  - I'm in better position but no more hops in message (at simulation time 16.001,900,000 s)
2024-06-03 19:54:37,941 INFO  - Recieve a message from other vehicle (at simulation time 16.001,900,000 s)
2024-06-03 19:54:37,941 INFO  - I'm in better position but no more hops in message (at simulation time 16.001,900,000 s)
2024-06-03 19:54:37,941 INFO  - Recieve a message from other vehicle (at simulation time 16.001,900,000 s)
2024-06-03 19:54:37,941 INFO  - I'm in better position but no more hops in message (at simulation time 16.001,900,000 s)
2024-06-03 19:54:37,942 INFO  - Recieve a message from other vehicle (at simulation time 16.002,300,000 s)
2024-06-03 19:54:37,942 INFO  - DENM message Recived from veh_4 -info : seco (at simulation time 16.002,300,000 s)
2024-06-03 19:54:37,942 INFO  - No more hops in DENM message (at simulation time 16.002,300,000 s)
2024-06-03 19:54:37,942 INFO  - Recieve a message from other vehicle (at simulation time 16.002,300,000 s)
2024-06-03 19:54:37,942 INFO  - My position is not better! (at simulation time 16.002,300,000 s)
2024-06-03 19:54:37,943 INFO  - Recieve a message from other vehicle (at simulation time 16.002,400,000 s)
2024-06-03 19:54:37,943 INFO  - I'm in better position but no more hops in message (at simulation time 16.002,400,000 s)
2024-06-03 19:54:37,943 INFO  - Recieve a message from other vehicle (at simulation time 16.002,400,000 s)
2024-06-03 19:54:37,943 INFO  - I'm in better position but no more hops in message (at simulation time 16.002,400,000 s)
2024-06-03 19:54:37,943 INFO  - Recieve a message from other vehicle (at simulation time 16.002,800,000 s)
2024-06-03 19:54:37,943 INFO  - DENM message Recived from veh_2 -info : seco (at simulation time 16.002,800,000 s)
2024-06-03 19:54:37,943 INFO  - No more hops in DENM message (at simulation time 16.002,800,000 s)
2024-06-03 19:54:37,943 INFO  - Recieve a message from other vehicle (at simulation time 16.002,800,000 s)
2024-06-03 19:54:37,943 INFO  - I'm in better position but no more hops in message (at simulation time 16.002,800,000 s)
2024-06-03 19:54:37,943 INFO  - Recieve a message from other vehicle (at simulation time 16.002,800,000 s)
2024-06-03 19:54:37,943 INFO  - I'm in better position but no more hops in message (at simulation time 16.002,800,000 s)
2024-06-03 19:54:37,943 INFO  - Recieve a message from other vehicle (at simulation time 16.003,300,000 s)
2024-06-03 19:54:37,943 INFO  - My position is not better! (at simulation time 16.003,300,000 s)
2024-06-03 19:54:37,946 INFO  - Called #onVehicleUpdated (at simulation time 17.000,000,000 s)
2024-06-03 19:54:37,947 INFO  - Sending out AdHoc broadcast (at simulation time 17.000,000,000 s)
2024-06-03 19:54:37,950 INFO  - Recieve a message from other vehicle (at simulation time 17.000,400,000 s)
2024-06-03 19:54:37,950 INFO  - I'm in better position but no more hops in message (at simulation time 17.000,400,000 s)
2024-06-03 19:54:37,950 INFO  - Recieve a message from other vehicle (at simulation time 17.000,400,000 s)
2024-06-03 19:54:37,950 INFO  - Recending a message from other vehicle (at simulation time 17.000,400,000 s)
2024-06-03 19:54:37,951 INFO  - Recieve a message from other vehicle (at simulation time 17.000,800,000 s)
2024-06-03 19:54:37,951 INFO  - I'm in better position but no more hops in message (at simulation time 17.000,800,000 s)
2024-06-03 19:54:37,951 INFO  - Recieve a message from other vehicle (at simulation time 17.000,800,000 s)
2024-06-03 19:54:37,952 INFO  - I'm in better position but no more hops in message (at simulation time 17.000,800,000 s)
2024-06-03 19:54:37,952 INFO  - Recieve a message from other vehicle (at simulation time 17.000,900,000 s)
2024-06-03 19:54:37,952 INFO  - I'm in better position but no more hops in message (at simulation time 17.000,900,000 s)
2024-06-03 19:54:37,952 INFO  - Recieve a message from other vehicle (at simulation time 17.000,900,000 s)
2024-06-03 19:54:37,952 INFO  - I'm in better position but no more hops in message (at simulation time 17.000,900,000 s)
2024-06-03 19:54:37,953 INFO  - Recieve a message from other vehicle (at simulation time 17.001,400,000 s)
2024-06-03 19:54:37,953 INFO  - I'm in better position but no more hops in message (at simulation time 17.001,400,000 s)
2024-06-03 19:54:37,953 INFO  - Recieve a message from other vehicle (at simulation time 17.001,400,000 s)
2024-06-03 19:54:37,953 INFO  - I'm in better position but no more hops in message (at simulation time 17.001,400,000 s)
2024-06-03 19:54:37,954 INFO  - Recieve a message from other vehicle (at simulation time 17.001,800,000 s)
2024-06-03 19:54:37,954 INFO  - I'm in better position but no more hops in message (at simulation time 17.001,800,000 s)
2024-06-03 19:54:37,954 INFO  - Recieve a message from other vehicle (at simulation time 17.001,900,000 s)
2024-06-03 19:54:37,954 INFO  - I'm in better position but no more hops in message (at simulation time 17.001,900,000 s)
2024-06-03 19:54:37,954 INFO  - Recieve a message from other vehicle (at simulation time 17.001,900,000 s)
2024-06-03 19:54:37,954 INFO  - I'm in better position but no more hops in message (at simulation time 17.001,900,000 s)
2024-06-03 19:54:37,955 INFO  - Recieve a message from other vehicle (at simulation time 17.002,400,000 s)
2024-06-03 19:54:37,955 INFO  - I'm in better position but no more hops in message (at simulation time 17.002,400,000 s)
2024-06-03 19:54:37,955 INFO  - Recieve a message from other vehicle (at simulation time 17.002,400,000 s)
2024-06-03 19:54:37,955 INFO  - I'm in better position but no more hops in message (at simulation time 17.002,400,000 s)
2024-06-03 19:54:37,955 INFO  - Recieve a message from other vehicle (at simulation time 17.002,800,000 s)
2024-06-03 19:54:37,955 INFO  - I'm in better position but no more hops in message (at simulation time 17.002,800,000 s)
2024-06-03 19:54:37,958 INFO  - Called #onVehicleUpdated (at simulation time 18.000,000,000 s)
2024-06-03 19:54:37,958 INFO  - Sending out AdHoc broadcast (at simulation time 18.000,000,000 s)
2024-06-03 19:54:37,958 INFO  - Sending out AdHoc broadcast (at simulation time 18.000,000,000 s)
2024-06-03 19:54:37,959 INFO  - Recieve a message from other vehicle (at simulation time 18.000,400,000 s)
2024-06-03 19:54:37,959 INFO  - I'm in better position but no more hops in message (at simulation time 18.000,400,000 s)
2024-06-03 19:54:37,959 INFO  - Recieve a message from other vehicle (at simulation time 18.000,400,000 s)
2024-06-03 19:54:37,959 INFO  - Recending a message from other vehicle (at simulation time 18.000,400,000 s)
2024-06-03 19:54:37,960 INFO  - Recieve a message from other vehicle (at simulation time 18.000,800,000 s)
2024-06-03 19:54:37,960 INFO  - I'm in better position but no more hops in message (at simulation time 18.000,800,000 s)
2024-06-03 19:54:37,960 INFO  - Recieve a message from other vehicle (at simulation time 18.000,900,000 s)
2024-06-03 19:54:37,960 INFO  - I'm in better position but no more hops in message (at simulation time 18.000,900,000 s)
2024-06-03 19:54:37,960 INFO  - Recieve a message from other vehicle (at simulation time 18.001,400,000 s)
2024-06-03 19:54:37,960 INFO  - I'm in better position but no more hops in message (at simulation time 18.001,400,000 s)
2024-06-03 19:54:37,960 INFO  - Recieve a message from other vehicle (at simulation time 18.001,400,000 s)
2024-06-03 19:54:37,960 INFO  - I'm in better position but no more hops in message (at simulation time 18.001,400,000 s)
2024-06-03 19:54:37,960 INFO  - Recieve a message from other vehicle (at simulation time 18.001,400,000 s)
2024-06-03 19:54:37,960 INFO  - Recending a message from other vehicle (at simulation time 18.001,400,000 s)
2024-06-03 19:54:37,963 INFO  - Recieve a message from other vehicle (at simulation time 18.002,400,000 s)
2024-06-03 19:54:37,963 INFO  - I'm in better position but no more hops in message (at simulation time 18.002,400,000 s)
2024-06-03 19:54:37,963 INFO  - Recieve a message from other vehicle (at simulation time 18.002,400,000 s)
2024-06-03 19:54:37,963 INFO  - My position is not better! (at simulation time 18.002,400,000 s)
2024-06-03 19:54:37,963 INFO  - Recieve a message from other vehicle (at simulation time 18.002,800,000 s)
2024-06-03 19:54:37,963 INFO  - I'm in better position but no more hops in message (at simulation time 18.002,800,000 s)
2024-06-03 19:54:37,964 INFO  - Recieve a message from other vehicle (at simulation time 18.003,300,000 s)
2024-06-03 19:54:37,964 INFO  - My position is not better! (at simulation time 18.003,300,000 s)
2024-06-03 19:54:37,964 INFO  - Recieve a message from other vehicle (at simulation time 18.003,800,000 s)
2024-06-03 19:54:37,964 INFO  - My position is not better! (at simulation time 18.003,800,000 s)
2024-06-03 19:54:37,968 INFO  - Called #onVehicleUpdated (at simulation time 19.000,000,000 s)
2024-06-03 19:54:37,968 INFO  - Sending out AdHoc broadcast (at simulation time 19.000,000,000 s)
2024-06-03 19:54:37,969 INFO  - Recieve a message from other vehicle (at simulation time 19.000,400,000 s)
2024-06-03 19:54:37,969 INFO  - Recending a message from other vehicle (at simulation time 19.000,400,000 s)
2024-06-03 19:54:37,969 INFO  - Recieve a message from other vehicle (at simulation time 19.000,400,000 s)
2024-06-03 19:54:37,970 INFO  - I'm in better position but no more hops in message (at simulation time 19.000,400,000 s)
2024-06-03 19:54:37,970 INFO  - Recieve a message from other vehicle (at simulation time 19.000,400,000 s)
2024-06-03 19:54:37,970 INFO  - Recending a message from other vehicle (at simulation time 19.000,400,000 s)
2024-06-03 19:54:37,971 INFO  - Recieve a message from other vehicle (at simulation time 19.000,900,000 s)
2024-06-03 19:54:37,971 INFO  - I'm in better position but no more hops in message (at simulation time 19.000,900,000 s)
2024-06-03 19:54:37,971 INFO  - Recieve a message from other vehicle (at simulation time 19.000,900,000 s)
2024-06-03 19:54:37,971 INFO  - I'm in better position but no more hops in message (at simulation time 19.000,900,000 s)
2024-06-03 19:54:37,971 INFO  - Recieve a message from other vehicle (at simulation time 19.000,900,000 s)
2024-06-03 19:54:37,971 INFO  - I'm in better position but no more hops in message (at simulation time 19.000,900,000 s)
2024-06-03 19:54:37,972 INFO  - Recieve a message from other vehicle (at simulation time 19.001,900,000 s)
2024-06-03 19:54:37,972 INFO  - I'm in better position but no more hops in message (at simulation time 19.001,900,000 s)
2024-06-03 19:54:37,972 INFO  - Recieve a message from other vehicle (at simulation time 19.001,900,000 s)
2024-06-03 19:54:37,972 INFO  - I'm in better position but no more hops in message (at simulation time 19.001,900,000 s)
2024-06-03 19:54:37,972 INFO  - Recieve a message from other vehicle (at simulation time 19.002,300,000 s)
2024-06-03 19:54:37,972 INFO  - I'm in better position but no more hops in message (at simulation time 19.002,300,000 s)
2024-06-03 19:54:37,973 INFO  - Recieve a message from other vehicle (at simulation time 19.002,400,000 s)
2024-06-03 19:54:37,973 INFO  - I'm in better position but no more hops in message (at simulation time 19.002,400,000 s)
2024-06-03 19:54:37,973 INFO  - Recieve a message from other vehicle (at simulation time 19.002,400,000 s)
2024-06-03 19:54:37,973 INFO  - I'm in better position but no more hops in message (at simulation time 19.002,400,000 s)
2024-06-03 19:54:37,973 INFO  - Recieve a message from other vehicle (at simulation time 19.002,800,000 s)
2024-06-03 19:54:37,973 INFO  - I'm in better position but no more hops in message (at simulation time 19.002,800,000 s)
2024-06-03 19:54:37,973 INFO  - Recieve a message from other vehicle (at simulation time 19.003,300,000 s)
2024-06-03 19:54:37,973 INFO  - My position is not better! (at simulation time 19.003,300,000 s)
2024-06-03 19:54:37,973 INFO  - Recieve a message from other vehicle (at simulation time 19.003,300,000 s)
2024-06-03 19:54:37,973 INFO  - I'm in better position but no more hops in message (at simulation time 19.003,300,000 s)
2024-06-03 19:54:37,978 INFO  - Called #onVehicleUpdated (at simulation time 20.000,000,000 s)
2024-06-03 19:54:37,978 INFO  - Sending out AdHoc broadcast (at simulation time 20.000,000,000 s)
2024-06-03 19:54:37,979 INFO  - Sending out AdHoc broadcast (at simulation time 20.000,000,000 s)
2024-06-03 19:54:37,980 INFO  - Recieve a message from other vehicle (at simulation time 20.000,400,000 s)
2024-06-03 19:54:37,980 INFO  - My position is not better! (at simulation time 20.000,400,000 s)
2024-06-03 19:54:37,980 INFO  - Recieve a message from other vehicle (at simulation time 20.000,400,000 s)
2024-06-03 19:54:37,980 INFO  - Recending a message from other vehicle (at simulation time 20.000,400,000 s)
2024-06-03 19:54:37,980 INFO  - Recieve a message from other vehicle (at simulation time 20.000,400,000 s)
2024-06-03 19:54:37,980 INFO  - My position is not better! (at simulation time 20.000,400,000 s)
2024-06-03 19:54:37,981 INFO  - Recieve a message from other vehicle (at simulation time 20.000,800,000 s)
2024-06-03 19:54:37,981 INFO  - I'm in better position but no more hops in message (at simulation time 20.000,800,000 s)
2024-06-03 19:54:37,981 INFO  - Recieve a message from other vehicle (at simulation time 20.000,900,000 s)
2024-06-03 19:54:37,981 INFO  - My position is not better! (at simulation time 20.000,900,000 s)
2024-06-03 19:54:37,982 INFO  - Recieve a message from other vehicle (at simulation time 20.001,300,000 s)
2024-06-03 19:54:37,982 INFO  - My position is not better! (at simulation time 20.001,300,000 s)
2024-06-03 19:54:37,982 INFO  - Recieve a message from other vehicle (at simulation time 20.001,400,000 s)
2024-06-03 19:54:37,982 INFO  - My position is not better! (at simulation time 20.001,400,000 s)
2024-06-03 19:54:37,982 INFO  - Recieve a message from other vehicle (at simulation time 20.001,800,000 s)
2024-06-03 19:54:37,982 INFO  - My position is not better! (at simulation time 20.001,800,000 s)
2024-06-03 19:54:37,983 INFO  - Recieve a message from other vehicle (at simulation time 20.002,300,000 s)
2024-06-03 19:54:37,983 INFO  - I'm in better position but no more hops in message (at simulation time 20.002,300,000 s)
2024-06-03 19:54:37,984 INFO  - Recieve a message from other vehicle (at simulation time 20.003,300,000 s)
2024-06-03 19:54:37,984 INFO  - I'm in better position but no more hops in message (at simulation time 20.003,300,000 s)
2024-06-03 19:54:37,987 INFO  - Called #onVehicleUpdated (at simulation time 21.000,000,000 s)
2024-06-03 19:54:37,987 INFO  - Sending out AdHoc broadcast (at simulation time 21.000,000,000 s)
2024-06-03 19:54:37,988 INFO  - Recieve a message from other vehicle (at simulation time 21.000,400,000 s)
2024-06-03 19:54:37,988 INFO  - My position is not better! (at simulation time 21.000,400,000 s)
2024-06-03 19:54:37,988 INFO  - Recieve a message from other vehicle (at simulation time 21.000,900,000 s)
2024-06-03 19:54:37,988 INFO  - My position is not better! (at simulation time 21.000,900,000 s)
2024-06-03 19:54:37,988 INFO  - Recieve a message from other vehicle (at simulation time 21.000,900,000 s)
2024-06-03 19:54:37,988 INFO  - My position is not better! (at simulation time 21.000,900,000 s)
2024-06-03 19:54:37,989 INFO  - Recieve a message from other vehicle (at simulation time 21.001,300,000 s)
2024-06-03 19:54:37,989 INFO  - My position is not better! (at simulation time 21.001,300,000 s)
2024-06-03 19:54:37,989 INFO  - Recieve a message from other vehicle (at simulation time 21.002,400,000 s)
2024-06-03 19:54:37,989 INFO  - My position is not better! (at simulation time 21.002,400,000 s)
2024-06-03 19:54:37,989 INFO  - Recieve a message from other vehicle (at simulation time 21.002,400,000 s)
2024-06-03 19:54:37,989 INFO  - I'm in better position but no more hops in message (at simulation time 21.002,400,000 s)
2024-06-03 19:54:37,989 INFO  - Recieve a message from other vehicle (at simulation time 21.002,400,000 s)
2024-06-03 19:54:37,989 INFO  - My position is not better! (at simulation time 21.002,400,000 s)
2024-06-03 19:54:37,990 INFO  - Recieve a message from other vehicle (at simulation time 21.002,800,000 s)
2024-06-03 19:54:37,990 INFO  - I'm in better position but no more hops in message (at simulation time 21.002,800,000 s)
2024-06-03 19:54:37,991 INFO  - Called #onVehicleUpdated (at simulation time 22.000,000,000 s)
2024-06-03 19:54:37,991 INFO  - Sending out AdHoc broadcast (at simulation time 22.000,000,000 s)
2024-06-03 19:54:37,992 INFO  - Sending out AdHoc broadcast (at simulation time 22.000,000,000 s)
2024-06-03 19:54:37,993 INFO  - Recieve a message from other vehicle (at simulation time 22.000,400,000 s)
2024-06-03 19:54:37,993 INFO  - My position is not better! (at simulation time 22.000,400,000 s)
2024-06-03 19:54:37,993 INFO  - Recieve a message from other vehicle (at simulation time 22.000,900,000 s)
2024-06-03 19:54:37,993 INFO  - My position is not better! (at simulation time 22.000,900,000 s)
2024-06-03 19:54:37,993 INFO  - Recieve a message from other vehicle (at simulation time 22.000,900,000 s)
2024-06-03 19:54:37,993 INFO  - My position is not better! (at simulation time 22.000,900,000 s)
2024-06-03 19:54:37,994 INFO  - Recieve a message from other vehicle (at simulation time 22.001,800,000 s)
2024-06-03 19:54:37,994 INFO  - My position is not better! (at simulation time 22.001,800,000 s)
2024-06-03 19:54:37,994 INFO  - Recieve a message from other vehicle (at simulation time 22.002,300,000 s)
2024-06-03 19:54:37,994 INFO  - I'm in better position but no more hops in message (at simulation time 22.002,300,000 s)
2024-06-03 19:54:37,995 INFO  - Recieve a message from other vehicle (at simulation time 22.003,300,000 s)
2024-06-03 19:54:37,995 INFO  - My position is not better! (at simulation time 22.003,300,000 s)
2024-06-03 19:54:37,996 INFO  - Recieve a message from other vehicle (at simulation time 22.003,300,000 s)
2024-06-03 19:54:37,996 INFO  - My position is not better! (at simulation time 22.003,300,000 s)
2024-06-03 19:54:37,996 INFO  - Recieve a message from other vehicle (at simulation time 22.003,800,000 s)
2024-06-03 19:54:37,996 INFO  - My position is not better! (at simulation time 22.003,800,000 s)
2024-06-03 19:54:37,996 INFO  - Recieve a message from other vehicle (at simulation time 22.003,800,000 s)
2024-06-03 19:54:37,996 INFO  - My position is not better! (at simulation time 22.003,800,000 s)
2024-06-03 19:54:37,996 INFO  - Recieve a message from other vehicle (at simulation time 22.004,300,000 s)
2024-06-03 19:54:37,996 INFO  - My position is not better! (at simulation time 22.004,300,000 s)
2024-06-03 19:54:37,998 INFO  - Called #onVehicleUpdated (at simulation time 23.000,000,000 s)
2024-06-03 19:54:37,999 INFO  - Sending out AdHoc broadcast (at simulation time 23.000,000,000 s)
2024-06-03 19:54:38,001 INFO  - Recieve a message from other vehicle (at simulation time 23.000,900,000 s)
2024-06-03 19:54:38,001 INFO  - My position is not better! (at simulation time 23.000,900,000 s)
2024-06-03 19:54:38,001 INFO  - Recieve a message from other vehicle (at simulation time 23.000,900,000 s)
2024-06-03 19:54:38,001 INFO  - My position is not better! (at simulation time 23.000,900,000 s)
2024-06-03 19:54:38,001 INFO  - Recieve a message from other vehicle (at simulation time 23.001,400,000 s)
2024-06-03 19:54:38,001 INFO  - My position is not better! (at simulation time 23.001,400,000 s)
2024-06-03 19:54:38,001 INFO  - Recieve a message from other vehicle (at simulation time 23.001,800,000 s)
2024-06-03 19:54:38,001 INFO  - My position is not better! (at simulation time 23.001,800,000 s)
2024-06-03 19:54:38,001 INFO  - Recieve a message from other vehicle (at simulation time 23.001,900,000 s)
2024-06-03 19:54:38,001 INFO  - My position is not better! (at simulation time 23.001,900,000 s)
2024-06-03 19:54:38,001 INFO  - Recieve a message from other vehicle (at simulation time 23.001,900,000 s)
2024-06-03 19:54:38,001 INFO  - My position is not better! (at simulation time 23.001,900,000 s)
2024-06-03 19:54:38,002 INFO  - Recieve a message from other vehicle (at simulation time 23.003,300,000 s)
2024-06-03 19:54:38,002 INFO  - My position is not better! (at simulation time 23.003,300,000 s)
2024-06-03 19:54:38,002 INFO  - Recieve a message from other vehicle (at simulation time 23.004,300,000 s)
2024-06-03 19:54:38,002 INFO  - I'm in better position but no more hops in message (at simulation time 23.004,300,000 s)
2024-06-03 19:54:38,005 INFO  - Called #onVehicleUpdated (at simulation time 24.000,000,000 s)
2024-06-03 19:54:38,005 INFO  - Sending out AdHoc broadcast (at simulation time 24.000,000,000 s)
2024-06-03 19:54:38,006 INFO  - Sending out AdHoc broadcast (at simulation time 24.000,000,000 s)
2024-06-03 19:54:38,010 INFO  - Called #onVehicleUpdated (at simulation time 25.000,000,000 s)
2024-06-03 19:54:38,010 INFO  - Sending out AdHoc broadcast (at simulation time 25.000,000,000 s)
2024-06-03 19:54:38,014 INFO  - Called #onVehicleUpdated (at simulation time 26.000,000,000 s)
2024-06-03 19:54:38,015 INFO  - Sending out AdHoc broadcast (at simulation time 26.000,000,000 s)
2024-06-03 19:54:38,015 INFO  - Sending out AdHoc broadcast (at simulation time 26.000,000,000 s)
2024-06-03 19:54:38,019 INFO  - Called #onVehicleUpdated (at simulation time 27.000,000,000 s)
2024-06-03 19:54:38,019 INFO  - Exced velocity! Sending new CAM (at simulation time 27.000,000,000 s)
2024-06-03 19:54:38,019 INFO  - Sending out AdHoc broadcast (at simulation time 27.000,000,000 s)
2024-06-03 19:54:38,019 INFO  - Sending out AdHoc broadcast (at simulation time 27.000,000,000 s)
2024-06-03 19:54:38,023 INFO  - Called #onVehicleUpdated (at simulation time 28.000,000,000 s)
2024-06-03 19:54:38,023 INFO  - Exced velocity! Sending new CAM (at simulation time 28.000,000,000 s)
2024-06-03 19:54:38,023 INFO  - Sending out AdHoc broadcast (at simulation time 28.000,000,000 s)
2024-06-03 19:54:38,024 INFO  - Sending out AdHoc broadcast (at simulation time 28.000,000,000 s)
2024-06-03 19:54:38,024 INFO  - Sending out AdHoc broadcast (at simulation time 28.000,000,000 s)
2024-06-03 19:54:38,027 INFO  - Shutdown (at simulation time 29.000,000,000 s)
