2024-06-03 19:42:37,356 INFO  - Initialize Vehicle application (at simulation time 42.000,000,000 s)
2024-06-03 19:42:37,358 INFO  - Activated WLAN Module (at simulation time 42.000,000,000 s)
2024-06-03 19:42:37,362 INFO  - Called #onVehicleUpdated (at simulation time 42.000,000,000 s)
2024-06-03 19:42:37,362 INFO  - Exced velocity! Sending new CAM (at simulation time 42.000,000,000 s)
2024-06-03 19:42:37,362 INFO  - Sending out AdHoc broadcast (at simulation time 42.000,000,000 s)
2024-06-03 19:42:37,609 INFO  - Called #onVehicleUpdated (at simulation time 43.000,000,000 s)
2024-06-03 19:42:37,609 INFO  - Exced velocity! Sending new CAM (at simulation time 43.000,000,000 s)
2024-06-03 19:42:37,609 INFO  - Sending out AdHoc broadcast (at simulation time 43.000,000,000 s)
2024-06-03 19:42:37,609 INFO  - Define the name: veh_7 and route: r_2 (at simulation time 43.000,000,000 s)
2024-06-03 19:42:37,609 INFO  - Sending out AdHoc broadcast (at simulation time 43.000,000,000 s)
2024-06-03 19:42:37,853 INFO  - Called #onVehicleUpdated (at simulation time 44.000,000,000 s)
2024-06-03 19:42:37,853 INFO  - Exced velocity! Sending new CAM (at simulation time 44.000,000,000 s)
2024-06-03 19:42:37,853 INFO  - Sending out AdHoc broadcast (at simulation time 44.000,000,000 s)
2024-06-03 19:42:37,854 INFO  - Sending out AdHoc broadcast (at simulation time 44.000,000,000 s)
2024-06-03 19:42:37,856 INFO  - Recieve a message from other vehicle (at simulation time 44.001,400,000 s)
2024-06-03 19:42:37,856 INFO  - Recending a message from other vehicle (at simulation time 44.001,400,000 s)
2024-06-03 19:42:38,104 INFO  - Called #onVehicleUpdated (at simulation time 45.000,000,000 s)
2024-06-03 19:42:38,104 INFO  - Exced velocity! Sending new CAM (at simulation time 45.000,000,000 s)
2024-06-03 19:42:38,104 INFO  - Sending out AdHoc broadcast (at simulation time 45.000,000,000 s)
2024-06-03 19:42:38,105 INFO  - Sending out AdHoc broadcast (at simulation time 45.000,000,000 s)
2024-06-03 19:42:38,106 INFO  - Sending out AdHoc broadcast (at simulation time 45.000,000,000 s)
2024-06-03 19:42:38,353 INFO  - Called #onVehicleUpdated (at simulation time 46.000,000,000 s)
2024-06-03 19:42:38,353 INFO  - Exced velocity! Sending new CAM (at simulation time 46.000,000,000 s)
2024-06-03 19:42:38,353 INFO  - Sending out AdHoc broadcast (at simulation time 46.000,000,000 s)
2024-06-03 19:42:38,354 INFO  - Sending out AdHoc broadcast (at simulation time 46.000,000,000 s)
2024-06-03 19:42:38,354 INFO  - Sending out AdHoc broadcast (at simulation time 46.000,000,000 s)
2024-06-03 19:42:38,356 INFO  - Recieve a message from other vehicle (at simulation time 46.002,400,000 s)
2024-06-03 19:42:38,356 INFO  - Recending a message from other vehicle (at simulation time 46.002,400,000 s)
2024-06-03 19:42:38,603 INFO  - Called #onVehicleUpdated (at simulation time 47.000,000,000 s)
2024-06-03 19:42:38,604 INFO  - Exced velocity! Sending new CAM (at simulation time 47.000,000,000 s)
2024-06-03 19:42:38,604 INFO  - Sending out AdHoc broadcast (at simulation time 47.000,000,000 s)
2024-06-03 19:42:38,604 INFO  - Sending out AdHoc broadcast (at simulation time 47.000,000,000 s)
2024-06-03 19:42:38,605 INFO  - Sending out AdHoc broadcast (at simulation time 47.000,000,000 s)
2024-06-03 19:42:38,605 INFO  - Sending out AdHoc broadcast (at simulation time 47.000,000,000 s)
2024-06-03 19:42:38,853 INFO  - Called #onVehicleUpdated (at simulation time 48.000,000,000 s)
2024-06-03 19:42:38,854 INFO  - Sending out AdHoc broadcast (at simulation time 48.000,000,000 s)
2024-06-03 19:42:38,854 INFO  - Sending out AdHoc broadcast (at simulation time 48.000,000,000 s)
2024-06-03 19:42:38,854 INFO  - Sending out AdHoc broadcast (at simulation time 48.000,000,000 s)
2024-06-03 19:42:38,855 INFO  - Recieve a message from other vehicle (at simulation time 48.000,400,000 s)
2024-06-03 19:42:38,855 INFO  - Recending a message from other vehicle (at simulation time 48.000,400,000 s)
2024-06-03 19:42:38,855 INFO  - Recieve a message from other vehicle (at simulation time 48.000,900,000 s)
2024-06-03 19:42:38,855 INFO  - Recending a message from other vehicle (at simulation time 48.000,900,000 s)
2024-06-03 19:42:38,856 INFO  - Recieve a message from other vehicle (at simulation time 48.000,900,000 s)
2024-06-03 19:42:38,856 INFO  - Recending a message from other vehicle (at simulation time 48.000,900,000 s)
2024-06-03 19:42:38,856 INFO  - Recieve a message from other vehicle (at simulation time 48.001,400,000 s)
2024-06-03 19:42:38,856 INFO  - Recending a message from other vehicle (at simulation time 48.001,400,000 s)
2024-06-03 19:42:39,103 INFO  - Called #onVehicleUpdated (at simulation time 49.000,000,000 s)
2024-06-03 19:42:39,104 INFO  - Sending out AdHoc broadcast (at simulation time 49.000,000,000 s)
2024-06-03 19:42:39,104 INFO  - Sending out AdHoc broadcast (at simulation time 49.000,000,000 s)
2024-06-03 19:42:39,105 INFO  - Sending out AdHoc broadcast (at simulation time 49.000,000,000 s)
2024-06-03 19:42:39,105 INFO  - Sending out AdHoc broadcast (at simulation time 49.000,000,000 s)
2024-06-03 19:42:39,108 INFO  - Recieve a message from other vehicle (at simulation time 49.000,400,000 s)
2024-06-03 19:42:39,108 INFO  - Recending a message from other vehicle (at simulation time 49.000,400,000 s)
2024-06-03 19:42:39,109 INFO  - Recieve a message from other vehicle (at simulation time 49.000,900,000 s)
2024-06-03 19:42:39,109 INFO  - My position is not better! (at simulation time 49.000,900,000 s)
2024-06-03 19:42:39,109 INFO  - Recieve a message from other vehicle (at simulation time 49.000,900,000 s)
2024-06-03 19:42:39,109 INFO  - My position is not better! (at simulation time 49.000,900,000 s)
2024-06-03 19:42:39,110 INFO  - Recieve a message from other vehicle (at simulation time 49.001,400,000 s)
2024-06-03 19:42:39,110 INFO  - I'm in better position but no more hops in message (at simulation time 49.001,400,000 s)
2024-06-03 19:42:39,110 INFO  - Recieve a message from other vehicle (at simulation time 49.001,400,000 s)
2024-06-03 19:42:39,110 INFO  - My position is not better! (at simulation time 49.001,400,000 s)
2024-06-03 19:42:39,110 INFO  - Recieve a message from other vehicle (at simulation time 49.001,400,000 s)
2024-06-03 19:42:39,110 INFO  - I'm in better position but no more hops in message (at simulation time 49.001,400,000 s)
2024-06-03 19:42:39,110 INFO  - Recieve a message from other vehicle (at simulation time 49.001,800,000 s)
2024-06-03 19:42:39,110 INFO  - I'm in better position but no more hops in message (at simulation time 49.001,800,000 s)
2024-06-03 19:42:39,110 INFO  - Recieve a message from other vehicle (at simulation time 49.001,900,000 s)
2024-06-03 19:42:39,110 INFO  - My position is not better! (at simulation time 49.001,900,000 s)
2024-06-03 19:42:39,111 INFO  - Recieve a message from other vehicle (at simulation time 49.001,900,000 s)
2024-06-03 19:42:39,111 INFO  - I'm in better position but no more hops in message (at simulation time 49.001,900,000 s)
2024-06-03 19:42:39,112 INFO  - Recieve a message from other vehicle (at simulation time 49.002,300,000 s)
2024-06-03 19:42:39,112 INFO  - I'm in better position but no more hops in message (at simulation time 49.002,300,000 s)
2024-06-03 19:42:39,112 INFO  - Recieve a message from other vehicle (at simulation time 49.002,400,000 s)
2024-06-03 19:42:39,112 INFO  - I'm in better position but no more hops in message (at simulation time 49.002,400,000 s)
2024-06-03 19:42:39,113 INFO  - Recieve a message from other vehicle (at simulation time 49.002,800,000 s)
2024-06-03 19:42:39,113 INFO  - I'm in better position but no more hops in message (at simulation time 49.002,800,000 s)
2024-06-03 19:42:39,114 INFO  - Recieve a message from other vehicle (at simulation time 49.002,800,000 s)
2024-06-03 19:42:39,114 INFO  - I'm in better position but no more hops in message (at simulation time 49.002,800,000 s)
2024-06-03 19:42:39,114 INFO  - Recieve a message from other vehicle (at simulation time 49.002,800,000 s)
2024-06-03 19:42:39,114 INFO  - I'm in better position but no more hops in message (at simulation time 49.002,800,000 s)
2024-06-03 19:42:39,114 INFO  - Recieve a message from other vehicle (at simulation time 49.003,300,000 s)
2024-06-03 19:42:39,114 INFO  - My position is not better! (at simulation time 49.003,300,000 s)
2024-06-03 19:42:39,115 INFO  - Recieve a message from other vehicle (at simulation time 49.003,300,000 s)
2024-06-03 19:42:39,115 INFO  - My position is not better! (at simulation time 49.003,300,000 s)
2024-06-03 19:42:39,115 INFO  - Recieve a message from other vehicle (at simulation time 49.004,300,000 s)
2024-06-03 19:42:39,115 INFO  - My position is not better! (at simulation time 49.004,300,000 s)
2024-06-03 19:42:39,115 INFO  - Recieve a message from other vehicle (at simulation time 49.004,300,000 s)
2024-06-03 19:42:39,115 INFO  - My position is not better! (at simulation time 49.004,300,000 s)
2024-06-03 19:42:39,355 INFO  - Called #onVehicleUpdated (at simulation time 50.000,000,000 s)
2024-06-03 19:42:39,356 INFO  - Sending out AdHoc broadcast (at simulation time 50.000,000,000 s)
2024-06-03 19:42:39,356 INFO  - Sending out AdHoc broadcast (at simulation time 50.000,000,000 s)
2024-06-03 19:42:39,356 INFO  - Sending out AdHoc broadcast (at simulation time 50.000,000,000 s)
2024-06-03 19:42:39,360 INFO  - Recieve a message from other vehicle (at simulation time 50.000,800,000 s)
2024-06-03 19:42:39,360 INFO  - My position is not better! (at simulation time 50.000,800,000 s)
2024-06-03 19:42:39,360 INFO  - Recieve a message from other vehicle (at simulation time 50.000,900,000 s)
2024-06-03 19:42:39,361 INFO  - My position is not better! (at simulation time 50.000,900,000 s)
2024-06-03 19:42:39,361 INFO  - Recieve a message from other vehicle (at simulation time 50.000,900,000 s)
2024-06-03 19:42:39,361 INFO  - I'm in better position but no more hops in message (at simulation time 50.000,900,000 s)
2024-06-03 19:42:39,361 INFO  - Recieve a message from other vehicle (at simulation time 50.000,900,000 s)
2024-06-03 19:42:39,361 INFO  - My position is not better! (at simulation time 50.000,900,000 s)
2024-06-03 19:42:39,361 INFO  - Recieve a message from other vehicle (at simulation time 50.000,900,000 s)
2024-06-03 19:42:39,361 INFO  - Recending a message from other vehicle (at simulation time 50.000,900,000 s)
2024-06-03 19:42:39,362 INFO  - Recieve a message from other vehicle (at simulation time 50.001,300,000 s)
2024-06-03 19:42:39,362 INFO  - I'm in better position but no more hops in message (at simulation time 50.001,300,000 s)
2024-06-03 19:42:39,363 INFO  - Recieve a message from other vehicle (at simulation time 50.001,400,000 s)
2024-06-03 19:42:39,363 INFO  - I'm in better position but no more hops in message (at simulation time 50.001,400,000 s)
2024-06-03 19:42:39,363 INFO  - Recieve a message from other vehicle (at simulation time 50.001,800,000 s)
2024-06-03 19:42:39,363 INFO  - I'm in better position but no more hops in message (at simulation time 50.001,800,000 s)
2024-06-03 19:42:39,363 INFO  - Recieve a message from other vehicle (at simulation time 50.001,800,000 s)
2024-06-03 19:42:39,363 INFO  - My position is not better! (at simulation time 50.001,800,000 s)
2024-06-03 19:42:39,363 INFO  - Recieve a message from other vehicle (at simulation time 50.001,900,000 s)
2024-06-03 19:42:39,363 INFO  - I'm in better position but no more hops in message (at simulation time 50.001,900,000 s)
2024-06-03 19:42:39,363 INFO  - Recieve a message from other vehicle (at simulation time 50.001,900,000 s)
2024-06-03 19:42:39,363 INFO  - I'm in better position but no more hops in message (at simulation time 50.001,900,000 s)
2024-06-03 19:42:39,363 INFO  - Recieve a message from other vehicle (at simulation time 50.002,300,000 s)
2024-06-03 19:42:39,363 INFO  - I'm in better position but no more hops in message (at simulation time 50.002,300,000 s)
2024-06-03 19:42:39,363 INFO  - Recieve a message from other vehicle (at simulation time 50.002,300,000 s)
2024-06-03 19:42:39,363 INFO  - I'm in better position but no more hops in message (at simulation time 50.002,300,000 s)
2024-06-03 19:42:39,363 INFO  - Recieve a message from other vehicle (at simulation time 50.002,400,000 s)
2024-06-03 19:42:39,363 INFO  - I'm in better position but no more hops in message (at simulation time 50.002,400,000 s)
2024-06-03 19:42:39,363 INFO  - Recieve a message from other vehicle (at simulation time 50.002,400,000 s)
2024-06-03 19:42:39,363 INFO  - My position is not better! (at simulation time 50.002,400,000 s)
2024-06-03 19:42:39,364 INFO  - Recieve a message from other vehicle (at simulation time 50.002,400,000 s)
2024-06-03 19:42:39,364 INFO  - I'm in better position but no more hops in message (at simulation time 50.002,400,000 s)
2024-06-03 19:42:39,364 INFO  - Recieve a message from other vehicle (at simulation time 50.002,800,000 s)
2024-06-03 19:42:39,364 INFO  - My position is not better! (at simulation time 50.002,800,000 s)
2024-06-03 19:42:39,364 INFO  - Recieve a message from other vehicle (at simulation time 50.002,800,000 s)
2024-06-03 19:42:39,364 INFO  - I'm in better position but no more hops in message (at simulation time 50.002,800,000 s)
2024-06-03 19:42:39,364 INFO  - Recieve a message from other vehicle (at simulation time 50.002,800,000 s)
2024-06-03 19:42:39,364 INFO  - I'm in better position but no more hops in message (at simulation time 50.002,800,000 s)
2024-06-03 19:42:39,603 INFO  - Called #onVehicleUpdated (at simulation time 51.000,000,000 s)
2024-06-03 19:42:39,604 INFO  - Sending out DENM broadcast (at simulation time 51.000,000,000 s)
2024-06-03 19:42:39,604 INFO  - Sending out AdHoc broadcast (at simulation time 51.000,000,000 s)
2024-06-03 19:42:39,604 INFO  - Sending out AdHoc broadcast (at simulation time 51.000,000,000 s)
2024-06-03 19:42:39,605 INFO  - Sending out AdHoc broadcast (at simulation time 51.000,000,000 s)
2024-06-03 19:42:39,605 INFO  - Sending out AdHoc broadcast (at simulation time 51.000,000,000 s)
2024-06-03 19:42:39,607 INFO  - Recieve a message from other vehicle (at simulation time 51.000,400,000 s)
2024-06-03 19:42:39,607 INFO  - Recending a message from other vehicle (at simulation time 51.000,400,000 s)
2024-06-03 19:42:39,609 INFO  - Recieve a message from other vehicle (at simulation time 51.000,900,000 s)
2024-06-03 19:42:39,609 INFO  - DENM message Recived from veh_9 -info : seco (at simulation time 51.000,900,000 s)
2024-06-03 19:42:39,609 INFO  - Recending a DENM message from other vehicle (at simulation time 51.000,900,000 s)
2024-06-03 19:42:39,609 INFO  - Recieve a message from other vehicle (at simulation time 51.000,900,000 s)
2024-06-03 19:42:39,609 INFO  - I'm in better position but no more hops in message (at simulation time 51.000,900,000 s)
2024-06-03 19:42:39,610 INFO  - Recieve a message from other vehicle (at simulation time 51.000,900,000 s)
2024-06-03 19:42:39,610 INFO  - I'm in better position but no more hops in message (at simulation time 51.000,900,000 s)
2024-06-03 19:42:39,611 INFO  - Recieve a message from other vehicle (at simulation time 51.001,400,000 s)
2024-06-03 19:42:39,611 INFO  - DENM message Recived from veh_11 -info : seco (at simulation time 51.001,400,000 s)
2024-06-03 19:42:39,611 INFO  - No more hops in DENM message (at simulation time 51.001,400,000 s)
2024-06-03 19:42:39,611 INFO  - Recieve a message from other vehicle (at simulation time 51.001,400,000 s)
2024-06-03 19:42:39,611 INFO  - I'm in better position but no more hops in message (at simulation time 51.001,400,000 s)
2024-06-03 19:42:39,611 INFO  - Recieve a message from other vehicle (at simulation time 51.001,400,000 s)
2024-06-03 19:42:39,611 INFO  - I'm in better position but no more hops in message (at simulation time 51.001,400,000 s)
2024-06-03 19:42:39,611 INFO  - Recieve a message from other vehicle (at simulation time 51.001,400,000 s)
2024-06-03 19:42:39,611 INFO  - Recending a message from other vehicle (at simulation time 51.001,400,000 s)
2024-06-03 19:42:39,611 INFO  - Recieve a message from other vehicle (at simulation time 51.001,400,000 s)
2024-06-03 19:42:39,612 INFO  - I'm in better position but no more hops in message (at simulation time 51.001,400,000 s)
2024-06-03 19:42:39,612 INFO  - Recieve a message from other vehicle (at simulation time 51.001,400,000 s)
2024-06-03 19:42:39,612 INFO  - I'm in better position but no more hops in message (at simulation time 51.001,400,000 s)
2024-06-03 19:42:39,612 INFO  - Recieve a message from other vehicle (at simulation time 51.001,800,000 s)
2024-06-03 19:42:39,612 INFO  - DENM message Recived from veh_11 -info : seco (at simulation time 51.001,800,000 s)
2024-06-03 19:42:39,613 INFO  - No more hops in DENM message (at simulation time 51.001,800,000 s)
2024-06-03 19:42:39,613 INFO  - Recieve a message from other vehicle (at simulation time 51.001,800,000 s)
2024-06-03 19:42:39,613 INFO  - I'm in better position but no more hops in message (at simulation time 51.001,800,000 s)
2024-06-03 19:42:39,614 INFO  - Recieve a message from other vehicle (at simulation time 51.001,900,000 s)
2024-06-03 19:42:39,614 INFO  - I'm in better position but no more hops in message (at simulation time 51.001,900,000 s)
2024-06-03 19:42:39,614 INFO  - Recieve a message from other vehicle (at simulation time 51.002,300,000 s)
2024-06-03 19:42:39,614 INFO  - I'm in better position but no more hops in message (at simulation time 51.002,300,000 s)
2024-06-03 19:42:39,614 INFO  - Recieve a message from other vehicle (at simulation time 51.002,300,000 s)
2024-06-03 19:42:39,614 INFO  - DENM message Recived from veh_7 -info : seco (at simulation time 51.002,300,000 s)
2024-06-03 19:42:39,614 INFO  - No more hops in DENM message (at simulation time 51.002,300,000 s)
2024-06-03 19:42:39,615 INFO  - Recieve a message from other vehicle (at simulation time 51.002,400,000 s)
2024-06-03 19:42:39,615 INFO  - DENM message Recived from veh_6 -info : seco (at simulation time 51.002,400,000 s)
2024-06-03 19:42:39,615 INFO  - No more hops in DENM message (at simulation time 51.002,400,000 s)
2024-06-03 19:42:39,615 INFO  - Recieve a message from other vehicle (at simulation time 51.002,400,000 s)
2024-06-03 19:42:39,615 INFO  - I'm in better position but no more hops in message (at simulation time 51.002,400,000 s)
2024-06-03 19:42:39,615 INFO  - Recieve a message from other vehicle (at simulation time 51.002,800,000 s)
2024-06-03 19:42:39,615 INFO  - DENM message Recived from veh_6 -info : seco (at simulation time 51.002,800,000 s)
2024-06-03 19:42:39,615 INFO  - No more hops in DENM message (at simulation time 51.002,800,000 s)
2024-06-03 19:42:39,616 INFO  - Recieve a message from other vehicle (at simulation time 51.003,300,000 s)
2024-06-03 19:42:39,616 INFO  - I'm in better position but no more hops in message (at simulation time 51.003,300,000 s)
2024-06-03 19:42:39,853 INFO  - Called #onVehicleUpdated (at simulation time 52.000,000,000 s)
2024-06-03 19:42:39,853 INFO  - Sending out AdHoc broadcast (at simulation time 52.000,000,000 s)
2024-06-03 19:42:39,853 INFO  - Sending out AdHoc broadcast (at simulation time 52.000,000,000 s)
2024-06-03 19:42:39,853 INFO  - Sending out AdHoc broadcast (at simulation time 52.000,000,000 s)
2024-06-03 19:42:39,854 INFO  - Recieve a message from other vehicle (at simulation time 52.000,400,000 s)
2024-06-03 19:42:39,854 INFO  - DENM message Recived from veh_10 -info : seco (at simulation time 52.000,400,000 s)
2024-06-03 19:42:39,854 INFO  - No more hops in DENM message (at simulation time 52.000,400,000 s)
2024-06-03 19:42:39,854 INFO  - Recieve a message from other vehicle (at simulation time 52.000,400,000 s)
2024-06-03 19:42:39,854 INFO  - I'm in better position but no more hops in message (at simulation time 52.000,400,000 s)
2024-06-03 19:42:39,855 INFO  - Recieve a message from other vehicle (at simulation time 52.000,800,000 s)
2024-06-03 19:42:39,855 INFO  - My position is not better! (at simulation time 52.000,800,000 s)
2024-06-03 19:42:39,855 INFO  - Recieve a message from other vehicle (at simulation time 52.000,900,000 s)
2024-06-03 19:42:39,855 INFO  - My position is not better! (at simulation time 52.000,900,000 s)
2024-06-03 19:42:39,855 INFO  - Recieve a message from other vehicle (at simulation time 52.000,900,000 s)
2024-06-03 19:42:39,855 INFO  - I'm in better position but no more hops in message (at simulation time 52.000,900,000 s)
2024-06-03 19:42:39,855 INFO  - Recieve a message from other vehicle (at simulation time 52.000,900,000 s)
2024-06-03 19:42:39,855 INFO  - My position is not better! (at simulation time 52.000,900,000 s)
2024-06-03 19:42:39,855 INFO  - Recieve a message from other vehicle (at simulation time 52.001,300,000 s)
2024-06-03 19:42:39,855 INFO  - DENM message Recived from veh_10 -info : seco (at simulation time 52.001,300,000 s)
2024-06-03 19:42:39,855 INFO  - No more hops in DENM message (at simulation time 52.001,300,000 s)
2024-06-03 19:42:39,855 INFO  - Recieve a message from other vehicle (at simulation time 52.001,300,000 s)
2024-06-03 19:42:39,855 INFO  - I'm in better position but no more hops in message (at simulation time 52.001,300,000 s)
2024-06-03 19:42:39,855 INFO  - Recieve a message from other vehicle (at simulation time 52.001,400,000 s)
2024-06-03 19:42:39,855 INFO  - DENM message Recived from veh_8 -info : seco (at simulation time 52.001,400,000 s)
2024-06-03 19:42:39,856 INFO  - No more hops in DENM message (at simulation time 52.001,400,000 s)
2024-06-03 19:42:39,856 INFO  - Recieve a message from other vehicle (at simulation time 52.001,400,000 s)
2024-06-03 19:42:39,856 INFO  - My position is not better! (at simulation time 52.001,400,000 s)
2024-06-03 19:42:39,856 INFO  - Recieve a message from other vehicle (at simulation time 52.001,400,000 s)
2024-06-03 19:42:39,856 INFO  - I'm in better position but no more hops in message (at simulation time 52.001,400,000 s)
2024-06-03 19:42:39,856 INFO  - Recieve a message from other vehicle (at simulation time 52.001,400,000 s)
2024-06-03 19:42:39,856 INFO  - My position is not better! (at simulation time 52.001,400,000 s)
2024-06-03 19:42:39,856 INFO  - Recieve a message from other vehicle (at simulation time 52.001,800,000 s)
2024-06-03 19:42:39,856 INFO  - DENM message Recived from veh_8 -info : seco (at simulation time 52.001,800,000 s)
2024-06-03 19:42:39,856 INFO  - No more hops in DENM message (at simulation time 52.001,800,000 s)
2024-06-03 19:42:39,856 INFO  - Recieve a message from other vehicle (at simulation time 52.001,900,000 s)
2024-06-03 19:42:39,856 INFO  - My position is not better! (at simulation time 52.001,900,000 s)
2024-06-03 19:42:39,856 INFO  - Recieve a message from other vehicle (at simulation time 52.001,900,000 s)
2024-06-03 19:42:39,856 INFO  - My position is not better! (at simulation time 52.001,900,000 s)
2024-06-03 19:42:39,856 INFO  - Recieve a message from other vehicle (at simulation time 52.002,300,000 s)
2024-06-03 19:42:39,856 INFO  - I'm in better position but no more hops in message (at simulation time 52.002,300,000 s)
2024-06-03 19:42:39,856 INFO  - Recieve a message from other vehicle (at simulation time 52.002,300,000 s)
2024-06-03 19:42:39,856 INFO  - My position is not better! (at simulation time 52.002,300,000 s)
2024-06-03 19:42:39,856 INFO  - Recieve a message from other vehicle (at simulation time 52.002,300,000 s)
2024-06-03 19:42:39,856 INFO  - My position is not better! (at simulation time 52.002,300,000 s)
2024-06-03 19:42:39,857 INFO  - Recieve a message from other vehicle (at simulation time 52.002,300,000 s)
2024-06-03 19:42:39,857 INFO  - My position is not better! (at simulation time 52.002,300,000 s)
2024-06-03 19:42:39,857 INFO  - Recieve a message from other vehicle (at simulation time 52.002,400,000 s)
2024-06-03 19:42:39,857 INFO  - My position is not better! (at simulation time 52.002,400,000 s)
2024-06-03 19:42:39,857 INFO  - Recieve a message from other vehicle (at simulation time 52.002,800,000 s)
2024-06-03 19:42:39,857 INFO  - I'm in better position but no more hops in message (at simulation time 52.002,800,000 s)
2024-06-03 19:42:40,102 INFO  - Called #onVehicleUpdated (at simulation time 53.000,000,000 s)
2024-06-03 19:42:40,102 INFO  - Sending out AdHoc broadcast (at simulation time 53.000,000,000 s)
2024-06-03 19:42:40,102 INFO  - Sending out AdHoc broadcast (at simulation time 53.000,000,000 s)
2024-06-03 19:42:40,102 INFO  - Sending out AdHoc broadcast (at simulation time 53.000,000,000 s)
2024-06-03 19:42:40,102 INFO  - Sending out AdHoc broadcast (at simulation time 53.000,000,000 s)
2024-06-03 19:42:40,103 INFO  - Recieve a message from other vehicle (at simulation time 53.000,800,000 s)
2024-06-03 19:42:40,103 INFO  - My position is not better! (at simulation time 53.000,800,000 s)
2024-06-03 19:42:40,103 INFO  - Recieve a message from other vehicle (at simulation time 53.000,900,000 s)
2024-06-03 19:42:40,103 INFO  - My position is not better! (at simulation time 53.000,900,000 s)
2024-06-03 19:42:40,103 INFO  - Recieve a message from other vehicle (at simulation time 53.000,900,000 s)
2024-06-03 19:42:40,103 INFO  - My position is not better! (at simulation time 53.000,900,000 s)
2024-06-03 19:42:40,103 INFO  - Recieve a message from other vehicle (at simulation time 53.001,300,000 s)
2024-06-03 19:42:40,104 INFO  - My position is not better! (at simulation time 53.001,300,000 s)
2024-06-03 19:42:40,104 INFO  - Recieve a message from other vehicle (at simulation time 53.001,400,000 s)
2024-06-03 19:42:40,104 INFO  - My position is not better! (at simulation time 53.001,400,000 s)
2024-06-03 19:42:40,104 INFO  - Recieve a message from other vehicle (at simulation time 53.001,800,000 s)
2024-06-03 19:42:40,104 INFO  - My position is not better! (at simulation time 53.001,800,000 s)
2024-06-03 19:42:40,104 INFO  - Recieve a message from other vehicle (at simulation time 53.002,300,000 s)
2024-06-03 19:42:40,104 INFO  - I'm in better position but no more hops in message (at simulation time 53.002,300,000 s)
2024-06-03 19:42:40,104 INFO  - Recieve a message from other vehicle (at simulation time 53.002,400,000 s)
2024-06-03 19:42:40,104 INFO  - My position is not better! (at simulation time 53.002,400,000 s)
2024-06-03 19:42:40,105 INFO  - Recieve a message from other vehicle (at simulation time 53.002,400,000 s)
2024-06-03 19:42:40,105 INFO  - My position is not better! (at simulation time 53.002,400,000 s)
2024-06-03 19:42:40,105 INFO  - Recieve a message from other vehicle (at simulation time 53.002,400,000 s)
2024-06-03 19:42:40,105 INFO  - My position is not better! (at simulation time 53.002,400,000 s)
2024-06-03 19:42:40,105 INFO  - Recieve a message from other vehicle (at simulation time 53.002,800,000 s)
2024-06-03 19:42:40,105 INFO  - I'm in better position but no more hops in message (at simulation time 53.002,800,000 s)
2024-06-03 19:42:40,105 INFO  - Recieve a message from other vehicle (at simulation time 53.002,800,000 s)
2024-06-03 19:42:40,105 INFO  - My position is not better! (at simulation time 53.002,800,000 s)
2024-06-03 19:42:40,105 INFO  - Recieve a message from other vehicle (at simulation time 53.002,800,000 s)
2024-06-03 19:42:40,105 INFO  - I'm in better position but no more hops in message (at simulation time 53.002,800,000 s)
2024-06-03 19:42:40,105 INFO  - Recieve a message from other vehicle (at simulation time 53.004,300,000 s)
2024-06-03 19:42:40,105 INFO  - I'm in better position but no more hops in message (at simulation time 53.004,300,000 s)
2024-06-03 19:42:40,353 INFO  - Called #onVehicleUpdated (at simulation time 54.000,000,000 s)
2024-06-03 19:42:40,353 INFO  - Sending out AdHoc broadcast (at simulation time 54.000,000,000 s)
2024-06-03 19:42:40,354 INFO  - Sending out AdHoc broadcast (at simulation time 54.000,000,000 s)
2024-06-03 19:42:40,354 INFO  - Sending out AdHoc broadcast (at simulation time 54.000,000,000 s)
2024-06-03 19:42:40,356 INFO  - Recieve a message from other vehicle (at simulation time 54.000,800,000 s)
2024-06-03 19:42:40,356 INFO  - My position is not better! (at simulation time 54.000,800,000 s)
2024-06-03 19:42:40,356 INFO  - Recieve a message from other vehicle (at simulation time 54.000,900,000 s)
2024-06-03 19:42:40,356 INFO  - My position is not better! (at simulation time 54.000,900,000 s)
2024-06-03 19:42:40,356 INFO  - Recieve a message from other vehicle (at simulation time 54.001,800,000 s)
2024-06-03 19:42:40,357 INFO  - My position is not better! (at simulation time 54.001,800,000 s)
2024-06-03 19:42:40,357 INFO  - Recieve a message from other vehicle (at simulation time 54.001,900,000 s)
2024-06-03 19:42:40,357 INFO  - My position is not better! (at simulation time 54.001,900,000 s)
2024-06-03 19:42:40,357 INFO  - Recieve a message from other vehicle (at simulation time 54.001,900,000 s)
2024-06-03 19:42:40,357 INFO  - My position is not better! (at simulation time 54.001,900,000 s)
2024-06-03 19:42:40,357 INFO  - Recieve a message from other vehicle (at simulation time 54.002,300,000 s)
2024-06-03 19:42:40,357 INFO  - My position is not better! (at simulation time 54.002,300,000 s)
2024-06-03 19:42:40,357 INFO  - Recieve a message from other vehicle (at simulation time 54.002,300,000 s)
2024-06-03 19:42:40,357 INFO  - My position is not better! (at simulation time 54.002,300,000 s)
2024-06-03 19:42:40,357 INFO  - Recieve a message from other vehicle (at simulation time 54.002,400,000 s)
2024-06-03 19:42:40,357 INFO  - My position is not better! (at simulation time 54.002,400,000 s)
2024-06-03 19:42:40,358 INFO  - Recieve a message from other vehicle (at simulation time 54.003,300,000 s)
2024-06-03 19:42:40,358 INFO  - My position is not better! (at simulation time 54.003,300,000 s)
2024-06-03 19:42:40,605 INFO  - Called #onVehicleUpdated (at simulation time 55.000,000,000 s)
2024-06-03 19:42:40,605 INFO  - Exced velocity! Sending new CAM (at simulation time 55.000,000,000 s)
2024-06-03 19:42:40,605 INFO  - Sending out AdHoc broadcast (at simulation time 55.000,000,000 s)
2024-06-03 19:42:40,605 INFO  - Sending out AdHoc broadcast (at simulation time 55.000,000,000 s)
2024-06-03 19:42:40,605 INFO  - Sending out AdHoc broadcast (at simulation time 55.000,000,000 s)
2024-06-03 19:42:40,605 INFO  - Sending out AdHoc broadcast (at simulation time 55.000,000,000 s)
2024-06-03 19:42:40,606 INFO  - Sending out AdHoc broadcast (at simulation time 55.000,000,000 s)
2024-06-03 19:42:40,853 INFO  - Called #onVehicleUpdated (at simulation time 56.000,000,000 s)
2024-06-03 19:42:40,853 INFO  - Exced velocity! Sending new CAM (at simulation time 56.000,000,000 s)
2024-06-03 19:42:40,853 INFO  - Sending out AdHoc broadcast (at simulation time 56.000,000,000 s)
2024-06-03 19:42:40,854 INFO  - Sending out AdHoc broadcast (at simulation time 56.000,000,000 s)
2024-06-03 19:42:40,854 INFO  - Sending out AdHoc broadcast (at simulation time 56.000,000,000 s)
2024-06-03 19:42:40,854 INFO  - Sending out AdHoc broadcast (at simulation time 56.000,000,000 s)
2024-06-03 19:42:41,102 INFO  - Called #onVehicleUpdated (at simulation time 57.000,000,000 s)
2024-06-03 19:42:41,102 INFO  - Exced velocity! Sending new CAM (at simulation time 57.000,000,000 s)
2024-06-03 19:42:41,102 INFO  - Sending out AdHoc broadcast (at simulation time 57.000,000,000 s)
2024-06-03 19:42:41,102 INFO  - Sending out AdHoc broadcast (at simulation time 57.000,000,000 s)
2024-06-03 19:42:41,102 INFO  - Sending out AdHoc broadcast (at simulation time 57.000,000,000 s)
2024-06-03 19:42:41,102 INFO  - Sending out AdHoc broadcast (at simulation time 57.000,000,000 s)
2024-06-03 19:42:41,102 INFO  - Sending out AdHoc broadcast (at simulation time 57.000,000,000 s)
2024-06-03 19:42:41,102 INFO  - Sending out AdHoc broadcast (at simulation time 57.000,000,000 s)
2024-06-03 19:42:41,354 INFO  - Called #onVehicleUpdated (at simulation time 58.000,000,000 s)
2024-06-03 19:42:41,354 INFO  - Sending out AdHoc broadcast (at simulation time 58.000,000,000 s)
2024-06-03 19:42:41,354 INFO  - Sending out AdHoc broadcast (at simulation time 58.000,000,000 s)
2024-06-03 19:42:41,354 INFO  - Sending out AdHoc broadcast (at simulation time 58.000,000,000 s)
2024-06-03 19:42:41,354 INFO  - Sending out AdHoc broadcast (at simulation time 58.000,000,000 s)
2024-06-03 19:42:41,603 INFO  - Called #onVehicleUpdated (at simulation time 59.000,000,000 s)
2024-06-03 19:42:41,603 INFO  - Exced velocity! Sending new CAM (at simulation time 59.000,000,000 s)
2024-06-03 19:42:41,603 INFO  - Sending out AdHoc broadcast (at simulation time 59.000,000,000 s)
2024-06-03 19:42:41,604 INFO  - Sending out AdHoc broadcast (at simulation time 59.000,000,000 s)
2024-06-03 19:42:41,604 INFO  - Sending out AdHoc broadcast (at simulation time 59.000,000,000 s)
2024-06-03 19:42:41,604 INFO  - Sending out AdHoc broadcast (at simulation time 59.000,000,000 s)
2024-06-03 19:42:41,604 INFO  - Sending out AdHoc broadcast (at simulation time 59.000,000,000 s)
2024-06-03 19:42:41,604 INFO  - Sending out AdHoc broadcast (at simulation time 59.000,000,000 s)
2024-06-03 19:42:41,604 INFO  - Sending out AdHoc broadcast (at simulation time 59.000,000,000 s)
2024-06-03 19:42:41,855 INFO  - Shutdown (at simulation time 60.000,000,000 s)
