2024-06-03 19:50:55,906 INFO  - Initialize Vehicle application (at simulation time 43.000,000,000 s)
2024-06-03 19:50:55,907 INFO  - Activated WLAN Module (at simulation time 43.000,000,000 s)
2024-06-03 19:50:55,908 INFO  - Called #onVehicleUpdated (at simulation time 43.000,000,000 s)
2024-06-03 19:50:55,911 INFO  - Recieve a message from other vehicle (at simulation time 43.000,400,000 s)
2024-06-03 19:50:55,911 INFO  - My position is not better! (at simulation time 43.000,400,000 s)
2024-06-03 19:50:55,911 INFO  - Recieve a message from other vehicle (at simulation time 43.001,900,000 s)
2024-06-03 19:50:55,911 INFO  - My position is not better! (at simulation time 43.001,900,000 s)
2024-06-03 19:50:55,913 INFO  - Called #onVehicleUpdated (at simulation time 44.000,000,000 s)
2024-06-03 19:50:55,913 INFO  - Define the name: veh_8 and route: r_1 (at simulation time 44.000,000,000 s)
2024-06-03 19:50:55,913 INFO  - Sending out AdHoc broadcast (at simulation time 44.000,000,000 s)
2024-06-03 19:50:55,914 INFO  - Recieve a message from other vehicle (at simulation time 44.000,400,000 s)
2024-06-03 19:50:55,914 INFO  - My position is not better! (at simulation time 44.000,400,000 s)
2024-06-03 19:50:55,914 INFO  - Recieve a message from other vehicle (at simulation time 44.002,400,000 s)
2024-06-03 19:50:55,915 INFO  - My position is not better! (at simulation time 44.002,400,000 s)
2024-06-03 19:50:55,915 INFO  - Recieve a message from other vehicle (at simulation time 44.003,300,000 s)
2024-06-03 19:50:55,915 INFO  - My position is not better! (at simulation time 44.003,300,000 s)
2024-06-03 19:50:55,918 INFO  - Called #onVehicleUpdated (at simulation time 45.000,000,000 s)
2024-06-03 19:50:55,919 INFO  - Recieve a message from other vehicle (at simulation time 45.000,900,000 s)
2024-06-03 19:50:55,919 INFO  - My position is not better! (at simulation time 45.000,900,000 s)
2024-06-03 19:50:55,919 INFO  - Recieve a message from other vehicle (at simulation time 45.001,900,000 s)
2024-06-03 19:50:55,919 INFO  - My position is not better! (at simulation time 45.001,900,000 s)
2024-06-03 19:50:55,919 INFO  - Recieve a message from other vehicle (at simulation time 45.002,400,000 s)
2024-06-03 19:50:55,919 INFO  - My position is not better! (at simulation time 45.002,400,000 s)
2024-06-03 19:50:55,921 INFO  - Called #onVehicleUpdated (at simulation time 46.000,000,000 s)
2024-06-03 19:50:55,922 INFO  - Sending out AdHoc broadcast (at simulation time 46.000,000,000 s)
2024-06-03 19:50:55,922 INFO  - Recieve a message from other vehicle (at simulation time 46.001,400,000 s)
2024-06-03 19:50:55,922 INFO  - My position is not better! (at simulation time 46.001,400,000 s)
2024-06-03 19:50:55,922 INFO  - Recieve a message from other vehicle (at simulation time 46.001,400,000 s)
2024-06-03 19:50:55,922 INFO  - My position is not better! (at simulation time 46.001,400,000 s)
2024-06-03 19:50:55,922 INFO  - Recieve a message from other vehicle (at simulation time 46.002,300,000 s)
2024-06-03 19:50:55,922 INFO  - My position is not better! (at simulation time 46.002,300,000 s)
2024-06-03 19:50:55,922 INFO  - Recieve a message from other vehicle (at simulation time 46.002,400,000 s)
2024-06-03 19:50:55,922 INFO  - My position is not better! (at simulation time 46.002,400,000 s)
2024-06-03 19:50:55,925 INFO  - Called #onVehicleUpdated (at simulation time 47.000,000,000 s)
2024-06-03 19:50:55,927 INFO  - Recieve a message from other vehicle (at simulation time 47.000,400,000 s)
2024-06-03 19:50:55,927 INFO  - My position is not better! (at simulation time 47.000,400,000 s)
2024-06-03 19:50:55,927 INFO  - Recieve a message from other vehicle (at simulation time 47.000,400,000 s)
2024-06-03 19:50:55,927 INFO  - My position is not better! (at simulation time 47.000,400,000 s)
2024-06-03 19:50:55,928 INFO  - Recieve a message from other vehicle (at simulation time 47.001,900,000 s)
2024-06-03 19:50:55,929 INFO  - My position is not better! (at simulation time 47.001,900,000 s)
2024-06-03 19:50:55,929 INFO  - Recieve a message from other vehicle (at simulation time 47.001,900,000 s)
2024-06-03 19:50:55,929 INFO  - My position is not better! (at simulation time 47.001,900,000 s)
2024-06-03 19:50:55,932 INFO  - Called #onVehicleUpdated (at simulation time 48.000,000,000 s)
2024-06-03 19:50:55,933 INFO  - Sending out AdHoc broadcast (at simulation time 48.000,000,000 s)
2024-06-03 19:50:55,935 INFO  - Recieve a message from other vehicle (at simulation time 48.000,900,000 s)
2024-06-03 19:50:55,935 INFO  - My position is not better! (at simulation time 48.000,900,000 s)
2024-06-03 19:50:55,935 INFO  - Recieve a message from other vehicle (at simulation time 48.000,900,000 s)
2024-06-03 19:50:55,935 INFO  - My position is not better! (at simulation time 48.000,900,000 s)
2024-06-03 19:50:55,936 INFO  - Recieve a message from other vehicle (at simulation time 48.001,400,000 s)
2024-06-03 19:50:55,936 INFO  - My position is not better! (at simulation time 48.001,400,000 s)
2024-06-03 19:50:55,937 INFO  - Recieve a message from other vehicle (at simulation time 48.002,300,000 s)
2024-06-03 19:50:55,937 INFO  - My position is not better! (at simulation time 48.002,300,000 s)
2024-06-03 19:50:55,940 INFO  - Called #onVehicleUpdated (at simulation time 49.000,000,000 s)
2024-06-03 19:50:55,945 INFO  - Recieve a message from other vehicle (at simulation time 49.000,400,000 s)
2024-06-03 19:50:55,945 INFO  - My position is not better! (at simulation time 49.000,400,000 s)
2024-06-03 19:50:55,947 INFO  - Recieve a message from other vehicle (at simulation time 49.001,400,000 s)
2024-06-03 19:50:55,947 INFO  - My position is not better! (at simulation time 49.001,400,000 s)
2024-06-03 19:50:55,949 INFO  - Recieve a message from other vehicle (at simulation time 49.001,900,000 s)
2024-06-03 19:50:55,949 INFO  - My position is not better! (at simulation time 49.001,900,000 s)
2024-06-03 19:50:55,949 INFO  - Recieve a message from other vehicle (at simulation time 49.001,900,000 s)
2024-06-03 19:50:55,949 INFO  - My position is not better! (at simulation time 49.001,900,000 s)
2024-06-03 19:50:55,949 INFO  - Recieve a message from other vehicle (at simulation time 49.002,300,000 s)
2024-06-03 19:50:55,949 INFO  - My position is not better! (at simulation time 49.002,300,000 s)
2024-06-03 19:50:55,968 INFO  - Called #onVehicleUpdated (at simulation time 50.000,000,000 s)
2024-06-03 19:50:55,969 INFO  - Sending out AdHoc broadcast (at simulation time 50.000,000,000 s)
2024-06-03 19:50:55,970 INFO  - Recieve a message from other vehicle (at simulation time 50.000,400,000 s)
2024-06-03 19:50:55,970 INFO  - My position is not better! (at simulation time 50.000,400,000 s)
2024-06-03 19:50:55,970 INFO  - Recieve a message from other vehicle (at simulation time 50.000,400,000 s)
2024-06-03 19:50:55,970 INFO  - My position is not better! (at simulation time 50.000,400,000 s)
2024-06-03 19:50:55,971 INFO  - Recieve a message from other vehicle (at simulation time 50.000,800,000 s)
2024-06-03 19:50:55,971 INFO  - My position is not better! (at simulation time 50.000,800,000 s)
2024-06-03 19:50:55,971 INFO  - Recieve a message from other vehicle (at simulation time 50.000,900,000 s)
2024-06-03 19:50:55,971 INFO  - My position is not better! (at simulation time 50.000,900,000 s)
2024-06-03 19:50:55,971 INFO  - Recieve a message from other vehicle (at simulation time 50.000,900,000 s)
2024-06-03 19:50:55,971 INFO  - My position is not better! (at simulation time 50.000,900,000 s)
2024-06-03 19:50:55,972 INFO  - Recieve a message from other vehicle (at simulation time 50.001,400,000 s)
2024-06-03 19:50:55,972 INFO  - My position is not better! (at simulation time 50.001,400,000 s)
2024-06-03 19:50:55,972 INFO  - Recieve a message from other vehicle (at simulation time 50.001,400,000 s)
2024-06-03 19:50:55,972 INFO  - My position is not better! (at simulation time 50.001,400,000 s)
2024-06-03 19:50:55,972 INFO  - Recieve a message from other vehicle (at simulation time 50.001,800,000 s)
2024-06-03 19:50:55,972 INFO  - My position is not better! (at simulation time 50.001,800,000 s)
2024-06-03 19:50:55,972 INFO  - Recieve a message from other vehicle (at simulation time 50.001,900,000 s)
2024-06-03 19:50:55,972 INFO  - My position is not better! (at simulation time 50.001,900,000 s)
2024-06-03 19:50:55,972 INFO  - Recieve a message from other vehicle (at simulation time 50.001,900,000 s)
2024-06-03 19:50:55,972 INFO  - My position is not better! (at simulation time 50.001,900,000 s)
2024-06-03 19:50:55,973 INFO  - Recieve a message from other vehicle (at simulation time 50.002,300,000 s)
2024-06-03 19:50:55,973 INFO  - My position is not better! (at simulation time 50.002,300,000 s)
2024-06-03 19:50:55,973 INFO  - Recieve a message from other vehicle (at simulation time 50.002,300,000 s)
2024-06-03 19:50:55,973 INFO  - My position is not better! (at simulation time 50.002,300,000 s)
2024-06-03 19:50:55,973 INFO  - Recieve a message from other vehicle (at simulation time 50.002,300,000 s)
2024-06-03 19:50:55,973 INFO  - My position is not better! (at simulation time 50.002,300,000 s)
2024-06-03 19:50:55,973 INFO  - Recieve a message from other vehicle (at simulation time 50.002,400,000 s)
2024-06-03 19:50:55,973 INFO  - My position is not better! (at simulation time 50.002,400,000 s)
2024-06-03 19:50:55,973 INFO  - Recieve a message from other vehicle (at simulation time 50.002,400,000 s)
2024-06-03 19:50:55,973 INFO  - My position is not better! (at simulation time 50.002,400,000 s)
2024-06-03 19:50:55,974 INFO  - Recieve a message from other vehicle (at simulation time 50.002,800,000 s)
2024-06-03 19:50:55,974 INFO  - My position is not better! (at simulation time 50.002,800,000 s)
2024-06-03 19:50:55,974 INFO  - Recieve a message from other vehicle (at simulation time 50.002,800,000 s)
2024-06-03 19:50:55,974 INFO  - My position is not better! (at simulation time 50.002,800,000 s)
2024-06-03 19:50:55,974 INFO  - Recieve a message from other vehicle (at simulation time 50.002,800,000 s)
2024-06-03 19:50:55,974 INFO  - My position is not better! (at simulation time 50.002,800,000 s)
2024-06-03 19:50:55,974 INFO  - Recieve a message from other vehicle (at simulation time 50.003,300,000 s)
2024-06-03 19:50:55,974 INFO  - My position is not better! (at simulation time 50.003,300,000 s)
2024-06-03 19:50:55,975 INFO  - Recieve a message from other vehicle (at simulation time 50.004,300,000 s)
2024-06-03 19:50:55,975 INFO  - My position is not better! (at simulation time 50.004,300,000 s)
2024-06-03 19:50:55,980 INFO  - Called #onVehicleUpdated (at simulation time 51.000,000,000 s)
2024-06-03 19:50:55,983 INFO  - Recieve a message from other vehicle (at simulation time 51.000,400,000 s)
2024-06-03 19:50:55,983 INFO  - My position is not better! (at simulation time 51.000,400,000 s)
2024-06-03 19:50:55,983 INFO  - Recieve a message from other vehicle (at simulation time 51.000,400,000 s)
2024-06-03 19:50:55,983 INFO  - My position is not better! (at simulation time 51.000,400,000 s)
2024-06-03 19:50:55,983 INFO  - Recieve a message from other vehicle (at simulation time 51.000,400,000 s)
2024-06-03 19:50:55,983 INFO  - My position is not better! (at simulation time 51.000,400,000 s)
2024-06-03 19:50:55,984 INFO  - Recieve a message from other vehicle (at simulation time 51.000,800,000 s)
2024-06-03 19:50:55,985 INFO  - DENM message Recived from veh_7 -info : seco (at simulation time 51.000,800,000 s)
2024-06-03 19:50:55,985 INFO  - No more hops in DENM message (at simulation time 51.000,800,000 s)
2024-06-03 19:50:55,985 INFO  - Recieve a message from other vehicle (at simulation time 51.000,800,000 s)
2024-06-03 19:50:55,985 INFO  - DENM message Recived from veh_11 -info : piso-molhado (at simulation time 51.000,800,000 s)
2024-06-03 19:50:55,985 INFO  - I slow down due to road state (at simulation time 51.000,800,000 s)
2024-06-03 19:50:55,985 INFO  - No more hops in DENM message (at simulation time 51.000,800,000 s)
2024-06-03 19:50:55,987 INFO  - Recieve a message from other vehicle (at simulation time 51.000,900,000 s)
2024-06-03 19:50:55,987 INFO  - DENM message Recived from veh_7 -info : seco (at simulation time 51.000,900,000 s)
2024-06-03 19:50:55,987 INFO  - No more hops in DENM message (at simulation time 51.000,900,000 s)
2024-06-03 19:50:55,987 INFO  - Recieve a message from other vehicle (at simulation time 51.000,900,000 s)
2024-06-03 19:50:55,987 INFO  - My position is not better! (at simulation time 51.000,900,000 s)
2024-06-03 19:50:55,988 INFO  - Recieve a message from other vehicle (at simulation time 51.001,300,000 s)
2024-06-03 19:50:55,988 INFO  - DENM message Recived from veh_9 -info : seco (at simulation time 51.001,300,000 s)
2024-06-03 19:50:55,988 INFO  - No more hops in DENM message (at simulation time 51.001,300,000 s)
2024-06-03 19:50:55,988 INFO  - Recieve a message from other vehicle (at simulation time 51.001,300,000 s)
2024-06-03 19:50:55,988 INFO  - DENM message Recived from veh_6 -info : seco (at simulation time 51.001,300,000 s)
2024-06-03 19:50:55,988 INFO  - No more hops in DENM message (at simulation time 51.001,300,000 s)
2024-06-03 19:50:55,988 INFO  - Recieve a message from other vehicle (at simulation time 51.001,300,000 s)
2024-06-03 19:50:55,988 INFO  - My position is not better! (at simulation time 51.001,300,000 s)
2024-06-03 19:50:55,989 INFO  - Recieve a message from other vehicle (at simulation time 51.001,400,000 s)
2024-06-03 19:50:55,989 INFO  - DENM message Recived from veh_9 -info : seco (at simulation time 51.001,400,000 s)
2024-06-03 19:50:55,989 INFO  - No more hops in DENM message (at simulation time 51.001,400,000 s)
2024-06-03 19:50:55,990 INFO  - Recieve a message from other vehicle (at simulation time 51.001,400,000 s)
2024-06-03 19:50:55,990 INFO  - My position is not better! (at simulation time 51.001,400,000 s)
2024-06-03 19:50:55,990 INFO  - Recieve a message from other vehicle (at simulation time 51.001,400,000 s)
2024-06-03 19:50:55,990 INFO  - My position is not better! (at simulation time 51.001,400,000 s)
2024-06-03 19:50:55,990 INFO  - Recieve a message from other vehicle (at simulation time 51.001,400,000 s)
2024-06-03 19:50:55,990 INFO  - My position is not better! (at simulation time 51.001,400,000 s)
2024-06-03 19:50:55,990 INFO  - Recieve a message from other vehicle (at simulation time 51.001,400,000 s)
2024-06-03 19:50:55,990 INFO  - My position is not better! (at simulation time 51.001,400,000 s)
2024-06-03 19:50:55,993 INFO  - Recieve a message from other vehicle (at simulation time 51.001,800,000 s)
2024-06-03 19:50:55,993 INFO  - My position is not better! (at simulation time 51.001,800,000 s)
2024-06-03 19:50:55,994 INFO  - Recieve a message from other vehicle (at simulation time 51.001,900,000 s)
2024-06-03 19:50:55,994 INFO  - DENM message Recived from veh_11 -info : piso-molhado (at simulation time 51.001,900,000 s)
2024-06-03 19:50:55,994 INFO  - I slow down due to road state (at simulation time 51.001,900,000 s)
2024-06-03 19:50:55,994 INFO  - No more hops in DENM message (at simulation time 51.001,900,000 s)
2024-06-03 19:50:55,994 INFO  - Recieve a message from other vehicle (at simulation time 51.001,900,000 s)
2024-06-03 19:50:55,994 INFO  - My position is not better! (at simulation time 51.001,900,000 s)
2024-06-03 19:50:55,995 INFO  - Recieve a message from other vehicle (at simulation time 51.001,900,000 s)
2024-06-03 19:50:55,995 INFO  - My position is not better! (at simulation time 51.001,900,000 s)
2024-06-03 19:50:55,996 INFO  - Recieve a message from other vehicle (at simulation time 51.002,300,000 s)
2024-06-03 19:50:55,996 INFO  - My position is not better! (at simulation time 51.002,300,000 s)
2024-06-03 19:50:55,998 INFO  - Recieve a message from other vehicle (at simulation time 51.002,400,000 s)
2024-06-03 19:50:55,998 INFO  - DENM message Recived from veh_6 -info : seco (at simulation time 51.002,400,000 s)
2024-06-03 19:50:55,998 INFO  - No more hops in DENM message (at simulation time 51.002,400,000 s)
2024-06-03 19:50:55,998 INFO  - Recieve a message from other vehicle (at simulation time 51.002,400,000 s)
2024-06-03 19:50:55,998 INFO  - My position is not better! (at simulation time 51.002,400,000 s)
2024-06-03 19:50:55,998 INFO  - Recieve a message from other vehicle (at simulation time 51.002,400,000 s)
2024-06-03 19:50:55,998 INFO  - My position is not better! (at simulation time 51.002,400,000 s)
2024-06-03 19:50:55,998 INFO  - Recieve a message from other vehicle (at simulation time 51.002,400,000 s)
2024-06-03 19:50:55,998 INFO  - My position is not better! (at simulation time 51.002,400,000 s)
2024-06-03 19:50:55,999 INFO  - Recieve a message from other vehicle (at simulation time 51.002,400,000 s)
2024-06-03 19:50:55,999 INFO  - My position is not better! (at simulation time 51.002,400,000 s)
2024-06-03 19:50:56,000 INFO  - Recieve a message from other vehicle (at simulation time 51.002,800,000 s)
2024-06-03 19:50:56,000 INFO  - My position is not better! (at simulation time 51.002,800,000 s)
2024-06-03 19:50:56,000 INFO  - Recieve a message from other vehicle (at simulation time 51.002,800,000 s)
2024-06-03 19:50:56,000 INFO  - My position is not better! (at simulation time 51.002,800,000 s)
2024-06-03 19:50:56,004 INFO  - Called #onVehicleUpdated (at simulation time 52.000,000,000 s)
2024-06-03 19:50:56,005 INFO  - Sending out DENM broadcast (at simulation time 52.000,000,000 s)
2024-06-03 19:50:56,005 INFO  - Sending out AdHoc broadcast (at simulation time 52.000,000,000 s)
2024-06-03 19:50:56,007 INFO  - Recieve a message from other vehicle (at simulation time 52.000,400,000 s)
2024-06-03 19:50:56,007 INFO  - My position is not better! (at simulation time 52.000,400,000 s)
2024-06-03 19:50:56,007 INFO  - Recieve a message from other vehicle (at simulation time 52.000,400,000 s)
2024-06-03 19:50:56,007 INFO  - Recending a message from other vehicle (at simulation time 52.000,400,000 s)
2024-06-03 19:50:56,008 INFO  - Recieve a message from other vehicle (at simulation time 52.000,900,000 s)
2024-06-03 19:50:56,008 INFO  - My position is not better! (at simulation time 52.000,900,000 s)
2024-06-03 19:50:56,008 INFO  - Recieve a message from other vehicle (at simulation time 52.000,900,000 s)
2024-06-03 19:50:56,008 INFO  - My position is not better! (at simulation time 52.000,900,000 s)
2024-06-03 19:50:56,008 INFO  - Recieve a message from other vehicle (at simulation time 52.000,900,000 s)
2024-06-03 19:50:56,008 INFO  - My position is not better! (at simulation time 52.000,900,000 s)
2024-06-03 19:50:56,008 INFO  - Recieve a message from other vehicle (at simulation time 52.001,300,000 s)
2024-06-03 19:50:56,008 INFO  - I'm in better position but no more hops in message (at simulation time 52.001,300,000 s)
2024-06-03 19:50:56,008 INFO  - Recieve a message from other vehicle (at simulation time 52.001,300,000 s)
2024-06-03 19:50:56,008 INFO  - I'm in better position but no more hops in message (at simulation time 52.001,300,000 s)
2024-06-03 19:50:56,009 INFO  - Recieve a message from other vehicle (at simulation time 52.001,400,000 s)
2024-06-03 19:50:56,009 INFO  - DENM message Recived from veh_10 -info : seco (at simulation time 52.001,400,000 s)
2024-06-03 19:50:56,009 INFO  - No more hops in DENM message (at simulation time 52.001,400,000 s)
2024-06-03 19:50:56,009 INFO  - Recieve a message from other vehicle (at simulation time 52.001,400,000 s)
2024-06-03 19:50:56,009 INFO  - My position is not better! (at simulation time 52.001,400,000 s)
2024-06-03 19:50:56,009 INFO  - Recieve a message from other vehicle (at simulation time 52.001,400,000 s)
2024-06-03 19:50:56,009 INFO  - I'm in better position but no more hops in message (at simulation time 52.001,400,000 s)
2024-06-03 19:50:56,009 INFO  - Recieve a message from other vehicle (at simulation time 52.001,400,000 s)
2024-06-03 19:50:56,009 INFO  - My position is not better! (at simulation time 52.001,400,000 s)
2024-06-03 19:50:56,009 INFO  - Recieve a message from other vehicle (at simulation time 52.001,400,000 s)
2024-06-03 19:50:56,009 INFO  - My position is not better! (at simulation time 52.001,400,000 s)
2024-06-03 19:50:56,010 INFO  - Recieve a message from other vehicle (at simulation time 52.001,800,000 s)
2024-06-03 19:50:56,010 INFO  - My position is not better! (at simulation time 52.001,800,000 s)
2024-06-03 19:50:56,010 INFO  - Recieve a message from other vehicle (at simulation time 52.001,800,000 s)
2024-06-03 19:50:56,010 INFO  - My position is not better! (at simulation time 52.001,800,000 s)
2024-06-03 19:50:56,010 INFO  - Recieve a message from other vehicle (at simulation time 52.001,900,000 s)
2024-06-03 19:50:56,010 INFO  - My position is not better! (at simulation time 52.001,900,000 s)
2024-06-03 19:50:56,010 INFO  - Recieve a message from other vehicle (at simulation time 52.001,900,000 s)
2024-06-03 19:50:56,010 INFO  - My position is not better! (at simulation time 52.001,900,000 s)
2024-06-03 19:50:56,010 INFO  - Recieve a message from other vehicle (at simulation time 52.002,300,000 s)
2024-06-03 19:50:56,010 INFO  - DENM message Recived from veh_8 -info : seco (at simulation time 52.002,300,000 s)
2024-06-03 19:50:56,010 INFO  - No more hops in DENM message (at simulation time 52.002,300,000 s)
2024-06-03 19:50:56,011 INFO  - Recieve a message from other vehicle (at simulation time 52.002,300,000 s)
2024-06-03 19:50:56,011 INFO  - My position is not better! (at simulation time 52.002,300,000 s)
2024-06-03 19:50:56,011 INFO  - Recieve a message from other vehicle (at simulation time 52.002,400,000 s)
2024-06-03 19:50:56,011 INFO  - I'm in better position but no more hops in message (at simulation time 52.002,400,000 s)
2024-06-03 19:50:56,011 INFO  - Recieve a message from other vehicle (at simulation time 52.002,800,000 s)
2024-06-03 19:50:56,011 INFO  - DENM message Recived from veh_10 -info : seco (at simulation time 52.002,800,000 s)
2024-06-03 19:50:56,011 INFO  - No more hops in DENM message (at simulation time 52.002,800,000 s)
2024-06-03 19:50:56,011 INFO  - Recieve a message from other vehicle (at simulation time 52.002,800,000 s)
2024-06-03 19:50:56,011 INFO  - My position is not better! (at simulation time 52.002,800,000 s)
2024-06-03 19:50:56,014 INFO  - Called #onVehicleUpdated (at simulation time 53.000,000,000 s)
2024-06-03 19:50:56,015 INFO  - Recieve a message from other vehicle (at simulation time 53.000,400,000 s)
2024-06-03 19:50:56,015 INFO  - Recending a message from other vehicle (at simulation time 53.000,400,000 s)
2024-06-03 19:50:56,015 INFO  - Recieve a message from other vehicle (at simulation time 53.000,400,000 s)
2024-06-03 19:50:56,015 INFO  - I'm in better position but no more hops in message (at simulation time 53.000,400,000 s)
2024-06-03 19:50:56,015 INFO  - Recieve a message from other vehicle (at simulation time 53.000,400,000 s)
2024-06-03 19:50:56,016 INFO  - Recending a message from other vehicle (at simulation time 53.000,400,000 s)
2024-06-03 19:50:56,016 INFO  - Recieve a message from other vehicle (at simulation time 53.000,400,000 s)
2024-06-03 19:50:56,016 INFO  - I'm in better position but no more hops in message (at simulation time 53.000,400,000 s)
2024-06-03 19:50:56,016 INFO  - Recieve a message from other vehicle (at simulation time 53.000,400,000 s)
2024-06-03 19:50:56,016 INFO  - Recending a message from other vehicle (at simulation time 53.000,400,000 s)
2024-06-03 19:50:56,017 INFO  - Recieve a message from other vehicle (at simulation time 53.000,800,000 s)
2024-06-03 19:50:56,017 INFO  - I'm in better position but no more hops in message (at simulation time 53.000,800,000 s)
2024-06-03 19:50:56,017 INFO  - Recieve a message from other vehicle (at simulation time 53.000,900,000 s)
2024-06-03 19:50:56,017 INFO  - Recending a message from other vehicle (at simulation time 53.000,900,000 s)
2024-06-03 19:50:56,018 INFO  - Recieve a message from other vehicle (at simulation time 53.001,300,000 s)
2024-06-03 19:50:56,018 INFO  - I'm in better position but no more hops in message (at simulation time 53.001,300,000 s)
2024-06-03 19:50:56,019 INFO  - Recieve a message from other vehicle (at simulation time 53.001,400,000 s)
2024-06-03 19:50:56,019 INFO  - I'm in better position but no more hops in message (at simulation time 53.001,400,000 s)
2024-06-03 19:50:56,019 INFO  - Recieve a message from other vehicle (at simulation time 53.001,400,000 s)
2024-06-03 19:50:56,019 INFO  - I'm in better position but no more hops in message (at simulation time 53.001,400,000 s)
2024-06-03 19:50:56,019 INFO  - Recieve a message from other vehicle (at simulation time 53.001,900,000 s)
2024-06-03 19:50:56,019 INFO  - I'm in better position but no more hops in message (at simulation time 53.001,900,000 s)
2024-06-03 19:50:56,019 INFO  - Recieve a message from other vehicle (at simulation time 53.001,900,000 s)
2024-06-03 19:50:56,019 INFO  - My position is not better! (at simulation time 53.001,900,000 s)
2024-06-03 19:50:56,019 INFO  - Recieve a message from other vehicle (at simulation time 53.001,900,000 s)
2024-06-03 19:50:56,019 INFO  - I'm in better position but no more hops in message (at simulation time 53.001,900,000 s)
2024-06-03 19:50:56,019 INFO  - Recieve a message from other vehicle (at simulation time 53.001,900,000 s)
2024-06-03 19:50:56,019 INFO  - I'm in better position but no more hops in message (at simulation time 53.001,900,000 s)
2024-06-03 19:50:56,020 INFO  - Recieve a message from other vehicle (at simulation time 53.002,400,000 s)
2024-06-03 19:50:56,020 INFO  - I'm in better position but no more hops in message (at simulation time 53.002,400,000 s)
2024-06-03 19:50:56,020 INFO  - Recieve a message from other vehicle (at simulation time 53.002,400,000 s)
2024-06-03 19:50:56,020 INFO  - I'm in better position but no more hops in message (at simulation time 53.002,400,000 s)
2024-06-03 19:50:56,020 INFO  - Recieve a message from other vehicle (at simulation time 53.002,800,000 s)
2024-06-03 19:50:56,020 INFO  - I'm in better position but no more hops in message (at simulation time 53.002,800,000 s)
2024-06-03 19:50:56,020 INFO  - Recieve a message from other vehicle (at simulation time 53.002,800,000 s)
2024-06-03 19:50:56,020 INFO  - I'm in better position but no more hops in message (at simulation time 53.002,800,000 s)
2024-06-03 19:50:56,022 INFO  - Called #onVehicleUpdated (at simulation time 54.000,000,000 s)
2024-06-03 19:50:56,023 INFO  - Sending out AdHoc broadcast (at simulation time 54.000,000,000 s)
2024-06-03 19:50:56,024 INFO  - Recieve a message from other vehicle (at simulation time 54.000,400,000 s)
2024-06-03 19:50:56,024 INFO  - Recending a message from other vehicle (at simulation time 54.000,400,000 s)
2024-06-03 19:50:56,024 INFO  - Recieve a message from other vehicle (at simulation time 54.000,400,000 s)
2024-06-03 19:50:56,024 INFO  - Recending a message from other vehicle (at simulation time 54.000,400,000 s)
2024-06-03 19:50:56,024 INFO  - Recieve a message from other vehicle (at simulation time 54.000,400,000 s)
2024-06-03 19:50:56,025 INFO  - I'm in better position but no more hops in message (at simulation time 54.000,400,000 s)
2024-06-03 19:50:56,026 INFO  - Recieve a message from other vehicle (at simulation time 54.000,800,000 s)
2024-06-03 19:50:56,026 INFO  - I'm in better position but no more hops in message (at simulation time 54.000,800,000 s)
2024-06-03 19:50:56,026 INFO  - Recieve a message from other vehicle (at simulation time 54.000,900,000 s)
2024-06-03 19:50:56,026 INFO  - I'm in better position but no more hops in message (at simulation time 54.000,900,000 s)
2024-06-03 19:50:56,026 INFO  - Recieve a message from other vehicle (at simulation time 54.000,900,000 s)
2024-06-03 19:50:56,026 INFO  - I'm in better position but no more hops in message (at simulation time 54.000,900,000 s)
2024-06-03 19:50:56,026 INFO  - Recieve a message from other vehicle (at simulation time 54.000,900,000 s)
2024-06-03 19:50:56,026 INFO  - I'm in better position but no more hops in message (at simulation time 54.000,900,000 s)
2024-06-03 19:50:56,027 INFO  - Recieve a message from other vehicle (at simulation time 54.001,400,000 s)
2024-06-03 19:50:56,027 INFO  - I'm in better position but no more hops in message (at simulation time 54.001,400,000 s)
2024-06-03 19:50:56,027 INFO  - Recieve a message from other vehicle (at simulation time 54.001,900,000 s)
2024-06-03 19:50:56,027 INFO  - I'm in better position but no more hops in message (at simulation time 54.001,900,000 s)
2024-06-03 19:50:56,028 INFO  - Recieve a message from other vehicle (at simulation time 54.001,900,000 s)
2024-06-03 19:50:56,028 INFO  - Recending a message from other vehicle (at simulation time 54.001,900,000 s)
2024-06-03 19:50:56,028 INFO  - Recieve a message from other vehicle (at simulation time 54.001,900,000 s)
2024-06-03 19:50:56,028 INFO  - Recending a message from other vehicle (at simulation time 54.001,900,000 s)
2024-06-03 19:50:56,028 INFO  - Recieve a message from other vehicle (at simulation time 54.002,300,000 s)
2024-06-03 19:50:56,028 INFO  - I'm in better position but no more hops in message (at simulation time 54.002,300,000 s)
2024-06-03 19:50:56,028 INFO  - Recieve a message from other vehicle (at simulation time 54.002,400,000 s)
2024-06-03 19:50:56,028 INFO  - I'm in better position but no more hops in message (at simulation time 54.002,400,000 s)
2024-06-03 19:50:56,028 INFO  - Recieve a message from other vehicle (at simulation time 54.002,400,000 s)
2024-06-03 19:50:56,028 INFO  - I'm in better position but no more hops in message (at simulation time 54.002,400,000 s)
2024-06-03 19:50:56,028 INFO  - Recieve a message from other vehicle (at simulation time 54.002,800,000 s)
2024-06-03 19:50:56,028 INFO  - I'm in better position but no more hops in message (at simulation time 54.002,800,000 s)
2024-06-03 19:50:56,029 INFO  - Recieve a message from other vehicle (at simulation time 54.003,300,000 s)
2024-06-03 19:50:56,029 INFO  - I'm in better position but no more hops in message (at simulation time 54.003,300,000 s)
2024-06-03 19:50:56,031 INFO  - Called #onVehicleUpdated (at simulation time 55.000,000,000 s)
2024-06-03 19:50:56,034 INFO  - Recieve a message from other vehicle (at simulation time 55.000,400,000 s)
2024-06-03 19:50:56,034 INFO  - Recending a message from other vehicle (at simulation time 55.000,400,000 s)
2024-06-03 19:50:56,034 INFO  - Recieve a message from other vehicle (at simulation time 55.000,800,000 s)
2024-06-03 19:50:56,034 INFO  - I'm in better position but no more hops in message (at simulation time 55.000,800,000 s)
2024-06-03 19:50:56,035 INFO  - Recieve a message from other vehicle (at simulation time 55.000,900,000 s)
2024-06-03 19:50:56,035 INFO  - Recending a message from other vehicle (at simulation time 55.000,900,000 s)
2024-06-03 19:50:56,035 INFO  - Recieve a message from other vehicle (at simulation time 55.000,900,000 s)
2024-06-03 19:50:56,035 INFO  - I'm in better position but no more hops in message (at simulation time 55.000,900,000 s)
2024-06-03 19:50:56,035 INFO  - Recieve a message from other vehicle (at simulation time 55.000,900,000 s)
2024-06-03 19:50:56,035 INFO  - I'm in better position but no more hops in message (at simulation time 55.000,900,000 s)
2024-06-03 19:50:56,035 INFO  - Recieve a message from other vehicle (at simulation time 55.001,300,000 s)
2024-06-03 19:50:56,035 INFO  - I'm in better position but no more hops in message (at simulation time 55.001,300,000 s)
2024-06-03 19:50:56,036 INFO  - Recieve a message from other vehicle (at simulation time 55.001,300,000 s)
2024-06-03 19:50:56,036 INFO  - I'm in better position but no more hops in message (at simulation time 55.001,300,000 s)
2024-06-03 19:50:56,036 INFO  - Recieve a message from other vehicle (at simulation time 55.001,400,000 s)
2024-06-03 19:50:56,036 INFO  - I'm in better position but no more hops in message (at simulation time 55.001,400,000 s)
2024-06-03 19:50:56,036 INFO  - Recieve a message from other vehicle (at simulation time 55.001,400,000 s)
2024-06-03 19:50:56,036 INFO  - I'm in better position but no more hops in message (at simulation time 55.001,400,000 s)
2024-06-03 19:50:56,036 INFO  - Recieve a message from other vehicle (at simulation time 55.001,400,000 s)
2024-06-03 19:50:56,036 INFO  - Recending a message from other vehicle (at simulation time 55.001,400,000 s)
2024-06-03 19:50:56,036 INFO  - Recieve a message from other vehicle (at simulation time 55.001,800,000 s)
2024-06-03 19:50:56,036 INFO  - I'm in better position but no more hops in message (at simulation time 55.001,800,000 s)
2024-06-03 19:50:56,036 INFO  - Recieve a message from other vehicle (at simulation time 55.001,800,000 s)
2024-06-03 19:50:56,036 INFO  - I'm in better position but no more hops in message (at simulation time 55.001,800,000 s)
2024-06-03 19:50:56,036 INFO  - Recieve a message from other vehicle (at simulation time 55.001,900,000 s)
2024-06-03 19:50:56,036 INFO  - I'm in better position but no more hops in message (at simulation time 55.001,900,000 s)
2024-06-03 19:50:56,036 INFO  - Recieve a message from other vehicle (at simulation time 55.001,900,000 s)
2024-06-03 19:50:56,036 INFO  - I'm in better position but no more hops in message (at simulation time 55.001,900,000 s)
2024-06-03 19:50:56,036 INFO  - Recieve a message from other vehicle (at simulation time 55.001,900,000 s)
2024-06-03 19:50:56,036 INFO  - I'm in better position but no more hops in message (at simulation time 55.001,900,000 s)
2024-06-03 19:50:56,037 INFO  - Recieve a message from other vehicle (at simulation time 55.002,400,000 s)
2024-06-03 19:50:56,037 INFO  - I'm in better position but no more hops in message (at simulation time 55.002,400,000 s)
2024-06-03 19:50:56,037 INFO  - Recieve a message from other vehicle (at simulation time 55.002,400,000 s)
2024-06-03 19:50:56,037 INFO  - I'm in better position but no more hops in message (at simulation time 55.002,400,000 s)
2024-06-03 19:50:56,037 INFO  - Recieve a message from other vehicle (at simulation time 55.002,400,000 s)
2024-06-03 19:50:56,037 INFO  - I'm in better position but no more hops in message (at simulation time 55.002,400,000 s)
2024-06-03 19:50:56,037 INFO  - Recieve a message from other vehicle (at simulation time 55.002,400,000 s)
2024-06-03 19:50:56,037 INFO  - I'm in better position but no more hops in message (at simulation time 55.002,400,000 s)
2024-06-03 19:50:56,037 INFO  - Recieve a message from other vehicle (at simulation time 55.003,800,000 s)
2024-06-03 19:50:56,037 INFO  - I'm in better position but no more hops in message (at simulation time 55.003,800,000 s)
2024-06-03 19:50:56,039 INFO  - Called #onVehicleUpdated (at simulation time 56.000,000,000 s)
2024-06-03 19:50:56,040 INFO  - Sending out AdHoc broadcast (at simulation time 56.000,000,000 s)
2024-06-03 19:50:56,041 INFO  - Recieve a message from other vehicle (at simulation time 56.000,400,000 s)
2024-06-03 19:50:56,041 INFO  - I'm in better position but no more hops in message (at simulation time 56.000,400,000 s)
2024-06-03 19:50:56,041 INFO  - Recieve a message from other vehicle (at simulation time 56.000,800,000 s)
2024-06-03 19:50:56,041 INFO  - I'm in better position but no more hops in message (at simulation time 56.000,800,000 s)
2024-06-03 19:50:56,041 INFO  - Recieve a message from other vehicle (at simulation time 56.000,800,000 s)
2024-06-03 19:50:56,041 INFO  - I'm in better position but no more hops in message (at simulation time 56.000,800,000 s)
2024-06-03 19:50:56,041 INFO  - Recieve a message from other vehicle (at simulation time 56.000,900,000 s)
2024-06-03 19:50:56,041 INFO  - I'm in better position but no more hops in message (at simulation time 56.000,900,000 s)
2024-06-03 19:50:56,041 INFO  - Recieve a message from other vehicle (at simulation time 56.000,900,000 s)
2024-06-03 19:50:56,041 INFO  - I'm in better position but no more hops in message (at simulation time 56.000,900,000 s)
2024-06-03 19:50:56,041 INFO  - Recieve a message from other vehicle (at simulation time 56.001,300,000 s)
2024-06-03 19:50:56,041 INFO  - I'm in better position but no more hops in message (at simulation time 56.001,300,000 s)
2024-06-03 19:50:56,042 INFO  - Recieve a message from other vehicle (at simulation time 56.001,800,000 s)
2024-06-03 19:50:56,042 INFO  - I'm in better position but no more hops in message (at simulation time 56.001,800,000 s)
2024-06-03 19:50:56,043 INFO  - Recieve a message from other vehicle (at simulation time 56.001,900,000 s)
2024-06-03 19:50:56,043 INFO  - I'm in better position but no more hops in message (at simulation time 56.001,900,000 s)
2024-06-03 19:50:56,043 INFO  - Recieve a message from other vehicle (at simulation time 56.001,900,000 s)
2024-06-03 19:50:56,043 INFO  - I'm in better position but no more hops in message (at simulation time 56.001,900,000 s)
2024-06-03 19:50:56,043 INFO  - Recieve a message from other vehicle (at simulation time 56.001,900,000 s)
2024-06-03 19:50:56,043 INFO  - I'm in better position but no more hops in message (at simulation time 56.001,900,000 s)
2024-06-03 19:50:56,043 INFO  - Recieve a message from other vehicle (at simulation time 56.002,400,000 s)
2024-06-03 19:50:56,043 INFO  - I'm in better position but no more hops in message (at simulation time 56.002,400,000 s)
2024-06-03 19:50:56,044 INFO  - Recieve a message from other vehicle (at simulation time 56.002,400,000 s)
2024-06-03 19:50:56,044 INFO  - I'm in better position but no more hops in message (at simulation time 56.002,400,000 s)
2024-06-03 19:50:56,044 INFO  - Recieve a message from other vehicle (at simulation time 56.002,400,000 s)
2024-06-03 19:50:56,044 INFO  - I'm in better position but no more hops in message (at simulation time 56.002,400,000 s)
2024-06-03 19:50:56,044 INFO  - Recieve a message from other vehicle (at simulation time 56.002,800,000 s)
2024-06-03 19:50:56,044 INFO  - I'm in better position but no more hops in message (at simulation time 56.002,800,000 s)
2024-06-03 19:50:56,045 INFO  - Recieve a message from other vehicle (at simulation time 56.003,300,000 s)
2024-06-03 19:50:56,045 INFO  - I'm in better position but no more hops in message (at simulation time 56.003,300,000 s)
2024-06-03 19:50:56,045 INFO  - Recieve a message from other vehicle (at simulation time 56.003,300,000 s)
2024-06-03 19:50:56,045 INFO  - I'm in better position but no more hops in message (at simulation time 56.003,300,000 s)
2024-06-03 19:50:56,045 INFO  - Recieve a message from other vehicle (at simulation time 56.003,800,000 s)
2024-06-03 19:50:56,045 INFO  - I'm in better position but no more hops in message (at simulation time 56.003,800,000 s)
2024-06-03 19:50:56,047 INFO  - Called #onVehicleUpdated (at simulation time 57.000,000,000 s)
2024-06-03 19:50:56,049 INFO  - Recieve a message from other vehicle (at simulation time 57.000,400,000 s)
2024-06-03 19:50:56,049 INFO  - I'm in better position but no more hops in message (at simulation time 57.000,400,000 s)
2024-06-03 19:50:56,049 INFO  - Recieve a message from other vehicle (at simulation time 57.000,400,000 s)
2024-06-03 19:50:56,049 INFO  - Recending a message from other vehicle (at simulation time 57.000,400,000 s)
2024-06-03 19:50:56,050 INFO  - Recieve a message from other vehicle (at simulation time 57.001,400,000 s)
2024-06-03 19:50:56,050 INFO  - Recending a message from other vehicle (at simulation time 57.001,400,000 s)
2024-06-03 19:50:56,050 INFO  - Recieve a message from other vehicle (at simulation time 57.001,400,000 s)
2024-06-03 19:50:56,050 INFO  - I'm in better position but no more hops in message (at simulation time 57.001,400,000 s)
2024-06-03 19:50:56,050 INFO  - Recieve a message from other vehicle (at simulation time 57.001,800,000 s)
2024-06-03 19:50:56,050 INFO  - I'm in better position but no more hops in message (at simulation time 57.001,800,000 s)
2024-06-03 19:50:56,050 INFO  - Recieve a message from other vehicle (at simulation time 57.001,900,000 s)
2024-06-03 19:50:56,051 INFO  - I'm in better position but no more hops in message (at simulation time 57.001,900,000 s)
2024-06-03 19:50:56,051 INFO  - Recieve a message from other vehicle (at simulation time 57.001,900,000 s)
2024-06-03 19:50:56,051 INFO  - I'm in better position but no more hops in message (at simulation time 57.001,900,000 s)
2024-06-03 19:50:56,051 INFO  - Recieve a message from other vehicle (at simulation time 57.001,900,000 s)
2024-06-03 19:50:56,051 INFO  - Recending a message from other vehicle (at simulation time 57.001,900,000 s)
2024-06-03 19:50:56,051 INFO  - Recieve a message from other vehicle (at simulation time 57.002,300,000 s)
2024-06-03 19:50:56,051 INFO  - I'm in better position but no more hops in message (at simulation time 57.002,300,000 s)
2024-06-03 19:50:56,051 INFO  - Recieve a message from other vehicle (at simulation time 57.002,400,000 s)
2024-06-03 19:50:56,051 INFO  - I'm in better position but no more hops in message (at simulation time 57.002,400,000 s)
2024-06-03 19:50:56,051 INFO  - Recieve a message from other vehicle (at simulation time 57.002,400,000 s)
2024-06-03 19:50:56,051 INFO  - I'm in better position but no more hops in message (at simulation time 57.002,400,000 s)
2024-06-03 19:50:56,051 INFO  - Recieve a message from other vehicle (at simulation time 57.002,400,000 s)
2024-06-03 19:50:56,051 INFO  - My position is not better! (at simulation time 57.002,400,000 s)
2024-06-03 19:50:56,052 INFO  - Recieve a message from other vehicle (at simulation time 57.002,800,000 s)
2024-06-03 19:50:56,052 INFO  - I'm in better position but no more hops in message (at simulation time 57.002,800,000 s)
2024-06-03 19:50:56,052 INFO  - Recieve a message from other vehicle (at simulation time 57.003,300,000 s)
2024-06-03 19:50:56,052 INFO  - I'm in better position but no more hops in message (at simulation time 57.003,300,000 s)
2024-06-03 19:50:56,052 INFO  - Recieve a message from other vehicle (at simulation time 57.003,800,000 s)
2024-06-03 19:50:56,052 INFO  - I'm in better position but no more hops in message (at simulation time 57.003,800,000 s)
2024-06-03 19:50:56,052 INFO  - Recieve a message from other vehicle (at simulation time 57.003,800,000 s)
2024-06-03 19:50:56,052 INFO  - I'm in better position but no more hops in message (at simulation time 57.003,800,000 s)
2024-06-03 19:50:56,055 INFO  - Called #onVehicleUpdated (at simulation time 58.000,000,000 s)
2024-06-03 19:50:56,055 INFO  - Sending out AdHoc broadcast (at simulation time 58.000,000,000 s)
2024-06-03 19:50:56,056 INFO  - Recieve a message from other vehicle (at simulation time 58.000,400,000 s)
2024-06-03 19:50:56,056 INFO  - My position is not better! (at simulation time 58.000,400,000 s)
2024-06-03 19:50:56,056 INFO  - Recieve a message from other vehicle (at simulation time 58.000,400,000 s)
2024-06-03 19:50:56,056 INFO  - My position is not better! (at simulation time 58.000,400,000 s)
2024-06-03 19:50:56,057 INFO  - Recieve a message from other vehicle (at simulation time 58.000,900,000 s)
2024-06-03 19:50:56,057 INFO  - My position is not better! (at simulation time 58.000,900,000 s)
2024-06-03 19:50:56,057 INFO  - Recieve a message from other vehicle (at simulation time 58.001,300,000 s)
2024-06-03 19:50:56,057 INFO  - My position is not better! (at simulation time 58.001,300,000 s)
2024-06-03 19:50:56,057 INFO  - Recieve a message from other vehicle (at simulation time 58.001,300,000 s)
2024-06-03 19:50:56,057 INFO  - I'm in better position but no more hops in message (at simulation time 58.001,300,000 s)
2024-06-03 19:50:56,058 INFO  - Recieve a message from other vehicle (at simulation time 58.002,300,000 s)
2024-06-03 19:50:56,058 INFO  - I'm in better position but no more hops in message (at simulation time 58.002,300,000 s)
2024-06-03 19:50:56,058 INFO  - Recieve a message from other vehicle (at simulation time 58.002,300,000 s)
2024-06-03 19:50:56,058 INFO  - I'm in better position but no more hops in message (at simulation time 58.002,300,000 s)
2024-06-03 19:50:56,058 INFO  - Recieve a message from other vehicle (at simulation time 58.002,400,000 s)
2024-06-03 19:50:56,058 INFO  - My position is not better! (at simulation time 58.002,400,000 s)
2024-06-03 19:50:56,058 INFO  - Recieve a message from other vehicle (at simulation time 58.002,800,000 s)
2024-06-03 19:50:56,058 INFO  - I'm in better position but no more hops in message (at simulation time 58.002,800,000 s)
2024-06-03 19:50:56,058 INFO  - Recieve a message from other vehicle (at simulation time 58.003,300,000 s)
2024-06-03 19:50:56,058 INFO  - I'm in better position but no more hops in message (at simulation time 58.003,300,000 s)
2024-06-03 19:50:56,062 INFO  - Called #onVehicleUpdated (at simulation time 59.000,000,000 s)
2024-06-03 19:50:56,064 INFO  - Recieve a message from other vehicle (at simulation time 59.000,400,000 s)
2024-06-03 19:50:56,064 INFO  - My position is not better! (at simulation time 59.000,400,000 s)
2024-06-03 19:50:56,064 INFO  - Recieve a message from other vehicle (at simulation time 59.000,900,000 s)
2024-06-03 19:50:56,064 INFO  - My position is not better! (at simulation time 59.000,900,000 s)
2024-06-03 19:50:56,065 INFO  - Recieve a message from other vehicle (at simulation time 59.001,400,000 s)
2024-06-03 19:50:56,065 INFO  - My position is not better! (at simulation time 59.001,400,000 s)
2024-06-03 19:50:56,065 INFO  - Recieve a message from other vehicle (at simulation time 59.001,900,000 s)
2024-06-03 19:50:56,065 INFO  - My position is not better! (at simulation time 59.001,900,000 s)
2024-06-03 19:50:56,065 INFO  - Recieve a message from other vehicle (at simulation time 59.002,400,000 s)
2024-06-03 19:50:56,065 INFO  - My position is not better! (at simulation time 59.002,400,000 s)
2024-06-03 19:50:56,065 INFO  - Recieve a message from other vehicle (at simulation time 59.002,800,000 s)
2024-06-03 19:50:56,065 INFO  - My position is not better! (at simulation time 59.002,800,000 s)
2024-06-03 19:50:56,066 INFO  - Recieve a message from other vehicle (at simulation time 59.004,800,000 s)
2024-06-03 19:50:56,066 INFO  - I'm in better position but no more hops in message (at simulation time 59.004,800,000 s)
2024-06-03 19:50:56,070 INFO  - Called #onVehicleUpdated (at simulation time 60.000,000,000 s)
2024-06-03 19:50:56,070 INFO  - Sending out AdHoc broadcast (at simulation time 60.000,000,000 s)
2024-06-03 19:50:56,071 INFO  - Recieve a message from other vehicle (at simulation time 60.001,300,000 s)
2024-06-03 19:50:56,071 INFO  - My position is not better! (at simulation time 60.001,300,000 s)
2024-06-03 19:50:56,071 INFO  - Recieve a message from other vehicle (at simulation time 60.001,800,000 s)
2024-06-03 19:50:56,071 INFO  - My position is not better! (at simulation time 60.001,800,000 s)
2024-06-03 19:50:56,071 INFO  - Recieve a message from other vehicle (at simulation time 60.001,900,000 s)
2024-06-03 19:50:56,071 INFO  - My position is not better! (at simulation time 60.001,900,000 s)
2024-06-03 19:50:56,071 INFO  - Recieve a message from other vehicle (at simulation time 60.001,900,000 s)
2024-06-03 19:50:56,071 INFO  - My position is not better! (at simulation time 60.001,900,000 s)
2024-06-03 19:50:56,071 INFO  - Recieve a message from other vehicle (at simulation time 60.002,400,000 s)
2024-06-03 19:50:56,071 INFO  - My position is not better! (at simulation time 60.002,400,000 s)
2024-06-03 19:50:56,074 INFO  - Called #onVehicleUpdated (at simulation time 61.000,000,000 s)
2024-06-03 19:50:56,107 INFO  - Called #onVehicleUpdated (at simulation time 62.000,000,000 s)
2024-06-03 19:50:56,107 INFO  - Sending out AdHoc broadcast (at simulation time 62.000,000,000 s)
2024-06-03 19:50:56,110 INFO  - Called #onVehicleUpdated (at simulation time 63.000,000,000 s)
2024-06-03 19:50:56,113 INFO  - Called #onVehicleUpdated (at simulation time 64.000,000,000 s)
2024-06-03 19:50:56,114 INFO  - Sending out AdHoc broadcast (at simulation time 64.000,000,000 s)
2024-06-03 19:50:56,117 INFO  - Called #onVehicleUpdated (at simulation time 65.000,000,000 s)
2024-06-03 19:50:56,119 INFO  - Called #onVehicleUpdated (at simulation time 66.000,000,000 s)
2024-06-03 19:50:56,119 INFO  - Sending out AdHoc broadcast (at simulation time 66.000,000,000 s)
2024-06-03 19:50:56,121 INFO  - Shutdown (at simulation time 67.000,000,000 s)
