2024-06-03 18:22:43,851 INFO  - Initialize Vehicle application (at simulation time 7.000,000,000 s)
2024-06-03 18:22:43,854 INFO  - Activated WLAN Module (at simulation time 7.000,000,000 s)
2024-06-03 18:22:43,858 INFO  - Called #onVehicleUpdated (at simulation time 7.000,000,000 s)
2024-06-03 18:22:43,864 INFO  - Recieve a message from other vehicle (at simulation time 7.001,400,000 s)
2024-06-03 18:22:43,864 INFO  - My position is not better! (at simulation time 7.001,400,000 s)
2024-06-03 18:22:44,096 INFO  - Called #onVehicleUpdated (at simulation time 8.000,000,000 s)
2024-06-03 18:22:44,097 INFO  - Define the name: veh_2 and route: r_1 (at simulation time 8.000,000,000 s)
2024-06-03 18:22:44,097 INFO  - Sending out AdHoc broadcast (at simulation time 8.000,000,000 s)
2024-06-03 18:22:44,098 INFO  - Recieve a message from other vehicle (at simulation time 8.001,900,000 s)
2024-06-03 18:22:44,098 INFO  - My position is not better! (at simulation time 8.001,900,000 s)
2024-06-03 18:22:44,098 INFO  - Recieve a message from other vehicle (at simulation time 8.003,300,000 s)
2024-06-03 18:22:44,099 INFO  - My position is not better! (at simulation time 8.003,300,000 s)
2024-06-03 18:22:44,346 INFO  - Called #onVehicleUpdated (at simulation time 9.000,000,000 s)
2024-06-03 18:22:44,350 INFO  - Recieve a message from other vehicle (at simulation time 9.001,900,000 s)
2024-06-03 18:22:44,350 INFO  - My position is not better! (at simulation time 9.001,900,000 s)
2024-06-03 18:22:44,610 INFO  - Called #onVehicleUpdated (at simulation time 10.000,000,000 s)
2024-06-03 18:22:44,613 INFO  - Sending out AdHoc broadcast (at simulation time 10.000,000,000 s)
2024-06-03 18:22:44,615 INFO  - Recieve a message from other vehicle (at simulation time 10.000,800,000 s)
2024-06-03 18:22:44,615 INFO  - My position is not better! (at simulation time 10.000,800,000 s)
2024-06-03 18:22:44,616 INFO  - Recieve a message from other vehicle (at simulation time 10.001,400,000 s)
2024-06-03 18:22:44,616 INFO  - My position is not better! (at simulation time 10.001,400,000 s)
2024-06-03 18:22:44,848 INFO  - Called #onVehicleUpdated (at simulation time 11.000,000,000 s)
2024-06-03 18:22:44,864 INFO  - Recieve a message from other vehicle (at simulation time 11.002,400,000 s)
2024-06-03 18:22:44,864 INFO  - My position is not better! (at simulation time 11.002,400,000 s)
2024-06-03 18:22:45,098 INFO  - Called #onVehicleUpdated (at simulation time 12.000,000,000 s)
2024-06-03 18:22:45,103 INFO  - Sending out AdHoc broadcast (at simulation time 12.000,000,000 s)
2024-06-03 18:22:45,113 INFO  - Recieve a message from other vehicle (at simulation time 12.002,400,000 s)
2024-06-03 18:22:45,113 INFO  - My position is not better! (at simulation time 12.002,400,000 s)
2024-06-03 18:22:45,113 INFO  - Recieve a message from other vehicle (at simulation time 12.002,800,000 s)
2024-06-03 18:22:45,113 INFO  - My position is not better! (at simulation time 12.002,800,000 s)
2024-06-03 18:22:45,347 INFO  - Called #onVehicleUpdated (at simulation time 13.000,000,000 s)
2024-06-03 18:22:45,351 INFO  - Recieve a message from other vehicle (at simulation time 13.000,400,000 s)
2024-06-03 18:22:45,351 INFO  - My position is not better! (at simulation time 13.000,400,000 s)
2024-06-03 18:22:45,599 INFO  - Called #onVehicleUpdated (at simulation time 14.000,000,000 s)
2024-06-03 18:22:45,603 INFO  - Sending out AdHoc broadcast (at simulation time 14.000,000,000 s)
2024-06-03 18:22:45,608 INFO  - Recieve a message from other vehicle (at simulation time 14.000,400,000 s)
2024-06-03 18:22:45,608 INFO  - My position is not better! (at simulation time 14.000,400,000 s)
2024-06-03 18:22:45,615 INFO  - Recieve a message from other vehicle (at simulation time 14.001,300,000 s)
2024-06-03 18:22:45,615 INFO  - My position is not better! (at simulation time 14.001,300,000 s)
2024-06-03 18:22:45,615 INFO  - Recieve a message from other vehicle (at simulation time 14.001,300,000 s)
2024-06-03 18:22:45,615 INFO  - My position is not better! (at simulation time 14.001,300,000 s)
2024-06-03 18:22:45,617 INFO  - Recieve a message from other vehicle (at simulation time 14.001,400,000 s)
2024-06-03 18:22:45,617 INFO  - My position is not better! (at simulation time 14.001,400,000 s)
2024-06-03 18:22:45,620 INFO  - Recieve a message from other vehicle (at simulation time 14.001,900,000 s)
2024-06-03 18:22:45,620 INFO  - My position is not better! (at simulation time 14.001,900,000 s)
2024-06-03 18:22:45,621 INFO  - Recieve a message from other vehicle (at simulation time 14.002,300,000 s)
2024-06-03 18:22:45,621 INFO  - My position is not better! (at simulation time 14.002,300,000 s)
2024-06-03 18:22:45,622 INFO  - Recieve a message from other vehicle (at simulation time 14.002,400,000 s)
2024-06-03 18:22:45,622 INFO  - My position is not better! (at simulation time 14.002,400,000 s)
2024-06-03 18:22:45,857 INFO  - Called #onVehicleUpdated (at simulation time 15.000,000,000 s)
2024-06-03 18:22:45,862 INFO  - Recieve a message from other vehicle (at simulation time 15.000,400,000 s)
2024-06-03 18:22:45,862 INFO  - DENM message Recived from veh_3 -info : seco (at simulation time 15.000,400,000 s)
2024-06-03 18:22:45,862 INFO  - No more hops in DENM message (at simulation time 15.000,400,000 s)
2024-06-03 18:22:45,863 INFO  - Recieve a message from other vehicle (at simulation time 15.000,400,000 s)
2024-06-03 18:22:45,863 INFO  - My position is not better! (at simulation time 15.000,400,000 s)
2024-06-03 18:22:45,865 INFO  - Recieve a message from other vehicle (at simulation time 15.000,900,000 s)
2024-06-03 18:22:45,865 INFO  - DENM message Recived from veh_0 -info : seco (at simulation time 15.000,900,000 s)
2024-06-03 18:22:45,865 INFO  - No more hops in DENM message (at simulation time 15.000,900,000 s)
2024-06-03 18:22:45,866 INFO  - Recieve a message from other vehicle (at simulation time 15.000,900,000 s)
2024-06-03 18:22:45,866 INFO  - My position is not better! (at simulation time 15.000,900,000 s)
2024-06-03 18:22:45,867 INFO  - Recieve a message from other vehicle (at simulation time 15.001,300,000 s)
2024-06-03 18:22:45,867 INFO  - DENM message Recived from veh_1 -info : seco (at simulation time 15.001,300,000 s)
2024-06-03 18:22:45,867 INFO  - No more hops in DENM message (at simulation time 15.001,300,000 s)
2024-06-03 18:22:45,867 INFO  - Recieve a message from other vehicle (at simulation time 15.001,400,000 s)
2024-06-03 18:22:45,867 INFO  - DENM message Recived from veh_5 -info : seco (at simulation time 15.001,400,000 s)
2024-06-03 18:22:45,867 INFO  - No more hops in DENM message (at simulation time 15.001,400,000 s)
2024-06-03 18:22:45,868 INFO  - Recieve a message from other vehicle (at simulation time 15.001,800,000 s)
2024-06-03 18:22:45,868 INFO  - DENM message Recived from veh_5 -info : seco (at simulation time 15.001,800,000 s)
2024-06-03 18:22:45,868 INFO  - No more hops in DENM message (at simulation time 15.001,800,000 s)
2024-06-03 18:22:45,869 INFO  - Recieve a message from other vehicle (at simulation time 15.001,900,000 s)
2024-06-03 18:22:45,869 INFO  - DENM message Recived from veh_1 -info : seco (at simulation time 15.001,900,000 s)
2024-06-03 18:22:45,869 INFO  - No more hops in DENM message (at simulation time 15.001,900,000 s)
2024-06-03 18:22:45,869 INFO  - Recieve a message from other vehicle (at simulation time 15.001,900,000 s)
2024-06-03 18:22:45,869 INFO  - My position is not better! (at simulation time 15.001,900,000 s)
2024-06-03 18:22:45,869 INFO  - Recieve a message from other vehicle (at simulation time 15.001,900,000 s)
2024-06-03 18:22:45,869 INFO  - My position is not better! (at simulation time 15.001,900,000 s)
2024-06-03 18:22:45,870 INFO  - Recieve a message from other vehicle (at simulation time 15.002,400,000 s)
2024-06-03 18:22:45,870 INFO  - My position is not better! (at simulation time 15.002,400,000 s)
2024-06-03 18:22:45,870 INFO  - Recieve a message from other vehicle (at simulation time 15.002,400,000 s)
2024-06-03 18:22:45,870 INFO  - My position is not better! (at simulation time 15.002,400,000 s)
2024-06-03 18:22:45,870 INFO  - Recieve a message from other vehicle (at simulation time 15.002,400,000 s)
2024-06-03 18:22:45,870 INFO  - My position is not better! (at simulation time 15.002,400,000 s)
2024-06-03 18:22:45,870 INFO  - Recieve a message from other vehicle (at simulation time 15.002,400,000 s)
2024-06-03 18:22:45,870 INFO  - My position is not better! (at simulation time 15.002,400,000 s)
2024-06-03 18:22:45,870 INFO  - Recieve a message from other vehicle (at simulation time 15.002,400,000 s)
2024-06-03 18:22:45,870 INFO  - My position is not better! (at simulation time 15.002,400,000 s)
2024-06-03 18:22:45,870 INFO  - Recieve a message from other vehicle (at simulation time 15.002,400,000 s)
2024-06-03 18:22:45,870 INFO  - My position is not better! (at simulation time 15.002,400,000 s)
2024-06-03 18:22:45,871 INFO  - Recieve a message from other vehicle (at simulation time 15.002,800,000 s)
2024-06-03 18:22:45,871 INFO  - My position is not better! (at simulation time 15.002,800,000 s)
2024-06-03 18:22:45,871 INFO  - Recieve a message from other vehicle (at simulation time 15.003,300,000 s)
2024-06-03 18:22:45,871 INFO  - My position is not better! (at simulation time 15.003,300,000 s)
2024-06-03 18:22:46,097 INFO  - Called #onVehicleUpdated (at simulation time 16.000,000,000 s)
2024-06-03 18:22:46,097 INFO  - Sending out DENM broadcast (at simulation time 16.000,000,000 s)
2024-06-03 18:22:46,098 INFO  - Sending out AdHoc broadcast (at simulation time 16.000,000,000 s)
2024-06-03 18:22:46,101 INFO  - Recieve a message from other vehicle (at simulation time 16.000,900,000 s)
2024-06-03 18:22:46,101 INFO  - My position is not better! (at simulation time 16.000,900,000 s)
2024-06-03 18:22:46,102 INFO  - Recieve a message from other vehicle (at simulation time 16.001,400,000 s)
2024-06-03 18:22:46,102 INFO  - My position is not better! (at simulation time 16.001,400,000 s)
2024-06-03 18:22:46,102 INFO  - Recieve a message from other vehicle (at simulation time 16.001,400,000 s)
2024-06-03 18:22:46,102 INFO  - My position is not better! (at simulation time 16.001,400,000 s)
2024-06-03 18:22:46,103 INFO  - Recieve a message from other vehicle (at simulation time 16.001,800,000 s)
2024-06-03 18:22:46,103 INFO  - DENM message Recived from veh_2 -info : seco (at simulation time 16.001,800,000 s)
2024-06-03 18:22:46,103 INFO  - No more hops in DENM message (at simulation time 16.001,800,000 s)
2024-06-03 18:22:46,103 INFO  - Recieve a message from other vehicle (at simulation time 16.001,800,000 s)
2024-06-03 18:22:46,103 INFO  - DENM message Recived from veh_4 -info : seco (at simulation time 16.001,800,000 s)
2024-06-03 18:22:46,103 INFO  - No more hops in DENM message (at simulation time 16.001,800,000 s)
2024-06-03 18:22:46,103 INFO  - Recieve a message from other vehicle (at simulation time 16.001,900,000 s)
2024-06-03 18:22:46,103 INFO  - DENM message Recived from veh_4 -info : seco (at simulation time 16.001,900,000 s)
2024-06-03 18:22:46,103 INFO  - No more hops in DENM message (at simulation time 16.001,900,000 s)
2024-06-03 18:22:46,103 INFO  - Recieve a message from other vehicle (at simulation time 16.001,900,000 s)
2024-06-03 18:22:46,103 INFO  - My position is not better! (at simulation time 16.001,900,000 s)
2024-06-03 18:22:46,103 INFO  - Recieve a message from other vehicle (at simulation time 16.001,900,000 s)
2024-06-03 18:22:46,103 INFO  - My position is not better! (at simulation time 16.001,900,000 s)
2024-06-03 18:22:46,103 INFO  - Recieve a message from other vehicle (at simulation time 16.001,900,000 s)
2024-06-03 18:22:46,103 INFO  - My position is not better! (at simulation time 16.001,900,000 s)
2024-06-03 18:22:46,103 INFO  - Recieve a message from other vehicle (at simulation time 16.002,300,000 s)
2024-06-03 18:22:46,103 INFO  - My position is not better! (at simulation time 16.002,300,000 s)
2024-06-03 18:22:46,103 INFO  - Recieve a message from other vehicle (at simulation time 16.002,300,000 s)
2024-06-03 18:22:46,103 INFO  - My position is not better! (at simulation time 16.002,300,000 s)
2024-06-03 18:22:46,104 INFO  - Recieve a message from other vehicle (at simulation time 16.002,400,000 s)
2024-06-03 18:22:46,104 INFO  - My position is not better! (at simulation time 16.002,400,000 s)
2024-06-03 18:22:46,104 INFO  - Recieve a message from other vehicle (at simulation time 16.002,400,000 s)
2024-06-03 18:22:46,104 INFO  - My position is not better! (at simulation time 16.002,400,000 s)
2024-06-03 18:22:46,104 INFO  - Recieve a message from other vehicle (at simulation time 16.002,400,000 s)
2024-06-03 18:22:46,104 INFO  - My position is not better! (at simulation time 16.002,400,000 s)
2024-06-03 18:22:46,104 INFO  - Recieve a message from other vehicle (at simulation time 16.002,800,000 s)
2024-06-03 18:22:46,104 INFO  - My position is not better! (at simulation time 16.002,800,000 s)
2024-06-03 18:22:46,104 INFO  - Recieve a message from other vehicle (at simulation time 16.002,800,000 s)
2024-06-03 18:22:46,104 INFO  - My position is not better! (at simulation time 16.002,800,000 s)
2024-06-03 18:22:46,105 INFO  - Recieve a message from other vehicle (at simulation time 16.003,800,000 s)
2024-06-03 18:22:46,105 INFO  - My position is not better! (at simulation time 16.003,800,000 s)
2024-06-03 18:22:46,349 INFO  - Called #onVehicleUpdated (at simulation time 17.000,000,000 s)
2024-06-03 18:22:46,353 INFO  - Recieve a message from other vehicle (at simulation time 17.000,400,000 s)
2024-06-03 18:22:46,353 INFO  - Recending a message from other vehicle (at simulation time 17.000,400,000 s)
2024-06-03 18:22:46,354 INFO  - Recieve a message from other vehicle (at simulation time 17.000,400,000 s)
2024-06-03 18:22:46,354 INFO  - I'm in better position but no more hops in message (at simulation time 17.000,400,000 s)
2024-06-03 18:22:46,356 INFO  - Recieve a message from other vehicle (at simulation time 17.000,800,000 s)
2024-06-03 18:22:46,356 INFO  - I'm in better position but no more hops in message (at simulation time 17.000,800,000 s)
2024-06-03 18:22:46,357 INFO  - Recieve a message from other vehicle (at simulation time 17.000,900,000 s)
2024-06-03 18:22:46,357 INFO  - My position is not better! (at simulation time 17.000,900,000 s)
2024-06-03 18:22:46,358 INFO  - Recieve a message from other vehicle (at simulation time 17.000,900,000 s)
2024-06-03 18:22:46,358 INFO  - My position is not better! (at simulation time 17.000,900,000 s)
2024-06-03 18:22:46,358 INFO  - Recieve a message from other vehicle (at simulation time 17.000,900,000 s)
2024-06-03 18:22:46,358 INFO  - My position is not better! (at simulation time 17.000,900,000 s)
2024-06-03 18:22:46,359 INFO  - Recieve a message from other vehicle (at simulation time 17.001,400,000 s)
2024-06-03 18:22:46,359 INFO  - I'm in better position but no more hops in message (at simulation time 17.001,400,000 s)
2024-06-03 18:22:46,360 INFO  - Recieve a message from other vehicle (at simulation time 17.001,400,000 s)
2024-06-03 18:22:46,360 INFO  - I'm in better position but no more hops in message (at simulation time 17.001,400,000 s)
2024-06-03 18:22:46,360 INFO  - Recieve a message from other vehicle (at simulation time 17.001,400,000 s)
2024-06-03 18:22:46,361 INFO  - My position is not better! (at simulation time 17.001,400,000 s)
2024-06-03 18:22:46,361 INFO  - Recieve a message from other vehicle (at simulation time 17.001,800,000 s)
2024-06-03 18:22:46,361 INFO  - I'm in better position but no more hops in message (at simulation time 17.001,800,000 s)
2024-06-03 18:22:46,361 INFO  - Recieve a message from other vehicle (at simulation time 17.001,800,000 s)
2024-06-03 18:22:46,361 INFO  - I'm in better position but no more hops in message (at simulation time 17.001,800,000 s)
2024-06-03 18:22:46,361 INFO  - Recieve a message from other vehicle (at simulation time 17.001,900,000 s)
2024-06-03 18:22:46,361 INFO  - My position is not better! (at simulation time 17.001,900,000 s)
2024-06-03 18:22:46,361 INFO  - Recieve a message from other vehicle (at simulation time 17.001,900,000 s)
2024-06-03 18:22:46,361 INFO  - My position is not better! (at simulation time 17.001,900,000 s)
2024-06-03 18:22:46,362 INFO  - Recieve a message from other vehicle (at simulation time 17.002,400,000 s)
2024-06-03 18:22:46,362 INFO  - My position is not better! (at simulation time 17.002,400,000 s)
2024-06-03 18:22:46,598 INFO  - Called #onVehicleUpdated (at simulation time 18.000,000,000 s)
2024-06-03 18:22:46,601 INFO  - Sending out AdHoc broadcast (at simulation time 18.000,000,000 s)
2024-06-03 18:22:46,603 INFO  - Recieve a message from other vehicle (at simulation time 18.000,400,000 s)
2024-06-03 18:22:46,603 INFO  - My position is not better! (at simulation time 18.000,400,000 s)
2024-06-03 18:22:46,604 INFO  - Recieve a message from other vehicle (at simulation time 18.000,400,000 s)
2024-06-03 18:22:46,604 INFO  - My position is not better! (at simulation time 18.000,400,000 s)
2024-06-03 18:22:46,604 INFO  - Recieve a message from other vehicle (at simulation time 18.000,400,000 s)
2024-06-03 18:22:46,604 INFO  - My position is not better! (at simulation time 18.000,400,000 s)
2024-06-03 18:22:46,605 INFO  - Recieve a message from other vehicle (at simulation time 18.000,900,000 s)
2024-06-03 18:22:46,605 INFO  - My position is not better! (at simulation time 18.000,900,000 s)
2024-06-03 18:22:46,608 INFO  - Recieve a message from other vehicle (at simulation time 18.001,300,000 s)
2024-06-03 18:22:46,608 INFO  - I'm in better position but no more hops in message (at simulation time 18.001,300,000 s)
2024-06-03 18:22:46,608 INFO  - Recieve a message from other vehicle (at simulation time 18.001,300,000 s)
2024-06-03 18:22:46,608 INFO  - I'm in better position but no more hops in message (at simulation time 18.001,300,000 s)
2024-06-03 18:22:46,610 INFO  - Recieve a message from other vehicle (at simulation time 18.001,900,000 s)
2024-06-03 18:22:46,610 INFO  - My position is not better! (at simulation time 18.001,900,000 s)
2024-06-03 18:22:46,611 INFO  - Recieve a message from other vehicle (at simulation time 18.001,900,000 s)
2024-06-03 18:22:46,612 INFO  - My position is not better! (at simulation time 18.001,900,000 s)
2024-06-03 18:22:46,613 INFO  - Recieve a message from other vehicle (at simulation time 18.002,800,000 s)
2024-06-03 18:22:46,613 INFO  - I'm in better position but no more hops in message (at simulation time 18.002,800,000 s)
2024-06-03 18:22:46,849 INFO  - Called #onVehicleUpdated (at simulation time 19.000,000,000 s)
2024-06-03 18:22:46,853 INFO  - Recieve a message from other vehicle (at simulation time 19.000,400,000 s)
2024-06-03 18:22:46,853 INFO  - My position is not better! (at simulation time 19.000,400,000 s)
2024-06-03 18:22:46,854 INFO  - Recieve a message from other vehicle (at simulation time 19.000,400,000 s)
2024-06-03 18:22:46,854 INFO  - My position is not better! (at simulation time 19.000,400,000 s)
2024-06-03 18:22:46,854 INFO  - Recieve a message from other vehicle (at simulation time 19.001,400,000 s)
2024-06-03 18:22:46,854 INFO  - My position is not better! (at simulation time 19.001,400,000 s)
2024-06-03 18:22:46,854 INFO  - Recieve a message from other vehicle (at simulation time 19.001,400,000 s)
2024-06-03 18:22:46,854 INFO  - My position is not better! (at simulation time 19.001,400,000 s)
2024-06-03 18:22:46,855 INFO  - Recieve a message from other vehicle (at simulation time 19.001,900,000 s)
2024-06-03 18:22:46,855 INFO  - My position is not better! (at simulation time 19.001,900,000 s)
2024-06-03 18:22:46,855 INFO  - Recieve a message from other vehicle (at simulation time 19.001,900,000 s)
2024-06-03 18:22:46,855 INFO  - My position is not better! (at simulation time 19.001,900,000 s)
2024-06-03 18:22:46,856 INFO  - Recieve a message from other vehicle (at simulation time 19.002,400,000 s)
2024-06-03 18:22:46,856 INFO  - My position is not better! (at simulation time 19.002,400,000 s)
2024-06-03 18:22:47,105 INFO  - Called #onVehicleUpdated (at simulation time 20.000,000,000 s)
2024-06-03 18:22:47,107 INFO  - Sending out AdHoc broadcast (at simulation time 20.000,000,000 s)
2024-06-03 18:22:47,108 INFO  - Recieve a message from other vehicle (at simulation time 20.000,400,000 s)
2024-06-03 18:22:47,108 INFO  - My position is not better! (at simulation time 20.000,400,000 s)
2024-06-03 18:22:47,109 INFO  - Recieve a message from other vehicle (at simulation time 20.000,400,000 s)
2024-06-03 18:22:47,109 INFO  - My position is not better! (at simulation time 20.000,400,000 s)
2024-06-03 18:22:47,110 INFO  - Recieve a message from other vehicle (at simulation time 20.000,900,000 s)
2024-06-03 18:22:47,110 INFO  - My position is not better! (at simulation time 20.000,900,000 s)
2024-06-03 18:22:47,110 INFO  - Recieve a message from other vehicle (at simulation time 20.001,400,000 s)
2024-06-03 18:22:47,110 INFO  - My position is not better! (at simulation time 20.001,400,000 s)
2024-06-03 18:22:47,111 INFO  - Recieve a message from other vehicle (at simulation time 20.001,400,000 s)
2024-06-03 18:22:47,111 INFO  - My position is not better! (at simulation time 20.001,400,000 s)
2024-06-03 18:22:47,111 INFO  - Recieve a message from other vehicle (at simulation time 20.001,900,000 s)
2024-06-03 18:22:47,111 INFO  - My position is not better! (at simulation time 20.001,900,000 s)
2024-06-03 18:22:47,348 INFO  - Called #onVehicleUpdated (at simulation time 21.000,000,000 s)
2024-06-03 18:22:47,352 INFO  - Recieve a message from other vehicle (at simulation time 21.000,900,000 s)
2024-06-03 18:22:47,352 INFO  - I'm in better position but no more hops in message (at simulation time 21.000,900,000 s)
2024-06-03 18:22:47,352 INFO  - Recieve a message from other vehicle (at simulation time 21.000,900,000 s)
2024-06-03 18:22:47,352 INFO  - I'm in better position but no more hops in message (at simulation time 21.000,900,000 s)
2024-06-03 18:22:47,352 INFO  - Recieve a message from other vehicle (at simulation time 21.000,900,000 s)
2024-06-03 18:22:47,352 INFO  - I'm in better position but no more hops in message (at simulation time 21.000,900,000 s)
2024-06-03 18:22:47,353 INFO  - Recieve a message from other vehicle (at simulation time 21.000,900,000 s)
2024-06-03 18:22:47,353 INFO  - Recending a message from other vehicle (at simulation time 21.000,900,000 s)
2024-06-03 18:22:47,353 INFO  - Recieve a message from other vehicle (at simulation time 21.001,900,000 s)
2024-06-03 18:22:47,353 INFO  - I'm in better position but no more hops in message (at simulation time 21.001,900,000 s)
2024-06-03 18:22:47,354 INFO  - Recieve a message from other vehicle (at simulation time 21.002,400,000 s)
2024-06-03 18:22:47,354 INFO  - I'm in better position but no more hops in message (at simulation time 21.002,400,000 s)
2024-06-03 18:22:47,354 INFO  - Recieve a message from other vehicle (at simulation time 21.002,400,000 s)
2024-06-03 18:22:47,354 INFO  - I'm in better position but no more hops in message (at simulation time 21.002,400,000 s)
2024-06-03 18:22:47,356 INFO  - Recieve a message from RSU (at simulation time 21.641,427,977 s)
2024-06-03 18:22:47,356 INFO  - RSU Stopped me!!! (at simulation time 21.641,427,977 s)
2024-06-03 18:22:47,357 INFO  - Recieve a message from RSU (at simulation time 21.643,845,890 s)
2024-06-03 18:22:47,601 INFO  - Called #onVehicleUpdated (at simulation time 22.000,000,000 s)
2024-06-03 18:22:47,602 INFO  - Sending out AdHoc broadcast (at simulation time 22.000,000,000 s)
2024-06-03 18:22:47,605 INFO  - Recieve a message from other vehicle (at simulation time 22.000,900,000 s)
2024-06-03 18:22:47,605 INFO  - I'm in better position but no more hops in message (at simulation time 22.000,900,000 s)
2024-06-03 18:22:47,605 INFO  - Recieve a message from other vehicle (at simulation time 22.000,900,000 s)
2024-06-03 18:22:47,605 INFO  - I'm in better position but no more hops in message (at simulation time 22.000,900,000 s)
2024-06-03 18:22:47,605 INFO  - Recieve a message from other vehicle (at simulation time 22.001,400,000 s)
2024-06-03 18:22:47,605 INFO  - I'm in better position but no more hops in message (at simulation time 22.001,400,000 s)
2024-06-03 18:22:47,605 INFO  - Recieve a message from other vehicle (at simulation time 22.001,400,000 s)
2024-06-03 18:22:47,605 INFO  - I'm in better position but no more hops in message (at simulation time 22.001,400,000 s)
2024-06-03 18:22:47,605 INFO  - Recieve a message from other vehicle (at simulation time 22.001,400,000 s)
2024-06-03 18:22:47,606 INFO  - I'm in better position but no more hops in message (at simulation time 22.001,400,000 s)
2024-06-03 18:22:47,606 INFO  - Recieve a message from other vehicle (at simulation time 22.001,800,000 s)
2024-06-03 18:22:47,606 INFO  - I'm in better position but no more hops in message (at simulation time 22.001,800,000 s)
2024-06-03 18:22:47,606 INFO  - Recieve a message from other vehicle (at simulation time 22.001,900,000 s)
2024-06-03 18:22:47,606 INFO  - I'm in better position but no more hops in message (at simulation time 22.001,900,000 s)
2024-06-03 18:22:47,608 INFO  - Recieve a message from RSU (at simulation time 22.322,156,511 s)
2024-06-03 18:22:47,608 INFO  - Recieve a message from RSU (at simulation time 22.329,979,036 s)
2024-06-03 18:22:47,849 INFO  - Called #onVehicleUpdated (at simulation time 23.000,000,000 s)
2024-06-03 18:22:47,852 INFO  - Recieve a message from other vehicle (at simulation time 23.000,400,000 s)
2024-06-03 18:22:47,852 INFO  - My position is not better! (at simulation time 23.000,400,000 s)
2024-06-03 18:22:47,852 INFO  - Recieve a message from other vehicle (at simulation time 23.000,900,000 s)
2024-06-03 18:22:47,852 INFO  - My position is not better! (at simulation time 23.000,900,000 s)
2024-06-03 18:22:47,852 INFO  - Recieve a message from other vehicle (at simulation time 23.001,400,000 s)
2024-06-03 18:22:47,852 INFO  - I'm in better position but no more hops in message (at simulation time 23.001,400,000 s)
2024-06-03 18:22:47,853 INFO  - Recieve a message from other vehicle (at simulation time 23.001,900,000 s)
2024-06-03 18:22:47,853 INFO  - I'm in better position but no more hops in message (at simulation time 23.001,900,000 s)
