2024-06-03 18:13:31,691 INFO  - Initialize Vehicle application (at simulation time 582.000,000,000 s)
2024-06-03 18:13:31,692 INFO  - Activated WLAN Module (at simulation time 582.000,000,000 s)
2024-06-03 18:13:31,692 INFO  - Called #onVehicleUpdated (at simulation time 582.000,000,000 s)
2024-06-03 18:13:31,695 INFO  - Recieve a message from other vehicle (at simulation time 582.000,900,000 s)
2024-06-03 18:13:31,695 INFO  - My position is not better! (at simulation time 582.000,900,000 s)
2024-06-03 18:13:31,701 INFO  - Called #onVehicleUpdated (at simulation time 583.000,000,000 s)
2024-06-03 18:13:31,701 INFO  - Define the name: veh_87 and route: r_5 (at simulation time 583.000,000,000 s)
2024-06-03 18:13:31,701 INFO  - Sending out AdHoc broadcast (at simulation time 583.000,000,000 s)
2024-06-03 18:13:31,704 INFO  - Recieve a message from other vehicle (at simulation time 583.000,900,000 s)
2024-06-03 18:13:31,704 INFO  - My position is not better! (at simulation time 583.000,900,000 s)
2024-06-03 18:13:31,705 INFO  - Recieve a message from other vehicle (at simulation time 583.001,900,000 s)
2024-06-03 18:13:31,705 INFO  - My position is not better! (at simulation time 583.001,900,000 s)
2024-06-03 18:13:31,706 INFO  - Recieve a message from other vehicle (at simulation time 583.002,400,000 s)
2024-06-03 18:13:31,706 INFO  - My position is not better! (at simulation time 583.002,400,000 s)
2024-06-03 18:13:31,706 INFO  - Recieve a message from other vehicle (at simulation time 583.002,400,000 s)
2024-06-03 18:13:31,706 INFO  - My position is not better! (at simulation time 583.002,400,000 s)
2024-06-03 18:13:31,707 INFO  - Recieve a message from other vehicle (at simulation time 583.002,400,000 s)
2024-06-03 18:13:31,707 INFO  - My position is not better! (at simulation time 583.002,400,000 s)
2024-06-03 18:13:31,707 INFO  - Recieve a message from other vehicle (at simulation time 583.002,800,000 s)
2024-06-03 18:13:31,707 INFO  - My position is not better! (at simulation time 583.002,800,000 s)
2024-06-03 18:13:31,710 INFO  - Called #onVehicleUpdated (at simulation time 584.000,000,000 s)
2024-06-03 18:13:31,711 INFO  - Recieve a message from other vehicle (at simulation time 584.000,400,000 s)
2024-06-03 18:13:31,711 INFO  - My position is not better! (at simulation time 584.000,400,000 s)
2024-06-03 18:13:31,711 INFO  - Recieve a message from other vehicle (at simulation time 584.000,400,000 s)
2024-06-03 18:13:31,711 INFO  - My position is not better! (at simulation time 584.000,400,000 s)
2024-06-03 18:13:31,719 INFO  - Called #onVehicleUpdated (at simulation time 585.000,000,000 s)
2024-06-03 18:13:31,719 INFO  - Sending out AdHoc broadcast (at simulation time 585.000,000,000 s)
2024-06-03 18:13:31,720 INFO  - Recieve a message from other vehicle (at simulation time 585.000,400,000 s)
2024-06-03 18:13:31,720 INFO  - My position is not better! (at simulation time 585.000,400,000 s)
2024-06-03 18:13:31,722 INFO  - Recieve a message from other vehicle (at simulation time 585.001,400,000 s)
2024-06-03 18:13:31,722 INFO  - My position is not better! (at simulation time 585.001,400,000 s)
2024-06-03 18:13:31,722 INFO  - Recieve a message from other vehicle (at simulation time 585.001,400,000 s)
2024-06-03 18:13:31,722 INFO  - My position is not better! (at simulation time 585.001,400,000 s)
2024-06-03 18:13:31,722 INFO  - Recieve a message from other vehicle (at simulation time 585.001,900,000 s)
2024-06-03 18:13:31,722 INFO  - My position is not better! (at simulation time 585.001,900,000 s)
2024-06-03 18:13:31,722 INFO  - Recieve a message from other vehicle (at simulation time 585.001,900,000 s)
2024-06-03 18:13:31,722 INFO  - My position is not better! (at simulation time 585.001,900,000 s)
2024-06-03 18:13:31,723 INFO  - Recieve a message from other vehicle (at simulation time 585.001,900,000 s)
2024-06-03 18:13:31,723 INFO  - My position is not better! (at simulation time 585.001,900,000 s)
2024-06-03 18:13:31,727 INFO  - Called #onVehicleUpdated (at simulation time 586.000,000,000 s)
2024-06-03 18:13:31,729 INFO  - Recieve a message from other vehicle (at simulation time 586.000,900,000 s)
2024-06-03 18:13:31,729 INFO  - My position is not better! (at simulation time 586.000,900,000 s)
2024-06-03 18:13:31,731 INFO  - Recieve a message from other vehicle (at simulation time 586.002,400,000 s)
2024-06-03 18:13:31,731 INFO  - My position is not better! (at simulation time 586.002,400,000 s)
2024-06-03 18:13:31,734 INFO  - Called #onVehicleUpdated (at simulation time 587.000,000,000 s)
2024-06-03 18:13:31,734 INFO  - Sending out AdHoc broadcast (at simulation time 587.000,000,000 s)
2024-06-03 18:13:31,735 INFO  - Recieve a message from other vehicle (at simulation time 587.000,400,000 s)
2024-06-03 18:13:31,735 INFO  - My position is not better! (at simulation time 587.000,400,000 s)
2024-06-03 18:13:31,736 INFO  - Recieve a message from other vehicle (at simulation time 587.000,900,000 s)
2024-06-03 18:13:31,736 INFO  - My position is not better! (at simulation time 587.000,900,000 s)
2024-06-03 18:13:31,736 INFO  - Recieve a message from other vehicle (at simulation time 587.000,900,000 s)
2024-06-03 18:13:31,736 INFO  - My position is not better! (at simulation time 587.000,900,000 s)
2024-06-03 18:13:31,736 INFO  - Recieve a message from other vehicle (at simulation time 587.001,400,000 s)
2024-06-03 18:13:31,736 INFO  - My position is not better! (at simulation time 587.001,400,000 s)
2024-06-03 18:13:31,737 INFO  - Recieve a message from other vehicle (at simulation time 587.001,900,000 s)
2024-06-03 18:13:31,737 INFO  - My position is not better! (at simulation time 587.001,900,000 s)
2024-06-03 18:13:31,738 INFO  - Recieve a message from other vehicle (at simulation time 587.001,900,000 s)
2024-06-03 18:13:31,738 INFO  - My position is not better! (at simulation time 587.001,900,000 s)
2024-06-03 18:13:31,741 INFO  - Called #onVehicleUpdated (at simulation time 588.000,000,000 s)
2024-06-03 18:13:31,742 INFO  - Recieve a message from other vehicle (at simulation time 588.000,400,000 s)
2024-06-03 18:13:31,742 INFO  - My position is not better! (at simulation time 588.000,400,000 s)
2024-06-03 18:13:31,745 INFO  - Recieve a message from other vehicle (at simulation time 588.002,400,000 s)
2024-06-03 18:13:31,745 INFO  - My position is not better! (at simulation time 588.002,400,000 s)
2024-06-03 18:13:31,749 INFO  - Called #onVehicleUpdated (at simulation time 589.000,000,000 s)
2024-06-03 18:13:31,749 INFO  - Sending out AdHoc broadcast (at simulation time 589.000,000,000 s)
2024-06-03 18:13:31,752 INFO  - Recieve a message from other vehicle (at simulation time 589.000,900,000 s)
2024-06-03 18:13:31,752 INFO  - My position is not better! (at simulation time 589.000,900,000 s)
2024-06-03 18:13:31,752 INFO  - Recieve a message from other vehicle (at simulation time 589.001,400,000 s)
2024-06-03 18:13:31,752 INFO  - My position is not better! (at simulation time 589.001,400,000 s)
2024-06-03 18:13:31,753 INFO  - Recieve a message from other vehicle (at simulation time 589.001,400,000 s)
2024-06-03 18:13:31,753 INFO  - My position is not better! (at simulation time 589.001,400,000 s)
2024-06-03 18:13:31,753 INFO  - Recieve a message from other vehicle (at simulation time 589.001,400,000 s)
2024-06-03 18:13:31,753 INFO  - My position is not better! (at simulation time 589.001,400,000 s)
2024-06-03 18:13:31,754 INFO  - Recieve a message from other vehicle (at simulation time 589.001,900,000 s)
2024-06-03 18:13:31,754 INFO  - My position is not better! (at simulation time 589.001,900,000 s)
2024-06-03 18:13:31,754 INFO  - Recieve a message from other vehicle (at simulation time 589.002,400,000 s)
2024-06-03 18:13:31,754 INFO  - My position is not better! (at simulation time 589.002,400,000 s)
2024-06-03 18:13:31,758 INFO  - Called #onVehicleUpdated (at simulation time 590.000,000,000 s)
2024-06-03 18:13:31,759 INFO  - Recieve a message from other vehicle (at simulation time 590.000,900,000 s)
2024-06-03 18:13:31,759 INFO  - My position is not better! (at simulation time 590.000,900,000 s)
2024-06-03 18:13:31,761 INFO  - Recieve a message from other vehicle (at simulation time 590.001,900,000 s)
2024-06-03 18:13:31,761 INFO  - My position is not better! (at simulation time 590.001,900,000 s)
2024-06-03 18:13:31,765 INFO  - Called #onVehicleUpdated (at simulation time 591.000,000,000 s)
2024-06-03 18:13:31,765 INFO  - Sending out DENM broadcast (at simulation time 591.000,000,000 s)
2024-06-03 18:13:31,765 INFO  - Sending out AdHoc broadcast (at simulation time 591.000,000,000 s)
2024-06-03 18:13:31,766 INFO  - Recieve a message from other vehicle (at simulation time 591.000,400,000 s)
2024-06-03 18:13:31,766 INFO  - My position is not better! (at simulation time 591.000,400,000 s)
2024-06-03 18:13:31,767 INFO  - Recieve a message from other vehicle (at simulation time 591.000,400,000 s)
2024-06-03 18:13:31,767 INFO  - My position is not better! (at simulation time 591.000,400,000 s)
2024-06-03 18:13:31,768 INFO  - Recieve a message from other vehicle (at simulation time 591.001,400,000 s)
2024-06-03 18:13:31,768 INFO  - My position is not better! (at simulation time 591.001,400,000 s)
2024-06-03 18:13:31,770 INFO  - Recieve a message from other vehicle (at simulation time 591.001,900,000 s)
2024-06-03 18:13:31,770 INFO  - My position is not better! (at simulation time 591.001,900,000 s)
2024-06-03 18:13:31,770 INFO  - Recieve a message from other vehicle (at simulation time 591.002,400,000 s)
2024-06-03 18:13:31,770 INFO  - My position is not better! (at simulation time 591.002,400,000 s)
2024-06-03 18:13:31,771 INFO  - Recieve a message from other vehicle (at simulation time 591.002,400,000 s)
2024-06-03 18:13:31,771 INFO  - My position is not better! (at simulation time 591.002,400,000 s)
2024-06-03 18:13:31,771 INFO  - Recieve a message from other vehicle (at simulation time 591.002,800,000 s)
2024-06-03 18:13:31,771 INFO  - DENM message Recived from veh_87 -info : piso-molhado (at simulation time 591.002,800,000 s)
2024-06-03 18:13:31,771 INFO  - I slow down due to road state (at simulation time 591.002,800,000 s)
2024-06-03 18:13:31,771 INFO  - No more hops in DENM message (at simulation time 591.002,800,000 s)
2024-06-03 18:13:31,774 INFO  - Called #onVehicleUpdated (at simulation time 592.000,000,000 s)
2024-06-03 18:13:31,775 INFO  - Recieve a message from other vehicle (at simulation time 592.000,900,000 s)
2024-06-03 18:13:31,775 INFO  - My position is not better! (at simulation time 592.000,900,000 s)
2024-06-03 18:13:31,776 INFO  - Recieve a message from other vehicle (at simulation time 592.001,400,000 s)
2024-06-03 18:13:31,776 INFO  - My position is not better! (at simulation time 592.001,400,000 s)
2024-06-03 18:13:31,780 INFO  - Called #onVehicleUpdated (at simulation time 593.000,000,000 s)
2024-06-03 18:13:31,780 INFO  - Sending out AdHoc broadcast (at simulation time 593.000,000,000 s)
2024-06-03 18:13:31,781 INFO  - Recieve a message from other vehicle (at simulation time 593.000,400,000 s)
2024-06-03 18:13:31,781 INFO  - My position is not better! (at simulation time 593.000,400,000 s)
2024-06-03 18:13:31,781 INFO  - Recieve a message from other vehicle (at simulation time 593.000,900,000 s)
2024-06-03 18:13:31,781 INFO  - My position is not better! (at simulation time 593.000,900,000 s)
2024-06-03 18:13:31,782 INFO  - Recieve a message from other vehicle (at simulation time 593.000,900,000 s)
2024-06-03 18:13:31,782 INFO  - My position is not better! (at simulation time 593.000,900,000 s)
2024-06-03 18:13:31,782 INFO  - Recieve a message from other vehicle (at simulation time 593.001,400,000 s)
2024-06-03 18:13:31,782 INFO  - My position is not better! (at simulation time 593.001,400,000 s)
2024-06-03 18:13:31,783 INFO  - Recieve a message from other vehicle (at simulation time 593.001,900,000 s)
2024-06-03 18:13:31,783 INFO  - My position is not better! (at simulation time 593.001,900,000 s)
2024-06-03 18:13:31,784 INFO  - Recieve a message from other vehicle (at simulation time 593.002,400,000 s)
2024-06-03 18:13:31,784 INFO  - My position is not better! (at simulation time 593.002,400,000 s)
2024-06-03 18:13:31,786 INFO  - Called #onVehicleUpdated (at simulation time 594.000,000,000 s)
2024-06-03 18:13:31,787 INFO  - Recieve a message from other vehicle (at simulation time 594.000,400,000 s)
2024-06-03 18:13:31,787 INFO  - My position is not better! (at simulation time 594.000,400,000 s)
2024-06-03 18:13:31,788 INFO  - Recieve a message from other vehicle (at simulation time 594.000,900,000 s)
2024-06-03 18:13:31,788 INFO  - My position is not better! (at simulation time 594.000,900,000 s)
2024-06-03 18:13:31,794 INFO  - Called #onVehicleUpdated (at simulation time 595.000,000,000 s)
2024-06-03 18:13:31,795 INFO  - Sending out AdHoc broadcast (at simulation time 595.000,000,000 s)
2024-06-03 18:13:31,796 INFO  - Recieve a message from other vehicle (at simulation time 595.000,900,000 s)
2024-06-03 18:13:31,796 INFO  - My position is not better! (at simulation time 595.000,900,000 s)
2024-06-03 18:13:31,796 INFO  - Recieve a message from other vehicle (at simulation time 595.000,900,000 s)
2024-06-03 18:13:31,796 INFO  - My position is not better! (at simulation time 595.000,900,000 s)
2024-06-03 18:13:31,799 INFO  - Recieve a message from other vehicle (at simulation time 595.001,900,000 s)
2024-06-03 18:13:31,799 INFO  - My position is not better! (at simulation time 595.001,900,000 s)
2024-06-03 18:13:31,799 INFO  - Recieve a message from other vehicle (at simulation time 595.001,900,000 s)
2024-06-03 18:13:31,799 INFO  - My position is not better! (at simulation time 595.001,900,000 s)
2024-06-03 18:13:31,799 INFO  - Recieve a message from other vehicle (at simulation time 595.001,900,000 s)
2024-06-03 18:13:31,799 INFO  - My position is not better! (at simulation time 595.001,900,000 s)
2024-06-03 18:13:31,799 INFO  - Recieve a message from other vehicle (at simulation time 595.002,400,000 s)
2024-06-03 18:13:31,799 INFO  - My position is not better! (at simulation time 595.002,400,000 s)
2024-06-03 18:13:31,802 INFO  - Called #onVehicleUpdated (at simulation time 596.000,000,000 s)
2024-06-03 18:13:31,804 INFO  - Recieve a message from other vehicle (at simulation time 596.001,400,000 s)
2024-06-03 18:13:31,804 INFO  - My position is not better! (at simulation time 596.001,400,000 s)
2024-06-03 18:13:31,805 INFO  - Recieve a message from other vehicle (at simulation time 596.002,400,000 s)
2024-06-03 18:13:31,805 INFO  - My position is not better! (at simulation time 596.002,400,000 s)
2024-06-03 18:13:31,808 INFO  - Called #onVehicleUpdated (at simulation time 597.000,000,000 s)
2024-06-03 18:13:31,809 INFO  - Sending out AdHoc broadcast (at simulation time 597.000,000,000 s)
2024-06-03 18:13:31,810 INFO  - Recieve a message from other vehicle (at simulation time 597.000,400,000 s)
2024-06-03 18:13:31,810 INFO  - My position is not better! (at simulation time 597.000,400,000 s)
2024-06-03 18:13:31,811 INFO  - Recieve a message from other vehicle (at simulation time 597.000,900,000 s)
2024-06-03 18:13:31,811 INFO  - My position is not better! (at simulation time 597.000,900,000 s)
2024-06-03 18:13:31,812 INFO  - Recieve a message from other vehicle (at simulation time 597.000,900,000 s)
2024-06-03 18:13:31,812 INFO  - My position is not better! (at simulation time 597.000,900,000 s)
2024-06-03 18:13:31,812 INFO  - Recieve a message from other vehicle (at simulation time 597.001,900,000 s)
2024-06-03 18:13:31,812 INFO  - My position is not better! (at simulation time 597.001,900,000 s)
2024-06-03 18:13:31,813 INFO  - Recieve a message from other vehicle (at simulation time 597.001,900,000 s)
2024-06-03 18:13:31,813 INFO  - My position is not better! (at simulation time 597.001,900,000 s)
2024-06-03 18:13:31,814 INFO  - Recieve a message from other vehicle (at simulation time 597.002,400,000 s)
2024-06-03 18:13:31,814 INFO  - My position is not better! (at simulation time 597.002,400,000 s)
2024-06-03 18:13:31,816 INFO  - Called #onVehicleUpdated (at simulation time 598.000,000,000 s)
2024-06-03 18:13:31,817 INFO  - Recieve a message from other vehicle (at simulation time 598.000,900,000 s)
2024-06-03 18:13:31,817 INFO  - My position is not better! (at simulation time 598.000,900,000 s)
2024-06-03 18:13:31,819 INFO  - Recieve a message from other vehicle (at simulation time 598.001,900,000 s)
2024-06-03 18:13:31,819 INFO  - My position is not better! (at simulation time 598.001,900,000 s)
2024-06-03 18:13:31,823 INFO  - Called #onVehicleUpdated (at simulation time 599.000,000,000 s)
2024-06-03 18:13:31,823 INFO  - Sending out AdHoc broadcast (at simulation time 599.000,000,000 s)
2024-06-03 18:13:31,825 INFO  - Recieve a message from other vehicle (at simulation time 599.000,400,000 s)
2024-06-03 18:13:31,825 INFO  - My position is not better! (at simulation time 599.000,400,000 s)
2024-06-03 18:13:31,827 INFO  - Recieve a message from other vehicle (at simulation time 599.000,900,000 s)
2024-06-03 18:13:31,827 INFO  - My position is not better! (at simulation time 599.000,900,000 s)
2024-06-03 18:13:31,827 INFO  - Recieve a message from other vehicle (at simulation time 599.001,400,000 s)
2024-06-03 18:13:31,827 INFO  - My position is not better! (at simulation time 599.001,400,000 s)
2024-06-03 18:13:31,828 INFO  - Recieve a message from other vehicle (at simulation time 599.001,400,000 s)
2024-06-03 18:13:31,828 INFO  - My position is not better! (at simulation time 599.001,400,000 s)
2024-06-03 18:13:31,828 INFO  - Recieve a message from other vehicle (at simulation time 599.001,900,000 s)
2024-06-03 18:13:31,828 INFO  - My position is not better! (at simulation time 599.001,900,000 s)
2024-06-03 18:13:31,830 INFO  - Recieve a message from other vehicle (at simulation time 599.002,400,000 s)
2024-06-03 18:13:31,830 INFO  - My position is not better! (at simulation time 599.002,400,000 s)
2024-06-03 18:13:31,832 INFO  - Called #onVehicleUpdated (at simulation time 600.000,000,000 s)
2024-06-03 18:13:31,834 INFO  - Recieve a message from other vehicle (at simulation time 600.000,900,000 s)
2024-06-03 18:13:31,834 INFO  - My position is not better! (at simulation time 600.000,900,000 s)
2024-06-03 18:13:31,835 INFO  - Recieve a message from other vehicle (at simulation time 600.002,400,000 s)
2024-06-03 18:13:31,835 INFO  - My position is not better! (at simulation time 600.002,400,000 s)
2024-06-03 18:13:31,838 INFO  - Called #onVehicleUpdated (at simulation time 601.000,000,000 s)
2024-06-03 18:13:31,839 INFO  - Sending out AdHoc broadcast (at simulation time 601.000,000,000 s)
2024-06-03 18:13:31,840 INFO  - Recieve a message from other vehicle (at simulation time 601.000,400,000 s)
2024-06-03 18:13:31,840 INFO  - My position is not better! (at simulation time 601.000,400,000 s)
2024-06-03 18:13:31,840 INFO  - Recieve a message from other vehicle (at simulation time 601.000,900,000 s)
2024-06-03 18:13:31,840 INFO  - My position is not better! (at simulation time 601.000,900,000 s)
2024-06-03 18:13:31,840 INFO  - Recieve a message from other vehicle (at simulation time 601.000,900,000 s)
2024-06-03 18:13:31,840 INFO  - My position is not better! (at simulation time 601.000,900,000 s)
2024-06-03 18:13:31,843 INFO  - Recieve a message from other vehicle (at simulation time 601.001,400,000 s)
2024-06-03 18:13:31,843 INFO  - My position is not better! (at simulation time 601.001,400,000 s)
2024-06-03 18:13:31,844 INFO  - Recieve a message from other vehicle (at simulation time 601.001,900,000 s)
2024-06-03 18:13:31,844 INFO  - My position is not better! (at simulation time 601.001,900,000 s)
2024-06-03 18:13:31,845 INFO  - Recieve a message from other vehicle (at simulation time 601.002,400,000 s)
2024-06-03 18:13:31,845 INFO  - My position is not better! (at simulation time 601.002,400,000 s)
2024-06-03 18:13:31,849 INFO  - Called #onVehicleUpdated (at simulation time 602.000,000,000 s)
2024-06-03 18:13:31,850 INFO  - Recieve a message from other vehicle (at simulation time 602.000,400,000 s)
2024-06-03 18:13:31,850 INFO  - My position is not better! (at simulation time 602.000,400,000 s)
2024-06-03 18:13:31,851 INFO  - Recieve a message from other vehicle (at simulation time 602.000,900,000 s)
2024-06-03 18:13:31,851 INFO  - My position is not better! (at simulation time 602.000,900,000 s)
2024-06-03 18:13:31,857 INFO  - Called #onVehicleUpdated (at simulation time 603.000,000,000 s)
2024-06-03 18:13:31,857 INFO  - Sending out AdHoc broadcast (at simulation time 603.000,000,000 s)
2024-06-03 18:13:31,858 INFO  - Recieve a message from other vehicle (at simulation time 603.000,400,000 s)
2024-06-03 18:13:31,858 INFO  - My position is not better! (at simulation time 603.000,400,000 s)
2024-06-03 18:13:31,859 INFO  - Recieve a message from other vehicle (at simulation time 603.000,400,000 s)
2024-06-03 18:13:31,859 INFO  - My position is not better! (at simulation time 603.000,400,000 s)
2024-06-03 18:13:31,860 INFO  - Recieve a message from other vehicle (at simulation time 603.000,900,000 s)
2024-06-03 18:13:31,860 INFO  - My position is not better! (at simulation time 603.000,900,000 s)
2024-06-03 18:13:31,861 INFO  - Recieve a message from other vehicle (at simulation time 603.001,400,000 s)
2024-06-03 18:13:31,861 INFO  - My position is not better! (at simulation time 603.001,400,000 s)
2024-06-03 18:13:31,862 INFO  - Recieve a message from other vehicle (at simulation time 603.001,900,000 s)
2024-06-03 18:13:31,862 INFO  - My position is not better! (at simulation time 603.001,900,000 s)
2024-06-03 18:13:31,862 INFO  - Recieve a message from other vehicle (at simulation time 603.002,400,000 s)
2024-06-03 18:13:31,862 INFO  - My position is not better! (at simulation time 603.002,400,000 s)
2024-06-03 18:13:31,865 INFO  - Called #onVehicleUpdated (at simulation time 604.000,000,000 s)
2024-06-03 18:13:31,867 INFO  - Recieve a message from other vehicle (at simulation time 604.000,900,000 s)
2024-06-03 18:13:31,867 INFO  - My position is not better! (at simulation time 604.000,900,000 s)
2024-06-03 18:13:31,868 INFO  - Recieve a message from other vehicle (at simulation time 604.001,900,000 s)
2024-06-03 18:13:31,868 INFO  - My position is not better! (at simulation time 604.001,900,000 s)
2024-06-03 18:13:31,873 INFO  - Called #onVehicleUpdated (at simulation time 605.000,000,000 s)
2024-06-03 18:13:31,873 INFO  - Sending out AdHoc broadcast (at simulation time 605.000,000,000 s)
2024-06-03 18:13:31,875 INFO  - Recieve a message from other vehicle (at simulation time 605.000,900,000 s)
2024-06-03 18:13:31,875 INFO  - My position is not better! (at simulation time 605.000,900,000 s)
2024-06-03 18:13:31,875 INFO  - Recieve a message from other vehicle (at simulation time 605.001,400,000 s)
2024-06-03 18:13:31,875 INFO  - My position is not better! (at simulation time 605.001,400,000 s)
2024-06-03 18:13:31,876 INFO  - Recieve a message from other vehicle (at simulation time 605.001,400,000 s)
2024-06-03 18:13:31,876 INFO  - My position is not better! (at simulation time 605.001,400,000 s)
2024-06-03 18:13:31,877 INFO  - Recieve a message from other vehicle (at simulation time 605.001,900,000 s)
2024-06-03 18:13:31,877 INFO  - My position is not better! (at simulation time 605.001,900,000 s)
2024-06-03 18:13:31,877 INFO  - Recieve a message from other vehicle (at simulation time 605.001,900,000 s)
2024-06-03 18:13:31,877 INFO  - My position is not better! (at simulation time 605.001,900,000 s)
2024-06-03 18:13:31,878 INFO  - Recieve a message from other vehicle (at simulation time 605.002,400,000 s)
2024-06-03 18:13:31,878 INFO  - My position is not better! (at simulation time 605.002,400,000 s)
2024-06-03 18:13:31,880 INFO  - Called #onVehicleUpdated (at simulation time 606.000,000,000 s)
2024-06-03 18:13:31,882 INFO  - Recieve a message from other vehicle (at simulation time 606.000,900,000 s)
2024-06-03 18:13:31,882 INFO  - My position is not better! (at simulation time 606.000,900,000 s)
2024-06-03 18:13:31,884 INFO  - Recieve a message from other vehicle (at simulation time 606.002,400,000 s)
2024-06-03 18:13:31,884 INFO  - My position is not better! (at simulation time 606.002,400,000 s)
2024-06-03 18:13:31,886 INFO  - Called #onVehicleUpdated (at simulation time 607.000,000,000 s)
2024-06-03 18:13:31,887 INFO  - Sending out AdHoc broadcast (at simulation time 607.000,000,000 s)
2024-06-03 18:13:31,887 INFO  - Recieve a message from other vehicle (at simulation time 607.000,400,000 s)
2024-06-03 18:13:31,887 INFO  - My position is not better! (at simulation time 607.000,400,000 s)
2024-06-03 18:13:31,889 INFO  - Recieve a message from other vehicle (at simulation time 607.000,900,000 s)
2024-06-03 18:13:31,889 INFO  - My position is not better! (at simulation time 607.000,900,000 s)
2024-06-03 18:13:31,890 INFO  - Recieve a message from other vehicle (at simulation time 607.000,900,000 s)
2024-06-03 18:13:31,890 INFO  - My position is not better! (at simulation time 607.000,900,000 s)
2024-06-03 18:13:31,890 INFO  - Recieve a message from other vehicle (at simulation time 607.000,900,000 s)
2024-06-03 18:13:31,890 INFO  - My position is not better! (at simulation time 607.000,900,000 s)
2024-06-03 18:13:31,891 INFO  - Recieve a message from other vehicle (at simulation time 607.001,400,000 s)
2024-06-03 18:13:31,891 INFO  - My position is not better! (at simulation time 607.001,400,000 s)
2024-06-03 18:13:31,891 INFO  - Recieve a message from other vehicle (at simulation time 607.001,400,000 s)
2024-06-03 18:13:31,891 INFO  - My position is not better! (at simulation time 607.001,400,000 s)
2024-06-03 18:13:31,895 INFO  - Called #onVehicleUpdated (at simulation time 608.000,000,000 s)
2024-06-03 18:13:31,897 INFO  - Recieve a message from other vehicle (at simulation time 608.000,900,000 s)
2024-06-03 18:13:31,897 INFO  - My position is not better! (at simulation time 608.000,900,000 s)
2024-06-03 18:13:31,897 INFO  - Recieve a message from other vehicle (at simulation time 608.001,400,000 s)
2024-06-03 18:13:31,897 INFO  - My position is not better! (at simulation time 608.001,400,000 s)
2024-06-03 18:13:31,902 INFO  - Called #onVehicleUpdated (at simulation time 609.000,000,000 s)
2024-06-03 18:13:31,902 INFO  - Sending out AdHoc broadcast (at simulation time 609.000,000,000 s)
2024-06-03 18:13:31,904 INFO  - Recieve a message from other vehicle (at simulation time 609.000,400,000 s)
2024-06-03 18:13:31,904 INFO  - My position is not better! (at simulation time 609.000,400,000 s)
2024-06-03 18:13:31,905 INFO  - Recieve a message from other vehicle (at simulation time 609.000,900,000 s)
2024-06-03 18:13:31,905 INFO  - My position is not better! (at simulation time 609.000,900,000 s)
2024-06-03 18:13:31,906 INFO  - Recieve a message from other vehicle (at simulation time 609.001,400,000 s)
2024-06-03 18:13:31,906 INFO  - My position is not better! (at simulation time 609.001,400,000 s)
2024-06-03 18:13:31,906 INFO  - Recieve a message from other vehicle (at simulation time 609.001,900,000 s)
2024-06-03 18:13:31,906 INFO  - My position is not better! (at simulation time 609.001,900,000 s)
2024-06-03 18:13:31,906 INFO  - Recieve a message from other vehicle (at simulation time 609.001,900,000 s)
2024-06-03 18:13:31,906 INFO  - My position is not better! (at simulation time 609.001,900,000 s)
2024-06-03 18:13:31,910 INFO  - Recieve a message from other vehicle (at simulation time 609.002,400,000 s)
2024-06-03 18:13:31,910 INFO  - My position is not better! (at simulation time 609.002,400,000 s)
2024-06-03 18:13:31,913 INFO  - Called #onVehicleUpdated (at simulation time 610.000,000,000 s)
2024-06-03 18:13:31,914 INFO  - Recieve a message from other vehicle (at simulation time 610.000,400,000 s)
2024-06-03 18:13:31,914 INFO  - My position is not better! (at simulation time 610.000,400,000 s)
2024-06-03 18:13:31,915 INFO  - Recieve a message from other vehicle (at simulation time 610.001,400,000 s)
2024-06-03 18:13:31,915 INFO  - My position is not better! (at simulation time 610.001,400,000 s)
2024-06-03 18:13:31,919 INFO  - Called #onVehicleUpdated (at simulation time 611.000,000,000 s)
2024-06-03 18:13:31,919 INFO  - Sending out AdHoc broadcast (at simulation time 611.000,000,000 s)
2024-06-03 18:13:31,921 INFO  - Recieve a message from other vehicle (at simulation time 611.000,400,000 s)
2024-06-03 18:13:31,921 INFO  - My position is not better! (at simulation time 611.000,400,000 s)
2024-06-03 18:13:31,921 INFO  - Recieve a message from other vehicle (at simulation time 611.000,400,000 s)
2024-06-03 18:13:31,921 INFO  - My position is not better! (at simulation time 611.000,400,000 s)
2024-06-03 18:13:31,922 INFO  - Recieve a message from other vehicle (at simulation time 611.001,400,000 s)
2024-06-03 18:13:31,922 INFO  - My position is not better! (at simulation time 611.001,400,000 s)
2024-06-03 18:13:31,922 INFO  - Recieve a message from other vehicle (at simulation time 611.001,400,000 s)
2024-06-03 18:13:31,922 INFO  - My position is not better! (at simulation time 611.001,400,000 s)
2024-06-03 18:13:31,923 INFO  - Recieve a message from other vehicle (at simulation time 611.001,900,000 s)
2024-06-03 18:13:31,923 INFO  - My position is not better! (at simulation time 611.001,900,000 s)
2024-06-03 18:13:31,923 INFO  - Recieve a message from other vehicle (at simulation time 611.002,400,000 s)
2024-06-03 18:13:31,923 INFO  - My position is not better! (at simulation time 611.002,400,000 s)
2024-06-03 18:13:31,927 INFO  - Called #onVehicleUpdated (at simulation time 612.000,000,000 s)
2024-06-03 18:13:31,928 INFO  - Recieve a message from other vehicle (at simulation time 612.000,900,000 s)
2024-06-03 18:13:31,928 INFO  - My position is not better! (at simulation time 612.000,900,000 s)
2024-06-03 18:13:31,929 INFO  - Recieve a message from other vehicle (at simulation time 612.001,900,000 s)
2024-06-03 18:13:31,929 INFO  - My position is not better! (at simulation time 612.001,900,000 s)
2024-06-03 18:13:31,932 INFO  - Called #onVehicleUpdated (at simulation time 613.000,000,000 s)
2024-06-03 18:13:31,933 INFO  - Sending out AdHoc broadcast (at simulation time 613.000,000,000 s)
2024-06-03 18:13:31,935 INFO  - Recieve a message from other vehicle (at simulation time 613.000,900,000 s)
2024-06-03 18:13:31,935 INFO  - My position is not better! (at simulation time 613.000,900,000 s)
2024-06-03 18:13:31,935 INFO  - Recieve a message from other vehicle (at simulation time 613.000,900,000 s)
2024-06-03 18:13:31,935 INFO  - My position is not better! (at simulation time 613.000,900,000 s)
2024-06-03 18:13:31,935 INFO  - Recieve a message from other vehicle (at simulation time 613.001,400,000 s)
2024-06-03 18:13:31,935 INFO  - My position is not better! (at simulation time 613.001,400,000 s)
2024-06-03 18:13:31,935 INFO  - Recieve a message from other vehicle (at simulation time 613.001,900,000 s)
2024-06-03 18:13:31,935 INFO  - My position is not better! (at simulation time 613.001,900,000 s)
2024-06-03 18:13:31,936 INFO  - Recieve a message from other vehicle (at simulation time 613.001,900,000 s)
2024-06-03 18:13:31,936 INFO  - My position is not better! (at simulation time 613.001,900,000 s)
2024-06-03 18:13:31,936 INFO  - Recieve a message from other vehicle (at simulation time 613.001,900,000 s)
2024-06-03 18:13:31,936 INFO  - My position is not better! (at simulation time 613.001,900,000 s)
2024-06-03 18:13:31,939 INFO  - Called #onVehicleUpdated (at simulation time 614.000,000,000 s)
2024-06-03 18:13:31,942 INFO  - Recieve a message from other vehicle (at simulation time 614.001,900,000 s)
2024-06-03 18:13:31,942 INFO  - My position is not better! (at simulation time 614.001,900,000 s)
2024-06-03 18:13:31,943 INFO  - Recieve a message from other vehicle (at simulation time 614.002,400,000 s)
2024-06-03 18:13:31,943 INFO  - My position is not better! (at simulation time 614.002,400,000 s)
2024-06-03 18:13:31,947 INFO  - Called #onVehicleUpdated (at simulation time 615.000,000,000 s)
2024-06-03 18:13:31,947 INFO  - Sending out AdHoc broadcast (at simulation time 615.000,000,000 s)
2024-06-03 18:13:31,947 INFO  - Recieve a message from other vehicle (at simulation time 615.000,400,000 s)
2024-06-03 18:13:31,947 INFO  - My position is not better! (at simulation time 615.000,400,000 s)
2024-06-03 18:13:31,950 INFO  - Recieve a message from other vehicle (at simulation time 615.001,400,000 s)
2024-06-03 18:13:31,950 INFO  - My position is not better! (at simulation time 615.001,400,000 s)
2024-06-03 18:13:31,950 INFO  - Recieve a message from other vehicle (at simulation time 615.001,400,000 s)
2024-06-03 18:13:31,950 INFO  - My position is not better! (at simulation time 615.001,400,000 s)
2024-06-03 18:13:31,950 INFO  - Recieve a message from other vehicle (at simulation time 615.001,900,000 s)
2024-06-03 18:13:31,950 INFO  - My position is not better! (at simulation time 615.001,900,000 s)
2024-06-03 18:13:31,950 INFO  - Recieve a message from other vehicle (at simulation time 615.001,900,000 s)
2024-06-03 18:13:31,950 INFO  - My position is not better! (at simulation time 615.001,900,000 s)
2024-06-03 18:13:31,950 INFO  - Recieve a message from other vehicle (at simulation time 615.002,400,000 s)
2024-06-03 18:13:31,950 INFO  - My position is not better! (at simulation time 615.002,400,000 s)
2024-06-03 18:13:31,953 INFO  - Called #onVehicleUpdated (at simulation time 616.000,000,000 s)
2024-06-03 18:13:31,956 INFO  - Recieve a message from other vehicle (at simulation time 616.001,900,000 s)
2024-06-03 18:13:31,956 INFO  - My position is not better! (at simulation time 616.001,900,000 s)
2024-06-03 18:13:31,956 INFO  - Recieve a message from other vehicle (at simulation time 616.001,900,000 s)
2024-06-03 18:13:31,956 INFO  - My position is not better! (at simulation time 616.001,900,000 s)
2024-06-03 18:13:31,960 INFO  - Called #onVehicleUpdated (at simulation time 617.000,000,000 s)
2024-06-03 18:13:31,960 INFO  - Sending out AdHoc broadcast (at simulation time 617.000,000,000 s)
2024-06-03 18:13:31,961 INFO  - Recieve a message from other vehicle (at simulation time 617.000,400,000 s)
2024-06-03 18:13:31,961 INFO  - My position is not better! (at simulation time 617.000,400,000 s)
2024-06-03 18:13:31,962 INFO  - Recieve a message from other vehicle (at simulation time 617.000,900,000 s)
2024-06-03 18:13:31,962 INFO  - My position is not better! (at simulation time 617.000,900,000 s)
2024-06-03 18:13:31,962 INFO  - Recieve a message from other vehicle (at simulation time 617.000,900,000 s)
2024-06-03 18:13:31,962 INFO  - My position is not better! (at simulation time 617.000,900,000 s)
2024-06-03 18:13:31,963 INFO  - Recieve a message from other vehicle (at simulation time 617.001,400,000 s)
2024-06-03 18:13:31,963 INFO  - My position is not better! (at simulation time 617.001,400,000 s)
2024-06-03 18:13:31,964 INFO  - Recieve a message from other vehicle (at simulation time 617.001,900,000 s)
2024-06-03 18:13:31,964 INFO  - My position is not better! (at simulation time 617.001,900,000 s)
2024-06-03 18:13:31,965 INFO  - Recieve a message from other vehicle (at simulation time 617.002,400,000 s)
2024-06-03 18:13:31,965 INFO  - My position is not better! (at simulation time 617.002,400,000 s)
2024-06-03 18:13:31,970 INFO  - Called #onVehicleUpdated (at simulation time 618.000,000,000 s)
2024-06-03 18:13:31,971 INFO  - Recieve a message from other vehicle (at simulation time 618.000,400,000 s)
2024-06-03 18:13:31,971 INFO  - My position is not better! (at simulation time 618.000,400,000 s)
2024-06-03 18:13:31,974 INFO  - Recieve a message from other vehicle (at simulation time 618.001,400,000 s)
2024-06-03 18:13:31,974 INFO  - My position is not better! (at simulation time 618.001,400,000 s)
2024-06-03 18:13:31,980 INFO  - Called #onVehicleUpdated (at simulation time 619.000,000,000 s)
2024-06-03 18:13:31,980 INFO  - Sending out AdHoc broadcast (at simulation time 619.000,000,000 s)
2024-06-03 18:13:31,982 INFO  - Recieve a message from other vehicle (at simulation time 619.000,400,000 s)
2024-06-03 18:13:31,982 INFO  - My position is not better! (at simulation time 619.000,400,000 s)
2024-06-03 18:13:31,982 INFO  - Recieve a message from other vehicle (at simulation time 619.000,400,000 s)
2024-06-03 18:13:31,982 INFO  - My position is not better! (at simulation time 619.000,400,000 s)
2024-06-03 18:13:31,982 INFO  - Recieve a message from other vehicle (at simulation time 619.000,400,000 s)
2024-06-03 18:13:31,982 INFO  - Recending a message from other vehicle (at simulation time 619.000,400,000 s)
2024-06-03 18:13:31,983 INFO  - Recieve a message from other vehicle (at simulation time 619.001,400,000 s)
2024-06-03 18:13:31,983 INFO  - My position is not better! (at simulation time 619.001,400,000 s)
2024-06-03 18:13:31,983 INFO  - Recieve a message from other vehicle (at simulation time 619.001,900,000 s)
2024-06-03 18:13:31,983 INFO  - My position is not better! (at simulation time 619.001,900,000 s)
2024-06-03 18:13:31,984 INFO  - Recieve a message from other vehicle (at simulation time 619.001,900,000 s)
2024-06-03 18:13:31,984 INFO  - My position is not better! (at simulation time 619.001,900,000 s)
2024-06-03 18:13:31,984 INFO  - Recieve a message from other vehicle (at simulation time 619.002,400,000 s)
2024-06-03 18:13:31,984 INFO  - My position is not better! (at simulation time 619.002,400,000 s)
2024-06-03 18:13:31,989 INFO  - Called #onVehicleUpdated (at simulation time 620.000,000,000 s)
2024-06-03 18:13:31,990 INFO  - Recieve a message from other vehicle (at simulation time 620.000,400,000 s)
2024-06-03 18:13:31,990 INFO  - My position is not better! (at simulation time 620.000,400,000 s)
2024-06-03 18:13:31,991 INFO  - Recieve a message from other vehicle (at simulation time 620.000,900,000 s)
2024-06-03 18:13:31,991 INFO  - My position is not better! (at simulation time 620.000,900,000 s)
2024-06-03 18:13:31,998 INFO  - Called #onVehicleUpdated (at simulation time 621.000,000,000 s)
2024-06-03 18:13:31,998 INFO  - Sending out AdHoc broadcast (at simulation time 621.000,000,000 s)
2024-06-03 18:13:31,999 INFO  - Recieve a message from other vehicle (at simulation time 621.000,400,000 s)
2024-06-03 18:13:31,999 INFO  - My position is not better! (at simulation time 621.000,400,000 s)
2024-06-03 18:13:32,000 INFO  - Recieve a message from other vehicle (at simulation time 621.000,400,000 s)
2024-06-03 18:13:32,000 INFO  - My position is not better! (at simulation time 621.000,400,000 s)
2024-06-03 18:13:32,000 INFO  - Recieve a message from other vehicle (at simulation time 621.000,400,000 s)
2024-06-03 18:13:32,000 INFO  - My position is not better! (at simulation time 621.000,400,000 s)
2024-06-03 18:13:32,000 INFO  - Recieve a message from other vehicle (at simulation time 621.000,900,000 s)
2024-06-03 18:13:32,000 INFO  - My position is not better! (at simulation time 621.000,900,000 s)
2024-06-03 18:13:32,002 INFO  - Recieve a message from other vehicle (at simulation time 621.002,400,000 s)
2024-06-03 18:13:32,002 INFO  - My position is not better! (at simulation time 621.002,400,000 s)
2024-06-03 18:13:32,003 INFO  - Recieve a message from other vehicle (at simulation time 621.002,400,000 s)
2024-06-03 18:13:32,003 INFO  - My position is not better! (at simulation time 621.002,400,000 s)
2024-06-03 18:13:32,003 INFO  - Recieve a message from other vehicle (at simulation time 621.002,400,000 s)
2024-06-03 18:13:32,003 INFO  - I'm in better position but no more hops in message (at simulation time 621.002,400,000 s)
2024-06-03 18:13:32,007 INFO  - Called #onVehicleUpdated (at simulation time 622.000,000,000 s)
2024-06-03 18:13:32,008 INFO  - Recieve a message from other vehicle (at simulation time 622.000,900,000 s)
2024-06-03 18:13:32,008 INFO  - My position is not better! (at simulation time 622.000,900,000 s)
2024-06-03 18:13:32,009 INFO  - Recieve a message from other vehicle (at simulation time 622.001,400,000 s)
2024-06-03 18:13:32,009 INFO  - My position is not better! (at simulation time 622.001,400,000 s)
2024-06-03 18:13:32,014 INFO  - Called #onVehicleUpdated (at simulation time 623.000,000,000 s)
2024-06-03 18:13:32,015 INFO  - Sending out AdHoc broadcast (at simulation time 623.000,000,000 s)
2024-06-03 18:13:32,017 INFO  - Recieve a message from other vehicle (at simulation time 623.000,900,000 s)
2024-06-03 18:13:32,017 INFO  - I'm in better position but no more hops in message (at simulation time 623.000,900,000 s)
2024-06-03 18:13:32,018 INFO  - Recieve a message from other vehicle (at simulation time 623.001,400,000 s)
2024-06-03 18:13:32,018 INFO  - My position is not better! (at simulation time 623.001,400,000 s)
2024-06-03 18:13:32,018 INFO  - Recieve a message from other vehicle (at simulation time 623.001,400,000 s)
2024-06-03 18:13:32,018 INFO  - My position is not better! (at simulation time 623.001,400,000 s)
2024-06-03 18:13:32,018 INFO  - Recieve a message from other vehicle (at simulation time 623.001,400,000 s)
2024-06-03 18:13:32,018 INFO  - My position is not better! (at simulation time 623.001,400,000 s)
2024-06-03 18:13:32,018 INFO  - Recieve a message from other vehicle (at simulation time 623.001,900,000 s)
2024-06-03 18:13:32,018 INFO  - My position is not better! (at simulation time 623.001,900,000 s)
2024-06-03 18:13:32,018 INFO  - Recieve a message from other vehicle (at simulation time 623.001,900,000 s)
2024-06-03 18:13:32,018 INFO  - My position is not better! (at simulation time 623.001,900,000 s)
2024-06-03 18:13:32,019 INFO  - Recieve a message from other vehicle (at simulation time 623.002,400,000 s)
2024-06-03 18:13:32,019 INFO  - My position is not better! (at simulation time 623.002,400,000 s)
2024-06-03 18:13:32,022 INFO  - Called #onVehicleUpdated (at simulation time 624.000,000,000 s)
2024-06-03 18:13:32,025 INFO  - Recieve a message from other vehicle (at simulation time 624.001,900,000 s)
2024-06-03 18:13:32,025 INFO  - My position is not better! (at simulation time 624.001,900,000 s)
2024-06-03 18:13:32,026 INFO  - Recieve a message from other vehicle (at simulation time 624.002,400,000 s)
2024-06-03 18:13:32,026 INFO  - My position is not better! (at simulation time 624.002,400,000 s)
2024-06-03 18:13:32,030 INFO  - Called #onVehicleUpdated (at simulation time 625.000,000,000 s)
2024-06-03 18:13:32,030 INFO  - Sending out AdHoc broadcast (at simulation time 625.000,000,000 s)
2024-06-03 18:13:32,033 INFO  - Recieve a message from other vehicle (at simulation time 625.001,400,000 s)
2024-06-03 18:13:32,033 INFO  - My position is not better! (at simulation time 625.001,400,000 s)
2024-06-03 18:13:32,033 INFO  - Recieve a message from other vehicle (at simulation time 625.001,400,000 s)
2024-06-03 18:13:32,033 INFO  - My position is not better! (at simulation time 625.001,400,000 s)
2024-06-03 18:13:32,033 INFO  - Recieve a message from other vehicle (at simulation time 625.001,400,000 s)
2024-06-03 18:13:32,033 INFO  - My position is not better! (at simulation time 625.001,400,000 s)
2024-06-03 18:13:32,033 INFO  - Recieve a message from other vehicle (at simulation time 625.001,400,000 s)
2024-06-03 18:13:32,033 INFO  - My position is not better! (at simulation time 625.001,400,000 s)
2024-06-03 18:13:32,033 INFO  - Recieve a message from other vehicle (at simulation time 625.001,400,000 s)
2024-06-03 18:13:32,033 INFO  - I'm in better position but no more hops in message (at simulation time 625.001,400,000 s)
2024-06-03 18:13:32,033 INFO  - Recieve a message from other vehicle (at simulation time 625.001,900,000 s)
2024-06-03 18:13:32,033 INFO  - My position is not better! (at simulation time 625.001,900,000 s)
2024-06-03 18:13:32,034 INFO  - Recieve a message from other vehicle (at simulation time 625.001,900,000 s)
2024-06-03 18:13:32,034 INFO  - My position is not better! (at simulation time 625.001,900,000 s)
2024-06-03 18:13:32,037 INFO  - Called #onVehicleUpdated (at simulation time 626.000,000,000 s)
2024-06-03 18:13:32,040 INFO  - Recieve a message from other vehicle (at simulation time 626.001,400,000 s)
2024-06-03 18:13:32,040 INFO  - My position is not better! (at simulation time 626.001,400,000 s)
2024-06-03 18:13:32,041 INFO  - Recieve a message from other vehicle (at simulation time 626.001,900,000 s)
2024-06-03 18:13:32,041 INFO  - My position is not better! (at simulation time 626.001,900,000 s)
2024-06-03 18:13:32,045 INFO  - Called #onVehicleUpdated (at simulation time 627.000,000,000 s)
2024-06-03 18:13:32,045 INFO  - Sending out AdHoc broadcast (at simulation time 627.000,000,000 s)
2024-06-03 18:13:32,047 INFO  - Recieve a message from other vehicle (at simulation time 627.000,900,000 s)
2024-06-03 18:13:32,047 INFO  - DENM message Recived from veh_91 -info : seco (at simulation time 627.000,900,000 s)
2024-06-03 18:13:32,047 INFO  - No more hops in DENM message (at simulation time 627.000,900,000 s)
2024-06-03 18:13:32,048 INFO  - Recieve a message from other vehicle (at simulation time 627.001,400,000 s)
2024-06-03 18:13:32,048 INFO  - My position is not better! (at simulation time 627.001,400,000 s)
2024-06-03 18:13:32,049 INFO  - Recieve a message from other vehicle (at simulation time 627.001,400,000 s)
2024-06-03 18:13:32,049 INFO  - My position is not better! (at simulation time 627.001,400,000 s)
2024-06-03 18:13:32,049 INFO  - Recieve a message from other vehicle (at simulation time 627.001,400,000 s)
2024-06-03 18:13:32,049 INFO  - I'm in better position but no more hops in message (at simulation time 627.001,400,000 s)
2024-06-03 18:13:32,050 INFO  - Recieve a message from other vehicle (at simulation time 627.001,900,000 s)
2024-06-03 18:13:32,050 INFO  - My position is not better! (at simulation time 627.001,900,000 s)
2024-06-03 18:13:32,050 INFO  - Recieve a message from other vehicle (at simulation time 627.001,900,000 s)
2024-06-03 18:13:32,050 INFO  - My position is not better! (at simulation time 627.001,900,000 s)
2024-06-03 18:13:32,050 INFO  - Recieve a message from other vehicle (at simulation time 627.002,300,000 s)
2024-06-03 18:13:32,050 INFO  - DENM message Recived from veh_91 -info : seco (at simulation time 627.002,300,000 s)
2024-06-03 18:13:32,050 INFO  - No more hops in DENM message (at simulation time 627.002,300,000 s)
2024-06-03 18:13:32,050 INFO  - Recieve a message from other vehicle (at simulation time 627.002,400,000 s)
2024-06-03 18:13:32,050 INFO  - My position is not better! (at simulation time 627.002,400,000 s)
2024-06-03 18:13:32,051 INFO  - Recieve a message from other vehicle (at simulation time 627.002,400,000 s)
2024-06-03 18:13:32,051 INFO  - My position is not better! (at simulation time 627.002,400,000 s)
2024-06-03 18:13:32,053 INFO  - Called #onVehicleUpdated (at simulation time 628.000,000,000 s)
2024-06-03 18:13:32,056 INFO  - Recieve a message from other vehicle (at simulation time 628.001,400,000 s)
2024-06-03 18:13:32,056 INFO  - My position is not better! (at simulation time 628.001,400,000 s)
2024-06-03 18:13:32,057 INFO  - Recieve a message from other vehicle (at simulation time 628.002,400,000 s)
2024-06-03 18:13:32,057 INFO  - My position is not better! (at simulation time 628.002,400,000 s)
2024-06-03 18:13:32,060 INFO  - Called #onVehicleUpdated (at simulation time 629.000,000,000 s)
2024-06-03 18:13:32,061 INFO  - Sending out AdHoc broadcast (at simulation time 629.000,000,000 s)
2024-06-03 18:13:32,062 INFO  - Recieve a message from other vehicle (at simulation time 629.000,400,000 s)
2024-06-03 18:13:32,062 INFO  - My position is not better! (at simulation time 629.000,400,000 s)
2024-06-03 18:13:32,062 INFO  - Recieve a message from other vehicle (at simulation time 629.000,400,000 s)
2024-06-03 18:13:32,062 INFO  - My position is not better! (at simulation time 629.000,400,000 s)
2024-06-03 18:13:32,063 INFO  - Recieve a message from other vehicle (at simulation time 629.000,900,000 s)
2024-06-03 18:13:32,063 INFO  - My position is not better! (at simulation time 629.000,900,000 s)
2024-06-03 18:13:32,063 INFO  - Recieve a message from other vehicle (at simulation time 629.001,900,000 s)
2024-06-03 18:13:32,063 INFO  - My position is not better! (at simulation time 629.001,900,000 s)
2024-06-03 18:13:32,064 INFO  - Recieve a message from other vehicle (at simulation time 629.001,900,000 s)
2024-06-03 18:13:32,064 INFO  - My position is not better! (at simulation time 629.001,900,000 s)
2024-06-03 18:13:32,064 INFO  - Recieve a message from other vehicle (at simulation time 629.001,900,000 s)
2024-06-03 18:13:32,064 INFO  - I'm in better position but no more hops in message (at simulation time 629.001,900,000 s)
2024-06-03 18:13:32,064 INFO  - Recieve a message from other vehicle (at simulation time 629.002,400,000 s)
2024-06-03 18:13:32,064 INFO  - My position is not better! (at simulation time 629.002,400,000 s)
2024-06-03 18:13:32,068 INFO  - Called #onVehicleUpdated (at simulation time 630.000,000,000 s)
2024-06-03 18:13:32,068 INFO  - Recieve a message from other vehicle (at simulation time 630.000,400,000 s)
2024-06-03 18:13:32,068 INFO  - My position is not better! (at simulation time 630.000,400,000 s)
2024-06-03 18:13:32,071 INFO  - Recieve a message from other vehicle (at simulation time 630.002,400,000 s)
2024-06-03 18:13:32,071 INFO  - My position is not better! (at simulation time 630.002,400,000 s)
2024-06-03 18:13:32,074 INFO  - Called #onVehicleUpdated (at simulation time 631.000,000,000 s)
2024-06-03 18:13:32,074 INFO  - Sending out AdHoc broadcast (at simulation time 631.000,000,000 s)
2024-06-03 18:13:32,076 INFO  - Recieve a message from other vehicle (at simulation time 631.000,400,000 s)
2024-06-03 18:13:32,076 INFO  - My position is not better! (at simulation time 631.000,400,000 s)
2024-06-03 18:13:32,076 INFO  - Recieve a message from other vehicle (at simulation time 631.000,900,000 s)
2024-06-03 18:13:32,076 INFO  - My position is not better! (at simulation time 631.000,900,000 s)
2024-06-03 18:13:32,078 INFO  - Recieve a message from other vehicle (at simulation time 631.001,400,000 s)
2024-06-03 18:13:32,078 INFO  - My position is not better! (at simulation time 631.001,400,000 s)
2024-06-03 18:13:32,079 INFO  - Recieve a message from other vehicle (at simulation time 631.001,900,000 s)
2024-06-03 18:13:32,079 INFO  - My position is not better! (at simulation time 631.001,900,000 s)
2024-06-03 18:13:32,079 INFO  - Recieve a message from other vehicle (at simulation time 631.002,400,000 s)
2024-06-03 18:13:32,079 INFO  - My position is not better! (at simulation time 631.002,400,000 s)
2024-06-03 18:13:32,079 INFO  - Recieve a message from other vehicle (at simulation time 631.002,400,000 s)
2024-06-03 18:13:32,079 INFO  - My position is not better! (at simulation time 631.002,400,000 s)
2024-06-03 18:13:32,079 INFO  - Recieve a message from other vehicle (at simulation time 631.002,400,000 s)
2024-06-03 18:13:32,079 INFO  - I'm in better position but no more hops in message (at simulation time 631.002,400,000 s)
2024-06-03 18:13:32,082 INFO  - Called #onVehicleUpdated (at simulation time 632.000,000,000 s)
2024-06-03 18:13:32,083 INFO  - Recieve a message from other vehicle (at simulation time 632.000,400,000 s)
2024-06-03 18:13:32,083 INFO  - My position is not better! (at simulation time 632.000,400,000 s)
2024-06-03 18:13:32,083 INFO  - Recieve a message from other vehicle (at simulation time 632.000,400,000 s)
2024-06-03 18:13:32,083 INFO  - My position is not better! (at simulation time 632.000,400,000 s)
2024-06-03 18:13:32,088 INFO  - Called #onVehicleUpdated (at simulation time 633.000,000,000 s)
2024-06-03 18:13:32,088 INFO  - Sending out AdHoc broadcast (at simulation time 633.000,000,000 s)
2024-06-03 18:13:32,089 INFO  - Recieve a message from other vehicle (at simulation time 633.000,400,000 s)
2024-06-03 18:13:32,089 INFO  - My position is not better! (at simulation time 633.000,400,000 s)
2024-06-03 18:13:32,090 INFO  - Recieve a message from other vehicle (at simulation time 633.000,900,000 s)
2024-06-03 18:13:32,090 INFO  - My position is not better! (at simulation time 633.000,900,000 s)
2024-06-03 18:13:32,091 INFO  - Recieve a message from other vehicle (at simulation time 633.001,400,000 s)
2024-06-03 18:13:32,091 INFO  - My position is not better! (at simulation time 633.001,400,000 s)
2024-06-03 18:13:32,092 INFO  - Recieve a message from other vehicle (at simulation time 633.001,400,000 s)
2024-06-03 18:13:32,092 INFO  - I'm in better position but no more hops in message (at simulation time 633.001,400,000 s)
2024-06-03 18:13:32,092 INFO  - Recieve a message from other vehicle (at simulation time 633.001,900,000 s)
2024-06-03 18:13:32,093 INFO  - My position is not better! (at simulation time 633.001,900,000 s)
2024-06-03 18:13:32,093 INFO  - Recieve a message from other vehicle (at simulation time 633.002,400,000 s)
2024-06-03 18:13:32,093 INFO  - My position is not better! (at simulation time 633.002,400,000 s)
2024-06-03 18:13:32,093 INFO  - Recieve a message from other vehicle (at simulation time 633.002,400,000 s)
2024-06-03 18:13:32,093 INFO  - My position is not better! (at simulation time 633.002,400,000 s)
2024-06-03 18:13:32,096 INFO  - Called #onVehicleUpdated (at simulation time 634.000,000,000 s)
2024-06-03 18:13:32,099 INFO  - Recieve a message from other vehicle (at simulation time 634.002,400,000 s)
2024-06-03 18:13:32,099 INFO  - My position is not better! (at simulation time 634.002,400,000 s)
2024-06-03 18:13:32,099 INFO  - Recieve a message from other vehicle (at simulation time 634.002,400,000 s)
2024-06-03 18:13:32,099 INFO  - My position is not better! (at simulation time 634.002,400,000 s)
2024-06-03 18:13:32,102 INFO  - Called #onVehicleUpdated (at simulation time 635.000,000,000 s)
2024-06-03 18:13:32,103 INFO  - Sending out AdHoc broadcast (at simulation time 635.000,000,000 s)
2024-06-03 18:13:32,106 INFO  - Recieve a message from other vehicle (at simulation time 635.001,400,000 s)
2024-06-03 18:13:32,106 INFO  - My position is not better! (at simulation time 635.001,400,000 s)
2024-06-03 18:13:32,106 INFO  - Recieve a message from other vehicle (at simulation time 635.001,400,000 s)
2024-06-03 18:13:32,106 INFO  - My position is not better! (at simulation time 635.001,400,000 s)
2024-06-03 18:13:32,107 INFO  - Recieve a message from other vehicle (at simulation time 635.002,400,000 s)
2024-06-03 18:13:32,107 INFO  - My position is not better! (at simulation time 635.002,400,000 s)
2024-06-03 18:13:32,107 INFO  - Recieve a message from other vehicle (at simulation time 635.002,400,000 s)
2024-06-03 18:13:32,107 INFO  - My position is not better! (at simulation time 635.002,400,000 s)
2024-06-03 18:13:32,108 INFO  - Recieve a message from other vehicle (at simulation time 635.002,400,000 s)
2024-06-03 18:13:32,108 INFO  - My position is not better! (at simulation time 635.002,400,000 s)
2024-06-03 18:13:32,108 INFO  - Recieve a message from other vehicle (at simulation time 635.002,400,000 s)
2024-06-03 18:13:32,108 INFO  - My position is not better! (at simulation time 635.002,400,000 s)
2024-06-03 18:13:32,108 INFO  - Recieve a message from other vehicle (at simulation time 635.002,400,000 s)
2024-06-03 18:13:32,108 INFO  - I'm in better position but no more hops in message (at simulation time 635.002,400,000 s)
2024-06-03 18:13:32,111 INFO  - Called #onVehicleUpdated (at simulation time 636.000,000,000 s)
2024-06-03 18:13:32,113 INFO  - Recieve a message from other vehicle (at simulation time 636.001,400,000 s)
2024-06-03 18:13:32,113 INFO  - My position is not better! (at simulation time 636.001,400,000 s)
2024-06-03 18:13:32,113 INFO  - Recieve a message from other vehicle (at simulation time 636.001,400,000 s)
2024-06-03 18:13:32,113 INFO  - My position is not better! (at simulation time 636.001,400,000 s)
2024-06-03 18:13:32,117 INFO  - Called #onVehicleUpdated (at simulation time 637.000,000,000 s)
2024-06-03 18:13:32,117 INFO  - Sending out AdHoc broadcast (at simulation time 637.000,000,000 s)
2024-06-03 18:13:32,120 INFO  - Recieve a message from other vehicle (at simulation time 637.000,900,000 s)
2024-06-03 18:13:32,120 INFO  - My position is not better! (at simulation time 637.000,900,000 s)
2024-06-03 18:13:32,120 INFO  - Recieve a message from other vehicle (at simulation time 637.000,900,000 s)
2024-06-03 18:13:32,120 INFO  - I'm in better position but no more hops in message (at simulation time 637.000,900,000 s)
2024-06-03 18:13:32,120 INFO  - Recieve a message from other vehicle (at simulation time 637.001,400,000 s)
2024-06-03 18:13:32,120 INFO  - My position is not better! (at simulation time 637.001,400,000 s)
2024-06-03 18:13:32,121 INFO  - Recieve a message from other vehicle (at simulation time 637.001,900,000 s)
2024-06-03 18:13:32,121 INFO  - My position is not better! (at simulation time 637.001,900,000 s)
2024-06-03 18:13:32,121 INFO  - Recieve a message from other vehicle (at simulation time 637.001,900,000 s)
2024-06-03 18:13:32,121 INFO  - My position is not better! (at simulation time 637.001,900,000 s)
2024-06-03 18:13:32,121 INFO  - Recieve a message from other vehicle (at simulation time 637.002,400,000 s)
2024-06-03 18:13:32,121 INFO  - My position is not better! (at simulation time 637.002,400,000 s)
2024-06-03 18:13:32,122 INFO  - Recieve a message from other vehicle (at simulation time 637.002,400,000 s)
2024-06-03 18:13:32,122 INFO  - My position is not better! (at simulation time 637.002,400,000 s)
2024-06-03 18:13:32,125 INFO  - Called #onVehicleUpdated (at simulation time 638.000,000,000 s)
2024-06-03 18:13:32,128 INFO  - Recieve a message from other vehicle (at simulation time 638.001,900,000 s)
2024-06-03 18:13:32,128 INFO  - My position is not better! (at simulation time 638.001,900,000 s)
2024-06-03 18:13:32,129 INFO  - Recieve a message from other vehicle (at simulation time 638.002,400,000 s)
2024-06-03 18:13:32,129 INFO  - My position is not better! (at simulation time 638.002,400,000 s)
2024-06-03 18:13:32,132 INFO  - Called #onVehicleUpdated (at simulation time 639.000,000,000 s)
2024-06-03 18:13:32,132 INFO  - Sending out AdHoc broadcast (at simulation time 639.000,000,000 s)
2024-06-03 18:13:32,133 INFO  - Recieve a message from other vehicle (at simulation time 639.000,900,000 s)
2024-06-03 18:13:32,133 INFO  - My position is not better! (at simulation time 639.000,900,000 s)
2024-06-03 18:13:32,134 INFO  - Recieve a message from other vehicle (at simulation time 639.000,900,000 s)
2024-06-03 18:13:32,134 INFO  - My position is not better! (at simulation time 639.000,900,000 s)
2024-06-03 18:13:32,134 INFO  - Recieve a message from other vehicle (at simulation time 639.000,900,000 s)
2024-06-03 18:13:32,134 INFO  - I'm in better position but no more hops in message (at simulation time 639.000,900,000 s)
2024-06-03 18:13:32,134 INFO  - Recieve a message from other vehicle (at simulation time 639.001,400,000 s)
2024-06-03 18:13:32,134 INFO  - My position is not better! (at simulation time 639.001,400,000 s)
2024-06-03 18:13:32,135 INFO  - Recieve a message from other vehicle (at simulation time 639.001,400,000 s)
2024-06-03 18:13:32,135 INFO  - My position is not better! (at simulation time 639.001,400,000 s)
2024-06-03 18:13:32,135 INFO  - Recieve a message from other vehicle (at simulation time 639.001,900,000 s)
2024-06-03 18:13:32,135 INFO  - My position is not better! (at simulation time 639.001,900,000 s)
2024-06-03 18:13:32,136 INFO  - Recieve a message from other vehicle (at simulation time 639.002,400,000 s)
2024-06-03 18:13:32,136 INFO  - My position is not better! (at simulation time 639.002,400,000 s)
2024-06-03 18:13:32,139 INFO  - Called #onVehicleUpdated (at simulation time 640.000,000,000 s)
2024-06-03 18:13:32,141 INFO  - Recieve a message from other vehicle (at simulation time 640.000,900,000 s)
2024-06-03 18:13:32,141 INFO  - My position is not better! (at simulation time 640.000,900,000 s)
2024-06-03 18:13:32,143 INFO  - Recieve a message from other vehicle (at simulation time 640.002,400,000 s)
2024-06-03 18:13:32,143 INFO  - My position is not better! (at simulation time 640.002,400,000 s)
2024-06-03 18:13:32,146 INFO  - Called #onVehicleUpdated (at simulation time 641.000,000,000 s)
2024-06-03 18:13:32,146 INFO  - Sending out AdHoc broadcast (at simulation time 641.000,000,000 s)
2024-06-03 18:13:32,147 INFO  - Recieve a message from other vehicle (at simulation time 641.000,400,000 s)
2024-06-03 18:13:32,147 INFO  - My position is not better! (at simulation time 641.000,400,000 s)
2024-06-03 18:13:32,148 INFO  - Recieve a message from other vehicle (at simulation time 641.000,400,000 s)
2024-06-03 18:13:32,148 INFO  - My position is not better! (at simulation time 641.000,400,000 s)
2024-06-03 18:13:32,150 INFO  - Recieve a message from other vehicle (at simulation time 641.001,400,000 s)
2024-06-03 18:13:32,150 INFO  - My position is not better! (at simulation time 641.001,400,000 s)
2024-06-03 18:13:32,150 INFO  - Recieve a message from other vehicle (at simulation time 641.001,400,000 s)
2024-06-03 18:13:32,150 INFO  - My position is not better! (at simulation time 641.001,400,000 s)
2024-06-03 18:13:32,150 INFO  - Recieve a message from other vehicle (at simulation time 641.001,400,000 s)
2024-06-03 18:13:32,150 INFO  - My position is not better! (at simulation time 641.001,400,000 s)
2024-06-03 18:13:32,150 INFO  - Recieve a message from other vehicle (at simulation time 641.001,900,000 s)
2024-06-03 18:13:32,150 INFO  - My position is not better! (at simulation time 641.001,900,000 s)
2024-06-03 18:13:32,152 INFO  - Recieve a message from other vehicle (at simulation time 641.002,400,000 s)
2024-06-03 18:13:32,152 INFO  - I'm in better position but no more hops in message (at simulation time 641.002,400,000 s)
2024-06-03 18:13:32,155 INFO  - Called #onVehicleUpdated (at simulation time 642.000,000,000 s)
2024-06-03 18:13:32,158 INFO  - Recieve a message from other vehicle (at simulation time 642.001,900,000 s)
2024-06-03 18:13:32,158 INFO  - My position is not better! (at simulation time 642.001,900,000 s)
2024-06-03 18:13:32,158 INFO  - Recieve a message from other vehicle (at simulation time 642.002,400,000 s)
2024-06-03 18:13:32,158 INFO  - My position is not better! (at simulation time 642.002,400,000 s)
2024-06-03 18:13:32,163 INFO  - Called #onVehicleUpdated (at simulation time 643.000,000,000 s)
2024-06-03 18:13:32,164 INFO  - Sending out AdHoc broadcast (at simulation time 643.000,000,000 s)
2024-06-03 18:13:32,165 INFO  - Recieve a message from other vehicle (at simulation time 643.000,400,000 s)
2024-06-03 18:13:32,165 INFO  - I'm in better position but no more hops in message (at simulation time 643.000,400,000 s)
2024-06-03 18:13:32,166 INFO  - Recieve a message from other vehicle (at simulation time 643.000,900,000 s)
2024-06-03 18:13:32,166 INFO  - My position is not better! (at simulation time 643.000,900,000 s)
2024-06-03 18:13:32,166 INFO  - Recieve a message from other vehicle (at simulation time 643.000,900,000 s)
2024-06-03 18:13:32,166 INFO  - My position is not better! (at simulation time 643.000,900,000 s)
2024-06-03 18:13:32,166 INFO  - Recieve a message from other vehicle (at simulation time 643.000,900,000 s)
2024-06-03 18:13:32,166 INFO  - My position is not better! (at simulation time 643.000,900,000 s)
2024-06-03 18:13:32,166 INFO  - Recieve a message from other vehicle (at simulation time 643.001,400,000 s)
2024-06-03 18:13:32,166 INFO  - My position is not better! (at simulation time 643.001,400,000 s)
2024-06-03 18:13:32,168 INFO  - Recieve a message from other vehicle (at simulation time 643.001,900,000 s)
2024-06-03 18:13:32,168 INFO  - My position is not better! (at simulation time 643.001,900,000 s)
2024-06-03 18:13:32,169 INFO  - Recieve a message from other vehicle (at simulation time 643.002,400,000 s)
2024-06-03 18:13:32,169 INFO  - My position is not better! (at simulation time 643.002,400,000 s)
2024-06-03 18:13:32,171 INFO  - Called #onVehicleUpdated (at simulation time 644.000,000,000 s)
2024-06-03 18:13:32,179 INFO  - Recieve a message from other vehicle (at simulation time 644.001,400,000 s)
2024-06-03 18:13:32,179 INFO  - My position is not better! (at simulation time 644.001,400,000 s)
2024-06-03 18:13:32,181 INFO  - Recieve a message from other vehicle (at simulation time 644.002,400,000 s)
2024-06-03 18:13:32,181 INFO  - My position is not better! (at simulation time 644.002,400,000 s)
2024-06-03 18:13:32,184 INFO  - Called #onVehicleUpdated (at simulation time 645.000,000,000 s)
2024-06-03 18:13:32,185 INFO  - Sending out AdHoc broadcast (at simulation time 645.000,000,000 s)
2024-06-03 18:13:32,186 INFO  - Recieve a message from other vehicle (at simulation time 645.000,400,000 s)
2024-06-03 18:13:32,186 INFO  - My position is not better! (at simulation time 645.000,400,000 s)
2024-06-03 18:13:32,186 INFO  - Recieve a message from other vehicle (at simulation time 645.000,400,000 s)
2024-06-03 18:13:32,186 INFO  - My position is not better! (at simulation time 645.000,400,000 s)
2024-06-03 18:13:32,186 INFO  - Recieve a message from other vehicle (at simulation time 645.000,400,000 s)
2024-06-03 18:13:32,186 INFO  - My position is not better! (at simulation time 645.000,400,000 s)
2024-06-03 18:13:32,187 INFO  - Recieve a message from other vehicle (at simulation time 645.000,900,000 s)
2024-06-03 18:13:32,187 INFO  - My position is not better! (at simulation time 645.000,900,000 s)
2024-06-03 18:13:32,187 INFO  - Recieve a message from other vehicle (at simulation time 645.000,900,000 s)
2024-06-03 18:13:32,187 INFO  - I'm in better position but no more hops in message (at simulation time 645.000,900,000 s)
2024-06-03 18:13:32,188 INFO  - Recieve a message from other vehicle (at simulation time 645.001,400,000 s)
2024-06-03 18:13:32,188 INFO  - My position is not better! (at simulation time 645.001,400,000 s)
2024-06-03 18:13:32,190 INFO  - Recieve a message from other vehicle (at simulation time 645.002,400,000 s)
2024-06-03 18:13:32,190 INFO  - My position is not better! (at simulation time 645.002,400,000 s)
2024-06-03 18:13:32,194 INFO  - Called #onVehicleUpdated (at simulation time 646.000,000,000 s)
2024-06-03 18:13:32,195 INFO  - Recieve a message from other vehicle (at simulation time 646.000,400,000 s)
2024-06-03 18:13:32,195 INFO  - My position is not better! (at simulation time 646.000,400,000 s)
2024-06-03 18:13:32,198 INFO  - Recieve a message from other vehicle (at simulation time 646.002,400,000 s)
2024-06-03 18:13:32,198 INFO  - My position is not better! (at simulation time 646.002,400,000 s)
2024-06-03 18:13:32,201 INFO  - Called #onVehicleUpdated (at simulation time 647.000,000,000 s)
2024-06-03 18:13:32,201 INFO  - Sending out AdHoc broadcast (at simulation time 647.000,000,000 s)
2024-06-03 18:13:32,202 INFO  - Recieve a message from other vehicle (at simulation time 647.000,400,000 s)
2024-06-03 18:13:32,202 INFO  - My position is not better! (at simulation time 647.000,400,000 s)
2024-06-03 18:13:32,203 INFO  - Recieve a message from other vehicle (at simulation time 647.000,900,000 s)
2024-06-03 18:13:32,203 INFO  - I'm in better position but no more hops in message (at simulation time 647.000,900,000 s)
2024-06-03 18:13:32,203 INFO  - Recieve a message from other vehicle (at simulation time 647.001,400,000 s)
2024-06-03 18:13:32,203 INFO  - My position is not better! (at simulation time 647.001,400,000 s)
2024-06-03 18:13:32,203 INFO  - Recieve a message from other vehicle (at simulation time 647.001,400,000 s)
2024-06-03 18:13:32,203 INFO  - My position is not better! (at simulation time 647.001,400,000 s)
2024-06-03 18:13:32,204 INFO  - Recieve a message from other vehicle (at simulation time 647.001,900,000 s)
2024-06-03 18:13:32,204 INFO  - My position is not better! (at simulation time 647.001,900,000 s)
2024-06-03 18:13:32,204 INFO  - Recieve a message from other vehicle (at simulation time 647.002,400,000 s)
2024-06-03 18:13:32,204 INFO  - My position is not better! (at simulation time 647.002,400,000 s)
2024-06-03 18:13:32,205 INFO  - Recieve a message from other vehicle (at simulation time 647.002,400,000 s)
2024-06-03 18:13:32,205 INFO  - My position is not better! (at simulation time 647.002,400,000 s)
2024-06-03 18:13:32,208 INFO  - Called #onVehicleUpdated (at simulation time 648.000,000,000 s)
2024-06-03 18:13:32,212 INFO  - Recieve a message from other vehicle (at simulation time 648.001,900,000 s)
2024-06-03 18:13:32,212 INFO  - My position is not better! (at simulation time 648.001,900,000 s)
2024-06-03 18:13:32,213 INFO  - Recieve a message from other vehicle (at simulation time 648.002,400,000 s)
2024-06-03 18:13:32,213 INFO  - My position is not better! (at simulation time 648.002,400,000 s)
2024-06-03 18:13:32,216 INFO  - Called #onVehicleUpdated (at simulation time 649.000,000,000 s)
2024-06-03 18:13:32,216 INFO  - Sending out AdHoc broadcast (at simulation time 649.000,000,000 s)
2024-06-03 18:13:32,217 INFO  - Recieve a message from other vehicle (at simulation time 649.000,400,000 s)
2024-06-03 18:13:32,217 INFO  - My position is not better! (at simulation time 649.000,400,000 s)
2024-06-03 18:13:32,217 INFO  - Recieve a message from other vehicle (at simulation time 649.000,400,000 s)
2024-06-03 18:13:32,217 INFO  - My position is not better! (at simulation time 649.000,400,000 s)
2024-06-03 18:13:32,219 INFO  - Recieve a message from other vehicle (at simulation time 649.001,900,000 s)
2024-06-03 18:13:32,219 INFO  - My position is not better! (at simulation time 649.001,900,000 s)
2024-06-03 18:13:32,219 INFO  - Recieve a message from other vehicle (at simulation time 649.001,900,000 s)
2024-06-03 18:13:32,219 INFO  - My position is not better! (at simulation time 649.001,900,000 s)
2024-06-03 18:13:32,219 INFO  - Recieve a message from other vehicle (at simulation time 649.001,900,000 s)
2024-06-03 18:13:32,219 INFO  - I'm in better position but no more hops in message (at simulation time 649.001,900,000 s)
2024-06-03 18:13:32,220 INFO  - Recieve a message from other vehicle (at simulation time 649.002,400,000 s)
2024-06-03 18:13:32,220 INFO  - My position is not better! (at simulation time 649.002,400,000 s)
2024-06-03 18:13:32,220 INFO  - Recieve a message from other vehicle (at simulation time 649.002,400,000 s)
2024-06-03 18:13:32,220 INFO  - My position is not better! (at simulation time 649.002,400,000 s)
2024-06-03 18:13:32,224 INFO  - Called #onVehicleUpdated (at simulation time 650.000,000,000 s)
2024-06-03 18:13:32,226 INFO  - Recieve a message from other vehicle (at simulation time 650.001,400,000 s)
2024-06-03 18:13:32,226 INFO  - My position is not better! (at simulation time 650.001,400,000 s)
2024-06-03 18:13:32,226 INFO  - Recieve a message from other vehicle (at simulation time 650.001,400,000 s)
2024-06-03 18:13:32,226 INFO  - My position is not better! (at simulation time 650.001,400,000 s)
2024-06-03 18:13:32,231 INFO  - Called #onVehicleUpdated (at simulation time 651.000,000,000 s)
2024-06-03 18:13:32,231 INFO  - Sending out AdHoc broadcast (at simulation time 651.000,000,000 s)
2024-06-03 18:13:32,232 INFO  - Recieve a message from other vehicle (at simulation time 651.000,400,000 s)
2024-06-03 18:13:32,232 INFO  - My position is not better! (at simulation time 651.000,400,000 s)
2024-06-03 18:13:32,232 INFO  - Recieve a message from other vehicle (at simulation time 651.000,400,000 s)
2024-06-03 18:13:32,232 INFO  - My position is not better! (at simulation time 651.000,400,000 s)
2024-06-03 18:13:32,232 INFO  - Recieve a message from other vehicle (at simulation time 651.000,900,000 s)
2024-06-03 18:13:32,232 INFO  - My position is not better! (at simulation time 651.000,900,000 s)
2024-06-03 18:13:32,234 INFO  - Recieve a message from other vehicle (at simulation time 651.001,900,000 s)
2024-06-03 18:13:32,234 INFO  - My position is not better! (at simulation time 651.001,900,000 s)
2024-06-03 18:13:32,235 INFO  - Recieve a message from other vehicle (at simulation time 651.001,900,000 s)
2024-06-03 18:13:32,235 INFO  - My position is not better! (at simulation time 651.001,900,000 s)
2024-06-03 18:13:32,235 INFO  - Recieve a message from other vehicle (at simulation time 651.001,900,000 s)
2024-06-03 18:13:32,235 INFO  - My position is not better! (at simulation time 651.001,900,000 s)
2024-06-03 18:13:32,235 INFO  - Recieve a message from other vehicle (at simulation time 651.001,900,000 s)
2024-06-03 18:13:32,235 INFO  - I'm in better position but no more hops in message (at simulation time 651.001,900,000 s)
2024-06-03 18:13:32,239 INFO  - Called #onVehicleUpdated (at simulation time 652.000,000,000 s)
2024-06-03 18:13:32,240 INFO  - Recieve a message from other vehicle (at simulation time 652.000,900,000 s)
2024-06-03 18:13:32,240 INFO  - My position is not better! (at simulation time 652.000,900,000 s)
2024-06-03 18:13:32,241 INFO  - Recieve a message from other vehicle (at simulation time 652.001,400,000 s)
2024-06-03 18:13:32,241 INFO  - My position is not better! (at simulation time 652.001,400,000 s)
2024-06-03 18:13:32,247 INFO  - Called #onVehicleUpdated (at simulation time 653.000,000,000 s)
2024-06-03 18:13:32,247 INFO  - Sending out AdHoc broadcast (at simulation time 653.000,000,000 s)
2024-06-03 18:13:32,248 INFO  - Recieve a message from other vehicle (at simulation time 653.000,400,000 s)
2024-06-03 18:13:32,248 INFO  - My position is not better! (at simulation time 653.000,400,000 s)
2024-06-03 18:13:32,250 INFO  - Recieve a message from other vehicle (at simulation time 653.000,900,000 s)
2024-06-03 18:13:32,250 INFO  - My position is not better! (at simulation time 653.000,900,000 s)
2024-06-03 18:13:32,250 INFO  - Recieve a message from other vehicle (at simulation time 653.001,400,000 s)
2024-06-03 18:13:32,250 INFO  - My position is not better! (at simulation time 653.001,400,000 s)
2024-06-03 18:13:32,252 INFO  - Recieve a message from other vehicle (at simulation time 653.001,900,000 s)
2024-06-03 18:13:32,252 INFO  - My position is not better! (at simulation time 653.001,900,000 s)
2024-06-03 18:13:32,252 INFO  - Recieve a message from other vehicle (at simulation time 653.001,900,000 s)
2024-06-03 18:13:32,252 INFO  - My position is not better! (at simulation time 653.001,900,000 s)
2024-06-03 18:13:32,252 INFO  - Recieve a message from other vehicle (at simulation time 653.001,900,000 s)
2024-06-03 18:13:32,252 INFO  - I'm in better position but no more hops in message (at simulation time 653.001,900,000 s)
2024-06-03 18:13:32,253 INFO  - Recieve a message from other vehicle (at simulation time 653.002,400,000 s)
2024-06-03 18:13:32,253 INFO  - My position is not better! (at simulation time 653.002,400,000 s)
2024-06-03 18:13:32,260 INFO  - Called #onVehicleUpdated (at simulation time 654.000,000,000 s)
2024-06-03 18:13:32,264 INFO  - Recieve a message from other vehicle (at simulation time 654.001,900,000 s)
2024-06-03 18:13:32,264 INFO  - My position is not better! (at simulation time 654.001,900,000 s)
2024-06-03 18:13:32,264 INFO  - Recieve a message from other vehicle (at simulation time 654.001,900,000 s)
2024-06-03 18:13:32,264 INFO  - My position is not better! (at simulation time 654.001,900,000 s)
2024-06-03 18:13:32,270 INFO  - Called #onVehicleUpdated (at simulation time 655.000,000,000 s)
2024-06-03 18:13:32,270 INFO  - Sending out AdHoc broadcast (at simulation time 655.000,000,000 s)
2024-06-03 18:13:32,271 INFO  - Recieve a message from other vehicle (at simulation time 655.000,400,000 s)
2024-06-03 18:13:32,271 INFO  - My position is not better! (at simulation time 655.000,400,000 s)
2024-06-03 18:13:32,272 INFO  - Recieve a message from other vehicle (at simulation time 655.000,400,000 s)
2024-06-03 18:13:32,272 INFO  - My position is not better! (at simulation time 655.000,400,000 s)
2024-06-03 18:13:32,272 INFO  - Recieve a message from other vehicle (at simulation time 655.000,400,000 s)
2024-06-03 18:13:32,272 INFO  - I'm in better position but no more hops in message (at simulation time 655.000,400,000 s)
2024-06-03 18:13:32,272 INFO  - Recieve a message from other vehicle (at simulation time 655.000,900,000 s)
2024-06-03 18:13:32,272 INFO  - My position is not better! (at simulation time 655.000,900,000 s)
2024-06-03 18:13:32,274 INFO  - Recieve a message from other vehicle (at simulation time 655.001,400,000 s)
2024-06-03 18:13:32,274 INFO  - My position is not better! (at simulation time 655.001,400,000 s)
2024-06-03 18:13:32,274 INFO  - Recieve a message from other vehicle (at simulation time 655.001,400,000 s)
2024-06-03 18:13:32,274 INFO  - My position is not better! (at simulation time 655.001,400,000 s)
2024-06-03 18:13:32,275 INFO  - Recieve a message from other vehicle (at simulation time 655.001,900,000 s)
2024-06-03 18:13:32,275 INFO  - My position is not better! (at simulation time 655.001,900,000 s)
2024-06-03 18:13:32,275 INFO  - Recieve a message from other vehicle (at simulation time 655.001,900,000 s)
2024-06-03 18:13:32,275 INFO  - I'm in better position but no more hops in message (at simulation time 655.001,900,000 s)
2024-06-03 18:13:32,279 INFO  - Called #onVehicleUpdated (at simulation time 656.000,000,000 s)
2024-06-03 18:13:32,282 INFO  - Recieve a message from other vehicle (at simulation time 656.001,900,000 s)
2024-06-03 18:13:32,282 INFO  - My position is not better! (at simulation time 656.001,900,000 s)
2024-06-03 18:13:32,282 INFO  - Recieve a message from other vehicle (at simulation time 656.001,900,000 s)
2024-06-03 18:13:32,282 INFO  - My position is not better! (at simulation time 656.001,900,000 s)
2024-06-03 18:13:32,286 INFO  - Called #onVehicleUpdated (at simulation time 657.000,000,000 s)
2024-06-03 18:13:32,286 INFO  - Sending out AdHoc broadcast (at simulation time 657.000,000,000 s)
2024-06-03 18:13:32,289 INFO  - Recieve a message from other vehicle (at simulation time 657.000,400,000 s)
2024-06-03 18:13:32,289 INFO  - I'm in better position but no more hops in message (at simulation time 657.000,400,000 s)
2024-06-03 18:13:32,289 INFO  - Recieve a message from other vehicle (at simulation time 657.000,900,000 s)
2024-06-03 18:13:32,289 INFO  - My position is not better! (at simulation time 657.000,900,000 s)
2024-06-03 18:13:32,289 INFO  - Recieve a message from other vehicle (at simulation time 657.000,900,000 s)
2024-06-03 18:13:32,289 INFO  - My position is not better! (at simulation time 657.000,900,000 s)
2024-06-03 18:13:32,290 INFO  - Recieve a message from other vehicle (at simulation time 657.000,900,000 s)
2024-06-03 18:13:32,290 INFO  - My position is not better! (at simulation time 657.000,900,000 s)
2024-06-03 18:13:32,293 INFO  - Recieve a message from other vehicle (at simulation time 657.001,900,000 s)
2024-06-03 18:13:32,293 INFO  - My position is not better! (at simulation time 657.001,900,000 s)
2024-06-03 18:13:32,293 INFO  - Recieve a message from other vehicle (at simulation time 657.001,900,000 s)
2024-06-03 18:13:32,293 INFO  - I'm in better position but no more hops in message (at simulation time 657.001,900,000 s)
2024-06-03 18:13:32,294 INFO  - Recieve a message from other vehicle (at simulation time 657.002,400,000 s)
2024-06-03 18:13:32,294 INFO  - My position is not better! (at simulation time 657.002,400,000 s)
2024-06-03 18:13:32,294 INFO  - Recieve a message from other vehicle (at simulation time 657.002,400,000 s)
2024-06-03 18:13:32,294 INFO  - My position is not better! (at simulation time 657.002,400,000 s)
2024-06-03 18:13:32,297 INFO  - Called #onVehicleUpdated (at simulation time 658.000,000,000 s)
2024-06-03 18:13:32,297 INFO  - Recieve a message from other vehicle (at simulation time 658.000,400,000 s)
2024-06-03 18:13:32,297 INFO  - My position is not better! (at simulation time 658.000,400,000 s)
2024-06-03 18:13:32,300 INFO  - Recieve a message from other vehicle (at simulation time 658.002,400,000 s)
2024-06-03 18:13:32,300 INFO  - My position is not better! (at simulation time 658.002,400,000 s)
2024-06-03 18:13:32,302 INFO  - Called #onVehicleUpdated (at simulation time 659.000,000,000 s)
2024-06-03 18:13:32,303 INFO  - Sending out AdHoc broadcast (at simulation time 659.000,000,000 s)
2024-06-03 18:13:32,303 INFO  - Recieve a message from other vehicle (at simulation time 659.000,400,000 s)
2024-06-03 18:13:32,303 INFO  - My position is not better! (at simulation time 659.000,400,000 s)
2024-06-03 18:13:32,304 INFO  - Recieve a message from other vehicle (at simulation time 659.000,400,000 s)
2024-06-03 18:13:32,304 INFO  - My position is not better! (at simulation time 659.000,400,000 s)
2024-06-03 18:13:32,304 INFO  - Recieve a message from other vehicle (at simulation time 659.000,400,000 s)
2024-06-03 18:13:32,304 INFO  - My position is not better! (at simulation time 659.000,400,000 s)
2024-06-03 18:13:32,304 INFO  - Recieve a message from other vehicle (at simulation time 659.000,400,000 s)
2024-06-03 18:13:32,304 INFO  - My position is not better! (at simulation time 659.000,400,000 s)
2024-06-03 18:13:32,304 INFO  - Recieve a message from other vehicle (at simulation time 659.000,900,000 s)
2024-06-03 18:13:32,304 INFO  - My position is not better! (at simulation time 659.000,900,000 s)
2024-06-03 18:13:32,307 INFO  - Recieve a message from other vehicle (at simulation time 659.001,900,000 s)
2024-06-03 18:13:32,307 INFO  - I'm in better position but no more hops in message (at simulation time 659.001,900,000 s)
2024-06-03 18:13:32,308 INFO  - Recieve a message from other vehicle (at simulation time 659.002,400,000 s)
2024-06-03 18:13:32,308 INFO  - My position is not better! (at simulation time 659.002,400,000 s)
2024-06-03 18:13:32,308 INFO  - Recieve a message from other vehicle (at simulation time 659.002,400,000 s)
2024-06-03 18:13:32,308 INFO  - I'm in better position but no more hops in message (at simulation time 659.002,400,000 s)
2024-06-03 18:13:32,311 INFO  - Called #onVehicleUpdated (at simulation time 660.000,000,000 s)
2024-06-03 18:13:32,315 INFO  - Recieve a message from other vehicle (at simulation time 660.002,400,000 s)
2024-06-03 18:13:32,315 INFO  - My position is not better! (at simulation time 660.002,400,000 s)
2024-06-03 18:13:32,315 INFO  - Recieve a message from other vehicle (at simulation time 660.002,400,000 s)
2024-06-03 18:13:32,315 INFO  - My position is not better! (at simulation time 660.002,400,000 s)
2024-06-03 18:13:32,317 INFO  - Called #onVehicleUpdated (at simulation time 661.000,000,000 s)
2024-06-03 18:13:32,318 INFO  - Sending out AdHoc broadcast (at simulation time 661.000,000,000 s)
2024-06-03 18:13:32,320 INFO  - Recieve a message from other vehicle (at simulation time 661.000,900,000 s)
2024-06-03 18:13:32,320 INFO  - My position is not better! (at simulation time 661.000,900,000 s)
2024-06-03 18:13:32,320 INFO  - Recieve a message from other vehicle (at simulation time 661.000,900,000 s)
2024-06-03 18:13:32,320 INFO  - I'm in better position but no more hops in message (at simulation time 661.000,900,000 s)
2024-06-03 18:13:32,320 INFO  - Recieve a message from other vehicle (at simulation time 661.001,400,000 s)
2024-06-03 18:13:32,320 INFO  - My position is not better! (at simulation time 661.001,400,000 s)
2024-06-03 18:13:32,320 INFO  - Recieve a message from other vehicle (at simulation time 661.001,400,000 s)
2024-06-03 18:13:32,320 INFO  - My position is not better! (at simulation time 661.001,400,000 s)
2024-06-03 18:13:32,320 INFO  - Recieve a message from other vehicle (at simulation time 661.001,400,000 s)
2024-06-03 18:13:32,320 INFO  - I'm in better position but no more hops in message (at simulation time 661.001,400,000 s)
2024-06-03 18:13:32,321 INFO  - Recieve a message from other vehicle (at simulation time 661.001,900,000 s)
2024-06-03 18:13:32,321 INFO  - My position is not better! (at simulation time 661.001,900,000 s)
2024-06-03 18:13:32,321 INFO  - Recieve a message from other vehicle (at simulation time 661.002,400,000 s)
2024-06-03 18:13:32,321 INFO  - My position is not better! (at simulation time 661.002,400,000 s)
2024-06-03 18:13:32,322 INFO  - Recieve a message from other vehicle (at simulation time 661.002,400,000 s)
2024-06-03 18:13:32,322 INFO  - My position is not better! (at simulation time 661.002,400,000 s)
2024-06-03 18:13:32,325 INFO  - Called #onVehicleUpdated (at simulation time 662.000,000,000 s)
2024-06-03 18:13:32,327 INFO  - Recieve a message from other vehicle (at simulation time 662.000,900,000 s)
2024-06-03 18:13:32,327 INFO  - My position is not better! (at simulation time 662.000,900,000 s)
2024-06-03 18:13:32,327 INFO  - Recieve a message from other vehicle (at simulation time 662.000,900,000 s)
2024-06-03 18:13:32,327 INFO  - My position is not better! (at simulation time 662.000,900,000 s)
2024-06-03 18:13:32,331 INFO  - Called #onVehicleUpdated (at simulation time 663.000,000,000 s)
2024-06-03 18:13:32,332 INFO  - Sending out AdHoc broadcast (at simulation time 663.000,000,000 s)
2024-06-03 18:13:32,332 INFO  - Recieve a message from other vehicle (at simulation time 663.000,400,000 s)
2024-06-03 18:13:32,332 INFO  - My position is not better! (at simulation time 663.000,400,000 s)
2024-06-03 18:13:32,333 INFO  - Recieve a message from other vehicle (at simulation time 663.000,400,000 s)
2024-06-03 18:13:32,333 INFO  - My position is not better! (at simulation time 663.000,400,000 s)
2024-06-03 18:13:32,333 INFO  - Recieve a message from other vehicle (at simulation time 663.000,400,000 s)
2024-06-03 18:13:32,333 INFO  - My position is not better! (at simulation time 663.000,400,000 s)
2024-06-03 18:13:32,334 INFO  - Recieve a message from other vehicle (at simulation time 663.000,900,000 s)
2024-06-03 18:13:32,334 INFO  - I'm in better position but no more hops in message (at simulation time 663.000,900,000 s)
2024-06-03 18:13:32,334 INFO  - Recieve a message from other vehicle (at simulation time 663.001,400,000 s)
2024-06-03 18:13:32,334 INFO  - DENM message Recived from veh_95 -info : nevoeiro (at simulation time 663.001,400,000 s)
2024-06-03 18:13:32,334 INFO  - No more hops in DENM message (at simulation time 663.001,400,000 s)
2024-06-03 18:13:32,335 INFO  - Recieve a message from other vehicle (at simulation time 663.001,400,000 s)
2024-06-03 18:13:32,335 INFO  - My position is not better! (at simulation time 663.001,400,000 s)
2024-06-03 18:13:32,335 INFO  - Recieve a message from other vehicle (at simulation time 663.001,900,000 s)
2024-06-03 18:13:32,335 INFO  - My position is not better! (at simulation time 663.001,900,000 s)
2024-06-03 18:13:32,335 INFO  - Recieve a message from other vehicle (at simulation time 663.001,900,000 s)
2024-06-03 18:13:32,335 INFO  - I'm in better position but no more hops in message (at simulation time 663.001,900,000 s)
2024-06-03 18:13:32,336 INFO  - Recieve a message from other vehicle (at simulation time 663.002,400,000 s)
2024-06-03 18:13:32,336 INFO  - My position is not better! (at simulation time 663.002,400,000 s)
2024-06-03 18:13:32,336 INFO  - Recieve a message from other vehicle (at simulation time 663.003,800,000 s)
2024-06-03 18:13:32,336 INFO  - DENM message Recived from veh_95 -info : nevoeiro (at simulation time 663.003,800,000 s)
2024-06-03 18:13:32,336 INFO  - No more hops in DENM message (at simulation time 663.003,800,000 s)
2024-06-03 18:13:32,339 INFO  - Called #onVehicleUpdated (at simulation time 664.000,000,000 s)
2024-06-03 18:13:32,340 INFO  - Recieve a message from other vehicle (at simulation time 664.000,400,000 s)
2024-06-03 18:13:32,340 INFO  - My position is not better! (at simulation time 664.000,400,000 s)
2024-06-03 18:13:32,341 INFO  - Recieve a message from other vehicle (at simulation time 664.000,900,000 s)
2024-06-03 18:13:32,341 INFO  - My position is not better! (at simulation time 664.000,900,000 s)
