2024-06-03 19:41:32,921 INFO  - Initialize Vehicle application (at simulation time 6.000,000,000 s)
2024-06-03 19:41:32,924 INFO  - Activated WLAN Module (at simulation time 6.000,000,000 s)
2024-06-03 19:41:32,934 INFO  - Called #onVehicleUpdated (at simulation time 6.000,000,000 s)
2024-06-03 19:41:33,325 INFO  - Called #onVehicleUpdated (at simulation time 7.000,000,000 s)
2024-06-03 19:41:33,328 INFO  - Define the name: veh_0 and route: r_0 (at simulation time 7.000,000,000 s)
2024-06-03 19:41:33,328 INFO  - Sending out AdHoc broadcast (at simulation time 7.000,000,000 s)
2024-06-03 19:41:33,718 INFO  - Called #onVehicleUpdated (at simulation time 8.000,000,000 s)
2024-06-03 19:41:34,117 INFO  - Called #onVehicleUpdated (at simulation time 9.000,000,000 s)
2024-06-03 19:41:34,120 INFO  - Sending out AdHoc broadcast (at simulation time 9.000,000,000 s)
2024-06-03 19:41:34,528 INFO  - Called #onVehicleUpdated (at simulation time 10.000,000,000 s)
2024-06-03 19:41:34,915 INFO  - Called #onVehicleUpdated (at simulation time 11.000,000,000 s)
2024-06-03 19:41:34,917 INFO  - Sending out AdHoc broadcast (at simulation time 11.000,000,000 s)
2024-06-03 19:41:35,316 INFO  - Called #onVehicleUpdated (at simulation time 12.000,000,000 s)
2024-06-03 19:41:35,717 INFO  - Called #onVehicleUpdated (at simulation time 13.000,000,000 s)
2024-06-03 19:41:35,720 INFO  - Sending out AdHoc broadcast (at simulation time 13.000,000,000 s)
2024-06-03 19:41:35,722 INFO  - Recieve a message from other vehicle (at simulation time 13.000,400,000 s)
2024-06-03 19:41:35,722 INFO  - My position is not better! (at simulation time 13.000,400,000 s)
2024-06-03 19:41:35,723 INFO  - Recieve a message from other vehicle (at simulation time 13.000,800,000 s)
2024-06-03 19:41:35,723 INFO  - My position is not better! (at simulation time 13.000,800,000 s)
2024-06-03 19:41:35,723 INFO  - Recieve a message from other vehicle (at simulation time 13.000,900,000 s)
2024-06-03 19:41:35,723 INFO  - My position is not better! (at simulation time 13.000,900,000 s)
2024-06-03 19:41:35,725 INFO  - Recieve a message from other vehicle (at simulation time 13.000,900,000 s)
2024-06-03 19:41:35,725 INFO  - My position is not better! (at simulation time 13.000,900,000 s)
2024-06-03 19:41:35,725 INFO  - Recieve a message from other vehicle (at simulation time 13.000,900,000 s)
2024-06-03 19:41:35,725 INFO  - My position is not better! (at simulation time 13.000,900,000 s)
2024-06-03 19:41:35,727 INFO  - Recieve a message from other vehicle (at simulation time 13.001,300,000 s)
2024-06-03 19:41:35,727 INFO  - I'm in better position but no more hops in message (at simulation time 13.001,300,000 s)
2024-06-03 19:41:35,727 INFO  - Recieve a message from other vehicle (at simulation time 13.001,300,000 s)
2024-06-03 19:41:35,727 INFO  - My position is not better! (at simulation time 13.001,300,000 s)
2024-06-03 19:41:35,731 INFO  - Recieve a message from other vehicle (at simulation time 13.001,800,000 s)
2024-06-03 19:41:35,731 INFO  - My position is not better! (at simulation time 13.001,800,000 s)
2024-06-03 19:41:35,731 INFO  - Recieve a message from other vehicle (at simulation time 13.001,900,000 s)
2024-06-03 19:41:35,732 INFO  - My position is not better! (at simulation time 13.001,900,000 s)
2024-06-03 19:41:35,732 INFO  - Recieve a message from other vehicle (at simulation time 13.001,900,000 s)
2024-06-03 19:41:35,732 INFO  - My position is not better! (at simulation time 13.001,900,000 s)
2024-06-03 19:41:35,732 INFO  - Recieve a message from other vehicle (at simulation time 13.001,900,000 s)
2024-06-03 19:41:35,732 INFO  - My position is not better! (at simulation time 13.001,900,000 s)
2024-06-03 19:41:35,732 INFO  - Recieve a message from other vehicle (at simulation time 13.001,900,000 s)
2024-06-03 19:41:35,732 INFO  - My position is not better! (at simulation time 13.001,900,000 s)
2024-06-03 19:41:35,733 INFO  - Recieve a message from other vehicle (at simulation time 13.002,400,000 s)
2024-06-03 19:41:35,733 INFO  - My position is not better! (at simulation time 13.002,400,000 s)
2024-06-03 19:41:35,734 INFO  - Recieve a message from other vehicle (at simulation time 13.002,800,000 s)
2024-06-03 19:41:35,734 INFO  - My position is not better! (at simulation time 13.002,800,000 s)
2024-06-03 19:41:35,735 INFO  - Recieve a message from other vehicle (at simulation time 13.002,800,000 s)
2024-06-03 19:41:35,735 INFO  - My position is not better! (at simulation time 13.002,800,000 s)
2024-06-03 19:41:35,735 INFO  - Recieve a message from other vehicle (at simulation time 13.003,800,000 s)
2024-06-03 19:41:35,735 INFO  - My position is not better! (at simulation time 13.003,800,000 s)
2024-06-03 19:41:36,118 INFO  - Called #onVehicleUpdated (at simulation time 14.000,000,000 s)
2024-06-03 19:41:36,123 INFO  - Recieve a message from other vehicle (at simulation time 14.000,400,000 s)
2024-06-03 19:41:36,123 INFO  - My position is not better! (at simulation time 14.000,400,000 s)
2024-06-03 19:41:36,124 INFO  - Recieve a message from other vehicle (at simulation time 14.000,400,000 s)
2024-06-03 19:41:36,124 INFO  - My position is not better! (at simulation time 14.000,400,000 s)
2024-06-03 19:41:36,126 INFO  - Recieve a message from other vehicle (at simulation time 14.000,800,000 s)
2024-06-03 19:41:36,126 INFO  - My position is not better! (at simulation time 14.000,800,000 s)
2024-06-03 19:41:36,127 INFO  - Recieve a message from other vehicle (at simulation time 14.000,900,000 s)
2024-06-03 19:41:36,127 INFO  - My position is not better! (at simulation time 14.000,900,000 s)
2024-06-03 19:41:36,127 INFO  - Recieve a message from other vehicle (at simulation time 14.000,900,000 s)
2024-06-03 19:41:36,127 INFO  - My position is not better! (at simulation time 14.000,900,000 s)
2024-06-03 19:41:36,130 INFO  - Recieve a message from other vehicle (at simulation time 14.001,300,000 s)
2024-06-03 19:41:36,130 INFO  - My position is not better! (at simulation time 14.001,300,000 s)
2024-06-03 19:41:36,130 INFO  - Recieve a message from other vehicle (at simulation time 14.001,400,000 s)
2024-06-03 19:41:36,130 INFO  - I'm in better position but no more hops in message (at simulation time 14.001,400,000 s)
2024-06-03 19:41:36,133 INFO  - Recieve a message from other vehicle (at simulation time 14.001,400,000 s)
2024-06-03 19:41:36,133 INFO  - I'm in better position but no more hops in message (at simulation time 14.001,400,000 s)
2024-06-03 19:41:36,133 INFO  - Recieve a message from other vehicle (at simulation time 14.001,400,000 s)
2024-06-03 19:41:36,133 INFO  - Recending a message from other vehicle (at simulation time 14.001,400,000 s)
2024-06-03 19:41:36,133 INFO  - Recieve a message from other vehicle (at simulation time 14.001,800,000 s)
2024-06-03 19:41:36,133 INFO  - My position is not better! (at simulation time 14.001,800,000 s)
2024-06-03 19:41:36,134 INFO  - Recieve a message from other vehicle (at simulation time 14.001,800,000 s)
2024-06-03 19:41:36,134 INFO  - I'm in better position but no more hops in message (at simulation time 14.001,800,000 s)
2024-06-03 19:41:36,134 INFO  - Recieve a message from other vehicle (at simulation time 14.001,800,000 s)
2024-06-03 19:41:36,134 INFO  - My position is not better! (at simulation time 14.001,800,000 s)
2024-06-03 19:41:36,134 INFO  - Recieve a message from other vehicle (at simulation time 14.001,900,000 s)
2024-06-03 19:41:36,135 INFO  - My position is not better! (at simulation time 14.001,900,000 s)
2024-06-03 19:41:36,135 INFO  - Recieve a message from other vehicle (at simulation time 14.001,900,000 s)
2024-06-03 19:41:36,135 INFO  - My position is not better! (at simulation time 14.001,900,000 s)
2024-06-03 19:41:36,136 INFO  - Recieve a message from other vehicle (at simulation time 14.002,400,000 s)
2024-06-03 19:41:36,136 INFO  - My position is not better! (at simulation time 14.002,400,000 s)
2024-06-03 19:41:36,136 INFO  - Recieve a message from other vehicle (at simulation time 14.002,800,000 s)
2024-06-03 19:41:36,136 INFO  - I'm in better position but no more hops in message (at simulation time 14.002,800,000 s)
2024-06-03 19:41:36,531 INFO  - Called #onVehicleUpdated (at simulation time 15.000,000,000 s)
2024-06-03 19:41:36,532 INFO  - Sending out DENM broadcast (at simulation time 15.000,000,000 s)
2024-06-03 19:41:36,534 INFO  - Sending out AdHoc broadcast (at simulation time 15.000,000,000 s)
2024-06-03 19:41:36,537 INFO  - Recieve a message from other vehicle (at simulation time 15.000,400,000 s)
2024-06-03 19:41:36,537 INFO  - DENM message Recived from veh_5 -info : seco (at simulation time 15.000,400,000 s)
2024-06-03 19:41:36,538 INFO  - Recending a DENM message from other vehicle (at simulation time 15.000,400,000 s)
2024-06-03 19:41:36,538 INFO  - Recieve a message from other vehicle (at simulation time 15.000,400,000 s)
2024-06-03 19:41:36,538 INFO  - I'm in better position but no more hops in message (at simulation time 15.000,400,000 s)
2024-06-03 19:41:36,540 INFO  - Recieve a message from other vehicle (at simulation time 15.000,400,000 s)
2024-06-03 19:41:36,540 INFO  - Recending a message from other vehicle (at simulation time 15.000,400,000 s)
2024-06-03 19:41:36,544 INFO  - Recieve a message from other vehicle (at simulation time 15.000,900,000 s)
2024-06-03 19:41:36,544 INFO  - My position is not better! (at simulation time 15.000,900,000 s)
2024-06-03 19:41:36,545 INFO  - Recieve a message from other vehicle (at simulation time 15.001,300,000 s)
2024-06-03 19:41:36,545 INFO  - DENM message Recived from veh_3 -info : seco (at simulation time 15.001,300,000 s)
2024-06-03 19:41:36,545 INFO  - No more hops in DENM message (at simulation time 15.001,300,000 s)
2024-06-03 19:41:36,546 INFO  - Recieve a message from other vehicle (at simulation time 15.001,300,000 s)
2024-06-03 19:41:36,547 INFO  - I'm in better position but no more hops in message (at simulation time 15.001,300,000 s)
2024-06-03 19:41:36,547 INFO  - Recieve a message from other vehicle (at simulation time 15.001,300,000 s)
2024-06-03 19:41:36,547 INFO  - My position is not better! (at simulation time 15.001,300,000 s)
2024-06-03 19:41:36,547 INFO  - Recieve a message from other vehicle (at simulation time 15.001,400,000 s)
2024-06-03 19:41:36,547 INFO  - DENM message Recived from veh_3 -info : seco (at simulation time 15.001,400,000 s)
2024-06-03 19:41:36,548 INFO  - No more hops in DENM message (at simulation time 15.001,400,000 s)
2024-06-03 19:41:36,548 INFO  - Recieve a message from other vehicle (at simulation time 15.001,400,000 s)
2024-06-03 19:41:36,548 INFO  - I'm in better position but no more hops in message (at simulation time 15.001,400,000 s)
2024-06-03 19:41:36,551 INFO  - Recieve a message from other vehicle (at simulation time 15.001,800,000 s)
2024-06-03 19:41:36,551 INFO  - I'm in better position but no more hops in message (at simulation time 15.001,800,000 s)
2024-06-03 19:41:36,553 INFO  - Recieve a message from other vehicle (at simulation time 15.001,900,000 s)
2024-06-03 19:41:36,553 INFO  - My position is not better! (at simulation time 15.001,900,000 s)
2024-06-03 19:41:36,554 INFO  - Recieve a message from other vehicle (at simulation time 15.001,900,000 s)
2024-06-03 19:41:36,554 INFO  - I'm in better position but no more hops in message (at simulation time 15.001,900,000 s)
2024-06-03 19:41:36,554 INFO  - Recieve a message from other vehicle (at simulation time 15.001,900,000 s)
2024-06-03 19:41:36,554 INFO  - My position is not better! (at simulation time 15.001,900,000 s)
2024-06-03 19:41:36,554 INFO  - Recieve a message from other vehicle (at simulation time 15.001,900,000 s)
2024-06-03 19:41:36,554 INFO  - My position is not better! (at simulation time 15.001,900,000 s)
2024-06-03 19:41:36,555 INFO  - Recieve a message from other vehicle (at simulation time 15.002,300,000 s)
2024-06-03 19:41:36,555 INFO  - I'm in better position but no more hops in message (at simulation time 15.002,300,000 s)
2024-06-03 19:41:36,556 INFO  - Recieve a message from other vehicle (at simulation time 15.002,300,000 s)
2024-06-03 19:41:36,556 INFO  - DENM message Recived from veh_1 -info : piso-molhado (at simulation time 15.002,300,000 s)
2024-06-03 19:41:36,556 INFO  - I slow down due to road state (at simulation time 15.002,300,000 s)
2024-06-03 19:41:36,556 INFO  - No more hops in DENM message (at simulation time 15.002,300,000 s)
2024-06-03 19:41:36,558 INFO  - Recieve a message from other vehicle (at simulation time 15.002,400,000 s)
2024-06-03 19:41:36,558 INFO  - DENM message Recived from veh_1 -info : piso-molhado (at simulation time 15.002,400,000 s)
2024-06-03 19:41:36,559 INFO  - I slow down due to road state (at simulation time 15.002,400,000 s)
2024-06-03 19:41:36,559 INFO  - No more hops in DENM message (at simulation time 15.002,400,000 s)
2024-06-03 19:41:36,559 INFO  - Recieve a message from other vehicle (at simulation time 15.002,400,000 s)
2024-06-03 19:41:36,559 INFO  - I'm in better position but no more hops in message (at simulation time 15.002,400,000 s)
2024-06-03 19:41:36,559 INFO  - Recieve a message from other vehicle (at simulation time 15.002,400,000 s)
2024-06-03 19:41:36,559 INFO  - My position is not better! (at simulation time 15.002,400,000 s)
2024-06-03 19:41:36,562 INFO  - Recieve a message from other vehicle (at simulation time 15.002,800,000 s)
2024-06-03 19:41:36,562 INFO  - I'm in better position but no more hops in message (at simulation time 15.002,800,000 s)
2024-06-03 19:41:36,563 INFO  - Recieve a message from other vehicle (at simulation time 15.003,800,000 s)
2024-06-03 19:41:36,563 INFO  - DENM message Recived from veh_0 -info : seco (at simulation time 15.003,800,000 s)
2024-06-03 19:41:36,563 INFO  - No more hops in DENM message (at simulation time 15.003,800,000 s)
2024-06-03 19:41:36,917 INFO  - Called #onVehicleUpdated (at simulation time 16.000,000,000 s)
2024-06-03 19:41:36,924 INFO  - Recieve a message from other vehicle (at simulation time 16.000,400,000 s)
2024-06-03 19:41:36,924 INFO  - I'm in better position but no more hops in message (at simulation time 16.000,400,000 s)
2024-06-03 19:41:36,926 INFO  - Recieve a message from other vehicle (at simulation time 16.000,400,000 s)
2024-06-03 19:41:36,926 INFO  - I'm in better position but no more hops in message (at simulation time 16.000,400,000 s)
2024-06-03 19:41:36,927 INFO  - Recieve a message from other vehicle (at simulation time 16.000,800,000 s)
2024-06-03 19:41:36,927 INFO  - I'm in better position but no more hops in message (at simulation time 16.000,800,000 s)
2024-06-03 19:41:36,927 INFO  - Recieve a message from other vehicle (at simulation time 16.000,900,000 s)
2024-06-03 19:41:36,927 INFO  - DENM message Recived from veh_2 -info : seco (at simulation time 16.000,900,000 s)
2024-06-03 19:41:36,927 INFO  - No more hops in DENM message (at simulation time 16.000,900,000 s)
2024-06-03 19:41:36,928 INFO  - Recieve a message from other vehicle (at simulation time 16.000,900,000 s)
2024-06-03 19:41:36,928 INFO  - I'm in better position but no more hops in message (at simulation time 16.000,900,000 s)
2024-06-03 19:41:36,928 INFO  - Recieve a message from other vehicle (at simulation time 16.000,900,000 s)
2024-06-03 19:41:36,928 INFO  - My position is not better! (at simulation time 16.000,900,000 s)
2024-06-03 19:41:36,928 INFO  - Recieve a message from other vehicle (at simulation time 16.000,900,000 s)
2024-06-03 19:41:36,928 INFO  - My position is not better! (at simulation time 16.000,900,000 s)
2024-06-03 19:41:36,930 INFO  - Recieve a message from other vehicle (at simulation time 16.001,400,000 s)
2024-06-03 19:41:36,930 INFO  - I'm in better position but no more hops in message (at simulation time 16.001,400,000 s)
2024-06-03 19:41:36,932 INFO  - Recieve a message from other vehicle (at simulation time 16.001,800,000 s)
2024-06-03 19:41:36,932 INFO  - I'm in better position but no more hops in message (at simulation time 16.001,800,000 s)
2024-06-03 19:41:36,932 INFO  - Recieve a message from other vehicle (at simulation time 16.001,800,000 s)
2024-06-03 19:41:36,932 INFO  - DENM message Recived from veh_2 -info : seco (at simulation time 16.001,800,000 s)
2024-06-03 19:41:36,932 INFO  - No more hops in DENM message (at simulation time 16.001,800,000 s)
2024-06-03 19:41:36,932 INFO  - Recieve a message from other vehicle (at simulation time 16.001,800,000 s)
2024-06-03 19:41:36,932 INFO  - I'm in better position but no more hops in message (at simulation time 16.001,800,000 s)
2024-06-03 19:41:36,933 INFO  - Recieve a message from other vehicle (at simulation time 16.001,900,000 s)
2024-06-03 19:41:36,933 INFO  - My position is not better! (at simulation time 16.001,900,000 s)
2024-06-03 19:41:36,933 INFO  - Recieve a message from other vehicle (at simulation time 16.001,900,000 s)
2024-06-03 19:41:36,933 INFO  - I'm in better position but no more hops in message (at simulation time 16.001,900,000 s)
2024-06-03 19:41:36,934 INFO  - Recieve a message from other vehicle (at simulation time 16.002,300,000 s)
2024-06-03 19:41:36,934 INFO  - I'm in better position but no more hops in message (at simulation time 16.002,300,000 s)
2024-06-03 19:41:36,934 INFO  - Recieve a message from other vehicle (at simulation time 16.002,400,000 s)
2024-06-03 19:41:36,934 INFO  - DENM message Recived from veh_4 -info : nevoeiro (at simulation time 16.002,400,000 s)
2024-06-03 19:41:36,934 INFO  - No more hops in DENM message (at simulation time 16.002,400,000 s)
2024-06-03 19:41:36,934 INFO  - Recieve a message from other vehicle (at simulation time 16.002,400,000 s)
2024-06-03 19:41:36,934 INFO  - I'm in better position but no more hops in message (at simulation time 16.002,400,000 s)
2024-06-03 19:41:36,935 INFO  - Recieve a message from other vehicle (at simulation time 16.002,400,000 s)
2024-06-03 19:41:36,935 INFO  - I'm in better position but no more hops in message (at simulation time 16.002,400,000 s)
2024-06-03 19:41:36,935 INFO  - Recieve a message from other vehicle (at simulation time 16.002,800,000 s)
2024-06-03 19:41:36,935 INFO  - DENM message Recived from veh_4 -info : nevoeiro (at simulation time 16.002,800,000 s)
2024-06-03 19:41:36,935 INFO  - No more hops in DENM message (at simulation time 16.002,800,000 s)
2024-06-03 19:41:36,935 INFO  - Recieve a message from other vehicle (at simulation time 16.002,800,000 s)
2024-06-03 19:41:36,935 INFO  - My position is not better! (at simulation time 16.002,800,000 s)
2024-06-03 19:41:36,935 INFO  - Recieve a message from other vehicle (at simulation time 16.002,800,000 s)
2024-06-03 19:41:36,935 INFO  - My position is not better! (at simulation time 16.002,800,000 s)
2024-06-03 19:41:37,317 INFO  - Called #onVehicleUpdated (at simulation time 17.000,000,000 s)
2024-06-03 19:41:37,319 INFO  - Sending out AdHoc broadcast (at simulation time 17.000,000,000 s)
2024-06-03 19:41:37,324 INFO  - Recieve a message from other vehicle (at simulation time 17.000,400,000 s)
2024-06-03 19:41:37,324 INFO  - I'm in better position but no more hops in message (at simulation time 17.000,400,000 s)
2024-06-03 19:41:37,324 INFO  - Recieve a message from other vehicle (at simulation time 17.000,400,000 s)
2024-06-03 19:41:37,324 INFO  - I'm in better position but no more hops in message (at simulation time 17.000,400,000 s)
2024-06-03 19:41:37,325 INFO  - Recieve a message from other vehicle (at simulation time 17.000,400,000 s)
2024-06-03 19:41:37,325 INFO  - I'm in better position but no more hops in message (at simulation time 17.000,400,000 s)
2024-06-03 19:41:37,326 INFO  - Recieve a message from other vehicle (at simulation time 17.000,900,000 s)
2024-06-03 19:41:37,326 INFO  - I'm in better position but no more hops in message (at simulation time 17.000,900,000 s)
2024-06-03 19:41:37,326 INFO  - Recieve a message from other vehicle (at simulation time 17.000,900,000 s)
2024-06-03 19:41:37,326 INFO  - My position is not better! (at simulation time 17.000,900,000 s)
2024-06-03 19:41:37,326 INFO  - Recieve a message from other vehicle (at simulation time 17.000,900,000 s)
2024-06-03 19:41:37,326 INFO  - I'm in better position but no more hops in message (at simulation time 17.000,900,000 s)
2024-06-03 19:41:37,327 INFO  - Recieve a message from other vehicle (at simulation time 17.000,900,000 s)
2024-06-03 19:41:37,327 INFO  - I'm in better position but no more hops in message (at simulation time 17.000,900,000 s)
2024-06-03 19:41:37,328 INFO  - Recieve a message from other vehicle (at simulation time 17.001,300,000 s)
2024-06-03 19:41:37,328 INFO  - I'm in better position but no more hops in message (at simulation time 17.001,300,000 s)
2024-06-03 19:41:37,328 INFO  - Recieve a message from other vehicle (at simulation time 17.001,400,000 s)
2024-06-03 19:41:37,328 INFO  - I'm in better position but no more hops in message (at simulation time 17.001,400,000 s)
2024-06-03 19:41:37,329 INFO  - Recieve a message from other vehicle (at simulation time 17.001,800,000 s)
2024-06-03 19:41:37,329 INFO  - I'm in better position but no more hops in message (at simulation time 17.001,800,000 s)
2024-06-03 19:41:37,330 INFO  - Recieve a message from other vehicle (at simulation time 17.001,900,000 s)
2024-06-03 19:41:37,330 INFO  - I'm in better position but no more hops in message (at simulation time 17.001,900,000 s)
2024-06-03 19:41:37,330 INFO  - Recieve a message from other vehicle (at simulation time 17.001,900,000 s)
2024-06-03 19:41:37,330 INFO  - I'm in better position but no more hops in message (at simulation time 17.001,900,000 s)
2024-06-03 19:41:37,330 INFO  - Recieve a message from other vehicle (at simulation time 17.002,300,000 s)
2024-06-03 19:41:37,330 INFO  - I'm in better position but no more hops in message (at simulation time 17.002,300,000 s)
2024-06-03 19:41:37,330 INFO  - Recieve a message from other vehicle (at simulation time 17.002,300,000 s)
2024-06-03 19:41:37,330 INFO  - I'm in better position but no more hops in message (at simulation time 17.002,300,000 s)
2024-06-03 19:41:37,330 INFO  - Recieve a message from other vehicle (at simulation time 17.002,300,000 s)
2024-06-03 19:41:37,330 INFO  - I'm in better position but no more hops in message (at simulation time 17.002,300,000 s)
2024-06-03 19:41:37,718 INFO  - Called #onVehicleUpdated (at simulation time 18.000,000,000 s)
2024-06-03 19:41:37,722 INFO  - Recieve a message from other vehicle (at simulation time 18.000,400,000 s)
2024-06-03 19:41:37,723 INFO  - I'm in better position but no more hops in message (at simulation time 18.000,400,000 s)
2024-06-03 19:41:37,723 INFO  - Recieve a message from other vehicle (at simulation time 18.000,400,000 s)
2024-06-03 19:41:37,723 INFO  - My position is not better! (at simulation time 18.000,400,000 s)
2024-06-03 19:41:37,723 INFO  - Recieve a message from other vehicle (at simulation time 18.000,400,000 s)
2024-06-03 19:41:37,723 INFO  - My position is not better! (at simulation time 18.000,400,000 s)
2024-06-03 19:41:37,724 INFO  - Recieve a message from other vehicle (at simulation time 18.000,800,000 s)
2024-06-03 19:41:37,724 INFO  - My position is not better! (at simulation time 18.000,800,000 s)
2024-06-03 19:41:37,724 INFO  - Recieve a message from other vehicle (at simulation time 18.000,800,000 s)
2024-06-03 19:41:37,724 INFO  - I'm in better position but no more hops in message (at simulation time 18.000,800,000 s)
2024-06-03 19:41:37,725 INFO  - Recieve a message from other vehicle (at simulation time 18.000,900,000 s)
2024-06-03 19:41:37,725 INFO  - Recending a message from other vehicle (at simulation time 18.000,900,000 s)
2024-06-03 19:41:37,725 INFO  - Recieve a message from other vehicle (at simulation time 18.000,900,000 s)
2024-06-03 19:41:37,725 INFO  - I'm in better position but no more hops in message (at simulation time 18.000,900,000 s)
2024-06-03 19:41:37,726 INFO  - Recieve a message from other vehicle (at simulation time 18.001,300,000 s)
2024-06-03 19:41:37,726 INFO  - I'm in better position but no more hops in message (at simulation time 18.001,300,000 s)
2024-06-03 19:41:37,727 INFO  - Recieve a message from other vehicle (at simulation time 18.001,400,000 s)
2024-06-03 19:41:37,727 INFO  - I'm in better position but no more hops in message (at simulation time 18.001,400,000 s)
2024-06-03 19:41:37,731 INFO  - Recieve a message from other vehicle (at simulation time 18.002,300,000 s)
2024-06-03 19:41:37,731 INFO  - I'm in better position but no more hops in message (at simulation time 18.002,300,000 s)
2024-06-03 19:41:37,731 INFO  - Recieve a message from other vehicle (at simulation time 18.002,300,000 s)
2024-06-03 19:41:37,731 INFO  - My position is not better! (at simulation time 18.002,300,000 s)
2024-06-03 19:41:37,731 INFO  - Recieve a message from other vehicle (at simulation time 18.002,400,000 s)
2024-06-03 19:41:37,731 INFO  - My position is not better! (at simulation time 18.002,400,000 s)
2024-06-03 19:41:37,732 INFO  - Recieve a message from other vehicle (at simulation time 18.002,400,000 s)
2024-06-03 19:41:37,732 INFO  - I'm in better position but no more hops in message (at simulation time 18.002,400,000 s)
2024-06-03 19:41:37,732 INFO  - Recieve a message from other vehicle (at simulation time 18.002,400,000 s)
2024-06-03 19:41:37,732 INFO  - I'm in better position but no more hops in message (at simulation time 18.002,400,000 s)
2024-06-03 19:41:37,732 INFO  - Recieve a message from other vehicle (at simulation time 18.002,400,000 s)
2024-06-03 19:41:37,732 INFO  - I'm in better position but no more hops in message (at simulation time 18.002,400,000 s)
2024-06-03 19:41:38,118 INFO  - Called #onVehicleUpdated (at simulation time 19.000,000,000 s)
2024-06-03 19:41:38,120 INFO  - Sending out AdHoc broadcast (at simulation time 19.000,000,000 s)
2024-06-03 19:41:38,122 INFO  - Recieve a message from other vehicle (at simulation time 19.000,800,000 s)
2024-06-03 19:41:38,122 INFO  - I'm in better position but no more hops in message (at simulation time 19.000,800,000 s)
2024-06-03 19:41:38,123 INFO  - Recieve a message from other vehicle (at simulation time 19.000,900,000 s)
2024-06-03 19:41:38,123 INFO  - I'm in better position but no more hops in message (at simulation time 19.000,900,000 s)
2024-06-03 19:41:38,123 INFO  - Recieve a message from other vehicle (at simulation time 19.000,900,000 s)
2024-06-03 19:41:38,123 INFO  - I'm in better position but no more hops in message (at simulation time 19.000,900,000 s)
2024-06-03 19:41:38,123 INFO  - Recieve a message from other vehicle (at simulation time 19.000,900,000 s)
2024-06-03 19:41:38,123 INFO  - I'm in better position but no more hops in message (at simulation time 19.000,900,000 s)
2024-06-03 19:41:38,124 INFO  - Recieve a message from other vehicle (at simulation time 19.001,300,000 s)
2024-06-03 19:41:38,124 INFO  - I'm in better position but no more hops in message (at simulation time 19.001,300,000 s)
2024-06-03 19:41:38,124 INFO  - Recieve a message from other vehicle (at simulation time 19.001,300,000 s)
2024-06-03 19:41:38,124 INFO  - I'm in better position but no more hops in message (at simulation time 19.001,300,000 s)
2024-06-03 19:41:38,124 INFO  - Recieve a message from other vehicle (at simulation time 19.001,400,000 s)
2024-06-03 19:41:38,124 INFO  - My position is not better! (at simulation time 19.001,400,000 s)
2024-06-03 19:41:38,124 INFO  - Recieve a message from other vehicle (at simulation time 19.001,400,000 s)
2024-06-03 19:41:38,124 INFO  - I'm in better position but no more hops in message (at simulation time 19.001,400,000 s)
2024-06-03 19:41:38,126 INFO  - Recieve a message from other vehicle (at simulation time 19.001,900,000 s)
2024-06-03 19:41:38,126 INFO  - I'm in better position but no more hops in message (at simulation time 19.001,900,000 s)
2024-06-03 19:41:38,126 INFO  - Recieve a message from other vehicle (at simulation time 19.001,900,000 s)
2024-06-03 19:41:38,126 INFO  - I'm in better position but no more hops in message (at simulation time 19.001,900,000 s)
2024-06-03 19:41:38,126 INFO  - Recieve a message from other vehicle (at simulation time 19.001,900,000 s)
2024-06-03 19:41:38,126 INFO  - I'm in better position but no more hops in message (at simulation time 19.001,900,000 s)
2024-06-03 19:41:38,127 INFO  - Recieve a message from other vehicle (at simulation time 19.002,300,000 s)
2024-06-03 19:41:38,127 INFO  - I'm in better position but no more hops in message (at simulation time 19.002,300,000 s)
2024-06-03 19:41:38,127 INFO  - Recieve a message from other vehicle (at simulation time 19.002,400,000 s)
2024-06-03 19:41:38,127 INFO  - I'm in better position but no more hops in message (at simulation time 19.002,400,000 s)
2024-06-03 19:41:38,127 INFO  - Recieve a message from other vehicle (at simulation time 19.002,400,000 s)
2024-06-03 19:41:38,127 INFO  - I'm in better position but no more hops in message (at simulation time 19.002,400,000 s)
2024-06-03 19:41:38,129 INFO  - Recieve a message from other vehicle (at simulation time 19.002,800,000 s)
2024-06-03 19:41:38,129 INFO  - My position is not better! (at simulation time 19.002,800,000 s)
2024-06-03 19:41:38,129 INFO  - Recieve a message from other vehicle (at simulation time 19.003,300,000 s)
2024-06-03 19:41:38,129 INFO  - I'm in better position but no more hops in message (at simulation time 19.003,300,000 s)
2024-06-03 19:41:38,520 INFO  - Called #onVehicleUpdated (at simulation time 20.000,000,000 s)
2024-06-03 19:41:38,523 INFO  - Recieve a message from other vehicle (at simulation time 20.000,400,000 s)
2024-06-03 19:41:38,523 INFO  - I'm in better position but no more hops in message (at simulation time 20.000,400,000 s)
2024-06-03 19:41:38,524 INFO  - Recieve a message from other vehicle (at simulation time 20.000,900,000 s)
2024-06-03 19:41:38,524 INFO  - Recending a message from other vehicle (at simulation time 20.000,900,000 s)
2024-06-03 19:41:38,524 INFO  - Recieve a message from other vehicle (at simulation time 20.000,900,000 s)
2024-06-03 19:41:38,524 INFO  - I'm in better position but no more hops in message (at simulation time 20.000,900,000 s)
2024-06-03 19:41:38,524 INFO  - Recieve a message from other vehicle (at simulation time 20.000,900,000 s)
2024-06-03 19:41:38,524 INFO  - My position is not better! (at simulation time 20.000,900,000 s)
2024-06-03 19:41:38,524 INFO  - Recieve a message from other vehicle (at simulation time 20.000,900,000 s)
2024-06-03 19:41:38,524 INFO  - Recending a message from other vehicle (at simulation time 20.000,900,000 s)
2024-06-03 19:41:38,526 INFO  - Recieve a message from other vehicle (at simulation time 20.001,400,000 s)
2024-06-03 19:41:38,526 INFO  - Recending a message from other vehicle (at simulation time 20.001,400,000 s)
2024-06-03 19:41:38,526 INFO  - Recieve a message from other vehicle (at simulation time 20.001,400,000 s)
2024-06-03 19:41:38,526 INFO  - Recending a message from other vehicle (at simulation time 20.001,400,000 s)
2024-06-03 19:41:38,526 INFO  - Recieve a message from other vehicle (at simulation time 20.001,800,000 s)
2024-06-03 19:41:38,526 INFO  - I'm in better position but no more hops in message (at simulation time 20.001,800,000 s)
2024-06-03 19:41:38,526 INFO  - Recieve a message from other vehicle (at simulation time 20.001,800,000 s)
2024-06-03 19:41:38,526 INFO  - I'm in better position but no more hops in message (at simulation time 20.001,800,000 s)
2024-06-03 19:41:38,527 INFO  - Recieve a message from other vehicle (at simulation time 20.001,900,000 s)
2024-06-03 19:41:38,527 INFO  - I'm in better position but no more hops in message (at simulation time 20.001,900,000 s)
2024-06-03 19:41:38,527 INFO  - Recieve a message from other vehicle (at simulation time 20.002,400,000 s)
2024-06-03 19:41:38,527 INFO  - I'm in better position but no more hops in message (at simulation time 20.002,400,000 s)
2024-06-03 19:41:38,527 INFO  - Recieve a message from other vehicle (at simulation time 20.002,400,000 s)
2024-06-03 19:41:38,527 INFO  - I'm in better position but no more hops in message (at simulation time 20.002,400,000 s)
2024-06-03 19:41:38,918 INFO  - Called #onVehicleUpdated (at simulation time 21.000,000,000 s)
2024-06-03 19:41:38,920 INFO  - Sending out AdHoc broadcast (at simulation time 21.000,000,000 s)
2024-06-03 19:41:38,921 INFO  - Recieve a message from other vehicle (at simulation time 21.000,400,000 s)
2024-06-03 19:41:38,921 INFO  - I'm in better position but no more hops in message (at simulation time 21.000,400,000 s)
2024-06-03 19:41:38,921 INFO  - Recieve a message from other vehicle (at simulation time 21.000,400,000 s)
2024-06-03 19:41:38,921 INFO  - I'm in better position but no more hops in message (at simulation time 21.000,400,000 s)
2024-06-03 19:41:38,921 INFO  - Recieve a message from other vehicle (at simulation time 21.000,400,000 s)
2024-06-03 19:41:38,921 INFO  - I'm in better position but no more hops in message (at simulation time 21.000,400,000 s)
2024-06-03 19:41:38,922 INFO  - Recieve a message from other vehicle (at simulation time 21.000,900,000 s)
2024-06-03 19:41:38,922 INFO  - I'm in better position but no more hops in message (at simulation time 21.000,900,000 s)
2024-06-03 19:41:38,922 INFO  - Recieve a message from other vehicle (at simulation time 21.001,300,000 s)
2024-06-03 19:41:38,922 INFO  - I'm in better position but no more hops in message (at simulation time 21.001,300,000 s)
2024-06-03 19:41:38,922 INFO  - Recieve a message from other vehicle (at simulation time 21.001,400,000 s)
2024-06-03 19:41:38,922 INFO  - I'm in better position but no more hops in message (at simulation time 21.001,400,000 s)
2024-06-03 19:41:38,923 INFO  - Recieve a message from other vehicle (at simulation time 21.002,400,000 s)
2024-06-03 19:41:38,923 INFO  - I'm in better position but no more hops in message (at simulation time 21.002,400,000 s)
2024-06-03 19:41:38,924 INFO  - Recieve a message from other vehicle (at simulation time 21.003,300,000 s)
2024-06-03 19:41:38,924 INFO  - I'm in better position but no more hops in message (at simulation time 21.003,300,000 s)
2024-06-03 19:41:39,317 INFO  - Called #onVehicleUpdated (at simulation time 22.000,000,000 s)
2024-06-03 19:41:39,373 INFO  - Recieve a message from other vehicle (at simulation time 22.000,900,000 s)
2024-06-03 19:41:39,374 INFO  - Recending a message from other vehicle (at simulation time 22.000,900,000 s)
2024-06-03 19:41:39,374 INFO  - Recieve a message from other vehicle (at simulation time 22.000,900,000 s)
2024-06-03 19:41:39,374 INFO  - Recending a message from other vehicle (at simulation time 22.000,900,000 s)
2024-06-03 19:41:39,374 INFO  - Recieve a message from other vehicle (at simulation time 22.001,300,000 s)
2024-06-03 19:41:39,374 INFO  - I'm in better position but no more hops in message (at simulation time 22.001,300,000 s)
2024-06-03 19:41:39,374 INFO  - Recieve a message from other vehicle (at simulation time 22.001,400,000 s)
2024-06-03 19:41:39,374 INFO  - I'm in better position but no more hops in message (at simulation time 22.001,400,000 s)
2024-06-03 19:41:39,374 INFO  - Recieve a message from other vehicle (at simulation time 22.001,400,000 s)
2024-06-03 19:41:39,375 INFO  - Recending a message from other vehicle (at simulation time 22.001,400,000 s)
2024-06-03 19:41:39,375 INFO  - Recieve a message from other vehicle (at simulation time 22.001,900,000 s)
2024-06-03 19:41:39,375 INFO  - Recending a message from other vehicle (at simulation time 22.001,900,000 s)
2024-06-03 19:41:39,375 INFO  - Recieve a message from other vehicle (at simulation time 22.001,900,000 s)
2024-06-03 19:41:39,375 INFO  - I'm in better position but no more hops in message (at simulation time 22.001,900,000 s)
2024-06-03 19:41:39,376 INFO  - Recieve a message from other vehicle (at simulation time 22.001,900,000 s)
2024-06-03 19:41:39,376 INFO  - I'm in better position but no more hops in message (at simulation time 22.001,900,000 s)
2024-06-03 19:41:39,376 INFO  - Recieve a message from other vehicle (at simulation time 22.002,300,000 s)
2024-06-03 19:41:39,376 INFO  - I'm in better position but no more hops in message (at simulation time 22.002,300,000 s)
2024-06-03 19:41:39,377 INFO  - Recieve a message from other vehicle (at simulation time 22.003,800,000 s)
2024-06-03 19:41:39,377 INFO  - I'm in better position but no more hops in message (at simulation time 22.003,800,000 s)
2024-06-03 19:41:39,717 INFO  - Called #onVehicleUpdated (at simulation time 23.000,000,000 s)
2024-06-03 19:41:39,718 INFO  - Sending out AdHoc broadcast (at simulation time 23.000,000,000 s)
2024-06-03 19:41:39,720 INFO  - Recieve a message from other vehicle (at simulation time 23.000,400,000 s)
2024-06-03 19:41:39,720 INFO  - My position is not better! (at simulation time 23.000,400,000 s)
2024-06-03 19:41:39,720 INFO  - Recieve a message from other vehicle (at simulation time 23.000,900,000 s)
2024-06-03 19:41:39,720 INFO  - My position is not better! (at simulation time 23.000,900,000 s)
2024-06-03 19:41:39,720 INFO  - Recieve a message from other vehicle (at simulation time 23.000,900,000 s)
2024-06-03 19:41:39,720 INFO  - My position is not better! (at simulation time 23.000,900,000 s)
2024-06-03 19:41:39,722 INFO  - Recieve a message from other vehicle (at simulation time 23.001,800,000 s)
2024-06-03 19:41:39,722 INFO  - My position is not better! (at simulation time 23.001,800,000 s)
2024-06-03 19:41:39,722 INFO  - Recieve a message from other vehicle (at simulation time 23.001,900,000 s)
2024-06-03 19:41:39,722 INFO  - My position is not better! (at simulation time 23.001,900,000 s)
2024-06-03 19:41:39,722 INFO  - Recieve a message from other vehicle (at simulation time 23.002,400,000 s)
2024-06-03 19:41:39,722 INFO  - I'm in better position but no more hops in message (at simulation time 23.002,400,000 s)
2024-06-03 19:41:39,722 INFO  - Recieve a message from other vehicle (at simulation time 23.002,400,000 s)
2024-06-03 19:41:39,722 INFO  - Recending a message from other vehicle (at simulation time 23.002,400,000 s)
2024-06-03 19:41:39,723 INFO  - Recieve a message from other vehicle (at simulation time 23.002,800,000 s)
2024-06-03 19:41:39,723 INFO  - I'm in better position but no more hops in message (at simulation time 23.002,800,000 s)
2024-06-03 19:41:40,118 INFO  - Called #onVehicleUpdated (at simulation time 24.000,000,000 s)
2024-06-03 19:41:40,119 INFO  - Recieve a message from other vehicle (at simulation time 24.000,400,000 s)
2024-06-03 19:41:40,119 INFO  - My position is not better! (at simulation time 24.000,400,000 s)
2024-06-03 19:41:40,120 INFO  - Recieve a message from other vehicle (at simulation time 24.001,900,000 s)
2024-06-03 19:41:40,120 INFO  - My position is not better! (at simulation time 24.001,900,000 s)
2024-06-03 19:41:40,120 INFO  - Recieve a message from other vehicle (at simulation time 24.002,400,000 s)
2024-06-03 19:41:40,120 INFO  - My position is not better! (at simulation time 24.002,400,000 s)
2024-06-03 19:41:40,120 INFO  - Recieve a message from other vehicle (at simulation time 24.002,800,000 s)
2024-06-03 19:41:40,120 INFO  - I'm in better position but no more hops in message (at simulation time 24.002,800,000 s)
2024-06-03 19:41:40,520 INFO  - Called #onVehicleUpdated (at simulation time 25.000,000,000 s)
2024-06-03 19:41:40,521 INFO  - Sending out AdHoc broadcast (at simulation time 25.000,000,000 s)
2024-06-03 19:41:40,917 INFO  - Called #onVehicleUpdated (at simulation time 26.000,000,000 s)
2024-06-03 19:41:41,317 INFO  - Called #onVehicleUpdated (at simulation time 27.000,000,000 s)
2024-06-03 19:41:41,317 INFO  - Sending out AdHoc broadcast (at simulation time 27.000,000,000 s)
2024-06-03 19:41:41,717 INFO  - Called #onVehicleUpdated (at simulation time 28.000,000,000 s)
2024-06-03 19:41:42,117 INFO  - Called #onVehicleUpdated (at simulation time 29.000,000,000 s)
2024-06-03 19:41:42,117 INFO  - Sending out AdHoc broadcast (at simulation time 29.000,000,000 s)
2024-06-03 19:41:42,518 INFO  - Called #onVehicleUpdated (at simulation time 30.000,000,000 s)
2024-06-03 19:41:42,917 INFO  - Called #onVehicleUpdated (at simulation time 31.000,000,000 s)
2024-06-03 19:41:42,918 INFO  - Sending out AdHoc broadcast (at simulation time 31.000,000,000 s)
2024-06-03 19:41:43,318 INFO  - Shutdown (at simulation time 32.000,000,000 s)
