2024-06-03 19:57:41,322 INFO  - Initialize Vehicle application (at simulation time 222.000,000,000 s)
2024-06-03 19:57:41,323 INFO  - Activated WLAN Module (at simulation time 222.000,000,000 s)
2024-06-03 19:57:41,327 INFO  - Called #onVehicleUpdated (at simulation time 222.000,000,000 s)
2024-06-03 19:57:41,334 INFO  - Recieve a message from other vehicle (at simulation time 222.002,400,000 s)
2024-06-03 19:57:41,334 INFO  - My position is not better! (at simulation time 222.002,400,000 s)
2024-06-03 19:57:41,578 INFO  - Called #onVehicleUpdated (at simulation time 223.000,000,000 s)
2024-06-03 19:57:41,579 INFO  - Define the name: veh_37 and route: r_2 (at simulation time 223.000,000,000 s)
2024-06-03 19:57:41,579 INFO  - Sending out AdHoc broadcast (at simulation time 223.000,000,000 s)
2024-06-03 19:57:41,582 INFO  - Recieve a message from other vehicle (at simulation time 223.000,800,000 s)
2024-06-03 19:57:41,582 INFO  - My position is not better! (at simulation time 223.000,800,000 s)
2024-06-03 19:57:41,583 INFO  - Recieve a message from other vehicle (at simulation time 223.000,900,000 s)
2024-06-03 19:57:41,583 INFO  - My position is not better! (at simulation time 223.000,900,000 s)
2024-06-03 19:57:41,583 INFO  - Recieve a message from other vehicle (at simulation time 223.001,400,000 s)
2024-06-03 19:57:41,583 INFO  - My position is not better! (at simulation time 223.001,400,000 s)
2024-06-03 19:57:41,820 INFO  - Called #onVehicleUpdated (at simulation time 224.000,000,000 s)
2024-06-03 19:57:41,824 INFO  - Recieve a message from other vehicle (at simulation time 224.000,900,000 s)
2024-06-03 19:57:41,824 INFO  - My position is not better! (at simulation time 224.000,900,000 s)
2024-06-03 19:57:41,825 INFO  - Recieve a message from other vehicle (at simulation time 224.001,400,000 s)
2024-06-03 19:57:41,825 INFO  - My position is not better! (at simulation time 224.001,400,000 s)
2024-06-03 19:57:41,826 INFO  - Recieve a message from other vehicle (at simulation time 224.001,900,000 s)
2024-06-03 19:57:41,826 INFO  - I'm in better position but no more hops in message (at simulation time 224.001,900,000 s)
2024-06-03 19:57:41,827 INFO  - Recieve a message from other vehicle (at simulation time 224.002,400,000 s)
2024-06-03 19:57:41,827 INFO  - My position is not better! (at simulation time 224.002,400,000 s)
2024-06-03 19:57:41,827 INFO  - Recieve a message from other vehicle (at simulation time 224.002,800,000 s)
2024-06-03 19:57:41,827 INFO  - I'm in better position but no more hops in message (at simulation time 224.002,800,000 s)
2024-06-03 19:57:42,069 INFO  - Called #onVehicleUpdated (at simulation time 225.000,000,000 s)
2024-06-03 19:57:42,070 INFO  - Sending out AdHoc broadcast (at simulation time 225.000,000,000 s)
2024-06-03 19:57:42,071 INFO  - Recieve a message from other vehicle (at simulation time 225.000,400,000 s)
2024-06-03 19:57:42,071 INFO  - My position is not better! (at simulation time 225.000,400,000 s)
2024-06-03 19:57:42,072 INFO  - Recieve a message from other vehicle (at simulation time 225.000,400,000 s)
2024-06-03 19:57:42,072 INFO  - My position is not better! (at simulation time 225.000,400,000 s)
2024-06-03 19:57:42,076 INFO  - Recieve a message from other vehicle (at simulation time 225.002,400,000 s)
2024-06-03 19:57:42,076 INFO  - My position is not better! (at simulation time 225.002,400,000 s)
2024-06-03 19:57:42,076 INFO  - Recieve a message from other vehicle (at simulation time 225.003,300,000 s)
2024-06-03 19:57:42,076 INFO  - My position is not better! (at simulation time 225.003,300,000 s)
2024-06-03 19:57:42,320 INFO  - Called #onVehicleUpdated (at simulation time 226.000,000,000 s)
2024-06-03 19:57:42,326 INFO  - Recieve a message from other vehicle (at simulation time 226.000,400,000 s)
2024-06-03 19:57:42,326 INFO  - My position is not better! (at simulation time 226.000,400,000 s)
2024-06-03 19:57:42,326 INFO  - Recieve a message from other vehicle (at simulation time 226.000,900,000 s)
2024-06-03 19:57:42,326 INFO  - My position is not better! (at simulation time 226.000,900,000 s)
2024-06-03 19:57:42,327 INFO  - Recieve a message from other vehicle (at simulation time 226.000,900,000 s)
2024-06-03 19:57:42,327 INFO  - My position is not better! (at simulation time 226.000,900,000 s)
2024-06-03 19:57:42,329 INFO  - Recieve a message from other vehicle (at simulation time 226.001,900,000 s)
2024-06-03 19:57:42,329 INFO  - I'm in better position but no more hops in message (at simulation time 226.001,900,000 s)
2024-06-03 19:57:42,567 INFO  - Called #onVehicleUpdated (at simulation time 227.000,000,000 s)
2024-06-03 19:57:42,568 INFO  - Sending out AdHoc broadcast (at simulation time 227.000,000,000 s)
2024-06-03 19:57:42,569 INFO  - Recieve a message from other vehicle (at simulation time 227.000,400,000 s)
2024-06-03 19:57:42,569 INFO  - My position is not better! (at simulation time 227.000,400,000 s)
2024-06-03 19:57:42,570 INFO  - Recieve a message from other vehicle (at simulation time 227.000,400,000 s)
2024-06-03 19:57:42,570 INFO  - My position is not better! (at simulation time 227.000,400,000 s)
2024-06-03 19:57:42,573 INFO  - Recieve a message from other vehicle (at simulation time 227.001,400,000 s)
2024-06-03 19:57:42,573 INFO  - My position is not better! (at simulation time 227.001,400,000 s)
2024-06-03 19:57:42,818 INFO  - Called #onVehicleUpdated (at simulation time 228.000,000,000 s)
2024-06-03 19:57:42,820 INFO  - Recieve a message from other vehicle (at simulation time 228.000,400,000 s)
2024-06-03 19:57:42,820 INFO  - My position is not better! (at simulation time 228.000,400,000 s)
2024-06-03 19:57:42,820 INFO  - Recieve a message from other vehicle (at simulation time 228.000,400,000 s)
2024-06-03 19:57:42,820 INFO  - I'm in better position but no more hops in message (at simulation time 228.000,400,000 s)
2024-06-03 19:57:42,820 INFO  - Recieve a message from other vehicle (at simulation time 228.000,900,000 s)
2024-06-03 19:57:42,820 INFO  - My position is not better! (at simulation time 228.000,900,000 s)
2024-06-03 19:57:42,823 INFO  - Recieve a message from other vehicle (at simulation time 228.001,400,000 s)
2024-06-03 19:57:42,823 INFO  - My position is not better! (at simulation time 228.001,400,000 s)
2024-06-03 19:57:43,068 INFO  - Called #onVehicleUpdated (at simulation time 229.000,000,000 s)
2024-06-03 19:57:43,069 INFO  - Sending out AdHoc broadcast (at simulation time 229.000,000,000 s)
2024-06-03 19:57:43,073 INFO  - Recieve a message from other vehicle (at simulation time 229.000,900,000 s)
2024-06-03 19:57:43,073 INFO  - My position is not better! (at simulation time 229.000,900,000 s)
2024-06-03 19:57:43,077 INFO  - Recieve a message from other vehicle (at simulation time 229.002,400,000 s)
2024-06-03 19:57:43,077 INFO  - My position is not better! (at simulation time 229.002,400,000 s)
2024-06-03 19:57:43,078 INFO  - Recieve a message from other vehicle (at simulation time 229.002,400,000 s)
2024-06-03 19:57:43,078 INFO  - My position is not better! (at simulation time 229.002,400,000 s)
2024-06-03 19:57:43,321 INFO  - Called #onVehicleUpdated (at simulation time 230.000,000,000 s)
2024-06-03 19:57:43,323 INFO  - Recieve a message from other vehicle (at simulation time 230.000,400,000 s)
2024-06-03 19:57:43,323 INFO  - My position is not better! (at simulation time 230.000,400,000 s)
2024-06-03 19:57:43,325 INFO  - Recieve a message from other vehicle (at simulation time 230.000,400,000 s)
2024-06-03 19:57:43,325 INFO  - I'm in better position but no more hops in message (at simulation time 230.000,400,000 s)
2024-06-03 19:57:43,329 INFO  - Recieve a message from other vehicle (at simulation time 230.002,400,000 s)
2024-06-03 19:57:43,329 INFO  - My position is not better! (at simulation time 230.002,400,000 s)
2024-06-03 19:57:43,329 INFO  - Recieve a message from other vehicle (at simulation time 230.002,400,000 s)
2024-06-03 19:57:43,329 INFO  - My position is not better! (at simulation time 230.002,400,000 s)
2024-06-03 19:57:43,568 INFO  - Called #onVehicleUpdated (at simulation time 231.000,000,000 s)
2024-06-03 19:57:43,568 INFO  - Sending out DENM broadcast (at simulation time 231.000,000,000 s)
2024-06-03 19:57:43,568 INFO  - Sending out AdHoc broadcast (at simulation time 231.000,000,000 s)
2024-06-03 19:57:43,571 INFO  - Recieve a message from other vehicle (at simulation time 231.000,400,000 s)
2024-06-03 19:57:43,571 INFO  - My position is not better! (at simulation time 231.000,400,000 s)
2024-06-03 19:57:43,572 INFO  - Recieve a message from other vehicle (at simulation time 231.000,900,000 s)
2024-06-03 19:57:43,572 INFO  - My position is not better! (at simulation time 231.000,900,000 s)
2024-06-03 19:57:43,574 INFO  - Recieve a message from other vehicle (at simulation time 231.001,800,000 s)
2024-06-03 19:57:43,574 INFO  - DENM message Recived from veh_37 -info : seco (at simulation time 231.001,800,000 s)
2024-06-03 19:57:43,574 INFO  - No more hops in DENM message (at simulation time 231.001,800,000 s)
2024-06-03 19:57:43,575 INFO  - Recieve a message from other vehicle (at simulation time 231.001,900,000 s)
2024-06-03 19:57:43,575 INFO  - My position is not better! (at simulation time 231.001,900,000 s)
2024-06-03 19:57:43,819 INFO  - Called #onVehicleUpdated (at simulation time 232.000,000,000 s)
2024-06-03 19:57:43,822 INFO  - Recieve a message from other vehicle (at simulation time 232.000,400,000 s)
2024-06-03 19:57:43,822 INFO  - My position is not better! (at simulation time 232.000,400,000 s)
2024-06-03 19:57:43,824 INFO  - Recieve a message from other vehicle (at simulation time 232.001,300,000 s)
2024-06-03 19:57:43,824 INFO  - DENM message Recived from veh_38 -info : seco (at simulation time 232.001,300,000 s)
2024-06-03 19:57:43,824 INFO  - No more hops in DENM message (at simulation time 232.001,300,000 s)
2024-06-03 19:57:43,824 INFO  - Recieve a message from other vehicle (at simulation time 232.001,400,000 s)
2024-06-03 19:57:43,824 INFO  - DENM message Recived from veh_38 -info : seco (at simulation time 232.001,400,000 s)
2024-06-03 19:57:43,824 INFO  - No more hops in DENM message (at simulation time 232.001,400,000 s)
2024-06-03 19:57:43,827 INFO  - Recieve a message from other vehicle (at simulation time 232.002,400,000 s)
2024-06-03 19:57:43,827 INFO  - My position is not better! (at simulation time 232.002,400,000 s)
2024-06-03 19:57:43,828 INFO  - Recieve a message from other vehicle (at simulation time 232.002,400,000 s)
2024-06-03 19:57:43,828 INFO  - My position is not better! (at simulation time 232.002,400,000 s)
2024-06-03 19:57:43,828 INFO  - Recieve a message from other vehicle (at simulation time 232.002,400,000 s)
2024-06-03 19:57:43,828 INFO  - I'm in better position but no more hops in message (at simulation time 232.002,400,000 s)
2024-06-03 19:57:44,068 INFO  - Called #onVehicleUpdated (at simulation time 233.000,000,000 s)
2024-06-03 19:57:44,069 INFO  - Sending out AdHoc broadcast (at simulation time 233.000,000,000 s)
2024-06-03 19:57:44,070 INFO  - Recieve a message from other vehicle (at simulation time 233.000,400,000 s)
2024-06-03 19:57:44,070 INFO  - My position is not better! (at simulation time 233.000,400,000 s)
2024-06-03 19:57:44,070 INFO  - Recieve a message from other vehicle (at simulation time 233.000,400,000 s)
2024-06-03 19:57:44,070 INFO  - My position is not better! (at simulation time 233.000,400,000 s)
2024-06-03 19:57:44,071 INFO  - Recieve a message from other vehicle (at simulation time 233.000,900,000 s)
2024-06-03 19:57:44,071 INFO  - My position is not better! (at simulation time 233.000,900,000 s)
2024-06-03 19:57:44,319 INFO  - Called #onVehicleUpdated (at simulation time 234.000,000,000 s)
2024-06-03 19:57:44,324 INFO  - Recieve a message from other vehicle (at simulation time 234.000,400,000 s)
2024-06-03 19:57:44,324 INFO  - I'm in better position but no more hops in message (at simulation time 234.000,400,000 s)
2024-06-03 19:57:44,326 INFO  - Recieve a message from other vehicle (at simulation time 234.000,900,000 s)
2024-06-03 19:57:44,326 INFO  - My position is not better! (at simulation time 234.000,900,000 s)
2024-06-03 19:57:44,328 INFO  - Recieve a message from other vehicle (at simulation time 234.001,400,000 s)
2024-06-03 19:57:44,328 INFO  - My position is not better! (at simulation time 234.001,400,000 s)
2024-06-03 19:57:44,328 INFO  - Recieve a message from other vehicle (at simulation time 234.001,900,000 s)
2024-06-03 19:57:44,328 INFO  - My position is not better! (at simulation time 234.001,900,000 s)
2024-06-03 19:57:44,571 INFO  - Called #onVehicleUpdated (at simulation time 235.000,000,000 s)
2024-06-03 19:57:44,572 INFO  - Sending out AdHoc broadcast (at simulation time 235.000,000,000 s)
2024-06-03 19:57:44,573 INFO  - Recieve a message from other vehicle (at simulation time 235.000,400,000 s)
2024-06-03 19:57:44,573 INFO  - My position is not better! (at simulation time 235.000,400,000 s)
2024-06-03 19:57:44,575 INFO  - Recieve a message from other vehicle (at simulation time 235.000,900,000 s)
2024-06-03 19:57:44,575 INFO  - My position is not better! (at simulation time 235.000,900,000 s)
2024-06-03 19:57:44,576 INFO  - Recieve a message from other vehicle (at simulation time 235.001,400,000 s)
2024-06-03 19:57:44,576 INFO  - My position is not better! (at simulation time 235.001,400,000 s)
2024-06-03 19:57:44,820 INFO  - Called #onVehicleUpdated (at simulation time 236.000,000,000 s)
2024-06-03 19:57:44,826 INFO  - Recieve a message from other vehicle (at simulation time 236.000,900,000 s)
2024-06-03 19:57:44,826 INFO  - I'm in better position but no more hops in message (at simulation time 236.000,900,000 s)
2024-06-03 19:57:44,828 INFO  - Recieve a message from other vehicle (at simulation time 236.001,400,000 s)
2024-06-03 19:57:44,828 INFO  - My position is not better! (at simulation time 236.001,400,000 s)
2024-06-03 19:57:44,830 INFO  - Recieve a message from other vehicle (at simulation time 236.002,400,000 s)
2024-06-03 19:57:44,830 INFO  - My position is not better! (at simulation time 236.002,400,000 s)
2024-06-03 19:57:44,831 INFO  - Recieve a message from other vehicle (at simulation time 236.002,400,000 s)
2024-06-03 19:57:44,831 INFO  - My position is not better! (at simulation time 236.002,400,000 s)
2024-06-03 19:57:45,070 INFO  - Called #onVehicleUpdated (at simulation time 237.000,000,000 s)
2024-06-03 19:57:45,071 INFO  - Sending out AdHoc broadcast (at simulation time 237.000,000,000 s)
2024-06-03 19:57:45,075 INFO  - Recieve a message from other vehicle (at simulation time 237.000,400,000 s)
2024-06-03 19:57:45,075 INFO  - My position is not better! (at simulation time 237.000,400,000 s)
2024-06-03 19:57:45,075 INFO  - Recieve a message from other vehicle (at simulation time 237.000,400,000 s)
2024-06-03 19:57:45,075 INFO  - My position is not better! (at simulation time 237.000,400,000 s)
2024-06-03 19:57:45,081 INFO  - Recieve a message from other vehicle (at simulation time 237.002,400,000 s)
2024-06-03 19:57:45,081 INFO  - My position is not better! (at simulation time 237.002,400,000 s)
2024-06-03 19:57:45,318 INFO  - Called #onVehicleUpdated (at simulation time 238.000,000,000 s)
2024-06-03 19:57:45,321 INFO  - Recieve a message from other vehicle (at simulation time 238.000,400,000 s)
2024-06-03 19:57:45,321 INFO  - I'm in better position but no more hops in message (at simulation time 238.000,400,000 s)
2024-06-03 19:57:45,322 INFO  - Recieve a message from other vehicle (at simulation time 238.000,900,000 s)
2024-06-03 19:57:45,322 INFO  - My position is not better! (at simulation time 238.000,900,000 s)
2024-06-03 19:57:45,322 INFO  - Recieve a message from other vehicle (at simulation time 238.001,400,000 s)
2024-06-03 19:57:45,322 INFO  - My position is not better! (at simulation time 238.001,400,000 s)
2024-06-03 19:57:45,324 INFO  - Recieve a message from other vehicle (at simulation time 238.001,900,000 s)
2024-06-03 19:57:45,324 INFO  - My position is not better! (at simulation time 238.001,900,000 s)
2024-06-03 19:57:45,569 INFO  - Called #onVehicleUpdated (at simulation time 239.000,000,000 s)
2024-06-03 19:57:45,570 INFO  - Sending out AdHoc broadcast (at simulation time 239.000,000,000 s)
2024-06-03 19:57:45,573 INFO  - Recieve a message from other vehicle (at simulation time 239.000,900,000 s)
2024-06-03 19:57:45,573 INFO  - My position is not better! (at simulation time 239.000,900,000 s)
2024-06-03 19:57:45,573 INFO  - Recieve a message from other vehicle (at simulation time 239.000,900,000 s)
2024-06-03 19:57:45,573 INFO  - My position is not better! (at simulation time 239.000,900,000 s)
2024-06-03 19:57:45,575 INFO  - Recieve a message from other vehicle (at simulation time 239.002,400,000 s)
2024-06-03 19:57:45,575 INFO  - My position is not better! (at simulation time 239.002,400,000 s)
2024-06-03 19:57:45,821 INFO  - Called #onVehicleUpdated (at simulation time 240.000,000,000 s)
2024-06-03 19:57:45,828 INFO  - Recieve a message from other vehicle (at simulation time 240.001,400,000 s)
2024-06-03 19:57:45,828 INFO  - My position is not better! (at simulation time 240.001,400,000 s)
2024-06-03 19:57:45,828 INFO  - Recieve a message from other vehicle (at simulation time 240.001,900,000 s)
2024-06-03 19:57:45,828 INFO  - My position is not better! (at simulation time 240.001,900,000 s)
2024-06-03 19:57:45,830 INFO  - Recieve a message from other vehicle (at simulation time 240.001,900,000 s)
2024-06-03 19:57:45,830 INFO  - My position is not better! (at simulation time 240.001,900,000 s)
2024-06-03 19:57:45,830 INFO  - Recieve a message from other vehicle (at simulation time 240.001,900,000 s)
2024-06-03 19:57:45,830 INFO  - I'm in better position but no more hops in message (at simulation time 240.001,900,000 s)
2024-06-03 19:57:46,072 INFO  - Called #onVehicleUpdated (at simulation time 241.000,000,000 s)
2024-06-03 19:57:46,072 INFO  - Sending out AdHoc broadcast (at simulation time 241.000,000,000 s)
2024-06-03 19:57:46,074 INFO  - Recieve a message from other vehicle (at simulation time 241.000,400,000 s)
2024-06-03 19:57:46,074 INFO  - My position is not better! (at simulation time 241.000,400,000 s)
2024-06-03 19:57:46,078 INFO  - Recieve a message from other vehicle (at simulation time 241.000,900,000 s)
2024-06-03 19:57:46,078 INFO  - My position is not better! (at simulation time 241.000,900,000 s)
2024-06-03 19:57:46,078 INFO  - Recieve a message from other vehicle (at simulation time 241.000,900,000 s)
2024-06-03 19:57:46,078 INFO  - My position is not better! (at simulation time 241.000,900,000 s)
2024-06-03 19:57:46,320 INFO  - Called #onVehicleUpdated (at simulation time 242.000,000,000 s)
2024-06-03 19:57:46,324 INFO  - Recieve a message from other vehicle (at simulation time 242.000,400,000 s)
2024-06-03 19:57:46,324 INFO  - My position is not better! (at simulation time 242.000,400,000 s)
2024-06-03 19:57:46,324 INFO  - Recieve a message from other vehicle (at simulation time 242.000,900,000 s)
2024-06-03 19:57:46,324 INFO  - My position is not better! (at simulation time 242.000,900,000 s)
2024-06-03 19:57:46,328 INFO  - Recieve a message from other vehicle (at simulation time 242.001,900,000 s)
2024-06-03 19:57:46,328 INFO  - My position is not better! (at simulation time 242.001,900,000 s)
2024-06-03 19:57:46,329 INFO  - Recieve a message from other vehicle (at simulation time 242.002,400,000 s)
2024-06-03 19:57:46,329 INFO  - I'm in better position but no more hops in message (at simulation time 242.002,400,000 s)
2024-06-03 19:57:46,572 INFO  - Called #onVehicleUpdated (at simulation time 243.000,000,000 s)
2024-06-03 19:57:46,573 INFO  - Sending out AdHoc broadcast (at simulation time 243.000,000,000 s)
2024-06-03 19:57:46,575 INFO  - Recieve a message from other vehicle (at simulation time 243.000,400,000 s)
2024-06-03 19:57:46,575 INFO  - My position is not better! (at simulation time 243.000,400,000 s)
2024-06-03 19:57:46,575 INFO  - Recieve a message from other vehicle (at simulation time 243.000,400,000 s)
2024-06-03 19:57:46,575 INFO  - My position is not better! (at simulation time 243.000,400,000 s)
2024-06-03 19:57:46,577 INFO  - Recieve a message from other vehicle (at simulation time 243.001,900,000 s)
2024-06-03 19:57:46,577 INFO  - My position is not better! (at simulation time 243.001,900,000 s)
2024-06-03 19:57:46,821 INFO  - Called #onVehicleUpdated (at simulation time 244.000,000,000 s)
2024-06-03 19:57:46,823 INFO  - Recieve a message from other vehicle (at simulation time 244.000,400,000 s)
2024-06-03 19:57:46,823 INFO  - My position is not better! (at simulation time 244.000,400,000 s)
2024-06-03 19:57:46,825 INFO  - Recieve a message from other vehicle (at simulation time 244.000,400,000 s)
2024-06-03 19:57:46,825 INFO  - My position is not better! (at simulation time 244.000,400,000 s)
2024-06-03 19:57:46,826 INFO  - Recieve a message from other vehicle (at simulation time 244.001,400,000 s)
2024-06-03 19:57:46,826 INFO  - I'm in better position but no more hops in message (at simulation time 244.001,400,000 s)
2024-06-03 19:57:46,827 INFO  - Recieve a message from other vehicle (at simulation time 244.001,900,000 s)
2024-06-03 19:57:46,827 INFO  - My position is not better! (at simulation time 244.001,900,000 s)
2024-06-03 19:57:47,071 INFO  - Called #onVehicleUpdated (at simulation time 245.000,000,000 s)
2024-06-03 19:57:47,071 INFO  - Sending out AdHoc broadcast (at simulation time 245.000,000,000 s)
2024-06-03 19:57:47,074 INFO  - Recieve a message from other vehicle (at simulation time 245.000,900,000 s)
2024-06-03 19:57:47,074 INFO  - My position is not better! (at simulation time 245.000,900,000 s)
2024-06-03 19:57:47,076 INFO  - Recieve a message from other vehicle (at simulation time 245.001,900,000 s)
2024-06-03 19:57:47,076 INFO  - My position is not better! (at simulation time 245.001,900,000 s)
2024-06-03 19:57:47,076 INFO  - Recieve a message from other vehicle (at simulation time 245.002,400,000 s)
2024-06-03 19:57:47,076 INFO  - My position is not better! (at simulation time 245.002,400,000 s)
2024-06-03 19:57:47,321 INFO  - Called #onVehicleUpdated (at simulation time 246.000,000,000 s)
2024-06-03 19:57:47,323 INFO  - Recieve a message from other vehicle (at simulation time 246.000,400,000 s)
2024-06-03 19:57:47,323 INFO  - My position is not better! (at simulation time 246.000,400,000 s)
2024-06-03 19:57:47,327 INFO  - Recieve a message from other vehicle (at simulation time 246.000,900,000 s)
2024-06-03 19:57:47,327 INFO  - I'm in better position but no more hops in message (at simulation time 246.000,900,000 s)
2024-06-03 19:57:47,330 INFO  - Recieve a message from other vehicle (at simulation time 246.001,900,000 s)
2024-06-03 19:57:47,330 INFO  - My position is not better! (at simulation time 246.001,900,000 s)
2024-06-03 19:57:47,332 INFO  - Recieve a message from other vehicle (at simulation time 246.002,400,000 s)
2024-06-03 19:57:47,332 INFO  - My position is not better! (at simulation time 246.002,400,000 s)
2024-06-03 19:57:47,570 INFO  - Called #onVehicleUpdated (at simulation time 247.000,000,000 s)
2024-06-03 19:57:47,570 INFO  - Sending out AdHoc broadcast (at simulation time 247.000,000,000 s)
2024-06-03 19:57:47,575 INFO  - Recieve a message from other vehicle (at simulation time 247.002,400,000 s)
2024-06-03 19:57:47,576 INFO  - My position is not better! (at simulation time 247.002,400,000 s)
2024-06-03 19:57:47,576 INFO  - Recieve a message from other vehicle (at simulation time 247.002,400,000 s)
2024-06-03 19:57:47,576 INFO  - My position is not better! (at simulation time 247.002,400,000 s)
2024-06-03 19:57:47,576 INFO  - Recieve a message from other vehicle (at simulation time 247.002,400,000 s)
2024-06-03 19:57:47,576 INFO  - My position is not better! (at simulation time 247.002,400,000 s)
2024-06-03 19:57:47,820 INFO  - Called #onVehicleUpdated (at simulation time 248.000,000,000 s)
2024-06-03 19:57:47,822 INFO  - Recieve a message from other vehicle (at simulation time 248.000,400,000 s)
2024-06-03 19:57:47,822 INFO  - I'm in better position but no more hops in message (at simulation time 248.000,400,000 s)
2024-06-03 19:57:47,823 INFO  - Recieve a message from other vehicle (at simulation time 248.001,400,000 s)
2024-06-03 19:57:47,823 INFO  - My position is not better! (at simulation time 248.001,400,000 s)
2024-06-03 19:57:47,824 INFO  - Recieve a message from other vehicle (at simulation time 248.001,900,000 s)
2024-06-03 19:57:47,824 INFO  - My position is not better! (at simulation time 248.001,900,000 s)
2024-06-03 19:57:47,824 INFO  - Recieve a message from other vehicle (at simulation time 248.002,400,000 s)
2024-06-03 19:57:47,824 INFO  - My position is not better! (at simulation time 248.002,400,000 s)
2024-06-03 19:57:48,072 INFO  - Called #onVehicleUpdated (at simulation time 249.000,000,000 s)
2024-06-03 19:57:48,073 INFO  - Sending out AdHoc broadcast (at simulation time 249.000,000,000 s)
2024-06-03 19:57:48,077 INFO  - Recieve a message from other vehicle (at simulation time 249.001,400,000 s)
2024-06-03 19:57:48,077 INFO  - My position is not better! (at simulation time 249.001,400,000 s)
2024-06-03 19:57:48,078 INFO  - Recieve a message from other vehicle (at simulation time 249.001,900,000 s)
2024-06-03 19:57:48,078 INFO  - My position is not better! (at simulation time 249.001,900,000 s)
2024-06-03 19:57:48,079 INFO  - Recieve a message from other vehicle (at simulation time 249.002,400,000 s)
2024-06-03 19:57:48,079 INFO  - My position is not better! (at simulation time 249.002,400,000 s)
2024-06-03 19:57:48,322 INFO  - Called #onVehicleUpdated (at simulation time 250.000,000,000 s)
2024-06-03 19:57:48,326 INFO  - Recieve a message from other vehicle (at simulation time 250.000,400,000 s)
2024-06-03 19:57:48,326 INFO  - My position is not better! (at simulation time 250.000,400,000 s)
2024-06-03 19:57:48,331 INFO  - Recieve a message from other vehicle (at simulation time 250.001,400,000 s)
2024-06-03 19:57:48,331 INFO  - I'm in better position but no more hops in message (at simulation time 250.001,400,000 s)
2024-06-03 19:57:48,332 INFO  - Recieve a message from other vehicle (at simulation time 250.001,900,000 s)
2024-06-03 19:57:48,332 INFO  - My position is not better! (at simulation time 250.001,900,000 s)
2024-06-03 19:57:48,333 INFO  - Recieve a message from other vehicle (at simulation time 250.001,900,000 s)
2024-06-03 19:57:48,333 INFO  - My position is not better! (at simulation time 250.001,900,000 s)
2024-06-03 19:57:48,572 INFO  - Called #onVehicleUpdated (at simulation time 251.000,000,000 s)
2024-06-03 19:57:48,573 INFO  - Sending out AdHoc broadcast (at simulation time 251.000,000,000 s)
2024-06-03 19:57:48,575 INFO  - Recieve a message from other vehicle (at simulation time 251.000,400,000 s)
2024-06-03 19:57:48,575 INFO  - My position is not better! (at simulation time 251.000,400,000 s)
2024-06-03 19:57:48,577 INFO  - Recieve a message from other vehicle (at simulation time 251.001,900,000 s)
2024-06-03 19:57:48,577 INFO  - My position is not better! (at simulation time 251.001,900,000 s)
2024-06-03 19:57:48,578 INFO  - Recieve a message from other vehicle (at simulation time 251.002,400,000 s)
2024-06-03 19:57:48,578 INFO  - My position is not better! (at simulation time 251.002,400,000 s)
2024-06-03 19:57:48,820 INFO  - Called #onVehicleUpdated (at simulation time 252.000,000,000 s)
2024-06-03 19:57:48,823 INFO  - Recieve a message from other vehicle (at simulation time 252.000,900,000 s)
2024-06-03 19:57:48,823 INFO  - My position is not better! (at simulation time 252.000,900,000 s)
2024-06-03 19:57:48,825 INFO  - Recieve a message from other vehicle (at simulation time 252.001,400,000 s)
2024-06-03 19:57:48,825 INFO  - My position is not better! (at simulation time 252.001,400,000 s)
2024-06-03 19:57:48,827 INFO  - Recieve a message from other vehicle (at simulation time 252.002,400,000 s)
2024-06-03 19:57:48,827 INFO  - My position is not better! (at simulation time 252.002,400,000 s)
2024-06-03 19:57:48,827 INFO  - Recieve a message from other vehicle (at simulation time 252.002,400,000 s)
2024-06-03 19:57:48,827 INFO  - I'm in better position but no more hops in message (at simulation time 252.002,400,000 s)
2024-06-03 19:57:49,071 INFO  - Called #onVehicleUpdated (at simulation time 253.000,000,000 s)
2024-06-03 19:57:49,071 INFO  - Sending out AdHoc broadcast (at simulation time 253.000,000,000 s)
2024-06-03 19:57:49,074 INFO  - Recieve a message from other vehicle (at simulation time 253.000,900,000 s)
2024-06-03 19:57:49,074 INFO  - My position is not better! (at simulation time 253.000,900,000 s)
2024-06-03 19:57:49,074 INFO  - Recieve a message from other vehicle (at simulation time 253.000,900,000 s)
2024-06-03 19:57:49,074 INFO  - My position is not better! (at simulation time 253.000,900,000 s)
2024-06-03 19:57:49,075 INFO  - Recieve a message from other vehicle (at simulation time 253.001,900,000 s)
2024-06-03 19:57:49,075 INFO  - My position is not better! (at simulation time 253.001,900,000 s)
2024-06-03 19:57:49,321 INFO  - Called #onVehicleUpdated (at simulation time 254.000,000,000 s)
2024-06-03 19:57:49,325 INFO  - Recieve a message from other vehicle (at simulation time 254.000,400,000 s)
2024-06-03 19:57:49,325 INFO  - My position is not better! (at simulation time 254.000,400,000 s)
2024-06-03 19:57:49,327 INFO  - Recieve a message from other vehicle (at simulation time 254.001,400,000 s)
2024-06-03 19:57:49,327 INFO  - My position is not better! (at simulation time 254.001,400,000 s)
2024-06-03 19:57:49,328 INFO  - Recieve a message from other vehicle (at simulation time 254.001,400,000 s)
2024-06-03 19:57:49,328 INFO  - My position is not better! (at simulation time 254.001,400,000 s)
2024-06-03 19:57:49,328 INFO  - Recieve a message from other vehicle (at simulation time 254.001,400,000 s)
2024-06-03 19:57:49,328 INFO  - I'm in better position but no more hops in message (at simulation time 254.001,400,000 s)
2024-06-03 19:57:49,572 INFO  - Called #onVehicleUpdated (at simulation time 255.000,000,000 s)
2024-06-03 19:57:49,572 INFO  - Sending out AdHoc broadcast (at simulation time 255.000,000,000 s)
2024-06-03 19:57:49,573 INFO  - Recieve a message from other vehicle (at simulation time 255.000,400,000 s)
2024-06-03 19:57:49,573 INFO  - My position is not better! (at simulation time 255.000,400,000 s)
2024-06-03 19:57:49,574 INFO  - Recieve a message from other vehicle (at simulation time 255.000,400,000 s)
2024-06-03 19:57:49,574 INFO  - My position is not better! (at simulation time 255.000,400,000 s)
2024-06-03 19:57:49,575 INFO  - Recieve a message from other vehicle (at simulation time 255.000,900,000 s)
2024-06-03 19:57:49,575 INFO  - My position is not better! (at simulation time 255.000,900,000 s)
2024-06-03 19:57:49,823 INFO  - Called #onVehicleUpdated (at simulation time 256.000,000,000 s)
2024-06-03 19:57:49,835 INFO  - Recieve a message from other vehicle (at simulation time 256.001,900,000 s)
2024-06-03 19:57:49,835 INFO  - My position is not better! (at simulation time 256.001,900,000 s)
2024-06-03 19:57:49,835 INFO  - Recieve a message from other vehicle (at simulation time 256.002,400,000 s)
2024-06-03 19:57:49,835 INFO  - My position is not better! (at simulation time 256.002,400,000 s)
2024-06-03 19:57:49,836 INFO  - Recieve a message from other vehicle (at simulation time 256.002,400,000 s)
2024-06-03 19:57:49,836 INFO  - My position is not better! (at simulation time 256.002,400,000 s)
2024-06-03 19:57:49,836 INFO  - Recieve a message from other vehicle (at simulation time 256.002,400,000 s)
2024-06-03 19:57:49,836 INFO  - I'm in better position but no more hops in message (at simulation time 256.002,400,000 s)
2024-06-03 19:57:50,072 INFO  - Called #onVehicleUpdated (at simulation time 257.000,000,000 s)
2024-06-03 19:57:50,072 INFO  - Sending out AdHoc broadcast (at simulation time 257.000,000,000 s)
2024-06-03 19:57:50,075 INFO  - Recieve a message from other vehicle (at simulation time 257.000,400,000 s)
2024-06-03 19:57:50,075 INFO  - My position is not better! (at simulation time 257.000,400,000 s)
2024-06-03 19:57:50,075 INFO  - Recieve a message from other vehicle (at simulation time 257.000,400,000 s)
2024-06-03 19:57:50,075 INFO  - My position is not better! (at simulation time 257.000,400,000 s)
2024-06-03 19:57:50,075 INFO  - Recieve a message from other vehicle (at simulation time 257.000,900,000 s)
2024-06-03 19:57:50,075 INFO  - My position is not better! (at simulation time 257.000,900,000 s)
2024-06-03 19:57:50,331 INFO  - Called #onVehicleUpdated (at simulation time 258.000,000,000 s)
2024-06-03 19:57:50,335 INFO  - Recieve a message from other vehicle (at simulation time 258.000,400,000 s)
2024-06-03 19:57:50,335 INFO  - My position is not better! (at simulation time 258.000,400,000 s)
2024-06-03 19:57:50,337 INFO  - Recieve a message from other vehicle (at simulation time 258.000,400,000 s)
2024-06-03 19:57:50,337 INFO  - My position is not better! (at simulation time 258.000,400,000 s)
2024-06-03 19:57:50,337 INFO  - Recieve a message from other vehicle (at simulation time 258.000,400,000 s)
2024-06-03 19:57:50,337 INFO  - My position is not better! (at simulation time 258.000,400,000 s)
2024-06-03 19:57:50,348 INFO  - Recieve a message from other vehicle (at simulation time 258.002,400,000 s)
2024-06-03 19:57:50,348 INFO  - I'm in better position but no more hops in message (at simulation time 258.002,400,000 s)
2024-06-03 19:57:50,575 INFO  - Called #onVehicleUpdated (at simulation time 259.000,000,000 s)
2024-06-03 19:57:50,576 INFO  - Sending out AdHoc broadcast (at simulation time 259.000,000,000 s)
2024-06-03 19:57:50,582 INFO  - Recieve a message from other vehicle (at simulation time 259.000,900,000 s)
2024-06-03 19:57:50,582 INFO  - My position is not better! (at simulation time 259.000,900,000 s)
2024-06-03 19:57:50,584 INFO  - Recieve a message from other vehicle (at simulation time 259.001,400,000 s)
2024-06-03 19:57:50,584 INFO  - I'm in better position but no more hops in message (at simulation time 259.001,400,000 s)
2024-06-03 19:57:50,585 INFO  - Recieve a message from other vehicle (at simulation time 259.001,900,000 s)
2024-06-03 19:57:50,585 INFO  - My position is not better! (at simulation time 259.001,900,000 s)
2024-06-03 19:57:50,585 INFO  - Recieve a message from other vehicle (at simulation time 259.002,300,000 s)
2024-06-03 19:57:50,585 INFO  - I'm in better position but no more hops in message (at simulation time 259.002,300,000 s)
2024-06-03 19:57:50,585 INFO  - Recieve a message from other vehicle (at simulation time 259.002,400,000 s)
2024-06-03 19:57:50,585 INFO  - My position is not better! (at simulation time 259.002,400,000 s)
2024-06-03 19:57:50,824 INFO  - Called #onVehicleUpdated (at simulation time 260.000,000,000 s)
2024-06-03 19:57:50,827 INFO  - Recieve a message from other vehicle (at simulation time 260.000,400,000 s)
2024-06-03 19:57:50,827 INFO  - My position is not better! (at simulation time 260.000,400,000 s)
2024-06-03 19:57:50,829 INFO  - Recieve a message from other vehicle (at simulation time 260.001,900,000 s)
2024-06-03 19:57:50,829 INFO  - My position is not better! (at simulation time 260.001,900,000 s)
2024-06-03 19:57:50,829 INFO  - Recieve a message from other vehicle (at simulation time 260.001,900,000 s)
2024-06-03 19:57:50,829 INFO  - My position is not better! (at simulation time 260.001,900,000 s)
2024-06-03 19:57:50,829 INFO  - Recieve a message from other vehicle (at simulation time 260.001,900,000 s)
2024-06-03 19:57:50,829 INFO  - I'm in better position but no more hops in message (at simulation time 260.001,900,000 s)
2024-06-03 19:57:51,074 INFO  - Called #onVehicleUpdated (at simulation time 261.000,000,000 s)
2024-06-03 19:57:51,076 INFO  - Sending out AdHoc broadcast (at simulation time 261.000,000,000 s)
2024-06-03 19:57:51,078 INFO  - Recieve a message from other vehicle (at simulation time 261.000,400,000 s)
2024-06-03 19:57:51,078 INFO  - My position is not better! (at simulation time 261.000,400,000 s)
2024-06-03 19:57:51,082 INFO  - Recieve a message from other vehicle (at simulation time 261.000,900,000 s)
2024-06-03 19:57:51,082 INFO  - My position is not better! (at simulation time 261.000,900,000 s)
2024-06-03 19:57:51,086 INFO  - Recieve a message from other vehicle (at simulation time 261.002,400,000 s)
2024-06-03 19:57:51,086 INFO  - My position is not better! (at simulation time 261.002,400,000 s)
2024-06-03 19:57:51,086 INFO  - Recieve a message from other vehicle (at simulation time 261.002,400,000 s)
2024-06-03 19:57:51,086 INFO  - I'm in better position but no more hops in message (at simulation time 261.002,400,000 s)
2024-06-03 19:57:51,323 INFO  - Called #onVehicleUpdated (at simulation time 262.000,000,000 s)
2024-06-03 19:57:51,327 INFO  - Recieve a message from other vehicle (at simulation time 262.001,400,000 s)
2024-06-03 19:57:51,327 INFO  - My position is not better! (at simulation time 262.001,400,000 s)
2024-06-03 19:57:51,327 INFO  - Recieve a message from other vehicle (at simulation time 262.001,400,000 s)
2024-06-03 19:57:51,327 INFO  - I'm in better position but no more hops in message (at simulation time 262.001,400,000 s)
2024-06-03 19:57:51,328 INFO  - Recieve a message from other vehicle (at simulation time 262.002,400,000 s)
2024-06-03 19:57:51,328 INFO  - My position is not better! (at simulation time 262.002,400,000 s)
2024-06-03 19:57:51,328 INFO  - Recieve a message from other vehicle (at simulation time 262.002,400,000 s)
2024-06-03 19:57:51,328 INFO  - My position is not better! (at simulation time 262.002,400,000 s)
2024-06-03 19:57:51,571 INFO  - Called #onVehicleUpdated (at simulation time 263.000,000,000 s)
2024-06-03 19:57:51,572 INFO  - Sending out AdHoc broadcast (at simulation time 263.000,000,000 s)
2024-06-03 19:57:51,576 INFO  - Recieve a message from other vehicle (at simulation time 263.001,900,000 s)
2024-06-03 19:57:51,576 INFO  - My position is not better! (at simulation time 263.001,900,000 s)
2024-06-03 19:57:51,577 INFO  - Recieve a message from other vehicle (at simulation time 263.002,400,000 s)
2024-06-03 19:57:51,577 INFO  - My position is not better! (at simulation time 263.002,400,000 s)
2024-06-03 19:57:51,577 INFO  - Recieve a message from other vehicle (at simulation time 263.002,400,000 s)
2024-06-03 19:57:51,577 INFO  - My position is not better! (at simulation time 263.002,400,000 s)
2024-06-03 19:57:51,577 INFO  - Recieve a message from other vehicle (at simulation time 263.002,400,000 s)
2024-06-03 19:57:51,577 INFO  - I'm in better position but no more hops in message (at simulation time 263.002,400,000 s)
2024-06-03 19:57:51,823 INFO  - Called #onVehicleUpdated (at simulation time 264.000,000,000 s)
2024-06-03 19:57:51,824 INFO  - Recieve a message from other vehicle (at simulation time 264.000,400,000 s)
2024-06-03 19:57:51,824 INFO  - My position is not better! (at simulation time 264.000,400,000 s)
2024-06-03 19:57:51,825 INFO  - Recieve a message from other vehicle (at simulation time 264.000,400,000 s)
2024-06-03 19:57:51,825 INFO  - My position is not better! (at simulation time 264.000,400,000 s)
2024-06-03 19:57:51,827 INFO  - Recieve a message from other vehicle (at simulation time 264.001,400,000 s)
2024-06-03 19:57:51,827 INFO  - I'm in better position but no more hops in message (at simulation time 264.001,400,000 s)
2024-06-03 19:57:51,829 INFO  - Recieve a message from other vehicle (at simulation time 264.002,400,000 s)
2024-06-03 19:57:51,829 INFO  - My position is not better! (at simulation time 264.002,400,000 s)
2024-06-03 19:57:52,072 INFO  - Called #onVehicleUpdated (at simulation time 265.000,000,000 s)
2024-06-03 19:57:52,073 INFO  - Sending out AdHoc broadcast (at simulation time 265.000,000,000 s)
2024-06-03 19:57:52,076 INFO  - Recieve a message from other vehicle (at simulation time 265.000,900,000 s)
2024-06-03 19:57:52,076 INFO  - I'm in better position but no more hops in message (at simulation time 265.000,900,000 s)
2024-06-03 19:57:52,077 INFO  - Recieve a message from other vehicle (at simulation time 265.001,900,000 s)
2024-06-03 19:57:52,077 INFO  - My position is not better! (at simulation time 265.001,900,000 s)
2024-06-03 19:57:52,078 INFO  - Recieve a message from other vehicle (at simulation time 265.001,900,000 s)
2024-06-03 19:57:52,078 INFO  - My position is not better! (at simulation time 265.001,900,000 s)
2024-06-03 19:57:52,079 INFO  - Recieve a message from other vehicle (at simulation time 265.002,400,000 s)
2024-06-03 19:57:52,079 INFO  - My position is not better! (at simulation time 265.002,400,000 s)
2024-06-03 19:57:52,323 INFO  - Called #onVehicleUpdated (at simulation time 266.000,000,000 s)
2024-06-03 19:57:52,325 INFO  - Recieve a message from other vehicle (at simulation time 266.000,400,000 s)
2024-06-03 19:57:52,325 INFO  - My position is not better! (at simulation time 266.000,400,000 s)
2024-06-03 19:57:52,327 INFO  - Recieve a message from other vehicle (at simulation time 266.000,900,000 s)
2024-06-03 19:57:52,327 INFO  - My position is not better! (at simulation time 266.000,900,000 s)
2024-06-03 19:57:52,329 INFO  - Recieve a message from other vehicle (at simulation time 266.001,900,000 s)
2024-06-03 19:57:52,329 INFO  - I'm in better position but no more hops in message (at simulation time 266.001,900,000 s)
2024-06-03 19:57:52,329 INFO  - Recieve a message from other vehicle (at simulation time 266.002,400,000 s)
2024-06-03 19:57:52,329 INFO  - My position is not better! (at simulation time 266.002,400,000 s)
2024-06-03 19:57:52,571 INFO  - Called #onVehicleUpdated (at simulation time 267.000,000,000 s)
2024-06-03 19:57:52,572 INFO  - Sending out AdHoc broadcast (at simulation time 267.000,000,000 s)
2024-06-03 19:57:52,573 INFO  - Recieve a message from other vehicle (at simulation time 267.000,400,000 s)
2024-06-03 19:57:52,574 INFO  - My position is not better! (at simulation time 267.000,400,000 s)
2024-06-03 19:57:52,574 INFO  - Recieve a message from other vehicle (at simulation time 267.000,900,000 s)
2024-06-03 19:57:52,574 INFO  - My position is not better! (at simulation time 267.000,900,000 s)
2024-06-03 19:57:52,576 INFO  - Recieve a message from other vehicle (at simulation time 267.001,400,000 s)
2024-06-03 19:57:52,576 INFO  - My position is not better! (at simulation time 267.001,400,000 s)
2024-06-03 19:57:52,576 INFO  - Recieve a message from other vehicle (at simulation time 267.001,900,000 s)
2024-06-03 19:57:52,576 INFO  - DENM message Recived from veh_43 -info : seco (at simulation time 267.001,900,000 s)
2024-06-03 19:57:52,576 INFO  - No more hops in DENM message (at simulation time 267.001,900,000 s)
2024-06-03 19:57:52,579 INFO  - Recieve a message from other vehicle (at simulation time 267.002,400,000 s)
2024-06-03 19:57:52,579 INFO  - I'm in better position but no more hops in message (at simulation time 267.002,400,000 s)
2024-06-03 19:57:52,579 INFO  - Recieve a message from other vehicle (at simulation time 267.002,800,000 s)
2024-06-03 19:57:52,579 INFO  - DENM message Recived from veh_43 -info : seco (at simulation time 267.002,800,000 s)
2024-06-03 19:57:52,579 INFO  - No more hops in DENM message (at simulation time 267.002,800,000 s)
2024-06-03 19:57:52,823 INFO  - Called #onVehicleUpdated (at simulation time 268.000,000,000 s)
2024-06-03 19:57:52,831 INFO  - Recieve a message from other vehicle (at simulation time 268.001,400,000 s)
2024-06-03 19:57:52,831 INFO  - My position is not better! (at simulation time 268.001,400,000 s)
2024-06-03 19:57:52,833 INFO  - Recieve a message from other vehicle (at simulation time 268.002,400,000 s)
2024-06-03 19:57:52,833 INFO  - My position is not better! (at simulation time 268.002,400,000 s)
2024-06-03 19:57:52,834 INFO  - Recieve a message from other vehicle (at simulation time 268.002,400,000 s)
2024-06-03 19:57:52,834 INFO  - My position is not better! (at simulation time 268.002,400,000 s)
2024-06-03 19:57:52,834 INFO  - Recieve a message from other vehicle (at simulation time 268.002,400,000 s)
2024-06-03 19:57:52,834 INFO  - I'm in better position but no more hops in message (at simulation time 268.002,400,000 s)
2024-06-03 19:57:53,072 INFO  - Called #onVehicleUpdated (at simulation time 269.000,000,000 s)
2024-06-03 19:57:53,072 INFO  - Sending out AdHoc broadcast (at simulation time 269.000,000,000 s)
2024-06-03 19:57:53,075 INFO  - Recieve a message from other vehicle (at simulation time 269.000,900,000 s)
2024-06-03 19:57:53,075 INFO  - I'm in better position but no more hops in message (at simulation time 269.000,900,000 s)
2024-06-03 19:57:53,075 INFO  - Recieve a message from other vehicle (at simulation time 269.001,400,000 s)
2024-06-03 19:57:53,075 INFO  - My position is not better! (at simulation time 269.001,400,000 s)
2024-06-03 19:57:53,076 INFO  - Recieve a message from other vehicle (at simulation time 269.001,400,000 s)
2024-06-03 19:57:53,076 INFO  - My position is not better! (at simulation time 269.001,400,000 s)
2024-06-03 19:57:53,077 INFO  - Recieve a message from other vehicle (at simulation time 269.002,400,000 s)
2024-06-03 19:57:53,077 INFO  - My position is not better! (at simulation time 269.002,400,000 s)
2024-06-03 19:57:53,324 INFO  - Called #onVehicleUpdated (at simulation time 270.000,000,000 s)
2024-06-03 19:57:53,329 INFO  - Recieve a message from other vehicle (at simulation time 270.000,400,000 s)
2024-06-03 19:57:53,329 INFO  - My position is not better! (at simulation time 270.000,400,000 s)
2024-06-03 19:57:53,329 INFO  - Recieve a message from other vehicle (at simulation time 270.000,900,000 s)
2024-06-03 19:57:53,329 INFO  - My position is not better! (at simulation time 270.000,900,000 s)
2024-06-03 19:57:53,332 INFO  - Recieve a message from other vehicle (at simulation time 270.001,400,000 s)
2024-06-03 19:57:53,332 INFO  - My position is not better! (at simulation time 270.001,400,000 s)
2024-06-03 19:57:53,332 INFO  - Recieve a message from other vehicle (at simulation time 270.001,400,000 s)
2024-06-03 19:57:53,332 INFO  - I'm in better position but no more hops in message (at simulation time 270.001,400,000 s)
2024-06-03 19:57:53,571 INFO  - Called #onVehicleUpdated (at simulation time 271.000,000,000 s)
2024-06-03 19:57:53,572 INFO  - Sending out AdHoc broadcast (at simulation time 271.000,000,000 s)
2024-06-03 19:57:53,573 INFO  - Recieve a message from other vehicle (at simulation time 271.000,400,000 s)
2024-06-03 19:57:53,573 INFO  - My position is not better! (at simulation time 271.000,400,000 s)
2024-06-03 19:57:53,573 INFO  - Recieve a message from other vehicle (at simulation time 271.000,400,000 s)
2024-06-03 19:57:53,573 INFO  - I'm in better position but no more hops in message (at simulation time 271.000,400,000 s)
2024-06-03 19:57:53,575 INFO  - Recieve a message from other vehicle (at simulation time 271.001,400,000 s)
2024-06-03 19:57:53,575 INFO  - My position is not better! (at simulation time 271.001,400,000 s)
2024-06-03 19:57:53,577 INFO  - Recieve a message from other vehicle (at simulation time 271.002,400,000 s)
2024-06-03 19:57:53,577 INFO  - My position is not better! (at simulation time 271.002,400,000 s)
2024-06-03 19:57:53,823 INFO  - Called #onVehicleUpdated (at simulation time 272.000,000,000 s)
2024-06-03 19:57:53,826 INFO  - Recieve a message from other vehicle (at simulation time 272.000,400,000 s)
2024-06-03 19:57:53,826 INFO  - My position is not better! (at simulation time 272.000,400,000 s)
2024-06-03 19:57:53,826 INFO  - Recieve a message from other vehicle (at simulation time 272.000,400,000 s)
2024-06-03 19:57:53,826 INFO  - I'm in better position but no more hops in message (at simulation time 272.000,400,000 s)
2024-06-03 19:57:53,827 INFO  - Recieve a message from other vehicle (at simulation time 272.001,400,000 s)
2024-06-03 19:57:53,827 INFO  - My position is not better! (at simulation time 272.001,400,000 s)
2024-06-03 19:57:53,829 INFO  - Recieve a message from other vehicle (at simulation time 272.001,900,000 s)
2024-06-03 19:57:53,829 INFO  - My position is not better! (at simulation time 272.001,900,000 s)
2024-06-03 19:57:54,073 INFO  - Called #onVehicleUpdated (at simulation time 273.000,000,000 s)
2024-06-03 19:57:54,073 INFO  - Sending out AdHoc broadcast (at simulation time 273.000,000,000 s)
2024-06-03 19:57:54,077 INFO  - Recieve a message from other vehicle (at simulation time 273.000,900,000 s)
2024-06-03 19:57:54,077 INFO  - My position is not better! (at simulation time 273.000,900,000 s)
2024-06-03 19:57:54,077 INFO  - Recieve a message from other vehicle (at simulation time 273.001,400,000 s)
2024-06-03 19:57:54,077 INFO  - My position is not better! (at simulation time 273.001,400,000 s)
2024-06-03 19:57:54,078 INFO  - Recieve a message from other vehicle (at simulation time 273.001,400,000 s)
2024-06-03 19:57:54,078 INFO  - My position is not better! (at simulation time 273.001,400,000 s)
2024-06-03 19:57:54,078 INFO  - Recieve a message from other vehicle (at simulation time 273.001,400,000 s)
2024-06-03 19:57:54,078 INFO  - I'm in better position but no more hops in message (at simulation time 273.001,400,000 s)
2024-06-03 19:57:54,323 INFO  - Called #onVehicleUpdated (at simulation time 274.000,000,000 s)
2024-06-03 19:57:54,326 INFO  - Recieve a message from other vehicle (at simulation time 274.000,400,000 s)
2024-06-03 19:57:54,326 INFO  - My position is not better! (at simulation time 274.000,400,000 s)
2024-06-03 19:57:54,326 INFO  - Recieve a message from other vehicle (at simulation time 274.000,400,000 s)
2024-06-03 19:57:54,326 INFO  - I'm in better position but no more hops in message (at simulation time 274.000,400,000 s)
2024-06-03 19:57:54,326 INFO  - Recieve a message from other vehicle (at simulation time 274.000,900,000 s)
2024-06-03 19:57:54,326 INFO  - My position is not better! (at simulation time 274.000,900,000 s)
2024-06-03 19:57:54,327 INFO  - Recieve a message from other vehicle (at simulation time 274.000,900,000 s)
2024-06-03 19:57:54,327 INFO  - My position is not better! (at simulation time 274.000,900,000 s)
2024-06-03 19:57:54,575 INFO  - Called #onVehicleUpdated (at simulation time 275.000,000,000 s)
2024-06-03 19:57:54,576 INFO  - Sending out AdHoc broadcast (at simulation time 275.000,000,000 s)
2024-06-03 19:57:54,578 INFO  - Recieve a message from other vehicle (at simulation time 275.000,400,000 s)
2024-06-03 19:57:54,578 INFO  - My position is not better! (at simulation time 275.000,400,000 s)
2024-06-03 19:57:54,579 INFO  - Recieve a message from other vehicle (at simulation time 275.000,900,000 s)
2024-06-03 19:57:54,579 INFO  - I'm in better position but no more hops in message (at simulation time 275.000,900,000 s)
2024-06-03 19:57:54,580 INFO  - Recieve a message from other vehicle (at simulation time 275.001,900,000 s)
2024-06-03 19:57:54,580 INFO  - My position is not better! (at simulation time 275.001,900,000 s)
2024-06-03 19:57:54,581 INFO  - Recieve a message from other vehicle (at simulation time 275.002,400,000 s)
2024-06-03 19:57:54,581 INFO  - My position is not better! (at simulation time 275.002,400,000 s)
2024-06-03 19:57:54,823 INFO  - Called #onVehicleUpdated (at simulation time 276.000,000,000 s)
2024-06-03 19:57:54,826 INFO  - Recieve a message from other vehicle (at simulation time 276.000,400,000 s)
2024-06-03 19:57:54,826 INFO  - My position is not better! (at simulation time 276.000,400,000 s)
2024-06-03 19:57:54,830 INFO  - Recieve a message from other vehicle (at simulation time 276.000,900,000 s)
2024-06-03 19:57:54,830 INFO  - My position is not better! (at simulation time 276.000,900,000 s)
2024-06-03 19:57:54,830 INFO  - Recieve a message from other vehicle (at simulation time 276.000,900,000 s)
2024-06-03 19:57:54,830 INFO  - My position is not better! (at simulation time 276.000,900,000 s)
2024-06-03 19:57:54,830 INFO  - Recieve a message from other vehicle (at simulation time 276.000,900,000 s)
2024-06-03 19:57:54,830 INFO  - I'm in better position but no more hops in message (at simulation time 276.000,900,000 s)
2024-06-03 19:57:55,072 INFO  - Called #onVehicleUpdated (at simulation time 277.000,000,000 s)
2024-06-03 19:57:55,073 INFO  - Sending out AdHoc broadcast (at simulation time 277.000,000,000 s)
2024-06-03 19:57:55,077 INFO  - Recieve a message from other vehicle (at simulation time 277.000,900,000 s)
2024-06-03 19:57:55,077 INFO  - I'm in better position but no more hops in message (at simulation time 277.000,900,000 s)
2024-06-03 19:57:55,078 INFO  - Recieve a message from other vehicle (at simulation time 277.001,400,000 s)
2024-06-03 19:57:55,078 INFO  - My position is not better! (at simulation time 277.001,400,000 s)
2024-06-03 19:57:55,078 INFO  - Recieve a message from other vehicle (at simulation time 277.001,400,000 s)
2024-06-03 19:57:55,078 INFO  - My position is not better! (at simulation time 277.001,400,000 s)
2024-06-03 19:57:55,079 INFO  - Recieve a message from other vehicle (at simulation time 277.001,900,000 s)
2024-06-03 19:57:55,079 INFO  - My position is not better! (at simulation time 277.001,900,000 s)
2024-06-03 19:57:55,322 INFO  - Called #onVehicleUpdated (at simulation time 278.000,000,000 s)
2024-06-03 19:57:55,325 INFO  - Recieve a message from other vehicle (at simulation time 278.000,400,000 s)
2024-06-03 19:57:55,325 INFO  - I'm in better position but no more hops in message (at simulation time 278.000,400,000 s)
2024-06-03 19:57:55,326 INFO  - Recieve a message from other vehicle (at simulation time 278.001,400,000 s)
2024-06-03 19:57:55,326 INFO  - My position is not better! (at simulation time 278.001,400,000 s)
2024-06-03 19:57:55,327 INFO  - Recieve a message from other vehicle (at simulation time 278.001,400,000 s)
2024-06-03 19:57:55,327 INFO  - My position is not better! (at simulation time 278.001,400,000 s)
2024-06-03 19:57:55,328 INFO  - Recieve a message from other vehicle (at simulation time 278.001,900,000 s)
2024-06-03 19:57:55,328 INFO  - My position is not better! (at simulation time 278.001,900,000 s)
2024-06-03 19:57:55,573 INFO  - Called #onVehicleUpdated (at simulation time 279.000,000,000 s)
2024-06-03 19:57:55,573 INFO  - Sending out AdHoc broadcast (at simulation time 279.000,000,000 s)
2024-06-03 19:57:55,577 INFO  - Recieve a message from other vehicle (at simulation time 279.001,400,000 s)
2024-06-03 19:57:55,577 INFO  - My position is not better! (at simulation time 279.001,400,000 s)
2024-06-03 19:57:55,577 INFO  - Recieve a message from other vehicle (at simulation time 279.001,400,000 s)
2024-06-03 19:57:55,577 INFO  - My position is not better! (at simulation time 279.001,400,000 s)
2024-06-03 19:57:55,579 INFO  - Recieve a message from other vehicle (at simulation time 279.002,400,000 s)
2024-06-03 19:57:55,579 INFO  - My position is not better! (at simulation time 279.002,400,000 s)
2024-06-03 19:57:55,579 INFO  - Recieve a message from other vehicle (at simulation time 279.002,400,000 s)
2024-06-03 19:57:55,579 INFO  - I'm in better position but no more hops in message (at simulation time 279.002,400,000 s)
2024-06-03 19:57:55,825 INFO  - Called #onVehicleUpdated (at simulation time 280.000,000,000 s)
2024-06-03 19:57:55,829 INFO  - Recieve a message from other vehicle (at simulation time 280.000,900,000 s)
2024-06-03 19:57:55,829 INFO  - My position is not better! (at simulation time 280.000,900,000 s)
2024-06-03 19:57:55,830 INFO  - Recieve a message from other vehicle (at simulation time 280.001,400,000 s)
2024-06-03 19:57:55,830 INFO  - My position is not better! (at simulation time 280.001,400,000 s)
2024-06-03 19:57:55,832 INFO  - Recieve a message from other vehicle (at simulation time 280.001,400,000 s)
2024-06-03 19:57:55,832 INFO  - My position is not better! (at simulation time 280.001,400,000 s)
2024-06-03 19:57:55,836 INFO  - Recieve a message from other vehicle (at simulation time 280.002,400,000 s)
2024-06-03 19:57:55,836 INFO  - I'm in better position but no more hops in message (at simulation time 280.002,400,000 s)
2024-06-03 19:57:56,071 INFO  - Called #onVehicleUpdated (at simulation time 281.000,000,000 s)
2024-06-03 19:57:56,072 INFO  - Sending out AdHoc broadcast (at simulation time 281.000,000,000 s)
2024-06-03 19:57:56,074 INFO  - Recieve a message from other vehicle (at simulation time 281.000,400,000 s)
2024-06-03 19:57:56,074 INFO  - My position is not better! (at simulation time 281.000,400,000 s)
2024-06-03 19:57:56,074 INFO  - Recieve a message from other vehicle (at simulation time 281.000,900,000 s)
2024-06-03 19:57:56,074 INFO  - My position is not better! (at simulation time 281.000,900,000 s)
2024-06-03 19:57:56,077 INFO  - Recieve a message from other vehicle (at simulation time 281.001,400,000 s)
2024-06-03 19:57:56,077 INFO  - I'm in better position but no more hops in message (at simulation time 281.001,400,000 s)
2024-06-03 19:57:56,078 INFO  - Recieve a message from other vehicle (at simulation time 281.001,900,000 s)
2024-06-03 19:57:56,078 INFO  - My position is not better! (at simulation time 281.001,900,000 s)
2024-06-03 19:57:56,323 INFO  - Called #onVehicleUpdated (at simulation time 282.000,000,000 s)
2024-06-03 19:57:56,326 INFO  - Recieve a message from other vehicle (at simulation time 282.000,900,000 s)
2024-06-03 19:57:56,326 INFO  - My position is not better! (at simulation time 282.000,900,000 s)
2024-06-03 19:57:56,327 INFO  - Recieve a message from other vehicle (at simulation time 282.001,400,000 s)
2024-06-03 19:57:56,327 INFO  - I'm in better position but no more hops in message (at simulation time 282.001,400,000 s)
2024-06-03 19:57:56,328 INFO  - Recieve a message from other vehicle (at simulation time 282.001,900,000 s)
2024-06-03 19:57:56,328 INFO  - My position is not better! (at simulation time 282.001,900,000 s)
2024-06-03 19:57:56,328 INFO  - Recieve a message from other vehicle (at simulation time 282.002,400,000 s)
2024-06-03 19:57:56,328 INFO  - My position is not better! (at simulation time 282.002,400,000 s)
2024-06-03 19:57:56,573 INFO  - Called #onVehicleUpdated (at simulation time 283.000,000,000 s)
2024-06-03 19:57:56,573 INFO  - Sending out AdHoc broadcast (at simulation time 283.000,000,000 s)
2024-06-03 19:57:56,576 INFO  - Recieve a message from other vehicle (at simulation time 283.000,400,000 s)
2024-06-03 19:57:56,576 INFO  - My position is not better! (at simulation time 283.000,400,000 s)
2024-06-03 19:57:56,579 INFO  - Recieve a message from other vehicle (at simulation time 283.001,900,000 s)
2024-06-03 19:57:56,579 INFO  - My position is not better! (at simulation time 283.001,900,000 s)
2024-06-03 19:57:56,582 INFO  - Recieve a message from other vehicle (at simulation time 283.002,400,000 s)
2024-06-03 19:57:56,582 INFO  - My position is not better! (at simulation time 283.002,400,000 s)
2024-06-03 19:57:56,583 INFO  - Recieve a message from other vehicle (at simulation time 283.002,400,000 s)
2024-06-03 19:57:56,583 INFO  - I'm in better position but no more hops in message (at simulation time 283.002,400,000 s)
2024-06-03 19:57:56,823 INFO  - Called #onVehicleUpdated (at simulation time 284.000,000,000 s)
2024-06-03 19:57:56,825 INFO  - Recieve a message from other vehicle (at simulation time 284.000,400,000 s)
2024-06-03 19:57:56,825 INFO  - My position is not better! (at simulation time 284.000,400,000 s)
2024-06-03 19:57:56,827 INFO  - Recieve a message from other vehicle (at simulation time 284.000,400,000 s)
2024-06-03 19:57:56,827 INFO  - I'm in better position but no more hops in message (at simulation time 284.000,400,000 s)
2024-06-03 19:57:56,828 INFO  - Recieve a message from other vehicle (at simulation time 284.000,900,000 s)
2024-06-03 19:57:56,828 INFO  - My position is not better! (at simulation time 284.000,900,000 s)
2024-06-03 19:57:56,830 INFO  - Recieve a message from other vehicle (at simulation time 284.001,400,000 s)
2024-06-03 19:57:56,830 INFO  - My position is not better! (at simulation time 284.001,400,000 s)
2024-06-03 19:57:57,076 INFO  - Called #onVehicleUpdated (at simulation time 285.000,000,000 s)
2024-06-03 19:57:57,077 INFO  - Sending out AdHoc broadcast (at simulation time 285.000,000,000 s)
2024-06-03 19:57:57,078 INFO  - Recieve a message from other vehicle (at simulation time 285.000,400,000 s)
2024-06-03 19:57:57,078 INFO  - My position is not better! (at simulation time 285.000,400,000 s)
2024-06-03 19:57:57,081 INFO  - Recieve a message from other vehicle (at simulation time 285.000,900,000 s)
2024-06-03 19:57:57,081 INFO  - My position is not better! (at simulation time 285.000,900,000 s)
2024-06-03 19:57:57,081 INFO  - Recieve a message from other vehicle (at simulation time 285.000,900,000 s)
2024-06-03 19:57:57,081 INFO  - My position is not better! (at simulation time 285.000,900,000 s)
2024-06-03 19:57:57,082 INFO  - Recieve a message from other vehicle (at simulation time 285.000,900,000 s)
2024-06-03 19:57:57,082 INFO  - I'm in better position but no more hops in message (at simulation time 285.000,900,000 s)
2024-06-03 19:57:57,324 INFO  - Called #onVehicleUpdated (at simulation time 286.000,000,000 s)
2024-06-03 19:57:57,327 INFO  - Recieve a message from other vehicle (at simulation time 286.000,400,000 s)
2024-06-03 19:57:57,327 INFO  - I'm in better position but no more hops in message (at simulation time 286.000,400,000 s)
2024-06-03 19:57:57,328 INFO  - Recieve a message from other vehicle (at simulation time 286.000,900,000 s)
2024-06-03 19:57:57,328 INFO  - My position is not better! (at simulation time 286.000,900,000 s)
2024-06-03 19:57:57,331 INFO  - Recieve a message from other vehicle (at simulation time 286.002,400,000 s)
2024-06-03 19:57:57,331 INFO  - My position is not better! (at simulation time 286.002,400,000 s)
2024-06-03 19:57:57,332 INFO  - Recieve a message from other vehicle (at simulation time 286.002,400,000 s)
2024-06-03 19:57:57,332 INFO  - My position is not better! (at simulation time 286.002,400,000 s)
2024-06-03 19:57:57,574 INFO  - Called #onVehicleUpdated (at simulation time 287.000,000,000 s)
2024-06-03 19:57:57,575 INFO  - Sending out AdHoc broadcast (at simulation time 287.000,000,000 s)
2024-06-03 19:57:57,579 INFO  - Recieve a message from other vehicle (at simulation time 287.000,900,000 s)
2024-06-03 19:57:57,579 INFO  - My position is not better! (at simulation time 287.000,900,000 s)
2024-06-03 19:57:57,580 INFO  - Recieve a message from other vehicle (at simulation time 287.001,400,000 s)
2024-06-03 19:57:57,580 INFO  - I'm in better position but no more hops in message (at simulation time 287.001,400,000 s)
2024-06-03 19:57:57,580 INFO  - Recieve a message from other vehicle (at simulation time 287.001,900,000 s)
2024-06-03 19:57:57,580 INFO  - My position is not better! (at simulation time 287.001,900,000 s)
2024-06-03 19:57:57,582 INFO  - Recieve a message from other vehicle (at simulation time 287.001,900,000 s)
2024-06-03 19:57:57,582 INFO  - My position is not better! (at simulation time 287.001,900,000 s)
2024-06-03 19:57:57,824 INFO  - Called #onVehicleUpdated (at simulation time 288.000,000,000 s)
2024-06-03 19:57:57,833 INFO  - Recieve a message from other vehicle (at simulation time 288.001,400,000 s)
2024-06-03 19:57:57,833 INFO  - My position is not better! (at simulation time 288.001,400,000 s)
2024-06-03 19:57:57,833 INFO  - Recieve a message from other vehicle (at simulation time 288.001,900,000 s)
2024-06-03 19:57:57,833 INFO  - My position is not better! (at simulation time 288.001,900,000 s)
2024-06-03 19:57:57,838 INFO  - Recieve a message from other vehicle (at simulation time 288.002,400,000 s)
2024-06-03 19:57:57,838 INFO  - My position is not better! (at simulation time 288.002,400,000 s)
2024-06-03 19:57:57,838 INFO  - Recieve a message from other vehicle (at simulation time 288.002,400,000 s)
2024-06-03 19:57:57,838 INFO  - I'm in better position but no more hops in message (at simulation time 288.002,400,000 s)
2024-06-03 19:57:58,074 INFO  - Called #onVehicleUpdated (at simulation time 289.000,000,000 s)
2024-06-03 19:57:58,075 INFO  - Sending out AdHoc broadcast (at simulation time 289.000,000,000 s)
2024-06-03 19:57:58,076 INFO  - Recieve a message from other vehicle (at simulation time 289.000,400,000 s)
2024-06-03 19:57:58,076 INFO  - My position is not better! (at simulation time 289.000,400,000 s)
2024-06-03 19:57:58,077 INFO  - Recieve a message from other vehicle (at simulation time 289.000,400,000 s)
2024-06-03 19:57:58,077 INFO  - My position is not better! (at simulation time 289.000,400,000 s)
2024-06-03 19:57:58,080 INFO  - Recieve a message from other vehicle (at simulation time 289.000,900,000 s)
2024-06-03 19:57:58,080 INFO  - My position is not better! (at simulation time 289.000,900,000 s)
2024-06-03 19:57:58,083 INFO  - Recieve a message from other vehicle (at simulation time 289.001,400,000 s)
2024-06-03 19:57:58,083 INFO  - I'm in better position but no more hops in message (at simulation time 289.001,400,000 s)
2024-06-03 19:57:58,325 INFO  - Called #onVehicleUpdated (at simulation time 290.000,000,000 s)
2024-06-03 19:57:58,332 INFO  - Recieve a message from other vehicle (at simulation time 290.001,400,000 s)
2024-06-03 19:57:58,332 INFO  - My position is not better! (at simulation time 290.001,400,000 s)
2024-06-03 19:57:58,332 INFO  - Recieve a message from other vehicle (at simulation time 290.001,400,000 s)
2024-06-03 19:57:58,332 INFO  - My position is not better! (at simulation time 290.001,400,000 s)
2024-06-03 19:57:58,332 INFO  - Recieve a message from other vehicle (at simulation time 290.001,400,000 s)
2024-06-03 19:57:58,332 INFO  - I'm in better position but no more hops in message (at simulation time 290.001,400,000 s)
2024-06-03 19:57:58,332 INFO  - Recieve a message from other vehicle (at simulation time 290.001,900,000 s)
2024-06-03 19:57:58,332 INFO  - My position is not better! (at simulation time 290.001,900,000 s)
2024-06-03 19:57:58,574 INFO  - Called #onVehicleUpdated (at simulation time 291.000,000,000 s)
2024-06-03 19:57:58,575 INFO  - Sending out AdHoc broadcast (at simulation time 291.000,000,000 s)
2024-06-03 19:57:58,579 INFO  - Recieve a message from other vehicle (at simulation time 291.000,400,000 s)
2024-06-03 19:57:58,579 INFO  - I'm in better position but no more hops in message (at simulation time 291.000,400,000 s)
2024-06-03 19:57:58,582 INFO  - Recieve a message from other vehicle (at simulation time 291.001,400,000 s)
2024-06-03 19:57:58,582 INFO  - My position is not better! (at simulation time 291.001,400,000 s)
2024-06-03 19:57:58,584 INFO  - Recieve a message from other vehicle (at simulation time 291.001,900,000 s)
2024-06-03 19:57:58,584 INFO  - My position is not better! (at simulation time 291.001,900,000 s)
2024-06-03 19:57:58,585 INFO  - Recieve a message from other vehicle (at simulation time 291.002,400,000 s)
2024-06-03 19:57:58,585 INFO  - My position is not better! (at simulation time 291.002,400,000 s)
