2024-06-03 19:49:08,609 INFO  - Initialize Vehicle application (at simulation time 78.000,000,000 s)
2024-06-03 19:49:08,610 INFO  - Activated WLAN Module (at simulation time 78.000,000,000 s)
2024-06-03 19:49:08,613 INFO  - Called #onVehicleUpdated (at simulation time 78.000,000,000 s)
2024-06-03 19:49:08,613 INFO  - Exced velocity! Sending new CAM (at simulation time 78.000,000,000 s)
2024-06-03 19:49:08,613 INFO  - Sending out AdHoc broadcast (at simulation time 78.000,000,000 s)
2024-06-03 19:49:08,854 INFO  - Called #onVehicleUpdated (at simulation time 79.000,000,000 s)
2024-06-03 19:49:08,854 INFO  - Exced velocity! Sending new CAM (at simulation time 79.000,000,000 s)
2024-06-03 19:49:08,854 INFO  - Sending out AdHoc broadcast (at simulation time 79.000,000,000 s)
2024-06-03 19:49:08,855 INFO  - Define the name: veh_15 and route: r_4 (at simulation time 79.000,000,000 s)
2024-06-03 19:49:08,855 INFO  - Sending out AdHoc broadcast (at simulation time 79.000,000,000 s)
2024-06-03 19:49:09,104 INFO  - Called #onVehicleUpdated (at simulation time 80.000,000,000 s)
2024-06-03 19:49:09,104 INFO  - Exced velocity! Sending new CAM (at simulation time 80.000,000,000 s)
2024-06-03 19:49:09,104 INFO  - Sending out AdHoc broadcast (at simulation time 80.000,000,000 s)
2024-06-03 19:49:09,104 INFO  - Sending out AdHoc broadcast (at simulation time 80.000,000,000 s)
2024-06-03 19:49:09,105 INFO  - Recieve a message from other vehicle (at simulation time 80.001,900,000 s)
2024-06-03 19:49:09,105 INFO  - Recending a message from other vehicle (at simulation time 80.001,900,000 s)
2024-06-03 19:49:09,352 INFO  - Called #onVehicleUpdated (at simulation time 81.000,000,000 s)
2024-06-03 19:49:09,352 INFO  - Exced velocity! Sending new CAM (at simulation time 81.000,000,000 s)
2024-06-03 19:49:09,352 INFO  - Sending out AdHoc broadcast (at simulation time 81.000,000,000 s)
2024-06-03 19:49:09,353 INFO  - Sending out AdHoc broadcast (at simulation time 81.000,000,000 s)
2024-06-03 19:49:09,353 INFO  - Sending out AdHoc broadcast (at simulation time 81.000,000,000 s)
2024-06-03 19:49:09,602 INFO  - Called #onVehicleUpdated (at simulation time 82.000,000,000 s)
2024-06-03 19:49:09,603 INFO  - Sending out AdHoc broadcast (at simulation time 82.000,000,000 s)
2024-06-03 19:49:09,603 INFO  - Sending out AdHoc broadcast (at simulation time 82.000,000,000 s)
2024-06-03 19:49:09,604 INFO  - Recieve a message from other vehicle (at simulation time 82.001,400,000 s)
2024-06-03 19:49:09,604 INFO  - Recending a message from other vehicle (at simulation time 82.001,400,000 s)
2024-06-03 19:49:09,853 INFO  - Called #onVehicleUpdated (at simulation time 83.000,000,000 s)
2024-06-03 19:49:09,853 INFO  - Sending out AdHoc broadcast (at simulation time 83.000,000,000 s)
2024-06-03 19:49:09,853 INFO  - Sending out AdHoc broadcast (at simulation time 83.000,000,000 s)
2024-06-03 19:49:09,853 INFO  - Sending out AdHoc broadcast (at simulation time 83.000,000,000 s)
2024-06-03 19:49:10,103 INFO  - Called #onVehicleUpdated (at simulation time 84.000,000,000 s)
2024-06-03 19:49:10,103 INFO  - Sending out AdHoc broadcast (at simulation time 84.000,000,000 s)
2024-06-03 19:49:10,103 INFO  - Sending out AdHoc broadcast (at simulation time 84.000,000,000 s)
2024-06-03 19:49:10,104 INFO  - Recieve a message from other vehicle (at simulation time 84.000,400,000 s)
2024-06-03 19:49:10,104 INFO  - Recending a message from other vehicle (at simulation time 84.000,400,000 s)
2024-06-03 19:49:10,104 INFO  - Recieve a message from other vehicle (at simulation time 84.000,900,000 s)
2024-06-03 19:49:10,104 INFO  - My position is not better! (at simulation time 84.000,900,000 s)
2024-06-03 19:49:10,104 INFO  - Recieve a message from other vehicle (at simulation time 84.001,400,000 s)
2024-06-03 19:49:10,105 INFO  - My position is not better! (at simulation time 84.001,400,000 s)
2024-06-03 19:49:10,105 INFO  - Recieve a message from other vehicle (at simulation time 84.001,800,000 s)
2024-06-03 19:49:10,105 INFO  - My position is not better! (at simulation time 84.001,800,000 s)
2024-06-03 19:49:10,105 INFO  - Recieve a message from other vehicle (at simulation time 84.002,400,000 s)
2024-06-03 19:49:10,105 INFO  - My position is not better! (at simulation time 84.002,400,000 s)
2024-06-03 19:49:10,105 INFO  - Recieve a message from other vehicle (at simulation time 84.003,300,000 s)
2024-06-03 19:49:10,105 INFO  - My position is not better! (at simulation time 84.003,300,000 s)
2024-06-03 19:49:10,354 INFO  - Called #onVehicleUpdated (at simulation time 85.000,000,000 s)
2024-06-03 19:49:10,355 INFO  - Sending out AdHoc broadcast (at simulation time 85.000,000,000 s)
2024-06-03 19:49:10,355 INFO  - Sending out AdHoc broadcast (at simulation time 85.000,000,000 s)
2024-06-03 19:49:10,355 INFO  - Sending out AdHoc broadcast (at simulation time 85.000,000,000 s)
2024-06-03 19:49:10,356 INFO  - Recieve a message from other vehicle (at simulation time 85.000,400,000 s)
2024-06-03 19:49:10,356 INFO  - My position is not better! (at simulation time 85.000,400,000 s)
2024-06-03 19:49:10,356 INFO  - Recieve a message from other vehicle (at simulation time 85.000,400,000 s)
2024-06-03 19:49:10,356 INFO  - My position is not better! (at simulation time 85.000,400,000 s)
2024-06-03 19:49:10,356 INFO  - Recieve a message from other vehicle (at simulation time 85.000,400,000 s)
2024-06-03 19:49:10,356 INFO  - My position is not better! (at simulation time 85.000,400,000 s)
2024-06-03 19:49:10,356 INFO  - Recieve a message from other vehicle (at simulation time 85.000,900,000 s)
2024-06-03 19:49:10,356 INFO  - My position is not better! (at simulation time 85.000,900,000 s)
2024-06-03 19:49:10,357 INFO  - Recieve a message from other vehicle (at simulation time 85.001,400,000 s)
2024-06-03 19:49:10,357 INFO  - My position is not better! (at simulation time 85.001,400,000 s)
2024-06-03 19:49:10,357 INFO  - Recieve a message from other vehicle (at simulation time 85.001,400,000 s)
2024-06-03 19:49:10,357 INFO  - My position is not better! (at simulation time 85.001,400,000 s)
2024-06-03 19:49:10,358 INFO  - Recieve a message from other vehicle (at simulation time 85.001,800,000 s)
2024-06-03 19:49:10,358 INFO  - My position is not better! (at simulation time 85.001,800,000 s)
2024-06-03 19:49:10,358 INFO  - Recieve a message from other vehicle (at simulation time 85.001,800,000 s)
2024-06-03 19:49:10,358 INFO  - My position is not better! (at simulation time 85.001,800,000 s)
2024-06-03 19:49:10,358 INFO  - Recieve a message from other vehicle (at simulation time 85.001,900,000 s)
2024-06-03 19:49:10,358 INFO  - Recending a message from other vehicle (at simulation time 85.001,900,000 s)
2024-06-03 19:49:10,359 INFO  - Recieve a message from other vehicle (at simulation time 85.002,400,000 s)
2024-06-03 19:49:10,359 INFO  - My position is not better! (at simulation time 85.002,400,000 s)
2024-06-03 19:49:10,359 INFO  - Recieve a message from other vehicle (at simulation time 85.002,400,000 s)
2024-06-03 19:49:10,359 INFO  - My position is not better! (at simulation time 85.002,400,000 s)
2024-06-03 19:49:10,359 INFO  - Recieve a message from other vehicle (at simulation time 85.002,800,000 s)
2024-06-03 19:49:10,359 INFO  - My position is not better! (at simulation time 85.002,800,000 s)
2024-06-03 19:49:10,359 INFO  - Recieve a message from other vehicle (at simulation time 85.002,800,000 s)
2024-06-03 19:49:10,359 INFO  - My position is not better! (at simulation time 85.002,800,000 s)
2024-06-03 19:49:10,359 INFO  - Recieve a message from other vehicle (at simulation time 85.003,300,000 s)
2024-06-03 19:49:10,360 INFO  - My position is not better! (at simulation time 85.003,300,000 s)
2024-06-03 19:49:10,360 INFO  - Recieve a message from other vehicle (at simulation time 85.003,300,000 s)
2024-06-03 19:49:10,360 INFO  - My position is not better! (at simulation time 85.003,300,000 s)
2024-06-03 19:49:10,360 INFO  - Recieve a message from other vehicle (at simulation time 85.003,800,000 s)
2024-06-03 19:49:10,360 INFO  - My position is not better! (at simulation time 85.003,800,000 s)
2024-06-03 19:49:10,603 INFO  - Called #onVehicleUpdated (at simulation time 86.000,000,000 s)
2024-06-03 19:49:10,603 INFO  - Sending out AdHoc broadcast (at simulation time 86.000,000,000 s)
2024-06-03 19:49:10,603 INFO  - Sending out AdHoc broadcast (at simulation time 86.000,000,000 s)
2024-06-03 19:49:10,604 INFO  - Recieve a message from other vehicle (at simulation time 86.000,400,000 s)
2024-06-03 19:49:10,604 INFO  - Recending a message from other vehicle (at simulation time 86.000,400,000 s)
2024-06-03 19:49:10,604 INFO  - Recieve a message from other vehicle (at simulation time 86.000,400,000 s)
2024-06-03 19:49:10,604 INFO  - Recending a message from other vehicle (at simulation time 86.000,400,000 s)
2024-06-03 19:49:10,605 INFO  - Recieve a message from other vehicle (at simulation time 86.000,900,000 s)
2024-06-03 19:49:10,605 INFO  - My position is not better! (at simulation time 86.000,900,000 s)
2024-06-03 19:49:10,605 INFO  - Recieve a message from other vehicle (at simulation time 86.001,400,000 s)
2024-06-03 19:49:10,605 INFO  - I'm in better position but no more hops in message (at simulation time 86.001,400,000 s)
2024-06-03 19:49:10,606 INFO  - Recieve a message from other vehicle (at simulation time 86.002,300,000 s)
2024-06-03 19:49:10,606 INFO  - I'm in better position but no more hops in message (at simulation time 86.002,300,000 s)
2024-06-03 19:49:10,606 INFO  - Recieve a message from other vehicle (at simulation time 86.002,300,000 s)
2024-06-03 19:49:10,606 INFO  - I'm in better position but no more hops in message (at simulation time 86.002,300,000 s)
2024-06-03 19:49:10,606 INFO  - Recieve a message from other vehicle (at simulation time 86.002,400,000 s)
2024-06-03 19:49:10,606 INFO  - My position is not better! (at simulation time 86.002,400,000 s)
2024-06-03 19:49:10,606 INFO  - Recieve a message from other vehicle (at simulation time 86.002,400,000 s)
2024-06-03 19:49:10,606 INFO  - My position is not better! (at simulation time 86.002,400,000 s)
2024-06-03 19:49:10,606 INFO  - Recieve a message from other vehicle (at simulation time 86.002,400,000 s)
2024-06-03 19:49:10,606 INFO  - I'm in better position but no more hops in message (at simulation time 86.002,400,000 s)
2024-06-03 19:49:10,606 INFO  - Recieve a message from other vehicle (at simulation time 86.002,800,000 s)
2024-06-03 19:49:10,606 INFO  - I'm in better position but no more hops in message (at simulation time 86.002,800,000 s)
2024-06-03 19:49:10,606 INFO  - Recieve a message from other vehicle (at simulation time 86.002,800,000 s)
2024-06-03 19:49:10,606 INFO  - My position is not better! (at simulation time 86.002,800,000 s)
2024-06-03 19:49:10,606 INFO  - Recieve a message from other vehicle (at simulation time 86.003,300,000 s)
2024-06-03 19:49:10,606 INFO  - My position is not better! (at simulation time 86.003,300,000 s)
2024-06-03 19:49:10,854 INFO  - Called #onVehicleUpdated (at simulation time 87.000,000,000 s)
2024-06-03 19:49:10,854 INFO  - Sending out DENM broadcast (at simulation time 87.000,000,000 s)
2024-06-03 19:49:10,854 INFO  - Sending out AdHoc broadcast (at simulation time 87.000,000,000 s)
2024-06-03 19:49:10,854 INFO  - Sending out AdHoc broadcast (at simulation time 87.000,000,000 s)
2024-06-03 19:49:10,855 INFO  - Sending out AdHoc broadcast (at simulation time 87.000,000,000 s)
2024-06-03 19:49:10,856 INFO  - Recieve a message from other vehicle (at simulation time 87.000,400,000 s)
2024-06-03 19:49:10,856 INFO  - Recending a message from other vehicle (at simulation time 87.000,400,000 s)
2024-06-03 19:49:10,856 INFO  - Recieve a message from other vehicle (at simulation time 87.000,400,000 s)
2024-06-03 19:49:10,856 INFO  - Recending a message from other vehicle (at simulation time 87.000,400,000 s)
2024-06-03 19:49:10,860 INFO  - Recieve a message from other vehicle (at simulation time 87.000,800,000 s)
2024-06-03 19:49:10,860 INFO  - I'm in better position but no more hops in message (at simulation time 87.000,800,000 s)
2024-06-03 19:49:10,861 INFO  - Recieve a message from other vehicle (at simulation time 87.000,900,000 s)
2024-06-03 19:49:10,861 INFO  - DENM message Recived from veh_12 -info : seco (at simulation time 87.000,900,000 s)
2024-06-03 19:49:10,861 INFO  - Recending a DENM message from other vehicle (at simulation time 87.000,900,000 s)
2024-06-03 19:49:10,862 INFO  - Recieve a message from other vehicle (at simulation time 87.000,900,000 s)
2024-06-03 19:49:10,862 INFO  - I'm in better position but no more hops in message (at simulation time 87.000,900,000 s)
2024-06-03 19:49:10,862 INFO  - Recieve a message from other vehicle (at simulation time 87.000,900,000 s)
2024-06-03 19:49:10,862 INFO  - I'm in better position but no more hops in message (at simulation time 87.000,900,000 s)
2024-06-03 19:49:10,862 INFO  - Recieve a message from other vehicle (at simulation time 87.000,900,000 s)
2024-06-03 19:49:10,862 INFO  - Recending a message from other vehicle (at simulation time 87.000,900,000 s)
2024-06-03 19:49:10,864 INFO  - Recieve a message from other vehicle (at simulation time 87.001,300,000 s)
2024-06-03 19:49:10,864 INFO  - DENM message Recived from veh_15 -info : piso-molhado (at simulation time 87.001,300,000 s)
2024-06-03 19:49:10,864 INFO  - I slow down due to road state (at simulation time 87.001,300,000 s)
2024-06-03 19:49:10,864 INFO  - No more hops in DENM message (at simulation time 87.001,300,000 s)
2024-06-03 19:49:10,865 INFO  - Recieve a message from other vehicle (at simulation time 87.001,400,000 s)
2024-06-03 19:49:10,865 INFO  - DENM message Recived from veh_17 -info : piso-molhado (at simulation time 87.001,400,000 s)
2024-06-03 19:49:10,865 INFO  - I slow down due to road state (at simulation time 87.001,400,000 s)
2024-06-03 19:49:10,865 INFO  - No more hops in DENM message (at simulation time 87.001,400,000 s)
2024-06-03 19:49:10,866 INFO  - Recieve a message from other vehicle (at simulation time 87.001,400,000 s)
2024-06-03 19:49:10,866 INFO  - Recending a message from other vehicle (at simulation time 87.001,400,000 s)
2024-06-03 19:49:10,866 INFO  - Recieve a message from other vehicle (at simulation time 87.001,400,000 s)
2024-06-03 19:49:10,866 INFO  - I'm in better position but no more hops in message (at simulation time 87.001,400,000 s)
2024-06-03 19:49:10,867 INFO  - Recieve a message from other vehicle (at simulation time 87.001,800,000 s)
2024-06-03 19:49:10,867 INFO  - DENM message Recived from veh_13 -info : seco (at simulation time 87.001,800,000 s)
2024-06-03 19:49:10,867 INFO  - No more hops in DENM message (at simulation time 87.001,800,000 s)
2024-06-03 19:49:10,867 INFO  - Recieve a message from other vehicle (at simulation time 87.001,900,000 s)
2024-06-03 19:49:10,867 INFO  - DENM message Recived from veh_13 -info : seco (at simulation time 87.001,900,000 s)
2024-06-03 19:49:10,867 INFO  - No more hops in DENM message (at simulation time 87.001,900,000 s)
2024-06-03 19:49:10,867 INFO  - Recieve a message from other vehicle (at simulation time 87.001,900,000 s)
2024-06-03 19:49:10,867 INFO  - I'm in better position but no more hops in message (at simulation time 87.001,900,000 s)
2024-06-03 19:49:10,869 INFO  - Recieve a message from other vehicle (at simulation time 87.002,400,000 s)
2024-06-03 19:49:10,869 INFO  - I'm in better position but no more hops in message (at simulation time 87.002,400,000 s)
2024-06-03 19:49:10,891 INFO  - Recieve a message from other vehicle (at simulation time 87.003,300,000 s)
2024-06-03 19:49:10,891 INFO  - DENM message Recived from veh_17 -info : piso-molhado (at simulation time 87.003,300,000 s)
2024-06-03 19:49:10,891 INFO  - I slow down due to road state (at simulation time 87.003,300,000 s)
2024-06-03 19:49:10,891 INFO  - No more hops in DENM message (at simulation time 87.003,300,000 s)
2024-06-03 19:49:11,102 INFO  - Called #onVehicleUpdated (at simulation time 88.000,000,000 s)
2024-06-03 19:49:11,103 INFO  - Sending out AdHoc broadcast (at simulation time 88.000,000,000 s)
2024-06-03 19:49:11,103 INFO  - Sending out AdHoc broadcast (at simulation time 88.000,000,000 s)
2024-06-03 19:49:11,104 INFO  - Recieve a message from other vehicle (at simulation time 88.000,800,000 s)
2024-06-03 19:49:11,104 INFO  - I'm in better position but no more hops in message (at simulation time 88.000,800,000 s)
2024-06-03 19:49:11,104 INFO  - Recieve a message from other vehicle (at simulation time 88.000,800,000 s)
2024-06-03 19:49:11,104 INFO  - I'm in better position but no more hops in message (at simulation time 88.000,800,000 s)
2024-06-03 19:49:11,104 INFO  - Recieve a message from other vehicle (at simulation time 88.000,900,000 s)
2024-06-03 19:49:11,104 INFO  - I'm in better position but no more hops in message (at simulation time 88.000,900,000 s)
2024-06-03 19:49:11,104 INFO  - Recieve a message from other vehicle (at simulation time 88.000,900,000 s)
2024-06-03 19:49:11,104 INFO  - Recending a message from other vehicle (at simulation time 88.000,900,000 s)
2024-06-03 19:49:11,104 INFO  - Recieve a message from other vehicle (at simulation time 88.001,300,000 s)
2024-06-03 19:49:11,104 INFO  - DENM message Recived from veh_16 -info : seco (at simulation time 88.001,300,000 s)
2024-06-03 19:49:11,104 INFO  - No more hops in DENM message (at simulation time 88.001,300,000 s)
2024-06-03 19:49:11,104 INFO  - Recieve a message from other vehicle (at simulation time 88.001,400,000 s)
2024-06-03 19:49:11,104 INFO  - DENM message Recived from veh_14 -info : seco (at simulation time 88.001,400,000 s)
2024-06-03 19:49:11,104 INFO  - No more hops in DENM message (at simulation time 88.001,400,000 s)
2024-06-03 19:49:11,104 INFO  - Recieve a message from other vehicle (at simulation time 88.001,400,000 s)
2024-06-03 19:49:11,104 INFO  - Recending a message from other vehicle (at simulation time 88.001,400,000 s)
2024-06-03 19:49:11,104 INFO  - Recieve a message from other vehicle (at simulation time 88.001,400,000 s)
2024-06-03 19:49:11,104 INFO  - Recending a message from other vehicle (at simulation time 88.001,400,000 s)
2024-06-03 19:49:11,105 INFO  - Recieve a message from other vehicle (at simulation time 88.001,400,000 s)
2024-06-03 19:49:11,105 INFO  - I'm in better position but no more hops in message (at simulation time 88.001,400,000 s)
2024-06-03 19:49:11,105 INFO  - Recieve a message from other vehicle (at simulation time 88.001,900,000 s)
2024-06-03 19:49:11,105 INFO  - DENM message Recived from veh_16 -info : seco (at simulation time 88.001,900,000 s)
2024-06-03 19:49:11,105 INFO  - No more hops in DENM message (at simulation time 88.001,900,000 s)
2024-06-03 19:49:11,105 INFO  - Recieve a message from other vehicle (at simulation time 88.001,900,000 s)
2024-06-03 19:49:11,105 INFO  - I'm in better position but no more hops in message (at simulation time 88.001,900,000 s)
2024-06-03 19:49:11,105 INFO  - Recieve a message from other vehicle (at simulation time 88.001,900,000 s)
2024-06-03 19:49:11,105 INFO  - I'm in better position but no more hops in message (at simulation time 88.001,900,000 s)
2024-06-03 19:49:11,105 INFO  - Recieve a message from other vehicle (at simulation time 88.002,400,000 s)
2024-06-03 19:49:11,105 INFO  - I'm in better position but no more hops in message (at simulation time 88.002,400,000 s)
2024-06-03 19:49:11,105 INFO  - Recieve a message from other vehicle (at simulation time 88.002,800,000 s)
2024-06-03 19:49:11,105 INFO  - DENM message Recived from veh_14 -info : seco (at simulation time 88.002,800,000 s)
2024-06-03 19:49:11,105 INFO  - No more hops in DENM message (at simulation time 88.002,800,000 s)
2024-06-03 19:49:11,353 INFO  - Called #onVehicleUpdated (at simulation time 89.000,000,000 s)
2024-06-03 19:49:11,354 INFO  - Sending out AdHoc broadcast (at simulation time 89.000,000,000 s)
2024-06-03 19:49:11,354 INFO  - Sending out AdHoc broadcast (at simulation time 89.000,000,000 s)
2024-06-03 19:49:11,354 INFO  - Sending out AdHoc broadcast (at simulation time 89.000,000,000 s)
2024-06-03 19:49:11,361 INFO  - Recieve a message from other vehicle (at simulation time 89.000,400,000 s)
2024-06-03 19:49:11,361 INFO  - Recending a message from other vehicle (at simulation time 89.000,400,000 s)
2024-06-03 19:49:11,362 INFO  - Recieve a message from other vehicle (at simulation time 89.000,800,000 s)
2024-06-03 19:49:11,362 INFO  - I'm in better position but no more hops in message (at simulation time 89.000,800,000 s)
2024-06-03 19:49:11,362 INFO  - Recieve a message from other vehicle (at simulation time 89.000,900,000 s)
2024-06-03 19:49:11,362 INFO  - I'm in better position but no more hops in message (at simulation time 89.000,900,000 s)
2024-06-03 19:49:11,362 INFO  - Recieve a message from other vehicle (at simulation time 89.000,900,000 s)
2024-06-03 19:49:11,362 INFO  - I'm in better position but no more hops in message (at simulation time 89.000,900,000 s)
2024-06-03 19:49:11,363 INFO  - Recieve a message from other vehicle (at simulation time 89.001,300,000 s)
2024-06-03 19:49:11,363 INFO  - My position is not better! (at simulation time 89.001,300,000 s)
2024-06-03 19:49:11,363 INFO  - Recieve a message from other vehicle (at simulation time 89.001,300,000 s)
2024-06-03 19:49:11,363 INFO  - My position is not better! (at simulation time 89.001,300,000 s)
2024-06-03 19:49:11,363 INFO  - Recieve a message from other vehicle (at simulation time 89.001,400,000 s)
2024-06-03 19:49:11,363 INFO  - My position is not better! (at simulation time 89.001,400,000 s)
2024-06-03 19:49:11,363 INFO  - Recieve a message from other vehicle (at simulation time 89.001,400,000 s)
2024-06-03 19:49:11,363 INFO  - My position is not better! (at simulation time 89.001,400,000 s)
2024-06-03 19:49:11,363 INFO  - Recieve a message from other vehicle (at simulation time 89.001,400,000 s)
2024-06-03 19:49:11,363 INFO  - My position is not better! (at simulation time 89.001,400,000 s)
2024-06-03 19:49:11,363 INFO  - Recieve a message from other vehicle (at simulation time 89.001,400,000 s)
2024-06-03 19:49:11,363 INFO  - My position is not better! (at simulation time 89.001,400,000 s)
2024-06-03 19:49:11,363 INFO  - Recieve a message from other vehicle (at simulation time 89.001,800,000 s)
2024-06-03 19:49:11,363 INFO  - I'm in better position but no more hops in message (at simulation time 89.001,800,000 s)
2024-06-03 19:49:11,363 INFO  - Recieve a message from other vehicle (at simulation time 89.001,900,000 s)
2024-06-03 19:49:11,363 INFO  - I'm in better position but no more hops in message (at simulation time 89.001,900,000 s)
2024-06-03 19:49:11,364 INFO  - Recieve a message from other vehicle (at simulation time 89.002,400,000 s)
2024-06-03 19:49:11,364 INFO  - My position is not better! (at simulation time 89.002,400,000 s)
2024-06-03 19:49:11,364 INFO  - Recieve a message from other vehicle (at simulation time 89.002,800,000 s)
2024-06-03 19:49:11,364 INFO  - I'm in better position but no more hops in message (at simulation time 89.002,800,000 s)
2024-06-03 19:49:11,364 INFO  - Recieve a message from other vehicle (at simulation time 89.002,800,000 s)
2024-06-03 19:49:11,364 INFO  - My position is not better! (at simulation time 89.002,800,000 s)
2024-06-03 19:49:11,605 INFO  - Called #onVehicleUpdated (at simulation time 90.000,000,000 s)
2024-06-03 19:49:11,605 INFO  - Sending out AdHoc broadcast (at simulation time 90.000,000,000 s)
2024-06-03 19:49:11,605 INFO  - Sending out AdHoc broadcast (at simulation time 90.000,000,000 s)
2024-06-03 19:49:11,606 INFO  - Recieve a message from other vehicle (at simulation time 90.000,400,000 s)
2024-06-03 19:49:11,606 INFO  - My position is not better! (at simulation time 90.000,400,000 s)
2024-06-03 19:49:11,606 INFO  - Recieve a message from other vehicle (at simulation time 90.000,400,000 s)
2024-06-03 19:49:11,606 INFO  - My position is not better! (at simulation time 90.000,400,000 s)
2024-06-03 19:49:11,607 INFO  - Recieve a message from other vehicle (at simulation time 90.000,900,000 s)
2024-06-03 19:49:11,607 INFO  - My position is not better! (at simulation time 90.000,900,000 s)
2024-06-03 19:49:11,607 INFO  - Recieve a message from other vehicle (at simulation time 90.000,900,000 s)
2024-06-03 19:49:11,607 INFO  - My position is not better! (at simulation time 90.000,900,000 s)
2024-06-03 19:49:11,607 INFO  - Recieve a message from other vehicle (at simulation time 90.001,300,000 s)
2024-06-03 19:49:11,607 INFO  - I'm in better position but no more hops in message (at simulation time 90.001,300,000 s)
2024-06-03 19:49:11,608 INFO  - Recieve a message from other vehicle (at simulation time 90.001,800,000 s)
2024-06-03 19:49:11,608 INFO  - My position is not better! (at simulation time 90.001,800,000 s)
2024-06-03 19:49:11,608 INFO  - Recieve a message from other vehicle (at simulation time 90.001,800,000 s)
2024-06-03 19:49:11,608 INFO  - I'm in better position but no more hops in message (at simulation time 90.001,800,000 s)
2024-06-03 19:49:11,609 INFO  - Recieve a message from other vehicle (at simulation time 90.002,400,000 s)
2024-06-03 19:49:11,609 INFO  - My position is not better! (at simulation time 90.002,400,000 s)
2024-06-03 19:49:11,609 INFO  - Recieve a message from other vehicle (at simulation time 90.002,800,000 s)
2024-06-03 19:49:11,609 INFO  - I'm in better position but no more hops in message (at simulation time 90.002,800,000 s)
2024-06-03 19:49:11,609 INFO  - Recieve a message from other vehicle (at simulation time 90.002,800,000 s)
2024-06-03 19:49:11,609 INFO  - My position is not better! (at simulation time 90.002,800,000 s)
2024-06-03 19:49:11,609 INFO  - Recieve a message from other vehicle (at simulation time 90.003,300,000 s)
2024-06-03 19:49:11,609 INFO  - My position is not better! (at simulation time 90.003,300,000 s)
2024-06-03 19:49:11,853 INFO  - Called #onVehicleUpdated (at simulation time 91.000,000,000 s)
2024-06-03 19:49:11,854 INFO  - Sending out AdHoc broadcast (at simulation time 91.000,000,000 s)
2024-06-03 19:49:11,854 INFO  - Sending out AdHoc broadcast (at simulation time 91.000,000,000 s)
2024-06-03 19:49:11,854 INFO  - Sending out AdHoc broadcast (at simulation time 91.000,000,000 s)
2024-06-03 19:49:11,855 INFO  - Recieve a message from other vehicle (at simulation time 91.000,800,000 s)
2024-06-03 19:49:11,855 INFO  - My position is not better! (at simulation time 91.000,800,000 s)
2024-06-03 19:49:11,855 INFO  - Recieve a message from other vehicle (at simulation time 91.000,900,000 s)
2024-06-03 19:49:11,855 INFO  - My position is not better! (at simulation time 91.000,900,000 s)
2024-06-03 19:49:11,856 INFO  - Recieve a message from other vehicle (at simulation time 91.000,900,000 s)
2024-06-03 19:49:11,856 INFO  - My position is not better! (at simulation time 91.000,900,000 s)
2024-06-03 19:49:11,856 INFO  - Recieve a message from other vehicle (at simulation time 91.001,300,000 s)
2024-06-03 19:49:11,856 INFO  - I'm in better position but no more hops in message (at simulation time 91.001,300,000 s)
2024-06-03 19:49:11,856 INFO  - Recieve a message from other vehicle (at simulation time 91.001,400,000 s)
2024-06-03 19:49:11,856 INFO  - My position is not better! (at simulation time 91.001,400,000 s)
2024-06-03 19:49:11,856 INFO  - Recieve a message from other vehicle (at simulation time 91.001,400,000 s)
2024-06-03 19:49:11,856 INFO  - My position is not better! (at simulation time 91.001,400,000 s)
2024-06-03 19:49:11,856 INFO  - Recieve a message from other vehicle (at simulation time 91.001,800,000 s)
2024-06-03 19:49:11,856 INFO  - I'm in better position but no more hops in message (at simulation time 91.001,800,000 s)
2024-06-03 19:49:11,856 INFO  - Recieve a message from other vehicle (at simulation time 91.001,800,000 s)
2024-06-03 19:49:11,856 INFO  - I'm in better position but no more hops in message (at simulation time 91.001,800,000 s)
2024-06-03 19:49:11,856 INFO  - Recieve a message from other vehicle (at simulation time 91.001,800,000 s)
2024-06-03 19:49:11,856 INFO  - My position is not better! (at simulation time 91.001,800,000 s)
2024-06-03 19:49:11,857 INFO  - Recieve a message from other vehicle (at simulation time 91.001,900,000 s)
2024-06-03 19:49:11,857 INFO  - My position is not better! (at simulation time 91.001,900,000 s)
2024-06-03 19:49:11,857 INFO  - Recieve a message from other vehicle (at simulation time 91.002,300,000 s)
2024-06-03 19:49:11,857 INFO  - I'm in better position but no more hops in message (at simulation time 91.002,300,000 s)
2024-06-03 19:49:11,857 INFO  - Recieve a message from other vehicle (at simulation time 91.002,800,000 s)
2024-06-03 19:49:11,857 INFO  - My position is not better! (at simulation time 91.002,800,000 s)
2024-06-03 19:49:12,102 INFO  - Called #onVehicleUpdated (at simulation time 92.000,000,000 s)
2024-06-03 19:49:12,102 INFO  - Sending out AdHoc broadcast (at simulation time 92.000,000,000 s)
2024-06-03 19:49:12,102 INFO  - Sending out AdHoc broadcast (at simulation time 92.000,000,000 s)
2024-06-03 19:49:12,103 INFO  - Recieve a message from other vehicle (at simulation time 92.000,400,000 s)
2024-06-03 19:49:12,103 INFO  - My position is not better! (at simulation time 92.000,400,000 s)
2024-06-03 19:49:12,103 INFO  - Recieve a message from other vehicle (at simulation time 92.000,400,000 s)
2024-06-03 19:49:12,103 INFO  - My position is not better! (at simulation time 92.000,400,000 s)
2024-06-03 19:49:12,103 INFO  - Recieve a message from other vehicle (at simulation time 92.000,800,000 s)
2024-06-03 19:49:12,103 INFO  - I'm in better position but no more hops in message (at simulation time 92.000,800,000 s)
2024-06-03 19:49:12,103 INFO  - Recieve a message from other vehicle (at simulation time 92.000,900,000 s)
2024-06-03 19:49:12,103 INFO  - My position is not better! (at simulation time 92.000,900,000 s)
2024-06-03 19:49:12,103 INFO  - Recieve a message from other vehicle (at simulation time 92.000,900,000 s)
2024-06-03 19:49:12,103 INFO  - My position is not better! (at simulation time 92.000,900,000 s)
2024-06-03 19:49:12,104 INFO  - Recieve a message from other vehicle (at simulation time 92.001,300,000 s)
2024-06-03 19:49:12,104 INFO  - I'm in better position but no more hops in message (at simulation time 92.001,300,000 s)
2024-06-03 19:49:12,104 INFO  - Recieve a message from other vehicle (at simulation time 92.001,800,000 s)
2024-06-03 19:49:12,104 INFO  - I'm in better position but no more hops in message (at simulation time 92.001,800,000 s)
2024-06-03 19:49:12,104 INFO  - Recieve a message from other vehicle (at simulation time 92.001,800,000 s)
2024-06-03 19:49:12,104 INFO  - My position is not better! (at simulation time 92.001,800,000 s)
2024-06-03 19:49:12,105 INFO  - Recieve a message from other vehicle (at simulation time 92.001,900,000 s)
2024-06-03 19:49:12,105 INFO  - My position is not better! (at simulation time 92.001,900,000 s)
2024-06-03 19:49:12,105 INFO  - Recieve a message from other vehicle (at simulation time 92.002,300,000 s)
2024-06-03 19:49:12,105 INFO  - My position is not better! (at simulation time 92.002,300,000 s)
2024-06-03 19:49:12,105 INFO  - Recieve a message from other vehicle (at simulation time 92.002,800,000 s)
2024-06-03 19:49:12,105 INFO  - My position is not better! (at simulation time 92.002,800,000 s)
2024-06-03 19:49:12,353 INFO  - Called #onVehicleUpdated (at simulation time 93.000,000,000 s)
2024-06-03 19:49:12,353 INFO  - Sending out AdHoc broadcast (at simulation time 93.000,000,000 s)
2024-06-03 19:49:12,353 INFO  - Sending out AdHoc broadcast (at simulation time 93.000,000,000 s)
2024-06-03 19:49:12,353 INFO  - Sending out AdHoc broadcast (at simulation time 93.000,000,000 s)
2024-06-03 19:49:12,355 INFO  - Recieve a message from other vehicle (at simulation time 93.001,300,000 s)
2024-06-03 19:49:12,355 INFO  - My position is not better! (at simulation time 93.001,300,000 s)
2024-06-03 19:49:12,355 INFO  - Recieve a message from other vehicle (at simulation time 93.001,300,000 s)
2024-06-03 19:49:12,355 INFO  - My position is not better! (at simulation time 93.001,300,000 s)
2024-06-03 19:49:12,355 INFO  - Recieve a message from other vehicle (at simulation time 93.001,900,000 s)
2024-06-03 19:49:12,355 INFO  - My position is not better! (at simulation time 93.001,900,000 s)
2024-06-03 19:49:12,356 INFO  - Recieve a message from other vehicle (at simulation time 93.002,300,000 s)
2024-06-03 19:49:12,356 INFO  - I'm in better position but no more hops in message (at simulation time 93.002,300,000 s)
2024-06-03 19:49:12,356 INFO  - Recieve a message from other vehicle (at simulation time 93.003,800,000 s)
2024-06-03 19:49:12,356 INFO  - I'm in better position but no more hops in message (at simulation time 93.003,800,000 s)
2024-06-03 19:49:12,356 INFO  - Recieve a message from other vehicle (at simulation time 93.003,800,000 s)
2024-06-03 19:49:12,356 INFO  - My position is not better! (at simulation time 93.003,800,000 s)
2024-06-03 19:49:12,602 INFO  - Called #onVehicleUpdated (at simulation time 94.000,000,000 s)
2024-06-03 19:49:12,603 INFO  - Sending out AdHoc broadcast (at simulation time 94.000,000,000 s)
2024-06-03 19:49:12,603 INFO  - Sending out AdHoc broadcast (at simulation time 94.000,000,000 s)
2024-06-03 19:49:12,603 INFO  - Recieve a message from other vehicle (at simulation time 94.000,800,000 s)
2024-06-03 19:49:12,603 INFO  - My position is not better! (at simulation time 94.000,800,000 s)
2024-06-03 19:49:12,604 INFO  - Recieve a message from other vehicle (at simulation time 94.001,300,000 s)
2024-06-03 19:49:12,604 INFO  - My position is not better! (at simulation time 94.001,300,000 s)
2024-06-03 19:49:12,604 INFO  - Recieve a message from other vehicle (at simulation time 94.003,300,000 s)
2024-06-03 19:49:12,604 INFO  - My position is not better! (at simulation time 94.003,300,000 s)
2024-06-03 19:49:12,854 INFO  - Called #onVehicleUpdated (at simulation time 95.000,000,000 s)
2024-06-03 19:49:12,854 INFO  - Sending out AdHoc broadcast (at simulation time 95.000,000,000 s)
2024-06-03 19:49:12,854 INFO  - Sending out AdHoc broadcast (at simulation time 95.000,000,000 s)
2024-06-03 19:49:12,854 INFO  - Sending out AdHoc broadcast (at simulation time 95.000,000,000 s)
2024-06-03 19:49:13,103 INFO  - Called #onVehicleUpdated (at simulation time 96.000,000,000 s)
2024-06-03 19:49:13,103 INFO  - Sending out AdHoc broadcast (at simulation time 96.000,000,000 s)
2024-06-03 19:49:13,103 INFO  - Sending out AdHoc broadcast (at simulation time 96.000,000,000 s)
2024-06-03 19:49:13,352 INFO  - Called #onVehicleUpdated (at simulation time 97.000,000,000 s)
2024-06-03 19:49:13,353 INFO  - Sending out AdHoc broadcast (at simulation time 97.000,000,000 s)
2024-06-03 19:49:13,353 INFO  - Sending out AdHoc broadcast (at simulation time 97.000,000,000 s)
2024-06-03 19:49:13,353 INFO  - Sending out AdHoc broadcast (at simulation time 97.000,000,000 s)
2024-06-03 19:49:13,603 INFO  - Called #onVehicleUpdated (at simulation time 98.000,000,000 s)
2024-06-03 19:49:13,603 INFO  - Sending out AdHoc broadcast (at simulation time 98.000,000,000 s)
2024-06-03 19:49:13,603 INFO  - Sending out AdHoc broadcast (at simulation time 98.000,000,000 s)
2024-06-03 19:49:13,853 INFO  - Called #onVehicleUpdated (at simulation time 99.000,000,000 s)
2024-06-03 19:49:13,853 INFO  - Sending out AdHoc broadcast (at simulation time 99.000,000,000 s)
2024-06-03 19:49:13,853 INFO  - Sending out AdHoc broadcast (at simulation time 99.000,000,000 s)
2024-06-03 19:49:13,853 INFO  - Sending out AdHoc broadcast (at simulation time 99.000,000,000 s)
2024-06-03 19:49:14,104 INFO  - Called #onVehicleUpdated (at simulation time 100.000,000,000 s)
2024-06-03 19:49:14,105 INFO  - Exced velocity! Sending new CAM (at simulation time 100.000,000,000 s)
2024-06-03 19:49:14,105 INFO  - Sending out AdHoc broadcast (at simulation time 100.000,000,000 s)
2024-06-03 19:49:14,105 INFO  - Sending out AdHoc broadcast (at simulation time 100.000,000,000 s)
2024-06-03 19:49:14,105 INFO  - Sending out AdHoc broadcast (at simulation time 100.000,000,000 s)
2024-06-03 19:49:14,354 INFO  - Shutdown (at simulation time 101.000,000,000 s)
