2024-06-03 19:14:57,138 INFO  VehicleFlowGenerator - Creating VehicleFlowGenerator: VehicleFlowGenerator[spawningMode=ConstantSpawningMode[timeSpacing=36000000000],lanes=[0],types=[[name=Car,apps=[]]],departConnectionIndex=0,pos=0,departSpeed=0.0,route=r_0,group=<null>,origin=<null>,destination=<null>,odInfo=<null>]
2024-06-03 19:14:57,144 INFO  VehicleFlowGenerator - Creating VehicleFlowGenerator: VehicleFlowGenerator[spawningMode=ConstantSpawningMode[timeSpacing=36000000000],lanes=[0],types=[[name=Car,apps=[]]],departConnectionIndex=0,pos=0,departSpeed=0.0,route=r_2,group=<null>,origin=<null>,destination=<null>,odInfo=<null>]
2024-06-03 19:14:57,144 INFO  VehicleFlowGenerator - Creating VehicleFlowGenerator: VehicleFlowGenerator[spawningMode=ConstantSpawningMode[timeSpacing=36000000000],lanes=[0],types=[[name=Car,apps=[]]],departConnectionIndex=0,pos=0,departSpeed=0.0,route=r_1,group=<null>,origin=<null>,destination=<null>,odInfo=<null>]
2024-06-03 19:14:57,144 INFO  VehicleFlowGenerator - Creating VehicleFlowGenerator: VehicleFlowGenerator[spawningMode=ConstantSpawningMode[timeSpacing=36000000000],lanes=[0],types=[[name=Car,apps=[]]],departConnectionIndex=0,pos=0,departSpeed=0.0,route=r_4,group=<null>,origin=<null>,destination=<null>,odInfo=<null>]
2024-06-03 19:14:57,145 INFO  VehicleFlowGenerator - Creating VehicleFlowGenerator: VehicleFlowGenerator[spawningMode=ConstantSpawningMode[timeSpacing=36000000000],lanes=[0],types=[[name=Car,apps=[]]],departConnectionIndex=0,pos=0,departSpeed=0.0,route=r_3,group=<null>,origin=<null>,destination=<null>,odInfo=<null>]
2024-06-03 19:14:57,145 INFO  VehicleFlowGenerator - Creating VehicleFlowGenerator: VehicleFlowGenerator[spawningMode=ConstantSpawningMode[timeSpacing=36000000000],lanes=[0],types=[[name=Car,apps=[]]],departConnectionIndex=0,pos=0,departSpeed=0.0,route=r_5,group=<null>,origin=<null>,destination=<null>,odInfo=<null>]
2024-06-03 19:14:57,146 INFO  VehicleFlowGenerator - Registering Vehicle Type: VehicleType[name='Car', length=4.0, width=1.8, height=1.5, minGap=2.5, maxSpeed=70.0, vehicleClass=Car, accel=2.6, decel=4.5, emergencyDecel=4.5, sigma=0.5, tau=1.0, speedFactor=1.0, color='null', laneChangeMode='DEFAULT', speedMode='DEFAULT']
2024-06-03 19:14:59,898 INFO  MappingAmbassador - Received TL-Interaction
2024-06-03 19:14:59,900 INFO  SpawningFramework - Creating Traffic Light Group: name=tl_0,tlGroupId=J9,apps=[eclipse.mosaic.apps.TrafficLightApp]
2024-06-03 19:14:59,905 INFO  RoadSideUnitSpawner - Creating RSU: RoadSideUnitSpawner[position=GeoPoint{lat=41.554117,lon=-8.430881,alt=0.00},applications=[eclipse.mosaic.apps.RoadSideUnitApp]]
2024-06-03 19:14:59,947 INFO  VehicleFlowGenerator - Creating Vehicle: time=5000000000,name=veh_0,route=r_0,laneSelectionMode=BEST,lane=-1,departConnectionIndex=0,pos=0,type=Car,departSpeed=0.0,applications=[eclipse.mosaic.apps.OnVehicleUpdatedApp]
2024-06-03 19:14:59,947 INFO  VehicleFlowGenerator - Creating Vehicle: time=5000000000,name=veh_1,route=r_2,laneSelectionMode=BEST,lane=-1,departConnectionIndex=0,pos=0,type=Car,departSpeed=0.0,applications=[eclipse.mosaic.apps.OnVehicleUpdatedApp]
2024-06-03 19:14:59,947 INFO  VehicleFlowGenerator - Creating Vehicle: time=5000000000,name=veh_2,route=r_1,laneSelectionMode=BEST,lane=-1,departConnectionIndex=0,pos=0,type=Car,departSpeed=0.0,applications=[eclipse.mosaic.apps.OnVehicleUpdatedApp]
2024-06-03 19:14:59,947 INFO  VehicleFlowGenerator - Creating Vehicle: time=5000000000,name=veh_3,route=r_4,laneSelectionMode=BEST,lane=-1,departConnectionIndex=0,pos=0,type=Car,departSpeed=0.0,applications=[eclipse.mosaic.apps.OnVehicleUpdatedApp]
2024-06-03 19:14:59,947 INFO  VehicleFlowGenerator - Creating Vehicle: time=5000000000,name=veh_4,route=r_3,laneSelectionMode=BEST,lane=-1,departConnectionIndex=0,pos=0,type=Car,departSpeed=0.0,applications=[eclipse.mosaic.apps.OnVehicleUpdatedApp]
2024-06-03 19:14:59,948 INFO  VehicleFlowGenerator - Creating Vehicle: time=5000000000,name=veh_5,route=r_5,laneSelectionMode=BEST,lane=-1,departConnectionIndex=0,pos=0,type=Car,departSpeed=0.0,applications=[eclipse.mosaic.apps.OnVehicleUpdatedApp]
2024-06-03 19:15:00,231 INFO  VehicleFlowGenerator - Creating Vehicle: time=41000000000,name=veh_6,route=r_0,laneSelectionMode=BEST,lane=-1,departConnectionIndex=0,pos=0,type=Car,departSpeed=0.0,applications=[eclipse.mosaic.apps.OnVehicleUpdatedApp]
2024-06-03 19:15:00,232 INFO  VehicleFlowGenerator - Creating Vehicle: time=41000000000,name=veh_7,route=r_2,laneSelectionMode=BEST,lane=-1,departConnectionIndex=0,pos=0,type=Car,departSpeed=0.0,applications=[eclipse.mosaic.apps.OnVehicleUpdatedApp]
2024-06-03 19:15:00,232 INFO  VehicleFlowGenerator - Creating Vehicle: time=41000000000,name=veh_8,route=r_1,laneSelectionMode=BEST,lane=-1,departConnectionIndex=0,pos=0,type=Car,departSpeed=0.0,applications=[eclipse.mosaic.apps.OnVehicleUpdatedApp]
2024-06-03 19:15:00,232 INFO  VehicleFlowGenerator - Creating Vehicle: time=41000000000,name=veh_9,route=r_4,laneSelectionMode=BEST,lane=-1,departConnectionIndex=0,pos=0,type=Car,departSpeed=0.0,applications=[eclipse.mosaic.apps.OnVehicleUpdatedApp]
2024-06-03 19:15:00,232 INFO  VehicleFlowGenerator - Creating Vehicle: time=41000000000,name=veh_10,route=r_3,laneSelectionMode=BEST,lane=-1,departConnectionIndex=0,pos=0,type=Car,departSpeed=0.0,applications=[eclipse.mosaic.apps.OnVehicleUpdatedApp]
2024-06-03 19:15:00,232 INFO  VehicleFlowGenerator - Creating Vehicle: time=41000000000,name=veh_11,route=r_5,laneSelectionMode=BEST,lane=-1,departConnectionIndex=0,pos=0,type=Car,departSpeed=0.0,applications=[eclipse.mosaic.apps.OnVehicleUpdatedApp]
2024-06-03 19:15:00,408 INFO  VehicleFlowGenerator - Creating Vehicle: time=77000000000,name=veh_12,route=r_0,laneSelectionMode=BEST,lane=-1,departConnectionIndex=0,pos=0,type=Car,departSpeed=0.0,applications=[eclipse.mosaic.apps.OnVehicleUpdatedApp]
2024-06-03 19:15:00,408 INFO  VehicleFlowGenerator - Creating Vehicle: time=77000000000,name=veh_13,route=r_2,laneSelectionMode=BEST,lane=-1,departConnectionIndex=0,pos=0,type=Car,departSpeed=0.0,applications=[eclipse.mosaic.apps.OnVehicleUpdatedApp]
2024-06-03 19:15:00,408 INFO  VehicleFlowGenerator - Creating Vehicle: time=77000000000,name=veh_14,route=r_1,laneSelectionMode=BEST,lane=-1,departConnectionIndex=0,pos=0,type=Car,departSpeed=0.0,applications=[eclipse.mosaic.apps.OnVehicleUpdatedApp]
2024-06-03 19:15:00,408 INFO  VehicleFlowGenerator - Creating Vehicle: time=77000000000,name=veh_15,route=r_4,laneSelectionMode=BEST,lane=-1,departConnectionIndex=0,pos=0,type=Car,departSpeed=0.0,applications=[eclipse.mosaic.apps.OnVehicleUpdatedApp]
2024-06-03 19:15:00,408 INFO  VehicleFlowGenerator - Creating Vehicle: time=77000000000,name=veh_16,route=r_3,laneSelectionMode=BEST,lane=-1,departConnectionIndex=0,pos=0,type=Car,departSpeed=0.0,applications=[eclipse.mosaic.apps.OnVehicleUpdatedApp]
2024-06-03 19:15:00,408 INFO  VehicleFlowGenerator - Creating Vehicle: time=77000000000,name=veh_17,route=r_5,laneSelectionMode=BEST,lane=-1,departConnectionIndex=0,pos=0,type=Car,departSpeed=0.0,applications=[eclipse.mosaic.apps.OnVehicleUpdatedApp]
2024-06-03 19:15:00,570 INFO  VehicleFlowGenerator - Creating Vehicle: time=113000000000,name=veh_18,route=r_0,laneSelectionMode=BEST,lane=-1,departConnectionIndex=0,pos=0,type=Car,departSpeed=0.0,applications=[eclipse.mosaic.apps.OnVehicleUpdatedApp]
2024-06-03 19:15:00,570 INFO  VehicleFlowGenerator - Creating Vehicle: time=113000000000,name=veh_19,route=r_2,laneSelectionMode=BEST,lane=-1,departConnectionIndex=0,pos=0,type=Car,departSpeed=0.0,applications=[eclipse.mosaic.apps.OnVehicleUpdatedApp]
2024-06-03 19:15:00,570 INFO  VehicleFlowGenerator - Creating Vehicle: time=113000000000,name=veh_20,route=r_1,laneSelectionMode=BEST,lane=-1,departConnectionIndex=0,pos=0,type=Car,departSpeed=0.0,applications=[eclipse.mosaic.apps.OnVehicleUpdatedApp]
2024-06-03 19:15:00,570 INFO  VehicleFlowGenerator - Creating Vehicle: time=113000000000,name=veh_21,route=r_4,laneSelectionMode=BEST,lane=-1,departConnectionIndex=0,pos=0,type=Car,departSpeed=0.0,applications=[eclipse.mosaic.apps.OnVehicleUpdatedApp]
2024-06-03 19:15:00,570 INFO  VehicleFlowGenerator - Creating Vehicle: time=113000000000,name=veh_22,route=r_3,laneSelectionMode=BEST,lane=-1,departConnectionIndex=0,pos=0,type=Car,departSpeed=0.0,applications=[eclipse.mosaic.apps.OnVehicleUpdatedApp]
2024-06-03 19:15:00,571 INFO  VehicleFlowGenerator - Creating Vehicle: time=113000000000,name=veh_23,route=r_5,laneSelectionMode=BEST,lane=-1,departConnectionIndex=0,pos=0,type=Car,departSpeed=0.0,applications=[eclipse.mosaic.apps.OnVehicleUpdatedApp]
2024-06-03 19:15:00,757 INFO  VehicleFlowGenerator - Creating Vehicle: time=149000000000,name=veh_24,route=r_0,laneSelectionMode=BEST,lane=-1,departConnectionIndex=0,pos=0,type=Car,departSpeed=0.0,applications=[eclipse.mosaic.apps.OnVehicleUpdatedApp]
2024-06-03 19:15:00,757 INFO  VehicleFlowGenerator - Creating Vehicle: time=149000000000,name=veh_25,route=r_2,laneSelectionMode=BEST,lane=-1,departConnectionIndex=0,pos=0,type=Car,departSpeed=0.0,applications=[eclipse.mosaic.apps.OnVehicleUpdatedApp]
2024-06-03 19:15:00,757 INFO  VehicleFlowGenerator - Creating Vehicle: time=149000000000,name=veh_26,route=r_1,laneSelectionMode=BEST,lane=-1,departConnectionIndex=0,pos=0,type=Car,departSpeed=0.0,applications=[eclipse.mosaic.apps.OnVehicleUpdatedApp]
2024-06-03 19:15:00,757 INFO  VehicleFlowGenerator - Creating Vehicle: time=149000000000,name=veh_27,route=r_4,laneSelectionMode=BEST,lane=-1,departConnectionIndex=0,pos=0,type=Car,departSpeed=0.0,applications=[eclipse.mosaic.apps.OnVehicleUpdatedApp]
2024-06-03 19:15:00,757 INFO  VehicleFlowGenerator - Creating Vehicle: time=149000000000,name=veh_28,route=r_3,laneSelectionMode=BEST,lane=-1,departConnectionIndex=0,pos=0,type=Car,departSpeed=0.0,applications=[eclipse.mosaic.apps.OnVehicleUpdatedApp]
2024-06-03 19:15:00,757 INFO  VehicleFlowGenerator - Creating Vehicle: time=149000000000,name=veh_29,route=r_5,laneSelectionMode=BEST,lane=-1,departConnectionIndex=0,pos=0,type=Car,departSpeed=0.0,applications=[eclipse.mosaic.apps.OnVehicleUpdatedApp]
2024-06-03 19:15:01,058 INFO  VehicleFlowGenerator - Creating Vehicle: time=185000000000,name=veh_30,route=r_0,laneSelectionMode=BEST,lane=-1,departConnectionIndex=0,pos=0,type=Car,departSpeed=0.0,applications=[eclipse.mosaic.apps.OnVehicleUpdatedApp]
2024-06-03 19:15:01,058 INFO  VehicleFlowGenerator - Creating Vehicle: time=185000000000,name=veh_31,route=r_2,laneSelectionMode=BEST,lane=-1,departConnectionIndex=0,pos=0,type=Car,departSpeed=0.0,applications=[eclipse.mosaic.apps.OnVehicleUpdatedApp]
2024-06-03 19:15:01,058 INFO  VehicleFlowGenerator - Creating Vehicle: time=185000000000,name=veh_32,route=r_1,laneSelectionMode=BEST,lane=-1,departConnectionIndex=0,pos=0,type=Car,departSpeed=0.0,applications=[eclipse.mosaic.apps.OnVehicleUpdatedApp]
2024-06-03 19:15:01,058 INFO  VehicleFlowGenerator - Creating Vehicle: time=185000000000,name=veh_33,route=r_4,laneSelectionMode=BEST,lane=-1,departConnectionIndex=0,pos=0,type=Car,departSpeed=0.0,applications=[eclipse.mosaic.apps.OnVehicleUpdatedApp]
2024-06-03 19:15:01,058 INFO  VehicleFlowGenerator - Creating Vehicle: time=185000000000,name=veh_34,route=r_3,laneSelectionMode=BEST,lane=-1,departConnectionIndex=0,pos=0,type=Car,departSpeed=0.0,applications=[eclipse.mosaic.apps.OnVehicleUpdatedApp]
2024-06-03 19:15:01,058 INFO  VehicleFlowGenerator - Creating Vehicle: time=185000000000,name=veh_35,route=r_5,laneSelectionMode=BEST,lane=-1,departConnectionIndex=0,pos=0,type=Car,departSpeed=0.0,applications=[eclipse.mosaic.apps.OnVehicleUpdatedApp]
2024-06-03 19:15:01,249 INFO  VehicleFlowGenerator - Creating Vehicle: time=221000000000,name=veh_36,route=r_0,laneSelectionMode=BEST,lane=-1,departConnectionIndex=0,pos=0,type=Car,departSpeed=0.0,applications=[eclipse.mosaic.apps.OnVehicleUpdatedApp]
2024-06-03 19:15:01,249 INFO  VehicleFlowGenerator - Creating Vehicle: time=221000000000,name=veh_37,route=r_2,laneSelectionMode=BEST,lane=-1,departConnectionIndex=0,pos=0,type=Car,departSpeed=0.0,applications=[eclipse.mosaic.apps.OnVehicleUpdatedApp]
2024-06-03 19:15:01,249 INFO  VehicleFlowGenerator - Creating Vehicle: time=221000000000,name=veh_38,route=r_1,laneSelectionMode=BEST,lane=-1,departConnectionIndex=0,pos=0,type=Car,departSpeed=0.0,applications=[eclipse.mosaic.apps.OnVehicleUpdatedApp]
2024-06-03 19:15:01,249 INFO  VehicleFlowGenerator - Creating Vehicle: time=221000000000,name=veh_39,route=r_4,laneSelectionMode=BEST,lane=-1,departConnectionIndex=0,pos=0,type=Car,departSpeed=0.0,applications=[eclipse.mosaic.apps.OnVehicleUpdatedApp]
2024-06-03 19:15:01,249 INFO  VehicleFlowGenerator - Creating Vehicle: time=221000000000,name=veh_40,route=r_3,laneSelectionMode=BEST,lane=-1,departConnectionIndex=0,pos=0,type=Car,departSpeed=0.0,applications=[eclipse.mosaic.apps.OnVehicleUpdatedApp]
2024-06-03 19:15:01,249 INFO  VehicleFlowGenerator - Creating Vehicle: time=221000000000,name=veh_41,route=r_5,laneSelectionMode=BEST,lane=-1,departConnectionIndex=0,pos=0,type=Car,departSpeed=0.0,applications=[eclipse.mosaic.apps.OnVehicleUpdatedApp]
2024-06-03 19:15:01,424 INFO  VehicleFlowGenerator - Creating Vehicle: time=257000000000,name=veh_42,route=r_0,laneSelectionMode=BEST,lane=-1,departConnectionIndex=0,pos=0,type=Car,departSpeed=0.0,applications=[eclipse.mosaic.apps.OnVehicleUpdatedApp]
2024-06-03 19:15:01,424 INFO  VehicleFlowGenerator - Creating Vehicle: time=257000000000,name=veh_43,route=r_2,laneSelectionMode=BEST,lane=-1,departConnectionIndex=0,pos=0,type=Car,departSpeed=0.0,applications=[eclipse.mosaic.apps.OnVehicleUpdatedApp]
2024-06-03 19:15:01,424 INFO  VehicleFlowGenerator - Creating Vehicle: time=257000000000,name=veh_44,route=r_1,laneSelectionMode=BEST,lane=-1,departConnectionIndex=0,pos=0,type=Car,departSpeed=0.0,applications=[eclipse.mosaic.apps.OnVehicleUpdatedApp]
2024-06-03 19:15:01,424 INFO  VehicleFlowGenerator - Creating Vehicle: time=257000000000,name=veh_45,route=r_4,laneSelectionMode=BEST,lane=-1,departConnectionIndex=0,pos=0,type=Car,departSpeed=0.0,applications=[eclipse.mosaic.apps.OnVehicleUpdatedApp]
2024-06-03 19:15:01,424 INFO  VehicleFlowGenerator - Creating Vehicle: time=257000000000,name=veh_46,route=r_3,laneSelectionMode=BEST,lane=-1,departConnectionIndex=0,pos=0,type=Car,departSpeed=0.0,applications=[eclipse.mosaic.apps.OnVehicleUpdatedApp]
2024-06-03 19:15:01,424 INFO  VehicleFlowGenerator - Creating Vehicle: time=257000000000,name=veh_47,route=r_5,laneSelectionMode=BEST,lane=-1,departConnectionIndex=0,pos=0,type=Car,departSpeed=0.0,applications=[eclipse.mosaic.apps.OnVehicleUpdatedApp]
2024-06-03 19:15:01,652 INFO  VehicleFlowGenerator - Creating Vehicle: time=293000000000,name=veh_48,route=r_0,laneSelectionMode=BEST,lane=-1,departConnectionIndex=0,pos=0,type=Car,departSpeed=0.0,applications=[eclipse.mosaic.apps.OnVehicleUpdatedApp]
2024-06-03 19:15:01,652 INFO  VehicleFlowGenerator - Creating Vehicle: time=293000000000,name=veh_49,route=r_2,laneSelectionMode=BEST,lane=-1,departConnectionIndex=0,pos=0,type=Car,departSpeed=0.0,applications=[eclipse.mosaic.apps.OnVehicleUpdatedApp]
2024-06-03 19:15:01,652 INFO  VehicleFlowGenerator - Creating Vehicle: time=293000000000,name=veh_50,route=r_1,laneSelectionMode=BEST,lane=-1,departConnectionIndex=0,pos=0,type=Car,departSpeed=0.0,applications=[eclipse.mosaic.apps.OnVehicleUpdatedApp]
2024-06-03 19:15:01,652 INFO  VehicleFlowGenerator - Creating Vehicle: time=293000000000,name=veh_51,route=r_4,laneSelectionMode=BEST,lane=-1,departConnectionIndex=0,pos=0,type=Car,departSpeed=0.0,applications=[eclipse.mosaic.apps.OnVehicleUpdatedApp]
2024-06-03 19:15:01,652 INFO  VehicleFlowGenerator - Creating Vehicle: time=293000000000,name=veh_52,route=r_3,laneSelectionMode=BEST,lane=-1,departConnectionIndex=0,pos=0,type=Car,departSpeed=0.0,applications=[eclipse.mosaic.apps.OnVehicleUpdatedApp]
2024-06-03 19:15:01,652 INFO  VehicleFlowGenerator - Creating Vehicle: time=293000000000,name=veh_53,route=r_5,laneSelectionMode=BEST,lane=-1,departConnectionIndex=0,pos=0,type=Car,departSpeed=0.0,applications=[eclipse.mosaic.apps.OnVehicleUpdatedApp]
2024-06-03 19:15:02,011 INFO  VehicleFlowGenerator - Creating Vehicle: time=329000000000,name=veh_54,route=r_0,laneSelectionMode=BEST,lane=-1,departConnectionIndex=0,pos=0,type=Car,departSpeed=0.0,applications=[eclipse.mosaic.apps.OnVehicleUpdatedApp]
2024-06-03 19:15:02,012 INFO  VehicleFlowGenerator - Creating Vehicle: time=329000000000,name=veh_55,route=r_2,laneSelectionMode=BEST,lane=-1,departConnectionIndex=0,pos=0,type=Car,departSpeed=0.0,applications=[eclipse.mosaic.apps.OnVehicleUpdatedApp]
2024-06-03 19:15:02,012 INFO  VehicleFlowGenerator - Creating Vehicle: time=329000000000,name=veh_56,route=r_1,laneSelectionMode=BEST,lane=-1,departConnectionIndex=0,pos=0,type=Car,departSpeed=0.0,applications=[eclipse.mosaic.apps.OnVehicleUpdatedApp]
2024-06-03 19:15:02,012 INFO  VehicleFlowGenerator - Creating Vehicle: time=329000000000,name=veh_57,route=r_4,laneSelectionMode=BEST,lane=-1,departConnectionIndex=0,pos=0,type=Car,departSpeed=0.0,applications=[eclipse.mosaic.apps.OnVehicleUpdatedApp]
2024-06-03 19:15:02,012 INFO  VehicleFlowGenerator - Creating Vehicle: time=329000000000,name=veh_58,route=r_3,laneSelectionMode=BEST,lane=-1,departConnectionIndex=0,pos=0,type=Car,departSpeed=0.0,applications=[eclipse.mosaic.apps.OnVehicleUpdatedApp]
2024-06-03 19:15:02,012 INFO  VehicleFlowGenerator - Creating Vehicle: time=329000000000,name=veh_59,route=r_5,laneSelectionMode=BEST,lane=-1,departConnectionIndex=0,pos=0,type=Car,departSpeed=0.0,applications=[eclipse.mosaic.apps.OnVehicleUpdatedApp]
2024-06-03 19:15:02,264 INFO  VehicleFlowGenerator - Creating Vehicle: time=365000000000,name=veh_60,route=r_2,laneSelectionMode=BEST,lane=-1,departConnectionIndex=0,pos=0,type=Car,departSpeed=0.0,applications=[eclipse.mosaic.apps.OnVehicleUpdatedApp]
2024-06-03 19:15:02,264 INFO  VehicleFlowGenerator - Creating Vehicle: time=365000000000,name=veh_61,route=r_1,laneSelectionMode=BEST,lane=-1,departConnectionIndex=0,pos=0,type=Car,departSpeed=0.0,applications=[eclipse.mosaic.apps.OnVehicleUpdatedApp]
2024-06-03 19:15:02,264 INFO  VehicleFlowGenerator - Creating Vehicle: time=365000000000,name=veh_62,route=r_3,laneSelectionMode=BEST,lane=-1,departConnectionIndex=0,pos=0,type=Car,departSpeed=0.0,applications=[eclipse.mosaic.apps.OnVehicleUpdatedApp]
2024-06-03 19:15:02,264 INFO  VehicleFlowGenerator - Creating Vehicle: time=365000000000,name=veh_63,route=r_5,laneSelectionMode=BEST,lane=-1,departConnectionIndex=0,pos=0,type=Car,departSpeed=0.0,applications=[eclipse.mosaic.apps.OnVehicleUpdatedApp]
2024-06-03 19:15:02,541 INFO  VehicleFlowGenerator - Creating Vehicle: time=401000000000,name=veh_64,route=r_2,laneSelectionMode=BEST,lane=-1,departConnectionIndex=0,pos=0,type=Car,departSpeed=0.0,applications=[eclipse.mosaic.apps.OnVehicleUpdatedApp]
2024-06-03 19:15:02,541 INFO  VehicleFlowGenerator - Creating Vehicle: time=401000000000,name=veh_65,route=r_1,laneSelectionMode=BEST,lane=-1,departConnectionIndex=0,pos=0,type=Car,departSpeed=0.0,applications=[eclipse.mosaic.apps.OnVehicleUpdatedApp]
2024-06-03 19:15:02,541 INFO  VehicleFlowGenerator - Creating Vehicle: time=401000000000,name=veh_66,route=r_3,laneSelectionMode=BEST,lane=-1,departConnectionIndex=0,pos=0,type=Car,departSpeed=0.0,applications=[eclipse.mosaic.apps.OnVehicleUpdatedApp]
2024-06-03 19:15:02,541 INFO  VehicleFlowGenerator - Creating Vehicle: time=401000000000,name=veh_67,route=r_5,laneSelectionMode=BEST,lane=-1,departConnectionIndex=0,pos=0,type=Car,departSpeed=0.0,applications=[eclipse.mosaic.apps.OnVehicleUpdatedApp]
2024-06-03 19:15:02,939 INFO  VehicleFlowGenerator - Creating Vehicle: time=437000000000,name=veh_68,route=r_2,laneSelectionMode=BEST,lane=-1,departConnectionIndex=0,pos=0,type=Car,departSpeed=0.0,applications=[eclipse.mosaic.apps.OnVehicleUpdatedApp]
2024-06-03 19:15:02,940 INFO  VehicleFlowGenerator - Creating Vehicle: time=437000000000,name=veh_69,route=r_1,laneSelectionMode=BEST,lane=-1,departConnectionIndex=0,pos=0,type=Car,departSpeed=0.0,applications=[eclipse.mosaic.apps.OnVehicleUpdatedApp]
2024-06-03 19:15:02,940 INFO  VehicleFlowGenerator - Creating Vehicle: time=437000000000,name=veh_70,route=r_3,laneSelectionMode=BEST,lane=-1,departConnectionIndex=0,pos=0,type=Car,departSpeed=0.0,applications=[eclipse.mosaic.apps.OnVehicleUpdatedApp]
2024-06-03 19:15:02,940 INFO  VehicleFlowGenerator - Creating Vehicle: time=437000000000,name=veh_71,route=r_5,laneSelectionMode=BEST,lane=-1,departConnectionIndex=0,pos=0,type=Car,departSpeed=0.0,applications=[eclipse.mosaic.apps.OnVehicleUpdatedApp]
2024-06-03 19:15:03,226 INFO  VehicleFlowGenerator - Creating Vehicle: time=473000000000,name=veh_72,route=r_2,laneSelectionMode=BEST,lane=-1,departConnectionIndex=0,pos=0,type=Car,departSpeed=0.0,applications=[eclipse.mosaic.apps.OnVehicleUpdatedApp]
2024-06-03 19:15:03,226 INFO  VehicleFlowGenerator - Creating Vehicle: time=473000000000,name=veh_73,route=r_1,laneSelectionMode=BEST,lane=-1,departConnectionIndex=0,pos=0,type=Car,departSpeed=0.0,applications=[eclipse.mosaic.apps.OnVehicleUpdatedApp]
2024-06-03 19:15:03,226 INFO  VehicleFlowGenerator - Creating Vehicle: time=473000000000,name=veh_74,route=r_3,laneSelectionMode=BEST,lane=-1,departConnectionIndex=0,pos=0,type=Car,departSpeed=0.0,applications=[eclipse.mosaic.apps.OnVehicleUpdatedApp]
2024-06-03 19:15:03,226 INFO  VehicleFlowGenerator - Creating Vehicle: time=473000000000,name=veh_75,route=r_5,laneSelectionMode=BEST,lane=-1,departConnectionIndex=0,pos=0,type=Car,departSpeed=0.0,applications=[eclipse.mosaic.apps.OnVehicleUpdatedApp]
2024-06-03 19:15:03,504 INFO  VehicleFlowGenerator - Creating Vehicle: time=509000000000,name=veh_76,route=r_2,laneSelectionMode=BEST,lane=-1,departConnectionIndex=0,pos=0,type=Car,departSpeed=0.0,applications=[eclipse.mosaic.apps.OnVehicleUpdatedApp]
2024-06-03 19:15:03,505 INFO  VehicleFlowGenerator - Creating Vehicle: time=509000000000,name=veh_77,route=r_1,laneSelectionMode=BEST,lane=-1,departConnectionIndex=0,pos=0,type=Car,departSpeed=0.0,applications=[eclipse.mosaic.apps.OnVehicleUpdatedApp]
2024-06-03 19:15:03,505 INFO  VehicleFlowGenerator - Creating Vehicle: time=509000000000,name=veh_78,route=r_3,laneSelectionMode=BEST,lane=-1,departConnectionIndex=0,pos=0,type=Car,departSpeed=0.0,applications=[eclipse.mosaic.apps.OnVehicleUpdatedApp]
2024-06-03 19:15:03,505 INFO  VehicleFlowGenerator - Creating Vehicle: time=509000000000,name=veh_79,route=r_5,laneSelectionMode=BEST,lane=-1,departConnectionIndex=0,pos=0,type=Car,departSpeed=0.0,applications=[eclipse.mosaic.apps.OnVehicleUpdatedApp]
2024-06-03 19:15:03,765 INFO  VehicleFlowGenerator - Creating Vehicle: time=545000000000,name=veh_80,route=r_2,laneSelectionMode=BEST,lane=-1,departConnectionIndex=0,pos=0,type=Car,departSpeed=0.0,applications=[eclipse.mosaic.apps.OnVehicleUpdatedApp]
2024-06-03 19:15:03,765 INFO  VehicleFlowGenerator - Creating Vehicle: time=545000000000,name=veh_81,route=r_1,laneSelectionMode=BEST,lane=-1,departConnectionIndex=0,pos=0,type=Car,departSpeed=0.0,applications=[eclipse.mosaic.apps.OnVehicleUpdatedApp]
2024-06-03 19:15:03,765 INFO  VehicleFlowGenerator - Creating Vehicle: time=545000000000,name=veh_82,route=r_3,laneSelectionMode=BEST,lane=-1,departConnectionIndex=0,pos=0,type=Car,departSpeed=0.0,applications=[eclipse.mosaic.apps.OnVehicleUpdatedApp]
2024-06-03 19:15:03,765 INFO  VehicleFlowGenerator - Creating Vehicle: time=545000000000,name=veh_83,route=r_5,laneSelectionMode=BEST,lane=-1,departConnectionIndex=0,pos=0,type=Car,departSpeed=0.0,applications=[eclipse.mosaic.apps.OnVehicleUpdatedApp]
2024-06-03 19:15:04,146 INFO  VehicleFlowGenerator - Creating Vehicle: time=581000000000,name=veh_84,route=r_2,laneSelectionMode=BEST,lane=-1,departConnectionIndex=0,pos=0,type=Car,departSpeed=0.0,applications=[eclipse.mosaic.apps.OnVehicleUpdatedApp]
2024-06-03 19:15:04,146 INFO  VehicleFlowGenerator - Creating Vehicle: time=581000000000,name=veh_85,route=r_1,laneSelectionMode=BEST,lane=-1,departConnectionIndex=0,pos=0,type=Car,departSpeed=0.0,applications=[eclipse.mosaic.apps.OnVehicleUpdatedApp]
2024-06-03 19:15:04,146 INFO  VehicleFlowGenerator - Creating Vehicle: time=581000000000,name=veh_86,route=r_3,laneSelectionMode=BEST,lane=-1,departConnectionIndex=0,pos=0,type=Car,departSpeed=0.0,applications=[eclipse.mosaic.apps.OnVehicleUpdatedApp]
2024-06-03 19:15:04,146 INFO  VehicleFlowGenerator - Creating Vehicle: time=581000000000,name=veh_87,route=r_5,laneSelectionMode=BEST,lane=-1,departConnectionIndex=0,pos=0,type=Car,departSpeed=0.0,applications=[eclipse.mosaic.apps.OnVehicleUpdatedApp]
2024-06-03 19:15:04,420 INFO  VehicleFlowGenerator - Creating Vehicle: time=617000000000,name=veh_88,route=r_2,laneSelectionMode=BEST,lane=-1,departConnectionIndex=0,pos=0,type=Car,departSpeed=0.0,applications=[eclipse.mosaic.apps.OnVehicleUpdatedApp]
2024-06-03 19:15:04,420 INFO  VehicleFlowGenerator - Creating Vehicle: time=617000000000,name=veh_89,route=r_1,laneSelectionMode=BEST,lane=-1,departConnectionIndex=0,pos=0,type=Car,departSpeed=0.0,applications=[eclipse.mosaic.apps.OnVehicleUpdatedApp]
2024-06-03 19:15:04,420 INFO  VehicleFlowGenerator - Creating Vehicle: time=617000000000,name=veh_90,route=r_3,laneSelectionMode=BEST,lane=-1,departConnectionIndex=0,pos=0,type=Car,departSpeed=0.0,applications=[eclipse.mosaic.apps.OnVehicleUpdatedApp]
2024-06-03 19:15:04,420 INFO  VehicleFlowGenerator - Creating Vehicle: time=617000000000,name=veh_91,route=r_5,laneSelectionMode=BEST,lane=-1,departConnectionIndex=0,pos=0,type=Car,departSpeed=0.0,applications=[eclipse.mosaic.apps.OnVehicleUpdatedApp]
2024-06-03 19:15:04,744 INFO  VehicleFlowGenerator - Creating Vehicle: time=653000000000,name=veh_92,route=r_2,laneSelectionMode=BEST,lane=-1,departConnectionIndex=0,pos=0,type=Car,departSpeed=0.0,applications=[eclipse.mosaic.apps.OnVehicleUpdatedApp]
2024-06-03 19:15:04,744 INFO  VehicleFlowGenerator - Creating Vehicle: time=653000000000,name=veh_93,route=r_1,laneSelectionMode=BEST,lane=-1,departConnectionIndex=0,pos=0,type=Car,departSpeed=0.0,applications=[eclipse.mosaic.apps.OnVehicleUpdatedApp]
2024-06-03 19:15:04,744 INFO  VehicleFlowGenerator - Creating Vehicle: time=653000000000,name=veh_94,route=r_3,laneSelectionMode=BEST,lane=-1,departConnectionIndex=0,pos=0,type=Car,departSpeed=0.0,applications=[eclipse.mosaic.apps.OnVehicleUpdatedApp]
2024-06-03 19:15:04,744 INFO  VehicleFlowGenerator - Creating Vehicle: time=653000000000,name=veh_95,route=r_5,laneSelectionMode=BEST,lane=-1,departConnectionIndex=0,pos=0,type=Car,departSpeed=0.0,applications=[eclipse.mosaic.apps.OnVehicleUpdatedApp]
2024-06-03 19:15:05,163 INFO  VehicleFlowGenerator - Creating Vehicle: time=689000000000,name=veh_96,route=r_2,laneSelectionMode=BEST,lane=-1,departConnectionIndex=0,pos=0,type=Car,departSpeed=0.0,applications=[eclipse.mosaic.apps.OnVehicleUpdatedApp]
2024-06-03 19:15:05,163 INFO  VehicleFlowGenerator - Creating Vehicle: time=689000000000,name=veh_97,route=r_1,laneSelectionMode=BEST,lane=-1,departConnectionIndex=0,pos=0,type=Car,departSpeed=0.0,applications=[eclipse.mosaic.apps.OnVehicleUpdatedApp]
2024-06-03 19:15:05,163 INFO  VehicleFlowGenerator - Creating Vehicle: time=689000000000,name=veh_98,route=r_3,laneSelectionMode=BEST,lane=-1,departConnectionIndex=0,pos=0,type=Car,departSpeed=0.0,applications=[eclipse.mosaic.apps.OnVehicleUpdatedApp]
2024-06-03 19:15:05,163 INFO  VehicleFlowGenerator - Creating Vehicle: time=689000000000,name=veh_99,route=r_5,laneSelectionMode=BEST,lane=-1,departConnectionIndex=0,pos=0,type=Car,departSpeed=0.0,applications=[eclipse.mosaic.apps.OnVehicleUpdatedApp]
