2024-06-03 19:54:39,231 INFO  - Initialize Vehicle application (at simulation time 439.000,000,000 s)
2024-06-03 19:54:39,232 INFO  - Activated WLAN Module (at simulation time 439.000,000,000 s)
2024-06-03 19:54:39,232 INFO  - Called #onVehicleUpdated (at simulation time 439.000,000,000 s)
2024-06-03 19:54:39,233 INFO  - Recieve a message from other vehicle (at simulation time 439.001,900,000 s)
2024-06-03 19:54:39,233 INFO  - My position is not better! (at simulation time 439.001,900,000 s)
2024-06-03 19:54:39,235 INFO  - Called #onVehicleUpdated (at simulation time 440.000,000,000 s)
2024-06-03 19:54:39,235 INFO  - Define the name: veh_69 and route: r_1 (at simulation time 440.000,000,000 s)
2024-06-03 19:54:39,235 INFO  - Sending out AdHoc broadcast (at simulation time 440.000,000,000 s)
2024-06-03 19:54:39,235 INFO  - Recieve a message from other vehicle (at simulation time 440.003,800,000 s)
2024-06-03 19:54:39,235 INFO  - My position is not better! (at simulation time 440.003,800,000 s)
2024-06-03 19:54:39,236 INFO  - Called #onVehicleUpdated (at simulation time 441.000,000,000 s)
2024-06-03 19:54:39,237 INFO  - Recieve a message from other vehicle (at simulation time 441.000,400,000 s)
2024-06-03 19:54:39,237 INFO  - My position is not better! (at simulation time 441.000,400,000 s)
2024-06-03 19:54:39,238 INFO  - Called #onVehicleUpdated (at simulation time 442.000,000,000 s)
2024-06-03 19:54:39,238 INFO  - Sending out AdHoc broadcast (at simulation time 442.000,000,000 s)
2024-06-03 19:54:39,238 INFO  - Recieve a message from other vehicle (at simulation time 442.002,800,000 s)
2024-06-03 19:54:39,238 INFO  - My position is not better! (at simulation time 442.002,800,000 s)
2024-06-03 19:54:39,238 INFO  - Called #onVehicleUpdated (at simulation time 443.000,000,000 s)
2024-06-03 19:54:39,239 INFO  - Recieve a message from other vehicle (at simulation time 443.000,900,000 s)
2024-06-03 19:54:39,239 INFO  - My position is not better! (at simulation time 443.000,900,000 s)
2024-06-03 19:54:39,239 INFO  - Called #onVehicleUpdated (at simulation time 444.000,000,000 s)
2024-06-03 19:54:39,239 INFO  - Sending out AdHoc broadcast (at simulation time 444.000,000,000 s)
2024-06-03 19:54:39,239 INFO  - Recieve a message from other vehicle (at simulation time 444.002,800,000 s)
2024-06-03 19:54:39,239 INFO  - My position is not better! (at simulation time 444.002,800,000 s)
2024-06-03 19:54:39,240 INFO  - Called #onVehicleUpdated (at simulation time 445.000,000,000 s)
2024-06-03 19:54:39,241 INFO  - Recieve a message from other vehicle (at simulation time 445.000,900,000 s)
2024-06-03 19:54:39,241 INFO  - My position is not better! (at simulation time 445.000,900,000 s)
2024-06-03 19:54:39,241 INFO  - Called #onVehicleUpdated (at simulation time 446.000,000,000 s)
2024-06-03 19:54:39,241 INFO  - Sending out AdHoc broadcast (at simulation time 446.000,000,000 s)
2024-06-03 19:54:39,242 INFO  - Recieve a message from other vehicle (at simulation time 446.003,300,000 s)
2024-06-03 19:54:39,242 INFO  - My position is not better! (at simulation time 446.003,300,000 s)
2024-06-03 19:54:39,242 INFO  - Called #onVehicleUpdated (at simulation time 447.000,000,000 s)
2024-06-03 19:54:39,242 INFO  - Recieve a message from other vehicle (at simulation time 447.000,900,000 s)
2024-06-03 19:54:39,242 INFO  - DENM message Recived from veh_70 -info : seco (at simulation time 447.000,900,000 s)
2024-06-03 19:54:39,242 INFO  - Recending a DENM message from other vehicle (at simulation time 447.000,900,000 s)
2024-06-03 19:54:39,242 INFO  - Recieve a message from other vehicle (at simulation time 447.000,900,000 s)
2024-06-03 19:54:39,242 INFO  - My position is not better! (at simulation time 447.000,900,000 s)
2024-06-03 19:54:39,243 INFO  - Recieve a message from other vehicle (at simulation time 447.001,400,000 s)
2024-06-03 19:54:39,243 INFO  - DENM message Recived from veh_68 -info : seco (at simulation time 447.001,400,000 s)
2024-06-03 19:54:39,243 INFO  - Recending a DENM message from other vehicle (at simulation time 447.001,400,000 s)
2024-06-03 19:54:39,243 INFO  - Recieve a message from other vehicle (at simulation time 447.001,400,000 s)
2024-06-03 19:54:39,243 INFO  - DENM message Recived from veh_71 -info : seco (at simulation time 447.001,400,000 s)
2024-06-03 19:54:39,243 INFO  - Recending a DENM message from other vehicle (at simulation time 447.001,400,000 s)
2024-06-03 19:54:39,243 INFO  - Recieve a message from other vehicle (at simulation time 447.001,400,000 s)
2024-06-03 19:54:39,243 INFO  - My position is not better! (at simulation time 447.001,400,000 s)
2024-06-03 19:54:39,243 INFO  - Recieve a message from other vehicle (at simulation time 447.001,400,000 s)
2024-06-03 19:54:39,243 INFO  - My position is not better! (at simulation time 447.001,400,000 s)
2024-06-03 19:54:39,243 INFO  - Recieve a message from other vehicle (at simulation time 447.001,900,000 s)
2024-06-03 19:54:39,243 INFO  - My position is not better! (at simulation time 447.001,900,000 s)
2024-06-03 19:54:39,243 INFO  - Recieve a message from other vehicle (at simulation time 447.001,900,000 s)
2024-06-03 19:54:39,243 INFO  - My position is not better! (at simulation time 447.001,900,000 s)
2024-06-03 19:54:39,243 INFO  - Recieve a message from other vehicle (at simulation time 447.002,300,000 s)
2024-06-03 19:54:39,243 INFO  - My position is not better! (at simulation time 447.002,300,000 s)
2024-06-03 19:54:39,243 INFO  - Recieve a message from other vehicle (at simulation time 447.002,400,000 s)
2024-06-03 19:54:39,243 INFO  - My position is not better! (at simulation time 447.002,400,000 s)
2024-06-03 19:54:39,243 INFO  - Recieve a message from other vehicle (at simulation time 447.002,800,000 s)
2024-06-03 19:54:39,243 INFO  - My position is not better! (at simulation time 447.002,800,000 s)
2024-06-03 19:54:39,243 INFO  - Recieve a message from other vehicle (at simulation time 447.002,800,000 s)
2024-06-03 19:54:39,243 INFO  - My position is not better! (at simulation time 447.002,800,000 s)
2024-06-03 19:54:39,243 INFO  - Recieve a message from other vehicle (at simulation time 447.003,300,000 s)
2024-06-03 19:54:39,243 INFO  - My position is not better! (at simulation time 447.003,300,000 s)
2024-06-03 19:54:39,243 INFO  - Recieve a message from other vehicle (at simulation time 447.003,300,000 s)
2024-06-03 19:54:39,243 INFO  - My position is not better! (at simulation time 447.003,300,000 s)
2024-06-03 19:54:39,244 INFO  - Called #onVehicleUpdated (at simulation time 448.000,000,000 s)
2024-06-03 19:54:39,244 INFO  - Sending out DENM broadcast (at simulation time 448.000,000,000 s)
2024-06-03 19:54:39,244 INFO  - Sending out AdHoc broadcast (at simulation time 448.000,000,000 s)
2024-06-03 19:54:39,244 INFO  - Recieve a message from other vehicle (at simulation time 448.000,400,000 s)
2024-06-03 19:54:39,244 INFO  - Recending a message from other vehicle (at simulation time 448.000,400,000 s)
2024-06-03 19:54:39,244 INFO  - Recieve a message from other vehicle (at simulation time 448.000,800,000 s)
2024-06-03 19:54:39,244 INFO  - I'm in better position but no more hops in message (at simulation time 448.000,800,000 s)
2024-06-03 19:54:39,245 INFO  - Recieve a message from other vehicle (at simulation time 448.001,300,000 s)
2024-06-03 19:54:39,245 INFO  - I'm in better position but no more hops in message (at simulation time 448.001,300,000 s)
2024-06-03 19:54:39,245 INFO  - Recieve a message from other vehicle (at simulation time 448.001,300,000 s)
2024-06-03 19:54:39,245 INFO  - DENM message Recived from veh_69 -info : seco (at simulation time 448.001,300,000 s)
2024-06-03 19:54:39,245 INFO  - No more hops in DENM message (at simulation time 448.001,300,000 s)
2024-06-03 19:54:39,245 INFO  - Recieve a message from other vehicle (at simulation time 448.001,400,000 s)
2024-06-03 19:54:39,245 INFO  - I'm in better position but no more hops in message (at simulation time 448.001,400,000 s)
2024-06-03 19:54:39,245 INFO  - Recieve a message from other vehicle (at simulation time 448.001,900,000 s)
2024-06-03 19:54:39,245 INFO  - I'm in better position but no more hops in message (at simulation time 448.001,900,000 s)
2024-06-03 19:54:39,245 INFO  - Recieve a message from other vehicle (at simulation time 448.002,300,000 s)
2024-06-03 19:54:39,245 INFO  - I'm in better position but no more hops in message (at simulation time 448.002,300,000 s)
2024-06-03 19:54:39,245 INFO  - Recieve a message from other vehicle (at simulation time 448.002,400,000 s)
2024-06-03 19:54:39,245 INFO  - I'm in better position but no more hops in message (at simulation time 448.002,400,000 s)
2024-06-03 19:54:39,245 INFO  - Recieve a message from other vehicle (at simulation time 448.002,800,000 s)
2024-06-03 19:54:39,245 INFO  - My position is not better! (at simulation time 448.002,800,000 s)
2024-06-03 19:54:39,246 INFO  - Called #onVehicleUpdated (at simulation time 449.000,000,000 s)
2024-06-03 19:54:39,246 INFO  - Recieve a message from other vehicle (at simulation time 449.000,400,000 s)
2024-06-03 19:54:39,246 INFO  - Recending a message from other vehicle (at simulation time 449.000,400,000 s)
2024-06-03 19:54:39,246 INFO  - Recieve a message from other vehicle (at simulation time 449.000,400,000 s)
2024-06-03 19:54:39,246 INFO  - Recending a message from other vehicle (at simulation time 449.000,400,000 s)
2024-06-03 19:54:39,246 INFO  - Recieve a message from other vehicle (at simulation time 449.000,400,000 s)
2024-06-03 19:54:39,246 INFO  - My position is not better! (at simulation time 449.000,400,000 s)
2024-06-03 19:54:39,246 INFO  - Recieve a message from other vehicle (at simulation time 449.000,900,000 s)
2024-06-03 19:54:39,246 INFO  - Recending a message from other vehicle (at simulation time 449.000,900,000 s)
2024-06-03 19:54:39,247 INFO  - Recieve a message from other vehicle (at simulation time 449.001,400,000 s)
2024-06-03 19:54:39,247 INFO  - My position is not better! (at simulation time 449.001,400,000 s)
2024-06-03 19:54:39,247 INFO  - Recieve a message from other vehicle (at simulation time 449.002,400,000 s)
2024-06-03 19:54:39,247 INFO  - Recending a message from other vehicle (at simulation time 449.002,400,000 s)
2024-06-03 19:54:39,247 INFO  - Recieve a message from other vehicle (at simulation time 449.002,400,000 s)
2024-06-03 19:54:39,247 INFO  - Recending a message from other vehicle (at simulation time 449.002,400,000 s)
2024-06-03 19:54:39,249 INFO  - Called #onVehicleUpdated (at simulation time 450.000,000,000 s)
2024-06-03 19:54:39,249 INFO  - Sending out AdHoc broadcast (at simulation time 450.000,000,000 s)
2024-06-03 19:54:39,250 INFO  - Called #onVehicleUpdated (at simulation time 451.000,000,000 s)
2024-06-03 19:54:39,251 INFO  - Recieve a message from other vehicle (at simulation time 451.001,400,000 s)
2024-06-03 19:54:39,251 INFO  - Recending a message from other vehicle (at simulation time 451.001,400,000 s)
2024-06-03 19:54:39,251 INFO  - Recieve a message from other vehicle (at simulation time 451.001,900,000 s)
2024-06-03 19:54:39,251 INFO  - I'm in better position but no more hops in message (at simulation time 451.001,900,000 s)
2024-06-03 19:54:39,252 INFO  - Called #onVehicleUpdated (at simulation time 452.000,000,000 s)
2024-06-03 19:54:39,252 INFO  - Sending out AdHoc broadcast (at simulation time 452.000,000,000 s)
2024-06-03 19:54:39,253 INFO  - Called #onVehicleUpdated (at simulation time 453.000,000,000 s)
2024-06-03 19:54:39,253 INFO  - Recieve a message from other vehicle (at simulation time 453.000,900,000 s)
2024-06-03 19:54:39,253 INFO  - My position is not better! (at simulation time 453.000,900,000 s)
2024-06-03 19:54:39,254 INFO  - Called #onVehicleUpdated (at simulation time 454.000,000,000 s)
2024-06-03 19:54:39,254 INFO  - Sending out AdHoc broadcast (at simulation time 454.000,000,000 s)
2024-06-03 19:54:39,254 INFO  - Recieve a message from other vehicle (at simulation time 454.004,800,000 s)
2024-06-03 19:54:39,254 INFO  - My position is not better! (at simulation time 454.004,800,000 s)
2024-06-03 19:54:39,255 INFO  - Called #onVehicleUpdated (at simulation time 455.000,000,000 s)
2024-06-03 19:54:39,255 INFO  - Exced velocity! Sending new CAM (at simulation time 455.000,000,000 s)
2024-06-03 19:54:39,255 INFO  - Sending out AdHoc broadcast (at simulation time 455.000,000,000 s)
2024-06-03 19:54:39,256 INFO  - Called #onVehicleUpdated (at simulation time 456.000,000,000 s)
2024-06-03 19:54:39,256 INFO  - Exced velocity! Sending new CAM (at simulation time 456.000,000,000 s)
2024-06-03 19:54:39,256 INFO  - Sending out AdHoc broadcast (at simulation time 456.000,000,000 s)
2024-06-03 19:54:39,256 INFO  - Sending out AdHoc broadcast (at simulation time 456.000,000,000 s)
2024-06-03 19:54:39,257 INFO  - Called #onVehicleUpdated (at simulation time 457.000,000,000 s)
2024-06-03 19:54:39,257 INFO  - Exced velocity! Sending new CAM (at simulation time 457.000,000,000 s)
2024-06-03 19:54:39,257 INFO  - Sending out AdHoc broadcast (at simulation time 457.000,000,000 s)
2024-06-03 19:54:39,257 INFO  - Sending out AdHoc broadcast (at simulation time 457.000,000,000 s)
2024-06-03 19:54:39,258 INFO  - Called #onVehicleUpdated (at simulation time 458.000,000,000 s)
2024-06-03 19:54:39,258 INFO  - Exced velocity! Sending new CAM (at simulation time 458.000,000,000 s)
2024-06-03 19:54:39,258 INFO  - Sending out AdHoc broadcast (at simulation time 458.000,000,000 s)
2024-06-03 19:54:39,258 INFO  - Sending out AdHoc broadcast (at simulation time 458.000,000,000 s)
2024-06-03 19:54:39,258 INFO  - Sending out AdHoc broadcast (at simulation time 458.000,000,000 s)
2024-06-03 19:54:39,258 INFO  - Shutdown (at simulation time 459.000,000,000 s)
