2024-06-03 19:54:38,070 INFO  - Initialize Vehicle application (at simulation time 43.000,000,000 s)
2024-06-03 19:54:38,071 INFO  - Activated WLAN Module (at simulation time 43.000,000,000 s)
2024-06-03 19:54:38,071 INFO  - Called #onVehicleUpdated (at simulation time 43.000,000,000 s)
2024-06-03 19:54:38,072 INFO  - Recieve a message from other vehicle (at simulation time 43.001,900,000 s)
2024-06-03 19:54:38,072 INFO  - My position is not better! (at simulation time 43.001,900,000 s)
2024-06-03 19:54:38,072 INFO  - Recieve a message from other vehicle (at simulation time 43.001,900,000 s)
2024-06-03 19:54:38,072 INFO  - My position is not better! (at simulation time 43.001,900,000 s)
2024-06-03 19:54:38,074 INFO  - Called #onVehicleUpdated (at simulation time 44.000,000,000 s)
2024-06-03 19:54:38,075 INFO  - Define the name: veh_10 and route: r_3 (at simulation time 44.000,000,000 s)
2024-06-03 19:54:38,075 INFO  - Sending out AdHoc broadcast (at simulation time 44.000,000,000 s)
2024-06-03 19:54:38,075 INFO  - Recieve a message from other vehicle (at simulation time 44.000,900,000 s)
2024-06-03 19:54:38,075 INFO  - My position is not better! (at simulation time 44.000,900,000 s)
2024-06-03 19:54:38,075 INFO  - Recieve a message from other vehicle (at simulation time 44.002,400,000 s)
2024-06-03 19:54:38,075 INFO  - My position is not better! (at simulation time 44.002,400,000 s)
2024-06-03 19:54:38,076 INFO  - Recieve a message from other vehicle (at simulation time 44.004,800,000 s)
2024-06-03 19:54:38,076 INFO  - My position is not better! (at simulation time 44.004,800,000 s)
2024-06-03 19:54:38,078 INFO  - Called #onVehicleUpdated (at simulation time 45.000,000,000 s)
2024-06-03 19:54:38,078 INFO  - Exced velocity! Sending new CAM (at simulation time 45.000,000,000 s)
2024-06-03 19:54:38,078 INFO  - Sending out AdHoc broadcast (at simulation time 45.000,000,000 s)
2024-06-03 19:54:38,079 INFO  - Recieve a message from other vehicle (at simulation time 45.000,900,000 s)
2024-06-03 19:54:38,079 INFO  - My position is not better! (at simulation time 45.000,900,000 s)
2024-06-03 19:54:38,080 INFO  - Recieve a message from other vehicle (at simulation time 45.001,300,000 s)
2024-06-03 19:54:38,080 INFO  - My position is not better! (at simulation time 45.001,300,000 s)
2024-06-03 19:54:38,080 INFO  - Recieve a message from other vehicle (at simulation time 45.002,400,000 s)
2024-06-03 19:54:38,080 INFO  - My position is not better! (at simulation time 45.002,400,000 s)
2024-06-03 19:54:38,080 INFO  - Recieve a message from other vehicle (at simulation time 45.002,400,000 s)
2024-06-03 19:54:38,080 INFO  - My position is not better! (at simulation time 45.002,400,000 s)
2024-06-03 19:54:38,082 INFO  - Called #onVehicleUpdated (at simulation time 46.000,000,000 s)
2024-06-03 19:54:38,083 INFO  - Sending out AdHoc broadcast (at simulation time 46.000,000,000 s)
2024-06-03 19:54:38,084 INFO  - Recieve a message from other vehicle (at simulation time 46.000,400,000 s)
2024-06-03 19:54:38,084 INFO  - My position is not better! (at simulation time 46.000,400,000 s)
2024-06-03 19:54:38,084 INFO  - Recieve a message from other vehicle (at simulation time 46.001,900,000 s)
2024-06-03 19:54:38,084 INFO  - My position is not better! (at simulation time 46.001,900,000 s)
2024-06-03 19:54:38,084 INFO  - Recieve a message from other vehicle (at simulation time 46.002,400,000 s)
2024-06-03 19:54:38,084 INFO  - My position is not better! (at simulation time 46.002,400,000 s)
2024-06-03 19:54:38,084 INFO  - Recieve a message from other vehicle (at simulation time 46.002,800,000 s)
2024-06-03 19:54:38,084 INFO  - My position is not better! (at simulation time 46.002,800,000 s)
2024-06-03 19:54:38,087 INFO  - Called #onVehicleUpdated (at simulation time 47.000,000,000 s)
2024-06-03 19:54:38,087 INFO  - Sending out AdHoc broadcast (at simulation time 47.000,000,000 s)
2024-06-03 19:54:38,088 INFO  - Recieve a message from other vehicle (at simulation time 47.000,400,000 s)
2024-06-03 19:54:38,088 INFO  - My position is not better! (at simulation time 47.000,400,000 s)
2024-06-03 19:54:38,088 INFO  - Recieve a message from other vehicle (at simulation time 47.000,900,000 s)
2024-06-03 19:54:38,088 INFO  - My position is not better! (at simulation time 47.000,900,000 s)
2024-06-03 19:54:38,088 INFO  - Recieve a message from other vehicle (at simulation time 47.001,800,000 s)
2024-06-03 19:54:38,088 INFO  - My position is not better! (at simulation time 47.001,800,000 s)
2024-06-03 19:54:38,088 INFO  - Recieve a message from other vehicle (at simulation time 47.001,900,000 s)
2024-06-03 19:54:38,088 INFO  - My position is not better! (at simulation time 47.001,900,000 s)
2024-06-03 19:54:38,088 INFO  - Recieve a message from other vehicle (at simulation time 47.002,400,000 s)
2024-06-03 19:54:38,088 INFO  - My position is not better! (at simulation time 47.002,400,000 s)
2024-06-03 19:54:38,090 INFO  - Called #onVehicleUpdated (at simulation time 48.000,000,000 s)
2024-06-03 19:54:38,090 INFO  - Exced velocity! Sending new CAM (at simulation time 48.000,000,000 s)
2024-06-03 19:54:38,090 INFO  - Sending out AdHoc broadcast (at simulation time 48.000,000,000 s)
2024-06-03 19:54:38,091 INFO  - Sending out AdHoc broadcast (at simulation time 48.000,000,000 s)
2024-06-03 19:54:38,091 INFO  - Recieve a message from other vehicle (at simulation time 48.000,400,000 s)
2024-06-03 19:54:38,091 INFO  - My position is not better! (at simulation time 48.000,400,000 s)
2024-06-03 19:54:38,092 INFO  - Recieve a message from other vehicle (at simulation time 48.001,300,000 s)
2024-06-03 19:54:38,092 INFO  - My position is not better! (at simulation time 48.001,300,000 s)
2024-06-03 19:54:38,092 INFO  - Recieve a message from other vehicle (at simulation time 48.001,400,000 s)
2024-06-03 19:54:38,092 INFO  - My position is not better! (at simulation time 48.001,400,000 s)
2024-06-03 19:54:38,092 INFO  - Recieve a message from other vehicle (at simulation time 48.001,400,000 s)
2024-06-03 19:54:38,092 INFO  - My position is not better! (at simulation time 48.001,400,000 s)
2024-06-03 19:54:38,093 INFO  - Recieve a message from other vehicle (at simulation time 48.001,800,000 s)
2024-06-03 19:54:38,093 INFO  - My position is not better! (at simulation time 48.001,800,000 s)
2024-06-03 19:54:38,094 INFO  - Recieve a message from other vehicle (at simulation time 48.004,300,000 s)
2024-06-03 19:54:38,094 INFO  - My position is not better! (at simulation time 48.004,300,000 s)
2024-06-03 19:54:38,094 INFO  - Recieve a message from other vehicle (at simulation time 48.004,800,000 s)
2024-06-03 19:54:38,094 INFO  - My position is not better! (at simulation time 48.004,800,000 s)
2024-06-03 19:54:38,097 INFO  - Called #onVehicleUpdated (at simulation time 49.000,000,000 s)
2024-06-03 19:54:38,097 INFO  - Sending out AdHoc broadcast (at simulation time 49.000,000,000 s)
2024-06-03 19:54:38,098 INFO  - Recieve a message from other vehicle (at simulation time 49.000,400,000 s)
2024-06-03 19:54:38,098 INFO  - My position is not better! (at simulation time 49.000,400,000 s)
2024-06-03 19:54:38,098 INFO  - Recieve a message from other vehicle (at simulation time 49.000,800,000 s)
2024-06-03 19:54:38,099 INFO  - My position is not better! (at simulation time 49.000,800,000 s)
2024-06-03 19:54:38,099 INFO  - Recieve a message from other vehicle (at simulation time 49.000,900,000 s)
2024-06-03 19:54:38,099 INFO  - My position is not better! (at simulation time 49.000,900,000 s)
2024-06-03 19:54:38,099 INFO  - Recieve a message from other vehicle (at simulation time 49.000,900,000 s)
2024-06-03 19:54:38,099 INFO  - My position is not better! (at simulation time 49.000,900,000 s)
2024-06-03 19:54:38,099 INFO  - Recieve a message from other vehicle (at simulation time 49.001,400,000 s)
2024-06-03 19:54:38,099 INFO  - My position is not better! (at simulation time 49.001,400,000 s)
2024-06-03 19:54:38,100 INFO  - Recieve a message from other vehicle (at simulation time 49.001,800,000 s)
2024-06-03 19:54:38,100 INFO  - My position is not better! (at simulation time 49.001,800,000 s)
2024-06-03 19:54:38,100 INFO  - Recieve a message from other vehicle (at simulation time 49.001,800,000 s)
2024-06-03 19:54:38,100 INFO  - My position is not better! (at simulation time 49.001,800,000 s)
2024-06-03 19:54:38,100 INFO  - Recieve a message from other vehicle (at simulation time 49.001,800,000 s)
2024-06-03 19:54:38,100 INFO  - My position is not better! (at simulation time 49.001,800,000 s)
2024-06-03 19:54:38,101 INFO  - Recieve a message from other vehicle (at simulation time 49.001,900,000 s)
2024-06-03 19:54:38,101 INFO  - My position is not better! (at simulation time 49.001,900,000 s)
2024-06-03 19:54:38,101 INFO  - Recieve a message from other vehicle (at simulation time 49.002,300,000 s)
2024-06-03 19:54:38,101 INFO  - My position is not better! (at simulation time 49.002,300,000 s)
2024-06-03 19:54:38,101 INFO  - Recieve a message from other vehicle (at simulation time 49.002,300,000 s)
2024-06-03 19:54:38,101 INFO  - My position is not better! (at simulation time 49.002,300,000 s)
2024-06-03 19:54:38,101 INFO  - Recieve a message from other vehicle (at simulation time 49.002,300,000 s)
2024-06-03 19:54:38,101 INFO  - My position is not better! (at simulation time 49.002,300,000 s)
2024-06-03 19:54:38,101 INFO  - Recieve a message from other vehicle (at simulation time 49.002,400,000 s)
2024-06-03 19:54:38,101 INFO  - My position is not better! (at simulation time 49.002,400,000 s)
2024-06-03 19:54:38,101 INFO  - Recieve a message from other vehicle (at simulation time 49.002,400,000 s)
2024-06-03 19:54:38,101 INFO  - My position is not better! (at simulation time 49.002,400,000 s)
2024-06-03 19:54:38,102 INFO  - Recieve a message from other vehicle (at simulation time 49.002,400,000 s)
2024-06-03 19:54:38,102 INFO  - My position is not better! (at simulation time 49.002,400,000 s)
2024-06-03 19:54:38,103 INFO  - Recieve a message from other vehicle (at simulation time 49.002,800,000 s)
2024-06-03 19:54:38,103 INFO  - My position is not better! (at simulation time 49.002,800,000 s)
2024-06-03 19:54:38,104 INFO  - Recieve a message from other vehicle (at simulation time 49.003,300,000 s)
2024-06-03 19:54:38,104 INFO  - My position is not better! (at simulation time 49.003,300,000 s)
2024-06-03 19:54:38,108 INFO  - Called #onVehicleUpdated (at simulation time 50.000,000,000 s)
2024-06-03 19:54:38,109 INFO  - Sending out AdHoc broadcast (at simulation time 50.000,000,000 s)
2024-06-03 19:54:38,109 INFO  - Sending out AdHoc broadcast (at simulation time 50.000,000,000 s)
2024-06-03 19:54:38,110 INFO  - Recieve a message from other vehicle (at simulation time 50.000,400,000 s)
2024-06-03 19:54:38,110 INFO  - My position is not better! (at simulation time 50.000,400,000 s)
2024-06-03 19:54:38,110 INFO  - Recieve a message from other vehicle (at simulation time 50.000,400,000 s)
2024-06-03 19:54:38,110 INFO  - My position is not better! (at simulation time 50.000,400,000 s)
2024-06-03 19:54:38,111 INFO  - Recieve a message from other vehicle (at simulation time 50.000,400,000 s)
2024-06-03 19:54:38,111 INFO  - My position is not better! (at simulation time 50.000,400,000 s)
2024-06-03 19:54:38,111 INFO  - Recieve a message from other vehicle (at simulation time 50.000,800,000 s)
2024-06-03 19:54:38,111 INFO  - My position is not better! (at simulation time 50.000,800,000 s)
2024-06-03 19:54:38,112 INFO  - Recieve a message from other vehicle (at simulation time 50.000,900,000 s)
2024-06-03 19:54:38,112 INFO  - My position is not better! (at simulation time 50.000,900,000 s)
2024-06-03 19:54:38,113 INFO  - Recieve a message from other vehicle (at simulation time 50.001,300,000 s)
2024-06-03 19:54:38,113 INFO  - My position is not better! (at simulation time 50.001,300,000 s)
2024-06-03 19:54:38,114 INFO  - Recieve a message from other vehicle (at simulation time 50.001,400,000 s)
2024-06-03 19:54:38,114 INFO  - My position is not better! (at simulation time 50.001,400,000 s)
2024-06-03 19:54:38,114 INFO  - Recieve a message from other vehicle (at simulation time 50.001,400,000 s)
2024-06-03 19:54:38,114 INFO  - My position is not better! (at simulation time 50.001,400,000 s)
2024-06-03 19:54:38,115 INFO  - Recieve a message from other vehicle (at simulation time 50.001,400,000 s)
2024-06-03 19:54:38,115 INFO  - My position is not better! (at simulation time 50.001,400,000 s)
2024-06-03 19:54:38,115 INFO  - Recieve a message from other vehicle (at simulation time 50.001,800,000 s)
2024-06-03 19:54:38,115 INFO  - My position is not better! (at simulation time 50.001,800,000 s)
2024-06-03 19:54:38,115 INFO  - Recieve a message from other vehicle (at simulation time 50.001,800,000 s)
2024-06-03 19:54:38,115 INFO  - My position is not better! (at simulation time 50.001,800,000 s)
2024-06-03 19:54:38,116 INFO  - Recieve a message from other vehicle (at simulation time 50.002,300,000 s)
2024-06-03 19:54:38,116 INFO  - My position is not better! (at simulation time 50.002,300,000 s)
2024-06-03 19:54:38,116 INFO  - Recieve a message from other vehicle (at simulation time 50.002,300,000 s)
2024-06-03 19:54:38,116 INFO  - My position is not better! (at simulation time 50.002,300,000 s)
2024-06-03 19:54:38,116 INFO  - Recieve a message from other vehicle (at simulation time 50.002,300,000 s)
2024-06-03 19:54:38,116 INFO  - I'm in better position but no more hops in message (at simulation time 50.002,300,000 s)
2024-06-03 19:54:38,116 INFO  - Recieve a message from other vehicle (at simulation time 50.002,400,000 s)
2024-06-03 19:54:38,116 INFO  - My position is not better! (at simulation time 50.002,400,000 s)
2024-06-03 19:54:38,116 INFO  - Recieve a message from other vehicle (at simulation time 50.002,400,000 s)
2024-06-03 19:54:38,116 INFO  - My position is not better! (at simulation time 50.002,400,000 s)
2024-06-03 19:54:38,116 INFO  - Recieve a message from other vehicle (at simulation time 50.002,400,000 s)
2024-06-03 19:54:38,116 INFO  - My position is not better! (at simulation time 50.002,400,000 s)
2024-06-03 19:54:38,118 INFO  - Recieve a message from other vehicle (at simulation time 50.003,300,000 s)
2024-06-03 19:54:38,118 INFO  - My position is not better! (at simulation time 50.003,300,000 s)
2024-06-03 19:54:38,118 INFO  - Recieve a message from other vehicle (at simulation time 50.003,300,000 s)
2024-06-03 19:54:38,118 INFO  - My position is not better! (at simulation time 50.003,300,000 s)
2024-06-03 19:54:38,118 INFO  - Recieve a message from other vehicle (at simulation time 50.003,800,000 s)
2024-06-03 19:54:38,118 INFO  - My position is not better! (at simulation time 50.003,800,000 s)
2024-06-03 19:54:38,121 INFO  - Called #onVehicleUpdated (at simulation time 51.000,000,000 s)
2024-06-03 19:54:38,122 INFO  - Sending out AdHoc broadcast (at simulation time 51.000,000,000 s)
2024-06-03 19:54:38,124 INFO  - Recieve a message from other vehicle (at simulation time 51.000,400,000 s)
2024-06-03 19:54:38,124 INFO  - My position is not better! (at simulation time 51.000,400,000 s)
2024-06-03 19:54:38,124 INFO  - Recieve a message from other vehicle (at simulation time 51.000,400,000 s)
2024-06-03 19:54:38,124 INFO  - My position is not better! (at simulation time 51.000,400,000 s)
2024-06-03 19:54:38,125 INFO  - Recieve a message from other vehicle (at simulation time 51.000,800,000 s)
2024-06-03 19:54:38,125 INFO  - DENM message Recived from veh_9 -info : seco (at simulation time 51.000,800,000 s)
2024-06-03 19:54:38,125 INFO  - No more hops in DENM message (at simulation time 51.000,800,000 s)
2024-06-03 19:54:38,125 INFO  - Recieve a message from other vehicle (at simulation time 51.000,800,000 s)
2024-06-03 19:54:38,125 INFO  - DENM message Recived from veh_11 -info : seco (at simulation time 51.000,800,000 s)
2024-06-03 19:54:38,125 INFO  - No more hops in DENM message (at simulation time 51.000,800,000 s)
2024-06-03 19:54:38,125 INFO  - Recieve a message from other vehicle (at simulation time 51.000,800,000 s)
2024-06-03 19:54:38,125 INFO  - My position is not better! (at simulation time 51.000,800,000 s)
2024-06-03 19:54:38,126 INFO  - Recieve a message from other vehicle (at simulation time 51.000,900,000 s)
2024-06-03 19:54:38,126 INFO  - DENM message Recived from veh_6 -info : seco (at simulation time 51.000,900,000 s)
2024-06-03 19:54:38,126 INFO  - Recending a DENM message from other vehicle (at simulation time 51.000,900,000 s)
2024-06-03 19:54:38,126 INFO  - Recieve a message from other vehicle (at simulation time 51.000,900,000 s)
2024-06-03 19:54:38,126 INFO  - DENM message Recived from veh_7 -info : nevoeiro (at simulation time 51.000,900,000 s)
2024-06-03 19:54:38,126 INFO  - No more hops in DENM message (at simulation time 51.000,900,000 s)
2024-06-03 19:54:38,126 INFO  - Recieve a message from other vehicle (at simulation time 51.000,900,000 s)
2024-06-03 19:54:38,126 INFO  - My position is not better! (at simulation time 51.000,900,000 s)
2024-06-03 19:54:38,126 INFO  - Recieve a message from other vehicle (at simulation time 51.000,900,000 s)
2024-06-03 19:54:38,126 INFO  - My position is not better! (at simulation time 51.000,900,000 s)
2024-06-03 19:54:38,127 INFO  - Recieve a message from other vehicle (at simulation time 51.001,300,000 s)
2024-06-03 19:54:38,127 INFO  - My position is not better! (at simulation time 51.001,300,000 s)
2024-06-03 19:54:38,128 INFO  - Recieve a message from other vehicle (at simulation time 51.001,300,000 s)
2024-06-03 19:54:38,128 INFO  - My position is not better! (at simulation time 51.001,300,000 s)
2024-06-03 19:54:38,128 INFO  - Recieve a message from other vehicle (at simulation time 51.001,400,000 s)
2024-06-03 19:54:38,128 INFO  - DENM message Recived from veh_9 -info : seco (at simulation time 51.001,400,000 s)
2024-06-03 19:54:38,128 INFO  - No more hops in DENM message (at simulation time 51.001,400,000 s)
2024-06-03 19:54:38,129 INFO  - Recieve a message from other vehicle (at simulation time 51.001,400,000 s)
2024-06-03 19:54:38,129 INFO  - My position is not better! (at simulation time 51.001,400,000 s)
2024-06-03 19:54:38,129 INFO  - Recieve a message from other vehicle (at simulation time 51.001,400,000 s)
2024-06-03 19:54:38,129 INFO  - My position is not better! (at simulation time 51.001,400,000 s)
2024-06-03 19:54:38,129 INFO  - Recieve a message from other vehicle (at simulation time 51.001,400,000 s)
2024-06-03 19:54:38,129 INFO  - My position is not better! (at simulation time 51.001,400,000 s)
2024-06-03 19:54:38,129 INFO  - Recieve a message from other vehicle (at simulation time 51.001,400,000 s)
2024-06-03 19:54:38,129 INFO  - My position is not better! (at simulation time 51.001,400,000 s)
2024-06-03 19:54:38,129 INFO  - Recieve a message from other vehicle (at simulation time 51.001,400,000 s)
2024-06-03 19:54:38,129 INFO  - My position is not better! (at simulation time 51.001,400,000 s)
2024-06-03 19:54:38,129 INFO  - Recieve a message from other vehicle (at simulation time 51.001,400,000 s)
2024-06-03 19:54:38,129 INFO  - My position is not better! (at simulation time 51.001,400,000 s)
2024-06-03 19:54:38,131 INFO  - Recieve a message from other vehicle (at simulation time 51.001,900,000 s)
2024-06-03 19:54:38,131 INFO  - My position is not better! (at simulation time 51.001,900,000 s)
2024-06-03 19:54:38,131 INFO  - Recieve a message from other vehicle (at simulation time 51.002,300,000 s)
2024-06-03 19:54:38,131 INFO  - DENM message Recived from veh_7 -info : nevoeiro (at simulation time 51.002,300,000 s)
2024-06-03 19:54:38,131 INFO  - No more hops in DENM message (at simulation time 51.002,300,000 s)
2024-06-03 19:54:38,132 INFO  - Recieve a message from other vehicle (at simulation time 51.002,400,000 s)
2024-06-03 19:54:38,132 INFO  - DENM message Recived from veh_11 -info : seco (at simulation time 51.002,400,000 s)
2024-06-03 19:54:38,132 INFO  - No more hops in DENM message (at simulation time 51.002,400,000 s)
2024-06-03 19:54:38,132 INFO  - Recieve a message from other vehicle (at simulation time 51.002,400,000 s)
2024-06-03 19:54:38,132 INFO  - My position is not better! (at simulation time 51.002,400,000 s)
2024-06-03 19:54:38,132 INFO  - Recieve a message from other vehicle (at simulation time 51.002,400,000 s)
2024-06-03 19:54:38,132 INFO  - My position is not better! (at simulation time 51.002,400,000 s)
2024-06-03 19:54:38,132 INFO  - Recieve a message from other vehicle (at simulation time 51.002,800,000 s)
2024-06-03 19:54:38,132 INFO  - My position is not better! (at simulation time 51.002,800,000 s)
2024-06-03 19:54:38,132 INFO  - Recieve a message from other vehicle (at simulation time 51.002,800,000 s)
2024-06-03 19:54:38,132 INFO  - My position is not better! (at simulation time 51.002,800,000 s)
2024-06-03 19:54:38,132 INFO  - Recieve a message from other vehicle (at simulation time 51.003,800,000 s)
2024-06-03 19:54:38,132 INFO  - My position is not better! (at simulation time 51.003,800,000 s)
2024-06-03 19:54:38,135 INFO  - Called #onVehicleUpdated (at simulation time 52.000,000,000 s)
2024-06-03 19:54:38,135 INFO  - Sending out DENM broadcast (at simulation time 52.000,000,000 s)
2024-06-03 19:54:38,135 INFO  - Sending out AdHoc broadcast (at simulation time 52.000,000,000 s)
2024-06-03 19:54:38,136 INFO  - Sending out AdHoc broadcast (at simulation time 52.000,000,000 s)
2024-06-03 19:54:38,136 INFO  - Recieve a message from other vehicle (at simulation time 52.000,400,000 s)
2024-06-03 19:54:38,137 INFO  - DENM message Recived from veh_8 -info : nevoeiro (at simulation time 52.000,400,000 s)
2024-06-03 19:54:38,137 INFO  - Recending a DENM message from other vehicle (at simulation time 52.000,400,000 s)
2024-06-03 19:54:38,137 INFO  - Recieve a message from other vehicle (at simulation time 52.000,400,000 s)
2024-06-03 19:54:38,137 INFO  - I'm in better position but no more hops in message (at simulation time 52.000,400,000 s)
2024-06-03 19:54:38,138 INFO  - Recieve a message from other vehicle (at simulation time 52.000,800,000 s)
2024-06-03 19:54:38,138 INFO  - DENM message Recived from veh_10 -info : seco (at simulation time 52.000,800,000 s)
2024-06-03 19:54:38,138 INFO  - No more hops in DENM message (at simulation time 52.000,800,000 s)
2024-06-03 19:54:38,138 INFO  - Recieve a message from other vehicle (at simulation time 52.000,800,000 s)
2024-06-03 19:54:38,138 INFO  - I'm in better position but no more hops in message (at simulation time 52.000,800,000 s)
2024-06-03 19:54:38,138 INFO  - Recieve a message from other vehicle (at simulation time 52.000,800,000 s)
2024-06-03 19:54:38,138 INFO  - I'm in better position but no more hops in message (at simulation time 52.000,800,000 s)
2024-06-03 19:54:38,138 INFO  - Recieve a message from other vehicle (at simulation time 52.000,900,000 s)
2024-06-03 19:54:38,138 INFO  - I'm in better position but no more hops in message (at simulation time 52.000,900,000 s)
2024-06-03 19:54:38,138 INFO  - Recieve a message from other vehicle (at simulation time 52.000,900,000 s)
2024-06-03 19:54:38,138 INFO  - I'm in better position but no more hops in message (at simulation time 52.000,900,000 s)
2024-06-03 19:54:38,139 INFO  - Recieve a message from other vehicle (at simulation time 52.001,300,000 s)
2024-06-03 19:54:38,139 INFO  - I'm in better position but no more hops in message (at simulation time 52.001,300,000 s)
2024-06-03 19:54:38,139 INFO  - Recieve a message from other vehicle (at simulation time 52.001,400,000 s)
2024-06-03 19:54:38,139 INFO  - I'm in better position but no more hops in message (at simulation time 52.001,400,000 s)
2024-06-03 19:54:38,139 INFO  - Recieve a message from other vehicle (at simulation time 52.001,400,000 s)
2024-06-03 19:54:38,139 INFO  - I'm in better position but no more hops in message (at simulation time 52.001,400,000 s)
2024-06-03 19:54:38,139 INFO  - Recieve a message from other vehicle (at simulation time 52.001,400,000 s)
2024-06-03 19:54:38,139 INFO  - I'm in better position but no more hops in message (at simulation time 52.001,400,000 s)
2024-06-03 19:54:38,140 INFO  - Recieve a message from other vehicle (at simulation time 52.001,800,000 s)
2024-06-03 19:54:38,140 INFO  - I'm in better position but no more hops in message (at simulation time 52.001,800,000 s)
2024-06-03 19:54:38,140 INFO  - Recieve a message from other vehicle (at simulation time 52.001,900,000 s)
2024-06-03 19:54:38,140 INFO  - I'm in better position but no more hops in message (at simulation time 52.001,900,000 s)
2024-06-03 19:54:38,140 INFO  - Recieve a message from other vehicle (at simulation time 52.001,900,000 s)
2024-06-03 19:54:38,140 INFO  - I'm in better position but no more hops in message (at simulation time 52.001,900,000 s)
2024-06-03 19:54:38,140 INFO  - Recieve a message from other vehicle (at simulation time 52.002,300,000 s)
2024-06-03 19:54:38,140 INFO  - I'm in better position but no more hops in message (at simulation time 52.002,300,000 s)
2024-06-03 19:54:38,140 INFO  - Recieve a message from other vehicle (at simulation time 52.002,400,000 s)
2024-06-03 19:54:38,141 INFO  - I'm in better position but no more hops in message (at simulation time 52.002,400,000 s)
2024-06-03 19:54:38,141 INFO  - Recieve a message from other vehicle (at simulation time 52.002,400,000 s)
2024-06-03 19:54:38,141 INFO  - I'm in better position but no more hops in message (at simulation time 52.002,400,000 s)
2024-06-03 19:54:38,141 INFO  - Recieve a message from other vehicle (at simulation time 52.002,400,000 s)
2024-06-03 19:54:38,141 INFO  - I'm in better position but no more hops in message (at simulation time 52.002,400,000 s)
2024-06-03 19:54:38,141 INFO  - Recieve a message from other vehicle (at simulation time 52.002,800,000 s)
2024-06-03 19:54:38,141 INFO  - I'm in better position but no more hops in message (at simulation time 52.002,800,000 s)
2024-06-03 19:54:38,141 INFO  - Recieve a message from other vehicle (at simulation time 52.003,300,000 s)
2024-06-03 19:54:38,141 INFO  - I'm in better position but no more hops in message (at simulation time 52.003,300,000 s)
2024-06-03 19:54:38,143 INFO  - Called #onVehicleUpdated (at simulation time 53.000,000,000 s)
2024-06-03 19:54:38,143 INFO  - Sending out AdHoc broadcast (at simulation time 53.000,000,000 s)
2024-06-03 19:54:38,145 INFO  - Recieve a message from other vehicle (at simulation time 53.000,800,000 s)
2024-06-03 19:54:38,145 INFO  - I'm in better position but no more hops in message (at simulation time 53.000,800,000 s)
2024-06-03 19:54:38,145 INFO  - Recieve a message from other vehicle (at simulation time 53.000,900,000 s)
2024-06-03 19:54:38,145 INFO  - Recending a message from other vehicle (at simulation time 53.000,900,000 s)
2024-06-03 19:54:38,145 INFO  - Recieve a message from other vehicle (at simulation time 53.000,900,000 s)
2024-06-03 19:54:38,145 INFO  - I'm in better position but no more hops in message (at simulation time 53.000,900,000 s)
2024-06-03 19:54:38,145 INFO  - Recieve a message from other vehicle (at simulation time 53.000,900,000 s)
2024-06-03 19:54:38,145 INFO  - I'm in better position but no more hops in message (at simulation time 53.000,900,000 s)
2024-06-03 19:54:38,146 INFO  - Recieve a message from other vehicle (at simulation time 53.001,300,000 s)
2024-06-03 19:54:38,146 INFO  - I'm in better position but no more hops in message (at simulation time 53.001,300,000 s)
2024-06-03 19:54:38,146 INFO  - Recieve a message from other vehicle (at simulation time 53.001,300,000 s)
2024-06-03 19:54:38,146 INFO  - I'm in better position but no more hops in message (at simulation time 53.001,300,000 s)
2024-06-03 19:54:38,146 INFO  - Recieve a message from other vehicle (at simulation time 53.001,300,000 s)
2024-06-03 19:54:38,146 INFO  - I'm in better position but no more hops in message (at simulation time 53.001,300,000 s)
2024-06-03 19:54:38,146 INFO  - Recieve a message from other vehicle (at simulation time 53.001,400,000 s)
2024-06-03 19:54:38,146 INFO  - I'm in better position but no more hops in message (at simulation time 53.001,400,000 s)
2024-06-03 19:54:38,146 INFO  - Recieve a message from other vehicle (at simulation time 53.001,400,000 s)
2024-06-03 19:54:38,146 INFO  - I'm in better position but no more hops in message (at simulation time 53.001,400,000 s)
2024-06-03 19:54:38,146 INFO  - Recieve a message from other vehicle (at simulation time 53.001,400,000 s)
2024-06-03 19:54:38,146 INFO  - I'm in better position but no more hops in message (at simulation time 53.001,400,000 s)
2024-06-03 19:54:38,146 INFO  - Recieve a message from other vehicle (at simulation time 53.001,400,000 s)
2024-06-03 19:54:38,146 INFO  - I'm in better position but no more hops in message (at simulation time 53.001,400,000 s)
2024-06-03 19:54:38,147 INFO  - Recieve a message from other vehicle (at simulation time 53.001,800,000 s)
2024-06-03 19:54:38,147 INFO  - I'm in better position but no more hops in message (at simulation time 53.001,800,000 s)
2024-06-03 19:54:38,147 INFO  - Recieve a message from other vehicle (at simulation time 53.001,900,000 s)
2024-06-03 19:54:38,147 INFO  - I'm in better position but no more hops in message (at simulation time 53.001,900,000 s)
2024-06-03 19:54:38,147 INFO  - Recieve a message from other vehicle (at simulation time 53.002,300,000 s)
2024-06-03 19:54:38,147 INFO  - I'm in better position but no more hops in message (at simulation time 53.002,300,000 s)
2024-06-03 19:54:38,147 INFO  - Recieve a message from other vehicle (at simulation time 53.002,400,000 s)
2024-06-03 19:54:38,148 INFO  - I'm in better position but no more hops in message (at simulation time 53.002,400,000 s)
2024-06-03 19:54:38,148 INFO  - Recieve a message from other vehicle (at simulation time 53.002,400,000 s)
2024-06-03 19:54:38,148 INFO  - I'm in better position but no more hops in message (at simulation time 53.002,400,000 s)
2024-06-03 19:54:38,148 INFO  - Recieve a message from other vehicle (at simulation time 53.002,400,000 s)
2024-06-03 19:54:38,148 INFO  - I'm in better position but no more hops in message (at simulation time 53.002,400,000 s)
2024-06-03 19:54:38,148 INFO  - Recieve a message from other vehicle (at simulation time 53.002,400,000 s)
2024-06-03 19:54:38,148 INFO  - I'm in better position but no more hops in message (at simulation time 53.002,400,000 s)
2024-06-03 19:54:38,148 INFO  - Recieve a message from other vehicle (at simulation time 53.002,400,000 s)
2024-06-03 19:54:38,148 INFO  - I'm in better position but no more hops in message (at simulation time 53.002,400,000 s)
2024-06-03 19:54:38,148 INFO  - Recieve a message from other vehicle (at simulation time 53.002,800,000 s)
2024-06-03 19:54:38,148 INFO  - I'm in better position but no more hops in message (at simulation time 53.002,800,000 s)
2024-06-03 19:54:38,150 INFO  - Called #onVehicleUpdated (at simulation time 54.000,000,000 s)
2024-06-03 19:54:38,150 INFO  - Sending out AdHoc broadcast (at simulation time 54.000,000,000 s)
2024-06-03 19:54:38,151 INFO  - Sending out AdHoc broadcast (at simulation time 54.000,000,000 s)
2024-06-03 19:54:38,152 INFO  - Recieve a message from other vehicle (at simulation time 54.000,800,000 s)
2024-06-03 19:54:38,152 INFO  - I'm in better position but no more hops in message (at simulation time 54.000,800,000 s)
2024-06-03 19:54:38,152 INFO  - Recieve a message from other vehicle (at simulation time 54.000,900,000 s)
2024-06-03 19:54:38,152 INFO  - My position is not better! (at simulation time 54.000,900,000 s)
2024-06-03 19:54:38,152 INFO  - Recieve a message from other vehicle (at simulation time 54.001,300,000 s)
2024-06-03 19:54:38,152 INFO  - I'm in better position but no more hops in message (at simulation time 54.001,300,000 s)
2024-06-03 19:54:38,152 INFO  - Recieve a message from other vehicle (at simulation time 54.001,400,000 s)
2024-06-03 19:54:38,152 INFO  - My position is not better! (at simulation time 54.001,400,000 s)
2024-06-03 19:54:38,153 INFO  - Recieve a message from other vehicle (at simulation time 54.001,400,000 s)
2024-06-03 19:54:38,153 INFO  - My position is not better! (at simulation time 54.001,400,000 s)
2024-06-03 19:54:38,153 INFO  - Recieve a message from other vehicle (at simulation time 54.001,900,000 s)
2024-06-03 19:54:38,153 INFO  - My position is not better! (at simulation time 54.001,900,000 s)
2024-06-03 19:54:38,153 INFO  - Recieve a message from other vehicle (at simulation time 54.002,300,000 s)
2024-06-03 19:54:38,153 INFO  - My position is not better! (at simulation time 54.002,300,000 s)
2024-06-03 19:54:38,153 INFO  - Recieve a message from other vehicle (at simulation time 54.002,400,000 s)
2024-06-03 19:54:38,153 INFO  - My position is not better! (at simulation time 54.002,400,000 s)
2024-06-03 19:54:38,154 INFO  - Recieve a message from other vehicle (at simulation time 54.002,800,000 s)
2024-06-03 19:54:38,154 INFO  - My position is not better! (at simulation time 54.002,800,000 s)
2024-06-03 19:54:38,154 INFO  - Recieve a message from other vehicle (at simulation time 54.002,800,000 s)
2024-06-03 19:54:38,154 INFO  - I'm in better position but no more hops in message (at simulation time 54.002,800,000 s)
2024-06-03 19:54:38,156 INFO  - Called #onVehicleUpdated (at simulation time 55.000,000,000 s)
2024-06-03 19:54:38,157 INFO  - Sending out AdHoc broadcast (at simulation time 55.000,000,000 s)
2024-06-03 19:54:38,158 INFO  - Recieve a message from other vehicle (at simulation time 55.000,900,000 s)
2024-06-03 19:54:38,158 INFO  - My position is not better! (at simulation time 55.000,900,000 s)
2024-06-03 19:54:38,158 INFO  - Recieve a message from other vehicle (at simulation time 55.001,300,000 s)
2024-06-03 19:54:38,158 INFO  - My position is not better! (at simulation time 55.001,300,000 s)
2024-06-03 19:54:38,158 INFO  - Recieve a message from other vehicle (at simulation time 55.001,400,000 s)
2024-06-03 19:54:38,158 INFO  - My position is not better! (at simulation time 55.001,400,000 s)
2024-06-03 19:54:38,158 INFO  - Recieve a message from other vehicle (at simulation time 55.001,400,000 s)
2024-06-03 19:54:38,158 INFO  - My position is not better! (at simulation time 55.001,400,000 s)
2024-06-03 19:54:38,158 INFO  - Recieve a message from other vehicle (at simulation time 55.001,900,000 s)
2024-06-03 19:54:38,158 INFO  - My position is not better! (at simulation time 55.001,900,000 s)
2024-06-03 19:54:38,158 INFO  - Recieve a message from other vehicle (at simulation time 55.002,400,000 s)
2024-06-03 19:54:38,158 INFO  - My position is not better! (at simulation time 55.002,400,000 s)
2024-06-03 19:54:38,158 INFO  - Recieve a message from other vehicle (at simulation time 55.003,300,000 s)
2024-06-03 19:54:38,158 INFO  - My position is not better! (at simulation time 55.003,300,000 s)
2024-06-03 19:54:38,158 INFO  - Recieve a message from other vehicle (at simulation time 55.003,300,000 s)
2024-06-03 19:54:38,158 INFO  - My position is not better! (at simulation time 55.003,300,000 s)
2024-06-03 19:54:38,158 INFO  - Recieve a message from other vehicle (at simulation time 55.003,800,000 s)
2024-06-03 19:54:38,158 INFO  - My position is not better! (at simulation time 55.003,800,000 s)
2024-06-03 19:54:38,158 INFO  - Recieve a message from other vehicle (at simulation time 55.004,800,000 s)
2024-06-03 19:54:38,158 INFO  - My position is not better! (at simulation time 55.004,800,000 s)
2024-06-03 19:54:38,160 INFO  - Called #onVehicleUpdated (at simulation time 56.000,000,000 s)
2024-06-03 19:54:38,160 INFO  - Sending out AdHoc broadcast (at simulation time 56.000,000,000 s)
2024-06-03 19:54:38,161 INFO  - Sending out AdHoc broadcast (at simulation time 56.000,000,000 s)
2024-06-03 19:54:38,164 INFO  - Called #onVehicleUpdated (at simulation time 57.000,000,000 s)
2024-06-03 19:54:38,164 INFO  - Sending out AdHoc broadcast (at simulation time 57.000,000,000 s)
2024-06-03 19:54:38,167 INFO  - Called #onVehicleUpdated (at simulation time 58.000,000,000 s)
2024-06-03 19:54:38,168 INFO  - Sending out AdHoc broadcast (at simulation time 58.000,000,000 s)
2024-06-03 19:54:38,168 INFO  - Sending out AdHoc broadcast (at simulation time 58.000,000,000 s)
2024-06-03 19:54:38,170 INFO  - Called #onVehicleUpdated (at simulation time 59.000,000,000 s)
2024-06-03 19:54:38,171 INFO  - Sending out AdHoc broadcast (at simulation time 59.000,000,000 s)
2024-06-03 19:54:38,175 INFO  - Called #onVehicleUpdated (at simulation time 60.000,000,000 s)
2024-06-03 19:54:38,175 INFO  - Sending out AdHoc broadcast (at simulation time 60.000,000,000 s)
2024-06-03 19:54:38,175 INFO  - Sending out AdHoc broadcast (at simulation time 60.000,000,000 s)
2024-06-03 19:54:38,177 INFO  - Called #onVehicleUpdated (at simulation time 61.000,000,000 s)
2024-06-03 19:54:38,177 INFO  - Sending out AdHoc broadcast (at simulation time 61.000,000,000 s)
2024-06-03 19:54:38,180 INFO  - Shutdown (at simulation time 62.000,000,000 s)
