2024-06-03 19:50:57,240 INFO  - Initialize Vehicle application (at simulation time 403.000,000,000 s)
2024-06-03 19:50:57,241 INFO  - Activated WLAN Module (at simulation time 403.000,000,000 s)
2024-06-03 19:50:57,241 INFO  - Called #onVehicleUpdated (at simulation time 403.000,000,000 s)
2024-06-03 19:50:57,241 INFO  - Recieve a message from other vehicle (at simulation time 403.001,900,000 s)
2024-06-03 19:50:57,241 INFO  - My position is not better! (at simulation time 403.001,900,000 s)
2024-06-03 19:50:57,243 INFO  - Called #onVehicleUpdated (at simulation time 404.000,000,000 s)
2024-06-03 19:50:57,243 INFO  - Define the name: veh_65 and route: r_1 (at simulation time 404.000,000,000 s)
2024-06-03 19:50:57,243 INFO  - Sending out AdHoc broadcast (at simulation time 404.000,000,000 s)
2024-06-03 19:50:57,243 INFO  - Recieve a message from other vehicle (at simulation time 404.000,800,000 s)
2024-06-03 19:50:57,243 INFO  - My position is not better! (at simulation time 404.000,800,000 s)
2024-06-03 19:50:57,244 INFO  - Called #onVehicleUpdated (at simulation time 405.000,000,000 s)
2024-06-03 19:50:57,244 INFO  - Recieve a message from other vehicle (at simulation time 405.002,400,000 s)
2024-06-03 19:50:57,244 INFO  - My position is not better! (at simulation time 405.002,400,000 s)
2024-06-03 19:50:57,245 INFO  - Called #onVehicleUpdated (at simulation time 406.000,000,000 s)
2024-06-03 19:50:57,245 INFO  - Sending out AdHoc broadcast (at simulation time 406.000,000,000 s)
2024-06-03 19:50:57,245 INFO  - Recieve a message from other vehicle (at simulation time 406.003,800,000 s)
2024-06-03 19:50:57,245 INFO  - My position is not better! (at simulation time 406.003,800,000 s)
2024-06-03 19:50:57,246 INFO  - Called #onVehicleUpdated (at simulation time 407.000,000,000 s)
2024-06-03 19:50:57,246 INFO  - Recieve a message from other vehicle (at simulation time 407.000,400,000 s)
2024-06-03 19:50:57,246 INFO  - My position is not better! (at simulation time 407.000,400,000 s)
2024-06-03 19:50:57,247 INFO  - Called #onVehicleUpdated (at simulation time 408.000,000,000 s)
2024-06-03 19:50:57,247 INFO  - Sending out AdHoc broadcast (at simulation time 408.000,000,000 s)
2024-06-03 19:50:57,247 INFO  - Recieve a message from other vehicle (at simulation time 408.001,800,000 s)
2024-06-03 19:50:57,247 INFO  - My position is not better! (at simulation time 408.001,800,000 s)
2024-06-03 19:50:57,248 INFO  - Called #onVehicleUpdated (at simulation time 409.000,000,000 s)
2024-06-03 19:50:57,249 INFO  - Recieve a message from other vehicle (at simulation time 409.001,900,000 s)
2024-06-03 19:50:57,249 INFO  - My position is not better! (at simulation time 409.001,900,000 s)
2024-06-03 19:50:57,250 INFO  - Called #onVehicleUpdated (at simulation time 410.000,000,000 s)
2024-06-03 19:50:57,250 INFO  - Sending out AdHoc broadcast (at simulation time 410.000,000,000 s)
2024-06-03 19:50:57,251 INFO  - Recieve a message from other vehicle (at simulation time 410.002,300,000 s)
2024-06-03 19:50:57,251 INFO  - My position is not better! (at simulation time 410.002,300,000 s)
2024-06-03 19:50:57,251 INFO  - Called #onVehicleUpdated (at simulation time 411.000,000,000 s)
2024-06-03 19:50:57,252 INFO  - Recieve a message from other vehicle (at simulation time 411.000,400,000 s)
2024-06-03 19:50:57,252 INFO  - My position is not better! (at simulation time 411.000,400,000 s)
2024-06-03 19:50:57,252 INFO  - Recieve a message from other vehicle (at simulation time 411.000,900,000 s)
2024-06-03 19:50:57,252 INFO  - DENM message Recived from veh_64 -info : seco (at simulation time 411.000,900,000 s)
2024-06-03 19:50:57,252 INFO  - No more hops in DENM message (at simulation time 411.000,900,000 s)
2024-06-03 19:50:57,252 INFO  - Recieve a message from other vehicle (at simulation time 411.001,400,000 s)
2024-06-03 19:50:57,252 INFO  - My position is not better! (at simulation time 411.001,400,000 s)
2024-06-03 19:50:57,252 INFO  - Recieve a message from other vehicle (at simulation time 411.001,800,000 s)
2024-06-03 19:50:57,252 INFO  - DENM message Recived from veh_64 -info : seco (at simulation time 411.001,800,000 s)
2024-06-03 19:50:57,252 INFO  - No more hops in DENM message (at simulation time 411.001,800,000 s)
2024-06-03 19:50:57,252 INFO  - Recieve a message from other vehicle (at simulation time 411.001,800,000 s)
2024-06-03 19:50:57,252 INFO  - DENM message Recived from veh_66 -info : seco (at simulation time 411.001,800,000 s)
2024-06-03 19:50:57,252 INFO  - No more hops in DENM message (at simulation time 411.001,800,000 s)
2024-06-03 19:50:57,252 INFO  - Recieve a message from other vehicle (at simulation time 411.001,900,000 s)
2024-06-03 19:50:57,252 INFO  - DENM message Recived from veh_66 -info : seco (at simulation time 411.001,900,000 s)
2024-06-03 19:50:57,252 INFO  - No more hops in DENM message (at simulation time 411.001,900,000 s)
2024-06-03 19:50:57,252 INFO  - Recieve a message from other vehicle (at simulation time 411.001,900,000 s)
2024-06-03 19:50:57,252 INFO  - My position is not better! (at simulation time 411.001,900,000 s)
2024-06-03 19:50:57,252 INFO  - Recieve a message from other vehicle (at simulation time 411.002,400,000 s)
2024-06-03 19:50:57,252 INFO  - DENM message Recived from veh_67 -info : seco (at simulation time 411.002,400,000 s)
2024-06-03 19:50:57,252 INFO  - No more hops in DENM message (at simulation time 411.002,400,000 s)
2024-06-03 19:50:57,252 INFO  - Recieve a message from other vehicle (at simulation time 411.003,300,000 s)
2024-06-03 19:50:57,252 INFO  - My position is not better! (at simulation time 411.003,300,000 s)
2024-06-03 19:50:57,252 INFO  - Recieve a message from other vehicle (at simulation time 411.003,800,000 s)
2024-06-03 19:50:57,252 INFO  - DENM message Recived from veh_67 -info : seco (at simulation time 411.003,800,000 s)
2024-06-03 19:50:57,252 INFO  - No more hops in DENM message (at simulation time 411.003,800,000 s)
2024-06-03 19:50:57,253 INFO  - Called #onVehicleUpdated (at simulation time 412.000,000,000 s)
2024-06-03 19:50:57,253 INFO  - Sending out DENM broadcast (at simulation time 412.000,000,000 s)
2024-06-03 19:50:57,253 INFO  - Sending out AdHoc broadcast (at simulation time 412.000,000,000 s)
2024-06-03 19:50:57,253 INFO  - Recieve a message from other vehicle (at simulation time 412.000,900,000 s)
2024-06-03 19:50:57,253 INFO  - My position is not better! (at simulation time 412.000,900,000 s)
2024-06-03 19:50:57,254 INFO  - Recieve a message from other vehicle (at simulation time 412.000,900,000 s)
2024-06-03 19:50:57,254 INFO  - My position is not better! (at simulation time 412.000,900,000 s)
2024-06-03 19:50:57,254 INFO  - Recieve a message from other vehicle (at simulation time 412.001,400,000 s)
2024-06-03 19:50:57,254 INFO  - My position is not better! (at simulation time 412.001,400,000 s)
2024-06-03 19:50:57,254 INFO  - Recieve a message from other vehicle (at simulation time 412.002,800,000 s)
2024-06-03 19:50:57,254 INFO  - My position is not better! (at simulation time 412.002,800,000 s)
2024-06-03 19:50:57,254 INFO  - Recieve a message from other vehicle (at simulation time 412.003,300,000 s)
2024-06-03 19:50:57,254 INFO  - DENM message Recived from veh_65 -info : seco (at simulation time 412.003,300,000 s)
2024-06-03 19:50:57,254 INFO  - No more hops in DENM message (at simulation time 412.003,300,000 s)
2024-06-03 19:50:57,255 INFO  - Called #onVehicleUpdated (at simulation time 413.000,000,000 s)
2024-06-03 19:50:57,255 INFO  - Recieve a message from other vehicle (at simulation time 413.000,400,000 s)
2024-06-03 19:50:57,255 INFO  - My position is not better! (at simulation time 413.000,400,000 s)
2024-06-03 19:50:57,255 INFO  - Recieve a message from other vehicle (at simulation time 413.001,900,000 s)
2024-06-03 19:50:57,255 INFO  - My position is not better! (at simulation time 413.001,900,000 s)
2024-06-03 19:50:57,255 INFO  - Recieve a message from other vehicle (at simulation time 413.002,300,000 s)
2024-06-03 19:50:57,255 INFO  - I'm in better position but no more hops in message (at simulation time 413.002,300,000 s)
2024-06-03 19:50:57,255 INFO  - Recieve a message from other vehicle (at simulation time 413.002,400,000 s)
2024-06-03 19:50:57,255 INFO  - I'm in better position but no more hops in message (at simulation time 413.002,400,000 s)
2024-06-03 19:50:57,256 INFO  - Called #onVehicleUpdated (at simulation time 414.000,000,000 s)
2024-06-03 19:50:57,256 INFO  - Sending out AdHoc broadcast (at simulation time 414.000,000,000 s)
2024-06-03 19:50:57,256 INFO  - Recieve a message from other vehicle (at simulation time 414.000,900,000 s)
2024-06-03 19:50:57,256 INFO  - I'm in better position but no more hops in message (at simulation time 414.000,900,000 s)
2024-06-03 19:50:57,256 INFO  - Recieve a message from other vehicle (at simulation time 414.000,900,000 s)
2024-06-03 19:50:57,256 INFO  - I'm in better position but no more hops in message (at simulation time 414.000,900,000 s)
2024-06-03 19:50:57,256 INFO  - Recieve a message from other vehicle (at simulation time 414.001,900,000 s)
2024-06-03 19:50:57,256 INFO  - I'm in better position but no more hops in message (at simulation time 414.001,900,000 s)
2024-06-03 19:50:57,257 INFO  - Called #onVehicleUpdated (at simulation time 415.000,000,000 s)
2024-06-03 19:50:57,257 INFO  - Recieve a message from other vehicle (at simulation time 415.000,400,000 s)
2024-06-03 19:50:57,257 INFO  - Recending a message from other vehicle (at simulation time 415.000,400,000 s)
2024-06-03 19:50:57,257 INFO  - Recieve a message from other vehicle (at simulation time 415.001,900,000 s)
2024-06-03 19:50:57,257 INFO  - I'm in better position but no more hops in message (at simulation time 415.001,900,000 s)
2024-06-03 19:50:57,258 INFO  - Called #onVehicleUpdated (at simulation time 416.000,000,000 s)
2024-06-03 19:50:57,259 INFO  - Sending out AdHoc broadcast (at simulation time 416.000,000,000 s)
2024-06-03 19:50:57,259 INFO  - Recieve a message from other vehicle (at simulation time 416.001,400,000 s)
2024-06-03 19:50:57,259 INFO  - I'm in better position but no more hops in message (at simulation time 416.001,400,000 s)
2024-06-03 19:50:57,259 INFO  - Recieve a message from other vehicle (at simulation time 416.001,400,000 s)
2024-06-03 19:50:57,259 INFO  - I'm in better position but no more hops in message (at simulation time 416.001,400,000 s)
2024-06-03 19:50:57,259 INFO  - Recieve a message from other vehicle (at simulation time 416.002,400,000 s)
2024-06-03 19:50:57,259 INFO  - I'm in better position but no more hops in message (at simulation time 416.002,400,000 s)
2024-06-03 19:50:57,260 INFO  - Called #onVehicleUpdated (at simulation time 417.000,000,000 s)
2024-06-03 19:50:57,260 INFO  - Recieve a message from other vehicle (at simulation time 417.000,400,000 s)
2024-06-03 19:50:57,260 INFO  - My position is not better! (at simulation time 417.000,400,000 s)
2024-06-03 19:50:57,261 INFO  - Called #onVehicleUpdated (at simulation time 418.000,000,000 s)
2024-06-03 19:50:57,262 INFO  - Sending out AdHoc broadcast (at simulation time 418.000,000,000 s)
2024-06-03 19:50:57,262 INFO  - Recieve a message from other vehicle (at simulation time 418.000,400,000 s)
2024-06-03 19:50:57,262 INFO  - My position is not better! (at simulation time 418.000,400,000 s)
2024-06-03 19:50:57,262 INFO  - Recieve a message from other vehicle (at simulation time 418.001,800,000 s)
2024-06-03 19:50:57,262 INFO  - My position is not better! (at simulation time 418.001,800,000 s)
2024-06-03 19:50:57,262 INFO  - Recieve a message from other vehicle (at simulation time 418.001,900,000 s)
2024-06-03 19:50:57,262 INFO  - My position is not better! (at simulation time 418.001,900,000 s)
2024-06-03 19:50:57,262 INFO  - Recieve a message from other vehicle (at simulation time 418.001,900,000 s)
2024-06-03 19:50:57,262 INFO  - My position is not better! (at simulation time 418.001,900,000 s)
2024-06-03 19:50:57,263 INFO  - Called #onVehicleUpdated (at simulation time 419.000,000,000 s)
2024-06-03 19:50:57,266 INFO  - Called #onVehicleUpdated (at simulation time 420.000,000,000 s)
2024-06-03 19:50:57,266 INFO  - Exced velocity! Sending new CAM (at simulation time 420.000,000,000 s)
2024-06-03 19:50:57,266 INFO  - Sending out AdHoc broadcast (at simulation time 420.000,000,000 s)
2024-06-03 19:50:57,266 INFO  - Sending out AdHoc broadcast (at simulation time 420.000,000,000 s)
2024-06-03 19:50:57,267 INFO  - Called #onVehicleUpdated (at simulation time 421.000,000,000 s)
2024-06-03 19:50:57,267 INFO  - Exced velocity! Sending new CAM (at simulation time 421.000,000,000 s)
2024-06-03 19:50:57,267 INFO  - Sending out AdHoc broadcast (at simulation time 421.000,000,000 s)
2024-06-03 19:50:57,268 INFO  - Called #onVehicleUpdated (at simulation time 422.000,000,000 s)
2024-06-03 19:50:57,268 INFO  - Exced velocity! Sending new CAM (at simulation time 422.000,000,000 s)
2024-06-03 19:50:57,268 INFO  - Sending out AdHoc broadcast (at simulation time 422.000,000,000 s)
2024-06-03 19:50:57,268 INFO  - Sending out AdHoc broadcast (at simulation time 422.000,000,000 s)
2024-06-03 19:50:57,268 INFO  - Sending out AdHoc broadcast (at simulation time 422.000,000,000 s)
2024-06-03 19:50:57,268 INFO  - Called #onVehicleUpdated (at simulation time 423.000,000,000 s)
2024-06-03 19:50:57,268 INFO  - Exced velocity! Sending new CAM (at simulation time 423.000,000,000 s)
2024-06-03 19:50:57,268 INFO  - Sending out AdHoc broadcast (at simulation time 423.000,000,000 s)
2024-06-03 19:50:57,269 INFO  - Sending out AdHoc broadcast (at simulation time 423.000,000,000 s)
2024-06-03 19:50:57,270 INFO  - Shutdown (at simulation time 424.000,000,000 s)
