2024-06-03 18:12:31,642 INFO  - Initialize Vehicle application (at simulation time 150.000,000,000 s)
2024-06-03 18:12:31,645 INFO  - Activated WLAN Module (at simulation time 150.000,000,000 s)
2024-06-03 18:12:31,645 INFO  - Called #onVehicleUpdated (at simulation time 150.000,000,000 s)
2024-06-03 18:12:31,645 INFO  - Exced velocity! Sending new CAM (at simulation time 150.000,000,000 s)
2024-06-03 18:12:31,645 INFO  - Sending out AdHoc broadcast (at simulation time 150.000,000,000 s)
2024-06-03 18:12:31,833 INFO  - Called #onVehicleUpdated (at simulation time 151.000,000,000 s)
2024-06-03 18:12:31,833 INFO  - Exced velocity! Sending new CAM (at simulation time 151.000,000,000 s)
2024-06-03 18:12:31,833 INFO  - Sending out AdHoc broadcast (at simulation time 151.000,000,000 s)
2024-06-03 18:12:31,833 INFO  - Define the name: veh_29 and route: r_5 (at simulation time 151.000,000,000 s)
2024-06-03 18:12:31,833 INFO  - Sending out AdHoc broadcast (at simulation time 151.000,000,000 s)
2024-06-03 18:12:32,030 INFO  - Called #onVehicleUpdated (at simulation time 152.000,000,000 s)
2024-06-03 18:12:32,030 INFO  - Exced velocity! Sending new CAM (at simulation time 152.000,000,000 s)
2024-06-03 18:12:32,030 INFO  - Sending out AdHoc broadcast (at simulation time 152.000,000,000 s)
2024-06-03 18:12:32,030 INFO  - Sending out AdHoc broadcast (at simulation time 152.000,000,000 s)
2024-06-03 18:12:32,231 INFO  - Called #onVehicleUpdated (at simulation time 153.000,000,000 s)
2024-06-03 18:12:32,232 INFO  - Exced velocity! Sending new CAM (at simulation time 153.000,000,000 s)
2024-06-03 18:12:32,232 INFO  - Sending out AdHoc broadcast (at simulation time 153.000,000,000 s)
2024-06-03 18:12:32,232 INFO  - Sending out AdHoc broadcast (at simulation time 153.000,000,000 s)
2024-06-03 18:12:32,232 INFO  - Sending out AdHoc broadcast (at simulation time 153.000,000,000 s)
2024-06-03 18:12:32,432 INFO  - Called #onVehicleUpdated (at simulation time 154.000,000,000 s)
2024-06-03 18:12:32,432 INFO  - Exced velocity! Sending new CAM (at simulation time 154.000,000,000 s)
2024-06-03 18:12:32,432 INFO  - Sending out AdHoc broadcast (at simulation time 154.000,000,000 s)
2024-06-03 18:12:32,433 INFO  - Sending out AdHoc broadcast (at simulation time 154.000,000,000 s)
2024-06-03 18:12:32,433 INFO  - Sending out AdHoc broadcast (at simulation time 154.000,000,000 s)
2024-06-03 18:12:32,435 INFO  - Recieve a message from other vehicle (at simulation time 154.000,400,000 s)
2024-06-03 18:12:32,435 INFO  - My position is not better! (at simulation time 154.000,400,000 s)
2024-06-03 18:12:32,437 INFO  - Recieve a message from other vehicle (at simulation time 154.000,900,000 s)
2024-06-03 18:12:32,437 INFO  - My position is not better! (at simulation time 154.000,900,000 s)
2024-06-03 18:12:32,437 INFO  - Recieve a message from other vehicle (at simulation time 154.000,900,000 s)
2024-06-03 18:12:32,437 INFO  - My position is not better! (at simulation time 154.000,900,000 s)
2024-06-03 18:12:32,437 INFO  - Recieve a message from other vehicle (at simulation time 154.000,900,000 s)
2024-06-03 18:12:32,437 INFO  - My position is not better! (at simulation time 154.000,900,000 s)
2024-06-03 18:12:32,439 INFO  - Recieve a message from other vehicle (at simulation time 154.001,400,000 s)
2024-06-03 18:12:32,439 INFO  - My position is not better! (at simulation time 154.001,400,000 s)
2024-06-03 18:12:32,441 INFO  - Recieve a message from other vehicle (at simulation time 154.001,800,000 s)
2024-06-03 18:12:32,441 INFO  - My position is not better! (at simulation time 154.001,800,000 s)
2024-06-03 18:12:32,442 INFO  - Recieve a message from other vehicle (at simulation time 154.002,300,000 s)
2024-06-03 18:12:32,442 INFO  - My position is not better! (at simulation time 154.002,300,000 s)
2024-06-03 18:12:32,442 INFO  - Recieve a message from other vehicle (at simulation time 154.002,400,000 s)
2024-06-03 18:12:32,442 INFO  - My position is not better! (at simulation time 154.002,400,000 s)
2024-06-03 18:12:32,443 INFO  - Recieve a message from other vehicle (at simulation time 154.002,800,000 s)
2024-06-03 18:12:32,443 INFO  - My position is not better! (at simulation time 154.002,800,000 s)
2024-06-03 18:12:32,633 INFO  - Called #onVehicleUpdated (at simulation time 155.000,000,000 s)
2024-06-03 18:12:32,633 INFO  - Sending out AdHoc broadcast (at simulation time 155.000,000,000 s)
2024-06-03 18:12:32,633 INFO  - Sending out AdHoc broadcast (at simulation time 155.000,000,000 s)
2024-06-03 18:12:32,634 INFO  - Sending out AdHoc broadcast (at simulation time 155.000,000,000 s)
2024-06-03 18:12:32,636 INFO  - Recieve a message from other vehicle (at simulation time 155.000,400,000 s)
2024-06-03 18:12:32,636 INFO  - My position is not better! (at simulation time 155.000,400,000 s)
2024-06-03 18:12:32,636 INFO  - Recieve a message from other vehicle (at simulation time 155.000,400,000 s)
2024-06-03 18:12:32,636 INFO  - My position is not better! (at simulation time 155.000,400,000 s)
2024-06-03 18:12:32,637 INFO  - Recieve a message from other vehicle (at simulation time 155.000,400,000 s)
2024-06-03 18:12:32,637 INFO  - My position is not better! (at simulation time 155.000,400,000 s)
2024-06-03 18:12:32,639 INFO  - Recieve a message from other vehicle (at simulation time 155.000,400,000 s)
2024-06-03 18:12:32,639 INFO  - My position is not better! (at simulation time 155.000,400,000 s)
2024-06-03 18:12:32,641 INFO  - Recieve a message from other vehicle (at simulation time 155.001,300,000 s)
2024-06-03 18:12:32,641 INFO  - My position is not better! (at simulation time 155.001,300,000 s)
2024-06-03 18:12:32,643 INFO  - Recieve a message from other vehicle (at simulation time 155.001,400,000 s)
2024-06-03 18:12:32,643 INFO  - My position is not better! (at simulation time 155.001,400,000 s)
2024-06-03 18:12:32,644 INFO  - Recieve a message from other vehicle (at simulation time 155.001,400,000 s)
2024-06-03 18:12:32,644 INFO  - My position is not better! (at simulation time 155.001,400,000 s)
2024-06-03 18:12:32,644 INFO  - Recieve a message from other vehicle (at simulation time 155.001,800,000 s)
2024-06-03 18:12:32,644 INFO  - My position is not better! (at simulation time 155.001,800,000 s)
2024-06-03 18:12:32,644 INFO  - Recieve a message from other vehicle (at simulation time 155.001,900,000 s)
2024-06-03 18:12:32,644 INFO  - My position is not better! (at simulation time 155.001,900,000 s)
2024-06-03 18:12:32,645 INFO  - Recieve a message from other vehicle (at simulation time 155.001,900,000 s)
2024-06-03 18:12:32,645 INFO  - My position is not better! (at simulation time 155.001,900,000 s)
2024-06-03 18:12:32,646 INFO  - Recieve a message from other vehicle (at simulation time 155.002,300,000 s)
2024-06-03 18:12:32,646 INFO  - My position is not better! (at simulation time 155.002,300,000 s)
2024-06-03 18:12:32,646 INFO  - Recieve a message from other vehicle (at simulation time 155.002,400,000 s)
2024-06-03 18:12:32,646 INFO  - My position is not better! (at simulation time 155.002,400,000 s)
2024-06-03 18:12:32,646 INFO  - Recieve a message from other vehicle (at simulation time 155.002,400,000 s)
2024-06-03 18:12:32,646 INFO  - My position is not better! (at simulation time 155.002,400,000 s)
2024-06-03 18:12:32,646 INFO  - Recieve a message from other vehicle (at simulation time 155.002,400,000 s)
2024-06-03 18:12:32,646 INFO  - My position is not better! (at simulation time 155.002,400,000 s)
2024-06-03 18:12:32,831 INFO  - Called #onVehicleUpdated (at simulation time 156.000,000,000 s)
2024-06-03 18:12:32,831 INFO  - Sending out AdHoc broadcast (at simulation time 156.000,000,000 s)
2024-06-03 18:12:32,831 INFO  - Sending out AdHoc broadcast (at simulation time 156.000,000,000 s)
2024-06-03 18:12:32,832 INFO  - Sending out AdHoc broadcast (at simulation time 156.000,000,000 s)
2024-06-03 18:12:32,836 INFO  - Recieve a message from other vehicle (at simulation time 156.000,400,000 s)
2024-06-03 18:12:32,836 INFO  - My position is not better! (at simulation time 156.000,400,000 s)
2024-06-03 18:12:32,837 INFO  - Recieve a message from other vehicle (at simulation time 156.000,900,000 s)
2024-06-03 18:12:32,837 INFO  - My position is not better! (at simulation time 156.000,900,000 s)
2024-06-03 18:12:32,838 INFO  - Recieve a message from other vehicle (at simulation time 156.000,900,000 s)
2024-06-03 18:12:32,838 INFO  - My position is not better! (at simulation time 156.000,900,000 s)
2024-06-03 18:12:32,838 INFO  - Recieve a message from other vehicle (at simulation time 156.000,900,000 s)
2024-06-03 18:12:32,838 INFO  - My position is not better! (at simulation time 156.000,900,000 s)
2024-06-03 18:12:32,838 INFO  - Recieve a message from other vehicle (at simulation time 156.000,900,000 s)
2024-06-03 18:12:32,838 INFO  - My position is not better! (at simulation time 156.000,900,000 s)
2024-06-03 18:12:32,838 INFO  - Recieve a message from other vehicle (at simulation time 156.001,300,000 s)
2024-06-03 18:12:32,838 INFO  - My position is not better! (at simulation time 156.001,300,000 s)
2024-06-03 18:12:32,839 INFO  - Recieve a message from other vehicle (at simulation time 156.001,400,000 s)
2024-06-03 18:12:32,839 INFO  - My position is not better! (at simulation time 156.001,400,000 s)
2024-06-03 18:12:32,839 INFO  - Recieve a message from other vehicle (at simulation time 156.001,400,000 s)
2024-06-03 18:12:32,839 INFO  - My position is not better! (at simulation time 156.001,400,000 s)
2024-06-03 18:12:32,839 INFO  - Recieve a message from other vehicle (at simulation time 156.001,400,000 s)
2024-06-03 18:12:32,839 INFO  - My position is not better! (at simulation time 156.001,400,000 s)
2024-06-03 18:12:32,840 INFO  - Recieve a message from other vehicle (at simulation time 156.001,800,000 s)
2024-06-03 18:12:32,840 INFO  - My position is not better! (at simulation time 156.001,800,000 s)
2024-06-03 18:12:32,840 INFO  - Recieve a message from other vehicle (at simulation time 156.001,900,000 s)
2024-06-03 18:12:32,840 INFO  - My position is not better! (at simulation time 156.001,900,000 s)
2024-06-03 18:12:32,840 INFO  - Recieve a message from other vehicle (at simulation time 156.001,900,000 s)
2024-06-03 18:12:32,840 INFO  - My position is not better! (at simulation time 156.001,900,000 s)
2024-06-03 18:12:32,840 INFO  - Recieve a message from other vehicle (at simulation time 156.001,900,000 s)
2024-06-03 18:12:32,840 INFO  - My position is not better! (at simulation time 156.001,900,000 s)
2024-06-03 18:12:32,841 INFO  - Recieve a message from other vehicle (at simulation time 156.002,400,000 s)
2024-06-03 18:12:32,841 INFO  - My position is not better! (at simulation time 156.002,400,000 s)
2024-06-03 18:12:32,841 INFO  - Recieve a message from other vehicle (at simulation time 156.002,400,000 s)
2024-06-03 18:12:32,841 INFO  - My position is not better! (at simulation time 156.002,400,000 s)
2024-06-03 18:12:32,841 INFO  - Recieve a message from other vehicle (at simulation time 156.002,800,000 s)
2024-06-03 18:12:32,841 INFO  - My position is not better! (at simulation time 156.002,800,000 s)
2024-06-03 18:12:33,030 INFO  - Called #onVehicleUpdated (at simulation time 157.000,000,000 s)
2024-06-03 18:12:33,030 INFO  - Sending out AdHoc broadcast (at simulation time 157.000,000,000 s)
2024-06-03 18:12:33,030 INFO  - Sending out AdHoc broadcast (at simulation time 157.000,000,000 s)
2024-06-03 18:12:33,030 INFO  - Sending out AdHoc broadcast (at simulation time 157.000,000,000 s)
2024-06-03 18:12:33,031 INFO  - Recieve a message from other vehicle (at simulation time 157.000,400,000 s)
2024-06-03 18:12:33,031 INFO  - My position is not better! (at simulation time 157.000,400,000 s)
2024-06-03 18:12:33,032 INFO  - Recieve a message from other vehicle (at simulation time 157.000,400,000 s)
2024-06-03 18:12:33,032 INFO  - My position is not better! (at simulation time 157.000,400,000 s)
2024-06-03 18:12:33,032 INFO  - Recieve a message from other vehicle (at simulation time 157.000,900,000 s)
2024-06-03 18:12:33,032 INFO  - My position is not better! (at simulation time 157.000,900,000 s)
2024-06-03 18:12:33,033 INFO  - Recieve a message from other vehicle (at simulation time 157.000,900,000 s)
2024-06-03 18:12:33,033 INFO  - My position is not better! (at simulation time 157.000,900,000 s)
2024-06-03 18:12:33,033 INFO  - Recieve a message from other vehicle (at simulation time 157.000,900,000 s)
2024-06-03 18:12:33,033 INFO  - My position is not better! (at simulation time 157.000,900,000 s)
2024-06-03 18:12:33,034 INFO  - Recieve a message from other vehicle (at simulation time 157.001,400,000 s)
2024-06-03 18:12:33,034 INFO  - My position is not better! (at simulation time 157.001,400,000 s)
2024-06-03 18:12:33,034 INFO  - Recieve a message from other vehicle (at simulation time 157.001,400,000 s)
2024-06-03 18:12:33,034 INFO  - My position is not better! (at simulation time 157.001,400,000 s)
2024-06-03 18:12:33,034 INFO  - Recieve a message from other vehicle (at simulation time 157.001,400,000 s)
2024-06-03 18:12:33,034 INFO  - My position is not better! (at simulation time 157.001,400,000 s)
2024-06-03 18:12:33,034 INFO  - Recieve a message from other vehicle (at simulation time 157.001,900,000 s)
2024-06-03 18:12:33,034 INFO  - My position is not better! (at simulation time 157.001,900,000 s)
2024-06-03 18:12:33,035 INFO  - Recieve a message from other vehicle (at simulation time 157.002,400,000 s)
2024-06-03 18:12:33,035 INFO  - My position is not better! (at simulation time 157.002,400,000 s)
2024-06-03 18:12:33,035 INFO  - Recieve a message from other vehicle (at simulation time 157.002,400,000 s)
2024-06-03 18:12:33,035 INFO  - My position is not better! (at simulation time 157.002,400,000 s)
2024-06-03 18:12:33,035 INFO  - Recieve a message from other vehicle (at simulation time 157.002,400,000 s)
2024-06-03 18:12:33,035 INFO  - My position is not better! (at simulation time 157.002,400,000 s)
2024-06-03 18:12:33,036 INFO  - Recieve a message from other vehicle (at simulation time 157.002,400,000 s)
2024-06-03 18:12:33,036 INFO  - My position is not better! (at simulation time 157.002,400,000 s)
2024-06-03 18:12:33,231 INFO  - Called #onVehicleUpdated (at simulation time 158.000,000,000 s)
2024-06-03 18:12:33,231 INFO  - Sending out AdHoc broadcast (at simulation time 158.000,000,000 s)
2024-06-03 18:12:33,231 INFO  - Sending out AdHoc broadcast (at simulation time 158.000,000,000 s)
2024-06-03 18:12:33,231 INFO  - Sending out AdHoc broadcast (at simulation time 158.000,000,000 s)
2024-06-03 18:12:33,235 INFO  - Recieve a message from other vehicle (at simulation time 158.000,400,000 s)
2024-06-03 18:12:33,235 INFO  - My position is not better! (at simulation time 158.000,400,000 s)
2024-06-03 18:12:33,235 INFO  - Recieve a message from other vehicle (at simulation time 158.000,400,000 s)
2024-06-03 18:12:33,235 INFO  - My position is not better! (at simulation time 158.000,400,000 s)
2024-06-03 18:12:33,236 INFO  - Recieve a message from other vehicle (at simulation time 158.000,400,000 s)
2024-06-03 18:12:33,236 INFO  - My position is not better! (at simulation time 158.000,400,000 s)
2024-06-03 18:12:33,236 INFO  - Recieve a message from other vehicle (at simulation time 158.000,400,000 s)
2024-06-03 18:12:33,236 INFO  - My position is not better! (at simulation time 158.000,400,000 s)
2024-06-03 18:12:33,236 INFO  - Recieve a message from other vehicle (at simulation time 158.000,400,000 s)
2024-06-03 18:12:33,236 INFO  - My position is not better! (at simulation time 158.000,400,000 s)
2024-06-03 18:12:33,236 INFO  - Recieve a message from other vehicle (at simulation time 158.000,900,000 s)
2024-06-03 18:12:33,236 INFO  - My position is not better! (at simulation time 158.000,900,000 s)
2024-06-03 18:12:33,237 INFO  - Recieve a message from other vehicle (at simulation time 158.000,900,000 s)
2024-06-03 18:12:33,237 INFO  - My position is not better! (at simulation time 158.000,900,000 s)
2024-06-03 18:12:33,237 INFO  - Recieve a message from other vehicle (at simulation time 158.000,900,000 s)
2024-06-03 18:12:33,237 INFO  - My position is not better! (at simulation time 158.000,900,000 s)
2024-06-03 18:12:33,237 INFO  - Recieve a message from other vehicle (at simulation time 158.000,900,000 s)
2024-06-03 18:12:33,237 INFO  - My position is not better! (at simulation time 158.000,900,000 s)
2024-06-03 18:12:33,237 INFO  - Recieve a message from other vehicle (at simulation time 158.001,400,000 s)
2024-06-03 18:12:33,237 INFO  - My position is not better! (at simulation time 158.001,400,000 s)
2024-06-03 18:12:33,238 INFO  - Recieve a message from other vehicle (at simulation time 158.001,400,000 s)
2024-06-03 18:12:33,238 INFO  - My position is not better! (at simulation time 158.001,400,000 s)
2024-06-03 18:12:33,243 INFO  - Recieve a message from other vehicle (at simulation time 158.001,900,000 s)
2024-06-03 18:12:33,243 INFO  - My position is not better! (at simulation time 158.001,900,000 s)
2024-06-03 18:12:33,243 INFO  - Recieve a message from other vehicle (at simulation time 158.001,900,000 s)
2024-06-03 18:12:33,243 INFO  - My position is not better! (at simulation time 158.001,900,000 s)
2024-06-03 18:12:33,431 INFO  - Called #onVehicleUpdated (at simulation time 159.000,000,000 s)
2024-06-03 18:12:33,431 INFO  - Sending out DENM broadcast (at simulation time 159.000,000,000 s)
2024-06-03 18:12:33,431 INFO  - Sending out AdHoc broadcast (at simulation time 159.000,000,000 s)
2024-06-03 18:12:33,431 INFO  - Sending out AdHoc broadcast (at simulation time 159.000,000,000 s)
2024-06-03 18:12:33,432 INFO  - Sending out AdHoc broadcast (at simulation time 159.000,000,000 s)
2024-06-03 18:12:33,434 INFO  - Recieve a message from other vehicle (at simulation time 159.000,400,000 s)
2024-06-03 18:12:33,434 INFO  - My position is not better! (at simulation time 159.000,400,000 s)
2024-06-03 18:12:33,434 INFO  - Recieve a message from other vehicle (at simulation time 159.000,400,000 s)
2024-06-03 18:12:33,434 INFO  - My position is not better! (at simulation time 159.000,400,000 s)
2024-06-03 18:12:33,434 INFO  - Recieve a message from other vehicle (at simulation time 159.000,400,000 s)
2024-06-03 18:12:33,434 INFO  - My position is not better! (at simulation time 159.000,400,000 s)
2024-06-03 18:12:33,436 INFO  - Recieve a message from other vehicle (at simulation time 159.000,900,000 s)
2024-06-03 18:12:33,436 INFO  - My position is not better! (at simulation time 159.000,900,000 s)
2024-06-03 18:12:33,436 INFO  - Recieve a message from other vehicle (at simulation time 159.000,900,000 s)
2024-06-03 18:12:33,436 INFO  - My position is not better! (at simulation time 159.000,900,000 s)
2024-06-03 18:12:33,436 INFO  - Recieve a message from other vehicle (at simulation time 159.000,900,000 s)
2024-06-03 18:12:33,436 INFO  - My position is not better! (at simulation time 159.000,900,000 s)
2024-06-03 18:12:33,437 INFO  - Recieve a message from other vehicle (at simulation time 159.001,400,000 s)
2024-06-03 18:12:33,437 INFO  - My position is not better! (at simulation time 159.001,400,000 s)
2024-06-03 18:12:33,437 INFO  - Recieve a message from other vehicle (at simulation time 159.001,900,000 s)
2024-06-03 18:12:33,437 INFO  - My position is not better! (at simulation time 159.001,900,000 s)
2024-06-03 18:12:33,437 INFO  - Recieve a message from other vehicle (at simulation time 159.001,900,000 s)
2024-06-03 18:12:33,437 INFO  - My position is not better! (at simulation time 159.001,900,000 s)
2024-06-03 18:12:33,438 INFO  - Recieve a message from other vehicle (at simulation time 159.001,900,000 s)
2024-06-03 18:12:33,438 INFO  - My position is not better! (at simulation time 159.001,900,000 s)
2024-06-03 18:12:33,438 INFO  - Recieve a message from other vehicle (at simulation time 159.002,300,000 s)
2024-06-03 18:12:33,438 INFO  - DENM message Recived from veh_29 -info : seco (at simulation time 159.002,300,000 s)
2024-06-03 18:12:33,438 INFO  - No more hops in DENM message (at simulation time 159.002,300,000 s)
2024-06-03 18:12:33,438 INFO  - Recieve a message from other vehicle (at simulation time 159.002,400,000 s)
2024-06-03 18:12:33,438 INFO  - My position is not better! (at simulation time 159.002,400,000 s)
2024-06-03 18:12:33,439 INFO  - Recieve a message from other vehicle (at simulation time 159.002,400,000 s)
2024-06-03 18:12:33,439 INFO  - My position is not better! (at simulation time 159.002,400,000 s)
2024-06-03 18:12:33,439 INFO  - Recieve a message from other vehicle (at simulation time 159.002,400,000 s)
2024-06-03 18:12:33,439 INFO  - My position is not better! (at simulation time 159.002,400,000 s)
2024-06-03 18:12:33,633 INFO  - Called #onVehicleUpdated (at simulation time 160.000,000,000 s)
2024-06-03 18:12:33,633 INFO  - Sending out AdHoc broadcast (at simulation time 160.000,000,000 s)
2024-06-03 18:12:33,633 INFO  - Sending out AdHoc broadcast (at simulation time 160.000,000,000 s)
2024-06-03 18:12:33,633 INFO  - Sending out AdHoc broadcast (at simulation time 160.000,000,000 s)
2024-06-03 18:12:33,636 INFO  - Recieve a message from other vehicle (at simulation time 160.000,400,000 s)
2024-06-03 18:12:33,636 INFO  - My position is not better! (at simulation time 160.000,400,000 s)
2024-06-03 18:12:33,637 INFO  - Recieve a message from other vehicle (at simulation time 160.000,900,000 s)
2024-06-03 18:12:33,637 INFO  - My position is not better! (at simulation time 160.000,900,000 s)
2024-06-03 18:12:33,638 INFO  - Recieve a message from other vehicle (at simulation time 160.000,900,000 s)
2024-06-03 18:12:33,638 INFO  - My position is not better! (at simulation time 160.000,900,000 s)
2024-06-03 18:12:33,638 INFO  - Recieve a message from other vehicle (at simulation time 160.000,900,000 s)
2024-06-03 18:12:33,638 INFO  - My position is not better! (at simulation time 160.000,900,000 s)
2024-06-03 18:12:33,639 INFO  - Recieve a message from other vehicle (at simulation time 160.001,400,000 s)
2024-06-03 18:12:33,639 INFO  - My position is not better! (at simulation time 160.001,400,000 s)
2024-06-03 18:12:33,639 INFO  - Recieve a message from other vehicle (at simulation time 160.001,400,000 s)
2024-06-03 18:12:33,639 INFO  - My position is not better! (at simulation time 160.001,400,000 s)
2024-06-03 18:12:33,639 INFO  - Recieve a message from other vehicle (at simulation time 160.001,400,000 s)
2024-06-03 18:12:33,639 INFO  - My position is not better! (at simulation time 160.001,400,000 s)
2024-06-03 18:12:33,640 INFO  - Recieve a message from other vehicle (at simulation time 160.001,900,000 s)
2024-06-03 18:12:33,640 INFO  - My position is not better! (at simulation time 160.001,900,000 s)
2024-06-03 18:12:33,641 INFO  - Recieve a message from other vehicle (at simulation time 160.001,900,000 s)
2024-06-03 18:12:33,641 INFO  - My position is not better! (at simulation time 160.001,900,000 s)
2024-06-03 18:12:33,642 INFO  - Recieve a message from other vehicle (at simulation time 160.002,400,000 s)
2024-06-03 18:12:33,642 INFO  - My position is not better! (at simulation time 160.002,400,000 s)
2024-06-03 18:12:33,642 INFO  - Recieve a message from other vehicle (at simulation time 160.002,400,000 s)
2024-06-03 18:12:33,642 INFO  - My position is not better! (at simulation time 160.002,400,000 s)
2024-06-03 18:12:33,642 INFO  - Recieve a message from other vehicle (at simulation time 160.002,400,000 s)
2024-06-03 18:12:33,642 INFO  - My position is not better! (at simulation time 160.002,400,000 s)
2024-06-03 18:12:33,642 INFO  - Recieve a message from other vehicle (at simulation time 160.002,400,000 s)
2024-06-03 18:12:33,642 INFO  - My position is not better! (at simulation time 160.002,400,000 s)
2024-06-03 18:12:33,831 INFO  - Called #onVehicleUpdated (at simulation time 161.000,000,000 s)
2024-06-03 18:12:33,831 INFO  - Sending out AdHoc broadcast (at simulation time 161.000,000,000 s)
2024-06-03 18:12:33,832 INFO  - Sending out AdHoc broadcast (at simulation time 161.000,000,000 s)
2024-06-03 18:12:33,832 INFO  - Sending out AdHoc broadcast (at simulation time 161.000,000,000 s)
2024-06-03 18:12:33,834 INFO  - Recieve a message from other vehicle (at simulation time 161.000,400,000 s)
2024-06-03 18:12:33,834 INFO  - My position is not better! (at simulation time 161.000,400,000 s)
2024-06-03 18:12:33,835 INFO  - Recieve a message from other vehicle (at simulation time 161.000,900,000 s)
2024-06-03 18:12:33,835 INFO  - My position is not better! (at simulation time 161.000,900,000 s)
2024-06-03 18:12:33,835 INFO  - Recieve a message from other vehicle (at simulation time 161.000,900,000 s)
2024-06-03 18:12:33,835 INFO  - My position is not better! (at simulation time 161.000,900,000 s)
2024-06-03 18:12:33,835 INFO  - Recieve a message from other vehicle (at simulation time 161.000,900,000 s)
2024-06-03 18:12:33,835 INFO  - My position is not better! (at simulation time 161.000,900,000 s)
2024-06-03 18:12:33,835 INFO  - Recieve a message from other vehicle (at simulation time 161.000,900,000 s)
2024-06-03 18:12:33,835 INFO  - My position is not better! (at simulation time 161.000,900,000 s)
2024-06-03 18:12:33,836 INFO  - Recieve a message from other vehicle (at simulation time 161.000,900,000 s)
2024-06-03 18:12:33,836 INFO  - My position is not better! (at simulation time 161.000,900,000 s)
2024-06-03 18:12:33,836 INFO  - Recieve a message from other vehicle (at simulation time 161.001,400,000 s)
2024-06-03 18:12:33,836 INFO  - My position is not better! (at simulation time 161.001,400,000 s)
2024-06-03 18:12:33,836 INFO  - Recieve a message from other vehicle (at simulation time 161.001,400,000 s)
2024-06-03 18:12:33,836 INFO  - My position is not better! (at simulation time 161.001,400,000 s)
2024-06-03 18:12:33,836 INFO  - Recieve a message from other vehicle (at simulation time 161.001,900,000 s)
2024-06-03 18:12:33,836 INFO  - My position is not better! (at simulation time 161.001,900,000 s)
2024-06-03 18:12:33,837 INFO  - Recieve a message from other vehicle (at simulation time 161.001,900,000 s)
2024-06-03 18:12:33,837 INFO  - My position is not better! (at simulation time 161.001,900,000 s)
2024-06-03 18:12:33,837 INFO  - Recieve a message from other vehicle (at simulation time 161.001,900,000 s)
2024-06-03 18:12:33,837 INFO  - My position is not better! (at simulation time 161.001,900,000 s)
2024-06-03 18:12:33,837 INFO  - Recieve a message from other vehicle (at simulation time 161.001,900,000 s)
2024-06-03 18:12:33,837 INFO  - My position is not better! (at simulation time 161.001,900,000 s)
2024-06-03 18:12:33,837 INFO  - Recieve a message from other vehicle (at simulation time 161.001,900,000 s)
2024-06-03 18:12:33,837 INFO  - My position is not better! (at simulation time 161.001,900,000 s)
2024-06-03 18:12:34,033 INFO  - Called #onVehicleUpdated (at simulation time 162.000,000,000 s)
2024-06-03 18:12:34,033 INFO  - Sending out AdHoc broadcast (at simulation time 162.000,000,000 s)
2024-06-03 18:12:34,033 INFO  - Sending out AdHoc broadcast (at simulation time 162.000,000,000 s)
2024-06-03 18:12:34,033 INFO  - Sending out AdHoc broadcast (at simulation time 162.000,000,000 s)
2024-06-03 18:12:34,038 INFO  - Recieve a message from other vehicle (at simulation time 162.000,900,000 s)
2024-06-03 18:12:34,038 INFO  - My position is not better! (at simulation time 162.000,900,000 s)
2024-06-03 18:12:34,038 INFO  - Recieve a message from other vehicle (at simulation time 162.000,900,000 s)
2024-06-03 18:12:34,038 INFO  - My position is not better! (at simulation time 162.000,900,000 s)
2024-06-03 18:12:34,040 INFO  - Recieve a message from other vehicle (at simulation time 162.001,400,000 s)
2024-06-03 18:12:34,040 INFO  - My position is not better! (at simulation time 162.001,400,000 s)
2024-06-03 18:12:34,040 INFO  - Recieve a message from other vehicle (at simulation time 162.001,400,000 s)
2024-06-03 18:12:34,040 INFO  - My position is not better! (at simulation time 162.001,400,000 s)
2024-06-03 18:12:34,040 INFO  - Recieve a message from other vehicle (at simulation time 162.001,400,000 s)
2024-06-03 18:12:34,040 INFO  - My position is not better! (at simulation time 162.001,400,000 s)
2024-06-03 18:12:34,040 INFO  - Recieve a message from other vehicle (at simulation time 162.001,400,000 s)
2024-06-03 18:12:34,040 INFO  - My position is not better! (at simulation time 162.001,400,000 s)
2024-06-03 18:12:34,041 INFO  - Recieve a message from other vehicle (at simulation time 162.001,400,000 s)
2024-06-03 18:12:34,041 INFO  - My position is not better! (at simulation time 162.001,400,000 s)
2024-06-03 18:12:34,041 INFO  - Recieve a message from other vehicle (at simulation time 162.001,400,000 s)
2024-06-03 18:12:34,041 INFO  - My position is not better! (at simulation time 162.001,400,000 s)
2024-06-03 18:12:34,042 INFO  - Recieve a message from other vehicle (at simulation time 162.001,900,000 s)
2024-06-03 18:12:34,042 INFO  - My position is not better! (at simulation time 162.001,900,000 s)
2024-06-03 18:12:34,042 INFO  - Recieve a message from other vehicle (at simulation time 162.001,900,000 s)
2024-06-03 18:12:34,042 INFO  - My position is not better! (at simulation time 162.001,900,000 s)
2024-06-03 18:12:34,042 INFO  - Recieve a message from other vehicle (at simulation time 162.001,900,000 s)
2024-06-03 18:12:34,042 INFO  - My position is not better! (at simulation time 162.001,900,000 s)
2024-06-03 18:12:34,043 INFO  - Recieve a message from other vehicle (at simulation time 162.002,400,000 s)
2024-06-03 18:12:34,043 INFO  - My position is not better! (at simulation time 162.002,400,000 s)
2024-06-03 18:12:34,043 INFO  - Recieve a message from other vehicle (at simulation time 162.002,400,000 s)
2024-06-03 18:12:34,043 INFO  - My position is not better! (at simulation time 162.002,400,000 s)
2024-06-03 18:12:34,230 INFO  - Called #onVehicleUpdated (at simulation time 163.000,000,000 s)
2024-06-03 18:12:34,230 INFO  - Sending out AdHoc broadcast (at simulation time 163.000,000,000 s)
2024-06-03 18:12:34,230 INFO  - Sending out AdHoc broadcast (at simulation time 163.000,000,000 s)
2024-06-03 18:12:34,231 INFO  - Sending out AdHoc broadcast (at simulation time 163.000,000,000 s)
2024-06-03 18:12:34,231 INFO  - Recieve a message from other vehicle (at simulation time 163.000,400,000 s)
2024-06-03 18:12:34,231 INFO  - My position is not better! (at simulation time 163.000,400,000 s)
2024-06-03 18:12:34,232 INFO  - Recieve a message from other vehicle (at simulation time 163.000,400,000 s)
2024-06-03 18:12:34,232 INFO  - My position is not better! (at simulation time 163.000,400,000 s)
2024-06-03 18:12:34,232 INFO  - Recieve a message from other vehicle (at simulation time 163.000,900,000 s)
2024-06-03 18:12:34,232 INFO  - My position is not better! (at simulation time 163.000,900,000 s)
2024-06-03 18:12:34,232 INFO  - Recieve a message from other vehicle (at simulation time 163.000,900,000 s)
2024-06-03 18:12:34,232 INFO  - My position is not better! (at simulation time 163.000,900,000 s)
2024-06-03 18:12:34,233 INFO  - Recieve a message from other vehicle (at simulation time 163.001,400,000 s)
2024-06-03 18:12:34,233 INFO  - My position is not better! (at simulation time 163.001,400,000 s)
2024-06-03 18:12:34,233 INFO  - Recieve a message from other vehicle (at simulation time 163.001,400,000 s)
2024-06-03 18:12:34,233 INFO  - My position is not better! (at simulation time 163.001,400,000 s)
2024-06-03 18:12:34,233 INFO  - Recieve a message from other vehicle (at simulation time 163.001,400,000 s)
2024-06-03 18:12:34,233 INFO  - My position is not better! (at simulation time 163.001,400,000 s)
2024-06-03 18:12:34,233 INFO  - Recieve a message from other vehicle (at simulation time 163.001,400,000 s)
2024-06-03 18:12:34,233 INFO  - My position is not better! (at simulation time 163.001,400,000 s)
2024-06-03 18:12:34,233 INFO  - Recieve a message from other vehicle (at simulation time 163.001,400,000 s)
2024-06-03 18:12:34,233 INFO  - My position is not better! (at simulation time 163.001,400,000 s)
2024-06-03 18:12:34,233 INFO  - Recieve a message from other vehicle (at simulation time 163.001,400,000 s)
2024-06-03 18:12:34,233 INFO  - My position is not better! (at simulation time 163.001,400,000 s)
2024-06-03 18:12:34,233 INFO  - Recieve a message from other vehicle (at simulation time 163.001,900,000 s)
2024-06-03 18:12:34,233 INFO  - My position is not better! (at simulation time 163.001,900,000 s)
2024-06-03 18:12:34,234 INFO  - Recieve a message from other vehicle (at simulation time 163.002,400,000 s)
2024-06-03 18:12:34,234 INFO  - My position is not better! (at simulation time 163.002,400,000 s)
2024-06-03 18:12:34,234 INFO  - Recieve a message from other vehicle (at simulation time 163.002,400,000 s)
2024-06-03 18:12:34,234 INFO  - My position is not better! (at simulation time 163.002,400,000 s)
