2024-06-03 18:13:27,146 INFO  - Initialize Vehicle application (at simulation time 78.000,000,000 s)
2024-06-03 18:13:27,147 INFO  - Activated WLAN Module (at simulation time 78.000,000,000 s)
2024-06-03 18:13:27,147 INFO  - Called #onVehicleUpdated (at simulation time 78.000,000,000 s)
2024-06-03 18:13:27,147 INFO  - Exced velocity! Sending new CAM (at simulation time 78.000,000,000 s)
2024-06-03 18:13:27,147 INFO  - Sending out AdHoc broadcast (at simulation time 78.000,000,000 s)
2024-06-03 18:13:27,154 INFO  - Called #onVehicleUpdated (at simulation time 79.000,000,000 s)
2024-06-03 18:13:27,155 INFO  - Exced velocity! Sending new CAM (at simulation time 79.000,000,000 s)
2024-06-03 18:13:27,155 INFO  - Sending out AdHoc broadcast (at simulation time 79.000,000,000 s)
2024-06-03 18:13:27,155 INFO  - Define the name: veh_17 and route: r_5 (at simulation time 79.000,000,000 s)
2024-06-03 18:13:27,155 INFO  - Sending out AdHoc broadcast (at simulation time 79.000,000,000 s)
2024-06-03 18:13:27,161 INFO  - Called #onVehicleUpdated (at simulation time 80.000,000,000 s)
2024-06-03 18:13:27,161 INFO  - Exced velocity! Sending new CAM (at simulation time 80.000,000,000 s)
2024-06-03 18:13:27,161 INFO  - Sending out AdHoc broadcast (at simulation time 80.000,000,000 s)
2024-06-03 18:13:27,161 INFO  - Sending out AdHoc broadcast (at simulation time 80.000,000,000 s)
2024-06-03 18:13:27,164 INFO  - Called #onVehicleUpdated (at simulation time 81.000,000,000 s)
2024-06-03 18:13:27,164 INFO  - Exced velocity! Sending new CAM (at simulation time 81.000,000,000 s)
2024-06-03 18:13:27,164 INFO  - Sending out AdHoc broadcast (at simulation time 81.000,000,000 s)
2024-06-03 18:13:27,165 INFO  - Sending out AdHoc broadcast (at simulation time 81.000,000,000 s)
2024-06-03 18:13:27,165 INFO  - Sending out AdHoc broadcast (at simulation time 81.000,000,000 s)
2024-06-03 18:13:27,168 INFO  - Called #onVehicleUpdated (at simulation time 82.000,000,000 s)
2024-06-03 18:13:27,168 INFO  - Exced velocity! Sending new CAM (at simulation time 82.000,000,000 s)
2024-06-03 18:13:27,168 INFO  - Sending out AdHoc broadcast (at simulation time 82.000,000,000 s)
2024-06-03 18:13:27,168 INFO  - Sending out AdHoc broadcast (at simulation time 82.000,000,000 s)
2024-06-03 18:13:27,169 INFO  - Sending out AdHoc broadcast (at simulation time 82.000,000,000 s)
2024-06-03 18:13:27,174 INFO  - Called #onVehicleUpdated (at simulation time 83.000,000,000 s)
2024-06-03 18:13:27,174 INFO  - Exced velocity! Sending new CAM (at simulation time 83.000,000,000 s)
2024-06-03 18:13:27,174 INFO  - Sending out AdHoc broadcast (at simulation time 83.000,000,000 s)
2024-06-03 18:13:27,174 INFO  - Sending out AdHoc broadcast (at simulation time 83.000,000,000 s)
2024-06-03 18:13:27,174 INFO  - Sending out AdHoc broadcast (at simulation time 83.000,000,000 s)
2024-06-03 18:13:27,175 INFO  - Sending out AdHoc broadcast (at simulation time 83.000,000,000 s)
2024-06-03 18:13:27,175 INFO  - Recieve a message from other vehicle (at simulation time 83.000,400,000 s)
2024-06-03 18:13:27,175 INFO  - My position is not better! (at simulation time 83.000,400,000 s)
2024-06-03 18:13:27,175 INFO  - Recieve a message from other vehicle (at simulation time 83.000,400,000 s)
2024-06-03 18:13:27,175 INFO  - My position is not better! (at simulation time 83.000,400,000 s)
2024-06-03 18:13:27,176 INFO  - Recieve a message from other vehicle (at simulation time 83.000,800,000 s)
2024-06-03 18:13:27,176 INFO  - My position is not better! (at simulation time 83.000,800,000 s)
2024-06-03 18:13:27,176 INFO  - Recieve a message from other vehicle (at simulation time 83.001,300,000 s)
2024-06-03 18:13:27,176 INFO  - My position is not better! (at simulation time 83.001,300,000 s)
2024-06-03 18:13:27,177 INFO  - Recieve a message from other vehicle (at simulation time 83.001,400,000 s)
2024-06-03 18:13:27,177 INFO  - My position is not better! (at simulation time 83.001,400,000 s)
2024-06-03 18:13:27,177 INFO  - Recieve a message from other vehicle (at simulation time 83.001,900,000 s)
2024-06-03 18:13:27,177 INFO  - My position is not better! (at simulation time 83.001,900,000 s)
2024-06-03 18:13:27,178 INFO  - Recieve a message from other vehicle (at simulation time 83.002,800,000 s)
2024-06-03 18:13:27,178 INFO  - My position is not better! (at simulation time 83.002,800,000 s)
2024-06-03 18:13:27,178 INFO  - Recieve a message from other vehicle (at simulation time 83.002,800,000 s)
2024-06-03 18:13:27,178 INFO  - My position is not better! (at simulation time 83.002,800,000 s)
2024-06-03 18:13:27,178 INFO  - Recieve a message from other vehicle (at simulation time 83.003,300,000 s)
2024-06-03 18:13:27,178 INFO  - My position is not better! (at simulation time 83.003,300,000 s)
2024-06-03 18:13:27,178 INFO  - Recieve a message from other vehicle (at simulation time 83.003,300,000 s)
2024-06-03 18:13:27,178 INFO  - My position is not better! (at simulation time 83.003,300,000 s)
2024-06-03 18:13:27,181 INFO  - Called #onVehicleUpdated (at simulation time 84.000,000,000 s)
2024-06-03 18:13:27,181 INFO  - Sending out AdHoc broadcast (at simulation time 84.000,000,000 s)
2024-06-03 18:13:27,181 INFO  - Sending out AdHoc broadcast (at simulation time 84.000,000,000 s)
2024-06-03 18:13:27,181 INFO  - Sending out AdHoc broadcast (at simulation time 84.000,000,000 s)
2024-06-03 18:13:27,183 INFO  - Recieve a message from other vehicle (at simulation time 84.000,800,000 s)
2024-06-03 18:13:27,183 INFO  - My position is not better! (at simulation time 84.000,800,000 s)
2024-06-03 18:13:27,183 INFO  - Recieve a message from other vehicle (at simulation time 84.000,900,000 s)
2024-06-03 18:13:27,183 INFO  - My position is not better! (at simulation time 84.000,900,000 s)
2024-06-03 18:13:27,183 INFO  - Recieve a message from other vehicle (at simulation time 84.000,900,000 s)
2024-06-03 18:13:27,183 INFO  - My position is not better! (at simulation time 84.000,900,000 s)
2024-06-03 18:13:27,183 INFO  - Recieve a message from other vehicle (at simulation time 84.001,400,000 s)
2024-06-03 18:13:27,183 INFO  - My position is not better! (at simulation time 84.001,400,000 s)
2024-06-03 18:13:27,183 INFO  - Recieve a message from other vehicle (at simulation time 84.001,400,000 s)
2024-06-03 18:13:27,183 INFO  - My position is not better! (at simulation time 84.001,400,000 s)
2024-06-03 18:13:27,184 INFO  - Recieve a message from other vehicle (at simulation time 84.001,400,000 s)
2024-06-03 18:13:27,184 INFO  - My position is not better! (at simulation time 84.001,400,000 s)
2024-06-03 18:13:27,184 INFO  - Recieve a message from other vehicle (at simulation time 84.001,400,000 s)
2024-06-03 18:13:27,184 INFO  - My position is not better! (at simulation time 84.001,400,000 s)
2024-06-03 18:13:27,184 INFO  - Recieve a message from other vehicle (at simulation time 84.001,800,000 s)
2024-06-03 18:13:27,184 INFO  - I'm in better position but no more hops in message (at simulation time 84.001,800,000 s)
2024-06-03 18:13:27,184 INFO  - Recieve a message from other vehicle (at simulation time 84.001,800,000 s)
2024-06-03 18:13:27,184 INFO  - My position is not better! (at simulation time 84.001,800,000 s)
2024-06-03 18:13:27,184 INFO  - Recieve a message from other vehicle (at simulation time 84.001,800,000 s)
2024-06-03 18:13:27,184 INFO  - My position is not better! (at simulation time 84.001,800,000 s)
2024-06-03 18:13:27,184 INFO  - Recieve a message from other vehicle (at simulation time 84.001,800,000 s)
2024-06-03 18:13:27,184 INFO  - I'm in better position but no more hops in message (at simulation time 84.001,800,000 s)
2024-06-03 18:13:27,184 INFO  - Recieve a message from other vehicle (at simulation time 84.001,900,000 s)
2024-06-03 18:13:27,184 INFO  - My position is not better! (at simulation time 84.001,900,000 s)
2024-06-03 18:13:27,184 INFO  - Recieve a message from other vehicle (at simulation time 84.001,900,000 s)
2024-06-03 18:13:27,184 INFO  - My position is not better! (at simulation time 84.001,900,000 s)
2024-06-03 18:13:27,185 INFO  - Recieve a message from other vehicle (at simulation time 84.002,400,000 s)
2024-06-03 18:13:27,185 INFO  - My position is not better! (at simulation time 84.002,400,000 s)
2024-06-03 18:13:27,185 INFO  - Recieve a message from other vehicle (at simulation time 84.002,800,000 s)
2024-06-03 18:13:27,185 INFO  - I'm in better position but no more hops in message (at simulation time 84.002,800,000 s)
2024-06-03 18:13:27,185 INFO  - Recieve a message from other vehicle (at simulation time 84.003,300,000 s)
2024-06-03 18:13:27,185 INFO  - I'm in better position but no more hops in message (at simulation time 84.003,300,000 s)
2024-06-03 18:13:27,188 INFO  - Called #onVehicleUpdated (at simulation time 85.000,000,000 s)
2024-06-03 18:13:27,188 INFO  - Sending out AdHoc broadcast (at simulation time 85.000,000,000 s)
2024-06-03 18:13:27,189 INFO  - Sending out AdHoc broadcast (at simulation time 85.000,000,000 s)
2024-06-03 18:13:27,189 INFO  - Sending out AdHoc broadcast (at simulation time 85.000,000,000 s)
2024-06-03 18:13:27,189 INFO  - Sending out AdHoc broadcast (at simulation time 85.000,000,000 s)
2024-06-03 18:13:27,190 INFO  - Recieve a message from other vehicle (at simulation time 85.000,400,000 s)
2024-06-03 18:13:27,190 INFO  - Recending a message from other vehicle (at simulation time 85.000,400,000 s)
2024-06-03 18:13:27,191 INFO  - Recieve a message from other vehicle (at simulation time 85.000,900,000 s)
2024-06-03 18:13:27,191 INFO  - Recending a message from other vehicle (at simulation time 85.000,900,000 s)
2024-06-03 18:13:27,191 INFO  - Recieve a message from other vehicle (at simulation time 85.000,900,000 s)
2024-06-03 18:13:27,191 INFO  - My position is not better! (at simulation time 85.000,900,000 s)
2024-06-03 18:13:27,191 INFO  - Recieve a message from other vehicle (at simulation time 85.000,900,000 s)
2024-06-03 18:13:27,191 INFO  - My position is not better! (at simulation time 85.000,900,000 s)
2024-06-03 18:13:27,191 INFO  - Recieve a message from other vehicle (at simulation time 85.000,900,000 s)
2024-06-03 18:13:27,191 INFO  - I'm in better position but no more hops in message (at simulation time 85.000,900,000 s)
2024-06-03 18:13:27,191 INFO  - Recieve a message from other vehicle (at simulation time 85.001,400,000 s)
2024-06-03 18:13:27,191 INFO  - I'm in better position but no more hops in message (at simulation time 85.001,400,000 s)
2024-06-03 18:13:27,191 INFO  - Recieve a message from other vehicle (at simulation time 85.001,400,000 s)
2024-06-03 18:13:27,191 INFO  - My position is not better! (at simulation time 85.001,400,000 s)
2024-06-03 18:13:27,191 INFO  - Recieve a message from other vehicle (at simulation time 85.001,400,000 s)
2024-06-03 18:13:27,191 INFO  - My position is not better! (at simulation time 85.001,400,000 s)
2024-06-03 18:13:27,192 INFO  - Recieve a message from other vehicle (at simulation time 85.001,800,000 s)
2024-06-03 18:13:27,192 INFO  - My position is not better! (at simulation time 85.001,800,000 s)
2024-06-03 18:13:27,192 INFO  - Recieve a message from other vehicle (at simulation time 85.001,800,000 s)
2024-06-03 18:13:27,192 INFO  - I'm in better position but no more hops in message (at simulation time 85.001,800,000 s)
2024-06-03 18:13:27,192 INFO  - Recieve a message from other vehicle (at simulation time 85.001,900,000 s)
2024-06-03 18:13:27,192 INFO  - I'm in better position but no more hops in message (at simulation time 85.001,900,000 s)
2024-06-03 18:13:27,192 INFO  - Recieve a message from other vehicle (at simulation time 85.001,900,000 s)
2024-06-03 18:13:27,192 INFO  - My position is not better! (at simulation time 85.001,900,000 s)
2024-06-03 18:13:27,192 INFO  - Recieve a message from other vehicle (at simulation time 85.001,900,000 s)
2024-06-03 18:13:27,192 INFO  - My position is not better! (at simulation time 85.001,900,000 s)
2024-06-03 18:13:27,192 INFO  - Recieve a message from other vehicle (at simulation time 85.001,900,000 s)
2024-06-03 18:13:27,192 INFO  - My position is not better! (at simulation time 85.001,900,000 s)
2024-06-03 18:13:27,192 INFO  - Recieve a message from other vehicle (at simulation time 85.002,300,000 s)
2024-06-03 18:13:27,192 INFO  - I'm in better position but no more hops in message (at simulation time 85.002,300,000 s)
2024-06-03 18:13:27,192 INFO  - Recieve a message from other vehicle (at simulation time 85.002,400,000 s)
2024-06-03 18:13:27,192 INFO  - My position is not better! (at simulation time 85.002,400,000 s)
2024-06-03 18:13:27,193 INFO  - Recieve a message from other vehicle (at simulation time 85.002,400,000 s)
2024-06-03 18:13:27,193 INFO  - My position is not better! (at simulation time 85.002,400,000 s)
2024-06-03 18:13:27,193 INFO  - Recieve a message from other vehicle (at simulation time 85.002,400,000 s)
2024-06-03 18:13:27,193 INFO  - My position is not better! (at simulation time 85.002,400,000 s)
2024-06-03 18:13:27,193 INFO  - Recieve a message from other vehicle (at simulation time 85.002,800,000 s)
2024-06-03 18:13:27,193 INFO  - My position is not better! (at simulation time 85.002,800,000 s)
2024-06-03 18:13:27,193 INFO  - Recieve a message from other vehicle (at simulation time 85.002,800,000 s)
2024-06-03 18:13:27,193 INFO  - I'm in better position but no more hops in message (at simulation time 85.002,800,000 s)
2024-06-03 18:13:27,193 INFO  - Recieve a message from other vehicle (at simulation time 85.002,800,000 s)
2024-06-03 18:13:27,193 INFO  - I'm in better position but no more hops in message (at simulation time 85.002,800,000 s)
2024-06-03 18:13:27,194 INFO  - Recieve a message from other vehicle (at simulation time 85.003,300,000 s)
2024-06-03 18:13:27,194 INFO  - My position is not better! (at simulation time 85.003,300,000 s)
2024-06-03 18:13:27,194 INFO  - Recieve a message from other vehicle (at simulation time 85.003,300,000 s)
2024-06-03 18:13:27,194 INFO  - My position is not better! (at simulation time 85.003,300,000 s)
2024-06-03 18:13:27,194 INFO  - Recieve a message from RSU (at simulation time 85.326,665,617 s)
2024-06-03 18:13:27,194 INFO  - RSU Stopped me!!! (at simulation time 85.326,665,617 s)
2024-06-03 18:13:27,195 INFO  - Recieve a message from RSU (at simulation time 85.350,925,144 s)
2024-06-03 18:13:27,197 INFO  - Called #onVehicleUpdated (at simulation time 86.000,000,000 s)
2024-06-03 18:13:27,197 INFO  - Sending out AdHoc broadcast (at simulation time 86.000,000,000 s)
2024-06-03 18:13:27,197 INFO  - Sending out AdHoc broadcast (at simulation time 86.000,000,000 s)
2024-06-03 18:13:27,197 INFO  - Sending out AdHoc broadcast (at simulation time 86.000,000,000 s)
2024-06-03 18:13:27,198 INFO  - Recieve a message from other vehicle (at simulation time 86.000,400,000 s)
2024-06-03 18:13:27,199 INFO  - I'm in better position but no more hops in message (at simulation time 86.000,400,000 s)
2024-06-03 18:13:27,199 INFO  - Recieve a message from other vehicle (at simulation time 86.000,400,000 s)
2024-06-03 18:13:27,199 INFO  - My position is not better! (at simulation time 86.000,400,000 s)
2024-06-03 18:13:27,199 INFO  - Recieve a message from other vehicle (at simulation time 86.000,400,000 s)
2024-06-03 18:13:27,199 INFO  - My position is not better! (at simulation time 86.000,400,000 s)
2024-06-03 18:13:27,199 INFO  - Recieve a message from other vehicle (at simulation time 86.000,900,000 s)
2024-06-03 18:13:27,199 INFO  - My position is not better! (at simulation time 86.000,900,000 s)
2024-06-03 18:13:27,199 INFO  - Recieve a message from other vehicle (at simulation time 86.001,400,000 s)
2024-06-03 18:13:27,199 INFO  - I'm in better position but no more hops in message (at simulation time 86.001,400,000 s)
2024-06-03 18:13:27,200 INFO  - Recieve a message from other vehicle (at simulation time 86.001,800,000 s)
2024-06-03 18:13:27,200 INFO  - I'm in better position but no more hops in message (at simulation time 86.001,800,000 s)
2024-06-03 18:13:27,200 INFO  - Recieve a message from other vehicle (at simulation time 86.001,900,000 s)
2024-06-03 18:13:27,200 INFO  - I'm in better position but no more hops in message (at simulation time 86.001,900,000 s)
2024-06-03 18:13:27,200 INFO  - Recieve a message from other vehicle (at simulation time 86.001,900,000 s)
2024-06-03 18:13:27,200 INFO  - I'm in better position but no more hops in message (at simulation time 86.001,900,000 s)
2024-06-03 18:13:27,200 INFO  - Recieve a message from other vehicle (at simulation time 86.001,900,000 s)
2024-06-03 18:13:27,200 INFO  - My position is not better! (at simulation time 86.001,900,000 s)
2024-06-03 18:13:27,200 INFO  - Recieve a message from other vehicle (at simulation time 86.001,900,000 s)
2024-06-03 18:13:27,200 INFO  - My position is not better! (at simulation time 86.001,900,000 s)
2024-06-03 18:13:27,200 INFO  - Recieve a message from other vehicle (at simulation time 86.001,900,000 s)
2024-06-03 18:13:27,200 INFO  - My position is not better! (at simulation time 86.001,900,000 s)
2024-06-03 18:13:27,200 INFO  - Recieve a message from other vehicle (at simulation time 86.001,900,000 s)
2024-06-03 18:13:27,200 INFO  - My position is not better! (at simulation time 86.001,900,000 s)
2024-06-03 18:13:27,200 INFO  - Recieve a message from other vehicle (at simulation time 86.001,900,000 s)
2024-06-03 18:13:27,200 INFO  - I'm in better position but no more hops in message (at simulation time 86.001,900,000 s)
2024-06-03 18:13:27,200 INFO  - Recieve a message from other vehicle (at simulation time 86.001,900,000 s)
2024-06-03 18:13:27,200 INFO  - I'm in better position but no more hops in message (at simulation time 86.001,900,000 s)
2024-06-03 18:13:27,201 INFO  - Recieve a message from other vehicle (at simulation time 86.003,300,000 s)
2024-06-03 18:13:27,201 INFO  - I'm in better position but no more hops in message (at simulation time 86.003,300,000 s)
2024-06-03 18:13:27,201 INFO  - Recieve a message from RSU (at simulation time 86.010,924,527 s)
2024-06-03 18:13:27,201 INFO  - Recieve a message from RSU (at simulation time 86.019,651,449 s)
2024-06-03 18:13:27,201 INFO  - Recieve a message from RSU (at simulation time 86.723,821,971 s)
2024-06-03 18:13:27,201 INFO  - Recieve a message from RSU (at simulation time 86.734,020,357 s)
2024-06-03 18:13:27,202 INFO  - Called #onVehicleUpdated (at simulation time 87.000,000,000 s)
2024-06-03 18:13:27,202 INFO  - Sending out DENM broadcast (at simulation time 87.000,000,000 s)
2024-06-03 18:13:27,202 INFO  - Sending out AdHoc broadcast (at simulation time 87.000,000,000 s)
2024-06-03 18:13:27,202 INFO  - Sending out AdHoc broadcast (at simulation time 87.000,000,000 s)
2024-06-03 18:13:27,202 INFO  - Sending out AdHoc broadcast (at simulation time 87.000,000,000 s)
2024-06-03 18:13:27,203 INFO  - Sending out AdHoc broadcast (at simulation time 87.000,000,000 s)
2024-06-03 18:13:27,203 INFO  - Recieve a message from other vehicle (at simulation time 87.000,400,000 s)
2024-06-03 18:13:27,203 INFO  - DENM message Recived from veh_15 -info : piso-molhado (at simulation time 87.000,400,000 s)
2024-06-03 18:13:27,203 INFO  - I slow down due to road state (at simulation time 87.000,400,000 s)
2024-06-03 18:13:27,203 INFO  - No more hops in DENM message (at simulation time 87.000,400,000 s)
2024-06-03 18:13:27,203 INFO  - Recieve a message from other vehicle (at simulation time 87.000,400,000 s)
2024-06-03 18:13:27,203 INFO  - I'm in better position but no more hops in message (at simulation time 87.000,400,000 s)
2024-06-03 18:13:27,203 INFO  - Recieve a message from other vehicle (at simulation time 87.000,400,000 s)
2024-06-03 18:13:27,203 INFO  - My position is not better! (at simulation time 87.000,400,000 s)
2024-06-03 18:13:27,204 INFO  - Recieve a message from other vehicle (at simulation time 87.000,400,000 s)
2024-06-03 18:13:27,204 INFO  - I'm in better position but no more hops in message (at simulation time 87.000,400,000 s)
2024-06-03 18:13:27,204 INFO  - Recieve a message from other vehicle (at simulation time 87.000,800,000 s)
2024-06-03 18:13:27,204 INFO  - I'm in better position but no more hops in message (at simulation time 87.000,800,000 s)
2024-06-03 18:13:27,205 INFO  - Recieve a message from other vehicle (at simulation time 87.000,900,000 s)
2024-06-03 18:13:27,205 INFO  - My position is not better! (at simulation time 87.000,900,000 s)
2024-06-03 18:13:27,205 INFO  - Recieve a message from other vehicle (at simulation time 87.000,900,000 s)
2024-06-03 18:13:27,205 INFO  - My position is not better! (at simulation time 87.000,900,000 s)
2024-06-03 18:13:27,206 INFO  - Recieve a message from other vehicle (at simulation time 87.001,300,000 s)
2024-06-03 18:13:27,206 INFO  - DENM message Recived from veh_17 -info : seco (at simulation time 87.001,300,000 s)
2024-06-03 18:13:27,206 INFO  - No more hops in DENM message (at simulation time 87.001,300,000 s)
2024-06-03 18:13:27,206 INFO  - Recieve a message from other vehicle (at simulation time 87.001,400,000 s)
2024-06-03 18:13:27,206 INFO  - I'm in better position but no more hops in message (at simulation time 87.001,400,000 s)
2024-06-03 18:13:27,206 INFO  - Recieve a message from other vehicle (at simulation time 87.001,400,000 s)
2024-06-03 18:13:27,206 INFO  - My position is not better! (at simulation time 87.001,400,000 s)
2024-06-03 18:13:27,207 INFO  - Recieve a message from other vehicle (at simulation time 87.001,400,000 s)
2024-06-03 18:13:27,207 INFO  - My position is not better! (at simulation time 87.001,400,000 s)
2024-06-03 18:13:27,207 INFO  - Recieve a message from other vehicle (at simulation time 87.001,400,000 s)
2024-06-03 18:13:27,207 INFO  - My position is not better! (at simulation time 87.001,400,000 s)
2024-06-03 18:13:27,207 INFO  - Recieve a message from other vehicle (at simulation time 87.001,400,000 s)
2024-06-03 18:13:27,207 INFO  - I'm in better position but no more hops in message (at simulation time 87.001,400,000 s)
2024-06-03 18:13:27,207 INFO  - Recieve a message from other vehicle (at simulation time 87.001,900,000 s)
2024-06-03 18:13:27,207 INFO  - DENM message Recived from veh_12 -info : nevoeiro (at simulation time 87.001,900,000 s)
2024-06-03 18:13:27,207 INFO  - No more hops in DENM message (at simulation time 87.001,900,000 s)
2024-06-03 18:13:27,207 INFO  - Recieve a message from other vehicle (at simulation time 87.001,900,000 s)
2024-06-03 18:13:27,207 INFO  - My position is not better! (at simulation time 87.001,900,000 s)
2024-06-03 18:13:27,208 INFO  - Recieve a message from other vehicle (at simulation time 87.001,900,000 s)
2024-06-03 18:13:27,208 INFO  - I'm in better position but no more hops in message (at simulation time 87.001,900,000 s)
2024-06-03 18:13:27,208 INFO  - Recieve a message from other vehicle (at simulation time 87.002,400,000 s)
2024-06-03 18:13:27,208 INFO  - DENM message Recived from veh_13 -info : seco (at simulation time 87.002,400,000 s)
2024-06-03 18:13:27,208 INFO  - No more hops in DENM message (at simulation time 87.002,400,000 s)
2024-06-03 18:13:27,208 INFO  - Recieve a message from other vehicle (at simulation time 87.002,400,000 s)
2024-06-03 18:13:27,208 INFO  - I'm in better position but no more hops in message (at simulation time 87.002,400,000 s)
2024-06-03 18:13:27,209 INFO  - Recieve a message from other vehicle (at simulation time 87.002,400,000 s)
2024-06-03 18:13:27,209 INFO  - My position is not better! (at simulation time 87.002,400,000 s)
2024-06-03 18:13:27,209 INFO  - Recieve a message from other vehicle (at simulation time 87.002,400,000 s)
2024-06-03 18:13:27,209 INFO  - My position is not better! (at simulation time 87.002,400,000 s)
2024-06-03 18:13:27,209 INFO  - Recieve a message from other vehicle (at simulation time 87.002,400,000 s)
2024-06-03 18:13:27,209 INFO  - My position is not better! (at simulation time 87.002,400,000 s)
2024-06-03 18:13:27,209 INFO  - Recieve a message from other vehicle (at simulation time 87.003,300,000 s)
2024-06-03 18:13:27,209 INFO  - DENM message Recived from veh_12 -info : nevoeiro (at simulation time 87.003,300,000 s)
2024-06-03 18:13:27,209 INFO  - No more hops in DENM message (at simulation time 87.003,300,000 s)
2024-06-03 18:13:27,210 INFO  - Recieve a message from RSU (at simulation time 87.418,510,253 s)
2024-06-03 18:13:27,210 INFO  - Recieve a message from RSU (at simulation time 87.425,245,581 s)
2024-06-03 18:13:27,212 INFO  - Called #onVehicleUpdated (at simulation time 88.000,000,000 s)
2024-06-03 18:13:27,212 INFO  - Sending out AdHoc broadcast (at simulation time 88.000,000,000 s)
2024-06-03 18:13:27,212 INFO  - Sending out AdHoc broadcast (at simulation time 88.000,000,000 s)
2024-06-03 18:13:27,212 INFO  - Sending out AdHoc broadcast (at simulation time 88.000,000,000 s)
2024-06-03 18:13:27,213 INFO  - Recieve a message from other vehicle (at simulation time 88.000,400,000 s)
2024-06-03 18:13:27,213 INFO  - I'm in better position but no more hops in message (at simulation time 88.000,400,000 s)
2024-06-03 18:13:27,213 INFO  - Recieve a message from other vehicle (at simulation time 88.000,400,000 s)
2024-06-03 18:13:27,213 INFO  - I'm in better position but no more hops in message (at simulation time 88.000,400,000 s)
2024-06-03 18:13:27,213 INFO  - Recieve a message from other vehicle (at simulation time 88.000,400,000 s)
2024-06-03 18:13:27,213 INFO  - My position is not better! (at simulation time 88.000,400,000 s)
2024-06-03 18:13:27,213 INFO  - Recieve a message from other vehicle (at simulation time 88.000,400,000 s)
2024-06-03 18:13:27,213 INFO  - I'm in better position but no more hops in message (at simulation time 88.000,400,000 s)
2024-06-03 18:13:27,213 INFO  - Recieve a message from other vehicle (at simulation time 88.000,900,000 s)
2024-06-03 18:13:27,213 INFO  - DENM message Recived from veh_16 -info : seco (at simulation time 88.000,900,000 s)
2024-06-03 18:13:27,213 INFO  - No more hops in DENM message (at simulation time 88.000,900,000 s)
2024-06-03 18:13:27,214 INFO  - Recieve a message from other vehicle (at simulation time 88.000,900,000 s)
2024-06-03 18:13:27,214 INFO  - My position is not better! (at simulation time 88.000,900,000 s)
2024-06-03 18:13:27,214 INFO  - Recieve a message from other vehicle (at simulation time 88.000,900,000 s)
2024-06-03 18:13:27,214 INFO  - My position is not better! (at simulation time 88.000,900,000 s)
2024-06-03 18:13:27,214 INFO  - Recieve a message from other vehicle (at simulation time 88.000,900,000 s)
2024-06-03 18:13:27,214 INFO  - My position is not better! (at simulation time 88.000,900,000 s)
2024-06-03 18:13:27,214 INFO  - Recieve a message from other vehicle (at simulation time 88.000,900,000 s)
2024-06-03 18:13:27,214 INFO  - My position is not better! (at simulation time 88.000,900,000 s)
2024-06-03 18:13:27,214 INFO  - Recieve a message from other vehicle (at simulation time 88.001,300,000 s)
2024-06-03 18:13:27,214 INFO  - DENM message Recived from veh_14 -info : seco (at simulation time 88.001,300,000 s)
2024-06-03 18:13:27,214 INFO  - No more hops in DENM message (at simulation time 88.001,300,000 s)
2024-06-03 18:13:27,214 INFO  - Recieve a message from other vehicle (at simulation time 88.001,400,000 s)
2024-06-03 18:13:27,214 INFO  - I'm in better position but no more hops in message (at simulation time 88.001,400,000 s)
2024-06-03 18:13:27,214 INFO  - Recieve a message from other vehicle (at simulation time 88.001,400,000 s)
2024-06-03 18:13:27,214 INFO  - I'm in better position but no more hops in message (at simulation time 88.001,400,000 s)
2024-06-03 18:13:27,215 INFO  - Recieve a message from other vehicle (at simulation time 88.001,900,000 s)
2024-06-03 18:13:27,215 INFO  - My position is not better! (at simulation time 88.001,900,000 s)
2024-06-03 18:13:27,215 INFO  - Recieve a message from other vehicle (at simulation time 88.001,900,000 s)
2024-06-03 18:13:27,215 INFO  - I'm in better position but no more hops in message (at simulation time 88.001,900,000 s)
2024-06-03 18:13:27,215 INFO  - Recieve a message from other vehicle (at simulation time 88.002,400,000 s)
2024-06-03 18:13:27,215 INFO  - I'm in better position but no more hops in message (at simulation time 88.002,400,000 s)
2024-06-03 18:13:27,215 INFO  - Recieve a message from other vehicle (at simulation time 88.002,400,000 s)
2024-06-03 18:13:27,215 INFO  - My position is not better! (at simulation time 88.002,400,000 s)
2024-06-03 18:13:27,215 INFO  - Recieve a message from other vehicle (at simulation time 88.002,800,000 s)
2024-06-03 18:13:27,215 INFO  - DENM message Recived from veh_16 -info : seco (at simulation time 88.002,800,000 s)
2024-06-03 18:13:27,215 INFO  - No more hops in DENM message (at simulation time 88.002,800,000 s)
2024-06-03 18:13:27,216 INFO  - Recieve a message from RSU (at simulation time 88.111,083,719 s)
2024-06-03 18:13:27,216 INFO  - Recieve a message from RSU (at simulation time 88.116,065,406 s)
2024-06-03 18:13:27,216 INFO  - Recieve a message from RSU (at simulation time 88.822,925,032 s)
2024-06-03 18:13:27,216 INFO  - Recieve a message from RSU (at simulation time 88.858,175,380 s)
2024-06-03 18:13:27,217 INFO  - Called #onVehicleUpdated (at simulation time 89.000,000,000 s)
2024-06-03 18:13:27,217 INFO  - Sending out AdHoc broadcast (at simulation time 89.000,000,000 s)
2024-06-03 18:13:27,217 INFO  - Sending out AdHoc broadcast (at simulation time 89.000,000,000 s)
2024-06-03 18:13:27,217 INFO  - Sending out AdHoc broadcast (at simulation time 89.000,000,000 s)
2024-06-03 18:13:27,217 INFO  - Sending out AdHoc broadcast (at simulation time 89.000,000,000 s)
2024-06-03 18:13:27,218 INFO  - Recieve a message from other vehicle (at simulation time 89.000,400,000 s)
2024-06-03 18:13:27,218 INFO  - I'm in better position but no more hops in message (at simulation time 89.000,400,000 s)
2024-06-03 18:13:27,218 INFO  - Recieve a message from other vehicle (at simulation time 89.000,400,000 s)
2024-06-03 18:13:27,218 INFO  - My position is not better! (at simulation time 89.000,400,000 s)
2024-06-03 18:13:27,218 INFO  - Recieve a message from other vehicle (at simulation time 89.000,400,000 s)
2024-06-03 18:13:27,218 INFO  - My position is not better! (at simulation time 89.000,400,000 s)
2024-06-03 18:13:27,219 INFO  - Recieve a message from other vehicle (at simulation time 89.000,400,000 s)
2024-06-03 18:13:27,219 INFO  - My position is not better! (at simulation time 89.000,400,000 s)
2024-06-03 18:13:27,219 INFO  - Recieve a message from other vehicle (at simulation time 89.000,400,000 s)
2024-06-03 18:13:27,219 INFO  - My position is not better! (at simulation time 89.000,400,000 s)
2024-06-03 18:13:27,219 INFO  - Recieve a message from other vehicle (at simulation time 89.000,400,000 s)
2024-06-03 18:13:27,219 INFO  - I'm in better position but no more hops in message (at simulation time 89.000,400,000 s)
2024-06-03 18:13:27,220 INFO  - Recieve a message from other vehicle (at simulation time 89.001,400,000 s)
2024-06-03 18:13:27,220 INFO  - My position is not better! (at simulation time 89.001,400,000 s)
2024-06-03 18:13:27,220 INFO  - Recieve a message from other vehicle (at simulation time 89.001,400,000 s)
2024-06-03 18:13:27,220 INFO  - My position is not better! (at simulation time 89.001,400,000 s)
2024-06-03 18:13:27,220 INFO  - Recieve a message from other vehicle (at simulation time 89.001,400,000 s)
2024-06-03 18:13:27,220 INFO  - My position is not better! (at simulation time 89.001,400,000 s)
2024-06-03 18:13:27,220 INFO  - Recieve a message from other vehicle (at simulation time 89.001,900,000 s)
2024-06-03 18:13:27,220 INFO  - I'm in better position but no more hops in message (at simulation time 89.001,900,000 s)
2024-06-03 18:13:27,220 INFO  - Recieve a message from other vehicle (at simulation time 89.001,900,000 s)
2024-06-03 18:13:27,220 INFO  - My position is not better! (at simulation time 89.001,900,000 s)
2024-06-03 18:13:27,220 INFO  - Recieve a message from other vehicle (at simulation time 89.001,900,000 s)
2024-06-03 18:13:27,220 INFO  - I'm in better position but no more hops in message (at simulation time 89.001,900,000 s)
2024-06-03 18:13:27,220 INFO  - Recieve a message from other vehicle (at simulation time 89.001,900,000 s)
2024-06-03 18:13:27,220 INFO  - I'm in better position but no more hops in message (at simulation time 89.001,900,000 s)
2024-06-03 18:13:27,220 INFO  - Recieve a message from other vehicle (at simulation time 89.002,400,000 s)
2024-06-03 18:13:27,220 INFO  - I'm in better position but no more hops in message (at simulation time 89.002,400,000 s)
2024-06-03 18:13:27,221 INFO  - Recieve a message from other vehicle (at simulation time 89.002,400,000 s)
2024-06-03 18:13:27,221 INFO  - My position is not better! (at simulation time 89.002,400,000 s)
2024-06-03 18:13:27,221 INFO  - Recieve a message from other vehicle (at simulation time 89.002,400,000 s)
2024-06-03 18:13:27,221 INFO  - My position is not better! (at simulation time 89.002,400,000 s)
2024-06-03 18:13:27,221 INFO  - Recieve a message from RSU (at simulation time 89.542,180,893 s)
2024-06-03 18:13:27,221 INFO  - Recieve a message from RSU (at simulation time 89.558,452,186 s)
2024-06-03 18:13:27,224 INFO  - Called #onVehicleUpdated (at simulation time 90.000,000,000 s)
2024-06-03 18:13:27,224 INFO  - Sending out AdHoc broadcast (at simulation time 90.000,000,000 s)
2024-06-03 18:13:27,224 INFO  - Sending out AdHoc broadcast (at simulation time 90.000,000,000 s)
2024-06-03 18:13:27,224 INFO  - Sending out AdHoc broadcast (at simulation time 90.000,000,000 s)
2024-06-03 18:13:27,225 INFO  - Recieve a message from other vehicle (at simulation time 90.000,400,000 s)
2024-06-03 18:13:27,225 INFO  - My position is not better! (at simulation time 90.000,400,000 s)
2024-06-03 18:13:27,225 INFO  - Recieve a message from other vehicle (at simulation time 90.000,400,000 s)
2024-06-03 18:13:27,225 INFO  - My position is not better! (at simulation time 90.000,400,000 s)
2024-06-03 18:13:27,226 INFO  - Recieve a message from other vehicle (at simulation time 90.000,900,000 s)
2024-06-03 18:13:27,226 INFO  - I'm in better position but no more hops in message (at simulation time 90.000,900,000 s)
2024-06-03 18:13:27,226 INFO  - Recieve a message from other vehicle (at simulation time 90.000,900,000 s)
2024-06-03 18:13:27,226 INFO  - My position is not better! (at simulation time 90.000,900,000 s)
2024-06-03 18:13:27,226 INFO  - Recieve a message from other vehicle (at simulation time 90.000,900,000 s)
2024-06-03 18:13:27,226 INFO  - I'm in better position but no more hops in message (at simulation time 90.000,900,000 s)
2024-06-03 18:13:27,226 INFO  - Recieve a message from other vehicle (at simulation time 90.000,900,000 s)
2024-06-03 18:13:27,226 INFO  - I'm in better position but no more hops in message (at simulation time 90.000,900,000 s)
2024-06-03 18:13:27,226 INFO  - Recieve a message from other vehicle (at simulation time 90.001,400,000 s)
2024-06-03 18:13:27,226 INFO  - I'm in better position but no more hops in message (at simulation time 90.001,400,000 s)
2024-06-03 18:13:27,226 INFO  - Recieve a message from other vehicle (at simulation time 90.001,400,000 s)
2024-06-03 18:13:27,226 INFO  - I'm in better position but no more hops in message (at simulation time 90.001,400,000 s)
2024-06-03 18:13:27,226 INFO  - Recieve a message from other vehicle (at simulation time 90.001,400,000 s)
2024-06-03 18:13:27,226 INFO  - My position is not better! (at simulation time 90.001,400,000 s)
2024-06-03 18:13:27,226 INFO  - Recieve a message from other vehicle (at simulation time 90.001,400,000 s)
2024-06-03 18:13:27,226 INFO  - My position is not better! (at simulation time 90.001,400,000 s)
2024-06-03 18:13:27,227 INFO  - Recieve a message from other vehicle (at simulation time 90.001,900,000 s)
2024-06-03 18:13:27,227 INFO  - I'm in better position but no more hops in message (at simulation time 90.001,900,000 s)
2024-06-03 18:13:27,227 INFO  - Recieve a message from other vehicle (at simulation time 90.001,900,000 s)
2024-06-03 18:13:27,227 INFO  - My position is not better! (at simulation time 90.001,900,000 s)
2024-06-03 18:13:27,227 INFO  - Recieve a message from other vehicle (at simulation time 90.001,900,000 s)
2024-06-03 18:13:27,227 INFO  - I'm in better position but no more hops in message (at simulation time 90.001,900,000 s)
2024-06-03 18:13:27,227 INFO  - Recieve a message from other vehicle (at simulation time 90.002,400,000 s)
2024-06-03 18:13:27,227 INFO  - My position is not better! (at simulation time 90.002,400,000 s)
2024-06-03 18:13:27,227 INFO  - Recieve a message from other vehicle (at simulation time 90.002,400,000 s)
2024-06-03 18:13:27,227 INFO  - I'm in better position but no more hops in message (at simulation time 90.002,400,000 s)
2024-06-03 18:13:27,228 INFO  - Recieve a message from RSU (at simulation time 90.228,202,633 s)
2024-06-03 18:13:27,228 INFO  - Recieve a message from RSU (at simulation time 90.241,286,840 s)
2024-06-03 18:13:27,228 INFO  - Recieve a message from RSU (at simulation time 90.924,733,074 s)
2024-06-03 18:13:27,228 INFO  - Recieve a message from RSU (at simulation time 90.939,681,810 s)
2024-06-03 18:13:27,229 INFO  - Called #onVehicleUpdated (at simulation time 91.000,000,000 s)
2024-06-03 18:13:27,229 INFO  - Sending out AdHoc broadcast (at simulation time 91.000,000,000 s)
2024-06-03 18:13:27,229 INFO  - Sending out AdHoc broadcast (at simulation time 91.000,000,000 s)
2024-06-03 18:13:27,229 INFO  - Sending out AdHoc broadcast (at simulation time 91.000,000,000 s)
2024-06-03 18:13:27,230 INFO  - Sending out AdHoc broadcast (at simulation time 91.000,000,000 s)
2024-06-03 18:13:27,230 INFO  - Recieve a message from other vehicle (at simulation time 91.000,400,000 s)
2024-06-03 18:13:27,230 INFO  - I'm in better position but no more hops in message (at simulation time 91.000,400,000 s)
2024-06-03 18:13:27,230 INFO  - Recieve a message from other vehicle (at simulation time 91.000,400,000 s)
2024-06-03 18:13:27,230 INFO  - I'm in better position but no more hops in message (at simulation time 91.000,400,000 s)
2024-06-03 18:13:27,231 INFO  - Recieve a message from other vehicle (at simulation time 91.000,400,000 s)
2024-06-03 18:13:27,231 INFO  - My position is not better! (at simulation time 91.000,400,000 s)
2024-06-03 18:13:27,231 INFO  - Recieve a message from other vehicle (at simulation time 91.000,400,000 s)
2024-06-03 18:13:27,231 INFO  - My position is not better! (at simulation time 91.000,400,000 s)
2024-06-03 18:13:27,231 INFO  - Recieve a message from other vehicle (at simulation time 91.000,900,000 s)
2024-06-03 18:13:27,231 INFO  - I'm in better position but no more hops in message (at simulation time 91.000,900,000 s)
2024-06-03 18:13:27,231 INFO  - Recieve a message from other vehicle (at simulation time 91.000,900,000 s)
2024-06-03 18:13:27,231 INFO  - My position is not better! (at simulation time 91.000,900,000 s)
2024-06-03 18:13:27,231 INFO  - Recieve a message from other vehicle (at simulation time 91.000,900,000 s)
2024-06-03 18:13:27,231 INFO  - My position is not better! (at simulation time 91.000,900,000 s)
2024-06-03 18:13:27,231 INFO  - Recieve a message from other vehicle (at simulation time 91.000,900,000 s)
2024-06-03 18:13:27,231 INFO  - I'm in better position but no more hops in message (at simulation time 91.000,900,000 s)
2024-06-03 18:13:27,231 INFO  - Recieve a message from other vehicle (at simulation time 91.001,400,000 s)
2024-06-03 18:13:27,231 INFO  - My position is not better! (at simulation time 91.001,400,000 s)
2024-06-03 18:13:27,232 INFO  - Recieve a message from other vehicle (at simulation time 91.001,400,000 s)
2024-06-03 18:13:27,232 INFO  - My position is not better! (at simulation time 91.001,400,000 s)
2024-06-03 18:13:27,232 INFO  - Recieve a message from other vehicle (at simulation time 91.001,400,000 s)
2024-06-03 18:13:27,232 INFO  - I'm in better position but no more hops in message (at simulation time 91.001,400,000 s)
2024-06-03 18:13:27,232 INFO  - Recieve a message from other vehicle (at simulation time 91.001,800,000 s)
2024-06-03 18:13:27,232 INFO  - My position is not better! (at simulation time 91.001,800,000 s)
2024-06-03 18:13:27,232 INFO  - Recieve a message from other vehicle (at simulation time 91.001,900,000 s)
2024-06-03 18:13:27,232 INFO  - My position is not better! (at simulation time 91.001,900,000 s)
2024-06-03 18:13:27,232 INFO  - Recieve a message from other vehicle (at simulation time 91.001,900,000 s)
2024-06-03 18:13:27,232 INFO  - My position is not better! (at simulation time 91.001,900,000 s)
2024-06-03 18:13:27,232 INFO  - Recieve a message from other vehicle (at simulation time 91.001,900,000 s)
2024-06-03 18:13:27,232 INFO  - My position is not better! (at simulation time 91.001,900,000 s)
2024-06-03 18:13:27,232 INFO  - Recieve a message from other vehicle (at simulation time 91.001,900,000 s)
2024-06-03 18:13:27,232 INFO  - I'm in better position but no more hops in message (at simulation time 91.001,900,000 s)
2024-06-03 18:13:27,232 INFO  - Recieve a message from other vehicle (at simulation time 91.002,300,000 s)
2024-06-03 18:13:27,232 INFO  - My position is not better! (at simulation time 91.002,300,000 s)
2024-06-03 18:13:27,233 INFO  - Recieve a message from other vehicle (at simulation time 91.002,400,000 s)
2024-06-03 18:13:27,233 INFO  - My position is not better! (at simulation time 91.002,400,000 s)
2024-06-03 18:13:27,233 INFO  - Recieve a message from other vehicle (at simulation time 91.002,800,000 s)
2024-06-03 18:13:27,233 INFO  - My position is not better! (at simulation time 91.002,800,000 s)
2024-06-03 18:13:27,233 INFO  - Recieve a message from other vehicle (at simulation time 91.004,800,000 s)
2024-06-03 18:13:27,233 INFO  - My position is not better! (at simulation time 91.004,800,000 s)
2024-06-03 18:13:27,233 INFO  - Recieve a message from RSU (at simulation time 91.630,966,735 s)
2024-06-03 18:13:27,233 INFO  - Recieve a message from RSU (at simulation time 91.632,772,811 s)
2024-06-03 18:13:27,235 INFO  - Called #onVehicleUpdated (at simulation time 92.000,000,000 s)
2024-06-03 18:13:27,235 INFO  - Sending out AdHoc broadcast (at simulation time 92.000,000,000 s)
2024-06-03 18:13:27,235 INFO  - Sending out AdHoc broadcast (at simulation time 92.000,000,000 s)
2024-06-03 18:13:27,235 INFO  - Sending out AdHoc broadcast (at simulation time 92.000,000,000 s)
2024-06-03 18:13:27,236 INFO  - Recieve a message from other vehicle (at simulation time 92.000,400,000 s)
2024-06-03 18:13:27,236 INFO  - My position is not better! (at simulation time 92.000,400,000 s)
2024-06-03 18:13:27,236 INFO  - Recieve a message from other vehicle (at simulation time 92.000,400,000 s)
2024-06-03 18:13:27,236 INFO  - Recending a message from other vehicle (at simulation time 92.000,400,000 s)
2024-06-03 18:13:27,236 INFO  - Recieve a message from other vehicle (at simulation time 92.000,900,000 s)
2024-06-03 18:13:27,236 INFO  - I'm in better position but no more hops in message (at simulation time 92.000,900,000 s)
2024-06-03 18:13:27,236 INFO  - Recieve a message from other vehicle (at simulation time 92.000,900,000 s)
2024-06-03 18:13:27,236 INFO  - My position is not better! (at simulation time 92.000,900,000 s)
2024-06-03 18:13:27,236 INFO  - Recieve a message from other vehicle (at simulation time 92.000,900,000 s)
2024-06-03 18:13:27,236 INFO  - My position is not better! (at simulation time 92.000,900,000 s)
2024-06-03 18:13:27,236 INFO  - Recieve a message from other vehicle (at simulation time 92.000,900,000 s)
2024-06-03 18:13:27,236 INFO  - My position is not better! (at simulation time 92.000,900,000 s)
2024-06-03 18:13:27,236 INFO  - Recieve a message from other vehicle (at simulation time 92.000,900,000 s)
2024-06-03 18:13:27,236 INFO  - My position is not better! (at simulation time 92.000,900,000 s)
2024-06-03 18:13:27,236 INFO  - Recieve a message from other vehicle (at simulation time 92.000,900,000 s)
2024-06-03 18:13:27,236 INFO  - I'm in better position but no more hops in message (at simulation time 92.000,900,000 s)
2024-06-03 18:13:27,236 INFO  - Recieve a message from other vehicle (at simulation time 92.000,900,000 s)
2024-06-03 18:13:27,236 INFO  - I'm in better position but no more hops in message (at simulation time 92.000,900,000 s)
2024-06-03 18:13:27,236 INFO  - Recieve a message from other vehicle (at simulation time 92.000,900,000 s)
2024-06-03 18:13:27,236 INFO  - I'm in better position but no more hops in message (at simulation time 92.000,900,000 s)
2024-06-03 18:13:27,236 INFO  - Recieve a message from other vehicle (at simulation time 92.001,400,000 s)
2024-06-03 18:13:27,236 INFO  - I'm in better position but no more hops in message (at simulation time 92.001,400,000 s)
2024-06-03 18:13:27,237 INFO  - Recieve a message from other vehicle (at simulation time 92.001,900,000 s)
2024-06-03 18:13:27,237 INFO  - I'm in better position but no more hops in message (at simulation time 92.001,900,000 s)
2024-06-03 18:13:27,237 INFO  - Recieve a message from other vehicle (at simulation time 92.001,900,000 s)
2024-06-03 18:13:27,237 INFO  - My position is not better! (at simulation time 92.001,900,000 s)
2024-06-03 18:13:27,238 INFO  - Recieve a message from other vehicle (at simulation time 92.002,300,000 s)
2024-06-03 18:13:27,238 INFO  - My position is not better! (at simulation time 92.002,300,000 s)
2024-06-03 18:13:27,238 INFO  - Recieve a message from other vehicle (at simulation time 92.002,300,000 s)
2024-06-03 18:13:27,238 INFO  - My position is not better! (at simulation time 92.002,300,000 s)
2024-06-03 18:13:27,238 INFO  - Recieve a message from other vehicle (at simulation time 92.002,400,000 s)
2024-06-03 18:13:27,238 INFO  - I'm in better position but no more hops in message (at simulation time 92.002,400,000 s)
2024-06-03 18:13:27,238 INFO  - Recieve a message from other vehicle (at simulation time 92.002,400,000 s)
2024-06-03 18:13:27,238 INFO  - My position is not better! (at simulation time 92.002,400,000 s)
2024-06-03 18:13:27,239 INFO  - Recieve a message from other vehicle (at simulation time 92.002,800,000 s)
2024-06-03 18:13:27,239 INFO  - My position is not better! (at simulation time 92.002,800,000 s)
2024-06-03 18:13:27,239 INFO  - Recieve a message from RSU (at simulation time 92.315,762,598 s)
2024-06-03 18:13:27,239 INFO  - Recieve a message from RSU (at simulation time 92.344,218,224 s)
2024-06-03 18:13:27,241 INFO  - Called #onVehicleUpdated (at simulation time 93.000,000,000 s)
2024-06-03 18:13:27,241 INFO  - Sending out AdHoc broadcast (at simulation time 93.000,000,000 s)
2024-06-03 18:13:27,241 INFO  - Sending out AdHoc broadcast (at simulation time 93.000,000,000 s)
2024-06-03 18:13:27,241 INFO  - Sending out AdHoc broadcast (at simulation time 93.000,000,000 s)
2024-06-03 18:13:27,241 INFO  - Sending out AdHoc broadcast (at simulation time 93.000,000,000 s)
2024-06-03 18:13:27,243 INFO  - Recieve a message from other vehicle (at simulation time 93.000,900,000 s)
2024-06-03 18:13:27,243 INFO  - I'm in better position but no more hops in message (at simulation time 93.000,900,000 s)
2024-06-03 18:13:27,243 INFO  - Recieve a message from other vehicle (at simulation time 93.000,900,000 s)
2024-06-03 18:13:27,243 INFO  - My position is not better! (at simulation time 93.000,900,000 s)
2024-06-03 18:13:27,243 INFO  - Recieve a message from other vehicle (at simulation time 93.000,900,000 s)
2024-06-03 18:13:27,243 INFO  - My position is not better! (at simulation time 93.000,900,000 s)
2024-06-03 18:13:27,243 INFO  - Recieve a message from other vehicle (at simulation time 93.000,900,000 s)
2024-06-03 18:13:27,243 INFO  - My position is not better! (at simulation time 93.000,900,000 s)
2024-06-03 18:13:27,243 INFO  - Recieve a message from other vehicle (at simulation time 93.000,900,000 s)
2024-06-03 18:13:27,243 INFO  - My position is not better! (at simulation time 93.000,900,000 s)
2024-06-03 18:13:27,243 INFO  - Recieve a message from other vehicle (at simulation time 93.000,900,000 s)
2024-06-03 18:13:27,243 INFO  - My position is not better! (at simulation time 93.000,900,000 s)
2024-06-03 18:13:27,244 INFO  - Recieve a message from other vehicle (at simulation time 93.001,400,000 s)
2024-06-03 18:13:27,244 INFO  - My position is not better! (at simulation time 93.001,400,000 s)
2024-06-03 18:13:27,244 INFO  - Recieve a message from other vehicle (at simulation time 93.001,400,000 s)
2024-06-03 18:13:27,244 INFO  - My position is not better! (at simulation time 93.001,400,000 s)
2024-06-03 18:13:27,244 INFO  - Recieve a message from other vehicle (at simulation time 93.001,400,000 s)
2024-06-03 18:13:27,244 INFO  - My position is not better! (at simulation time 93.001,400,000 s)
2024-06-03 18:13:27,244 INFO  - Recieve a message from other vehicle (at simulation time 93.001,400,000 s)
2024-06-03 18:13:27,244 INFO  - I'm in better position but no more hops in message (at simulation time 93.001,400,000 s)
2024-06-03 18:13:27,245 INFO  - Recieve a message from other vehicle (at simulation time 93.001,800,000 s)
2024-06-03 18:13:27,245 INFO  - My position is not better! (at simulation time 93.001,800,000 s)
2024-06-03 18:13:27,245 INFO  - Recieve a message from other vehicle (at simulation time 93.001,900,000 s)
2024-06-03 18:13:27,245 INFO  - My position is not better! (at simulation time 93.001,900,000 s)
2024-06-03 18:13:27,245 INFO  - Recieve a message from other vehicle (at simulation time 93.002,300,000 s)
2024-06-03 18:13:27,245 INFO  - I'm in better position but no more hops in message (at simulation time 93.002,300,000 s)
2024-06-03 18:13:27,245 INFO  - Recieve a message from other vehicle (at simulation time 93.002,300,000 s)
2024-06-03 18:13:27,245 INFO  - I'm in better position but no more hops in message (at simulation time 93.002,300,000 s)
2024-06-03 18:13:27,245 INFO  - Recieve a message from other vehicle (at simulation time 93.002,300,000 s)
2024-06-03 18:13:27,245 INFO  - My position is not better! (at simulation time 93.002,300,000 s)
2024-06-03 18:13:27,246 INFO  - Recieve a message from other vehicle (at simulation time 93.002,400,000 s)
2024-06-03 18:13:27,246 INFO  - I'm in better position but no more hops in message (at simulation time 93.002,400,000 s)
2024-06-03 18:13:27,246 INFO  - Recieve a message from other vehicle (at simulation time 93.002,400,000 s)
2024-06-03 18:13:27,246 INFO  - I'm in better position but no more hops in message (at simulation time 93.002,400,000 s)
2024-06-03 18:13:27,246 INFO  - Recieve a message from other vehicle (at simulation time 93.002,400,000 s)
2024-06-03 18:13:27,246 INFO  - My position is not better! (at simulation time 93.002,400,000 s)
2024-06-03 18:13:27,246 INFO  - Recieve a message from other vehicle (at simulation time 93.002,400,000 s)
2024-06-03 18:13:27,246 INFO  - I'm in better position but no more hops in message (at simulation time 93.002,400,000 s)
2024-06-03 18:13:27,246 INFO  - Recieve a message from other vehicle (at simulation time 93.002,400,000 s)
2024-06-03 18:13:27,246 INFO  - I'm in better position but no more hops in message (at simulation time 93.002,400,000 s)
2024-06-03 18:13:27,246 INFO  - Recieve a message from other vehicle (at simulation time 93.003,300,000 s)
2024-06-03 18:13:27,246 INFO  - My position is not better! (at simulation time 93.003,300,000 s)
2024-06-03 18:13:27,246 INFO  - Recieve a message from other vehicle (at simulation time 93.003,800,000 s)
2024-06-03 18:13:27,246 INFO  - My position is not better! (at simulation time 93.003,800,000 s)
2024-06-03 18:13:27,246 INFO  - Recieve a message from RSU (at simulation time 93.020,621,847 s)
2024-06-03 18:13:27,247 INFO  - Recieve a message from RSU (at simulation time 93.031,013,346 s)
2024-06-03 18:13:27,247 INFO  - Recieve a message from RSU (at simulation time 93.710,929,322 s)
2024-06-03 18:13:27,247 INFO  - Recieve a message from RSU (at simulation time 93.722,095,793 s)
2024-06-03 18:13:27,248 INFO  - Called #onVehicleUpdated (at simulation time 94.000,000,000 s)
2024-06-03 18:13:27,248 INFO  - Sending out AdHoc broadcast (at simulation time 94.000,000,000 s)
2024-06-03 18:13:27,248 INFO  - Sending out AdHoc broadcast (at simulation time 94.000,000,000 s)
2024-06-03 18:13:27,248 INFO  - Sending out AdHoc broadcast (at simulation time 94.000,000,000 s)
2024-06-03 18:13:27,249 INFO  - Recieve a message from other vehicle (at simulation time 94.000,400,000 s)
2024-06-03 18:13:27,249 INFO  - I'm in better position but no more hops in message (at simulation time 94.000,400,000 s)
2024-06-03 18:13:27,249 INFO  - Recieve a message from other vehicle (at simulation time 94.000,400,000 s)
2024-06-03 18:13:27,249 INFO  - I'm in better position but no more hops in message (at simulation time 94.000,400,000 s)
2024-06-03 18:13:27,249 INFO  - Recieve a message from other vehicle (at simulation time 94.000,800,000 s)
2024-06-03 18:13:27,249 INFO  - I'm in better position but no more hops in message (at simulation time 94.000,800,000 s)
2024-06-03 18:13:27,249 INFO  - Recieve a message from other vehicle (at simulation time 94.000,900,000 s)
2024-06-03 18:13:27,249 INFO  - I'm in better position but no more hops in message (at simulation time 94.000,900,000 s)
2024-06-03 18:13:27,249 INFO  - Recieve a message from other vehicle (at simulation time 94.000,900,000 s)
2024-06-03 18:13:27,249 INFO  - I'm in better position but no more hops in message (at simulation time 94.000,900,000 s)
2024-06-03 18:13:27,250 INFO  - Recieve a message from other vehicle (at simulation time 94.000,900,000 s)
2024-06-03 18:13:27,250 INFO  - My position is not better! (at simulation time 94.000,900,000 s)
2024-06-03 18:13:27,250 INFO  - Recieve a message from other vehicle (at simulation time 94.000,900,000 s)
2024-06-03 18:13:27,250 INFO  - My position is not better! (at simulation time 94.000,900,000 s)
2024-06-03 18:13:27,250 INFO  - Recieve a message from other vehicle (at simulation time 94.001,400,000 s)
2024-06-03 18:13:27,250 INFO  - I'm in better position but no more hops in message (at simulation time 94.001,400,000 s)
2024-06-03 18:13:27,250 INFO  - Recieve a message from other vehicle (at simulation time 94.001,400,000 s)
2024-06-03 18:13:27,250 INFO  - I'm in better position but no more hops in message (at simulation time 94.001,400,000 s)
2024-06-03 18:13:27,250 INFO  - Recieve a message from other vehicle (at simulation time 94.001,900,000 s)
2024-06-03 18:13:27,250 INFO  - My position is not better! (at simulation time 94.001,900,000 s)
2024-06-03 18:13:27,251 INFO  - Recieve a message from other vehicle (at simulation time 94.001,900,000 s)
2024-06-03 18:13:27,251 INFO  - I'm in better position but no more hops in message (at simulation time 94.001,900,000 s)
2024-06-03 18:13:27,251 INFO  - Recieve a message from other vehicle (at simulation time 94.001,900,000 s)
2024-06-03 18:13:27,251 INFO  - I'm in better position but no more hops in message (at simulation time 94.001,900,000 s)
2024-06-03 18:13:27,251 INFO  - Recieve a message from other vehicle (at simulation time 94.002,300,000 s)
2024-06-03 18:13:27,251 INFO  - I'm in better position but no more hops in message (at simulation time 94.002,300,000 s)
2024-06-03 18:13:27,251 INFO  - Recieve a message from other vehicle (at simulation time 94.002,300,000 s)
2024-06-03 18:13:27,251 INFO  - I'm in better position but no more hops in message (at simulation time 94.002,300,000 s)
2024-06-03 18:13:27,251 INFO  - Recieve a message from other vehicle (at simulation time 94.002,400,000 s)
2024-06-03 18:13:27,251 INFO  - I'm in better position but no more hops in message (at simulation time 94.002,400,000 s)
2024-06-03 18:13:27,251 INFO  - Recieve a message from other vehicle (at simulation time 94.002,400,000 s)
2024-06-03 18:13:27,251 INFO  - My position is not better! (at simulation time 94.002,400,000 s)
2024-06-03 18:13:27,251 INFO  - Recieve a message from other vehicle (at simulation time 94.002,400,000 s)
2024-06-03 18:13:27,251 INFO  - My position is not better! (at simulation time 94.002,400,000 s)
2024-06-03 18:13:27,251 INFO  - Recieve a message from other vehicle (at simulation time 94.002,400,000 s)
2024-06-03 18:13:27,251 INFO  - I'm in better position but no more hops in message (at simulation time 94.002,400,000 s)
2024-06-03 18:13:27,251 INFO  - Recieve a message from other vehicle (at simulation time 94.003,800,000 s)
2024-06-03 18:13:27,251 INFO  - My position is not better! (at simulation time 94.003,800,000 s)
2024-06-03 18:13:27,251 INFO  - Recieve a message from RSU (at simulation time 94.414,495,906 s)
2024-06-03 18:13:27,251 INFO  - Recieve a message from RSU (at simulation time 94.422,109,134 s)
2024-06-03 18:13:27,253 INFO  - Called #onVehicleUpdated (at simulation time 95.000,000,000 s)
2024-06-03 18:13:27,253 INFO  - Sending out AdHoc broadcast (at simulation time 95.000,000,000 s)
2024-06-03 18:13:27,253 INFO  - Sending out AdHoc broadcast (at simulation time 95.000,000,000 s)
2024-06-03 18:13:27,254 INFO  - Sending out AdHoc broadcast (at simulation time 95.000,000,000 s)
2024-06-03 18:13:27,254 INFO  - Sending out AdHoc broadcast (at simulation time 95.000,000,000 s)
2024-06-03 18:13:27,255 INFO  - Recieve a message from other vehicle (at simulation time 95.000,400,000 s)
2024-06-03 18:13:27,255 INFO  - I'm in better position but no more hops in message (at simulation time 95.000,400,000 s)
2024-06-03 18:13:27,255 INFO  - Recieve a message from other vehicle (at simulation time 95.000,800,000 s)
2024-06-03 18:13:27,255 INFO  - I'm in better position but no more hops in message (at simulation time 95.000,800,000 s)
2024-06-03 18:13:27,255 INFO  - Recieve a message from other vehicle (at simulation time 95.000,800,000 s)
2024-06-03 18:13:27,255 INFO  - I'm in better position but no more hops in message (at simulation time 95.000,800,000 s)
2024-06-03 18:13:27,256 INFO  - Recieve a message from other vehicle (at simulation time 95.000,900,000 s)
2024-06-03 18:13:27,256 INFO  - I'm in better position but no more hops in message (at simulation time 95.000,900,000 s)
2024-06-03 18:13:27,256 INFO  - Recieve a message from other vehicle (at simulation time 95.000,900,000 s)
2024-06-03 18:13:27,256 INFO  - I'm in better position but no more hops in message (at simulation time 95.000,900,000 s)
2024-06-03 18:13:27,256 INFO  - Recieve a message from other vehicle (at simulation time 95.000,900,000 s)
2024-06-03 18:13:27,256 INFO  - I'm in better position but no more hops in message (at simulation time 95.000,900,000 s)
2024-06-03 18:13:27,256 INFO  - Recieve a message from other vehicle (at simulation time 95.000,900,000 s)
2024-06-03 18:13:27,256 INFO  - I'm in better position but no more hops in message (at simulation time 95.000,900,000 s)
2024-06-03 18:13:27,256 INFO  - Recieve a message from other vehicle (at simulation time 95.001,300,000 s)
2024-06-03 18:13:27,256 INFO  - I'm in better position but no more hops in message (at simulation time 95.001,300,000 s)
2024-06-03 18:13:27,256 INFO  - Recieve a message from other vehicle (at simulation time 95.001,300,000 s)
2024-06-03 18:13:27,256 INFO  - I'm in better position but no more hops in message (at simulation time 95.001,300,000 s)
2024-06-03 18:13:27,256 INFO  - Recieve a message from other vehicle (at simulation time 95.001,400,000 s)
2024-06-03 18:13:27,256 INFO  - I'm in better position but no more hops in message (at simulation time 95.001,400,000 s)
2024-06-03 18:13:27,256 INFO  - Recieve a message from other vehicle (at simulation time 95.001,400,000 s)
2024-06-03 18:13:27,256 INFO  - I'm in better position but no more hops in message (at simulation time 95.001,400,000 s)
2024-06-03 18:13:27,257 INFO  - Recieve a message from other vehicle (at simulation time 95.001,400,000 s)
2024-06-03 18:13:27,257 INFO  - I'm in better position but no more hops in message (at simulation time 95.001,400,000 s)
2024-06-03 18:13:27,257 INFO  - Recieve a message from other vehicle (at simulation time 95.001,800,000 s)
2024-06-03 18:13:27,257 INFO  - I'm in better position but no more hops in message (at simulation time 95.001,800,000 s)
2024-06-03 18:13:27,257 INFO  - Recieve a message from other vehicle (at simulation time 95.001,900,000 s)
2024-06-03 18:13:27,257 INFO  - I'm in better position but no more hops in message (at simulation time 95.001,900,000 s)
2024-06-03 18:13:27,257 INFO  - Recieve a message from other vehicle (at simulation time 95.001,900,000 s)
2024-06-03 18:13:27,257 INFO  - I'm in better position but no more hops in message (at simulation time 95.001,900,000 s)
2024-06-03 18:13:27,258 INFO  - Recieve a message from other vehicle (at simulation time 95.002,400,000 s)
2024-06-03 18:13:27,258 INFO  - I'm in better position but no more hops in message (at simulation time 95.002,400,000 s)
2024-06-03 18:13:27,258 INFO  - Recieve a message from other vehicle (at simulation time 95.002,400,000 s)
2024-06-03 18:13:27,258 INFO  - I'm in better position but no more hops in message (at simulation time 95.002,400,000 s)
2024-06-03 18:13:27,258 INFO  - Recieve a message from other vehicle (at simulation time 95.002,400,000 s)
2024-06-03 18:13:27,258 INFO  - I'm in better position but no more hops in message (at simulation time 95.002,400,000 s)
2024-06-03 18:13:27,258 INFO  - Recieve a message from other vehicle (at simulation time 95.002,400,000 s)
2024-06-03 18:13:27,258 INFO  - I'm in better position but no more hops in message (at simulation time 95.002,400,000 s)
2024-06-03 18:13:27,258 INFO  - Recieve a message from other vehicle (at simulation time 95.002,400,000 s)
2024-06-03 18:13:27,258 INFO  - I'm in better position but no more hops in message (at simulation time 95.002,400,000 s)
2024-06-03 18:13:27,258 INFO  - Recieve a message from other vehicle (at simulation time 95.002,400,000 s)
2024-06-03 18:13:27,258 INFO  - I'm in better position but no more hops in message (at simulation time 95.002,400,000 s)
2024-06-03 18:13:27,258 INFO  - Recieve a message from other vehicle (at simulation time 95.002,800,000 s)
2024-06-03 18:13:27,258 INFO  - I'm in better position but no more hops in message (at simulation time 95.002,800,000 s)
2024-06-03 18:13:27,258 INFO  - Recieve a message from RSU (at simulation time 95.120,305,896 s)
2024-06-03 18:13:27,258 INFO  - Recieve a message from RSU (at simulation time 95.140,334,702 s)
2024-06-03 18:13:27,259 INFO  - Recieve a message from RSU (at simulation time 95.822,552,482 s)
2024-06-03 18:13:27,259 INFO  - Recieve a message from RSU (at simulation time 95.834,755,068 s)
2024-06-03 18:13:27,260 INFO  - Called #onVehicleUpdated (at simulation time 96.000,000,000 s)
2024-06-03 18:13:27,260 INFO  - Sending out AdHoc broadcast (at simulation time 96.000,000,000 s)
2024-06-03 18:13:27,260 INFO  - Sending out AdHoc broadcast (at simulation time 96.000,000,000 s)
2024-06-03 18:13:27,260 INFO  - Sending out AdHoc broadcast (at simulation time 96.000,000,000 s)
2024-06-03 18:13:27,261 INFO  - Recieve a message from other vehicle (at simulation time 96.000,400,000 s)
2024-06-03 18:13:27,261 INFO  - Recending a message from other vehicle (at simulation time 96.000,400,000 s)
2024-06-03 18:13:27,262 INFO  - Recieve a message from other vehicle (at simulation time 96.000,800,000 s)
2024-06-03 18:13:27,262 INFO  - I'm in better position but no more hops in message (at simulation time 96.000,800,000 s)
2024-06-03 18:13:27,262 INFO  - Recieve a message from other vehicle (at simulation time 96.000,900,000 s)
2024-06-03 18:13:27,262 INFO  - I'm in better position but no more hops in message (at simulation time 96.000,900,000 s)
2024-06-03 18:13:27,262 INFO  - Recieve a message from other vehicle (at simulation time 96.000,900,000 s)
2024-06-03 18:13:27,262 INFO  - I'm in better position but no more hops in message (at simulation time 96.000,900,000 s)
2024-06-03 18:13:27,262 INFO  - Recieve a message from other vehicle (at simulation time 96.001,300,000 s)
2024-06-03 18:13:27,262 INFO  - I'm in better position but no more hops in message (at simulation time 96.001,300,000 s)
2024-06-03 18:13:27,262 INFO  - Recieve a message from other vehicle (at simulation time 96.001,300,000 s)
2024-06-03 18:13:27,262 INFO  - I'm in better position but no more hops in message (at simulation time 96.001,300,000 s)
2024-06-03 18:13:27,262 INFO  - Recieve a message from other vehicle (at simulation time 96.001,400,000 s)
2024-06-03 18:13:27,262 INFO  - I'm in better position but no more hops in message (at simulation time 96.001,400,000 s)
2024-06-03 18:13:27,262 INFO  - Recieve a message from other vehicle (at simulation time 96.001,400,000 s)
2024-06-03 18:13:27,262 INFO  - I'm in better position but no more hops in message (at simulation time 96.001,400,000 s)
2024-06-03 18:13:27,262 INFO  - Recieve a message from other vehicle (at simulation time 96.001,400,000 s)
2024-06-03 18:13:27,262 INFO  - I'm in better position but no more hops in message (at simulation time 96.001,400,000 s)
2024-06-03 18:13:27,263 INFO  - Recieve a message from other vehicle (at simulation time 96.001,900,000 s)
2024-06-03 18:13:27,263 INFO  - I'm in better position but no more hops in message (at simulation time 96.001,900,000 s)
2024-06-03 18:13:27,263 INFO  - Recieve a message from other vehicle (at simulation time 96.001,900,000 s)
2024-06-03 18:13:27,263 INFO  - I'm in better position but no more hops in message (at simulation time 96.001,900,000 s)
2024-06-03 18:13:27,263 INFO  - Recieve a message from other vehicle (at simulation time 96.001,900,000 s)
2024-06-03 18:13:27,263 INFO  - I'm in better position but no more hops in message (at simulation time 96.001,900,000 s)
2024-06-03 18:13:27,263 INFO  - Recieve a message from other vehicle (at simulation time 96.001,900,000 s)
2024-06-03 18:13:27,263 INFO  - I'm in better position but no more hops in message (at simulation time 96.001,900,000 s)
2024-06-03 18:13:27,263 INFO  - Recieve a message from other vehicle (at simulation time 96.002,400,000 s)
2024-06-03 18:13:27,263 INFO  - I'm in better position but no more hops in message (at simulation time 96.002,400,000 s)
2024-06-03 18:13:27,263 INFO  - Recieve a message from other vehicle (at simulation time 96.002,400,000 s)
2024-06-03 18:13:27,263 INFO  - I'm in better position but no more hops in message (at simulation time 96.002,400,000 s)
2024-06-03 18:13:27,263 INFO  - Recieve a message from other vehicle (at simulation time 96.002,400,000 s)
2024-06-03 18:13:27,263 INFO  - I'm in better position but no more hops in message (at simulation time 96.002,400,000 s)
2024-06-03 18:13:27,263 INFO  - Recieve a message from other vehicle (at simulation time 96.002,400,000 s)
2024-06-03 18:13:27,263 INFO  - I'm in better position but no more hops in message (at simulation time 96.002,400,000 s)
2024-06-03 18:13:27,263 INFO  - Recieve a message from other vehicle (at simulation time 96.002,400,000 s)
2024-06-03 18:13:27,263 INFO  - I'm in better position but no more hops in message (at simulation time 96.002,400,000 s)
2024-06-03 18:13:27,264 INFO  - Recieve a message from RSU (at simulation time 96.533,622,465 s)
2024-06-03 18:13:27,264 INFO  - Recieve a message from RSU (at simulation time 96.544,074,090 s)
2024-06-03 18:13:27,265 INFO  - Called #onVehicleUpdated (at simulation time 97.000,000,000 s)
2024-06-03 18:13:27,265 INFO  - Sending out AdHoc broadcast (at simulation time 97.000,000,000 s)
2024-06-03 18:13:27,265 INFO  - Sending out AdHoc broadcast (at simulation time 97.000,000,000 s)
2024-06-03 18:13:27,265 INFO  - Sending out AdHoc broadcast (at simulation time 97.000,000,000 s)
2024-06-03 18:13:27,265 INFO  - Sending out AdHoc broadcast (at simulation time 97.000,000,000 s)
2024-06-03 18:13:27,266 INFO  - Recieve a message from other vehicle (at simulation time 97.000,400,000 s)
2024-06-03 18:13:27,266 INFO  - I'm in better position but no more hops in message (at simulation time 97.000,400,000 s)
2024-06-03 18:13:27,266 INFO  - Recieve a message from other vehicle (at simulation time 97.000,400,000 s)
2024-06-03 18:13:27,266 INFO  - I'm in better position but no more hops in message (at simulation time 97.000,400,000 s)
2024-06-03 18:13:27,266 INFO  - Recieve a message from other vehicle (at simulation time 97.000,400,000 s)
2024-06-03 18:13:27,266 INFO  - I'm in better position but no more hops in message (at simulation time 97.000,400,000 s)
2024-06-03 18:13:27,266 INFO  - Recieve a message from other vehicle (at simulation time 97.000,800,000 s)
2024-06-03 18:13:27,266 INFO  - I'm in better position but no more hops in message (at simulation time 97.000,800,000 s)
2024-06-03 18:13:27,266 INFO  - Recieve a message from other vehicle (at simulation time 97.000,900,000 s)
2024-06-03 18:13:27,266 INFO  - I'm in better position but no more hops in message (at simulation time 97.000,900,000 s)
2024-06-03 18:13:27,266 INFO  - Recieve a message from other vehicle (at simulation time 97.001,400,000 s)
2024-06-03 18:13:27,266 INFO  - I'm in better position but no more hops in message (at simulation time 97.001,400,000 s)
2024-06-03 18:13:27,267 INFO  - Recieve a message from other vehicle (at simulation time 97.001,400,000 s)
2024-06-03 18:13:27,267 INFO  - I'm in better position but no more hops in message (at simulation time 97.001,400,000 s)
2024-06-03 18:13:27,267 INFO  - Recieve a message from other vehicle (at simulation time 97.001,400,000 s)
2024-06-03 18:13:27,267 INFO  - I'm in better position but no more hops in message (at simulation time 97.001,400,000 s)
2024-06-03 18:13:27,267 INFO  - Recieve a message from other vehicle (at simulation time 97.001,800,000 s)
2024-06-03 18:13:27,267 INFO  - I'm in better position but no more hops in message (at simulation time 97.001,800,000 s)
2024-06-03 18:13:27,267 INFO  - Recieve a message from other vehicle (at simulation time 97.001,900,000 s)
2024-06-03 18:13:27,267 INFO  - I'm in better position but no more hops in message (at simulation time 97.001,900,000 s)
2024-06-03 18:13:27,267 INFO  - Recieve a message from other vehicle (at simulation time 97.001,900,000 s)
2024-06-03 18:13:27,267 INFO  - I'm in better position but no more hops in message (at simulation time 97.001,900,000 s)
2024-06-03 18:13:27,267 INFO  - Recieve a message from other vehicle (at simulation time 97.002,400,000 s)
2024-06-03 18:13:27,267 INFO  - I'm in better position but no more hops in message (at simulation time 97.002,400,000 s)
2024-06-03 18:13:27,268 INFO  - Recieve a message from other vehicle (at simulation time 97.002,800,000 s)
2024-06-03 18:13:27,268 INFO  - I'm in better position but no more hops in message (at simulation time 97.002,800,000 s)
2024-06-03 18:13:27,268 INFO  - Recieve a message from other vehicle (at simulation time 97.004,300,000 s)
2024-06-03 18:13:27,268 INFO  - I'm in better position but no more hops in message (at simulation time 97.004,300,000 s)
2024-06-03 18:13:27,268 INFO  - Recieve a message from RSU (at simulation time 97.225,160,968 s)
2024-06-03 18:13:27,268 INFO  - Recieve a message from RSU (at simulation time 97.254,808,918 s)
2024-06-03 18:13:27,268 INFO  - Recieve a message from RSU (at simulation time 97.931,080,954 s)
2024-06-03 18:13:27,268 INFO  - Recieve a message from RSU (at simulation time 97.937,734,380 s)
2024-06-03 18:13:27,269 INFO  - Called #onVehicleUpdated (at simulation time 98.000,000,000 s)
2024-06-03 18:13:27,269 INFO  - Sending out AdHoc broadcast (at simulation time 98.000,000,000 s)
2024-06-03 18:13:27,269 INFO  - Sending out AdHoc broadcast (at simulation time 98.000,000,000 s)
2024-06-03 18:13:27,269 INFO  - Sending out AdHoc broadcast (at simulation time 98.000,000,000 s)
2024-06-03 18:13:27,270 INFO  - Recieve a message from other vehicle (at simulation time 98.001,300,000 s)
2024-06-03 18:13:27,270 INFO  - My position is not better! (at simulation time 98.001,300,000 s)
2024-06-03 18:13:27,270 INFO  - Recieve a message from other vehicle (at simulation time 98.001,400,000 s)
2024-06-03 18:13:27,271 INFO  - I'm in better position but no more hops in message (at simulation time 98.001,400,000 s)
2024-06-03 18:13:27,271 INFO  - Recieve a message from other vehicle (at simulation time 98.001,400,000 s)
2024-06-03 18:13:27,271 INFO  - My position is not better! (at simulation time 98.001,400,000 s)
2024-06-03 18:13:27,271 INFO  - Recieve a message from other vehicle (at simulation time 98.001,400,000 s)
2024-06-03 18:13:27,271 INFO  - My position is not better! (at simulation time 98.001,400,000 s)
2024-06-03 18:13:27,271 INFO  - Recieve a message from other vehicle (at simulation time 98.001,800,000 s)
2024-06-03 18:13:27,271 INFO  - My position is not better! (at simulation time 98.001,800,000 s)
2024-06-03 18:13:27,271 INFO  - Recieve a message from other vehicle (at simulation time 98.001,900,000 s)
2024-06-03 18:13:27,271 INFO  - I'm in better position but no more hops in message (at simulation time 98.001,900,000 s)
2024-06-03 18:13:27,271 INFO  - Recieve a message from other vehicle (at simulation time 98.001,900,000 s)
2024-06-03 18:13:27,271 INFO  - My position is not better! (at simulation time 98.001,900,000 s)
2024-06-03 18:13:27,271 INFO  - Recieve a message from other vehicle (at simulation time 98.001,900,000 s)
2024-06-03 18:13:27,271 INFO  - My position is not better! (at simulation time 98.001,900,000 s)
2024-06-03 18:13:27,271 INFO  - Recieve a message from other vehicle (at simulation time 98.002,400,000 s)
2024-06-03 18:13:27,272 INFO  - I'm in better position but no more hops in message (at simulation time 98.002,400,000 s)
2024-06-03 18:13:27,272 INFO  - Recieve a message from other vehicle (at simulation time 98.002,400,000 s)
2024-06-03 18:13:27,272 INFO  - My position is not better! (at simulation time 98.002,400,000 s)
2024-06-03 18:13:27,272 INFO  - Recieve a message from other vehicle (at simulation time 98.002,400,000 s)
2024-06-03 18:13:27,272 INFO  - My position is not better! (at simulation time 98.002,400,000 s)
2024-06-03 18:13:27,272 INFO  - Recieve a message from other vehicle (at simulation time 98.002,400,000 s)
2024-06-03 18:13:27,272 INFO  - I'm in better position but no more hops in message (at simulation time 98.002,400,000 s)
2024-06-03 18:13:27,272 INFO  - Recieve a message from other vehicle (at simulation time 98.003,800,000 s)
2024-06-03 18:13:27,272 INFO  - My position is not better! (at simulation time 98.003,800,000 s)
2024-06-03 18:13:27,274 INFO  - Called #onVehicleUpdated (at simulation time 99.000,000,000 s)
2024-06-03 18:13:27,274 INFO  - Sending out AdHoc broadcast (at simulation time 99.000,000,000 s)
2024-06-03 18:13:27,274 INFO  - Sending out AdHoc broadcast (at simulation time 99.000,000,000 s)
2024-06-03 18:13:27,274 INFO  - Sending out AdHoc broadcast (at simulation time 99.000,000,000 s)
2024-06-03 18:13:27,274 INFO  - Sending out AdHoc broadcast (at simulation time 99.000,000,000 s)
2024-06-03 18:13:27,275 INFO  - Recieve a message from other vehicle (at simulation time 99.000,800,000 s)
2024-06-03 18:13:27,275 INFO  - My position is not better! (at simulation time 99.000,800,000 s)
2024-06-03 18:13:27,276 INFO  - Recieve a message from other vehicle (at simulation time 99.001,300,000 s)
2024-06-03 18:13:27,276 INFO  - My position is not better! (at simulation time 99.001,300,000 s)
2024-06-03 18:13:27,276 INFO  - Recieve a message from other vehicle (at simulation time 99.001,400,000 s)
2024-06-03 18:13:27,276 INFO  - My position is not better! (at simulation time 99.001,400,000 s)
2024-06-03 18:13:27,276 INFO  - Recieve a message from other vehicle (at simulation time 99.001,900,000 s)
2024-06-03 18:13:27,276 INFO  - My position is not better! (at simulation time 99.001,900,000 s)
2024-06-03 18:13:27,276 INFO  - Recieve a message from other vehicle (at simulation time 99.001,900,000 s)
2024-06-03 18:13:27,276 INFO  - My position is not better! (at simulation time 99.001,900,000 s)
2024-06-03 18:13:27,276 INFO  - Recieve a message from other vehicle (at simulation time 99.001,900,000 s)
2024-06-03 18:13:27,276 INFO  - My position is not better! (at simulation time 99.001,900,000 s)
2024-06-03 18:13:27,277 INFO  - Recieve a message from other vehicle (at simulation time 99.002,400,000 s)
2024-06-03 18:13:27,277 INFO  - My position is not better! (at simulation time 99.002,400,000 s)
2024-06-03 18:13:27,277 INFO  - Recieve a message from other vehicle (at simulation time 99.002,400,000 s)
2024-06-03 18:13:27,277 INFO  - My position is not better! (at simulation time 99.002,400,000 s)
2024-06-03 18:13:27,277 INFO  - Recieve a message from other vehicle (at simulation time 99.002,400,000 s)
2024-06-03 18:13:27,277 INFO  - My position is not better! (at simulation time 99.002,400,000 s)
2024-06-03 18:13:27,277 INFO  - Recieve a message from other vehicle (at simulation time 99.002,800,000 s)
2024-06-03 18:13:27,277 INFO  - My position is not better! (at simulation time 99.002,800,000 s)
2024-06-03 18:13:27,277 INFO  - Recieve a message from other vehicle (at simulation time 99.003,800,000 s)
2024-06-03 18:13:27,277 INFO  - My position is not better! (at simulation time 99.003,800,000 s)
2024-06-03 18:13:27,280 INFO  - Called #onVehicleUpdated (at simulation time 100.000,000,000 s)
2024-06-03 18:13:27,280 INFO  - Sending out AdHoc broadcast (at simulation time 100.000,000,000 s)
2024-06-03 18:13:27,280 INFO  - Sending out AdHoc broadcast (at simulation time 100.000,000,000 s)
2024-06-03 18:13:27,280 INFO  - Sending out AdHoc broadcast (at simulation time 100.000,000,000 s)
2024-06-03 18:13:27,283 INFO  - Recieve a message from other vehicle (at simulation time 100.001,800,000 s)
2024-06-03 18:13:27,283 INFO  - My position is not better! (at simulation time 100.001,800,000 s)
2024-06-03 18:13:27,283 INFO  - Recieve a message from other vehicle (at simulation time 100.002,300,000 s)
2024-06-03 18:13:27,283 INFO  - My position is not better! (at simulation time 100.002,300,000 s)
2024-06-03 18:13:27,283 INFO  - Recieve a message from other vehicle (at simulation time 100.002,800,000 s)
2024-06-03 18:13:27,283 INFO  - My position is not better! (at simulation time 100.002,800,000 s)
2024-06-03 18:13:27,285 INFO  - Called #onVehicleUpdated (at simulation time 101.000,000,000 s)
2024-06-03 18:13:27,285 INFO  - Exced velocity! Sending new CAM (at simulation time 101.000,000,000 s)
2024-06-03 18:13:27,285 INFO  - Sending out AdHoc broadcast (at simulation time 101.000,000,000 s)
2024-06-03 18:13:27,285 INFO  - Sending out AdHoc broadcast (at simulation time 101.000,000,000 s)
2024-06-03 18:13:27,285 INFO  - Sending out AdHoc broadcast (at simulation time 101.000,000,000 s)
2024-06-03 18:13:27,285 INFO  - Sending out AdHoc broadcast (at simulation time 101.000,000,000 s)
2024-06-03 18:13:27,285 INFO  - Sending out AdHoc broadcast (at simulation time 101.000,000,000 s)
2024-06-03 18:13:27,288 INFO  - Called #onVehicleUpdated (at simulation time 102.000,000,000 s)
2024-06-03 18:13:27,288 INFO  - Exced velocity! Sending new CAM (at simulation time 102.000,000,000 s)
2024-06-03 18:13:27,288 INFO  - Sending out AdHoc broadcast (at simulation time 102.000,000,000 s)
2024-06-03 18:13:27,289 INFO  - Sending out AdHoc broadcast (at simulation time 102.000,000,000 s)
2024-06-03 18:13:27,289 INFO  - Sending out AdHoc broadcast (at simulation time 102.000,000,000 s)
2024-06-03 18:13:27,289 INFO  - Sending out AdHoc broadcast (at simulation time 102.000,000,000 s)
2024-06-03 18:13:27,292 INFO  - Called #onVehicleUpdated (at simulation time 103.000,000,000 s)
2024-06-03 18:13:27,293 INFO  - Exced velocity! Sending new CAM (at simulation time 103.000,000,000 s)
2024-06-03 18:13:27,293 INFO  - Sending out AdHoc broadcast (at simulation time 103.000,000,000 s)
2024-06-03 18:13:27,293 INFO  - Sending out AdHoc broadcast (at simulation time 103.000,000,000 s)
2024-06-03 18:13:27,293 INFO  - Sending out AdHoc broadcast (at simulation time 103.000,000,000 s)
2024-06-03 18:13:27,293 INFO  - Sending out AdHoc broadcast (at simulation time 103.000,000,000 s)
2024-06-03 18:13:27,293 INFO  - Sending out AdHoc broadcast (at simulation time 103.000,000,000 s)
2024-06-03 18:13:27,293 INFO  - Sending out AdHoc broadcast (at simulation time 103.000,000,000 s)
2024-06-03 18:13:27,296 INFO  - Called #onVehicleUpdated (at simulation time 104.000,000,000 s)
2024-06-03 18:13:27,296 INFO  - Exced velocity! Sending new CAM (at simulation time 104.000,000,000 s)
2024-06-03 18:13:27,296 INFO  - Sending out AdHoc broadcast (at simulation time 104.000,000,000 s)
2024-06-03 18:13:27,296 INFO  - Sending out AdHoc broadcast (at simulation time 104.000,000,000 s)
2024-06-03 18:13:27,296 INFO  - Sending out AdHoc broadcast (at simulation time 104.000,000,000 s)
2024-06-03 18:13:27,296 INFO  - Sending out AdHoc broadcast (at simulation time 104.000,000,000 s)
2024-06-03 18:13:27,296 INFO  - Sending out AdHoc broadcast (at simulation time 104.000,000,000 s)
2024-06-03 18:13:27,300 INFO  - Shutdown (at simulation time 105.000,000,000 s)
