2024-06-03 19:54:38,346 INFO  - Initialize Vehicle application (at simulation time 114.000,000,000 s)
2024-06-03 19:54:38,347 INFO  - Activated WLAN Module (at simulation time 114.000,000,000 s)
2024-06-03 19:54:38,351 INFO  - Called #onVehicleUpdated (at simulation time 114.000,000,000 s)
2024-06-03 19:54:38,351 INFO  - Exced velocity! Sending new CAM (at simulation time 114.000,000,000 s)
2024-06-03 19:54:38,351 INFO  - Sending out AdHoc broadcast (at simulation time 114.000,000,000 s)
2024-06-03 19:54:38,356 INFO  - Called #onVehicleUpdated (at simulation time 115.000,000,000 s)
2024-06-03 19:54:38,356 INFO  - Define the name: veh_18 and route: r_0 (at simulation time 115.000,000,000 s)
2024-06-03 19:54:38,356 INFO  - Sending out AdHoc broadcast (at simulation time 115.000,000,000 s)
2024-06-03 19:54:38,358 INFO  - Called #onVehicleUpdated (at simulation time 116.000,000,000 s)
2024-06-03 19:54:38,358 INFO  - Sending out AdHoc broadcast (at simulation time 116.000,000,000 s)
2024-06-03 19:54:38,360 INFO  - Called #onVehicleUpdated (at simulation time 117.000,000,000 s)
2024-06-03 19:54:38,360 INFO  - Exced velocity! Sending new CAM (at simulation time 117.000,000,000 s)
2024-06-03 19:54:38,360 INFO  - Sending out AdHoc broadcast (at simulation time 117.000,000,000 s)
2024-06-03 19:54:38,360 INFO  - Sending out AdHoc broadcast (at simulation time 117.000,000,000 s)
2024-06-03 19:54:38,363 INFO  - Called #onVehicleUpdated (at simulation time 118.000,000,000 s)
2024-06-03 19:54:38,363 INFO  - Sending out AdHoc broadcast (at simulation time 118.000,000,000 s)
2024-06-03 19:54:38,365 INFO  - Called #onVehicleUpdated (at simulation time 119.000,000,000 s)
2024-06-03 19:54:38,365 INFO  - Sending out AdHoc broadcast (at simulation time 119.000,000,000 s)
2024-06-03 19:54:38,365 INFO  - Sending out AdHoc broadcast (at simulation time 119.000,000,000 s)
2024-06-03 19:54:38,368 INFO  - Called #onVehicleUpdated (at simulation time 120.000,000,000 s)
2024-06-03 19:54:38,368 INFO  - Sending out AdHoc broadcast (at simulation time 120.000,000,000 s)
2024-06-03 19:54:38,369 INFO  - Recieve a message from other vehicle (at simulation time 120.000,900,000 s)
2024-06-03 19:54:38,369 INFO  - My position is not better! (at simulation time 120.000,900,000 s)
2024-06-03 19:54:38,370 INFO  - Recieve a message from other vehicle (at simulation time 120.002,300,000 s)
2024-06-03 19:54:38,370 INFO  - My position is not better! (at simulation time 120.002,300,000 s)
2024-06-03 19:54:38,370 INFO  - Recieve a message from other vehicle (at simulation time 120.002,400,000 s)
2024-06-03 19:54:38,370 INFO  - My position is not better! (at simulation time 120.002,400,000 s)
2024-06-03 19:54:38,370 INFO  - Recieve a message from other vehicle (at simulation time 120.002,400,000 s)
2024-06-03 19:54:38,370 INFO  - My position is not better! (at simulation time 120.002,400,000 s)
2024-06-03 19:54:38,370 INFO  - Recieve a message from other vehicle (at simulation time 120.004,800,000 s)
2024-06-03 19:54:38,370 INFO  - My position is not better! (at simulation time 120.004,800,000 s)
2024-06-03 19:54:38,370 INFO  - Recieve a message from other vehicle (at simulation time 120.004,800,000 s)
2024-06-03 19:54:38,370 INFO  - I'm in better position but no more hops in message (at simulation time 120.004,800,000 s)
2024-06-03 19:54:38,372 INFO  - Called #onVehicleUpdated (at simulation time 121.000,000,000 s)
2024-06-03 19:54:38,372 INFO  - Sending out AdHoc broadcast (at simulation time 121.000,000,000 s)
2024-06-03 19:54:38,372 INFO  - Sending out AdHoc broadcast (at simulation time 121.000,000,000 s)
2024-06-03 19:54:38,373 INFO  - Recieve a message from other vehicle (at simulation time 121.000,400,000 s)
2024-06-03 19:54:38,373 INFO  - My position is not better! (at simulation time 121.000,400,000 s)
2024-06-03 19:54:38,373 INFO  - Recieve a message from other vehicle (at simulation time 121.000,400,000 s)
2024-06-03 19:54:38,373 INFO  - My position is not better! (at simulation time 121.000,400,000 s)
2024-06-03 19:54:38,373 INFO  - Recieve a message from other vehicle (at simulation time 121.000,900,000 s)
2024-06-03 19:54:38,373 INFO  - My position is not better! (at simulation time 121.000,900,000 s)
2024-06-03 19:54:38,373 INFO  - Recieve a message from other vehicle (at simulation time 121.000,900,000 s)
2024-06-03 19:54:38,373 INFO  - My position is not better! (at simulation time 121.000,900,000 s)
2024-06-03 19:54:38,373 INFO  - Recieve a message from other vehicle (at simulation time 121.000,900,000 s)
2024-06-03 19:54:38,373 INFO  - My position is not better! (at simulation time 121.000,900,000 s)
2024-06-03 19:54:38,373 INFO  - Recieve a message from other vehicle (at simulation time 121.001,300,000 s)
2024-06-03 19:54:38,373 INFO  - My position is not better! (at simulation time 121.001,300,000 s)
2024-06-03 19:54:38,373 INFO  - Recieve a message from other vehicle (at simulation time 121.001,300,000 s)
2024-06-03 19:54:38,373 INFO  - My position is not better! (at simulation time 121.001,300,000 s)
2024-06-03 19:54:38,374 INFO  - Recieve a message from other vehicle (at simulation time 121.001,400,000 s)
2024-06-03 19:54:38,374 INFO  - My position is not better! (at simulation time 121.001,400,000 s)
2024-06-03 19:54:38,374 INFO  - Recieve a message from other vehicle (at simulation time 121.001,400,000 s)
2024-06-03 19:54:38,374 INFO  - My position is not better! (at simulation time 121.001,400,000 s)
2024-06-03 19:54:38,374 INFO  - Recieve a message from other vehicle (at simulation time 121.001,400,000 s)
2024-06-03 19:54:38,374 INFO  - My position is not better! (at simulation time 121.001,400,000 s)
2024-06-03 19:54:38,374 INFO  - Recieve a message from other vehicle (at simulation time 121.001,800,000 s)
2024-06-03 19:54:38,374 INFO  - My position is not better! (at simulation time 121.001,800,000 s)
2024-06-03 19:54:38,374 INFO  - Recieve a message from other vehicle (at simulation time 121.001,800,000 s)
2024-06-03 19:54:38,374 INFO  - My position is not better! (at simulation time 121.001,800,000 s)
2024-06-03 19:54:38,374 INFO  - Recieve a message from other vehicle (at simulation time 121.001,900,000 s)
2024-06-03 19:54:38,374 INFO  - My position is not better! (at simulation time 121.001,900,000 s)
2024-06-03 19:54:38,374 INFO  - Recieve a message from other vehicle (at simulation time 121.001,900,000 s)
2024-06-03 19:54:38,374 INFO  - My position is not better! (at simulation time 121.001,900,000 s)
2024-06-03 19:54:38,374 INFO  - Recieve a message from other vehicle (at simulation time 121.002,300,000 s)
2024-06-03 19:54:38,374 INFO  - My position is not better! (at simulation time 121.002,300,000 s)
2024-06-03 19:54:38,374 INFO  - Recieve a message from other vehicle (at simulation time 121.002,300,000 s)
2024-06-03 19:54:38,374 INFO  - My position is not better! (at simulation time 121.002,300,000 s)
2024-06-03 19:54:38,374 INFO  - Recieve a message from other vehicle (at simulation time 121.002,400,000 s)
2024-06-03 19:54:38,374 INFO  - My position is not better! (at simulation time 121.002,400,000 s)
2024-06-03 19:54:38,374 INFO  - Recieve a message from other vehicle (at simulation time 121.002,400,000 s)
2024-06-03 19:54:38,374 INFO  - My position is not better! (at simulation time 121.002,400,000 s)
2024-06-03 19:54:38,374 INFO  - Recieve a message from other vehicle (at simulation time 121.002,800,000 s)
2024-06-03 19:54:38,374 INFO  - My position is not better! (at simulation time 121.002,800,000 s)
2024-06-03 19:54:38,374 INFO  - Recieve a message from other vehicle (at simulation time 121.002,800,000 s)
2024-06-03 19:54:38,374 INFO  - My position is not better! (at simulation time 121.002,800,000 s)
2024-06-03 19:54:38,374 INFO  - Recieve a message from other vehicle (at simulation time 121.002,800,000 s)
2024-06-03 19:54:38,374 INFO  - My position is not better! (at simulation time 121.002,800,000 s)
2024-06-03 19:54:38,374 INFO  - Recieve a message from other vehicle (at simulation time 121.003,800,000 s)
2024-06-03 19:54:38,374 INFO  - My position is not better! (at simulation time 121.003,800,000 s)
2024-06-03 19:54:38,376 INFO  - Called #onVehicleUpdated (at simulation time 122.000,000,000 s)
2024-06-03 19:54:38,376 INFO  - Sending out AdHoc broadcast (at simulation time 122.000,000,000 s)
2024-06-03 19:54:38,376 INFO  - Recieve a message from other vehicle (at simulation time 122.000,800,000 s)
2024-06-03 19:54:38,376 INFO  - My position is not better! (at simulation time 122.000,800,000 s)
2024-06-03 19:54:38,377 INFO  - Recieve a message from other vehicle (at simulation time 122.000,900,000 s)
2024-06-03 19:54:38,377 INFO  - My position is not better! (at simulation time 122.000,900,000 s)
2024-06-03 19:54:38,377 INFO  - Recieve a message from other vehicle (at simulation time 122.000,900,000 s)
2024-06-03 19:54:38,377 INFO  - I'm in better position but no more hops in message (at simulation time 122.000,900,000 s)
2024-06-03 19:54:38,377 INFO  - Recieve a message from other vehicle (at simulation time 122.001,300,000 s)
2024-06-03 19:54:38,377 INFO  - My position is not better! (at simulation time 122.001,300,000 s)
2024-06-03 19:54:38,377 INFO  - Recieve a message from other vehicle (at simulation time 122.001,400,000 s)
2024-06-03 19:54:38,377 INFO  - My position is not better! (at simulation time 122.001,400,000 s)
2024-06-03 19:54:38,377 INFO  - Recieve a message from other vehicle (at simulation time 122.001,400,000 s)
2024-06-03 19:54:38,377 INFO  - My position is not better! (at simulation time 122.001,400,000 s)
2024-06-03 19:54:38,377 INFO  - Recieve a message from other vehicle (at simulation time 122.001,800,000 s)
2024-06-03 19:54:38,377 INFO  - My position is not better! (at simulation time 122.001,800,000 s)
2024-06-03 19:54:38,377 INFO  - Recieve a message from other vehicle (at simulation time 122.001,800,000 s)
2024-06-03 19:54:38,377 INFO  - My position is not better! (at simulation time 122.001,800,000 s)
2024-06-03 19:54:38,378 INFO  - Recieve a message from other vehicle (at simulation time 122.001,800,000 s)
2024-06-03 19:54:38,378 INFO  - I'm in better position but no more hops in message (at simulation time 122.001,800,000 s)
2024-06-03 19:54:38,378 INFO  - Recieve a message from other vehicle (at simulation time 122.001,900,000 s)
2024-06-03 19:54:38,378 INFO  - I'm in better position but no more hops in message (at simulation time 122.001,900,000 s)
2024-06-03 19:54:38,378 INFO  - Recieve a message from other vehicle (at simulation time 122.001,900,000 s)
2024-06-03 19:54:38,378 INFO  - My position is not better! (at simulation time 122.001,900,000 s)
2024-06-03 19:54:38,378 INFO  - Recieve a message from other vehicle (at simulation time 122.001,900,000 s)
2024-06-03 19:54:38,378 INFO  - My position is not better! (at simulation time 122.001,900,000 s)
2024-06-03 19:54:38,378 INFO  - Recieve a message from other vehicle (at simulation time 122.002,300,000 s)
2024-06-03 19:54:38,378 INFO  - I'm in better position but no more hops in message (at simulation time 122.002,300,000 s)
2024-06-03 19:54:38,378 INFO  - Recieve a message from other vehicle (at simulation time 122.002,300,000 s)
2024-06-03 19:54:38,378 INFO  - My position is not better! (at simulation time 122.002,300,000 s)
2024-06-03 19:54:38,378 INFO  - Recieve a message from other vehicle (at simulation time 122.002,400,000 s)
2024-06-03 19:54:38,378 INFO  - My position is not better! (at simulation time 122.002,400,000 s)
2024-06-03 19:54:38,378 INFO  - Recieve a message from other vehicle (at simulation time 122.002,400,000 s)
2024-06-03 19:54:38,378 INFO  - My position is not better! (at simulation time 122.002,400,000 s)
2024-06-03 19:54:38,379 INFO  - Recieve a message from other vehicle (at simulation time 122.002,400,000 s)
2024-06-03 19:54:38,379 INFO  - My position is not better! (at simulation time 122.002,400,000 s)
2024-06-03 19:54:38,379 INFO  - Recieve a message from other vehicle (at simulation time 122.002,400,000 s)
2024-06-03 19:54:38,379 INFO  - I'm in better position but no more hops in message (at simulation time 122.002,400,000 s)
2024-06-03 19:54:38,379 INFO  - Recieve a message from other vehicle (at simulation time 122.002,800,000 s)
2024-06-03 19:54:38,379 INFO  - My position is not better! (at simulation time 122.002,800,000 s)
2024-06-03 19:54:38,379 INFO  - Recieve a message from other vehicle (at simulation time 122.003,300,000 s)
2024-06-03 19:54:38,379 INFO  - I'm in better position but no more hops in message (at simulation time 122.003,300,000 s)
2024-06-03 19:54:38,381 INFO  - Called #onVehicleUpdated (at simulation time 123.000,000,000 s)
2024-06-03 19:54:38,381 INFO  - Sending out DENM broadcast (at simulation time 123.000,000,000 s)
2024-06-03 19:54:38,381 INFO  - Sending out AdHoc broadcast (at simulation time 123.000,000,000 s)
2024-06-03 19:54:38,381 INFO  - Sending out AdHoc broadcast (at simulation time 123.000,000,000 s)
2024-06-03 19:54:38,382 INFO  - Recieve a message from other vehicle (at simulation time 123.000,400,000 s)
2024-06-03 19:54:38,382 INFO  - My position is not better! (at simulation time 123.000,400,000 s)
2024-06-03 19:54:38,382 INFO  - Recieve a message from other vehicle (at simulation time 123.000,400,000 s)
2024-06-03 19:54:38,382 INFO  - Recending a message from other vehicle (at simulation time 123.000,400,000 s)
2024-06-03 19:54:38,382 INFO  - Recieve a message from other vehicle (at simulation time 123.000,400,000 s)
2024-06-03 19:54:38,382 INFO  - My position is not better! (at simulation time 123.000,400,000 s)
2024-06-03 19:54:38,383 INFO  - Recieve a message from other vehicle (at simulation time 123.000,900,000 s)
2024-06-03 19:54:38,383 INFO  - DENM message Recived from veh_23 -info : nevoeiro (at simulation time 123.000,900,000 s)
2024-06-03 19:54:38,383 INFO  - Recending a DENM message from other vehicle (at simulation time 123.000,900,000 s)
2024-06-03 19:54:38,383 INFO  - Recieve a message from other vehicle (at simulation time 123.000,900,000 s)
2024-06-03 19:54:38,383 INFO  - Recending a message from other vehicle (at simulation time 123.000,900,000 s)
2024-06-03 19:54:38,383 INFO  - Recieve a message from other vehicle (at simulation time 123.000,900,000 s)
2024-06-03 19:54:38,383 INFO  - My position is not better! (at simulation time 123.000,900,000 s)
2024-06-03 19:54:38,383 INFO  - Recieve a message from other vehicle (at simulation time 123.001,400,000 s)
2024-06-03 19:54:38,383 INFO  - DENM message Recived from veh_19 -info : seco (at simulation time 123.001,400,000 s)
2024-06-03 19:54:38,383 INFO  - Recending a DENM message from other vehicle (at simulation time 123.001,400,000 s)
2024-06-03 19:54:38,383 INFO  - Recieve a message from other vehicle (at simulation time 123.001,400,000 s)
2024-06-03 19:54:38,383 INFO  - DENM message Recived from veh_21 -info : seco (at simulation time 123.001,400,000 s)
2024-06-03 19:54:38,383 INFO  - No more hops in DENM message (at simulation time 123.001,400,000 s)
2024-06-03 19:54:38,383 INFO  - Recieve a message from other vehicle (at simulation time 123.001,400,000 s)
2024-06-03 19:54:38,383 INFO  - My position is not better! (at simulation time 123.001,400,000 s)
2024-06-03 19:54:38,383 INFO  - Recieve a message from other vehicle (at simulation time 123.001,400,000 s)
2024-06-03 19:54:38,383 INFO  - My position is not better! (at simulation time 123.001,400,000 s)
2024-06-03 19:54:38,383 INFO  - Recieve a message from other vehicle (at simulation time 123.001,400,000 s)
2024-06-03 19:54:38,383 INFO  - My position is not better! (at simulation time 123.001,400,000 s)
2024-06-03 19:54:38,383 INFO  - Recieve a message from other vehicle (at simulation time 123.001,400,000 s)
2024-06-03 19:54:38,383 INFO  - My position is not better! (at simulation time 123.001,400,000 s)
2024-06-03 19:54:38,384 INFO  - Recieve a message from other vehicle (at simulation time 123.001,800,000 s)
2024-06-03 19:54:38,384 INFO  - DENM message Recived from veh_18 -info : seco (at simulation time 123.001,800,000 s)
2024-06-03 19:54:38,384 INFO  - No more hops in DENM message (at simulation time 123.001,800,000 s)
2024-06-03 19:54:38,384 INFO  - Recieve a message from other vehicle (at simulation time 123.001,900,000 s)
2024-06-03 19:54:38,384 INFO  - My position is not better! (at simulation time 123.001,900,000 s)
2024-06-03 19:54:38,384 INFO  - Recieve a message from other vehicle (at simulation time 123.001,900,000 s)
2024-06-03 19:54:38,384 INFO  - I'm in better position but no more hops in message (at simulation time 123.001,900,000 s)
2024-06-03 19:54:38,384 INFO  - Recieve a message from other vehicle (at simulation time 123.002,300,000 s)
2024-06-03 19:54:38,384 INFO  - I'm in better position but no more hops in message (at simulation time 123.002,300,000 s)
2024-06-03 19:54:38,384 INFO  - Recieve a message from other vehicle (at simulation time 123.002,300,000 s)
2024-06-03 19:54:38,384 INFO  - DENM message Recived from veh_21 -info : seco (at simulation time 123.002,300,000 s)
2024-06-03 19:54:38,384 INFO  - No more hops in DENM message (at simulation time 123.002,300,000 s)
2024-06-03 19:54:38,385 INFO  - Recieve a message from other vehicle (at simulation time 123.002,400,000 s)
2024-06-03 19:54:38,385 INFO  - I'm in better position but no more hops in message (at simulation time 123.002,400,000 s)
2024-06-03 19:54:38,385 INFO  - Recieve a message from other vehicle (at simulation time 123.002,800,000 s)
2024-06-03 19:54:38,385 INFO  - I'm in better position but no more hops in message (at simulation time 123.002,800,000 s)
2024-06-03 19:54:38,387 INFO  - Called #onVehicleUpdated (at simulation time 124.000,000,000 s)
2024-06-03 19:54:38,387 INFO  - Sending out AdHoc broadcast (at simulation time 124.000,000,000 s)
2024-06-03 19:54:38,387 INFO  - Recieve a message from other vehicle (at simulation time 124.000,400,000 s)
2024-06-03 19:54:38,387 INFO  - DENM message Recived from veh_22 -info : piso-molhado (at simulation time 124.000,400,000 s)
2024-06-03 19:54:38,387 INFO  - I slow down due to road state (at simulation time 124.000,400,000 s)
2024-06-03 19:54:38,387 INFO  - Recending a DENM message from other vehicle (at simulation time 124.000,400,000 s)
2024-06-03 19:54:38,387 INFO  - Recieve a message from other vehicle (at simulation time 124.000,400,000 s)
2024-06-03 19:54:38,387 INFO  - Recending a message from other vehicle (at simulation time 124.000,400,000 s)
2024-06-03 19:54:38,387 INFO  - Recieve a message from other vehicle (at simulation time 124.000,400,000 s)
2024-06-03 19:54:38,387 INFO  - Recending a message from other vehicle (at simulation time 124.000,400,000 s)
2024-06-03 19:54:38,387 INFO  - Recieve a message from other vehicle (at simulation time 124.000,400,000 s)
2024-06-03 19:54:38,387 INFO  - I'm in better position but no more hops in message (at simulation time 124.000,400,000 s)
2024-06-03 19:54:38,388 INFO  - Recieve a message from other vehicle (at simulation time 124.000,400,000 s)
2024-06-03 19:54:38,388 INFO  - Recending a message from other vehicle (at simulation time 124.000,400,000 s)
2024-06-03 19:54:38,388 INFO  - Recieve a message from other vehicle (at simulation time 124.000,400,000 s)
2024-06-03 19:54:38,388 INFO  - My position is not better! (at simulation time 124.000,400,000 s)
2024-06-03 19:54:38,388 INFO  - Recieve a message from other vehicle (at simulation time 124.000,800,000 s)
2024-06-03 19:54:38,388 INFO  - DENM message Recived from veh_20 -info : seco (at simulation time 124.000,800,000 s)
2024-06-03 19:54:38,388 INFO  - No more hops in DENM message (at simulation time 124.000,800,000 s)
2024-06-03 19:54:38,388 INFO  - Recieve a message from other vehicle (at simulation time 124.000,800,000 s)
2024-06-03 19:54:38,388 INFO  - I'm in better position but no more hops in message (at simulation time 124.000,800,000 s)
2024-06-03 19:54:38,388 INFO  - Recieve a message from other vehicle (at simulation time 124.000,900,000 s)
2024-06-03 19:54:38,388 INFO  - I'm in better position but no more hops in message (at simulation time 124.000,900,000 s)
2024-06-03 19:54:38,389 INFO  - Recieve a message from other vehicle (at simulation time 124.000,900,000 s)
2024-06-03 19:54:38,389 INFO  - I'm in better position but no more hops in message (at simulation time 124.000,900,000 s)
2024-06-03 19:54:38,389 INFO  - Recieve a message from other vehicle (at simulation time 124.000,900,000 s)
2024-06-03 19:54:38,389 INFO  - I'm in better position but no more hops in message (at simulation time 124.000,900,000 s)
2024-06-03 19:54:38,389 INFO  - Recieve a message from other vehicle (at simulation time 124.000,900,000 s)
2024-06-03 19:54:38,389 INFO  - Recending a message from other vehicle (at simulation time 124.000,900,000 s)
2024-06-03 19:54:38,391 INFO  - Recieve a message from other vehicle (at simulation time 124.001,800,000 s)
2024-06-03 19:54:38,391 INFO  - I'm in better position but no more hops in message (at simulation time 124.001,800,000 s)
2024-06-03 19:54:38,392 INFO  - Recieve a message from other vehicle (at simulation time 124.001,900,000 s)
2024-06-03 19:54:38,392 INFO  - DENM message Recived from veh_20 -info : seco (at simulation time 124.001,900,000 s)
2024-06-03 19:54:38,392 INFO  - No more hops in DENM message (at simulation time 124.001,900,000 s)
2024-06-03 19:54:38,392 INFO  - Recieve a message from other vehicle (at simulation time 124.001,900,000 s)
2024-06-03 19:54:38,392 INFO  - I'm in better position but no more hops in message (at simulation time 124.001,900,000 s)
2024-06-03 19:54:38,392 INFO  - Recieve a message from other vehicle (at simulation time 124.002,300,000 s)
2024-06-03 19:54:38,392 INFO  - I'm in better position but no more hops in message (at simulation time 124.002,300,000 s)
2024-06-03 19:54:38,392 INFO  - Recieve a message from other vehicle (at simulation time 124.002,400,000 s)
2024-06-03 19:54:38,392 INFO  - I'm in better position but no more hops in message (at simulation time 124.002,400,000 s)
2024-06-03 19:54:38,395 INFO  - Called #onVehicleUpdated (at simulation time 125.000,000,000 s)
2024-06-03 19:54:38,395 INFO  - Sending out AdHoc broadcast (at simulation time 125.000,000,000 s)
2024-06-03 19:54:38,395 INFO  - Sending out AdHoc broadcast (at simulation time 125.000,000,000 s)
2024-06-03 19:54:38,396 INFO  - Recieve a message from other vehicle (at simulation time 125.000,800,000 s)
2024-06-03 19:54:38,396 INFO  - I'm in better position but no more hops in message (at simulation time 125.000,800,000 s)
2024-06-03 19:54:38,396 INFO  - Recieve a message from other vehicle (at simulation time 125.000,900,000 s)
2024-06-03 19:54:38,396 INFO  - Recending a message from other vehicle (at simulation time 125.000,900,000 s)
2024-06-03 19:54:38,396 INFO  - Recieve a message from other vehicle (at simulation time 125.000,900,000 s)
2024-06-03 19:54:38,396 INFO  - I'm in better position but no more hops in message (at simulation time 125.000,900,000 s)
2024-06-03 19:54:38,396 INFO  - Recieve a message from other vehicle (at simulation time 125.000,900,000 s)
2024-06-03 19:54:38,396 INFO  - I'm in better position but no more hops in message (at simulation time 125.000,900,000 s)
2024-06-03 19:54:38,396 INFO  - Recieve a message from other vehicle (at simulation time 125.000,900,000 s)
2024-06-03 19:54:38,396 INFO  - I'm in better position but no more hops in message (at simulation time 125.000,900,000 s)
2024-06-03 19:54:38,396 INFO  - Recieve a message from other vehicle (at simulation time 125.001,300,000 s)
2024-06-03 19:54:38,396 INFO  - I'm in better position but no more hops in message (at simulation time 125.001,300,000 s)
2024-06-03 19:54:38,397 INFO  - Recieve a message from other vehicle (at simulation time 125.001,400,000 s)
2024-06-03 19:54:38,397 INFO  - I'm in better position but no more hops in message (at simulation time 125.001,400,000 s)
2024-06-03 19:54:38,397 INFO  - Recieve a message from other vehicle (at simulation time 125.001,400,000 s)
2024-06-03 19:54:38,397 INFO  - Recending a message from other vehicle (at simulation time 125.001,400,000 s)
2024-06-03 19:54:38,397 INFO  - Recieve a message from other vehicle (at simulation time 125.001,400,000 s)
2024-06-03 19:54:38,397 INFO  - I'm in better position but no more hops in message (at simulation time 125.001,400,000 s)
2024-06-03 19:54:38,397 INFO  - Recieve a message from other vehicle (at simulation time 125.001,400,000 s)
2024-06-03 19:54:38,397 INFO  - I'm in better position but no more hops in message (at simulation time 125.001,400,000 s)
2024-06-03 19:54:38,397 INFO  - Recieve a message from other vehicle (at simulation time 125.001,800,000 s)
2024-06-03 19:54:38,397 INFO  - I'm in better position but no more hops in message (at simulation time 125.001,800,000 s)
2024-06-03 19:54:38,397 INFO  - Recieve a message from other vehicle (at simulation time 125.001,900,000 s)
2024-06-03 19:54:38,397 INFO  - I'm in better position but no more hops in message (at simulation time 125.001,900,000 s)
2024-06-03 19:54:38,397 INFO  - Recieve a message from other vehicle (at simulation time 125.001,900,000 s)
2024-06-03 19:54:38,397 INFO  - Recending a message from other vehicle (at simulation time 125.001,900,000 s)
2024-06-03 19:54:38,397 INFO  - Recieve a message from other vehicle (at simulation time 125.002,300,000 s)
2024-06-03 19:54:38,397 INFO  - I'm in better position but no more hops in message (at simulation time 125.002,300,000 s)
2024-06-03 19:54:38,398 INFO  - Recieve a message from other vehicle (at simulation time 125.002,400,000 s)
2024-06-03 19:54:38,398 INFO  - I'm in better position but no more hops in message (at simulation time 125.002,400,000 s)
2024-06-03 19:54:38,398 INFO  - Recieve a message from other vehicle (at simulation time 125.002,400,000 s)
2024-06-03 19:54:38,398 INFO  - I'm in better position but no more hops in message (at simulation time 125.002,400,000 s)
2024-06-03 19:54:38,398 INFO  - Recieve a message from other vehicle (at simulation time 125.002,800,000 s)
2024-06-03 19:54:38,398 INFO  - I'm in better position but no more hops in message (at simulation time 125.002,800,000 s)
2024-06-03 19:54:38,400 INFO  - Called #onVehicleUpdated (at simulation time 126.000,000,000 s)
2024-06-03 19:54:38,401 INFO  - Sending out AdHoc broadcast (at simulation time 126.000,000,000 s)
2024-06-03 19:54:38,402 INFO  - Recieve a message from other vehicle (at simulation time 126.000,400,000 s)
2024-06-03 19:54:38,402 INFO  - My position is not better! (at simulation time 126.000,400,000 s)
2024-06-03 19:54:38,403 INFO  - Recieve a message from other vehicle (at simulation time 126.000,900,000 s)
2024-06-03 19:54:38,403 INFO  - I'm in better position but no more hops in message (at simulation time 126.000,900,000 s)
2024-06-03 19:54:38,403 INFO  - Recieve a message from other vehicle (at simulation time 126.000,900,000 s)
2024-06-03 19:54:38,403 INFO  - Recending a message from other vehicle (at simulation time 126.000,900,000 s)
2024-06-03 19:54:38,403 INFO  - Recieve a message from other vehicle (at simulation time 126.000,900,000 s)
2024-06-03 19:54:38,403 INFO  - My position is not better! (at simulation time 126.000,900,000 s)
2024-06-03 19:54:38,403 INFO  - Recieve a message from other vehicle (at simulation time 126.001,300,000 s)
2024-06-03 19:54:38,403 INFO  - My position is not better! (at simulation time 126.001,300,000 s)
2024-06-03 19:54:38,403 INFO  - Recieve a message from other vehicle (at simulation time 126.001,400,000 s)
2024-06-03 19:54:38,403 INFO  - My position is not better! (at simulation time 126.001,400,000 s)
2024-06-03 19:54:38,403 INFO  - Recieve a message from other vehicle (at simulation time 126.001,400,000 s)
2024-06-03 19:54:38,403 INFO  - I'm in better position but no more hops in message (at simulation time 126.001,400,000 s)
2024-06-03 19:54:38,403 INFO  - Recieve a message from other vehicle (at simulation time 126.001,400,000 s)
2024-06-03 19:54:38,403 INFO  - I'm in better position but no more hops in message (at simulation time 126.001,400,000 s)
2024-06-03 19:54:38,403 INFO  - Recieve a message from other vehicle (at simulation time 126.001,800,000 s)
2024-06-03 19:54:38,403 INFO  - I'm in better position but no more hops in message (at simulation time 126.001,800,000 s)
2024-06-03 19:54:38,403 INFO  - Recieve a message from other vehicle (at simulation time 126.001,800,000 s)
2024-06-03 19:54:38,403 INFO  - I'm in better position but no more hops in message (at simulation time 126.001,800,000 s)
2024-06-03 19:54:38,404 INFO  - Recieve a message from other vehicle (at simulation time 126.001,900,000 s)
2024-06-03 19:54:38,404 INFO  - I'm in better position but no more hops in message (at simulation time 126.001,900,000 s)
2024-06-03 19:54:38,404 INFO  - Recieve a message from other vehicle (at simulation time 126.001,900,000 s)
2024-06-03 19:54:38,404 INFO  - I'm in better position but no more hops in message (at simulation time 126.001,900,000 s)
2024-06-03 19:54:38,404 INFO  - Recieve a message from other vehicle (at simulation time 126.002,300,000 s)
2024-06-03 19:54:38,404 INFO  - My position is not better! (at simulation time 126.002,300,000 s)
2024-06-03 19:54:38,404 INFO  - Recieve a message from other vehicle (at simulation time 126.002,400,000 s)
2024-06-03 19:54:38,404 INFO  - Recending a message from other vehicle (at simulation time 126.002,400,000 s)
2024-06-03 19:54:38,404 INFO  - Recieve a message from other vehicle (at simulation time 126.002,400,000 s)
2024-06-03 19:54:38,404 INFO  - Recending a message from other vehicle (at simulation time 126.002,400,000 s)
2024-06-03 19:54:38,406 INFO  - Called #onVehicleUpdated (at simulation time 127.000,000,000 s)
2024-06-03 19:54:38,407 INFO  - Sending out AdHoc broadcast (at simulation time 127.000,000,000 s)
2024-06-03 19:54:38,407 INFO  - Sending out AdHoc broadcast (at simulation time 127.000,000,000 s)
2024-06-03 19:54:38,408 INFO  - Recieve a message from other vehicle (at simulation time 127.000,400,000 s)
2024-06-03 19:54:38,408 INFO  - Recending a message from other vehicle (at simulation time 127.000,400,000 s)
2024-06-03 19:54:38,408 INFO  - Recieve a message from other vehicle (at simulation time 127.000,400,000 s)
2024-06-03 19:54:38,408 INFO  - Recending a message from other vehicle (at simulation time 127.000,400,000 s)
2024-06-03 19:54:38,408 INFO  - Recieve a message from other vehicle (at simulation time 127.000,400,000 s)
2024-06-03 19:54:38,408 INFO  - I'm in better position but no more hops in message (at simulation time 127.000,400,000 s)
2024-06-03 19:54:38,408 INFO  - Recieve a message from other vehicle (at simulation time 127.000,900,000 s)
2024-06-03 19:54:38,408 INFO  - I'm in better position but no more hops in message (at simulation time 127.000,900,000 s)
2024-06-03 19:54:38,408 INFO  - Recieve a message from other vehicle (at simulation time 127.001,400,000 s)
2024-06-03 19:54:38,408 INFO  - I'm in better position but no more hops in message (at simulation time 127.001,400,000 s)
2024-06-03 19:54:38,408 INFO  - Recieve a message from other vehicle (at simulation time 127.001,900,000 s)
2024-06-03 19:54:38,408 INFO  - I'm in better position but no more hops in message (at simulation time 127.001,900,000 s)
2024-06-03 19:54:38,408 INFO  - Recieve a message from other vehicle (at simulation time 127.001,900,000 s)
2024-06-03 19:54:38,408 INFO  - I'm in better position but no more hops in message (at simulation time 127.001,900,000 s)
2024-06-03 19:54:38,408 INFO  - Recieve a message from other vehicle (at simulation time 127.002,300,000 s)
2024-06-03 19:54:38,409 INFO  - I'm in better position but no more hops in message (at simulation time 127.002,300,000 s)
2024-06-03 19:54:38,409 INFO  - Recieve a message from other vehicle (at simulation time 127.002,400,000 s)
2024-06-03 19:54:38,409 INFO  - I'm in better position but no more hops in message (at simulation time 127.002,400,000 s)
2024-06-03 19:54:38,409 INFO  - Recieve a message from other vehicle (at simulation time 127.003,300,000 s)
2024-06-03 19:54:38,409 INFO  - I'm in better position but no more hops in message (at simulation time 127.003,300,000 s)
2024-06-03 19:54:38,411 INFO  - Called #onVehicleUpdated (at simulation time 128.000,000,000 s)
2024-06-03 19:54:38,411 INFO  - Sending out AdHoc broadcast (at simulation time 128.000,000,000 s)
2024-06-03 19:54:38,412 INFO  - Recieve a message from other vehicle (at simulation time 128.000,400,000 s)
2024-06-03 19:54:38,412 INFO  - My position is not better! (at simulation time 128.000,400,000 s)
2024-06-03 19:54:38,412 INFO  - Recieve a message from other vehicle (at simulation time 128.000,400,000 s)
2024-06-03 19:54:38,412 INFO  - I'm in better position but no more hops in message (at simulation time 128.000,400,000 s)
2024-06-03 19:54:38,412 INFO  - Recieve a message from other vehicle (at simulation time 128.000,400,000 s)
2024-06-03 19:54:38,412 INFO  - I'm in better position but no more hops in message (at simulation time 128.000,400,000 s)
2024-06-03 19:54:38,413 INFO  - Recieve a message from other vehicle (at simulation time 128.000,900,000 s)
2024-06-03 19:54:38,413 INFO  - Recending a message from other vehicle (at simulation time 128.000,900,000 s)
2024-06-03 19:54:38,413 INFO  - Recieve a message from other vehicle (at simulation time 128.001,400,000 s)
2024-06-03 19:54:38,413 INFO  - I'm in better position but no more hops in message (at simulation time 128.001,400,000 s)
2024-06-03 19:54:38,414 INFO  - Recieve a message from other vehicle (at simulation time 128.002,300,000 s)
2024-06-03 19:54:38,414 INFO  - I'm in better position but no more hops in message (at simulation time 128.002,300,000 s)
2024-06-03 19:54:38,414 INFO  - Recieve a message from other vehicle (at simulation time 128.002,400,000 s)
2024-06-03 19:54:38,414 INFO  - My position is not better! (at simulation time 128.002,400,000 s)
2024-06-03 19:54:38,414 INFO  - Recieve a message from other vehicle (at simulation time 128.003,300,000 s)
2024-06-03 19:54:38,414 INFO  - I'm in better position but no more hops in message (at simulation time 128.003,300,000 s)
2024-06-03 19:54:38,415 INFO  - Called #onVehicleUpdated (at simulation time 129.000,000,000 s)
2024-06-03 19:54:38,416 INFO  - Sending out AdHoc broadcast (at simulation time 129.000,000,000 s)
2024-06-03 19:54:38,416 INFO  - Sending out AdHoc broadcast (at simulation time 129.000,000,000 s)
2024-06-03 19:54:38,417 INFO  - Recieve a message from other vehicle (at simulation time 129.000,900,000 s)
2024-06-03 19:54:38,417 INFO  - I'm in better position but no more hops in message (at simulation time 129.000,900,000 s)
2024-06-03 19:54:38,417 INFO  - Recieve a message from other vehicle (at simulation time 129.001,800,000 s)
2024-06-03 19:54:38,417 INFO  - I'm in better position but no more hops in message (at simulation time 129.001,800,000 s)
2024-06-03 19:54:38,417 INFO  - Recieve a message from other vehicle (at simulation time 129.001,900,000 s)
2024-06-03 19:54:38,417 INFO  - I'm in better position but no more hops in message (at simulation time 129.001,900,000 s)
2024-06-03 19:54:38,417 INFO  - Recieve a message from other vehicle (at simulation time 129.001,900,000 s)
2024-06-03 19:54:38,417 INFO  - I'm in better position but no more hops in message (at simulation time 129.001,900,000 s)
2024-06-03 19:54:38,417 INFO  - Recieve a message from other vehicle (at simulation time 129.002,400,000 s)
2024-06-03 19:54:38,417 INFO  - I'm in better position but no more hops in message (at simulation time 129.002,400,000 s)
2024-06-03 19:54:38,417 INFO  - Recieve a message from other vehicle (at simulation time 129.002,800,000 s)
2024-06-03 19:54:38,417 INFO  - I'm in better position but no more hops in message (at simulation time 129.002,800,000 s)
2024-06-03 19:54:38,418 INFO  - Recieve a message from other vehicle (at simulation time 129.003,300,000 s)
2024-06-03 19:54:38,418 INFO  - I'm in better position but no more hops in message (at simulation time 129.003,300,000 s)
2024-06-03 19:54:38,418 INFO  - Recieve a message from other vehicle (at simulation time 129.003,300,000 s)
2024-06-03 19:54:38,418 INFO  - I'm in better position but no more hops in message (at simulation time 129.003,300,000 s)
2024-06-03 19:54:38,420 INFO  - Called #onVehicleUpdated (at simulation time 130.000,000,000 s)
2024-06-03 19:54:38,420 INFO  - Sending out AdHoc broadcast (at simulation time 130.000,000,000 s)
2024-06-03 19:54:38,420 INFO  - Recieve a message from other vehicle (at simulation time 130.000,400,000 s)
2024-06-03 19:54:38,420 INFO  - Recending a message from other vehicle (at simulation time 130.000,400,000 s)
2024-06-03 19:54:38,421 INFO  - Recieve a message from other vehicle (at simulation time 130.001,400,000 s)
2024-06-03 19:54:38,421 INFO  - Recending a message from other vehicle (at simulation time 130.001,400,000 s)
2024-06-03 19:54:38,421 INFO  - Recieve a message from other vehicle (at simulation time 130.001,400,000 s)
2024-06-03 19:54:38,421 INFO  - Recending a message from other vehicle (at simulation time 130.001,400,000 s)
2024-06-03 19:54:38,421 INFO  - Recieve a message from other vehicle (at simulation time 130.001,400,000 s)
2024-06-03 19:54:38,421 INFO  - I'm in better position but no more hops in message (at simulation time 130.001,400,000 s)
2024-06-03 19:54:38,421 INFO  - Recieve a message from other vehicle (at simulation time 130.002,400,000 s)
2024-06-03 19:54:38,421 INFO  - Recending a message from other vehicle (at simulation time 130.002,400,000 s)
2024-06-03 19:54:38,421 INFO  - Recieve a message from other vehicle (at simulation time 130.002,400,000 s)
2024-06-03 19:54:38,421 INFO  - Recending a message from other vehicle (at simulation time 130.002,400,000 s)
2024-06-03 19:54:38,421 INFO  - Recieve a message from other vehicle (at simulation time 130.003,300,000 s)
2024-06-03 19:54:38,421 INFO  - I'm in better position but no more hops in message (at simulation time 130.003,300,000 s)
2024-06-03 19:54:38,423 INFO  - Called #onVehicleUpdated (at simulation time 131.000,000,000 s)
2024-06-03 19:54:38,423 INFO  - Sending out AdHoc broadcast (at simulation time 131.000,000,000 s)
2024-06-03 19:54:38,423 INFO  - Sending out AdHoc broadcast (at simulation time 131.000,000,000 s)
2024-06-03 19:54:38,424 INFO  - Recieve a message from other vehicle (at simulation time 131.001,300,000 s)
2024-06-03 19:54:38,424 INFO  - My position is not better! (at simulation time 131.001,300,000 s)
2024-06-03 19:54:38,425 INFO  - Recieve a message from other vehicle (at simulation time 131.001,400,000 s)
2024-06-03 19:54:38,425 INFO  - My position is not better! (at simulation time 131.001,400,000 s)
2024-06-03 19:54:38,425 INFO  - Recieve a message from other vehicle (at simulation time 131.001,900,000 s)
2024-06-03 19:54:38,425 INFO  - My position is not better! (at simulation time 131.001,900,000 s)
2024-06-03 19:54:38,425 INFO  - Recieve a message from other vehicle (at simulation time 131.002,400,000 s)
2024-06-03 19:54:38,425 INFO  - My position is not better! (at simulation time 131.002,400,000 s)
2024-06-03 19:54:38,425 INFO  - Recieve a message from other vehicle (at simulation time 131.002,400,000 s)
2024-06-03 19:54:38,425 INFO  - My position is not better! (at simulation time 131.002,400,000 s)
2024-06-03 19:54:38,425 INFO  - Recieve a message from other vehicle (at simulation time 131.002,800,000 s)
2024-06-03 19:54:38,425 INFO  - My position is not better! (at simulation time 131.002,800,000 s)
2024-06-03 19:54:38,427 INFO  - Called #onVehicleUpdated (at simulation time 132.000,000,000 s)
2024-06-03 19:54:38,427 INFO  - Sending out AdHoc broadcast (at simulation time 132.000,000,000 s)
2024-06-03 19:54:38,429 INFO  - Recieve a message from other vehicle (at simulation time 132.000,900,000 s)
2024-06-03 19:54:38,429 INFO  - My position is not better! (at simulation time 132.000,900,000 s)
2024-06-03 19:54:38,429 INFO  - Recieve a message from other vehicle (at simulation time 132.000,900,000 s)
2024-06-03 19:54:38,429 INFO  - My position is not better! (at simulation time 132.000,900,000 s)
2024-06-03 19:54:38,430 INFO  - Recieve a message from other vehicle (at simulation time 132.001,400,000 s)
2024-06-03 19:54:38,430 INFO  - I'm in better position but no more hops in message (at simulation time 132.001,400,000 s)
2024-06-03 19:54:38,430 INFO  - Recieve a message from other vehicle (at simulation time 132.001,900,000 s)
2024-06-03 19:54:38,430 INFO  - I'm in better position but no more hops in message (at simulation time 132.001,900,000 s)
2024-06-03 19:54:38,431 INFO  - Recieve a message from other vehicle (at simulation time 132.002,300,000 s)
2024-06-03 19:54:38,431 INFO  - I'm in better position but no more hops in message (at simulation time 132.002,300,000 s)
2024-06-03 19:54:38,431 INFO  - Recieve a message from other vehicle (at simulation time 132.002,400,000 s)
2024-06-03 19:54:38,431 INFO  - My position is not better! (at simulation time 132.002,400,000 s)
2024-06-03 19:54:38,431 INFO  - Recieve a message from other vehicle (at simulation time 132.002,400,000 s)
2024-06-03 19:54:38,431 INFO  - I'm in better position but no more hops in message (at simulation time 132.002,400,000 s)
2024-06-03 19:54:38,431 INFO  - Recieve a message from other vehicle (at simulation time 132.003,300,000 s)
2024-06-03 19:54:38,431 INFO  - I'm in better position but no more hops in message (at simulation time 132.003,300,000 s)
2024-06-03 19:54:38,431 INFO  - Recieve a message from other vehicle (at simulation time 132.003,800,000 s)
2024-06-03 19:54:38,431 INFO  - I'm in better position but no more hops in message (at simulation time 132.003,800,000 s)
2024-06-03 19:54:38,431 INFO  - Recieve a message from other vehicle (at simulation time 132.004,300,000 s)
2024-06-03 19:54:38,431 INFO  - My position is not better! (at simulation time 132.004,300,000 s)
2024-06-03 19:54:38,434 INFO  - Called #onVehicleUpdated (at simulation time 133.000,000,000 s)
2024-06-03 19:54:38,434 INFO  - Sending out AdHoc broadcast (at simulation time 133.000,000,000 s)
2024-06-03 19:54:38,434 INFO  - Sending out AdHoc broadcast (at simulation time 133.000,000,000 s)
2024-06-03 19:54:38,437 INFO  - Called #onVehicleUpdated (at simulation time 134.000,000,000 s)
2024-06-03 19:54:38,438 INFO  - Sending out AdHoc broadcast (at simulation time 134.000,000,000 s)
2024-06-03 19:54:38,441 INFO  - Called #onVehicleUpdated (at simulation time 135.000,000,000 s)
2024-06-03 19:54:38,441 INFO  - Sending out AdHoc broadcast (at simulation time 135.000,000,000 s)
2024-06-03 19:54:38,442 INFO  - Sending out AdHoc broadcast (at simulation time 135.000,000,000 s)
2024-06-03 19:54:38,443 INFO  - Called #onVehicleUpdated (at simulation time 136.000,000,000 s)
2024-06-03 19:54:38,444 INFO  - Sending out AdHoc broadcast (at simulation time 136.000,000,000 s)
2024-06-03 19:54:38,446 INFO  - Called #onVehicleUpdated (at simulation time 137.000,000,000 s)
2024-06-03 19:54:38,446 INFO  - Exced velocity! Sending new CAM (at simulation time 137.000,000,000 s)
2024-06-03 19:54:38,446 INFO  - Sending out AdHoc broadcast (at simulation time 137.000,000,000 s)
2024-06-03 19:54:38,446 INFO  - Sending out AdHoc broadcast (at simulation time 137.000,000,000 s)
2024-06-03 19:54:38,447 INFO  - Sending out AdHoc broadcast (at simulation time 137.000,000,000 s)
2024-06-03 19:54:38,448 INFO  - Called #onVehicleUpdated (at simulation time 138.000,000,000 s)
2024-06-03 19:54:38,448 INFO  - Exced velocity! Sending new CAM (at simulation time 138.000,000,000 s)
2024-06-03 19:54:38,448 INFO  - Sending out AdHoc broadcast (at simulation time 138.000,000,000 s)
2024-06-03 19:54:38,448 INFO  - Sending out AdHoc broadcast (at simulation time 138.000,000,000 s)
2024-06-03 19:54:38,449 INFO  - Called #onVehicleUpdated (at simulation time 139.000,000,000 s)
2024-06-03 19:54:38,449 INFO  - Exced velocity! Sending new CAM (at simulation time 139.000,000,000 s)
2024-06-03 19:54:38,449 INFO  - Sending out AdHoc broadcast (at simulation time 139.000,000,000 s)
2024-06-03 19:54:38,450 INFO  - Sending out AdHoc broadcast (at simulation time 139.000,000,000 s)
2024-06-03 19:54:38,450 INFO  - Sending out AdHoc broadcast (at simulation time 139.000,000,000 s)
2024-06-03 19:54:38,450 INFO  - Sending out AdHoc broadcast (at simulation time 139.000,000,000 s)
2024-06-03 19:54:38,452 INFO  - Shutdown (at simulation time 140.000,000,000 s)
