2024-06-03 19:41:47,324 INFO  - Initialize Vehicle application (at simulation time 42.000,000,000 s)
2024-06-03 19:41:47,327 INFO  - Activated WLAN Module (at simulation time 42.000,000,000 s)
2024-06-03 19:41:47,333 INFO  - Called #onVehicleUpdated (at simulation time 42.000,000,000 s)
2024-06-03 19:41:47,333 INFO  - Exced velocity! Sending new CAM (at simulation time 42.000,000,000 s)
2024-06-03 19:41:47,333 INFO  - Sending out AdHoc broadcast (at simulation time 42.000,000,000 s)
2024-06-03 19:41:47,727 INFO  - Called #onVehicleUpdated (at simulation time 43.000,000,000 s)
2024-06-03 19:41:47,727 INFO  - Exced velocity! Sending new CAM (at simulation time 43.000,000,000 s)
2024-06-03 19:41:47,727 INFO  - Sending out AdHoc broadcast (at simulation time 43.000,000,000 s)
2024-06-03 19:41:47,728 INFO  - Define the name: veh_7 and route: r_2 (at simulation time 43.000,000,000 s)
2024-06-03 19:41:47,728 INFO  - Sending out AdHoc broadcast (at simulation time 43.000,000,000 s)
2024-06-03 19:41:48,121 INFO  - Called #onVehicleUpdated (at simulation time 44.000,000,000 s)
2024-06-03 19:41:48,121 INFO  - Exced velocity! Sending new CAM (at simulation time 44.000,000,000 s)
2024-06-03 19:41:48,121 INFO  - Sending out AdHoc broadcast (at simulation time 44.000,000,000 s)
2024-06-03 19:41:48,122 INFO  - Sending out AdHoc broadcast (at simulation time 44.000,000,000 s)
2024-06-03 19:41:48,124 INFO  - Recieve a message from other vehicle (at simulation time 44.001,400,000 s)
2024-06-03 19:41:48,124 INFO  - Recending a message from other vehicle (at simulation time 44.001,400,000 s)
2024-06-03 19:41:48,523 INFO  - Called #onVehicleUpdated (at simulation time 45.000,000,000 s)
2024-06-03 19:41:48,523 INFO  - Exced velocity! Sending new CAM (at simulation time 45.000,000,000 s)
2024-06-03 19:41:48,523 INFO  - Sending out AdHoc broadcast (at simulation time 45.000,000,000 s)
2024-06-03 19:41:48,524 INFO  - Sending out AdHoc broadcast (at simulation time 45.000,000,000 s)
2024-06-03 19:41:48,525 INFO  - Sending out AdHoc broadcast (at simulation time 45.000,000,000 s)
2024-06-03 19:41:48,921 INFO  - Called #onVehicleUpdated (at simulation time 46.000,000,000 s)
2024-06-03 19:41:48,921 INFO  - Exced velocity! Sending new CAM (at simulation time 46.000,000,000 s)
2024-06-03 19:41:48,921 INFO  - Sending out AdHoc broadcast (at simulation time 46.000,000,000 s)
2024-06-03 19:41:48,922 INFO  - Sending out AdHoc broadcast (at simulation time 46.000,000,000 s)
2024-06-03 19:41:48,922 INFO  - Sending out AdHoc broadcast (at simulation time 46.000,000,000 s)
2024-06-03 19:41:48,923 INFO  - Recieve a message from other vehicle (at simulation time 46.000,900,000 s)
2024-06-03 19:41:48,923 INFO  - Recending a message from other vehicle (at simulation time 46.000,900,000 s)
2024-06-03 19:41:49,321 INFO  - Called #onVehicleUpdated (at simulation time 47.000,000,000 s)
2024-06-03 19:41:49,321 INFO  - Exced velocity! Sending new CAM (at simulation time 47.000,000,000 s)
2024-06-03 19:41:49,321 INFO  - Sending out AdHoc broadcast (at simulation time 47.000,000,000 s)
2024-06-03 19:41:49,321 INFO  - Sending out AdHoc broadcast (at simulation time 47.000,000,000 s)
2024-06-03 19:41:49,321 INFO  - Sending out AdHoc broadcast (at simulation time 47.000,000,000 s)
2024-06-03 19:41:49,321 INFO  - Sending out AdHoc broadcast (at simulation time 47.000,000,000 s)
2024-06-03 19:41:49,721 INFO  - Called #onVehicleUpdated (at simulation time 48.000,000,000 s)
2024-06-03 19:41:49,721 INFO  - Sending out AdHoc broadcast (at simulation time 48.000,000,000 s)
2024-06-03 19:41:49,721 INFO  - Sending out AdHoc broadcast (at simulation time 48.000,000,000 s)
2024-06-03 19:41:49,721 INFO  - Sending out AdHoc broadcast (at simulation time 48.000,000,000 s)
2024-06-03 19:41:49,723 INFO  - Recieve a message from other vehicle (at simulation time 48.001,400,000 s)
2024-06-03 19:41:49,723 INFO  - Recending a message from other vehicle (at simulation time 48.001,400,000 s)
2024-06-03 19:41:49,723 INFO  - Recieve a message from other vehicle (at simulation time 48.001,400,000 s)
2024-06-03 19:41:49,723 INFO  - I'm in better position but no more hops in message (at simulation time 48.001,400,000 s)
2024-06-03 19:41:49,723 INFO  - Recieve a message from other vehicle (at simulation time 48.001,400,000 s)
2024-06-03 19:41:49,723 INFO  - Recending a message from other vehicle (at simulation time 48.001,400,000 s)
2024-06-03 19:41:49,723 INFO  - Recieve a message from other vehicle (at simulation time 48.001,900,000 s)
2024-06-03 19:41:49,723 INFO  - Recending a message from other vehicle (at simulation time 48.001,900,000 s)
2024-06-03 19:41:50,120 INFO  - Called #onVehicleUpdated (at simulation time 49.000,000,000 s)
2024-06-03 19:41:50,120 INFO  - Sending out AdHoc broadcast (at simulation time 49.000,000,000 s)
2024-06-03 19:41:50,120 INFO  - Sending out AdHoc broadcast (at simulation time 49.000,000,000 s)
2024-06-03 19:41:50,120 INFO  - Sending out AdHoc broadcast (at simulation time 49.000,000,000 s)
2024-06-03 19:41:50,121 INFO  - Sending out AdHoc broadcast (at simulation time 49.000,000,000 s)
2024-06-03 19:41:50,121 INFO  - Recieve a message from other vehicle (at simulation time 49.000,400,000 s)
2024-06-03 19:41:50,121 INFO  - My position is not better! (at simulation time 49.000,400,000 s)
2024-06-03 19:41:50,122 INFO  - Recieve a message from other vehicle (at simulation time 49.000,400,000 s)
2024-06-03 19:41:50,122 INFO  - Recending a message from other vehicle (at simulation time 49.000,400,000 s)
2024-06-03 19:41:50,122 INFO  - Recieve a message from other vehicle (at simulation time 49.000,800,000 s)
2024-06-03 19:41:50,122 INFO  - My position is not better! (at simulation time 49.000,800,000 s)
2024-06-03 19:41:50,122 INFO  - Recieve a message from other vehicle (at simulation time 49.000,900,000 s)
2024-06-03 19:41:50,122 INFO  - My position is not better! (at simulation time 49.000,900,000 s)
2024-06-03 19:41:50,122 INFO  - Recieve a message from other vehicle (at simulation time 49.001,300,000 s)
2024-06-03 19:41:50,122 INFO  - I'm in better position but no more hops in message (at simulation time 49.001,300,000 s)
2024-06-03 19:41:50,123 INFO  - Recieve a message from other vehicle (at simulation time 49.001,800,000 s)
2024-06-03 19:41:50,123 INFO  - I'm in better position but no more hops in message (at simulation time 49.001,800,000 s)
2024-06-03 19:41:50,123 INFO  - Recieve a message from other vehicle (at simulation time 49.001,800,000 s)
2024-06-03 19:41:50,123 INFO  - I'm in better position but no more hops in message (at simulation time 49.001,800,000 s)
2024-06-03 19:41:50,123 INFO  - Recieve a message from other vehicle (at simulation time 49.001,900,000 s)
2024-06-03 19:41:50,123 INFO  - I'm in better position but no more hops in message (at simulation time 49.001,900,000 s)
2024-06-03 19:41:50,123 INFO  - Recieve a message from other vehicle (at simulation time 49.002,300,000 s)
2024-06-03 19:41:50,123 INFO  - I'm in better position but no more hops in message (at simulation time 49.002,300,000 s)
2024-06-03 19:41:50,123 INFO  - Recieve a message from other vehicle (at simulation time 49.002,400,000 s)
2024-06-03 19:41:50,123 INFO  - I'm in better position but no more hops in message (at simulation time 49.002,400,000 s)
2024-06-03 19:41:50,123 INFO  - Recieve a message from other vehicle (at simulation time 49.002,400,000 s)
2024-06-03 19:41:50,123 INFO  - My position is not better! (at simulation time 49.002,400,000 s)
2024-06-03 19:41:50,124 INFO  - Recieve a message from other vehicle (at simulation time 49.002,400,000 s)
2024-06-03 19:41:50,124 INFO  - I'm in better position but no more hops in message (at simulation time 49.002,400,000 s)
2024-06-03 19:41:50,124 INFO  - Recieve a message from other vehicle (at simulation time 49.002,400,000 s)
2024-06-03 19:41:50,124 INFO  - I'm in better position but no more hops in message (at simulation time 49.002,400,000 s)
2024-06-03 19:41:50,124 INFO  - Recieve a message from other vehicle (at simulation time 49.002,400,000 s)
2024-06-03 19:41:50,124 INFO  - My position is not better! (at simulation time 49.002,400,000 s)
2024-06-03 19:41:50,124 INFO  - Recieve a message from other vehicle (at simulation time 49.003,300,000 s)
2024-06-03 19:41:50,124 INFO  - My position is not better! (at simulation time 49.003,300,000 s)
2024-06-03 19:41:50,124 INFO  - Recieve a message from other vehicle (at simulation time 49.003,800,000 s)
2024-06-03 19:41:50,124 INFO  - My position is not better! (at simulation time 49.003,800,000 s)
2024-06-03 19:41:50,124 INFO  - Recieve a message from other vehicle (at simulation time 49.004,800,000 s)
2024-06-03 19:41:50,124 INFO  - My position is not better! (at simulation time 49.004,800,000 s)
2024-06-03 19:41:50,124 INFO  - Recieve a message from other vehicle (at simulation time 49.004,800,000 s)
2024-06-03 19:41:50,124 INFO  - I'm in better position but no more hops in message (at simulation time 49.004,800,000 s)
2024-06-03 19:41:50,521 INFO  - Called #onVehicleUpdated (at simulation time 50.000,000,000 s)
2024-06-03 19:41:50,521 INFO  - Sending out AdHoc broadcast (at simulation time 50.000,000,000 s)
2024-06-03 19:41:50,521 INFO  - Sending out AdHoc broadcast (at simulation time 50.000,000,000 s)
2024-06-03 19:41:50,522 INFO  - Sending out AdHoc broadcast (at simulation time 50.000,000,000 s)
2024-06-03 19:41:50,524 INFO  - Recieve a message from other vehicle (at simulation time 50.000,400,000 s)
2024-06-03 19:41:50,524 INFO  - My position is not better! (at simulation time 50.000,400,000 s)
2024-06-03 19:41:50,524 INFO  - Recieve a message from other vehicle (at simulation time 50.000,900,000 s)
2024-06-03 19:41:50,524 INFO  - Recending a message from other vehicle (at simulation time 50.000,900,000 s)
2024-06-03 19:41:50,524 INFO  - Recieve a message from other vehicle (at simulation time 50.000,900,000 s)
2024-06-03 19:41:50,524 INFO  - I'm in better position but no more hops in message (at simulation time 50.000,900,000 s)
2024-06-03 19:41:50,526 INFO  - Recieve a message from other vehicle (at simulation time 50.001,400,000 s)
2024-06-03 19:41:50,526 INFO  - My position is not better! (at simulation time 50.001,400,000 s)
2024-06-03 19:41:50,526 INFO  - Recieve a message from other vehicle (at simulation time 50.001,800,000 s)
2024-06-03 19:41:50,526 INFO  - I'm in better position but no more hops in message (at simulation time 50.001,800,000 s)
2024-06-03 19:41:50,526 INFO  - Recieve a message from other vehicle (at simulation time 50.001,800,000 s)
2024-06-03 19:41:50,526 INFO  - My position is not better! (at simulation time 50.001,800,000 s)
2024-06-03 19:41:50,527 INFO  - Recieve a message from other vehicle (at simulation time 50.001,800,000 s)
2024-06-03 19:41:50,527 INFO  - I'm in better position but no more hops in message (at simulation time 50.001,800,000 s)
2024-06-03 19:41:50,527 INFO  - Recieve a message from other vehicle (at simulation time 50.001,900,000 s)
2024-06-03 19:41:50,527 INFO  - Recending a message from other vehicle (at simulation time 50.001,900,000 s)
2024-06-03 19:41:50,527 INFO  - Recieve a message from other vehicle (at simulation time 50.001,900,000 s)
2024-06-03 19:41:50,527 INFO  - My position is not better! (at simulation time 50.001,900,000 s)
2024-06-03 19:41:50,527 INFO  - Recieve a message from other vehicle (at simulation time 50.001,900,000 s)
2024-06-03 19:41:50,527 INFO  - I'm in better position but no more hops in message (at simulation time 50.001,900,000 s)
2024-06-03 19:41:50,527 INFO  - Recieve a message from other vehicle (at simulation time 50.002,300,000 s)
2024-06-03 19:41:50,527 INFO  - My position is not better! (at simulation time 50.002,300,000 s)
2024-06-03 19:41:50,527 INFO  - Recieve a message from other vehicle (at simulation time 50.002,300,000 s)
2024-06-03 19:41:50,527 INFO  - I'm in better position but no more hops in message (at simulation time 50.002,300,000 s)
2024-06-03 19:41:50,527 INFO  - Recieve a message from other vehicle (at simulation time 50.002,400,000 s)
2024-06-03 19:41:50,527 INFO  - I'm in better position but no more hops in message (at simulation time 50.002,400,000 s)
2024-06-03 19:41:50,527 INFO  - Recieve a message from other vehicle (at simulation time 50.002,400,000 s)
2024-06-03 19:41:50,527 INFO  - I'm in better position but no more hops in message (at simulation time 50.002,400,000 s)
2024-06-03 19:41:50,527 INFO  - Recieve a message from other vehicle (at simulation time 50.002,400,000 s)
2024-06-03 19:41:50,527 INFO  - I'm in better position but no more hops in message (at simulation time 50.002,400,000 s)
2024-06-03 19:41:50,528 INFO  - Recieve a message from other vehicle (at simulation time 50.002,800,000 s)
2024-06-03 19:41:50,528 INFO  - I'm in better position but no more hops in message (at simulation time 50.002,800,000 s)
2024-06-03 19:41:50,528 INFO  - Recieve a message from other vehicle (at simulation time 50.003,800,000 s)
2024-06-03 19:41:50,528 INFO  - My position is not better! (at simulation time 50.003,800,000 s)
2024-06-03 19:41:50,528 INFO  - Recieve a message from other vehicle (at simulation time 50.003,800,000 s)
2024-06-03 19:41:50,528 INFO  - I'm in better position but no more hops in message (at simulation time 50.003,800,000 s)
2024-06-03 19:41:50,921 INFO  - Called #onVehicleUpdated (at simulation time 51.000,000,000 s)
2024-06-03 19:41:50,922 INFO  - Sending out DENM broadcast (at simulation time 51.000,000,000 s)
2024-06-03 19:41:50,922 INFO  - Sending out AdHoc broadcast (at simulation time 51.000,000,000 s)
2024-06-03 19:41:50,922 INFO  - Sending out AdHoc broadcast (at simulation time 51.000,000,000 s)
2024-06-03 19:41:50,922 INFO  - Sending out AdHoc broadcast (at simulation time 51.000,000,000 s)
2024-06-03 19:41:50,922 INFO  - Sending out AdHoc broadcast (at simulation time 51.000,000,000 s)
2024-06-03 19:41:50,924 INFO  - Recieve a message from other vehicle (at simulation time 51.000,400,000 s)
2024-06-03 19:41:50,924 INFO  - Recending a message from other vehicle (at simulation time 51.000,400,000 s)
2024-06-03 19:41:50,924 INFO  - Recieve a message from other vehicle (at simulation time 51.000,400,000 s)
2024-06-03 19:41:50,924 INFO  - I'm in better position but no more hops in message (at simulation time 51.000,400,000 s)
2024-06-03 19:41:50,924 INFO  - Recieve a message from other vehicle (at simulation time 51.000,800,000 s)
2024-06-03 19:41:50,924 INFO  - DENM message Recived from veh_11 -info : seco (at simulation time 51.000,800,000 s)
2024-06-03 19:41:50,924 INFO  - No more hops in DENM message (at simulation time 51.000,800,000 s)
2024-06-03 19:41:50,924 INFO  - Recieve a message from other vehicle (at simulation time 51.000,900,000 s)
2024-06-03 19:41:50,924 INFO  - DENM message Recived from veh_6 -info : seco (at simulation time 51.000,900,000 s)
2024-06-03 19:41:50,924 INFO  - No more hops in DENM message (at simulation time 51.000,900,000 s)
2024-06-03 19:41:50,924 INFO  - Recieve a message from other vehicle (at simulation time 51.000,900,000 s)
2024-06-03 19:41:50,924 INFO  - DENM message Recived from veh_9 -info : seco (at simulation time 51.000,900,000 s)
2024-06-03 19:41:50,924 INFO  - No more hops in DENM message (at simulation time 51.000,900,000 s)
2024-06-03 19:41:50,924 INFO  - Recieve a message from other vehicle (at simulation time 51.000,900,000 s)
2024-06-03 19:41:50,924 INFO  - I'm in better position but no more hops in message (at simulation time 51.000,900,000 s)
2024-06-03 19:41:50,925 INFO  - Recieve a message from other vehicle (at simulation time 51.000,900,000 s)
2024-06-03 19:41:50,925 INFO  - I'm in better position but no more hops in message (at simulation time 51.000,900,000 s)
2024-06-03 19:41:50,925 INFO  - Recieve a message from other vehicle (at simulation time 51.000,900,000 s)
2024-06-03 19:41:50,925 INFO  - I'm in better position but no more hops in message (at simulation time 51.000,900,000 s)
2024-06-03 19:41:50,925 INFO  - Recieve a message from other vehicle (at simulation time 51.001,300,000 s)
2024-06-03 19:41:50,925 INFO  - DENM message Recived from veh_9 -info : seco (at simulation time 51.001,300,000 s)
2024-06-03 19:41:50,925 INFO  - No more hops in DENM message (at simulation time 51.001,300,000 s)
2024-06-03 19:41:50,925 INFO  - Recieve a message from other vehicle (at simulation time 51.001,300,000 s)
2024-06-03 19:41:50,925 INFO  - I'm in better position but no more hops in message (at simulation time 51.001,300,000 s)
2024-06-03 19:41:50,925 INFO  - Recieve a message from other vehicle (at simulation time 51.001,300,000 s)
2024-06-03 19:41:50,925 INFO  - I'm in better position but no more hops in message (at simulation time 51.001,300,000 s)
2024-06-03 19:41:50,925 INFO  - Recieve a message from other vehicle (at simulation time 51.001,300,000 s)
2024-06-03 19:41:50,925 INFO  - I'm in better position but no more hops in message (at simulation time 51.001,300,000 s)
2024-06-03 19:41:50,925 INFO  - Recieve a message from other vehicle (at simulation time 51.001,400,000 s)
2024-06-03 19:41:50,925 INFO  - I'm in better position but no more hops in message (at simulation time 51.001,400,000 s)
2024-06-03 19:41:50,925 INFO  - Recieve a message from other vehicle (at simulation time 51.001,400,000 s)
2024-06-03 19:41:50,925 INFO  - I'm in better position but no more hops in message (at simulation time 51.001,400,000 s)
2024-06-03 19:41:50,925 INFO  - Recieve a message from other vehicle (at simulation time 51.001,400,000 s)
2024-06-03 19:41:50,925 INFO  - I'm in better position but no more hops in message (at simulation time 51.001,400,000 s)
2024-06-03 19:41:50,925 INFO  - Recieve a message from other vehicle (at simulation time 51.001,800,000 s)
2024-06-03 19:41:50,925 INFO  - DENM message Recived from veh_6 -info : seco (at simulation time 51.001,800,000 s)
2024-06-03 19:41:50,925 INFO  - No more hops in DENM message (at simulation time 51.001,800,000 s)
2024-06-03 19:41:50,926 INFO  - Recieve a message from other vehicle (at simulation time 51.001,900,000 s)
2024-06-03 19:41:50,926 INFO  - I'm in better position but no more hops in message (at simulation time 51.001,900,000 s)
2024-06-03 19:41:50,926 INFO  - Recieve a message from other vehicle (at simulation time 51.002,400,000 s)
2024-06-03 19:41:50,926 INFO  - DENM message Recived from veh_11 -info : seco (at simulation time 51.002,400,000 s)
2024-06-03 19:41:50,926 INFO  - No more hops in DENM message (at simulation time 51.002,400,000 s)
2024-06-03 19:41:50,926 INFO  - Recieve a message from other vehicle (at simulation time 51.002,400,000 s)
2024-06-03 19:41:50,926 INFO  - Recending a message from other vehicle (at simulation time 51.002,400,000 s)
2024-06-03 19:41:50,927 INFO  - Recieve a message from other vehicle (at simulation time 51.002,800,000 s)
2024-06-03 19:41:50,927 INFO  - I'm in better position but no more hops in message (at simulation time 51.002,800,000 s)
2024-06-03 19:41:50,927 INFO  - Recieve a message from other vehicle (at simulation time 51.003,300,000 s)
2024-06-03 19:41:50,927 INFO  - DENM message Recived from veh_7 -info : seco (at simulation time 51.003,300,000 s)
2024-06-03 19:41:50,927 INFO  - No more hops in DENM message (at simulation time 51.003,300,000 s)
2024-06-03 19:41:51,323 INFO  - Called #onVehicleUpdated (at simulation time 52.000,000,000 s)
2024-06-03 19:41:51,324 INFO  - Sending out AdHoc broadcast (at simulation time 52.000,000,000 s)
2024-06-03 19:41:51,324 INFO  - Sending out AdHoc broadcast (at simulation time 52.000,000,000 s)
2024-06-03 19:41:51,325 INFO  - Sending out AdHoc broadcast (at simulation time 52.000,000,000 s)
2024-06-03 19:41:51,326 INFO  - Recieve a message from other vehicle (at simulation time 52.000,400,000 s)
2024-06-03 19:41:51,326 INFO  - I'm in better position but no more hops in message (at simulation time 52.000,400,000 s)
2024-06-03 19:41:51,326 INFO  - Recieve a message from other vehicle (at simulation time 52.000,400,000 s)
2024-06-03 19:41:51,326 INFO  - My position is not better! (at simulation time 52.000,400,000 s)
2024-06-03 19:41:51,327 INFO  - Recieve a message from other vehicle (at simulation time 52.000,800,000 s)
2024-06-03 19:41:51,327 INFO  - DENM message Recived from veh_8 -info : seco (at simulation time 52.000,800,000 s)
2024-06-03 19:41:51,327 INFO  - No more hops in DENM message (at simulation time 52.000,800,000 s)
2024-06-03 19:41:51,327 INFO  - Recieve a message from other vehicle (at simulation time 52.000,900,000 s)
2024-06-03 19:41:51,327 INFO  - I'm in better position but no more hops in message (at simulation time 52.000,900,000 s)
2024-06-03 19:41:51,327 INFO  - Recieve a message from other vehicle (at simulation time 52.000,900,000 s)
2024-06-03 19:41:51,327 INFO  - My position is not better! (at simulation time 52.000,900,000 s)
2024-06-03 19:41:51,328 INFO  - Recieve a message from other vehicle (at simulation time 52.000,900,000 s)
2024-06-03 19:41:51,328 INFO  - My position is not better! (at simulation time 52.000,900,000 s)
2024-06-03 19:41:51,328 INFO  - Recieve a message from other vehicle (at simulation time 52.001,300,000 s)
2024-06-03 19:41:51,328 INFO  - My position is not better! (at simulation time 52.001,300,000 s)
2024-06-03 19:41:51,328 INFO  - Recieve a message from other vehicle (at simulation time 52.001,400,000 s)
2024-06-03 19:41:51,328 INFO  - DENM message Recived from veh_8 -info : seco (at simulation time 52.001,400,000 s)
2024-06-03 19:41:51,328 INFO  - No more hops in DENM message (at simulation time 52.001,400,000 s)
2024-06-03 19:41:51,328 INFO  - Recieve a message from other vehicle (at simulation time 52.001,400,000 s)
2024-06-03 19:41:51,328 INFO  - My position is not better! (at simulation time 52.001,400,000 s)
2024-06-03 19:41:51,329 INFO  - Recieve a message from other vehicle (at simulation time 52.001,900,000 s)
2024-06-03 19:41:51,329 INFO  - DENM message Recived from veh_10 -info : seco (at simulation time 52.001,900,000 s)
2024-06-03 19:41:51,329 INFO  - No more hops in DENM message (at simulation time 52.001,900,000 s)
2024-06-03 19:41:51,330 INFO  - Recieve a message from other vehicle (at simulation time 52.001,900,000 s)
2024-06-03 19:41:51,330 INFO  - I'm in better position but no more hops in message (at simulation time 52.001,900,000 s)
2024-06-03 19:41:51,330 INFO  - Recieve a message from other vehicle (at simulation time 52.001,900,000 s)
2024-06-03 19:41:51,330 INFO  - My position is not better! (at simulation time 52.001,900,000 s)
2024-06-03 19:41:51,330 INFO  - Recieve a message from other vehicle (at simulation time 52.001,900,000 s)
2024-06-03 19:41:51,330 INFO  - My position is not better! (at simulation time 52.001,900,000 s)
2024-06-03 19:41:51,330 INFO  - Recieve a message from other vehicle (at simulation time 52.001,900,000 s)
2024-06-03 19:41:51,330 INFO  - My position is not better! (at simulation time 52.001,900,000 s)
2024-06-03 19:41:51,330 INFO  - Recieve a message from other vehicle (at simulation time 52.002,300,000 s)
2024-06-03 19:41:51,330 INFO  - My position is not better! (at simulation time 52.002,300,000 s)
2024-06-03 19:41:51,330 INFO  - Recieve a message from other vehicle (at simulation time 52.002,300,000 s)
2024-06-03 19:41:51,330 INFO  - DENM message Recived from veh_10 -info : seco (at simulation time 52.002,300,000 s)
2024-06-03 19:41:51,330 INFO  - No more hops in DENM message (at simulation time 52.002,300,000 s)
2024-06-03 19:41:51,331 INFO  - Recieve a message from other vehicle (at simulation time 52.002,800,000 s)
2024-06-03 19:41:51,331 INFO  - My position is not better! (at simulation time 52.002,800,000 s)
2024-06-03 19:41:51,331 INFO  - Recieve a message from other vehicle (at simulation time 52.002,800,000 s)
2024-06-03 19:41:51,331 INFO  - I'm in better position but no more hops in message (at simulation time 52.002,800,000 s)
2024-06-03 19:41:51,331 INFO  - Recieve a message from other vehicle (at simulation time 52.002,800,000 s)
2024-06-03 19:41:51,331 INFO  - I'm in better position but no more hops in message (at simulation time 52.002,800,000 s)
2024-06-03 19:41:51,331 INFO  - Recieve a message from other vehicle (at simulation time 52.002,800,000 s)
2024-06-03 19:41:51,331 INFO  - I'm in better position but no more hops in message (at simulation time 52.002,800,000 s)
2024-06-03 19:41:51,331 INFO  - Recieve a message from other vehicle (at simulation time 52.003,300,000 s)
2024-06-03 19:41:51,331 INFO  - My position is not better! (at simulation time 52.003,300,000 s)
2024-06-03 19:41:51,721 INFO  - Called #onVehicleUpdated (at simulation time 53.000,000,000 s)
2024-06-03 19:41:51,721 INFO  - Sending out AdHoc broadcast (at simulation time 53.000,000,000 s)
2024-06-03 19:41:51,721 INFO  - Sending out AdHoc broadcast (at simulation time 53.000,000,000 s)
2024-06-03 19:41:51,721 INFO  - Sending out AdHoc broadcast (at simulation time 53.000,000,000 s)
2024-06-03 19:41:51,721 INFO  - Sending out AdHoc broadcast (at simulation time 53.000,000,000 s)
2024-06-03 19:41:51,723 INFO  - Recieve a message from other vehicle (at simulation time 53.000,400,000 s)
2024-06-03 19:41:51,723 INFO  - My position is not better! (at simulation time 53.000,400,000 s)
2024-06-03 19:41:51,723 INFO  - Recieve a message from other vehicle (at simulation time 53.000,400,000 s)
2024-06-03 19:41:51,723 INFO  - My position is not better! (at simulation time 53.000,400,000 s)
2024-06-03 19:41:51,723 INFO  - Recieve a message from other vehicle (at simulation time 53.000,400,000 s)
2024-06-03 19:41:51,723 INFO  - My position is not better! (at simulation time 53.000,400,000 s)
2024-06-03 19:41:51,723 INFO  - Recieve a message from other vehicle (at simulation time 53.000,800,000 s)
2024-06-03 19:41:51,723 INFO  - I'm in better position but no more hops in message (at simulation time 53.000,800,000 s)
2024-06-03 19:41:51,724 INFO  - Recieve a message from other vehicle (at simulation time 53.001,400,000 s)
2024-06-03 19:41:51,724 INFO  - My position is not better! (at simulation time 53.001,400,000 s)
2024-06-03 19:41:51,724 INFO  - Recieve a message from other vehicle (at simulation time 53.001,800,000 s)
2024-06-03 19:41:51,724 INFO  - My position is not better! (at simulation time 53.001,800,000 s)
2024-06-03 19:41:51,724 INFO  - Recieve a message from other vehicle (at simulation time 53.001,800,000 s)
2024-06-03 19:41:51,724 INFO  - My position is not better! (at simulation time 53.001,800,000 s)
2024-06-03 19:41:51,724 INFO  - Recieve a message from other vehicle (at simulation time 53.001,900,000 s)
2024-06-03 19:41:51,724 INFO  - My position is not better! (at simulation time 53.001,900,000 s)
2024-06-03 19:41:51,724 INFO  - Recieve a message from other vehicle (at simulation time 53.001,900,000 s)
2024-06-03 19:41:51,724 INFO  - My position is not better! (at simulation time 53.001,900,000 s)
2024-06-03 19:41:51,725 INFO  - Recieve a message from other vehicle (at simulation time 53.002,300,000 s)
2024-06-03 19:41:51,725 INFO  - I'm in better position but no more hops in message (at simulation time 53.002,300,000 s)
2024-06-03 19:41:51,726 INFO  - Recieve a message from other vehicle (at simulation time 53.002,800,000 s)
2024-06-03 19:41:51,726 INFO  - I'm in better position but no more hops in message (at simulation time 53.002,800,000 s)
2024-06-03 19:41:51,726 INFO  - Recieve a message from other vehicle (at simulation time 53.002,800,000 s)
2024-06-03 19:41:51,726 INFO  - My position is not better! (at simulation time 53.002,800,000 s)
2024-06-03 19:41:51,726 INFO  - Recieve a message from other vehicle (at simulation time 53.003,800,000 s)
2024-06-03 19:41:51,726 INFO  - I'm in better position but no more hops in message (at simulation time 53.003,800,000 s)
2024-06-03 19:41:51,726 INFO  - Recieve a message from other vehicle (at simulation time 53.004,300,000 s)
2024-06-03 19:41:51,726 INFO  - My position is not better! (at simulation time 53.004,300,000 s)
2024-06-03 19:41:52,120 INFO  - Called #onVehicleUpdated (at simulation time 54.000,000,000 s)
2024-06-03 19:41:52,121 INFO  - Sending out AdHoc broadcast (at simulation time 54.000,000,000 s)
2024-06-03 19:41:52,121 INFO  - Sending out AdHoc broadcast (at simulation time 54.000,000,000 s)
2024-06-03 19:41:52,121 INFO  - Sending out AdHoc broadcast (at simulation time 54.000,000,000 s)
2024-06-03 19:41:52,121 INFO  - Recieve a message from other vehicle (at simulation time 54.000,400,000 s)
2024-06-03 19:41:52,121 INFO  - My position is not better! (at simulation time 54.000,400,000 s)
2024-06-03 19:41:52,122 INFO  - Recieve a message from other vehicle (at simulation time 54.001,300,000 s)
2024-06-03 19:41:52,122 INFO  - My position is not better! (at simulation time 54.001,300,000 s)
2024-06-03 19:41:52,122 INFO  - Recieve a message from other vehicle (at simulation time 54.001,400,000 s)
2024-06-03 19:41:52,122 INFO  - My position is not better! (at simulation time 54.001,400,000 s)
2024-06-03 19:41:52,122 INFO  - Recieve a message from other vehicle (at simulation time 54.002,300,000 s)
2024-06-03 19:41:52,122 INFO  - My position is not better! (at simulation time 54.002,300,000 s)
2024-06-03 19:41:52,122 INFO  - Recieve a message from other vehicle (at simulation time 54.002,400,000 s)
2024-06-03 19:41:52,122 INFO  - My position is not better! (at simulation time 54.002,400,000 s)
2024-06-03 19:41:52,122 INFO  - Recieve a message from other vehicle (at simulation time 54.002,400,000 s)
2024-06-03 19:41:52,122 INFO  - My position is not better! (at simulation time 54.002,400,000 s)
2024-06-03 19:41:52,122 INFO  - Recieve a message from other vehicle (at simulation time 54.002,800,000 s)
2024-06-03 19:41:52,122 INFO  - My position is not better! (at simulation time 54.002,800,000 s)
2024-06-03 19:41:52,122 INFO  - Recieve a message from other vehicle (at simulation time 54.002,800,000 s)
2024-06-03 19:41:52,122 INFO  - My position is not better! (at simulation time 54.002,800,000 s)
2024-06-03 19:41:52,123 INFO  - Recieve a message from other vehicle (at simulation time 54.003,800,000 s)
2024-06-03 19:41:52,123 INFO  - My position is not better! (at simulation time 54.003,800,000 s)
2024-06-03 19:41:52,523 INFO  - Called #onVehicleUpdated (at simulation time 55.000,000,000 s)
2024-06-03 19:41:52,523 INFO  - Exced velocity! Sending new CAM (at simulation time 55.000,000,000 s)
2024-06-03 19:41:52,523 INFO  - Sending out AdHoc broadcast (at simulation time 55.000,000,000 s)
2024-06-03 19:41:52,523 INFO  - Sending out AdHoc broadcast (at simulation time 55.000,000,000 s)
2024-06-03 19:41:52,523 INFO  - Sending out AdHoc broadcast (at simulation time 55.000,000,000 s)
2024-06-03 19:41:52,523 INFO  - Sending out AdHoc broadcast (at simulation time 55.000,000,000 s)
2024-06-03 19:41:52,524 INFO  - Sending out AdHoc broadcast (at simulation time 55.000,000,000 s)
2024-06-03 19:41:52,922 INFO  - Called #onVehicleUpdated (at simulation time 56.000,000,000 s)
2024-06-03 19:41:52,922 INFO  - Exced velocity! Sending new CAM (at simulation time 56.000,000,000 s)
2024-06-03 19:41:52,922 INFO  - Sending out AdHoc broadcast (at simulation time 56.000,000,000 s)
2024-06-03 19:41:52,922 INFO  - Sending out AdHoc broadcast (at simulation time 56.000,000,000 s)
2024-06-03 19:41:52,923 INFO  - Sending out AdHoc broadcast (at simulation time 56.000,000,000 s)
2024-06-03 19:41:52,923 INFO  - Sending out AdHoc broadcast (at simulation time 56.000,000,000 s)
2024-06-03 19:41:53,323 INFO  - Called #onVehicleUpdated (at simulation time 57.000,000,000 s)
2024-06-03 19:41:53,323 INFO  - Exced velocity! Sending new CAM (at simulation time 57.000,000,000 s)
2024-06-03 19:41:53,323 INFO  - Sending out AdHoc broadcast (at simulation time 57.000,000,000 s)
2024-06-03 19:41:53,324 INFO  - Sending out AdHoc broadcast (at simulation time 57.000,000,000 s)
2024-06-03 19:41:53,324 INFO  - Sending out AdHoc broadcast (at simulation time 57.000,000,000 s)
2024-06-03 19:41:53,324 INFO  - Sending out AdHoc broadcast (at simulation time 57.000,000,000 s)
2024-06-03 19:41:53,325 INFO  - Sending out AdHoc broadcast (at simulation time 57.000,000,000 s)
2024-06-03 19:41:53,325 INFO  - Sending out AdHoc broadcast (at simulation time 57.000,000,000 s)
2024-06-03 19:41:53,721 INFO  - Called #onVehicleUpdated (at simulation time 58.000,000,000 s)
2024-06-03 19:41:53,721 INFO  - Exced velocity! Sending new CAM (at simulation time 58.000,000,000 s)
2024-06-03 19:41:53,721 INFO  - Sending out AdHoc broadcast (at simulation time 58.000,000,000 s)
2024-06-03 19:41:53,722 INFO  - Sending out AdHoc broadcast (at simulation time 58.000,000,000 s)
2024-06-03 19:41:53,722 INFO  - Sending out AdHoc broadcast (at simulation time 58.000,000,000 s)
2024-06-03 19:41:53,722 INFO  - Sending out AdHoc broadcast (at simulation time 58.000,000,000 s)
2024-06-03 19:41:53,722 INFO  - Sending out AdHoc broadcast (at simulation time 58.000,000,000 s)
2024-06-03 19:41:54,120 INFO  - Called #onVehicleUpdated (at simulation time 59.000,000,000 s)
2024-06-03 19:41:54,120 INFO  - Exced velocity! Sending new CAM (at simulation time 59.000,000,000 s)
2024-06-03 19:41:54,120 INFO  - Sending out AdHoc broadcast (at simulation time 59.000,000,000 s)
2024-06-03 19:41:54,121 INFO  - Sending out AdHoc broadcast (at simulation time 59.000,000,000 s)
2024-06-03 19:41:54,121 INFO  - Sending out AdHoc broadcast (at simulation time 59.000,000,000 s)
2024-06-03 19:41:54,121 INFO  - Sending out AdHoc broadcast (at simulation time 59.000,000,000 s)
2024-06-03 19:41:54,121 INFO  - Sending out AdHoc broadcast (at simulation time 59.000,000,000 s)
2024-06-03 19:41:54,121 INFO  - Sending out AdHoc broadcast (at simulation time 59.000,000,000 s)
2024-06-03 19:41:54,121 INFO  - Sending out AdHoc broadcast (at simulation time 59.000,000,000 s)
2024-06-03 19:41:54,523 INFO  - Shutdown (at simulation time 60.000,000,000 s)
