2024-06-03 18:15:13,544 INFO  - Initialize RSU application (at simulation time 0.000,000,000 s)
2024-06-03 18:15:13,546 INFO  - Activated WLAN Module (at simulation time 0.000,000,000 s)
2024-06-03 18:15:13,647 INFO  - Received V2X message from vehicle: InterVehicleMsg{ Name= veh_3 Route= r_4 Longitude= -8.43089999858279 Latitude= 41.55438262605819 Velocity= 14.43709324552045 MsgNumber= 12 Hops= 2} (at simulation time 11.000,400,000 s)
2024-06-03 18:15:13,648 INFO  - Message Processed! (at simulation time 11.000,400,000 s)
2024-06-03 18:15:13,648 INFO  - Received V2X message from vehicle: InterVehicleMsg{ Name= veh_5 Route= r_5 Longitude= -8.430558310045809 Latitude= 41.55413051110478 Velocity= 15.088597250827112 MsgNumber= 12 Hops= 2} (at simulation time 11.000,900,000 s)
2024-06-03 18:15:13,648 INFO  - Message Processed! (at simulation time 11.000,900,000 s)
2024-06-03 18:15:13,648 INFO  - Received V2X message from vehicle: InterVehicleMsg{ Name= veh_3 Route= r_4 Longitude= -8.43089999858279 Latitude= 41.55438262605819 Velocity= 14.43709324552045 MsgNumber= 13 Hops= 2} (at simulation time 11.000,900,000 s)
2024-06-03 18:15:13,648 INFO  - Vehicle updated! (at simulation time 11.000,900,000 s)
2024-06-03 18:15:13,648 INFO  - Message Processed! (at simulation time 11.000,900,000 s)
2024-06-03 18:15:13,648 INFO  - Received V2X message from vehicle: InterVehicleMsg{ Name= veh_5 Route= r_5 Longitude= -8.430558310045809 Latitude= 41.55413051110478 Velocity= 15.088597250827112 MsgNumber= 11 Hops= 2} (at simulation time 11.001,400,000 s)
2024-06-03 18:15:13,648 INFO  - Received V2X message from vehicle: InterVehicleMsg{ Name= veh_5 Route= r_5 Longitude= -8.430558310045809 Latitude= 41.55413051110478 Velocity= 15.088597250827112 MsgNumber= 13 Hops= 2} (at simulation time 11.001,400,000 s)
2024-06-03 18:15:13,648 INFO  - Vehicle updated! (at simulation time 11.001,400,000 s)
2024-06-03 18:15:13,648 INFO  - Message Processed! (at simulation time 11.001,400,000 s)
2024-06-03 18:15:13,648 INFO  - Received V2X message from vehicle: InterVehicleMsg{ Name= veh_3 Route= r_4 Longitude= -8.43089999858279 Latitude= 41.55438262605819 Velocity= 14.43709324552045 MsgNumber= 14 Hops= 2} (at simulation time 11.001,400,000 s)
2024-06-03 18:15:13,648 INFO  - Vehicle updated! (at simulation time 11.001,400,000 s)
2024-06-03 18:15:13,648 INFO  - Message Processed! (at simulation time 11.001,400,000 s)
2024-06-03 18:15:13,649 INFO  - Received V2X message from vehicle: InterVehicleMsg{ Name= veh_3 Route= r_4 Longitude= -8.43089999858279 Latitude= 41.55438262605819 Velocity= 14.43709324552045 MsgNumber= 11 Hops= 2} (at simulation time 11.002,400,000 s)
2024-06-03 18:15:13,649 INFO  - Received V2X message from vehicle: InterVehicleMsg{ Name= veh_5 Route= r_5 Longitude= -8.430558310045809 Latitude= 41.55413051110478 Velocity= 15.088597250827112 MsgNumber= 14 Hops= 2} (at simulation time 11.002,400,000 s)
2024-06-03 18:15:13,649 INFO  - Vehicle updated! (at simulation time 11.002,400,000 s)
2024-06-03 18:15:13,650 INFO  - Message Processed! (at simulation time 11.002,400,000 s)
2024-06-03 18:15:13,650 INFO  - Received V2X message from vehicle: InterVehicleMsg{ Name= veh_4 Route= r_3 Longitude= -8.43089835341889 Latitude= 41.55457017896525 Velocity= 13.452115945254949 MsgNumber= 2 Hops= 1} (at simulation time 11.003,800,000 s)
2024-06-03 18:15:13,650 INFO  - Message Processed! (at simulation time 11.003,800,000 s)
2024-06-03 18:15:13,654 INFO  - Received V2X message from vehicle: InterVehicleMsg{ Name= veh_5 Route= r_5 Longitude= -8.430691085383183 Latitude= 41.554131168557404 Velocity= 11.073112524100129 MsgNumber= 17 Hops= 2} (at simulation time 12.000,400,000 s)
2024-06-03 18:15:13,654 INFO  - Vehicle updated! (at simulation time 12.000,400,000 s)
2024-06-03 18:15:13,654 INFO  - Message Processed! (at simulation time 12.000,400,000 s)
2024-06-03 18:15:13,655 INFO  - Received V2X message from vehicle: InterVehicleMsg{ Name= veh_3 Route= r_4 Longitude= -8.43090092903384 Latitude= 41.554276551461044 Velocity= 11.777006396887192 MsgNumber= 15 Hops= 2} (at simulation time 12.000,900,000 s)
2024-06-03 18:15:13,655 INFO  - Vehicle updated! (at simulation time 12.000,900,000 s)
2024-06-03 18:15:13,655 INFO  - Message Processed! (at simulation time 12.000,900,000 s)
2024-06-03 18:15:13,655 INFO  - Received V2X message from vehicle: InterVehicleMsg{ Name= veh_3 Route= r_4 Longitude= -8.43090092903384 Latitude= 41.554276551461044 Velocity= 11.777006396887192 MsgNumber= 16 Hops= 2} (at simulation time 12.000,900,000 s)
2024-06-03 18:15:13,655 INFO  - Vehicle updated! (at simulation time 12.000,900,000 s)
2024-06-03 18:15:13,655 INFO  - Message Processed! (at simulation time 12.000,900,000 s)
2024-06-03 18:15:13,655 INFO  - Received V2X message from vehicle: InterVehicleMsg{ Name= veh_5 Route= r_5 Longitude= -8.430691085383183 Latitude= 41.554131168557404 Velocity= 11.073112524100129 MsgNumber= 16 Hops= 1} (at simulation time 12.000,900,000 s)
2024-06-03 18:15:13,656 INFO  - Received V2X message from vehicle: InterVehicleMsg{ Name= veh_5 Route= r_5 Longitude= -8.430691085383183 Latitude= 41.554131168557404 Velocity= 11.073112524100129 MsgNumber= 15 Hops= 1} (at simulation time 12.001,300,000 s)
2024-06-03 18:15:13,656 INFO  - Received V2X message from vehicle: InterVehicleMsg{ Name= veh_3 Route= r_4 Longitude= -8.43090092903384 Latitude= 41.554276551461044 Velocity= 11.777006396887192 MsgNumber= 17 Hops= 2} (at simulation time 12.001,400,000 s)
2024-06-03 18:15:13,656 INFO  - Vehicle updated! (at simulation time 12.001,400,000 s)
2024-06-03 18:15:13,656 INFO  - Message Processed! (at simulation time 12.001,400,000 s)
2024-06-03 18:15:13,657 INFO  - Received V2X message from vehicle: InterVehicleMsg{ Name= veh_4 Route= r_3 Longitude= -8.43089947555539 Latitude= 41.55444225271732 Velocity= 14.20310166038242 MsgNumber= 3 Hops= 0} (at simulation time 12.001,800,000 s)
2024-06-03 18:15:13,657 INFO  - Vehicle updated! (at simulation time 12.001,800,000 s)
2024-06-03 18:15:13,657 INFO  - Message Processed! (at simulation time 12.001,800,000 s)
2024-06-03 18:15:13,657 INFO  - Received V2X message from vehicle: InterVehicleMsg{ Name= veh_5 Route= r_5 Longitude= -8.430691085383183 Latitude= 41.554131168557404 Velocity= 11.073112524100129 MsgNumber= 17 Hops= 1} (at simulation time 12.001,800,000 s)
2024-06-03 18:15:13,657 INFO  - Received V2X message from vehicle: InterVehicleMsg{ Name= veh_5 Route= r_5 Longitude= -8.430691085383183 Latitude= 41.554131168557404 Velocity= 11.073112524100129 MsgNumber= 15 Hops= 1} (at simulation time 12.001,900,000 s)
2024-06-03 18:15:13,658 INFO  - Received V2X message from vehicle: InterVehicleMsg{ Name= veh_1 Route= r_2 Longitude= -8.430865962683127 Latitude= 41.55388828597852 Velocity= 12.372042151113414 MsgNumber= 6 Hops= 2} (at simulation time 12.002,400,000 s)
2024-06-03 18:15:13,658 INFO  - Message Processed! (at simulation time 12.002,400,000 s)
2024-06-03 18:15:13,659 INFO  - Received V2X message from vehicle: InterVehicleMsg{ Name= veh_5 Route= r_5 Longitude= -8.430691085383183 Latitude= 41.554131168557404 Velocity= 11.073112524100129 MsgNumber= 16 Hops= 1} (at simulation time 12.002,800,000 s)
2024-06-03 18:15:13,659 INFO  - Received V2X message from vehicle: InterVehicleMsg{ Name= veh_4 Route= r_3 Longitude= -8.43089947555539 Latitude= 41.55444225271732 Velocity= 14.20310166038242 MsgNumber= 4 Hops= 1} (at simulation time 12.002,800,000 s)
2024-06-03 18:15:13,659 INFO  - Vehicle updated! (at simulation time 12.002,800,000 s)
2024-06-03 18:15:13,659 INFO  - Message Processed! (at simulation time 12.002,800,000 s)
2024-06-03 18:15:13,659 INFO  - Received V2X message from vehicle: InterVehicleMsg{ Name= veh_2 Route= r_1 Longitude= -8.430867468863273 Latitude= 41.55371658328785 Velocity= 12.204823296342658 MsgNumber= 2 Hops= 1} (at simulation time 12.002,800,000 s)
2024-06-03 18:15:13,659 INFO  - Message Processed! (at simulation time 12.002,800,000 s)
2024-06-03 18:15:13,664 INFO  - Received V2X message from vehicle: InterVehicleMsg{ Name= veh_5 Route= r_5 Longitude= -8.430769902179652 Latitude= 41.55413155875548 Velocity= 6.573112524100129 MsgNumber= 20 Hops= 2} (at simulation time 13.000,400,000 s)
2024-06-03 18:15:13,664 INFO  - Vehicle updated! (at simulation time 13.000,400,000 s)
2024-06-03 18:15:13,664 INFO  - Message Processed! (at simulation time 13.000,400,000 s)
2024-06-03 18:15:13,665 INFO  - Received V2X message from vehicle: InterVehicleMsg{ Name= veh_3 Route= r_4 Longitude= -8.430901503956587 Latitude= 41.55421100801922 Velocity= 7.277006396887192 MsgNumber= 19 Hops= 2} (at simulation time 13.000,900,000 s)
2024-06-03 18:15:13,665 INFO  - Vehicle updated! (at simulation time 13.000,900,000 s)
2024-06-03 18:15:13,665 INFO  - Message Processed! (at simulation time 13.000,900,000 s)
2024-06-03 18:15:13,666 INFO  - Received V2X message from vehicle: InterVehicleMsg{ Name= veh_3 Route= r_4 Longitude= -8.430901503956587 Latitude= 41.55421100801922 Velocity= 7.277006396887192 MsgNumber= 21 Hops= 2} (at simulation time 13.000,900,000 s)
2024-06-03 18:15:13,666 INFO  - Vehicle updated! (at simulation time 13.000,900,000 s)
2024-06-03 18:15:13,666 INFO  - Message Processed! (at simulation time 13.000,900,000 s)
2024-06-03 18:15:13,666 INFO  - Received V2X message from vehicle: InterVehicleMsg{ Name= veh_5 Route= r_5 Longitude= -8.430769902179652 Latitude= 41.55413155875548 Velocity= 6.573112524100129 MsgNumber= 21 Hops= 2} (at simulation time 13.000,900,000 s)
2024-06-03 18:15:13,666 INFO  - Vehicle updated! (at simulation time 13.000,900,000 s)
2024-06-03 18:15:13,666 INFO  - Message Processed! (at simulation time 13.000,900,000 s)
2024-06-03 18:15:13,667 INFO  - Received V2X message from vehicle: InterVehicleMsg{ Name= veh_0 Route= r_0 Longitude= -8.431101796133378 Latitude= 41.55410437786109 Velocity= 11.779583349744039 MsgNumber= 3 Hops= 0} (at simulation time 13.001,400,000 s)
2024-06-03 18:15:13,667 INFO  - Message Processed! (at simulation time 13.001,400,000 s)
2024-06-03 18:15:13,668 INFO  - Received V2X message from vehicle: InterVehicleMsg{ Name= veh_3 Route= r_4 Longitude= -8.430901503956587 Latitude= 41.55421100801922 Velocity= 7.277006396887192 MsgNumber= 18 Hops= 2} (at simulation time 13.001,900,000 s)
2024-06-03 18:15:13,668 INFO  - Received V2X message from vehicle: InterVehicleMsg{ Name= veh_5 Route= r_5 Longitude= -8.430769902179652 Latitude= 41.55413155875548 Velocity= 6.573112524100129 MsgNumber= 18 Hops= 1} (at simulation time 13.001,900,000 s)
2024-06-03 18:15:13,668 INFO  - Received V2X message from vehicle: InterVehicleMsg{ Name= veh_5 Route= r_5 Longitude= -8.430769902179652 Latitude= 41.55413155875548 Velocity= 6.573112524100129 MsgNumber= 19 Hops= 1} (at simulation time 13.001,900,000 s)
2024-06-03 18:15:13,669 INFO  - Received V2X message from vehicle: InterVehicleMsg{ Name= veh_5 Route= r_5 Longitude= -8.430769902179652 Latitude= 41.55413155875548 Velocity= 6.573112524100129 MsgNumber= 18 Hops= 1} (at simulation time 13.002,300,000 s)
2024-06-03 18:15:13,669 INFO  - Received V2X message from vehicle: InterVehicleMsg{ Name= veh_4 Route= r_3 Longitude= -8.43090035754603 Latitude= 41.55434170309044 Velocity= 11.163592829797318 MsgNumber= 5 Hops= 0} (at simulation time 13.002,400,000 s)
2024-06-03 18:15:13,669 INFO  - Vehicle updated! (at simulation time 13.002,400,000 s)
2024-06-03 18:15:13,669 INFO  - Message Processed! (at simulation time 13.002,400,000 s)
2024-06-03 18:15:13,670 INFO  - Received V2X message from vehicle: InterVehicleMsg{ Name= veh_3 Route= r_4 Longitude= -8.430901503956587 Latitude= 41.55421100801922 Velocity= 7.277006396887192 MsgNumber= 20 Hops= 2} (at simulation time 13.002,400,000 s)
2024-06-03 18:15:13,670 INFO  - Received V2X message from vehicle: InterVehicleMsg{ Name= veh_1 Route= r_2 Longitude= -8.430865145061645 Latitude= 41.55398149319942 Velocity= 10.348396293439464 MsgNumber= 7 Hops= 0} (at simulation time 13.002,400,000 s)
2024-06-03 18:15:13,670 INFO  - Vehicle updated! (at simulation time 13.002,400,000 s)
2024-06-03 18:15:13,670 INFO  - Message Processed! (at simulation time 13.002,400,000 s)
2024-06-03 18:15:13,670 INFO  - Received V2X message from vehicle: InterVehicleMsg{ Name= veh_5 Route= r_5 Longitude= -8.430769902179652 Latitude= 41.55413155875548 Velocity= 6.573112524100129 MsgNumber= 19 Hops= 1} (at simulation time 13.002,800,000 s)
2024-06-03 18:15:13,670 INFO  - Received V2X message from vehicle: InterVehicleMsg{ Name= veh_0 Route= r_0 Longitude= -8.431101796133378 Latitude= 41.55410437786109 Velocity= 11.779583349744039 MsgNumber= 3 Hops= 0} (at simulation time 13.002,800,000 s)
2024-06-03 18:15:13,670 INFO  - Received V2X message from vehicle: InterVehicleMsg{ Name= veh_5 Route= r_5 Longitude= -8.430769902179652 Latitude= 41.55413155875548 Velocity= 6.573112524100129 MsgNumber= 20 Hops= 1} (at simulation time 13.002,800,000 s)
2024-06-03 18:15:13,671 INFO  - Received V2X message from vehicle: InterVehicleMsg{ Name= veh_1 Route= r_2 Longitude= -8.430865145061645 Latitude= 41.55398149319942 Velocity= 10.348396293439464 MsgNumber= 7 Hops= 0} (at simulation time 13.002,800,000 s)
2024-06-03 18:15:13,671 INFO  - Received V2X message from vehicle: InterVehicleMsg{ Name= veh_5 Route= r_5 Longitude= -8.430769902179652 Latitude= 41.55413155875548 Velocity= 6.573112524100129 MsgNumber= 21 Hops= 1} (at simulation time 13.002,800,000 s)
2024-06-03 18:15:13,671 INFO  - Received V2X message from vehicle: InterVehicleMsg{ Name= veh_4 Route= r_3 Longitude= -8.43090035754603 Latitude= 41.55434170309044 Velocity= 11.163592829797318 MsgNumber= 5 Hops= -1} (at simulation time 13.003,300,000 s)
2024-06-03 18:15:13,678 INFO  - Vehicle veh_3 should start (at simulation time 14.000,000,000 s)
2024-06-03 18:15:13,681 INFO  - Received V2X message from vehicle: InterVehicleMsg{ Name= veh_1 Route= r_2 Longitude= -8.430864682981154 Latitude= 41.554034169260795 Velocity= 5.848396293439464 MsgNumber= 8 Hops= 2} (at simulation time 14.000,900,000 s)
2024-06-03 18:15:13,681 INFO  - Vehicle updated! (at simulation time 14.000,900,000 s)
2024-06-03 18:15:13,681 INFO  - Message Processed! (at simulation time 14.000,900,000 s)
2024-06-03 18:15:13,682 INFO  - Received V2X message from vehicle: InterVehicleMsg{ Name= veh_4 Route= r_3 Longitude= -8.430900884007606 Latitude= 41.55428168461856 Velocity= 6.663592829797318 MsgNumber= 7 Hops= 1} (at simulation time 14.000,900,000 s)
2024-06-03 18:15:13,682 INFO  - Vehicle updated! (at simulation time 14.000,900,000 s)
2024-06-03 18:15:13,682 INFO  - Message Processed! (at simulation time 14.000,900,000 s)
2024-06-03 18:15:13,683 INFO  - Received V2X message from vehicle: InterVehicleMsg{ Name= veh_5 Route= r_5 Longitude= -8.430794760432022 Latitude= 41.55413168180994 Velocity= 2.0731125241001287 MsgNumber= 22 Hops= 2} (at simulation time 14.001,400,000 s)
2024-06-03 18:15:13,683 INFO  - Vehicle updated! (at simulation time 14.001,400,000 s)
2024-06-03 18:15:13,683 INFO  - Message Processed! (at simulation time 14.001,400,000 s)
2024-06-03 18:15:13,683 INFO  - Received V2X message from vehicle: InterVehicleMsg{ Name= veh_3 Route= r_4 Longitude= -8.430901723354568 Latitude= 41.55418599573412 Velocity= 2.7770063968871916 MsgNumber= 23 Hops= 2} (at simulation time 14.001,400,000 s)
2024-06-03 18:15:13,683 INFO  - Vehicle updated! (at simulation time 14.001,400,000 s)
2024-06-03 18:15:13,683 INFO  - Message Processed! (at simulation time 14.001,400,000 s)
2024-06-03 18:15:13,684 INFO  - Received V2X message from vehicle: InterVehicleMsg{ Name= veh_4 Route= r_3 Longitude= -8.430900884007606 Latitude= 41.55428168461856 Velocity= 6.663592829797318 MsgNumber= 6 Hops= -1} (at simulation time 14.001,800,000 s)
2024-06-03 18:15:13,684 INFO  - Received V2X message from vehicle: InterVehicleMsg{ Name= veh_3 Route= r_4 Longitude= -8.430901723354568 Latitude= 41.55418599573412 Velocity= 2.7770063968871916 MsgNumber= 22 Hops= 2} (at simulation time 14.001,900,000 s)
2024-06-03 18:15:13,685 INFO  - Received V2X message from vehicle: InterVehicleMsg{ Name= veh_5 Route= r_5 Longitude= -8.430794760432022 Latitude= 41.55413168180994 Velocity= 2.0731125241001287 MsgNumber= 23 Hops= 0} (at simulation time 14.001,900,000 s)
2024-06-03 18:15:13,685 INFO  - Vehicle updated! (at simulation time 14.001,900,000 s)
2024-06-03 18:15:13,685 INFO  - Message Processed! (at simulation time 14.001,900,000 s)
2024-06-03 18:15:13,685 INFO  - Received V2X message from vehicle: InterVehicleMsg{ Name= veh_3 Route= r_4 Longitude= -8.430901723354568 Latitude= 41.55418599573412 Velocity= 2.7770063968871916 MsgNumber= 24 Hops= 2} (at simulation time 14.001,900,000 s)
2024-06-03 18:15:13,685 INFO  - Vehicle updated! (at simulation time 14.001,900,000 s)
2024-06-03 18:15:13,685 INFO  - Message Processed! (at simulation time 14.001,900,000 s)
2024-06-03 18:15:13,686 INFO  - Received V2X message from vehicle: InterVehicleMsg{ Name= veh_5 Route= r_5 Longitude= -8.430794760432022 Latitude= 41.55413168180994 Velocity= 2.0731125241001287 MsgNumber= 24 Hops= 0} (at simulation time 14.002,300,000 s)
2024-06-03 18:15:13,686 INFO  - Vehicle updated! (at simulation time 14.002,300,000 s)
2024-06-03 18:15:13,686 INFO  - Message Processed! (at simulation time 14.002,300,000 s)
2024-06-03 18:15:13,686 INFO  - Received V2X message from vehicle: InterVehicleMsg{ Name= veh_4 Route= r_3 Longitude= -8.430900884007606 Latitude= 41.55428168461856 Velocity= 6.663592829797318 MsgNumber= 7 Hops= -1} (at simulation time 14.002,300,000 s)
2024-06-03 18:15:13,686 INFO  - Received V2X message from vehicle: InterVehicleMsg{ Name= veh_5 Route= r_5 Longitude= -8.430794760432022 Latitude= 41.55413168180994 Velocity= 2.0731125241001287 MsgNumber= 23 Hops= 1} (at simulation time 14.002,300,000 s)
2024-06-03 18:15:13,686 INFO  - Received V2X message from vehicle: InterVehicleMsg{ Name= veh_4 Route= r_3 Longitude= -8.430900884007606 Latitude= 41.55428168461856 Velocity= 6.663592829797318 MsgNumber= 6 Hops= -2} (at simulation time 14.002,400,000 s)
2024-06-03 18:15:13,686 INFO  - Received V2X message from vehicle: InterVehicleMsg{ Name= veh_5 Route= r_5 Longitude= -8.430794760432022 Latitude= 41.55413168180994 Velocity= 2.0731125241001287 MsgNumber= 24 Hops= 0} (at simulation time 14.002,400,000 s)
2024-06-03 18:15:13,687 INFO  - Received V2X message from vehicle: InterVehicleMsg{ Name= veh_2 Route= r_1 Longitude= -8.43086574486253 Latitude= 41.55391311713597 Velocity= 9.456455976435066 MsgNumber= 3 Hops= -1} (at simulation time 14.002,400,000 s)
2024-06-03 18:15:13,687 INFO  - Vehicle updated! (at simulation time 14.002,400,000 s)
2024-06-03 18:15:13,687 INFO  - Message Processed! (at simulation time 14.002,400,000 s)
2024-06-03 18:15:13,687 INFO  - Received V2X message from vehicle: InterVehicleMsg{ Name= veh_2 Route= r_1 Longitude= -8.43086574486253 Latitude= 41.55391311713597 Velocity= 9.456455976435066 MsgNumber= 3 Hops= -3} (at simulation time 14.002,800,000 s)
2024-06-03 18:15:13,687 INFO  - Received V2X message from vehicle: InterVehicleMsg{ Name= veh_5 Route= r_5 Longitude= -8.430794760432022 Latitude= 41.55413168180994 Velocity= 2.0731125241001287 MsgNumber= 22 Hops= 0} (at simulation time 14.002,800,000 s)
2024-06-03 18:15:13,688 INFO  - Received V2X message from vehicle: InterVehicleMsg{ Name= veh_1 Route= r_2 Longitude= -8.430864682981154 Latitude= 41.554034169260795 Velocity= 5.848396293439464 MsgNumber= 8 Hops= 1} (at simulation time 14.003,800,000 s)
2024-06-03 18:15:13,701 INFO  - Received V2X message from vehicle: InterVehicleMsg{ Name= veh_5 Route= r_5 Longitude= -8.430794760432022 Latitude= 41.55413168180994 Velocity= 0.0 MsgNumber= 26 Hops= 0} (at simulation time 15.000,400,000 s)
2024-06-03 18:15:13,701 INFO  - Vehicle updated! (at simulation time 15.000,400,000 s)
2024-06-03 18:15:13,701 INFO  - Message Processed! (at simulation time 15.000,400,000 s)
2024-06-03 18:15:13,701 INFO  - Received V2X message from vehicle: InterVehicleMsg{ Name= veh_5 Route= r_5 Longitude= -8.430794760432022 Latitude= 41.55413168180994 Velocity= 0.0 MsgNumber= 27 Hops= 1} (at simulation time 15.000,400,000 s)
2024-06-03 18:15:13,701 INFO  - Vehicle updated! (at simulation time 15.000,400,000 s)
2024-06-03 18:15:13,701 INFO  - Message Processed! (at simulation time 15.000,400,000 s)
2024-06-03 18:15:13,702 INFO  - Received V2X message from vehicle: InterVehicleMsg{ Name= veh_3 Route= r_4 Longitude= -8.430920572098346 Latitude= 41.55414415135489 Velocity= 5.050909281455279 MsgNumber= 25 Hops= 2} (at simulation time 15.000,900,000 s)
2024-06-03 18:15:13,703 INFO  - Vehicle updated! (at simulation time 15.000,900,000 s)
2024-06-03 18:15:13,703 INFO  - Message Processed! (at simulation time 15.000,900,000 s)
2024-06-03 18:15:13,703 INFO  - Received V2X message from vehicle: InterVehicleMsg{ Name= veh_3 Route= r_4 Longitude= -8.430920572098346 Latitude= 41.55414415135489 Velocity= 5.050909281455279 MsgNumber= 26 Hops= 2} (at simulation time 15.000,900,000 s)
2024-06-03 18:15:13,703 INFO  - Vehicle updated! (at simulation time 15.000,900,000 s)
2024-06-03 18:15:13,703 INFO  - Message Processed! (at simulation time 15.000,900,000 s)
2024-06-03 18:15:13,703 INFO  - Received V2X message from vehicle: InterVehicleMsg{ Name= veh_3 Route= r_4 Longitude= -8.430920572098346 Latitude= 41.55414415135489 Velocity= 5.050909281455279 MsgNumber= 27 Hops= 2} (at simulation time 15.000,900,000 s)
2024-06-03 18:15:13,703 INFO  - Vehicle updated! (at simulation time 15.000,900,000 s)
2024-06-03 18:15:13,703 INFO  - Message Processed! (at simulation time 15.000,900,000 s)
2024-06-03 18:15:13,703 INFO  - Received V2X message from vehicle: InterVehicleMsg{ Name= veh_1 Route= r_2 Longitude= -8.430864576444487 Latitude= 41.55404631416376 Velocity= 1.348396293439464 MsgNumber= 9 Hops= 0} (at simulation time 15.000,900,000 s)
2024-06-03 18:15:13,703 INFO  - Vehicle updated! (at simulation time 15.000,900,000 s)
2024-06-03 18:15:13,703 INFO  - Message Processed! (at simulation time 15.000,900,000 s)
2024-06-03 18:15:13,705 INFO  - Received V2X message from vehicle: InterVehicleMsg{ Name= veh_3 Route= r_4 Longitude= -8.430920572098346 Latitude= 41.55414415135489 Velocity= 5.050909281455279 MsgNumber= 28 Hops= 2} (at simulation time 15.001,400,000 s)
2024-06-03 18:15:13,705 INFO  - Vehicle updated! (at simulation time 15.001,400,000 s)
2024-06-03 18:15:13,705 INFO  - Message Processed! (at simulation time 15.001,400,000 s)
2024-06-03 18:15:13,705 INFO  - Received V2X message from vehicle: InterVehicleMsg{ Name= veh_0 Route= r_0 Longitude= -8.430974968032913 Latitude= 41.55410375031329 Velocity= 3.2975489255405837 MsgNumber= 4 Hops= 0} (at simulation time 15.001,800,000 s)
2024-06-03 18:15:13,705 INFO  - Vehicle updated! (at simulation time 15.001,800,000 s)
2024-06-03 18:15:13,705 INFO  - Message Processed! (at simulation time 15.001,800,000 s)
2024-06-03 18:15:13,706 INFO  - Received V2X message from vehicle: InterVehicleMsg{ Name= veh_0 Route= r_0 Longitude= -8.430974968032913 Latitude= 41.55410375031329 Velocity= 3.2975489255405837 MsgNumber= 4 Hops= 0} (at simulation time 15.001,900,000 s)
2024-06-03 18:15:13,707 INFO  - Received V2X message from vehicle: InterVehicleMsg{ Name= veh_4 Route= r_3 Longitude= -8.430901157217278 Latitude= 41.554250537682634 Velocity= 3.4581103245354075 MsgNumber= 8 Hops= 0} (at simulation time 15.002,300,000 s)
2024-06-03 18:15:13,707 INFO  - Vehicle updated! (at simulation time 15.002,300,000 s)
2024-06-03 18:15:13,707 INFO  - Message Processed! (at simulation time 15.002,300,000 s)
2024-06-03 18:15:13,707 INFO  - Received V2X message from vehicle: InterVehicleMsg{ Name= veh_4 Route= r_3 Longitude= -8.430901157217278 Latitude= 41.554250537682634 Velocity= 3.4581103245354075 MsgNumber= 8 Hops= -2} (at simulation time 15.002,400,000 s)
2024-06-03 18:15:13,707 INFO  - Received V2X message from vehicle: InterVehicleMsg{ Name= veh_5 Route= r_5 Longitude= -8.430794760432022 Latitude= 41.55413168180994 Velocity= 0.0 MsgNumber= 25 Hops= -1} (at simulation time 15.002,400,000 s)
2024-06-03 18:15:13,708 INFO  - Received V2X message from vehicle: InterVehicleMsg{ Name= veh_5 Route= r_5 Longitude= -8.430794760432022 Latitude= 41.55413168180994 Velocity= 0.0 MsgNumber= 28 Hops= -1} (at simulation time 15.002,400,000 s)
2024-06-03 18:15:13,708 INFO  - Vehicle updated! (at simulation time 15.002,400,000 s)
2024-06-03 18:15:13,708 INFO  - Message Processed! (at simulation time 15.002,400,000 s)
2024-06-03 18:15:13,715 INFO  - Received V2X message from vehicle: InterVehicleMsg{ Name= veh_1 Route= r_2 Longitude= -8.430864576444487 Latitude= 41.55404631416376 Velocity= 0.0 MsgNumber= 10 Hops= 1} (at simulation time 16.000,400,000 s)
2024-06-03 18:15:13,715 INFO  - Vehicle updated! (at simulation time 16.000,400,000 s)
2024-06-03 18:15:13,715 INFO  - Message Processed! (at simulation time 16.000,400,000 s)
2024-06-03 18:15:13,716 INFO  - Received V2X message from vehicle: InterVehicleMsg{ Name= veh_2 Route= r_1 Longitude= -8.430865106718771 Latitude= 41.5539858642 Velocity= 1.7883966089930299 MsgNumber= 4 Hops= 0} (at simulation time 16.000,400,000 s)
2024-06-03 18:15:13,716 INFO  - Vehicle updated! (at simulation time 16.000,400,000 s)
2024-06-03 18:15:13,716 INFO  - Message Processed! (at simulation time 16.000,400,000 s)
2024-06-03 18:15:13,716 INFO  - Received V2X message from vehicle: InterVehicleMsg{ Name= veh_4 Route= r_3 Longitude= -8.430901528722242 Latitude= 41.554208184632955 Velocity= 4.702276903483556 MsgNumber= 10 Hops= 2} (at simulation time 16.000,400,000 s)
2024-06-03 18:15:13,716 INFO  - Vehicle updated! (at simulation time 16.000,400,000 s)
2024-06-03 18:15:13,716 INFO  - Message Processed! (at simulation time 16.000,400,000 s)
2024-06-03 18:15:13,716 INFO  - Received V2X message from vehicle: InterVehicleMsg{ Name= veh_3 Route= r_4 Longitude= -8.43099633650091 Latitude= 41.55413267946261 Velocity= 6.601435060339084 MsgNumber= 30 Hops= 1} (at simulation time 16.000,800,000 s)
2024-06-03 18:15:13,716 INFO  - Vehicle updated! (at simulation time 16.000,800,000 s)
2024-06-03 18:15:13,716 INFO  - Message Processed! (at simulation time 16.000,800,000 s)
2024-06-03 18:15:13,717 INFO  - Received V2X message from vehicle: InterVehicleMsg{ Name= veh_3 Route= r_4 Longitude= -8.43099633650091 Latitude= 41.55413267946261 Velocity= 6.601435060339084 MsgNumber= 31 Hops= 1} (at simulation time 16.000,900,000 s)
2024-06-03 18:15:13,717 INFO  - Vehicle updated! (at simulation time 16.000,900,000 s)
2024-06-03 18:15:13,717 INFO  - Message Processed! (at simulation time 16.000,900,000 s)
2024-06-03 18:15:13,718 INFO  - Received V2X message from vehicle: InterVehicleMsg{ Name= veh_5 Route= r_5 Longitude= -8.430794760432022 Latitude= 41.55413168180994 Velocity= 0.0 MsgNumber= 29 Hops= 1} (at simulation time 16.001,400,000 s)
2024-06-03 18:15:13,718 INFO  - Vehicle updated! (at simulation time 16.001,400,000 s)
2024-06-03 18:15:13,718 INFO  - Message Processed! (at simulation time 16.001,400,000 s)
2024-06-03 18:15:13,719 INFO  - Received V2X message from vehicle: InterVehicleMsg{ Name= veh_3 Route= r_4 Longitude= -8.43099633650091 Latitude= 41.55413267946261 Velocity= 6.601435060339084 MsgNumber= 29 Hops= -1} (at simulation time 16.001,800,000 s)
2024-06-03 18:15:13,719 INFO  - Received V2X message from vehicle: InterVehicleMsg{ Name= veh_4 Route= r_3 Longitude= -8.430901528722242 Latitude= 41.554208184632955 Velocity= 4.702276903483556 MsgNumber= 9 Hops= 0} (at simulation time 16.001,800,000 s)
2024-06-03 18:15:13,720 INFO  - Received V2X message from vehicle: InterVehicleMsg{ Name= veh_4 Route= r_3 Longitude= -8.430901528722242 Latitude= 41.554208184632955 Velocity= 4.702276903483556 MsgNumber= 9 Hops= 0} (at simulation time 16.001,900,000 s)
2024-06-03 18:15:13,720 INFO  - Received V2X message from vehicle: InterVehicleMsg{ Name= veh_3 Route= r_4 Longitude= -8.43099633650091 Latitude= 41.55413267946261 Velocity= 6.601435060339084 MsgNumber= 29 Hops= -2} (at simulation time 16.001,900,000 s)
2024-06-03 18:15:13,720 INFO  - Received V2X message from vehicle: InterVehicleMsg{ Name= veh_3 Route= r_4 Longitude= -8.43099633650091 Latitude= 41.55413267946261 Velocity= 6.601435060339084 MsgNumber= 30 Hops= -1} (at simulation time 16.001,900,000 s)
2024-06-03 18:15:13,720 INFO  - Received V2X message from vehicle: InterVehicleMsg{ Name= veh_5 Route= r_5 Longitude= -8.430794760432022 Latitude= 41.55413168180994 Velocity= 0.0 MsgNumber= 31 Hops= 0} (at simulation time 16.001,900,000 s)
2024-06-03 18:15:13,720 INFO  - Vehicle updated! (at simulation time 16.001,900,000 s)
2024-06-03 18:15:13,720 INFO  - Message Processed! (at simulation time 16.001,900,000 s)
2024-06-03 18:15:13,720 INFO  - Received V2X message from vehicle: InterVehicleMsg{ Name= veh_3 Route= r_4 Longitude= -8.43099633650091 Latitude= 41.55413267946261 Velocity= 6.601435060339084 MsgNumber= 31 Hops= 0} (at simulation time 16.002,300,000 s)
2024-06-03 18:15:13,721 INFO  - Received V2X message from vehicle: InterVehicleMsg{ Name= veh_5 Route= r_5 Longitude= -8.430794760432022 Latitude= 41.55413168180994 Velocity= 0.0 MsgNumber= 30 Hops= 0} (at simulation time 16.002,400,000 s)
2024-06-03 18:15:13,723 INFO  - Received V2X message from vehicle: InterVehicleMsg{ Name= veh_4 Route= r_3 Longitude= -8.430901528722242 Latitude= 41.554208184632955 Velocity= 4.702276903483556 MsgNumber= 10 Hops= -1} (at simulation time 16.003,800,000 s)
2024-06-03 18:15:13,727 INFO  - Received V2X message from vehicle: InterVehicleMsg{ Name= veh_5 Route= r_5 Longitude= -8.430795465105653 Latitude= 41.554131685298174 Velocity= 0.05876791756601471 MsgNumber= 32 Hops= 1} (at simulation time 17.000,400,000 s)
2024-06-03 18:15:13,728 INFO  - Vehicle updated! (at simulation time 17.000,400,000 s)
2024-06-03 18:15:13,728 INFO  - Message Processed! (at simulation time 17.000,400,000 s)
2024-06-03 18:15:13,728 INFO  - Received V2X message from vehicle: InterVehicleMsg{ Name= veh_0 Route= r_0 Longitude= -8.430970807378863 Latitude= 41.55410372972392 Velocity= 0.3469876848859732 MsgNumber= 5 Hops= 1} (at simulation time 17.000,400,000 s)
2024-06-03 18:15:13,728 INFO  - Vehicle updated! (at simulation time 17.000,400,000 s)
2024-06-03 18:15:13,728 INFO  - Message Processed! (at simulation time 17.000,400,000 s)
2024-06-03 18:15:13,729 INFO  - Received V2X message from vehicle: InterVehicleMsg{ Name= veh_3 Route= r_4 Longitude= -8.43106829557182 Latitude= 41.554133035521275 Velocity= 6.001195883615903 MsgNumber= 32 Hops= -1} (at simulation time 17.000,800,000 s)
2024-06-03 18:15:13,729 INFO  - Vehicle updated! (at simulation time 17.000,800,000 s)
2024-06-03 18:15:13,729 INFO  - Message Processed! (at simulation time 17.000,800,000 s)
2024-06-03 18:15:13,729 INFO  - Received V2X message from vehicle: InterVehicleMsg{ Name= veh_3 Route= r_4 Longitude= -8.43106829557182 Latitude= 41.554133035521275 Velocity= 6.001195883615903 MsgNumber= 35 Hops= 0} (at simulation time 17.000,800,000 s)
2024-06-03 18:15:13,729 INFO  - Vehicle updated! (at simulation time 17.000,800,000 s)
2024-06-03 18:15:13,729 INFO  - Message Processed! (at simulation time 17.000,800,000 s)
2024-06-03 18:15:13,729 INFO  - Received V2X message from vehicle: InterVehicleMsg{ Name= veh_3 Route= r_4 Longitude= -8.43106829557182 Latitude= 41.554133035521275 Velocity= 6.001195883615903 MsgNumber= 34 Hops= -1} (at simulation time 17.000,900,000 s)
2024-06-03 18:15:13,729 INFO  - Received V2X message from vehicle: InterVehicleMsg{ Name= veh_5 Route= r_5 Longitude= -8.430795465105653 Latitude= 41.554131685298174 Velocity= 0.05876791756601471 MsgNumber= 34 Hops= 0} (at simulation time 17.000,900,000 s)
2024-06-03 18:15:13,729 INFO  - Vehicle updated! (at simulation time 17.000,900,000 s)
2024-06-03 18:15:13,729 INFO  - Message Processed! (at simulation time 17.000,900,000 s)
2024-06-03 18:15:13,730 INFO  - Received V2X message from vehicle: InterVehicleMsg{ Name= veh_3 Route= r_4 Longitude= -8.43106829557182 Latitude= 41.554133035521275 Velocity= 6.001195883615903 MsgNumber= 35 Hops= -1} (at simulation time 17.000,900,000 s)
2024-06-03 18:15:13,730 INFO  - Received V2X message from vehicle: InterVehicleMsg{ Name= veh_5 Route= r_5 Longitude= -8.430795465105653 Latitude= 41.554131685298174 Velocity= 0.05876791756601471 MsgNumber= 35 Hops= 1} (at simulation time 17.000,900,000 s)
2024-06-03 18:15:13,730 INFO  - Vehicle updated! (at simulation time 17.000,900,000 s)
2024-06-03 18:15:13,730 INFO  - Message Processed! (at simulation time 17.000,900,000 s)
2024-06-03 18:15:13,730 INFO  - Received V2X message from vehicle: InterVehicleMsg{ Name= veh_4 Route= r_3 Longitude= -8.430901544703179 Latitude= 41.55420636274029 Velocity= 0.20227690348355587 MsgNumber= 11 Hops= -2} (at simulation time 17.001,400,000 s)
2024-06-03 18:15:13,730 INFO  - Vehicle updated! (at simulation time 17.001,400,000 s)
2024-06-03 18:15:13,730 INFO  - Message Processed! (at simulation time 17.001,400,000 s)
2024-06-03 18:15:13,730 INFO  - Received V2X message from vehicle: InterVehicleMsg{ Name= veh_3 Route= r_4 Longitude= -8.43106829557182 Latitude= 41.554133035521275 Velocity= 6.001195883615903 MsgNumber= 33 Hops= -2} (at simulation time 17.001,400,000 s)
2024-06-03 18:15:13,730 INFO  - Received V2X message from vehicle: InterVehicleMsg{ Name= veh_1 Route= r_2 Longitude= -8.430864536939517 Latitude= 41.55405081762577 Velocity= 0.5 MsgNumber= 11 Hops= 1} (at simulation time 17.001,400,000 s)
2024-06-03 18:15:13,730 INFO  - Vehicle updated! (at simulation time 17.001,400,000 s)
2024-06-03 18:15:13,730 INFO  - Message Processed! (at simulation time 17.001,400,000 s)
2024-06-03 18:15:13,730 INFO  - Received V2X message from vehicle: InterVehicleMsg{ Name= veh_3 Route= r_4 Longitude= -8.43106829557182 Latitude= 41.554133035521275 Velocity= 6.001195883615903 MsgNumber= 32 Hops= -2} (at simulation time 17.001,900,000 s)
2024-06-03 18:15:13,731 INFO  - Received V2X message from vehicle: InterVehicleMsg{ Name= veh_5 Route= r_5 Longitude= -8.430795465105653 Latitude= 41.554131685298174 Velocity= 0.05876791756601471 MsgNumber= 33 Hops= -1} (at simulation time 17.002,400,000 s)
2024-06-03 18:15:13,731 INFO  - Received V2X message from vehicle: InterVehicleMsg{ Name= veh_3 Route= r_4 Longitude= -8.43106829557182 Latitude= 41.554133035521275 Velocity= 6.001195883615903 MsgNumber= 33 Hops= -3} (at simulation time 17.002,800,000 s)
2024-06-03 18:15:13,731 INFO  - Received V2X message from vehicle: InterVehicleMsg{ Name= veh_3 Route= r_4 Longitude= -8.43106829557182 Latitude= 41.554133035521275 Velocity= 6.001195883615903 MsgNumber= 34 Hops= -3} (at simulation time 17.002,800,000 s)
2024-06-03 18:15:13,733 INFO  - Vehicle veh_1 should start (at simulation time 18.000,000,000 s)
2024-06-03 18:15:13,735 INFO  - Received V2X message from vehicle: InterVehicleMsg{ Name= veh_3 Route= r_4 Longitude= -8.431133057302786 Latitude= 41.55413335592848 Velocity= 5.400956706892723 MsgNumber= 36 Hops= 2} (at simulation time 18.000,400,000 s)
2024-06-03 18:15:13,735 INFO  - Vehicle updated! (at simulation time 18.000,400,000 s)
2024-06-03 18:15:13,735 INFO  - Message Processed! (at simulation time 18.000,400,000 s)
2024-06-03 18:15:13,735 INFO  - Received V2X message from vehicle: InterVehicleMsg{ Name= veh_1 Route= r_2 Longitude= -8.430863128792497 Latitude= 41.554059748087845 Velocity= 1.0 MsgNumber= 12 Hops= 1} (at simulation time 18.000,400,000 s)
2024-06-03 18:15:13,735 INFO  - Vehicle updated! (at simulation time 18.000,400,000 s)
2024-06-03 18:15:13,735 INFO  - Message Processed! (at simulation time 18.000,400,000 s)
2024-06-03 18:15:13,735 INFO  - Received V2X message from vehicle: InterVehicleMsg{ Name= veh_3 Route= r_4 Longitude= -8.431133057302786 Latitude= 41.55413335592848 Velocity= 5.400956706892723 MsgNumber= 38 Hops= 2} (at simulation time 18.000,400,000 s)
2024-06-03 18:15:13,735 INFO  - Vehicle updated! (at simulation time 18.000,400,000 s)
2024-06-03 18:15:13,735 INFO  - Message Processed! (at simulation time 18.000,400,000 s)
2024-06-03 18:15:13,736 INFO  - Received V2X message from vehicle: InterVehicleMsg{ Name= veh_3 Route= r_4 Longitude= -8.431133057302786 Latitude= 41.55413335592848 Velocity= 5.400956706892723 MsgNumber= 37 Hops= -1} (at simulation time 18.000,900,000 s)
2024-06-03 18:15:13,736 INFO  - Received V2X message from vehicle: InterVehicleMsg{ Name= veh_2 Route= r_1 Longitude= -8.430865050582439 Latitude= 41.5539922636125 Velocity= 0.5000000000000048 MsgNumber= 5 Hops= 0} (at simulation time 18.000,900,000 s)
2024-06-03 18:15:13,736 INFO  - Vehicle updated! (at simulation time 18.000,900,000 s)
2024-06-03 18:15:13,736 INFO  - Message Processed! (at simulation time 18.000,900,000 s)
2024-06-03 18:15:13,737 INFO  - Received V2X message from vehicle: InterVehicleMsg{ Name= veh_5 Route= r_5 Longitude= -8.430807455893515 Latitude= 41.55413174465353 Velocity= 1.0 MsgNumber= 37 Hops= 0} (at simulation time 18.001,400,000 s)
2024-06-03 18:15:13,737 INFO  - Vehicle updated! (at simulation time 18.001,400,000 s)
2024-06-03 18:15:13,737 INFO  - Message Processed! (at simulation time 18.001,400,000 s)
2024-06-03 18:15:13,737 INFO  - Received V2X message from vehicle: InterVehicleMsg{ Name= veh_5 Route= r_5 Longitude= -8.430807455893515 Latitude= 41.55413174465353 Velocity= 1.0 MsgNumber= 38 Hops= 1} (at simulation time 18.001,400,000 s)
2024-06-03 18:15:13,737 INFO  - Vehicle updated! (at simulation time 18.001,400,000 s)
2024-06-03 18:15:13,737 INFO  - Message Processed! (at simulation time 18.001,400,000 s)
2024-06-03 18:15:13,737 INFO  - Received V2X message from vehicle: InterVehicleMsg{ Name= veh_3 Route= r_4 Longitude= -8.431133057302786 Latitude= 41.55413335592848 Velocity= 5.400956706892723 MsgNumber= 38 Hops= -2} (at simulation time 18.001,800,000 s)
2024-06-03 18:15:13,737 INFO  - Received V2X message from vehicle: InterVehicleMsg{ Name= veh_5 Route= r_5 Longitude= -8.430807455893515 Latitude= 41.55413174465353 Velocity= 1.0 MsgNumber= 36 Hops= 1} (at simulation time 18.001,900,000 s)
2024-06-03 18:15:13,737 INFO  - Received V2X message from vehicle: InterVehicleMsg{ Name= veh_4 Route= r_3 Longitude= -8.430901544703179 Latitude= 41.55420636274029 Velocity= 0.0 MsgNumber= 13 Hops= -2} (at simulation time 18.001,900,000 s)
2024-06-03 18:15:13,737 INFO  - Vehicle updated! (at simulation time 18.001,900,000 s)
2024-06-03 18:15:13,737 INFO  - Message Processed! (at simulation time 18.001,900,000 s)
2024-06-03 18:15:13,737 INFO  - Received V2X message from vehicle: InterVehicleMsg{ Name= veh_3 Route= r_4 Longitude= -8.431133057302786 Latitude= 41.55413335592848 Velocity= 5.400956706892723 MsgNumber= 37 Hops= -2} (at simulation time 18.002,300,000 s)
2024-06-03 18:15:13,737 INFO  - Received V2X message from vehicle: InterVehicleMsg{ Name= veh_4 Route= r_3 Longitude= -8.430901544703179 Latitude= 41.55420636274029 Velocity= 0.0 MsgNumber= 12 Hops= -2} (at simulation time 18.002,400,000 s)
2024-06-03 18:15:13,738 INFO  - Received V2X message from vehicle: InterVehicleMsg{ Name= veh_3 Route= r_4 Longitude= -8.431133057302786 Latitude= 41.55413335592848 Velocity= 5.400956706892723 MsgNumber= 36 Hops= -3} (at simulation time 18.003,300,000 s)
2024-06-03 18:15:13,744 INFO  - Received V2X message from vehicle: InterVehicleMsg{ Name= veh_5 Route= r_5 Longitude= -8.430825442075376 Latitude= 41.554131833684224 Velocity= 1.5 MsgNumber= 39 Hops= 1} (at simulation time 19.000,400,000 s)
2024-06-03 18:15:13,744 INFO  - Vehicle updated! (at simulation time 19.000,400,000 s)
2024-06-03 18:15:13,744 INFO  - Message Processed! (at simulation time 19.000,400,000 s)
2024-06-03 18:15:13,745 INFO  - Received V2X message from vehicle: InterVehicleMsg{ Name= veh_1 Route= r_2 Longitude= -8.43085530694461 Latitude= 41.55408075724137 Velocity= 2.4635499179596083 MsgNumber= 13 Hops= 2} (at simulation time 19.000,400,000 s)
2024-06-03 18:15:13,745 INFO  - Vehicle updated! (at simulation time 19.000,400,000 s)
2024-06-03 18:15:13,745 INFO  - Message Processed! (at simulation time 19.000,400,000 s)
2024-06-03 18:15:13,745 INFO  - Received V2X message from vehicle: InterVehicleMsg{ Name= veh_5 Route= r_5 Longitude= -8.430825442075376 Latitude= 41.554131833684224 Velocity= 1.5 MsgNumber= 42 Hops= 1} (at simulation time 19.000,400,000 s)
2024-06-03 18:15:13,745 INFO  - Vehicle updated! (at simulation time 19.000,400,000 s)
2024-06-03 18:15:13,745 INFO  - Message Processed! (at simulation time 19.000,400,000 s)
2024-06-03 18:15:13,746 INFO  - Received V2X message from vehicle: InterVehicleMsg{ Name= veh_3 Route= r_4 Longitude= -8.431190621693458 Latitude= 41.55413364069638 Velocity= 4.800717530169543 MsgNumber= 39 Hops= 1} (at simulation time 19.000,900,000 s)
2024-06-03 18:15:13,746 INFO  - Vehicle updated! (at simulation time 19.000,900,000 s)
2024-06-03 18:15:13,746 INFO  - Message Processed! (at simulation time 19.000,900,000 s)
2024-06-03 18:15:13,746 INFO  - Received V2X message from vehicle: InterVehicleMsg{ Name= veh_4 Route= r_3 Longitude= -8.430901544703179 Latitude= 41.55420636274029 Velocity= 0.0 MsgNumber= 14 Hops= 0} (at simulation time 19.000,900,000 s)
2024-06-03 18:15:13,746 INFO  - Vehicle updated! (at simulation time 19.000,900,000 s)
2024-06-03 18:15:13,746 INFO  - Message Processed! (at simulation time 19.000,900,000 s)
2024-06-03 18:15:13,746 INFO  - Received V2X message from vehicle: InterVehicleMsg{ Name= veh_3 Route= r_4 Longitude= -8.431190621693458 Latitude= 41.55413364069638 Velocity= 4.800717530169543 MsgNumber= 41 Hops= 2} (at simulation time 19.000,900,000 s)
2024-06-03 18:15:13,746 INFO  - Vehicle updated! (at simulation time 19.000,900,000 s)
2024-06-03 18:15:13,746 INFO  - Message Processed! (at simulation time 19.000,900,000 s)
2024-06-03 18:15:13,746 INFO  - Received V2X message from vehicle: InterVehicleMsg{ Name= veh_3 Route= r_4 Longitude= -8.431190621693458 Latitude= 41.55413364069638 Velocity= 4.800717530169543 MsgNumber= 42 Hops= 1} (at simulation time 19.000,900,000 s)
2024-06-03 18:15:13,746 INFO  - Vehicle updated! (at simulation time 19.000,900,000 s)
2024-06-03 18:15:13,746 INFO  - Message Processed! (at simulation time 19.000,900,000 s)
2024-06-03 18:15:13,747 INFO  - Received V2X message from vehicle: InterVehicleMsg{ Name= veh_5 Route= r_5 Longitude= -8.430825442075376 Latitude= 41.554131833684224 Velocity= 1.5 MsgNumber= 41 Hops= 0} (at simulation time 19.001,400,000 s)
2024-06-03 18:15:13,747 INFO  - Received V2X message from vehicle: InterVehicleMsg{ Name= veh_5 Route= r_5 Longitude= -8.430825442075376 Latitude= 41.554131833684224 Velocity= 1.5 MsgNumber= 40 Hops= 0} (at simulation time 19.001,900,000 s)
2024-06-03 18:15:13,747 INFO  - Received V2X message from vehicle: InterVehicleMsg{ Name= veh_0 Route= r_0 Longitude= -8.430970807378863 Latitude= 41.55410372972392 Velocity= 0.0 MsgNumber= 6 Hops= -1} (at simulation time 19.001,900,000 s)
2024-06-03 18:15:13,747 INFO  - Vehicle updated! (at simulation time 19.001,900,000 s)
2024-06-03 18:15:13,747 INFO  - Message Processed! (at simulation time 19.001,900,000 s)
2024-06-03 18:15:13,748 INFO  - Received V2X message from vehicle: InterVehicleMsg{ Name= veh_3 Route= r_4 Longitude= -8.431190621693458 Latitude= 41.55413364069638 Velocity= 4.800717530169543 MsgNumber= 40 Hops= -3} (at simulation time 19.002,300,000 s)
2024-06-03 18:15:13,748 INFO  - Received V2X message from vehicle: InterVehicleMsg{ Name= veh_3 Route= r_4 Longitude= -8.431190621693458 Latitude= 41.55413364069638 Velocity= 4.800717530169543 MsgNumber= 40 Hops= -1} (at simulation time 19.002,400,000 s)
2024-06-03 18:15:13,748 INFO  - Received V2X message from vehicle: InterVehicleMsg{ Name= veh_3 Route= r_4 Longitude= -8.431190621693458 Latitude= 41.55413364069638 Velocity= 4.800717530169543 MsgNumber= 39 Hops= -3} (at simulation time 19.002,800,000 s)
2024-06-03 18:15:13,748 INFO  - Received V2X message from vehicle: InterVehicleMsg{ Name= veh_3 Route= r_4 Longitude= -8.431190621693458 Latitude= 41.55413364069638 Velocity= 4.800717530169543 MsgNumber= 42 Hops= -3} (at simulation time 19.003,300,000 s)
2024-06-03 18:15:13,749 INFO  - Received V2X message from vehicle: InterVehicleMsg{ Name= veh_3 Route= r_4 Longitude= -8.431190621693458 Latitude= 41.55413364069638 Velocity= 4.800717530169543 MsgNumber= 41 Hops= -3} (at simulation time 19.003,800,000 s)
2024-06-03 18:15:13,756 INFO  - Received V2X message from vehicle: InterVehicleMsg{ Name= veh_4 Route= r_3 Longitude= -8.430901544703179 Latitude= 41.55420636274029 Velocity= 0.0 MsgNumber= 15 Hops= 0} (at simulation time 20.000,400,000 s)
2024-06-03 18:15:13,756 INFO  - Vehicle updated! (at simulation time 20.000,400,000 s)
2024-06-03 18:15:13,756 INFO  - Message Processed! (at simulation time 20.000,400,000 s)
2024-06-03 18:15:13,757 INFO  - Received V2X message from vehicle: InterVehicleMsg{ Name= veh_3 Route= r_4 Longitude= -8.431240988743529 Latitude= 41.55413388983579 Velocity= 4.2004783534463614 MsgNumber= 44 Hops= 0} (at simulation time 20.000,800,000 s)
2024-06-03 18:15:13,757 INFO  - Vehicle updated! (at simulation time 20.000,800,000 s)
2024-06-03 18:15:13,757 INFO  - Message Processed! (at simulation time 20.000,800,000 s)
2024-06-03 18:15:13,757 INFO  - Received V2X message from vehicle: InterVehicleMsg{ Name= veh_2 Route= r_1 Longitude= -8.430864776928129 Latitude= 41.55402345954364 Velocity= 2.463549917959616 MsgNumber= 6 Hops= 1} (at simulation time 20.000,800,000 s)
2024-06-03 18:15:13,757 INFO  - Vehicle updated! (at simulation time 20.000,800,000 s)
2024-06-03 18:15:13,757 INFO  - Message Processed! (at simulation time 20.000,800,000 s)
2024-06-03 18:15:13,757 INFO  - Received V2X message from vehicle: InterVehicleMsg{ Name= veh_5 Route= r_5 Longitude= -8.430849423651313 Latitude= 41.554131952387436 Velocity= 2.0 MsgNumber= 45 Hops= 2} (at simulation time 20.000,900,000 s)
2024-06-03 18:15:13,757 INFO  - Vehicle updated! (at simulation time 20.000,900,000 s)
2024-06-03 18:15:13,757 INFO  - Message Processed! (at simulation time 20.000,900,000 s)
2024-06-03 18:15:13,759 INFO  - Received V2X message from vehicle: InterVehicleMsg{ Name= veh_5 Route= r_5 Longitude= -8.430849423651313 Latitude= 41.554131952387436 Velocity= 2.0 MsgNumber= 43 Hops= 2} (at simulation time 20.001,900,000 s)
2024-06-03 18:15:13,759 INFO  - Received V2X message from vehicle: InterVehicleMsg{ Name= veh_1 Route= r_2 Longitude= -8.43081410592459 Latitude= 41.55410111260456 Velocity= 4.336943372013048 MsgNumber= 14 Hops= 1} (at simulation time 20.001,900,000 s)
2024-06-03 18:15:13,759 INFO  - Vehicle updated! (at simulation time 20.001,900,000 s)
2024-06-03 18:15:13,759 INFO  - Message Processed! (at simulation time 20.001,900,000 s)
2024-06-03 18:15:13,759 INFO  - Received V2X message from vehicle: InterVehicleMsg{ Name= veh_2 Route= r_1 Longitude= -8.430864776928129 Latitude= 41.55402345954364 Velocity= 2.463549917959616 MsgNumber= 6 Hops= -1} (at simulation time 20.001,900,000 s)
2024-06-03 18:15:13,759 INFO  - Received V2X message from vehicle: InterVehicleMsg{ Name= veh_4 Route= r_3 Longitude= -8.430901544703179 Latitude= 41.55420636274029 Velocity= 0.0 MsgNumber= 16 Hops= 0} (at simulation time 20.001,900,000 s)
2024-06-03 18:15:13,759 INFO  - Vehicle updated! (at simulation time 20.001,900,000 s)
2024-06-03 18:15:13,759 INFO  - Message Processed! (at simulation time 20.001,900,000 s)
2024-06-03 18:15:13,760 INFO  - Received V2X message from vehicle: InterVehicleMsg{ Name= veh_3 Route= r_4 Longitude= -8.431240988743529 Latitude= 41.55413388983579 Velocity= 4.2004783534463614 MsgNumber= 43 Hops= -2} (at simulation time 20.002,300,000 s)
2024-06-03 18:15:13,760 INFO  - Received V2X message from vehicle: InterVehicleMsg{ Name= veh_5 Route= r_5 Longitude= -8.430849423651313 Latitude= 41.554131952387436 Velocity= 2.0 MsgNumber= 44 Hops= 2} (at simulation time 20.002,400,000 s)
2024-06-03 18:15:13,761 INFO  - Received V2X message from vehicle: InterVehicleMsg{ Name= veh_3 Route= r_4 Longitude= -8.431240988743529 Latitude= 41.55413388983579 Velocity= 4.2004783534463614 MsgNumber= 45 Hops= -3} (at simulation time 20.003,300,000 s)
2024-06-03 18:15:13,761 INFO  - Vehicle updated! (at simulation time 20.003,300,000 s)
2024-06-03 18:15:13,761 INFO  - Message Processed! (at simulation time 20.003,300,000 s)
2024-06-03 18:15:13,761 INFO  - Received V2X message from vehicle: InterVehicleMsg{ Name= veh_1 Route= r_2 Longitude= -8.43081410592459 Latitude= 41.55410111260456 Velocity= 4.336943372013048 MsgNumber= 14 Hops= 1} (at simulation time 20.003,800,000 s)
2024-06-03 18:15:13,768 INFO  - Received V2X message from vehicle: InterVehicleMsg{ Name= veh_5 Route= r_5 Longitude= -8.43087940062144 Latitude= 41.55413210075941 Velocity= 2.5 MsgNumber= 46 Hops= 2} (at simulation time 21.000,400,000 s)
2024-06-03 18:15:13,768 INFO  - Vehicle updated! (at simulation time 21.000,400,000 s)
2024-06-03 18:15:13,768 INFO  - Message Processed! (at simulation time 21.000,400,000 s)
2024-06-03 18:15:13,768 INFO  - Received V2X message from vehicle: InterVehicleMsg{ Name= veh_4 Route= r_3 Longitude= -8.430901544703179 Latitude= 41.55420636274029 Velocity= 0.0 MsgNumber= 17 Hops= 0} (at simulation time 21.000,900,000 s)
2024-06-03 18:15:13,768 INFO  - Vehicle updated! (at simulation time 21.000,900,000 s)
2024-06-03 18:15:13,769 INFO  - Message Processed! (at simulation time 21.000,900,000 s)
2024-06-03 18:15:13,769 INFO  - Received V2X message from vehicle: InterVehicleMsg{ Name= veh_5 Route= r_5 Longitude= -8.43087940062144 Latitude= 41.55413210075941 Velocity= 2.5 MsgNumber= 47 Hops= 2} (at simulation time 21.000,900,000 s)
2024-06-03 18:15:13,769 INFO  - Vehicle updated! (at simulation time 21.000,900,000 s)
2024-06-03 18:15:13,769 INFO  - Message Processed! (at simulation time 21.000,900,000 s)
2024-06-03 18:15:13,769 INFO  - Received V2X message from vehicle: InterVehicleMsg{ Name= veh_0 Route= r_0 Longitude= -8.430940830421369 Latitude= 41.554103581375855 Velocity= 2.5 MsgNumber= 7 Hops= 2} (at simulation time 21.000,900,000 s)
2024-06-03 18:15:13,769 INFO  - Vehicle updated! (at simulation time 21.000,900,000 s)
2024-06-03 18:15:13,769 INFO  - Message Processed! (at simulation time 21.000,900,000 s)
2024-06-03 18:15:13,769 INFO  - Received V2X message from vehicle: InterVehicleMsg{ Name= veh_5 Route= r_5 Longitude= -8.43087940062144 Latitude= 41.55413210075941 Velocity= 2.5 MsgNumber= 48 Hops= 2} (at simulation time 21.001,400,000 s)
2024-06-03 18:15:13,769 INFO  - Vehicle updated! (at simulation time 21.001,400,000 s)
2024-06-03 18:15:13,769 INFO  - Message Processed! (at simulation time 21.001,400,000 s)
2024-06-03 18:15:13,770 INFO  - Received V2X message from vehicle: InterVehicleMsg{ Name= veh_3 Route= r_4 Longitude= -8.431284158452723 Latitude= 41.55413410335617 Velocity= 3.6002391767231807 MsgNumber= 49 Hops= -2} (at simulation time 21.001,800,000 s)
2024-06-03 18:15:13,770 INFO  - Vehicle updated! (at simulation time 21.001,800,000 s)
2024-06-03 18:15:13,770 INFO  - Message Processed! (at simulation time 21.001,800,000 s)
2024-06-03 18:15:13,770 INFO  - Received V2X message from vehicle: InterVehicleMsg{ Name= veh_1 Route= r_2 Longitude= -8.430745119469222 Latitude= 41.554102612661815 Velocity= 5.766246850919257 MsgNumber= 15 Hops= 0} (at simulation time 21.001,900,000 s)
2024-06-03 18:15:13,770 INFO  - Vehicle updated! (at simulation time 21.001,900,000 s)
2024-06-03 18:15:13,770 INFO  - Message Processed! (at simulation time 21.001,900,000 s)
2024-06-03 18:15:13,770 INFO  - Received V2X message from vehicle: InterVehicleMsg{ Name= veh_5 Route= r_5 Longitude= -8.43087940062144 Latitude= 41.55413210075941 Velocity= 2.5 MsgNumber= 49 Hops= 2} (at simulation time 21.002,400,000 s)
2024-06-03 18:15:13,770 INFO  - Vehicle updated! (at simulation time 21.002,400,000 s)
2024-06-03 18:15:13,770 INFO  - Message Processed! (at simulation time 21.002,400,000 s)
2024-06-03 18:15:13,771 INFO  - Received V2X message from vehicle: InterVehicleMsg{ Name= veh_3 Route= r_4 Longitude= -8.431284158452723 Latitude= 41.55413410335617 Velocity= 3.6002391767231807 MsgNumber= 46 Hops= -1} (at simulation time 21.002,800,000 s)
2024-06-03 18:15:13,771 INFO  - Received V2X message from vehicle: InterVehicleMsg{ Name= veh_0 Route= r_0 Longitude= -8.430940830421369 Latitude= 41.554103581375855 Velocity= 2.5 MsgNumber= 7 Hops= 1} (at simulation time 21.002,800,000 s)
2024-06-03 18:15:13,771 INFO  - Received V2X message from vehicle: InterVehicleMsg{ Name= veh_1 Route= r_2 Longitude= -8.430745119469222 Latitude= 41.554102612661815 Velocity= 5.766246850919257 MsgNumber= 15 Hops= -2} (at simulation time 21.003,300,000 s)
2024-06-03 18:15:13,771 INFO  - Received V2X message from vehicle: InterVehicleMsg{ Name= veh_3 Route= r_4 Longitude= -8.431284158452723 Latitude= 41.55413410335617 Velocity= 3.6002391767231807 MsgNumber= 47 Hops= -2} (at simulation time 21.003,300,000 s)
2024-06-03 18:15:13,771 INFO  - Received V2X message from vehicle: InterVehicleMsg{ Name= veh_3 Route= r_4 Longitude= -8.431284158452723 Latitude= 41.55413410335617 Velocity= 3.6002391767231807 MsgNumber= 48 Hops= -3} (at simulation time 21.003,800,000 s)
2024-06-03 18:15:13,775 INFO  - Vehicle veh_5 should start (at simulation time 22.000,000,000 s)
2024-06-03 18:15:13,776 INFO  - Received V2X message from vehicle: InterVehicleMsg{ Name= veh_4 Route= r_3 Longitude= -8.430901544703179 Latitude= 41.55420636274029 Velocity= 0.0 MsgNumber= 18 Hops= 1} (at simulation time 22.000,400,000 s)
2024-06-03 18:15:13,776 INFO  - Vehicle updated! (at simulation time 22.000,400,000 s)
2024-06-03 18:15:13,776 INFO  - Message Processed! (at simulation time 22.000,400,000 s)
2024-06-03 18:15:13,777 INFO  - Received V2X message from vehicle: InterVehicleMsg{ Name= veh_4 Route= r_3 Longitude= -8.430901544703179 Latitude= 41.55420636274029 Velocity= 0.0 MsgNumber= 19 Hops= 1} (at simulation time 22.000,400,000 s)
2024-06-03 18:15:13,777 INFO  - Vehicle updated! (at simulation time 22.000,400,000 s)
2024-06-03 18:15:13,777 INFO  - Message Processed! (at simulation time 22.000,400,000 s)
2024-06-03 18:15:13,777 INFO  - Received V2X message from vehicle: InterVehicleMsg{ Name= veh_5 Route= r_5 Longitude= -8.430915372985888 Latitude= 41.55413227879547 Velocity= 3.0 MsgNumber= 50 Hops= 2} (at simulation time 22.000,900,000 s)
2024-06-03 18:15:13,777 INFO  - Vehicle updated! (at simulation time 22.000,900,000 s)
2024-06-03 18:15:13,777 INFO  - Message Processed! (at simulation time 22.000,900,000 s)
2024-06-03 18:15:13,778 INFO  - Received V2X message from vehicle: InterVehicleMsg{ Name= veh_5 Route= r_5 Longitude= -8.430915372985888 Latitude= 41.55413227879547 Velocity= 3.0 MsgNumber= 52 Hops= 2} (at simulation time 22.001,900,000 s)
2024-06-03 18:15:13,778 INFO  - Vehicle updated! (at simulation time 22.001,900,000 s)
2024-06-03 18:15:13,778 INFO  - Message Processed! (at simulation time 22.001,900,000 s)
2024-06-03 18:15:13,778 INFO  - Received V2X message from vehicle: InterVehicleMsg{ Name= veh_2 Route= r_1 Longitude= -8.430864776928129 Latitude= 41.55402345954364 Velocity= 0.0 MsgNumber= 7 Hops= -2} (at simulation time 22.001,900,000 s)
2024-06-03 18:15:13,778 INFO  - Vehicle updated! (at simulation time 22.001,900,000 s)
2024-06-03 18:15:13,778 INFO  - Message Processed! (at simulation time 22.001,900,000 s)
2024-06-03 18:15:13,779 INFO  - Received V2X message from vehicle: InterVehicleMsg{ Name= veh_5 Route= r_5 Longitude= -8.430915372985888 Latitude= 41.55413227879547 Velocity= 3.0 MsgNumber= 51 Hops= 1} (at simulation time 22.002,400,000 s)
2024-06-03 18:15:13,779 INFO  - Received V2X message from vehicle: InterVehicleMsg{ Name= veh_1 Route= r_2 Longitude= -8.430654696336571 Latitude= 41.55410216498029 Velocity= 7.541053695618453 MsgNumber= 16 Hops= -2} (at simulation time 22.002,400,000 s)
2024-06-03 18:15:13,779 INFO  - Vehicle updated! (at simulation time 22.002,400,000 s)
2024-06-03 18:15:13,779 INFO  - Message Processed! (at simulation time 22.002,400,000 s)
2024-06-03 18:15:13,779 INFO  - Received V2X message from vehicle: InterVehicleMsg{ Name= veh_1 Route= r_2 Longitude= -8.430654696336571 Latitude= 41.55410216498029 Velocity= 7.541053695618453 MsgNumber= 16 Hops= -2} (at simulation time 22.002,800,000 s)
2024-06-03 18:15:13,779 INFO  - Received V2X message from vehicle: InterVehicleMsg{ Name= veh_5 Route= r_5 Longitude= -8.430915372985888 Latitude= 41.55413227879547 Velocity= 3.0 MsgNumber= 50 Hops= 1} (at simulation time 22.002,800,000 s)
2024-06-03 18:15:13,780 INFO  - Received V2X message from vehicle: InterVehicleMsg{ Name= veh_5 Route= r_5 Longitude= -8.430915372985888 Latitude= 41.55413227879547 Velocity= 3.0 MsgNumber= 51 Hops= 1} (at simulation time 22.003,800,000 s)
2024-06-03 18:15:13,780 INFO  - Received V2X message from vehicle: InterVehicleMsg{ Name= veh_5 Route= r_5 Longitude= -8.430915372985888 Latitude= 41.55413227879547 Velocity= 3.0 MsgNumber= 52 Hops= 1} (at simulation time 22.004,800,000 s)
2024-06-03 18:15:13,785 INFO  - Received V2X message from vehicle: InterVehicleMsg{ Name= veh_5 Route= r_5 Longitude= -8.430970236447864 Latitude= 41.55413255030654 Velocity= 4.575467489869333 MsgNumber= 55 Hops= 2} (at simulation time 23.000,400,000 s)
2024-06-03 18:15:13,785 INFO  - Vehicle updated! (at simulation time 23.000,400,000 s)
2024-06-03 18:15:13,785 INFO  - Message Processed! (at simulation time 23.000,400,000 s)
2024-06-03 18:15:13,785 INFO  - Received V2X message from vehicle: InterVehicleMsg{ Name= veh_1 Route= r_2 Longitude= -8.43054612135605 Latitude= 41.5541016273357 Velocity= 9.05487074462259 MsgNumber= 17 Hops= 2} (at simulation time 23.000,400,000 s)
2024-06-03 18:15:13,785 INFO  - Vehicle updated! (at simulation time 23.000,400,000 s)
2024-06-03 18:15:13,785 INFO  - Message Processed! (at simulation time 23.000,400,000 s)
2024-06-03 18:15:13,785 INFO  - Received V2X message from vehicle: InterVehicleMsg{ Name= veh_5 Route= r_5 Longitude= -8.430970236447864 Latitude= 41.55413255030654 Velocity= 4.575467489869333 MsgNumber= 54 Hops= 2} (at simulation time 23.000,900,000 s)
2024-06-03 18:15:13,785 INFO  - Received V2X message from vehicle: InterVehicleMsg{ Name= veh_0 Route= r_0 Longitude= -8.43085236842199 Latitude= 41.55410314355515 Velocity= 4.377499926974997 MsgNumber= 8 Hops= 2} (at simulation time 23.000,900,000 s)
2024-06-03 18:15:13,785 INFO  - Vehicle updated! (at simulation time 23.000,900,000 s)
2024-06-03 18:15:13,785 INFO  - Message Processed! (at simulation time 23.000,900,000 s)
2024-06-03 18:15:13,786 INFO  - Received V2X message from vehicle: InterVehicleMsg{ Name= veh_5 Route= r_5 Longitude= -8.430970236447864 Latitude= 41.55413255030654 Velocity= 4.575467489869333 MsgNumber= 56 Hops= 2} (at simulation time 23.000,900,000 s)
2024-06-03 18:15:13,786 INFO  - Vehicle updated! (at simulation time 23.000,900,000 s)
2024-06-03 18:15:13,786 INFO  - Message Processed! (at simulation time 23.000,900,000 s)
2024-06-03 18:15:13,786 INFO  - Received V2X message from vehicle: InterVehicleMsg{ Name= veh_4 Route= r_3 Longitude= -8.430901544703179 Latitude= 41.55420636274029 Velocity= 0.0 MsgNumber= 20 Hops= 0} (at simulation time 23.001,400,000 s)
2024-06-03 18:15:13,786 INFO  - Vehicle updated! (at simulation time 23.001,400,000 s)
2024-06-03 18:15:13,786 INFO  - Message Processed! (at simulation time 23.001,400,000 s)
2024-06-03 18:15:13,786 INFO  - Received V2X message from vehicle: InterVehicleMsg{ Name= veh_5 Route= r_5 Longitude= -8.430970236447864 Latitude= 41.55413255030654 Velocity= 4.575467489869333 MsgNumber= 54 Hops= 1} (at simulation time 23.001,800,000 s)
2024-06-03 18:15:13,786 INFO  - Received V2X message from vehicle: InterVehicleMsg{ Name= veh_5 Route= r_5 Longitude= -8.430970236447864 Latitude= 41.55413255030654 Velocity= 4.575467489869333 MsgNumber= 53 Hops= 1} (at simulation time 23.001,900,000 s)
2024-06-03 18:15:13,787 INFO  - Received V2X message from vehicle: InterVehicleMsg{ Name= veh_5 Route= r_5 Longitude= -8.430970236447864 Latitude= 41.55413255030654 Velocity= 4.575467489869333 MsgNumber= 53 Hops= 1} (at simulation time 23.002,800,000 s)
2024-06-03 18:15:13,787 INFO  - Received V2X message from vehicle: InterVehicleMsg{ Name= veh_5 Route= r_5 Longitude= -8.430970236447864 Latitude= 41.55413255030654 Velocity= 4.575467489869333 MsgNumber= 56 Hops= 1} (at simulation time 23.002,800,000 s)
2024-06-03 18:15:13,787 INFO  - Received V2X message from vehicle: InterVehicleMsg{ Name= veh_1 Route= r_2 Longitude= -8.43054612135605 Latitude= 41.5541016273357 Velocity= 9.05487074462259 MsgNumber= 17 Hops= -2} (at simulation time 23.003,300,000 s)
2024-06-03 18:15:13,787 INFO  - Received V2X message from vehicle: InterVehicleMsg{ Name= veh_5 Route= r_5 Longitude= -8.430970236447864 Latitude= 41.55413255030654 Velocity= 4.575467489869333 MsgNumber= 55 Hops= 1} (at simulation time 23.003,800,000 s)
2024-06-03 18:15:13,791 INFO  - Received V2X message from vehicle: InterVehicleMsg{ Name= veh_5 Route= r_5 Longitude= -8.431051736728774 Latitude= 41.554132953590916 Velocity= 6.796907557849773 MsgNumber= 57 Hops= 1} (at simulation time 24.000,400,000 s)
2024-06-03 18:15:13,791 INFO  - Vehicle updated! (at simulation time 24.000,400,000 s)
2024-06-03 18:15:13,791 INFO  - Message Processed! (at simulation time 24.000,400,000 s)
2024-06-03 18:15:13,792 INFO  - Received V2X message from vehicle: InterVehicleMsg{ Name= veh_5 Route= r_5 Longitude= -8.431051736728774 Latitude= 41.554132953590916 Velocity= 6.796907557849773 MsgNumber= 58 Hops= 1} (at simulation time 24.000,900,000 s)
2024-06-03 18:15:13,792 INFO  - Vehicle updated! (at simulation time 24.000,900,000 s)
2024-06-03 18:15:13,792 INFO  - Message Processed! (at simulation time 24.000,900,000 s)
2024-06-03 18:15:13,792 INFO  - Received V2X message from vehicle: InterVehicleMsg{ Name= veh_4 Route= r_3 Longitude= -8.430901544703179 Latitude= 41.55420636274029 Velocity= 0.0 MsgNumber= 21 Hops= 1} (at simulation time 24.001,400,000 s)
2024-06-03 18:15:13,792 INFO  - Vehicle updated! (at simulation time 24.001,400,000 s)
2024-06-03 18:15:13,792 INFO  - Message Processed! (at simulation time 24.001,400,000 s)
2024-06-03 18:15:13,792 INFO  - Received V2X message from vehicle: InterVehicleMsg{ Name= veh_2 Route= r_1 Longitude= -8.430864776928129 Latitude= 41.55402345954364 Velocity= 0.0 MsgNumber= 8 Hops= 0} (at simulation time 24.001,400,000 s)
2024-06-03 18:15:13,792 INFO  - Vehicle updated! (at simulation time 24.001,400,000 s)
2024-06-03 18:15:13,792 INFO  - Message Processed! (at simulation time 24.001,400,000 s)
2024-06-03 18:15:13,793 INFO  - Received V2X message from vehicle: InterVehicleMsg{ Name= veh_5 Route= r_5 Longitude= -8.431051736728774 Latitude= 41.554132953590916 Velocity= 6.796907557849773 MsgNumber= 59 Hops= -1} (at simulation time 24.001,900,000 s)
2024-06-03 18:15:13,793 INFO  - Vehicle updated! (at simulation time 24.001,900,000 s)
2024-06-03 18:15:13,793 INFO  - Message Processed! (at simulation time 24.001,900,000 s)
2024-06-03 18:15:13,793 INFO  - Received V2X message from vehicle: InterVehicleMsg{ Name= veh_5 Route= r_5 Longitude= -8.431051736728774 Latitude= 41.554132953590916 Velocity= 6.796907557849773 MsgNumber= 59 Hops= -1} (at simulation time 24.002,300,000 s)
2024-06-03 18:15:13,793 INFO  - Received V2X message from vehicle: InterVehicleMsg{ Name= veh_4 Route= r_3 Longitude= -8.430901544703179 Latitude= 41.55420636274029 Velocity= 0.0 MsgNumber= 22 Hops= 1} (at simulation time 24.002,400,000 s)
2024-06-03 18:15:13,793 INFO  - Vehicle updated! (at simulation time 24.002,400,000 s)
2024-06-03 18:15:13,793 INFO  - Message Processed! (at simulation time 24.002,400,000 s)
2024-06-03 18:15:13,793 INFO  - Received V2X message from vehicle: InterVehicleMsg{ Name= veh_5 Route= r_5 Longitude= -8.431051736728774 Latitude= 41.554132953590916 Velocity= 6.796907557849773 MsgNumber= 57 Hops= -1} (at simulation time 24.002,800,000 s)
2024-06-03 18:15:13,793 INFO  - Received V2X message from vehicle: InterVehicleMsg{ Name= veh_5 Route= r_5 Longitude= -8.431051736728774 Latitude= 41.554132953590916 Velocity= 6.796907557849773 MsgNumber= 58 Hops= -1} (at simulation time 24.003,300,000 s)
2024-06-03 18:15:13,798 INFO  - Received V2X message from vehicle: InterVehicleMsg{ Name= veh_0 Route= r_0 Longitude= -8.430683103713262 Latitude= 41.55410230563181 Velocity= 8.156718250433915 MsgNumber= 9 Hops= 2} (at simulation time 25.000,400,000 s)
2024-06-03 18:15:13,798 INFO  - Vehicle updated! (at simulation time 25.000,400,000 s)
2024-06-03 18:15:13,798 INFO  - Message Processed! (at simulation time 25.000,400,000 s)
2024-06-03 18:15:13,798 INFO  - Received V2X message from vehicle: InterVehicleMsg{ Name= veh_0 Route= r_0 Longitude= -8.430683103713262 Latitude= 41.55410230563181 Velocity= 8.156718250433915 MsgNumber= 9 Hops= 1} (at simulation time 25.001,300,000 s)
2024-06-03 18:15:13,798 INFO  - Received V2X message from vehicle: InterVehicleMsg{ Name= veh_5 Route= r_5 Longitude= -8.431163782685108 Latitude= 41.55413350792885 Velocity= 9.344335755635985 MsgNumber= 61 Hops= 2} (at simulation time 25.001,400,000 s)
2024-06-03 18:15:13,798 INFO  - Vehicle updated! (at simulation time 25.001,400,000 s)
2024-06-03 18:15:13,798 INFO  - Message Processed! (at simulation time 25.001,400,000 s)
2024-06-03 18:15:13,798 INFO  - Received V2X message from vehicle: InterVehicleMsg{ Name= veh_5 Route= r_5 Longitude= -8.431163782685108 Latitude= 41.55413350792885 Velocity= 9.344335755635985 MsgNumber= 63 Hops= 0} (at simulation time 25.001,400,000 s)
2024-06-03 18:15:13,798 INFO  - Vehicle updated! (at simulation time 25.001,400,000 s)
2024-06-03 18:15:13,798 INFO  - Message Processed! (at simulation time 25.001,400,000 s)
2024-06-03 18:15:13,798 INFO  - Received V2X message from vehicle: InterVehicleMsg{ Name= veh_5 Route= r_5 Longitude= -8.431163782685108 Latitude= 41.55413350792885 Velocity= 9.344335755635985 MsgNumber= 60 Hops= 1} (at simulation time 25.001,900,000 s)
2024-06-03 18:15:13,798 INFO  - Received V2X message from vehicle: InterVehicleMsg{ Name= veh_5 Route= r_5 Longitude= -8.431163782685108 Latitude= 41.55413350792885 Velocity= 9.344335755635985 MsgNumber= 62 Hops= 1} (at simulation time 25.001,900,000 s)
2024-06-03 18:15:13,798 INFO  - Received V2X message from vehicle: InterVehicleMsg{ Name= veh_5 Route= r_5 Longitude= -8.431163782685108 Latitude= 41.55413350792885 Velocity= 9.344335755635985 MsgNumber= 63 Hops= -1} (at simulation time 25.002,300,000 s)
2024-06-03 18:15:13,799 INFO  - Received V2X message from vehicle: InterVehicleMsg{ Name= veh_4 Route= r_3 Longitude= -8.430901544703179 Latitude= 41.55420636274029 Velocity= 0.0 MsgNumber= 23 Hops= 1} (at simulation time 25.002,400,000 s)
2024-06-03 18:15:13,799 INFO  - Vehicle updated! (at simulation time 25.002,400,000 s)
2024-06-03 18:15:13,799 INFO  - Message Processed! (at simulation time 25.002,400,000 s)
2024-06-03 18:15:13,799 INFO  - Received V2X message from vehicle: InterVehicleMsg{ Name= veh_5 Route= r_5 Longitude= -8.431163782685108 Latitude= 41.55413350792885 Velocity= 9.344335755635985 MsgNumber= 60 Hops= -1} (at simulation time 25.002,800,000 s)
2024-06-03 18:15:13,799 INFO  - Received V2X message from vehicle: InterVehicleMsg{ Name= veh_5 Route= r_5 Longitude= -8.431163782685108 Latitude= 41.55413350792885 Velocity= 9.344335755635985 MsgNumber= 62 Hops= -1} (at simulation time 25.002,800,000 s)
2024-06-03 18:15:13,799 INFO  - Received V2X message from vehicle: InterVehicleMsg{ Name= veh_5 Route= r_5 Longitude= -8.431163782685108 Latitude= 41.55413350792885 Velocity= 9.344335755635985 MsgNumber= 61 Hops= 1} (at simulation time 25.002,800,000 s)
2024-06-03 18:15:13,801 INFO  - Vehicle veh_0 should start (at simulation time 26.000,000,000 s)
2024-06-03 18:15:13,802 INFO  - Received V2X message from vehicle: InterVehicleMsg{ Name= veh_4 Route= r_3 Longitude= -8.430901544703179 Latitude= 41.55420636274029 Velocity= 0.0 MsgNumber= 24 Hops= 1} (at simulation time 26.000,900,000 s)
2024-06-03 18:15:13,803 INFO  - Vehicle updated! (at simulation time 26.000,900,000 s)
2024-06-03 18:15:13,803 INFO  - Message Processed! (at simulation time 26.000,900,000 s)
2024-06-03 18:15:13,803 INFO  - Received V2X message from vehicle: InterVehicleMsg{ Name= veh_2 Route= r_1 Longitude= -8.430864776928129 Latitude= 41.55402345954364 Velocity= 0.0 MsgNumber= 9 Hops= 0} (at simulation time 26.001,400,000 s)
2024-06-03 18:15:13,803 INFO  - Vehicle updated! (at simulation time 26.001,400,000 s)
2024-06-03 18:15:13,803 INFO  - Message Processed! (at simulation time 26.001,400,000 s)
2024-06-03 18:15:13,803 INFO  - Received V2X message from vehicle: InterVehicleMsg{ Name= veh_4 Route= r_3 Longitude= -8.430901544703179 Latitude= 41.55420636274029 Velocity= 0.0 MsgNumber= 25 Hops= 1} (at simulation time 26.001,400,000 s)
2024-06-03 18:15:13,803 INFO  - Vehicle updated! (at simulation time 26.001,400,000 s)
2024-06-03 18:15:13,803 INFO  - Message Processed! (at simulation time 26.001,400,000 s)
2024-06-03 18:15:13,806 INFO  - Received V2X message from vehicle: InterVehicleMsg{ Name= veh_4 Route= r_3 Longitude= -8.430901544703179 Latitude= 41.55420636274029 Velocity= 0.0 MsgNumber= 26 Hops= 1} (at simulation time 27.000,900,000 s)
2024-06-03 18:15:13,806 INFO  - Vehicle updated! (at simulation time 27.000,900,000 s)
2024-06-03 18:15:13,806 INFO  - Message Processed! (at simulation time 27.000,900,000 s)
2024-06-03 18:15:13,813 INFO  - Received V2X message from vehicle: InterVehicleMsg{ Name= veh_4 Route= r_3 Longitude= -8.430901544703179 Latitude= 41.55420636274029 Velocity= 0.0 MsgNumber= 27 Hops= 1} (at simulation time 28.000,400,000 s)
2024-06-03 18:15:13,813 INFO  - Vehicle updated! (at simulation time 28.000,400,000 s)
2024-06-03 18:15:13,813 INFO  - Message Processed! (at simulation time 28.000,400,000 s)
2024-06-03 18:15:13,814 INFO  - Received V2X message from vehicle: InterVehicleMsg{ Name= veh_4 Route= r_3 Longitude= -8.430901544703179 Latitude= 41.55420636274029 Velocity= 0.0 MsgNumber= 28 Hops= 1} (at simulation time 28.000,900,000 s)
2024-06-03 18:15:13,814 INFO  - Vehicle updated! (at simulation time 28.000,900,000 s)
2024-06-03 18:15:13,814 INFO  - Message Processed! (at simulation time 28.000,900,000 s)
2024-06-03 18:15:13,814 INFO  - Received V2X message from vehicle: InterVehicleMsg{ Name= veh_2 Route= r_1 Longitude= -8.430864776928129 Latitude= 41.55402345954364 Velocity= 0.0 MsgNumber= 10 Hops= 1} (at simulation time 28.001,400,000 s)
2024-06-03 18:15:13,814 INFO  - Vehicle updated! (at simulation time 28.001,400,000 s)
2024-06-03 18:15:13,814 INFO  - Message Processed! (at simulation time 28.001,400,000 s)
2024-06-03 18:15:13,816 INFO  - Received V2X message from vehicle: InterVehicleMsg{ Name= veh_4 Route= r_3 Longitude= -8.430901544703179 Latitude= 41.55420636274029 Velocity= 0.0 MsgNumber= 29 Hops= 1} (at simulation time 29.001,400,000 s)
2024-06-03 18:15:13,816 INFO  - Vehicle updated! (at simulation time 29.001,400,000 s)
2024-06-03 18:15:13,816 INFO  - Message Processed! (at simulation time 29.001,400,000 s)
