2024-06-03 19:57:50,328 INFO  - Initialize Vehicle application (at simulation time 258.000,000,000 s)
2024-06-03 19:57:50,330 INFO  - Activated WLAN Module (at simulation time 258.000,000,000 s)
2024-06-03 19:57:50,330 INFO  - Called #onVehicleUpdated (at simulation time 258.000,000,000 s)
2024-06-03 19:57:50,330 INFO  - Exced velocity! Sending new CAM (at simulation time 258.000,000,000 s)
2024-06-03 19:57:50,330 INFO  - Sending out AdHoc broadcast (at simulation time 258.000,000,000 s)
2024-06-03 19:57:50,575 INFO  - Called #onVehicleUpdated (at simulation time 259.000,000,000 s)
2024-06-03 19:57:50,575 INFO  - Exced velocity! Sending new CAM (at simulation time 259.000,000,000 s)
2024-06-03 19:57:50,575 INFO  - Sending out AdHoc broadcast (at simulation time 259.000,000,000 s)
2024-06-03 19:57:50,576 INFO  - Define the name: veh_47 and route: r_5 (at simulation time 259.000,000,000 s)
2024-06-03 19:57:50,576 INFO  - Sending out AdHoc broadcast (at simulation time 259.000,000,000 s)
2024-06-03 19:57:50,824 INFO  - Called #onVehicleUpdated (at simulation time 260.000,000,000 s)
2024-06-03 19:57:50,824 INFO  - Exced velocity! Sending new CAM (at simulation time 260.000,000,000 s)
2024-06-03 19:57:50,824 INFO  - Sending out AdHoc broadcast (at simulation time 260.000,000,000 s)
2024-06-03 19:57:50,825 INFO  - Sending out AdHoc broadcast (at simulation time 260.000,000,000 s)
2024-06-03 19:57:51,074 INFO  - Called #onVehicleUpdated (at simulation time 261.000,000,000 s)
2024-06-03 19:57:51,075 INFO  - Sending out AdHoc broadcast (at simulation time 261.000,000,000 s)
2024-06-03 19:57:51,076 INFO  - Sending out AdHoc broadcast (at simulation time 261.000,000,000 s)
2024-06-03 19:57:51,080 INFO  - Recieve a message from other vehicle (at simulation time 261.000,900,000 s)
2024-06-03 19:57:51,080 INFO  - My position is not better! (at simulation time 261.000,900,000 s)
2024-06-03 19:57:51,082 INFO  - Recieve a message from other vehicle (at simulation time 261.000,900,000 s)
2024-06-03 19:57:51,082 INFO  - My position is not better! (at simulation time 261.000,900,000 s)
2024-06-03 19:57:51,082 INFO  - Recieve a message from other vehicle (at simulation time 261.001,400,000 s)
2024-06-03 19:57:51,082 INFO  - My position is not better! (at simulation time 261.001,400,000 s)
2024-06-03 19:57:51,083 INFO  - Recieve a message from other vehicle (at simulation time 261.001,800,000 s)
2024-06-03 19:57:51,083 INFO  - My position is not better! (at simulation time 261.001,800,000 s)
2024-06-03 19:57:51,084 INFO  - Recieve a message from other vehicle (at simulation time 261.001,900,000 s)
2024-06-03 19:57:51,084 INFO  - My position is not better! (at simulation time 261.001,900,000 s)
2024-06-03 19:57:51,086 INFO  - Recieve a message from other vehicle (at simulation time 261.002,800,000 s)
2024-06-03 19:57:51,086 INFO  - My position is not better! (at simulation time 261.002,800,000 s)
2024-06-03 19:57:51,323 INFO  - Called #onVehicleUpdated (at simulation time 262.000,000,000 s)
2024-06-03 19:57:51,323 INFO  - Sending out AdHoc broadcast (at simulation time 262.000,000,000 s)
2024-06-03 19:57:51,323 INFO  - Sending out AdHoc broadcast (at simulation time 262.000,000,000 s)
2024-06-03 19:57:51,325 INFO  - Recieve a message from other vehicle (at simulation time 262.000,400,000 s)
2024-06-03 19:57:51,325 INFO  - My position is not better! (at simulation time 262.000,400,000 s)
2024-06-03 19:57:51,325 INFO  - Recieve a message from other vehicle (at simulation time 262.000,900,000 s)
2024-06-03 19:57:51,325 INFO  - My position is not better! (at simulation time 262.000,900,000 s)
2024-06-03 19:57:51,325 INFO  - Recieve a message from other vehicle (at simulation time 262.000,900,000 s)
2024-06-03 19:57:51,325 INFO  - My position is not better! (at simulation time 262.000,900,000 s)
2024-06-03 19:57:51,327 INFO  - Recieve a message from other vehicle (at simulation time 262.001,900,000 s)
2024-06-03 19:57:51,327 INFO  - My position is not better! (at simulation time 262.001,900,000 s)
2024-06-03 19:57:51,328 INFO  - Recieve a message from other vehicle (at simulation time 262.002,300,000 s)
2024-06-03 19:57:51,328 INFO  - My position is not better! (at simulation time 262.002,300,000 s)
2024-06-03 19:57:51,329 INFO  - Recieve a message from other vehicle (at simulation time 262.002,800,000 s)
2024-06-03 19:57:51,329 INFO  - My position is not better! (at simulation time 262.002,800,000 s)
2024-06-03 19:57:51,571 INFO  - Called #onVehicleUpdated (at simulation time 263.000,000,000 s)
2024-06-03 19:57:51,571 INFO  - Sending out AdHoc broadcast (at simulation time 263.000,000,000 s)
2024-06-03 19:57:51,572 INFO  - Sending out AdHoc broadcast (at simulation time 263.000,000,000 s)
2024-06-03 19:57:51,573 INFO  - Recieve a message from other vehicle (at simulation time 263.000,400,000 s)
2024-06-03 19:57:51,573 INFO  - My position is not better! (at simulation time 263.000,400,000 s)
2024-06-03 19:57:51,573 INFO  - Recieve a message from other vehicle (at simulation time 263.000,400,000 s)
2024-06-03 19:57:51,573 INFO  - My position is not better! (at simulation time 263.000,400,000 s)
2024-06-03 19:57:51,574 INFO  - Recieve a message from other vehicle (at simulation time 263.000,900,000 s)
2024-06-03 19:57:51,574 INFO  - My position is not better! (at simulation time 263.000,900,000 s)
2024-06-03 19:57:51,575 INFO  - Recieve a message from other vehicle (at simulation time 263.000,900,000 s)
2024-06-03 19:57:51,575 INFO  - My position is not better! (at simulation time 263.000,900,000 s)
2024-06-03 19:57:51,575 INFO  - Recieve a message from other vehicle (at simulation time 263.001,300,000 s)
2024-06-03 19:57:51,575 INFO  - My position is not better! (at simulation time 263.001,300,000 s)
2024-06-03 19:57:51,576 INFO  - Recieve a message from other vehicle (at simulation time 263.001,400,000 s)
2024-06-03 19:57:51,576 INFO  - My position is not better! (at simulation time 263.001,400,000 s)
2024-06-03 19:57:51,576 INFO  - Recieve a message from other vehicle (at simulation time 263.001,900,000 s)
2024-06-03 19:57:51,576 INFO  - My position is not better! (at simulation time 263.001,900,000 s)
2024-06-03 19:57:51,576 INFO  - Recieve a message from other vehicle (at simulation time 263.001,900,000 s)
2024-06-03 19:57:51,576 INFO  - My position is not better! (at simulation time 263.001,900,000 s)
2024-06-03 19:57:51,576 INFO  - Recieve a message from other vehicle (at simulation time 263.001,900,000 s)
2024-06-03 19:57:51,576 INFO  - My position is not better! (at simulation time 263.001,900,000 s)
2024-06-03 19:57:51,576 INFO  - Recieve a message from other vehicle (at simulation time 263.001,900,000 s)
2024-06-03 19:57:51,576 INFO  - My position is not better! (at simulation time 263.001,900,000 s)
2024-06-03 19:57:51,577 INFO  - Recieve a message from other vehicle (at simulation time 263.002,300,000 s)
2024-06-03 19:57:51,577 INFO  - My position is not better! (at simulation time 263.002,300,000 s)
2024-06-03 19:57:51,823 INFO  - Called #onVehicleUpdated (at simulation time 264.000,000,000 s)
2024-06-03 19:57:51,823 INFO  - Sending out AdHoc broadcast (at simulation time 264.000,000,000 s)
2024-06-03 19:57:51,823 INFO  - Sending out AdHoc broadcast (at simulation time 264.000,000,000 s)
2024-06-03 19:57:51,824 INFO  - Recieve a message from other vehicle (at simulation time 264.000,400,000 s)
2024-06-03 19:57:51,824 INFO  - My position is not better! (at simulation time 264.000,400,000 s)
2024-06-03 19:57:51,826 INFO  - Recieve a message from other vehicle (at simulation time 264.000,900,000 s)
2024-06-03 19:57:51,826 INFO  - My position is not better! (at simulation time 264.000,900,000 s)
2024-06-03 19:57:51,826 INFO  - Recieve a message from other vehicle (at simulation time 264.000,900,000 s)
2024-06-03 19:57:51,826 INFO  - My position is not better! (at simulation time 264.000,900,000 s)
2024-06-03 19:57:51,827 INFO  - Recieve a message from other vehicle (at simulation time 264.001,400,000 s)
2024-06-03 19:57:51,827 INFO  - My position is not better! (at simulation time 264.001,400,000 s)
2024-06-03 19:57:51,827 INFO  - Recieve a message from other vehicle (at simulation time 264.001,400,000 s)
2024-06-03 19:57:51,827 INFO  - My position is not better! (at simulation time 264.001,400,000 s)
2024-06-03 19:57:51,827 INFO  - Recieve a message from other vehicle (at simulation time 264.001,900,000 s)
2024-06-03 19:57:51,827 INFO  - My position is not better! (at simulation time 264.001,900,000 s)
2024-06-03 19:57:52,072 INFO  - Called #onVehicleUpdated (at simulation time 265.000,000,000 s)
2024-06-03 19:57:52,072 INFO  - Sending out AdHoc broadcast (at simulation time 265.000,000,000 s)
2024-06-03 19:57:52,073 INFO  - Sending out AdHoc broadcast (at simulation time 265.000,000,000 s)
2024-06-03 19:57:52,074 INFO  - Recieve a message from other vehicle (at simulation time 265.000,400,000 s)
2024-06-03 19:57:52,074 INFO  - My position is not better! (at simulation time 265.000,400,000 s)
2024-06-03 19:57:52,075 INFO  - Recieve a message from other vehicle (at simulation time 265.000,400,000 s)
2024-06-03 19:57:52,075 INFO  - My position is not better! (at simulation time 265.000,400,000 s)
2024-06-03 19:57:52,076 INFO  - Recieve a message from other vehicle (at simulation time 265.000,900,000 s)
2024-06-03 19:57:52,076 INFO  - My position is not better! (at simulation time 265.000,900,000 s)
2024-06-03 19:57:52,077 INFO  - Recieve a message from other vehicle (at simulation time 265.001,400,000 s)
2024-06-03 19:57:52,077 INFO  - My position is not better! (at simulation time 265.001,400,000 s)
2024-06-03 19:57:52,078 INFO  - Recieve a message from other vehicle (at simulation time 265.001,900,000 s)
2024-06-03 19:57:52,078 INFO  - My position is not better! (at simulation time 265.001,900,000 s)
2024-06-03 19:57:52,078 INFO  - Recieve a message from other vehicle (at simulation time 265.002,400,000 s)
2024-06-03 19:57:52,078 INFO  - My position is not better! (at simulation time 265.002,400,000 s)
2024-06-03 19:57:52,078 INFO  - Recieve a message from other vehicle (at simulation time 265.002,400,000 s)
2024-06-03 19:57:52,078 INFO  - My position is not better! (at simulation time 265.002,400,000 s)
2024-06-03 19:57:52,078 INFO  - Recieve a message from other vehicle (at simulation time 265.002,400,000 s)
2024-06-03 19:57:52,078 INFO  - My position is not better! (at simulation time 265.002,400,000 s)
2024-06-03 19:57:52,078 INFO  - Recieve a message from other vehicle (at simulation time 265.002,400,000 s)
2024-06-03 19:57:52,078 INFO  - My position is not better! (at simulation time 265.002,400,000 s)
2024-06-03 19:57:52,323 INFO  - Called #onVehicleUpdated (at simulation time 266.000,000,000 s)
2024-06-03 19:57:52,323 INFO  - Sending out AdHoc broadcast (at simulation time 266.000,000,000 s)
2024-06-03 19:57:52,323 INFO  - Sending out AdHoc broadcast (at simulation time 266.000,000,000 s)
2024-06-03 19:57:52,325 INFO  - Recieve a message from other vehicle (at simulation time 266.000,400,000 s)
2024-06-03 19:57:52,326 INFO  - My position is not better! (at simulation time 266.000,400,000 s)
2024-06-03 19:57:52,327 INFO  - Recieve a message from other vehicle (at simulation time 266.000,900,000 s)
2024-06-03 19:57:52,327 INFO  - My position is not better! (at simulation time 266.000,900,000 s)
2024-06-03 19:57:52,327 INFO  - Recieve a message from other vehicle (at simulation time 266.001,400,000 s)
2024-06-03 19:57:52,327 INFO  - My position is not better! (at simulation time 266.001,400,000 s)
2024-06-03 19:57:52,327 INFO  - Recieve a message from other vehicle (at simulation time 266.001,400,000 s)
2024-06-03 19:57:52,327 INFO  - My position is not better! (at simulation time 266.001,400,000 s)
2024-06-03 19:57:52,329 INFO  - Recieve a message from other vehicle (at simulation time 266.002,400,000 s)
2024-06-03 19:57:52,329 INFO  - My position is not better! (at simulation time 266.002,400,000 s)
2024-06-03 19:57:52,329 INFO  - Recieve a message from other vehicle (at simulation time 266.002,400,000 s)
2024-06-03 19:57:52,329 INFO  - My position is not better! (at simulation time 266.002,400,000 s)
2024-06-03 19:57:52,571 INFO  - Called #onVehicleUpdated (at simulation time 267.000,000,000 s)
2024-06-03 19:57:52,571 INFO  - Sending out DENM broadcast (at simulation time 267.000,000,000 s)
2024-06-03 19:57:52,572 INFO  - Sending out AdHoc broadcast (at simulation time 267.000,000,000 s)
2024-06-03 19:57:52,572 INFO  - Sending out AdHoc broadcast (at simulation time 267.000,000,000 s)
2024-06-03 19:57:52,573 INFO  - Recieve a message from other vehicle (at simulation time 267.000,400,000 s)
2024-06-03 19:57:52,573 INFO  - My position is not better! (at simulation time 267.000,400,000 s)
2024-06-03 19:57:52,574 INFO  - Recieve a message from other vehicle (at simulation time 267.000,400,000 s)
2024-06-03 19:57:52,574 INFO  - My position is not better! (at simulation time 267.000,400,000 s)
2024-06-03 19:57:52,574 INFO  - Recieve a message from other vehicle (at simulation time 267.000,400,000 s)
2024-06-03 19:57:52,574 INFO  - My position is not better! (at simulation time 267.000,400,000 s)
2024-06-03 19:57:52,574 INFO  - Recieve a message from other vehicle (at simulation time 267.000,900,000 s)
2024-06-03 19:57:52,574 INFO  - My position is not better! (at simulation time 267.000,900,000 s)
2024-06-03 19:57:52,575 INFO  - Recieve a message from other vehicle (at simulation time 267.000,900,000 s)
2024-06-03 19:57:52,575 INFO  - My position is not better! (at simulation time 267.000,900,000 s)
2024-06-03 19:57:52,575 INFO  - Recieve a message from other vehicle (at simulation time 267.001,300,000 s)
2024-06-03 19:57:52,575 INFO  - DENM message Recived from veh_47 -info : seco (at simulation time 267.001,300,000 s)
2024-06-03 19:57:52,575 INFO  - No more hops in DENM message (at simulation time 267.001,300,000 s)
2024-06-03 19:57:52,577 INFO  - Recieve a message from other vehicle (at simulation time 267.001,900,000 s)
2024-06-03 19:57:52,577 INFO  - My position is not better! (at simulation time 267.001,900,000 s)
2024-06-03 19:57:52,577 INFO  - Recieve a message from other vehicle (at simulation time 267.001,900,000 s)
2024-06-03 19:57:52,577 INFO  - My position is not better! (at simulation time 267.001,900,000 s)
2024-06-03 19:57:52,578 INFO  - Recieve a message from other vehicle (at simulation time 267.001,900,000 s)
2024-06-03 19:57:52,578 INFO  - My position is not better! (at simulation time 267.001,900,000 s)
2024-06-03 19:57:52,578 INFO  - Recieve a message from other vehicle (at simulation time 267.002,400,000 s)
2024-06-03 19:57:52,578 INFO  - My position is not better! (at simulation time 267.002,400,000 s)
2024-06-03 19:57:52,823 INFO  - Called #onVehicleUpdated (at simulation time 268.000,000,000 s)
2024-06-03 19:57:52,823 INFO  - Sending out AdHoc broadcast (at simulation time 268.000,000,000 s)
2024-06-03 19:57:52,823 INFO  - Sending out AdHoc broadcast (at simulation time 268.000,000,000 s)
2024-06-03 19:57:52,827 INFO  - Recieve a message from other vehicle (at simulation time 268.000,400,000 s)
2024-06-03 19:57:52,827 INFO  - My position is not better! (at simulation time 268.000,400,000 s)
2024-06-03 19:57:52,827 INFO  - Recieve a message from other vehicle (at simulation time 268.000,400,000 s)
2024-06-03 19:57:52,827 INFO  - My position is not better! (at simulation time 268.000,400,000 s)
2024-06-03 19:57:52,829 INFO  - Recieve a message from other vehicle (at simulation time 268.000,900,000 s)
2024-06-03 19:57:52,829 INFO  - My position is not better! (at simulation time 268.000,900,000 s)
2024-06-03 19:57:52,831 INFO  - Recieve a message from other vehicle (at simulation time 268.001,400,000 s)
2024-06-03 19:57:52,831 INFO  - My position is not better! (at simulation time 268.001,400,000 s)
2024-06-03 19:57:52,832 INFO  - Recieve a message from other vehicle (at simulation time 268.001,900,000 s)
2024-06-03 19:57:52,832 INFO  - My position is not better! (at simulation time 268.001,900,000 s)
2024-06-03 19:57:52,833 INFO  - Recieve a message from other vehicle (at simulation time 268.002,400,000 s)
2024-06-03 19:57:52,833 INFO  - My position is not better! (at simulation time 268.002,400,000 s)
2024-06-03 19:57:53,072 INFO  - Called #onVehicleUpdated (at simulation time 269.000,000,000 s)
2024-06-03 19:57:53,072 INFO  - Sending out AdHoc broadcast (at simulation time 269.000,000,000 s)
2024-06-03 19:57:53,072 INFO  - Sending out AdHoc broadcast (at simulation time 269.000,000,000 s)
2024-06-03 19:57:53,073 INFO  - Recieve a message from other vehicle (at simulation time 269.000,400,000 s)
2024-06-03 19:57:53,073 INFO  - My position is not better! (at simulation time 269.000,400,000 s)
2024-06-03 19:57:53,073 INFO  - Recieve a message from other vehicle (at simulation time 269.000,400,000 s)
2024-06-03 19:57:53,073 INFO  - My position is not better! (at simulation time 269.000,400,000 s)
2024-06-03 19:57:53,074 INFO  - Recieve a message from other vehicle (at simulation time 269.000,400,000 s)
2024-06-03 19:57:53,074 INFO  - My position is not better! (at simulation time 269.000,400,000 s)
2024-06-03 19:57:53,074 INFO  - Recieve a message from other vehicle (at simulation time 269.000,400,000 s)
2024-06-03 19:57:53,074 INFO  - My position is not better! (at simulation time 269.000,400,000 s)
2024-06-03 19:57:53,075 INFO  - Recieve a message from other vehicle (at simulation time 269.000,900,000 s)
2024-06-03 19:57:53,075 INFO  - My position is not better! (at simulation time 269.000,900,000 s)
2024-06-03 19:57:53,076 INFO  - Recieve a message from other vehicle (at simulation time 269.001,400,000 s)
2024-06-03 19:57:53,076 INFO  - My position is not better! (at simulation time 269.001,400,000 s)
2024-06-03 19:57:53,077 INFO  - Recieve a message from other vehicle (at simulation time 269.002,400,000 s)
2024-06-03 19:57:53,077 INFO  - My position is not better! (at simulation time 269.002,400,000 s)
2024-06-03 19:57:53,077 INFO  - Recieve a message from other vehicle (at simulation time 269.002,400,000 s)
2024-06-03 19:57:53,077 INFO  - My position is not better! (at simulation time 269.002,400,000 s)
2024-06-03 19:57:53,077 INFO  - Recieve a message from other vehicle (at simulation time 269.002,400,000 s)
2024-06-03 19:57:53,077 INFO  - My position is not better! (at simulation time 269.002,400,000 s)
2024-06-03 19:57:53,324 INFO  - Called #onVehicleUpdated (at simulation time 270.000,000,000 s)
2024-06-03 19:57:53,324 INFO  - Sending out AdHoc broadcast (at simulation time 270.000,000,000 s)
2024-06-03 19:57:53,324 INFO  - Sending out AdHoc broadcast (at simulation time 270.000,000,000 s)
2024-06-03 19:57:53,327 INFO  - Recieve a message from other vehicle (at simulation time 270.000,400,000 s)
2024-06-03 19:57:53,327 INFO  - My position is not better! (at simulation time 270.000,400,000 s)
2024-06-03 19:57:53,329 INFO  - Recieve a message from other vehicle (at simulation time 270.000,900,000 s)
2024-06-03 19:57:53,329 INFO  - My position is not better! (at simulation time 270.000,900,000 s)
2024-06-03 19:57:53,330 INFO  - Recieve a message from other vehicle (at simulation time 270.001,400,000 s)
2024-06-03 19:57:53,330 INFO  - My position is not better! (at simulation time 270.001,400,000 s)
2024-06-03 19:57:53,331 INFO  - Recieve a message from other vehicle (at simulation time 270.001,400,000 s)
2024-06-03 19:57:53,331 INFO  - My position is not better! (at simulation time 270.001,400,000 s)
2024-06-03 19:57:53,331 INFO  - Recieve a message from other vehicle (at simulation time 270.001,400,000 s)
2024-06-03 19:57:53,331 INFO  - My position is not better! (at simulation time 270.001,400,000 s)
2024-06-03 19:57:53,333 INFO  - Recieve a message from other vehicle (at simulation time 270.002,400,000 s)
2024-06-03 19:57:53,333 INFO  - My position is not better! (at simulation time 270.002,400,000 s)
2024-06-03 19:57:53,571 INFO  - Called #onVehicleUpdated (at simulation time 271.000,000,000 s)
2024-06-03 19:57:53,571 INFO  - Sending out AdHoc broadcast (at simulation time 271.000,000,000 s)
2024-06-03 19:57:53,572 INFO  - Sending out AdHoc broadcast (at simulation time 271.000,000,000 s)
2024-06-03 19:57:53,573 INFO  - Recieve a message from other vehicle (at simulation time 271.000,400,000 s)
2024-06-03 19:57:53,573 INFO  - My position is not better! (at simulation time 271.000,400,000 s)
2024-06-03 19:57:53,574 INFO  - Recieve a message from other vehicle (at simulation time 271.000,900,000 s)
2024-06-03 19:57:53,574 INFO  - My position is not better! (at simulation time 271.000,900,000 s)
2024-06-03 19:57:53,574 INFO  - Recieve a message from other vehicle (at simulation time 271.000,900,000 s)
2024-06-03 19:57:53,574 INFO  - My position is not better! (at simulation time 271.000,900,000 s)
2024-06-03 19:57:53,574 INFO  - Recieve a message from other vehicle (at simulation time 271.001,400,000 s)
2024-06-03 19:57:53,574 INFO  - My position is not better! (at simulation time 271.001,400,000 s)
2024-06-03 19:57:53,575 INFO  - Recieve a message from other vehicle (at simulation time 271.001,900,000 s)
2024-06-03 19:57:53,575 INFO  - My position is not better! (at simulation time 271.001,900,000 s)
2024-06-03 19:57:53,576 INFO  - Recieve a message from other vehicle (at simulation time 271.001,900,000 s)
2024-06-03 19:57:53,576 INFO  - My position is not better! (at simulation time 271.001,900,000 s)
2024-06-03 19:57:53,576 INFO  - Recieve a message from other vehicle (at simulation time 271.001,900,000 s)
2024-06-03 19:57:53,576 INFO  - My position is not better! (at simulation time 271.001,900,000 s)
2024-06-03 19:57:53,578 INFO  - Recieve a message from other vehicle (at simulation time 271.002,400,000 s)
2024-06-03 19:57:53,578 INFO  - My position is not better! (at simulation time 271.002,400,000 s)
2024-06-03 19:57:53,578 INFO  - Recieve a message from other vehicle (at simulation time 271.002,400,000 s)
2024-06-03 19:57:53,578 INFO  - My position is not better! (at simulation time 271.002,400,000 s)
2024-06-03 19:57:53,823 INFO  - Called #onVehicleUpdated (at simulation time 272.000,000,000 s)
2024-06-03 19:57:53,823 INFO  - Sending out AdHoc broadcast (at simulation time 272.000,000,000 s)
2024-06-03 19:57:53,823 INFO  - Sending out AdHoc broadcast (at simulation time 272.000,000,000 s)
2024-06-03 19:57:53,827 INFO  - Recieve a message from other vehicle (at simulation time 272.001,400,000 s)
2024-06-03 19:57:53,827 INFO  - My position is not better! (at simulation time 272.001,400,000 s)
2024-06-03 19:57:53,828 INFO  - Recieve a message from other vehicle (at simulation time 272.001,900,000 s)
2024-06-03 19:57:53,828 INFO  - My position is not better! (at simulation time 272.001,900,000 s)
2024-06-03 19:57:53,828 INFO  - Recieve a message from other vehicle (at simulation time 272.001,900,000 s)
2024-06-03 19:57:53,828 INFO  - My position is not better! (at simulation time 272.001,900,000 s)
2024-06-03 19:57:53,828 INFO  - Recieve a message from other vehicle (at simulation time 272.001,900,000 s)
2024-06-03 19:57:53,828 INFO  - My position is not better! (at simulation time 272.001,900,000 s)
2024-06-03 19:57:53,829 INFO  - Recieve a message from other vehicle (at simulation time 272.002,400,000 s)
2024-06-03 19:57:53,829 INFO  - My position is not better! (at simulation time 272.002,400,000 s)
2024-06-03 19:57:53,829 INFO  - Recieve a message from other vehicle (at simulation time 272.002,400,000 s)
2024-06-03 19:57:53,829 INFO  - My position is not better! (at simulation time 272.002,400,000 s)
2024-06-03 19:57:54,073 INFO  - Called #onVehicleUpdated (at simulation time 273.000,000,000 s)
2024-06-03 19:57:54,073 INFO  - Sending out AdHoc broadcast (at simulation time 273.000,000,000 s)
2024-06-03 19:57:54,074 INFO  - Sending out AdHoc broadcast (at simulation time 273.000,000,000 s)
2024-06-03 19:57:54,075 INFO  - Recieve a message from other vehicle (at simulation time 273.000,400,000 s)
2024-06-03 19:57:54,075 INFO  - My position is not better! (at simulation time 273.000,400,000 s)
2024-06-03 19:57:54,076 INFO  - Recieve a message from other vehicle (at simulation time 273.000,400,000 s)
2024-06-03 19:57:54,076 INFO  - My position is not better! (at simulation time 273.000,400,000 s)
2024-06-03 19:57:54,077 INFO  - Recieve a message from other vehicle (at simulation time 273.000,900,000 s)
2024-06-03 19:57:54,077 INFO  - My position is not better! (at simulation time 273.000,900,000 s)
2024-06-03 19:57:54,077 INFO  - Recieve a message from other vehicle (at simulation time 273.000,900,000 s)
2024-06-03 19:57:54,077 INFO  - My position is not better! (at simulation time 273.000,900,000 s)
2024-06-03 19:57:54,077 INFO  - Recieve a message from other vehicle (at simulation time 273.001,400,000 s)
2024-06-03 19:57:54,077 INFO  - My position is not better! (at simulation time 273.001,400,000 s)
2024-06-03 19:57:54,078 INFO  - Recieve a message from other vehicle (at simulation time 273.001,900,000 s)
2024-06-03 19:57:54,078 INFO  - My position is not better! (at simulation time 273.001,900,000 s)
2024-06-03 19:57:54,078 INFO  - Recieve a message from other vehicle (at simulation time 273.001,900,000 s)
2024-06-03 19:57:54,078 INFO  - My position is not better! (at simulation time 273.001,900,000 s)
2024-06-03 19:57:54,079 INFO  - Recieve a message from other vehicle (at simulation time 273.002,400,000 s)
2024-06-03 19:57:54,079 INFO  - My position is not better! (at simulation time 273.002,400,000 s)
2024-06-03 19:57:54,079 INFO  - Recieve a message from other vehicle (at simulation time 273.002,400,000 s)
2024-06-03 19:57:54,079 INFO  - My position is not better! (at simulation time 273.002,400,000 s)
2024-06-03 19:57:54,323 INFO  - Called #onVehicleUpdated (at simulation time 274.000,000,000 s)
2024-06-03 19:57:54,323 INFO  - Sending out AdHoc broadcast (at simulation time 274.000,000,000 s)
2024-06-03 19:57:54,323 INFO  - Sending out AdHoc broadcast (at simulation time 274.000,000,000 s)
2024-06-03 19:57:54,326 INFO  - Recieve a message from other vehicle (at simulation time 274.000,900,000 s)
2024-06-03 19:57:54,326 INFO  - My position is not better! (at simulation time 274.000,900,000 s)
2024-06-03 19:57:54,327 INFO  - Recieve a message from other vehicle (at simulation time 274.001,400,000 s)
2024-06-03 19:57:54,327 INFO  - My position is not better! (at simulation time 274.001,400,000 s)
2024-06-03 19:57:54,327 INFO  - Recieve a message from other vehicle (at simulation time 274.001,400,000 s)
2024-06-03 19:57:54,327 INFO  - My position is not better! (at simulation time 274.001,400,000 s)
2024-06-03 19:57:54,327 INFO  - Recieve a message from other vehicle (at simulation time 274.001,400,000 s)
2024-06-03 19:57:54,327 INFO  - My position is not better! (at simulation time 274.001,400,000 s)
2024-06-03 19:57:54,327 INFO  - Recieve a message from other vehicle (at simulation time 274.001,400,000 s)
2024-06-03 19:57:54,327 INFO  - My position is not better! (at simulation time 274.001,400,000 s)
2024-06-03 19:57:54,327 INFO  - Recieve a message from other vehicle (at simulation time 274.001,400,000 s)
2024-06-03 19:57:54,327 INFO  - My position is not better! (at simulation time 274.001,400,000 s)
2024-06-03 19:57:54,575 INFO  - Called #onVehicleUpdated (at simulation time 275.000,000,000 s)
2024-06-03 19:57:54,575 INFO  - Sending out AdHoc broadcast (at simulation time 275.000,000,000 s)
2024-06-03 19:57:54,576 INFO  - Sending out AdHoc broadcast (at simulation time 275.000,000,000 s)
2024-06-03 19:57:54,578 INFO  - Recieve a message from other vehicle (at simulation time 275.000,400,000 s)
2024-06-03 19:57:54,578 INFO  - My position is not better! (at simulation time 275.000,400,000 s)
2024-06-03 19:57:54,579 INFO  - Recieve a message from other vehicle (at simulation time 275.000,900,000 s)
2024-06-03 19:57:54,579 INFO  - My position is not better! (at simulation time 275.000,900,000 s)
2024-06-03 19:57:54,579 INFO  - Recieve a message from other vehicle (at simulation time 275.000,900,000 s)
2024-06-03 19:57:54,579 INFO  - My position is not better! (at simulation time 275.000,900,000 s)
2024-06-03 19:57:54,579 INFO  - Recieve a message from other vehicle (at simulation time 275.001,400,000 s)
2024-06-03 19:57:54,579 INFO  - My position is not better! (at simulation time 275.001,400,000 s)
2024-06-03 19:57:54,579 INFO  - Recieve a message from other vehicle (at simulation time 275.001,400,000 s)
2024-06-03 19:57:54,579 INFO  - My position is not better! (at simulation time 275.001,400,000 s)
2024-06-03 19:57:54,580 INFO  - Recieve a message from other vehicle (at simulation time 275.001,400,000 s)
2024-06-03 19:57:54,580 INFO  - My position is not better! (at simulation time 275.001,400,000 s)
2024-06-03 19:57:54,580 INFO  - Recieve a message from other vehicle (at simulation time 275.001,900,000 s)
2024-06-03 19:57:54,580 INFO  - My position is not better! (at simulation time 275.001,900,000 s)
2024-06-03 19:57:54,581 INFO  - Recieve a message from other vehicle (at simulation time 275.002,400,000 s)
2024-06-03 19:57:54,581 INFO  - My position is not better! (at simulation time 275.002,400,000 s)
2024-06-03 19:57:54,582 INFO  - Recieve a message from other vehicle (at simulation time 275.002,400,000 s)
2024-06-03 19:57:54,582 INFO  - My position is not better! (at simulation time 275.002,400,000 s)
2024-06-03 19:57:54,823 INFO  - Called #onVehicleUpdated (at simulation time 276.000,000,000 s)
2024-06-03 19:57:54,823 INFO  - Sending out AdHoc broadcast (at simulation time 276.000,000,000 s)
2024-06-03 19:57:54,823 INFO  - Sending out AdHoc broadcast (at simulation time 276.000,000,000 s)
2024-06-03 19:57:54,829 INFO  - Recieve a message from other vehicle (at simulation time 276.000,900,000 s)
2024-06-03 19:57:54,829 INFO  - My position is not better! (at simulation time 276.000,900,000 s)
2024-06-03 19:57:54,831 INFO  - Recieve a message from other vehicle (at simulation time 276.001,400,000 s)
2024-06-03 19:57:54,831 INFO  - My position is not better! (at simulation time 276.001,400,000 s)
2024-06-03 19:57:54,831 INFO  - Recieve a message from other vehicle (at simulation time 276.001,400,000 s)
2024-06-03 19:57:54,831 INFO  - My position is not better! (at simulation time 276.001,400,000 s)
2024-06-03 19:57:54,831 INFO  - Recieve a message from other vehicle (at simulation time 276.001,400,000 s)
2024-06-03 19:57:54,831 INFO  - My position is not better! (at simulation time 276.001,400,000 s)
2024-06-03 19:57:54,833 INFO  - Recieve a message from other vehicle (at simulation time 276.001,900,000 s)
2024-06-03 19:57:54,833 INFO  - My position is not better! (at simulation time 276.001,900,000 s)
2024-06-03 19:57:54,835 INFO  - Recieve a message from other vehicle (at simulation time 276.002,400,000 s)
2024-06-03 19:57:54,835 INFO  - My position is not better! (at simulation time 276.002,400,000 s)
2024-06-03 19:57:55,073 INFO  - Called #onVehicleUpdated (at simulation time 277.000,000,000 s)
2024-06-03 19:57:55,073 INFO  - Sending out AdHoc broadcast (at simulation time 277.000,000,000 s)
2024-06-03 19:57:55,073 INFO  - Sending out AdHoc broadcast (at simulation time 277.000,000,000 s)
2024-06-03 19:57:55,076 INFO  - Recieve a message from other vehicle (at simulation time 277.000,900,000 s)
2024-06-03 19:57:55,076 INFO  - My position is not better! (at simulation time 277.000,900,000 s)
2024-06-03 19:57:55,076 INFO  - Recieve a message from other vehicle (at simulation time 277.000,900,000 s)
2024-06-03 19:57:55,076 INFO  - My position is not better! (at simulation time 277.000,900,000 s)
2024-06-03 19:57:55,077 INFO  - Recieve a message from other vehicle (at simulation time 277.001,400,000 s)
2024-06-03 19:57:55,077 INFO  - My position is not better! (at simulation time 277.001,400,000 s)
2024-06-03 19:57:55,077 INFO  - Recieve a message from other vehicle (at simulation time 277.001,400,000 s)
2024-06-03 19:57:55,077 INFO  - My position is not better! (at simulation time 277.001,400,000 s)
2024-06-03 19:57:55,078 INFO  - Recieve a message from other vehicle (at simulation time 277.001,400,000 s)
2024-06-03 19:57:55,078 INFO  - My position is not better! (at simulation time 277.001,400,000 s)
2024-06-03 19:57:55,078 INFO  - Recieve a message from other vehicle (at simulation time 277.001,400,000 s)
2024-06-03 19:57:55,078 INFO  - My position is not better! (at simulation time 277.001,400,000 s)
2024-06-03 19:57:55,078 INFO  - Recieve a message from other vehicle (at simulation time 277.001,900,000 s)
2024-06-03 19:57:55,079 INFO  - My position is not better! (at simulation time 277.001,900,000 s)
2024-06-03 19:57:55,079 INFO  - Recieve a message from other vehicle (at simulation time 277.001,900,000 s)
2024-06-03 19:57:55,079 INFO  - My position is not better! (at simulation time 277.001,900,000 s)
2024-06-03 19:57:55,080 INFO  - Recieve a message from other vehicle (at simulation time 277.002,400,000 s)
2024-06-03 19:57:55,080 INFO  - My position is not better! (at simulation time 277.002,400,000 s)
2024-06-03 19:57:55,322 INFO  - Called #onVehicleUpdated (at simulation time 278.000,000,000 s)
2024-06-03 19:57:55,322 INFO  - Sending out AdHoc broadcast (at simulation time 278.000,000,000 s)
2024-06-03 19:57:55,322 INFO  - Sending out AdHoc broadcast (at simulation time 278.000,000,000 s)
2024-06-03 19:57:55,324 INFO  - Recieve a message from other vehicle (at simulation time 278.000,400,000 s)
2024-06-03 19:57:55,324 INFO  - My position is not better! (at simulation time 278.000,400,000 s)
2024-06-03 19:57:55,324 INFO  - Recieve a message from other vehicle (at simulation time 278.000,400,000 s)
2024-06-03 19:57:55,324 INFO  - My position is not better! (at simulation time 278.000,400,000 s)
2024-06-03 19:57:55,325 INFO  - Recieve a message from other vehicle (at simulation time 278.000,900,000 s)
2024-06-03 19:57:55,325 INFO  - My position is not better! (at simulation time 278.000,900,000 s)
2024-06-03 19:57:55,326 INFO  - Recieve a message from other vehicle (at simulation time 278.001,400,000 s)
2024-06-03 19:57:55,326 INFO  - My position is not better! (at simulation time 278.001,400,000 s)
2024-06-03 19:57:55,326 INFO  - Recieve a message from other vehicle (at simulation time 278.001,400,000 s)
2024-06-03 19:57:55,326 INFO  - My position is not better! (at simulation time 278.001,400,000 s)
2024-06-03 19:57:55,328 INFO  - Recieve a message from other vehicle (at simulation time 278.002,400,000 s)
2024-06-03 19:57:55,328 INFO  - My position is not better! (at simulation time 278.002,400,000 s)
2024-06-03 19:57:55,573 INFO  - Called #onVehicleUpdated (at simulation time 279.000,000,000 s)
2024-06-03 19:57:55,573 INFO  - Sending out AdHoc broadcast (at simulation time 279.000,000,000 s)
2024-06-03 19:57:55,573 INFO  - Sending out AdHoc broadcast (at simulation time 279.000,000,000 s)
2024-06-03 19:57:55,574 INFO  - Recieve a message from other vehicle (at simulation time 279.000,400,000 s)
2024-06-03 19:57:55,574 INFO  - My position is not better! (at simulation time 279.000,400,000 s)
2024-06-03 19:57:55,575 INFO  - Recieve a message from other vehicle (at simulation time 279.000,400,000 s)
2024-06-03 19:57:55,575 INFO  - My position is not better! (at simulation time 279.000,400,000 s)
2024-06-03 19:57:55,575 INFO  - Recieve a message from other vehicle (at simulation time 279.000,400,000 s)
2024-06-03 19:57:55,575 INFO  - My position is not better! (at simulation time 279.000,400,000 s)
2024-06-03 19:57:55,576 INFO  - Recieve a message from other vehicle (at simulation time 279.000,900,000 s)
2024-06-03 19:57:55,576 INFO  - My position is not better! (at simulation time 279.000,900,000 s)
2024-06-03 19:57:55,577 INFO  - Recieve a message from other vehicle (at simulation time 279.001,400,000 s)
2024-06-03 19:57:55,577 INFO  - My position is not better! (at simulation time 279.001,400,000 s)
2024-06-03 19:57:55,577 INFO  - Recieve a message from other vehicle (at simulation time 279.001,400,000 s)
2024-06-03 19:57:55,577 INFO  - My position is not better! (at simulation time 279.001,400,000 s)
2024-06-03 19:57:55,578 INFO  - Recieve a message from other vehicle (at simulation time 279.002,400,000 s)
2024-06-03 19:57:55,578 INFO  - My position is not better! (at simulation time 279.002,400,000 s)
2024-06-03 19:57:55,578 INFO  - Recieve a message from other vehicle (at simulation time 279.002,400,000 s)
2024-06-03 19:57:55,578 INFO  - My position is not better! (at simulation time 279.002,400,000 s)
2024-06-03 19:57:55,579 INFO  - Recieve a message from other vehicle (at simulation time 279.002,400,000 s)
2024-06-03 19:57:55,579 INFO  - My position is not better! (at simulation time 279.002,400,000 s)
2024-06-03 19:57:55,825 INFO  - Called #onVehicleUpdated (at simulation time 280.000,000,000 s)
2024-06-03 19:57:55,826 INFO  - Sending out AdHoc broadcast (at simulation time 280.000,000,000 s)
2024-06-03 19:57:55,826 INFO  - Sending out AdHoc broadcast (at simulation time 280.000,000,000 s)
2024-06-03 19:57:55,829 INFO  - Recieve a message from other vehicle (at simulation time 280.000,900,000 s)
2024-06-03 19:57:55,829 INFO  - My position is not better! (at simulation time 280.000,900,000 s)
2024-06-03 19:57:55,829 INFO  - Recieve a message from other vehicle (at simulation time 280.000,900,000 s)
2024-06-03 19:57:55,829 INFO  - My position is not better! (at simulation time 280.000,900,000 s)
2024-06-03 19:57:55,829 INFO  - Recieve a message from other vehicle (at simulation time 280.000,900,000 s)
2024-06-03 19:57:55,829 INFO  - My position is not better! (at simulation time 280.000,900,000 s)
2024-06-03 19:57:55,830 INFO  - Recieve a message from other vehicle (at simulation time 280.001,400,000 s)
2024-06-03 19:57:55,830 INFO  - My position is not better! (at simulation time 280.001,400,000 s)
2024-06-03 19:57:55,830 INFO  - Recieve a message from other vehicle (at simulation time 280.001,400,000 s)
2024-06-03 19:57:55,830 INFO  - My position is not better! (at simulation time 280.001,400,000 s)
2024-06-03 19:57:55,830 INFO  - Recieve a message from other vehicle (at simulation time 280.001,400,000 s)
2024-06-03 19:57:55,831 INFO  - My position is not better! (at simulation time 280.001,400,000 s)
2024-06-03 19:57:56,071 INFO  - Called #onVehicleUpdated (at simulation time 281.000,000,000 s)
2024-06-03 19:57:56,071 INFO  - Sending out AdHoc broadcast (at simulation time 281.000,000,000 s)
2024-06-03 19:57:56,072 INFO  - Sending out AdHoc broadcast (at simulation time 281.000,000,000 s)
2024-06-03 19:57:56,074 INFO  - Recieve a message from other vehicle (at simulation time 281.000,400,000 s)
2024-06-03 19:57:56,074 INFO  - My position is not better! (at simulation time 281.000,400,000 s)
2024-06-03 19:57:56,074 INFO  - Recieve a message from other vehicle (at simulation time 281.000,400,000 s)
2024-06-03 19:57:56,074 INFO  - My position is not better! (at simulation time 281.000,400,000 s)
2024-06-03 19:57:56,074 INFO  - Recieve a message from other vehicle (at simulation time 281.000,900,000 s)
2024-06-03 19:57:56,074 INFO  - My position is not better! (at simulation time 281.000,900,000 s)
2024-06-03 19:57:56,075 INFO  - Recieve a message from other vehicle (at simulation time 281.000,900,000 s)
2024-06-03 19:57:56,075 INFO  - My position is not better! (at simulation time 281.000,900,000 s)
2024-06-03 19:57:56,075 INFO  - Recieve a message from other vehicle (at simulation time 281.001,400,000 s)
2024-06-03 19:57:56,075 INFO  - My position is not better! (at simulation time 281.001,400,000 s)
2024-06-03 19:57:56,076 INFO  - Recieve a message from other vehicle (at simulation time 281.001,400,000 s)
2024-06-03 19:57:56,076 INFO  - My position is not better! (at simulation time 281.001,400,000 s)
2024-06-03 19:57:56,077 INFO  - Recieve a message from other vehicle (at simulation time 281.001,900,000 s)
2024-06-03 19:57:56,077 INFO  - My position is not better! (at simulation time 281.001,900,000 s)
2024-06-03 19:57:56,077 INFO  - Recieve a message from other vehicle (at simulation time 281.001,900,000 s)
2024-06-03 19:57:56,077 INFO  - My position is not better! (at simulation time 281.001,900,000 s)
2024-06-03 19:57:56,078 INFO  - Recieve a message from other vehicle (at simulation time 281.001,900,000 s)
2024-06-03 19:57:56,078 INFO  - My position is not better! (at simulation time 281.001,900,000 s)
2024-06-03 19:57:56,323 INFO  - Called #onVehicleUpdated (at simulation time 282.000,000,000 s)
2024-06-03 19:57:56,323 INFO  - Sending out AdHoc broadcast (at simulation time 282.000,000,000 s)
2024-06-03 19:57:56,323 INFO  - Sending out AdHoc broadcast (at simulation time 282.000,000,000 s)
2024-06-03 19:57:56,326 INFO  - Recieve a message from other vehicle (at simulation time 282.000,900,000 s)
2024-06-03 19:57:56,326 INFO  - My position is not better! (at simulation time 282.000,900,000 s)
2024-06-03 19:57:56,327 INFO  - Recieve a message from other vehicle (at simulation time 282.001,400,000 s)
2024-06-03 19:57:56,327 INFO  - My position is not better! (at simulation time 282.001,400,000 s)
2024-06-03 19:57:56,327 INFO  - Recieve a message from other vehicle (at simulation time 282.001,400,000 s)
2024-06-03 19:57:56,327 INFO  - My position is not better! (at simulation time 282.001,400,000 s)
2024-06-03 19:57:56,328 INFO  - Recieve a message from other vehicle (at simulation time 282.002,400,000 s)
2024-06-03 19:57:56,328 INFO  - My position is not better! (at simulation time 282.002,400,000 s)
2024-06-03 19:57:56,328 INFO  - Recieve a message from other vehicle (at simulation time 282.002,400,000 s)
2024-06-03 19:57:56,328 INFO  - My position is not better! (at simulation time 282.002,400,000 s)
2024-06-03 19:57:56,328 INFO  - Recieve a message from other vehicle (at simulation time 282.002,400,000 s)
2024-06-03 19:57:56,328 INFO  - My position is not better! (at simulation time 282.002,400,000 s)
2024-06-03 19:57:56,573 INFO  - Called #onVehicleUpdated (at simulation time 283.000,000,000 s)
2024-06-03 19:57:56,573 INFO  - Sending out AdHoc broadcast (at simulation time 283.000,000,000 s)
2024-06-03 19:57:56,574 INFO  - Sending out AdHoc broadcast (at simulation time 283.000,000,000 s)
2024-06-03 19:57:56,576 INFO  - Recieve a message from other vehicle (at simulation time 283.000,900,000 s)
2024-06-03 19:57:56,576 INFO  - My position is not better! (at simulation time 283.000,900,000 s)
2024-06-03 19:57:56,577 INFO  - Recieve a message from other vehicle (at simulation time 283.000,900,000 s)
2024-06-03 19:57:56,577 INFO  - My position is not better! (at simulation time 283.000,900,000 s)
2024-06-03 19:57:56,577 INFO  - Recieve a message from other vehicle (at simulation time 283.000,900,000 s)
2024-06-03 19:57:56,577 INFO  - My position is not better! (at simulation time 283.000,900,000 s)
2024-06-03 19:57:56,578 INFO  - Recieve a message from other vehicle (at simulation time 283.001,400,000 s)
2024-06-03 19:57:56,578 INFO  - My position is not better! (at simulation time 283.001,400,000 s)
2024-06-03 19:57:56,578 INFO  - Recieve a message from other vehicle (at simulation time 283.001,400,000 s)
2024-06-03 19:57:56,578 INFO  - My position is not better! (at simulation time 283.001,400,000 s)
2024-06-03 19:57:56,579 INFO  - Recieve a message from other vehicle (at simulation time 283.001,400,000 s)
2024-06-03 19:57:56,579 INFO  - My position is not better! (at simulation time 283.001,400,000 s)
2024-06-03 19:57:56,580 INFO  - Recieve a message from other vehicle (at simulation time 283.001,900,000 s)
2024-06-03 19:57:56,580 INFO  - My position is not better! (at simulation time 283.001,900,000 s)
2024-06-03 19:57:56,581 INFO  - Recieve a message from other vehicle (at simulation time 283.002,400,000 s)
2024-06-03 19:57:56,581 INFO  - My position is not better! (at simulation time 283.002,400,000 s)
2024-06-03 19:57:56,582 INFO  - Recieve a message from other vehicle (at simulation time 283.002,400,000 s)
2024-06-03 19:57:56,582 INFO  - My position is not better! (at simulation time 283.002,400,000 s)
2024-06-03 19:57:56,823 INFO  - Called #onVehicleUpdated (at simulation time 284.000,000,000 s)
2024-06-03 19:57:56,823 INFO  - Sending out AdHoc broadcast (at simulation time 284.000,000,000 s)
2024-06-03 19:57:56,823 INFO  - Sending out AdHoc broadcast (at simulation time 284.000,000,000 s)
2024-06-03 19:57:56,825 INFO  - Recieve a message from other vehicle (at simulation time 284.000,400,000 s)
2024-06-03 19:57:56,825 INFO  - My position is not better! (at simulation time 284.000,400,000 s)
2024-06-03 19:57:56,829 INFO  - Recieve a message from other vehicle (at simulation time 284.001,400,000 s)
2024-06-03 19:57:56,829 INFO  - My position is not better! (at simulation time 284.001,400,000 s)
2024-06-03 19:57:56,829 INFO  - Recieve a message from other vehicle (at simulation time 284.001,400,000 s)
2024-06-03 19:57:56,829 INFO  - My position is not better! (at simulation time 284.001,400,000 s)
2024-06-03 19:57:56,830 INFO  - Recieve a message from other vehicle (at simulation time 284.001,900,000 s)
2024-06-03 19:57:56,830 INFO  - My position is not better! (at simulation time 284.001,900,000 s)
2024-06-03 19:57:56,830 INFO  - Recieve a message from other vehicle (at simulation time 284.001,900,000 s)
2024-06-03 19:57:56,830 INFO  - My position is not better! (at simulation time 284.001,900,000 s)
2024-06-03 19:57:56,830 INFO  - Recieve a message from other vehicle (at simulation time 284.001,900,000 s)
2024-06-03 19:57:56,830 INFO  - My position is not better! (at simulation time 284.001,900,000 s)
2024-06-03 19:57:57,076 INFO  - Called #onVehicleUpdated (at simulation time 285.000,000,000 s)
2024-06-03 19:57:57,076 INFO  - Sending out AdHoc broadcast (at simulation time 285.000,000,000 s)
2024-06-03 19:57:57,077 INFO  - Sending out AdHoc broadcast (at simulation time 285.000,000,000 s)
2024-06-03 19:57:57,079 INFO  - Recieve a message from other vehicle (at simulation time 285.000,400,000 s)
2024-06-03 19:57:57,079 INFO  - My position is not better! (at simulation time 285.000,400,000 s)
2024-06-03 19:57:57,079 INFO  - Recieve a message from other vehicle (at simulation time 285.000,400,000 s)
2024-06-03 19:57:57,079 INFO  - My position is not better! (at simulation time 285.000,400,000 s)
2024-06-03 19:57:57,080 INFO  - Recieve a message from other vehicle (at simulation time 285.000,900,000 s)
2024-06-03 19:57:57,080 INFO  - My position is not better! (at simulation time 285.000,900,000 s)
2024-06-03 19:57:57,080 INFO  - Recieve a message from other vehicle (at simulation time 285.000,900,000 s)
2024-06-03 19:57:57,080 INFO  - My position is not better! (at simulation time 285.000,900,000 s)
2024-06-03 19:57:57,080 INFO  - Recieve a message from other vehicle (at simulation time 285.000,900,000 s)
2024-06-03 19:57:57,080 INFO  - My position is not better! (at simulation time 285.000,900,000 s)
2024-06-03 19:57:57,082 INFO  - Recieve a message from other vehicle (at simulation time 285.001,400,000 s)
2024-06-03 19:57:57,082 INFO  - My position is not better! (at simulation time 285.001,400,000 s)
2024-06-03 19:57:57,082 INFO  - Recieve a message from other vehicle (at simulation time 285.001,400,000 s)
2024-06-03 19:57:57,082 INFO  - My position is not better! (at simulation time 285.001,400,000 s)
2024-06-03 19:57:57,085 INFO  - Recieve a message from other vehicle (at simulation time 285.001,900,000 s)
2024-06-03 19:57:57,085 INFO  - My position is not better! (at simulation time 285.001,900,000 s)
2024-06-03 19:57:57,088 INFO  - Recieve a message from other vehicle (at simulation time 285.002,400,000 s)
2024-06-03 19:57:57,088 INFO  - My position is not better! (at simulation time 285.002,400,000 s)
2024-06-03 19:57:57,324 INFO  - Called #onVehicleUpdated (at simulation time 286.000,000,000 s)
2024-06-03 19:57:57,324 INFO  - Sending out AdHoc broadcast (at simulation time 286.000,000,000 s)
2024-06-03 19:57:57,324 INFO  - Sending out AdHoc broadcast (at simulation time 286.000,000,000 s)
2024-06-03 19:57:57,325 INFO  - Recieve a message from other vehicle (at simulation time 286.000,400,000 s)
2024-06-03 19:57:57,325 INFO  - My position is not better! (at simulation time 286.000,400,000 s)
2024-06-03 19:57:57,326 INFO  - Recieve a message from other vehicle (at simulation time 286.000,400,000 s)
2024-06-03 19:57:57,326 INFO  - My position is not better! (at simulation time 286.000,400,000 s)
2024-06-03 19:57:57,327 INFO  - Recieve a message from other vehicle (at simulation time 286.000,900,000 s)
2024-06-03 19:57:57,327 INFO  - My position is not better! (at simulation time 286.000,900,000 s)
2024-06-03 19:57:57,328 INFO  - Recieve a message from other vehicle (at simulation time 286.001,400,000 s)
2024-06-03 19:57:57,328 INFO  - My position is not better! (at simulation time 286.001,400,000 s)
2024-06-03 19:57:57,328 INFO  - Recieve a message from other vehicle (at simulation time 286.001,400,000 s)
2024-06-03 19:57:57,328 INFO  - My position is not better! (at simulation time 286.001,400,000 s)
2024-06-03 19:57:57,331 INFO  - Recieve a message from other vehicle (at simulation time 286.002,400,000 s)
2024-06-03 19:57:57,331 INFO  - My position is not better! (at simulation time 286.002,400,000 s)
2024-06-03 19:57:57,574 INFO  - Called #onVehicleUpdated (at simulation time 287.000,000,000 s)
2024-06-03 19:57:57,574 INFO  - Sending out AdHoc broadcast (at simulation time 287.000,000,000 s)
2024-06-03 19:57:57,575 INFO  - Sending out AdHoc broadcast (at simulation time 287.000,000,000 s)
2024-06-03 19:57:57,577 INFO  - Recieve a message from other vehicle (at simulation time 287.000,400,000 s)
2024-06-03 19:57:57,577 INFO  - My position is not better! (at simulation time 287.000,400,000 s)
2024-06-03 19:57:57,578 INFO  - Recieve a message from other vehicle (at simulation time 287.000,900,000 s)
2024-06-03 19:57:57,578 INFO  - My position is not better! (at simulation time 287.000,900,000 s)
2024-06-03 19:57:57,579 INFO  - Recieve a message from other vehicle (at simulation time 287.000,900,000 s)
2024-06-03 19:57:57,579 INFO  - My position is not better! (at simulation time 287.000,900,000 s)
2024-06-03 19:57:57,579 INFO  - Recieve a message from other vehicle (at simulation time 287.001,400,000 s)
2024-06-03 19:57:57,579 INFO  - My position is not better! (at simulation time 287.001,400,000 s)
2024-06-03 19:57:57,579 INFO  - Recieve a message from other vehicle (at simulation time 287.001,400,000 s)
2024-06-03 19:57:57,579 INFO  - My position is not better! (at simulation time 287.001,400,000 s)
2024-06-03 19:57:57,580 INFO  - Recieve a message from other vehicle (at simulation time 287.001,900,000 s)
2024-06-03 19:57:57,580 INFO  - My position is not better! (at simulation time 287.001,900,000 s)
2024-06-03 19:57:57,582 INFO  - Recieve a message from other vehicle (at simulation time 287.001,900,000 s)
2024-06-03 19:57:57,582 INFO  - My position is not better! (at simulation time 287.001,900,000 s)
2024-06-03 19:57:57,582 INFO  - Recieve a message from other vehicle (at simulation time 287.001,900,000 s)
2024-06-03 19:57:57,582 INFO  - My position is not better! (at simulation time 287.001,900,000 s)
2024-06-03 19:57:57,583 INFO  - Recieve a message from other vehicle (at simulation time 287.002,400,000 s)
2024-06-03 19:57:57,583 INFO  - My position is not better! (at simulation time 287.002,400,000 s)
2024-06-03 19:57:57,824 INFO  - Called #onVehicleUpdated (at simulation time 288.000,000,000 s)
2024-06-03 19:57:57,824 INFO  - Sending out AdHoc broadcast (at simulation time 288.000,000,000 s)
2024-06-03 19:57:57,824 INFO  - Sending out AdHoc broadcast (at simulation time 288.000,000,000 s)
2024-06-03 19:57:57,826 INFO  - Recieve a message from other vehicle (at simulation time 288.000,400,000 s)
2024-06-03 19:57:57,826 INFO  - My position is not better! (at simulation time 288.000,400,000 s)
2024-06-03 19:57:57,827 INFO  - Recieve a message from other vehicle (at simulation time 288.000,400,000 s)
2024-06-03 19:57:57,827 INFO  - My position is not better! (at simulation time 288.000,400,000 s)
2024-06-03 19:57:57,829 INFO  - Recieve a message from other vehicle (at simulation time 288.000,900,000 s)
2024-06-03 19:57:57,829 INFO  - My position is not better! (at simulation time 288.000,900,000 s)
2024-06-03 19:57:57,829 INFO  - Recieve a message from other vehicle (at simulation time 288.000,900,000 s)
2024-06-03 19:57:57,829 INFO  - My position is not better! (at simulation time 288.000,900,000 s)
2024-06-03 19:57:57,831 INFO  - Recieve a message from other vehicle (at simulation time 288.001,400,000 s)
2024-06-03 19:57:57,831 INFO  - My position is not better! (at simulation time 288.001,400,000 s)
2024-06-03 19:57:57,836 INFO  - Recieve a message from other vehicle (at simulation time 288.002,400,000 s)
2024-06-03 19:57:57,836 INFO  - My position is not better! (at simulation time 288.002,400,000 s)
2024-06-03 19:57:58,074 INFO  - Called #onVehicleUpdated (at simulation time 289.000,000,000 s)
2024-06-03 19:57:58,074 INFO  - Sending out AdHoc broadcast (at simulation time 289.000,000,000 s)
2024-06-03 19:57:58,075 INFO  - Sending out AdHoc broadcast (at simulation time 289.000,000,000 s)
2024-06-03 19:57:58,076 INFO  - Recieve a message from other vehicle (at simulation time 289.000,400,000 s)
2024-06-03 19:57:58,076 INFO  - My position is not better! (at simulation time 289.000,400,000 s)
2024-06-03 19:57:58,076 INFO  - Recieve a message from other vehicle (at simulation time 289.000,400,000 s)
2024-06-03 19:57:58,076 INFO  - My position is not better! (at simulation time 289.000,400,000 s)
2024-06-03 19:57:58,078 INFO  - Recieve a message from other vehicle (at simulation time 289.000,900,000 s)
2024-06-03 19:57:58,078 INFO  - My position is not better! (at simulation time 289.000,900,000 s)
2024-06-03 19:57:58,080 INFO  - Recieve a message from other vehicle (at simulation time 289.001,400,000 s)
2024-06-03 19:57:58,080 INFO  - My position is not better! (at simulation time 289.001,400,000 s)
2024-06-03 19:57:58,082 INFO  - Recieve a message from other vehicle (at simulation time 289.001,400,000 s)
2024-06-03 19:57:58,082 INFO  - My position is not better! (at simulation time 289.001,400,000 s)
2024-06-03 19:57:58,082 INFO  - Recieve a message from other vehicle (at simulation time 289.001,400,000 s)
2024-06-03 19:57:58,082 INFO  - My position is not better! (at simulation time 289.001,400,000 s)
2024-06-03 19:57:58,083 INFO  - Recieve a message from other vehicle (at simulation time 289.001,900,000 s)
2024-06-03 19:57:58,083 INFO  - My position is not better! (at simulation time 289.001,900,000 s)
2024-06-03 19:57:58,085 INFO  - Recieve a message from other vehicle (at simulation time 289.001,900,000 s)
2024-06-03 19:57:58,085 INFO  - My position is not better! (at simulation time 289.001,900,000 s)
2024-06-03 19:57:58,087 INFO  - Recieve a message from other vehicle (at simulation time 289.002,400,000 s)
2024-06-03 19:57:58,087 INFO  - My position is not better! (at simulation time 289.002,400,000 s)
2024-06-03 19:57:58,325 INFO  - Called #onVehicleUpdated (at simulation time 290.000,000,000 s)
2024-06-03 19:57:58,325 INFO  - Sending out AdHoc broadcast (at simulation time 290.000,000,000 s)
2024-06-03 19:57:58,325 INFO  - Sending out AdHoc broadcast (at simulation time 290.000,000,000 s)
2024-06-03 19:57:58,327 INFO  - Recieve a message from other vehicle (at simulation time 290.000,400,000 s)
2024-06-03 19:57:58,327 INFO  - My position is not better! (at simulation time 290.000,400,000 s)
2024-06-03 19:57:58,329 INFO  - Recieve a message from other vehicle (at simulation time 290.000,900,000 s)
2024-06-03 19:57:58,329 INFO  - My position is not better! (at simulation time 290.000,900,000 s)
2024-06-03 19:57:58,329 INFO  - Recieve a message from other vehicle (at simulation time 290.000,900,000 s)
2024-06-03 19:57:58,329 INFO  - My position is not better! (at simulation time 290.000,900,000 s)
2024-06-03 19:57:58,332 INFO  - Recieve a message from other vehicle (at simulation time 290.001,900,000 s)
2024-06-03 19:57:58,332 INFO  - My position is not better! (at simulation time 290.001,900,000 s)
2024-06-03 19:57:58,332 INFO  - Recieve a message from other vehicle (at simulation time 290.001,900,000 s)
2024-06-03 19:57:58,332 INFO  - My position is not better! (at simulation time 290.001,900,000 s)
2024-06-03 19:57:58,334 INFO  - Recieve a message from other vehicle (at simulation time 290.002,400,000 s)
2024-06-03 19:57:58,334 INFO  - My position is not better! (at simulation time 290.002,400,000 s)
2024-06-03 19:57:58,575 INFO  - Called #onVehicleUpdated (at simulation time 291.000,000,000 s)
2024-06-03 19:57:58,575 INFO  - Sending out AdHoc broadcast (at simulation time 291.000,000,000 s)
2024-06-03 19:57:58,575 INFO  - Sending out AdHoc broadcast (at simulation time 291.000,000,000 s)
2024-06-03 19:57:58,579 INFO  - Recieve a message from other vehicle (at simulation time 291.000,900,000 s)
2024-06-03 19:57:58,579 INFO  - My position is not better! (at simulation time 291.000,900,000 s)
2024-06-03 19:57:58,580 INFO  - Recieve a message from other vehicle (at simulation time 291.000,900,000 s)
2024-06-03 19:57:58,580 INFO  - My position is not better! (at simulation time 291.000,900,000 s)
2024-06-03 19:57:58,580 INFO  - Recieve a message from other vehicle (at simulation time 291.000,900,000 s)
2024-06-03 19:57:58,580 INFO  - My position is not better! (at simulation time 291.000,900,000 s)
2024-06-03 19:57:58,581 INFO  - Recieve a message from other vehicle (at simulation time 291.001,400,000 s)
2024-06-03 19:57:58,581 INFO  - My position is not better! (at simulation time 291.001,400,000 s)
2024-06-03 19:57:58,582 INFO  - Recieve a message from other vehicle (at simulation time 291.001,400,000 s)
2024-06-03 19:57:58,582 INFO  - My position is not better! (at simulation time 291.001,400,000 s)
2024-06-03 19:57:58,585 INFO  - Recieve a message from other vehicle (at simulation time 291.002,400,000 s)
2024-06-03 19:57:58,585 INFO  - My position is not better! (at simulation time 291.002,400,000 s)
2024-06-03 19:57:58,585 INFO  - Recieve a message from other vehicle (at simulation time 291.002,400,000 s)
2024-06-03 19:57:58,585 INFO  - My position is not better! (at simulation time 291.002,400,000 s)
2024-06-03 19:57:58,585 INFO  - Recieve a message from other vehicle (at simulation time 291.002,400,000 s)
2024-06-03 19:57:58,585 INFO  - My position is not better! (at simulation time 291.002,400,000 s)
2024-06-03 19:57:58,586 INFO  - Recieve a message from other vehicle (at simulation time 291.002,400,000 s)
2024-06-03 19:57:58,586 INFO  - My position is not better! (at simulation time 291.002,400,000 s)
