2024-06-03 19:54:38,217 INFO  - Initialize Vehicle application (at simulation time 78.000,000,000 s)
2024-06-03 19:54:38,219 INFO  - Activated WLAN Module (at simulation time 78.000,000,000 s)
2024-06-03 19:54:38,226 INFO  - Called #onVehicleUpdated (at simulation time 78.000,000,000 s)
2024-06-03 19:54:38,231 INFO  - Called #onVehicleUpdated (at simulation time 79.000,000,000 s)
2024-06-03 19:54:38,232 INFO  - Define the name: veh_12 and route: r_0 (at simulation time 79.000,000,000 s)
2024-06-03 19:54:38,232 INFO  - Sending out AdHoc broadcast (at simulation time 79.000,000,000 s)
2024-06-03 19:54:38,236 INFO  - Called #onVehicleUpdated (at simulation time 80.000,000,000 s)
2024-06-03 19:54:38,239 INFO  - Called #onVehicleUpdated (at simulation time 81.000,000,000 s)
2024-06-03 19:54:38,239 INFO  - Sending out AdHoc broadcast (at simulation time 81.000,000,000 s)
2024-06-03 19:54:38,241 INFO  - Called #onVehicleUpdated (at simulation time 82.000,000,000 s)
2024-06-03 19:54:38,243 INFO  - Called #onVehicleUpdated (at simulation time 83.000,000,000 s)
2024-06-03 19:54:38,243 INFO  - Sending out AdHoc broadcast (at simulation time 83.000,000,000 s)
2024-06-03 19:54:38,246 INFO  - Called #onVehicleUpdated (at simulation time 84.000,000,000 s)
2024-06-03 19:54:38,251 INFO  - Called #onVehicleUpdated (at simulation time 85.000,000,000 s)
2024-06-03 19:54:38,251 INFO  - Sending out AdHoc broadcast (at simulation time 85.000,000,000 s)
2024-06-03 19:54:38,252 INFO  - Recieve a message from other vehicle (at simulation time 85.000,400,000 s)
2024-06-03 19:54:38,252 INFO  - My position is not better! (at simulation time 85.000,400,000 s)
2024-06-03 19:54:38,252 INFO  - Recieve a message from other vehicle (at simulation time 85.000,900,000 s)
2024-06-03 19:54:38,252 INFO  - My position is not better! (at simulation time 85.000,900,000 s)
2024-06-03 19:54:38,252 INFO  - Recieve a message from other vehicle (at simulation time 85.001,400,000 s)
2024-06-03 19:54:38,252 INFO  - My position is not better! (at simulation time 85.001,400,000 s)
2024-06-03 19:54:38,253 INFO  - Recieve a message from other vehicle (at simulation time 85.003,300,000 s)
2024-06-03 19:54:38,253 INFO  - My position is not better! (at simulation time 85.003,300,000 s)
2024-06-03 19:54:38,254 INFO  - Called #onVehicleUpdated (at simulation time 86.000,000,000 s)
2024-06-03 19:54:38,255 INFO  - Recieve a message from other vehicle (at simulation time 86.000,400,000 s)
2024-06-03 19:54:38,255 INFO  - My position is not better! (at simulation time 86.000,400,000 s)
2024-06-03 19:54:38,255 INFO  - Recieve a message from other vehicle (at simulation time 86.000,400,000 s)
2024-06-03 19:54:38,255 INFO  - My position is not better! (at simulation time 86.000,400,000 s)
2024-06-03 19:54:38,255 INFO  - Recieve a message from other vehicle (at simulation time 86.000,400,000 s)
2024-06-03 19:54:38,255 INFO  - Recending a message from other vehicle (at simulation time 86.000,400,000 s)
2024-06-03 19:54:38,255 INFO  - Recieve a message from other vehicle (at simulation time 86.000,800,000 s)
2024-06-03 19:54:38,255 INFO  - I'm in better position but no more hops in message (at simulation time 86.000,800,000 s)
2024-06-03 19:54:38,256 INFO  - Recieve a message from other vehicle (at simulation time 86.001,300,000 s)
2024-06-03 19:54:38,256 INFO  - My position is not better! (at simulation time 86.001,300,000 s)
2024-06-03 19:54:38,256 INFO  - Recieve a message from other vehicle (at simulation time 86.001,300,000 s)
2024-06-03 19:54:38,256 INFO  - My position is not better! (at simulation time 86.001,300,000 s)
2024-06-03 19:54:38,256 INFO  - Recieve a message from other vehicle (at simulation time 86.001,400,000 s)
2024-06-03 19:54:38,256 INFO  - My position is not better! (at simulation time 86.001,400,000 s)
2024-06-03 19:54:38,256 INFO  - Recieve a message from other vehicle (at simulation time 86.001,400,000 s)
2024-06-03 19:54:38,256 INFO  - My position is not better! (at simulation time 86.001,400,000 s)
2024-06-03 19:54:38,256 INFO  - Recieve a message from other vehicle (at simulation time 86.001,400,000 s)
2024-06-03 19:54:38,256 INFO  - I'm in better position but no more hops in message (at simulation time 86.001,400,000 s)
2024-06-03 19:54:38,256 INFO  - Recieve a message from other vehicle (at simulation time 86.001,800,000 s)
2024-06-03 19:54:38,256 INFO  - My position is not better! (at simulation time 86.001,800,000 s)
2024-06-03 19:54:38,256 INFO  - Recieve a message from other vehicle (at simulation time 86.001,900,000 s)
2024-06-03 19:54:38,256 INFO  - My position is not better! (at simulation time 86.001,900,000 s)
2024-06-03 19:54:38,256 INFO  - Recieve a message from other vehicle (at simulation time 86.001,900,000 s)
2024-06-03 19:54:38,256 INFO  - My position is not better! (at simulation time 86.001,900,000 s)
2024-06-03 19:54:38,256 INFO  - Recieve a message from other vehicle (at simulation time 86.002,400,000 s)
2024-06-03 19:54:38,256 INFO  - My position is not better! (at simulation time 86.002,400,000 s)
2024-06-03 19:54:38,257 INFO  - Recieve a message from other vehicle (at simulation time 86.003,300,000 s)
2024-06-03 19:54:38,257 INFO  - My position is not better! (at simulation time 86.003,300,000 s)
2024-06-03 19:54:38,257 INFO  - Recieve a message from other vehicle (at simulation time 86.004,300,000 s)
2024-06-03 19:54:38,257 INFO  - My position is not better! (at simulation time 86.004,300,000 s)
2024-06-03 19:54:38,258 INFO  - Called #onVehicleUpdated (at simulation time 87.000,000,000 s)
2024-06-03 19:54:38,258 INFO  - Sending out DENM broadcast (at simulation time 87.000,000,000 s)
2024-06-03 19:54:38,259 INFO  - Sending out AdHoc broadcast (at simulation time 87.000,000,000 s)
2024-06-03 19:54:38,259 INFO  - Recieve a message from other vehicle (at simulation time 87.000,400,000 s)
2024-06-03 19:54:38,259 INFO  - DENM message Recived from veh_15 -info : seco (at simulation time 87.000,400,000 s)
2024-06-03 19:54:38,259 INFO  - Recending a DENM message from other vehicle (at simulation time 87.000,400,000 s)
2024-06-03 19:54:38,259 INFO  - Recieve a message from other vehicle (at simulation time 87.000,400,000 s)
2024-06-03 19:54:38,259 INFO  - DENM message Recived from veh_17 -info : seco (at simulation time 87.000,400,000 s)
2024-06-03 19:54:38,259 INFO  - No more hops in DENM message (at simulation time 87.000,400,000 s)
2024-06-03 19:54:38,259 INFO  - Recieve a message from other vehicle (at simulation time 87.000,400,000 s)
2024-06-03 19:54:38,259 INFO  - My position is not better! (at simulation time 87.000,400,000 s)
2024-06-03 19:54:38,259 INFO  - Recieve a message from other vehicle (at simulation time 87.000,400,000 s)
2024-06-03 19:54:38,259 INFO  - My position is not better! (at simulation time 87.000,400,000 s)
2024-06-03 19:54:38,260 INFO  - Recieve a message from other vehicle (at simulation time 87.000,400,000 s)
2024-06-03 19:54:38,260 INFO  - My position is not better! (at simulation time 87.000,400,000 s)
2024-06-03 19:54:38,260 INFO  - Recieve a message from other vehicle (at simulation time 87.000,900,000 s)
2024-06-03 19:54:38,260 INFO  - My position is not better! (at simulation time 87.000,900,000 s)
2024-06-03 19:54:38,260 INFO  - Recieve a message from other vehicle (at simulation time 87.000,900,000 s)
2024-06-03 19:54:38,260 INFO  - My position is not better! (at simulation time 87.000,900,000 s)
2024-06-03 19:54:38,260 INFO  - Recieve a message from other vehicle (at simulation time 87.000,900,000 s)
2024-06-03 19:54:38,260 INFO  - My position is not better! (at simulation time 87.000,900,000 s)
2024-06-03 19:54:38,261 INFO  - Recieve a message from other vehicle (at simulation time 87.001,400,000 s)
2024-06-03 19:54:38,261 INFO  - My position is not better! (at simulation time 87.001,400,000 s)
2024-06-03 19:54:38,261 INFO  - Recieve a message from other vehicle (at simulation time 87.001,400,000 s)
2024-06-03 19:54:38,261 INFO  - My position is not better! (at simulation time 87.001,400,000 s)
2024-06-03 19:54:38,261 INFO  - Recieve a message from other vehicle (at simulation time 87.001,400,000 s)
2024-06-03 19:54:38,261 INFO  - My position is not better! (at simulation time 87.001,400,000 s)
2024-06-03 19:54:38,261 INFO  - Recieve a message from other vehicle (at simulation time 87.001,400,000 s)
2024-06-03 19:54:38,261 INFO  - My position is not better! (at simulation time 87.001,400,000 s)
2024-06-03 19:54:38,261 INFO  - Recieve a message from other vehicle (at simulation time 87.001,400,000 s)
2024-06-03 19:54:38,261 INFO  - My position is not better! (at simulation time 87.001,400,000 s)
2024-06-03 19:54:38,261 INFO  - Recieve a message from other vehicle (at simulation time 87.001,800,000 s)
2024-06-03 19:54:38,261 INFO  - DENM message Recived from veh_17 -info : seco (at simulation time 87.001,800,000 s)
2024-06-03 19:54:38,261 INFO  - No more hops in DENM message (at simulation time 87.001,800,000 s)
2024-06-03 19:54:38,262 INFO  - Recieve a message from other vehicle (at simulation time 87.002,300,000 s)
2024-06-03 19:54:38,262 INFO  - My position is not better! (at simulation time 87.002,300,000 s)
2024-06-03 19:54:38,262 INFO  - Recieve a message from other vehicle (at simulation time 87.002,400,000 s)
2024-06-03 19:54:38,262 INFO  - DENM message Recived from veh_13 -info : seco (at simulation time 87.002,400,000 s)
2024-06-03 19:54:38,262 INFO  - No more hops in DENM message (at simulation time 87.002,400,000 s)
2024-06-03 19:54:38,263 INFO  - Recieve a message from other vehicle (at simulation time 87.002,800,000 s)
2024-06-03 19:54:38,263 INFO  - DENM message Recived from veh_12 -info : seco (at simulation time 87.002,800,000 s)
2024-06-03 19:54:38,263 INFO  - No more hops in DENM message (at simulation time 87.002,800,000 s)
2024-06-03 19:54:38,263 INFO  - Recieve a message from other vehicle (at simulation time 87.002,800,000 s)
2024-06-03 19:54:38,263 INFO  - DENM message Recived from veh_13 -info : seco (at simulation time 87.002,800,000 s)
2024-06-03 19:54:38,263 INFO  - No more hops in DENM message (at simulation time 87.002,800,000 s)
2024-06-03 19:54:38,263 INFO  - Recieve a message from other vehicle (at simulation time 87.002,800,000 s)
2024-06-03 19:54:38,263 INFO  - My position is not better! (at simulation time 87.002,800,000 s)
2024-06-03 19:54:38,263 INFO  - Recieve a message from other vehicle (at simulation time 87.002,800,000 s)
2024-06-03 19:54:38,263 INFO  - My position is not better! (at simulation time 87.002,800,000 s)
2024-06-03 19:54:38,263 INFO  - Recieve a message from other vehicle (at simulation time 87.003,300,000 s)
2024-06-03 19:54:38,263 INFO  - My position is not better! (at simulation time 87.003,300,000 s)
2024-06-03 19:54:38,263 INFO  - Recieve a message from other vehicle (at simulation time 87.004,300,000 s)
2024-06-03 19:54:38,263 INFO  - My position is not better! (at simulation time 87.004,300,000 s)
2024-06-03 19:54:38,265 INFO  - Called #onVehicleUpdated (at simulation time 88.000,000,000 s)
2024-06-03 19:54:38,266 INFO  - Recieve a message from other vehicle (at simulation time 88.000,400,000 s)
2024-06-03 19:54:38,266 INFO  - DENM message Recived from veh_14 -info : nevoeiro (at simulation time 88.000,400,000 s)
2024-06-03 19:54:38,266 INFO  - Recending a DENM message from other vehicle (at simulation time 88.000,400,000 s)
2024-06-03 19:54:38,266 INFO  - Recieve a message from other vehicle (at simulation time 88.000,400,000 s)
2024-06-03 19:54:38,266 INFO  - My position is not better! (at simulation time 88.000,400,000 s)
2024-06-03 19:54:38,267 INFO  - Recieve a message from other vehicle (at simulation time 88.000,800,000 s)
2024-06-03 19:54:38,267 INFO  - I'm in better position but no more hops in message (at simulation time 88.000,800,000 s)
2024-06-03 19:54:38,267 INFO  - Recieve a message from other vehicle (at simulation time 88.000,900,000 s)
2024-06-03 19:54:38,267 INFO  - My position is not better! (at simulation time 88.000,900,000 s)
2024-06-03 19:54:38,267 INFO  - Recieve a message from other vehicle (at simulation time 88.000,900,000 s)
2024-06-03 19:54:38,267 INFO  - I'm in better position but no more hops in message (at simulation time 88.000,900,000 s)
2024-06-03 19:54:38,267 INFO  - Recieve a message from other vehicle (at simulation time 88.000,900,000 s)
2024-06-03 19:54:38,267 INFO  - I'm in better position but no more hops in message (at simulation time 88.000,900,000 s)
2024-06-03 19:54:38,267 INFO  - Recieve a message from other vehicle (at simulation time 88.000,900,000 s)
2024-06-03 19:54:38,267 INFO  - I'm in better position but no more hops in message (at simulation time 88.000,900,000 s)
2024-06-03 19:54:38,267 INFO  - Recieve a message from other vehicle (at simulation time 88.001,400,000 s)
2024-06-03 19:54:38,267 INFO  - My position is not better! (at simulation time 88.001,400,000 s)
2024-06-03 19:54:38,267 INFO  - Recieve a message from other vehicle (at simulation time 88.001,800,000 s)
2024-06-03 19:54:38,267 INFO  - I'm in better position but no more hops in message (at simulation time 88.001,800,000 s)
2024-06-03 19:54:38,268 INFO  - Recieve a message from other vehicle (at simulation time 88.002,300,000 s)
2024-06-03 19:54:38,268 INFO  - DENM message Recived from veh_16 -info : seco (at simulation time 88.002,300,000 s)
2024-06-03 19:54:38,268 INFO  - No more hops in DENM message (at simulation time 88.002,300,000 s)
2024-06-03 19:54:38,268 INFO  - Recieve a message from other vehicle (at simulation time 88.002,300,000 s)
2024-06-03 19:54:38,268 INFO  - I'm in better position but no more hops in message (at simulation time 88.002,300,000 s)
2024-06-03 19:54:38,268 INFO  - Recieve a message from other vehicle (at simulation time 88.002,400,000 s)
2024-06-03 19:54:38,268 INFO  - DENM message Recived from veh_16 -info : seco (at simulation time 88.002,400,000 s)
2024-06-03 19:54:38,268 INFO  - No more hops in DENM message (at simulation time 88.002,400,000 s)
2024-06-03 19:54:38,268 INFO  - Recieve a message from other vehicle (at simulation time 88.002,400,000 s)
2024-06-03 19:54:38,268 INFO  - I'm in better position but no more hops in message (at simulation time 88.002,400,000 s)
2024-06-03 19:54:38,268 INFO  - Recieve a message from other vehicle (at simulation time 88.002,400,000 s)
2024-06-03 19:54:38,268 INFO  - My position is not better! (at simulation time 88.002,400,000 s)
2024-06-03 19:54:38,268 INFO  - Recieve a message from other vehicle (at simulation time 88.002,400,000 s)
2024-06-03 19:54:38,268 INFO  - My position is not better! (at simulation time 88.002,400,000 s)
2024-06-03 19:54:38,268 INFO  - Recieve a message from other vehicle (at simulation time 88.002,800,000 s)
2024-06-03 19:54:38,268 INFO  - I'm in better position but no more hops in message (at simulation time 88.002,800,000 s)
2024-06-03 19:54:38,270 INFO  - Called #onVehicleUpdated (at simulation time 89.000,000,000 s)
2024-06-03 19:54:38,271 INFO  - Sending out AdHoc broadcast (at simulation time 89.000,000,000 s)
2024-06-03 19:54:38,272 INFO  - Recieve a message from other vehicle (at simulation time 89.000,400,000 s)
2024-06-03 19:54:38,272 INFO  - Recending a message from other vehicle (at simulation time 89.000,400,000 s)
2024-06-03 19:54:38,272 INFO  - Recieve a message from other vehicle (at simulation time 89.000,800,000 s)
2024-06-03 19:54:38,272 INFO  - I'm in better position but no more hops in message (at simulation time 89.000,800,000 s)
2024-06-03 19:54:38,272 INFO  - Recieve a message from other vehicle (at simulation time 89.000,800,000 s)
2024-06-03 19:54:38,272 INFO  - I'm in better position but no more hops in message (at simulation time 89.000,800,000 s)
2024-06-03 19:54:38,272 INFO  - Recieve a message from other vehicle (at simulation time 89.000,800,000 s)
2024-06-03 19:54:38,272 INFO  - I'm in better position but no more hops in message (at simulation time 89.000,800,000 s)
2024-06-03 19:54:38,272 INFO  - Recieve a message from other vehicle (at simulation time 89.000,900,000 s)
2024-06-03 19:54:38,272 INFO  - I'm in better position but no more hops in message (at simulation time 89.000,900,000 s)
2024-06-03 19:54:38,272 INFO  - Recieve a message from other vehicle (at simulation time 89.000,900,000 s)
2024-06-03 19:54:38,272 INFO  - I'm in better position but no more hops in message (at simulation time 89.000,900,000 s)
2024-06-03 19:54:38,272 INFO  - Recieve a message from other vehicle (at simulation time 89.001,400,000 s)
2024-06-03 19:54:38,272 INFO  - I'm in better position but no more hops in message (at simulation time 89.001,400,000 s)
2024-06-03 19:54:38,273 INFO  - Recieve a message from other vehicle (at simulation time 89.001,400,000 s)
2024-06-03 19:54:38,273 INFO  - I'm in better position but no more hops in message (at simulation time 89.001,400,000 s)
2024-06-03 19:54:38,273 INFO  - Recieve a message from other vehicle (at simulation time 89.001,400,000 s)
2024-06-03 19:54:38,273 INFO  - I'm in better position but no more hops in message (at simulation time 89.001,400,000 s)
2024-06-03 19:54:38,273 INFO  - Recieve a message from other vehicle (at simulation time 89.001,800,000 s)
2024-06-03 19:54:38,273 INFO  - I'm in better position but no more hops in message (at simulation time 89.001,800,000 s)
2024-06-03 19:54:38,273 INFO  - Recieve a message from other vehicle (at simulation time 89.001,800,000 s)
2024-06-03 19:54:38,273 INFO  - I'm in better position but no more hops in message (at simulation time 89.001,800,000 s)
2024-06-03 19:54:38,273 INFO  - Recieve a message from other vehicle (at simulation time 89.001,900,000 s)
2024-06-03 19:54:38,273 INFO  - I'm in better position but no more hops in message (at simulation time 89.001,900,000 s)
2024-06-03 19:54:38,273 INFO  - Recieve a message from other vehicle (at simulation time 89.001,900,000 s)
2024-06-03 19:54:38,273 INFO  - I'm in better position but no more hops in message (at simulation time 89.001,900,000 s)
2024-06-03 19:54:38,273 INFO  - Recieve a message from other vehicle (at simulation time 89.001,900,000 s)
2024-06-03 19:54:38,273 INFO  - I'm in better position but no more hops in message (at simulation time 89.001,900,000 s)
2024-06-03 19:54:38,273 INFO  - Recieve a message from other vehicle (at simulation time 89.001,900,000 s)
2024-06-03 19:54:38,273 INFO  - I'm in better position but no more hops in message (at simulation time 89.001,900,000 s)
2024-06-03 19:54:38,273 INFO  - Recieve a message from other vehicle (at simulation time 89.002,300,000 s)
2024-06-03 19:54:38,273 INFO  - I'm in better position but no more hops in message (at simulation time 89.002,300,000 s)
2024-06-03 19:54:38,273 INFO  - Recieve a message from other vehicle (at simulation time 89.002,400,000 s)
2024-06-03 19:54:38,273 INFO  - I'm in better position but no more hops in message (at simulation time 89.002,400,000 s)
2024-06-03 19:54:38,275 INFO  - Called #onVehicleUpdated (at simulation time 90.000,000,000 s)
2024-06-03 19:54:38,295 INFO  - Recieve a message from other vehicle (at simulation time 90.000,400,000 s)
2024-06-03 19:54:38,295 INFO  - I'm in better position but no more hops in message (at simulation time 90.000,400,000 s)
2024-06-03 19:54:38,295 INFO  - Recieve a message from other vehicle (at simulation time 90.000,400,000 s)
2024-06-03 19:54:38,295 INFO  - I'm in better position but no more hops in message (at simulation time 90.000,400,000 s)
2024-06-03 19:54:38,296 INFO  - Recieve a message from other vehicle (at simulation time 90.000,900,000 s)
2024-06-03 19:54:38,296 INFO  - My position is not better! (at simulation time 90.000,900,000 s)
2024-06-03 19:54:38,296 INFO  - Recieve a message from other vehicle (at simulation time 90.001,300,000 s)
2024-06-03 19:54:38,296 INFO  - I'm in better position but no more hops in message (at simulation time 90.001,300,000 s)
2024-06-03 19:54:38,296 INFO  - Recieve a message from other vehicle (at simulation time 90.001,900,000 s)
2024-06-03 19:54:38,296 INFO  - My position is not better! (at simulation time 90.001,900,000 s)
2024-06-03 19:54:38,296 INFO  - Recieve a message from other vehicle (at simulation time 90.001,900,000 s)
2024-06-03 19:54:38,296 INFO  - My position is not better! (at simulation time 90.001,900,000 s)
2024-06-03 19:54:38,296 INFO  - Recieve a message from other vehicle (at simulation time 90.001,900,000 s)
2024-06-03 19:54:38,296 INFO  - My position is not better! (at simulation time 90.001,900,000 s)
2024-06-03 19:54:38,296 INFO  - Recieve a message from other vehicle (at simulation time 90.002,300,000 s)
2024-06-03 19:54:38,296 INFO  - I'm in better position but no more hops in message (at simulation time 90.002,300,000 s)
2024-06-03 19:54:38,296 INFO  - Recieve a message from other vehicle (at simulation time 90.002,300,000 s)
2024-06-03 19:54:38,296 INFO  - I'm in better position but no more hops in message (at simulation time 90.002,300,000 s)
2024-06-03 19:54:38,296 INFO  - Recieve a message from other vehicle (at simulation time 90.002,300,000 s)
2024-06-03 19:54:38,296 INFO  - My position is not better! (at simulation time 90.002,300,000 s)
2024-06-03 19:54:38,297 INFO  - Recieve a message from other vehicle (at simulation time 90.002,400,000 s)
2024-06-03 19:54:38,297 INFO  - My position is not better! (at simulation time 90.002,400,000 s)
2024-06-03 19:54:38,297 INFO  - Recieve a message from other vehicle (at simulation time 90.002,800,000 s)
2024-06-03 19:54:38,297 INFO  - I'm in better position but no more hops in message (at simulation time 90.002,800,000 s)
2024-06-03 19:54:38,299 INFO  - Called #onVehicleUpdated (at simulation time 91.000,000,000 s)
2024-06-03 19:54:38,299 INFO  - Sending out AdHoc broadcast (at simulation time 91.000,000,000 s)
2024-06-03 19:54:38,299 INFO  - Recieve a message from other vehicle (at simulation time 91.000,400,000 s)
2024-06-03 19:54:38,299 INFO  - Recending a message from other vehicle (at simulation time 91.000,400,000 s)
2024-06-03 19:54:38,299 INFO  - Recieve a message from other vehicle (at simulation time 91.000,400,000 s)
2024-06-03 19:54:38,299 INFO  - My position is not better! (at simulation time 91.000,400,000 s)
2024-06-03 19:54:38,299 INFO  - Recieve a message from other vehicle (at simulation time 91.000,400,000 s)
2024-06-03 19:54:38,299 INFO  - My position is not better! (at simulation time 91.000,400,000 s)
2024-06-03 19:54:38,300 INFO  - Recieve a message from other vehicle (at simulation time 91.000,900,000 s)
2024-06-03 19:54:38,300 INFO  - My position is not better! (at simulation time 91.000,900,000 s)
2024-06-03 19:54:38,300 INFO  - Recieve a message from other vehicle (at simulation time 91.001,400,000 s)
2024-06-03 19:54:38,300 INFO  - Recending a message from other vehicle (at simulation time 91.001,400,000 s)
2024-06-03 19:54:38,300 INFO  - Recieve a message from other vehicle (at simulation time 91.002,400,000 s)
2024-06-03 19:54:38,300 INFO  - Recending a message from other vehicle (at simulation time 91.002,400,000 s)
2024-06-03 19:54:38,300 INFO  - Recieve a message from other vehicle (at simulation time 91.002,400,000 s)
2024-06-03 19:54:38,300 INFO  - My position is not better! (at simulation time 91.002,400,000 s)
2024-06-03 19:54:38,302 INFO  - Called #onVehicleUpdated (at simulation time 92.000,000,000 s)
2024-06-03 19:54:38,302 INFO  - Recieve a message from other vehicle (at simulation time 92.000,400,000 s)
2024-06-03 19:54:38,302 INFO  - My position is not better! (at simulation time 92.000,400,000 s)
2024-06-03 19:54:38,302 INFO  - Recieve a message from other vehicle (at simulation time 92.000,400,000 s)
2024-06-03 19:54:38,302 INFO  - My position is not better! (at simulation time 92.000,400,000 s)
2024-06-03 19:54:38,303 INFO  - Recieve a message from other vehicle (at simulation time 92.001,300,000 s)
2024-06-03 19:54:38,303 INFO  - I'm in better position but no more hops in message (at simulation time 92.001,300,000 s)
2024-06-03 19:54:38,303 INFO  - Recieve a message from other vehicle (at simulation time 92.001,900,000 s)
2024-06-03 19:54:38,303 INFO  - My position is not better! (at simulation time 92.001,900,000 s)
2024-06-03 19:54:38,303 INFO  - Recieve a message from other vehicle (at simulation time 92.002,400,000 s)
2024-06-03 19:54:38,303 INFO  - I'm in better position but no more hops in message (at simulation time 92.002,400,000 s)
2024-06-03 19:54:38,303 INFO  - Recieve a message from other vehicle (at simulation time 92.002,800,000 s)
2024-06-03 19:54:38,303 INFO  - I'm in better position but no more hops in message (at simulation time 92.002,800,000 s)
2024-06-03 19:54:38,304 INFO  - Called #onVehicleUpdated (at simulation time 93.000,000,000 s)
2024-06-03 19:54:38,304 INFO  - Sending out AdHoc broadcast (at simulation time 93.000,000,000 s)
2024-06-03 19:54:38,305 INFO  - Recieve a message from other vehicle (at simulation time 93.000,900,000 s)
2024-06-03 19:54:38,305 INFO  - Recending a message from other vehicle (at simulation time 93.000,900,000 s)
2024-06-03 19:54:38,305 INFO  - Recieve a message from other vehicle (at simulation time 93.001,400,000 s)
2024-06-03 19:54:38,305 INFO  - Recending a message from other vehicle (at simulation time 93.001,400,000 s)
2024-06-03 19:54:38,305 INFO  - Recieve a message from other vehicle (at simulation time 93.001,400,000 s)
2024-06-03 19:54:38,305 INFO  - Recending a message from other vehicle (at simulation time 93.001,400,000 s)
2024-06-03 19:54:38,305 INFO  - Recieve a message from other vehicle (at simulation time 93.001,900,000 s)
2024-06-03 19:54:38,305 INFO  - Recending a message from other vehicle (at simulation time 93.001,900,000 s)
2024-06-03 19:54:38,306 INFO  - Called #onVehicleUpdated (at simulation time 94.000,000,000 s)
2024-06-03 19:54:38,307 INFO  - Recieve a message from other vehicle (at simulation time 94.000,900,000 s)
2024-06-03 19:54:38,307 INFO  - Recending a message from other vehicle (at simulation time 94.000,900,000 s)
2024-06-03 19:54:38,307 INFO  - Recieve a message from other vehicle (at simulation time 94.001,900,000 s)
2024-06-03 19:54:38,307 INFO  - Recending a message from other vehicle (at simulation time 94.001,900,000 s)
2024-06-03 19:54:38,307 INFO  - Recieve a message from other vehicle (at simulation time 94.001,900,000 s)
2024-06-03 19:54:38,307 INFO  - Recending a message from other vehicle (at simulation time 94.001,900,000 s)
2024-06-03 19:54:38,309 INFO  - Called #onVehicleUpdated (at simulation time 95.000,000,000 s)
2024-06-03 19:54:38,309 INFO  - Sending out AdHoc broadcast (at simulation time 95.000,000,000 s)
2024-06-03 19:54:38,311 INFO  - Called #onVehicleUpdated (at simulation time 96.000,000,000 s)
2024-06-03 19:54:38,314 INFO  - Called #onVehicleUpdated (at simulation time 97.000,000,000 s)
2024-06-03 19:54:38,314 INFO  - Sending out AdHoc broadcast (at simulation time 97.000,000,000 s)
2024-06-03 19:54:38,315 INFO  - Called #onVehicleUpdated (at simulation time 98.000,000,000 s)
2024-06-03 19:54:38,317 INFO  - Called #onVehicleUpdated (at simulation time 99.000,000,000 s)
2024-06-03 19:54:38,318 INFO  - Sending out AdHoc broadcast (at simulation time 99.000,000,000 s)
2024-06-03 19:54:38,320 INFO  - Called #onVehicleUpdated (at simulation time 100.000,000,000 s)
2024-06-03 19:54:38,322 INFO  - Called #onVehicleUpdated (at simulation time 101.000,000,000 s)
2024-06-03 19:54:38,322 INFO  - Sending out AdHoc broadcast (at simulation time 101.000,000,000 s)
2024-06-03 19:54:38,323 INFO  - Called #onVehicleUpdated (at simulation time 102.000,000,000 s)
2024-06-03 19:54:38,325 INFO  - Called #onVehicleUpdated (at simulation time 103.000,000,000 s)
2024-06-03 19:54:38,325 INFO  - Sending out AdHoc broadcast (at simulation time 103.000,000,000 s)
2024-06-03 19:54:38,326 INFO  - Shutdown (at simulation time 104.000,000,000 s)
