2024-06-03 19:39:56,257 INFO  - Initialize Vehicle application (at simulation time 6.000,000,000 s)
2024-06-03 19:39:56,260 INFO  - Activated WLAN Module (at simulation time 6.000,000,000 s)
2024-06-03 19:39:56,272 INFO  - Called #onVehicleUpdated (at simulation time 6.000,000,000 s)
2024-06-03 19:39:56,610 INFO  - Called #onVehicleUpdated (at simulation time 7.000,000,000 s)
2024-06-03 19:39:56,612 INFO  - Define the name: veh_0 and route: r_0 (at simulation time 7.000,000,000 s)
2024-06-03 19:39:56,613 INFO  - Sending out AdHoc broadcast (at simulation time 7.000,000,000 s)
2024-06-03 19:39:56,954 INFO  - Called #onVehicleUpdated (at simulation time 8.000,000,000 s)
2024-06-03 19:39:57,304 INFO  - Called #onVehicleUpdated (at simulation time 9.000,000,000 s)
2024-06-03 19:39:57,308 INFO  - Sending out AdHoc broadcast (at simulation time 9.000,000,000 s)
2024-06-03 19:39:57,666 INFO  - Called #onVehicleUpdated (at simulation time 10.000,000,000 s)
2024-06-03 19:39:58,003 INFO  - Called #onVehicleUpdated (at simulation time 11.000,000,000 s)
2024-06-03 19:39:58,009 INFO  - Sending out AdHoc broadcast (at simulation time 11.000,000,000 s)
2024-06-03 19:39:58,353 INFO  - Called #onVehicleUpdated (at simulation time 12.000,000,000 s)
2024-06-03 19:39:58,705 INFO  - Called #onVehicleUpdated (at simulation time 13.000,000,000 s)
2024-06-03 19:39:58,710 INFO  - Sending out AdHoc broadcast (at simulation time 13.000,000,000 s)
2024-06-03 19:39:58,717 INFO  - Recieve a message from other vehicle (at simulation time 13.000,400,000 s)
2024-06-03 19:39:58,717 INFO  - My position is not better! (at simulation time 13.000,400,000 s)
2024-06-03 19:39:58,719 INFO  - Recieve a message from other vehicle (at simulation time 13.000,800,000 s)
2024-06-03 19:39:58,719 INFO  - My position is not better! (at simulation time 13.000,800,000 s)
2024-06-03 19:39:58,719 INFO  - Recieve a message from other vehicle (at simulation time 13.000,900,000 s)
2024-06-03 19:39:58,720 INFO  - My position is not better! (at simulation time 13.000,900,000 s)
2024-06-03 19:39:58,722 INFO  - Recieve a message from other vehicle (at simulation time 13.000,900,000 s)
2024-06-03 19:39:58,722 INFO  - My position is not better! (at simulation time 13.000,900,000 s)
2024-06-03 19:39:58,723 INFO  - Recieve a message from other vehicle (at simulation time 13.000,900,000 s)
2024-06-03 19:39:58,723 INFO  - My position is not better! (at simulation time 13.000,900,000 s)
2024-06-03 19:39:58,723 INFO  - Recieve a message from other vehicle (at simulation time 13.001,300,000 s)
2024-06-03 19:39:58,724 INFO  - I'm in better position but no more hops in message (at simulation time 13.001,300,000 s)
2024-06-03 19:39:58,724 INFO  - Recieve a message from other vehicle (at simulation time 13.001,300,000 s)
2024-06-03 19:39:58,724 INFO  - My position is not better! (at simulation time 13.001,300,000 s)
2024-06-03 19:39:58,727 INFO  - Recieve a message from other vehicle (at simulation time 13.001,800,000 s)
2024-06-03 19:39:58,727 INFO  - My position is not better! (at simulation time 13.001,800,000 s)
2024-06-03 19:39:58,728 INFO  - Recieve a message from other vehicle (at simulation time 13.001,900,000 s)
2024-06-03 19:39:58,728 INFO  - My position is not better! (at simulation time 13.001,900,000 s)
2024-06-03 19:39:58,728 INFO  - Recieve a message from other vehicle (at simulation time 13.001,900,000 s)
2024-06-03 19:39:58,728 INFO  - My position is not better! (at simulation time 13.001,900,000 s)
2024-06-03 19:39:58,729 INFO  - Recieve a message from other vehicle (at simulation time 13.001,900,000 s)
2024-06-03 19:39:58,729 INFO  - My position is not better! (at simulation time 13.001,900,000 s)
2024-06-03 19:39:58,730 INFO  - Recieve a message from other vehicle (at simulation time 13.001,900,000 s)
2024-06-03 19:39:58,730 INFO  - My position is not better! (at simulation time 13.001,900,000 s)
2024-06-03 19:39:58,731 INFO  - Recieve a message from other vehicle (at simulation time 13.002,400,000 s)
2024-06-03 19:39:58,731 INFO  - My position is not better! (at simulation time 13.002,400,000 s)
2024-06-03 19:39:58,733 INFO  - Recieve a message from other vehicle (at simulation time 13.002,800,000 s)
2024-06-03 19:39:58,733 INFO  - My position is not better! (at simulation time 13.002,800,000 s)
2024-06-03 19:39:58,733 INFO  - Recieve a message from other vehicle (at simulation time 13.002,800,000 s)
2024-06-03 19:39:58,733 INFO  - My position is not better! (at simulation time 13.002,800,000 s)
2024-06-03 19:39:58,734 INFO  - Recieve a message from other vehicle (at simulation time 13.003,800,000 s)
2024-06-03 19:39:58,734 INFO  - My position is not better! (at simulation time 13.003,800,000 s)
2024-06-03 19:39:59,056 INFO  - Called #onVehicleUpdated (at simulation time 14.000,000,000 s)
2024-06-03 19:39:59,065 INFO  - Recieve a message from other vehicle (at simulation time 14.000,400,000 s)
2024-06-03 19:39:59,065 INFO  - My position is not better! (at simulation time 14.000,400,000 s)
2024-06-03 19:39:59,065 INFO  - Recieve a message from other vehicle (at simulation time 14.000,400,000 s)
2024-06-03 19:39:59,065 INFO  - My position is not better! (at simulation time 14.000,400,000 s)
2024-06-03 19:39:59,071 INFO  - Recieve a message from other vehicle (at simulation time 14.001,400,000 s)
2024-06-03 19:39:59,072 INFO  - I'm in better position but no more hops in message (at simulation time 14.001,400,000 s)
2024-06-03 19:39:59,073 INFO  - Recieve a message from other vehicle (at simulation time 14.001,400,000 s)
2024-06-03 19:39:59,073 INFO  - My position is not better! (at simulation time 14.001,400,000 s)
2024-06-03 19:39:59,075 INFO  - Recieve a message from other vehicle (at simulation time 14.001,800,000 s)
2024-06-03 19:39:59,075 INFO  - My position is not better! (at simulation time 14.001,800,000 s)
2024-06-03 19:39:59,075 INFO  - Recieve a message from other vehicle (at simulation time 14.001,800,000 s)
2024-06-03 19:39:59,075 INFO  - My position is not better! (at simulation time 14.001,800,000 s)
2024-06-03 19:39:59,076 INFO  - Recieve a message from other vehicle (at simulation time 14.001,900,000 s)
2024-06-03 19:39:59,076 INFO  - My position is not better! (at simulation time 14.001,900,000 s)
2024-06-03 19:39:59,077 INFO  - Recieve a message from other vehicle (at simulation time 14.001,900,000 s)
2024-06-03 19:39:59,077 INFO  - My position is not better! (at simulation time 14.001,900,000 s)
2024-06-03 19:39:59,077 INFO  - Recieve a message from other vehicle (at simulation time 14.001,900,000 s)
2024-06-03 19:39:59,077 INFO  - My position is not better! (at simulation time 14.001,900,000 s)
2024-06-03 19:39:59,078 INFO  - Recieve a message from other vehicle (at simulation time 14.001,900,000 s)
2024-06-03 19:39:59,078 INFO  - I'm in better position but no more hops in message (at simulation time 14.001,900,000 s)
2024-06-03 19:39:59,078 INFO  - Recieve a message from other vehicle (at simulation time 14.001,900,000 s)
2024-06-03 19:39:59,078 INFO  - I'm in better position but no more hops in message (at simulation time 14.001,900,000 s)
2024-06-03 19:39:59,079 INFO  - Recieve a message from other vehicle (at simulation time 14.002,300,000 s)
2024-06-03 19:39:59,079 INFO  - I'm in better position but no more hops in message (at simulation time 14.002,300,000 s)
2024-06-03 19:39:59,079 INFO  - Recieve a message from other vehicle (at simulation time 14.002,300,000 s)
2024-06-03 19:39:59,079 INFO  - My position is not better! (at simulation time 14.002,300,000 s)
2024-06-03 19:39:59,080 INFO  - Recieve a message from other vehicle (at simulation time 14.002,300,000 s)
2024-06-03 19:39:59,080 INFO  - My position is not better! (at simulation time 14.002,300,000 s)
2024-06-03 19:39:59,080 INFO  - Recieve a message from other vehicle (at simulation time 14.002,400,000 s)
2024-06-03 19:39:59,080 INFO  - My position is not better! (at simulation time 14.002,400,000 s)
2024-06-03 19:39:59,081 INFO  - Recieve a message from other vehicle (at simulation time 14.002,800,000 s)
2024-06-03 19:39:59,081 INFO  - I'm in better position but no more hops in message (at simulation time 14.002,800,000 s)
2024-06-03 19:39:59,082 INFO  - Recieve a message from other vehicle (at simulation time 14.003,300,000 s)
2024-06-03 19:39:59,082 INFO  - I'm in better position but no more hops in message (at simulation time 14.003,300,000 s)
2024-06-03 19:39:59,411 INFO  - Called #onVehicleUpdated (at simulation time 15.000,000,000 s)
2024-06-03 19:39:59,412 INFO  - Sending out DENM broadcast (at simulation time 15.000,000,000 s)
2024-06-03 19:39:59,413 INFO  - Sending out AdHoc broadcast (at simulation time 15.000,000,000 s)
2024-06-03 19:39:59,416 INFO  - Recieve a message from other vehicle (at simulation time 15.000,400,000 s)
2024-06-03 19:39:59,416 INFO  - DENM message Recived from veh_1 -info : seco (at simulation time 15.000,400,000 s)
2024-06-03 19:39:59,417 INFO  - Recending a DENM message from other vehicle (at simulation time 15.000,400,000 s)
2024-06-03 19:39:59,417 INFO  - Recieve a message from other vehicle (at simulation time 15.000,400,000 s)
2024-06-03 19:39:59,417 INFO  - DENM message Recived from veh_5 -info : seco (at simulation time 15.000,400,000 s)
2024-06-03 19:39:59,417 INFO  - No more hops in DENM message (at simulation time 15.000,400,000 s)
2024-06-03 19:39:59,418 INFO  - Recieve a message from other vehicle (at simulation time 15.000,400,000 s)
2024-06-03 19:39:59,418 INFO  - My position is not better! (at simulation time 15.000,400,000 s)
2024-06-03 19:39:59,418 INFO  - Recieve a message from other vehicle (at simulation time 15.000,400,000 s)
2024-06-03 19:39:59,418 INFO  - Recending a message from other vehicle (at simulation time 15.000,400,000 s)
2024-06-03 19:39:59,418 INFO  - Recieve a message from other vehicle (at simulation time 15.000,400,000 s)
2024-06-03 19:39:59,418 INFO  - My position is not better! (at simulation time 15.000,400,000 s)
2024-06-03 19:39:59,418 INFO  - Recieve a message from other vehicle (at simulation time 15.000,400,000 s)
2024-06-03 19:39:59,419 INFO  - Recending a message from other vehicle (at simulation time 15.000,400,000 s)
2024-06-03 19:39:59,423 INFO  - Recieve a message from other vehicle (at simulation time 15.000,900,000 s)
2024-06-03 19:39:59,423 INFO  - I'm in better position but no more hops in message (at simulation time 15.000,900,000 s)
2024-06-03 19:39:59,425 INFO  - Recieve a message from other vehicle (at simulation time 15.001,300,000 s)
2024-06-03 19:39:59,426 INFO  - I'm in better position but no more hops in message (at simulation time 15.001,300,000 s)
2024-06-03 19:39:59,426 INFO  - Recieve a message from other vehicle (at simulation time 15.001,300,000 s)
2024-06-03 19:39:59,426 INFO  - I'm in better position but no more hops in message (at simulation time 15.001,300,000 s)
2024-06-03 19:39:59,430 INFO  - Recieve a message from other vehicle (at simulation time 15.001,800,000 s)
2024-06-03 19:39:59,430 INFO  - DENM message Recived from veh_3 -info : seco (at simulation time 15.001,800,000 s)
2024-06-03 19:39:59,430 INFO  - No more hops in DENM message (at simulation time 15.001,800,000 s)
2024-06-03 19:39:59,431 INFO  - Recieve a message from other vehicle (at simulation time 15.001,900,000 s)
2024-06-03 19:39:59,431 INFO  - I'm in better position but no more hops in message (at simulation time 15.001,900,000 s)
2024-06-03 19:39:59,431 INFO  - Recieve a message from other vehicle (at simulation time 15.001,900,000 s)
2024-06-03 19:39:59,431 INFO  - My position is not better! (at simulation time 15.001,900,000 s)
2024-06-03 19:39:59,431 INFO  - Recieve a message from other vehicle (at simulation time 15.001,900,000 s)
2024-06-03 19:39:59,431 INFO  - My position is not better! (at simulation time 15.001,900,000 s)
2024-06-03 19:39:59,432 INFO  - Recieve a message from other vehicle (at simulation time 15.002,300,000 s)
2024-06-03 19:39:59,433 INFO  - DENM message Recived from veh_0 -info : piso-molhado (at simulation time 15.002,300,000 s)
2024-06-03 19:39:59,433 INFO  - I slow down due to road state (at simulation time 15.002,300,000 s)
2024-06-03 19:39:59,433 INFO  - No more hops in DENM message (at simulation time 15.002,300,000 s)
2024-06-03 19:39:59,433 INFO  - Recieve a message from other vehicle (at simulation time 15.002,300,000 s)
2024-06-03 19:39:59,433 INFO  - DENM message Recived from veh_5 -info : seco (at simulation time 15.002,300,000 s)
2024-06-03 19:39:59,433 INFO  - No more hops in DENM message (at simulation time 15.002,300,000 s)
2024-06-03 19:39:59,433 INFO  - Recieve a message from other vehicle (at simulation time 15.002,300,000 s)
2024-06-03 19:39:59,433 INFO  - My position is not better! (at simulation time 15.002,300,000 s)
2024-06-03 19:39:59,435 INFO  - Recieve a message from other vehicle (at simulation time 15.002,400,000 s)
2024-06-03 19:39:59,435 INFO  - DENM message Recived from veh_3 -info : seco (at simulation time 15.002,400,000 s)
2024-06-03 19:39:59,435 INFO  - No more hops in DENM message (at simulation time 15.002,400,000 s)
2024-06-03 19:39:59,435 INFO  - Recieve a message from other vehicle (at simulation time 15.002,400,000 s)
2024-06-03 19:39:59,435 INFO  - My position is not better! (at simulation time 15.002,400,000 s)
2024-06-03 19:39:59,436 INFO  - Recieve a message from other vehicle (at simulation time 15.002,400,000 s)
2024-06-03 19:39:59,436 INFO  - I'm in better position but no more hops in message (at simulation time 15.002,400,000 s)
2024-06-03 19:39:59,438 INFO  - Recieve a message from other vehicle (at simulation time 15.002,800,000 s)
2024-06-03 19:39:59,438 INFO  - I'm in better position but no more hops in message (at simulation time 15.002,800,000 s)
2024-06-03 19:39:59,756 INFO  - Called #onVehicleUpdated (at simulation time 16.000,000,000 s)
2024-06-03 19:39:59,768 INFO  - Recieve a message from other vehicle (at simulation time 16.000,900,000 s)
2024-06-03 19:39:59,768 INFO  - My position is not better! (at simulation time 16.000,900,000 s)
2024-06-03 19:39:59,768 INFO  - Recieve a message from other vehicle (at simulation time 16.000,900,000 s)
2024-06-03 19:39:59,768 INFO  - I'm in better position but no more hops in message (at simulation time 16.000,900,000 s)
2024-06-03 19:39:59,770 INFO  - Recieve a message from other vehicle (at simulation time 16.001,300,000 s)
2024-06-03 19:39:59,770 INFO  - DENM message Recived from veh_2 -info : seco (at simulation time 16.001,300,000 s)
2024-06-03 19:39:59,770 INFO  - No more hops in DENM message (at simulation time 16.001,300,000 s)
2024-06-03 19:39:59,771 INFO  - Recieve a message from other vehicle (at simulation time 16.001,400,000 s)
2024-06-03 19:39:59,771 INFO  - I'm in better position but no more hops in message (at simulation time 16.001,400,000 s)
2024-06-03 19:39:59,771 INFO  - Recieve a message from other vehicle (at simulation time 16.001,400,000 s)
2024-06-03 19:39:59,771 INFO  - My position is not better! (at simulation time 16.001,400,000 s)
2024-06-03 19:39:59,772 INFO  - Recieve a message from other vehicle (at simulation time 16.001,800,000 s)
2024-06-03 19:39:59,772 INFO  - I'm in better position but no more hops in message (at simulation time 16.001,800,000 s)
2024-06-03 19:39:59,773 INFO  - Recieve a message from other vehicle (at simulation time 16.001,900,000 s)
2024-06-03 19:39:59,773 INFO  - DENM message Recived from veh_2 -info : seco (at simulation time 16.001,900,000 s)
2024-06-03 19:39:59,773 INFO  - No more hops in DENM message (at simulation time 16.001,900,000 s)
2024-06-03 19:39:59,773 INFO  - Recieve a message from other vehicle (at simulation time 16.001,900,000 s)
2024-06-03 19:39:59,773 INFO  - I'm in better position but no more hops in message (at simulation time 16.001,900,000 s)
2024-06-03 19:39:59,773 INFO  - Recieve a message from other vehicle (at simulation time 16.001,900,000 s)
2024-06-03 19:39:59,773 INFO  - My position is not better! (at simulation time 16.001,900,000 s)
2024-06-03 19:39:59,773 INFO  - Recieve a message from other vehicle (at simulation time 16.001,900,000 s)
2024-06-03 19:39:59,773 INFO  - I'm in better position but no more hops in message (at simulation time 16.001,900,000 s)
2024-06-03 19:39:59,774 INFO  - Recieve a message from other vehicle (at simulation time 16.002,300,000 s)
2024-06-03 19:39:59,774 INFO  - I'm in better position but no more hops in message (at simulation time 16.002,300,000 s)
2024-06-03 19:39:59,774 INFO  - Recieve a message from other vehicle (at simulation time 16.002,300,000 s)
2024-06-03 19:39:59,774 INFO  - I'm in better position but no more hops in message (at simulation time 16.002,300,000 s)
2024-06-03 19:39:59,774 INFO  - Recieve a message from other vehicle (at simulation time 16.002,400,000 s)
2024-06-03 19:39:59,774 INFO  - DENM message Recived from veh_4 -info : nevoeiro (at simulation time 16.002,400,000 s)
2024-06-03 19:39:59,774 INFO  - No more hops in DENM message (at simulation time 16.002,400,000 s)
2024-06-03 19:39:59,774 INFO  - Recieve a message from other vehicle (at simulation time 16.002,400,000 s)
2024-06-03 19:39:59,774 INFO  - I'm in better position but no more hops in message (at simulation time 16.002,400,000 s)
2024-06-03 19:39:59,774 INFO  - Recieve a message from other vehicle (at simulation time 16.002,400,000 s)
2024-06-03 19:39:59,774 INFO  - I'm in better position but no more hops in message (at simulation time 16.002,400,000 s)
2024-06-03 19:39:59,775 INFO  - Recieve a message from other vehicle (at simulation time 16.002,400,000 s)
2024-06-03 19:39:59,775 INFO  - I'm in better position but no more hops in message (at simulation time 16.002,400,000 s)
2024-06-03 19:39:59,775 INFO  - Recieve a message from other vehicle (at simulation time 16.002,800,000 s)
2024-06-03 19:39:59,775 INFO  - I'm in better position but no more hops in message (at simulation time 16.002,800,000 s)
2024-06-03 19:39:59,775 INFO  - Recieve a message from other vehicle (at simulation time 16.003,300,000 s)
2024-06-03 19:39:59,775 INFO  - DENM message Recived from veh_4 -info : nevoeiro (at simulation time 16.003,300,000 s)
2024-06-03 19:39:59,775 INFO  - No more hops in DENM message (at simulation time 16.003,300,000 s)
2024-06-03 19:39:59,775 INFO  - Recieve a message from other vehicle (at simulation time 16.003,300,000 s)
2024-06-03 19:39:59,775 INFO  - My position is not better! (at simulation time 16.003,300,000 s)
2024-06-03 19:39:59,776 INFO  - Recieve a message from other vehicle (at simulation time 16.004,300,000 s)
2024-06-03 19:39:59,776 INFO  - My position is not better! (at simulation time 16.004,300,000 s)
2024-06-03 19:40:00,106 INFO  - Called #onVehicleUpdated (at simulation time 17.000,000,000 s)
2024-06-03 19:40:00,109 INFO  - Sending out AdHoc broadcast (at simulation time 17.000,000,000 s)
2024-06-03 19:40:00,112 INFO  - Recieve a message from other vehicle (at simulation time 17.000,400,000 s)
2024-06-03 19:40:00,112 INFO  - I'm in better position but no more hops in message (at simulation time 17.000,400,000 s)
2024-06-03 19:40:00,115 INFO  - Recieve a message from other vehicle (at simulation time 17.000,800,000 s)
2024-06-03 19:40:00,115 INFO  - I'm in better position but no more hops in message (at simulation time 17.000,800,000 s)
2024-06-03 19:40:00,116 INFO  - Recieve a message from other vehicle (at simulation time 17.000,900,000 s)
2024-06-03 19:40:00,116 INFO  - My position is not better! (at simulation time 17.000,900,000 s)
2024-06-03 19:40:00,117 INFO  - Recieve a message from other vehicle (at simulation time 17.000,900,000 s)
2024-06-03 19:40:00,117 INFO  - I'm in better position but no more hops in message (at simulation time 17.000,900,000 s)
2024-06-03 19:40:00,118 INFO  - Recieve a message from other vehicle (at simulation time 17.001,300,000 s)
2024-06-03 19:40:00,118 INFO  - I'm in better position but no more hops in message (at simulation time 17.001,300,000 s)
2024-06-03 19:40:00,119 INFO  - Recieve a message from other vehicle (at simulation time 17.001,400,000 s)
2024-06-03 19:40:00,119 INFO  - I'm in better position but no more hops in message (at simulation time 17.001,400,000 s)
2024-06-03 19:40:00,120 INFO  - Recieve a message from other vehicle (at simulation time 17.001,800,000 s)
2024-06-03 19:40:00,120 INFO  - I'm in better position but no more hops in message (at simulation time 17.001,800,000 s)
2024-06-03 19:40:00,120 INFO  - Recieve a message from other vehicle (at simulation time 17.001,900,000 s)
2024-06-03 19:40:00,120 INFO  - I'm in better position but no more hops in message (at simulation time 17.001,900,000 s)
2024-06-03 19:40:00,121 INFO  - Recieve a message from other vehicle (at simulation time 17.001,900,000 s)
2024-06-03 19:40:00,121 INFO  - I'm in better position but no more hops in message (at simulation time 17.001,900,000 s)
2024-06-03 19:40:00,121 INFO  - Recieve a message from other vehicle (at simulation time 17.001,900,000 s)
2024-06-03 19:40:00,121 INFO  - I'm in better position but no more hops in message (at simulation time 17.001,900,000 s)
2024-06-03 19:40:00,121 INFO  - Recieve a message from other vehicle (at simulation time 17.002,300,000 s)
2024-06-03 19:40:00,121 INFO  - I'm in better position but no more hops in message (at simulation time 17.002,300,000 s)
2024-06-03 19:40:00,122 INFO  - Recieve a message from other vehicle (at simulation time 17.002,400,000 s)
2024-06-03 19:40:00,122 INFO  - I'm in better position but no more hops in message (at simulation time 17.002,400,000 s)
2024-06-03 19:40:00,122 INFO  - Recieve a message from other vehicle (at simulation time 17.002,400,000 s)
2024-06-03 19:40:00,122 INFO  - I'm in better position but no more hops in message (at simulation time 17.002,400,000 s)
2024-06-03 19:40:00,122 INFO  - Recieve a message from other vehicle (at simulation time 17.002,400,000 s)
2024-06-03 19:40:00,122 INFO  - I'm in better position but no more hops in message (at simulation time 17.002,400,000 s)
2024-06-03 19:40:00,122 INFO  - Recieve a message from other vehicle (at simulation time 17.002,800,000 s)
2024-06-03 19:40:00,122 INFO  - I'm in better position but no more hops in message (at simulation time 17.002,800,000 s)
2024-06-03 19:40:00,456 INFO  - Called #onVehicleUpdated (at simulation time 18.000,000,000 s)
2024-06-03 19:40:00,461 INFO  - Recieve a message from other vehicle (at simulation time 18.000,400,000 s)
2024-06-03 19:40:00,461 INFO  - I'm in better position but no more hops in message (at simulation time 18.000,400,000 s)
2024-06-03 19:40:00,462 INFO  - Recieve a message from other vehicle (at simulation time 18.000,400,000 s)
2024-06-03 19:40:00,462 INFO  - Recending a message from other vehicle (at simulation time 18.000,400,000 s)
2024-06-03 19:40:00,466 INFO  - Recieve a message from other vehicle (at simulation time 18.001,300,000 s)
2024-06-03 19:40:00,466 INFO  - I'm in better position but no more hops in message (at simulation time 18.001,300,000 s)
2024-06-03 19:40:00,466 INFO  - Recieve a message from other vehicle (at simulation time 18.001,300,000 s)
2024-06-03 19:40:00,466 INFO  - I'm in better position but no more hops in message (at simulation time 18.001,300,000 s)
2024-06-03 19:40:00,467 INFO  - Recieve a message from other vehicle (at simulation time 18.001,400,000 s)
2024-06-03 19:40:00,467 INFO  - I'm in better position but no more hops in message (at simulation time 18.001,400,000 s)
2024-06-03 19:40:00,468 INFO  - Recieve a message from other vehicle (at simulation time 18.001,900,000 s)
2024-06-03 19:40:00,468 INFO  - My position is not better! (at simulation time 18.001,900,000 s)
2024-06-03 19:40:00,468 INFO  - Recieve a message from other vehicle (at simulation time 18.001,900,000 s)
2024-06-03 19:40:00,468 INFO  - I'm in better position but no more hops in message (at simulation time 18.001,900,000 s)
2024-06-03 19:40:00,469 INFO  - Recieve a message from other vehicle (at simulation time 18.001,900,000 s)
2024-06-03 19:40:00,469 INFO  - I'm in better position but no more hops in message (at simulation time 18.001,900,000 s)
2024-06-03 19:40:00,469 INFO  - Recieve a message from other vehicle (at simulation time 18.001,900,000 s)
2024-06-03 19:40:00,469 INFO  - My position is not better! (at simulation time 18.001,900,000 s)
2024-06-03 19:40:00,469 INFO  - Recieve a message from other vehicle (at simulation time 18.001,900,000 s)
2024-06-03 19:40:00,469 INFO  - My position is not better! (at simulation time 18.001,900,000 s)
2024-06-03 19:40:00,470 INFO  - Recieve a message from other vehicle (at simulation time 18.002,400,000 s)
2024-06-03 19:40:00,470 INFO  - I'm in better position but no more hops in message (at simulation time 18.002,400,000 s)
2024-06-03 19:40:00,471 INFO  - Recieve a message from other vehicle (at simulation time 18.002,400,000 s)
2024-06-03 19:40:00,471 INFO  - I'm in better position but no more hops in message (at simulation time 18.002,400,000 s)
2024-06-03 19:40:00,471 INFO  - Recieve a message from other vehicle (at simulation time 18.002,800,000 s)
2024-06-03 19:40:00,471 INFO  - My position is not better! (at simulation time 18.002,800,000 s)
2024-06-03 19:40:00,472 INFO  - Recieve a message from other vehicle (at simulation time 18.003,800,000 s)
2024-06-03 19:40:00,472 INFO  - I'm in better position but no more hops in message (at simulation time 18.003,800,000 s)
2024-06-03 19:40:00,472 INFO  - Recieve a message from other vehicle (at simulation time 18.004,300,000 s)
2024-06-03 19:40:00,472 INFO  - My position is not better! (at simulation time 18.004,300,000 s)
2024-06-03 19:40:00,807 INFO  - Called #onVehicleUpdated (at simulation time 19.000,000,000 s)
2024-06-03 19:40:00,809 INFO  - Sending out AdHoc broadcast (at simulation time 19.000,000,000 s)
2024-06-03 19:40:00,812 INFO  - Recieve a message from other vehicle (at simulation time 19.000,400,000 s)
2024-06-03 19:40:00,812 INFO  - Recending a message from other vehicle (at simulation time 19.000,400,000 s)
2024-06-03 19:40:00,813 INFO  - Recieve a message from other vehicle (at simulation time 19.000,400,000 s)
2024-06-03 19:40:00,813 INFO  - I'm in better position but no more hops in message (at simulation time 19.000,400,000 s)
2024-06-03 19:40:00,814 INFO  - Recieve a message from other vehicle (at simulation time 19.000,900,000 s)
2024-06-03 19:40:00,814 INFO  - My position is not better! (at simulation time 19.000,900,000 s)
2024-06-03 19:40:00,814 INFO  - Recieve a message from other vehicle (at simulation time 19.000,900,000 s)
2024-06-03 19:40:00,814 INFO  - I'm in better position but no more hops in message (at simulation time 19.000,900,000 s)
2024-06-03 19:40:00,814 INFO  - Recieve a message from other vehicle (at simulation time 19.000,900,000 s)
2024-06-03 19:40:00,814 INFO  - I'm in better position but no more hops in message (at simulation time 19.000,900,000 s)
2024-06-03 19:40:00,815 INFO  - Recieve a message from other vehicle (at simulation time 19.000,900,000 s)
2024-06-03 19:40:00,815 INFO  - Recending a message from other vehicle (at simulation time 19.000,900,000 s)
2024-06-03 19:40:00,816 INFO  - Recieve a message from other vehicle (at simulation time 19.001,300,000 s)
2024-06-03 19:40:00,816 INFO  - I'm in better position but no more hops in message (at simulation time 19.001,300,000 s)
2024-06-03 19:40:00,817 INFO  - Recieve a message from other vehicle (at simulation time 19.001,400,000 s)
2024-06-03 19:40:00,817 INFO  - I'm in better position but no more hops in message (at simulation time 19.001,400,000 s)
2024-06-03 19:40:00,819 INFO  - Recieve a message from other vehicle (at simulation time 19.001,900,000 s)
2024-06-03 19:40:00,819 INFO  - I'm in better position but no more hops in message (at simulation time 19.001,900,000 s)
2024-06-03 19:40:00,819 INFO  - Recieve a message from other vehicle (at simulation time 19.001,900,000 s)
2024-06-03 19:40:00,819 INFO  - I'm in better position but no more hops in message (at simulation time 19.001,900,000 s)
2024-06-03 19:40:00,819 INFO  - Recieve a message from other vehicle (at simulation time 19.002,300,000 s)
2024-06-03 19:40:00,819 INFO  - I'm in better position but no more hops in message (at simulation time 19.002,300,000 s)
2024-06-03 19:40:00,820 INFO  - Recieve a message from other vehicle (at simulation time 19.002,300,000 s)
2024-06-03 19:40:00,820 INFO  - My position is not better! (at simulation time 19.002,300,000 s)
2024-06-03 19:40:00,820 INFO  - Recieve a message from other vehicle (at simulation time 19.002,400,000 s)
2024-06-03 19:40:00,820 INFO  - I'm in better position but no more hops in message (at simulation time 19.002,400,000 s)
2024-06-03 19:40:00,821 INFO  - Recieve a message from other vehicle (at simulation time 19.003,300,000 s)
2024-06-03 19:40:00,821 INFO  - I'm in better position but no more hops in message (at simulation time 19.003,300,000 s)
2024-06-03 19:40:01,159 INFO  - Called #onVehicleUpdated (at simulation time 20.000,000,000 s)
2024-06-03 19:40:01,162 INFO  - Recieve a message from other vehicle (at simulation time 20.000,400,000 s)
2024-06-03 19:40:01,162 INFO  - Recending a message from other vehicle (at simulation time 20.000,400,000 s)
2024-06-03 19:40:01,162 INFO  - Recieve a message from other vehicle (at simulation time 20.000,400,000 s)
2024-06-03 19:40:01,162 INFO  - Recending a message from other vehicle (at simulation time 20.000,400,000 s)
2024-06-03 19:40:01,163 INFO  - Recieve a message from other vehicle (at simulation time 20.000,900,000 s)
2024-06-03 19:40:01,163 INFO  - I'm in better position but no more hops in message (at simulation time 20.000,900,000 s)
2024-06-03 19:40:01,163 INFO  - Recieve a message from other vehicle (at simulation time 20.000,900,000 s)
2024-06-03 19:40:01,163 INFO  - I'm in better position but no more hops in message (at simulation time 20.000,900,000 s)
2024-06-03 19:40:01,163 INFO  - Recieve a message from other vehicle (at simulation time 20.000,900,000 s)
2024-06-03 19:40:01,163 INFO  - My position is not better! (at simulation time 20.000,900,000 s)
2024-06-03 19:40:01,163 INFO  - Recieve a message from other vehicle (at simulation time 20.001,300,000 s)
2024-06-03 19:40:01,163 INFO  - I'm in better position but no more hops in message (at simulation time 20.001,300,000 s)
2024-06-03 19:40:01,164 INFO  - Recieve a message from other vehicle (at simulation time 20.001,800,000 s)
2024-06-03 19:40:01,164 INFO  - I'm in better position but no more hops in message (at simulation time 20.001,800,000 s)
2024-06-03 19:40:01,164 INFO  - Recieve a message from other vehicle (at simulation time 20.001,900,000 s)
2024-06-03 19:40:01,164 INFO  - I'm in better position but no more hops in message (at simulation time 20.001,900,000 s)
2024-06-03 19:40:01,164 INFO  - Recieve a message from other vehicle (at simulation time 20.001,900,000 s)
2024-06-03 19:40:01,165 INFO  - Recending a message from other vehicle (at simulation time 20.001,900,000 s)
2024-06-03 19:40:01,165 INFO  - Recieve a message from other vehicle (at simulation time 20.001,900,000 s)
2024-06-03 19:40:01,165 INFO  - I'm in better position but no more hops in message (at simulation time 20.001,900,000 s)
2024-06-03 19:40:01,165 INFO  - Recieve a message from other vehicle (at simulation time 20.001,900,000 s)
2024-06-03 19:40:01,165 INFO  - I'm in better position but no more hops in message (at simulation time 20.001,900,000 s)
2024-06-03 19:40:01,165 INFO  - Recieve a message from other vehicle (at simulation time 20.002,300,000 s)
2024-06-03 19:40:01,165 INFO  - I'm in better position but no more hops in message (at simulation time 20.002,300,000 s)
2024-06-03 19:40:01,166 INFO  - Recieve a message from other vehicle (at simulation time 20.002,400,000 s)
2024-06-03 19:40:01,166 INFO  - I'm in better position but no more hops in message (at simulation time 20.002,400,000 s)
2024-06-03 19:40:01,506 INFO  - Called #onVehicleUpdated (at simulation time 21.000,000,000 s)
2024-06-03 19:40:01,508 INFO  - Sending out AdHoc broadcast (at simulation time 21.000,000,000 s)
2024-06-03 19:40:01,510 INFO  - Recieve a message from other vehicle (at simulation time 21.000,400,000 s)
2024-06-03 19:40:01,510 INFO  - I'm in better position but no more hops in message (at simulation time 21.000,400,000 s)
2024-06-03 19:40:01,510 INFO  - Recieve a message from other vehicle (at simulation time 21.000,400,000 s)
2024-06-03 19:40:01,510 INFO  - I'm in better position but no more hops in message (at simulation time 21.000,400,000 s)
2024-06-03 19:40:01,510 INFO  - Recieve a message from other vehicle (at simulation time 21.000,400,000 s)
2024-06-03 19:40:01,510 INFO  - I'm in better position but no more hops in message (at simulation time 21.000,400,000 s)
2024-06-03 19:40:01,510 INFO  - Recieve a message from other vehicle (at simulation time 21.000,900,000 s)
2024-06-03 19:40:01,510 INFO  - I'm in better position but no more hops in message (at simulation time 21.000,900,000 s)
2024-06-03 19:40:01,511 INFO  - Recieve a message from other vehicle (at simulation time 21.001,300,000 s)
2024-06-03 19:40:01,511 INFO  - I'm in better position but no more hops in message (at simulation time 21.001,300,000 s)
2024-06-03 19:40:01,511 INFO  - Recieve a message from other vehicle (at simulation time 21.001,400,000 s)
2024-06-03 19:40:01,511 INFO  - I'm in better position but no more hops in message (at simulation time 21.001,400,000 s)
2024-06-03 19:40:01,513 INFO  - Recieve a message from other vehicle (at simulation time 21.002,400,000 s)
2024-06-03 19:40:01,513 INFO  - I'm in better position but no more hops in message (at simulation time 21.002,400,000 s)
2024-06-03 19:40:01,513 INFO  - Recieve a message from other vehicle (at simulation time 21.003,300,000 s)
2024-06-03 19:40:01,513 INFO  - I'm in better position but no more hops in message (at simulation time 21.003,300,000 s)
2024-06-03 19:40:01,856 INFO  - Called #onVehicleUpdated (at simulation time 22.000,000,000 s)
2024-06-03 19:40:01,859 INFO  - Recieve a message from other vehicle (at simulation time 22.000,400,000 s)
2024-06-03 19:40:01,859 INFO  - Recending a message from other vehicle (at simulation time 22.000,400,000 s)
2024-06-03 19:40:01,860 INFO  - Recieve a message from other vehicle (at simulation time 22.000,900,000 s)
2024-06-03 19:40:01,860 INFO  - Recending a message from other vehicle (at simulation time 22.000,900,000 s)
2024-06-03 19:40:01,860 INFO  - Recieve a message from other vehicle (at simulation time 22.001,400,000 s)
2024-06-03 19:40:01,860 INFO  - I'm in better position but no more hops in message (at simulation time 22.001,400,000 s)
2024-06-03 19:40:01,861 INFO  - Recieve a message from other vehicle (at simulation time 22.001,900,000 s)
2024-06-03 19:40:01,861 INFO  - Recending a message from other vehicle (at simulation time 22.001,900,000 s)
2024-06-03 19:40:01,861 INFO  - Recieve a message from other vehicle (at simulation time 22.001,900,000 s)
2024-06-03 19:40:01,861 INFO  - Recending a message from other vehicle (at simulation time 22.001,900,000 s)
2024-06-03 19:40:01,862 INFO  - Recieve a message from other vehicle (at simulation time 22.002,300,000 s)
2024-06-03 19:40:01,862 INFO  - I'm in better position but no more hops in message (at simulation time 22.002,300,000 s)
2024-06-03 19:40:01,862 INFO  - Recieve a message from other vehicle (at simulation time 22.002,400,000 s)
2024-06-03 19:40:01,862 INFO  - I'm in better position but no more hops in message (at simulation time 22.002,400,000 s)
2024-06-03 19:40:01,862 INFO  - Recieve a message from other vehicle (at simulation time 22.002,400,000 s)
2024-06-03 19:40:01,862 INFO  - Recending a message from other vehicle (at simulation time 22.002,400,000 s)
2024-06-03 19:40:01,863 INFO  - Recieve a message from other vehicle (at simulation time 22.002,800,000 s)
2024-06-03 19:40:01,863 INFO  - I'm in better position but no more hops in message (at simulation time 22.002,800,000 s)
2024-06-03 19:40:02,207 INFO  - Called #onVehicleUpdated (at simulation time 23.000,000,000 s)
2024-06-03 19:40:02,208 INFO  - Sending out AdHoc broadcast (at simulation time 23.000,000,000 s)
2024-06-03 19:40:02,209 INFO  - Recieve a message from other vehicle (at simulation time 23.000,900,000 s)
2024-06-03 19:40:02,210 INFO  - My position is not better! (at simulation time 23.000,900,000 s)
2024-06-03 19:40:02,210 INFO  - Recieve a message from other vehicle (at simulation time 23.000,900,000 s)
2024-06-03 19:40:02,210 INFO  - My position is not better! (at simulation time 23.000,900,000 s)
2024-06-03 19:40:02,210 INFO  - Recieve a message from other vehicle (at simulation time 23.000,900,000 s)
2024-06-03 19:40:02,210 INFO  - My position is not better! (at simulation time 23.000,900,000 s)
2024-06-03 19:40:02,210 INFO  - Recieve a message from other vehicle (at simulation time 23.001,400,000 s)
2024-06-03 19:40:02,210 INFO  - Recending a message from other vehicle (at simulation time 23.001,400,000 s)
2024-06-03 19:40:02,210 INFO  - Recieve a message from other vehicle (at simulation time 23.001,400,000 s)
2024-06-03 19:40:02,210 INFO  - Recending a message from other vehicle (at simulation time 23.001,400,000 s)
2024-06-03 19:40:02,211 INFO  - Recieve a message from other vehicle (at simulation time 23.002,400,000 s)
2024-06-03 19:40:02,211 INFO  - My position is not better! (at simulation time 23.002,400,000 s)
2024-06-03 19:40:02,212 INFO  - Recieve a message from other vehicle (at simulation time 23.003,800,000 s)
2024-06-03 19:40:02,212 INFO  - My position is not better! (at simulation time 23.003,800,000 s)
2024-06-03 19:40:02,557 INFO  - Called #onVehicleUpdated (at simulation time 24.000,000,000 s)
2024-06-03 19:40:02,560 INFO  - Recieve a message from other vehicle (at simulation time 24.000,900,000 s)
2024-06-03 19:40:02,560 INFO  - My position is not better! (at simulation time 24.000,900,000 s)
2024-06-03 19:40:02,560 INFO  - Recieve a message from other vehicle (at simulation time 24.001,300,000 s)
2024-06-03 19:40:02,560 INFO  - I'm in better position but no more hops in message (at simulation time 24.001,300,000 s)
2024-06-03 19:40:02,560 INFO  - Recieve a message from other vehicle (at simulation time 24.002,400,000 s)
2024-06-03 19:40:02,560 INFO  - My position is not better! (at simulation time 24.002,400,000 s)
2024-06-03 19:40:02,560 INFO  - Recieve a message from other vehicle (at simulation time 24.002,400,000 s)
2024-06-03 19:40:02,560 INFO  - My position is not better! (at simulation time 24.002,400,000 s)
2024-06-03 19:40:02,909 INFO  - Called #onVehicleUpdated (at simulation time 25.000,000,000 s)
2024-06-03 19:40:02,910 INFO  - Sending out AdHoc broadcast (at simulation time 25.000,000,000 s)
2024-06-03 19:40:03,256 INFO  - Called #onVehicleUpdated (at simulation time 26.000,000,000 s)
2024-06-03 19:40:03,259 INFO  - Recieve a message from RSU (at simulation time 26.002,400,000 s)
2024-06-03 19:40:03,607 INFO  - Called #onVehicleUpdated (at simulation time 27.000,000,000 s)
2024-06-03 19:40:03,608 INFO  - Sending out AdHoc broadcast (at simulation time 27.000,000,000 s)
2024-06-03 19:40:03,956 INFO  - Called #onVehicleUpdated (at simulation time 28.000,000,000 s)
2024-06-03 19:40:04,307 INFO  - Called #onVehicleUpdated (at simulation time 29.000,000,000 s)
2024-06-03 19:40:04,308 INFO  - Sending out AdHoc broadcast (at simulation time 29.000,000,000 s)
2024-06-03 19:40:04,658 INFO  - Called #onVehicleUpdated (at simulation time 30.000,000,000 s)
2024-06-03 19:40:05,007 INFO  - Called #onVehicleUpdated (at simulation time 31.000,000,000 s)
2024-06-03 19:40:05,008 INFO  - Sending out AdHoc broadcast (at simulation time 31.000,000,000 s)
2024-06-03 19:40:05,356 INFO  - Shutdown (at simulation time 32.000,000,000 s)
