2024-06-03 19:50:57,286 INFO  - Initialize Vehicle application (at simulation time 438.000,000,000 s)
2024-06-03 19:50:57,287 INFO  - Activated WLAN Module (at simulation time 438.000,000,000 s)
2024-06-03 19:50:57,287 INFO  - Called #onVehicleUpdated (at simulation time 438.000,000,000 s)
2024-06-03 19:50:57,287 INFO  - Exced velocity! Sending new CAM (at simulation time 438.000,000,000 s)
2024-06-03 19:50:57,287 INFO  - Sending out AdHoc broadcast (at simulation time 438.000,000,000 s)
2024-06-03 19:50:57,289 INFO  - Called #onVehicleUpdated (at simulation time 439.000,000,000 s)
2024-06-03 19:50:57,289 INFO  - Exced velocity! Sending new CAM (at simulation time 439.000,000,000 s)
2024-06-03 19:50:57,289 INFO  - Sending out AdHoc broadcast (at simulation time 439.000,000,000 s)
2024-06-03 19:50:57,289 INFO  - Define the name: veh_70 and route: r_3 (at simulation time 439.000,000,000 s)
2024-06-03 19:50:57,289 INFO  - Sending out AdHoc broadcast (at simulation time 439.000,000,000 s)
2024-06-03 19:50:57,291 INFO  - Called #onVehicleUpdated (at simulation time 440.000,000,000 s)
2024-06-03 19:50:57,291 INFO  - Exced velocity! Sending new CAM (at simulation time 440.000,000,000 s)
2024-06-03 19:50:57,291 INFO  - Sending out AdHoc broadcast (at simulation time 440.000,000,000 s)
2024-06-03 19:50:57,291 INFO  - Sending out AdHoc broadcast (at simulation time 440.000,000,000 s)
2024-06-03 19:50:57,292 INFO  - Called #onVehicleUpdated (at simulation time 441.000,000,000 s)
2024-06-03 19:50:57,292 INFO  - Exced velocity! Sending new CAM (at simulation time 441.000,000,000 s)
2024-06-03 19:50:57,292 INFO  - Sending out AdHoc broadcast (at simulation time 441.000,000,000 s)
2024-06-03 19:50:57,292 INFO  - Sending out AdHoc broadcast (at simulation time 441.000,000,000 s)
2024-06-03 19:50:57,292 INFO  - Sending out AdHoc broadcast (at simulation time 441.000,000,000 s)
2024-06-03 19:50:57,293 INFO  - Called #onVehicleUpdated (at simulation time 442.000,000,000 s)
2024-06-03 19:50:57,293 INFO  - Exced velocity! Sending new CAM (at simulation time 442.000,000,000 s)
2024-06-03 19:50:57,293 INFO  - Sending out AdHoc broadcast (at simulation time 442.000,000,000 s)
2024-06-03 19:50:57,293 INFO  - Sending out AdHoc broadcast (at simulation time 442.000,000,000 s)
2024-06-03 19:50:57,293 INFO  - Sending out AdHoc broadcast (at simulation time 442.000,000,000 s)
2024-06-03 19:50:57,294 INFO  - Called #onVehicleUpdated (at simulation time 443.000,000,000 s)
2024-06-03 19:50:57,294 INFO  - Exced velocity! Sending new CAM (at simulation time 443.000,000,000 s)
2024-06-03 19:50:57,294 INFO  - Sending out AdHoc broadcast (at simulation time 443.000,000,000 s)
2024-06-03 19:50:57,294 INFO  - Sending out AdHoc broadcast (at simulation time 443.000,000,000 s)
2024-06-03 19:50:57,294 INFO  - Sending out AdHoc broadcast (at simulation time 443.000,000,000 s)
2024-06-03 19:50:57,294 INFO  - Sending out AdHoc broadcast (at simulation time 443.000,000,000 s)
2024-06-03 19:50:57,295 INFO  - Called #onVehicleUpdated (at simulation time 444.000,000,000 s)
2024-06-03 19:50:57,295 INFO  - Sending out AdHoc broadcast (at simulation time 444.000,000,000 s)
2024-06-03 19:50:57,295 INFO  - Sending out AdHoc broadcast (at simulation time 444.000,000,000 s)
2024-06-03 19:50:57,295 INFO  - Sending out AdHoc broadcast (at simulation time 444.000,000,000 s)
2024-06-03 19:50:57,297 INFO  - Called #onVehicleUpdated (at simulation time 445.000,000,000 s)
2024-06-03 19:50:57,297 INFO  - Sending out AdHoc broadcast (at simulation time 445.000,000,000 s)
2024-06-03 19:50:57,297 INFO  - Sending out AdHoc broadcast (at simulation time 445.000,000,000 s)
2024-06-03 19:50:57,297 INFO  - Sending out AdHoc broadcast (at simulation time 445.000,000,000 s)
2024-06-03 19:50:57,297 INFO  - Sending out AdHoc broadcast (at simulation time 445.000,000,000 s)
2024-06-03 19:50:57,297 INFO  - Recieve a message from other vehicle (at simulation time 445.000,400,000 s)
2024-06-03 19:50:57,297 INFO  - Recending a message from other vehicle (at simulation time 445.000,400,000 s)
2024-06-03 19:50:57,299 INFO  - Called #onVehicleUpdated (at simulation time 446.000,000,000 s)
2024-06-03 19:50:57,299 INFO  - Sending out AdHoc broadcast (at simulation time 446.000,000,000 s)
2024-06-03 19:50:57,299 INFO  - Sending out AdHoc broadcast (at simulation time 446.000,000,000 s)
2024-06-03 19:50:57,299 INFO  - Sending out AdHoc broadcast (at simulation time 446.000,000,000 s)
2024-06-03 19:50:57,299 INFO  - Recieve a message from other vehicle (at simulation time 446.002,800,000 s)
2024-06-03 19:50:57,299 INFO  - I'm in better position but no more hops in message (at simulation time 446.002,800,000 s)
2024-06-03 19:50:57,300 INFO  - Called #onVehicleUpdated (at simulation time 447.000,000,000 s)
2024-06-03 19:50:57,300 INFO  - Sending out DENM broadcast (at simulation time 447.000,000,000 s)
2024-06-03 19:50:57,300 INFO  - Sending out AdHoc broadcast (at simulation time 447.000,000,000 s)
2024-06-03 19:50:57,300 INFO  - Sending out AdHoc broadcast (at simulation time 447.000,000,000 s)
2024-06-03 19:50:57,300 INFO  - Sending out AdHoc broadcast (at simulation time 447.000,000,000 s)
2024-06-03 19:50:57,300 INFO  - Sending out AdHoc broadcast (at simulation time 447.000,000,000 s)
2024-06-03 19:50:57,300 INFO  - Recieve a message from other vehicle (at simulation time 447.000,400,000 s)
2024-06-03 19:50:57,300 INFO  - DENM message Recived from veh_71 -info : nevoeiro (at simulation time 447.000,400,000 s)
2024-06-03 19:50:57,300 INFO  - Recending a DENM message from other vehicle (at simulation time 447.000,400,000 s)
2024-06-03 19:50:57,301 INFO  - Recieve a message from other vehicle (at simulation time 447.000,900,000 s)
2024-06-03 19:50:57,301 INFO  - My position is not better! (at simulation time 447.000,900,000 s)
2024-06-03 19:50:57,301 INFO  - Recieve a message from other vehicle (at simulation time 447.001,300,000 s)
2024-06-03 19:50:57,301 INFO  - My position is not better! (at simulation time 447.001,300,000 s)
2024-06-03 19:50:57,301 INFO  - Recieve a message from other vehicle (at simulation time 447.001,400,000 s)
2024-06-03 19:50:57,301 INFO  - My position is not better! (at simulation time 447.001,400,000 s)
2024-06-03 19:50:57,301 INFO  - Recieve a message from other vehicle (at simulation time 447.001,800,000 s)
2024-06-03 19:50:57,301 INFO  - DENM message Recived from veh_68 -info : seco (at simulation time 447.001,800,000 s)
2024-06-03 19:50:57,301 INFO  - No more hops in DENM message (at simulation time 447.001,800,000 s)
2024-06-03 19:50:57,301 INFO  - Recieve a message from other vehicle (at simulation time 447.001,800,000 s)
2024-06-03 19:50:57,301 INFO  - My position is not better! (at simulation time 447.001,800,000 s)
2024-06-03 19:50:57,301 INFO  - Recieve a message from other vehicle (at simulation time 447.002,300,000 s)
2024-06-03 19:50:57,301 INFO  - My position is not better! (at simulation time 447.002,300,000 s)
2024-06-03 19:50:57,301 INFO  - Recieve a message from other vehicle (at simulation time 447.002,300,000 s)
2024-06-03 19:50:57,301 INFO  - DENM message Recived from veh_70 -info : nevoeiro (at simulation time 447.002,300,000 s)
2024-06-03 19:50:57,301 INFO  - No more hops in DENM message (at simulation time 447.002,300,000 s)
2024-06-03 19:50:57,301 INFO  - Recieve a message from other vehicle (at simulation time 447.002,300,000 s)
2024-06-03 19:50:57,301 INFO  - My position is not better! (at simulation time 447.002,300,000 s)
2024-06-03 19:50:57,301 INFO  - Recieve a message from other vehicle (at simulation time 447.002,300,000 s)
2024-06-03 19:50:57,301 INFO  - My position is not better! (at simulation time 447.002,300,000 s)
2024-06-03 19:50:57,301 INFO  - Recieve a message from other vehicle (at simulation time 447.002,400,000 s)
2024-06-03 19:50:57,301 INFO  - DENM message Recived from veh_68 -info : seco (at simulation time 447.002,400,000 s)
2024-06-03 19:50:57,301 INFO  - No more hops in DENM message (at simulation time 447.002,400,000 s)
2024-06-03 19:50:57,302 INFO  - Called #onVehicleUpdated (at simulation time 448.000,000,000 s)
2024-06-03 19:50:57,302 INFO  - Exced velocity! Sending new CAM (at simulation time 448.000,000,000 s)
2024-06-03 19:50:57,303 INFO  - Sending out AdHoc broadcast (at simulation time 448.000,000,000 s)
2024-06-03 19:50:57,303 INFO  - Sending out AdHoc broadcast (at simulation time 448.000,000,000 s)
2024-06-03 19:50:57,303 INFO  - Sending out AdHoc broadcast (at simulation time 448.000,000,000 s)
2024-06-03 19:50:57,303 INFO  - Sending out AdHoc broadcast (at simulation time 448.000,000,000 s)
2024-06-03 19:50:57,303 INFO  - Recieve a message from other vehicle (at simulation time 448.000,900,000 s)
2024-06-03 19:50:57,303 INFO  - DENM message Recived from veh_69 -info : seco (at simulation time 448.000,900,000 s)
2024-06-03 19:50:57,303 INFO  - Recending a DENM message from other vehicle (at simulation time 448.000,900,000 s)
2024-06-03 19:50:57,303 INFO  - Recieve a message from other vehicle (at simulation time 448.001,300,000 s)
2024-06-03 19:50:57,303 INFO  - My position is not better! (at simulation time 448.001,300,000 s)
2024-06-03 19:50:57,303 INFO  - Recieve a message from other vehicle (at simulation time 448.001,400,000 s)
2024-06-03 19:50:57,303 INFO  - My position is not better! (at simulation time 448.001,400,000 s)
2024-06-03 19:50:57,303 INFO  - Recieve a message from other vehicle (at simulation time 448.001,800,000 s)
2024-06-03 19:50:57,303 INFO  - My position is not better! (at simulation time 448.001,800,000 s)
2024-06-03 19:50:57,303 INFO  - Recieve a message from other vehicle (at simulation time 448.001,800,000 s)
2024-06-03 19:50:57,303 INFO  - My position is not better! (at simulation time 448.001,800,000 s)
2024-06-03 19:50:57,303 INFO  - Recieve a message from other vehicle (at simulation time 448.002,300,000 s)
2024-06-03 19:50:57,303 INFO  - My position is not better! (at simulation time 448.002,300,000 s)
2024-06-03 19:50:57,303 INFO  - Recieve a message from other vehicle (at simulation time 448.003,800,000 s)
2024-06-03 19:50:57,303 INFO  - My position is not better! (at simulation time 448.003,800,000 s)
2024-06-03 19:50:57,304 INFO  - Called #onVehicleUpdated (at simulation time 449.000,000,000 s)
2024-06-03 19:50:57,304 INFO  - Exced velocity! Sending new CAM (at simulation time 449.000,000,000 s)
2024-06-03 19:50:57,304 INFO  - Sending out AdHoc broadcast (at simulation time 449.000,000,000 s)
2024-06-03 19:50:57,304 INFO  - Sending out AdHoc broadcast (at simulation time 449.000,000,000 s)
2024-06-03 19:50:57,304 INFO  - Sending out AdHoc broadcast (at simulation time 449.000,000,000 s)
2024-06-03 19:50:57,304 INFO  - Sending out AdHoc broadcast (at simulation time 449.000,000,000 s)
2024-06-03 19:50:57,304 INFO  - Sending out AdHoc broadcast (at simulation time 449.000,000,000 s)
2024-06-03 19:50:57,304 INFO  - Recieve a message from other vehicle (at simulation time 449.001,300,000 s)
2024-06-03 19:50:57,304 INFO  - My position is not better! (at simulation time 449.001,300,000 s)
2024-06-03 19:50:57,304 INFO  - Recieve a message from other vehicle (at simulation time 449.001,800,000 s)
2024-06-03 19:50:57,304 INFO  - My position is not better! (at simulation time 449.001,800,000 s)
2024-06-03 19:50:57,304 INFO  - Recieve a message from other vehicle (at simulation time 449.001,800,000 s)
2024-06-03 19:50:57,304 INFO  - My position is not better! (at simulation time 449.001,800,000 s)
2024-06-03 19:50:57,305 INFO  - Recieve a message from other vehicle (at simulation time 449.003,300,000 s)
2024-06-03 19:50:57,305 INFO  - My position is not better! (at simulation time 449.003,300,000 s)
2024-06-03 19:50:57,305 INFO  - Recieve a message from other vehicle (at simulation time 449.003,800,000 s)
2024-06-03 19:50:57,305 INFO  - My position is not better! (at simulation time 449.003,800,000 s)
2024-06-03 19:50:57,306 INFO  - Called #onVehicleUpdated (at simulation time 450.000,000,000 s)
2024-06-03 19:50:57,306 INFO  - Exced velocity! Sending new CAM (at simulation time 450.000,000,000 s)
2024-06-03 19:50:57,306 INFO  - Sending out AdHoc broadcast (at simulation time 450.000,000,000 s)
2024-06-03 19:50:57,306 INFO  - Sending out AdHoc broadcast (at simulation time 450.000,000,000 s)
2024-06-03 19:50:57,306 INFO  - Sending out AdHoc broadcast (at simulation time 450.000,000,000 s)
2024-06-03 19:50:57,306 INFO  - Sending out AdHoc broadcast (at simulation time 450.000,000,000 s)
2024-06-03 19:50:57,306 INFO  - Sending out AdHoc broadcast (at simulation time 450.000,000,000 s)
2024-06-03 19:50:57,307 INFO  - Called #onVehicleUpdated (at simulation time 451.000,000,000 s)
2024-06-03 19:50:57,307 INFO  - Exced velocity! Sending new CAM (at simulation time 451.000,000,000 s)
2024-06-03 19:50:57,307 INFO  - Sending out AdHoc broadcast (at simulation time 451.000,000,000 s)
2024-06-03 19:50:57,307 INFO  - Sending out AdHoc broadcast (at simulation time 451.000,000,000 s)
2024-06-03 19:50:57,307 INFO  - Sending out AdHoc broadcast (at simulation time 451.000,000,000 s)
2024-06-03 19:50:57,307 INFO  - Sending out AdHoc broadcast (at simulation time 451.000,000,000 s)
2024-06-03 19:50:57,307 INFO  - Sending out AdHoc broadcast (at simulation time 451.000,000,000 s)
2024-06-03 19:50:57,311 INFO  - Sending out AdHoc broadcast (at simulation time 451.000,000,000 s)
2024-06-03 19:50:57,313 INFO  - Called #onVehicleUpdated (at simulation time 452.000,000,000 s)
2024-06-03 19:50:57,313 INFO  - Exced velocity! Sending new CAM (at simulation time 452.000,000,000 s)
2024-06-03 19:50:57,313 INFO  - Sending out AdHoc broadcast (at simulation time 452.000,000,000 s)
2024-06-03 19:50:57,313 INFO  - Sending out AdHoc broadcast (at simulation time 452.000,000,000 s)
2024-06-03 19:50:57,313 INFO  - Sending out AdHoc broadcast (at simulation time 452.000,000,000 s)
2024-06-03 19:50:57,313 INFO  - Sending out AdHoc broadcast (at simulation time 452.000,000,000 s)
2024-06-03 19:50:57,313 INFO  - Sending out AdHoc broadcast (at simulation time 452.000,000,000 s)
2024-06-03 19:50:57,313 INFO  - Sending out AdHoc broadcast (at simulation time 452.000,000,000 s)
2024-06-03 19:50:57,314 INFO  - Called #onVehicleUpdated (at simulation time 453.000,000,000 s)
2024-06-03 19:50:57,314 INFO  - Exced velocity! Sending new CAM (at simulation time 453.000,000,000 s)
2024-06-03 19:50:57,314 INFO  - Sending out AdHoc broadcast (at simulation time 453.000,000,000 s)
2024-06-03 19:50:57,314 INFO  - Sending out AdHoc broadcast (at simulation time 453.000,000,000 s)
2024-06-03 19:50:57,314 INFO  - Sending out AdHoc broadcast (at simulation time 453.000,000,000 s)
2024-06-03 19:50:57,314 INFO  - Sending out AdHoc broadcast (at simulation time 453.000,000,000 s)
2024-06-03 19:50:57,314 INFO  - Sending out AdHoc broadcast (at simulation time 453.000,000,000 s)
2024-06-03 19:50:57,314 INFO  - Sending out AdHoc broadcast (at simulation time 453.000,000,000 s)
2024-06-03 19:50:57,314 INFO  - Sending out AdHoc broadcast (at simulation time 453.000,000,000 s)
2024-06-03 19:50:57,315 INFO  - Shutdown (at simulation time 454.000,000,000 s)
