2024-06-03 19:42:28,360 INFO  - Initialize Vehicle application (at simulation time 6.000,000,000 s)
2024-06-03 19:42:28,362 INFO  - Activated WLAN Module (at simulation time 6.000,000,000 s)
2024-06-03 19:42:28,369 INFO  - Called #onVehicleUpdated (at simulation time 6.000,000,000 s)
2024-06-03 19:42:28,369 INFO  - Exced velocity! Sending new CAM (at simulation time 6.000,000,000 s)
2024-06-03 19:42:28,370 INFO  - Sending out AdHoc broadcast (at simulation time 6.000,000,000 s)
2024-06-03 19:42:28,605 INFO  - Called #onVehicleUpdated (at simulation time 7.000,000,000 s)
2024-06-03 19:42:28,608 INFO  - Define the name: veh_1 and route: r_2 (at simulation time 7.000,000,000 s)
2024-06-03 19:42:28,609 INFO  - Sending out AdHoc broadcast (at simulation time 7.000,000,000 s)
2024-06-03 19:42:28,849 INFO  - Called #onVehicleUpdated (at simulation time 8.000,000,000 s)
2024-06-03 19:42:28,851 INFO  - Sending out AdHoc broadcast (at simulation time 8.000,000,000 s)
2024-06-03 19:42:28,856 INFO  - Recieve a message from other vehicle (at simulation time 8.001,400,000 s)
2024-06-03 19:42:28,856 INFO  - Recending a message from other vehicle (at simulation time 8.001,400,000 s)
2024-06-03 19:42:29,099 INFO  - Called #onVehicleUpdated (at simulation time 9.000,000,000 s)
2024-06-03 19:42:29,102 INFO  - Sending out AdHoc broadcast (at simulation time 9.000,000,000 s)
2024-06-03 19:42:29,359 INFO  - Called #onVehicleUpdated (at simulation time 10.000,000,000 s)
2024-06-03 19:42:29,361 INFO  - Sending out AdHoc broadcast (at simulation time 10.000,000,000 s)
2024-06-03 19:42:29,363 INFO  - Recieve a message from other vehicle (at simulation time 10.000,400,000 s)
2024-06-03 19:42:29,363 INFO  - Recending a message from other vehicle (at simulation time 10.000,400,000 s)
2024-06-03 19:42:29,597 INFO  - Called #onVehicleUpdated (at simulation time 11.000,000,000 s)
2024-06-03 19:42:29,599 INFO  - Sending out AdHoc broadcast (at simulation time 11.000,000,000 s)
2024-06-03 19:42:29,847 INFO  - Called #onVehicleUpdated (at simulation time 12.000,000,000 s)
2024-06-03 19:42:29,848 INFO  - Sending out AdHoc broadcast (at simulation time 12.000,000,000 s)
2024-06-03 19:42:29,852 INFO  - Recieve a message from other vehicle (at simulation time 12.000,900,000 s)
2024-06-03 19:42:29,852 INFO  - Recending a message from other vehicle (at simulation time 12.000,900,000 s)
2024-06-03 19:42:30,098 INFO  - Called #onVehicleUpdated (at simulation time 13.000,000,000 s)
2024-06-03 19:42:30,099 INFO  - Sending out AdHoc broadcast (at simulation time 13.000,000,000 s)
2024-06-03 19:42:30,101 INFO  - Recieve a message from other vehicle (at simulation time 13.000,400,000 s)
2024-06-03 19:42:30,101 INFO  - My position is not better! (at simulation time 13.000,400,000 s)
2024-06-03 19:42:30,103 INFO  - Recieve a message from other vehicle (at simulation time 13.000,900,000 s)
2024-06-03 19:42:30,103 INFO  - My position is not better! (at simulation time 13.000,900,000 s)
2024-06-03 19:42:30,103 INFO  - Recieve a message from other vehicle (at simulation time 13.000,900,000 s)
2024-06-03 19:42:30,103 INFO  - I'm in better position but no more hops in message (at simulation time 13.000,900,000 s)
2024-06-03 19:42:30,105 INFO  - Recieve a message from other vehicle (at simulation time 13.001,400,000 s)
2024-06-03 19:42:30,105 INFO  - My position is not better! (at simulation time 13.001,400,000 s)
2024-06-03 19:42:30,105 INFO  - Recieve a message from other vehicle (at simulation time 13.001,400,000 s)
2024-06-03 19:42:30,105 INFO  - My position is not better! (at simulation time 13.001,400,000 s)
2024-06-03 19:42:30,106 INFO  - Recieve a message from other vehicle (at simulation time 13.001,400,000 s)
2024-06-03 19:42:30,106 INFO  - My position is not better! (at simulation time 13.001,400,000 s)
2024-06-03 19:42:30,106 INFO  - Recieve a message from other vehicle (at simulation time 13.001,400,000 s)
2024-06-03 19:42:30,106 INFO  - My position is not better! (at simulation time 13.001,400,000 s)
2024-06-03 19:42:30,109 INFO  - Recieve a message from other vehicle (at simulation time 13.001,900,000 s)
2024-06-03 19:42:30,109 INFO  - My position is not better! (at simulation time 13.001,900,000 s)
2024-06-03 19:42:30,109 INFO  - Recieve a message from other vehicle (at simulation time 13.001,900,000 s)
2024-06-03 19:42:30,109 INFO  - My position is not better! (at simulation time 13.001,900,000 s)
2024-06-03 19:42:30,111 INFO  - Recieve a message from other vehicle (at simulation time 13.002,300,000 s)
2024-06-03 19:42:30,111 INFO  - My position is not better! (at simulation time 13.002,300,000 s)
2024-06-03 19:42:30,111 INFO  - Recieve a message from other vehicle (at simulation time 13.002,300,000 s)
2024-06-03 19:42:30,111 INFO  - My position is not better! (at simulation time 13.002,300,000 s)
2024-06-03 19:42:30,112 INFO  - Recieve a message from other vehicle (at simulation time 13.002,800,000 s)
2024-06-03 19:42:30,112 INFO  - I'm in better position but no more hops in message (at simulation time 13.002,800,000 s)
2024-06-03 19:42:30,113 INFO  - Recieve a message from other vehicle (at simulation time 13.003,300,000 s)
2024-06-03 19:42:30,113 INFO  - I'm in better position but no more hops in message (at simulation time 13.003,300,000 s)
2024-06-03 19:42:30,114 INFO  - Recieve a message from other vehicle (at simulation time 13.003,800,000 s)
2024-06-03 19:42:30,114 INFO  - My position is not better! (at simulation time 13.003,800,000 s)
2024-06-03 19:42:30,114 INFO  - Recieve a message from other vehicle (at simulation time 13.003,800,000 s)
2024-06-03 19:42:30,114 INFO  - My position is not better! (at simulation time 13.003,800,000 s)
2024-06-03 19:42:30,114 INFO  - Recieve a message from other vehicle (at simulation time 13.003,800,000 s)
2024-06-03 19:42:30,114 INFO  - My position is not better! (at simulation time 13.003,800,000 s)
2024-06-03 19:42:30,349 INFO  - Called #onVehicleUpdated (at simulation time 14.000,000,000 s)
2024-06-03 19:42:30,351 INFO  - Sending out AdHoc broadcast (at simulation time 14.000,000,000 s)
2024-06-03 19:42:30,354 INFO  - Recieve a message from other vehicle (at simulation time 14.000,400,000 s)
2024-06-03 19:42:30,354 INFO  - My position is not better! (at simulation time 14.000,400,000 s)
2024-06-03 19:42:30,355 INFO  - Recieve a message from other vehicle (at simulation time 14.000,400,000 s)
2024-06-03 19:42:30,355 INFO  - Recending a message from other vehicle (at simulation time 14.000,400,000 s)
2024-06-03 19:42:30,360 INFO  - Recieve a message from other vehicle (at simulation time 14.001,300,000 s)
2024-06-03 19:42:30,360 INFO  - I'm in better position but no more hops in message (at simulation time 14.001,300,000 s)
2024-06-03 19:42:30,360 INFO  - Recieve a message from other vehicle (at simulation time 14.001,400,000 s)
2024-06-03 19:42:30,360 INFO  - I'm in better position but no more hops in message (at simulation time 14.001,400,000 s)
2024-06-03 19:42:30,363 INFO  - Recieve a message from other vehicle (at simulation time 14.001,800,000 s)
2024-06-03 19:42:30,363 INFO  - I'm in better position but no more hops in message (at simulation time 14.001,800,000 s)
2024-06-03 19:42:30,363 INFO  - Recieve a message from other vehicle (at simulation time 14.001,800,000 s)
2024-06-03 19:42:30,363 INFO  - I'm in better position but no more hops in message (at simulation time 14.001,800,000 s)
2024-06-03 19:42:30,363 INFO  - Recieve a message from other vehicle (at simulation time 14.001,800,000 s)
2024-06-03 19:42:30,363 INFO  - I'm in better position but no more hops in message (at simulation time 14.001,800,000 s)
2024-06-03 19:42:30,363 INFO  - Recieve a message from other vehicle (at simulation time 14.001,900,000 s)
2024-06-03 19:42:30,363 INFO  - My position is not better! (at simulation time 14.001,900,000 s)
2024-06-03 19:42:30,364 INFO  - Recieve a message from other vehicle (at simulation time 14.001,900,000 s)
2024-06-03 19:42:30,364 INFO  - My position is not better! (at simulation time 14.001,900,000 s)
2024-06-03 19:42:30,364 INFO  - Recieve a message from other vehicle (at simulation time 14.001,900,000 s)
2024-06-03 19:42:30,364 INFO  - I'm in better position but no more hops in message (at simulation time 14.001,900,000 s)
2024-06-03 19:42:30,364 INFO  - Recieve a message from other vehicle (at simulation time 14.001,900,000 s)
2024-06-03 19:42:30,364 INFO  - I'm in better position but no more hops in message (at simulation time 14.001,900,000 s)
2024-06-03 19:42:30,364 INFO  - Recieve a message from other vehicle (at simulation time 14.001,900,000 s)
2024-06-03 19:42:30,364 INFO  - I'm in better position but no more hops in message (at simulation time 14.001,900,000 s)
2024-06-03 19:42:30,365 INFO  - Recieve a message from other vehicle (at simulation time 14.002,300,000 s)
2024-06-03 19:42:30,365 INFO  - I'm in better position but no more hops in message (at simulation time 14.002,300,000 s)
2024-06-03 19:42:30,365 INFO  - Recieve a message from other vehicle (at simulation time 14.002,300,000 s)
2024-06-03 19:42:30,365 INFO  - My position is not better! (at simulation time 14.002,300,000 s)
2024-06-03 19:42:30,365 INFO  - Recieve a message from other vehicle (at simulation time 14.002,400,000 s)
2024-06-03 19:42:30,365 INFO  - I'm in better position but no more hops in message (at simulation time 14.002,400,000 s)
2024-06-03 19:42:30,610 INFO  - Called #onVehicleUpdated (at simulation time 15.000,000,000 s)
2024-06-03 19:42:30,611 INFO  - Sending out DENM broadcast (at simulation time 15.000,000,000 s)
2024-06-03 19:42:30,613 INFO  - Sending out AdHoc broadcast (at simulation time 15.000,000,000 s)
2024-06-03 19:42:30,616 INFO  - Recieve a message from other vehicle (at simulation time 15.000,400,000 s)
2024-06-03 19:42:30,616 INFO  - DENM message Recived from veh_5 -info : nevoeiro (at simulation time 15.000,400,000 s)
2024-06-03 19:42:30,616 INFO  - No more hops in DENM message (at simulation time 15.000,400,000 s)
2024-06-03 19:42:30,616 INFO  - Recieve a message from other vehicle (at simulation time 15.000,400,000 s)
2024-06-03 19:42:30,616 INFO  - I'm in better position but no more hops in message (at simulation time 15.000,400,000 s)
2024-06-03 19:42:30,616 INFO  - Recieve a message from other vehicle (at simulation time 15.000,400,000 s)
2024-06-03 19:42:30,617 INFO  - Recending a message from other vehicle (at simulation time 15.000,400,000 s)
2024-06-03 19:42:30,617 INFO  - Recieve a message from other vehicle (at simulation time 15.000,400,000 s)
2024-06-03 19:42:30,617 INFO  - I'm in better position but no more hops in message (at simulation time 15.000,400,000 s)
2024-06-03 19:42:30,618 INFO  - Recieve a message from other vehicle (at simulation time 15.000,900,000 s)
2024-06-03 19:42:30,618 INFO  - I'm in better position but no more hops in message (at simulation time 15.000,900,000 s)
2024-06-03 19:42:30,620 INFO  - Recieve a message from other vehicle (at simulation time 15.001,300,000 s)
2024-06-03 19:42:30,620 INFO  - DENM message Recived from veh_3 -info : seco (at simulation time 15.001,300,000 s)
2024-06-03 19:42:30,620 INFO  - No more hops in DENM message (at simulation time 15.001,300,000 s)
2024-06-03 19:42:30,620 INFO  - Recieve a message from other vehicle (at simulation time 15.001,300,000 s)
2024-06-03 19:42:30,620 INFO  - DENM message Recived from veh_5 -info : nevoeiro (at simulation time 15.001,300,000 s)
2024-06-03 19:42:30,620 INFO  - No more hops in DENM message (at simulation time 15.001,300,000 s)
2024-06-03 19:42:30,621 INFO  - Recieve a message from other vehicle (at simulation time 15.001,300,000 s)
2024-06-03 19:42:30,621 INFO  - I'm in better position but no more hops in message (at simulation time 15.001,300,000 s)
2024-06-03 19:42:30,624 INFO  - Recieve a message from other vehicle (at simulation time 15.001,800,000 s)
2024-06-03 19:42:30,625 INFO  - I'm in better position but no more hops in message (at simulation time 15.001,800,000 s)
2024-06-03 19:42:30,626 INFO  - Recieve a message from other vehicle (at simulation time 15.001,800,000 s)
2024-06-03 19:42:30,626 INFO  - I'm in better position but no more hops in message (at simulation time 15.001,800,000 s)
2024-06-03 19:42:30,626 INFO  - Recieve a message from other vehicle (at simulation time 15.001,800,000 s)
2024-06-03 19:42:30,626 INFO  - I'm in better position but no more hops in message (at simulation time 15.001,800,000 s)
2024-06-03 19:42:30,626 INFO  - Recieve a message from other vehicle (at simulation time 15.001,800,000 s)
2024-06-03 19:42:30,626 INFO  - DENM message Recived from veh_1 -info : nevoeiro (at simulation time 15.001,800,000 s)
2024-06-03 19:42:30,626 INFO  - No more hops in DENM message (at simulation time 15.001,800,000 s)
2024-06-03 19:42:30,627 INFO  - Recieve a message from other vehicle (at simulation time 15.001,900,000 s)
2024-06-03 19:42:30,627 INFO  - DENM message Recived from veh_0 -info : nevoeiro (at simulation time 15.001,900,000 s)
2024-06-03 19:42:30,627 INFO  - No more hops in DENM message (at simulation time 15.001,900,000 s)
2024-06-03 19:42:30,627 INFO  - Recieve a message from other vehicle (at simulation time 15.001,900,000 s)
2024-06-03 19:42:30,627 INFO  - I'm in better position but no more hops in message (at simulation time 15.001,900,000 s)
2024-06-03 19:42:30,627 INFO  - Recieve a message from other vehicle (at simulation time 15.001,900,000 s)
2024-06-03 19:42:30,627 INFO  - I'm in better position but no more hops in message (at simulation time 15.001,900,000 s)
2024-06-03 19:42:30,627 INFO  - Recieve a message from other vehicle (at simulation time 15.001,900,000 s)
2024-06-03 19:42:30,627 INFO  - I'm in better position but no more hops in message (at simulation time 15.001,900,000 s)
2024-06-03 19:42:30,627 INFO  - Recieve a message from other vehicle (at simulation time 15.001,900,000 s)
2024-06-03 19:42:30,627 INFO  - I'm in better position but no more hops in message (at simulation time 15.001,900,000 s)
2024-06-03 19:42:30,628 INFO  - Recieve a message from other vehicle (at simulation time 15.002,300,000 s)
2024-06-03 19:42:30,628 INFO  - DENM message Recived from veh_0 -info : nevoeiro (at simulation time 15.002,300,000 s)
2024-06-03 19:42:30,628 INFO  - No more hops in DENM message (at simulation time 15.002,300,000 s)
2024-06-03 19:42:30,628 INFO  - Recieve a message from other vehicle (at simulation time 15.002,400,000 s)
2024-06-03 19:42:30,628 INFO  - DENM message Recived from veh_3 -info : seco (at simulation time 15.002,400,000 s)
2024-06-03 19:42:30,628 INFO  - No more hops in DENM message (at simulation time 15.002,400,000 s)
2024-06-03 19:42:30,629 INFO  - Recieve a message from other vehicle (at simulation time 15.002,400,000 s)
2024-06-03 19:42:30,629 INFO  - I'm in better position but no more hops in message (at simulation time 15.002,400,000 s)
2024-06-03 19:42:30,629 INFO  - Recieve a message from other vehicle (at simulation time 15.002,400,000 s)
2024-06-03 19:42:30,629 INFO  - I'm in better position but no more hops in message (at simulation time 15.002,400,000 s)
2024-06-03 19:42:30,630 INFO  - Recieve a message from other vehicle (at simulation time 15.003,300,000 s)
2024-06-03 19:42:30,630 INFO  - I'm in better position but no more hops in message (at simulation time 15.003,300,000 s)
2024-06-03 19:42:30,850 INFO  - Called #onVehicleUpdated (at simulation time 16.000,000,000 s)
2024-06-03 19:42:30,851 INFO  - Sending out AdHoc broadcast (at simulation time 16.000,000,000 s)
2024-06-03 19:42:30,858 INFO  - Recieve a message from other vehicle (at simulation time 16.000,800,000 s)
2024-06-03 19:42:30,858 INFO  - I'm in better position but no more hops in message (at simulation time 16.000,800,000 s)
2024-06-03 19:42:30,859 INFO  - Recieve a message from other vehicle (at simulation time 16.000,900,000 s)
2024-06-03 19:42:30,859 INFO  - Recending a message from other vehicle (at simulation time 16.000,900,000 s)
2024-06-03 19:42:30,859 INFO  - Recieve a message from other vehicle (at simulation time 16.000,900,000 s)
2024-06-03 19:42:30,859 INFO  - I'm in better position but no more hops in message (at simulation time 16.000,900,000 s)
2024-06-03 19:42:30,862 INFO  - Recieve a message from other vehicle (at simulation time 16.001,300,000 s)
2024-06-03 19:42:30,862 INFO  - I'm in better position but no more hops in message (at simulation time 16.001,300,000 s)
2024-06-03 19:42:30,863 INFO  - Recieve a message from other vehicle (at simulation time 16.001,400,000 s)
2024-06-03 19:42:30,863 INFO  - I'm in better position but no more hops in message (at simulation time 16.001,400,000 s)
2024-06-03 19:42:30,863 INFO  - Recieve a message from other vehicle (at simulation time 16.001,400,000 s)
2024-06-03 19:42:30,863 INFO  - Recending a message from other vehicle (at simulation time 16.001,400,000 s)
2024-06-03 19:42:30,864 INFO  - Recieve a message from other vehicle (at simulation time 16.001,800,000 s)
2024-06-03 19:42:30,864 INFO  - DENM message Recived from veh_4 -info : seco (at simulation time 16.001,800,000 s)
2024-06-03 19:42:30,864 INFO  - No more hops in DENM message (at simulation time 16.001,800,000 s)
2024-06-03 19:42:30,864 INFO  - Recieve a message from other vehicle (at simulation time 16.001,800,000 s)
2024-06-03 19:42:30,864 INFO  - I'm in better position but no more hops in message (at simulation time 16.001,800,000 s)
2024-06-03 19:42:30,865 INFO  - Recieve a message from other vehicle (at simulation time 16.001,900,000 s)
2024-06-03 19:42:30,865 INFO  - DENM message Recived from veh_2 -info : piso-molhado (at simulation time 16.001,900,000 s)
2024-06-03 19:42:30,865 INFO  - I slow down due to road state (at simulation time 16.001,900,000 s)
2024-06-03 19:42:30,865 INFO  - No more hops in DENM message (at simulation time 16.001,900,000 s)
2024-06-03 19:42:30,865 INFO  - Recieve a message from other vehicle (at simulation time 16.001,900,000 s)
2024-06-03 19:42:30,865 INFO  - I'm in better position but no more hops in message (at simulation time 16.001,900,000 s)
2024-06-03 19:42:30,866 INFO  - Recieve a message from other vehicle (at simulation time 16.001,900,000 s)
2024-06-03 19:42:30,866 INFO  - I'm in better position but no more hops in message (at simulation time 16.001,900,000 s)
2024-06-03 19:42:30,866 INFO  - Recieve a message from other vehicle (at simulation time 16.002,300,000 s)
2024-06-03 19:42:30,866 INFO  - I'm in better position but no more hops in message (at simulation time 16.002,300,000 s)
2024-06-03 19:42:30,867 INFO  - Recieve a message from other vehicle (at simulation time 16.002,400,000 s)
2024-06-03 19:42:30,867 INFO  - DENM message Recived from veh_4 -info : seco (at simulation time 16.002,400,000 s)
2024-06-03 19:42:30,867 INFO  - No more hops in DENM message (at simulation time 16.002,400,000 s)
2024-06-03 19:42:30,867 INFO  - Recieve a message from other vehicle (at simulation time 16.002,400,000 s)
2024-06-03 19:42:30,867 INFO  - I'm in better position but no more hops in message (at simulation time 16.002,400,000 s)
2024-06-03 19:42:30,867 INFO  - Recieve a message from other vehicle (at simulation time 16.002,400,000 s)
2024-06-03 19:42:30,867 INFO  - I'm in better position but no more hops in message (at simulation time 16.002,400,000 s)
2024-06-03 19:42:30,867 INFO  - Recieve a message from other vehicle (at simulation time 16.002,400,000 s)
2024-06-03 19:42:30,867 INFO  - I'm in better position but no more hops in message (at simulation time 16.002,400,000 s)
2024-06-03 19:42:30,868 INFO  - Recieve a message from other vehicle (at simulation time 16.003,300,000 s)
2024-06-03 19:42:30,868 INFO  - DENM message Recived from veh_2 -info : piso-molhado (at simulation time 16.003,300,000 s)
2024-06-03 19:42:30,868 INFO  - I slow down due to road state (at simulation time 16.003,300,000 s)
2024-06-03 19:42:30,868 INFO  - No more hops in DENM message (at simulation time 16.003,300,000 s)
2024-06-03 19:42:31,098 INFO  - Called #onVehicleUpdated (at simulation time 17.000,000,000 s)
2024-06-03 19:42:31,098 INFO  - Sending out AdHoc broadcast (at simulation time 17.000,000,000 s)
2024-06-03 19:42:31,100 INFO  - Recieve a message from other vehicle (at simulation time 17.000,800,000 s)
2024-06-03 19:42:31,101 INFO  - I'm in better position but no more hops in message (at simulation time 17.000,800,000 s)
2024-06-03 19:42:31,101 INFO  - Recieve a message from other vehicle (at simulation time 17.001,300,000 s)
2024-06-03 19:42:31,101 INFO  - I'm in better position but no more hops in message (at simulation time 17.001,300,000 s)
2024-06-03 19:42:31,101 INFO  - Recieve a message from other vehicle (at simulation time 17.001,300,000 s)
2024-06-03 19:42:31,102 INFO  - I'm in better position but no more hops in message (at simulation time 17.001,300,000 s)
2024-06-03 19:42:31,102 INFO  - Recieve a message from other vehicle (at simulation time 17.001,400,000 s)
2024-06-03 19:42:31,102 INFO  - My position is not better! (at simulation time 17.001,400,000 s)
2024-06-03 19:42:31,102 INFO  - Recieve a message from other vehicle (at simulation time 17.001,400,000 s)
2024-06-03 19:42:31,102 INFO  - My position is not better! (at simulation time 17.001,400,000 s)
2024-06-03 19:42:31,102 INFO  - Recieve a message from other vehicle (at simulation time 17.001,800,000 s)
2024-06-03 19:42:31,102 INFO  - My position is not better! (at simulation time 17.001,800,000 s)
2024-06-03 19:42:31,102 INFO  - Recieve a message from other vehicle (at simulation time 17.001,900,000 s)
2024-06-03 19:42:31,102 INFO  - My position is not better! (at simulation time 17.001,900,000 s)
2024-06-03 19:42:31,102 INFO  - Recieve a message from other vehicle (at simulation time 17.001,900,000 s)
2024-06-03 19:42:31,102 INFO  - My position is not better! (at simulation time 17.001,900,000 s)
2024-06-03 19:42:31,102 INFO  - Recieve a message from other vehicle (at simulation time 17.001,900,000 s)
2024-06-03 19:42:31,102 INFO  - My position is not better! (at simulation time 17.001,900,000 s)
2024-06-03 19:42:31,102 INFO  - Recieve a message from other vehicle (at simulation time 17.002,300,000 s)
2024-06-03 19:42:31,102 INFO  - I'm in better position but no more hops in message (at simulation time 17.002,300,000 s)
2024-06-03 19:42:31,103 INFO  - Recieve a message from other vehicle (at simulation time 17.002,400,000 s)
2024-06-03 19:42:31,103 INFO  - My position is not better! (at simulation time 17.002,400,000 s)
2024-06-03 19:42:31,348 INFO  - Called #onVehicleUpdated (at simulation time 18.000,000,000 s)
2024-06-03 19:42:31,349 INFO  - Sending out AdHoc broadcast (at simulation time 18.000,000,000 s)
2024-06-03 19:42:31,351 INFO  - Recieve a message from other vehicle (at simulation time 18.000,400,000 s)
2024-06-03 19:42:31,351 INFO  - My position is not better! (at simulation time 18.000,400,000 s)
2024-06-03 19:42:31,353 INFO  - Recieve a message from other vehicle (at simulation time 18.001,400,000 s)
2024-06-03 19:42:31,353 INFO  - My position is not better! (at simulation time 18.001,400,000 s)
2024-06-03 19:42:31,353 INFO  - Recieve a message from other vehicle (at simulation time 18.001,400,000 s)
2024-06-03 19:42:31,354 INFO  - My position is not better! (at simulation time 18.001,400,000 s)
2024-06-03 19:42:31,354 INFO  - Recieve a message from other vehicle (at simulation time 18.001,800,000 s)
2024-06-03 19:42:31,354 INFO  - I'm in better position but no more hops in message (at simulation time 18.001,800,000 s)
2024-06-03 19:42:31,354 INFO  - Recieve a message from other vehicle (at simulation time 18.001,800,000 s)
2024-06-03 19:42:31,354 INFO  - I'm in better position but no more hops in message (at simulation time 18.001,800,000 s)
2024-06-03 19:42:31,354 INFO  - Recieve a message from other vehicle (at simulation time 18.001,900,000 s)
2024-06-03 19:42:31,355 INFO  - My position is not better! (at simulation time 18.001,900,000 s)
2024-06-03 19:42:31,355 INFO  - Recieve a message from other vehicle (at simulation time 18.002,300,000 s)
2024-06-03 19:42:31,355 INFO  - I'm in better position but no more hops in message (at simulation time 18.002,300,000 s)
2024-06-03 19:42:31,355 INFO  - Recieve a message from other vehicle (at simulation time 18.002,300,000 s)
2024-06-03 19:42:31,355 INFO  - My position is not better! (at simulation time 18.002,300,000 s)
2024-06-03 19:42:31,355 INFO  - Recieve a message from other vehicle (at simulation time 18.002,400,000 s)
2024-06-03 19:42:31,355 INFO  - My position is not better! (at simulation time 18.002,400,000 s)
2024-06-03 19:42:31,356 INFO  - Recieve a message from other vehicle (at simulation time 18.002,400,000 s)
2024-06-03 19:42:31,356 INFO  - My position is not better! (at simulation time 18.002,400,000 s)
2024-06-03 19:42:31,357 INFO  - Recieve a message from other vehicle (at simulation time 18.003,300,000 s)
2024-06-03 19:42:31,357 INFO  - My position is not better! (at simulation time 18.003,300,000 s)
2024-06-03 19:42:31,599 INFO  - Called #onVehicleUpdated (at simulation time 19.000,000,000 s)
2024-06-03 19:42:31,601 INFO  - Sending out AdHoc broadcast (at simulation time 19.000,000,000 s)
2024-06-03 19:42:31,603 INFO  - Recieve a message from other vehicle (at simulation time 19.000,400,000 s)
2024-06-03 19:42:31,603 INFO  - My position is not better! (at simulation time 19.000,400,000 s)
2024-06-03 19:42:31,604 INFO  - Recieve a message from other vehicle (at simulation time 19.000,900,000 s)
2024-06-03 19:42:31,604 INFO  - My position is not better! (at simulation time 19.000,900,000 s)
2024-06-03 19:42:31,604 INFO  - Recieve a message from other vehicle (at simulation time 19.000,900,000 s)
2024-06-03 19:42:31,604 INFO  - My position is not better! (at simulation time 19.000,900,000 s)
2024-06-03 19:42:31,604 INFO  - Recieve a message from other vehicle (at simulation time 19.001,400,000 s)
2024-06-03 19:42:31,604 INFO  - My position is not better! (at simulation time 19.001,400,000 s)
2024-06-03 19:42:31,605 INFO  - Recieve a message from other vehicle (at simulation time 19.001,900,000 s)
2024-06-03 19:42:31,605 INFO  - My position is not better! (at simulation time 19.001,900,000 s)
2024-06-03 19:42:31,606 INFO  - Recieve a message from other vehicle (at simulation time 19.002,300,000 s)
2024-06-03 19:42:31,606 INFO  - My position is not better! (at simulation time 19.002,300,000 s)
2024-06-03 19:42:31,606 INFO  - Recieve a message from other vehicle (at simulation time 19.002,300,000 s)
2024-06-03 19:42:31,606 INFO  - My position is not better! (at simulation time 19.002,300,000 s)
2024-06-03 19:42:31,606 INFO  - Recieve a message from other vehicle (at simulation time 19.002,400,000 s)
2024-06-03 19:42:31,606 INFO  - My position is not better! (at simulation time 19.002,400,000 s)
2024-06-03 19:42:31,853 INFO  - Called #onVehicleUpdated (at simulation time 20.000,000,000 s)
2024-06-03 19:42:31,854 INFO  - Sending out AdHoc broadcast (at simulation time 20.000,000,000 s)
2024-06-03 19:42:31,855 INFO  - Recieve a message from other vehicle (at simulation time 20.000,400,000 s)
2024-06-03 19:42:31,856 INFO  - My position is not better! (at simulation time 20.000,400,000 s)
2024-06-03 19:42:31,856 INFO  - Recieve a message from other vehicle (at simulation time 20.000,900,000 s)
2024-06-03 19:42:31,856 INFO  - My position is not better! (at simulation time 20.000,900,000 s)
2024-06-03 19:42:31,857 INFO  - Recieve a message from other vehicle (at simulation time 20.001,900,000 s)
2024-06-03 19:42:31,857 INFO  - My position is not better! (at simulation time 20.001,900,000 s)
2024-06-03 19:42:31,857 INFO  - Recieve a message from other vehicle (at simulation time 20.002,300,000 s)
2024-06-03 19:42:31,857 INFO  - My position is not better! (at simulation time 20.002,300,000 s)
2024-06-03 19:42:31,857 INFO  - Recieve a message from other vehicle (at simulation time 20.002,400,000 s)
2024-06-03 19:42:31,857 INFO  - My position is not better! (at simulation time 20.002,400,000 s)
2024-06-03 19:42:31,857 INFO  - Recieve a message from other vehicle (at simulation time 20.002,400,000 s)
2024-06-03 19:42:31,857 INFO  - My position is not better! (at simulation time 20.002,400,000 s)
2024-06-03 19:42:31,858 INFO  - Recieve a message from other vehicle (at simulation time 20.002,400,000 s)
2024-06-03 19:42:31,858 INFO  - My position is not better! (at simulation time 20.002,400,000 s)
2024-06-03 19:42:31,858 INFO  - Recieve a message from other vehicle (at simulation time 20.003,800,000 s)
2024-06-03 19:42:31,858 INFO  - My position is not better! (at simulation time 20.003,800,000 s)
2024-06-03 19:42:31,858 INFO  - Recieve a message from other vehicle (at simulation time 20.004,300,000 s)
2024-06-03 19:42:31,858 INFO  - My position is not better! (at simulation time 20.004,300,000 s)
2024-06-03 19:42:32,098 INFO  - Called #onVehicleUpdated (at simulation time 21.000,000,000 s)
2024-06-03 19:42:32,099 INFO  - Sending out AdHoc broadcast (at simulation time 21.000,000,000 s)
2024-06-03 19:42:32,101 INFO  - Recieve a message from other vehicle (at simulation time 21.000,400,000 s)
2024-06-03 19:42:32,101 INFO  - My position is not better! (at simulation time 21.000,400,000 s)
2024-06-03 19:42:32,101 INFO  - Recieve a message from other vehicle (at simulation time 21.000,800,000 s)
2024-06-03 19:42:32,101 INFO  - My position is not better! (at simulation time 21.000,800,000 s)
2024-06-03 19:42:32,102 INFO  - Recieve a message from other vehicle (at simulation time 21.001,400,000 s)
2024-06-03 19:42:32,102 INFO  - My position is not better! (at simulation time 21.001,400,000 s)
2024-06-03 19:42:32,102 INFO  - Recieve a message from other vehicle (at simulation time 21.001,900,000 s)
2024-06-03 19:42:32,102 INFO  - My position is not better! (at simulation time 21.001,900,000 s)
2024-06-03 19:42:32,103 INFO  - Recieve a message from other vehicle (at simulation time 21.002,400,000 s)
2024-06-03 19:42:32,103 INFO  - My position is not better! (at simulation time 21.002,400,000 s)
2024-06-03 19:42:32,103 INFO  - Recieve a message from other vehicle (at simulation time 21.002,400,000 s)
2024-06-03 19:42:32,103 INFO  - My position is not better! (at simulation time 21.002,400,000 s)
2024-06-03 19:42:32,103 INFO  - Recieve a message from other vehicle (at simulation time 21.002,800,000 s)
2024-06-03 19:42:32,103 INFO  - My position is not better! (at simulation time 21.002,800,000 s)
2024-06-03 19:42:32,349 INFO  - Called #onVehicleUpdated (at simulation time 22.000,000,000 s)
2024-06-03 19:42:32,350 INFO  - Sending out AdHoc broadcast (at simulation time 22.000,000,000 s)
2024-06-03 19:42:32,352 INFO  - Recieve a message from other vehicle (at simulation time 22.000,400,000 s)
2024-06-03 19:42:32,352 INFO  - My position is not better! (at simulation time 22.000,400,000 s)
2024-06-03 19:42:32,353 INFO  - Recieve a message from other vehicle (at simulation time 22.000,900,000 s)
2024-06-03 19:42:32,353 INFO  - My position is not better! (at simulation time 22.000,900,000 s)
2024-06-03 19:42:32,353 INFO  - Recieve a message from other vehicle (at simulation time 22.001,300,000 s)
2024-06-03 19:42:32,353 INFO  - My position is not better! (at simulation time 22.001,300,000 s)
2024-06-03 19:42:32,354 INFO  - Recieve a message from other vehicle (at simulation time 22.001,400,000 s)
2024-06-03 19:42:32,354 INFO  - My position is not better! (at simulation time 22.001,400,000 s)
2024-06-03 19:42:32,354 INFO  - Recieve a message from other vehicle (at simulation time 22.001,800,000 s)
2024-06-03 19:42:32,354 INFO  - My position is not better! (at simulation time 22.001,800,000 s)
2024-06-03 19:42:32,355 INFO  - Recieve a message from other vehicle (at simulation time 22.002,300,000 s)
2024-06-03 19:42:32,355 INFO  - My position is not better! (at simulation time 22.002,300,000 s)
2024-06-03 19:42:32,355 INFO  - Recieve a message from other vehicle (at simulation time 22.002,400,000 s)
2024-06-03 19:42:32,355 INFO  - My position is not better! (at simulation time 22.002,400,000 s)
2024-06-03 19:42:32,355 INFO  - Recieve a message from other vehicle (at simulation time 22.003,300,000 s)
2024-06-03 19:42:32,355 INFO  - My position is not better! (at simulation time 22.003,300,000 s)
2024-06-03 19:42:32,599 INFO  - Called #onVehicleUpdated (at simulation time 23.000,000,000 s)
2024-06-03 19:42:32,601 INFO  - Sending out AdHoc broadcast (at simulation time 23.000,000,000 s)
2024-06-03 19:42:32,849 INFO  - Called #onVehicleUpdated (at simulation time 24.000,000,000 s)
2024-06-03 19:42:32,850 INFO  - Sending out AdHoc broadcast (at simulation time 24.000,000,000 s)
2024-06-03 19:42:33,099 INFO  - Called #onVehicleUpdated (at simulation time 25.000,000,000 s)
2024-06-03 19:42:33,100 INFO  - Sending out AdHoc broadcast (at simulation time 25.000,000,000 s)
2024-06-03 19:42:33,350 INFO  - Called #onVehicleUpdated (at simulation time 26.000,000,000 s)
2024-06-03 19:42:33,350 INFO  - Sending out AdHoc broadcast (at simulation time 26.000,000,000 s)
2024-06-03 19:42:33,600 INFO  - Called #onVehicleUpdated (at simulation time 27.000,000,000 s)
2024-06-03 19:42:33,601 INFO  - Sending out AdHoc broadcast (at simulation time 27.000,000,000 s)
2024-06-03 19:42:33,850 INFO  - Called #onVehicleUpdated (at simulation time 28.000,000,000 s)
2024-06-03 19:42:33,851 INFO  - Sending out AdHoc broadcast (at simulation time 28.000,000,000 s)
2024-06-03 19:42:34,099 INFO  - Called #onVehicleUpdated (at simulation time 29.000,000,000 s)
2024-06-03 19:42:34,100 INFO  - Sending out AdHoc broadcast (at simulation time 29.000,000,000 s)
2024-06-03 19:42:34,352 INFO  - Shutdown (at simulation time 30.000,000,000 s)
