2024-06-03 19:15:01,264 INFO  - Initialize Vehicle application (at simulation time 223.000,000,000 s)
2024-06-03 19:15:01,265 INFO  - Activated WLAN Module (at simulation time 223.000,000,000 s)
2024-06-03 19:15:01,265 INFO  - Called #onVehicleUpdated (at simulation time 223.000,000,000 s)
2024-06-03 19:15:01,267 INFO  - Recieve a message from other vehicle (at simulation time 223.001,900,000 s)
2024-06-03 19:15:01,267 INFO  - My position is not better! (at simulation time 223.001,900,000 s)
2024-06-03 19:15:01,267 INFO  - Recieve a message from other vehicle (at simulation time 223.001,900,000 s)
2024-06-03 19:15:01,267 INFO  - My position is not better! (at simulation time 223.001,900,000 s)
2024-06-03 19:15:01,269 INFO  - Called #onVehicleUpdated (at simulation time 224.000,000,000 s)
2024-06-03 19:15:01,270 INFO  - Define the name: veh_40 and route: r_3 (at simulation time 224.000,000,000 s)
2024-06-03 19:15:01,270 INFO  - Sending out AdHoc broadcast (at simulation time 224.000,000,000 s)
2024-06-03 19:15:01,271 INFO  - Recieve a message from other vehicle (at simulation time 224.001,800,000 s)
2024-06-03 19:15:01,271 INFO  - My position is not better! (at simulation time 224.001,800,000 s)
2024-06-03 19:15:01,271 INFO  - Recieve a message from other vehicle (at simulation time 224.002,400,000 s)
2024-06-03 19:15:01,271 INFO  - My position is not better! (at simulation time 224.002,400,000 s)
2024-06-03 19:15:01,274 INFO  - Called #onVehicleUpdated (at simulation time 225.000,000,000 s)
2024-06-03 19:15:01,274 INFO  - Recieve a message from other vehicle (at simulation time 225.000,900,000 s)
2024-06-03 19:15:01,274 INFO  - My position is not better! (at simulation time 225.000,900,000 s)
2024-06-03 19:15:01,275 INFO  - Recieve a message from other vehicle (at simulation time 225.001,900,000 s)
2024-06-03 19:15:01,275 INFO  - My position is not better! (at simulation time 225.001,900,000 s)
2024-06-03 19:15:01,275 INFO  - Recieve a message from other vehicle (at simulation time 225.002,400,000 s)
2024-06-03 19:15:01,275 INFO  - My position is not better! (at simulation time 225.002,400,000 s)
2024-06-03 19:15:01,276 INFO  - Called #onVehicleUpdated (at simulation time 226.000,000,000 s)
2024-06-03 19:15:01,276 INFO  - Sending out AdHoc broadcast (at simulation time 226.000,000,000 s)
2024-06-03 19:15:01,277 INFO  - Recieve a message from other vehicle (at simulation time 226.001,400,000 s)
2024-06-03 19:15:01,277 INFO  - My position is not better! (at simulation time 226.001,400,000 s)
2024-06-03 19:15:01,277 INFO  - Recieve a message from other vehicle (at simulation time 226.001,900,000 s)
2024-06-03 19:15:01,277 INFO  - My position is not better! (at simulation time 226.001,900,000 s)
2024-06-03 19:15:01,278 INFO  - Recieve a message from other vehicle (at simulation time 226.002,800,000 s)
2024-06-03 19:15:01,278 INFO  - My position is not better! (at simulation time 226.002,800,000 s)
2024-06-03 19:15:01,279 INFO  - Called #onVehicleUpdated (at simulation time 227.000,000,000 s)
2024-06-03 19:15:01,280 INFO  - Recieve a message from other vehicle (at simulation time 227.000,400,000 s)
2024-06-03 19:15:01,280 INFO  - My position is not better! (at simulation time 227.000,400,000 s)
2024-06-03 19:15:01,280 INFO  - Recieve a message from other vehicle (at simulation time 227.001,400,000 s)
2024-06-03 19:15:01,280 INFO  - My position is not better! (at simulation time 227.001,400,000 s)
2024-06-03 19:15:01,281 INFO  - Recieve a message from other vehicle (at simulation time 227.001,400,000 s)
2024-06-03 19:15:01,281 INFO  - My position is not better! (at simulation time 227.001,400,000 s)
2024-06-03 19:15:01,282 INFO  - Called #onVehicleUpdated (at simulation time 228.000,000,000 s)
2024-06-03 19:15:01,283 INFO  - Sending out AdHoc broadcast (at simulation time 228.000,000,000 s)
2024-06-03 19:15:01,284 INFO  - Recieve a message from other vehicle (at simulation time 228.000,800,000 s)
2024-06-03 19:15:01,284 INFO  - My position is not better! (at simulation time 228.000,800,000 s)
2024-06-03 19:15:01,284 INFO  - Recieve a message from other vehicle (at simulation time 228.000,900,000 s)
2024-06-03 19:15:01,284 INFO  - My position is not better! (at simulation time 228.000,900,000 s)
2024-06-03 19:15:01,284 INFO  - Recieve a message from other vehicle (at simulation time 228.001,400,000 s)
2024-06-03 19:15:01,284 INFO  - My position is not better! (at simulation time 228.001,400,000 s)
2024-06-03 19:15:01,287 INFO  - Called #onVehicleUpdated (at simulation time 229.000,000,000 s)
2024-06-03 19:15:01,288 INFO  - Recieve a message from other vehicle (at simulation time 229.000,400,000 s)
2024-06-03 19:15:01,288 INFO  - My position is not better! (at simulation time 229.000,400,000 s)
2024-06-03 19:15:01,292 INFO  - Recieve a message from other vehicle (at simulation time 229.001,400,000 s)
2024-06-03 19:15:01,292 INFO  - My position is not better! (at simulation time 229.001,400,000 s)
2024-06-03 19:15:01,292 INFO  - Recieve a message from other vehicle (at simulation time 229.001,900,000 s)
2024-06-03 19:15:01,292 INFO  - My position is not better! (at simulation time 229.001,900,000 s)
2024-06-03 19:15:01,295 INFO  - Called #onVehicleUpdated (at simulation time 230.000,000,000 s)
2024-06-03 19:15:01,295 INFO  - Sending out AdHoc broadcast (at simulation time 230.000,000,000 s)
2024-06-03 19:15:01,296 INFO  - Recieve a message from other vehicle (at simulation time 230.001,400,000 s)
2024-06-03 19:15:01,296 INFO  - I'm in better position but no more hops in message (at simulation time 230.001,400,000 s)
2024-06-03 19:15:01,296 INFO  - Recieve a message from other vehicle (at simulation time 230.001,800,000 s)
2024-06-03 19:15:01,296 INFO  - My position is not better! (at simulation time 230.001,800,000 s)
2024-06-03 19:15:01,296 INFO  - Recieve a message from other vehicle (at simulation time 230.001,900,000 s)
2024-06-03 19:15:01,296 INFO  - I'm in better position but no more hops in message (at simulation time 230.001,900,000 s)
2024-06-03 19:15:01,296 INFO  - Recieve a message from other vehicle (at simulation time 230.001,900,000 s)
2024-06-03 19:15:01,296 INFO  - I'm in better position but no more hops in message (at simulation time 230.001,900,000 s)
2024-06-03 19:15:01,296 INFO  - Recieve a message from other vehicle (at simulation time 230.001,900,000 s)
2024-06-03 19:15:01,296 INFO  - My position is not better! (at simulation time 230.001,900,000 s)
2024-06-03 19:15:01,296 INFO  - Recieve a message from other vehicle (at simulation time 230.002,400,000 s)
2024-06-03 19:15:01,296 INFO  - My position is not better! (at simulation time 230.002,400,000 s)
2024-06-03 19:15:01,296 INFO  - Recieve a message from other vehicle (at simulation time 230.002,400,000 s)
2024-06-03 19:15:01,296 INFO  - My position is not better! (at simulation time 230.002,400,000 s)
2024-06-03 19:15:01,298 INFO  - Called #onVehicleUpdated (at simulation time 231.000,000,000 s)
2024-06-03 19:15:01,300 INFO  - Recieve a message from other vehicle (at simulation time 231.000,400,000 s)
2024-06-03 19:15:01,300 INFO  - DENM message Recived from veh_41 -info : seco (at simulation time 231.000,400,000 s)
2024-06-03 19:15:01,300 INFO  - No more hops in DENM message (at simulation time 231.000,400,000 s)
2024-06-03 19:15:01,300 INFO  - Recieve a message from other vehicle (at simulation time 231.000,400,000 s)
2024-06-03 19:15:01,300 INFO  - I'm in better position but no more hops in message (at simulation time 231.000,400,000 s)
2024-06-03 19:15:01,300 INFO  - Recieve a message from other vehicle (at simulation time 231.000,800,000 s)
2024-06-03 19:15:01,300 INFO  - My position is not better! (at simulation time 231.000,800,000 s)
2024-06-03 19:15:01,300 INFO  - Recieve a message from other vehicle (at simulation time 231.000,900,000 s)
2024-06-03 19:15:01,300 INFO  - I'm in better position but no more hops in message (at simulation time 231.000,900,000 s)
2024-06-03 19:15:01,301 INFO  - Recieve a message from other vehicle (at simulation time 231.001,400,000 s)
2024-06-03 19:15:01,301 INFO  - My position is not better! (at simulation time 231.001,400,000 s)
2024-06-03 19:15:01,302 INFO  - Recieve a message from other vehicle (at simulation time 231.001,900,000 s)
2024-06-03 19:15:01,302 INFO  - My position is not better! (at simulation time 231.001,900,000 s)
2024-06-03 19:15:01,302 INFO  - Recieve a message from other vehicle (at simulation time 231.001,900,000 s)
2024-06-03 19:15:01,302 INFO  - I'm in better position but no more hops in message (at simulation time 231.001,900,000 s)
2024-06-03 19:15:01,302 INFO  - Recieve a message from other vehicle (at simulation time 231.001,900,000 s)
2024-06-03 19:15:01,302 INFO  - I'm in better position but no more hops in message (at simulation time 231.001,900,000 s)
2024-06-03 19:15:01,302 INFO  - Recieve a message from other vehicle (at simulation time 231.001,900,000 s)
2024-06-03 19:15:01,302 INFO  - My position is not better! (at simulation time 231.001,900,000 s)
2024-06-03 19:15:01,302 INFO  - Recieve a message from other vehicle (at simulation time 231.002,300,000 s)
2024-06-03 19:15:01,302 INFO  - DENM message Recived from veh_39 -info : seco (at simulation time 231.002,300,000 s)
2024-06-03 19:15:01,302 INFO  - No more hops in DENM message (at simulation time 231.002,300,000 s)
2024-06-03 19:15:01,302 INFO  - Recieve a message from other vehicle (at simulation time 231.002,400,000 s)
2024-06-03 19:15:01,302 INFO  - DENM message Recived from veh_39 -info : seco (at simulation time 231.002,400,000 s)
2024-06-03 19:15:01,302 INFO  - No more hops in DENM message (at simulation time 231.002,400,000 s)
2024-06-03 19:15:01,302 INFO  - Recieve a message from other vehicle (at simulation time 231.002,400,000 s)
2024-06-03 19:15:01,302 INFO  - My position is not better! (at simulation time 231.002,400,000 s)
2024-06-03 19:15:01,302 INFO  - Recieve a message from other vehicle (at simulation time 231.002,400,000 s)
2024-06-03 19:15:01,302 INFO  - My position is not better! (at simulation time 231.002,400,000 s)
2024-06-03 19:15:01,302 INFO  - Recieve a message from other vehicle (at simulation time 231.003,800,000 s)
2024-06-03 19:15:01,302 INFO  - DENM message Recived from veh_36 -info : seco (at simulation time 231.003,800,000 s)
2024-06-03 19:15:01,302 INFO  - No more hops in DENM message (at simulation time 231.003,800,000 s)
2024-06-03 19:15:01,304 INFO  - Called #onVehicleUpdated (at simulation time 232.000,000,000 s)
2024-06-03 19:15:01,304 INFO  - Sending out DENM broadcast (at simulation time 232.000,000,000 s)
2024-06-03 19:15:01,304 INFO  - Sending out AdHoc broadcast (at simulation time 232.000,000,000 s)
2024-06-03 19:15:01,305 INFO  - Recieve a message from other vehicle (at simulation time 232.000,900,000 s)
2024-06-03 19:15:01,306 INFO  - I'm in better position but no more hops in message (at simulation time 232.000,900,000 s)
2024-06-03 19:15:01,306 INFO  - Recieve a message from other vehicle (at simulation time 232.001,400,000 s)
2024-06-03 19:15:01,306 INFO  - My position is not better! (at simulation time 232.001,400,000 s)
2024-06-03 19:15:01,306 INFO  - Recieve a message from other vehicle (at simulation time 232.001,800,000 s)
2024-06-03 19:15:01,306 INFO  - DENM message Recived from veh_40 -info : seco (at simulation time 232.001,800,000 s)
2024-06-03 19:15:01,306 INFO  - No more hops in DENM message (at simulation time 232.001,800,000 s)
2024-06-03 19:15:01,306 INFO  - Recieve a message from other vehicle (at simulation time 232.001,900,000 s)
2024-06-03 19:15:01,306 INFO  - My position is not better! (at simulation time 232.001,900,000 s)
2024-06-03 19:15:01,306 INFO  - Recieve a message from other vehicle (at simulation time 232.001,900,000 s)
2024-06-03 19:15:01,306 INFO  - I'm in better position but no more hops in message (at simulation time 232.001,900,000 s)
2024-06-03 19:15:01,306 INFO  - Recieve a message from other vehicle (at simulation time 232.001,900,000 s)
2024-06-03 19:15:01,306 INFO  - I'm in better position but no more hops in message (at simulation time 232.001,900,000 s)
2024-06-03 19:15:01,307 INFO  - Recieve a message from other vehicle (at simulation time 232.002,400,000 s)
2024-06-03 19:15:01,307 INFO  - My position is not better! (at simulation time 232.002,400,000 s)
2024-06-03 19:15:01,307 INFO  - Recieve a message from other vehicle (at simulation time 232.002,400,000 s)
2024-06-03 19:15:01,307 INFO  - My position is not better! (at simulation time 232.002,400,000 s)
2024-06-03 19:15:01,308 INFO  - Called #onVehicleUpdated (at simulation time 233.000,000,000 s)
2024-06-03 19:15:01,309 INFO  - Recieve a message from other vehicle (at simulation time 233.000,400,000 s)
2024-06-03 19:15:01,309 INFO  - I'm in better position but no more hops in message (at simulation time 233.000,400,000 s)
2024-06-03 19:15:01,309 INFO  - Recieve a message from other vehicle (at simulation time 233.000,400,000 s)
2024-06-03 19:15:01,309 INFO  - My position is not better! (at simulation time 233.000,400,000 s)
2024-06-03 19:15:01,309 INFO  - Recieve a message from other vehicle (at simulation time 233.000,900,000 s)
2024-06-03 19:15:01,309 INFO  - My position is not better! (at simulation time 233.000,900,000 s)
2024-06-03 19:15:01,309 INFO  - Recieve a message from other vehicle (at simulation time 233.000,900,000 s)
2024-06-03 19:15:01,309 INFO  - My position is not better! (at simulation time 233.000,900,000 s)
2024-06-03 19:15:01,309 INFO  - Recieve a message from other vehicle (at simulation time 233.000,900,000 s)
2024-06-03 19:15:01,309 INFO  - I'm in better position but no more hops in message (at simulation time 233.000,900,000 s)
2024-06-03 19:15:01,309 INFO  - Recieve a message from other vehicle (at simulation time 233.000,900,000 s)
2024-06-03 19:15:01,309 INFO  - I'm in better position but no more hops in message (at simulation time 233.000,900,000 s)
2024-06-03 19:15:01,309 INFO  - Recieve a message from other vehicle (at simulation time 233.000,900,000 s)
2024-06-03 19:15:01,309 INFO  - My position is not better! (at simulation time 233.000,900,000 s)
2024-06-03 19:15:01,310 INFO  - Recieve a message from other vehicle (at simulation time 233.002,400,000 s)
2024-06-03 19:15:01,310 INFO  - I'm in better position but no more hops in message (at simulation time 233.002,400,000 s)
2024-06-03 19:15:01,310 INFO  - Recieve a message from other vehicle (at simulation time 233.002,400,000 s)
2024-06-03 19:15:01,310 INFO  - My position is not better! (at simulation time 233.002,400,000 s)
2024-06-03 19:15:01,311 INFO  - Called #onVehicleUpdated (at simulation time 234.000,000,000 s)
2024-06-03 19:15:01,311 INFO  - Sending out AdHoc broadcast (at simulation time 234.000,000,000 s)
2024-06-03 19:15:01,312 INFO  - Recieve a message from other vehicle (at simulation time 234.000,400,000 s)
2024-06-03 19:15:01,312 INFO  - My position is not better! (at simulation time 234.000,400,000 s)
2024-06-03 19:15:01,312 INFO  - Recieve a message from other vehicle (at simulation time 234.000,400,000 s)
2024-06-03 19:15:01,312 INFO  - My position is not better! (at simulation time 234.000,400,000 s)
2024-06-03 19:15:01,313 INFO  - Recieve a message from other vehicle (at simulation time 234.001,900,000 s)
2024-06-03 19:15:01,313 INFO  - My position is not better! (at simulation time 234.001,900,000 s)
2024-06-03 19:15:01,313 INFO  - Recieve a message from other vehicle (at simulation time 234.001,900,000 s)
2024-06-03 19:15:01,313 INFO  - I'm in better position but no more hops in message (at simulation time 234.001,900,000 s)
2024-06-03 19:15:01,313 INFO  - Recieve a message from other vehicle (at simulation time 234.001,900,000 s)
2024-06-03 19:15:01,313 INFO  - I'm in better position but no more hops in message (at simulation time 234.001,900,000 s)
2024-06-03 19:15:01,314 INFO  - Recieve a message from other vehicle (at simulation time 234.002,400,000 s)
2024-06-03 19:15:01,314 INFO  - I'm in better position but no more hops in message (at simulation time 234.002,400,000 s)
2024-06-03 19:15:01,314 INFO  - Recieve a message from other vehicle (at simulation time 234.002,400,000 s)
2024-06-03 19:15:01,314 INFO  - My position is not better! (at simulation time 234.002,400,000 s)
2024-06-03 19:15:01,316 INFO  - Called #onVehicleUpdated (at simulation time 235.000,000,000 s)
2024-06-03 19:15:01,318 INFO  - Recieve a message from other vehicle (at simulation time 235.000,900,000 s)
2024-06-03 19:15:01,318 INFO  - My position is not better! (at simulation time 235.000,900,000 s)
2024-06-03 19:15:01,318 INFO  - Recieve a message from other vehicle (at simulation time 235.000,900,000 s)
2024-06-03 19:15:01,318 INFO  - I'm in better position but no more hops in message (at simulation time 235.000,900,000 s)
2024-06-03 19:15:01,319 INFO  - Recieve a message from other vehicle (at simulation time 235.000,900,000 s)
2024-06-03 19:15:01,319 INFO  - My position is not better! (at simulation time 235.000,900,000 s)
2024-06-03 19:15:01,319 INFO  - Recieve a message from other vehicle (at simulation time 235.001,400,000 s)
2024-06-03 19:15:01,319 INFO  - I'm in better position but no more hops in message (at simulation time 235.001,400,000 s)
2024-06-03 19:15:01,319 INFO  - Recieve a message from other vehicle (at simulation time 235.001,900,000 s)
2024-06-03 19:15:01,319 INFO  - My position is not better! (at simulation time 235.001,900,000 s)
2024-06-03 19:15:01,320 INFO  - Recieve a message from other vehicle (at simulation time 235.002,400,000 s)
2024-06-03 19:15:01,320 INFO  - I'm in better position but no more hops in message (at simulation time 235.002,400,000 s)
2024-06-03 19:15:01,320 INFO  - Recieve a message from other vehicle (at simulation time 235.002,400,000 s)
2024-06-03 19:15:01,320 INFO  - I'm in better position but no more hops in message (at simulation time 235.002,400,000 s)
2024-06-03 19:15:01,320 INFO  - Recieve a message from other vehicle (at simulation time 235.002,400,000 s)
2024-06-03 19:15:01,320 INFO  - My position is not better! (at simulation time 235.002,400,000 s)
2024-06-03 19:15:01,320 INFO  - Recieve a message from other vehicle (at simulation time 235.002,400,000 s)
2024-06-03 19:15:01,320 INFO  - My position is not better! (at simulation time 235.002,400,000 s)
2024-06-03 19:15:01,323 INFO  - Called #onVehicleUpdated (at simulation time 236.000,000,000 s)
2024-06-03 19:15:01,323 INFO  - Sending out AdHoc broadcast (at simulation time 236.000,000,000 s)
2024-06-03 19:15:01,324 INFO  - Recieve a message from other vehicle (at simulation time 236.000,400,000 s)
2024-06-03 19:15:01,324 INFO  - My position is not better! (at simulation time 236.000,400,000 s)
2024-06-03 19:15:01,324 INFO  - Recieve a message from other vehicle (at simulation time 236.000,400,000 s)
2024-06-03 19:15:01,324 INFO  - I'm in better position but no more hops in message (at simulation time 236.000,400,000 s)
2024-06-03 19:15:01,324 INFO  - Recieve a message from other vehicle (at simulation time 236.000,400,000 s)
2024-06-03 19:15:01,324 INFO  - My position is not better! (at simulation time 236.000,400,000 s)
2024-06-03 19:15:01,325 INFO  - Recieve a message from other vehicle (at simulation time 236.000,900,000 s)
2024-06-03 19:15:01,325 INFO  - I'm in better position but no more hops in message (at simulation time 236.000,900,000 s)
2024-06-03 19:15:01,325 INFO  - Recieve a message from other vehicle (at simulation time 236.001,400,000 s)
2024-06-03 19:15:01,325 INFO  - My position is not better! (at simulation time 236.001,400,000 s)
2024-06-03 19:15:01,326 INFO  - Recieve a message from other vehicle (at simulation time 236.002,400,000 s)
2024-06-03 19:15:01,326 INFO  - I'm in better position but no more hops in message (at simulation time 236.002,400,000 s)
2024-06-03 19:15:01,326 INFO  - Recieve a message from other vehicle (at simulation time 236.002,400,000 s)
2024-06-03 19:15:01,326 INFO  - My position is not better! (at simulation time 236.002,400,000 s)
2024-06-03 19:15:01,328 INFO  - Called #onVehicleUpdated (at simulation time 237.000,000,000 s)
2024-06-03 19:15:01,328 INFO  - Recieve a message from other vehicle (at simulation time 237.000,400,000 s)
2024-06-03 19:15:01,328 INFO  - I'm in better position but no more hops in message (at simulation time 237.000,400,000 s)
2024-06-03 19:15:01,328 INFO  - Recieve a message from other vehicle (at simulation time 237.000,400,000 s)
2024-06-03 19:15:01,328 INFO  - I'm in better position but no more hops in message (at simulation time 237.000,400,000 s)
2024-06-03 19:15:01,328 INFO  - Recieve a message from other vehicle (at simulation time 237.000,400,000 s)
2024-06-03 19:15:01,328 INFO  - I'm in better position but no more hops in message (at simulation time 237.000,400,000 s)
2024-06-03 19:15:01,329 INFO  - Recieve a message from other vehicle (at simulation time 237.000,900,000 s)
2024-06-03 19:15:01,329 INFO  - I'm in better position but no more hops in message (at simulation time 237.000,900,000 s)
2024-06-03 19:15:01,329 INFO  - Recieve a message from other vehicle (at simulation time 237.000,900,000 s)
2024-06-03 19:15:01,329 INFO  - I'm in better position but no more hops in message (at simulation time 237.000,900,000 s)
2024-06-03 19:15:01,329 INFO  - Recieve a message from other vehicle (at simulation time 237.001,400,000 s)
2024-06-03 19:15:01,329 INFO  - I'm in better position but no more hops in message (at simulation time 237.001,400,000 s)
2024-06-03 19:15:01,329 INFO  - Recieve a message from other vehicle (at simulation time 237.001,400,000 s)
2024-06-03 19:15:01,329 INFO  - I'm in better position but no more hops in message (at simulation time 237.001,400,000 s)
2024-06-03 19:15:01,329 INFO  - Recieve a message from other vehicle (at simulation time 237.001,400,000 s)
2024-06-03 19:15:01,329 INFO  - I'm in better position but no more hops in message (at simulation time 237.001,400,000 s)
2024-06-03 19:15:01,329 INFO  - Recieve a message from other vehicle (at simulation time 237.001,900,000 s)
2024-06-03 19:15:01,329 INFO  - My position is not better! (at simulation time 237.001,900,000 s)
2024-06-03 19:15:01,329 INFO  - Recieve a message from other vehicle (at simulation time 237.001,900,000 s)
2024-06-03 19:15:01,329 INFO  - I'm in better position but no more hops in message (at simulation time 237.001,900,000 s)
2024-06-03 19:15:01,330 INFO  - Recieve a message from other vehicle (at simulation time 237.002,400,000 s)
2024-06-03 19:15:01,330 INFO  - My position is not better! (at simulation time 237.002,400,000 s)
2024-06-03 19:15:01,330 INFO  - Recieve a message from other vehicle (at simulation time 237.002,400,000 s)
2024-06-03 19:15:01,330 INFO  - My position is not better! (at simulation time 237.002,400,000 s)
2024-06-03 19:15:01,330 INFO  - Recieve a message from RSU (at simulation time 237.234,452,734 s)
2024-06-03 19:15:01,330 INFO  - RSU Stopped me!!! (at simulation time 237.234,452,734 s)
2024-06-03 19:15:01,330 INFO  - Recieve a message from RSU (at simulation time 237.949,249,164 s)
2024-06-03 19:15:01,331 INFO  - Called #onVehicleUpdated (at simulation time 238.000,000,000 s)
2024-06-03 19:15:01,332 INFO  - Sending out AdHoc broadcast (at simulation time 238.000,000,000 s)
2024-06-03 19:15:01,333 INFO  - Recieve a message from other vehicle (at simulation time 238.000,400,000 s)
2024-06-03 19:15:01,333 INFO  - I'm in better position but no more hops in message (at simulation time 238.000,400,000 s)
2024-06-03 19:15:01,333 INFO  - Recieve a message from other vehicle (at simulation time 238.000,400,000 s)
2024-06-03 19:15:01,333 INFO  - I'm in better position but no more hops in message (at simulation time 238.000,400,000 s)
2024-06-03 19:15:01,334 INFO  - Recieve a message from other vehicle (at simulation time 238.000,900,000 s)
2024-06-03 19:15:01,334 INFO  - I'm in better position but no more hops in message (at simulation time 238.000,900,000 s)
2024-06-03 19:15:01,334 INFO  - Recieve a message from other vehicle (at simulation time 238.000,900,000 s)
2024-06-03 19:15:01,334 INFO  - I'm in better position but no more hops in message (at simulation time 238.000,900,000 s)
2024-06-03 19:15:01,334 INFO  - Recieve a message from other vehicle (at simulation time 238.000,900,000 s)
2024-06-03 19:15:01,334 INFO  - My position is not better! (at simulation time 238.000,900,000 s)
2024-06-03 19:15:01,334 INFO  - Recieve a message from other vehicle (at simulation time 238.001,400,000 s)
2024-06-03 19:15:01,334 INFO  - I'm in better position but no more hops in message (at simulation time 238.001,400,000 s)
2024-06-03 19:15:01,335 INFO  - Recieve a message from other vehicle (at simulation time 238.001,900,000 s)
2024-06-03 19:15:01,335 INFO  - I'm in better position but no more hops in message (at simulation time 238.001,900,000 s)
2024-06-03 19:15:01,335 INFO  - Recieve a message from other vehicle (at simulation time 238.001,900,000 s)
2024-06-03 19:15:01,335 INFO  - I'm in better position but no more hops in message (at simulation time 238.001,900,000 s)
2024-06-03 19:15:01,335 INFO  - Recieve a message from other vehicle (at simulation time 238.001,900,000 s)
2024-06-03 19:15:01,335 INFO  - I'm in better position but no more hops in message (at simulation time 238.001,900,000 s)
2024-06-03 19:15:01,335 INFO  - Recieve a message from other vehicle (at simulation time 238.002,300,000 s)
2024-06-03 19:15:01,335 INFO  - I'm in better position but no more hops in message (at simulation time 238.002,300,000 s)
2024-06-03 19:15:01,335 INFO  - Recieve a message from other vehicle (at simulation time 238.002,400,000 s)
2024-06-03 19:15:01,335 INFO  - I'm in better position but no more hops in message (at simulation time 238.002,400,000 s)
2024-06-03 19:15:01,336 INFO  - Recieve a message from other vehicle (at simulation time 238.002,800,000 s)
2024-06-03 19:15:01,336 INFO  - I'm in better position but no more hops in message (at simulation time 238.002,800,000 s)
2024-06-03 19:15:01,336 INFO  - Recieve a message from RSU (at simulation time 238.643,430,665 s)
2024-06-03 19:15:01,338 INFO  - Called #onVehicleUpdated (at simulation time 239.000,000,000 s)
2024-06-03 19:15:01,339 INFO  - Recieve a message from other vehicle (at simulation time 239.000,400,000 s)
2024-06-03 19:15:01,339 INFO  - I'm in better position but no more hops in message (at simulation time 239.000,400,000 s)
2024-06-03 19:15:01,339 INFO  - Recieve a message from other vehicle (at simulation time 239.000,400,000 s)
2024-06-03 19:15:01,339 INFO  - I'm in better position but no more hops in message (at simulation time 239.000,400,000 s)
2024-06-03 19:15:01,339 INFO  - Recieve a message from other vehicle (at simulation time 239.000,400,000 s)
2024-06-03 19:15:01,339 INFO  - I'm in better position but no more hops in message (at simulation time 239.000,400,000 s)
2024-06-03 19:15:01,340 INFO  - Recieve a message from other vehicle (at simulation time 239.000,400,000 s)
2024-06-03 19:15:01,340 INFO  - I'm in better position but no more hops in message (at simulation time 239.000,400,000 s)
2024-06-03 19:15:01,340 INFO  - Recieve a message from other vehicle (at simulation time 239.000,900,000 s)
2024-06-03 19:15:01,340 INFO  - I'm in better position but no more hops in message (at simulation time 239.000,900,000 s)
2024-06-03 19:15:01,340 INFO  - Recieve a message from other vehicle (at simulation time 239.000,900,000 s)
2024-06-03 19:15:01,340 INFO  - I'm in better position but no more hops in message (at simulation time 239.000,900,000 s)
2024-06-03 19:15:01,341 INFO  - Recieve a message from other vehicle (at simulation time 239.001,900,000 s)
2024-06-03 19:15:01,341 INFO  - I'm in better position but no more hops in message (at simulation time 239.001,900,000 s)
2024-06-03 19:15:01,341 INFO  - Recieve a message from other vehicle (at simulation time 239.001,900,000 s)
2024-06-03 19:15:01,341 INFO  - I'm in better position but no more hops in message (at simulation time 239.001,900,000 s)
2024-06-03 19:15:01,341 INFO  - Recieve a message from other vehicle (at simulation time 239.001,900,000 s)
2024-06-03 19:15:01,341 INFO  - I'm in better position but no more hops in message (at simulation time 239.001,900,000 s)
2024-06-03 19:15:01,341 INFO  - Recieve a message from other vehicle (at simulation time 239.001,900,000 s)
2024-06-03 19:15:01,341 INFO  - I'm in better position but no more hops in message (at simulation time 239.001,900,000 s)
2024-06-03 19:15:01,341 INFO  - Recieve a message from other vehicle (at simulation time 239.001,900,000 s)
2024-06-03 19:15:01,341 INFO  - I'm in better position but no more hops in message (at simulation time 239.001,900,000 s)
2024-06-03 19:15:01,341 INFO  - Recieve a message from other vehicle (at simulation time 239.002,300,000 s)
2024-06-03 19:15:01,341 INFO  - I'm in better position but no more hops in message (at simulation time 239.002,300,000 s)
2024-06-03 19:15:01,342 INFO  - Recieve a message from other vehicle (at simulation time 239.002,400,000 s)
2024-06-03 19:15:01,342 INFO  - My position is not better! (at simulation time 239.002,400,000 s)
2024-06-03 19:15:01,342 INFO  - Recieve a message from other vehicle (at simulation time 239.002,800,000 s)
2024-06-03 19:15:01,342 INFO  - I'm in better position but no more hops in message (at simulation time 239.002,800,000 s)
2024-06-03 19:15:01,342 INFO  - Recieve a message from other vehicle (at simulation time 239.003,300,000 s)
2024-06-03 19:15:01,342 INFO  - I'm in better position but no more hops in message (at simulation time 239.003,300,000 s)
2024-06-03 19:15:01,342 INFO  - Recieve a message from RSU (at simulation time 239.315,490,423 s)
2024-06-03 19:15:01,345 INFO  - Called #onVehicleUpdated (at simulation time 240.000,000,000 s)
2024-06-03 19:15:01,345 INFO  - Sending out AdHoc broadcast (at simulation time 240.000,000,000 s)
2024-06-03 19:15:01,346 INFO  - Recieve a message from other vehicle (at simulation time 240.000,800,000 s)
2024-06-03 19:15:01,346 INFO  - I'm in better position but no more hops in message (at simulation time 240.000,800,000 s)
2024-06-03 19:15:01,346 INFO  - Recieve a message from other vehicle (at simulation time 240.000,900,000 s)
2024-06-03 19:15:01,346 INFO  - I'm in better position but no more hops in message (at simulation time 240.000,900,000 s)
2024-06-03 19:15:01,346 INFO  - Recieve a message from other vehicle (at simulation time 240.000,900,000 s)
2024-06-03 19:15:01,346 INFO  - My position is not better! (at simulation time 240.000,900,000 s)
2024-06-03 19:15:01,346 INFO  - Recieve a message from other vehicle (at simulation time 240.001,400,000 s)
2024-06-03 19:15:01,346 INFO  - I'm in better position but no more hops in message (at simulation time 240.001,400,000 s)
2024-06-03 19:15:01,346 INFO  - Recieve a message from other vehicle (at simulation time 240.001,400,000 s)
2024-06-03 19:15:01,346 INFO  - I'm in better position but no more hops in message (at simulation time 240.001,400,000 s)
2024-06-03 19:15:01,346 INFO  - Recieve a message from other vehicle (at simulation time 240.001,400,000 s)
2024-06-03 19:15:01,346 INFO  - I'm in better position but no more hops in message (at simulation time 240.001,400,000 s)
2024-06-03 19:15:01,347 INFO  - Recieve a message from other vehicle (at simulation time 240.001,900,000 s)
2024-06-03 19:15:01,347 INFO  - I'm in better position but no more hops in message (at simulation time 240.001,900,000 s)
2024-06-03 19:15:01,347 INFO  - Recieve a message from other vehicle (at simulation time 240.002,400,000 s)
2024-06-03 19:15:01,347 INFO  - I'm in better position but no more hops in message (at simulation time 240.002,400,000 s)
2024-06-03 19:15:01,347 INFO  - Recieve a message from other vehicle (at simulation time 240.002,400,000 s)
2024-06-03 19:15:01,347 INFO  - I'm in better position but no more hops in message (at simulation time 240.002,400,000 s)
2024-06-03 19:15:01,347 INFO  - Recieve a message from RSU (at simulation time 240.040,174,074 s)
2024-06-03 19:15:01,347 INFO  - Recieve a message from RSU (at simulation time 240.722,600,650 s)
2024-06-03 19:15:01,348 INFO  - Called #onVehicleUpdated (at simulation time 241.000,000,000 s)
2024-06-03 19:15:01,349 INFO  - Recieve a message from other vehicle (at simulation time 241.000,400,000 s)
2024-06-03 19:15:01,349 INFO  - I'm in better position but no more hops in message (at simulation time 241.000,400,000 s)
2024-06-03 19:15:01,349 INFO  - Recieve a message from other vehicle (at simulation time 241.000,400,000 s)
2024-06-03 19:15:01,349 INFO  - I'm in better position but no more hops in message (at simulation time 241.000,400,000 s)
2024-06-03 19:15:01,349 INFO  - Recieve a message from other vehicle (at simulation time 241.000,400,000 s)
2024-06-03 19:15:01,349 INFO  - I'm in better position but no more hops in message (at simulation time 241.000,400,000 s)
2024-06-03 19:15:01,350 INFO  - Recieve a message from other vehicle (at simulation time 241.001,400,000 s)
2024-06-03 19:15:01,350 INFO  - I'm in better position but no more hops in message (at simulation time 241.001,400,000 s)
2024-06-03 19:15:01,351 INFO  - Recieve a message from other vehicle (at simulation time 241.001,400,000 s)
2024-06-03 19:15:01,351 INFO  - My position is not better! (at simulation time 241.001,400,000 s)
2024-06-03 19:15:01,351 INFO  - Recieve a message from other vehicle (at simulation time 241.001,900,000 s)
2024-06-03 19:15:01,351 INFO  - I'm in better position but no more hops in message (at simulation time 241.001,900,000 s)
2024-06-03 19:15:01,351 INFO  - Recieve a message from other vehicle (at simulation time 241.001,900,000 s)
2024-06-03 19:15:01,351 INFO  - I'm in better position but no more hops in message (at simulation time 241.001,900,000 s)
2024-06-03 19:15:01,351 INFO  - Recieve a message from other vehicle (at simulation time 241.002,300,000 s)
2024-06-03 19:15:01,351 INFO  - I'm in better position but no more hops in message (at simulation time 241.002,300,000 s)
2024-06-03 19:15:01,351 INFO  - Recieve a message from other vehicle (at simulation time 241.002,400,000 s)
2024-06-03 19:15:01,351 INFO  - I'm in better position but no more hops in message (at simulation time 241.002,400,000 s)
2024-06-03 19:15:01,352 INFO  - Recieve a message from other vehicle (at simulation time 241.002,400,000 s)
2024-06-03 19:15:01,352 INFO  - I'm in better position but no more hops in message (at simulation time 241.002,400,000 s)
2024-06-03 19:15:01,352 INFO  - Recieve a message from RSU (at simulation time 241.425,402,108 s)
2024-06-03 19:15:01,354 INFO  - Called #onVehicleUpdated (at simulation time 242.000,000,000 s)
2024-06-03 19:15:01,355 INFO  - Sending out AdHoc broadcast (at simulation time 242.000,000,000 s)
2024-06-03 19:15:01,356 INFO  - Recieve a message from other vehicle (at simulation time 242.000,400,000 s)
2024-06-03 19:15:01,356 INFO  - I'm in better position but no more hops in message (at simulation time 242.000,400,000 s)
2024-06-03 19:15:01,356 INFO  - Recieve a message from other vehicle (at simulation time 242.000,900,000 s)
2024-06-03 19:15:01,356 INFO  - I'm in better position but no more hops in message (at simulation time 242.000,900,000 s)
2024-06-03 19:15:01,357 INFO  - Recieve a message from RSU (at simulation time 242.001,400,000 s)
2024-06-03 19:15:01,357 INFO  - RSU ordered to advance!!! (at simulation time 242.001,400,000 s)
2024-06-03 19:15:01,357 INFO  - Recieve a message from other vehicle (at simulation time 242.001,400,000 s)
2024-06-03 19:15:01,357 INFO  - I'm in better position but no more hops in message (at simulation time 242.001,400,000 s)
2024-06-03 19:15:01,357 INFO  - Recieve a message from other vehicle (at simulation time 242.001,400,000 s)
2024-06-03 19:15:01,357 INFO  - I'm in better position but no more hops in message (at simulation time 242.001,400,000 s)
2024-06-03 19:15:01,357 INFO  - Recieve a message from other vehicle (at simulation time 242.001,400,000 s)
2024-06-03 19:15:01,357 INFO  - I'm in better position but no more hops in message (at simulation time 242.001,400,000 s)
2024-06-03 19:15:01,358 INFO  - Recieve a message from other vehicle (at simulation time 242.001,900,000 s)
2024-06-03 19:15:01,358 INFO  - I'm in better position but no more hops in message (at simulation time 242.001,900,000 s)
2024-06-03 19:15:01,358 INFO  - Recieve a message from other vehicle (at simulation time 242.001,900,000 s)
2024-06-03 19:15:01,358 INFO  - I'm in better position but no more hops in message (at simulation time 242.001,900,000 s)
2024-06-03 19:15:01,358 INFO  - Recieve a message from other vehicle (at simulation time 242.001,900,000 s)
2024-06-03 19:15:01,358 INFO  - My position is not better! (at simulation time 242.001,900,000 s)
2024-06-03 19:15:01,358 INFO  - Recieve a message from RSU (at simulation time 242.175,367,980 s)
2024-06-03 19:15:01,358 INFO  - Recieve a message from RSU (at simulation time 242.819,197,480 s)
2024-06-03 19:15:01,360 INFO  - Called #onVehicleUpdated (at simulation time 243.000,000,000 s)
2024-06-03 19:15:01,360 INFO  - Recieve a message from other vehicle (at simulation time 243.000,400,000 s)
2024-06-03 19:15:01,360 INFO  - I'm in better position but no more hops in message (at simulation time 243.000,400,000 s)
2024-06-03 19:15:01,361 INFO  - Recieve a message from other vehicle (at simulation time 243.000,400,000 s)
2024-06-03 19:15:01,361 INFO  - I'm in better position but no more hops in message (at simulation time 243.000,400,000 s)
2024-06-03 19:15:01,361 INFO  - Recieve a message from other vehicle (at simulation time 243.000,400,000 s)
2024-06-03 19:15:01,361 INFO  - I'm in better position but no more hops in message (at simulation time 243.000,400,000 s)
2024-06-03 19:15:01,361 INFO  - Recieve a message from other vehicle (at simulation time 243.000,400,000 s)
2024-06-03 19:15:01,361 INFO  - I'm in better position but no more hops in message (at simulation time 243.000,400,000 s)
2024-06-03 19:15:01,361 INFO  - Recieve a message from other vehicle (at simulation time 243.000,900,000 s)
2024-06-03 19:15:01,361 INFO  - I'm in better position but no more hops in message (at simulation time 243.000,900,000 s)
2024-06-03 19:15:01,361 INFO  - Recieve a message from other vehicle (at simulation time 243.000,900,000 s)
2024-06-03 19:15:01,361 INFO  - I'm in better position but no more hops in message (at simulation time 243.000,900,000 s)
2024-06-03 19:15:01,362 INFO  - Recieve a message from other vehicle (at simulation time 243.001,300,000 s)
2024-06-03 19:15:01,362 INFO  - I'm in better position but no more hops in message (at simulation time 243.001,300,000 s)
2024-06-03 19:15:01,362 INFO  - Recieve a message from other vehicle (at simulation time 243.001,400,000 s)
2024-06-03 19:15:01,362 INFO  - I'm in better position but no more hops in message (at simulation time 243.001,400,000 s)
2024-06-03 19:15:01,362 INFO  - Recieve a message from other vehicle (at simulation time 243.001,900,000 s)
2024-06-03 19:15:01,362 INFO  - I'm in better position but no more hops in message (at simulation time 243.001,900,000 s)
2024-06-03 19:15:01,362 INFO  - Recieve a message from other vehicle (at simulation time 243.002,400,000 s)
2024-06-03 19:15:01,362 INFO  - I'm in better position but no more hops in message (at simulation time 243.002,400,000 s)
2024-06-03 19:15:01,362 INFO  - Recieve a message from other vehicle (at simulation time 243.002,400,000 s)
2024-06-03 19:15:01,362 INFO  - I'm in better position but no more hops in message (at simulation time 243.002,400,000 s)
2024-06-03 19:15:01,362 INFO  - Recieve a message from RSU (at simulation time 243.521,743,178 s)
2024-06-03 19:15:01,362 INFO  - Recieve a message from RSU (at simulation time 243.560,241,149 s)
2024-06-03 19:15:01,364 INFO  - Called #onVehicleUpdated (at simulation time 244.000,000,000 s)
2024-06-03 19:15:01,364 INFO  - Sending out AdHoc broadcast (at simulation time 244.000,000,000 s)
2024-06-03 19:15:01,365 INFO  - Recieve a message from other vehicle (at simulation time 244.000,400,000 s)
2024-06-03 19:15:01,365 INFO  - I'm in better position but no more hops in message (at simulation time 244.000,400,000 s)
2024-06-03 19:15:01,365 INFO  - Recieve a message from other vehicle (at simulation time 244.000,400,000 s)
2024-06-03 19:15:01,365 INFO  - I'm in better position but no more hops in message (at simulation time 244.000,400,000 s)
2024-06-03 19:15:01,365 INFO  - Recieve a message from other vehicle (at simulation time 244.000,900,000 s)
2024-06-03 19:15:01,365 INFO  - I'm in better position but no more hops in message (at simulation time 244.000,900,000 s)
2024-06-03 19:15:01,365 INFO  - Recieve a message from other vehicle (at simulation time 244.000,900,000 s)
2024-06-03 19:15:01,365 INFO  - I'm in better position but no more hops in message (at simulation time 244.000,900,000 s)
2024-06-03 19:15:01,365 INFO  - Recieve a message from other vehicle (at simulation time 244.000,900,000 s)
2024-06-03 19:15:01,365 INFO  - I'm in better position but no more hops in message (at simulation time 244.000,900,000 s)
2024-06-03 19:15:01,365 INFO  - Recieve a message from other vehicle (at simulation time 244.000,900,000 s)
2024-06-03 19:15:01,365 INFO  - I'm in better position but no more hops in message (at simulation time 244.000,900,000 s)
2024-06-03 19:15:01,365 INFO  - Recieve a message from other vehicle (at simulation time 244.000,900,000 s)
2024-06-03 19:15:01,365 INFO  - I'm in better position but no more hops in message (at simulation time 244.000,900,000 s)
2024-06-03 19:15:01,365 INFO  - Recieve a message from other vehicle (at simulation time 244.001,400,000 s)
2024-06-03 19:15:01,365 INFO  - I'm in better position but no more hops in message (at simulation time 244.001,400,000 s)
2024-06-03 19:15:01,365 INFO  - Recieve a message from other vehicle (at simulation time 244.001,400,000 s)
2024-06-03 19:15:01,365 INFO  - I'm in better position but no more hops in message (at simulation time 244.001,400,000 s)
2024-06-03 19:15:01,366 INFO  - Recieve a message from other vehicle (at simulation time 244.001,900,000 s)
2024-06-03 19:15:01,366 INFO  - I'm in better position but no more hops in message (at simulation time 244.001,900,000 s)
2024-06-03 19:15:01,366 INFO  - Recieve a message from other vehicle (at simulation time 244.001,900,000 s)
2024-06-03 19:15:01,366 INFO  - I'm in better position but no more hops in message (at simulation time 244.001,900,000 s)
2024-06-03 19:15:01,366 INFO  - Recieve a message from other vehicle (at simulation time 244.001,900,000 s)
2024-06-03 19:15:01,366 INFO  - I'm in better position but no more hops in message (at simulation time 244.001,900,000 s)
2024-06-03 19:15:01,367 INFO  - Recieve a message from RSU (at simulation time 244.244,219,224 s)
2024-06-03 19:15:01,367 INFO  - Recieve a message from RSU (at simulation time 244.255,534,207 s)
2024-06-03 19:15:01,367 INFO  - Recieve a message from RSU (at simulation time 244.918,962,982 s)
2024-06-03 19:15:01,367 INFO  - Recieve a message from RSU (at simulation time 244.938,254,215 s)
2024-06-03 19:15:01,370 INFO  - Called #onVehicleUpdated (at simulation time 245.000,000,000 s)
2024-06-03 19:15:01,372 INFO  - Recieve a message from other vehicle (at simulation time 245.000,400,000 s)
2024-06-03 19:15:01,372 INFO  - I'm in better position but no more hops in message (at simulation time 245.000,400,000 s)
2024-06-03 19:15:01,372 INFO  - Recieve a message from other vehicle (at simulation time 245.000,400,000 s)
2024-06-03 19:15:01,372 INFO  - I'm in better position but no more hops in message (at simulation time 245.000,400,000 s)
2024-06-03 19:15:01,372 INFO  - Recieve a message from other vehicle (at simulation time 245.000,400,000 s)
2024-06-03 19:15:01,372 INFO  - I'm in better position but no more hops in message (at simulation time 245.000,400,000 s)
2024-06-03 19:15:01,372 INFO  - Recieve a message from other vehicle (at simulation time 245.000,400,000 s)
2024-06-03 19:15:01,372 INFO  - I'm in better position but no more hops in message (at simulation time 245.000,400,000 s)
2024-06-03 19:15:01,372 INFO  - Recieve a message from other vehicle (at simulation time 245.000,900,000 s)
2024-06-03 19:15:01,372 INFO  - I'm in better position but no more hops in message (at simulation time 245.000,900,000 s)
2024-06-03 19:15:01,372 INFO  - Recieve a message from other vehicle (at simulation time 245.000,900,000 s)
2024-06-03 19:15:01,372 INFO  - I'm in better position but no more hops in message (at simulation time 245.000,900,000 s)
2024-06-03 19:15:01,372 INFO  - Recieve a message from other vehicle (at simulation time 245.000,900,000 s)
2024-06-03 19:15:01,372 INFO  - I'm in better position but no more hops in message (at simulation time 245.000,900,000 s)
2024-06-03 19:15:01,373 INFO  - Recieve a message from other vehicle (at simulation time 245.001,400,000 s)
2024-06-03 19:15:01,373 INFO  - I'm in better position but no more hops in message (at simulation time 245.001,400,000 s)
2024-06-03 19:15:01,373 INFO  - Recieve a message from other vehicle (at simulation time 245.001,800,000 s)
2024-06-03 19:15:01,373 INFO  - I'm in better position but no more hops in message (at simulation time 245.001,800,000 s)
2024-06-03 19:15:01,373 INFO  - Recieve a message from other vehicle (at simulation time 245.001,900,000 s)
2024-06-03 19:15:01,373 INFO  - I'm in better position but no more hops in message (at simulation time 245.001,900,000 s)
2024-06-03 19:15:01,374 INFO  - Recieve a message from other vehicle (at simulation time 245.002,400,000 s)
2024-06-03 19:15:01,374 INFO  - I'm in better position but no more hops in message (at simulation time 245.002,400,000 s)
2024-06-03 19:15:01,374 INFO  - Recieve a message from RSU (at simulation time 245.615,618,021 s)
2024-06-03 19:15:01,374 INFO  - Recieve a message from RSU (at simulation time 245.642,200,130 s)
2024-06-03 19:15:01,375 INFO  - Called #onVehicleUpdated (at simulation time 246.000,000,000 s)
2024-06-03 19:15:01,375 INFO  - Sending out AdHoc broadcast (at simulation time 246.000,000,000 s)
2024-06-03 19:15:01,376 INFO  - Recieve a message from other vehicle (at simulation time 246.000,400,000 s)
2024-06-03 19:15:01,376 INFO  - I'm in better position but no more hops in message (at simulation time 246.000,400,000 s)
2024-06-03 19:15:01,376 INFO  - Recieve a message from other vehicle (at simulation time 246.000,400,000 s)
2024-06-03 19:15:01,376 INFO  - I'm in better position but no more hops in message (at simulation time 246.000,400,000 s)
2024-06-03 19:15:01,376 INFO  - Recieve a message from other vehicle (at simulation time 246.000,900,000 s)
2024-06-03 19:15:01,376 INFO  - I'm in better position but no more hops in message (at simulation time 246.000,900,000 s)
2024-06-03 19:15:01,376 INFO  - Recieve a message from other vehicle (at simulation time 246.000,900,000 s)
2024-06-03 19:15:01,376 INFO  - I'm in better position but no more hops in message (at simulation time 246.000,900,000 s)
2024-06-03 19:15:01,377 INFO  - Recieve a message from other vehicle (at simulation time 246.001,400,000 s)
2024-06-03 19:15:01,377 INFO  - My position is not better! (at simulation time 246.001,400,000 s)
2024-06-03 19:15:01,377 INFO  - Recieve a message from other vehicle (at simulation time 246.001,400,000 s)
2024-06-03 19:15:01,377 INFO  - I'm in better position but no more hops in message (at simulation time 246.001,400,000 s)
2024-06-03 19:15:01,377 INFO  - Recieve a message from other vehicle (at simulation time 246.001,800,000 s)
2024-06-03 19:15:01,377 INFO  - My position is not better! (at simulation time 246.001,800,000 s)
2024-06-03 19:15:01,377 INFO  - Recieve a message from other vehicle (at simulation time 246.001,900,000 s)
2024-06-03 19:15:01,377 INFO  - I'm in better position but no more hops in message (at simulation time 246.001,900,000 s)
2024-06-03 19:15:01,377 INFO  - Recieve a message from other vehicle (at simulation time 246.001,900,000 s)
2024-06-03 19:15:01,377 INFO  - My position is not better! (at simulation time 246.001,900,000 s)
2024-06-03 19:15:01,377 INFO  - Recieve a message from other vehicle (at simulation time 246.001,900,000 s)
2024-06-03 19:15:01,377 INFO  - I'm in better position but no more hops in message (at simulation time 246.001,900,000 s)
2024-06-03 19:15:01,377 INFO  - Recieve a message from other vehicle (at simulation time 246.002,400,000 s)
2024-06-03 19:15:01,377 INFO  - I'm in better position but no more hops in message (at simulation time 246.002,400,000 s)
2024-06-03 19:15:01,377 INFO  - Recieve a message from other vehicle (at simulation time 246.002,400,000 s)
2024-06-03 19:15:01,377 INFO  - I'm in better position but no more hops in message (at simulation time 246.002,400,000 s)
2024-06-03 19:15:01,377 INFO  - Recieve a message from other vehicle (at simulation time 246.002,400,000 s)
2024-06-03 19:15:01,377 INFO  - I'm in better position but no more hops in message (at simulation time 246.002,400,000 s)
2024-06-03 19:15:01,379 INFO  - Called #onVehicleUpdated (at simulation time 247.000,000,000 s)
2024-06-03 19:15:01,380 INFO  - Recieve a message from other vehicle (at simulation time 247.000,400,000 s)
2024-06-03 19:15:01,380 INFO  - I'm in better position but no more hops in message (at simulation time 247.000,400,000 s)
2024-06-03 19:15:01,380 INFO  - Recieve a message from other vehicle (at simulation time 247.000,400,000 s)
2024-06-03 19:15:01,380 INFO  - My position is not better! (at simulation time 247.000,400,000 s)
2024-06-03 19:15:01,380 INFO  - Recieve a message from other vehicle (at simulation time 247.000,400,000 s)
2024-06-03 19:15:01,380 INFO  - I'm in better position but no more hops in message (at simulation time 247.000,400,000 s)
2024-06-03 19:15:01,380 INFO  - Recieve a message from other vehicle (at simulation time 247.000,900,000 s)
2024-06-03 19:15:01,380 INFO  - My position is not better! (at simulation time 247.000,900,000 s)
2024-06-03 19:15:01,380 INFO  - Recieve a message from other vehicle (at simulation time 247.001,400,000 s)
2024-06-03 19:15:01,380 INFO  - My position is not better! (at simulation time 247.001,400,000 s)
2024-06-03 19:15:01,380 INFO  - Recieve a message from other vehicle (at simulation time 247.001,400,000 s)
2024-06-03 19:15:01,380 INFO  - My position is not better! (at simulation time 247.001,400,000 s)
2024-06-03 19:15:01,380 INFO  - Recieve a message from other vehicle (at simulation time 247.001,900,000 s)
2024-06-03 19:15:01,380 INFO  - My position is not better! (at simulation time 247.001,900,000 s)
2024-06-03 19:15:01,380 INFO  - Recieve a message from other vehicle (at simulation time 247.001,900,000 s)
2024-06-03 19:15:01,380 INFO  - My position is not better! (at simulation time 247.001,900,000 s)
2024-06-03 19:15:01,380 INFO  - Recieve a message from other vehicle (at simulation time 247.002,400,000 s)
2024-06-03 19:15:01,380 INFO  - My position is not better! (at simulation time 247.002,400,000 s)
2024-06-03 19:15:01,381 INFO  - Recieve a message from other vehicle (at simulation time 247.002,400,000 s)
2024-06-03 19:15:01,381 INFO  - I'm in better position but no more hops in message (at simulation time 247.002,400,000 s)
2024-06-03 19:15:01,382 INFO  - Called #onVehicleUpdated (at simulation time 248.000,000,000 s)
2024-06-03 19:15:01,382 INFO  - Exced velocity! Sending new CAM (at simulation time 248.000,000,000 s)
2024-06-03 19:15:01,382 INFO  - Sending out AdHoc broadcast (at simulation time 248.000,000,000 s)
2024-06-03 19:15:01,382 INFO  - Sending out AdHoc broadcast (at simulation time 248.000,000,000 s)
2024-06-03 19:15:01,383 INFO  - Recieve a message from other vehicle (at simulation time 248.000,400,000 s)
2024-06-03 19:15:01,383 INFO  - My position is not better! (at simulation time 248.000,400,000 s)
2024-06-03 19:15:01,383 INFO  - Recieve a message from other vehicle (at simulation time 248.000,400,000 s)
2024-06-03 19:15:01,383 INFO  - I'm in better position but no more hops in message (at simulation time 248.000,400,000 s)
2024-06-03 19:15:01,384 INFO  - Recieve a message from other vehicle (at simulation time 248.000,900,000 s)
2024-06-03 19:15:01,384 INFO  - My position is not better! (at simulation time 248.000,900,000 s)
2024-06-03 19:15:01,384 INFO  - Recieve a message from other vehicle (at simulation time 248.000,900,000 s)
2024-06-03 19:15:01,384 INFO  - My position is not better! (at simulation time 248.000,900,000 s)
2024-06-03 19:15:01,384 INFO  - Recieve a message from other vehicle (at simulation time 248.001,800,000 s)
2024-06-03 19:15:01,384 INFO  - My position is not better! (at simulation time 248.001,800,000 s)
2024-06-03 19:15:01,384 INFO  - Recieve a message from other vehicle (at simulation time 248.001,800,000 s)
2024-06-03 19:15:01,384 INFO  - My position is not better! (at simulation time 248.001,800,000 s)
2024-06-03 19:15:01,385 INFO  - Recieve a message from other vehicle (at simulation time 248.001,900,000 s)
2024-06-03 19:15:01,385 INFO  - My position is not better! (at simulation time 248.001,900,000 s)
2024-06-03 19:15:01,385 INFO  - Recieve a message from other vehicle (at simulation time 248.001,900,000 s)
2024-06-03 19:15:01,385 INFO  - My position is not better! (at simulation time 248.001,900,000 s)
2024-06-03 19:15:01,385 INFO  - Recieve a message from other vehicle (at simulation time 248.001,900,000 s)
2024-06-03 19:15:01,385 INFO  - My position is not better! (at simulation time 248.001,900,000 s)
2024-06-03 19:15:01,385 INFO  - Recieve a message from other vehicle (at simulation time 248.001,900,000 s)
2024-06-03 19:15:01,385 INFO  - I'm in better position but no more hops in message (at simulation time 248.001,900,000 s)
2024-06-03 19:15:01,386 INFO  - Recieve a message from other vehicle (at simulation time 248.002,400,000 s)
2024-06-03 19:15:01,386 INFO  - I'm in better position but no more hops in message (at simulation time 248.002,400,000 s)
2024-06-03 19:15:01,386 INFO  - Recieve a message from other vehicle (at simulation time 248.002,400,000 s)
2024-06-03 19:15:01,386 INFO  - I'm in better position but no more hops in message (at simulation time 248.002,400,000 s)
2024-06-03 19:15:01,388 INFO  - Called #onVehicleUpdated (at simulation time 249.000,000,000 s)
2024-06-03 19:15:01,388 INFO  - Exced velocity! Sending new CAM (at simulation time 249.000,000,000 s)
2024-06-03 19:15:01,388 INFO  - Sending out AdHoc broadcast (at simulation time 249.000,000,000 s)
2024-06-03 19:15:01,389 INFO  - Recieve a message from other vehicle (at simulation time 249.000,400,000 s)
2024-06-03 19:15:01,389 INFO  - I'm in better position but no more hops in message (at simulation time 249.000,400,000 s)
2024-06-03 19:15:01,389 INFO  - Recieve a message from other vehicle (at simulation time 249.000,900,000 s)
2024-06-03 19:15:01,389 INFO  - My position is not better! (at simulation time 249.000,900,000 s)
2024-06-03 19:15:01,390 INFO  - Recieve a message from other vehicle (at simulation time 249.001,300,000 s)
2024-06-03 19:15:01,390 INFO  - My position is not better! (at simulation time 249.001,300,000 s)
2024-06-03 19:15:01,390 INFO  - Recieve a message from other vehicle (at simulation time 249.001,400,000 s)
2024-06-03 19:15:01,390 INFO  - My position is not better! (at simulation time 249.001,400,000 s)
2024-06-03 19:15:01,390 INFO  - Recieve a message from other vehicle (at simulation time 249.001,900,000 s)
2024-06-03 19:15:01,390 INFO  - My position is not better! (at simulation time 249.001,900,000 s)
2024-06-03 19:15:01,394 INFO  - Called #onVehicleUpdated (at simulation time 250.000,000,000 s)
2024-06-03 19:15:01,394 INFO  - Exced velocity! Sending new CAM (at simulation time 250.000,000,000 s)
2024-06-03 19:15:01,394 INFO  - Sending out AdHoc broadcast (at simulation time 250.000,000,000 s)
2024-06-03 19:15:01,394 INFO  - Sending out AdHoc broadcast (at simulation time 250.000,000,000 s)
2024-06-03 19:15:01,394 INFO  - Sending out AdHoc broadcast (at simulation time 250.000,000,000 s)
2024-06-03 19:15:01,395 INFO  - Recieve a message from other vehicle (at simulation time 250.000,900,000 s)
2024-06-03 19:15:01,395 INFO  - My position is not better! (at simulation time 250.000,900,000 s)
2024-06-03 19:15:01,395 INFO  - Recieve a message from other vehicle (at simulation time 250.001,800,000 s)
2024-06-03 19:15:01,395 INFO  - My position is not better! (at simulation time 250.001,800,000 s)
2024-06-03 19:15:01,396 INFO  - Recieve a message from other vehicle (at simulation time 250.002,300,000 s)
2024-06-03 19:15:01,396 INFO  - My position is not better! (at simulation time 250.002,300,000 s)
2024-06-03 19:15:01,396 INFO  - Recieve a message from other vehicle (at simulation time 250.002,400,000 s)
2024-06-03 19:15:01,396 INFO  - My position is not better! (at simulation time 250.002,400,000 s)
2024-06-03 19:15:01,396 INFO  - Recieve a message from other vehicle (at simulation time 250.002,400,000 s)
2024-06-03 19:15:01,396 INFO  - My position is not better! (at simulation time 250.002,400,000 s)
2024-06-03 19:15:01,396 INFO  - Recieve a message from other vehicle (at simulation time 250.002,400,000 s)
2024-06-03 19:15:01,396 INFO  - My position is not better! (at simulation time 250.002,400,000 s)
2024-06-03 19:15:01,396 INFO  - Recieve a message from other vehicle (at simulation time 250.002,800,000 s)
2024-06-03 19:15:01,396 INFO  - My position is not better! (at simulation time 250.002,800,000 s)
2024-06-03 19:15:01,398 INFO  - Called #onVehicleUpdated (at simulation time 251.000,000,000 s)
2024-06-03 19:15:01,398 INFO  - Exced velocity! Sending new CAM (at simulation time 251.000,000,000 s)
2024-06-03 19:15:01,398 INFO  - Sending out AdHoc broadcast (at simulation time 251.000,000,000 s)
2024-06-03 19:15:01,398 INFO  - Sending out AdHoc broadcast (at simulation time 251.000,000,000 s)
2024-06-03 19:15:01,399 INFO  - Recieve a message from other vehicle (at simulation time 251.001,800,000 s)
2024-06-03 19:15:01,399 INFO  - My position is not better! (at simulation time 251.001,800,000 s)
2024-06-03 19:15:01,399 INFO  - Recieve a message from other vehicle (at simulation time 251.001,900,000 s)
2024-06-03 19:15:01,399 INFO  - My position is not better! (at simulation time 251.001,900,000 s)
2024-06-03 19:15:01,399 INFO  - Recieve a message from other vehicle (at simulation time 251.004,300,000 s)
2024-06-03 19:15:01,399 INFO  - My position is not better! (at simulation time 251.004,300,000 s)
2024-06-03 19:15:01,401 INFO  - Called #onVehicleUpdated (at simulation time 252.000,000,000 s)
2024-06-03 19:15:01,401 INFO  - Exced velocity! Sending new CAM (at simulation time 252.000,000,000 s)
2024-06-03 19:15:01,401 INFO  - Sending out AdHoc broadcast (at simulation time 252.000,000,000 s)
2024-06-03 19:15:01,401 INFO  - Sending out AdHoc broadcast (at simulation time 252.000,000,000 s)
2024-06-03 19:15:01,401 INFO  - Sending out AdHoc broadcast (at simulation time 252.000,000,000 s)
2024-06-03 19:15:01,401 INFO  - Sending out AdHoc broadcast (at simulation time 252.000,000,000 s)
2024-06-03 19:15:01,406 INFO  - Shutdown (at simulation time 253.000,000,000 s)
