2024-06-03 19:50:56,841 INFO  - Initialize Vehicle application (at simulation time 222.000,000,000 s)
2024-06-03 19:50:56,843 INFO  - Activated WLAN Module (at simulation time 222.000,000,000 s)
2024-06-03 19:50:56,845 INFO  - Called #onVehicleUpdated (at simulation time 222.000,000,000 s)
2024-06-03 19:50:56,850 INFO  - Called #onVehicleUpdated (at simulation time 223.000,000,000 s)
2024-06-03 19:50:56,850 INFO  - Define the name: veh_37 and route: r_2 (at simulation time 223.000,000,000 s)
2024-06-03 19:50:56,850 INFO  - Sending out AdHoc broadcast (at simulation time 223.000,000,000 s)
2024-06-03 19:50:56,852 INFO  - Called #onVehicleUpdated (at simulation time 224.000,000,000 s)
2024-06-03 19:50:56,852 INFO  - Recieve a message from other vehicle (at simulation time 224.001,900,000 s)
2024-06-03 19:50:56,852 INFO  - Recending a message from other vehicle (at simulation time 224.001,900,000 s)
2024-06-03 19:50:56,853 INFO  - Called #onVehicleUpdated (at simulation time 225.000,000,000 s)
2024-06-03 19:50:56,854 INFO  - Sending out AdHoc broadcast (at simulation time 225.000,000,000 s)
2024-06-03 19:50:56,855 INFO  - Called #onVehicleUpdated (at simulation time 226.000,000,000 s)
2024-06-03 19:50:56,855 INFO  - Recieve a message from other vehicle (at simulation time 226.000,900,000 s)
2024-06-03 19:50:56,855 INFO  - Recending a message from other vehicle (at simulation time 226.000,900,000 s)
2024-06-03 19:50:56,856 INFO  - Called #onVehicleUpdated (at simulation time 227.000,000,000 s)
2024-06-03 19:50:56,856 INFO  - Sending out AdHoc broadcast (at simulation time 227.000,000,000 s)
2024-06-03 19:50:56,858 INFO  - Called #onVehicleUpdated (at simulation time 228.000,000,000 s)
2024-06-03 19:50:56,858 INFO  - Recieve a message from other vehicle (at simulation time 228.000,400,000 s)
2024-06-03 19:50:56,858 INFO  - Recending a message from other vehicle (at simulation time 228.000,400,000 s)
2024-06-03 19:50:56,860 INFO  - Called #onVehicleUpdated (at simulation time 229.000,000,000 s)
2024-06-03 19:50:56,860 INFO  - Sending out AdHoc broadcast (at simulation time 229.000,000,000 s)
2024-06-03 19:50:56,861 INFO  - Recieve a message from other vehicle (at simulation time 229.000,400,000 s)
2024-06-03 19:50:56,861 INFO  - My position is not better! (at simulation time 229.000,400,000 s)
2024-06-03 19:50:56,861 INFO  - Recieve a message from other vehicle (at simulation time 229.001,400,000 s)
2024-06-03 19:50:56,861 INFO  - My position is not better! (at simulation time 229.001,400,000 s)
2024-06-03 19:50:56,861 INFO  - Recieve a message from other vehicle (at simulation time 229.001,400,000 s)
2024-06-03 19:50:56,862 INFO  - I'm in better position but no more hops in message (at simulation time 229.001,400,000 s)
2024-06-03 19:50:56,862 INFO  - Recieve a message from other vehicle (at simulation time 229.002,400,000 s)
2024-06-03 19:50:56,862 INFO  - My position is not better! (at simulation time 229.002,400,000 s)
2024-06-03 19:50:56,862 INFO  - Recieve a message from other vehicle (at simulation time 229.002,800,000 s)
2024-06-03 19:50:56,862 INFO  - My position is not better! (at simulation time 229.002,800,000 s)
2024-06-03 19:50:56,864 INFO  - Called #onVehicleUpdated (at simulation time 230.000,000,000 s)
2024-06-03 19:50:56,865 INFO  - Recieve a message from other vehicle (at simulation time 230.000,900,000 s)
2024-06-03 19:50:56,865 INFO  - My position is not better! (at simulation time 230.000,900,000 s)
2024-06-03 19:50:56,865 INFO  - Recieve a message from other vehicle (at simulation time 230.000,900,000 s)
2024-06-03 19:50:56,865 INFO  - Recending a message from other vehicle (at simulation time 230.000,900,000 s)
2024-06-03 19:50:56,865 INFO  - Recieve a message from other vehicle (at simulation time 230.001,400,000 s)
2024-06-03 19:50:56,865 INFO  - My position is not better! (at simulation time 230.001,400,000 s)
2024-06-03 19:50:56,865 INFO  - Recieve a message from other vehicle (at simulation time 230.001,400,000 s)
2024-06-03 19:50:56,865 INFO  - My position is not better! (at simulation time 230.001,400,000 s)
2024-06-03 19:50:56,865 INFO  - Recieve a message from other vehicle (at simulation time 230.001,400,000 s)
2024-06-03 19:50:56,865 INFO  - My position is not better! (at simulation time 230.001,400,000 s)
2024-06-03 19:50:56,866 INFO  - Recieve a message from other vehicle (at simulation time 230.002,400,000 s)
2024-06-03 19:50:56,866 INFO  - My position is not better! (at simulation time 230.002,400,000 s)
2024-06-03 19:50:56,866 INFO  - Recieve a message from other vehicle (at simulation time 230.002,800,000 s)
2024-06-03 19:50:56,866 INFO  - My position is not better! (at simulation time 230.002,800,000 s)
2024-06-03 19:50:56,866 INFO  - Recieve a message from other vehicle (at simulation time 230.003,300,000 s)
2024-06-03 19:50:56,866 INFO  - My position is not better! (at simulation time 230.003,300,000 s)
2024-06-03 19:50:56,866 INFO  - Recieve a message from other vehicle (at simulation time 230.003,800,000 s)
2024-06-03 19:50:56,866 INFO  - I'm in better position but no more hops in message (at simulation time 230.003,800,000 s)
2024-06-03 19:50:56,867 INFO  - Called #onVehicleUpdated (at simulation time 231.000,000,000 s)
2024-06-03 19:50:56,868 INFO  - Sending out DENM broadcast (at simulation time 231.000,000,000 s)
2024-06-03 19:50:56,868 INFO  - Sending out AdHoc broadcast (at simulation time 231.000,000,000 s)
2024-06-03 19:50:56,868 INFO  - Recieve a message from other vehicle (at simulation time 231.000,400,000 s)
2024-06-03 19:50:56,868 INFO  - I'm in better position but no more hops in message (at simulation time 231.000,400,000 s)
2024-06-03 19:50:56,868 INFO  - Recieve a message from other vehicle (at simulation time 231.000,400,000 s)
2024-06-03 19:50:56,868 INFO  - My position is not better! (at simulation time 231.000,400,000 s)
2024-06-03 19:50:56,868 INFO  - Recieve a message from other vehicle (at simulation time 231.000,400,000 s)
2024-06-03 19:50:56,868 INFO  - My position is not better! (at simulation time 231.000,400,000 s)
2024-06-03 19:50:56,868 INFO  - Recieve a message from other vehicle (at simulation time 231.000,900,000 s)
2024-06-03 19:50:56,868 INFO  - DENM message Recived from veh_39 -info : seco (at simulation time 231.000,900,000 s)
2024-06-03 19:50:56,868 INFO  - No more hops in DENM message (at simulation time 231.000,900,000 s)
2024-06-03 19:50:56,869 INFO  - Recieve a message from other vehicle (at simulation time 231.001,300,000 s)
2024-06-03 19:50:56,869 INFO  - DENM message Recived from veh_39 -info : seco (at simulation time 231.001,300,000 s)
2024-06-03 19:50:56,869 INFO  - No more hops in DENM message (at simulation time 231.001,300,000 s)
2024-06-03 19:50:56,869 INFO  - Recieve a message from other vehicle (at simulation time 231.001,400,000 s)
2024-06-03 19:50:56,869 INFO  - I'm in better position but no more hops in message (at simulation time 231.001,400,000 s)
2024-06-03 19:50:56,869 INFO  - Recieve a message from other vehicle (at simulation time 231.001,400,000 s)
2024-06-03 19:50:56,869 INFO  - I'm in better position but no more hops in message (at simulation time 231.001,400,000 s)
2024-06-03 19:50:56,869 INFO  - Recieve a message from other vehicle (at simulation time 231.001,800,000 s)
2024-06-03 19:50:56,869 INFO  - DENM message Recived from veh_41 -info : seco (at simulation time 231.001,800,000 s)
2024-06-03 19:50:56,869 INFO  - No more hops in DENM message (at simulation time 231.001,800,000 s)
2024-06-03 19:50:56,869 INFO  - Recieve a message from other vehicle (at simulation time 231.001,900,000 s)
2024-06-03 19:50:56,869 INFO  - DENM message Recived from veh_36 -info : seco (at simulation time 231.001,900,000 s)
2024-06-03 19:50:56,869 INFO  - No more hops in DENM message (at simulation time 231.001,900,000 s)
2024-06-03 19:50:56,869 INFO  - Recieve a message from other vehicle (at simulation time 231.001,900,000 s)
2024-06-03 19:50:56,869 INFO  - DENM message Recived from veh_41 -info : seco (at simulation time 231.001,900,000 s)
2024-06-03 19:50:56,869 INFO  - No more hops in DENM message (at simulation time 231.001,900,000 s)
2024-06-03 19:50:56,869 INFO  - Recieve a message from other vehicle (at simulation time 231.002,300,000 s)
2024-06-03 19:50:56,869 INFO  - DENM message Recived from veh_36 -info : seco (at simulation time 231.002,300,000 s)
2024-06-03 19:50:56,869 INFO  - No more hops in DENM message (at simulation time 231.002,300,000 s)
2024-06-03 19:50:56,869 INFO  - Recieve a message from other vehicle (at simulation time 231.002,300,000 s)
2024-06-03 19:50:56,869 INFO  - I'm in better position but no more hops in message (at simulation time 231.002,300,000 s)
2024-06-03 19:50:56,869 INFO  - Recieve a message from other vehicle (at simulation time 231.002,300,000 s)
2024-06-03 19:50:56,869 INFO  - I'm in better position but no more hops in message (at simulation time 231.002,300,000 s)
2024-06-03 19:50:56,869 INFO  - Recieve a message from other vehicle (at simulation time 231.002,400,000 s)
2024-06-03 19:50:56,869 INFO  - My position is not better! (at simulation time 231.002,400,000 s)
2024-06-03 19:50:56,869 INFO  - Recieve a message from other vehicle (at simulation time 231.002,400,000 s)
2024-06-03 19:50:56,869 INFO  - I'm in better position but no more hops in message (at simulation time 231.002,400,000 s)
2024-06-03 19:50:56,870 INFO  - Recieve a message from other vehicle (at simulation time 231.002,400,000 s)
2024-06-03 19:50:56,870 INFO  - I'm in better position but no more hops in message (at simulation time 231.002,400,000 s)
2024-06-03 19:50:56,870 INFO  - Recieve a message from other vehicle (at simulation time 231.003,300,000 s)
2024-06-03 19:50:56,870 INFO  - DENM message Recived from veh_37 -info : seco (at simulation time 231.003,300,000 s)
2024-06-03 19:50:56,870 INFO  - No more hops in DENM message (at simulation time 231.003,300,000 s)
2024-06-03 19:50:56,870 INFO  - Recieve a message from other vehicle (at simulation time 231.003,300,000 s)
2024-06-03 19:50:56,870 INFO  - My position is not better! (at simulation time 231.003,300,000 s)
2024-06-03 19:50:56,871 INFO  - Called #onVehicleUpdated (at simulation time 232.000,000,000 s)
2024-06-03 19:50:56,872 INFO  - Recieve a message from other vehicle (at simulation time 232.000,400,000 s)
2024-06-03 19:50:56,872 INFO  - Recending a message from other vehicle (at simulation time 232.000,400,000 s)
2024-06-03 19:50:56,872 INFO  - Recieve a message from other vehicle (at simulation time 232.000,800,000 s)
2024-06-03 19:50:56,872 INFO  - DENM message Recived from veh_38 -info : seco (at simulation time 232.000,800,000 s)
2024-06-03 19:50:56,872 INFO  - No more hops in DENM message (at simulation time 232.000,800,000 s)
2024-06-03 19:50:56,872 INFO  - Recieve a message from other vehicle (at simulation time 232.000,800,000 s)
2024-06-03 19:50:56,872 INFO  - I'm in better position but no more hops in message (at simulation time 232.000,800,000 s)
2024-06-03 19:50:56,872 INFO  - Recieve a message from other vehicle (at simulation time 232.000,900,000 s)
2024-06-03 19:50:56,872 INFO  - I'm in better position but no more hops in message (at simulation time 232.000,900,000 s)
2024-06-03 19:50:56,872 INFO  - Recieve a message from other vehicle (at simulation time 232.001,300,000 s)
2024-06-03 19:50:56,872 INFO  - I'm in better position but no more hops in message (at simulation time 232.001,300,000 s)
2024-06-03 19:50:56,872 INFO  - Recieve a message from other vehicle (at simulation time 232.001,300,000 s)
2024-06-03 19:50:56,872 INFO  - I'm in better position but no more hops in message (at simulation time 232.001,300,000 s)
2024-06-03 19:50:56,872 INFO  - Recieve a message from other vehicle (at simulation time 232.001,400,000 s)
2024-06-03 19:50:56,872 INFO  - I'm in better position but no more hops in message (at simulation time 232.001,400,000 s)
2024-06-03 19:50:56,872 INFO  - Recieve a message from other vehicle (at simulation time 232.001,400,000 s)
2024-06-03 19:50:56,872 INFO  - I'm in better position but no more hops in message (at simulation time 232.001,400,000 s)
2024-06-03 19:50:56,872 INFO  - Recieve a message from other vehicle (at simulation time 232.001,400,000 s)
2024-06-03 19:50:56,872 INFO  - I'm in better position but no more hops in message (at simulation time 232.001,400,000 s)
2024-06-03 19:50:56,872 INFO  - Recieve a message from other vehicle (at simulation time 232.001,400,000 s)
2024-06-03 19:50:56,872 INFO  - I'm in better position but no more hops in message (at simulation time 232.001,400,000 s)
2024-06-03 19:50:56,872 INFO  - Recieve a message from other vehicle (at simulation time 232.001,400,000 s)
2024-06-03 19:50:56,872 INFO  - Recending a message from other vehicle (at simulation time 232.001,400,000 s)
2024-06-03 19:50:56,873 INFO  - Recieve a message from other vehicle (at simulation time 232.001,900,000 s)
2024-06-03 19:50:56,873 INFO  - DENM message Recived from veh_40 -info : seco (at simulation time 232.001,900,000 s)
2024-06-03 19:50:56,873 INFO  - No more hops in DENM message (at simulation time 232.001,900,000 s)
2024-06-03 19:50:56,873 INFO  - Recieve a message from other vehicle (at simulation time 232.002,400,000 s)
2024-06-03 19:50:56,873 INFO  - DENM message Recived from veh_38 -info : seco (at simulation time 232.002,400,000 s)
2024-06-03 19:50:56,873 INFO  - No more hops in DENM message (at simulation time 232.002,400,000 s)
2024-06-03 19:50:56,873 INFO  - Recieve a message from other vehicle (at simulation time 232.002,800,000 s)
2024-06-03 19:50:56,873 INFO  - DENM message Recived from veh_40 -info : seco (at simulation time 232.002,800,000 s)
2024-06-03 19:50:56,873 INFO  - No more hops in DENM message (at simulation time 232.002,800,000 s)
2024-06-03 19:50:56,875 INFO  - Called #onVehicleUpdated (at simulation time 233.000,000,000 s)
2024-06-03 19:50:56,875 INFO  - Sending out AdHoc broadcast (at simulation time 233.000,000,000 s)
2024-06-03 19:50:56,875 INFO  - Recieve a message from other vehicle (at simulation time 233.000,400,000 s)
2024-06-03 19:50:56,875 INFO  - I'm in better position but no more hops in message (at simulation time 233.000,400,000 s)
2024-06-03 19:50:56,875 INFO  - Recieve a message from other vehicle (at simulation time 233.000,400,000 s)
2024-06-03 19:50:56,875 INFO  - My position is not better! (at simulation time 233.000,400,000 s)
2024-06-03 19:50:56,876 INFO  - Recieve a message from other vehicle (at simulation time 233.000,400,000 s)
2024-06-03 19:50:56,876 INFO  - I'm in better position but no more hops in message (at simulation time 233.000,400,000 s)
2024-06-03 19:50:56,876 INFO  - Recieve a message from other vehicle (at simulation time 233.000,800,000 s)
2024-06-03 19:50:56,876 INFO  - I'm in better position but no more hops in message (at simulation time 233.000,800,000 s)
2024-06-03 19:50:56,876 INFO  - Recieve a message from other vehicle (at simulation time 233.000,900,000 s)
2024-06-03 19:50:56,876 INFO  - I'm in better position but no more hops in message (at simulation time 233.000,900,000 s)
2024-06-03 19:50:56,876 INFO  - Recieve a message from other vehicle (at simulation time 233.000,900,000 s)
2024-06-03 19:50:56,876 INFO  - Recending a message from other vehicle (at simulation time 233.000,900,000 s)
2024-06-03 19:50:56,876 INFO  - Recieve a message from other vehicle (at simulation time 233.000,900,000 s)
2024-06-03 19:50:56,876 INFO  - I'm in better position but no more hops in message (at simulation time 233.000,900,000 s)
2024-06-03 19:50:56,876 INFO  - Recieve a message from other vehicle (at simulation time 233.001,400,000 s)
2024-06-03 19:50:56,876 INFO  - I'm in better position but no more hops in message (at simulation time 233.001,400,000 s)
2024-06-03 19:50:56,877 INFO  - Recieve a message from other vehicle (at simulation time 233.001,900,000 s)
2024-06-03 19:50:56,877 INFO  - I'm in better position but no more hops in message (at simulation time 233.001,900,000 s)
2024-06-03 19:50:56,877 INFO  - Recieve a message from other vehicle (at simulation time 233.002,300,000 s)
2024-06-03 19:50:56,877 INFO  - My position is not better! (at simulation time 233.002,300,000 s)
2024-06-03 19:50:56,877 INFO  - Recieve a message from other vehicle (at simulation time 233.002,800,000 s)
2024-06-03 19:50:56,877 INFO  - I'm in better position but no more hops in message (at simulation time 233.002,800,000 s)
2024-06-03 19:50:56,878 INFO  - Called #onVehicleUpdated (at simulation time 234.000,000,000 s)
2024-06-03 19:50:56,879 INFO  - Recieve a message from other vehicle (at simulation time 234.000,400,000 s)
2024-06-03 19:50:56,879 INFO  - My position is not better! (at simulation time 234.000,400,000 s)
2024-06-03 19:50:56,879 INFO  - Recieve a message from other vehicle (at simulation time 234.000,800,000 s)
2024-06-03 19:50:56,879 INFO  - I'm in better position but no more hops in message (at simulation time 234.000,800,000 s)
2024-06-03 19:50:56,879 INFO  - Recieve a message from other vehicle (at simulation time 234.000,900,000 s)
2024-06-03 19:50:56,879 INFO  - My position is not better! (at simulation time 234.000,900,000 s)
2024-06-03 19:50:56,879 INFO  - Recieve a message from other vehicle (at simulation time 234.001,300,000 s)
2024-06-03 19:50:56,879 INFO  - I'm in better position but no more hops in message (at simulation time 234.001,300,000 s)
2024-06-03 19:50:56,879 INFO  - Recieve a message from other vehicle (at simulation time 234.001,300,000 s)
2024-06-03 19:50:56,879 INFO  - I'm in better position but no more hops in message (at simulation time 234.001,300,000 s)
2024-06-03 19:50:56,880 INFO  - Recieve a message from other vehicle (at simulation time 234.002,300,000 s)
2024-06-03 19:50:56,880 INFO  - My position is not better! (at simulation time 234.002,300,000 s)
2024-06-03 19:50:56,880 INFO  - Recieve a message from other vehicle (at simulation time 234.002,400,000 s)
2024-06-03 19:50:56,880 INFO  - My position is not better! (at simulation time 234.002,400,000 s)
2024-06-03 19:50:56,880 INFO  - Recieve a message from other vehicle (at simulation time 234.002,400,000 s)
2024-06-03 19:50:56,880 INFO  - My position is not better! (at simulation time 234.002,400,000 s)
2024-06-03 19:50:56,882 INFO  - Called #onVehicleUpdated (at simulation time 235.000,000,000 s)
2024-06-03 19:50:56,882 INFO  - Sending out AdHoc broadcast (at simulation time 235.000,000,000 s)
2024-06-03 19:50:56,882 INFO  - Recieve a message from other vehicle (at simulation time 235.000,400,000 s)
2024-06-03 19:50:56,882 INFO  - My position is not better! (at simulation time 235.000,400,000 s)
2024-06-03 19:50:56,883 INFO  - Recieve a message from other vehicle (at simulation time 235.000,800,000 s)
2024-06-03 19:50:56,883 INFO  - My position is not better! (at simulation time 235.000,800,000 s)
2024-06-03 19:50:56,883 INFO  - Recieve a message from other vehicle (at simulation time 235.000,800,000 s)
2024-06-03 19:50:56,883 INFO  - I'm in better position but no more hops in message (at simulation time 235.000,800,000 s)
2024-06-03 19:50:56,883 INFO  - Recieve a message from other vehicle (at simulation time 235.000,900,000 s)
2024-06-03 19:50:56,883 INFO  - My position is not better! (at simulation time 235.000,900,000 s)
2024-06-03 19:50:56,883 INFO  - Recieve a message from other vehicle (at simulation time 235.000,900,000 s)
2024-06-03 19:50:56,883 INFO  - My position is not better! (at simulation time 235.000,900,000 s)
2024-06-03 19:50:56,883 INFO  - Recieve a message from other vehicle (at simulation time 235.001,300,000 s)
2024-06-03 19:50:56,883 INFO  - My position is not better! (at simulation time 235.001,300,000 s)
2024-06-03 19:50:56,883 INFO  - Recieve a message from other vehicle (at simulation time 235.001,400,000 s)
2024-06-03 19:50:56,883 INFO  - My position is not better! (at simulation time 235.001,400,000 s)
2024-06-03 19:50:56,883 INFO  - Recieve a message from other vehicle (at simulation time 235.001,400,000 s)
2024-06-03 19:50:56,883 INFO  - My position is not better! (at simulation time 235.001,400,000 s)
2024-06-03 19:50:56,883 INFO  - Recieve a message from other vehicle (at simulation time 235.001,800,000 s)
2024-06-03 19:50:56,883 INFO  - I'm in better position but no more hops in message (at simulation time 235.001,800,000 s)
2024-06-03 19:50:56,884 INFO  - Recieve a message from other vehicle (at simulation time 235.004,300,000 s)
2024-06-03 19:50:56,884 INFO  - I'm in better position but no more hops in message (at simulation time 235.004,300,000 s)
2024-06-03 19:50:56,885 INFO  - Called #onVehicleUpdated (at simulation time 236.000,000,000 s)
2024-06-03 19:50:56,885 INFO  - Recieve a message from other vehicle (at simulation time 236.001,900,000 s)
2024-06-03 19:50:56,885 INFO  - My position is not better! (at simulation time 236.001,900,000 s)
2024-06-03 19:50:56,886 INFO  - Called #onVehicleUpdated (at simulation time 237.000,000,000 s)
2024-06-03 19:50:56,886 INFO  - Sending out AdHoc broadcast (at simulation time 237.000,000,000 s)
2024-06-03 19:50:56,888 INFO  - Called #onVehicleUpdated (at simulation time 238.000,000,000 s)
2024-06-03 19:50:56,889 INFO  - Called #onVehicleUpdated (at simulation time 239.000,000,000 s)
2024-06-03 19:50:56,890 INFO  - Sending out AdHoc broadcast (at simulation time 239.000,000,000 s)
2024-06-03 19:50:56,892 INFO  - Called #onVehicleUpdated (at simulation time 240.000,000,000 s)
2024-06-03 19:50:56,894 INFO  - Called #onVehicleUpdated (at simulation time 241.000,000,000 s)
2024-06-03 19:50:56,894 INFO  - Sending out AdHoc broadcast (at simulation time 241.000,000,000 s)
2024-06-03 19:50:56,895 INFO  - Called #onVehicleUpdated (at simulation time 242.000,000,000 s)
2024-06-03 19:50:56,896 INFO  - Shutdown (at simulation time 243.000,000,000 s)
