2024-06-03 19:14:59,968 INFO  - Initialize Vehicle application (at simulation time 6.000,000,000 s)
2024-06-03 19:14:59,969 INFO  - Activated WLAN Module (at simulation time 6.000,000,000 s)
2024-06-03 19:14:59,976 INFO  - Called #onVehicleUpdated (at simulation time 6.000,000,000 s)
2024-06-03 19:14:59,976 INFO  - Exced velocity! Sending new CAM (at simulation time 6.000,000,000 s)
2024-06-03 19:14:59,976 INFO  - Sending out AdHoc broadcast (at simulation time 6.000,000,000 s)
2024-06-03 19:14:59,987 INFO  - Called #onVehicleUpdated (at simulation time 7.000,000,000 s)
2024-06-03 19:14:59,988 INFO  - Define the name: veh_1 and route: r_2 (at simulation time 7.000,000,000 s)
2024-06-03 19:14:59,989 INFO  - Sending out AdHoc broadcast (at simulation time 7.000,000,000 s)
2024-06-03 19:14:59,994 INFO  - Called #onVehicleUpdated (at simulation time 8.000,000,000 s)
2024-06-03 19:14:59,995 INFO  - Sending out AdHoc broadcast (at simulation time 8.000,000,000 s)
2024-06-03 19:14:59,996 INFO  - Recieve a message from other vehicle (at simulation time 8.000,900,000 s)
2024-06-03 19:14:59,996 INFO  - Recending a message from other vehicle (at simulation time 8.000,900,000 s)
2024-06-03 19:14:59,999 INFO  - Called #onVehicleUpdated (at simulation time 9.000,000,000 s)
2024-06-03 19:15:00,001 INFO  - Sending out AdHoc broadcast (at simulation time 9.000,000,000 s)
2024-06-03 19:15:00,011 INFO  - Called #onVehicleUpdated (at simulation time 10.000,000,000 s)
2024-06-03 19:15:00,013 INFO  - Sending out AdHoc broadcast (at simulation time 10.000,000,000 s)
2024-06-03 19:15:00,014 INFO  - Recieve a message from other vehicle (at simulation time 10.000,400,000 s)
2024-06-03 19:15:00,014 INFO  - Recending a message from other vehicle (at simulation time 10.000,400,000 s)
2024-06-03 19:15:00,018 INFO  - Called #onVehicleUpdated (at simulation time 11.000,000,000 s)
2024-06-03 19:15:00,019 INFO  - Sending out AdHoc broadcast (at simulation time 11.000,000,000 s)
2024-06-03 19:15:00,027 INFO  - Called #onVehicleUpdated (at simulation time 12.000,000,000 s)
2024-06-03 19:15:00,028 INFO  - Sending out AdHoc broadcast (at simulation time 12.000,000,000 s)
2024-06-03 19:15:00,032 INFO  - Recieve a message from other vehicle (at simulation time 12.001,400,000 s)
2024-06-03 19:15:00,032 INFO  - Recending a message from other vehicle (at simulation time 12.001,400,000 s)
2024-06-03 19:15:00,038 INFO  - Called #onVehicleUpdated (at simulation time 13.000,000,000 s)
2024-06-03 19:15:00,040 INFO  - Sending out AdHoc broadcast (at simulation time 13.000,000,000 s)
2024-06-03 19:15:00,042 INFO  - Recieve a message from other vehicle (at simulation time 13.000,400,000 s)
2024-06-03 19:15:00,042 INFO  - My position is not better! (at simulation time 13.000,400,000 s)
2024-06-03 19:15:00,043 INFO  - Recieve a message from other vehicle (at simulation time 13.000,900,000 s)
2024-06-03 19:15:00,043 INFO  - My position is not better! (at simulation time 13.000,900,000 s)
2024-06-03 19:15:00,043 INFO  - Recieve a message from other vehicle (at simulation time 13.000,900,000 s)
2024-06-03 19:15:00,043 INFO  - My position is not better! (at simulation time 13.000,900,000 s)
2024-06-03 19:15:00,046 INFO  - Recieve a message from other vehicle (at simulation time 13.001,800,000 s)
2024-06-03 19:15:00,046 INFO  - I'm in better position but no more hops in message (at simulation time 13.001,800,000 s)
2024-06-03 19:15:00,046 INFO  - Recieve a message from other vehicle (at simulation time 13.001,900,000 s)
2024-06-03 19:15:00,046 INFO  - My position is not better! (at simulation time 13.001,900,000 s)
2024-06-03 19:15:00,047 INFO  - Recieve a message from other vehicle (at simulation time 13.001,900,000 s)
2024-06-03 19:15:00,047 INFO  - I'm in better position but no more hops in message (at simulation time 13.001,900,000 s)
2024-06-03 19:15:00,047 INFO  - Recieve a message from other vehicle (at simulation time 13.001,900,000 s)
2024-06-03 19:15:00,047 INFO  - My position is not better! (at simulation time 13.001,900,000 s)
2024-06-03 19:15:00,047 INFO  - Recieve a message from other vehicle (at simulation time 13.001,900,000 s)
2024-06-03 19:15:00,047 INFO  - My position is not better! (at simulation time 13.001,900,000 s)
2024-06-03 19:15:00,048 INFO  - Recieve a message from other vehicle (at simulation time 13.002,400,000 s)
2024-06-03 19:15:00,048 INFO  - My position is not better! (at simulation time 13.002,400,000 s)
2024-06-03 19:15:00,048 INFO  - Recieve a message from other vehicle (at simulation time 13.002,400,000 s)
2024-06-03 19:15:00,048 INFO  - My position is not better! (at simulation time 13.002,400,000 s)
2024-06-03 19:15:00,049 INFO  - Recieve a message from other vehicle (at simulation time 13.002,800,000 s)
2024-06-03 19:15:00,049 INFO  - My position is not better! (at simulation time 13.002,800,000 s)
2024-06-03 19:15:00,049 INFO  - Recieve a message from other vehicle (at simulation time 13.002,800,000 s)
2024-06-03 19:15:00,049 INFO  - I'm in better position but no more hops in message (at simulation time 13.002,800,000 s)
2024-06-03 19:15:00,049 INFO  - Recieve a message from other vehicle (at simulation time 13.002,800,000 s)
2024-06-03 19:15:00,049 INFO  - My position is not better! (at simulation time 13.002,800,000 s)
2024-06-03 19:15:00,051 INFO  - Recieve a message from other vehicle (at simulation time 13.003,300,000 s)
2024-06-03 19:15:00,051 INFO  - My position is not better! (at simulation time 13.003,300,000 s)
2024-06-03 19:15:00,051 INFO  - Recieve a message from other vehicle (at simulation time 13.003,300,000 s)
2024-06-03 19:15:00,051 INFO  - My position is not better! (at simulation time 13.003,300,000 s)
2024-06-03 19:15:00,051 INFO  - Recieve a message from other vehicle (at simulation time 13.004,300,000 s)
2024-06-03 19:15:00,051 INFO  - My position is not better! (at simulation time 13.004,300,000 s)
2024-06-03 19:15:00,056 INFO  - Called #onVehicleUpdated (at simulation time 14.000,000,000 s)
2024-06-03 19:15:00,057 INFO  - Sending out AdHoc broadcast (at simulation time 14.000,000,000 s)
2024-06-03 19:15:00,059 INFO  - Recieve a message from other vehicle (at simulation time 14.000,800,000 s)
2024-06-03 19:15:00,059 INFO  - I'm in better position but no more hops in message (at simulation time 14.000,800,000 s)
2024-06-03 19:15:00,059 INFO  - Recieve a message from other vehicle (at simulation time 14.000,900,000 s)
2024-06-03 19:15:00,059 INFO  - My position is not better! (at simulation time 14.000,900,000 s)
2024-06-03 19:15:00,060 INFO  - Recieve a message from other vehicle (at simulation time 14.000,900,000 s)
2024-06-03 19:15:00,060 INFO  - My position is not better! (at simulation time 14.000,900,000 s)
2024-06-03 19:15:00,060 INFO  - Recieve a message from other vehicle (at simulation time 14.000,900,000 s)
2024-06-03 19:15:00,060 INFO  - I'm in better position but no more hops in message (at simulation time 14.000,900,000 s)
2024-06-03 19:15:00,060 INFO  - Recieve a message from other vehicle (at simulation time 14.000,900,000 s)
2024-06-03 19:15:00,060 INFO  - Recending a message from other vehicle (at simulation time 14.000,900,000 s)
2024-06-03 19:15:00,062 INFO  - Recieve a message from other vehicle (at simulation time 14.001,400,000 s)
2024-06-03 19:15:00,062 INFO  - My position is not better! (at simulation time 14.001,400,000 s)
2024-06-03 19:15:00,063 INFO  - Recieve a message from other vehicle (at simulation time 14.001,400,000 s)
2024-06-03 19:15:00,063 INFO  - I'm in better position but no more hops in message (at simulation time 14.001,400,000 s)
2024-06-03 19:15:00,063 INFO  - Recieve a message from other vehicle (at simulation time 14.001,800,000 s)
2024-06-03 19:15:00,063 INFO  - I'm in better position but no more hops in message (at simulation time 14.001,800,000 s)
2024-06-03 19:15:00,063 INFO  - Recieve a message from other vehicle (at simulation time 14.001,900,000 s)
2024-06-03 19:15:00,063 INFO  - I'm in better position but no more hops in message (at simulation time 14.001,900,000 s)
2024-06-03 19:15:00,064 INFO  - Recieve a message from other vehicle (at simulation time 14.001,900,000 s)
2024-06-03 19:15:00,064 INFO  - I'm in better position but no more hops in message (at simulation time 14.001,900,000 s)
2024-06-03 19:15:00,064 INFO  - Recieve a message from other vehicle (at simulation time 14.001,900,000 s)
2024-06-03 19:15:00,064 INFO  - I'm in better position but no more hops in message (at simulation time 14.001,900,000 s)
2024-06-03 19:15:00,066 INFO  - Recieve a message from other vehicle (at simulation time 14.002,300,000 s)
2024-06-03 19:15:00,066 INFO  - I'm in better position but no more hops in message (at simulation time 14.002,300,000 s)
2024-06-03 19:15:00,067 INFO  - Recieve a message from other vehicle (at simulation time 14.002,800,000 s)
2024-06-03 19:15:00,067 INFO  - I'm in better position but no more hops in message (at simulation time 14.002,800,000 s)
2024-06-03 19:15:00,068 INFO  - Recieve a message from other vehicle (at simulation time 14.003,800,000 s)
2024-06-03 19:15:00,068 INFO  - My position is not better! (at simulation time 14.003,800,000 s)
2024-06-03 19:15:00,068 INFO  - Recieve a message from other vehicle (at simulation time 14.004,300,000 s)
2024-06-03 19:15:00,068 INFO  - I'm in better position but no more hops in message (at simulation time 14.004,300,000 s)
2024-06-03 19:15:00,070 INFO  - Recieve a message from RSU (at simulation time 14.625,859,252 s)
2024-06-03 19:15:00,070 INFO  - RSU Stopped me!!! (at simulation time 14.625,859,252 s)
2024-06-03 19:15:00,071 INFO  - Recieve a message from RSU (at simulation time 14.639,861,560 s)
2024-06-03 19:15:00,077 INFO  - Called #onVehicleUpdated (at simulation time 15.000,000,000 s)
2024-06-03 19:15:00,077 INFO  - Sending out DENM broadcast (at simulation time 15.000,000,000 s)
2024-06-03 19:15:00,078 INFO  - Sending out AdHoc broadcast (at simulation time 15.000,000,000 s)
2024-06-03 19:15:00,079 INFO  - Recieve a message from other vehicle (at simulation time 15.000,400,000 s)
2024-06-03 19:15:00,080 INFO  - DENM message Recived from veh_0 -info : seco (at simulation time 15.000,400,000 s)
2024-06-03 19:15:00,080 INFO  - No more hops in DENM message (at simulation time 15.000,400,000 s)
2024-06-03 19:15:00,080 INFO  - Recieve a message from other vehicle (at simulation time 15.000,400,000 s)
2024-06-03 19:15:00,080 INFO  - I'm in better position but no more hops in message (at simulation time 15.000,400,000 s)
2024-06-03 19:15:00,080 INFO  - Recieve a message from other vehicle (at simulation time 15.000,400,000 s)
2024-06-03 19:15:00,080 INFO  - My position is not better! (at simulation time 15.000,400,000 s)
2024-06-03 19:15:00,081 INFO  - Recieve a message from other vehicle (at simulation time 15.000,400,000 s)
2024-06-03 19:15:00,081 INFO  - My position is not better! (at simulation time 15.000,400,000 s)
2024-06-03 19:15:00,081 INFO  - Recieve a message from other vehicle (at simulation time 15.000,400,000 s)
2024-06-03 19:15:00,081 INFO  - I'm in better position but no more hops in message (at simulation time 15.000,400,000 s)
2024-06-03 19:15:00,081 INFO  - Recieve a message from other vehicle (at simulation time 15.000,800,000 s)
2024-06-03 19:15:00,081 INFO  - DENM message Recived from veh_3 -info : seco (at simulation time 15.000,800,000 s)
2024-06-03 19:15:00,081 INFO  - No more hops in DENM message (at simulation time 15.000,800,000 s)
2024-06-03 19:15:00,081 INFO  - Recieve a message from other vehicle (at simulation time 15.000,800,000 s)
2024-06-03 19:15:00,081 INFO  - DENM message Recived from veh_5 -info : seco (at simulation time 15.000,800,000 s)
2024-06-03 19:15:00,081 INFO  - No more hops in DENM message (at simulation time 15.000,800,000 s)
2024-06-03 19:15:00,083 INFO  - Recieve a message from other vehicle (at simulation time 15.001,300,000 s)
2024-06-03 19:15:00,084 INFO  - DENM message Recived from veh_0 -info : seco (at simulation time 15.001,300,000 s)
2024-06-03 19:15:00,084 INFO  - No more hops in DENM message (at simulation time 15.001,300,000 s)
2024-06-03 19:15:00,084 INFO  - Recieve a message from other vehicle (at simulation time 15.001,300,000 s)
2024-06-03 19:15:00,084 INFO  - DENM message Recived from veh_1 -info : seco (at simulation time 15.001,300,000 s)
2024-06-03 19:15:00,084 INFO  - No more hops in DENM message (at simulation time 15.001,300,000 s)
2024-06-03 19:15:00,084 INFO  - Recieve a message from other vehicle (at simulation time 15.001,400,000 s)
2024-06-03 19:15:00,084 INFO  - DENM message Recived from veh_3 -info : seco (at simulation time 15.001,400,000 s)
2024-06-03 19:15:00,084 INFO  - No more hops in DENM message (at simulation time 15.001,400,000 s)
2024-06-03 19:15:00,084 INFO  - Recieve a message from other vehicle (at simulation time 15.001,400,000 s)
2024-06-03 19:15:00,084 INFO  - My position is not better! (at simulation time 15.001,400,000 s)
2024-06-03 19:15:00,084 INFO  - Recieve a message from other vehicle (at simulation time 15.001,400,000 s)
2024-06-03 19:15:00,084 INFO  - I'm in better position but no more hops in message (at simulation time 15.001,400,000 s)
2024-06-03 19:15:00,085 INFO  - Recieve a message from other vehicle (at simulation time 15.001,400,000 s)
2024-06-03 19:15:00,085 INFO  - I'm in better position but no more hops in message (at simulation time 15.001,400,000 s)
2024-06-03 19:15:00,086 INFO  - Recieve a message from other vehicle (at simulation time 15.001,900,000 s)
2024-06-03 19:15:00,086 INFO  - I'm in better position but no more hops in message (at simulation time 15.001,900,000 s)
2024-06-03 19:15:00,087 INFO  - Recieve a message from other vehicle (at simulation time 15.002,400,000 s)
2024-06-03 19:15:00,087 INFO  - DENM message Recived from veh_5 -info : seco (at simulation time 15.002,400,000 s)
2024-06-03 19:15:00,087 INFO  - No more hops in DENM message (at simulation time 15.002,400,000 s)
2024-06-03 19:15:00,088 INFO  - Recieve a message from other vehicle (at simulation time 15.002,400,000 s)
2024-06-03 19:15:00,088 INFO  - I'm in better position but no more hops in message (at simulation time 15.002,400,000 s)
2024-06-03 19:15:00,088 INFO  - Recieve a message from other vehicle (at simulation time 15.002,400,000 s)
2024-06-03 19:15:00,088 INFO  - My position is not better! (at simulation time 15.002,400,000 s)
2024-06-03 19:15:00,088 INFO  - Recieve a message from other vehicle (at simulation time 15.002,800,000 s)
2024-06-03 19:15:00,088 INFO  - I'm in better position but no more hops in message (at simulation time 15.002,800,000 s)
2024-06-03 19:15:00,089 INFO  - Recieve a message from other vehicle (at simulation time 15.003,300,000 s)
2024-06-03 19:15:00,089 INFO  - I'm in better position but no more hops in message (at simulation time 15.003,300,000 s)
2024-06-03 19:15:00,089 INFO  - Recieve a message from RSU (at simulation time 15.317,683,559 s)
2024-06-03 19:15:00,091 INFO  - Recieve a message from RSU (at simulation time 15.336,809,436 s)
2024-06-03 19:15:00,093 INFO  - Called #onVehicleUpdated (at simulation time 16.000,000,000 s)
2024-06-03 19:15:00,094 INFO  - Sending out AdHoc broadcast (at simulation time 16.000,000,000 s)
2024-06-03 19:15:00,096 INFO  - Recieve a message from other vehicle (at simulation time 16.000,400,000 s)
2024-06-03 19:15:00,096 INFO  - I'm in better position but no more hops in message (at simulation time 16.000,400,000 s)
2024-06-03 19:15:00,096 INFO  - Recieve a message from other vehicle (at simulation time 16.000,400,000 s)
2024-06-03 19:15:00,096 INFO  - I'm in better position but no more hops in message (at simulation time 16.000,400,000 s)
2024-06-03 19:15:00,096 INFO  - Recieve a message from other vehicle (at simulation time 16.000,400,000 s)
2024-06-03 19:15:00,096 INFO  - I'm in better position but no more hops in message (at simulation time 16.000,400,000 s)
2024-06-03 19:15:00,097 INFO  - Recieve a message from other vehicle (at simulation time 16.000,900,000 s)
2024-06-03 19:15:00,097 INFO  - DENM message Recived from veh_4 -info : seco (at simulation time 16.000,900,000 s)
2024-06-03 19:15:00,097 INFO  - No more hops in DENM message (at simulation time 16.000,900,000 s)
2024-06-03 19:15:00,097 INFO  - Recieve a message from other vehicle (at simulation time 16.000,900,000 s)
2024-06-03 19:15:00,097 INFO  - I'm in better position but no more hops in message (at simulation time 16.000,900,000 s)
2024-06-03 19:15:00,097 INFO  - Recieve a message from other vehicle (at simulation time 16.001,300,000 s)
2024-06-03 19:15:00,098 INFO  - I'm in better position but no more hops in message (at simulation time 16.001,300,000 s)
2024-06-03 19:15:00,098 INFO  - Recieve a message from other vehicle (at simulation time 16.001,300,000 s)
2024-06-03 19:15:00,098 INFO  - DENM message Recived from veh_4 -info : seco (at simulation time 16.001,300,000 s)
2024-06-03 19:15:00,098 INFO  - No more hops in DENM message (at simulation time 16.001,300,000 s)
2024-06-03 19:15:00,098 INFO  - Recieve a message from other vehicle (at simulation time 16.001,400,000 s)
2024-06-03 19:15:00,098 INFO  - DENM message Recived from veh_2 -info : seco (at simulation time 16.001,400,000 s)
2024-06-03 19:15:00,098 INFO  - No more hops in DENM message (at simulation time 16.001,400,000 s)
2024-06-03 19:15:00,098 INFO  - Recieve a message from other vehicle (at simulation time 16.001,800,000 s)
2024-06-03 19:15:00,098 INFO  - I'm in better position but no more hops in message (at simulation time 16.001,800,000 s)
2024-06-03 19:15:00,099 INFO  - Recieve a message from other vehicle (at simulation time 16.001,900,000 s)
2024-06-03 19:15:00,099 INFO  - I'm in better position but no more hops in message (at simulation time 16.001,900,000 s)
2024-06-03 19:15:00,099 INFO  - Recieve a message from other vehicle (at simulation time 16.001,900,000 s)
2024-06-03 19:15:00,099 INFO  - I'm in better position but no more hops in message (at simulation time 16.001,900,000 s)
2024-06-03 19:15:00,100 INFO  - Recieve a message from other vehicle (at simulation time 16.002,300,000 s)
2024-06-03 19:15:00,100 INFO  - I'm in better position but no more hops in message (at simulation time 16.002,300,000 s)
2024-06-03 19:15:00,100 INFO  - Recieve a message from other vehicle (at simulation time 16.002,400,000 s)
2024-06-03 19:15:00,100 INFO  - I'm in better position but no more hops in message (at simulation time 16.002,400,000 s)
2024-06-03 19:15:00,100 INFO  - Recieve a message from other vehicle (at simulation time 16.002,400,000 s)
2024-06-03 19:15:00,100 INFO  - I'm in better position but no more hops in message (at simulation time 16.002,400,000 s)
2024-06-03 19:15:00,101 INFO  - Recieve a message from other vehicle (at simulation time 16.002,400,000 s)
2024-06-03 19:15:00,101 INFO  - I'm in better position but no more hops in message (at simulation time 16.002,400,000 s)
2024-06-03 19:15:00,101 INFO  - Recieve a message from other vehicle (at simulation time 16.002,800,000 s)
2024-06-03 19:15:00,101 INFO  - DENM message Recived from veh_2 -info : seco (at simulation time 16.002,800,000 s)
2024-06-03 19:15:00,101 INFO  - No more hops in DENM message (at simulation time 16.002,800,000 s)
2024-06-03 19:15:00,101 INFO  - Recieve a message from other vehicle (at simulation time 16.002,800,000 s)
2024-06-03 19:15:00,101 INFO  - I'm in better position but no more hops in message (at simulation time 16.002,800,000 s)
2024-06-03 19:15:00,101 INFO  - Recieve a message from other vehicle (at simulation time 16.003,300,000 s)
2024-06-03 19:15:00,101 INFO  - I'm in better position but no more hops in message (at simulation time 16.003,300,000 s)
2024-06-03 19:15:00,102 INFO  - Recieve a message from RSU (at simulation time 16.023,157,043 s)
2024-06-03 19:15:00,102 INFO  - Recieve a message from RSU (at simulation time 16.027,300,666 s)
2024-06-03 19:15:00,103 INFO  - Recieve a message from RSU (at simulation time 16.716,623,217 s)
2024-06-03 19:15:00,104 INFO  - Recieve a message from RSU (at simulation time 16.764,908,410 s)
2024-06-03 19:15:00,106 INFO  - Called #onVehicleUpdated (at simulation time 17.000,000,000 s)
2024-06-03 19:15:00,106 INFO  - Sending out AdHoc broadcast (at simulation time 17.000,000,000 s)
2024-06-03 19:15:00,108 INFO  - Recieve a message from other vehicle (at simulation time 17.000,400,000 s)
2024-06-03 19:15:00,108 INFO  - I'm in better position but no more hops in message (at simulation time 17.000,400,000 s)
2024-06-03 19:15:00,108 INFO  - Recieve a message from other vehicle (at simulation time 17.000,400,000 s)
2024-06-03 19:15:00,108 INFO  - I'm in better position but no more hops in message (at simulation time 17.000,400,000 s)
2024-06-03 19:15:00,109 INFO  - Recieve a message from other vehicle (at simulation time 17.000,800,000 s)
2024-06-03 19:15:00,109 INFO  - I'm in better position but no more hops in message (at simulation time 17.000,800,000 s)
2024-06-03 19:15:00,109 INFO  - Recieve a message from other vehicle (at simulation time 17.000,900,000 s)
2024-06-03 19:15:00,109 INFO  - I'm in better position but no more hops in message (at simulation time 17.000,900,000 s)
2024-06-03 19:15:00,109 INFO  - Recieve a message from other vehicle (at simulation time 17.000,900,000 s)
2024-06-03 19:15:00,109 INFO  - I'm in better position but no more hops in message (at simulation time 17.000,900,000 s)
2024-06-03 19:15:00,110 INFO  - Recieve a message from other vehicle (at simulation time 17.000,900,000 s)
2024-06-03 19:15:00,110 INFO  - I'm in better position but no more hops in message (at simulation time 17.000,900,000 s)
2024-06-03 19:15:00,110 INFO  - Recieve a message from other vehicle (at simulation time 17.001,400,000 s)
2024-06-03 19:15:00,110 INFO  - I'm in better position but no more hops in message (at simulation time 17.001,400,000 s)
2024-06-03 19:15:00,110 INFO  - Recieve a message from other vehicle (at simulation time 17.001,400,000 s)
2024-06-03 19:15:00,110 INFO  - I'm in better position but no more hops in message (at simulation time 17.001,400,000 s)
2024-06-03 19:15:00,110 INFO  - Recieve a message from other vehicle (at simulation time 17.001,800,000 s)
2024-06-03 19:15:00,110 INFO  - I'm in better position but no more hops in message (at simulation time 17.001,800,000 s)
2024-06-03 19:15:00,110 INFO  - Recieve a message from other vehicle (at simulation time 17.001,900,000 s)
2024-06-03 19:15:00,110 INFO  - I'm in better position but no more hops in message (at simulation time 17.001,900,000 s)
2024-06-03 19:15:00,110 INFO  - Recieve a message from other vehicle (at simulation time 17.001,900,000 s)
2024-06-03 19:15:00,110 INFO  - I'm in better position but no more hops in message (at simulation time 17.001,900,000 s)
2024-06-03 19:15:00,111 INFO  - Recieve a message from other vehicle (at simulation time 17.002,400,000 s)
2024-06-03 19:15:00,111 INFO  - I'm in better position but no more hops in message (at simulation time 17.002,400,000 s)
2024-06-03 19:15:00,111 INFO  - Recieve a message from other vehicle (at simulation time 17.002,800,000 s)
2024-06-03 19:15:00,111 INFO  - I'm in better position but no more hops in message (at simulation time 17.002,800,000 s)
2024-06-03 19:15:00,111 INFO  - Recieve a message from other vehicle (at simulation time 17.002,800,000 s)
2024-06-03 19:15:00,111 INFO  - I'm in better position but no more hops in message (at simulation time 17.002,800,000 s)
2024-06-03 19:15:00,112 INFO  - Recieve a message from RSU (at simulation time 17.411,728,897 s)
2024-06-03 19:15:00,112 INFO  - Recieve a message from RSU (at simulation time 17.421,249,917 s)
2024-06-03 19:15:00,114 INFO  - Called #onVehicleUpdated (at simulation time 18.000,000,000 s)
2024-06-03 19:15:00,115 INFO  - Sending out AdHoc broadcast (at simulation time 18.000,000,000 s)
2024-06-03 19:15:00,115 INFO  - Recieve a message from RSU (at simulation time 18.000,400,000 s)
2024-06-03 19:15:00,115 INFO  - RSU ordered to advance!!! (at simulation time 18.000,400,000 s)
2024-06-03 19:15:00,115 INFO  - Recieve a message from other vehicle (at simulation time 18.000,400,000 s)
2024-06-03 19:15:00,115 INFO  - I'm in better position but no more hops in message (at simulation time 18.000,400,000 s)
2024-06-03 19:15:00,117 INFO  - Recieve a message from other vehicle (at simulation time 18.000,900,000 s)
2024-06-03 19:15:00,117 INFO  - I'm in better position but no more hops in message (at simulation time 18.000,900,000 s)
2024-06-03 19:15:00,117 INFO  - Recieve a message from other vehicle (at simulation time 18.000,900,000 s)
2024-06-03 19:15:00,117 INFO  - I'm in better position but no more hops in message (at simulation time 18.000,900,000 s)
2024-06-03 19:15:00,118 INFO  - Recieve a message from other vehicle (at simulation time 18.001,900,000 s)
2024-06-03 19:15:00,118 INFO  - I'm in better position but no more hops in message (at simulation time 18.001,900,000 s)
2024-06-03 19:15:00,118 INFO  - Recieve a message from other vehicle (at simulation time 18.001,900,000 s)
2024-06-03 19:15:00,118 INFO  - I'm in better position but no more hops in message (at simulation time 18.001,900,000 s)
2024-06-03 19:15:00,119 INFO  - Recieve a message from other vehicle (at simulation time 18.002,400,000 s)
2024-06-03 19:15:00,119 INFO  - I'm in better position but no more hops in message (at simulation time 18.002,400,000 s)
2024-06-03 19:15:00,119 INFO  - Recieve a message from other vehicle (at simulation time 18.002,800,000 s)
2024-06-03 19:15:00,119 INFO  - I'm in better position but no more hops in message (at simulation time 18.002,800,000 s)
2024-06-03 19:15:00,119 INFO  - Recieve a message from other vehicle (at simulation time 18.002,800,000 s)
2024-06-03 19:15:00,119 INFO  - I'm in better position but no more hops in message (at simulation time 18.002,800,000 s)
2024-06-03 19:15:00,119 INFO  - Recieve a message from other vehicle (at simulation time 18.002,800,000 s)
2024-06-03 19:15:00,119 INFO  - I'm in better position but no more hops in message (at simulation time 18.002,800,000 s)
2024-06-03 19:15:00,120 INFO  - Recieve a message from RSU (at simulation time 18.121,075,706 s)
2024-06-03 19:15:00,120 INFO  - Recieve a message from RSU (at simulation time 18.124,714,065 s)
2024-06-03 19:15:00,121 INFO  - Recieve a message from RSU (at simulation time 18.819,060,748 s)
2024-06-03 19:15:00,122 INFO  - Recieve a message from RSU (at simulation time 18.836,353,961 s)
2024-06-03 19:15:00,125 INFO  - Called #onVehicleUpdated (at simulation time 19.000,000,000 s)
2024-06-03 19:15:00,126 INFO  - Sending out AdHoc broadcast (at simulation time 19.000,000,000 s)
2024-06-03 19:15:00,127 INFO  - Recieve a message from other vehicle (at simulation time 19.000,400,000 s)
2024-06-03 19:15:00,127 INFO  - I'm in better position but no more hops in message (at simulation time 19.000,400,000 s)
2024-06-03 19:15:00,127 INFO  - Recieve a message from other vehicle (at simulation time 19.000,900,000 s)
2024-06-03 19:15:00,127 INFO  - I'm in better position but no more hops in message (at simulation time 19.000,900,000 s)
2024-06-03 19:15:00,127 INFO  - Recieve a message from other vehicle (at simulation time 19.000,900,000 s)
2024-06-03 19:15:00,127 INFO  - I'm in better position but no more hops in message (at simulation time 19.000,900,000 s)
2024-06-03 19:15:00,128 INFO  - Recieve a message from other vehicle (at simulation time 19.001,900,000 s)
2024-06-03 19:15:00,128 INFO  - I'm in better position but no more hops in message (at simulation time 19.001,900,000 s)
2024-06-03 19:15:00,128 INFO  - Recieve a message from other vehicle (at simulation time 19.002,400,000 s)
2024-06-03 19:15:00,128 INFO  - I'm in better position but no more hops in message (at simulation time 19.002,400,000 s)
2024-06-03 19:15:00,128 INFO  - Recieve a message from other vehicle (at simulation time 19.002,400,000 s)
2024-06-03 19:15:00,128 INFO  - I'm in better position but no more hops in message (at simulation time 19.002,400,000 s)
2024-06-03 19:15:00,129 INFO  - Recieve a message from RSU (at simulation time 19.519,065,330 s)
2024-06-03 19:15:00,129 INFO  - Recieve a message from RSU (at simulation time 19.535,360,255 s)
2024-06-03 19:15:00,132 INFO  - Called #onVehicleUpdated (at simulation time 20.000,000,000 s)
2024-06-03 19:15:00,133 INFO  - Sending out AdHoc broadcast (at simulation time 20.000,000,000 s)
2024-06-03 19:15:00,134 INFO  - Recieve a message from other vehicle (at simulation time 20.000,400,000 s)
2024-06-03 19:15:00,134 INFO  - I'm in better position but no more hops in message (at simulation time 20.000,400,000 s)
2024-06-03 19:15:00,134 INFO  - Recieve a message from other vehicle (at simulation time 20.000,400,000 s)
2024-06-03 19:15:00,134 INFO  - I'm in better position but no more hops in message (at simulation time 20.000,400,000 s)
2024-06-03 19:15:00,135 INFO  - Recieve a message from other vehicle (at simulation time 20.001,400,000 s)
2024-06-03 19:15:00,135 INFO  - I'm in better position but no more hops in message (at simulation time 20.001,400,000 s)
2024-06-03 19:15:00,135 INFO  - Recieve a message from other vehicle (at simulation time 20.001,900,000 s)
2024-06-03 19:15:00,135 INFO  - I'm in better position but no more hops in message (at simulation time 20.001,900,000 s)
2024-06-03 19:15:00,135 INFO  - Recieve a message from other vehicle (at simulation time 20.001,900,000 s)
2024-06-03 19:15:00,135 INFO  - I'm in better position but no more hops in message (at simulation time 20.001,900,000 s)
2024-06-03 19:15:00,136 INFO  - Recieve a message from other vehicle (at simulation time 20.002,400,000 s)
2024-06-03 19:15:00,136 INFO  - I'm in better position but no more hops in message (at simulation time 20.002,400,000 s)
2024-06-03 19:15:00,137 INFO  - Recieve a message from RSU (at simulation time 20.214,357,702 s)
2024-06-03 19:15:00,137 INFO  - Recieve a message from RSU (at simulation time 20.229,408,243 s)
2024-06-03 19:15:00,138 INFO  - Recieve a message from RSU (at simulation time 20.928,193,040 s)
2024-06-03 19:15:00,138 INFO  - Recieve a message from RSU (at simulation time 20.931,030,536 s)
2024-06-03 19:15:00,140 INFO  - Called #onVehicleUpdated (at simulation time 21.000,000,000 s)
2024-06-03 19:15:00,141 INFO  - Sending out AdHoc broadcast (at simulation time 21.000,000,000 s)
2024-06-03 19:15:00,142 INFO  - Recieve a message from other vehicle (at simulation time 21.000,900,000 s)
2024-06-03 19:15:00,142 INFO  - My position is not better! (at simulation time 21.000,900,000 s)
2024-06-03 19:15:00,142 INFO  - Recieve a message from other vehicle (at simulation time 21.000,900,000 s)
2024-06-03 19:15:00,142 INFO  - My position is not better! (at simulation time 21.000,900,000 s)
2024-06-03 19:15:00,142 INFO  - Recieve a message from other vehicle (at simulation time 21.000,900,000 s)
2024-06-03 19:15:00,142 INFO  - My position is not better! (at simulation time 21.000,900,000 s)
2024-06-03 19:15:00,142 INFO  - Recieve a message from other vehicle (at simulation time 21.001,400,000 s)
2024-06-03 19:15:00,142 INFO  - My position is not better! (at simulation time 21.001,400,000 s)
2024-06-03 19:15:00,142 INFO  - Recieve a message from other vehicle (at simulation time 21.001,900,000 s)
2024-06-03 19:15:00,142 INFO  - My position is not better! (at simulation time 21.001,900,000 s)
2024-06-03 19:15:00,143 INFO  - Recieve a message from other vehicle (at simulation time 21.001,900,000 s)
2024-06-03 19:15:00,143 INFO  - My position is not better! (at simulation time 21.001,900,000 s)
2024-06-03 19:15:00,143 INFO  - Recieve a message from other vehicle (at simulation time 21.002,800,000 s)
2024-06-03 19:15:00,143 INFO  - My position is not better! (at simulation time 21.002,800,000 s)
2024-06-03 19:15:00,144 INFO  - Recieve a message from RSU (at simulation time 21.616,633,786 s)
2024-06-03 19:15:00,144 INFO  - Recieve a message from RSU (at simulation time 21.636,100,599 s)
2024-06-03 19:15:00,146 INFO  - Called #onVehicleUpdated (at simulation time 22.000,000,000 s)
2024-06-03 19:15:00,146 INFO  - Sending out AdHoc broadcast (at simulation time 22.000,000,000 s)
2024-06-03 19:15:00,147 INFO  - Recieve a message from other vehicle (at simulation time 22.000,400,000 s)
2024-06-03 19:15:00,147 INFO  - My position is not better! (at simulation time 22.000,400,000 s)
2024-06-03 19:15:00,147 INFO  - Recieve a message from other vehicle (at simulation time 22.000,900,000 s)
2024-06-03 19:15:00,147 INFO  - My position is not better! (at simulation time 22.000,900,000 s)
2024-06-03 19:15:00,148 INFO  - Recieve a message from other vehicle (at simulation time 22.000,900,000 s)
2024-06-03 19:15:00,148 INFO  - My position is not better! (at simulation time 22.000,900,000 s)
2024-06-03 19:15:00,148 INFO  - Recieve a message from other vehicle (at simulation time 22.001,400,000 s)
2024-06-03 19:15:00,148 INFO  - My position is not better! (at simulation time 22.001,400,000 s)
2024-06-03 19:15:00,148 INFO  - Recieve a message from other vehicle (at simulation time 22.001,400,000 s)
2024-06-03 19:15:00,148 INFO  - My position is not better! (at simulation time 22.001,400,000 s)
2024-06-03 19:15:00,148 INFO  - Recieve a message from other vehicle (at simulation time 22.002,300,000 s)
2024-06-03 19:15:00,148 INFO  - My position is not better! (at simulation time 22.002,300,000 s)
2024-06-03 19:15:00,148 INFO  - Recieve a message from other vehicle (at simulation time 22.002,400,000 s)
2024-06-03 19:15:00,148 INFO  - My position is not better! (at simulation time 22.002,400,000 s)
2024-06-03 19:15:00,151 INFO  - Called #onVehicleUpdated (at simulation time 23.000,000,000 s)
2024-06-03 19:15:00,152 INFO  - Sending out AdHoc broadcast (at simulation time 23.000,000,000 s)
2024-06-03 19:15:00,154 INFO  - Recieve a message from other vehicle (at simulation time 23.000,400,000 s)
2024-06-03 19:15:00,154 INFO  - My position is not better! (at simulation time 23.000,400,000 s)
2024-06-03 19:15:00,154 INFO  - Recieve a message from other vehicle (at simulation time 23.000,900,000 s)
2024-06-03 19:15:00,154 INFO  - My position is not better! (at simulation time 23.000,900,000 s)
2024-06-03 19:15:00,154 INFO  - Recieve a message from other vehicle (at simulation time 23.001,400,000 s)
2024-06-03 19:15:00,154 INFO  - My position is not better! (at simulation time 23.001,400,000 s)
2024-06-03 19:15:00,155 INFO  - Recieve a message from other vehicle (at simulation time 23.001,900,000 s)
2024-06-03 19:15:00,155 INFO  - My position is not better! (at simulation time 23.001,900,000 s)
2024-06-03 19:15:00,155 INFO  - Recieve a message from other vehicle (at simulation time 23.001,900,000 s)
2024-06-03 19:15:00,155 INFO  - My position is not better! (at simulation time 23.001,900,000 s)
2024-06-03 19:15:00,157 INFO  - Recieve a message from other vehicle (at simulation time 23.004,300,000 s)
2024-06-03 19:15:00,157 INFO  - My position is not better! (at simulation time 23.004,300,000 s)
2024-06-03 19:15:00,161 INFO  - Called #onVehicleUpdated (at simulation time 24.000,000,000 s)
2024-06-03 19:15:00,162 INFO  - Sending out AdHoc broadcast (at simulation time 24.000,000,000 s)
2024-06-03 19:15:00,167 INFO  - Called #onVehicleUpdated (at simulation time 25.000,000,000 s)
2024-06-03 19:15:00,168 INFO  - Sending out AdHoc broadcast (at simulation time 25.000,000,000 s)
2024-06-03 19:15:00,175 INFO  - Called #onVehicleUpdated (at simulation time 26.000,000,000 s)
2024-06-03 19:15:00,176 INFO  - Sending out AdHoc broadcast (at simulation time 26.000,000,000 s)
2024-06-03 19:15:00,180 INFO  - Called #onVehicleUpdated (at simulation time 27.000,000,000 s)
2024-06-03 19:15:00,181 INFO  - Sending out AdHoc broadcast (at simulation time 27.000,000,000 s)
2024-06-03 19:15:00,187 INFO  - Called #onVehicleUpdated (at simulation time 28.000,000,000 s)
2024-06-03 19:15:00,188 INFO  - Sending out AdHoc broadcast (at simulation time 28.000,000,000 s)
2024-06-03 19:15:00,191 INFO  - Called #onVehicleUpdated (at simulation time 29.000,000,000 s)
2024-06-03 19:15:00,192 INFO  - Sending out AdHoc broadcast (at simulation time 29.000,000,000 s)
2024-06-03 19:15:00,195 INFO  - Shutdown (at simulation time 30.000,000,000 s)
