2024-06-03 19:15:00,247 INFO  - Initialize Vehicle application (at simulation time 42.000,000,000 s)
2024-06-03 19:15:00,248 INFO  - Activated WLAN Module (at simulation time 42.000,000,000 s)
2024-06-03 19:15:00,248 INFO  - Called #onVehicleUpdated (at simulation time 42.000,000,000 s)
2024-06-03 19:15:00,248 INFO  - Exced velocity! Sending new CAM (at simulation time 42.000,000,000 s)
2024-06-03 19:15:00,248 INFO  - Sending out AdHoc broadcast (at simulation time 42.000,000,000 s)
2024-06-03 19:15:00,253 INFO  - Called #onVehicleUpdated (at simulation time 43.000,000,000 s)
2024-06-03 19:15:00,253 INFO  - Exced velocity! Sending new CAM (at simulation time 43.000,000,000 s)
2024-06-03 19:15:00,254 INFO  - Sending out AdHoc broadcast (at simulation time 43.000,000,000 s)
2024-06-03 19:15:00,254 INFO  - Define the name: veh_11 and route: r_5 (at simulation time 43.000,000,000 s)
2024-06-03 19:15:00,254 INFO  - Sending out AdHoc broadcast (at simulation time 43.000,000,000 s)
2024-06-03 19:15:00,257 INFO  - Called #onVehicleUpdated (at simulation time 44.000,000,000 s)
2024-06-03 19:15:00,257 INFO  - Exced velocity! Sending new CAM (at simulation time 44.000,000,000 s)
2024-06-03 19:15:00,257 INFO  - Sending out AdHoc broadcast (at simulation time 44.000,000,000 s)
2024-06-03 19:15:00,257 INFO  - Sending out AdHoc broadcast (at simulation time 44.000,000,000 s)
2024-06-03 19:15:00,260 INFO  - Called #onVehicleUpdated (at simulation time 45.000,000,000 s)
2024-06-03 19:15:00,260 INFO  - Exced velocity! Sending new CAM (at simulation time 45.000,000,000 s)
2024-06-03 19:15:00,260 INFO  - Sending out AdHoc broadcast (at simulation time 45.000,000,000 s)
2024-06-03 19:15:00,260 INFO  - Sending out AdHoc broadcast (at simulation time 45.000,000,000 s)
2024-06-03 19:15:00,260 INFO  - Sending out AdHoc broadcast (at simulation time 45.000,000,000 s)
2024-06-03 19:15:00,263 INFO  - Called #onVehicleUpdated (at simulation time 46.000,000,000 s)
2024-06-03 19:15:00,263 INFO  - Exced velocity! Sending new CAM (at simulation time 46.000,000,000 s)
2024-06-03 19:15:00,263 INFO  - Sending out AdHoc broadcast (at simulation time 46.000,000,000 s)
2024-06-03 19:15:00,263 INFO  - Sending out AdHoc broadcast (at simulation time 46.000,000,000 s)
2024-06-03 19:15:00,263 INFO  - Sending out AdHoc broadcast (at simulation time 46.000,000,000 s)
2024-06-03 19:15:00,265 INFO  - Called #onVehicleUpdated (at simulation time 47.000,000,000 s)
2024-06-03 19:15:00,265 INFO  - Exced velocity! Sending new CAM (at simulation time 47.000,000,000 s)
2024-06-03 19:15:00,265 INFO  - Sending out AdHoc broadcast (at simulation time 47.000,000,000 s)
2024-06-03 19:15:00,265 INFO  - Sending out AdHoc broadcast (at simulation time 47.000,000,000 s)
2024-06-03 19:15:00,265 INFO  - Sending out AdHoc broadcast (at simulation time 47.000,000,000 s)
2024-06-03 19:15:00,265 INFO  - Sending out AdHoc broadcast (at simulation time 47.000,000,000 s)
2024-06-03 19:15:00,268 INFO  - Called #onVehicleUpdated (at simulation time 48.000,000,000 s)
2024-06-03 19:15:00,268 INFO  - Sending out AdHoc broadcast (at simulation time 48.000,000,000 s)
2024-06-03 19:15:00,268 INFO  - Sending out AdHoc broadcast (at simulation time 48.000,000,000 s)
2024-06-03 19:15:00,268 INFO  - Sending out AdHoc broadcast (at simulation time 48.000,000,000 s)
2024-06-03 19:15:00,269 INFO  - Recieve a message from other vehicle (at simulation time 48.000,900,000 s)
2024-06-03 19:15:00,269 INFO  - My position is not better! (at simulation time 48.000,900,000 s)
2024-06-03 19:15:00,270 INFO  - Recieve a message from other vehicle (at simulation time 48.001,800,000 s)
2024-06-03 19:15:00,270 INFO  - My position is not better! (at simulation time 48.001,800,000 s)
2024-06-03 19:15:00,270 INFO  - Recieve a message from other vehicle (at simulation time 48.001,800,000 s)
2024-06-03 19:15:00,270 INFO  - I'm in better position but no more hops in message (at simulation time 48.001,800,000 s)
2024-06-03 19:15:00,270 INFO  - Recieve a message from other vehicle (at simulation time 48.001,900,000 s)
2024-06-03 19:15:00,270 INFO  - My position is not better! (at simulation time 48.001,900,000 s)
2024-06-03 19:15:00,270 INFO  - Recieve a message from other vehicle (at simulation time 48.001,900,000 s)
2024-06-03 19:15:00,270 INFO  - My position is not better! (at simulation time 48.001,900,000 s)
2024-06-03 19:15:00,270 INFO  - Recieve a message from other vehicle (at simulation time 48.001,900,000 s)
2024-06-03 19:15:00,270 INFO  - My position is not better! (at simulation time 48.001,900,000 s)
2024-06-03 19:15:00,270 INFO  - Recieve a message from other vehicle (at simulation time 48.002,300,000 s)
2024-06-03 19:15:00,270 INFO  - My position is not better! (at simulation time 48.002,300,000 s)
2024-06-03 19:15:00,270 INFO  - Recieve a message from other vehicle (at simulation time 48.002,400,000 s)
2024-06-03 19:15:00,270 INFO  - My position is not better! (at simulation time 48.002,400,000 s)
2024-06-03 19:15:00,270 INFO  - Recieve a message from other vehicle (at simulation time 48.002,400,000 s)
2024-06-03 19:15:00,270 INFO  - My position is not better! (at simulation time 48.002,400,000 s)
2024-06-03 19:15:00,270 INFO  - Recieve a message from other vehicle (at simulation time 48.002,800,000 s)
2024-06-03 19:15:00,270 INFO  - My position is not better! (at simulation time 48.002,800,000 s)
2024-06-03 19:15:00,270 INFO  - Recieve a message from other vehicle (at simulation time 48.002,800,000 s)
2024-06-03 19:15:00,270 INFO  - I'm in better position but no more hops in message (at simulation time 48.002,800,000 s)
2024-06-03 19:15:00,270 INFO  - Recieve a message from other vehicle (at simulation time 48.003,800,000 s)
2024-06-03 19:15:00,270 INFO  - I'm in better position but no more hops in message (at simulation time 48.003,800,000 s)
2024-06-03 19:15:00,272 INFO  - Called #onVehicleUpdated (at simulation time 49.000,000,000 s)
2024-06-03 19:15:00,272 INFO  - Sending out AdHoc broadcast (at simulation time 49.000,000,000 s)
2024-06-03 19:15:00,272 INFO  - Sending out AdHoc broadcast (at simulation time 49.000,000,000 s)
2024-06-03 19:15:00,272 INFO  - Sending out AdHoc broadcast (at simulation time 49.000,000,000 s)
2024-06-03 19:15:00,272 INFO  - Sending out AdHoc broadcast (at simulation time 49.000,000,000 s)
2024-06-03 19:15:00,273 INFO  - Recieve a message from other vehicle (at simulation time 49.000,400,000 s)
2024-06-03 19:15:00,273 INFO  - My position is not better! (at simulation time 49.000,400,000 s)
2024-06-03 19:15:00,273 INFO  - Recieve a message from other vehicle (at simulation time 49.000,400,000 s)
2024-06-03 19:15:00,273 INFO  - My position is not better! (at simulation time 49.000,400,000 s)
2024-06-03 19:15:00,273 INFO  - Recieve a message from other vehicle (at simulation time 49.000,400,000 s)
2024-06-03 19:15:00,273 INFO  - My position is not better! (at simulation time 49.000,400,000 s)
2024-06-03 19:15:00,273 INFO  - Recieve a message from other vehicle (at simulation time 49.000,400,000 s)
2024-06-03 19:15:00,273 INFO  - My position is not better! (at simulation time 49.000,400,000 s)
2024-06-03 19:15:00,273 INFO  - Recieve a message from other vehicle (at simulation time 49.000,400,000 s)
2024-06-03 19:15:00,273 INFO  - My position is not better! (at simulation time 49.000,400,000 s)
2024-06-03 19:15:00,273 INFO  - Recieve a message from other vehicle (at simulation time 49.000,800,000 s)
2024-06-03 19:15:00,273 INFO  - My position is not better! (at simulation time 49.000,800,000 s)
2024-06-03 19:15:00,273 INFO  - Recieve a message from other vehicle (at simulation time 49.000,900,000 s)
2024-06-03 19:15:00,273 INFO  - I'm in better position but no more hops in message (at simulation time 49.000,900,000 s)
2024-06-03 19:15:00,274 INFO  - Recieve a message from other vehicle (at simulation time 49.001,300,000 s)
2024-06-03 19:15:00,274 INFO  - My position is not better! (at simulation time 49.001,300,000 s)
2024-06-03 19:15:00,274 INFO  - Recieve a message from other vehicle (at simulation time 49.001,300,000 s)
2024-06-03 19:15:00,274 INFO  - I'm in better position but no more hops in message (at simulation time 49.001,300,000 s)
2024-06-03 19:15:00,274 INFO  - Recieve a message from other vehicle (at simulation time 49.001,300,000 s)
2024-06-03 19:15:00,274 INFO  - My position is not better! (at simulation time 49.001,300,000 s)
2024-06-03 19:15:00,274 INFO  - Recieve a message from other vehicle (at simulation time 49.001,300,000 s)
2024-06-03 19:15:00,274 INFO  - My position is not better! (at simulation time 49.001,300,000 s)
2024-06-03 19:15:00,274 INFO  - Recieve a message from other vehicle (at simulation time 49.001,300,000 s)
2024-06-03 19:15:00,274 INFO  - My position is not better! (at simulation time 49.001,300,000 s)
2024-06-03 19:15:00,274 INFO  - Recieve a message from other vehicle (at simulation time 49.001,400,000 s)
2024-06-03 19:15:00,274 INFO  - My position is not better! (at simulation time 49.001,400,000 s)
2024-06-03 19:15:00,274 INFO  - Recieve a message from other vehicle (at simulation time 49.001,800,000 s)
2024-06-03 19:15:00,274 INFO  - I'm in better position but no more hops in message (at simulation time 49.001,800,000 s)
2024-06-03 19:15:00,274 INFO  - Recieve a message from other vehicle (at simulation time 49.001,800,000 s)
2024-06-03 19:15:00,274 INFO  - My position is not better! (at simulation time 49.001,800,000 s)
2024-06-03 19:15:00,274 INFO  - Recieve a message from other vehicle (at simulation time 49.001,900,000 s)
2024-06-03 19:15:00,274 INFO  - My position is not better! (at simulation time 49.001,900,000 s)
2024-06-03 19:15:00,275 INFO  - Recieve a message from other vehicle (at simulation time 49.002,400,000 s)
2024-06-03 19:15:00,275 INFO  - I'm in better position but no more hops in message (at simulation time 49.002,400,000 s)
2024-06-03 19:15:00,275 INFO  - Recieve a message from other vehicle (at simulation time 49.002,400,000 s)
2024-06-03 19:15:00,275 INFO  - My position is not better! (at simulation time 49.002,400,000 s)
2024-06-03 19:15:00,275 INFO  - Recieve a message from other vehicle (at simulation time 49.002,400,000 s)
2024-06-03 19:15:00,275 INFO  - I'm in better position but no more hops in message (at simulation time 49.002,400,000 s)
2024-06-03 19:15:00,275 INFO  - Recieve a message from other vehicle (at simulation time 49.003,300,000 s)
2024-06-03 19:15:00,275 INFO  - My position is not better! (at simulation time 49.003,300,000 s)
2024-06-03 19:15:00,275 INFO  - Recieve a message from other vehicle (at simulation time 49.003,300,000 s)
2024-06-03 19:15:00,275 INFO  - I'm in better position but no more hops in message (at simulation time 49.003,300,000 s)
2024-06-03 19:15:00,275 INFO  - Recieve a message from other vehicle (at simulation time 49.003,300,000 s)
2024-06-03 19:15:00,275 INFO  - My position is not better! (at simulation time 49.003,300,000 s)
2024-06-03 19:15:00,275 INFO  - Recieve a message from RSU (at simulation time 49.614,520,731 s)
2024-06-03 19:15:00,275 INFO  - RSU Stopped me!!! (at simulation time 49.614,520,731 s)
2024-06-03 19:15:00,276 INFO  - Recieve a message from RSU (at simulation time 49.626,516,769 s)
2024-06-03 19:15:00,278 INFO  - Called #onVehicleUpdated (at simulation time 50.000,000,000 s)
2024-06-03 19:15:00,278 INFO  - Sending out AdHoc broadcast (at simulation time 50.000,000,000 s)
2024-06-03 19:15:00,278 INFO  - Sending out AdHoc broadcast (at simulation time 50.000,000,000 s)
2024-06-03 19:15:00,278 INFO  - Sending out AdHoc broadcast (at simulation time 50.000,000,000 s)
2024-06-03 19:15:00,278 INFO  - Recieve a message from other vehicle (at simulation time 50.000,400,000 s)
2024-06-03 19:15:00,278 INFO  - My position is not better! (at simulation time 50.000,400,000 s)
2024-06-03 19:15:00,278 INFO  - Recieve a message from other vehicle (at simulation time 50.000,400,000 s)
2024-06-03 19:15:00,278 INFO  - My position is not better! (at simulation time 50.000,400,000 s)
2024-06-03 19:15:00,279 INFO  - Recieve a message from other vehicle (at simulation time 50.000,900,000 s)
2024-06-03 19:15:00,279 INFO  - My position is not better! (at simulation time 50.000,900,000 s)
2024-06-03 19:15:00,279 INFO  - Recieve a message from other vehicle (at simulation time 50.000,900,000 s)
2024-06-03 19:15:00,279 INFO  - My position is not better! (at simulation time 50.000,900,000 s)
2024-06-03 19:15:00,279 INFO  - Recieve a message from other vehicle (at simulation time 50.000,900,000 s)
2024-06-03 19:15:00,279 INFO  - Recending a message from other vehicle (at simulation time 50.000,900,000 s)
2024-06-03 19:15:00,279 INFO  - Recieve a message from other vehicle (at simulation time 50.000,900,000 s)
2024-06-03 19:15:00,279 INFO  - Recending a message from other vehicle (at simulation time 50.000,900,000 s)
2024-06-03 19:15:00,279 INFO  - Recieve a message from other vehicle (at simulation time 50.001,800,000 s)
2024-06-03 19:15:00,279 INFO  - My position is not better! (at simulation time 50.001,800,000 s)
2024-06-03 19:15:00,279 INFO  - Recieve a message from other vehicle (at simulation time 50.001,800,000 s)
2024-06-03 19:15:00,279 INFO  - I'm in better position but no more hops in message (at simulation time 50.001,800,000 s)
2024-06-03 19:15:00,279 INFO  - Recieve a message from other vehicle (at simulation time 50.001,900,000 s)
2024-06-03 19:15:00,279 INFO  - I'm in better position but no more hops in message (at simulation time 50.001,900,000 s)
2024-06-03 19:15:00,279 INFO  - Recieve a message from other vehicle (at simulation time 50.001,900,000 s)
2024-06-03 19:15:00,279 INFO  - My position is not better! (at simulation time 50.001,900,000 s)
2024-06-03 19:15:00,280 INFO  - Recieve a message from other vehicle (at simulation time 50.002,300,000 s)
2024-06-03 19:15:00,280 INFO  - My position is not better! (at simulation time 50.002,300,000 s)
2024-06-03 19:15:00,280 INFO  - Recieve a message from other vehicle (at simulation time 50.002,300,000 s)
2024-06-03 19:15:00,280 INFO  - My position is not better! (at simulation time 50.002,300,000 s)
2024-06-03 19:15:00,280 INFO  - Recieve a message from other vehicle (at simulation time 50.002,400,000 s)
2024-06-03 19:15:00,280 INFO  - My position is not better! (at simulation time 50.002,400,000 s)
2024-06-03 19:15:00,280 INFO  - Recieve a message from other vehicle (at simulation time 50.002,800,000 s)
2024-06-03 19:15:00,280 INFO  - My position is not better! (at simulation time 50.002,800,000 s)
2024-06-03 19:15:00,280 INFO  - Recieve a message from other vehicle (at simulation time 50.003,800,000 s)
2024-06-03 19:15:00,280 INFO  - My position is not better! (at simulation time 50.003,800,000 s)
2024-06-03 19:15:00,280 INFO  - Recieve a message from other vehicle (at simulation time 50.003,800,000 s)
2024-06-03 19:15:00,280 INFO  - My position is not better! (at simulation time 50.003,800,000 s)
2024-06-03 19:15:00,281 INFO  - Recieve a message from RSU (at simulation time 50.316,492,706 s)
2024-06-03 19:15:00,281 INFO  - Recieve a message from RSU (at simulation time 50.338,513,502 s)
2024-06-03 19:15:00,283 INFO  - Called #onVehicleUpdated (at simulation time 51.000,000,000 s)
2024-06-03 19:15:00,283 INFO  - Sending out DENM broadcast (at simulation time 51.000,000,000 s)
2024-06-03 19:15:00,283 INFO  - Sending out AdHoc broadcast (at simulation time 51.000,000,000 s)
2024-06-03 19:15:00,283 INFO  - Sending out AdHoc broadcast (at simulation time 51.000,000,000 s)
2024-06-03 19:15:00,284 INFO  - Sending out AdHoc broadcast (at simulation time 51.000,000,000 s)
2024-06-03 19:15:00,284 INFO  - Sending out AdHoc broadcast (at simulation time 51.000,000,000 s)
2024-06-03 19:15:00,285 INFO  - Recieve a message from other vehicle (at simulation time 51.000,400,000 s)
2024-06-03 19:15:00,285 INFO  - I'm in better position but no more hops in message (at simulation time 51.000,400,000 s)
2024-06-03 19:15:00,285 INFO  - Recieve a message from other vehicle (at simulation time 51.000,400,000 s)
2024-06-03 19:15:00,285 INFO  - My position is not better! (at simulation time 51.000,400,000 s)
2024-06-03 19:15:00,285 INFO  - Recieve a message from other vehicle (at simulation time 51.000,400,000 s)
2024-06-03 19:15:00,285 INFO  - My position is not better! (at simulation time 51.000,400,000 s)
2024-06-03 19:15:00,285 INFO  - Recieve a message from other vehicle (at simulation time 51.000,400,000 s)
2024-06-03 19:15:00,285 INFO  - My position is not better! (at simulation time 51.000,400,000 s)
2024-06-03 19:15:00,287 INFO  - Recieve a message from other vehicle (at simulation time 51.001,400,000 s)
2024-06-03 19:15:00,287 INFO  - DENM message Recived from veh_6 -info : nevoeiro (at simulation time 51.001,400,000 s)
2024-06-03 19:15:00,287 INFO  - No more hops in DENM message (at simulation time 51.001,400,000 s)
2024-06-03 19:15:00,287 INFO  - Recieve a message from other vehicle (at simulation time 51.001,400,000 s)
2024-06-03 19:15:00,287 INFO  - My position is not better! (at simulation time 51.001,400,000 s)
2024-06-03 19:15:00,287 INFO  - Recieve a message from other vehicle (at simulation time 51.001,400,000 s)
2024-06-03 19:15:00,287 INFO  - I'm in better position but no more hops in message (at simulation time 51.001,400,000 s)
2024-06-03 19:15:00,288 INFO  - Recieve a message from other vehicle (at simulation time 51.001,900,000 s)
2024-06-03 19:15:00,288 INFO  - My position is not better! (at simulation time 51.001,900,000 s)
2024-06-03 19:15:00,288 INFO  - Recieve a message from other vehicle (at simulation time 51.001,900,000 s)
2024-06-03 19:15:00,288 INFO  - My position is not better! (at simulation time 51.001,900,000 s)
2024-06-03 19:15:00,288 INFO  - Recieve a message from other vehicle (at simulation time 51.001,900,000 s)
2024-06-03 19:15:00,288 INFO  - My position is not better! (at simulation time 51.001,900,000 s)
2024-06-03 19:15:00,288 INFO  - Recieve a message from other vehicle (at simulation time 51.002,300,000 s)
2024-06-03 19:15:00,288 INFO  - DENM message Recived from veh_9 -info : seco (at simulation time 51.002,300,000 s)
2024-06-03 19:15:00,288 INFO  - No more hops in DENM message (at simulation time 51.002,300,000 s)
2024-06-03 19:15:00,289 INFO  - Recieve a message from other vehicle (at simulation time 51.002,400,000 s)
2024-06-03 19:15:00,289 INFO  - DENM message Recived from veh_7 -info : seco (at simulation time 51.002,400,000 s)
2024-06-03 19:15:00,289 INFO  - No more hops in DENM message (at simulation time 51.002,400,000 s)
2024-06-03 19:15:00,289 INFO  - Recieve a message from other vehicle (at simulation time 51.002,400,000 s)
2024-06-03 19:15:00,289 INFO  - DENM message Recived from veh_9 -info : seco (at simulation time 51.002,400,000 s)
2024-06-03 19:15:00,289 INFO  - No more hops in DENM message (at simulation time 51.002,400,000 s)
2024-06-03 19:15:00,289 INFO  - Recieve a message from other vehicle (at simulation time 51.002,400,000 s)
2024-06-03 19:15:00,289 INFO  - I'm in better position but no more hops in message (at simulation time 51.002,400,000 s)
2024-06-03 19:15:00,289 INFO  - Recieve a message from other vehicle (at simulation time 51.002,400,000 s)
2024-06-03 19:15:00,289 INFO  - My position is not better! (at simulation time 51.002,400,000 s)
2024-06-03 19:15:00,289 INFO  - Recieve a message from other vehicle (at simulation time 51.002,800,000 s)
2024-06-03 19:15:00,289 INFO  - DENM message Recived from veh_6 -info : nevoeiro (at simulation time 51.002,800,000 s)
2024-06-03 19:15:00,289 INFO  - No more hops in DENM message (at simulation time 51.002,800,000 s)
2024-06-03 19:15:00,289 INFO  - Recieve a message from other vehicle (at simulation time 51.002,800,000 s)
2024-06-03 19:15:00,289 INFO  - DENM message Recived from veh_11 -info : nevoeiro (at simulation time 51.002,800,000 s)
2024-06-03 19:15:00,289 INFO  - No more hops in DENM message (at simulation time 51.002,800,000 s)
2024-06-03 19:15:00,289 INFO  - Recieve a message from other vehicle (at simulation time 51.002,800,000 s)
2024-06-03 19:15:00,289 INFO  - DENM message Recived from veh_7 -info : seco (at simulation time 51.002,800,000 s)
2024-06-03 19:15:00,289 INFO  - No more hops in DENM message (at simulation time 51.002,800,000 s)
2024-06-03 19:15:00,289 INFO  - Recieve a message from RSU (at simulation time 51.045,332,080 s)
2024-06-03 19:15:00,289 INFO  - Recieve a message from RSU (at simulation time 51.095,171,939 s)
2024-06-03 19:15:00,290 INFO  - Recieve a message from RSU (at simulation time 51.728,211,862 s)
2024-06-03 19:15:00,290 INFO  - Recieve a message from RSU (at simulation time 51.740,099,567 s)
2024-06-03 19:15:00,291 INFO  - Called #onVehicleUpdated (at simulation time 52.000,000,000 s)
2024-06-03 19:15:00,291 INFO  - Sending out AdHoc broadcast (at simulation time 52.000,000,000 s)
2024-06-03 19:15:00,291 INFO  - Sending out AdHoc broadcast (at simulation time 52.000,000,000 s)
2024-06-03 19:15:00,292 INFO  - Sending out AdHoc broadcast (at simulation time 52.000,000,000 s)
2024-06-03 19:15:00,292 INFO  - Recieve a message from other vehicle (at simulation time 52.000,400,000 s)
2024-06-03 19:15:00,292 INFO  - DENM message Recived from veh_10 -info : nevoeiro (at simulation time 52.000,400,000 s)
2024-06-03 19:15:00,292 INFO  - Recending a DENM message from other vehicle (at simulation time 52.000,400,000 s)
2024-06-03 19:15:00,292 INFO  - Recieve a message from other vehicle (at simulation time 52.000,400,000 s)
2024-06-03 19:15:00,292 INFO  - My position is not better! (at simulation time 52.000,400,000 s)
2024-06-03 19:15:00,293 INFO  - Recieve a message from other vehicle (at simulation time 52.000,900,000 s)
2024-06-03 19:15:00,293 INFO  - Recending a message from other vehicle (at simulation time 52.000,900,000 s)
2024-06-03 19:15:00,293 INFO  - Recieve a message from other vehicle (at simulation time 52.001,300,000 s)
2024-06-03 19:15:00,293 INFO  - I'm in better position but no more hops in message (at simulation time 52.001,300,000 s)
2024-06-03 19:15:00,293 INFO  - Recieve a message from other vehicle (at simulation time 52.001,300,000 s)
2024-06-03 19:15:00,293 INFO  - DENM message Recived from veh_8 -info : seco (at simulation time 52.001,300,000 s)
2024-06-03 19:15:00,293 INFO  - No more hops in DENM message (at simulation time 52.001,300,000 s)
2024-06-03 19:15:00,293 INFO  - Recieve a message from other vehicle (at simulation time 52.001,400,000 s)
2024-06-03 19:15:00,293 INFO  - I'm in better position but no more hops in message (at simulation time 52.001,400,000 s)
2024-06-03 19:15:00,293 INFO  - Recieve a message from other vehicle (at simulation time 52.001,400,000 s)
2024-06-03 19:15:00,293 INFO  - My position is not better! (at simulation time 52.001,400,000 s)
2024-06-03 19:15:00,293 INFO  - Recieve a message from other vehicle (at simulation time 52.001,400,000 s)
2024-06-03 19:15:00,293 INFO  - I'm in better position but no more hops in message (at simulation time 52.001,400,000 s)
2024-06-03 19:15:00,293 INFO  - Recieve a message from other vehicle (at simulation time 52.001,400,000 s)
2024-06-03 19:15:00,293 INFO  - I'm in better position but no more hops in message (at simulation time 52.001,400,000 s)
2024-06-03 19:15:00,293 INFO  - Recieve a message from other vehicle (at simulation time 52.001,400,000 s)
2024-06-03 19:15:00,293 INFO  - My position is not better! (at simulation time 52.001,400,000 s)
2024-06-03 19:15:00,294 INFO  - Recieve a message from other vehicle (at simulation time 52.001,900,000 s)
2024-06-03 19:15:00,294 INFO  - Recending a message from other vehicle (at simulation time 52.001,900,000 s)
2024-06-03 19:15:00,294 INFO  - Recieve a message from other vehicle (at simulation time 52.002,300,000 s)
2024-06-03 19:15:00,294 INFO  - My position is not better! (at simulation time 52.002,300,000 s)
2024-06-03 19:15:00,295 INFO  - Recieve a message from other vehicle (at simulation time 52.002,400,000 s)
2024-06-03 19:15:00,295 INFO  - DENM message Recived from veh_8 -info : seco (at simulation time 52.002,400,000 s)
2024-06-03 19:15:00,295 INFO  - No more hops in DENM message (at simulation time 52.002,400,000 s)
2024-06-03 19:15:00,295 INFO  - Recieve a message from other vehicle (at simulation time 52.002,400,000 s)
2024-06-03 19:15:00,295 INFO  - My position is not better! (at simulation time 52.002,400,000 s)
2024-06-03 19:15:00,295 INFO  - Recieve a message from RSU (at simulation time 52.415,355,394 s)
2024-06-03 19:15:00,296 INFO  - Recieve a message from RSU (at simulation time 52.436,848,419 s)
2024-06-03 19:15:00,297 INFO  - Called #onVehicleUpdated (at simulation time 53.000,000,000 s)
2024-06-03 19:15:00,297 INFO  - Sending out AdHoc broadcast (at simulation time 53.000,000,000 s)
2024-06-03 19:15:00,298 INFO  - Sending out AdHoc broadcast (at simulation time 53.000,000,000 s)
2024-06-03 19:15:00,298 INFO  - Sending out AdHoc broadcast (at simulation time 53.000,000,000 s)
2024-06-03 19:15:00,298 INFO  - Sending out AdHoc broadcast (at simulation time 53.000,000,000 s)
2024-06-03 19:15:00,298 INFO  - Recieve a message from other vehicle (at simulation time 53.000,400,000 s)
2024-06-03 19:15:00,298 INFO  - I'm in better position but no more hops in message (at simulation time 53.000,400,000 s)
2024-06-03 19:15:00,298 INFO  - Recieve a message from other vehicle (at simulation time 53.000,400,000 s)
2024-06-03 19:15:00,298 INFO  - My position is not better! (at simulation time 53.000,400,000 s)
2024-06-03 19:15:00,298 INFO  - Recieve a message from other vehicle (at simulation time 53.000,400,000 s)
2024-06-03 19:15:00,298 INFO  - Recending a message from other vehicle (at simulation time 53.000,400,000 s)
2024-06-03 19:15:00,298 INFO  - Recieve a message from other vehicle (at simulation time 53.000,400,000 s)
2024-06-03 19:15:00,298 INFO  - I'm in better position but no more hops in message (at simulation time 53.000,400,000 s)
2024-06-03 19:15:00,299 INFO  - Recieve a message from other vehicle (at simulation time 53.001,300,000 s)
2024-06-03 19:15:00,299 INFO  - I'm in better position but no more hops in message (at simulation time 53.001,300,000 s)
2024-06-03 19:15:00,299 INFO  - Recieve a message from other vehicle (at simulation time 53.001,300,000 s)
2024-06-03 19:15:00,299 INFO  - I'm in better position but no more hops in message (at simulation time 53.001,300,000 s)
2024-06-03 19:15:00,299 INFO  - Recieve a message from other vehicle (at simulation time 53.001,400,000 s)
2024-06-03 19:15:00,299 INFO  - My position is not better! (at simulation time 53.001,400,000 s)
2024-06-03 19:15:00,299 INFO  - Recieve a message from other vehicle (at simulation time 53.001,900,000 s)
2024-06-03 19:15:00,299 INFO  - I'm in better position but no more hops in message (at simulation time 53.001,900,000 s)
2024-06-03 19:15:00,300 INFO  - Recieve a message from other vehicle (at simulation time 53.001,900,000 s)
2024-06-03 19:15:00,300 INFO  - I'm in better position but no more hops in message (at simulation time 53.001,900,000 s)
2024-06-03 19:15:00,300 INFO  - Recieve a message from other vehicle (at simulation time 53.001,900,000 s)
2024-06-03 19:15:00,300 INFO  - I'm in better position but no more hops in message (at simulation time 53.001,900,000 s)
2024-06-03 19:15:00,300 INFO  - Recieve a message from other vehicle (at simulation time 53.002,300,000 s)
2024-06-03 19:15:00,300 INFO  - I'm in better position but no more hops in message (at simulation time 53.002,300,000 s)
2024-06-03 19:15:00,300 INFO  - Recieve a message from other vehicle (at simulation time 53.002,400,000 s)
2024-06-03 19:15:00,300 INFO  - My position is not better! (at simulation time 53.002,400,000 s)
2024-06-03 19:15:00,300 INFO  - Recieve a message from other vehicle (at simulation time 53.002,400,000 s)
2024-06-03 19:15:00,300 INFO  - I'm in better position but no more hops in message (at simulation time 53.002,400,000 s)
2024-06-03 19:15:00,300 INFO  - Recieve a message from other vehicle (at simulation time 53.002,400,000 s)
2024-06-03 19:15:00,300 INFO  - My position is not better! (at simulation time 53.002,400,000 s)
2024-06-03 19:15:00,301 INFO  - Recieve a message from RSU (at simulation time 53.128,660,104 s)
2024-06-03 19:15:00,301 INFO  - Recieve a message from RSU (at simulation time 53.149,396,982 s)
2024-06-03 19:15:00,302 INFO  - Recieve a message from RSU (at simulation time 53.834,767,150 s)
2024-06-03 19:15:00,302 INFO  - Recieve a message from RSU (at simulation time 53.837,354,585 s)
2024-06-03 19:15:00,305 INFO  - Called #onVehicleUpdated (at simulation time 54.000,000,000 s)
2024-06-03 19:15:00,305 INFO  - Sending out AdHoc broadcast (at simulation time 54.000,000,000 s)
2024-06-03 19:15:00,305 INFO  - Sending out AdHoc broadcast (at simulation time 54.000,000,000 s)
2024-06-03 19:15:00,305 INFO  - Sending out AdHoc broadcast (at simulation time 54.000,000,000 s)
2024-06-03 19:15:00,306 INFO  - Recieve a message from other vehicle (at simulation time 54.000,400,000 s)
2024-06-03 19:15:00,306 INFO  - I'm in better position but no more hops in message (at simulation time 54.000,400,000 s)
2024-06-03 19:15:00,306 INFO  - Recieve a message from other vehicle (at simulation time 54.000,400,000 s)
2024-06-03 19:15:00,306 INFO  - My position is not better! (at simulation time 54.000,400,000 s)
2024-06-03 19:15:00,307 INFO  - Recieve a message from other vehicle (at simulation time 54.000,800,000 s)
2024-06-03 19:15:00,307 INFO  - I'm in better position but no more hops in message (at simulation time 54.000,800,000 s)
2024-06-03 19:15:00,307 INFO  - Recieve a message from other vehicle (at simulation time 54.000,800,000 s)
2024-06-03 19:15:00,307 INFO  - I'm in better position but no more hops in message (at simulation time 54.000,800,000 s)
2024-06-03 19:15:00,307 INFO  - Recieve a message from other vehicle (at simulation time 54.000,900,000 s)
2024-06-03 19:15:00,307 INFO  - My position is not better! (at simulation time 54.000,900,000 s)
2024-06-03 19:15:00,307 INFO  - Recieve a message from other vehicle (at simulation time 54.000,900,000 s)
2024-06-03 19:15:00,307 INFO  - My position is not better! (at simulation time 54.000,900,000 s)
2024-06-03 19:15:00,307 INFO  - Recieve a message from other vehicle (at simulation time 54.000,900,000 s)
2024-06-03 19:15:00,307 INFO  - My position is not better! (at simulation time 54.000,900,000 s)
2024-06-03 19:15:00,307 INFO  - Recieve a message from other vehicle (at simulation time 54.001,300,000 s)
2024-06-03 19:15:00,307 INFO  - I'm in better position but no more hops in message (at simulation time 54.001,300,000 s)
2024-06-03 19:15:00,307 INFO  - Recieve a message from RSU (at simulation time 54.001,900,000 s)
2024-06-03 19:15:00,307 INFO  - RSU ordered to advance!!! (at simulation time 54.001,900,000 s)
2024-06-03 19:15:00,308 INFO  - Recieve a message from other vehicle (at simulation time 54.002,400,000 s)
2024-06-03 19:15:00,308 INFO  - I'm in better position but no more hops in message (at simulation time 54.002,400,000 s)
2024-06-03 19:15:00,308 INFO  - Recieve a message from RSU (at simulation time 54.529,325,747 s)
2024-06-03 19:15:00,308 INFO  - Recieve a message from RSU (at simulation time 54.546,499,799 s)
2024-06-03 19:15:00,310 INFO  - Called #onVehicleUpdated (at simulation time 55.000,000,000 s)
2024-06-03 19:15:00,311 INFO  - Sending out AdHoc broadcast (at simulation time 55.000,000,000 s)
2024-06-03 19:15:00,311 INFO  - Sending out AdHoc broadcast (at simulation time 55.000,000,000 s)
2024-06-03 19:15:00,311 INFO  - Sending out AdHoc broadcast (at simulation time 55.000,000,000 s)
2024-06-03 19:15:00,311 INFO  - Sending out AdHoc broadcast (at simulation time 55.000,000,000 s)
2024-06-03 19:15:00,312 INFO  - Recieve a message from other vehicle (at simulation time 55.000,400,000 s)
2024-06-03 19:15:00,312 INFO  - I'm in better position but no more hops in message (at simulation time 55.000,400,000 s)
2024-06-03 19:15:00,312 INFO  - Recieve a message from other vehicle (at simulation time 55.000,400,000 s)
2024-06-03 19:15:00,312 INFO  - I'm in better position but no more hops in message (at simulation time 55.000,400,000 s)
2024-06-03 19:15:00,313 INFO  - Recieve a message from other vehicle (at simulation time 55.001,400,000 s)
2024-06-03 19:15:00,313 INFO  - I'm in better position but no more hops in message (at simulation time 55.001,400,000 s)
2024-06-03 19:15:00,313 INFO  - Recieve a message from other vehicle (at simulation time 55.001,400,000 s)
2024-06-03 19:15:00,313 INFO  - I'm in better position but no more hops in message (at simulation time 55.001,400,000 s)
2024-06-03 19:15:00,313 INFO  - Recieve a message from other vehicle (at simulation time 55.002,400,000 s)
2024-06-03 19:15:00,313 INFO  - I'm in better position but no more hops in message (at simulation time 55.002,400,000 s)
2024-06-03 19:15:00,313 INFO  - Recieve a message from other vehicle (at simulation time 55.002,400,000 s)
2024-06-03 19:15:00,313 INFO  - I'm in better position but no more hops in message (at simulation time 55.002,400,000 s)
2024-06-03 19:15:00,313 INFO  - Recieve a message from other vehicle (at simulation time 55.002,400,000 s)
2024-06-03 19:15:00,313 INFO  - I'm in better position but no more hops in message (at simulation time 55.002,400,000 s)
2024-06-03 19:15:00,314 INFO  - Recieve a message from RSU (at simulation time 55.224,346,025 s)
2024-06-03 19:15:00,314 INFO  - Recieve a message from RSU (at simulation time 55.241,905,795 s)
2024-06-03 19:15:00,314 INFO  - Recieve a message from RSU (at simulation time 55.923,227,848 s)
2024-06-03 19:15:00,314 INFO  - Recieve a message from RSU (at simulation time 55.923,628,285 s)
2024-06-03 19:15:00,316 INFO  - Called #onVehicleUpdated (at simulation time 56.000,000,000 s)
2024-06-03 19:15:00,316 INFO  - Sending out AdHoc broadcast (at simulation time 56.000,000,000 s)
2024-06-03 19:15:00,316 INFO  - Sending out AdHoc broadcast (at simulation time 56.000,000,000 s)
2024-06-03 19:15:00,316 INFO  - Sending out AdHoc broadcast (at simulation time 56.000,000,000 s)
2024-06-03 19:15:00,318 INFO  - Recieve a message from other vehicle (at simulation time 56.000,400,000 s)
2024-06-03 19:15:00,318 INFO  - I'm in better position but no more hops in message (at simulation time 56.000,400,000 s)
2024-06-03 19:15:00,318 INFO  - Recieve a message from other vehicle (at simulation time 56.000,400,000 s)
2024-06-03 19:15:00,318 INFO  - I'm in better position but no more hops in message (at simulation time 56.000,400,000 s)
2024-06-03 19:15:00,318 INFO  - Recieve a message from other vehicle (at simulation time 56.001,400,000 s)
2024-06-03 19:15:00,318 INFO  - I'm in better position but no more hops in message (at simulation time 56.001,400,000 s)
2024-06-03 19:15:00,318 INFO  - Recieve a message from other vehicle (at simulation time 56.001,400,000 s)
2024-06-03 19:15:00,318 INFO  - I'm in better position but no more hops in message (at simulation time 56.001,400,000 s)
2024-06-03 19:15:00,318 INFO  - Recieve a message from other vehicle (at simulation time 56.001,900,000 s)
2024-06-03 19:15:00,319 INFO  - I'm in better position but no more hops in message (at simulation time 56.001,900,000 s)
2024-06-03 19:15:00,319 INFO  - Recieve a message from other vehicle (at simulation time 56.002,400,000 s)
2024-06-03 19:15:00,319 INFO  - I'm in better position but no more hops in message (at simulation time 56.002,400,000 s)
2024-06-03 19:15:00,320 INFO  - Recieve a message from RSU (at simulation time 56.612,650,961 s)
2024-06-03 19:15:00,320 INFO  - Recieve a message from RSU (at simulation time 56.649,874,459 s)
2024-06-03 19:15:00,323 INFO  - Called #onVehicleUpdated (at simulation time 57.000,000,000 s)
2024-06-03 19:15:00,323 INFO  - Sending out AdHoc broadcast (at simulation time 57.000,000,000 s)
2024-06-03 19:15:00,323 INFO  - Sending out AdHoc broadcast (at simulation time 57.000,000,000 s)
2024-06-03 19:15:00,323 INFO  - Sending out AdHoc broadcast (at simulation time 57.000,000,000 s)
2024-06-03 19:15:00,323 INFO  - Sending out AdHoc broadcast (at simulation time 57.000,000,000 s)
2024-06-03 19:15:00,324 INFO  - Recieve a message from other vehicle (at simulation time 57.000,400,000 s)
2024-06-03 19:15:00,324 INFO  - I'm in better position but no more hops in message (at simulation time 57.000,400,000 s)
2024-06-03 19:15:00,324 INFO  - Recieve a message from other vehicle (at simulation time 57.000,900,000 s)
2024-06-03 19:15:00,324 INFO  - I'm in better position but no more hops in message (at simulation time 57.000,900,000 s)
2024-06-03 19:15:00,324 INFO  - Recieve a message from other vehicle (at simulation time 57.000,900,000 s)
2024-06-03 19:15:00,324 INFO  - I'm in better position but no more hops in message (at simulation time 57.000,900,000 s)
2024-06-03 19:15:00,324 INFO  - Recieve a message from other vehicle (at simulation time 57.000,900,000 s)
2024-06-03 19:15:00,324 INFO  - I'm in better position but no more hops in message (at simulation time 57.000,900,000 s)
2024-06-03 19:15:00,324 INFO  - Recieve a message from other vehicle (at simulation time 57.000,900,000 s)
2024-06-03 19:15:00,324 INFO  - I'm in better position but no more hops in message (at simulation time 57.000,900,000 s)
2024-06-03 19:15:00,324 INFO  - Recieve a message from other vehicle (at simulation time 57.001,400,000 s)
2024-06-03 19:15:00,324 INFO  - I'm in better position but no more hops in message (at simulation time 57.001,400,000 s)
2024-06-03 19:15:00,325 INFO  - Recieve a message from other vehicle (at simulation time 57.002,400,000 s)
2024-06-03 19:15:00,325 INFO  - I'm in better position but no more hops in message (at simulation time 57.002,400,000 s)
2024-06-03 19:15:00,325 INFO  - Recieve a message from RSU (at simulation time 57.321,962,695 s)
2024-06-03 19:15:00,325 INFO  - Recieve a message from RSU (at simulation time 57.335,221,520 s)
2024-06-03 19:15:00,327 INFO  - Called #onVehicleUpdated (at simulation time 58.000,000,000 s)
2024-06-03 19:15:00,327 INFO  - Sending out AdHoc broadcast (at simulation time 58.000,000,000 s)
2024-06-03 19:15:00,327 INFO  - Sending out AdHoc broadcast (at simulation time 58.000,000,000 s)
2024-06-03 19:15:00,327 INFO  - Sending out AdHoc broadcast (at simulation time 58.000,000,000 s)
2024-06-03 19:15:00,329 INFO  - Recieve a message from other vehicle (at simulation time 58.000,400,000 s)
2024-06-03 19:15:00,329 INFO  - My position is not better! (at simulation time 58.000,400,000 s)
2024-06-03 19:15:00,330 INFO  - Recieve a message from other vehicle (at simulation time 58.000,800,000 s)
2024-06-03 19:15:00,330 INFO  - My position is not better! (at simulation time 58.000,800,000 s)
2024-06-03 19:15:00,331 INFO  - Recieve a message from other vehicle (at simulation time 58.000,900,000 s)
2024-06-03 19:15:00,331 INFO  - My position is not better! (at simulation time 58.000,900,000 s)
2024-06-03 19:15:00,331 INFO  - Recieve a message from other vehicle (at simulation time 58.000,900,000 s)
2024-06-03 19:15:00,331 INFO  - My position is not better! (at simulation time 58.000,900,000 s)
2024-06-03 19:15:00,331 INFO  - Recieve a message from other vehicle (at simulation time 58.001,400,000 s)
2024-06-03 19:15:00,331 INFO  - My position is not better! (at simulation time 58.001,400,000 s)
2024-06-03 19:15:00,332 INFO  - Recieve a message from other vehicle (at simulation time 58.001,900,000 s)
2024-06-03 19:15:00,332 INFO  - My position is not better! (at simulation time 58.001,900,000 s)
2024-06-03 19:15:00,332 INFO  - Recieve a message from other vehicle (at simulation time 58.002,300,000 s)
2024-06-03 19:15:00,332 INFO  - My position is not better! (at simulation time 58.002,300,000 s)
2024-06-03 19:15:00,332 INFO  - Recieve a message from other vehicle (at simulation time 58.002,400,000 s)
2024-06-03 19:15:00,332 INFO  - My position is not better! (at simulation time 58.002,400,000 s)
2024-06-03 19:15:00,332 INFO  - Recieve a message from other vehicle (at simulation time 58.002,800,000 s)
2024-06-03 19:15:00,332 INFO  - My position is not better! (at simulation time 58.002,800,000 s)
2024-06-03 19:15:00,335 INFO  - Called #onVehicleUpdated (at simulation time 59.000,000,000 s)
2024-06-03 19:15:00,335 INFO  - Sending out AdHoc broadcast (at simulation time 59.000,000,000 s)
2024-06-03 19:15:00,335 INFO  - Sending out AdHoc broadcast (at simulation time 59.000,000,000 s)
2024-06-03 19:15:00,335 INFO  - Sending out AdHoc broadcast (at simulation time 59.000,000,000 s)
2024-06-03 19:15:00,335 INFO  - Sending out AdHoc broadcast (at simulation time 59.000,000,000 s)
2024-06-03 19:15:00,337 INFO  - Recieve a message from other vehicle (at simulation time 59.000,400,000 s)
2024-06-03 19:15:00,337 INFO  - My position is not better! (at simulation time 59.000,400,000 s)
2024-06-03 19:15:00,337 INFO  - Recieve a message from other vehicle (at simulation time 59.000,400,000 s)
2024-06-03 19:15:00,337 INFO  - My position is not better! (at simulation time 59.000,400,000 s)
2024-06-03 19:15:00,338 INFO  - Recieve a message from other vehicle (at simulation time 59.000,900,000 s)
2024-06-03 19:15:00,338 INFO  - My position is not better! (at simulation time 59.000,900,000 s)
2024-06-03 19:15:00,338 INFO  - Recieve a message from other vehicle (at simulation time 59.001,300,000 s)
2024-06-03 19:15:00,338 INFO  - My position is not better! (at simulation time 59.001,300,000 s)
2024-06-03 19:15:00,338 INFO  - Recieve a message from other vehicle (at simulation time 59.001,300,000 s)
2024-06-03 19:15:00,338 INFO  - My position is not better! (at simulation time 59.001,300,000 s)
2024-06-03 19:15:00,339 INFO  - Recieve a message from other vehicle (at simulation time 59.001,400,000 s)
2024-06-03 19:15:00,339 INFO  - My position is not better! (at simulation time 59.001,400,000 s)
2024-06-03 19:15:00,339 INFO  - Recieve a message from other vehicle (at simulation time 59.001,400,000 s)
2024-06-03 19:15:00,339 INFO  - My position is not better! (at simulation time 59.001,400,000 s)
2024-06-03 19:15:00,339 INFO  - Recieve a message from other vehicle (at simulation time 59.001,400,000 s)
2024-06-03 19:15:00,339 INFO  - My position is not better! (at simulation time 59.001,400,000 s)
2024-06-03 19:15:00,339 INFO  - Recieve a message from other vehicle (at simulation time 59.001,800,000 s)
2024-06-03 19:15:00,339 INFO  - My position is not better! (at simulation time 59.001,800,000 s)
2024-06-03 19:15:00,340 INFO  - Recieve a message from other vehicle (at simulation time 59.002,300,000 s)
2024-06-03 19:15:00,340 INFO  - My position is not better! (at simulation time 59.002,300,000 s)
2024-06-03 19:15:00,340 INFO  - Recieve a message from other vehicle (at simulation time 59.002,400,000 s)
2024-06-03 19:15:00,340 INFO  - My position is not better! (at simulation time 59.002,400,000 s)
2024-06-03 19:15:00,343 INFO  - Called #onVehicleUpdated (at simulation time 60.000,000,000 s)
2024-06-03 19:15:00,343 INFO  - Sending out AdHoc broadcast (at simulation time 60.000,000,000 s)
2024-06-03 19:15:00,343 INFO  - Sending out AdHoc broadcast (at simulation time 60.000,000,000 s)
2024-06-03 19:15:00,343 INFO  - Sending out AdHoc broadcast (at simulation time 60.000,000,000 s)
2024-06-03 19:15:00,344 INFO  - Recieve a message from other vehicle (at simulation time 60.000,900,000 s)
2024-06-03 19:15:00,344 INFO  - My position is not better! (at simulation time 60.000,900,000 s)
2024-06-03 19:15:00,344 INFO  - Recieve a message from other vehicle (at simulation time 60.001,300,000 s)
2024-06-03 19:15:00,344 INFO  - My position is not better! (at simulation time 60.001,300,000 s)
2024-06-03 19:15:00,345 INFO  - Recieve a message from other vehicle (at simulation time 60.003,800,000 s)
2024-06-03 19:15:00,345 INFO  - My position is not better! (at simulation time 60.003,800,000 s)
2024-06-03 19:15:00,345 INFO  - Recieve a message from other vehicle (at simulation time 60.004,300,000 s)
2024-06-03 19:15:00,345 INFO  - My position is not better! (at simulation time 60.004,300,000 s)
2024-06-03 19:15:00,346 INFO  - Called #onVehicleUpdated (at simulation time 61.000,000,000 s)
2024-06-03 19:15:00,346 INFO  - Exced velocity! Sending new CAM (at simulation time 61.000,000,000 s)
2024-06-03 19:15:00,346 INFO  - Sending out AdHoc broadcast (at simulation time 61.000,000,000 s)
2024-06-03 19:15:00,347 INFO  - Sending out AdHoc broadcast (at simulation time 61.000,000,000 s)
2024-06-03 19:15:00,347 INFO  - Sending out AdHoc broadcast (at simulation time 61.000,000,000 s)
2024-06-03 19:15:00,347 INFO  - Sending out AdHoc broadcast (at simulation time 61.000,000,000 s)
2024-06-03 19:15:00,347 INFO  - Sending out AdHoc broadcast (at simulation time 61.000,000,000 s)
2024-06-03 19:15:00,368 INFO  - Called #onVehicleUpdated (at simulation time 62.000,000,000 s)
2024-06-03 19:15:00,368 INFO  - Exced velocity! Sending new CAM (at simulation time 62.000,000,000 s)
2024-06-03 19:15:00,368 INFO  - Sending out AdHoc broadcast (at simulation time 62.000,000,000 s)
2024-06-03 19:15:00,369 INFO  - Sending out AdHoc broadcast (at simulation time 62.000,000,000 s)
2024-06-03 19:15:00,369 INFO  - Sending out AdHoc broadcast (at simulation time 62.000,000,000 s)
2024-06-03 19:15:00,369 INFO  - Sending out AdHoc broadcast (at simulation time 62.000,000,000 s)
2024-06-03 19:15:00,373 INFO  - Called #onVehicleUpdated (at simulation time 63.000,000,000 s)
2024-06-03 19:15:00,373 INFO  - Exced velocity! Sending new CAM (at simulation time 63.000,000,000 s)
2024-06-03 19:15:00,373 INFO  - Sending out AdHoc broadcast (at simulation time 63.000,000,000 s)
2024-06-03 19:15:00,373 INFO  - Sending out AdHoc broadcast (at simulation time 63.000,000,000 s)
2024-06-03 19:15:00,373 INFO  - Sending out AdHoc broadcast (at simulation time 63.000,000,000 s)
2024-06-03 19:15:00,374 INFO  - Sending out AdHoc broadcast (at simulation time 63.000,000,000 s)
2024-06-03 19:15:00,374 INFO  - Sending out AdHoc broadcast (at simulation time 63.000,000,000 s)
2024-06-03 19:15:00,374 INFO  - Sending out AdHoc broadcast (at simulation time 63.000,000,000 s)
2024-06-03 19:15:00,377 INFO  - Called #onVehicleUpdated (at simulation time 64.000,000,000 s)
2024-06-03 19:15:00,377 INFO  - Exced velocity! Sending new CAM (at simulation time 64.000,000,000 s)
2024-06-03 19:15:00,377 INFO  - Sending out AdHoc broadcast (at simulation time 64.000,000,000 s)
2024-06-03 19:15:00,377 INFO  - Sending out AdHoc broadcast (at simulation time 64.000,000,000 s)
2024-06-03 19:15:00,377 INFO  - Sending out AdHoc broadcast (at simulation time 64.000,000,000 s)
2024-06-03 19:15:00,377 INFO  - Sending out AdHoc broadcast (at simulation time 64.000,000,000 s)
2024-06-03 19:15:00,377 INFO  - Sending out AdHoc broadcast (at simulation time 64.000,000,000 s)
2024-06-03 19:15:00,380 INFO  - Shutdown (at simulation time 65.000,000,000 s)
