2024-06-03 19:42:28,367 INFO  - Initialize Vehicle application (at simulation time 6.000,000,000 s)
2024-06-03 19:42:28,368 INFO  - Activated WLAN Module (at simulation time 6.000,000,000 s)
2024-06-03 19:42:28,371 INFO  - Called #onVehicleUpdated (at simulation time 6.000,000,000 s)
2024-06-03 19:42:28,372 INFO  - Exced velocity! Sending new CAM (at simulation time 6.000,000,000 s)
2024-06-03 19:42:28,372 INFO  - Sending out AdHoc broadcast (at simulation time 6.000,000,000 s)
2024-06-03 19:42:28,606 INFO  - Called #onVehicleUpdated (at simulation time 7.000,000,000 s)
2024-06-03 19:42:28,607 INFO  - Exced velocity! Sending new CAM (at simulation time 7.000,000,000 s)
2024-06-03 19:42:28,607 INFO  - Sending out AdHoc broadcast (at simulation time 7.000,000,000 s)
2024-06-03 19:42:28,609 INFO  - Define the name: veh_5 and route: r_5 (at simulation time 7.000,000,000 s)
2024-06-03 19:42:28,610 INFO  - Sending out AdHoc broadcast (at simulation time 7.000,000,000 s)
2024-06-03 19:42:28,851 INFO  - Called #onVehicleUpdated (at simulation time 8.000,000,000 s)
2024-06-03 19:42:28,851 INFO  - Exced velocity! Sending new CAM (at simulation time 8.000,000,000 s)
2024-06-03 19:42:28,851 INFO  - Sending out AdHoc broadcast (at simulation time 8.000,000,000 s)
2024-06-03 19:42:28,852 INFO  - Sending out AdHoc broadcast (at simulation time 8.000,000,000 s)
2024-06-03 19:42:29,100 INFO  - Called #onVehicleUpdated (at simulation time 9.000,000,000 s)
2024-06-03 19:42:29,100 INFO  - Exced velocity! Sending new CAM (at simulation time 9.000,000,000 s)
2024-06-03 19:42:29,100 INFO  - Sending out AdHoc broadcast (at simulation time 9.000,000,000 s)
2024-06-03 19:42:29,101 INFO  - Sending out AdHoc broadcast (at simulation time 9.000,000,000 s)
2024-06-03 19:42:29,102 INFO  - Sending out AdHoc broadcast (at simulation time 9.000,000,000 s)
2024-06-03 19:42:29,360 INFO  - Called #onVehicleUpdated (at simulation time 10.000,000,000 s)
2024-06-03 19:42:29,360 INFO  - Exced velocity! Sending new CAM (at simulation time 10.000,000,000 s)
2024-06-03 19:42:29,361 INFO  - Sending out AdHoc broadcast (at simulation time 10.000,000,000 s)
2024-06-03 19:42:29,361 INFO  - Sending out AdHoc broadcast (at simulation time 10.000,000,000 s)
2024-06-03 19:42:29,362 INFO  - Sending out AdHoc broadcast (at simulation time 10.000,000,000 s)
2024-06-03 19:42:29,598 INFO  - Called #onVehicleUpdated (at simulation time 11.000,000,000 s)
2024-06-03 19:42:29,598 INFO  - Exced velocity! Sending new CAM (at simulation time 11.000,000,000 s)
2024-06-03 19:42:29,598 INFO  - Sending out AdHoc broadcast (at simulation time 11.000,000,000 s)
2024-06-03 19:42:29,598 INFO  - Sending out AdHoc broadcast (at simulation time 11.000,000,000 s)
2024-06-03 19:42:29,598 INFO  - Sending out AdHoc broadcast (at simulation time 11.000,000,000 s)
2024-06-03 19:42:29,599 INFO  - Sending out AdHoc broadcast (at simulation time 11.000,000,000 s)
2024-06-03 19:42:29,848 INFO  - Called #onVehicleUpdated (at simulation time 12.000,000,000 s)
2024-06-03 19:42:29,848 INFO  - Sending out AdHoc broadcast (at simulation time 12.000,000,000 s)
2024-06-03 19:42:29,848 INFO  - Sending out AdHoc broadcast (at simulation time 12.000,000,000 s)
2024-06-03 19:42:29,849 INFO  - Sending out AdHoc broadcast (at simulation time 12.000,000,000 s)
2024-06-03 19:42:29,851 INFO  - Recieve a message from other vehicle (at simulation time 12.000,800,000 s)
2024-06-03 19:42:29,851 INFO  - I'm in better position but no more hops in message (at simulation time 12.000,800,000 s)
2024-06-03 19:42:29,851 INFO  - Recieve a message from other vehicle (at simulation time 12.000,800,000 s)
2024-06-03 19:42:29,851 INFO  - My position is not better! (at simulation time 12.000,800,000 s)
2024-06-03 19:42:29,852 INFO  - Recieve a message from other vehicle (at simulation time 12.001,400,000 s)
2024-06-03 19:42:29,852 INFO  - My position is not better! (at simulation time 12.001,400,000 s)
2024-06-03 19:42:29,853 INFO  - Recieve a message from other vehicle (at simulation time 12.001,400,000 s)
2024-06-03 19:42:29,853 INFO  - My position is not better! (at simulation time 12.001,400,000 s)
2024-06-03 19:42:29,853 INFO  - Recieve a message from other vehicle (at simulation time 12.001,800,000 s)
2024-06-03 19:42:29,853 INFO  - My position is not better! (at simulation time 12.001,800,000 s)
2024-06-03 19:42:29,853 INFO  - Recieve a message from other vehicle (at simulation time 12.001,900,000 s)
2024-06-03 19:42:29,853 INFO  - My position is not better! (at simulation time 12.001,900,000 s)
2024-06-03 19:42:29,855 INFO  - Recieve a message from other vehicle (at simulation time 12.002,800,000 s)
2024-06-03 19:42:29,855 INFO  - I'm in better position but no more hops in message (at simulation time 12.002,800,000 s)
2024-06-03 19:42:29,855 INFO  - Recieve a message from other vehicle (at simulation time 12.003,300,000 s)
2024-06-03 19:42:29,855 INFO  - My position is not better! (at simulation time 12.003,300,000 s)
2024-06-03 19:42:30,098 INFO  - Called #onVehicleUpdated (at simulation time 13.000,000,000 s)
2024-06-03 19:42:30,099 INFO  - Sending out AdHoc broadcast (at simulation time 13.000,000,000 s)
2024-06-03 19:42:30,099 INFO  - Sending out AdHoc broadcast (at simulation time 13.000,000,000 s)
2024-06-03 19:42:30,099 INFO  - Sending out AdHoc broadcast (at simulation time 13.000,000,000 s)
2024-06-03 19:42:30,100 INFO  - Sending out AdHoc broadcast (at simulation time 13.000,000,000 s)
2024-06-03 19:42:30,103 INFO  - Recieve a message from other vehicle (at simulation time 13.000,900,000 s)
2024-06-03 19:42:30,103 INFO  - Recending a message from other vehicle (at simulation time 13.000,900,000 s)
2024-06-03 19:42:30,104 INFO  - Recieve a message from other vehicle (at simulation time 13.001,300,000 s)
2024-06-03 19:42:30,104 INFO  - I'm in better position but no more hops in message (at simulation time 13.001,300,000 s)
2024-06-03 19:42:30,107 INFO  - Recieve a message from other vehicle (at simulation time 13.001,800,000 s)
2024-06-03 19:42:30,107 INFO  - My position is not better! (at simulation time 13.001,800,000 s)
2024-06-03 19:42:30,108 INFO  - Recieve a message from other vehicle (at simulation time 13.001,800,000 s)
2024-06-03 19:42:30,108 INFO  - My position is not better! (at simulation time 13.001,800,000 s)
2024-06-03 19:42:30,109 INFO  - Recieve a message from other vehicle (at simulation time 13.001,900,000 s)
2024-06-03 19:42:30,109 INFO  - My position is not better! (at simulation time 13.001,900,000 s)
2024-06-03 19:42:30,109 INFO  - Recieve a message from other vehicle (at simulation time 13.001,900,000 s)
2024-06-03 19:42:30,109 INFO  - My position is not better! (at simulation time 13.001,900,000 s)
2024-06-03 19:42:30,109 INFO  - Recieve a message from other vehicle (at simulation time 13.001,900,000 s)
2024-06-03 19:42:30,110 INFO  - My position is not better! (at simulation time 13.001,900,000 s)
2024-06-03 19:42:30,111 INFO  - Recieve a message from other vehicle (at simulation time 13.002,400,000 s)
2024-06-03 19:42:30,111 INFO  - I'm in better position but no more hops in message (at simulation time 13.002,400,000 s)
2024-06-03 19:42:30,112 INFO  - Recieve a message from other vehicle (at simulation time 13.002,400,000 s)
2024-06-03 19:42:30,112 INFO  - I'm in better position but no more hops in message (at simulation time 13.002,400,000 s)
2024-06-03 19:42:30,112 INFO  - Recieve a message from other vehicle (at simulation time 13.002,400,000 s)
2024-06-03 19:42:30,112 INFO  - My position is not better! (at simulation time 13.002,400,000 s)
2024-06-03 19:42:30,113 INFO  - Recieve a message from other vehicle (at simulation time 13.002,800,000 s)
2024-06-03 19:42:30,113 INFO  - My position is not better! (at simulation time 13.002,800,000 s)
2024-06-03 19:42:30,113 INFO  - Recieve a message from other vehicle (at simulation time 13.003,300,000 s)
2024-06-03 19:42:30,113 INFO  - My position is not better! (at simulation time 13.003,300,000 s)
2024-06-03 19:42:30,113 INFO  - Recieve a message from other vehicle (at simulation time 13.003,300,000 s)
2024-06-03 19:42:30,113 INFO  - I'm in better position but no more hops in message (at simulation time 13.003,300,000 s)
2024-06-03 19:42:30,350 INFO  - Called #onVehicleUpdated (at simulation time 14.000,000,000 s)
2024-06-03 19:42:30,351 INFO  - Sending out AdHoc broadcast (at simulation time 14.000,000,000 s)
2024-06-03 19:42:30,351 INFO  - Sending out AdHoc broadcast (at simulation time 14.000,000,000 s)
2024-06-03 19:42:30,352 INFO  - Sending out AdHoc broadcast (at simulation time 14.000,000,000 s)
2024-06-03 19:42:30,357 INFO  - Recieve a message from other vehicle (at simulation time 14.000,900,000 s)
2024-06-03 19:42:30,357 INFO  - Recending a message from other vehicle (at simulation time 14.000,900,000 s)
2024-06-03 19:42:30,357 INFO  - Recieve a message from other vehicle (at simulation time 14.000,900,000 s)
2024-06-03 19:42:30,357 INFO  - My position is not better! (at simulation time 14.000,900,000 s)
2024-06-03 19:42:30,361 INFO  - Recieve a message from other vehicle (at simulation time 14.001,400,000 s)
2024-06-03 19:42:30,361 INFO  - My position is not better! (at simulation time 14.001,400,000 s)
2024-06-03 19:42:30,362 INFO  - Recieve a message from other vehicle (at simulation time 14.001,400,000 s)
2024-06-03 19:42:30,362 INFO  - Recending a message from other vehicle (at simulation time 14.001,400,000 s)
2024-06-03 19:42:30,362 INFO  - Recieve a message from other vehicle (at simulation time 14.001,800,000 s)
2024-06-03 19:42:30,362 INFO  - My position is not better! (at simulation time 14.001,800,000 s)
2024-06-03 19:42:30,364 INFO  - Recieve a message from other vehicle (at simulation time 14.001,900,000 s)
2024-06-03 19:42:30,364 INFO  - My position is not better! (at simulation time 14.001,900,000 s)
2024-06-03 19:42:30,364 INFO  - Recieve a message from other vehicle (at simulation time 14.001,900,000 s)
2024-06-03 19:42:30,364 INFO  - My position is not better! (at simulation time 14.001,900,000 s)
2024-06-03 19:42:30,364 INFO  - Recieve a message from other vehicle (at simulation time 14.001,900,000 s)
2024-06-03 19:42:30,364 INFO  - I'm in better position but no more hops in message (at simulation time 14.001,900,000 s)
2024-06-03 19:42:30,365 INFO  - Recieve a message from other vehicle (at simulation time 14.002,300,000 s)
2024-06-03 19:42:30,365 INFO  - My position is not better! (at simulation time 14.002,300,000 s)
2024-06-03 19:42:30,366 INFO  - Recieve a message from other vehicle (at simulation time 14.002,800,000 s)
2024-06-03 19:42:30,366 INFO  - I'm in better position but no more hops in message (at simulation time 14.002,800,000 s)
2024-06-03 19:42:30,366 INFO  - Recieve a message from other vehicle (at simulation time 14.003,300,000 s)
2024-06-03 19:42:30,366 INFO  - My position is not better! (at simulation time 14.003,300,000 s)
2024-06-03 19:42:30,366 INFO  - Recieve a message from other vehicle (at simulation time 14.003,300,000 s)
2024-06-03 19:42:30,366 INFO  - My position is not better! (at simulation time 14.003,300,000 s)
2024-06-03 19:42:30,611 INFO  - Called #onVehicleUpdated (at simulation time 15.000,000,000 s)
2024-06-03 19:42:30,612 INFO  - Sending out DENM broadcast (at simulation time 15.000,000,000 s)
2024-06-03 19:42:30,612 INFO  - Sending out AdHoc broadcast (at simulation time 15.000,000,000 s)
2024-06-03 19:42:30,612 INFO  - Sending out AdHoc broadcast (at simulation time 15.000,000,000 s)
2024-06-03 19:42:30,612 INFO  - Sending out AdHoc broadcast (at simulation time 15.000,000,000 s)
2024-06-03 19:42:30,613 INFO  - Sending out AdHoc broadcast (at simulation time 15.000,000,000 s)
2024-06-03 19:42:30,615 INFO  - Recieve a message from other vehicle (at simulation time 15.000,400,000 s)
2024-06-03 19:42:30,615 INFO  - DENM message Recived from veh_3 -info : seco (at simulation time 15.000,400,000 s)
2024-06-03 19:42:30,616 INFO  - Recending a DENM message from other vehicle (at simulation time 15.000,400,000 s)
2024-06-03 19:42:30,616 INFO  - Recieve a message from other vehicle (at simulation time 15.000,400,000 s)
2024-06-03 19:42:30,616 INFO  - Recending a message from other vehicle (at simulation time 15.000,400,000 s)
2024-06-03 19:42:30,618 INFO  - Recieve a message from other vehicle (at simulation time 15.000,800,000 s)
2024-06-03 19:42:30,618 INFO  - I'm in better position but no more hops in message (at simulation time 15.000,800,000 s)
2024-06-03 19:42:30,618 INFO  - Recieve a message from other vehicle (at simulation time 15.000,900,000 s)
2024-06-03 19:42:30,618 INFO  - Recending a message from other vehicle (at simulation time 15.000,900,000 s)
2024-06-03 19:42:30,619 INFO  - Recieve a message from other vehicle (at simulation time 15.000,900,000 s)
2024-06-03 19:42:30,619 INFO  - I'm in better position but no more hops in message (at simulation time 15.000,900,000 s)
2024-06-03 19:42:30,619 INFO  - Recieve a message from other vehicle (at simulation time 15.000,900,000 s)
2024-06-03 19:42:30,619 INFO  - Recending a message from other vehicle (at simulation time 15.000,900,000 s)
2024-06-03 19:42:30,619 INFO  - Recieve a message from other vehicle (at simulation time 15.000,900,000 s)
2024-06-03 19:42:30,619 INFO  - Recending a message from other vehicle (at simulation time 15.000,900,000 s)
2024-06-03 19:42:30,619 INFO  - Recieve a message from other vehicle (at simulation time 15.000,900,000 s)
2024-06-03 19:42:30,619 INFO  - I'm in better position but no more hops in message (at simulation time 15.000,900,000 s)
2024-06-03 19:42:30,625 INFO  - Recieve a message from other vehicle (at simulation time 15.001,800,000 s)
2024-06-03 19:42:30,625 INFO  - I'm in better position but no more hops in message (at simulation time 15.001,800,000 s)
2024-06-03 19:42:30,626 INFO  - Recieve a message from other vehicle (at simulation time 15.001,800,000 s)
2024-06-03 19:42:30,626 INFO  - DENM message Recived from veh_0 -info : nevoeiro (at simulation time 15.001,800,000 s)
2024-06-03 19:42:30,626 INFO  - No more hops in DENM message (at simulation time 15.001,800,000 s)
2024-06-03 19:42:30,627 INFO  - Recieve a message from other vehicle (at simulation time 15.002,300,000 s)
2024-06-03 19:42:30,627 INFO  - DENM message Recived from veh_5 -info : nevoeiro (at simulation time 15.002,300,000 s)
2024-06-03 19:42:30,628 INFO  - No more hops in DENM message (at simulation time 15.002,300,000 s)
2024-06-03 19:42:30,628 INFO  - Recieve a message from other vehicle (at simulation time 15.002,300,000 s)
2024-06-03 19:42:30,628 INFO  - DENM message Recived from veh_1 -info : nevoeiro (at simulation time 15.002,300,000 s)
2024-06-03 19:42:30,628 INFO  - No more hops in DENM message (at simulation time 15.002,300,000 s)
2024-06-03 19:42:30,628 INFO  - Recieve a message from other vehicle (at simulation time 15.002,400,000 s)
2024-06-03 19:42:30,628 INFO  - DENM message Recived from veh_0 -info : nevoeiro (at simulation time 15.002,400,000 s)
2024-06-03 19:42:30,628 INFO  - No more hops in DENM message (at simulation time 15.002,400,000 s)
2024-06-03 19:42:30,628 INFO  - Recieve a message from other vehicle (at simulation time 15.002,400,000 s)
2024-06-03 19:42:30,628 INFO  - DENM message Recived from veh_1 -info : nevoeiro (at simulation time 15.002,400,000 s)
2024-06-03 19:42:30,628 INFO  - No more hops in DENM message (at simulation time 15.002,400,000 s)
2024-06-03 19:42:30,629 INFO  - Recieve a message from other vehicle (at simulation time 15.002,400,000 s)
2024-06-03 19:42:30,629 INFO  - My position is not better! (at simulation time 15.002,400,000 s)
2024-06-03 19:42:30,850 INFO  - Called #onVehicleUpdated (at simulation time 16.000,000,000 s)
2024-06-03 19:42:30,851 INFO  - Sending out AdHoc broadcast (at simulation time 16.000,000,000 s)
2024-06-03 19:42:30,851 INFO  - Sending out AdHoc broadcast (at simulation time 16.000,000,000 s)
2024-06-03 19:42:30,852 INFO  - Sending out AdHoc broadcast (at simulation time 16.000,000,000 s)
2024-06-03 19:42:30,855 INFO  - Recieve a message from other vehicle (at simulation time 16.000,400,000 s)
2024-06-03 19:42:30,855 INFO  - DENM message Recived from veh_4 -info : seco (at simulation time 16.000,400,000 s)
2024-06-03 19:42:30,855 INFO  - Recending a DENM message from other vehicle (at simulation time 16.000,400,000 s)
2024-06-03 19:42:30,858 INFO  - Recieve a message from other vehicle (at simulation time 16.000,800,000 s)
2024-06-03 19:42:30,858 INFO  - I'm in better position but no more hops in message (at simulation time 16.000,800,000 s)
2024-06-03 19:42:30,858 INFO  - Recieve a message from other vehicle (at simulation time 16.000,800,000 s)
2024-06-03 19:42:30,858 INFO  - I'm in better position but no more hops in message (at simulation time 16.000,800,000 s)
2024-06-03 19:42:30,859 INFO  - Recieve a message from other vehicle (at simulation time 16.000,900,000 s)
2024-06-03 19:42:30,860 INFO  - Recending a message from other vehicle (at simulation time 16.000,900,000 s)
2024-06-03 19:42:30,860 INFO  - Recieve a message from other vehicle (at simulation time 16.000,900,000 s)
2024-06-03 19:42:30,860 INFO  - My position is not better! (at simulation time 16.000,900,000 s)
2024-06-03 19:42:30,862 INFO  - Recieve a message from other vehicle (at simulation time 16.001,300,000 s)
2024-06-03 19:42:30,862 INFO  - I'm in better position but no more hops in message (at simulation time 16.001,300,000 s)
2024-06-03 19:42:30,862 INFO  - Recieve a message from other vehicle (at simulation time 16.001,400,000 s)
2024-06-03 19:42:30,862 INFO  - My position is not better! (at simulation time 16.001,400,000 s)
2024-06-03 19:42:30,864 INFO  - Recieve a message from other vehicle (at simulation time 16.001,800,000 s)
2024-06-03 19:42:30,864 INFO  - DENM message Recived from veh_2 -info : piso-molhado (at simulation time 16.001,800,000 s)
2024-06-03 19:42:30,864 INFO  - I slow down due to road state (at simulation time 16.001,800,000 s)
2024-06-03 19:42:30,864 INFO  - No more hops in DENM message (at simulation time 16.001,800,000 s)
2024-06-03 19:42:30,864 INFO  - Recieve a message from other vehicle (at simulation time 16.001,800,000 s)
2024-06-03 19:42:30,864 INFO  - My position is not better! (at simulation time 16.001,800,000 s)
2024-06-03 19:42:30,865 INFO  - Recieve a message from other vehicle (at simulation time 16.001,900,000 s)
2024-06-03 19:42:30,865 INFO  - DENM message Recived from veh_2 -info : piso-molhado (at simulation time 16.001,900,000 s)
2024-06-03 19:42:30,865 INFO  - I slow down due to road state (at simulation time 16.001,900,000 s)
2024-06-03 19:42:30,865 INFO  - No more hops in DENM message (at simulation time 16.001,900,000 s)
2024-06-03 19:42:30,865 INFO  - Recieve a message from other vehicle (at simulation time 16.001,900,000 s)
2024-06-03 19:42:30,865 INFO  - I'm in better position but no more hops in message (at simulation time 16.001,900,000 s)
2024-06-03 19:42:30,865 INFO  - Recieve a message from other vehicle (at simulation time 16.001,900,000 s)
2024-06-03 19:42:30,866 INFO  - My position is not better! (at simulation time 16.001,900,000 s)
2024-06-03 19:42:30,867 INFO  - Recieve a message from other vehicle (at simulation time 16.002,400,000 s)
2024-06-03 19:42:30,867 INFO  - I'm in better position but no more hops in message (at simulation time 16.002,400,000 s)
2024-06-03 19:42:30,867 INFO  - Recieve a message from other vehicle (at simulation time 16.002,400,000 s)
2024-06-03 19:42:30,867 INFO  - I'm in better position but no more hops in message (at simulation time 16.002,400,000 s)
2024-06-03 19:42:30,867 INFO  - Recieve a message from other vehicle (at simulation time 16.002,800,000 s)
2024-06-03 19:42:30,867 INFO  - My position is not better! (at simulation time 16.002,800,000 s)
2024-06-03 19:42:31,098 INFO  - Called #onVehicleUpdated (at simulation time 17.000,000,000 s)
2024-06-03 19:42:31,098 INFO  - Sending out AdHoc broadcast (at simulation time 17.000,000,000 s)
2024-06-03 19:42:31,098 INFO  - Sending out AdHoc broadcast (at simulation time 17.000,000,000 s)
2024-06-03 19:42:31,098 INFO  - Sending out AdHoc broadcast (at simulation time 17.000,000,000 s)
2024-06-03 19:42:31,098 INFO  - Sending out AdHoc broadcast (at simulation time 17.000,000,000 s)
2024-06-03 19:42:31,101 INFO  - Recieve a message from other vehicle (at simulation time 17.000,900,000 s)
2024-06-03 19:42:31,101 INFO  - My position is not better! (at simulation time 17.000,900,000 s)
2024-06-03 19:42:31,102 INFO  - Recieve a message from other vehicle (at simulation time 17.001,800,000 s)
2024-06-03 19:42:31,102 INFO  - I'm in better position but no more hops in message (at simulation time 17.001,800,000 s)
2024-06-03 19:42:31,102 INFO  - Recieve a message from other vehicle (at simulation time 17.001,800,000 s)
2024-06-03 19:42:31,102 INFO  - I'm in better position but no more hops in message (at simulation time 17.001,800,000 s)
2024-06-03 19:42:31,102 INFO  - Recieve a message from other vehicle (at simulation time 17.001,900,000 s)
2024-06-03 19:42:31,102 INFO  - My position is not better! (at simulation time 17.001,900,000 s)
2024-06-03 19:42:31,102 INFO  - Recieve a message from other vehicle (at simulation time 17.001,900,000 s)
2024-06-03 19:42:31,102 INFO  - I'm in better position but no more hops in message (at simulation time 17.001,900,000 s)
2024-06-03 19:42:31,102 INFO  - Recieve a message from other vehicle (at simulation time 17.002,300,000 s)
2024-06-03 19:42:31,102 INFO  - I'm in better position but no more hops in message (at simulation time 17.002,300,000 s)
2024-06-03 19:42:31,103 INFO  - Recieve a message from other vehicle (at simulation time 17.002,800,000 s)
2024-06-03 19:42:31,103 INFO  - I'm in better position but no more hops in message (at simulation time 17.002,800,000 s)
2024-06-03 19:42:31,103 INFO  - Recieve a message from other vehicle (at simulation time 17.002,800,000 s)
2024-06-03 19:42:31,103 INFO  - I'm in better position but no more hops in message (at simulation time 17.002,800,000 s)
2024-06-03 19:42:31,349 INFO  - Called #onVehicleUpdated (at simulation time 18.000,000,000 s)
2024-06-03 19:42:31,349 INFO  - Sending out AdHoc broadcast (at simulation time 18.000,000,000 s)
2024-06-03 19:42:31,349 INFO  - Sending out AdHoc broadcast (at simulation time 18.000,000,000 s)
2024-06-03 19:42:31,350 INFO  - Sending out AdHoc broadcast (at simulation time 18.000,000,000 s)
2024-06-03 19:42:31,351 INFO  - Recieve a message from other vehicle (at simulation time 18.000,400,000 s)
2024-06-03 19:42:31,351 INFO  - My position is not better! (at simulation time 18.000,400,000 s)
2024-06-03 19:42:31,352 INFO  - Recieve a message from other vehicle (at simulation time 18.000,400,000 s)
2024-06-03 19:42:31,352 INFO  - My position is not better! (at simulation time 18.000,400,000 s)
2024-06-03 19:42:31,352 INFO  - Recieve a message from other vehicle (at simulation time 18.000,900,000 s)
2024-06-03 19:42:31,352 INFO  - My position is not better! (at simulation time 18.000,900,000 s)
2024-06-03 19:42:31,353 INFO  - Recieve a message from other vehicle (at simulation time 18.001,300,000 s)
2024-06-03 19:42:31,353 INFO  - I'm in better position but no more hops in message (at simulation time 18.001,300,000 s)
2024-06-03 19:42:31,353 INFO  - Recieve a message from other vehicle (at simulation time 18.001,300,000 s)
2024-06-03 19:42:31,353 INFO  - I'm in better position but no more hops in message (at simulation time 18.001,300,000 s)
2024-06-03 19:42:31,355 INFO  - Recieve a message from other vehicle (at simulation time 18.001,900,000 s)
2024-06-03 19:42:31,355 INFO  - I'm in better position but no more hops in message (at simulation time 18.001,900,000 s)
2024-06-03 19:42:31,355 INFO  - Recieve a message from other vehicle (at simulation time 18.002,300,000 s)
2024-06-03 19:42:31,355 INFO  - I'm in better position but no more hops in message (at simulation time 18.002,300,000 s)
2024-06-03 19:42:31,357 INFO  - Recieve a message from other vehicle (at simulation time 18.003,300,000 s)
2024-06-03 19:42:31,357 INFO  - I'm in better position but no more hops in message (at simulation time 18.003,300,000 s)
2024-06-03 19:42:31,357 INFO  - Recieve a message from other vehicle (at simulation time 18.004,300,000 s)
2024-06-03 19:42:31,357 INFO  - My position is not better! (at simulation time 18.004,300,000 s)
2024-06-03 19:42:31,600 INFO  - Called #onVehicleUpdated (at simulation time 19.000,000,000 s)
2024-06-03 19:42:31,600 INFO  - Sending out AdHoc broadcast (at simulation time 19.000,000,000 s)
2024-06-03 19:42:31,601 INFO  - Sending out AdHoc broadcast (at simulation time 19.000,000,000 s)
2024-06-03 19:42:31,601 INFO  - Sending out AdHoc broadcast (at simulation time 19.000,000,000 s)
2024-06-03 19:42:31,601 INFO  - Sending out AdHoc broadcast (at simulation time 19.000,000,000 s)
2024-06-03 19:42:31,604 INFO  - Recieve a message from other vehicle (at simulation time 19.000,900,000 s)
2024-06-03 19:42:31,604 INFO  - My position is not better! (at simulation time 19.000,900,000 s)
2024-06-03 19:42:31,604 INFO  - Recieve a message from other vehicle (at simulation time 19.000,900,000 s)
2024-06-03 19:42:31,604 INFO  - I'm in better position but no more hops in message (at simulation time 19.000,900,000 s)
2024-06-03 19:42:31,604 INFO  - Recieve a message from other vehicle (at simulation time 19.001,300,000 s)
2024-06-03 19:42:31,604 INFO  - I'm in better position but no more hops in message (at simulation time 19.001,300,000 s)
2024-06-03 19:42:31,605 INFO  - Recieve a message from other vehicle (at simulation time 19.001,900,000 s)
2024-06-03 19:42:31,605 INFO  - My position is not better! (at simulation time 19.001,900,000 s)
2024-06-03 19:42:31,606 INFO  - Recieve a message from other vehicle (at simulation time 19.002,800,000 s)
2024-06-03 19:42:31,606 INFO  - My position is not better! (at simulation time 19.002,800,000 s)
2024-06-03 19:42:31,853 INFO  - Called #onVehicleUpdated (at simulation time 20.000,000,000 s)
2024-06-03 19:42:31,853 INFO  - Sending out AdHoc broadcast (at simulation time 20.000,000,000 s)
2024-06-03 19:42:31,854 INFO  - Sending out AdHoc broadcast (at simulation time 20.000,000,000 s)
2024-06-03 19:42:31,854 INFO  - Sending out AdHoc broadcast (at simulation time 20.000,000,000 s)
2024-06-03 19:42:31,856 INFO  - Recieve a message from other vehicle (at simulation time 20.000,900,000 s)
2024-06-03 19:42:31,856 INFO  - My position is not better! (at simulation time 20.000,900,000 s)
2024-06-03 19:42:31,856 INFO  - Recieve a message from other vehicle (at simulation time 20.001,400,000 s)
2024-06-03 19:42:31,856 INFO  - My position is not better! (at simulation time 20.001,400,000 s)
2024-06-03 19:42:31,857 INFO  - Recieve a message from other vehicle (at simulation time 20.001,900,000 s)
2024-06-03 19:42:31,857 INFO  - I'm in better position but no more hops in message (at simulation time 20.001,900,000 s)
2024-06-03 19:42:31,857 INFO  - Recieve a message from other vehicle (at simulation time 20.002,300,000 s)
2024-06-03 19:42:31,857 INFO  - I'm in better position but no more hops in message (at simulation time 20.002,300,000 s)
2024-06-03 19:42:31,858 INFO  - Recieve a message from other vehicle (at simulation time 20.002,400,000 s)
2024-06-03 19:42:31,858 INFO  - My position is not better! (at simulation time 20.002,400,000 s)
2024-06-03 19:42:31,858 INFO  - Recieve a message from other vehicle (at simulation time 20.002,800,000 s)
2024-06-03 19:42:31,858 INFO  - My position is not better! (at simulation time 20.002,800,000 s)
2024-06-03 19:42:31,858 INFO  - Recieve a message from other vehicle (at simulation time 20.004,300,000 s)
2024-06-03 19:42:31,858 INFO  - My position is not better! (at simulation time 20.004,300,000 s)
2024-06-03 19:42:32,098 INFO  - Called #onVehicleUpdated (at simulation time 21.000,000,000 s)
2024-06-03 19:42:32,099 INFO  - Sending out AdHoc broadcast (at simulation time 21.000,000,000 s)
2024-06-03 19:42:32,099 INFO  - Sending out AdHoc broadcast (at simulation time 21.000,000,000 s)
2024-06-03 19:42:32,099 INFO  - Sending out AdHoc broadcast (at simulation time 21.000,000,000 s)
2024-06-03 19:42:32,099 INFO  - Sending out AdHoc broadcast (at simulation time 21.000,000,000 s)
2024-06-03 19:42:32,101 INFO  - Recieve a message from other vehicle (at simulation time 21.000,900,000 s)
2024-06-03 19:42:32,101 INFO  - Recending a message from other vehicle (at simulation time 21.000,900,000 s)
2024-06-03 19:42:32,101 INFO  - Recieve a message from other vehicle (at simulation time 21.000,900,000 s)
2024-06-03 19:42:32,101 INFO  - My position is not better! (at simulation time 21.000,900,000 s)
2024-06-03 19:42:32,102 INFO  - Recieve a message from other vehicle (at simulation time 21.001,300,000 s)
2024-06-03 19:42:32,102 INFO  - I'm in better position but no more hops in message (at simulation time 21.001,300,000 s)
2024-06-03 19:42:32,102 INFO  - Recieve a message from other vehicle (at simulation time 21.001,900,000 s)
2024-06-03 19:42:32,102 INFO  - I'm in better position but no more hops in message (at simulation time 21.001,900,000 s)
2024-06-03 19:42:32,350 INFO  - Called #onVehicleUpdated (at simulation time 22.000,000,000 s)
2024-06-03 19:42:32,350 INFO  - Sending out AdHoc broadcast (at simulation time 22.000,000,000 s)
2024-06-03 19:42:32,350 INFO  - Sending out AdHoc broadcast (at simulation time 22.000,000,000 s)
2024-06-03 19:42:32,351 INFO  - Sending out AdHoc broadcast (at simulation time 22.000,000,000 s)
2024-06-03 19:42:32,354 INFO  - Recieve a message from other vehicle (at simulation time 22.001,800,000 s)
2024-06-03 19:42:32,354 INFO  - I'm in better position but no more hops in message (at simulation time 22.001,800,000 s)
2024-06-03 19:42:32,354 INFO  - Recieve a message from other vehicle (at simulation time 22.001,800,000 s)
2024-06-03 19:42:32,354 INFO  - I'm in better position but no more hops in message (at simulation time 22.001,800,000 s)
2024-06-03 19:42:32,354 INFO  - Recieve a message from other vehicle (at simulation time 22.001,900,000 s)
2024-06-03 19:42:32,354 INFO  - Recending a message from other vehicle (at simulation time 22.001,900,000 s)
2024-06-03 19:42:32,354 INFO  - Recieve a message from other vehicle (at simulation time 22.001,900,000 s)
2024-06-03 19:42:32,354 INFO  - I'm in better position but no more hops in message (at simulation time 22.001,900,000 s)
2024-06-03 19:42:32,355 INFO  - Recieve a message from other vehicle (at simulation time 22.002,400,000 s)
2024-06-03 19:42:32,355 INFO  - I'm in better position but no more hops in message (at simulation time 22.002,400,000 s)
2024-06-03 19:42:32,355 INFO  - Recieve a message from other vehicle (at simulation time 22.002,400,000 s)
2024-06-03 19:42:32,355 INFO  - I'm in better position but no more hops in message (at simulation time 22.002,400,000 s)
2024-06-03 19:42:32,355 INFO  - Recieve a message from other vehicle (at simulation time 22.003,300,000 s)
2024-06-03 19:42:32,355 INFO  - I'm in better position but no more hops in message (at simulation time 22.003,300,000 s)
2024-06-03 19:42:32,600 INFO  - Called #onVehicleUpdated (at simulation time 23.000,000,000 s)
2024-06-03 19:42:32,600 INFO  - Sending out AdHoc broadcast (at simulation time 23.000,000,000 s)
2024-06-03 19:42:32,600 INFO  - Sending out AdHoc broadcast (at simulation time 23.000,000,000 s)
2024-06-03 19:42:32,600 INFO  - Sending out AdHoc broadcast (at simulation time 23.000,000,000 s)
2024-06-03 19:42:32,601 INFO  - Sending out AdHoc broadcast (at simulation time 23.000,000,000 s)
2024-06-03 19:42:32,603 INFO  - Recieve a message from other vehicle (at simulation time 23.001,400,000 s)
2024-06-03 19:42:32,603 INFO  - My position is not better! (at simulation time 23.001,400,000 s)
2024-06-03 19:42:32,604 INFO  - Recieve a message from other vehicle (at simulation time 23.002,300,000 s)
2024-06-03 19:42:32,604 INFO  - I'm in better position but no more hops in message (at simulation time 23.002,300,000 s)
2024-06-03 19:42:32,605 INFO  - Recieve a message from other vehicle (at simulation time 23.002,400,000 s)
2024-06-03 19:42:32,605 INFO  - I'm in better position but no more hops in message (at simulation time 23.002,400,000 s)
2024-06-03 19:42:32,605 INFO  - Recieve a message from other vehicle (at simulation time 23.003,300,000 s)
2024-06-03 19:42:32,605 INFO  - My position is not better! (at simulation time 23.003,300,000 s)
2024-06-03 19:42:32,605 INFO  - Recieve a message from other vehicle (at simulation time 23.003,800,000 s)
2024-06-03 19:42:32,605 INFO  - My position is not better! (at simulation time 23.003,800,000 s)
2024-06-03 19:42:32,605 INFO  - Recieve a message from other vehicle (at simulation time 23.003,800,000 s)
2024-06-03 19:42:32,605 INFO  - My position is not better! (at simulation time 23.003,800,000 s)
2024-06-03 19:42:32,605 INFO  - Recieve a message from other vehicle (at simulation time 23.003,800,000 s)
2024-06-03 19:42:32,605 INFO  - My position is not better! (at simulation time 23.003,800,000 s)
2024-06-03 19:42:32,849 INFO  - Called #onVehicleUpdated (at simulation time 24.000,000,000 s)
2024-06-03 19:42:32,850 INFO  - Sending out AdHoc broadcast (at simulation time 24.000,000,000 s)
2024-06-03 19:42:32,850 INFO  - Sending out AdHoc broadcast (at simulation time 24.000,000,000 s)
2024-06-03 19:42:32,850 INFO  - Sending out AdHoc broadcast (at simulation time 24.000,000,000 s)
2024-06-03 19:42:32,851 INFO  - Recieve a message from other vehicle (at simulation time 24.000,400,000 s)
2024-06-03 19:42:32,851 INFO  - Recending a message from other vehicle (at simulation time 24.000,400,000 s)
2024-06-03 19:42:32,852 INFO  - Recieve a message from other vehicle (at simulation time 24.001,900,000 s)
2024-06-03 19:42:32,852 INFO  - I'm in better position but no more hops in message (at simulation time 24.001,900,000 s)
2024-06-03 19:42:32,853 INFO  - Recieve a message from other vehicle (at simulation time 24.002,400,000 s)
2024-06-03 19:42:32,853 INFO  - I'm in better position but no more hops in message (at simulation time 24.002,400,000 s)
2024-06-03 19:42:32,853 INFO  - Recieve a message from other vehicle (at simulation time 24.003,300,000 s)
2024-06-03 19:42:32,853 INFO  - I'm in better position but no more hops in message (at simulation time 24.003,300,000 s)
2024-06-03 19:42:32,853 INFO  - Recieve a message from other vehicle (at simulation time 24.003,300,000 s)
2024-06-03 19:42:32,853 INFO  - I'm in better position but no more hops in message (at simulation time 24.003,300,000 s)
2024-06-03 19:42:33,099 INFO  - Called #onVehicleUpdated (at simulation time 25.000,000,000 s)
2024-06-03 19:42:33,100 INFO  - Sending out AdHoc broadcast (at simulation time 25.000,000,000 s)
2024-06-03 19:42:33,100 INFO  - Sending out AdHoc broadcast (at simulation time 25.000,000,000 s)
2024-06-03 19:42:33,100 INFO  - Sending out AdHoc broadcast (at simulation time 25.000,000,000 s)
2024-06-03 19:42:33,100 INFO  - Sending out AdHoc broadcast (at simulation time 25.000,000,000 s)
2024-06-03 19:42:33,100 INFO  - Recieve a message from other vehicle (at simulation time 25.000,900,000 s)
2024-06-03 19:42:33,100 INFO  - Recending a message from other vehicle (at simulation time 25.000,900,000 s)
2024-06-03 19:42:33,350 INFO  - Called #onVehicleUpdated (at simulation time 26.000,000,000 s)
2024-06-03 19:42:33,350 INFO  - Sending out AdHoc broadcast (at simulation time 26.000,000,000 s)
2024-06-03 19:42:33,350 INFO  - Sending out AdHoc broadcast (at simulation time 26.000,000,000 s)
2024-06-03 19:42:33,351 INFO  - Sending out AdHoc broadcast (at simulation time 26.000,000,000 s)
2024-06-03 19:42:33,600 INFO  - Called #onVehicleUpdated (at simulation time 27.000,000,000 s)
2024-06-03 19:42:33,600 INFO  - Sending out AdHoc broadcast (at simulation time 27.000,000,000 s)
2024-06-03 19:42:33,600 INFO  - Sending out AdHoc broadcast (at simulation time 27.000,000,000 s)
2024-06-03 19:42:33,601 INFO  - Sending out AdHoc broadcast (at simulation time 27.000,000,000 s)
2024-06-03 19:42:33,601 INFO  - Sending out AdHoc broadcast (at simulation time 27.000,000,000 s)
2024-06-03 19:42:33,850 INFO  - Called #onVehicleUpdated (at simulation time 28.000,000,000 s)
2024-06-03 19:42:33,851 INFO  - Sending out AdHoc broadcast (at simulation time 28.000,000,000 s)
2024-06-03 19:42:33,851 INFO  - Sending out AdHoc broadcast (at simulation time 28.000,000,000 s)
2024-06-03 19:42:33,851 INFO  - Sending out AdHoc broadcast (at simulation time 28.000,000,000 s)
2024-06-03 19:42:34,100 INFO  - Called #onVehicleUpdated (at simulation time 29.000,000,000 s)
2024-06-03 19:42:34,100 INFO  - Exced velocity! Sending new CAM (at simulation time 29.000,000,000 s)
2024-06-03 19:42:34,100 INFO  - Sending out AdHoc broadcast (at simulation time 29.000,000,000 s)
2024-06-03 19:42:34,100 INFO  - Sending out AdHoc broadcast (at simulation time 29.000,000,000 s)
2024-06-03 19:42:34,100 INFO  - Sending out AdHoc broadcast (at simulation time 29.000,000,000 s)
2024-06-03 19:42:34,100 INFO  - Sending out AdHoc broadcast (at simulation time 29.000,000,000 s)
2024-06-03 19:42:34,100 INFO  - Sending out AdHoc broadcast (at simulation time 29.000,000,000 s)
2024-06-03 19:42:34,352 INFO  - Called #onVehicleUpdated (at simulation time 30.000,000,000 s)
2024-06-03 19:42:34,352 INFO  - Exced velocity! Sending new CAM (at simulation time 30.000,000,000 s)
2024-06-03 19:42:34,352 INFO  - Sending out AdHoc broadcast (at simulation time 30.000,000,000 s)
2024-06-03 19:42:34,353 INFO  - Sending out AdHoc broadcast (at simulation time 30.000,000,000 s)
2024-06-03 19:42:34,353 INFO  - Sending out AdHoc broadcast (at simulation time 30.000,000,000 s)
2024-06-03 19:42:34,353 INFO  - Sending out AdHoc broadcast (at simulation time 30.000,000,000 s)
2024-06-03 19:42:34,600 INFO  - Called #onVehicleUpdated (at simulation time 31.000,000,000 s)
2024-06-03 19:42:34,600 INFO  - Exced velocity! Sending new CAM (at simulation time 31.000,000,000 s)
2024-06-03 19:42:34,601 INFO  - Sending out AdHoc broadcast (at simulation time 31.000,000,000 s)
2024-06-03 19:42:34,601 INFO  - Sending out AdHoc broadcast (at simulation time 31.000,000,000 s)
2024-06-03 19:42:34,601 INFO  - Sending out AdHoc broadcast (at simulation time 31.000,000,000 s)
2024-06-03 19:42:34,601 INFO  - Sending out AdHoc broadcast (at simulation time 31.000,000,000 s)
2024-06-03 19:42:34,601 INFO  - Sending out AdHoc broadcast (at simulation time 31.000,000,000 s)
2024-06-03 19:42:34,601 INFO  - Sending out AdHoc broadcast (at simulation time 31.000,000,000 s)
2024-06-03 19:42:34,850 INFO  - Called #onVehicleUpdated (at simulation time 32.000,000,000 s)
2024-06-03 19:42:34,850 INFO  - Exced velocity! Sending new CAM (at simulation time 32.000,000,000 s)
2024-06-03 19:42:34,851 INFO  - Sending out AdHoc broadcast (at simulation time 32.000,000,000 s)
2024-06-03 19:42:34,851 INFO  - Sending out AdHoc broadcast (at simulation time 32.000,000,000 s)
2024-06-03 19:42:34,851 INFO  - Sending out AdHoc broadcast (at simulation time 32.000,000,000 s)
2024-06-03 19:42:34,851 INFO  - Sending out AdHoc broadcast (at simulation time 32.000,000,000 s)
2024-06-03 19:42:34,851 INFO  - Sending out AdHoc broadcast (at simulation time 32.000,000,000 s)
2024-06-03 19:42:35,100 INFO  - Shutdown (at simulation time 33.000,000,000 s)
