2024-06-03 19:39:56,262 INFO  - Initialize Vehicle application (at simulation time 6.000,000,000 s)
2024-06-03 19:39:56,266 INFO  - Activated WLAN Module (at simulation time 6.000,000,000 s)
2024-06-03 19:39:56,272 INFO  - Called #onVehicleUpdated (at simulation time 6.000,000,000 s)
2024-06-03 19:39:56,272 INFO  - Exced velocity! Sending new CAM (at simulation time 6.000,000,000 s)
2024-06-03 19:39:56,273 INFO  - Sending out AdHoc broadcast (at simulation time 6.000,000,000 s)
2024-06-03 19:39:56,610 INFO  - Called #onVehicleUpdated (at simulation time 7.000,000,000 s)
2024-06-03 19:39:56,613 INFO  - Define the name: veh_1 and route: r_2 (at simulation time 7.000,000,000 s)
2024-06-03 19:39:56,614 INFO  - Sending out AdHoc broadcast (at simulation time 7.000,000,000 s)
2024-06-03 19:39:56,955 INFO  - Called #onVehicleUpdated (at simulation time 8.000,000,000 s)
2024-06-03 19:39:56,958 INFO  - Sending out AdHoc broadcast (at simulation time 8.000,000,000 s)
2024-06-03 19:39:56,965 INFO  - Recieve a message from other vehicle (at simulation time 8.001,400,000 s)
2024-06-03 19:39:56,965 INFO  - Recending a message from other vehicle (at simulation time 8.001,400,000 s)
2024-06-03 19:39:57,304 INFO  - Called #onVehicleUpdated (at simulation time 9.000,000,000 s)
2024-06-03 19:39:57,309 INFO  - Sending out AdHoc broadcast (at simulation time 9.000,000,000 s)
2024-06-03 19:39:57,667 INFO  - Called #onVehicleUpdated (at simulation time 10.000,000,000 s)
2024-06-03 19:39:57,668 INFO  - Sending out AdHoc broadcast (at simulation time 10.000,000,000 s)
2024-06-03 19:39:57,670 INFO  - Recieve a message from other vehicle (at simulation time 10.000,400,000 s)
2024-06-03 19:39:57,671 INFO  - Recending a message from other vehicle (at simulation time 10.000,400,000 s)
2024-06-03 19:39:58,004 INFO  - Called #onVehicleUpdated (at simulation time 11.000,000,000 s)
2024-06-03 19:39:58,010 INFO  - Sending out AdHoc broadcast (at simulation time 11.000,000,000 s)
2024-06-03 19:39:58,354 INFO  - Called #onVehicleUpdated (at simulation time 12.000,000,000 s)
2024-06-03 19:39:58,358 INFO  - Sending out AdHoc broadcast (at simulation time 12.000,000,000 s)
2024-06-03 19:39:58,367 INFO  - Recieve a message from other vehicle (at simulation time 12.000,900,000 s)
2024-06-03 19:39:58,368 INFO  - Recending a message from other vehicle (at simulation time 12.000,900,000 s)
2024-06-03 19:39:58,705 INFO  - Called #onVehicleUpdated (at simulation time 13.000,000,000 s)
2024-06-03 19:39:58,710 INFO  - Sending out AdHoc broadcast (at simulation time 13.000,000,000 s)
2024-06-03 19:39:58,717 INFO  - Recieve a message from other vehicle (at simulation time 13.000,400,000 s)
2024-06-03 19:39:58,717 INFO  - My position is not better! (at simulation time 13.000,400,000 s)
2024-06-03 19:39:58,721 INFO  - Recieve a message from other vehicle (at simulation time 13.000,900,000 s)
2024-06-03 19:39:58,721 INFO  - My position is not better! (at simulation time 13.000,900,000 s)
2024-06-03 19:39:58,722 INFO  - Recieve a message from other vehicle (at simulation time 13.000,900,000 s)
2024-06-03 19:39:58,722 INFO  - I'm in better position but no more hops in message (at simulation time 13.000,900,000 s)
2024-06-03 19:39:58,725 INFO  - Recieve a message from other vehicle (at simulation time 13.001,400,000 s)
2024-06-03 19:39:58,725 INFO  - My position is not better! (at simulation time 13.001,400,000 s)
2024-06-03 19:39:58,725 INFO  - Recieve a message from other vehicle (at simulation time 13.001,400,000 s)
2024-06-03 19:39:58,725 INFO  - My position is not better! (at simulation time 13.001,400,000 s)
2024-06-03 19:39:58,726 INFO  - Recieve a message from other vehicle (at simulation time 13.001,400,000 s)
2024-06-03 19:39:58,726 INFO  - My position is not better! (at simulation time 13.001,400,000 s)
2024-06-03 19:39:58,726 INFO  - Recieve a message from other vehicle (at simulation time 13.001,400,000 s)
2024-06-03 19:39:58,726 INFO  - My position is not better! (at simulation time 13.001,400,000 s)
2024-06-03 19:39:58,728 INFO  - Recieve a message from other vehicle (at simulation time 13.001,900,000 s)
2024-06-03 19:39:58,728 INFO  - My position is not better! (at simulation time 13.001,900,000 s)
2024-06-03 19:39:58,728 INFO  - Recieve a message from other vehicle (at simulation time 13.001,900,000 s)
2024-06-03 19:39:58,728 INFO  - My position is not better! (at simulation time 13.001,900,000 s)
2024-06-03 19:39:58,730 INFO  - Recieve a message from other vehicle (at simulation time 13.002,300,000 s)
2024-06-03 19:39:58,730 INFO  - My position is not better! (at simulation time 13.002,300,000 s)
2024-06-03 19:39:58,730 INFO  - Recieve a message from other vehicle (at simulation time 13.002,300,000 s)
2024-06-03 19:39:58,730 INFO  - My position is not better! (at simulation time 13.002,300,000 s)
2024-06-03 19:39:58,733 INFO  - Recieve a message from other vehicle (at simulation time 13.002,800,000 s)
2024-06-03 19:39:58,733 INFO  - I'm in better position but no more hops in message (at simulation time 13.002,800,000 s)
2024-06-03 19:39:58,734 INFO  - Recieve a message from other vehicle (at simulation time 13.003,300,000 s)
2024-06-03 19:39:58,734 INFO  - I'm in better position but no more hops in message (at simulation time 13.003,300,000 s)
2024-06-03 19:39:58,734 INFO  - Recieve a message from other vehicle (at simulation time 13.003,800,000 s)
2024-06-03 19:39:58,734 INFO  - My position is not better! (at simulation time 13.003,800,000 s)
2024-06-03 19:39:58,734 INFO  - Recieve a message from other vehicle (at simulation time 13.003,800,000 s)
2024-06-03 19:39:58,734 INFO  - My position is not better! (at simulation time 13.003,800,000 s)
2024-06-03 19:39:58,735 INFO  - Recieve a message from other vehicle (at simulation time 13.003,800,000 s)
2024-06-03 19:39:58,735 INFO  - My position is not better! (at simulation time 13.003,800,000 s)
2024-06-03 19:39:59,056 INFO  - Called #onVehicleUpdated (at simulation time 14.000,000,000 s)
2024-06-03 19:39:59,060 INFO  - Sending out AdHoc broadcast (at simulation time 14.000,000,000 s)
2024-06-03 19:39:59,067 INFO  - Recieve a message from other vehicle (at simulation time 14.000,800,000 s)
2024-06-03 19:39:59,067 INFO  - I'm in better position but no more hops in message (at simulation time 14.000,800,000 s)
2024-06-03 19:39:59,069 INFO  - Recieve a message from other vehicle (at simulation time 14.000,900,000 s)
2024-06-03 19:39:59,069 INFO  - My position is not better! (at simulation time 14.000,900,000 s)
2024-06-03 19:39:59,069 INFO  - Recieve a message from other vehicle (at simulation time 14.000,900,000 s)
2024-06-03 19:39:59,069 INFO  - I'm in better position but no more hops in message (at simulation time 14.000,900,000 s)
2024-06-03 19:39:59,069 INFO  - Recieve a message from other vehicle (at simulation time 14.000,900,000 s)
2024-06-03 19:39:59,070 INFO  - Recending a message from other vehicle (at simulation time 14.000,900,000 s)
2024-06-03 19:39:59,072 INFO  - Recieve a message from other vehicle (at simulation time 14.001,400,000 s)
2024-06-03 19:39:59,072 INFO  - I'm in better position but no more hops in message (at simulation time 14.001,400,000 s)
2024-06-03 19:39:59,073 INFO  - Recieve a message from other vehicle (at simulation time 14.001,400,000 s)
2024-06-03 19:39:59,073 INFO  - My position is not better! (at simulation time 14.001,400,000 s)
2024-06-03 19:39:59,073 INFO  - Recieve a message from other vehicle (at simulation time 14.001,400,000 s)
2024-06-03 19:39:59,073 INFO  - I'm in better position but no more hops in message (at simulation time 14.001,400,000 s)
2024-06-03 19:39:59,075 INFO  - Recieve a message from other vehicle (at simulation time 14.001,800,000 s)
2024-06-03 19:39:59,076 INFO  - I'm in better position but no more hops in message (at simulation time 14.001,800,000 s)
2024-06-03 19:39:59,076 INFO  - Recieve a message from other vehicle (at simulation time 14.001,900,000 s)
2024-06-03 19:39:59,076 INFO  - I'm in better position but no more hops in message (at simulation time 14.001,900,000 s)
2024-06-03 19:39:59,078 INFO  - Recieve a message from other vehicle (at simulation time 14.001,900,000 s)
2024-06-03 19:39:59,078 INFO  - I'm in better position but no more hops in message (at simulation time 14.001,900,000 s)
2024-06-03 19:39:59,079 INFO  - Recieve a message from other vehicle (at simulation time 14.002,300,000 s)
2024-06-03 19:39:59,079 INFO  - I'm in better position but no more hops in message (at simulation time 14.002,300,000 s)
2024-06-03 19:39:59,080 INFO  - Recieve a message from other vehicle (at simulation time 14.002,400,000 s)
2024-06-03 19:39:59,080 INFO  - My position is not better! (at simulation time 14.002,400,000 s)
2024-06-03 19:39:59,082 INFO  - Recieve a message from other vehicle (at simulation time 14.003,300,000 s)
2024-06-03 19:39:59,082 INFO  - I'm in better position but no more hops in message (at simulation time 14.003,300,000 s)
2024-06-03 19:39:59,082 INFO  - Recieve a message from other vehicle (at simulation time 14.003,300,000 s)
2024-06-03 19:39:59,082 INFO  - I'm in better position but no more hops in message (at simulation time 14.003,300,000 s)
2024-06-03 19:39:59,082 INFO  - Recieve a message from other vehicle (at simulation time 14.003,300,000 s)
2024-06-03 19:39:59,083 INFO  - My position is not better! (at simulation time 14.003,300,000 s)
2024-06-03 19:39:59,411 INFO  - Called #onVehicleUpdated (at simulation time 15.000,000,000 s)
2024-06-03 19:39:59,412 INFO  - Sending out DENM broadcast (at simulation time 15.000,000,000 s)
2024-06-03 19:39:59,413 INFO  - Sending out AdHoc broadcast (at simulation time 15.000,000,000 s)
2024-06-03 19:39:59,416 INFO  - Recieve a message from other vehicle (at simulation time 15.000,400,000 s)
2024-06-03 19:39:59,416 INFO  - DENM message Recived from veh_0 -info : piso-molhado (at simulation time 15.000,400,000 s)
2024-06-03 19:39:59,416 INFO  - I slow down due to road state (at simulation time 15.000,400,000 s)
2024-06-03 19:39:59,416 INFO  - Recending a DENM message from other vehicle (at simulation time 15.000,400,000 s)
2024-06-03 19:39:59,417 INFO  - Recieve a message from other vehicle (at simulation time 15.000,400,000 s)
2024-06-03 19:39:59,417 INFO  - DENM message Recived from veh_3 -info : seco (at simulation time 15.000,400,000 s)
2024-06-03 19:39:59,417 INFO  - No more hops in DENM message (at simulation time 15.000,400,000 s)
2024-06-03 19:39:59,418 INFO  - Recieve a message from other vehicle (at simulation time 15.000,400,000 s)
2024-06-03 19:39:59,418 INFO  - I'm in better position but no more hops in message (at simulation time 15.000,400,000 s)
2024-06-03 19:39:59,418 INFO  - Recieve a message from other vehicle (at simulation time 15.000,400,000 s)
2024-06-03 19:39:59,418 INFO  - I'm in better position but no more hops in message (at simulation time 15.000,400,000 s)
2024-06-03 19:39:59,419 INFO  - Recieve a message from other vehicle (at simulation time 15.000,400,000 s)
2024-06-03 19:39:59,419 INFO  - I'm in better position but no more hops in message (at simulation time 15.000,400,000 s)
2024-06-03 19:39:59,421 INFO  - Recieve a message from other vehicle (at simulation time 15.000,800,000 s)
2024-06-03 19:39:59,421 INFO  - DENM message Recived from veh_1 -info : seco (at simulation time 15.000,800,000 s)
2024-06-03 19:39:59,421 INFO  - No more hops in DENM message (at simulation time 15.000,800,000 s)
2024-06-03 19:39:59,421 INFO  - Recieve a message from other vehicle (at simulation time 15.000,800,000 s)
2024-06-03 19:39:59,421 INFO  - DENM message Recived from veh_3 -info : seco (at simulation time 15.000,800,000 s)
2024-06-03 19:39:59,421 INFO  - No more hops in DENM message (at simulation time 15.000,800,000 s)
2024-06-03 19:39:59,421 INFO  - Recieve a message from other vehicle (at simulation time 15.000,800,000 s)
2024-06-03 19:39:59,421 INFO  - DENM message Recived from veh_5 -info : seco (at simulation time 15.000,800,000 s)
2024-06-03 19:39:59,421 INFO  - No more hops in DENM message (at simulation time 15.000,800,000 s)
2024-06-03 19:39:59,422 INFO  - Recieve a message from other vehicle (at simulation time 15.000,800,000 s)
2024-06-03 19:39:59,422 INFO  - I'm in better position but no more hops in message (at simulation time 15.000,800,000 s)
2024-06-03 19:39:59,423 INFO  - Recieve a message from other vehicle (at simulation time 15.000,900,000 s)
2024-06-03 19:39:59,423 INFO  - DENM message Recived from veh_5 -info : seco (at simulation time 15.000,900,000 s)
2024-06-03 19:39:59,423 INFO  - No more hops in DENM message (at simulation time 15.000,900,000 s)
2024-06-03 19:39:59,423 INFO  - Recieve a message from other vehicle (at simulation time 15.000,900,000 s)
2024-06-03 19:39:59,423 INFO  - I'm in better position but no more hops in message (at simulation time 15.000,900,000 s)
2024-06-03 19:39:59,423 INFO  - Recieve a message from other vehicle (at simulation time 15.000,900,000 s)
2024-06-03 19:39:59,423 INFO  - I'm in better position but no more hops in message (at simulation time 15.000,900,000 s)
2024-06-03 19:39:59,426 INFO  - Recieve a message from other vehicle (at simulation time 15.001,300,000 s)
2024-06-03 19:39:59,426 INFO  - I'm in better position but no more hops in message (at simulation time 15.001,300,000 s)
2024-06-03 19:39:59,428 INFO  - Recieve a message from other vehicle (at simulation time 15.001,400,000 s)
2024-06-03 19:39:59,428 INFO  - I'm in better position but no more hops in message (at simulation time 15.001,400,000 s)
2024-06-03 19:39:59,429 INFO  - Recieve a message from other vehicle (at simulation time 15.001,400,000 s)
2024-06-03 19:39:59,429 INFO  - I'm in better position but no more hops in message (at simulation time 15.001,400,000 s)
2024-06-03 19:39:59,430 INFO  - Recieve a message from other vehicle (at simulation time 15.001,800,000 s)
2024-06-03 19:39:59,430 INFO  - I'm in better position but no more hops in message (at simulation time 15.001,800,000 s)
2024-06-03 19:39:59,430 INFO  - Recieve a message from other vehicle (at simulation time 15.001,800,000 s)
2024-06-03 19:39:59,430 INFO  - I'm in better position but no more hops in message (at simulation time 15.001,800,000 s)
2024-06-03 19:39:59,431 INFO  - Recieve a message from other vehicle (at simulation time 15.001,900,000 s)
2024-06-03 19:39:59,431 INFO  - I'm in better position but no more hops in message (at simulation time 15.001,900,000 s)
2024-06-03 19:39:59,436 INFO  - Recieve a message from other vehicle (at simulation time 15.002,400,000 s)
2024-06-03 19:39:59,436 INFO  - I'm in better position but no more hops in message (at simulation time 15.002,400,000 s)
2024-06-03 19:39:59,436 INFO  - Recieve a message from other vehicle (at simulation time 15.002,400,000 s)
2024-06-03 19:39:59,436 INFO  - I'm in better position but no more hops in message (at simulation time 15.002,400,000 s)
2024-06-03 19:39:59,438 INFO  - Recieve a message from other vehicle (at simulation time 15.002,800,000 s)
2024-06-03 19:39:59,438 INFO  - I'm in better position but no more hops in message (at simulation time 15.002,800,000 s)
2024-06-03 19:39:59,440 INFO  - Recieve a message from other vehicle (at simulation time 15.004,300,000 s)
2024-06-03 19:39:59,440 INFO  - I'm in better position but no more hops in message (at simulation time 15.004,300,000 s)
2024-06-03 19:39:59,757 INFO  - Called #onVehicleUpdated (at simulation time 16.000,000,000 s)
2024-06-03 19:39:59,759 INFO  - Sending out AdHoc broadcast (at simulation time 16.000,000,000 s)
2024-06-03 19:39:59,764 INFO  - Recieve a message from other vehicle (at simulation time 16.000,400,000 s)
2024-06-03 19:39:59,764 INFO  - I'm in better position but no more hops in message (at simulation time 16.000,400,000 s)
2024-06-03 19:39:59,764 INFO  - Recieve a message from other vehicle (at simulation time 16.000,400,000 s)
2024-06-03 19:39:59,764 INFO  - I'm in better position but no more hops in message (at simulation time 16.000,400,000 s)
2024-06-03 19:39:59,767 INFO  - Recieve a message from other vehicle (at simulation time 16.000,900,000 s)
2024-06-03 19:39:59,767 INFO  - DENM message Recived from veh_2 -info : seco (at simulation time 16.000,900,000 s)
2024-06-03 19:39:59,767 INFO  - No more hops in DENM message (at simulation time 16.000,900,000 s)
2024-06-03 19:39:59,768 INFO  - Recieve a message from other vehicle (at simulation time 16.000,900,000 s)
2024-06-03 19:39:59,768 INFO  - I'm in better position but no more hops in message (at simulation time 16.000,900,000 s)
2024-06-03 19:39:59,768 INFO  - Recieve a message from other vehicle (at simulation time 16.000,900,000 s)
2024-06-03 19:39:59,768 INFO  - I'm in better position but no more hops in message (at simulation time 16.000,900,000 s)
2024-06-03 19:39:59,770 INFO  - Recieve a message from other vehicle (at simulation time 16.001,400,000 s)
2024-06-03 19:39:59,770 INFO  - DENM message Recived from veh_4 -info : nevoeiro (at simulation time 16.001,400,000 s)
2024-06-03 19:39:59,770 INFO  - No more hops in DENM message (at simulation time 16.001,400,000 s)
2024-06-03 19:39:59,770 INFO  - Recieve a message from other vehicle (at simulation time 16.001,400,000 s)
2024-06-03 19:39:59,770 INFO  - Recending a message from other vehicle (at simulation time 16.001,400,000 s)
2024-06-03 19:39:59,771 INFO  - Recieve a message from other vehicle (at simulation time 16.001,400,000 s)
2024-06-03 19:39:59,771 INFO  - I'm in better position but no more hops in message (at simulation time 16.001,400,000 s)
2024-06-03 19:39:59,771 INFO  - Recieve a message from other vehicle (at simulation time 16.001,400,000 s)
2024-06-03 19:39:59,771 INFO  - I'm in better position but no more hops in message (at simulation time 16.001,400,000 s)
2024-06-03 19:39:59,771 INFO  - Recieve a message from other vehicle (at simulation time 16.001,400,000 s)
2024-06-03 19:39:59,771 INFO  - I'm in better position but no more hops in message (at simulation time 16.001,400,000 s)
2024-06-03 19:39:59,772 INFO  - Recieve a message from other vehicle (at simulation time 16.001,800,000 s)
2024-06-03 19:39:59,772 INFO  - I'm in better position but no more hops in message (at simulation time 16.001,800,000 s)
2024-06-03 19:39:59,772 INFO  - Recieve a message from other vehicle (at simulation time 16.001,800,000 s)
2024-06-03 19:39:59,772 INFO  - DENM message Recived from veh_2 -info : seco (at simulation time 16.001,800,000 s)
2024-06-03 19:39:59,772 INFO  - No more hops in DENM message (at simulation time 16.001,800,000 s)
2024-06-03 19:39:59,772 INFO  - Recieve a message from other vehicle (at simulation time 16.001,800,000 s)
2024-06-03 19:39:59,772 INFO  - DENM message Recived from veh_4 -info : nevoeiro (at simulation time 16.001,800,000 s)
2024-06-03 19:39:59,772 INFO  - No more hops in DENM message (at simulation time 16.001,800,000 s)
2024-06-03 19:39:59,772 INFO  - Recieve a message from other vehicle (at simulation time 16.001,800,000 s)
2024-06-03 19:39:59,772 INFO  - I'm in better position but no more hops in message (at simulation time 16.001,800,000 s)
2024-06-03 19:39:59,774 INFO  - Recieve a message from other vehicle (at simulation time 16.002,300,000 s)
2024-06-03 19:39:59,774 INFO  - I'm in better position but no more hops in message (at simulation time 16.002,300,000 s)
2024-06-03 19:39:59,775 INFO  - Recieve a message from other vehicle (at simulation time 16.002,400,000 s)
2024-06-03 19:39:59,775 INFO  - Recending a message from other vehicle (at simulation time 16.002,400,000 s)
2024-06-03 19:39:59,775 INFO  - Recieve a message from other vehicle (at simulation time 16.002,800,000 s)
2024-06-03 19:39:59,775 INFO  - I'm in better position but no more hops in message (at simulation time 16.002,800,000 s)
2024-06-03 19:40:00,106 INFO  - Called #onVehicleUpdated (at simulation time 17.000,000,000 s)
2024-06-03 19:40:00,109 INFO  - Sending out AdHoc broadcast (at simulation time 17.000,000,000 s)
2024-06-03 19:40:00,112 INFO  - Recieve a message from other vehicle (at simulation time 17.000,400,000 s)
2024-06-03 19:40:00,112 INFO  - I'm in better position but no more hops in message (at simulation time 17.000,400,000 s)
2024-06-03 19:40:00,113 INFO  - Recieve a message from other vehicle (at simulation time 17.000,400,000 s)
2024-06-03 19:40:00,113 INFO  - My position is not better! (at simulation time 17.000,400,000 s)
2024-06-03 19:40:00,115 INFO  - Recieve a message from other vehicle (at simulation time 17.000,800,000 s)
2024-06-03 19:40:00,115 INFO  - I'm in better position but no more hops in message (at simulation time 17.000,800,000 s)
2024-06-03 19:40:00,117 INFO  - Recieve a message from other vehicle (at simulation time 17.000,900,000 s)
2024-06-03 19:40:00,117 INFO  - I'm in better position but no more hops in message (at simulation time 17.000,900,000 s)
2024-06-03 19:40:00,117 INFO  - Recieve a message from other vehicle (at simulation time 17.000,900,000 s)
2024-06-03 19:40:00,117 INFO  - My position is not better! (at simulation time 17.000,900,000 s)
2024-06-03 19:40:00,118 INFO  - Recieve a message from other vehicle (at simulation time 17.001,300,000 s)
2024-06-03 19:40:00,118 INFO  - I'm in better position but no more hops in message (at simulation time 17.001,300,000 s)
2024-06-03 19:40:00,118 INFO  - Recieve a message from other vehicle (at simulation time 17.001,400,000 s)
2024-06-03 19:40:00,119 INFO  - I'm in better position but no more hops in message (at simulation time 17.001,400,000 s)
2024-06-03 19:40:00,119 INFO  - Recieve a message from other vehicle (at simulation time 17.001,400,000 s)
2024-06-03 19:40:00,119 INFO  - I'm in better position but no more hops in message (at simulation time 17.001,400,000 s)
2024-06-03 19:40:00,119 INFO  - Recieve a message from other vehicle (at simulation time 17.001,400,000 s)
2024-06-03 19:40:00,119 INFO  - My position is not better! (at simulation time 17.001,400,000 s)
2024-06-03 19:40:00,120 INFO  - Recieve a message from other vehicle (at simulation time 17.001,800,000 s)
2024-06-03 19:40:00,120 INFO  - I'm in better position but no more hops in message (at simulation time 17.001,800,000 s)
2024-06-03 19:40:00,120 INFO  - Recieve a message from other vehicle (at simulation time 17.001,800,000 s)
2024-06-03 19:40:00,120 INFO  - I'm in better position but no more hops in message (at simulation time 17.001,800,000 s)
2024-06-03 19:40:00,120 INFO  - Recieve a message from other vehicle (at simulation time 17.001,800,000 s)
2024-06-03 19:40:00,120 INFO  - My position is not better! (at simulation time 17.001,800,000 s)
2024-06-03 19:40:00,121 INFO  - Recieve a message from other vehicle (at simulation time 17.001,900,000 s)
2024-06-03 19:40:00,121 INFO  - My position is not better! (at simulation time 17.001,900,000 s)
2024-06-03 19:40:00,122 INFO  - Recieve a message from other vehicle (at simulation time 17.002,400,000 s)
2024-06-03 19:40:00,122 INFO  - My position is not better! (at simulation time 17.002,400,000 s)
2024-06-03 19:40:00,122 INFO  - Recieve a message from other vehicle (at simulation time 17.002,400,000 s)
2024-06-03 19:40:00,122 INFO  - My position is not better! (at simulation time 17.002,400,000 s)
2024-06-03 19:40:00,456 INFO  - Called #onVehicleUpdated (at simulation time 18.000,000,000 s)
2024-06-03 19:40:00,458 INFO  - Sending out AdHoc broadcast (at simulation time 18.000,000,000 s)
2024-06-03 19:40:00,461 INFO  - Recieve a message from RSU (at simulation time 18.000,400,000 s)
2024-06-03 19:40:00,463 INFO  - Recieve a message from other vehicle (at simulation time 18.000,400,000 s)
2024-06-03 19:40:00,463 INFO  - My position is not better! (at simulation time 18.000,400,000 s)
2024-06-03 19:40:00,465 INFO  - Recieve a message from other vehicle (at simulation time 18.000,800,000 s)
2024-06-03 19:40:00,465 INFO  - I'm in better position but no more hops in message (at simulation time 18.000,800,000 s)
2024-06-03 19:40:00,466 INFO  - Recieve a message from other vehicle (at simulation time 18.000,900,000 s)
2024-06-03 19:40:00,466 INFO  - My position is not better! (at simulation time 18.000,900,000 s)
2024-06-03 19:40:00,466 INFO  - Recieve a message from other vehicle (at simulation time 18.001,300,000 s)
2024-06-03 19:40:00,466 INFO  - My position is not better! (at simulation time 18.001,300,000 s)
2024-06-03 19:40:00,467 INFO  - Recieve a message from other vehicle (at simulation time 18.001,400,000 s)
2024-06-03 19:40:00,467 INFO  - My position is not better! (at simulation time 18.001,400,000 s)
2024-06-03 19:40:00,468 INFO  - Recieve a message from other vehicle (at simulation time 18.001,800,000 s)
2024-06-03 19:40:00,468 INFO  - I'm in better position but no more hops in message (at simulation time 18.001,800,000 s)
2024-06-03 19:40:00,469 INFO  - Recieve a message from other vehicle (at simulation time 18.002,300,000 s)
2024-06-03 19:40:00,469 INFO  - My position is not better! (at simulation time 18.002,300,000 s)
2024-06-03 19:40:00,470 INFO  - Recieve a message from other vehicle (at simulation time 18.002,400,000 s)
2024-06-03 19:40:00,470 INFO  - My position is not better! (at simulation time 18.002,400,000 s)
2024-06-03 19:40:00,471 INFO  - Recieve a message from other vehicle (at simulation time 18.002,400,000 s)
2024-06-03 19:40:00,471 INFO  - My position is not better! (at simulation time 18.002,400,000 s)
2024-06-03 19:40:00,471 INFO  - Recieve a message from other vehicle (at simulation time 18.002,400,000 s)
2024-06-03 19:40:00,471 INFO  - My position is not better! (at simulation time 18.002,400,000 s)
2024-06-03 19:40:00,472 INFO  - Recieve a message from other vehicle (at simulation time 18.002,800,000 s)
2024-06-03 19:40:00,472 INFO  - I'm in better position but no more hops in message (at simulation time 18.002,800,000 s)
2024-06-03 19:40:00,472 INFO  - Recieve a message from other vehicle (at simulation time 18.004,300,000 s)
2024-06-03 19:40:00,472 INFO  - My position is not better! (at simulation time 18.004,300,000 s)
2024-06-03 19:40:00,807 INFO  - Called #onVehicleUpdated (at simulation time 19.000,000,000 s)
2024-06-03 19:40:00,809 INFO  - Sending out AdHoc broadcast (at simulation time 19.000,000,000 s)
2024-06-03 19:40:00,811 INFO  - Recieve a message from other vehicle (at simulation time 19.000,400,000 s)
2024-06-03 19:40:00,811 INFO  - My position is not better! (at simulation time 19.000,400,000 s)
2024-06-03 19:40:00,813 INFO  - Recieve a message from other vehicle (at simulation time 19.000,400,000 s)
2024-06-03 19:40:00,813 INFO  - My position is not better! (at simulation time 19.000,400,000 s)
2024-06-03 19:40:00,813 INFO  - Recieve a message from other vehicle (at simulation time 19.000,400,000 s)
2024-06-03 19:40:00,813 INFO  - My position is not better! (at simulation time 19.000,400,000 s)
2024-06-03 19:40:00,814 INFO  - Recieve a message from other vehicle (at simulation time 19.000,800,000 s)
2024-06-03 19:40:00,814 INFO  - I'm in better position but no more hops in message (at simulation time 19.000,800,000 s)
2024-06-03 19:40:00,815 INFO  - Recieve a message from other vehicle (at simulation time 19.000,900,000 s)
2024-06-03 19:40:00,815 INFO  - My position is not better! (at simulation time 19.000,900,000 s)
2024-06-03 19:40:00,816 INFO  - Recieve a message from other vehicle (at simulation time 19.001,300,000 s)
2024-06-03 19:40:00,816 INFO  - My position is not better! (at simulation time 19.001,300,000 s)
2024-06-03 19:40:00,816 INFO  - Recieve a message from other vehicle (at simulation time 19.001,300,000 s)
2024-06-03 19:40:00,816 INFO  - I'm in better position but no more hops in message (at simulation time 19.001,300,000 s)
2024-06-03 19:40:00,818 INFO  - Recieve a message from other vehicle (at simulation time 19.001,900,000 s)
2024-06-03 19:40:00,818 INFO  - My position is not better! (at simulation time 19.001,900,000 s)
2024-06-03 19:40:00,819 INFO  - Recieve a message from other vehicle (at simulation time 19.002,300,000 s)
2024-06-03 19:40:00,819 INFO  - I'm in better position but no more hops in message (at simulation time 19.002,300,000 s)
2024-06-03 19:40:00,820 INFO  - Recieve a message from other vehicle (at simulation time 19.002,400,000 s)
2024-06-03 19:40:00,820 INFO  - My position is not better! (at simulation time 19.002,400,000 s)
2024-06-03 19:40:00,821 INFO  - Recieve a message from other vehicle (at simulation time 19.003,300,000 s)
2024-06-03 19:40:00,821 INFO  - I'm in better position but no more hops in message (at simulation time 19.003,300,000 s)
2024-06-03 19:40:00,821 INFO  - Recieve a message from other vehicle (at simulation time 19.003,300,000 s)
2024-06-03 19:40:00,821 INFO  - My position is not better! (at simulation time 19.003,300,000 s)
2024-06-03 19:40:01,159 INFO  - Called #onVehicleUpdated (at simulation time 20.000,000,000 s)
2024-06-03 19:40:01,160 INFO  - Sending out AdHoc broadcast (at simulation time 20.000,000,000 s)
2024-06-03 19:40:01,162 INFO  - Recieve a message from other vehicle (at simulation time 20.000,400,000 s)
2024-06-03 19:40:01,162 INFO  - My position is not better! (at simulation time 20.000,400,000 s)
2024-06-03 19:40:01,162 INFO  - Recieve a message from other vehicle (at simulation time 20.000,400,000 s)
2024-06-03 19:40:01,162 INFO  - My position is not better! (at simulation time 20.000,400,000 s)
2024-06-03 19:40:01,162 INFO  - Recieve a message from other vehicle (at simulation time 20.000,400,000 s)
2024-06-03 19:40:01,162 INFO  - My position is not better! (at simulation time 20.000,400,000 s)
2024-06-03 19:40:01,162 INFO  - Recieve a message from other vehicle (at simulation time 20.000,800,000 s)
2024-06-03 19:40:01,162 INFO  - My position is not better! (at simulation time 20.000,800,000 s)
2024-06-03 19:40:01,162 INFO  - Recieve a message from other vehicle (at simulation time 20.000,800,000 s)
2024-06-03 19:40:01,162 INFO  - I'm in better position but no more hops in message (at simulation time 20.000,800,000 s)
2024-06-03 19:40:01,163 INFO  - Recieve a message from other vehicle (at simulation time 20.000,900,000 s)
2024-06-03 19:40:01,163 INFO  - My position is not better! (at simulation time 20.000,900,000 s)
2024-06-03 19:40:01,163 INFO  - Recieve a message from other vehicle (at simulation time 20.001,300,000 s)
2024-06-03 19:40:01,164 INFO  - I'm in better position but no more hops in message (at simulation time 20.001,300,000 s)
2024-06-03 19:40:01,164 INFO  - Recieve a message from other vehicle (at simulation time 20.001,400,000 s)
2024-06-03 19:40:01,164 INFO  - My position is not better! (at simulation time 20.001,400,000 s)
2024-06-03 19:40:01,164 INFO  - Recieve a message from other vehicle (at simulation time 20.001,800,000 s)
2024-06-03 19:40:01,164 INFO  - My position is not better! (at simulation time 20.001,800,000 s)
2024-06-03 19:40:01,166 INFO  - Recieve a message from other vehicle (at simulation time 20.002,400,000 s)
2024-06-03 19:40:01,166 INFO  - My position is not better! (at simulation time 20.002,400,000 s)
2024-06-03 19:40:01,166 INFO  - Recieve a message from other vehicle (at simulation time 20.003,300,000 s)
2024-06-03 19:40:01,166 INFO  - My position is not better! (at simulation time 20.003,300,000 s)
2024-06-03 19:40:01,166 INFO  - Recieve a message from other vehicle (at simulation time 20.003,800,000 s)
2024-06-03 19:40:01,166 INFO  - I'm in better position but no more hops in message (at simulation time 20.003,800,000 s)
2024-06-03 19:40:01,507 INFO  - Called #onVehicleUpdated (at simulation time 21.000,000,000 s)
2024-06-03 19:40:01,508 INFO  - Sending out AdHoc broadcast (at simulation time 21.000,000,000 s)
2024-06-03 19:40:01,510 INFO  - Recieve a message from other vehicle (at simulation time 21.000,400,000 s)
2024-06-03 19:40:01,510 INFO  - My position is not better! (at simulation time 21.000,400,000 s)
2024-06-03 19:40:01,510 INFO  - Recieve a message from other vehicle (at simulation time 21.000,800,000 s)
2024-06-03 19:40:01,510 INFO  - My position is not better! (at simulation time 21.000,800,000 s)
2024-06-03 19:40:01,511 INFO  - Recieve a message from other vehicle (at simulation time 21.001,300,000 s)
2024-06-03 19:40:01,511 INFO  - My position is not better! (at simulation time 21.001,300,000 s)
2024-06-03 19:40:01,512 INFO  - Recieve a message from other vehicle (at simulation time 21.002,400,000 s)
2024-06-03 19:40:01,512 INFO  - My position is not better! (at simulation time 21.002,400,000 s)
2024-06-03 19:40:01,512 INFO  - Recieve a message from other vehicle (at simulation time 21.002,400,000 s)
2024-06-03 19:40:01,512 INFO  - My position is not better! (at simulation time 21.002,400,000 s)
2024-06-03 19:40:01,513 INFO  - Recieve a message from other vehicle (at simulation time 21.002,400,000 s)
2024-06-03 19:40:01,513 INFO  - My position is not better! (at simulation time 21.002,400,000 s)
2024-06-03 19:40:01,513 INFO  - Recieve a message from other vehicle (at simulation time 21.002,400,000 s)
2024-06-03 19:40:01,513 INFO  - My position is not better! (at simulation time 21.002,400,000 s)
2024-06-03 19:40:01,513 INFO  - Recieve a message from other vehicle (at simulation time 21.002,400,000 s)
2024-06-03 19:40:01,513 INFO  - My position is not better! (at simulation time 21.002,400,000 s)
2024-06-03 19:40:01,857 INFO  - Called #onVehicleUpdated (at simulation time 22.000,000,000 s)
2024-06-03 19:40:01,858 INFO  - Sending out AdHoc broadcast (at simulation time 22.000,000,000 s)
2024-06-03 19:40:01,859 INFO  - Recieve a message from other vehicle (at simulation time 22.000,400,000 s)
2024-06-03 19:40:01,859 INFO  - My position is not better! (at simulation time 22.000,400,000 s)
2024-06-03 19:40:01,860 INFO  - Recieve a message from other vehicle (at simulation time 22.000,900,000 s)
2024-06-03 19:40:01,860 INFO  - My position is not better! (at simulation time 22.000,900,000 s)
2024-06-03 19:40:01,860 INFO  - Recieve a message from other vehicle (at simulation time 22.001,300,000 s)
2024-06-03 19:40:01,860 INFO  - My position is not better! (at simulation time 22.001,300,000 s)
2024-06-03 19:40:01,860 INFO  - Recieve a message from other vehicle (at simulation time 22.001,400,000 s)
2024-06-03 19:40:01,860 INFO  - My position is not better! (at simulation time 22.001,400,000 s)
2024-06-03 19:40:01,861 INFO  - Recieve a message from other vehicle (at simulation time 22.001,800,000 s)
2024-06-03 19:40:01,861 INFO  - My position is not better! (at simulation time 22.001,800,000 s)
2024-06-03 19:40:01,862 INFO  - Recieve a message from other vehicle (at simulation time 22.002,300,000 s)
2024-06-03 19:40:01,862 INFO  - My position is not better! (at simulation time 22.002,300,000 s)
2024-06-03 19:40:01,862 INFO  - Recieve a message from other vehicle (at simulation time 22.002,300,000 s)
2024-06-03 19:40:01,862 INFO  - My position is not better! (at simulation time 22.002,300,000 s)
2024-06-03 19:40:01,863 INFO  - Recieve a message from other vehicle (at simulation time 22.003,300,000 s)
2024-06-03 19:40:01,863 INFO  - My position is not better! (at simulation time 22.003,300,000 s)
2024-06-03 19:40:01,863 INFO  - Recieve a message from other vehicle (at simulation time 22.003,300,000 s)
2024-06-03 19:40:01,863 INFO  - My position is not better! (at simulation time 22.003,300,000 s)
2024-06-03 19:40:01,864 INFO  - Recieve a message from other vehicle (at simulation time 22.004,300,000 s)
2024-06-03 19:40:01,864 INFO  - My position is not better! (at simulation time 22.004,300,000 s)
2024-06-03 19:40:02,207 INFO  - Called #onVehicleUpdated (at simulation time 23.000,000,000 s)
2024-06-03 19:40:02,208 INFO  - Sending out AdHoc broadcast (at simulation time 23.000,000,000 s)
2024-06-03 19:40:02,210 INFO  - Recieve a message from other vehicle (at simulation time 23.001,400,000 s)
2024-06-03 19:40:02,210 INFO  - My position is not better! (at simulation time 23.001,400,000 s)
2024-06-03 19:40:02,212 INFO  - Recieve a message from other vehicle (at simulation time 23.003,800,000 s)
2024-06-03 19:40:02,212 INFO  - My position is not better! (at simulation time 23.003,800,000 s)
2024-06-03 19:40:02,212 INFO  - Recieve a message from other vehicle (at simulation time 23.003,800,000 s)
2024-06-03 19:40:02,212 INFO  - My position is not better! (at simulation time 23.003,800,000 s)
2024-06-03 19:40:02,557 INFO  - Called #onVehicleUpdated (at simulation time 24.000,000,000 s)
2024-06-03 19:40:02,558 INFO  - Sending out AdHoc broadcast (at simulation time 24.000,000,000 s)
2024-06-03 19:40:02,909 INFO  - Called #onVehicleUpdated (at simulation time 25.000,000,000 s)
2024-06-03 19:40:02,910 INFO  - Sending out AdHoc broadcast (at simulation time 25.000,000,000 s)
2024-06-03 19:40:03,256 INFO  - Called #onVehicleUpdated (at simulation time 26.000,000,000 s)
2024-06-03 19:40:03,258 INFO  - Sending out AdHoc broadcast (at simulation time 26.000,000,000 s)
2024-06-03 19:40:03,607 INFO  - Called #onVehicleUpdated (at simulation time 27.000,000,000 s)
2024-06-03 19:40:03,609 INFO  - Sending out AdHoc broadcast (at simulation time 27.000,000,000 s)
2024-06-03 19:40:03,956 INFO  - Called #onVehicleUpdated (at simulation time 28.000,000,000 s)
2024-06-03 19:40:03,958 INFO  - Sending out AdHoc broadcast (at simulation time 28.000,000,000 s)
2024-06-03 19:40:04,307 INFO  - Shutdown (at simulation time 29.000,000,000 s)
