2024-06-03 19:50:57,002 INFO  - Initialize Vehicle application (at simulation time 294.000,000,000 s)
2024-06-03 19:50:57,003 INFO  - Activated WLAN Module (at simulation time 294.000,000,000 s)
2024-06-03 19:50:57,004 INFO  - Called #onVehicleUpdated (at simulation time 294.000,000,000 s)
2024-06-03 19:50:57,004 INFO  - Exced velocity! Sending new CAM (at simulation time 294.000,000,000 s)
2024-06-03 19:50:57,004 INFO  - Sending out AdHoc broadcast (at simulation time 294.000,000,000 s)
2024-06-03 19:50:57,009 INFO  - Called #onVehicleUpdated (at simulation time 295.000,000,000 s)
2024-06-03 19:50:57,009 INFO  - Define the name: veh_49 and route: r_2 (at simulation time 295.000,000,000 s)
2024-06-03 19:50:57,009 INFO  - Sending out AdHoc broadcast (at simulation time 295.000,000,000 s)
2024-06-03 19:50:57,011 INFO  - Called #onVehicleUpdated (at simulation time 296.000,000,000 s)
2024-06-03 19:50:57,011 INFO  - Sending out AdHoc broadcast (at simulation time 296.000,000,000 s)
2024-06-03 19:50:57,012 INFO  - Recieve a message from other vehicle (at simulation time 296.001,400,000 s)
2024-06-03 19:50:57,012 INFO  - Recending a message from other vehicle (at simulation time 296.001,400,000 s)
2024-06-03 19:50:57,014 INFO  - Called #onVehicleUpdated (at simulation time 297.000,000,000 s)
2024-06-03 19:50:57,014 INFO  - Exced velocity! Sending new CAM (at simulation time 297.000,000,000 s)
2024-06-03 19:50:57,014 INFO  - Sending out AdHoc broadcast (at simulation time 297.000,000,000 s)
2024-06-03 19:50:57,014 INFO  - Sending out AdHoc broadcast (at simulation time 297.000,000,000 s)
2024-06-03 19:50:57,016 INFO  - Called #onVehicleUpdated (at simulation time 298.000,000,000 s)
2024-06-03 19:50:57,016 INFO  - Sending out AdHoc broadcast (at simulation time 298.000,000,000 s)
2024-06-03 19:50:57,016 INFO  - Recieve a message from other vehicle (at simulation time 298.000,400,000 s)
2024-06-03 19:50:57,016 INFO  - Recending a message from other vehicle (at simulation time 298.000,400,000 s)
2024-06-03 19:50:57,018 INFO  - Called #onVehicleUpdated (at simulation time 299.000,000,000 s)
2024-06-03 19:50:57,018 INFO  - Sending out AdHoc broadcast (at simulation time 299.000,000,000 s)
2024-06-03 19:50:57,018 INFO  - Sending out AdHoc broadcast (at simulation time 299.000,000,000 s)
2024-06-03 19:50:57,021 INFO  - Called #onVehicleUpdated (at simulation time 300.000,000,000 s)
2024-06-03 19:50:57,021 INFO  - Sending out AdHoc broadcast (at simulation time 300.000,000,000 s)
2024-06-03 19:50:57,021 INFO  - Recieve a message from other vehicle (at simulation time 300.000,400,000 s)
2024-06-03 19:50:57,021 INFO  - Recending a message from other vehicle (at simulation time 300.000,400,000 s)
2024-06-03 19:50:57,023 INFO  - Called #onVehicleUpdated (at simulation time 301.000,000,000 s)
2024-06-03 19:50:57,023 INFO  - Sending out AdHoc broadcast (at simulation time 301.000,000,000 s)
2024-06-03 19:50:57,023 INFO  - Sending out AdHoc broadcast (at simulation time 301.000,000,000 s)
2024-06-03 19:50:57,023 INFO  - Recieve a message from other vehicle (at simulation time 301.000,400,000 s)
2024-06-03 19:50:57,023 INFO  - Recending a message from other vehicle (at simulation time 301.000,400,000 s)
2024-06-03 19:50:57,023 INFO  - Recieve a message from other vehicle (at simulation time 301.000,400,000 s)
2024-06-03 19:50:57,023 INFO  - My position is not better! (at simulation time 301.000,400,000 s)
2024-06-03 19:50:57,024 INFO  - Recieve a message from other vehicle (at simulation time 301.000,900,000 s)
2024-06-03 19:50:57,024 INFO  - My position is not better! (at simulation time 301.000,900,000 s)
2024-06-03 19:50:57,024 INFO  - Recieve a message from other vehicle (at simulation time 301.001,800,000 s)
2024-06-03 19:50:57,024 INFO  - I'm in better position but no more hops in message (at simulation time 301.001,800,000 s)
2024-06-03 19:50:57,024 INFO  - Recieve a message from other vehicle (at simulation time 301.001,900,000 s)
2024-06-03 19:50:57,024 INFO  - Recending a message from other vehicle (at simulation time 301.001,900,000 s)
2024-06-03 19:50:57,024 INFO  - Recieve a message from other vehicle (at simulation time 301.001,900,000 s)
2024-06-03 19:50:57,024 INFO  - Recending a message from other vehicle (at simulation time 301.001,900,000 s)
2024-06-03 19:50:57,024 INFO  - Recieve a message from other vehicle (at simulation time 301.001,900,000 s)
2024-06-03 19:50:57,024 INFO  - My position is not better! (at simulation time 301.001,900,000 s)
2024-06-03 19:50:57,024 INFO  - Recieve a message from other vehicle (at simulation time 301.002,300,000 s)
2024-06-03 19:50:57,024 INFO  - My position is not better! (at simulation time 301.002,300,000 s)
2024-06-03 19:50:57,024 INFO  - Recieve a message from other vehicle (at simulation time 301.002,400,000 s)
2024-06-03 19:50:57,024 INFO  - My position is not better! (at simulation time 301.002,400,000 s)
2024-06-03 19:50:57,024 INFO  - Recieve a message from other vehicle (at simulation time 301.002,400,000 s)
2024-06-03 19:50:57,024 INFO  - Recending a message from other vehicle (at simulation time 301.002,400,000 s)
2024-06-03 19:50:57,024 INFO  - Recieve a message from other vehicle (at simulation time 301.004,300,000 s)
2024-06-03 19:50:57,024 INFO  - My position is not better! (at simulation time 301.004,300,000 s)
2024-06-03 19:50:57,026 INFO  - Called #onVehicleUpdated (at simulation time 302.000,000,000 s)
2024-06-03 19:50:57,027 INFO  - Sending out AdHoc broadcast (at simulation time 302.000,000,000 s)
2024-06-03 19:50:57,027 INFO  - Recieve a message from other vehicle (at simulation time 302.000,400,000 s)
2024-06-03 19:50:57,027 INFO  - Recending a message from other vehicle (at simulation time 302.000,400,000 s)
2024-06-03 19:50:57,027 INFO  - Recieve a message from other vehicle (at simulation time 302.000,400,000 s)
2024-06-03 19:50:57,027 INFO  - My position is not better! (at simulation time 302.000,400,000 s)
2024-06-03 19:50:57,027 INFO  - Recieve a message from other vehicle (at simulation time 302.000,400,000 s)
2024-06-03 19:50:57,028 INFO  - Recending a message from other vehicle (at simulation time 302.000,400,000 s)
2024-06-03 19:50:57,028 INFO  - Recieve a message from other vehicle (at simulation time 302.000,900,000 s)
2024-06-03 19:50:57,028 INFO  - Recending a message from other vehicle (at simulation time 302.000,900,000 s)
2024-06-03 19:50:57,028 INFO  - Recieve a message from other vehicle (at simulation time 302.000,900,000 s)
2024-06-03 19:50:57,028 INFO  - My position is not better! (at simulation time 302.000,900,000 s)
2024-06-03 19:50:57,028 INFO  - Recieve a message from other vehicle (at simulation time 302.001,300,000 s)
2024-06-03 19:50:57,028 INFO  - I'm in better position but no more hops in message (at simulation time 302.001,300,000 s)
2024-06-03 19:50:57,028 INFO  - Recieve a message from other vehicle (at simulation time 302.001,400,000 s)
2024-06-03 19:50:57,028 INFO  - My position is not better! (at simulation time 302.001,400,000 s)
2024-06-03 19:50:57,029 INFO  - Recieve a message from other vehicle (at simulation time 302.001,400,000 s)
2024-06-03 19:50:57,029 INFO  - I'm in better position but no more hops in message (at simulation time 302.001,400,000 s)
2024-06-03 19:50:57,029 INFO  - Recieve a message from other vehicle (at simulation time 302.002,400,000 s)
2024-06-03 19:50:57,029 INFO  - I'm in better position but no more hops in message (at simulation time 302.002,400,000 s)
2024-06-03 19:50:57,029 INFO  - Recieve a message from other vehicle (at simulation time 302.002,800,000 s)
2024-06-03 19:50:57,029 INFO  - I'm in better position but no more hops in message (at simulation time 302.002,800,000 s)
2024-06-03 19:50:57,029 INFO  - Recieve a message from other vehicle (at simulation time 302.002,800,000 s)
2024-06-03 19:50:57,029 INFO  - My position is not better! (at simulation time 302.002,800,000 s)
2024-06-03 19:50:57,031 INFO  - Called #onVehicleUpdated (at simulation time 303.000,000,000 s)
2024-06-03 19:50:57,031 INFO  - Sending out DENM broadcast (at simulation time 303.000,000,000 s)
2024-06-03 19:50:57,031 INFO  - Sending out AdHoc broadcast (at simulation time 303.000,000,000 s)
2024-06-03 19:50:57,031 INFO  - Sending out AdHoc broadcast (at simulation time 303.000,000,000 s)
2024-06-03 19:50:57,032 INFO  - Recieve a message from other vehicle (at simulation time 303.000,400,000 s)
2024-06-03 19:50:57,032 INFO  - DENM message Recived from veh_53 -info : seco (at simulation time 303.000,400,000 s)
2024-06-03 19:50:57,032 INFO  - Recending a DENM message from other vehicle (at simulation time 303.000,400,000 s)
2024-06-03 19:50:57,032 INFO  - Recieve a message from other vehicle (at simulation time 303.000,400,000 s)
2024-06-03 19:50:57,032 INFO  - I'm in better position but no more hops in message (at simulation time 303.000,400,000 s)
2024-06-03 19:50:57,032 INFO  - Recieve a message from other vehicle (at simulation time 303.000,900,000 s)
2024-06-03 19:50:57,032 INFO  - I'm in better position but no more hops in message (at simulation time 303.000,900,000 s)
2024-06-03 19:50:57,032 INFO  - Recieve a message from other vehicle (at simulation time 303.001,300,000 s)
2024-06-03 19:50:57,032 INFO  - I'm in better position but no more hops in message (at simulation time 303.001,300,000 s)
2024-06-03 19:50:57,032 INFO  - Recieve a message from other vehicle (at simulation time 303.001,300,000 s)
2024-06-03 19:50:57,032 INFO  - I'm in better position but no more hops in message (at simulation time 303.001,300,000 s)
2024-06-03 19:50:57,032 INFO  - Recieve a message from other vehicle (at simulation time 303.001,400,000 s)
2024-06-03 19:50:57,032 INFO  - DENM message Recived from veh_48 -info : nevoeiro (at simulation time 303.001,400,000 s)
2024-06-03 19:50:57,032 INFO  - No more hops in DENM message (at simulation time 303.001,400,000 s)
2024-06-03 19:50:57,033 INFO  - Recieve a message from other vehicle (at simulation time 303.001,400,000 s)
2024-06-03 19:50:57,033 INFO  - My position is not better! (at simulation time 303.001,400,000 s)
2024-06-03 19:50:57,033 INFO  - Recieve a message from other vehicle (at simulation time 303.001,900,000 s)
2024-06-03 19:50:57,033 INFO  - I'm in better position but no more hops in message (at simulation time 303.001,900,000 s)
2024-06-03 19:50:57,033 INFO  - Recieve a message from other vehicle (at simulation time 303.001,900,000 s)
2024-06-03 19:50:57,033 INFO  - I'm in better position but no more hops in message (at simulation time 303.001,900,000 s)
2024-06-03 19:50:57,033 INFO  - Recieve a message from other vehicle (at simulation time 303.002,300,000 s)
2024-06-03 19:50:57,033 INFO  - DENM message Recived from veh_48 -info : nevoeiro (at simulation time 303.002,300,000 s)
2024-06-03 19:50:57,033 INFO  - No more hops in DENM message (at simulation time 303.002,300,000 s)
2024-06-03 19:50:57,033 INFO  - Recieve a message from other vehicle (at simulation time 303.002,300,000 s)
2024-06-03 19:50:57,033 INFO  - DENM message Recived from veh_49 -info : seco (at simulation time 303.002,300,000 s)
2024-06-03 19:50:57,033 INFO  - No more hops in DENM message (at simulation time 303.002,300,000 s)
2024-06-03 19:50:57,034 INFO  - Recieve a message from other vehicle (at simulation time 303.002,300,000 s)
2024-06-03 19:50:57,034 INFO  - My position is not better! (at simulation time 303.002,300,000 s)
2024-06-03 19:50:57,034 INFO  - Recieve a message from other vehicle (at simulation time 303.002,400,000 s)
2024-06-03 19:50:57,034 INFO  - DENM message Recived from veh_51 -info : seco (at simulation time 303.002,400,000 s)
2024-06-03 19:50:57,034 INFO  - No more hops in DENM message (at simulation time 303.002,400,000 s)
2024-06-03 19:50:57,034 INFO  - Recieve a message from other vehicle (at simulation time 303.002,400,000 s)
2024-06-03 19:50:57,034 INFO  - I'm in better position but no more hops in message (at simulation time 303.002,400,000 s)
2024-06-03 19:50:57,034 INFO  - Recieve a message from other vehicle (at simulation time 303.002,400,000 s)
2024-06-03 19:50:57,034 INFO  - My position is not better! (at simulation time 303.002,400,000 s)
2024-06-03 19:50:57,034 INFO  - Recieve a message from other vehicle (at simulation time 303.002,400,000 s)
2024-06-03 19:50:57,034 INFO  - My position is not better! (at simulation time 303.002,400,000 s)
2024-06-03 19:50:57,034 INFO  - Recieve a message from other vehicle (at simulation time 303.002,400,000 s)
2024-06-03 19:50:57,034 INFO  - My position is not better! (at simulation time 303.002,400,000 s)
2024-06-03 19:50:57,034 INFO  - Recieve a message from other vehicle (at simulation time 303.002,800,000 s)
2024-06-03 19:50:57,034 INFO  - My position is not better! (at simulation time 303.002,800,000 s)
2024-06-03 19:50:57,034 INFO  - Recieve a message from other vehicle (at simulation time 303.003,300,000 s)
2024-06-03 19:50:57,034 INFO  - DENM message Recived from veh_51 -info : seco (at simulation time 303.003,300,000 s)
2024-06-03 19:50:57,034 INFO  - No more hops in DENM message (at simulation time 303.003,300,000 s)
2024-06-03 19:50:57,035 INFO  - Called #onVehicleUpdated (at simulation time 304.000,000,000 s)
2024-06-03 19:50:57,036 INFO  - Sending out AdHoc broadcast (at simulation time 304.000,000,000 s)
2024-06-03 19:50:57,036 INFO  - Recieve a message from other vehicle (at simulation time 304.000,400,000 s)
2024-06-03 19:50:57,036 INFO  - My position is not better! (at simulation time 304.000,400,000 s)
2024-06-03 19:50:57,036 INFO  - Recieve a message from other vehicle (at simulation time 304.000,400,000 s)
2024-06-03 19:50:57,036 INFO  - My position is not better! (at simulation time 304.000,400,000 s)
2024-06-03 19:50:57,036 INFO  - Recieve a message from other vehicle (at simulation time 304.000,900,000 s)
2024-06-03 19:50:57,036 INFO  - DENM message Recived from veh_52 -info : nevoeiro (at simulation time 304.000,900,000 s)
2024-06-03 19:50:57,037 INFO  - No more hops in DENM message (at simulation time 304.000,900,000 s)
2024-06-03 19:50:57,037 INFO  - Recieve a message from other vehicle (at simulation time 304.001,300,000 s)
2024-06-03 19:50:57,037 INFO  - My position is not better! (at simulation time 304.001,300,000 s)
2024-06-03 19:50:57,037 INFO  - Recieve a message from other vehicle (at simulation time 304.001,400,000 s)
2024-06-03 19:50:57,037 INFO  - My position is not better! (at simulation time 304.001,400,000 s)
2024-06-03 19:50:57,037 INFO  - Recieve a message from other vehicle (at simulation time 304.001,400,000 s)
2024-06-03 19:50:57,037 INFO  - My position is not better! (at simulation time 304.001,400,000 s)
2024-06-03 19:50:57,037 INFO  - Recieve a message from other vehicle (at simulation time 304.001,800,000 s)
2024-06-03 19:50:57,037 INFO  - My position is not better! (at simulation time 304.001,800,000 s)
2024-06-03 19:50:57,037 INFO  - Recieve a message from other vehicle (at simulation time 304.001,900,000 s)
2024-06-03 19:50:57,037 INFO  - DENM message Recived from veh_50 -info : nevoeiro (at simulation time 304.001,900,000 s)
2024-06-03 19:50:57,037 INFO  - No more hops in DENM message (at simulation time 304.001,900,000 s)
2024-06-03 19:50:57,037 INFO  - Recieve a message from other vehicle (at simulation time 304.001,900,000 s)
2024-06-03 19:50:57,037 INFO  - My position is not better! (at simulation time 304.001,900,000 s)
2024-06-03 19:50:57,037 INFO  - Recieve a message from other vehicle (at simulation time 304.002,300,000 s)
2024-06-03 19:50:57,037 INFO  - DENM message Recived from veh_50 -info : nevoeiro (at simulation time 304.002,300,000 s)
2024-06-03 19:50:57,037 INFO  - No more hops in DENM message (at simulation time 304.002,300,000 s)
2024-06-03 19:50:57,038 INFO  - Recieve a message from other vehicle (at simulation time 304.002,400,000 s)
2024-06-03 19:50:57,038 INFO  - My position is not better! (at simulation time 304.002,400,000 s)
2024-06-03 19:50:57,038 INFO  - Recieve a message from other vehicle (at simulation time 304.002,400,000 s)
2024-06-03 19:50:57,038 INFO  - My position is not better! (at simulation time 304.002,400,000 s)
2024-06-03 19:50:57,038 INFO  - Recieve a message from other vehicle (at simulation time 304.002,400,000 s)
2024-06-03 19:50:57,038 INFO  - My position is not better! (at simulation time 304.002,400,000 s)
2024-06-03 19:50:57,038 INFO  - Recieve a message from other vehicle (at simulation time 304.002,800,000 s)
2024-06-03 19:50:57,038 INFO  - DENM message Recived from veh_52 -info : nevoeiro (at simulation time 304.002,800,000 s)
2024-06-03 19:50:57,038 INFO  - No more hops in DENM message (at simulation time 304.002,800,000 s)
2024-06-03 19:50:57,038 INFO  - Recieve a message from other vehicle (at simulation time 304.002,800,000 s)
2024-06-03 19:50:57,038 INFO  - My position is not better! (at simulation time 304.002,800,000 s)
2024-06-03 19:50:57,038 INFO  - Recieve a message from other vehicle (at simulation time 304.002,800,000 s)
2024-06-03 19:50:57,038 INFO  - My position is not better! (at simulation time 304.002,800,000 s)
2024-06-03 19:50:57,038 INFO  - Recieve a message from other vehicle (at simulation time 304.002,800,000 s)
2024-06-03 19:50:57,038 INFO  - My position is not better! (at simulation time 304.002,800,000 s)
2024-06-03 19:50:57,038 INFO  - Recieve a message from other vehicle (at simulation time 304.003,300,000 s)
2024-06-03 19:50:57,038 INFO  - My position is not better! (at simulation time 304.003,300,000 s)
2024-06-03 19:50:57,040 INFO  - Called #onVehicleUpdated (at simulation time 305.000,000,000 s)
2024-06-03 19:50:57,040 INFO  - Sending out AdHoc broadcast (at simulation time 305.000,000,000 s)
2024-06-03 19:50:57,040 INFO  - Sending out AdHoc broadcast (at simulation time 305.000,000,000 s)
2024-06-03 19:50:57,041 INFO  - Recieve a message from other vehicle (at simulation time 305.000,400,000 s)
2024-06-03 19:50:57,041 INFO  - My position is not better! (at simulation time 305.000,400,000 s)
2024-06-03 19:50:57,041 INFO  - Recieve a message from other vehicle (at simulation time 305.001,400,000 s)
2024-06-03 19:50:57,041 INFO  - My position is not better! (at simulation time 305.001,400,000 s)
2024-06-03 19:50:57,041 INFO  - Recieve a message from other vehicle (at simulation time 305.001,400,000 s)
2024-06-03 19:50:57,041 INFO  - My position is not better! (at simulation time 305.001,400,000 s)
2024-06-03 19:50:57,042 INFO  - Recieve a message from other vehicle (at simulation time 305.001,800,000 s)
2024-06-03 19:50:57,042 INFO  - My position is not better! (at simulation time 305.001,800,000 s)
2024-06-03 19:50:57,042 INFO  - Recieve a message from other vehicle (at simulation time 305.001,800,000 s)
2024-06-03 19:50:57,042 INFO  - My position is not better! (at simulation time 305.001,800,000 s)
2024-06-03 19:50:57,042 INFO  - Recieve a message from other vehicle (at simulation time 305.001,900,000 s)
2024-06-03 19:50:57,042 INFO  - My position is not better! (at simulation time 305.001,900,000 s)
2024-06-03 19:50:57,042 INFO  - Recieve a message from other vehicle (at simulation time 305.002,300,000 s)
2024-06-03 19:50:57,042 INFO  - My position is not better! (at simulation time 305.002,300,000 s)
2024-06-03 19:50:57,042 INFO  - Recieve a message from other vehicle (at simulation time 305.002,300,000 s)
2024-06-03 19:50:57,042 INFO  - My position is not better! (at simulation time 305.002,300,000 s)
2024-06-03 19:50:57,042 INFO  - Recieve a message from other vehicle (at simulation time 305.002,300,000 s)
2024-06-03 19:50:57,042 INFO  - My position is not better! (at simulation time 305.002,300,000 s)
2024-06-03 19:50:57,042 INFO  - Recieve a message from other vehicle (at simulation time 305.002,400,000 s)
2024-06-03 19:50:57,042 INFO  - My position is not better! (at simulation time 305.002,400,000 s)
2024-06-03 19:50:57,043 INFO  - Recieve a message from other vehicle (at simulation time 305.002,800,000 s)
2024-06-03 19:50:57,043 INFO  - My position is not better! (at simulation time 305.002,800,000 s)
2024-06-03 19:50:57,043 INFO  - Recieve a message from other vehicle (at simulation time 305.002,800,000 s)
2024-06-03 19:50:57,043 INFO  - My position is not better! (at simulation time 305.002,800,000 s)
2024-06-03 19:50:57,044 INFO  - Called #onVehicleUpdated (at simulation time 306.000,000,000 s)
2024-06-03 19:50:57,044 INFO  - Sending out AdHoc broadcast (at simulation time 306.000,000,000 s)
2024-06-03 19:50:57,045 INFO  - Recieve a message from other vehicle (at simulation time 306.001,900,000 s)
2024-06-03 19:50:57,046 INFO  - My position is not better! (at simulation time 306.001,900,000 s)
2024-06-03 19:50:57,046 INFO  - Recieve a message from other vehicle (at simulation time 306.001,900,000 s)
2024-06-03 19:50:57,046 INFO  - My position is not better! (at simulation time 306.001,900,000 s)
2024-06-03 19:50:57,046 INFO  - Recieve a message from other vehicle (at simulation time 306.002,300,000 s)
2024-06-03 19:50:57,046 INFO  - My position is not better! (at simulation time 306.002,300,000 s)
2024-06-03 19:50:57,046 INFO  - Recieve a message from other vehicle (at simulation time 306.002,800,000 s)
2024-06-03 19:50:57,046 INFO  - I'm in better position but no more hops in message (at simulation time 306.002,800,000 s)
2024-06-03 19:50:57,046 INFO  - Recieve a message from other vehicle (at simulation time 306.004,800,000 s)
2024-06-03 19:50:57,046 INFO  - My position is not better! (at simulation time 306.004,800,000 s)
2024-06-03 19:50:57,048 INFO  - Called #onVehicleUpdated (at simulation time 307.000,000,000 s)
2024-06-03 19:50:57,048 INFO  - Sending out AdHoc broadcast (at simulation time 307.000,000,000 s)
2024-06-03 19:50:57,048 INFO  - Sending out AdHoc broadcast (at simulation time 307.000,000,000 s)
2024-06-03 19:50:57,050 INFO  - Called #onVehicleUpdated (at simulation time 308.000,000,000 s)
2024-06-03 19:50:57,051 INFO  - Sending out AdHoc broadcast (at simulation time 308.000,000,000 s)
2024-06-03 19:50:57,053 INFO  - Called #onVehicleUpdated (at simulation time 309.000,000,000 s)
2024-06-03 19:50:57,053 INFO  - Sending out AdHoc broadcast (at simulation time 309.000,000,000 s)
2024-06-03 19:50:57,053 INFO  - Sending out AdHoc broadcast (at simulation time 309.000,000,000 s)
2024-06-03 19:50:57,056 INFO  - Called #onVehicleUpdated (at simulation time 310.000,000,000 s)
2024-06-03 19:50:57,057 INFO  - Sending out AdHoc broadcast (at simulation time 310.000,000,000 s)
2024-06-03 19:50:57,059 INFO  - Called #onVehicleUpdated (at simulation time 311.000,000,000 s)
2024-06-03 19:50:57,059 INFO  - Exced velocity! Sending new CAM (at simulation time 311.000,000,000 s)
2024-06-03 19:50:57,059 INFO  - Sending out AdHoc broadcast (at simulation time 311.000,000,000 s)
2024-06-03 19:50:57,059 INFO  - Sending out AdHoc broadcast (at simulation time 311.000,000,000 s)
2024-06-03 19:50:57,059 INFO  - Sending out AdHoc broadcast (at simulation time 311.000,000,000 s)
2024-06-03 19:50:57,062 INFO  - Shutdown (at simulation time 312.000,000,000 s)
