2024-06-03 18:15:13,610 INFO  - Initialize Vehicle application (at simulation time 7.000,000,000 s)
2024-06-03 18:15:13,611 INFO  - Activated WLAN Module (at simulation time 7.000,000,000 s)
2024-06-03 18:15:13,614 INFO  - Called #onVehicleUpdated (at simulation time 7.000,000,000 s)
2024-06-03 18:15:13,617 INFO  - Recieve a message from other vehicle (at simulation time 7.001,400,000 s)
2024-06-03 18:15:13,617 INFO  - My position is not better! (at simulation time 7.001,400,000 s)
2024-06-03 18:15:13,620 INFO  - Called #onVehicleUpdated (at simulation time 8.000,000,000 s)
2024-06-03 18:15:13,621 INFO  - Define the name: veh_2 and route: r_1 (at simulation time 8.000,000,000 s)
2024-06-03 18:15:13,621 INFO  - Sending out AdHoc broadcast (at simulation time 8.000,000,000 s)
2024-06-03 18:15:13,623 INFO  - Recieve a message from other vehicle (at simulation time 8.001,900,000 s)
2024-06-03 18:15:13,624 INFO  - My position is not better! (at simulation time 8.001,900,000 s)
2024-06-03 18:15:13,624 INFO  - Recieve a message from other vehicle (at simulation time 8.003,300,000 s)
2024-06-03 18:15:13,624 INFO  - My position is not better! (at simulation time 8.003,300,000 s)
2024-06-03 18:15:13,626 INFO  - Called #onVehicleUpdated (at simulation time 9.000,000,000 s)
2024-06-03 18:15:13,629 INFO  - Recieve a message from other vehicle (at simulation time 9.001,900,000 s)
2024-06-03 18:15:13,629 INFO  - My position is not better! (at simulation time 9.001,900,000 s)
2024-06-03 18:15:13,636 INFO  - Called #onVehicleUpdated (at simulation time 10.000,000,000 s)
2024-06-03 18:15:13,638 INFO  - Sending out AdHoc broadcast (at simulation time 10.000,000,000 s)
2024-06-03 18:15:13,641 INFO  - Recieve a message from other vehicle (at simulation time 10.000,800,000 s)
2024-06-03 18:15:13,641 INFO  - My position is not better! (at simulation time 10.000,800,000 s)
2024-06-03 18:15:13,641 INFO  - Recieve a message from other vehicle (at simulation time 10.001,400,000 s)
2024-06-03 18:15:13,641 INFO  - My position is not better! (at simulation time 10.001,400,000 s)
2024-06-03 18:15:13,645 INFO  - Called #onVehicleUpdated (at simulation time 11.000,000,000 s)
2024-06-03 18:15:13,649 INFO  - Recieve a message from other vehicle (at simulation time 11.002,400,000 s)
2024-06-03 18:15:13,649 INFO  - My position is not better! (at simulation time 11.002,400,000 s)
2024-06-03 18:15:13,652 INFO  - Called #onVehicleUpdated (at simulation time 12.000,000,000 s)
2024-06-03 18:15:13,653 INFO  - Sending out AdHoc broadcast (at simulation time 12.000,000,000 s)
2024-06-03 18:15:13,658 INFO  - Recieve a message from other vehicle (at simulation time 12.002,400,000 s)
2024-06-03 18:15:13,658 INFO  - My position is not better! (at simulation time 12.002,400,000 s)
2024-06-03 18:15:13,659 INFO  - Recieve a message from other vehicle (at simulation time 12.002,800,000 s)
2024-06-03 18:15:13,659 INFO  - My position is not better! (at simulation time 12.002,800,000 s)
2024-06-03 18:15:13,662 INFO  - Called #onVehicleUpdated (at simulation time 13.000,000,000 s)
2024-06-03 18:15:13,664 INFO  - Recieve a message from other vehicle (at simulation time 13.000,400,000 s)
2024-06-03 18:15:13,664 INFO  - My position is not better! (at simulation time 13.000,400,000 s)
2024-06-03 18:15:13,678 INFO  - Called #onVehicleUpdated (at simulation time 14.000,000,000 s)
2024-06-03 18:15:13,679 INFO  - Sending out AdHoc broadcast (at simulation time 14.000,000,000 s)
2024-06-03 18:15:13,680 INFO  - Recieve a message from other vehicle (at simulation time 14.000,400,000 s)
2024-06-03 18:15:13,680 INFO  - My position is not better! (at simulation time 14.000,400,000 s)
2024-06-03 18:15:13,682 INFO  - Recieve a message from other vehicle (at simulation time 14.001,300,000 s)
2024-06-03 18:15:13,683 INFO  - My position is not better! (at simulation time 14.001,300,000 s)
2024-06-03 18:15:13,683 INFO  - Recieve a message from other vehicle (at simulation time 14.001,300,000 s)
2024-06-03 18:15:13,683 INFO  - My position is not better! (at simulation time 14.001,300,000 s)
2024-06-03 18:15:13,683 INFO  - Recieve a message from other vehicle (at simulation time 14.001,400,000 s)
2024-06-03 18:15:13,683 INFO  - My position is not better! (at simulation time 14.001,400,000 s)
2024-06-03 18:15:13,685 INFO  - Recieve a message from other vehicle (at simulation time 14.001,900,000 s)
2024-06-03 18:15:13,685 INFO  - My position is not better! (at simulation time 14.001,900,000 s)
2024-06-03 18:15:13,685 INFO  - Recieve a message from other vehicle (at simulation time 14.002,300,000 s)
2024-06-03 18:15:13,685 INFO  - My position is not better! (at simulation time 14.002,300,000 s)
2024-06-03 18:15:13,686 INFO  - Recieve a message from other vehicle (at simulation time 14.002,400,000 s)
2024-06-03 18:15:13,686 INFO  - My position is not better! (at simulation time 14.002,400,000 s)
2024-06-03 18:15:13,698 INFO  - Called #onVehicleUpdated (at simulation time 15.000,000,000 s)
2024-06-03 18:15:13,701 INFO  - Recieve a message from other vehicle (at simulation time 15.000,400,000 s)
2024-06-03 18:15:13,701 INFO  - DENM message Recived from veh_3 -info : seco (at simulation time 15.000,400,000 s)
2024-06-03 18:15:13,701 INFO  - No more hops in DENM message (at simulation time 15.000,400,000 s)
2024-06-03 18:15:13,701 INFO  - Recieve a message from other vehicle (at simulation time 15.000,400,000 s)
2024-06-03 18:15:13,701 INFO  - My position is not better! (at simulation time 15.000,400,000 s)
2024-06-03 18:15:13,702 INFO  - Recieve a message from other vehicle (at simulation time 15.000,900,000 s)
2024-06-03 18:15:13,702 INFO  - DENM message Recived from veh_0 -info : seco (at simulation time 15.000,900,000 s)
2024-06-03 18:15:13,702 INFO  - No more hops in DENM message (at simulation time 15.000,900,000 s)
2024-06-03 18:15:13,703 INFO  - Recieve a message from other vehicle (at simulation time 15.000,900,000 s)
2024-06-03 18:15:13,703 INFO  - My position is not better! (at simulation time 15.000,900,000 s)
2024-06-03 18:15:13,704 INFO  - Recieve a message from other vehicle (at simulation time 15.001,300,000 s)
2024-06-03 18:15:13,704 INFO  - DENM message Recived from veh_1 -info : seco (at simulation time 15.001,300,000 s)
2024-06-03 18:15:13,704 INFO  - No more hops in DENM message (at simulation time 15.001,300,000 s)
2024-06-03 18:15:13,704 INFO  - Recieve a message from other vehicle (at simulation time 15.001,400,000 s)
2024-06-03 18:15:13,704 INFO  - DENM message Recived from veh_5 -info : seco (at simulation time 15.001,400,000 s)
2024-06-03 18:15:13,704 INFO  - No more hops in DENM message (at simulation time 15.001,400,000 s)
2024-06-03 18:15:13,705 INFO  - Recieve a message from other vehicle (at simulation time 15.001,800,000 s)
2024-06-03 18:15:13,705 INFO  - DENM message Recived from veh_5 -info : seco (at simulation time 15.001,800,000 s)
2024-06-03 18:15:13,705 INFO  - No more hops in DENM message (at simulation time 15.001,800,000 s)
2024-06-03 18:15:13,705 INFO  - Recieve a message from other vehicle (at simulation time 15.001,900,000 s)
2024-06-03 18:15:13,705 INFO  - DENM message Recived from veh_1 -info : seco (at simulation time 15.001,900,000 s)
2024-06-03 18:15:13,705 INFO  - No more hops in DENM message (at simulation time 15.001,900,000 s)
2024-06-03 18:15:13,706 INFO  - Recieve a message from other vehicle (at simulation time 15.001,900,000 s)
2024-06-03 18:15:13,706 INFO  - My position is not better! (at simulation time 15.001,900,000 s)
2024-06-03 18:15:13,706 INFO  - Recieve a message from other vehicle (at simulation time 15.001,900,000 s)
2024-06-03 18:15:13,706 INFO  - My position is not better! (at simulation time 15.001,900,000 s)
2024-06-03 18:15:13,707 INFO  - Recieve a message from other vehicle (at simulation time 15.002,400,000 s)
2024-06-03 18:15:13,707 INFO  - My position is not better! (at simulation time 15.002,400,000 s)
2024-06-03 18:15:13,707 INFO  - Recieve a message from other vehicle (at simulation time 15.002,400,000 s)
2024-06-03 18:15:13,707 INFO  - My position is not better! (at simulation time 15.002,400,000 s)
2024-06-03 18:15:13,708 INFO  - Recieve a message from other vehicle (at simulation time 15.002,400,000 s)
2024-06-03 18:15:13,708 INFO  - My position is not better! (at simulation time 15.002,400,000 s)
2024-06-03 18:15:13,708 INFO  - Recieve a message from other vehicle (at simulation time 15.002,400,000 s)
2024-06-03 18:15:13,708 INFO  - My position is not better! (at simulation time 15.002,400,000 s)
2024-06-03 18:15:13,708 INFO  - Recieve a message from other vehicle (at simulation time 15.002,400,000 s)
2024-06-03 18:15:13,708 INFO  - My position is not better! (at simulation time 15.002,400,000 s)
2024-06-03 18:15:13,708 INFO  - Recieve a message from other vehicle (at simulation time 15.002,400,000 s)
2024-06-03 18:15:13,708 INFO  - My position is not better! (at simulation time 15.002,400,000 s)
2024-06-03 18:15:13,708 INFO  - Recieve a message from other vehicle (at simulation time 15.002,800,000 s)
2024-06-03 18:15:13,708 INFO  - My position is not better! (at simulation time 15.002,800,000 s)
2024-06-03 18:15:13,708 INFO  - Recieve a message from other vehicle (at simulation time 15.003,300,000 s)
2024-06-03 18:15:13,708 INFO  - My position is not better! (at simulation time 15.003,300,000 s)
2024-06-03 18:15:13,712 INFO  - Called #onVehicleUpdated (at simulation time 16.000,000,000 s)
2024-06-03 18:15:13,713 INFO  - Sending out DENM broadcast (at simulation time 16.000,000,000 s)
2024-06-03 18:15:13,713 INFO  - Sending out AdHoc broadcast (at simulation time 16.000,000,000 s)
2024-06-03 18:15:13,716 INFO  - Recieve a message from other vehicle (at simulation time 16.000,900,000 s)
2024-06-03 18:15:13,716 INFO  - My position is not better! (at simulation time 16.000,900,000 s)
2024-06-03 18:15:13,718 INFO  - Recieve a message from other vehicle (at simulation time 16.001,400,000 s)
2024-06-03 18:15:13,718 INFO  - My position is not better! (at simulation time 16.001,400,000 s)
2024-06-03 18:15:13,718 INFO  - Recieve a message from other vehicle (at simulation time 16.001,400,000 s)
2024-06-03 18:15:13,718 INFO  - My position is not better! (at simulation time 16.001,400,000 s)
2024-06-03 18:15:13,719 INFO  - Recieve a message from other vehicle (at simulation time 16.001,800,000 s)
2024-06-03 18:15:13,719 INFO  - DENM message Recived from veh_2 -info : piso-molhado (at simulation time 16.001,800,000 s)
2024-06-03 18:15:13,719 INFO  - I slow down due to road state (at simulation time 16.001,800,000 s)
2024-06-03 18:15:13,719 INFO  - No more hops in DENM message (at simulation time 16.001,800,000 s)
2024-06-03 18:15:13,719 INFO  - Recieve a message from other vehicle (at simulation time 16.001,800,000 s)
2024-06-03 18:15:13,719 INFO  - DENM message Recived from veh_4 -info : seco (at simulation time 16.001,800,000 s)
2024-06-03 18:15:13,719 INFO  - No more hops in DENM message (at simulation time 16.001,800,000 s)
2024-06-03 18:15:13,719 INFO  - Recieve a message from other vehicle (at simulation time 16.001,900,000 s)
2024-06-03 18:15:13,720 INFO  - DENM message Recived from veh_4 -info : seco (at simulation time 16.001,900,000 s)
2024-06-03 18:15:13,720 INFO  - No more hops in DENM message (at simulation time 16.001,900,000 s)
2024-06-03 18:15:13,720 INFO  - Recieve a message from other vehicle (at simulation time 16.001,900,000 s)
2024-06-03 18:15:13,720 INFO  - My position is not better! (at simulation time 16.001,900,000 s)
2024-06-03 18:15:13,720 INFO  - Recieve a message from other vehicle (at simulation time 16.001,900,000 s)
2024-06-03 18:15:13,720 INFO  - My position is not better! (at simulation time 16.001,900,000 s)
2024-06-03 18:15:13,720 INFO  - Recieve a message from other vehicle (at simulation time 16.001,900,000 s)
2024-06-03 18:15:13,720 INFO  - My position is not better! (at simulation time 16.001,900,000 s)
2024-06-03 18:15:13,720 INFO  - Recieve a message from other vehicle (at simulation time 16.002,300,000 s)
2024-06-03 18:15:13,720 INFO  - My position is not better! (at simulation time 16.002,300,000 s)
2024-06-03 18:15:13,720 INFO  - Recieve a message from other vehicle (at simulation time 16.002,300,000 s)
2024-06-03 18:15:13,720 INFO  - My position is not better! (at simulation time 16.002,300,000 s)
2024-06-03 18:15:13,720 INFO  - Recieve a message from other vehicle (at simulation time 16.002,400,000 s)
2024-06-03 18:15:13,720 INFO  - My position is not better! (at simulation time 16.002,400,000 s)
2024-06-03 18:15:13,721 INFO  - Recieve a message from other vehicle (at simulation time 16.002,400,000 s)
2024-06-03 18:15:13,721 INFO  - My position is not better! (at simulation time 16.002,400,000 s)
2024-06-03 18:15:13,721 INFO  - Recieve a message from other vehicle (at simulation time 16.002,400,000 s)
2024-06-03 18:15:13,721 INFO  - My position is not better! (at simulation time 16.002,400,000 s)
2024-06-03 18:15:13,722 INFO  - Recieve a message from other vehicle (at simulation time 16.002,800,000 s)
2024-06-03 18:15:13,722 INFO  - My position is not better! (at simulation time 16.002,800,000 s)
2024-06-03 18:15:13,722 INFO  - Recieve a message from other vehicle (at simulation time 16.002,800,000 s)
2024-06-03 18:15:13,722 INFO  - My position is not better! (at simulation time 16.002,800,000 s)
2024-06-03 18:15:13,722 INFO  - Recieve a message from other vehicle (at simulation time 16.003,800,000 s)
2024-06-03 18:15:13,723 INFO  - My position is not better! (at simulation time 16.003,800,000 s)
2024-06-03 18:15:13,726 INFO  - Called #onVehicleUpdated (at simulation time 17.000,000,000 s)
2024-06-03 18:15:13,728 INFO  - Recieve a message from other vehicle (at simulation time 17.000,400,000 s)
2024-06-03 18:15:13,728 INFO  - Recending a message from other vehicle (at simulation time 17.000,400,000 s)
2024-06-03 18:15:13,728 INFO  - Recieve a message from other vehicle (at simulation time 17.000,400,000 s)
2024-06-03 18:15:13,728 INFO  - I'm in better position but no more hops in message (at simulation time 17.000,400,000 s)
2024-06-03 18:15:13,729 INFO  - Recieve a message from other vehicle (at simulation time 17.000,800,000 s)
2024-06-03 18:15:13,729 INFO  - I'm in better position but no more hops in message (at simulation time 17.000,800,000 s)
2024-06-03 18:15:13,729 INFO  - Recieve a message from other vehicle (at simulation time 17.000,900,000 s)
2024-06-03 18:15:13,729 INFO  - My position is not better! (at simulation time 17.000,900,000 s)
2024-06-03 18:15:13,729 INFO  - Recieve a message from other vehicle (at simulation time 17.000,900,000 s)
2024-06-03 18:15:13,729 INFO  - My position is not better! (at simulation time 17.000,900,000 s)
2024-06-03 18:15:13,729 INFO  - Recieve a message from other vehicle (at simulation time 17.000,900,000 s)
2024-06-03 18:15:13,729 INFO  - My position is not better! (at simulation time 17.000,900,000 s)
2024-06-03 18:15:13,730 INFO  - Recieve a message from other vehicle (at simulation time 17.001,400,000 s)
2024-06-03 18:15:13,730 INFO  - I'm in better position but no more hops in message (at simulation time 17.001,400,000 s)
2024-06-03 18:15:13,730 INFO  - Recieve a message from other vehicle (at simulation time 17.001,400,000 s)
2024-06-03 18:15:13,730 INFO  - I'm in better position but no more hops in message (at simulation time 17.001,400,000 s)
2024-06-03 18:15:13,730 INFO  - Recieve a message from other vehicle (at simulation time 17.001,400,000 s)
2024-06-03 18:15:13,730 INFO  - My position is not better! (at simulation time 17.001,400,000 s)
2024-06-03 18:15:13,730 INFO  - Recieve a message from other vehicle (at simulation time 17.001,800,000 s)
2024-06-03 18:15:13,730 INFO  - I'm in better position but no more hops in message (at simulation time 17.001,800,000 s)
2024-06-03 18:15:13,730 INFO  - Recieve a message from other vehicle (at simulation time 17.001,800,000 s)
2024-06-03 18:15:13,730 INFO  - I'm in better position but no more hops in message (at simulation time 17.001,800,000 s)
2024-06-03 18:15:13,730 INFO  - Recieve a message from other vehicle (at simulation time 17.001,900,000 s)
2024-06-03 18:15:13,730 INFO  - My position is not better! (at simulation time 17.001,900,000 s)
2024-06-03 18:15:13,730 INFO  - Recieve a message from other vehicle (at simulation time 17.001,900,000 s)
2024-06-03 18:15:13,730 INFO  - My position is not better! (at simulation time 17.001,900,000 s)
2024-06-03 18:15:13,731 INFO  - Recieve a message from other vehicle (at simulation time 17.002,400,000 s)
2024-06-03 18:15:13,731 INFO  - My position is not better! (at simulation time 17.002,400,000 s)
2024-06-03 18:15:13,733 INFO  - Called #onVehicleUpdated (at simulation time 18.000,000,000 s)
2024-06-03 18:15:13,734 INFO  - Sending out AdHoc broadcast (at simulation time 18.000,000,000 s)
2024-06-03 18:15:13,735 INFO  - Recieve a message from other vehicle (at simulation time 18.000,400,000 s)
2024-06-03 18:15:13,735 INFO  - My position is not better! (at simulation time 18.000,400,000 s)
2024-06-03 18:15:13,735 INFO  - Recieve a message from other vehicle (at simulation time 18.000,400,000 s)
2024-06-03 18:15:13,735 INFO  - My position is not better! (at simulation time 18.000,400,000 s)
2024-06-03 18:15:13,735 INFO  - Recieve a message from other vehicle (at simulation time 18.000,400,000 s)
2024-06-03 18:15:13,735 INFO  - My position is not better! (at simulation time 18.000,400,000 s)
2024-06-03 18:15:13,735 INFO  - Recieve a message from other vehicle (at simulation time 18.000,400,000 s)
2024-06-03 18:15:13,735 INFO  - My position is not better! (at simulation time 18.000,400,000 s)
2024-06-03 18:15:13,736 INFO  - Recieve a message from other vehicle (at simulation time 18.000,900,000 s)
2024-06-03 18:15:13,736 INFO  - My position is not better! (at simulation time 18.000,900,000 s)
2024-06-03 18:15:13,736 INFO  - Recieve a message from other vehicle (at simulation time 18.000,900,000 s)
2024-06-03 18:15:13,736 INFO  - I'm in better position but no more hops in message (at simulation time 18.000,900,000 s)
2024-06-03 18:15:13,737 INFO  - Recieve a message from other vehicle (at simulation time 18.001,300,000 s)
2024-06-03 18:15:13,737 INFO  - I'm in better position but no more hops in message (at simulation time 18.001,300,000 s)
2024-06-03 18:15:13,737 INFO  - Recieve a message from other vehicle (at simulation time 18.001,800,000 s)
2024-06-03 18:15:13,737 INFO  - I'm in better position but no more hops in message (at simulation time 18.001,800,000 s)
2024-06-03 18:15:13,737 INFO  - Recieve a message from other vehicle (at simulation time 18.001,900,000 s)
2024-06-03 18:15:13,737 INFO  - My position is not better! (at simulation time 18.001,900,000 s)
2024-06-03 18:15:13,737 INFO  - Recieve a message from other vehicle (at simulation time 18.001,900,000 s)
2024-06-03 18:15:13,737 INFO  - I'm in better position but no more hops in message (at simulation time 18.001,900,000 s)
2024-06-03 18:15:13,737 INFO  - Recieve a message from other vehicle (at simulation time 18.001,900,000 s)
2024-06-03 18:15:13,737 INFO  - I'm in better position but no more hops in message (at simulation time 18.001,900,000 s)
2024-06-03 18:15:13,737 INFO  - Recieve a message from other vehicle (at simulation time 18.002,300,000 s)
2024-06-03 18:15:13,737 INFO  - I'm in better position but no more hops in message (at simulation time 18.002,300,000 s)
2024-06-03 18:15:13,742 INFO  - Called #onVehicleUpdated (at simulation time 19.000,000,000 s)
2024-06-03 18:15:13,744 INFO  - Recieve a message from other vehicle (at simulation time 19.000,400,000 s)
2024-06-03 18:15:13,744 INFO  - My position is not better! (at simulation time 19.000,400,000 s)
2024-06-03 18:15:13,744 INFO  - Recieve a message from other vehicle (at simulation time 19.000,400,000 s)
2024-06-03 18:15:13,744 INFO  - My position is not better! (at simulation time 19.000,400,000 s)
2024-06-03 18:15:13,745 INFO  - Recieve a message from other vehicle (at simulation time 19.000,400,000 s)
2024-06-03 18:15:13,745 INFO  - My position is not better! (at simulation time 19.000,400,000 s)
2024-06-03 18:15:13,746 INFO  - Recieve a message from other vehicle (at simulation time 19.000,900,000 s)
2024-06-03 18:15:13,746 INFO  - My position is not better! (at simulation time 19.000,900,000 s)
2024-06-03 18:15:13,747 INFO  - Recieve a message from other vehicle (at simulation time 19.001,400,000 s)
2024-06-03 18:15:13,747 INFO  - My position is not better! (at simulation time 19.001,400,000 s)
2024-06-03 18:15:13,747 INFO  - Recieve a message from other vehicle (at simulation time 19.001,800,000 s)
2024-06-03 18:15:13,747 INFO  - I'm in better position but no more hops in message (at simulation time 19.001,800,000 s)
2024-06-03 18:15:13,747 INFO  - Recieve a message from other vehicle (at simulation time 19.001,800,000 s)
2024-06-03 18:15:13,747 INFO  - I'm in better position but no more hops in message (at simulation time 19.001,800,000 s)
2024-06-03 18:15:13,747 INFO  - Recieve a message from other vehicle (at simulation time 19.001,900,000 s)
2024-06-03 18:15:13,747 INFO  - My position is not better! (at simulation time 19.001,900,000 s)
2024-06-03 18:15:13,748 INFO  - Recieve a message from other vehicle (at simulation time 19.001,900,000 s)
2024-06-03 18:15:13,748 INFO  - My position is not better! (at simulation time 19.001,900,000 s)
2024-06-03 18:15:13,748 INFO  - Recieve a message from other vehicle (at simulation time 19.002,800,000 s)
2024-06-03 18:15:13,748 INFO  - I'm in better position but no more hops in message (at simulation time 19.002,800,000 s)
2024-06-03 18:15:13,748 INFO  - Recieve a message from other vehicle (at simulation time 19.002,800,000 s)
2024-06-03 18:15:13,748 INFO  - I'm in better position but no more hops in message (at simulation time 19.002,800,000 s)
2024-06-03 18:15:13,754 INFO  - Called #onVehicleUpdated (at simulation time 20.000,000,000 s)
2024-06-03 18:15:13,755 INFO  - Sending out AdHoc broadcast (at simulation time 20.000,000,000 s)
2024-06-03 18:15:13,756 INFO  - Recieve a message from other vehicle (at simulation time 20.000,400,000 s)
2024-06-03 18:15:13,756 INFO  - My position is not better! (at simulation time 20.000,400,000 s)
2024-06-03 18:15:13,757 INFO  - Recieve a message from other vehicle (at simulation time 20.000,800,000 s)
2024-06-03 18:15:13,757 INFO  - I'm in better position but no more hops in message (at simulation time 20.000,800,000 s)
2024-06-03 18:15:13,757 INFO  - Recieve a message from other vehicle (at simulation time 20.000,800,000 s)
2024-06-03 18:15:13,757 INFO  - My position is not better! (at simulation time 20.000,800,000 s)
2024-06-03 18:15:13,757 INFO  - Recieve a message from other vehicle (at simulation time 20.000,900,000 s)
2024-06-03 18:15:13,757 INFO  - My position is not better! (at simulation time 20.000,900,000 s)
2024-06-03 18:15:13,757 INFO  - Recieve a message from other vehicle (at simulation time 20.000,900,000 s)
2024-06-03 18:15:13,757 INFO  - My position is not better! (at simulation time 20.000,900,000 s)
2024-06-03 18:15:13,758 INFO  - Recieve a message from other vehicle (at simulation time 20.001,400,000 s)
2024-06-03 18:15:13,758 INFO  - My position is not better! (at simulation time 20.001,400,000 s)
2024-06-03 18:15:13,759 INFO  - Recieve a message from other vehicle (at simulation time 20.001,900,000 s)
2024-06-03 18:15:13,759 INFO  - My position is not better! (at simulation time 20.001,900,000 s)
2024-06-03 18:15:13,760 INFO  - Recieve a message from other vehicle (at simulation time 20.002,300,000 s)
2024-06-03 18:15:13,760 INFO  - I'm in better position but no more hops in message (at simulation time 20.002,300,000 s)
2024-06-03 18:15:13,760 INFO  - Recieve a message from other vehicle (at simulation time 20.002,400,000 s)
2024-06-03 18:15:13,760 INFO  - My position is not better! (at simulation time 20.002,400,000 s)
2024-06-03 18:15:13,761 INFO  - Recieve a message from other vehicle (at simulation time 20.002,800,000 s)
2024-06-03 18:15:13,761 INFO  - I'm in better position but no more hops in message (at simulation time 20.002,800,000 s)
2024-06-03 18:15:13,761 INFO  - Recieve a message from other vehicle (at simulation time 20.002,800,000 s)
2024-06-03 18:15:13,761 INFO  - My position is not better! (at simulation time 20.002,800,000 s)
2024-06-03 18:15:13,762 INFO  - Recieve a message from RSU (at simulation time 20.216,534,495 s)
2024-06-03 18:15:13,762 INFO  - RSU Stopped me!!! (at simulation time 20.216,534,495 s)
2024-06-03 18:15:13,762 INFO  - Recieve a message from RSU (at simulation time 20.222,256,599 s)
2024-06-03 18:15:13,764 INFO  - Recieve a message from RSU (at simulation time 20.918,814,419 s)
2024-06-03 18:15:13,764 INFO  - Recieve a message from RSU (at simulation time 20.951,292,483 s)
2024-06-03 18:15:13,766 INFO  - Called #onVehicleUpdated (at simulation time 21.000,000,000 s)
2024-06-03 18:15:13,768 INFO  - Recieve a message from other vehicle (at simulation time 21.000,400,000 s)
2024-06-03 18:15:13,768 INFO  - My position is not better! (at simulation time 21.000,400,000 s)
2024-06-03 18:15:13,769 INFO  - Recieve a message from other vehicle (at simulation time 21.000,900,000 s)
2024-06-03 18:15:13,769 INFO  - My position is not better! (at simulation time 21.000,900,000 s)
2024-06-03 18:15:13,769 INFO  - Recieve a message from other vehicle (at simulation time 21.000,900,000 s)
2024-06-03 18:15:13,769 INFO  - My position is not better! (at simulation time 21.000,900,000 s)
2024-06-03 18:15:13,769 INFO  - Recieve a message from other vehicle (at simulation time 21.000,900,000 s)
2024-06-03 18:15:13,769 INFO  - My position is not better! (at simulation time 21.000,900,000 s)
2024-06-03 18:15:13,769 INFO  - Recieve a message from other vehicle (at simulation time 21.001,400,000 s)
2024-06-03 18:15:13,769 INFO  - My position is not better! (at simulation time 21.001,400,000 s)
2024-06-03 18:15:13,769 INFO  - Recieve a message from other vehicle (at simulation time 21.001,800,000 s)
2024-06-03 18:15:13,769 INFO  - I'm in better position but no more hops in message (at simulation time 21.001,800,000 s)
2024-06-03 18:15:13,770 INFO  - Recieve a message from other vehicle (at simulation time 21.001,900,000 s)
2024-06-03 18:15:13,770 INFO  - My position is not better! (at simulation time 21.001,900,000 s)
2024-06-03 18:15:13,770 INFO  - Recieve a message from other vehicle (at simulation time 21.002,400,000 s)
2024-06-03 18:15:13,770 INFO  - I'm in better position but no more hops in message (at simulation time 21.002,400,000 s)
2024-06-03 18:15:13,770 INFO  - Recieve a message from other vehicle (at simulation time 21.002,800,000 s)
2024-06-03 18:15:13,771 INFO  - I'm in better position but no more hops in message (at simulation time 21.002,800,000 s)
2024-06-03 18:15:13,771 INFO  - Recieve a message from other vehicle (at simulation time 21.002,800,000 s)
2024-06-03 18:15:13,771 INFO  - I'm in better position but no more hops in message (at simulation time 21.002,800,000 s)
2024-06-03 18:15:13,771 INFO  - Recieve a message from other vehicle (at simulation time 21.003,300,000 s)
2024-06-03 18:15:13,771 INFO  - I'm in better position but no more hops in message (at simulation time 21.003,300,000 s)
2024-06-03 18:15:13,771 INFO  - Recieve a message from other vehicle (at simulation time 21.003,300,000 s)
2024-06-03 18:15:13,771 INFO  - My position is not better! (at simulation time 21.003,300,000 s)
2024-06-03 18:15:13,771 INFO  - Recieve a message from other vehicle (at simulation time 21.003,800,000 s)
2024-06-03 18:15:13,771 INFO  - I'm in better position but no more hops in message (at simulation time 21.003,800,000 s)
2024-06-03 18:15:13,772 INFO  - Recieve a message from RSU (at simulation time 21.613,238,361 s)
2024-06-03 18:15:13,772 INFO  - Recieve a message from RSU (at simulation time 21.617,551,614 s)
2024-06-03 18:15:13,774 INFO  - Called #onVehicleUpdated (at simulation time 22.000,000,000 s)
2024-06-03 18:15:13,776 INFO  - Sending out AdHoc broadcast (at simulation time 22.000,000,000 s)
2024-06-03 18:15:13,777 INFO  - Recieve a message from other vehicle (at simulation time 22.000,400,000 s)
2024-06-03 18:15:13,777 INFO  - I'm in better position but no more hops in message (at simulation time 22.000,400,000 s)
2024-06-03 18:15:13,777 INFO  - Recieve a message from other vehicle (at simulation time 22.000,900,000 s)
2024-06-03 18:15:13,777 INFO  - My position is not better! (at simulation time 22.000,900,000 s)
2024-06-03 18:15:13,778 INFO  - Recieve a message from other vehicle (at simulation time 22.001,900,000 s)
2024-06-03 18:15:13,778 INFO  - My position is not better! (at simulation time 22.001,900,000 s)
2024-06-03 18:15:13,778 INFO  - Recieve a message from other vehicle (at simulation time 22.001,900,000 s)
2024-06-03 18:15:13,778 INFO  - My position is not better! (at simulation time 22.001,900,000 s)
2024-06-03 18:15:13,778 INFO  - Recieve a message from other vehicle (at simulation time 22.001,900,000 s)
2024-06-03 18:15:13,778 INFO  - My position is not better! (at simulation time 22.001,900,000 s)
2024-06-03 18:15:13,778 INFO  - Recieve a message from other vehicle (at simulation time 22.001,900,000 s)
2024-06-03 18:15:13,778 INFO  - My position is not better! (at simulation time 22.001,900,000 s)
2024-06-03 18:15:13,779 INFO  - Recieve a message from other vehicle (at simulation time 22.002,800,000 s)
2024-06-03 18:15:13,779 INFO  - I'm in better position but no more hops in message (at simulation time 22.002,800,000 s)
2024-06-03 18:15:13,779 INFO  - Recieve a message from other vehicle (at simulation time 22.002,800,000 s)
2024-06-03 18:15:13,779 INFO  - My position is not better! (at simulation time 22.002,800,000 s)
2024-06-03 18:15:13,779 INFO  - Recieve a message from other vehicle (at simulation time 22.003,300,000 s)
2024-06-03 18:15:13,779 INFO  - My position is not better! (at simulation time 22.003,300,000 s)
2024-06-03 18:15:13,780 INFO  - Recieve a message from other vehicle (at simulation time 22.004,800,000 s)
2024-06-03 18:15:13,780 INFO  - My position is not better! (at simulation time 22.004,800,000 s)
2024-06-03 18:15:13,780 INFO  - Recieve a message from RSU (at simulation time 22.319,893,417 s)
2024-06-03 18:15:13,780 INFO  - Recieve a message from RSU (at simulation time 22.324,919,592 s)
2024-06-03 18:15:13,783 INFO  - Called #onVehicleUpdated (at simulation time 23.000,000,000 s)
2024-06-03 18:15:13,785 INFO  - Recieve a message from other vehicle (at simulation time 23.000,400,000 s)
2024-06-03 18:15:13,785 INFO  - My position is not better! (at simulation time 23.000,400,000 s)
2024-06-03 18:15:13,785 INFO  - Recieve a message from other vehicle (at simulation time 23.000,900,000 s)
2024-06-03 18:15:13,785 INFO  - My position is not better! (at simulation time 23.000,900,000 s)
2024-06-03 18:15:13,785 INFO  - Recieve a message from other vehicle (at simulation time 23.000,900,000 s)
2024-06-03 18:15:13,785 INFO  - My position is not better! (at simulation time 23.000,900,000 s)
2024-06-03 18:15:13,786 INFO  - Recieve a message from other vehicle (at simulation time 23.001,400,000 s)
2024-06-03 18:15:13,786 INFO  - My position is not better! (at simulation time 23.001,400,000 s)
2024-06-03 18:15:13,786 INFO  - Recieve a message from other vehicle (at simulation time 23.001,900,000 s)
2024-06-03 18:15:13,786 INFO  - My position is not better! (at simulation time 23.001,900,000 s)
2024-06-03 18:15:13,786 INFO  - Recieve a message from other vehicle (at simulation time 23.001,900,000 s)
2024-06-03 18:15:13,786 INFO  - My position is not better! (at simulation time 23.001,900,000 s)
2024-06-03 18:15:13,786 INFO  - Recieve a message from other vehicle (at simulation time 23.002,300,000 s)
2024-06-03 18:15:13,786 INFO  - My position is not better! (at simulation time 23.002,300,000 s)
2024-06-03 18:15:13,787 INFO  - Recieve a message from other vehicle (at simulation time 23.002,300,000 s)
2024-06-03 18:15:13,787 INFO  - I'm in better position but no more hops in message (at simulation time 23.002,300,000 s)
2024-06-03 18:15:13,787 INFO  - Recieve a message from other vehicle (at simulation time 23.002,400,000 s)
2024-06-03 18:15:13,787 INFO  - I'm in better position but no more hops in message (at simulation time 23.002,400,000 s)
2024-06-03 18:15:13,787 INFO  - Recieve a message from other vehicle (at simulation time 23.003,300,000 s)
2024-06-03 18:15:13,787 INFO  - My position is not better! (at simulation time 23.003,300,000 s)
2024-06-03 18:15:13,787 INFO  - Recieve a message from other vehicle (at simulation time 23.004,300,000 s)
2024-06-03 18:15:13,787 INFO  - My position is not better! (at simulation time 23.004,300,000 s)
2024-06-03 18:15:13,787 INFO  - Recieve a message from other vehicle (at simulation time 23.004,800,000 s)
2024-06-03 18:15:13,787 INFO  - My position is not better! (at simulation time 23.004,800,000 s)
2024-06-03 18:15:13,787 INFO  - Recieve a message from RSU (at simulation time 23.018,639,949 s)
2024-06-03 18:15:13,787 INFO  - Recieve a message from RSU (at simulation time 23.031,706,504 s)
2024-06-03 18:15:13,788 INFO  - Recieve a message from RSU (at simulation time 23.719,729,208 s)
2024-06-03 18:15:13,788 INFO  - Recieve a message from RSU (at simulation time 23.736,692,744 s)
2024-06-03 18:15:13,790 INFO  - Called #onVehicleUpdated (at simulation time 24.000,000,000 s)
2024-06-03 18:15:13,791 INFO  - Sending out AdHoc broadcast (at simulation time 24.000,000,000 s)
2024-06-03 18:15:13,791 INFO  - Recieve a message from other vehicle (at simulation time 24.000,400,000 s)
2024-06-03 18:15:13,791 INFO  - Recending a message from other vehicle (at simulation time 24.000,400,000 s)
2024-06-03 18:15:13,792 INFO  - Recieve a message from other vehicle (at simulation time 24.000,900,000 s)
2024-06-03 18:15:13,792 INFO  - I'm in better position but no more hops in message (at simulation time 24.000,900,000 s)
2024-06-03 18:15:13,792 INFO  - Recieve a message from other vehicle (at simulation time 24.001,800,000 s)
2024-06-03 18:15:13,792 INFO  - I'm in better position but no more hops in message (at simulation time 24.001,800,000 s)
2024-06-03 18:15:13,792 INFO  - Recieve a message from other vehicle (at simulation time 24.001,900,000 s)
2024-06-03 18:15:13,792 INFO  - I'm in better position but no more hops in message (at simulation time 24.001,900,000 s)
2024-06-03 18:15:13,793 INFO  - Recieve a message from other vehicle (at simulation time 24.002,300,000 s)
2024-06-03 18:15:13,793 INFO  - I'm in better position but no more hops in message (at simulation time 24.002,300,000 s)
2024-06-03 18:15:13,793 INFO  - Recieve a message from other vehicle (at simulation time 24.002,400,000 s)
2024-06-03 18:15:13,793 INFO  - My position is not better! (at simulation time 24.002,400,000 s)
2024-06-03 18:15:13,793 INFO  - Recieve a message from other vehicle (at simulation time 24.002,400,000 s)
2024-06-03 18:15:13,793 INFO  - My position is not better! (at simulation time 24.002,400,000 s)
2024-06-03 18:15:13,794 INFO  - Recieve a message from RSU (at simulation time 24.427,797,171 s)
2024-06-03 18:15:13,794 INFO  - Recieve a message from RSU (at simulation time 24.442,734,715 s)
2024-06-03 18:15:13,796 INFO  - Called #onVehicleUpdated (at simulation time 25.000,000,000 s)
2024-06-03 18:15:13,797 INFO  - Recieve a message from other vehicle (at simulation time 25.000,400,000 s)
2024-06-03 18:15:13,797 INFO  - Recending a message from other vehicle (at simulation time 25.000,400,000 s)
2024-06-03 18:15:13,798 INFO  - Recieve a message from other vehicle (at simulation time 25.000,400,000 s)
2024-06-03 18:15:13,798 INFO  - I'm in better position but no more hops in message (at simulation time 25.000,400,000 s)
2024-06-03 18:15:13,798 INFO  - Recieve a message from other vehicle (at simulation time 25.000,800,000 s)
2024-06-03 18:15:13,798 INFO  - I'm in better position but no more hops in message (at simulation time 25.000,800,000 s)
2024-06-03 18:15:13,798 INFO  - Recieve a message from other vehicle (at simulation time 25.002,300,000 s)
2024-06-03 18:15:13,798 INFO  - I'm in better position but no more hops in message (at simulation time 25.002,300,000 s)
2024-06-03 18:15:13,798 INFO  - Recieve a message from other vehicle (at simulation time 25.002,300,000 s)
2024-06-03 18:15:13,798 INFO  - I'm in better position but no more hops in message (at simulation time 25.002,300,000 s)
2024-06-03 18:15:13,798 INFO  - Recieve a message from other vehicle (at simulation time 25.002,400,000 s)
2024-06-03 18:15:13,798 INFO  - My position is not better! (at simulation time 25.002,400,000 s)
2024-06-03 18:15:13,799 INFO  - Recieve a message from other vehicle (at simulation time 25.002,400,000 s)
2024-06-03 18:15:13,799 INFO  - I'm in better position but no more hops in message (at simulation time 25.002,400,000 s)
2024-06-03 18:15:13,799 INFO  - Recieve a message from other vehicle (at simulation time 25.002,400,000 s)
2024-06-03 18:15:13,799 INFO  - I'm in better position but no more hops in message (at simulation time 25.002,400,000 s)
2024-06-03 18:15:13,799 INFO  - Recieve a message from other vehicle (at simulation time 25.002,400,000 s)
2024-06-03 18:15:13,799 INFO  - I'm in better position but no more hops in message (at simulation time 25.002,400,000 s)
2024-06-03 18:15:13,799 INFO  - Recieve a message from other vehicle (at simulation time 25.004,800,000 s)
2024-06-03 18:15:13,799 INFO  - I'm in better position but no more hops in message (at simulation time 25.004,800,000 s)
2024-06-03 18:15:13,799 INFO  - Recieve a message from RSU (at simulation time 25.116,021,299 s)
2024-06-03 18:15:13,799 INFO  - Recieve a message from RSU (at simulation time 25.146,741,612 s)
2024-06-03 18:15:13,799 INFO  - Recieve a message from RSU (at simulation time 25.819,602,455 s)
2024-06-03 18:15:13,799 INFO  - Recieve a message from RSU (at simulation time 25.820,186,036 s)
2024-06-03 18:15:13,801 INFO  - Called #onVehicleUpdated (at simulation time 26.000,000,000 s)
2024-06-03 18:15:13,802 INFO  - Sending out AdHoc broadcast (at simulation time 26.000,000,000 s)
2024-06-03 18:15:13,802 INFO  - Recieve a message from other vehicle (at simulation time 26.000,400,000 s)
2024-06-03 18:15:13,802 INFO  - My position is not better! (at simulation time 26.000,400,000 s)
2024-06-03 18:15:13,802 INFO  - Recieve a message from other vehicle (at simulation time 26.000,900,000 s)
2024-06-03 18:15:13,802 INFO  - My position is not better! (at simulation time 26.000,900,000 s)
2024-06-03 18:15:13,803 INFO  - Recieve a message from RSU (at simulation time 26.523,432,261 s)
2024-06-03 18:15:13,803 INFO  - Recieve a message from RSU (at simulation time 26.524,221,458 s)
2024-06-03 18:15:13,805 INFO  - Called #onVehicleUpdated (at simulation time 27.000,000,000 s)
2024-06-03 18:15:13,806 INFO  - Recieve a message from other vehicle (at simulation time 27.001,400,000 s)
2024-06-03 18:15:13,806 INFO  - My position is not better! (at simulation time 27.001,400,000 s)
2024-06-03 18:15:13,807 INFO  - Recieve a message from RSU (at simulation time 27.216,921,349 s)
2024-06-03 18:15:13,807 INFO  - Recieve a message from RSU (at simulation time 27.245,459,232 s)
2024-06-03 18:15:13,808 INFO  - Recieve a message from RSU (at simulation time 27.918,479,041 s)
2024-06-03 18:15:13,808 INFO  - Recieve a message from RSU (at simulation time 27.925,607,351 s)
2024-06-03 18:15:13,810 INFO  - Called #onVehicleUpdated (at simulation time 28.000,000,000 s)
2024-06-03 18:15:13,811 INFO  - Sending out AdHoc broadcast (at simulation time 28.000,000,000 s)
2024-06-03 18:15:13,814 INFO  - Recieve a message from other vehicle (at simulation time 28.002,400,000 s)
2024-06-03 18:15:13,814 INFO  - My position is not better! (at simulation time 28.002,400,000 s)
2024-06-03 18:15:13,814 INFO  - Recieve a message from other vehicle (at simulation time 28.002,400,000 s)
2024-06-03 18:15:13,814 INFO  - My position is not better! (at simulation time 28.002,400,000 s)
2024-06-03 18:15:13,814 INFO  - Recieve a message from RSU (at simulation time 28.627,478,859 s)
2024-06-03 18:15:13,814 INFO  - Recieve a message from RSU (at simulation time 28.631,849,028 s)
2024-06-03 18:15:13,816 INFO  - Called #onVehicleUpdated (at simulation time 29.000,000,000 s)
2024-06-03 18:15:13,816 INFO  - Recieve a message from other vehicle (at simulation time 29.001,400,000 s)
2024-06-03 18:15:13,816 INFO  - My position is not better! (at simulation time 29.001,400,000 s)
2024-06-03 18:15:13,816 INFO  - Recieve a message from RSU (at simulation time 29.324,734,148 s)
2024-06-03 18:15:13,816 INFO  - Recieve a message from RSU (at simulation time 29.335,299,532 s)
2024-06-03 18:15:13,818 INFO  - Called #onVehicleUpdated (at simulation time 30.000,000,000 s)
