2024-06-03 18:34:58,555 WARN  SumoGuiAmbassador - The file scenarios/npr/sumo/sumo_config.json does not exist.
2024-06-03 18:34:58,557 INFO  SumoGuiAmbassador - sumoConfig.updateInterval: 1000
2024-06-03 18:34:58,558 INFO  SumoGuiAmbassador - sumoConfig.sumoConfigurationFile: null
2024-06-03 18:34:58,564 INFO  SumoGuiAmbassador - Found a SUMO configuration file: scenarios/npr/sumo/npr.sumocfg
2024-06-03 18:34:58,564 INFO  SumoGuiAmbassador - sumoConfig.sumoConfigurationFile: npr.sumocfg
2024-06-03 18:34:58,595 INFO  SumoGuiAmbassador - Simulation step size is 1.0 sec.
2024-06-03 18:34:59,486 INFO  SumoVehicleTypesWriter - ./tmp/sumo/mosaic_types.add.xml file successfully written.
2024-06-03 18:34:59,486 INFO  SumoGuiAmbassador - Start Federate local
2024-06-03 18:34:59,486 INFO  SumoGuiAmbassador - Directory: ./tmp/sumo
2024-06-03 18:34:59,496 WARN  SumoGuiAmbassador - Error while connecting to SUMO. Retrying.
2024-06-03 18:35:00,513 INFO  SumoGuiAmbassador - Process sumo: Loading configuration ... done.
2024-06-03 18:35:02,654 WARN  TraciClientBridge - This TraCI API version 21 is currently not supported (but might work anyhow).
2024-06-03 18:35:02,667 INFO  SumoGuiAmbassador - Current API version of SUMO is 20 (=SUMO 1.18.*)
2024-06-03 18:35:02,748 WARN  TrafficLightGetControlledJunctions - Could not return list of controlled junctions for traffic light. Not implemented in SUMO yet.
2024-06-03 18:35:02,865 INFO  SumoGuiAmbassador - TrafficLightSubscription interaction received at simulation time 0.000,000,000 s: Subscribe to Traffic light group with ID=J9
2024-06-03 18:35:02,880 INFO  SumoGuiAmbassador - Receive TrafficLightStateChange request
2024-06-03 18:35:02,881 INFO  SumoGuiAmbassador - Changing program of traffic light group 'J9' to program id '0'
2024-06-03 18:35:03,659 INFO  SumoGuiAmbassador - VehicleRegistration from RTI "veh_0" received at simulation time 5000000000 ns (subscribe=true)
2024-06-03 18:35:03,659 INFO  SumoGuiAmbassador - VehicleRegistration from RTI "veh_1" received at simulation time 5000000000 ns (subscribe=true)
2024-06-03 18:35:03,659 INFO  SumoGuiAmbassador - VehicleRegistration from RTI "veh_2" received at simulation time 5000000000 ns (subscribe=true)
2024-06-03 18:35:03,659 INFO  SumoGuiAmbassador - VehicleRegistration from RTI "veh_3" received at simulation time 5000000000 ns (subscribe=true)
2024-06-03 18:35:03,659 INFO  SumoGuiAmbassador - VehicleRegistration from RTI "veh_4" received at simulation time 5000000000 ns (subscribe=true)
2024-06-03 18:35:03,659 INFO  SumoGuiAmbassador - VehicleRegistration from RTI "veh_5" received at simulation time 5000000000 ns (subscribe=true)
2024-06-03 18:35:03,661 INFO  SumoGuiAmbassador - Adding new vehicle "veh_0" at simulation time 5000000000 ns (type=Car, routeId=r_0, laneId=best, departPos=0.00)
2024-06-03 18:35:03,662 INFO  SumoGuiAmbassador - Adding new vehicle "veh_1" at simulation time 5000000000 ns (type=Car, routeId=r_2, laneId=best, departPos=0.00)
2024-06-03 18:35:03,663 INFO  SumoGuiAmbassador - Adding new vehicle "veh_2" at simulation time 5000000000 ns (type=Car, routeId=r_1, laneId=best, departPos=0.00)
2024-06-03 18:35:03,664 INFO  SumoGuiAmbassador - Adding new vehicle "veh_3" at simulation time 5000000000 ns (type=Car, routeId=r_4, laneId=best, departPos=0.00)
2024-06-03 18:35:03,665 INFO  SumoGuiAmbassador - Adding new vehicle "veh_4" at simulation time 5000000000 ns (type=Car, routeId=r_3, laneId=best, departPos=0.00)
2024-06-03 18:35:03,665 INFO  SumoGuiAmbassador - Adding new vehicle "veh_5" at simulation time 5000000000 ns (type=Car, routeId=r_5, laneId=best, departPos=0.00)
2024-06-03 18:35:05,277 INFO  SumoGuiAmbassador - Receive VehicleSpeedChange request at simulation time 13.224,785,363 s: vehicleId="veh_3", targetSpeed=0.0m/s, interval=0ms
2024-06-03 18:35:05,277 INFO  SumoGuiAmbassador - Receive VehicleSpeedChange request at simulation time 13.229,738,016 s: vehicleId="veh_5", targetSpeed=0.0m/s, interval=0ms
2024-06-03 18:35:05,466 INFO  SumoGuiAmbassador - Receive VehicleSpeedChange request at simulation time 14.000,900,000 s: vehicleId="veh_3", targetSpeed=0.0m/s, interval=0ms
2024-06-03 18:35:05,480 INFO  SumoGuiAmbassador - Receive VehicleSpeedChange request at simulation time 14.625,859,252 s: vehicleId="veh_1", targetSpeed=0.0m/s, interval=0ms
2024-06-03 18:35:05,672 INFO  SumoGuiAmbassador - Receive VehicleSlowDown request at simulation time 15.000,400,000 s: vehicleId="veh_5", targetSpeed=3.0m/s, interval=5000000000ms
2024-06-03 18:35:05,672 INFO  SumoGuiAmbassador - Receive VehicleSlowDown request at simulation time 15.000,400,000 s: vehicleId="veh_3", targetSpeed=3.0m/s, interval=5000000000ms
2024-06-03 18:35:05,674 INFO  SumoGuiAmbassador - Receive VehicleSlowDown request at simulation time 15.000,800,000 s: vehicleId="veh_4", targetSpeed=3.0m/s, interval=5000000000ms
2024-06-03 18:35:05,676 INFO  SumoGuiAmbassador - Receive VehicleSlowDown request at simulation time 15.001,300,000 s: vehicleId="veh_2", targetSpeed=3.0m/s, interval=5000000000ms
2024-06-03 18:35:05,676 INFO  SumoGuiAmbassador - Receive VehicleSlowDown request at simulation time 15.001,300,000 s: vehicleId="veh_0", targetSpeed=3.0m/s, interval=5000000000ms
2024-06-03 18:35:05,676 INFO  SumoGuiAmbassador - Receive VehicleSlowDown request at simulation time 15.001,300,000 s: vehicleId="veh_1", targetSpeed=3.0m/s, interval=5000000000ms
2024-06-03 18:35:05,678 INFO  SumoGuiAmbassador - Receive VehicleSlowDown request at simulation time 15.001,400,000 s: vehicleId="veh_0", targetSpeed=3.0m/s, interval=5000000000ms
2024-06-03 18:35:05,679 INFO  SumoGuiAmbassador - Receive VehicleSlowDown request at simulation time 15.001,800,000 s: vehicleId="veh_3", targetSpeed=3.0m/s, interval=5000000000ms
2024-06-03 18:35:05,681 INFO  SumoGuiAmbassador - Receive VehicleSlowDown request at simulation time 15.001,900,000 s: vehicleId="veh_4", targetSpeed=3.0m/s, interval=5000000000ms
2024-06-03 18:35:05,681 INFO  SumoGuiAmbassador - Receive VehicleSlowDown request at simulation time 15.001,900,000 s: vehicleId="veh_2", targetSpeed=3.0m/s, interval=5000000000ms
2024-06-03 18:35:05,684 INFO  SumoGuiAmbassador - Receive VehicleSpeedChange request at simulation time 15.323,254,660 s: vehicleId="veh_0", targetSpeed=0.0m/s, interval=0ms
2024-06-03 18:35:05,865 INFO  SumoGuiAmbassador - Receive VehicleSlowDown request at simulation time 16.000,900,000 s: vehicleId="veh_4", targetSpeed=3.0m/s, interval=5000000000ms
2024-06-03 18:35:05,869 INFO  SumoGuiAmbassador - Receive VehicleSlowDown request at simulation time 16.001,400,000 s: vehicleId="veh_0", targetSpeed=3.0m/s, interval=5000000000ms
2024-06-03 18:35:05,869 INFO  SumoGuiAmbassador - Receive VehicleSlowDown request at simulation time 16.001,400,000 s: vehicleId="veh_1", targetSpeed=3.0m/s, interval=5000000000ms
2024-06-03 18:35:05,870 INFO  SumoGuiAmbassador - Receive VehicleSlowDown request at simulation time 16.001,800,000 s: vehicleId="veh_5", targetSpeed=3.0m/s, interval=5000000000ms
2024-06-03 18:35:05,871 INFO  SumoGuiAmbassador - Receive VehicleSlowDown request at simulation time 16.001,800,000 s: vehicleId="veh_3", targetSpeed=3.0m/s, interval=5000000000ms
2024-06-03 18:35:05,873 INFO  SumoGuiAmbassador - Receive VehicleSlowDown request at simulation time 16.002,300,000 s: vehicleId="veh_2", targetSpeed=3.0m/s, interval=5000000000ms
2024-06-03 18:35:05,873 INFO  SumoGuiAmbassador - Receive VehicleSlowDown request at simulation time 16.002,300,000 s: vehicleId="veh_0", targetSpeed=3.0m/s, interval=5000000000ms
2024-06-03 18:35:05,875 INFO  SumoGuiAmbassador - Receive VehicleSlowDown request at simulation time 16.002,400,000 s: vehicleId="veh_5", targetSpeed=3.0m/s, interval=5000000000ms
2024-06-03 18:35:05,875 INFO  SumoGuiAmbassador - Receive VehicleSlowDown request at simulation time 16.002,400,000 s: vehicleId="veh_3", targetSpeed=3.0m/s, interval=5000000000ms
2024-06-03 18:35:05,876 INFO  SumoGuiAmbassador - Receive VehicleSlowDown request at simulation time 16.002,800,000 s: vehicleId="veh_1", targetSpeed=3.0m/s, interval=5000000000ms
2024-06-03 18:35:06,070 INFO  SumoGuiAmbassador - Receive VehicleSpeedChange request at simulation time 17.417,653,523 s: vehicleId="veh_4", targetSpeed=0.0m/s, interval=0ms
2024-06-03 18:35:06,263 INFO  SumoGuiAmbassador - Receive VehicleSpeedChange request at simulation time 18.001,900,000 s: vehicleId="veh_1", targetSpeed=0.0m/s, interval=0ms
2024-06-03 18:35:06,266 INFO  SumoGuiAmbassador - Receive VehicleSpeedChange request at simulation time 18.111,768,958 s: vehicleId="veh_2", targetSpeed=0.0m/s, interval=0ms
2024-06-03 18:35:07,057 INFO  SumoGuiAmbassador - Receive VehicleSpeedChange request at simulation time 22.000,900,000 s: vehicleId="veh_5", targetSpeed=0.0m/s, interval=0ms
2024-06-03 18:35:07,855 INFO  SumoGuiAmbassador - Receive VehicleSpeedChange request at simulation time 26.001,400,000 s: vehicleId="veh_0", targetSpeed=0.0m/s, interval=0ms
2024-06-03 18:35:08,251 INFO  SimulationFacade - Removed vehicle "veh_1" at simulation time 28000000000ns
2024-06-03 18:35:08,452 INFO  SimulationFacade - Removed vehicle "veh_3" at simulation time 29000000000ns
2024-06-03 18:35:08,658 INFO  SumoGuiAmbassador - Receive VehicleSpeedChange request at simulation time 30.002,400,000 s: vehicleId="veh_4", targetSpeed=0.0m/s, interval=0ms
2024-06-03 18:35:08,853 INFO  SimulationFacade - Removed vehicle "veh_5" at simulation time 31000000000ns
2024-06-03 18:35:09,254 INFO  SimulationFacade - Removed vehicle "veh_0" at simulation time 33000000000ns
2024-06-03 18:35:09,456 INFO  SumoGuiAmbassador - Receive VehicleSpeedChange request at simulation time 34.000,400,000 s: vehicleId="veh_2", targetSpeed=0.0m/s, interval=0ms
2024-06-03 18:35:10,858 INFO  SimulationFacade - Removed vehicle "veh_4" at simulation time 41000000000ns
2024-06-03 18:35:10,860 INFO  SumoGuiAmbassador - VehicleRegistration from RTI "veh_6" received at simulation time 41000000000 ns (subscribe=true)
2024-06-03 18:35:10,860 INFO  SumoGuiAmbassador - VehicleRegistration from RTI "veh_7" received at simulation time 41000000000 ns (subscribe=true)
2024-06-03 18:35:10,860 INFO  SumoGuiAmbassador - VehicleRegistration from RTI "veh_8" received at simulation time 41000000000 ns (subscribe=true)
2024-06-03 18:35:10,860 INFO  SumoGuiAmbassador - VehicleRegistration from RTI "veh_9" received at simulation time 41000000000 ns (subscribe=true)
2024-06-03 18:35:10,860 INFO  SumoGuiAmbassador - VehicleRegistration from RTI "veh_10" received at simulation time 41000000000 ns (subscribe=true)
2024-06-03 18:35:10,860 INFO  SumoGuiAmbassador - VehicleRegistration from RTI "veh_11" received at simulation time 41000000000 ns (subscribe=true)
2024-06-03 18:35:10,861 INFO  SumoGuiAmbassador - Adding new vehicle "veh_6" at simulation time 41000000000 ns (type=Car, routeId=r_0, laneId=best, departPos=0.00)
2024-06-03 18:35:10,863 INFO  SumoGuiAmbassador - Adding new vehicle "veh_7" at simulation time 41000000000 ns (type=Car, routeId=r_2, laneId=best, departPos=0.00)
2024-06-03 18:35:10,865 INFO  SumoGuiAmbassador - Adding new vehicle "veh_8" at simulation time 41000000000 ns (type=Car, routeId=r_1, laneId=best, departPos=0.00)
2024-06-03 18:35:10,867 INFO  SumoGuiAmbassador - Adding new vehicle "veh_9" at simulation time 41000000000 ns (type=Car, routeId=r_4, laneId=best, departPos=0.00)
2024-06-03 18:35:10,868 INFO  SumoGuiAmbassador - Adding new vehicle "veh_10" at simulation time 41000000000 ns (type=Car, routeId=r_3, laneId=best, departPos=0.00)
2024-06-03 18:35:10,868 INFO  SumoGuiAmbassador - Adding new vehicle "veh_11" at simulation time 41000000000 ns (type=Car, routeId=r_5, laneId=best, departPos=0.00)
2024-06-03 18:35:11,858 INFO  SimulationFacade - Removed vehicle "veh_2" at simulation time 46000000000ns
2024-06-03 18:35:12,466 INFO  SumoGuiAmbassador - Receive VehicleSpeedChange request at simulation time 49.616,290,620 s: vehicleId="veh_11", targetSpeed=0.0m/s, interval=0ms
2024-06-03 18:35:12,674 INFO  SumoGuiAmbassador - Receive VehicleSpeedChange request at simulation time 50.314,925,529 s: vehicleId="veh_6", targetSpeed=0.0m/s, interval=0ms
2024-06-03 18:35:12,675 INFO  SumoGuiAmbassador - Receive VehicleSpeedChange request at simulation time 50.329,692,811 s: vehicleId="veh_7", targetSpeed=0.0m/s, interval=0ms
2024-06-03 18:35:12,675 INFO  SumoGuiAmbassador - Receive VehicleSpeedChange request at simulation time 50.331,290,933 s: vehicleId="veh_9", targetSpeed=0.0m/s, interval=0ms
2024-06-03 18:35:12,867 INFO  SumoGuiAmbassador - Receive VehicleSlowDown request at simulation time 51.001,400,000 s: vehicleId="veh_10", targetSpeed=3.0m/s, interval=5000000000ms
2024-06-03 18:35:12,868 INFO  SumoGuiAmbassador - Receive VehicleSlowDown request at simulation time 51.001,400,000 s: vehicleId="veh_7", targetSpeed=3.0m/s, interval=5000000000ms
2024-06-03 18:35:12,869 INFO  SumoGuiAmbassador - Receive VehicleSlowDown request at simulation time 51.001,800,000 s: vehicleId="veh_11", targetSpeed=3.0m/s, interval=5000000000ms
2024-06-03 18:35:12,869 INFO  SumoGuiAmbassador - Receive VehicleSlowDown request at simulation time 51.001,800,000 s: vehicleId="veh_7", targetSpeed=3.0m/s, interval=5000000000ms
2024-06-03 18:35:12,871 INFO  SumoGuiAmbassador - Receive VehicleSlowDown request at simulation time 51.001,900,000 s: vehicleId="veh_8", targetSpeed=3.0m/s, interval=5000000000ms
2024-06-03 18:35:12,871 INFO  SumoGuiAmbassador - Receive VehicleSlowDown request at simulation time 51.002,300,000 s: vehicleId="veh_9", targetSpeed=3.0m/s, interval=5000000000ms
2024-06-03 18:35:12,872 INFO  SumoGuiAmbassador - Receive VehicleSlowDown request at simulation time 51.002,400,000 s: vehicleId="veh_9", targetSpeed=3.0m/s, interval=5000000000ms
2024-06-03 18:35:12,873 INFO  SumoGuiAmbassador - Receive VehicleSlowDown request at simulation time 51.002,400,000 s: vehicleId="veh_11", targetSpeed=3.0m/s, interval=5000000000ms
2024-06-03 18:35:12,873 INFO  SumoGuiAmbassador - Receive VehicleSlowDown request at simulation time 51.002,800,000 s: vehicleId="veh_6", targetSpeed=3.0m/s, interval=5000000000ms
2024-06-03 18:35:13,071 INFO  SumoGuiAmbassador - Receive VehicleSpeedChange request at simulation time 52.414,330,787 s: vehicleId="veh_10", targetSpeed=0.0m/s, interval=0ms
2024-06-03 18:35:13,462 INFO  SumoGuiAmbassador - Receive VehicleSpeedChange request at simulation time 54.002,400,000 s: vehicleId="veh_7", targetSpeed=0.0m/s, interval=0ms
2024-06-03 18:35:13,874 INFO  SumoGuiAmbassador - Receive VehicleSpeedChange request at simulation time 56.619,618,919 s: vehicleId="veh_8", targetSpeed=0.0m/s, interval=0ms
2024-06-03 18:35:14,291 INFO  SumoGuiAmbassador - Receive VehicleSpeedChange request at simulation time 58.001,400,000 s: vehicleId="veh_11", targetSpeed=0.0m/s, interval=0ms
2024-06-03 18:35:15,067 INFO  SumoGuiAmbassador - Receive VehicleSpeedChange request at simulation time 62.001,900,000 s: vehicleId="veh_6", targetSpeed=0.0m/s, interval=0ms
2024-06-03 18:35:15,462 INFO  SimulationFacade - Removed vehicle "veh_7" at simulation time 64000000000ns
2024-06-03 18:35:15,861 INFO  SimulationFacade - Removed vehicle "veh_9" at simulation time 66000000000ns
2024-06-03 18:35:15,863 INFO  SumoGuiAmbassador - Receive VehicleSpeedChange request at simulation time 66.000,400,000 s: vehicleId="veh_10", targetSpeed=0.0m/s, interval=0ms
2024-06-03 18:35:16,061 INFO  SimulationFacade - Removed vehicle "veh_11" at simulation time 67000000000ns
2024-06-03 18:35:16,262 INFO  SimulationFacade - Removed vehicle "veh_6" at simulation time 68000000000ns
2024-06-03 18:35:16,666 INFO  SumoGuiAmbassador - Receive VehicleSpeedChange request at simulation time 70.001,400,000 s: vehicleId="veh_8", targetSpeed=0.0m/s, interval=0ms
2024-06-03 18:35:17,677 ERROR TraciClientBridge - Close all TraCI streams due to an error
java.io.EOFException: null
	at java.base/java.io.DataInputStream.readInt(DataInputStream.java:397)
	at org.eclipse.mosaic.fed.sumo.bridge.traci.AbstractTraciCommand.readResults(AbstractTraciCommand.java:236)
	at org.eclipse.mosaic.fed.sumo.bridge.traci.AbstractTraciCommand.executeAndReturnList(AbstractTraciCommand.java:131)
	at org.eclipse.mosaic.fed.sumo.bridge.traci.SimulationSimulateStep.execute(SimulationSimulateStep.java:64)
	at org.eclipse.mosaic.fed.sumo.bridge.facades.SimulationFacade.simulateUntil(SimulationFacade.java:435)
	at org.eclipse.mosaic.fed.sumo.ambassador.AbstractSumoAmbassador.processTimeAdvanceGrant(AbstractSumoAmbassador.java:1227)
	at org.eclipse.mosaic.rti.api.AbstractFederateAmbassador.advanceTime(AbstractFederateAmbassador.java:110)
	at org.eclipse.mosaic.rti.time.SequentialTimeManagement.runSimulation(SequentialTimeManagement.java:91)
	at org.eclipse.mosaic.starter.MosaicSimulation.runSimulation(MosaicSimulation.java:193)
	at org.eclipse.mosaic.starter.MosaicStarter.execute(MosaicStarter.java:132)
	at org.eclipse.mosaic.starter.MosaicStarter.main(MosaicStarter.java:74)
2024-06-03 18:35:17,683 ERROR SumoGuiAmbassador - Error during advanceTime(75000000000)
org.eclipse.mosaic.rti.api.InternalFederateException: Error during reading response from TraCI command SimulationSimulateStep.
	at org.eclipse.mosaic.fed.sumo.bridge.traci.AbstractTraciCommand.readResults(AbstractTraciCommand.java:294)
	at org.eclipse.mosaic.fed.sumo.bridge.traci.AbstractTraciCommand.executeAndReturnList(AbstractTraciCommand.java:131)
	at org.eclipse.mosaic.fed.sumo.bridge.traci.SimulationSimulateStep.execute(SimulationSimulateStep.java:64)
	at org.eclipse.mosaic.fed.sumo.bridge.facades.SimulationFacade.simulateUntil(SimulationFacade.java:435)
	at org.eclipse.mosaic.fed.sumo.ambassador.AbstractSumoAmbassador.processTimeAdvanceGrant(AbstractSumoAmbassador.java:1227)
	at org.eclipse.mosaic.rti.api.AbstractFederateAmbassador.advanceTime(AbstractFederateAmbassador.java:110)
	at org.eclipse.mosaic.rti.time.SequentialTimeManagement.runSimulation(SequentialTimeManagement.java:91)
	at org.eclipse.mosaic.starter.MosaicSimulation.runSimulation(MosaicSimulation.java:193)
	at org.eclipse.mosaic.starter.MosaicStarter.execute(MosaicStarter.java:132)
	at org.eclipse.mosaic.starter.MosaicStarter.main(MosaicStarter.java:74)
Caused by: java.io.EOFException: null
	at java.base/java.io.DataInputStream.readInt(DataInputStream.java:397)
	at org.eclipse.mosaic.fed.sumo.bridge.traci.AbstractTraciCommand.readResults(AbstractTraciCommand.java:236)
	... 9 common frames omitted
2024-06-03 18:35:17,685 ERROR TraciClientBridge - Close all TraCI streams due to an error
java.net.SocketException: Socket closed
	at java.base/java.net.SocketOutputStream.socketWrite(SocketOutputStream.java:113)
	at java.base/java.net.SocketOutputStream.write(SocketOutputStream.java:129)
	at java.base/java.io.DataOutputStream.writeInt(DataOutputStream.java:197)
	at org.eclipse.mosaic.fed.sumo.bridge.traci.AbstractTraciCommand.sendMessageToTraci(AbstractTraciCommand.java:196)
	at org.eclipse.mosaic.fed.sumo.bridge.traci.AbstractTraciCommand.execute(AbstractTraciCommand.java:113)
	at org.eclipse.mosaic.fed.sumo.bridge.traci.SimulationClose.execute(SimulationClose.java:52)
	at org.eclipse.mosaic.fed.sumo.bridge.TraciClientBridge.close(TraciClientBridge.java:179)
	at org.eclipse.mosaic.fed.sumo.ambassador.SumoGuiAmbassador.finishSimulation(SumoGuiAmbassador.java:68)
	at org.eclipse.mosaic.rti.time.AbstractTimeManagement.finishSimulationRun(AbstractTimeManagement.java:164)
	at org.eclipse.mosaic.starter.MosaicSimulation.runSimulation(MosaicSimulation.java:202)
	at org.eclipse.mosaic.starter.MosaicStarter.execute(MosaicStarter.java:132)
	at org.eclipse.mosaic.starter.MosaicStarter.main(MosaicStarter.java:74)
2024-06-03 18:35:17,686 ERROR TraciClientBridge - Simulation could not be closed properly.
org.eclipse.mosaic.rti.api.InternalFederateException: Error during executing TraCI command SimulationClose
	at org.eclipse.mosaic.fed.sumo.bridge.traci.AbstractTraciCommand.sendMessageToTraci(AbstractTraciCommand.java:216)
	at org.eclipse.mosaic.fed.sumo.bridge.traci.AbstractTraciCommand.execute(AbstractTraciCommand.java:113)
	at org.eclipse.mosaic.fed.sumo.bridge.traci.SimulationClose.execute(SimulationClose.java:52)
	at org.eclipse.mosaic.fed.sumo.bridge.TraciClientBridge.close(TraciClientBridge.java:179)
	at org.eclipse.mosaic.fed.sumo.ambassador.SumoGuiAmbassador.finishSimulation(SumoGuiAmbassador.java:68)
	at org.eclipse.mosaic.rti.time.AbstractTimeManagement.finishSimulationRun(AbstractTimeManagement.java:164)
	at org.eclipse.mosaic.starter.MosaicSimulation.runSimulation(MosaicSimulation.java:202)
	at org.eclipse.mosaic.starter.MosaicStarter.execute(MosaicStarter.java:132)
	at org.eclipse.mosaic.starter.MosaicStarter.main(MosaicStarter.java:74)
Caused by: java.net.SocketException: Socket closed
	at java.base/java.net.SocketOutputStream.socketWrite(SocketOutputStream.java:113)
	at java.base/java.net.SocketOutputStream.write(SocketOutputStream.java:129)
	at java.base/java.io.DataOutputStream.writeInt(DataOutputStream.java:197)
	at org.eclipse.mosaic.fed.sumo.bridge.traci.AbstractTraciCommand.sendMessageToTraci(AbstractTraciCommand.java:196)
	... 8 common frames omitted
