2024-06-03 19:40:59,617 INFO  - Initialize Vehicle application (at simulation time 187.000,000,000 s)
2024-06-03 19:40:59,619 INFO  - Activated WLAN Module (at simulation time 187.000,000,000 s)
2024-06-03 19:40:59,621 INFO  - Called #onVehicleUpdated (at simulation time 187.000,000,000 s)
2024-06-03 19:40:59,623 INFO  - Recieve a message from other vehicle (at simulation time 187.001,900,000 s)
2024-06-03 19:40:59,623 INFO  - My position is not better! (at simulation time 187.001,900,000 s)
2024-06-03 19:40:59,623 INFO  - Recieve a message from other vehicle (at simulation time 187.001,900,000 s)
2024-06-03 19:40:59,623 INFO  - My position is not better! (at simulation time 187.001,900,000 s)
2024-06-03 19:40:59,967 INFO  - Called #onVehicleUpdated (at simulation time 188.000,000,000 s)
2024-06-03 19:40:59,967 INFO  - Define the name: veh_32 and route: r_1 (at simulation time 188.000,000,000 s)
2024-06-03 19:40:59,967 INFO  - Sending out AdHoc broadcast (at simulation time 188.000,000,000 s)
2024-06-03 19:40:59,967 INFO  - Recieve a message from other vehicle (at simulation time 188.001,900,000 s)
2024-06-03 19:40:59,967 INFO  - My position is not better! (at simulation time 188.001,900,000 s)
2024-06-03 19:40:59,967 INFO  - Recieve a message from other vehicle (at simulation time 188.002,300,000 s)
2024-06-03 19:40:59,967 INFO  - My position is not better! (at simulation time 188.002,300,000 s)
2024-06-03 19:40:59,967 INFO  - Recieve a message from other vehicle (at simulation time 188.002,400,000 s)
2024-06-03 19:40:59,967 INFO  - My position is not better! (at simulation time 188.002,400,000 s)
2024-06-03 19:41:00,317 INFO  - Called #onVehicleUpdated (at simulation time 189.000,000,000 s)
2024-06-03 19:41:00,318 INFO  - Recieve a message from other vehicle (at simulation time 189.001,400,000 s)
2024-06-03 19:41:00,318 INFO  - My position is not better! (at simulation time 189.001,400,000 s)
2024-06-03 19:41:00,318 INFO  - Recieve a message from other vehicle (at simulation time 189.001,900,000 s)
2024-06-03 19:41:00,318 INFO  - My position is not better! (at simulation time 189.001,900,000 s)
2024-06-03 19:41:00,318 INFO  - Recieve a message from other vehicle (at simulation time 189.002,400,000 s)
2024-06-03 19:41:00,318 INFO  - My position is not better! (at simulation time 189.002,400,000 s)
2024-06-03 19:41:00,668 INFO  - Called #onVehicleUpdated (at simulation time 190.000,000,000 s)
2024-06-03 19:41:00,668 INFO  - Sending out AdHoc broadcast (at simulation time 190.000,000,000 s)
2024-06-03 19:41:00,669 INFO  - Recieve a message from other vehicle (at simulation time 190.000,400,000 s)
2024-06-03 19:41:00,669 INFO  - My position is not better! (at simulation time 190.000,400,000 s)
2024-06-03 19:41:00,669 INFO  - Recieve a message from other vehicle (at simulation time 190.001,400,000 s)
2024-06-03 19:41:00,669 INFO  - My position is not better! (at simulation time 190.001,400,000 s)
2024-06-03 19:41:00,669 INFO  - Recieve a message from other vehicle (at simulation time 190.001,900,000 s)
2024-06-03 19:41:00,669 INFO  - My position is not better! (at simulation time 190.001,900,000 s)
2024-06-03 19:41:00,669 INFO  - Recieve a message from other vehicle (at simulation time 190.003,300,000 s)
2024-06-03 19:41:00,669 INFO  - My position is not better! (at simulation time 190.003,300,000 s)
2024-06-03 19:41:01,018 INFO  - Called #onVehicleUpdated (at simulation time 191.000,000,000 s)
2024-06-03 19:41:01,019 INFO  - Recieve a message from other vehicle (at simulation time 191.000,400,000 s)
2024-06-03 19:41:01,019 INFO  - My position is not better! (at simulation time 191.000,400,000 s)
2024-06-03 19:41:01,019 INFO  - Recieve a message from other vehicle (at simulation time 191.000,900,000 s)
2024-06-03 19:41:01,019 INFO  - My position is not better! (at simulation time 191.000,900,000 s)
2024-06-03 19:41:01,019 INFO  - Recieve a message from other vehicle (at simulation time 191.000,900,000 s)
2024-06-03 19:41:01,019 INFO  - My position is not better! (at simulation time 191.000,900,000 s)
2024-06-03 19:41:01,019 INFO  - Recieve a message from other vehicle (at simulation time 191.000,900,000 s)
2024-06-03 19:41:01,019 INFO  - My position is not better! (at simulation time 191.000,900,000 s)
2024-06-03 19:41:01,369 INFO  - Called #onVehicleUpdated (at simulation time 192.000,000,000 s)
2024-06-03 19:41:01,369 INFO  - Sending out AdHoc broadcast (at simulation time 192.000,000,000 s)
2024-06-03 19:41:01,370 INFO  - Recieve a message from other vehicle (at simulation time 192.000,400,000 s)
2024-06-03 19:41:01,370 INFO  - My position is not better! (at simulation time 192.000,400,000 s)
2024-06-03 19:41:01,370 INFO  - Recieve a message from other vehicle (at simulation time 192.001,400,000 s)
2024-06-03 19:41:01,370 INFO  - My position is not better! (at simulation time 192.001,400,000 s)
2024-06-03 19:41:01,371 INFO  - Recieve a message from other vehicle (at simulation time 192.002,300,000 s)
2024-06-03 19:41:01,371 INFO  - My position is not better! (at simulation time 192.002,300,000 s)
2024-06-03 19:41:01,371 INFO  - Recieve a message from other vehicle (at simulation time 192.002,300,000 s)
2024-06-03 19:41:01,371 INFO  - My position is not better! (at simulation time 192.002,300,000 s)
2024-06-03 19:41:01,371 INFO  - Recieve a message from other vehicle (at simulation time 192.002,400,000 s)
2024-06-03 19:41:01,371 INFO  - My position is not better! (at simulation time 192.002,400,000 s)
2024-06-03 19:41:01,371 INFO  - Recieve a message from other vehicle (at simulation time 192.003,800,000 s)
2024-06-03 19:41:01,371 INFO  - My position is not better! (at simulation time 192.003,800,000 s)
2024-06-03 19:41:01,720 INFO  - Called #onVehicleUpdated (at simulation time 193.000,000,000 s)
2024-06-03 19:41:01,722 INFO  - Recieve a message from other vehicle (at simulation time 193.000,400,000 s)
2024-06-03 19:41:01,722 INFO  - My position is not better! (at simulation time 193.000,400,000 s)
2024-06-03 19:41:01,723 INFO  - Recieve a message from other vehicle (at simulation time 193.001,400,000 s)
2024-06-03 19:41:01,723 INFO  - My position is not better! (at simulation time 193.001,400,000 s)
2024-06-03 19:41:01,724 INFO  - Recieve a message from other vehicle (at simulation time 193.001,900,000 s)
2024-06-03 19:41:01,724 INFO  - My position is not better! (at simulation time 193.001,900,000 s)
2024-06-03 19:41:01,724 INFO  - Recieve a message from other vehicle (at simulation time 193.001,900,000 s)
2024-06-03 19:41:01,724 INFO  - My position is not better! (at simulation time 193.001,900,000 s)
2024-06-03 19:41:02,070 INFO  - Called #onVehicleUpdated (at simulation time 194.000,000,000 s)
2024-06-03 19:41:02,070 INFO  - Sending out AdHoc broadcast (at simulation time 194.000,000,000 s)
2024-06-03 19:41:02,071 INFO  - Recieve a message from other vehicle (at simulation time 194.000,400,000 s)
2024-06-03 19:41:02,071 INFO  - My position is not better! (at simulation time 194.000,400,000 s)
2024-06-03 19:41:02,071 INFO  - Recieve a message from other vehicle (at simulation time 194.000,400,000 s)
2024-06-03 19:41:02,072 INFO  - My position is not better! (at simulation time 194.000,400,000 s)
2024-06-03 19:41:02,072 INFO  - Recieve a message from other vehicle (at simulation time 194.000,800,000 s)
2024-06-03 19:41:02,072 INFO  - My position is not better! (at simulation time 194.000,800,000 s)
2024-06-03 19:41:02,073 INFO  - Recieve a message from other vehicle (at simulation time 194.000,900,000 s)
2024-06-03 19:41:02,073 INFO  - My position is not better! (at simulation time 194.000,900,000 s)
2024-06-03 19:41:02,074 INFO  - Recieve a message from other vehicle (at simulation time 194.001,400,000 s)
2024-06-03 19:41:02,074 INFO  - My position is not better! (at simulation time 194.001,400,000 s)
2024-06-03 19:41:02,074 INFO  - Recieve a message from other vehicle (at simulation time 194.001,400,000 s)
2024-06-03 19:41:02,074 INFO  - My position is not better! (at simulation time 194.001,400,000 s)
2024-06-03 19:41:02,075 INFO  - Recieve a message from other vehicle (at simulation time 194.001,800,000 s)
2024-06-03 19:41:02,075 INFO  - My position is not better! (at simulation time 194.001,800,000 s)
2024-06-03 19:41:02,075 INFO  - Recieve a message from other vehicle (at simulation time 194.001,800,000 s)
2024-06-03 19:41:02,075 INFO  - My position is not better! (at simulation time 194.001,800,000 s)
2024-06-03 19:41:02,075 INFO  - Recieve a message from other vehicle (at simulation time 194.001,900,000 s)
2024-06-03 19:41:02,075 INFO  - My position is not better! (at simulation time 194.001,900,000 s)
2024-06-03 19:41:02,075 INFO  - Recieve a message from other vehicle (at simulation time 194.001,900,000 s)
2024-06-03 19:41:02,075 INFO  - My position is not better! (at simulation time 194.001,900,000 s)
2024-06-03 19:41:02,076 INFO  - Recieve a message from other vehicle (at simulation time 194.002,300,000 s)
2024-06-03 19:41:02,076 INFO  - My position is not better! (at simulation time 194.002,300,000 s)
2024-06-03 19:41:02,076 INFO  - Recieve a message from other vehicle (at simulation time 194.002,300,000 s)
2024-06-03 19:41:02,076 INFO  - My position is not better! (at simulation time 194.002,300,000 s)
2024-06-03 19:41:02,076 INFO  - Recieve a message from other vehicle (at simulation time 194.002,300,000 s)
2024-06-03 19:41:02,076 INFO  - My position is not better! (at simulation time 194.002,300,000 s)
2024-06-03 19:41:02,076 INFO  - Recieve a message from other vehicle (at simulation time 194.002,400,000 s)
2024-06-03 19:41:02,076 INFO  - My position is not better! (at simulation time 194.002,400,000 s)
2024-06-03 19:41:02,076 INFO  - Recieve a message from other vehicle (at simulation time 194.002,400,000 s)
2024-06-03 19:41:02,076 INFO  - My position is not better! (at simulation time 194.002,400,000 s)
2024-06-03 19:41:02,076 INFO  - Recieve a message from other vehicle (at simulation time 194.002,800,000 s)
2024-06-03 19:41:02,076 INFO  - My position is not better! (at simulation time 194.002,800,000 s)
2024-06-03 19:41:02,076 INFO  - Recieve a message from other vehicle (at simulation time 194.002,800,000 s)
2024-06-03 19:41:02,076 INFO  - My position is not better! (at simulation time 194.002,800,000 s)
2024-06-03 19:41:02,076 INFO  - Recieve a message from other vehicle (at simulation time 194.003,300,000 s)
2024-06-03 19:41:02,077 INFO  - My position is not better! (at simulation time 194.003,300,000 s)
2024-06-03 19:41:02,077 INFO  - Recieve a message from other vehicle (at simulation time 194.003,800,000 s)
2024-06-03 19:41:02,077 INFO  - My position is not better! (at simulation time 194.003,800,000 s)
2024-06-03 19:41:02,077 INFO  - Recieve a message from other vehicle (at simulation time 194.003,800,000 s)
2024-06-03 19:41:02,077 INFO  - My position is not better! (at simulation time 194.003,800,000 s)
2024-06-03 19:41:02,422 INFO  - Called #onVehicleUpdated (at simulation time 195.000,000,000 s)
2024-06-03 19:41:02,425 INFO  - Recieve a message from other vehicle (at simulation time 195.000,400,000 s)
2024-06-03 19:41:02,425 INFO  - My position is not better! (at simulation time 195.000,400,000 s)
2024-06-03 19:41:02,425 INFO  - Recieve a message from other vehicle (at simulation time 195.000,800,000 s)
2024-06-03 19:41:02,425 INFO  - DENM message Recived from veh_30 -info : seco (at simulation time 195.000,800,000 s)
2024-06-03 19:41:02,425 INFO  - No more hops in DENM message (at simulation time 195.000,800,000 s)
2024-06-03 19:41:02,425 INFO  - Recieve a message from other vehicle (at simulation time 195.000,800,000 s)
2024-06-03 19:41:02,425 INFO  - My position is not better! (at simulation time 195.000,800,000 s)
2024-06-03 19:41:02,426 INFO  - Recieve a message from other vehicle (at simulation time 195.000,900,000 s)
2024-06-03 19:41:02,426 INFO  - DENM message Recived from veh_35 -info : seco (at simulation time 195.000,900,000 s)
2024-06-03 19:41:02,426 INFO  - No more hops in DENM message (at simulation time 195.000,900,000 s)
2024-06-03 19:41:02,426 INFO  - Recieve a message from other vehicle (at simulation time 195.000,900,000 s)
2024-06-03 19:41:02,426 INFO  - My position is not better! (at simulation time 195.000,900,000 s)
2024-06-03 19:41:02,426 INFO  - Recieve a message from other vehicle (at simulation time 195.000,900,000 s)
2024-06-03 19:41:02,426 INFO  - My position is not better! (at simulation time 195.000,900,000 s)
2024-06-03 19:41:02,426 INFO  - Recieve a message from other vehicle (at simulation time 195.000,900,000 s)
2024-06-03 19:41:02,426 INFO  - My position is not better! (at simulation time 195.000,900,000 s)
2024-06-03 19:41:02,426 INFO  - Recieve a message from other vehicle (at simulation time 195.000,900,000 s)
2024-06-03 19:41:02,426 INFO  - My position is not better! (at simulation time 195.000,900,000 s)
2024-06-03 19:41:02,426 INFO  - Recieve a message from other vehicle (at simulation time 195.000,900,000 s)
2024-06-03 19:41:02,426 INFO  - My position is not better! (at simulation time 195.000,900,000 s)
2024-06-03 19:41:02,427 INFO  - Recieve a message from other vehicle (at simulation time 195.001,300,000 s)
2024-06-03 19:41:02,427 INFO  - DENM message Recived from veh_35 -info : seco (at simulation time 195.001,300,000 s)
2024-06-03 19:41:02,427 INFO  - No more hops in DENM message (at simulation time 195.001,300,000 s)
2024-06-03 19:41:02,427 INFO  - Recieve a message from other vehicle (at simulation time 195.001,300,000 s)
2024-06-03 19:41:02,427 INFO  - My position is not better! (at simulation time 195.001,300,000 s)
2024-06-03 19:41:02,428 INFO  - Recieve a message from other vehicle (at simulation time 195.001,300,000 s)
2024-06-03 19:41:02,428 INFO  - My position is not better! (at simulation time 195.001,300,000 s)
2024-06-03 19:41:02,428 INFO  - Recieve a message from other vehicle (at simulation time 195.001,400,000 s)
2024-06-03 19:41:02,428 INFO  - DENM message Recived from veh_33 -info : seco (at simulation time 195.001,400,000 s)
2024-06-03 19:41:02,428 INFO  - No more hops in DENM message (at simulation time 195.001,400,000 s)
2024-06-03 19:41:02,428 INFO  - Recieve a message from other vehicle (at simulation time 195.001,400,000 s)
2024-06-03 19:41:02,428 INFO  - My position is not better! (at simulation time 195.001,400,000 s)
2024-06-03 19:41:02,428 INFO  - Recieve a message from other vehicle (at simulation time 195.001,400,000 s)
2024-06-03 19:41:02,428 INFO  - My position is not better! (at simulation time 195.001,400,000 s)
2024-06-03 19:41:02,429 INFO  - Recieve a message from other vehicle (at simulation time 195.001,400,000 s)
2024-06-03 19:41:02,429 INFO  - My position is not better! (at simulation time 195.001,400,000 s)
2024-06-03 19:41:02,429 INFO  - Recieve a message from other vehicle (at simulation time 195.001,400,000 s)
2024-06-03 19:41:02,429 INFO  - My position is not better! (at simulation time 195.001,400,000 s)
2024-06-03 19:41:02,429 INFO  - Recieve a message from other vehicle (at simulation time 195.001,400,000 s)
2024-06-03 19:41:02,429 INFO  - My position is not better! (at simulation time 195.001,400,000 s)
2024-06-03 19:41:02,429 INFO  - Recieve a message from other vehicle (at simulation time 195.001,800,000 s)
2024-06-03 19:41:02,429 INFO  - DENM message Recived from veh_33 -info : seco (at simulation time 195.001,800,000 s)
2024-06-03 19:41:02,429 INFO  - No more hops in DENM message (at simulation time 195.001,800,000 s)
2024-06-03 19:41:02,429 INFO  - Recieve a message from other vehicle (at simulation time 195.001,800,000 s)
2024-06-03 19:41:02,429 INFO  - My position is not better! (at simulation time 195.001,800,000 s)
2024-06-03 19:41:02,429 INFO  - Recieve a message from other vehicle (at simulation time 195.001,900,000 s)
2024-06-03 19:41:02,429 INFO  - DENM message Recived from veh_30 -info : seco (at simulation time 195.001,900,000 s)
2024-06-03 19:41:02,429 INFO  - No more hops in DENM message (at simulation time 195.001,900,000 s)
2024-06-03 19:41:02,429 INFO  - Recieve a message from other vehicle (at simulation time 195.001,900,000 s)
2024-06-03 19:41:02,429 INFO  - My position is not better! (at simulation time 195.001,900,000 s)
2024-06-03 19:41:02,430 INFO  - Recieve a message from other vehicle (at simulation time 195.001,900,000 s)
2024-06-03 19:41:02,430 INFO  - My position is not better! (at simulation time 195.001,900,000 s)
2024-06-03 19:41:02,431 INFO  - Recieve a message from other vehicle (at simulation time 195.002,300,000 s)
2024-06-03 19:41:02,431 INFO  - My position is not better! (at simulation time 195.002,300,000 s)
2024-06-03 19:41:02,431 INFO  - Recieve a message from other vehicle (at simulation time 195.002,300,000 s)
2024-06-03 19:41:02,431 INFO  - My position is not better! (at simulation time 195.002,300,000 s)
2024-06-03 19:41:02,431 INFO  - Recieve a message from other vehicle (at simulation time 195.002,300,000 s)
2024-06-03 19:41:02,431 INFO  - My position is not better! (at simulation time 195.002,300,000 s)
2024-06-03 19:41:02,431 INFO  - Recieve a message from other vehicle (at simulation time 195.002,400,000 s)
2024-06-03 19:41:02,431 INFO  - DENM message Recived from veh_31 -info : piso-molhado (at simulation time 195.002,400,000 s)
2024-06-03 19:41:02,431 INFO  - I slow down due to road state (at simulation time 195.002,400,000 s)
2024-06-03 19:41:02,431 INFO  - No more hops in DENM message (at simulation time 195.002,400,000 s)
2024-06-03 19:41:02,432 INFO  - Recieve a message from other vehicle (at simulation time 195.002,800,000 s)
2024-06-03 19:41:02,432 INFO  - DENM message Recived from veh_31 -info : piso-molhado (at simulation time 195.002,800,000 s)
2024-06-03 19:41:02,432 INFO  - I slow down due to road state (at simulation time 195.002,800,000 s)
2024-06-03 19:41:02,432 INFO  - No more hops in DENM message (at simulation time 195.002,800,000 s)
2024-06-03 19:41:02,432 INFO  - Recieve a message from other vehicle (at simulation time 195.003,800,000 s)
2024-06-03 19:41:02,432 INFO  - My position is not better! (at simulation time 195.003,800,000 s)
2024-06-03 19:41:02,770 INFO  - Called #onVehicleUpdated (at simulation time 196.000,000,000 s)
2024-06-03 19:41:02,770 INFO  - Sending out DENM broadcast (at simulation time 196.000,000,000 s)
2024-06-03 19:41:02,771 INFO  - Sending out AdHoc broadcast (at simulation time 196.000,000,000 s)
2024-06-03 19:41:02,771 INFO  - Recieve a message from other vehicle (at simulation time 196.000,400,000 s)
2024-06-03 19:41:02,771 INFO  - Recending a message from other vehicle (at simulation time 196.000,400,000 s)
2024-06-03 19:41:02,771 INFO  - Recieve a message from other vehicle (at simulation time 196.000,400,000 s)
2024-06-03 19:41:02,771 INFO  - Recending a message from other vehicle (at simulation time 196.000,400,000 s)
2024-06-03 19:41:02,773 INFO  - Recieve a message from other vehicle (at simulation time 196.000,800,000 s)
2024-06-03 19:41:02,773 INFO  - DENM message Recived from veh_34 -info : seco (at simulation time 196.000,800,000 s)
2024-06-03 19:41:02,773 INFO  - No more hops in DENM message (at simulation time 196.000,800,000 s)
2024-06-03 19:41:02,774 INFO  - Recieve a message from other vehicle (at simulation time 196.000,900,000 s)
2024-06-03 19:41:02,774 INFO  - DENM message Recived from veh_34 -info : seco (at simulation time 196.000,900,000 s)
2024-06-03 19:41:02,774 INFO  - No more hops in DENM message (at simulation time 196.000,900,000 s)
2024-06-03 19:41:02,774 INFO  - Recieve a message from other vehicle (at simulation time 196.000,900,000 s)
2024-06-03 19:41:02,774 INFO  - My position is not better! (at simulation time 196.000,900,000 s)
2024-06-03 19:41:02,774 INFO  - Recieve a message from other vehicle (at simulation time 196.001,300,000 s)
2024-06-03 19:41:02,774 INFO  - DENM message Recived from veh_32 -info : piso-molhado (at simulation time 196.001,300,000 s)
2024-06-03 19:41:02,774 INFO  - I slow down due to road state (at simulation time 196.001,300,000 s)
2024-06-03 19:41:02,774 INFO  - No more hops in DENM message (at simulation time 196.001,300,000 s)
2024-06-03 19:41:02,775 INFO  - Recieve a message from other vehicle (at simulation time 196.001,400,000 s)
2024-06-03 19:41:02,775 INFO  - My position is not better! (at simulation time 196.001,400,000 s)
2024-06-03 19:41:02,775 INFO  - Recieve a message from other vehicle (at simulation time 196.001,400,000 s)
2024-06-03 19:41:02,775 INFO  - I'm in better position but no more hops in message (at simulation time 196.001,400,000 s)
2024-06-03 19:41:02,775 INFO  - Recieve a message from other vehicle (at simulation time 196.001,800,000 s)
2024-06-03 19:41:02,775 INFO  - I'm in better position but no more hops in message (at simulation time 196.001,800,000 s)
2024-06-03 19:41:02,775 INFO  - Recieve a message from other vehicle (at simulation time 196.001,900,000 s)
2024-06-03 19:41:02,775 INFO  - I'm in better position but no more hops in message (at simulation time 196.001,900,000 s)
2024-06-03 19:41:02,775 INFO  - Recieve a message from other vehicle (at simulation time 196.001,900,000 s)
2024-06-03 19:41:02,775 INFO  - I'm in better position but no more hops in message (at simulation time 196.001,900,000 s)
2024-06-03 19:41:02,775 INFO  - Recieve a message from other vehicle (at simulation time 196.001,900,000 s)
2024-06-03 19:41:02,775 INFO  - I'm in better position but no more hops in message (at simulation time 196.001,900,000 s)
2024-06-03 19:41:02,775 INFO  - Recieve a message from other vehicle (at simulation time 196.001,900,000 s)
2024-06-03 19:41:02,775 INFO  - I'm in better position but no more hops in message (at simulation time 196.001,900,000 s)
2024-06-03 19:41:02,775 INFO  - Recieve a message from other vehicle (at simulation time 196.001,900,000 s)
2024-06-03 19:41:02,775 INFO  - My position is not better! (at simulation time 196.001,900,000 s)
2024-06-03 19:41:02,776 INFO  - Recieve a message from other vehicle (at simulation time 196.002,300,000 s)
2024-06-03 19:41:02,776 INFO  - I'm in better position but no more hops in message (at simulation time 196.002,300,000 s)
2024-06-03 19:41:02,776 INFO  - Recieve a message from other vehicle (at simulation time 196.002,400,000 s)
2024-06-03 19:41:02,776 INFO  - I'm in better position but no more hops in message (at simulation time 196.002,400,000 s)
2024-06-03 19:41:02,776 INFO  - Recieve a message from other vehicle (at simulation time 196.002,400,000 s)
2024-06-03 19:41:02,776 INFO  - I'm in better position but no more hops in message (at simulation time 196.002,400,000 s)
2024-06-03 19:41:02,776 INFO  - Recieve a message from other vehicle (at simulation time 196.002,400,000 s)
2024-06-03 19:41:02,776 INFO  - My position is not better! (at simulation time 196.002,400,000 s)
2024-06-03 19:41:02,776 INFO  - Recieve a message from other vehicle (at simulation time 196.002,800,000 s)
2024-06-03 19:41:02,776 INFO  - I'm in better position but no more hops in message (at simulation time 196.002,800,000 s)
2024-06-03 19:41:02,776 INFO  - Recieve a message from other vehicle (at simulation time 196.002,800,000 s)
2024-06-03 19:41:02,776 INFO  - My position is not better! (at simulation time 196.002,800,000 s)
2024-06-03 19:41:02,776 INFO  - Recieve a message from other vehicle (at simulation time 196.002,800,000 s)
2024-06-03 19:41:02,776 INFO  - I'm in better position but no more hops in message (at simulation time 196.002,800,000 s)
2024-06-03 19:41:03,120 INFO  - Called #onVehicleUpdated (at simulation time 197.000,000,000 s)
2024-06-03 19:41:03,121 INFO  - Recieve a message from other vehicle (at simulation time 197.000,400,000 s)
2024-06-03 19:41:03,121 INFO  - Recending a message from other vehicle (at simulation time 197.000,400,000 s)
2024-06-03 19:41:03,122 INFO  - Recieve a message from other vehicle (at simulation time 197.000,400,000 s)
2024-06-03 19:41:03,122 INFO  - Recending a message from other vehicle (at simulation time 197.000,400,000 s)
2024-06-03 19:41:03,122 INFO  - Recieve a message from other vehicle (at simulation time 197.000,800,000 s)
2024-06-03 19:41:03,122 INFO  - I'm in better position but no more hops in message (at simulation time 197.000,800,000 s)
2024-06-03 19:41:03,122 INFO  - Recieve a message from other vehicle (at simulation time 197.000,900,000 s)
2024-06-03 19:41:03,122 INFO  - I'm in better position but no more hops in message (at simulation time 197.000,900,000 s)
2024-06-03 19:41:03,122 INFO  - Recieve a message from other vehicle (at simulation time 197.000,900,000 s)
2024-06-03 19:41:03,122 INFO  - My position is not better! (at simulation time 197.000,900,000 s)
2024-06-03 19:41:03,122 INFO  - Recieve a message from other vehicle (at simulation time 197.000,900,000 s)
2024-06-03 19:41:03,122 INFO  - I'm in better position but no more hops in message (at simulation time 197.000,900,000 s)
2024-06-03 19:41:03,123 INFO  - Recieve a message from other vehicle (at simulation time 197.001,400,000 s)
2024-06-03 19:41:03,123 INFO  - My position is not better! (at simulation time 197.001,400,000 s)
2024-06-03 19:41:03,123 INFO  - Recieve a message from other vehicle (at simulation time 197.001,400,000 s)
2024-06-03 19:41:03,123 INFO  - I'm in better position but no more hops in message (at simulation time 197.001,400,000 s)
2024-06-03 19:41:03,123 INFO  - Recieve a message from other vehicle (at simulation time 197.001,400,000 s)
2024-06-03 19:41:03,123 INFO  - I'm in better position but no more hops in message (at simulation time 197.001,400,000 s)
2024-06-03 19:41:03,123 INFO  - Recieve a message from other vehicle (at simulation time 197.001,400,000 s)
2024-06-03 19:41:03,123 INFO  - I'm in better position but no more hops in message (at simulation time 197.001,400,000 s)
2024-06-03 19:41:03,123 INFO  - Recieve a message from other vehicle (at simulation time 197.001,400,000 s)
2024-06-03 19:41:03,123 INFO  - I'm in better position but no more hops in message (at simulation time 197.001,400,000 s)
2024-06-03 19:41:03,123 INFO  - Recieve a message from other vehicle (at simulation time 197.001,800,000 s)
2024-06-03 19:41:03,123 INFO  - I'm in better position but no more hops in message (at simulation time 197.001,800,000 s)
2024-06-03 19:41:03,123 INFO  - Recieve a message from other vehicle (at simulation time 197.001,900,000 s)
2024-06-03 19:41:03,123 INFO  - I'm in better position but no more hops in message (at simulation time 197.001,900,000 s)
2024-06-03 19:41:03,123 INFO  - Recieve a message from other vehicle (at simulation time 197.001,900,000 s)
2024-06-03 19:41:03,123 INFO  - I'm in better position but no more hops in message (at simulation time 197.001,900,000 s)
2024-06-03 19:41:03,124 INFO  - Recieve a message from other vehicle (at simulation time 197.002,300,000 s)
2024-06-03 19:41:03,124 INFO  - I'm in better position but no more hops in message (at simulation time 197.002,300,000 s)
2024-06-03 19:41:03,124 INFO  - Recieve a message from other vehicle (at simulation time 197.002,300,000 s)
2024-06-03 19:41:03,124 INFO  - I'm in better position but no more hops in message (at simulation time 197.002,300,000 s)
2024-06-03 19:41:03,124 INFO  - Recieve a message from other vehicle (at simulation time 197.002,400,000 s)
2024-06-03 19:41:03,124 INFO  - My position is not better! (at simulation time 197.002,400,000 s)
2024-06-03 19:41:03,124 INFO  - Recieve a message from other vehicle (at simulation time 197.002,800,000 s)
2024-06-03 19:41:03,124 INFO  - I'm in better position but no more hops in message (at simulation time 197.002,800,000 s)
2024-06-03 19:41:03,124 INFO  - Recieve a message from other vehicle (at simulation time 197.003,800,000 s)
2024-06-03 19:41:03,124 INFO  - I'm in better position but no more hops in message (at simulation time 197.003,800,000 s)
2024-06-03 19:41:03,471 INFO  - Called #onVehicleUpdated (at simulation time 198.000,000,000 s)
2024-06-03 19:41:03,471 INFO  - Sending out AdHoc broadcast (at simulation time 198.000,000,000 s)
2024-06-03 19:41:03,472 INFO  - Recieve a message from other vehicle (at simulation time 198.000,400,000 s)
2024-06-03 19:41:03,472 INFO  - Recending a message from other vehicle (at simulation time 198.000,400,000 s)
2024-06-03 19:41:03,472 INFO  - Recieve a message from other vehicle (at simulation time 198.000,400,000 s)
2024-06-03 19:41:03,472 INFO  - I'm in better position but no more hops in message (at simulation time 198.000,400,000 s)
2024-06-03 19:41:03,472 INFO  - Recieve a message from other vehicle (at simulation time 198.000,400,000 s)
2024-06-03 19:41:03,472 INFO  - I'm in better position but no more hops in message (at simulation time 198.000,400,000 s)
2024-06-03 19:41:03,473 INFO  - Recieve a message from other vehicle (at simulation time 198.000,800,000 s)
2024-06-03 19:41:03,473 INFO  - I'm in better position but no more hops in message (at simulation time 198.000,800,000 s)
2024-06-03 19:41:03,473 INFO  - Recieve a message from other vehicle (at simulation time 198.000,900,000 s)
2024-06-03 19:41:03,473 INFO  - I'm in better position but no more hops in message (at simulation time 198.000,900,000 s)
2024-06-03 19:41:03,474 INFO  - Recieve a message from other vehicle (at simulation time 198.001,400,000 s)
2024-06-03 19:41:03,474 INFO  - Recending a message from other vehicle (at simulation time 198.001,400,000 s)
2024-06-03 19:41:03,474 INFO  - Recieve a message from other vehicle (at simulation time 198.001,400,000 s)
2024-06-03 19:41:03,474 INFO  - I'm in better position but no more hops in message (at simulation time 198.001,400,000 s)
2024-06-03 19:41:03,474 INFO  - Recieve a message from other vehicle (at simulation time 198.001,400,000 s)
2024-06-03 19:41:03,474 INFO  - I'm in better position but no more hops in message (at simulation time 198.001,400,000 s)
2024-06-03 19:41:03,474 INFO  - Recieve a message from other vehicle (at simulation time 198.001,400,000 s)
2024-06-03 19:41:03,474 INFO  - I'm in better position but no more hops in message (at simulation time 198.001,400,000 s)
2024-06-03 19:41:03,474 INFO  - Recieve a message from other vehicle (at simulation time 198.001,800,000 s)
2024-06-03 19:41:03,474 INFO  - I'm in better position but no more hops in message (at simulation time 198.001,800,000 s)
2024-06-03 19:41:03,474 INFO  - Recieve a message from other vehicle (at simulation time 198.001,900,000 s)
2024-06-03 19:41:03,474 INFO  - I'm in better position but no more hops in message (at simulation time 198.001,900,000 s)
2024-06-03 19:41:03,475 INFO  - Recieve a message from other vehicle (at simulation time 198.002,300,000 s)
2024-06-03 19:41:03,475 INFO  - I'm in better position but no more hops in message (at simulation time 198.002,300,000 s)
2024-06-03 19:41:03,475 INFO  - Recieve a message from other vehicle (at simulation time 198.002,300,000 s)
2024-06-03 19:41:03,475 INFO  - I'm in better position but no more hops in message (at simulation time 198.002,300,000 s)
2024-06-03 19:41:03,475 INFO  - Recieve a message from other vehicle (at simulation time 198.002,400,000 s)
2024-06-03 19:41:03,475 INFO  - I'm in better position but no more hops in message (at simulation time 198.002,400,000 s)
2024-06-03 19:41:03,475 INFO  - Recieve a message from other vehicle (at simulation time 198.002,400,000 s)
2024-06-03 19:41:03,475 INFO  - Recending a message from other vehicle (at simulation time 198.002,400,000 s)
2024-06-03 19:41:03,475 INFO  - Recieve a message from other vehicle (at simulation time 198.002,400,000 s)
2024-06-03 19:41:03,475 INFO  - I'm in better position but no more hops in message (at simulation time 198.002,400,000 s)
2024-06-03 19:41:03,475 INFO  - Recieve a message from other vehicle (at simulation time 198.002,400,000 s)
2024-06-03 19:41:03,475 INFO  - Recending a message from other vehicle (at simulation time 198.002,400,000 s)
2024-06-03 19:41:03,475 INFO  - Recieve a message from other vehicle (at simulation time 198.002,800,000 s)
2024-06-03 19:41:03,475 INFO  - I'm in better position but no more hops in message (at simulation time 198.002,800,000 s)
2024-06-03 19:41:03,475 INFO  - Recieve a message from other vehicle (at simulation time 198.002,800,000 s)
2024-06-03 19:41:03,475 INFO  - I'm in better position but no more hops in message (at simulation time 198.002,800,000 s)
2024-06-03 19:41:03,821 INFO  - Called #onVehicleUpdated (at simulation time 199.000,000,000 s)
2024-06-03 19:41:03,823 INFO  - Recieve a message from other vehicle (at simulation time 199.000,400,000 s)
2024-06-03 19:41:03,823 INFO  - Recending a message from other vehicle (at simulation time 199.000,400,000 s)
2024-06-03 19:41:03,823 INFO  - Recieve a message from other vehicle (at simulation time 199.000,400,000 s)
2024-06-03 19:41:03,823 INFO  - Recending a message from other vehicle (at simulation time 199.000,400,000 s)
2024-06-03 19:41:03,824 INFO  - Recieve a message from other vehicle (at simulation time 199.000,900,000 s)
2024-06-03 19:41:03,824 INFO  - Recending a message from other vehicle (at simulation time 199.000,900,000 s)
2024-06-03 19:41:03,824 INFO  - Recieve a message from other vehicle (at simulation time 199.000,900,000 s)
2024-06-03 19:41:03,824 INFO  - Recending a message from other vehicle (at simulation time 199.000,900,000 s)
2024-06-03 19:41:03,825 INFO  - Recieve a message from other vehicle (at simulation time 199.001,400,000 s)
2024-06-03 19:41:03,825 INFO  - Recending a message from other vehicle (at simulation time 199.001,400,000 s)
2024-06-03 19:41:03,825 INFO  - Recieve a message from other vehicle (at simulation time 199.001,400,000 s)
2024-06-03 19:41:03,825 INFO  - I'm in better position but no more hops in message (at simulation time 199.001,400,000 s)
2024-06-03 19:41:03,825 INFO  - Recieve a message from other vehicle (at simulation time 199.001,800,000 s)
2024-06-03 19:41:03,825 INFO  - I'm in better position but no more hops in message (at simulation time 199.001,800,000 s)
2024-06-03 19:41:03,825 INFO  - Recieve a message from other vehicle (at simulation time 199.001,800,000 s)
2024-06-03 19:41:03,825 INFO  - I'm in better position but no more hops in message (at simulation time 199.001,800,000 s)
2024-06-03 19:41:03,825 INFO  - Recieve a message from other vehicle (at simulation time 199.001,900,000 s)
2024-06-03 19:41:03,825 INFO  - Recending a message from other vehicle (at simulation time 199.001,900,000 s)
2024-06-03 19:41:03,826 INFO  - Recieve a message from other vehicle (at simulation time 199.001,900,000 s)
2024-06-03 19:41:03,826 INFO  - I'm in better position but no more hops in message (at simulation time 199.001,900,000 s)
2024-06-03 19:41:03,826 INFO  - Recieve a message from other vehicle (at simulation time 199.002,300,000 s)
2024-06-03 19:41:03,826 INFO  - I'm in better position but no more hops in message (at simulation time 199.002,300,000 s)
2024-06-03 19:41:03,826 INFO  - Recieve a message from other vehicle (at simulation time 199.002,400,000 s)
2024-06-03 19:41:03,826 INFO  - I'm in better position but no more hops in message (at simulation time 199.002,400,000 s)
2024-06-03 19:41:03,826 INFO  - Recieve a message from other vehicle (at simulation time 199.003,300,000 s)
2024-06-03 19:41:03,826 INFO  - I'm in better position but no more hops in message (at simulation time 199.003,300,000 s)
2024-06-03 19:41:03,827 INFO  - Recieve a message from other vehicle (at simulation time 199.004,300,000 s)
2024-06-03 19:41:03,827 INFO  - I'm in better position but no more hops in message (at simulation time 199.004,300,000 s)
2024-06-03 19:41:04,170 INFO  - Called #onVehicleUpdated (at simulation time 200.000,000,000 s)
2024-06-03 19:41:04,171 INFO  - Sending out AdHoc broadcast (at simulation time 200.000,000,000 s)
2024-06-03 19:41:04,171 INFO  - Recieve a message from other vehicle (at simulation time 200.000,400,000 s)
2024-06-03 19:41:04,171 INFO  - My position is not better! (at simulation time 200.000,400,000 s)
2024-06-03 19:41:04,172 INFO  - Recieve a message from other vehicle (at simulation time 200.000,900,000 s)
2024-06-03 19:41:04,172 INFO  - I'm in better position but no more hops in message (at simulation time 200.000,900,000 s)
2024-06-03 19:41:04,172 INFO  - Recieve a message from other vehicle (at simulation time 200.000,900,000 s)
2024-06-03 19:41:04,172 INFO  - My position is not better! (at simulation time 200.000,900,000 s)
2024-06-03 19:41:04,172 INFO  - Recieve a message from other vehicle (at simulation time 200.000,900,000 s)
2024-06-03 19:41:04,172 INFO  - My position is not better! (at simulation time 200.000,900,000 s)
2024-06-03 19:41:04,172 INFO  - Recieve a message from other vehicle (at simulation time 200.001,300,000 s)
2024-06-03 19:41:04,172 INFO  - I'm in better position but no more hops in message (at simulation time 200.001,300,000 s)
2024-06-03 19:41:04,172 INFO  - Recieve a message from other vehicle (at simulation time 200.001,300,000 s)
2024-06-03 19:41:04,172 INFO  - My position is not better! (at simulation time 200.001,300,000 s)
2024-06-03 19:41:04,172 INFO  - Recieve a message from other vehicle (at simulation time 200.001,800,000 s)
2024-06-03 19:41:04,172 INFO  - I'm in better position but no more hops in message (at simulation time 200.001,800,000 s)
2024-06-03 19:41:04,172 INFO  - Recieve a message from other vehicle (at simulation time 200.001,800,000 s)
2024-06-03 19:41:04,172 INFO  - I'm in better position but no more hops in message (at simulation time 200.001,800,000 s)
2024-06-03 19:41:04,172 INFO  - Recieve a message from other vehicle (at simulation time 200.001,800,000 s)
2024-06-03 19:41:04,172 INFO  - I'm in better position but no more hops in message (at simulation time 200.001,800,000 s)
2024-06-03 19:41:04,172 INFO  - Recieve a message from other vehicle (at simulation time 200.001,900,000 s)
2024-06-03 19:41:04,172 INFO  - I'm in better position but no more hops in message (at simulation time 200.001,900,000 s)
2024-06-03 19:41:04,172 INFO  - Recieve a message from other vehicle (at simulation time 200.001,900,000 s)
2024-06-03 19:41:04,172 INFO  - I'm in better position but no more hops in message (at simulation time 200.001,900,000 s)
2024-06-03 19:41:04,172 INFO  - Recieve a message from other vehicle (at simulation time 200.001,900,000 s)
2024-06-03 19:41:04,172 INFO  - I'm in better position but no more hops in message (at simulation time 200.001,900,000 s)
2024-06-03 19:41:04,173 INFO  - Recieve a message from other vehicle (at simulation time 200.003,300,000 s)
2024-06-03 19:41:04,173 INFO  - I'm in better position but no more hops in message (at simulation time 200.003,300,000 s)
2024-06-03 19:41:04,173 INFO  - Recieve a message from other vehicle (at simulation time 200.003,800,000 s)
2024-06-03 19:41:04,173 INFO  - I'm in better position but no more hops in message (at simulation time 200.003,800,000 s)
2024-06-03 19:41:04,173 INFO  - Recieve a message from other vehicle (at simulation time 200.004,800,000 s)
2024-06-03 19:41:04,173 INFO  - I'm in better position but no more hops in message (at simulation time 200.004,800,000 s)
2024-06-03 19:41:04,522 INFO  - Called #onVehicleUpdated (at simulation time 201.000,000,000 s)
2024-06-03 19:41:04,523 INFO  - Recieve a message from other vehicle (at simulation time 201.000,900,000 s)
2024-06-03 19:41:04,523 INFO  - Recending a message from other vehicle (at simulation time 201.000,900,000 s)
2024-06-03 19:41:04,523 INFO  - Recieve a message from other vehicle (at simulation time 201.000,900,000 s)
2024-06-03 19:41:04,523 INFO  - My position is not better! (at simulation time 201.000,900,000 s)
2024-06-03 19:41:04,523 INFO  - Recieve a message from other vehicle (at simulation time 201.001,400,000 s)
2024-06-03 19:41:04,523 INFO  - I'm in better position but no more hops in message (at simulation time 201.001,400,000 s)
2024-06-03 19:41:04,523 INFO  - Recieve a message from other vehicle (at simulation time 201.001,400,000 s)
2024-06-03 19:41:04,523 INFO  - I'm in better position but no more hops in message (at simulation time 201.001,400,000 s)
2024-06-03 19:41:04,523 INFO  - Recieve a message from other vehicle (at simulation time 201.001,800,000 s)
2024-06-03 19:41:04,523 INFO  - I'm in better position but no more hops in message (at simulation time 201.001,800,000 s)
2024-06-03 19:41:04,524 INFO  - Recieve a message from other vehicle (at simulation time 201.002,400,000 s)
2024-06-03 19:41:04,524 INFO  - My position is not better! (at simulation time 201.002,400,000 s)
2024-06-03 19:41:04,524 INFO  - Recieve a message from other vehicle (at simulation time 201.003,300,000 s)
2024-06-03 19:41:04,524 INFO  - My position is not better! (at simulation time 201.003,300,000 s)
2024-06-03 19:41:04,524 INFO  - Recieve a message from other vehicle (at simulation time 201.003,800,000 s)
2024-06-03 19:41:04,524 INFO  - I'm in better position but no more hops in message (at simulation time 201.003,800,000 s)
2024-06-03 19:41:04,870 INFO  - Called #onVehicleUpdated (at simulation time 202.000,000,000 s)
2024-06-03 19:41:04,870 INFO  - Sending out AdHoc broadcast (at simulation time 202.000,000,000 s)
2024-06-03 19:41:04,870 INFO  - Recieve a message from other vehicle (at simulation time 202.000,400,000 s)
2024-06-03 19:41:04,870 INFO  - My position is not better! (at simulation time 202.000,400,000 s)
2024-06-03 19:41:04,871 INFO  - Recieve a message from other vehicle (at simulation time 202.001,400,000 s)
2024-06-03 19:41:04,871 INFO  - My position is not better! (at simulation time 202.001,400,000 s)
2024-06-03 19:41:04,871 INFO  - Recieve a message from other vehicle (at simulation time 202.001,400,000 s)
2024-06-03 19:41:04,871 INFO  - My position is not better! (at simulation time 202.001,400,000 s)
2024-06-03 19:41:04,871 INFO  - Recieve a message from other vehicle (at simulation time 202.001,800,000 s)
2024-06-03 19:41:04,871 INFO  - My position is not better! (at simulation time 202.001,800,000 s)
2024-06-03 19:41:04,871 INFO  - Recieve a message from other vehicle (at simulation time 202.001,800,000 s)
2024-06-03 19:41:04,871 INFO  - I'm in better position but no more hops in message (at simulation time 202.001,800,000 s)
2024-06-03 19:41:04,871 INFO  - Recieve a message from other vehicle (at simulation time 202.002,300,000 s)
2024-06-03 19:41:04,871 INFO  - I'm in better position but no more hops in message (at simulation time 202.002,300,000 s)
2024-06-03 19:41:04,871 INFO  - Recieve a message from other vehicle (at simulation time 202.002,300,000 s)
2024-06-03 19:41:04,871 INFO  - I'm in better position but no more hops in message (at simulation time 202.002,300,000 s)
2024-06-03 19:41:04,871 INFO  - Recieve a message from other vehicle (at simulation time 202.002,800,000 s)
2024-06-03 19:41:04,871 INFO  - I'm in better position but no more hops in message (at simulation time 202.002,800,000 s)
2024-06-03 19:41:04,871 INFO  - Recieve a message from other vehicle (at simulation time 202.003,800,000 s)
2024-06-03 19:41:04,871 INFO  - My position is not better! (at simulation time 202.003,800,000 s)
2024-06-03 19:41:04,871 INFO  - Recieve a message from other vehicle (at simulation time 202.003,800,000 s)
2024-06-03 19:41:04,871 INFO  - My position is not better! (at simulation time 202.003,800,000 s)
2024-06-03 19:41:04,871 INFO  - Recieve a message from other vehicle (at simulation time 202.004,300,000 s)
2024-06-03 19:41:04,871 INFO  - My position is not better! (at simulation time 202.004,300,000 s)
2024-06-03 19:41:05,220 INFO  - Called #onVehicleUpdated (at simulation time 203.000,000,000 s)
2024-06-03 19:41:05,222 INFO  - Recieve a message from other vehicle (at simulation time 203.001,800,000 s)
2024-06-03 19:41:05,222 INFO  - I'm in better position but no more hops in message (at simulation time 203.001,800,000 s)
2024-06-03 19:41:05,222 INFO  - Recieve a message from other vehicle (at simulation time 203.001,900,000 s)
2024-06-03 19:41:05,222 INFO  - My position is not better! (at simulation time 203.001,900,000 s)
2024-06-03 19:41:05,222 INFO  - Recieve a message from other vehicle (at simulation time 203.002,400,000 s)
2024-06-03 19:41:05,222 INFO  - My position is not better! (at simulation time 203.002,400,000 s)
2024-06-03 19:41:05,222 INFO  - Recieve a message from other vehicle (at simulation time 203.002,800,000 s)
2024-06-03 19:41:05,222 INFO  - I'm in better position but no more hops in message (at simulation time 203.002,800,000 s)
2024-06-03 19:41:05,222 INFO  - Recieve a message from other vehicle (at simulation time 203.003,300,000 s)
2024-06-03 19:41:05,222 INFO  - I'm in better position but no more hops in message (at simulation time 203.003,300,000 s)
2024-06-03 19:41:05,222 INFO  - Recieve a message from other vehicle (at simulation time 203.004,300,000 s)
2024-06-03 19:41:05,222 INFO  - My position is not better! (at simulation time 203.004,300,000 s)
2024-06-03 19:41:05,571 INFO  - Called #onVehicleUpdated (at simulation time 204.000,000,000 s)
2024-06-03 19:41:05,571 INFO  - Sending out AdHoc broadcast (at simulation time 204.000,000,000 s)
2024-06-03 19:41:05,572 INFO  - Recieve a message from other vehicle (at simulation time 204.000,900,000 s)
2024-06-03 19:41:05,572 INFO  - My position is not better! (at simulation time 204.000,900,000 s)
2024-06-03 19:41:05,572 INFO  - Recieve a message from other vehicle (at simulation time 204.000,900,000 s)
2024-06-03 19:41:05,572 INFO  - My position is not better! (at simulation time 204.000,900,000 s)
2024-06-03 19:41:05,572 INFO  - Recieve a message from other vehicle (at simulation time 204.001,800,000 s)
2024-06-03 19:41:05,572 INFO  - I'm in better position but no more hops in message (at simulation time 204.001,800,000 s)
2024-06-03 19:41:05,572 INFO  - Recieve a message from other vehicle (at simulation time 204.001,800,000 s)
2024-06-03 19:41:05,572 INFO  - My position is not better! (at simulation time 204.001,800,000 s)
2024-06-03 19:41:05,572 INFO  - Recieve a message from other vehicle (at simulation time 204.002,400,000 s)
2024-06-03 19:41:05,572 INFO  - My position is not better! (at simulation time 204.002,400,000 s)
2024-06-03 19:41:05,572 INFO  - Recieve a message from other vehicle (at simulation time 204.002,800,000 s)
2024-06-03 19:41:05,572 INFO  - I'm in better position but no more hops in message (at simulation time 204.002,800,000 s)
2024-06-03 19:41:05,572 INFO  - Recieve a message from other vehicle (at simulation time 204.003,800,000 s)
2024-06-03 19:41:05,572 INFO  - I'm in better position but no more hops in message (at simulation time 204.003,800,000 s)
2024-06-03 19:41:05,573 INFO  - Recieve a message from other vehicle (at simulation time 204.004,300,000 s)
2024-06-03 19:41:05,573 INFO  - I'm in better position but no more hops in message (at simulation time 204.004,300,000 s)
2024-06-03 19:41:05,922 INFO  - Called #onVehicleUpdated (at simulation time 205.000,000,000 s)
2024-06-03 19:41:06,271 INFO  - Called #onVehicleUpdated (at simulation time 206.000,000,000 s)
2024-06-03 19:41:06,271 INFO  - Sending out AdHoc broadcast (at simulation time 206.000,000,000 s)
2024-06-03 19:41:06,621 INFO  - Called #onVehicleUpdated (at simulation time 207.000,000,000 s)
2024-06-03 19:41:06,971 INFO  - Called #onVehicleUpdated (at simulation time 208.000,000,000 s)
2024-06-03 19:41:06,971 INFO  - Sending out AdHoc broadcast (at simulation time 208.000,000,000 s)
2024-06-03 19:41:07,321 INFO  - Called #onVehicleUpdated (at simulation time 209.000,000,000 s)
2024-06-03 19:41:07,724 INFO  - Called #onVehicleUpdated (at simulation time 210.000,000,000 s)
2024-06-03 19:41:07,724 INFO  - Sending out AdHoc broadcast (at simulation time 210.000,000,000 s)
2024-06-03 19:41:08,021 INFO  - Shutdown (at simulation time 211.000,000,000 s)
