2024-06-03 19:54:38,791 INFO  - Initialize Vehicle application (at simulation time 223.000,000,000 s)
2024-06-03 19:54:38,792 INFO  - Activated WLAN Module (at simulation time 223.000,000,000 s)
2024-06-03 19:54:38,792 INFO  - Called #onVehicleUpdated (at simulation time 223.000,000,000 s)
2024-06-03 19:54:38,793 INFO  - Recieve a message from other vehicle (at simulation time 223.000,400,000 s)
2024-06-03 19:54:38,793 INFO  - My position is not better! (at simulation time 223.000,400,000 s)
2024-06-03 19:54:38,793 INFO  - Recieve a message from other vehicle (at simulation time 223.002,400,000 s)
2024-06-03 19:54:38,793 INFO  - My position is not better! (at simulation time 223.002,400,000 s)
2024-06-03 19:54:38,794 INFO  - Called #onVehicleUpdated (at simulation time 224.000,000,000 s)
2024-06-03 19:54:38,794 INFO  - Define the name: veh_40 and route: r_3 (at simulation time 224.000,000,000 s)
2024-06-03 19:54:38,794 INFO  - Sending out AdHoc broadcast (at simulation time 224.000,000,000 s)
2024-06-03 19:54:38,794 INFO  - Recieve a message from other vehicle (at simulation time 224.000,900,000 s)
2024-06-03 19:54:38,794 INFO  - My position is not better! (at simulation time 224.000,900,000 s)
2024-06-03 19:54:38,794 INFO  - Recieve a message from other vehicle (at simulation time 224.001,900,000 s)
2024-06-03 19:54:38,794 INFO  - My position is not better! (at simulation time 224.001,900,000 s)
2024-06-03 19:54:38,794 INFO  - Recieve a message from other vehicle (at simulation time 224.002,800,000 s)
2024-06-03 19:54:38,794 INFO  - My position is not better! (at simulation time 224.002,800,000 s)
2024-06-03 19:54:38,796 INFO  - Called #onVehicleUpdated (at simulation time 225.000,000,000 s)
2024-06-03 19:54:38,796 INFO  - Recieve a message from other vehicle (at simulation time 225.000,900,000 s)
2024-06-03 19:54:38,796 INFO  - My position is not better! (at simulation time 225.000,900,000 s)
2024-06-03 19:54:38,796 INFO  - Recieve a message from other vehicle (at simulation time 225.001,900,000 s)
2024-06-03 19:54:38,796 INFO  - My position is not better! (at simulation time 225.001,900,000 s)
2024-06-03 19:54:38,796 INFO  - Recieve a message from other vehicle (at simulation time 225.002,400,000 s)
2024-06-03 19:54:38,796 INFO  - My position is not better! (at simulation time 225.002,400,000 s)
2024-06-03 19:54:38,797 INFO  - Called #onVehicleUpdated (at simulation time 226.000,000,000 s)
2024-06-03 19:54:38,797 INFO  - Sending out AdHoc broadcast (at simulation time 226.000,000,000 s)
2024-06-03 19:54:38,798 INFO  - Recieve a message from other vehicle (at simulation time 226.000,400,000 s)
2024-06-03 19:54:38,798 INFO  - My position is not better! (at simulation time 226.000,400,000 s)
2024-06-03 19:54:38,798 INFO  - Recieve a message from other vehicle (at simulation time 226.001,400,000 s)
2024-06-03 19:54:38,798 INFO  - My position is not better! (at simulation time 226.001,400,000 s)
2024-06-03 19:54:38,798 INFO  - Recieve a message from other vehicle (at simulation time 226.001,800,000 s)
2024-06-03 19:54:38,798 INFO  - My position is not better! (at simulation time 226.001,800,000 s)
2024-06-03 19:54:38,798 INFO  - Recieve a message from other vehicle (at simulation time 226.001,900,000 s)
2024-06-03 19:54:38,798 INFO  - My position is not better! (at simulation time 226.001,900,000 s)
2024-06-03 19:54:38,799 INFO  - Called #onVehicleUpdated (at simulation time 227.000,000,000 s)
2024-06-03 19:54:38,799 INFO  - Exced velocity! Sending new CAM (at simulation time 227.000,000,000 s)
2024-06-03 19:54:38,799 INFO  - Sending out AdHoc broadcast (at simulation time 227.000,000,000 s)
2024-06-03 19:54:38,800 INFO  - Recieve a message from other vehicle (at simulation time 227.001,400,000 s)
2024-06-03 19:54:38,800 INFO  - My position is not better! (at simulation time 227.001,400,000 s)
2024-06-03 19:54:38,800 INFO  - Recieve a message from other vehicle (at simulation time 227.001,400,000 s)
2024-06-03 19:54:38,800 INFO  - My position is not better! (at simulation time 227.001,400,000 s)
2024-06-03 19:54:38,800 INFO  - Recieve a message from other vehicle (at simulation time 227.001,900,000 s)
2024-06-03 19:54:38,800 INFO  - My position is not better! (at simulation time 227.001,900,000 s)
2024-06-03 19:54:38,800 INFO  - Recieve a message from other vehicle (at simulation time 227.003,300,000 s)
2024-06-03 19:54:38,800 INFO  - My position is not better! (at simulation time 227.003,300,000 s)
2024-06-03 19:54:38,802 INFO  - Called #onVehicleUpdated (at simulation time 228.000,000,000 s)
2024-06-03 19:54:38,802 INFO  - Sending out AdHoc broadcast (at simulation time 228.000,000,000 s)
2024-06-03 19:54:38,802 INFO  - Recieve a message from other vehicle (at simulation time 228.001,400,000 s)
2024-06-03 19:54:38,802 INFO  - My position is not better! (at simulation time 228.001,400,000 s)
2024-06-03 19:54:38,802 INFO  - Recieve a message from other vehicle (at simulation time 228.001,400,000 s)
2024-06-03 19:54:38,802 INFO  - My position is not better! (at simulation time 228.001,400,000 s)
2024-06-03 19:54:38,802 INFO  - Recieve a message from other vehicle (at simulation time 228.002,300,000 s)
2024-06-03 19:54:38,802 INFO  - My position is not better! (at simulation time 228.002,300,000 s)
2024-06-03 19:54:38,802 INFO  - Recieve a message from other vehicle (at simulation time 228.002,400,000 s)
2024-06-03 19:54:38,802 INFO  - My position is not better! (at simulation time 228.002,400,000 s)
2024-06-03 19:54:38,803 INFO  - Called #onVehicleUpdated (at simulation time 229.000,000,000 s)
2024-06-03 19:54:38,804 INFO  - Sending out AdHoc broadcast (at simulation time 229.000,000,000 s)
2024-06-03 19:54:38,804 INFO  - Recieve a message from other vehicle (at simulation time 229.000,400,000 s)
2024-06-03 19:54:38,804 INFO  - My position is not better! (at simulation time 229.000,400,000 s)
2024-06-03 19:54:38,804 INFO  - Recieve a message from other vehicle (at simulation time 229.001,400,000 s)
2024-06-03 19:54:38,804 INFO  - My position is not better! (at simulation time 229.001,400,000 s)
2024-06-03 19:54:38,804 INFO  - Recieve a message from other vehicle (at simulation time 229.002,300,000 s)
2024-06-03 19:54:38,804 INFO  - My position is not better! (at simulation time 229.002,300,000 s)
2024-06-03 19:54:38,804 INFO  - Recieve a message from other vehicle (at simulation time 229.002,400,000 s)
2024-06-03 19:54:38,804 INFO  - My position is not better! (at simulation time 229.002,400,000 s)
2024-06-03 19:54:38,804 INFO  - Recieve a message from other vehicle (at simulation time 229.002,800,000 s)
2024-06-03 19:54:38,804 INFO  - My position is not better! (at simulation time 229.002,800,000 s)
2024-06-03 19:54:38,804 INFO  - Recieve a message from other vehicle (at simulation time 229.002,800,000 s)
2024-06-03 19:54:38,804 INFO  - My position is not better! (at simulation time 229.002,800,000 s)
2024-06-03 19:54:38,804 INFO  - Recieve a message from other vehicle (at simulation time 229.004,300,000 s)
2024-06-03 19:54:38,804 INFO  - My position is not better! (at simulation time 229.004,300,000 s)
2024-06-03 19:54:38,806 INFO  - Called #onVehicleUpdated (at simulation time 230.000,000,000 s)
2024-06-03 19:54:38,806 INFO  - Sending out AdHoc broadcast (at simulation time 230.000,000,000 s)
2024-06-03 19:54:38,806 INFO  - Recieve a message from other vehicle (at simulation time 230.000,800,000 s)
2024-06-03 19:54:38,806 INFO  - My position is not better! (at simulation time 230.000,800,000 s)
2024-06-03 19:54:38,807 INFO  - Recieve a message from other vehicle (at simulation time 230.000,900,000 s)
2024-06-03 19:54:38,807 INFO  - My position is not better! (at simulation time 230.000,900,000 s)
2024-06-03 19:54:38,807 INFO  - Recieve a message from other vehicle (at simulation time 230.001,900,000 s)
2024-06-03 19:54:38,807 INFO  - My position is not better! (at simulation time 230.001,900,000 s)
2024-06-03 19:54:38,807 INFO  - Recieve a message from other vehicle (at simulation time 230.001,900,000 s)
2024-06-03 19:54:38,807 INFO  - My position is not better! (at simulation time 230.001,900,000 s)
2024-06-03 19:54:38,807 INFO  - Recieve a message from other vehicle (at simulation time 230.002,400,000 s)
2024-06-03 19:54:38,807 INFO  - My position is not better! (at simulation time 230.002,400,000 s)
2024-06-03 19:54:38,807 INFO  - Recieve a message from other vehicle (at simulation time 230.002,400,000 s)
2024-06-03 19:54:38,807 INFO  - My position is not better! (at simulation time 230.002,400,000 s)
2024-06-03 19:54:38,807 INFO  - Recieve a message from other vehicle (at simulation time 230.002,800,000 s)
2024-06-03 19:54:38,807 INFO  - My position is not better! (at simulation time 230.002,800,000 s)
2024-06-03 19:54:38,807 INFO  - Recieve a message from other vehicle (at simulation time 230.003,300,000 s)
2024-06-03 19:54:38,807 INFO  - My position is not better! (at simulation time 230.003,300,000 s)
2024-06-03 19:54:38,808 INFO  - Called #onVehicleUpdated (at simulation time 231.000,000,000 s)
2024-06-03 19:54:38,808 INFO  - Sending out AdHoc broadcast (at simulation time 231.000,000,000 s)
2024-06-03 19:54:38,808 INFO  - Recieve a message from other vehicle (at simulation time 231.000,400,000 s)
2024-06-03 19:54:38,808 INFO  - DENM message Recived from veh_36 -info : seco (at simulation time 231.000,400,000 s)
2024-06-03 19:54:38,808 INFO  - No more hops in DENM message (at simulation time 231.000,400,000 s)
2024-06-03 19:54:38,808 INFO  - Recieve a message from other vehicle (at simulation time 231.000,400,000 s)
2024-06-03 19:54:38,808 INFO  - DENM message Recived from veh_39 -info : nevoeiro (at simulation time 231.000,400,000 s)
2024-06-03 19:54:38,808 INFO  - No more hops in DENM message (at simulation time 231.000,400,000 s)
2024-06-03 19:54:38,808 INFO  - Recieve a message from other vehicle (at simulation time 231.000,400,000 s)
2024-06-03 19:54:38,808 INFO  - My position is not better! (at simulation time 231.000,400,000 s)
2024-06-03 19:54:38,808 INFO  - Recieve a message from other vehicle (at simulation time 231.000,400,000 s)
2024-06-03 19:54:38,808 INFO  - My position is not better! (at simulation time 231.000,400,000 s)
2024-06-03 19:54:38,809 INFO  - Recieve a message from other vehicle (at simulation time 231.000,900,000 s)
2024-06-03 19:54:38,809 INFO  - DENM message Recived from veh_37 -info : nevoeiro (at simulation time 231.000,900,000 s)
2024-06-03 19:54:38,809 INFO  - No more hops in DENM message (at simulation time 231.000,900,000 s)
2024-06-03 19:54:38,809 INFO  - Recieve a message from other vehicle (at simulation time 231.000,900,000 s)
2024-06-03 19:54:38,809 INFO  - My position is not better! (at simulation time 231.000,900,000 s)
2024-06-03 19:54:38,809 INFO  - Recieve a message from other vehicle (at simulation time 231.000,900,000 s)
2024-06-03 19:54:38,809 INFO  - My position is not better! (at simulation time 231.000,900,000 s)
2024-06-03 19:54:38,809 INFO  - Recieve a message from other vehicle (at simulation time 231.001,300,000 s)
2024-06-03 19:54:38,809 INFO  - DENM message Recived from veh_37 -info : nevoeiro (at simulation time 231.001,300,000 s)
2024-06-03 19:54:38,809 INFO  - No more hops in DENM message (at simulation time 231.001,300,000 s)
2024-06-03 19:54:38,809 INFO  - Recieve a message from other vehicle (at simulation time 231.001,300,000 s)
2024-06-03 19:54:38,809 INFO  - DENM message Recived from veh_39 -info : nevoeiro (at simulation time 231.001,300,000 s)
2024-06-03 19:54:38,809 INFO  - No more hops in DENM message (at simulation time 231.001,300,000 s)
2024-06-03 19:54:38,809 INFO  - Recieve a message from other vehicle (at simulation time 231.001,900,000 s)
2024-06-03 19:54:38,809 INFO  - My position is not better! (at simulation time 231.001,900,000 s)
2024-06-03 19:54:38,809 INFO  - Recieve a message from other vehicle (at simulation time 231.001,900,000 s)
2024-06-03 19:54:38,809 INFO  - My position is not better! (at simulation time 231.001,900,000 s)
2024-06-03 19:54:38,809 INFO  - Recieve a message from other vehicle (at simulation time 231.002,300,000 s)
2024-06-03 19:54:38,809 INFO  - My position is not better! (at simulation time 231.002,300,000 s)
2024-06-03 19:54:38,809 INFO  - Recieve a message from other vehicle (at simulation time 231.002,400,000 s)
2024-06-03 19:54:38,809 INFO  - DENM message Recived from veh_41 -info : seco (at simulation time 231.002,400,000 s)
2024-06-03 19:54:38,809 INFO  - No more hops in DENM message (at simulation time 231.002,400,000 s)
2024-06-03 19:54:38,809 INFO  - Recieve a message from other vehicle (at simulation time 231.002,400,000 s)
2024-06-03 19:54:38,809 INFO  - My position is not better! (at simulation time 231.002,400,000 s)
2024-06-03 19:54:38,809 INFO  - Recieve a message from other vehicle (at simulation time 231.002,800,000 s)
2024-06-03 19:54:38,809 INFO  - My position is not better! (at simulation time 231.002,800,000 s)
2024-06-03 19:54:38,809 INFO  - Recieve a message from other vehicle (at simulation time 231.003,300,000 s)
2024-06-03 19:54:38,809 INFO  - DENM message Recived from veh_41 -info : seco (at simulation time 231.003,300,000 s)
2024-06-03 19:54:38,809 INFO  - No more hops in DENM message (at simulation time 231.003,300,000 s)
2024-06-03 19:54:38,809 INFO  - Recieve a message from other vehicle (at simulation time 231.003,300,000 s)
2024-06-03 19:54:38,809 INFO  - My position is not better! (at simulation time 231.003,300,000 s)
2024-06-03 19:54:38,810 INFO  - Called #onVehicleUpdated (at simulation time 232.000,000,000 s)
2024-06-03 19:54:38,811 INFO  - Sending out DENM broadcast (at simulation time 232.000,000,000 s)
2024-06-03 19:54:38,811 INFO  - Sending out AdHoc broadcast (at simulation time 232.000,000,000 s)
2024-06-03 19:54:38,811 INFO  - Recieve a message from other vehicle (at simulation time 232.000,400,000 s)
2024-06-03 19:54:38,811 INFO  - DENM message Recived from veh_38 -info : seco (at simulation time 232.000,400,000 s)
2024-06-03 19:54:38,811 INFO  - Recending a DENM message from other vehicle (at simulation time 232.000,400,000 s)
2024-06-03 19:54:38,812 INFO  - Recieve a message from other vehicle (at simulation time 232.000,400,000 s)
2024-06-03 19:54:38,812 INFO  - I'm in better position but no more hops in message (at simulation time 232.000,400,000 s)
2024-06-03 19:54:38,812 INFO  - Recieve a message from other vehicle (at simulation time 232.000,400,000 s)
2024-06-03 19:54:38,812 INFO  - I'm in better position but no more hops in message (at simulation time 232.000,400,000 s)
2024-06-03 19:54:38,812 INFO  - Recieve a message from other vehicle (at simulation time 232.000,400,000 s)
2024-06-03 19:54:38,812 INFO  - Recending a message from other vehicle (at simulation time 232.000,400,000 s)
2024-06-03 19:54:38,812 INFO  - Recieve a message from other vehicle (at simulation time 232.000,900,000 s)
2024-06-03 19:54:38,812 INFO  - I'm in better position but no more hops in message (at simulation time 232.000,900,000 s)
2024-06-03 19:54:38,812 INFO  - Recieve a message from other vehicle (at simulation time 232.001,300,000 s)
2024-06-03 19:54:38,812 INFO  - DENM message Recived from veh_40 -info : seco (at simulation time 232.001,300,000 s)
2024-06-03 19:54:38,812 INFO  - No more hops in DENM message (at simulation time 232.001,300,000 s)
2024-06-03 19:54:38,812 INFO  - Recieve a message from other vehicle (at simulation time 232.001,300,000 s)
2024-06-03 19:54:38,812 INFO  - I'm in better position but no more hops in message (at simulation time 232.001,300,000 s)
2024-06-03 19:54:38,812 INFO  - Recieve a message from other vehicle (at simulation time 232.001,300,000 s)
2024-06-03 19:54:38,812 INFO  - My position is not better! (at simulation time 232.001,300,000 s)
2024-06-03 19:54:38,813 INFO  - Recieve a message from other vehicle (at simulation time 232.001,400,000 s)
2024-06-03 19:54:38,813 INFO  - I'm in better position but no more hops in message (at simulation time 232.001,400,000 s)
2024-06-03 19:54:38,813 INFO  - Recieve a message from other vehicle (at simulation time 232.002,400,000 s)
2024-06-03 19:54:38,813 INFO  - I'm in better position but no more hops in message (at simulation time 232.002,400,000 s)
2024-06-03 19:54:38,813 INFO  - Recieve a message from other vehicle (at simulation time 232.002,800,000 s)
2024-06-03 19:54:38,813 INFO  - I'm in better position but no more hops in message (at simulation time 232.002,800,000 s)
2024-06-03 19:54:38,813 INFO  - Recieve a message from other vehicle (at simulation time 232.003,800,000 s)
2024-06-03 19:54:38,813 INFO  - I'm in better position but no more hops in message (at simulation time 232.003,800,000 s)
2024-06-03 19:54:38,815 INFO  - Called #onVehicleUpdated (at simulation time 233.000,000,000 s)
2024-06-03 19:54:38,815 INFO  - Sending out AdHoc broadcast (at simulation time 233.000,000,000 s)
2024-06-03 19:54:38,815 INFO  - Recieve a message from other vehicle (at simulation time 233.000,400,000 s)
2024-06-03 19:54:38,815 INFO  - I'm in better position but no more hops in message (at simulation time 233.000,400,000 s)
2024-06-03 19:54:38,815 INFO  - Recieve a message from other vehicle (at simulation time 233.000,400,000 s)
2024-06-03 19:54:38,815 INFO  - Recending a message from other vehicle (at simulation time 233.000,400,000 s)
2024-06-03 19:54:38,816 INFO  - Recieve a message from other vehicle (at simulation time 233.001,900,000 s)
2024-06-03 19:54:38,816 INFO  - I'm in better position but no more hops in message (at simulation time 233.001,900,000 s)
2024-06-03 19:54:38,816 INFO  - Recieve a message from other vehicle (at simulation time 233.002,400,000 s)
2024-06-03 19:54:38,816 INFO  - I'm in better position but no more hops in message (at simulation time 233.002,400,000 s)
2024-06-03 19:54:38,816 INFO  - Recieve a message from other vehicle (at simulation time 233.002,400,000 s)
2024-06-03 19:54:38,816 INFO  - I'm in better position but no more hops in message (at simulation time 233.002,400,000 s)
2024-06-03 19:54:38,816 INFO  - Recieve a message from other vehicle (at simulation time 233.002,400,000 s)
2024-06-03 19:54:38,816 INFO  - I'm in better position but no more hops in message (at simulation time 233.002,400,000 s)
2024-06-03 19:54:38,816 INFO  - Recieve a message from other vehicle (at simulation time 233.002,400,000 s)
2024-06-03 19:54:38,816 INFO  - I'm in better position but no more hops in message (at simulation time 233.002,400,000 s)
2024-06-03 19:54:38,816 INFO  - Recieve a message from other vehicle (at simulation time 233.002,800,000 s)
2024-06-03 19:54:38,816 INFO  - I'm in better position but no more hops in message (at simulation time 233.002,800,000 s)
2024-06-03 19:54:38,816 INFO  - Recieve a message from other vehicle (at simulation time 233.003,300,000 s)
2024-06-03 19:54:38,816 INFO  - I'm in better position but no more hops in message (at simulation time 233.003,300,000 s)
2024-06-03 19:54:38,816 INFO  - Recieve a message from other vehicle (at simulation time 233.003,800,000 s)
2024-06-03 19:54:38,816 INFO  - I'm in better position but no more hops in message (at simulation time 233.003,800,000 s)
2024-06-03 19:54:38,817 INFO  - Called #onVehicleUpdated (at simulation time 234.000,000,000 s)
2024-06-03 19:54:38,817 INFO  - Sending out AdHoc broadcast (at simulation time 234.000,000,000 s)
2024-06-03 19:54:38,818 INFO  - Recieve a message from other vehicle (at simulation time 234.000,900,000 s)
2024-06-03 19:54:38,818 INFO  - I'm in better position but no more hops in message (at simulation time 234.000,900,000 s)
2024-06-03 19:54:38,818 INFO  - Recieve a message from other vehicle (at simulation time 234.001,300,000 s)
2024-06-03 19:54:38,818 INFO  - I'm in better position but no more hops in message (at simulation time 234.001,300,000 s)
2024-06-03 19:54:38,818 INFO  - Recieve a message from other vehicle (at simulation time 234.001,400,000 s)
2024-06-03 19:54:38,818 INFO  - I'm in better position but no more hops in message (at simulation time 234.001,400,000 s)
2024-06-03 19:54:38,818 INFO  - Recieve a message from other vehicle (at simulation time 234.001,400,000 s)
2024-06-03 19:54:38,818 INFO  - Recending a message from other vehicle (at simulation time 234.001,400,000 s)
2024-06-03 19:54:38,818 INFO  - Recieve a message from other vehicle (at simulation time 234.001,800,000 s)
2024-06-03 19:54:38,818 INFO  - I'm in better position but no more hops in message (at simulation time 234.001,800,000 s)
2024-06-03 19:54:38,818 INFO  - Recieve a message from other vehicle (at simulation time 234.001,900,000 s)
2024-06-03 19:54:38,818 INFO  - Recending a message from other vehicle (at simulation time 234.001,900,000 s)
2024-06-03 19:54:38,819 INFO  - Recieve a message from other vehicle (at simulation time 234.002,400,000 s)
2024-06-03 19:54:38,819 INFO  - I'm in better position but no more hops in message (at simulation time 234.002,400,000 s)
2024-06-03 19:54:38,819 INFO  - Recieve a message from other vehicle (at simulation time 234.002,400,000 s)
2024-06-03 19:54:38,819 INFO  - I'm in better position but no more hops in message (at simulation time 234.002,400,000 s)
2024-06-03 19:54:38,820 INFO  - Called #onVehicleUpdated (at simulation time 235.000,000,000 s)
2024-06-03 19:54:38,820 INFO  - Sending out AdHoc broadcast (at simulation time 235.000,000,000 s)
2024-06-03 19:54:38,821 INFO  - Recieve a message from other vehicle (at simulation time 235.000,800,000 s)
2024-06-03 19:54:38,821 INFO  - I'm in better position but no more hops in message (at simulation time 235.000,800,000 s)
2024-06-03 19:54:38,821 INFO  - Recieve a message from other vehicle (at simulation time 235.000,900,000 s)
2024-06-03 19:54:38,821 INFO  - My position is not better! (at simulation time 235.000,900,000 s)
2024-06-03 19:54:38,821 INFO  - Recieve a message from other vehicle (at simulation time 235.000,900,000 s)
2024-06-03 19:54:38,821 INFO  - My position is not better! (at simulation time 235.000,900,000 s)
2024-06-03 19:54:38,821 INFO  - Recieve a message from other vehicle (at simulation time 235.001,900,000 s)
2024-06-03 19:54:38,821 INFO  - I'm in better position but no more hops in message (at simulation time 235.001,900,000 s)
2024-06-03 19:54:38,822 INFO  - Recieve a message from other vehicle (at simulation time 235.002,400,000 s)
2024-06-03 19:54:38,822 INFO  - My position is not better! (at simulation time 235.002,400,000 s)
2024-06-03 19:54:38,822 INFO  - Recieve a message from other vehicle (at simulation time 235.002,800,000 s)
2024-06-03 19:54:38,822 INFO  - I'm in better position but no more hops in message (at simulation time 235.002,800,000 s)
2024-06-03 19:54:38,822 INFO  - Recieve a message from other vehicle (at simulation time 235.002,800,000 s)
2024-06-03 19:54:38,822 INFO  - I'm in better position but no more hops in message (at simulation time 235.002,800,000 s)
2024-06-03 19:54:38,822 INFO  - Recieve a message from other vehicle (at simulation time 235.003,300,000 s)
2024-06-03 19:54:38,822 INFO  - I'm in better position but no more hops in message (at simulation time 235.003,300,000 s)
2024-06-03 19:54:38,822 INFO  - Recieve a message from other vehicle (at simulation time 235.003,800,000 s)
2024-06-03 19:54:38,822 INFO  - My position is not better! (at simulation time 235.003,800,000 s)
2024-06-03 19:54:38,823 INFO  - Called #onVehicleUpdated (at simulation time 236.000,000,000 s)
2024-06-03 19:54:38,823 INFO  - Exced velocity! Sending new CAM (at simulation time 236.000,000,000 s)
2024-06-03 19:54:38,823 INFO  - Sending out AdHoc broadcast (at simulation time 236.000,000,000 s)
2024-06-03 19:54:38,823 INFO  - Sending out AdHoc broadcast (at simulation time 236.000,000,000 s)
2024-06-03 19:54:38,824 INFO  - Called #onVehicleUpdated (at simulation time 237.000,000,000 s)
2024-06-03 19:54:38,824 INFO  - Exced velocity! Sending new CAM (at simulation time 237.000,000,000 s)
2024-06-03 19:54:38,824 INFO  - Sending out AdHoc broadcast (at simulation time 237.000,000,000 s)
2024-06-03 19:54:38,824 INFO  - Sending out AdHoc broadcast (at simulation time 237.000,000,000 s)
2024-06-03 19:54:38,825 INFO  - Called #onVehicleUpdated (at simulation time 238.000,000,000 s)
2024-06-03 19:54:38,825 INFO  - Exced velocity! Sending new CAM (at simulation time 238.000,000,000 s)
2024-06-03 19:54:38,825 INFO  - Sending out AdHoc broadcast (at simulation time 238.000,000,000 s)
2024-06-03 19:54:38,825 INFO  - Sending out AdHoc broadcast (at simulation time 238.000,000,000 s)
2024-06-03 19:54:38,825 INFO  - Sending out AdHoc broadcast (at simulation time 238.000,000,000 s)
2024-06-03 19:54:38,827 INFO  - Called #onVehicleUpdated (at simulation time 239.000,000,000 s)
2024-06-03 19:54:38,827 INFO  - Exced velocity! Sending new CAM (at simulation time 239.000,000,000 s)
2024-06-03 19:54:38,827 INFO  - Sending out AdHoc broadcast (at simulation time 239.000,000,000 s)
2024-06-03 19:54:38,827 INFO  - Sending out AdHoc broadcast (at simulation time 239.000,000,000 s)
2024-06-03 19:54:38,827 INFO  - Sending out AdHoc broadcast (at simulation time 239.000,000,000 s)
2024-06-03 19:54:38,829 INFO  - Called #onVehicleUpdated (at simulation time 240.000,000,000 s)
2024-06-03 19:54:38,829 INFO  - Exced velocity! Sending new CAM (at simulation time 240.000,000,000 s)
2024-06-03 19:54:38,829 INFO  - Sending out AdHoc broadcast (at simulation time 240.000,000,000 s)
2024-06-03 19:54:38,829 INFO  - Sending out AdHoc broadcast (at simulation time 240.000,000,000 s)
2024-06-03 19:54:38,829 INFO  - Sending out AdHoc broadcast (at simulation time 240.000,000,000 s)
2024-06-03 19:54:38,829 INFO  - Sending out AdHoc broadcast (at simulation time 240.000,000,000 s)
2024-06-03 19:54:38,831 INFO  - Shutdown (at simulation time 241.000,000,000 s)
