2024-06-03 18:13:32,258 INFO  - Initialize Vehicle application (at simulation time 654.000,000,000 s)
2024-06-03 18:13:32,259 INFO  - Activated WLAN Module (at simulation time 654.000,000,000 s)
2024-06-03 18:13:32,259 INFO  - Called #onVehicleUpdated (at simulation time 654.000,000,000 s)
2024-06-03 18:13:32,262 INFO  - Recieve a message from other vehicle (at simulation time 654.000,900,000 s)
2024-06-03 18:13:32,262 INFO  - My position is not better! (at simulation time 654.000,900,000 s)
2024-06-03 18:13:32,270 INFO  - Called #onVehicleUpdated (at simulation time 655.000,000,000 s)
2024-06-03 18:13:32,270 INFO  - Define the name: veh_95 and route: r_5 (at simulation time 655.000,000,000 s)
2024-06-03 18:13:32,270 INFO  - Sending out AdHoc broadcast (at simulation time 655.000,000,000 s)
2024-06-03 18:13:32,272 INFO  - Recieve a message from other vehicle (at simulation time 655.000,400,000 s)
2024-06-03 18:13:32,272 INFO  - My position is not better! (at simulation time 655.000,400,000 s)
2024-06-03 18:13:32,274 INFO  - Recieve a message from other vehicle (at simulation time 655.001,400,000 s)
2024-06-03 18:13:32,274 INFO  - My position is not better! (at simulation time 655.001,400,000 s)
2024-06-03 18:13:32,275 INFO  - Recieve a message from other vehicle (at simulation time 655.001,900,000 s)
2024-06-03 18:13:32,275 INFO  - My position is not better! (at simulation time 655.001,900,000 s)
2024-06-03 18:13:32,275 INFO  - Recieve a message from other vehicle (at simulation time 655.002,400,000 s)
2024-06-03 18:13:32,275 INFO  - My position is not better! (at simulation time 655.002,400,000 s)
2024-06-03 18:13:32,276 INFO  - Recieve a message from other vehicle (at simulation time 655.002,400,000 s)
2024-06-03 18:13:32,276 INFO  - My position is not better! (at simulation time 655.002,400,000 s)
2024-06-03 18:13:32,279 INFO  - Called #onVehicleUpdated (at simulation time 656.000,000,000 s)
2024-06-03 18:13:32,280 INFO  - Recieve a message from other vehicle (at simulation time 656.000,900,000 s)
2024-06-03 18:13:32,280 INFO  - My position is not better! (at simulation time 656.000,900,000 s)
2024-06-03 18:13:32,286 INFO  - Called #onVehicleUpdated (at simulation time 657.000,000,000 s)
2024-06-03 18:13:32,286 INFO  - Sending out AdHoc broadcast (at simulation time 657.000,000,000 s)
2024-06-03 18:13:32,289 INFO  - Recieve a message from other vehicle (at simulation time 657.000,400,000 s)
2024-06-03 18:13:32,289 INFO  - My position is not better! (at simulation time 657.000,400,000 s)
2024-06-03 18:13:32,290 INFO  - Recieve a message from other vehicle (at simulation time 657.000,900,000 s)
2024-06-03 18:13:32,290 INFO  - My position is not better! (at simulation time 657.000,900,000 s)
2024-06-03 18:13:32,293 INFO  - Recieve a message from other vehicle (at simulation time 657.001,900,000 s)
2024-06-03 18:13:32,293 INFO  - My position is not better! (at simulation time 657.001,900,000 s)
2024-06-03 18:13:32,293 INFO  - Recieve a message from other vehicle (at simulation time 657.001,900,000 s)
2024-06-03 18:13:32,293 INFO  - My position is not better! (at simulation time 657.001,900,000 s)
2024-06-03 18:13:32,293 INFO  - Recieve a message from other vehicle (at simulation time 657.002,400,000 s)
2024-06-03 18:13:32,293 INFO  - My position is not better! (at simulation time 657.002,400,000 s)
2024-06-03 18:13:32,297 INFO  - Called #onVehicleUpdated (at simulation time 658.000,000,000 s)
2024-06-03 18:13:32,299 INFO  - Recieve a message from other vehicle (at simulation time 658.001,400,000 s)
2024-06-03 18:13:32,299 INFO  - My position is not better! (at simulation time 658.001,400,000 s)
2024-06-03 18:13:32,302 INFO  - Called #onVehicleUpdated (at simulation time 659.000,000,000 s)
2024-06-03 18:13:32,303 INFO  - Sending out AdHoc broadcast (at simulation time 659.000,000,000 s)
2024-06-03 18:13:32,305 INFO  - Recieve a message from other vehicle (at simulation time 659.000,900,000 s)
2024-06-03 18:13:32,305 INFO  - My position is not better! (at simulation time 659.000,900,000 s)
2024-06-03 18:13:32,306 INFO  - Recieve a message from other vehicle (at simulation time 659.001,400,000 s)
2024-06-03 18:13:32,306 INFO  - My position is not better! (at simulation time 659.001,400,000 s)
2024-06-03 18:13:32,307 INFO  - Recieve a message from other vehicle (at simulation time 659.001,900,000 s)
2024-06-03 18:13:32,307 INFO  - My position is not better! (at simulation time 659.001,900,000 s)
2024-06-03 18:13:32,307 INFO  - Recieve a message from other vehicle (at simulation time 659.002,400,000 s)
2024-06-03 18:13:32,307 INFO  - My position is not better! (at simulation time 659.002,400,000 s)
2024-06-03 18:13:32,308 INFO  - Recieve a message from other vehicle (at simulation time 659.002,400,000 s)
2024-06-03 18:13:32,308 INFO  - My position is not better! (at simulation time 659.002,400,000 s)
2024-06-03 18:13:32,311 INFO  - Called #onVehicleUpdated (at simulation time 660.000,000,000 s)
2024-06-03 18:13:32,313 INFO  - Recieve a message from other vehicle (at simulation time 660.000,900,000 s)
2024-06-03 18:13:32,313 INFO  - My position is not better! (at simulation time 660.000,900,000 s)
2024-06-03 18:13:32,317 INFO  - Called #onVehicleUpdated (at simulation time 661.000,000,000 s)
2024-06-03 18:13:32,318 INFO  - Sending out AdHoc broadcast (at simulation time 661.000,000,000 s)
2024-06-03 18:13:32,319 INFO  - Recieve a message from other vehicle (at simulation time 661.000,400,000 s)
2024-06-03 18:13:32,319 INFO  - My position is not better! (at simulation time 661.000,400,000 s)
2024-06-03 18:13:32,320 INFO  - Recieve a message from other vehicle (at simulation time 661.001,900,000 s)
2024-06-03 18:13:32,320 INFO  - My position is not better! (at simulation time 661.001,900,000 s)
2024-06-03 18:13:32,322 INFO  - Recieve a message from other vehicle (at simulation time 661.002,400,000 s)
2024-06-03 18:13:32,322 INFO  - My position is not better! (at simulation time 661.002,400,000 s)
2024-06-03 18:13:32,322 INFO  - Recieve a message from other vehicle (at simulation time 661.002,400,000 s)
2024-06-03 18:13:32,322 INFO  - My position is not better! (at simulation time 661.002,400,000 s)
2024-06-03 18:13:32,322 INFO  - Recieve a message from other vehicle (at simulation time 661.002,400,000 s)
2024-06-03 18:13:32,322 INFO  - My position is not better! (at simulation time 661.002,400,000 s)
2024-06-03 18:13:32,325 INFO  - Called #onVehicleUpdated (at simulation time 662.000,000,000 s)
2024-06-03 18:13:32,327 INFO  - Recieve a message from other vehicle (at simulation time 662.000,900,000 s)
2024-06-03 18:13:32,327 INFO  - My position is not better! (at simulation time 662.000,900,000 s)
2024-06-03 18:13:32,331 INFO  - Called #onVehicleUpdated (at simulation time 663.000,000,000 s)
2024-06-03 18:13:32,332 INFO  - Sending out DENM broadcast (at simulation time 663.000,000,000 s)
2024-06-03 18:13:32,332 INFO  - Sending out AdHoc broadcast (at simulation time 663.000,000,000 s)
2024-06-03 18:13:32,333 INFO  - Recieve a message from other vehicle (at simulation time 663.000,400,000 s)
2024-06-03 18:13:32,333 INFO  - My position is not better! (at simulation time 663.000,400,000 s)
2024-06-03 18:13:32,334 INFO  - Recieve a message from other vehicle (at simulation time 663.001,400,000 s)
2024-06-03 18:13:32,334 INFO  - My position is not better! (at simulation time 663.001,400,000 s)
2024-06-03 18:13:32,335 INFO  - Recieve a message from other vehicle (at simulation time 663.001,800,000 s)
2024-06-03 18:13:32,335 INFO  - DENM message Recived from veh_95 -info : nevoeiro (at simulation time 663.001,800,000 s)
2024-06-03 18:13:32,335 INFO  - No more hops in DENM message (at simulation time 663.001,800,000 s)
2024-06-03 18:13:32,335 INFO  - Recieve a message from other vehicle (at simulation time 663.001,900,000 s)
2024-06-03 18:13:32,335 INFO  - My position is not better! (at simulation time 663.001,900,000 s)
2024-06-03 18:13:32,335 INFO  - Recieve a message from other vehicle (at simulation time 663.001,900,000 s)
2024-06-03 18:13:32,335 INFO  - My position is not better! (at simulation time 663.001,900,000 s)
2024-06-03 18:13:32,336 INFO  - Recieve a message from other vehicle (at simulation time 663.002,400,000 s)
2024-06-03 18:13:32,336 INFO  - My position is not better! (at simulation time 663.002,400,000 s)
2024-06-03 18:13:32,339 INFO  - Called #onVehicleUpdated (at simulation time 664.000,000,000 s)
2024-06-03 18:13:32,343 INFO  - Recieve a message from other vehicle (at simulation time 664.002,400,000 s)
2024-06-03 18:13:32,343 INFO  - My position is not better! (at simulation time 664.002,400,000 s)
