2024-06-03 19:54:39,554 INFO  - Initialize Vehicle application (at simulation time 654.000,000,000 s)
2024-06-03 19:54:39,555 INFO  - Activated WLAN Module (at simulation time 654.000,000,000 s)
2024-06-03 19:54:39,556 INFO  - Called #onVehicleUpdated (at simulation time 654.000,000,000 s)
2024-06-03 19:54:39,559 INFO  - Called #onVehicleUpdated (at simulation time 655.000,000,000 s)
2024-06-03 19:54:39,559 INFO  - Define the name: veh_92 and route: r_2 (at simulation time 655.000,000,000 s)
2024-06-03 19:54:39,559 INFO  - Sending out AdHoc broadcast (at simulation time 655.000,000,000 s)
2024-06-03 19:54:39,560 INFO  - Called #onVehicleUpdated (at simulation time 656.000,000,000 s)
2024-06-03 19:54:39,561 INFO  - Recieve a message from other vehicle (at simulation time 656.000,400,000 s)
2024-06-03 19:54:39,561 INFO  - Recending a message from other vehicle (at simulation time 656.000,400,000 s)
2024-06-03 19:54:39,562 INFO  - Called #onVehicleUpdated (at simulation time 657.000,000,000 s)
2024-06-03 19:54:39,562 INFO  - Sending out AdHoc broadcast (at simulation time 657.000,000,000 s)
2024-06-03 19:54:39,563 INFO  - Called #onVehicleUpdated (at simulation time 658.000,000,000 s)
2024-06-03 19:54:39,563 INFO  - Recieve a message from other vehicle (at simulation time 658.001,900,000 s)
2024-06-03 19:54:39,563 INFO  - Recending a message from other vehicle (at simulation time 658.001,900,000 s)
2024-06-03 19:54:39,665 INFO  - Called #onVehicleUpdated (at simulation time 659.000,000,000 s)
2024-06-03 19:54:39,665 INFO  - Sending out AdHoc broadcast (at simulation time 659.000,000,000 s)
2024-06-03 19:54:39,667 INFO  - Called #onVehicleUpdated (at simulation time 660.000,000,000 s)
2024-06-03 19:54:39,667 INFO  - Recieve a message from other vehicle (at simulation time 660.002,400,000 s)
2024-06-03 19:54:39,667 INFO  - Recending a message from other vehicle (at simulation time 660.002,400,000 s)
2024-06-03 19:54:39,670 INFO  - Called #onVehicleUpdated (at simulation time 661.000,000,000 s)
2024-06-03 19:54:39,670 INFO  - Sending out AdHoc broadcast (at simulation time 661.000,000,000 s)
2024-06-03 19:54:39,670 INFO  - Recieve a message from other vehicle (at simulation time 661.000,900,000 s)
2024-06-03 19:54:39,670 INFO  - My position is not better! (at simulation time 661.000,900,000 s)
2024-06-03 19:54:39,670 INFO  - Recieve a message from other vehicle (at simulation time 661.000,900,000 s)
2024-06-03 19:54:39,670 INFO  - My position is not better! (at simulation time 661.000,900,000 s)
2024-06-03 19:54:39,670 INFO  - Recieve a message from other vehicle (at simulation time 661.000,900,000 s)
2024-06-03 19:54:39,670 INFO  - My position is not better! (at simulation time 661.000,900,000 s)
2024-06-03 19:54:39,670 INFO  - Recieve a message from other vehicle (at simulation time 661.002,400,000 s)
2024-06-03 19:54:39,670 INFO  - My position is not better! (at simulation time 661.002,400,000 s)
2024-06-03 19:54:39,671 INFO  - Recieve a message from other vehicle (at simulation time 661.002,800,000 s)
2024-06-03 19:54:39,671 INFO  - My position is not better! (at simulation time 661.002,800,000 s)
2024-06-03 19:54:39,671 INFO  - Recieve a message from other vehicle (at simulation time 661.003,300,000 s)
2024-06-03 19:54:39,671 INFO  - My position is not better! (at simulation time 661.003,300,000 s)
2024-06-03 19:54:39,672 INFO  - Called #onVehicleUpdated (at simulation time 662.000,000,000 s)
2024-06-03 19:54:39,674 INFO  - Recieve a message from other vehicle (at simulation time 662.000,400,000 s)
2024-06-03 19:54:39,674 INFO  - My position is not better! (at simulation time 662.000,400,000 s)
2024-06-03 19:54:39,674 INFO  - Recieve a message from other vehicle (at simulation time 662.000,900,000 s)
2024-06-03 19:54:39,674 INFO  - My position is not better! (at simulation time 662.000,900,000 s)
2024-06-03 19:54:39,674 INFO  - Recieve a message from other vehicle (at simulation time 662.000,900,000 s)
2024-06-03 19:54:39,674 INFO  - My position is not better! (at simulation time 662.000,900,000 s)
2024-06-03 19:54:39,674 INFO  - Recieve a message from other vehicle (at simulation time 662.000,900,000 s)
2024-06-03 19:54:39,674 INFO  - My position is not better! (at simulation time 662.000,900,000 s)
2024-06-03 19:54:39,674 INFO  - Recieve a message from other vehicle (at simulation time 662.001,400,000 s)
2024-06-03 19:54:39,674 INFO  - My position is not better! (at simulation time 662.001,400,000 s)
2024-06-03 19:54:39,674 INFO  - Recieve a message from other vehicle (at simulation time 662.001,400,000 s)
2024-06-03 19:54:39,674 INFO  - Recending a message from other vehicle (at simulation time 662.001,400,000 s)
2024-06-03 19:54:39,676 INFO  - Called #onVehicleUpdated (at simulation time 663.000,000,000 s)
2024-06-03 19:54:39,676 INFO  - Sending out DENM broadcast (at simulation time 663.000,000,000 s)
2024-06-03 19:54:39,676 INFO  - Sending out AdHoc broadcast (at simulation time 663.000,000,000 s)
2024-06-03 19:54:39,677 INFO  - Recieve a message from other vehicle (at simulation time 663.000,400,000 s)
2024-06-03 19:54:39,677 INFO  - DENM message Recived from veh_95 -info : nevoeiro (at simulation time 663.000,400,000 s)
2024-06-03 19:54:39,677 INFO  - Recending a DENM message from other vehicle (at simulation time 663.000,400,000 s)
2024-06-03 19:54:39,677 INFO  - Recieve a message from other vehicle (at simulation time 663.000,400,000 s)
2024-06-03 19:54:39,677 INFO  - I'm in better position but no more hops in message (at simulation time 663.000,400,000 s)
2024-06-03 19:54:39,677 INFO  - Recieve a message from other vehicle (at simulation time 663.000,400,000 s)
2024-06-03 19:54:39,677 INFO  - My position is not better! (at simulation time 663.000,400,000 s)
2024-06-03 19:54:39,678 INFO  - Recieve a message from other vehicle (at simulation time 663.001,400,000 s)
2024-06-03 19:54:39,678 INFO  - I'm in better position but no more hops in message (at simulation time 663.001,400,000 s)
2024-06-03 19:54:39,678 INFO  - Recieve a message from other vehicle (at simulation time 663.001,400,000 s)
2024-06-03 19:54:39,678 INFO  - I'm in better position but no more hops in message (at simulation time 663.001,400,000 s)
2024-06-03 19:54:39,678 INFO  - Recieve a message from other vehicle (at simulation time 663.001,900,000 s)
2024-06-03 19:54:39,678 INFO  - DENM message Recived from veh_94 -info : nevoeiro (at simulation time 663.001,900,000 s)
2024-06-03 19:54:39,678 INFO  - Recending a DENM message from other vehicle (at simulation time 663.001,900,000 s)
2024-06-03 19:54:39,679 INFO  - Recieve a message from other vehicle (at simulation time 663.002,300,000 s)
2024-06-03 19:54:39,679 INFO  - DENM message Recived from veh_92 -info : nevoeiro (at simulation time 663.002,300,000 s)
2024-06-03 19:54:39,679 INFO  - No more hops in DENM message (at simulation time 663.002,300,000 s)
2024-06-03 19:54:39,679 INFO  - Recieve a message from other vehicle (at simulation time 663.002,400,000 s)
2024-06-03 19:54:39,679 INFO  - I'm in better position but no more hops in message (at simulation time 663.002,400,000 s)
2024-06-03 19:54:39,679 INFO  - Recieve a message from other vehicle (at simulation time 663.003,300,000 s)
2024-06-03 19:54:39,679 INFO  - My position is not better! (at simulation time 663.003,300,000 s)
2024-06-03 19:54:39,680 INFO  - Called #onVehicleUpdated (at simulation time 664.000,000,000 s)
2024-06-03 19:54:39,682 INFO  - Recieve a message from other vehicle (at simulation time 664.000,900,000 s)
2024-06-03 19:54:39,682 INFO  - DENM message Recived from veh_93 -info : seco (at simulation time 664.000,900,000 s)
2024-06-03 19:54:39,682 INFO  - Recending a DENM message from other vehicle (at simulation time 664.000,900,000 s)
2024-06-03 19:54:39,682 INFO  - Recieve a message from other vehicle (at simulation time 664.000,900,000 s)
2024-06-03 19:54:39,682 INFO  - I'm in better position but no more hops in message (at simulation time 664.000,900,000 s)
2024-06-03 19:54:39,682 INFO  - Recieve a message from other vehicle (at simulation time 664.000,900,000 s)
2024-06-03 19:54:39,682 INFO  - Recending a message from other vehicle (at simulation time 664.000,900,000 s)
2024-06-03 19:54:39,683 INFO  - Recieve a message from other vehicle (at simulation time 664.001,400,000 s)
2024-06-03 19:54:39,683 INFO  - I'm in better position but no more hops in message (at simulation time 664.001,400,000 s)
2024-06-03 19:54:39,683 INFO  - Recieve a message from other vehicle (at simulation time 664.001,900,000 s)
2024-06-03 19:54:39,683 INFO  - I'm in better position but no more hops in message (at simulation time 664.001,900,000 s)
2024-06-03 19:54:39,683 INFO  - Recieve a message from other vehicle (at simulation time 664.002,400,000 s)
2024-06-03 19:54:39,683 INFO  - Recending a message from other vehicle (at simulation time 664.002,400,000 s)
2024-06-03 19:54:39,683 INFO  - Recieve a message from other vehicle (at simulation time 664.002,400,000 s)
2024-06-03 19:54:39,683 INFO  - Recending a message from other vehicle (at simulation time 664.002,400,000 s)
2024-06-03 19:54:39,686 INFO  - Called #onVehicleUpdated (at simulation time 665.000,000,000 s)
2024-06-03 19:54:39,686 INFO  - Sending out AdHoc broadcast (at simulation time 665.000,000,000 s)
2024-06-03 19:54:39,686 INFO  - Recieve a message from other vehicle (at simulation time 665.000,900,000 s)
2024-06-03 19:54:39,686 INFO  - I'm in better position but no more hops in message (at simulation time 665.000,900,000 s)
2024-06-03 19:54:39,687 INFO  - Recieve a message from other vehicle (at simulation time 665.000,900,000 s)
2024-06-03 19:54:39,687 INFO  - Recending a message from other vehicle (at simulation time 665.000,900,000 s)
2024-06-03 19:54:39,687 INFO  - Recieve a message from other vehicle (at simulation time 665.001,400,000 s)
2024-06-03 19:54:39,687 INFO  - I'm in better position but no more hops in message (at simulation time 665.001,400,000 s)
2024-06-03 19:54:39,687 INFO  - Recieve a message from other vehicle (at simulation time 665.001,900,000 s)
2024-06-03 19:54:39,687 INFO  - I'm in better position but no more hops in message (at simulation time 665.001,900,000 s)
2024-06-03 19:54:39,687 INFO  - Recieve a message from other vehicle (at simulation time 665.001,900,000 s)
2024-06-03 19:54:39,687 INFO  - I'm in better position but no more hops in message (at simulation time 665.001,900,000 s)
2024-06-03 19:54:39,688 INFO  - Called #onVehicleUpdated (at simulation time 666.000,000,000 s)
2024-06-03 19:54:39,688 INFO  - Recieve a message from other vehicle (at simulation time 666.000,900,000 s)
2024-06-03 19:54:39,688 INFO  - My position is not better! (at simulation time 666.000,900,000 s)
2024-06-03 19:54:39,688 INFO  - Recieve a message from other vehicle (at simulation time 666.001,900,000 s)
2024-06-03 19:54:39,688 INFO  - My position is not better! (at simulation time 666.001,900,000 s)
2024-06-03 19:54:39,688 INFO  - Recieve a message from other vehicle (at simulation time 666.001,900,000 s)
2024-06-03 19:54:39,688 INFO  - My position is not better! (at simulation time 666.001,900,000 s)
2024-06-03 19:54:39,688 INFO  - Recieve a message from other vehicle (at simulation time 666.002,300,000 s)
2024-06-03 19:54:39,688 INFO  - I'm in better position but no more hops in message (at simulation time 666.002,300,000 s)
2024-06-03 19:54:39,688 INFO  - Recieve a message from other vehicle (at simulation time 666.002,400,000 s)
2024-06-03 19:54:39,688 INFO  - My position is not better! (at simulation time 666.002,400,000 s)
2024-06-03 19:54:39,688 INFO  - Recieve a message from other vehicle (at simulation time 666.003,800,000 s)
2024-06-03 19:54:39,688 INFO  - I'm in better position but no more hops in message (at simulation time 666.003,800,000 s)
2024-06-03 19:54:39,689 INFO  - Called #onVehicleUpdated (at simulation time 667.000,000,000 s)
2024-06-03 19:54:39,689 INFO  - Sending out AdHoc broadcast (at simulation time 667.000,000,000 s)
2024-06-03 19:54:39,690 INFO  - Recieve a message from other vehicle (at simulation time 667.000,400,000 s)
2024-06-03 19:54:39,690 INFO  - My position is not better! (at simulation time 667.000,400,000 s)
2024-06-03 19:54:39,690 INFO  - Recieve a message from other vehicle (at simulation time 667.000,400,000 s)
2024-06-03 19:54:39,690 INFO  - My position is not better! (at simulation time 667.000,400,000 s)
2024-06-03 19:54:39,690 INFO  - Recieve a message from other vehicle (at simulation time 667.000,900,000 s)
2024-06-03 19:54:39,690 INFO  - My position is not better! (at simulation time 667.000,900,000 s)
2024-06-03 19:54:39,690 INFO  - Recieve a message from other vehicle (at simulation time 667.001,300,000 s)
2024-06-03 19:54:39,690 INFO  - My position is not better! (at simulation time 667.001,300,000 s)
2024-06-03 19:54:39,690 INFO  - Recieve a message from other vehicle (at simulation time 667.001,400,000 s)
2024-06-03 19:54:39,690 INFO  - My position is not better! (at simulation time 667.001,400,000 s)
2024-06-03 19:54:39,691 INFO  - Called #onVehicleUpdated (at simulation time 668.000,000,000 s)
2024-06-03 19:54:39,692 INFO  - Recieve a message from other vehicle (at simulation time 668.000,400,000 s)
2024-06-03 19:54:39,692 INFO  - My position is not better! (at simulation time 668.000,400,000 s)
2024-06-03 19:54:39,692 INFO  - Recieve a message from other vehicle (at simulation time 668.000,900,000 s)
2024-06-03 19:54:39,692 INFO  - My position is not better! (at simulation time 668.000,900,000 s)
2024-06-03 19:54:39,692 INFO  - Recieve a message from other vehicle (at simulation time 668.000,900,000 s)
2024-06-03 19:54:39,692 INFO  - My position is not better! (at simulation time 668.000,900,000 s)
2024-06-03 19:54:39,692 INFO  - Recieve a message from other vehicle (at simulation time 668.001,400,000 s)
2024-06-03 19:54:39,692 INFO  - My position is not better! (at simulation time 668.001,400,000 s)
2024-06-03 19:54:39,692 INFO  - Recieve a message from other vehicle (at simulation time 668.002,300,000 s)
2024-06-03 19:54:39,692 INFO  - My position is not better! (at simulation time 668.002,300,000 s)
2024-06-03 19:54:39,693 INFO  - Called #onVehicleUpdated (at simulation time 669.000,000,000 s)
2024-06-03 19:54:39,693 INFO  - Sending out AdHoc broadcast (at simulation time 669.000,000,000 s)
2024-06-03 19:54:39,695 INFO  - Called #onVehicleUpdated (at simulation time 670.000,000,000 s)
2024-06-03 19:54:39,696 INFO  - Called #onVehicleUpdated (at simulation time 671.000,000,000 s)
2024-06-03 19:54:39,697 INFO  - Sending out AdHoc broadcast (at simulation time 671.000,000,000 s)
2024-06-03 19:54:39,698 INFO  - Called #onVehicleUpdated (at simulation time 672.000,000,000 s)
2024-06-03 19:54:39,699 INFO  - Called #onVehicleUpdated (at simulation time 673.000,000,000 s)
2024-06-03 19:54:39,700 INFO  - Sending out AdHoc broadcast (at simulation time 673.000,000,000 s)
2024-06-03 19:54:39,700 INFO  - Called #onVehicleUpdated (at simulation time 674.000,000,000 s)
2024-06-03 19:54:39,702 INFO  - Shutdown (at simulation time 675.000,000,000 s)
