2024-06-03 19:58:54,796 WARN  SumoGuiAmbassador - The file scenarios/npr/sumo/sumo_config.json does not exist.
2024-06-03 19:58:54,798 INFO  SumoGuiAmbassador - sumoConfig.updateInterval: 1000
2024-06-03 19:58:54,799 INFO  SumoGuiAmbassador - sumoConfig.sumoConfigurationFile: null
2024-06-03 19:58:54,806 INFO  SumoGuiAmbassador - Found a SUMO configuration file: scenarios/npr/sumo/npr.sumocfg
2024-06-03 19:58:54,807 INFO  SumoGuiAmbassador - sumoConfig.sumoConfigurationFile: npr.sumocfg
2024-06-03 19:58:54,839 INFO  SumoGuiAmbassador - Simulation step size is 1.0 sec.
2024-06-03 19:58:56,079 INFO  SumoVehicleTypesWriter - ./tmp/sumo/mosaic_types.add.xml file successfully written.
2024-06-03 19:58:56,079 INFO  SumoGuiAmbassador - Start Federate local
2024-06-03 19:58:56,079 INFO  SumoGuiAmbassador - Directory: ./tmp/sumo
2024-06-03 19:58:56,086 WARN  SumoGuiAmbassador - Error while connecting to SUMO. Retrying.
2024-06-03 19:58:57,098 INFO  SumoGuiAmbassador - Process sumo: Loading configuration ... done.
2024-06-03 19:58:58,347 WARN  TraciClientBridge - This TraCI API version 21 is currently not supported (but might work anyhow).
2024-06-03 19:58:58,358 INFO  SumoGuiAmbassador - Current API version of SUMO is 20 (=SUMO 1.18.*)
2024-06-03 19:58:58,448 WARN  TrafficLightGetControlledJunctions - Could not return list of controlled junctions for traffic light. Not implemented in SUMO yet.
2024-06-03 19:58:58,571 INFO  SumoGuiAmbassador - TrafficLightSubscription interaction received at simulation time 0.000,000,000 s: Subscribe to Traffic light group with ID=J9
2024-06-03 19:58:58,588 INFO  SumoGuiAmbassador - Receive TrafficLightStateChange request
2024-06-03 19:58:58,589 INFO  SumoGuiAmbassador - Changing program of traffic light group 'J9' to program id '0'
2024-06-03 19:58:58,624 INFO  SumoGuiAmbassador - VehicleRegistration from RTI "veh_0" received at simulation time 5000000000 ns (subscribe=true)
2024-06-03 19:58:58,624 INFO  SumoGuiAmbassador - VehicleRegistration from RTI "veh_1" received at simulation time 5000000000 ns (subscribe=true)
2024-06-03 19:58:58,624 INFO  SumoGuiAmbassador - VehicleRegistration from RTI "veh_2" received at simulation time 5000000000 ns (subscribe=true)
2024-06-03 19:58:58,624 INFO  SumoGuiAmbassador - VehicleRegistration from RTI "veh_3" received at simulation time 5000000000 ns (subscribe=true)
2024-06-03 19:58:58,625 INFO  SumoGuiAmbassador - VehicleRegistration from RTI "veh_4" received at simulation time 5000000000 ns (subscribe=true)
2024-06-03 19:58:58,625 INFO  SumoGuiAmbassador - VehicleRegistration from RTI "veh_5" received at simulation time 5000000000 ns (subscribe=true)
2024-06-03 19:58:58,626 INFO  SumoGuiAmbassador - Adding new vehicle "veh_0" at simulation time 5000000000 ns (type=Car, routeId=r_0, laneId=best, departPos=0.00)
2024-06-03 19:58:58,631 INFO  SumoGuiAmbassador - Adding new vehicle "veh_1" at simulation time 5000000000 ns (type=Car, routeId=r_2, laneId=best, departPos=0.00)
2024-06-03 19:58:58,632 INFO  SumoGuiAmbassador - Adding new vehicle "veh_2" at simulation time 5000000000 ns (type=Car, routeId=r_1, laneId=best, departPos=0.00)
2024-06-03 19:58:58,635 INFO  SumoGuiAmbassador - Adding new vehicle "veh_3" at simulation time 5000000000 ns (type=Car, routeId=r_4, laneId=best, departPos=0.00)
2024-06-03 19:58:58,636 INFO  SumoGuiAmbassador - Adding new vehicle "veh_4" at simulation time 5000000000 ns (type=Car, routeId=r_3, laneId=best, departPos=0.00)
2024-06-03 19:58:58,637 INFO  SumoGuiAmbassador - Adding new vehicle "veh_5" at simulation time 5000000000 ns (type=Car, routeId=r_5, laneId=best, departPos=0.00)
2024-06-03 19:58:58,768 INFO  SumoGuiAmbassador - Receive VehicleSpeedChange request at simulation time 13.223,997,571 s: vehicleId="veh_5", targetSpeed=0.0m/s, interval=0ms
2024-06-03 19:58:58,768 INFO  SumoGuiAmbassador - Receive VehicleSpeedChange request at simulation time 13.224,493,580 s: vehicleId="veh_3", targetSpeed=0.0m/s, interval=0ms
2024-06-03 19:58:58,790 INFO  SumoGuiAmbassador - Receive VehicleSpeedChange request at simulation time 14.614,182,037 s: vehicleId="veh_1", targetSpeed=0.0m/s, interval=0ms
2024-06-03 19:58:58,790 INFO  SumoGuiAmbassador - Receive VehicleSpeedChange request at simulation time 14.628,840,609 s: vehicleId="veh_0", targetSpeed=0.0m/s, interval=0ms
2024-06-03 19:58:59,001 INFO  SumoGuiAmbassador - VehicleRegistration from RTI "veh_6" received at simulation time 41000000000 ns (subscribe=true)
2024-06-03 19:58:59,001 INFO  SumoGuiAmbassador - VehicleRegistration from RTI "veh_7" received at simulation time 41000000000 ns (subscribe=true)
2024-06-03 19:58:59,001 INFO  SumoGuiAmbassador - VehicleRegistration from RTI "veh_8" received at simulation time 41000000000 ns (subscribe=true)
2024-06-03 19:58:59,001 INFO  SumoGuiAmbassador - VehicleRegistration from RTI "veh_9" received at simulation time 41000000000 ns (subscribe=true)
2024-06-03 19:58:59,001 INFO  SumoGuiAmbassador - VehicleRegistration from RTI "veh_10" received at simulation time 41000000000 ns (subscribe=true)
2024-06-03 19:58:59,001 INFO  SumoGuiAmbassador - VehicleRegistration from RTI "veh_11" received at simulation time 41000000000 ns (subscribe=true)
2024-06-03 19:58:59,006 INFO  SumoGuiAmbassador - Adding new vehicle "veh_6" at simulation time 41000000000 ns (type=Car, routeId=r_0, laneId=best, departPos=0.00)
2024-06-03 19:58:59,007 INFO  SumoGuiAmbassador - Adding new vehicle "veh_7" at simulation time 41000000000 ns (type=Car, routeId=r_2, laneId=best, departPos=0.00)
2024-06-03 19:58:59,008 INFO  SumoGuiAmbassador - Adding new vehicle "veh_8" at simulation time 41000000000 ns (type=Car, routeId=r_1, laneId=best, departPos=0.00)
2024-06-03 19:58:59,009 INFO  SumoGuiAmbassador - Adding new vehicle "veh_9" at simulation time 41000000000 ns (type=Car, routeId=r_4, laneId=best, departPos=0.00)
2024-06-03 19:58:59,011 INFO  SumoGuiAmbassador - Adding new vehicle "veh_10" at simulation time 41000000000 ns (type=Car, routeId=r_3, laneId=best, departPos=0.00)
2024-06-03 19:58:59,012 INFO  SumoGuiAmbassador - Adding new vehicle "veh_11" at simulation time 41000000000 ns (type=Car, routeId=r_5, laneId=best, departPos=0.00)
2024-06-03 19:58:59,117 INFO  SumoGuiAmbassador - Receive VehicleSpeedChange request at simulation time 50.321,500,803 s: vehicleId="veh_11", targetSpeed=0.0m/s, interval=0ms
2024-06-03 19:58:59,371 INFO  SumoGuiAmbassador - VehicleRegistration from RTI "veh_12" received at simulation time 77000000000 ns (subscribe=true)
2024-06-03 19:58:59,371 INFO  SumoGuiAmbassador - VehicleRegistration from RTI "veh_13" received at simulation time 77000000000 ns (subscribe=true)
2024-06-03 19:58:59,371 INFO  SumoGuiAmbassador - VehicleRegistration from RTI "veh_14" received at simulation time 77000000000 ns (subscribe=true)
2024-06-03 19:58:59,371 INFO  SumoGuiAmbassador - VehicleRegistration from RTI "veh_15" received at simulation time 77000000000 ns (subscribe=true)
2024-06-03 19:58:59,371 INFO  SumoGuiAmbassador - VehicleRegistration from RTI "veh_16" received at simulation time 77000000000 ns (subscribe=true)
2024-06-03 19:58:59,371 INFO  SumoGuiAmbassador - VehicleRegistration from RTI "veh_17" received at simulation time 77000000000 ns (subscribe=true)
2024-06-03 19:58:59,377 INFO  SumoGuiAmbassador - Adding new vehicle "veh_12" at simulation time 77000000000 ns (type=Car, routeId=r_0, laneId=best, departPos=0.00)
2024-06-03 19:58:59,378 INFO  SumoGuiAmbassador - Adding new vehicle "veh_13" at simulation time 77000000000 ns (type=Car, routeId=r_2, laneId=best, departPos=0.00)
2024-06-03 19:58:59,379 INFO  SumoGuiAmbassador - Adding new vehicle "veh_14" at simulation time 77000000000 ns (type=Car, routeId=r_1, laneId=best, departPos=0.00)
2024-06-03 19:58:59,379 INFO  SumoGuiAmbassador - Adding new vehicle "veh_15" at simulation time 77000000000 ns (type=Car, routeId=r_4, laneId=best, departPos=0.00)
2024-06-03 19:58:59,380 INFO  SumoGuiAmbassador - Adding new vehicle "veh_16" at simulation time 77000000000 ns (type=Car, routeId=r_3, laneId=best, departPos=0.00)
2024-06-03 19:58:59,381 INFO  SumoGuiAmbassador - Adding new vehicle "veh_17" at simulation time 77000000000 ns (type=Car, routeId=r_5, laneId=best, departPos=0.00)
2024-06-03 19:58:59,909 INFO  SumoGuiAmbassador - VehicleRegistration from RTI "veh_18" received at simulation time 113000000000 ns (subscribe=true)
2024-06-03 19:58:59,909 INFO  SumoGuiAmbassador - VehicleRegistration from RTI "veh_19" received at simulation time 113000000000 ns (subscribe=true)
2024-06-03 19:58:59,909 INFO  SumoGuiAmbassador - VehicleRegistration from RTI "veh_20" received at simulation time 113000000000 ns (subscribe=true)
2024-06-03 19:58:59,909 INFO  SumoGuiAmbassador - VehicleRegistration from RTI "veh_21" received at simulation time 113000000000 ns (subscribe=true)
2024-06-03 19:58:59,909 INFO  SumoGuiAmbassador - VehicleRegistration from RTI "veh_22" received at simulation time 113000000000 ns (subscribe=true)
2024-06-03 19:58:59,909 INFO  SumoGuiAmbassador - VehicleRegistration from RTI "veh_23" received at simulation time 113000000000 ns (subscribe=true)
2024-06-03 19:58:59,918 INFO  SumoGuiAmbassador - Adding new vehicle "veh_18" at simulation time 113000000000 ns (type=Car, routeId=r_0, laneId=best, departPos=0.00)
2024-06-03 19:58:59,919 INFO  SumoGuiAmbassador - Adding new vehicle "veh_19" at simulation time 113000000000 ns (type=Car, routeId=r_2, laneId=best, departPos=0.00)
2024-06-03 19:58:59,920 INFO  SumoGuiAmbassador - Adding new vehicle "veh_20" at simulation time 113000000000 ns (type=Car, routeId=r_1, laneId=best, departPos=0.00)
2024-06-03 19:58:59,921 INFO  SumoGuiAmbassador - Adding new vehicle "veh_21" at simulation time 113000000000 ns (type=Car, routeId=r_4, laneId=best, departPos=0.00)
2024-06-03 19:58:59,922 INFO  SumoGuiAmbassador - Adding new vehicle "veh_22" at simulation time 113000000000 ns (type=Car, routeId=r_3, laneId=best, departPos=0.00)
2024-06-03 19:58:59,923 INFO  SumoGuiAmbassador - Adding new vehicle "veh_23" at simulation time 113000000000 ns (type=Car, routeId=r_5, laneId=best, departPos=0.00)
2024-06-03 19:59:00,413 INFO  SumoGuiAmbassador - VehicleRegistration from RTI "veh_24" received at simulation time 149000000000 ns (subscribe=true)
2024-06-03 19:59:00,413 INFO  SumoGuiAmbassador - VehicleRegistration from RTI "veh_25" received at simulation time 149000000000 ns (subscribe=true)
2024-06-03 19:59:00,413 INFO  SumoGuiAmbassador - VehicleRegistration from RTI "veh_26" received at simulation time 149000000000 ns (subscribe=true)
2024-06-03 19:59:00,413 INFO  SumoGuiAmbassador - VehicleRegistration from RTI "veh_27" received at simulation time 149000000000 ns (subscribe=true)
2024-06-03 19:59:00,413 INFO  SumoGuiAmbassador - VehicleRegistration from RTI "veh_28" received at simulation time 149000000000 ns (subscribe=true)
2024-06-03 19:59:00,413 INFO  SumoGuiAmbassador - VehicleRegistration from RTI "veh_29" received at simulation time 149000000000 ns (subscribe=true)
2024-06-03 19:59:00,421 INFO  SumoGuiAmbassador - Adding new vehicle "veh_24" at simulation time 149000000000 ns (type=Car, routeId=r_0, laneId=best, departPos=0.00)
2024-06-03 19:59:00,422 INFO  SumoGuiAmbassador - Adding new vehicle "veh_25" at simulation time 149000000000 ns (type=Car, routeId=r_2, laneId=best, departPos=0.00)
2024-06-03 19:59:00,423 INFO  SumoGuiAmbassador - Adding new vehicle "veh_26" at simulation time 149000000000 ns (type=Car, routeId=r_1, laneId=best, departPos=0.00)
2024-06-03 19:59:00,424 INFO  SumoGuiAmbassador - Adding new vehicle "veh_27" at simulation time 149000000000 ns (type=Car, routeId=r_4, laneId=best, departPos=0.00)
2024-06-03 19:59:00,424 INFO  SumoGuiAmbassador - Adding new vehicle "veh_28" at simulation time 149000000000 ns (type=Car, routeId=r_3, laneId=best, departPos=0.00)
2024-06-03 19:59:00,425 INFO  SumoGuiAmbassador - Adding new vehicle "veh_29" at simulation time 149000000000 ns (type=Car, routeId=r_5, laneId=best, departPos=0.00)
2024-06-03 19:59:00,950 INFO  SumoGuiAmbassador - VehicleRegistration from RTI "veh_30" received at simulation time 185000000000 ns (subscribe=true)
2024-06-03 19:59:00,950 INFO  SumoGuiAmbassador - VehicleRegistration from RTI "veh_31" received at simulation time 185000000000 ns (subscribe=true)
2024-06-03 19:59:00,950 INFO  SumoGuiAmbassador - VehicleRegistration from RTI "veh_32" received at simulation time 185000000000 ns (subscribe=true)
2024-06-03 19:59:00,950 INFO  SumoGuiAmbassador - VehicleRegistration from RTI "veh_33" received at simulation time 185000000000 ns (subscribe=true)
2024-06-03 19:59:00,950 INFO  SumoGuiAmbassador - VehicleRegistration from RTI "veh_34" received at simulation time 185000000000 ns (subscribe=true)
2024-06-03 19:59:00,950 INFO  SumoGuiAmbassador - VehicleRegistration from RTI "veh_35" received at simulation time 185000000000 ns (subscribe=true)
2024-06-03 19:59:00,956 INFO  SumoGuiAmbassador - Adding new vehicle "veh_30" at simulation time 185000000000 ns (type=Car, routeId=r_0, laneId=best, departPos=0.00)
2024-06-03 19:59:00,957 INFO  SumoGuiAmbassador - Adding new vehicle "veh_31" at simulation time 185000000000 ns (type=Car, routeId=r_2, laneId=best, departPos=0.00)
2024-06-03 19:59:00,958 INFO  SumoGuiAmbassador - Adding new vehicle "veh_32" at simulation time 185000000000 ns (type=Car, routeId=r_1, laneId=best, departPos=0.00)
2024-06-03 19:59:00,959 INFO  SumoGuiAmbassador - Adding new vehicle "veh_33" at simulation time 185000000000 ns (type=Car, routeId=r_4, laneId=best, departPos=0.00)
2024-06-03 19:59:00,959 INFO  SumoGuiAmbassador - Adding new vehicle "veh_34" at simulation time 185000000000 ns (type=Car, routeId=r_3, laneId=best, departPos=0.00)
2024-06-03 19:59:00,960 INFO  SumoGuiAmbassador - Adding new vehicle "veh_35" at simulation time 185000000000 ns (type=Car, routeId=r_5, laneId=best, departPos=0.00)
2024-06-03 19:59:01,394 INFO  SumoGuiAmbassador - VehicleRegistration from RTI "veh_36" received at simulation time 221000000000 ns (subscribe=true)
2024-06-03 19:59:01,394 INFO  SumoGuiAmbassador - VehicleRegistration from RTI "veh_37" received at simulation time 221000000000 ns (subscribe=true)
2024-06-03 19:59:01,394 INFO  SumoGuiAmbassador - VehicleRegistration from RTI "veh_38" received at simulation time 221000000000 ns (subscribe=true)
2024-06-03 19:59:01,394 INFO  SumoGuiAmbassador - VehicleRegistration from RTI "veh_39" received at simulation time 221000000000 ns (subscribe=true)
2024-06-03 19:59:01,394 INFO  SumoGuiAmbassador - VehicleRegistration from RTI "veh_40" received at simulation time 221000000000 ns (subscribe=true)
2024-06-03 19:59:01,394 INFO  SumoGuiAmbassador - VehicleRegistration from RTI "veh_41" received at simulation time 221000000000 ns (subscribe=true)
2024-06-03 19:59:01,402 INFO  SumoGuiAmbassador - Adding new vehicle "veh_36" at simulation time 221000000000 ns (type=Car, routeId=r_0, laneId=best, departPos=0.00)
2024-06-03 19:59:01,403 INFO  SumoGuiAmbassador - Adding new vehicle "veh_37" at simulation time 221000000000 ns (type=Car, routeId=r_2, laneId=best, departPos=0.00)
2024-06-03 19:59:01,404 INFO  SumoGuiAmbassador - Adding new vehicle "veh_38" at simulation time 221000000000 ns (type=Car, routeId=r_1, laneId=best, departPos=0.00)
2024-06-03 19:59:01,405 INFO  SumoGuiAmbassador - Adding new vehicle "veh_39" at simulation time 221000000000 ns (type=Car, routeId=r_4, laneId=best, departPos=0.00)
2024-06-03 19:59:01,406 INFO  SumoGuiAmbassador - Adding new vehicle "veh_40" at simulation time 221000000000 ns (type=Car, routeId=r_3, laneId=best, departPos=0.00)
2024-06-03 19:59:01,406 INFO  SumoGuiAmbassador - Adding new vehicle "veh_41" at simulation time 221000000000 ns (type=Car, routeId=r_5, laneId=best, departPos=0.00)
2024-06-03 19:59:01,646 INFO  SumoGuiAmbassador - Receive VehicleSlowDown request at simulation time 231.000,400,000 s: vehicleId="veh_18", targetSpeed=3.0m/s, interval=5000000000ms
2024-06-03 19:59:01,646 INFO  SumoGuiAmbassador - Receive VehicleSlowDown request at simulation time 231.000,400,000 s: vehicleId="veh_40", targetSpeed=3.0m/s, interval=5000000000ms
2024-06-03 19:59:01,647 INFO  SumoGuiAmbassador - Receive VehicleSlowDown request at simulation time 231.000,800,000 s: vehicleId="veh_3", targetSpeed=3.0m/s, interval=5000000000ms
2024-06-03 19:59:01,647 INFO  SumoGuiAmbassador - Receive VehicleSlowDown request at simulation time 231.000,800,000 s: vehicleId="veh_0", targetSpeed=3.0m/s, interval=5000000000ms
2024-06-03 19:59:01,647 INFO  SumoGuiAmbassador - Receive VehicleSlowDown request at simulation time 231.000,800,000 s: vehicleId="veh_34", targetSpeed=3.0m/s, interval=5000000000ms
2024-06-03 19:59:01,650 INFO  SumoGuiAmbassador - Receive VehicleSlowDown request at simulation time 231.000,900,000 s: vehicleId="veh_28", targetSpeed=3.0m/s, interval=5000000000ms
2024-06-03 19:59:01,650 INFO  SumoGuiAmbassador - Receive VehicleSlowDown request at simulation time 231.001,300,000 s: vehicleId="veh_6", targetSpeed=3.0m/s, interval=5000000000ms
2024-06-03 19:59:01,652 INFO  SumoGuiAmbassador - Receive VehicleSlowDown request at simulation time 231.001,400,000 s: vehicleId="veh_12", targetSpeed=3.0m/s, interval=5000000000ms
2024-06-03 19:59:01,652 INFO  SumoGuiAmbassador - Receive VehicleSlowDown request at simulation time 231.001,400,000 s: vehicleId="veh_34", targetSpeed=3.0m/s, interval=5000000000ms
2024-06-03 19:59:01,653 INFO  SumoGuiAmbassador - Receive VehicleSlowDown request at simulation time 231.001,400,000 s: vehicleId="veh_33", targetSpeed=3.0m/s, interval=5000000000ms
2024-06-03 19:59:01,654 INFO  SumoGuiAmbassador - Receive VehicleSlowDown request at simulation time 231.001,800,000 s: vehicleId="veh_36", targetSpeed=3.0m/s, interval=5000000000ms
2024-06-03 19:59:01,654 INFO  SumoGuiAmbassador - Receive VehicleSlowDown request at simulation time 231.001,800,000 s: vehicleId="veh_28", targetSpeed=3.0m/s, interval=5000000000ms
2024-06-03 19:59:01,657 INFO  SumoGuiAmbassador - Receive VehicleSlowDown request at simulation time 231.001,900,000 s: vehicleId="veh_24", targetSpeed=3.0m/s, interval=5000000000ms
2024-06-03 19:59:01,658 INFO  SumoGuiAmbassador - Receive VehicleSlowDown request at simulation time 231.002,300,000 s: vehicleId="veh_24", targetSpeed=3.0m/s, interval=5000000000ms
2024-06-03 19:59:01,658 INFO  SumoGuiAmbassador - Receive VehicleSlowDown request at simulation time 231.002,300,000 s: vehicleId="veh_1", targetSpeed=3.0m/s, interval=5000000000ms
2024-06-03 19:59:01,658 INFO  SumoGuiAmbassador - Receive VehicleSlowDown request at simulation time 231.002,300,000 s: vehicleId="veh_30", targetSpeed=3.0m/s, interval=5000000000ms
2024-06-03 19:59:01,658 INFO  SumoGuiAmbassador - Receive VehicleSlowDown request at simulation time 231.002,300,000 s: vehicleId="veh_39", targetSpeed=3.0m/s, interval=5000000000ms
2024-06-03 19:59:01,659 INFO  SumoGuiAmbassador - Receive VehicleSlowDown request at simulation time 231.002,300,000 s: vehicleId="veh_33", targetSpeed=3.0m/s, interval=5000000000ms
2024-06-03 19:59:01,662 INFO  SumoGuiAmbassador - Receive VehicleSlowDown request at simulation time 231.002,400,000 s: vehicleId="veh_30", targetSpeed=3.0m/s, interval=5000000000ms
2024-06-03 19:59:01,662 INFO  SumoGuiAmbassador - Receive VehicleSlowDown request at simulation time 231.002,400,000 s: vehicleId="veh_27", targetSpeed=3.0m/s, interval=5000000000ms
2024-06-03 19:59:01,662 INFO  SumoGuiAmbassador - Receive VehicleSlowDown request at simulation time 231.002,800,000 s: vehicleId="veh_12", targetSpeed=3.0m/s, interval=5000000000ms
2024-06-03 19:59:01,699 INFO  SumoGuiAmbassador - Receive VehicleSpeedChange request at simulation time 233.018,115,702 s: vehicleId="veh_4", targetSpeed=0.0m/s, interval=0ms
2024-06-03 19:59:01,715 INFO  SumoGuiAmbassador - Receive VehicleSpeedChange request at simulation time 234.448,135,509 s: vehicleId="veh_2", targetSpeed=0.0m/s, interval=0ms
2024-06-03 19:59:01,748 INFO  SumoGuiAmbassador - Receive VehicleSpeedChange request at simulation time 236.537,355,968 s: vehicleId="veh_6", targetSpeed=0.0m/s, interval=0ms
2024-06-03 19:59:01,861 INFO  SimulationFacade - Removed vehicle "veh_3" at simulation time 246000000000ns
2024-06-03 19:59:01,861 INFO  SimulationFacade - Removed vehicle "veh_1" at simulation time 246000000000ns
2024-06-03 19:59:01,892 INFO  SimulationFacade - Removed vehicle "veh_0" at simulation time 249000000000ns
2024-06-03 19:59:01,977 INFO  SumoGuiAmbassador - VehicleRegistration from RTI "veh_42" received at simulation time 257000000000 ns (subscribe=true)
2024-06-03 19:59:01,977 INFO  SumoGuiAmbassador - VehicleRegistration from RTI "veh_43" received at simulation time 257000000000 ns (subscribe=true)
2024-06-03 19:59:01,977 INFO  SumoGuiAmbassador - VehicleRegistration from RTI "veh_44" received at simulation time 257000000000 ns (subscribe=true)
2024-06-03 19:59:01,977 INFO  SumoGuiAmbassador - VehicleRegistration from RTI "veh_45" received at simulation time 257000000000 ns (subscribe=true)
2024-06-03 19:59:01,977 INFO  SumoGuiAmbassador - VehicleRegistration from RTI "veh_46" received at simulation time 257000000000 ns (subscribe=true)
2024-06-03 19:59:01,977 INFO  SumoGuiAmbassador - VehicleRegistration from RTI "veh_47" received at simulation time 257000000000 ns (subscribe=true)
2024-06-03 19:59:01,984 INFO  SumoGuiAmbassador - Adding new vehicle "veh_42" at simulation time 257000000000 ns (type=Car, routeId=r_0, laneId=best, departPos=0.00)
2024-06-03 19:59:01,985 INFO  SumoGuiAmbassador - Adding new vehicle "veh_43" at simulation time 257000000000 ns (type=Car, routeId=r_2, laneId=best, departPos=0.00)
2024-06-03 19:59:01,986 INFO  SumoGuiAmbassador - Adding new vehicle "veh_44" at simulation time 257000000000 ns (type=Car, routeId=r_1, laneId=best, departPos=0.00)
2024-06-03 19:59:01,987 INFO  SumoGuiAmbassador - Adding new vehicle "veh_45" at simulation time 257000000000 ns (type=Car, routeId=r_4, laneId=best, departPos=0.00)
2024-06-03 19:59:01,988 INFO  SumoGuiAmbassador - Adding new vehicle "veh_46" at simulation time 257000000000 ns (type=Car, routeId=r_3, laneId=best, departPos=0.00)
2024-06-03 19:59:01,989 INFO  SumoGuiAmbassador - Adding new vehicle "veh_47" at simulation time 257000000000 ns (type=Car, routeId=r_5, laneId=best, departPos=0.00)
2024-06-03 19:59:02,105 INFO  SumoGuiAmbassador - Receive VehicleSlowDown request at simulation time 267.000,400,000 s: vehicleId="veh_35", targetSpeed=3.0m/s, interval=5000000000ms
2024-06-03 19:59:02,106 INFO  SumoGuiAmbassador - Receive VehicleSlowDown request at simulation time 267.000,800,000 s: vehicleId="veh_11", targetSpeed=3.0m/s, interval=5000000000ms
2024-06-03 19:59:02,108 INFO  SumoGuiAmbassador - Receive VehicleSlowDown request at simulation time 267.000,900,000 s: vehicleId="veh_23", targetSpeed=3.0m/s, interval=5000000000ms
2024-06-03 19:59:02,108 INFO  SumoGuiAmbassador - Receive VehicleSlowDown request at simulation time 267.001,300,000 s: vehicleId="veh_29", targetSpeed=3.0m/s, interval=5000000000ms
2024-06-03 19:59:02,108 INFO  SumoGuiAmbassador - Receive VehicleSlowDown request at simulation time 267.001,300,000 s: vehicleId="veh_41", targetSpeed=3.0m/s, interval=5000000000ms
2024-06-03 19:59:02,110 INFO  SumoGuiAmbassador - Receive VehicleSlowDown request at simulation time 267.001,800,000 s: vehicleId="veh_23", targetSpeed=3.0m/s, interval=5000000000ms
2024-06-03 19:59:02,112 INFO  SumoGuiAmbassador - Receive VehicleSlowDown request at simulation time 267.001,900,000 s: vehicleId="veh_29", targetSpeed=3.0m/s, interval=5000000000ms
2024-06-03 19:59:02,112 INFO  SumoGuiAmbassador - Receive VehicleSlowDown request at simulation time 267.001,900,000 s: vehicleId="veh_41", targetSpeed=3.0m/s, interval=5000000000ms
2024-06-03 19:59:02,113 INFO  SumoGuiAmbassador - Receive VehicleSlowDown request at simulation time 267.002,300,000 s: vehicleId="veh_47", targetSpeed=3.0m/s, interval=5000000000ms
2024-06-03 19:59:02,116 INFO  SumoGuiAmbassador - Receive VehicleSlowDown request at simulation time 267.002,800,000 s: vehicleId="veh_17", targetSpeed=3.0m/s, interval=5000000000ms
2024-06-03 19:59:02,390 INFO  SumoGuiAmbassador - VehicleRegistration from RTI "veh_48" received at simulation time 293000000000 ns (subscribe=true)
2024-06-03 19:59:02,390 INFO  SumoGuiAmbassador - VehicleRegistration from RTI "veh_49" received at simulation time 293000000000 ns (subscribe=true)
2024-06-03 19:59:02,390 INFO  SumoGuiAmbassador - VehicleRegistration from RTI "veh_50" received at simulation time 293000000000 ns (subscribe=true)
2024-06-03 19:59:02,390 INFO  SumoGuiAmbassador - VehicleRegistration from RTI "veh_51" received at simulation time 293000000000 ns (subscribe=true)
2024-06-03 19:59:02,390 INFO  SumoGuiAmbassador - VehicleRegistration from RTI "veh_52" received at simulation time 293000000000 ns (subscribe=true)
2024-06-03 19:59:02,390 INFO  SumoGuiAmbassador - VehicleRegistration from RTI "veh_53" received at simulation time 293000000000 ns (subscribe=true)
2024-06-03 19:59:02,397 INFO  SumoGuiAmbassador - Adding new vehicle "veh_48" at simulation time 293000000000 ns (type=Car, routeId=r_0, laneId=best, departPos=0.00)
2024-06-03 19:59:02,399 INFO  SumoGuiAmbassador - Adding new vehicle "veh_49" at simulation time 293000000000 ns (type=Car, routeId=r_2, laneId=best, departPos=0.00)
2024-06-03 19:59:02,400 INFO  SumoGuiAmbassador - Adding new vehicle "veh_50" at simulation time 293000000000 ns (type=Car, routeId=r_1, laneId=best, departPos=0.00)
2024-06-03 19:59:02,401 INFO  SumoGuiAmbassador - Adding new vehicle "veh_51" at simulation time 293000000000 ns (type=Car, routeId=r_4, laneId=best, departPos=0.00)
2024-06-03 19:59:02,402 INFO  SumoGuiAmbassador - Adding new vehicle "veh_52" at simulation time 293000000000 ns (type=Car, routeId=r_3, laneId=best, departPos=0.00)
2024-06-03 19:59:02,403 INFO  SumoGuiAmbassador - Adding new vehicle "veh_53" at simulation time 293000000000 ns (type=Car, routeId=r_5, laneId=best, departPos=0.00)
2024-06-03 19:59:02,907 INFO  SumoGuiAmbassador - VehicleRegistration from RTI "veh_54" received at simulation time 329000000000 ns (subscribe=true)
2024-06-03 19:59:02,908 INFO  SumoGuiAmbassador - VehicleRegistration from RTI "veh_55" received at simulation time 329000000000 ns (subscribe=true)
2024-06-03 19:59:02,908 INFO  SumoGuiAmbassador - VehicleRegistration from RTI "veh_56" received at simulation time 329000000000 ns (subscribe=true)
2024-06-03 19:59:02,908 INFO  SumoGuiAmbassador - VehicleRegistration from RTI "veh_57" received at simulation time 329000000000 ns (subscribe=true)
2024-06-03 19:59:02,908 INFO  SumoGuiAmbassador - VehicleRegistration from RTI "veh_58" received at simulation time 329000000000 ns (subscribe=true)
2024-06-03 19:59:02,908 INFO  SumoGuiAmbassador - VehicleRegistration from RTI "veh_59" received at simulation time 329000000000 ns (subscribe=true)
2024-06-03 19:59:02,915 INFO  SumoGuiAmbassador - Adding new vehicle "veh_54" at simulation time 329000000000 ns (type=Car, routeId=r_0, laneId=best, departPos=0.00)
2024-06-03 19:59:02,916 INFO  SumoGuiAmbassador - Adding new vehicle "veh_55" at simulation time 329000000000 ns (type=Car, routeId=r_2, laneId=best, departPos=0.00)
2024-06-03 19:59:02,917 INFO  SumoGuiAmbassador - Adding new vehicle "veh_56" at simulation time 329000000000 ns (type=Car, routeId=r_1, laneId=best, departPos=0.00)
2024-06-03 19:59:02,918 INFO  SumoGuiAmbassador - Adding new vehicle "veh_57" at simulation time 329000000000 ns (type=Car, routeId=r_4, laneId=best, departPos=0.00)
2024-06-03 19:59:02,919 INFO  SumoGuiAmbassador - Adding new vehicle "veh_58" at simulation time 329000000000 ns (type=Car, routeId=r_3, laneId=best, departPos=0.00)
2024-06-03 19:59:02,920 INFO  SumoGuiAmbassador - Adding new vehicle "veh_59" at simulation time 329000000000 ns (type=Car, routeId=r_5, laneId=best, departPos=0.00)
2024-06-03 19:59:03,308 INFO  SumoGuiAmbassador - VehicleRegistration from RTI "veh_60" received at simulation time 365000000000 ns (subscribe=true)
2024-06-03 19:59:03,308 INFO  SumoGuiAmbassador - VehicleRegistration from RTI "veh_61" received at simulation time 365000000000 ns (subscribe=true)
2024-06-03 19:59:03,308 INFO  SumoGuiAmbassador - VehicleRegistration from RTI "veh_62" received at simulation time 365000000000 ns (subscribe=true)
2024-06-03 19:59:03,308 INFO  SumoGuiAmbassador - VehicleRegistration from RTI "veh_63" received at simulation time 365000000000 ns (subscribe=true)
2024-06-03 19:59:03,313 INFO  SumoGuiAmbassador - Adding new vehicle "veh_60" at simulation time 365000000000 ns (type=Car, routeId=r_2, laneId=best, departPos=0.00)
2024-06-03 19:59:03,315 INFO  SumoGuiAmbassador - Adding new vehicle "veh_61" at simulation time 365000000000 ns (type=Car, routeId=r_1, laneId=best, departPos=0.00)
2024-06-03 19:59:03,316 INFO  SumoGuiAmbassador - Adding new vehicle "veh_62" at simulation time 365000000000 ns (type=Car, routeId=r_3, laneId=best, departPos=0.00)
2024-06-03 19:59:03,317 INFO  SumoGuiAmbassador - Adding new vehicle "veh_63" at simulation time 365000000000 ns (type=Car, routeId=r_5, laneId=best, departPos=0.00)
2024-06-03 19:59:03,793 INFO  SumoGuiAmbassador - VehicleRegistration from RTI "veh_64" received at simulation time 401000000000 ns (subscribe=true)
2024-06-03 19:59:03,793 INFO  SumoGuiAmbassador - VehicleRegistration from RTI "veh_65" received at simulation time 401000000000 ns (subscribe=true)
2024-06-03 19:59:03,793 INFO  SumoGuiAmbassador - VehicleRegistration from RTI "veh_66" received at simulation time 401000000000 ns (subscribe=true)
2024-06-03 19:59:03,793 INFO  SumoGuiAmbassador - VehicleRegistration from RTI "veh_67" received at simulation time 401000000000 ns (subscribe=true)
2024-06-03 19:59:03,799 INFO  SumoGuiAmbassador - Adding new vehicle "veh_64" at simulation time 401000000000 ns (type=Car, routeId=r_2, laneId=best, departPos=0.00)
2024-06-03 19:59:03,800 INFO  SumoGuiAmbassador - Adding new vehicle "veh_65" at simulation time 401000000000 ns (type=Car, routeId=r_1, laneId=best, departPos=0.00)
2024-06-03 19:59:03,801 INFO  SumoGuiAmbassador - Adding new vehicle "veh_66" at simulation time 401000000000 ns (type=Car, routeId=r_3, laneId=best, departPos=0.00)
2024-06-03 19:59:03,802 INFO  SumoGuiAmbassador - Adding new vehicle "veh_67" at simulation time 401000000000 ns (type=Car, routeId=r_5, laneId=best, departPos=0.00)
2024-06-03 19:59:04,204 INFO  SumoGuiAmbassador - VehicleRegistration from RTI "veh_68" received at simulation time 437000000000 ns (subscribe=true)
2024-06-03 19:59:04,204 INFO  SumoGuiAmbassador - VehicleRegistration from RTI "veh_69" received at simulation time 437000000000 ns (subscribe=true)
2024-06-03 19:59:04,204 INFO  SumoGuiAmbassador - VehicleRegistration from RTI "veh_70" received at simulation time 437000000000 ns (subscribe=true)
2024-06-03 19:59:04,204 INFO  SumoGuiAmbassador - VehicleRegistration from RTI "veh_71" received at simulation time 437000000000 ns (subscribe=true)
2024-06-03 19:59:04,211 INFO  SumoGuiAmbassador - Adding new vehicle "veh_68" at simulation time 437000000000 ns (type=Car, routeId=r_2, laneId=best, departPos=0.00)
2024-06-03 19:59:04,212 INFO  SumoGuiAmbassador - Adding new vehicle "veh_69" at simulation time 437000000000 ns (type=Car, routeId=r_1, laneId=best, departPos=0.00)
2024-06-03 19:59:04,212 INFO  SumoGuiAmbassador - Adding new vehicle "veh_70" at simulation time 437000000000 ns (type=Car, routeId=r_3, laneId=best, departPos=0.00)
2024-06-03 19:59:04,213 INFO  SumoGuiAmbassador - Adding new vehicle "veh_71" at simulation time 437000000000 ns (type=Car, routeId=r_5, laneId=best, departPos=0.00)
2024-06-03 19:59:04,683 INFO  SumoGuiAmbassador - VehicleRegistration from RTI "veh_72" received at simulation time 473000000000 ns (subscribe=true)
2024-06-03 19:59:04,683 INFO  SumoGuiAmbassador - VehicleRegistration from RTI "veh_73" received at simulation time 473000000000 ns (subscribe=true)
2024-06-03 19:59:04,683 INFO  SumoGuiAmbassador - VehicleRegistration from RTI "veh_74" received at simulation time 473000000000 ns (subscribe=true)
2024-06-03 19:59:04,683 INFO  SumoGuiAmbassador - VehicleRegistration from RTI "veh_75" received at simulation time 473000000000 ns (subscribe=true)
2024-06-03 19:59:04,688 INFO  SumoGuiAmbassador - Adding new vehicle "veh_72" at simulation time 473000000000 ns (type=Car, routeId=r_2, laneId=best, departPos=0.00)
2024-06-03 19:59:04,689 INFO  SumoGuiAmbassador - Adding new vehicle "veh_73" at simulation time 473000000000 ns (type=Car, routeId=r_1, laneId=best, departPos=0.00)
2024-06-03 19:59:04,690 INFO  SumoGuiAmbassador - Adding new vehicle "veh_74" at simulation time 473000000000 ns (type=Car, routeId=r_3, laneId=best, departPos=0.00)
2024-06-03 19:59:04,691 INFO  SumoGuiAmbassador - Adding new vehicle "veh_75" at simulation time 473000000000 ns (type=Car, routeId=r_5, laneId=best, departPos=0.00)
2024-06-03 19:59:05,097 INFO  SumoGuiAmbassador - VehicleRegistration from RTI "veh_76" received at simulation time 509000000000 ns (subscribe=true)
2024-06-03 19:59:05,097 INFO  SumoGuiAmbassador - VehicleRegistration from RTI "veh_77" received at simulation time 509000000000 ns (subscribe=true)
2024-06-03 19:59:05,097 INFO  SumoGuiAmbassador - VehicleRegistration from RTI "veh_78" received at simulation time 509000000000 ns (subscribe=true)
2024-06-03 19:59:05,097 INFO  SumoGuiAmbassador - VehicleRegistration from RTI "veh_79" received at simulation time 509000000000 ns (subscribe=true)
2024-06-03 19:59:05,115 INFO  SumoGuiAmbassador - Adding new vehicle "veh_76" at simulation time 509000000000 ns (type=Car, routeId=r_2, laneId=best, departPos=0.00)
2024-06-03 19:59:05,117 INFO  SumoGuiAmbassador - Adding new vehicle "veh_77" at simulation time 509000000000 ns (type=Car, routeId=r_1, laneId=best, departPos=0.00)
2024-06-03 19:59:05,118 INFO  SumoGuiAmbassador - Adding new vehicle "veh_78" at simulation time 509000000000 ns (type=Car, routeId=r_3, laneId=best, departPos=0.00)
2024-06-03 19:59:05,120 INFO  SumoGuiAmbassador - Adding new vehicle "veh_79" at simulation time 509000000000 ns (type=Car, routeId=r_5, laneId=best, departPos=0.00)
2024-06-03 19:59:05,630 INFO  SumoGuiAmbassador - VehicleRegistration from RTI "veh_80" received at simulation time 545000000000 ns (subscribe=true)
2024-06-03 19:59:05,630 INFO  SumoGuiAmbassador - VehicleRegistration from RTI "veh_81" received at simulation time 545000000000 ns (subscribe=true)
2024-06-03 19:59:05,630 INFO  SumoGuiAmbassador - VehicleRegistration from RTI "veh_82" received at simulation time 545000000000 ns (subscribe=true)
2024-06-03 19:59:05,630 INFO  SumoGuiAmbassador - VehicleRegistration from RTI "veh_83" received at simulation time 545000000000 ns (subscribe=true)
2024-06-03 19:59:05,641 INFO  SumoGuiAmbassador - Adding new vehicle "veh_80" at simulation time 545000000000 ns (type=Car, routeId=r_2, laneId=best, departPos=0.00)
2024-06-03 19:59:05,642 INFO  SumoGuiAmbassador - Adding new vehicle "veh_81" at simulation time 545000000000 ns (type=Car, routeId=r_1, laneId=best, departPos=0.00)
2024-06-03 19:59:05,642 INFO  SumoGuiAmbassador - Adding new vehicle "veh_82" at simulation time 545000000000 ns (type=Car, routeId=r_3, laneId=best, departPos=0.00)
2024-06-03 19:59:05,643 INFO  SumoGuiAmbassador - Adding new vehicle "veh_83" at simulation time 545000000000 ns (type=Car, routeId=r_5, laneId=best, departPos=0.00)
2024-06-03 19:59:05,995 INFO  SumoGuiAmbassador - VehicleRegistration from RTI "veh_84" received at simulation time 581000000000 ns (subscribe=true)
2024-06-03 19:59:05,995 INFO  SumoGuiAmbassador - VehicleRegistration from RTI "veh_85" received at simulation time 581000000000 ns (subscribe=true)
2024-06-03 19:59:05,995 INFO  SumoGuiAmbassador - VehicleRegistration from RTI "veh_86" received at simulation time 581000000000 ns (subscribe=true)
2024-06-03 19:59:05,995 INFO  SumoGuiAmbassador - VehicleRegistration from RTI "veh_87" received at simulation time 581000000000 ns (subscribe=true)
2024-06-03 19:59:06,000 INFO  SumoGuiAmbassador - Adding new vehicle "veh_84" at simulation time 581000000000 ns (type=Car, routeId=r_2, laneId=best, departPos=0.00)
2024-06-03 19:59:06,001 INFO  SumoGuiAmbassador - Adding new vehicle "veh_85" at simulation time 581000000000 ns (type=Car, routeId=r_1, laneId=best, departPos=0.00)
2024-06-03 19:59:06,002 INFO  SumoGuiAmbassador - Adding new vehicle "veh_86" at simulation time 581000000000 ns (type=Car, routeId=r_3, laneId=best, departPos=0.00)
2024-06-03 19:59:06,004 INFO  SumoGuiAmbassador - Adding new vehicle "veh_87" at simulation time 581000000000 ns (type=Car, routeId=r_5, laneId=best, departPos=0.00)
2024-06-03 19:59:06,373 INFO  SumoGuiAmbassador - VehicleRegistration from RTI "veh_88" received at simulation time 617000000000 ns (subscribe=true)
2024-06-03 19:59:06,373 INFO  SumoGuiAmbassador - VehicleRegistration from RTI "veh_89" received at simulation time 617000000000 ns (subscribe=true)
2024-06-03 19:59:06,373 INFO  SumoGuiAmbassador - VehicleRegistration from RTI "veh_90" received at simulation time 617000000000 ns (subscribe=true)
2024-06-03 19:59:06,373 INFO  SumoGuiAmbassador - VehicleRegistration from RTI "veh_91" received at simulation time 617000000000 ns (subscribe=true)
2024-06-03 19:59:06,383 INFO  SumoGuiAmbassador - Adding new vehicle "veh_88" at simulation time 617000000000 ns (type=Car, routeId=r_2, laneId=best, departPos=0.00)
2024-06-03 19:59:06,384 INFO  SumoGuiAmbassador - Adding new vehicle "veh_89" at simulation time 617000000000 ns (type=Car, routeId=r_1, laneId=best, departPos=0.00)
2024-06-03 19:59:06,385 INFO  SumoGuiAmbassador - Adding new vehicle "veh_90" at simulation time 617000000000 ns (type=Car, routeId=r_3, laneId=best, departPos=0.00)
2024-06-03 19:59:06,386 INFO  SumoGuiAmbassador - Adding new vehicle "veh_91" at simulation time 617000000000 ns (type=Car, routeId=r_5, laneId=best, departPos=0.00)
2024-06-03 19:59:06,848 INFO  SumoGuiAmbassador - VehicleRegistration from RTI "veh_92" received at simulation time 653000000000 ns (subscribe=true)
2024-06-03 19:59:06,848 INFO  SumoGuiAmbassador - VehicleRegistration from RTI "veh_93" received at simulation time 653000000000 ns (subscribe=true)
2024-06-03 19:59:06,848 INFO  SumoGuiAmbassador - VehicleRegistration from RTI "veh_94" received at simulation time 653000000000 ns (subscribe=true)
2024-06-03 19:59:06,848 INFO  SumoGuiAmbassador - VehicleRegistration from RTI "veh_95" received at simulation time 653000000000 ns (subscribe=true)
2024-06-03 19:59:06,854 INFO  SumoGuiAmbassador - Adding new vehicle "veh_92" at simulation time 653000000000 ns (type=Car, routeId=r_2, laneId=best, departPos=0.00)
2024-06-03 19:59:06,855 INFO  SumoGuiAmbassador - Adding new vehicle "veh_93" at simulation time 653000000000 ns (type=Car, routeId=r_1, laneId=best, departPos=0.00)
2024-06-03 19:59:06,856 INFO  SumoGuiAmbassador - Adding new vehicle "veh_94" at simulation time 653000000000 ns (type=Car, routeId=r_3, laneId=best, departPos=0.00)
2024-06-03 19:59:06,856 INFO  SumoGuiAmbassador - Adding new vehicle "veh_95" at simulation time 653000000000 ns (type=Car, routeId=r_5, laneId=best, departPos=0.00)
2024-06-03 19:59:07,233 INFO  SumoGuiAmbassador - VehicleRegistration from RTI "veh_96" received at simulation time 689000000000 ns (subscribe=true)
2024-06-03 19:59:07,233 INFO  SumoGuiAmbassador - VehicleRegistration from RTI "veh_97" received at simulation time 689000000000 ns (subscribe=true)
2024-06-03 19:59:07,233 INFO  SumoGuiAmbassador - VehicleRegistration from RTI "veh_98" received at simulation time 689000000000 ns (subscribe=true)
2024-06-03 19:59:07,233 INFO  SumoGuiAmbassador - VehicleRegistration from RTI "veh_99" received at simulation time 689000000000 ns (subscribe=true)
2024-06-03 19:59:07,239 INFO  SumoGuiAmbassador - Adding new vehicle "veh_96" at simulation time 689000000000 ns (type=Car, routeId=r_2, laneId=best, departPos=0.00)
2024-06-03 19:59:07,240 INFO  SumoGuiAmbassador - Adding new vehicle "veh_97" at simulation time 689000000000 ns (type=Car, routeId=r_1, laneId=best, departPos=0.00)
2024-06-03 19:59:07,241 INFO  SumoGuiAmbassador - Adding new vehicle "veh_98" at simulation time 689000000000 ns (type=Car, routeId=r_3, laneId=best, departPos=0.00)
2024-06-03 19:59:07,242 INFO  SumoGuiAmbassador - Adding new vehicle "veh_99" at simulation time 689000000000 ns (type=Car, routeId=r_5, laneId=best, departPos=0.00)
