2024-06-03 19:50:55,627 INFO  - Initialize Vehicle application (at simulation time 6.000,000,000 s)
2024-06-03 19:50:55,629 INFO  - Activated WLAN Module (at simulation time 6.000,000,000 s)
2024-06-03 19:50:55,632 INFO  - Called #onVehicleUpdated (at simulation time 6.000,000,000 s)
2024-06-03 19:50:55,633 INFO  - Exced velocity! Sending new CAM (at simulation time 6.000,000,000 s)
2024-06-03 19:50:55,633 INFO  - Sending out AdHoc broadcast (at simulation time 6.000,000,000 s)
2024-06-03 19:50:55,643 INFO  - Called #onVehicleUpdated (at simulation time 7.000,000,000 s)
2024-06-03 19:50:55,643 INFO  - Exced velocity! Sending new CAM (at simulation time 7.000,000,000 s)
2024-06-03 19:50:55,643 INFO  - Sending out AdHoc broadcast (at simulation time 7.000,000,000 s)
2024-06-03 19:50:55,645 INFO  - Define the name: veh_5 and route: r_5 (at simulation time 7.000,000,000 s)
2024-06-03 19:50:55,645 INFO  - Sending out AdHoc broadcast (at simulation time 7.000,000,000 s)
2024-06-03 19:50:55,653 INFO  - Called #onVehicleUpdated (at simulation time 8.000,000,000 s)
2024-06-03 19:50:55,654 INFO  - Exced velocity! Sending new CAM (at simulation time 8.000,000,000 s)
2024-06-03 19:50:55,654 INFO  - Sending out AdHoc broadcast (at simulation time 8.000,000,000 s)
2024-06-03 19:50:55,655 INFO  - Sending out AdHoc broadcast (at simulation time 8.000,000,000 s)
2024-06-03 19:50:55,663 INFO  - Called #onVehicleUpdated (at simulation time 9.000,000,000 s)
2024-06-03 19:50:55,663 INFO  - Exced velocity! Sending new CAM (at simulation time 9.000,000,000 s)
2024-06-03 19:50:55,664 INFO  - Sending out AdHoc broadcast (at simulation time 9.000,000,000 s)
2024-06-03 19:50:55,665 INFO  - Sending out AdHoc broadcast (at simulation time 9.000,000,000 s)
2024-06-03 19:50:55,665 INFO  - Sending out AdHoc broadcast (at simulation time 9.000,000,000 s)
2024-06-03 19:50:55,678 INFO  - Called #onVehicleUpdated (at simulation time 10.000,000,000 s)
2024-06-03 19:50:55,678 INFO  - Exced velocity! Sending new CAM (at simulation time 10.000,000,000 s)
2024-06-03 19:50:55,678 INFO  - Sending out AdHoc broadcast (at simulation time 10.000,000,000 s)
2024-06-03 19:50:55,678 INFO  - Sending out AdHoc broadcast (at simulation time 10.000,000,000 s)
2024-06-03 19:50:55,679 INFO  - Sending out AdHoc broadcast (at simulation time 10.000,000,000 s)
2024-06-03 19:50:55,687 INFO  - Called #onVehicleUpdated (at simulation time 11.000,000,000 s)
2024-06-03 19:50:55,687 INFO  - Exced velocity! Sending new CAM (at simulation time 11.000,000,000 s)
2024-06-03 19:50:55,687 INFO  - Sending out AdHoc broadcast (at simulation time 11.000,000,000 s)
2024-06-03 19:50:55,688 INFO  - Sending out AdHoc broadcast (at simulation time 11.000,000,000 s)
2024-06-03 19:50:55,688 INFO  - Sending out AdHoc broadcast (at simulation time 11.000,000,000 s)
2024-06-03 19:50:55,689 INFO  - Sending out AdHoc broadcast (at simulation time 11.000,000,000 s)
2024-06-03 19:50:55,697 INFO  - Called #onVehicleUpdated (at simulation time 12.000,000,000 s)
2024-06-03 19:50:55,698 INFO  - Sending out AdHoc broadcast (at simulation time 12.000,000,000 s)
2024-06-03 19:50:55,698 INFO  - Sending out AdHoc broadcast (at simulation time 12.000,000,000 s)
2024-06-03 19:50:55,698 INFO  - Sending out AdHoc broadcast (at simulation time 12.000,000,000 s)
2024-06-03 19:50:55,701 INFO  - Recieve a message from other vehicle (at simulation time 12.000,800,000 s)
2024-06-03 19:50:55,702 INFO  - I'm in better position but no more hops in message (at simulation time 12.000,800,000 s)
2024-06-03 19:50:55,702 INFO  - Recieve a message from other vehicle (at simulation time 12.000,800,000 s)
2024-06-03 19:50:55,702 INFO  - My position is not better! (at simulation time 12.000,800,000 s)
2024-06-03 19:50:55,702 INFO  - Recieve a message from other vehicle (at simulation time 12.000,900,000 s)
2024-06-03 19:50:55,702 INFO  - My position is not better! (at simulation time 12.000,900,000 s)
2024-06-03 19:50:55,703 INFO  - Recieve a message from other vehicle (at simulation time 12.001,300,000 s)
2024-06-03 19:50:55,703 INFO  - My position is not better! (at simulation time 12.001,300,000 s)
2024-06-03 19:50:55,703 INFO  - Recieve a message from other vehicle (at simulation time 12.001,400,000 s)
2024-06-03 19:50:55,703 INFO  - My position is not better! (at simulation time 12.001,400,000 s)
2024-06-03 19:50:55,704 INFO  - Recieve a message from other vehicle (at simulation time 12.001,800,000 s)
2024-06-03 19:50:55,704 INFO  - My position is not better! (at simulation time 12.001,800,000 s)
2024-06-03 19:50:55,705 INFO  - Recieve a message from other vehicle (at simulation time 12.001,900,000 s)
2024-06-03 19:50:55,705 INFO  - My position is not better! (at simulation time 12.001,900,000 s)
2024-06-03 19:50:55,706 INFO  - Recieve a message from other vehicle (at simulation time 12.003,300,000 s)
2024-06-03 19:50:55,706 INFO  - I'm in better position but no more hops in message (at simulation time 12.003,300,000 s)
2024-06-03 19:50:55,709 INFO  - Called #onVehicleUpdated (at simulation time 13.000,000,000 s)
2024-06-03 19:50:55,710 INFO  - Sending out AdHoc broadcast (at simulation time 13.000,000,000 s)
2024-06-03 19:50:55,710 INFO  - Sending out AdHoc broadcast (at simulation time 13.000,000,000 s)
2024-06-03 19:50:55,711 INFO  - Sending out AdHoc broadcast (at simulation time 13.000,000,000 s)
2024-06-03 19:50:55,711 INFO  - Sending out AdHoc broadcast (at simulation time 13.000,000,000 s)
2024-06-03 19:50:55,713 INFO  - Recieve a message from other vehicle (at simulation time 13.000,400,000 s)
2024-06-03 19:50:55,713 INFO  - My position is not better! (at simulation time 13.000,400,000 s)
2024-06-03 19:50:55,714 INFO  - Recieve a message from other vehicle (at simulation time 13.000,900,000 s)
2024-06-03 19:50:55,714 INFO  - My position is not better! (at simulation time 13.000,900,000 s)
2024-06-03 19:50:55,715 INFO  - Recieve a message from other vehicle (at simulation time 13.000,900,000 s)
2024-06-03 19:50:55,715 INFO  - My position is not better! (at simulation time 13.000,900,000 s)
2024-06-03 19:50:55,716 INFO  - Recieve a message from other vehicle (at simulation time 13.000,900,000 s)
2024-06-03 19:50:55,716 INFO  - My position is not better! (at simulation time 13.000,900,000 s)
2024-06-03 19:50:55,717 INFO  - Recieve a message from other vehicle (at simulation time 13.001,400,000 s)
2024-06-03 19:50:55,718 INFO  - Recending a message from other vehicle (at simulation time 13.001,400,000 s)
2024-06-03 19:50:55,718 INFO  - Recieve a message from other vehicle (at simulation time 13.001,800,000 s)
2024-06-03 19:50:55,718 INFO  - My position is not better! (at simulation time 13.001,800,000 s)
2024-06-03 19:50:55,720 INFO  - Recieve a message from other vehicle (at simulation time 13.002,300,000 s)
2024-06-03 19:50:55,720 INFO  - I'm in better position but no more hops in message (at simulation time 13.002,300,000 s)
2024-06-03 19:50:55,721 INFO  - Recieve a message from other vehicle (at simulation time 13.002,400,000 s)
2024-06-03 19:50:55,721 INFO  - I'm in better position but no more hops in message (at simulation time 13.002,400,000 s)
2024-06-03 19:50:55,722 INFO  - Recieve a message from other vehicle (at simulation time 13.002,400,000 s)
2024-06-03 19:50:55,722 INFO  - I'm in better position but no more hops in message (at simulation time 13.002,400,000 s)
2024-06-03 19:50:55,723 INFO  - Recieve a message from other vehicle (at simulation time 13.002,800,000 s)
2024-06-03 19:50:55,723 INFO  - My position is not better! (at simulation time 13.002,800,000 s)
2024-06-03 19:50:55,723 INFO  - Recieve a message from other vehicle (at simulation time 13.002,800,000 s)
2024-06-03 19:50:55,723 INFO  - My position is not better! (at simulation time 13.002,800,000 s)
2024-06-03 19:50:55,723 INFO  - Recieve a message from other vehicle (at simulation time 13.003,300,000 s)
2024-06-03 19:50:55,723 INFO  - My position is not better! (at simulation time 13.003,300,000 s)
2024-06-03 19:50:55,724 INFO  - Recieve a message from other vehicle (at simulation time 13.004,300,000 s)
2024-06-03 19:50:55,724 INFO  - I'm in better position but no more hops in message (at simulation time 13.004,300,000 s)
2024-06-03 19:50:55,729 INFO  - Called #onVehicleUpdated (at simulation time 14.000,000,000 s)
2024-06-03 19:50:55,730 INFO  - Sending out AdHoc broadcast (at simulation time 14.000,000,000 s)
2024-06-03 19:50:55,731 INFO  - Sending out AdHoc broadcast (at simulation time 14.000,000,000 s)
2024-06-03 19:50:55,731 INFO  - Sending out AdHoc broadcast (at simulation time 14.000,000,000 s)
2024-06-03 19:50:55,736 INFO  - Recieve a message from other vehicle (at simulation time 14.000,900,000 s)
2024-06-03 19:50:55,736 INFO  - My position is not better! (at simulation time 14.000,900,000 s)
2024-06-03 19:50:55,737 INFO  - Recieve a message from other vehicle (at simulation time 14.001,300,000 s)
2024-06-03 19:50:55,737 INFO  - My position is not better! (at simulation time 14.001,300,000 s)
2024-06-03 19:50:55,737 INFO  - Recieve a message from other vehicle (at simulation time 14.001,300,000 s)
2024-06-03 19:50:55,737 INFO  - My position is not better! (at simulation time 14.001,300,000 s)
2024-06-03 19:50:55,739 INFO  - Recieve a message from other vehicle (at simulation time 14.001,400,000 s)
2024-06-03 19:50:55,739 INFO  - My position is not better! (at simulation time 14.001,400,000 s)
2024-06-03 19:50:55,739 INFO  - Recieve a message from other vehicle (at simulation time 14.001,400,000 s)
2024-06-03 19:50:55,739 INFO  - I'm in better position but no more hops in message (at simulation time 14.001,400,000 s)
2024-06-03 19:50:55,740 INFO  - Recieve a message from other vehicle (at simulation time 14.001,900,000 s)
2024-06-03 19:50:55,741 INFO  - Recending a message from other vehicle (at simulation time 14.001,900,000 s)
2024-06-03 19:50:55,741 INFO  - Recieve a message from other vehicle (at simulation time 14.001,900,000 s)
2024-06-03 19:50:55,741 INFO  - My position is not better! (at simulation time 14.001,900,000 s)
2024-06-03 19:50:55,742 INFO  - Recieve a message from other vehicle (at simulation time 14.001,900,000 s)
2024-06-03 19:50:55,742 INFO  - I'm in better position but no more hops in message (at simulation time 14.001,900,000 s)
2024-06-03 19:50:55,744 INFO  - Recieve a message from other vehicle (at simulation time 14.002,300,000 s)
2024-06-03 19:50:55,744 INFO  - I'm in better position but no more hops in message (at simulation time 14.002,300,000 s)
2024-06-03 19:50:55,745 INFO  - Recieve a message from other vehicle (at simulation time 14.002,400,000 s)
2024-06-03 19:50:55,745 INFO  - My position is not better! (at simulation time 14.002,400,000 s)
2024-06-03 19:50:55,746 INFO  - Recieve a message from other vehicle (at simulation time 14.002,800,000 s)
2024-06-03 19:50:55,746 INFO  - I'm in better position but no more hops in message (at simulation time 14.002,800,000 s)
2024-06-03 19:50:55,748 INFO  - Recieve a message from other vehicle (at simulation time 14.003,300,000 s)
2024-06-03 19:50:55,748 INFO  - My position is not better! (at simulation time 14.003,300,000 s)
2024-06-03 19:50:55,749 INFO  - Recieve a message from other vehicle (at simulation time 14.004,300,000 s)
2024-06-03 19:50:55,749 INFO  - My position is not better! (at simulation time 14.004,300,000 s)
2024-06-03 19:50:55,758 INFO  - Called #onVehicleUpdated (at simulation time 15.000,000,000 s)
2024-06-03 19:50:55,759 INFO  - Sending out DENM broadcast (at simulation time 15.000,000,000 s)
2024-06-03 19:50:55,759 INFO  - Sending out AdHoc broadcast (at simulation time 15.000,000,000 s)
2024-06-03 19:50:55,760 INFO  - Sending out AdHoc broadcast (at simulation time 15.000,000,000 s)
2024-06-03 19:50:55,760 INFO  - Sending out AdHoc broadcast (at simulation time 15.000,000,000 s)
2024-06-03 19:50:55,760 INFO  - Sending out AdHoc broadcast (at simulation time 15.000,000,000 s)
2024-06-03 19:50:55,764 INFO  - Recieve a message from other vehicle (at simulation time 15.000,400,000 s)
2024-06-03 19:50:55,765 INFO  - Recending a message from other vehicle (at simulation time 15.000,400,000 s)
2024-06-03 19:50:55,768 INFO  - Recieve a message from other vehicle (at simulation time 15.000,800,000 s)
2024-06-03 19:50:55,768 INFO  - DENM message Recived from veh_1 -info : seco (at simulation time 15.000,800,000 s)
2024-06-03 19:50:55,768 INFO  - No more hops in DENM message (at simulation time 15.000,800,000 s)
2024-06-03 19:50:55,768 INFO  - Recieve a message from other vehicle (at simulation time 15.000,800,000 s)
2024-06-03 19:50:55,768 INFO  - DENM message Recived from veh_3 -info : seco (at simulation time 15.000,800,000 s)
2024-06-03 19:50:55,768 INFO  - No more hops in DENM message (at simulation time 15.000,800,000 s)
2024-06-03 19:50:55,771 INFO  - Recieve a message from other vehicle (at simulation time 15.001,300,000 s)
2024-06-03 19:50:55,771 INFO  - DENM message Recived from veh_0 -info : seco (at simulation time 15.001,300,000 s)
2024-06-03 19:50:55,771 INFO  - No more hops in DENM message (at simulation time 15.001,300,000 s)
2024-06-03 19:50:55,772 INFO  - Recieve a message from other vehicle (at simulation time 15.001,300,000 s)
2024-06-03 19:50:55,772 INFO  - I'm in better position but no more hops in message (at simulation time 15.001,300,000 s)
2024-06-03 19:50:55,772 INFO  - Recieve a message from other vehicle (at simulation time 15.001,400,000 s)
2024-06-03 19:50:55,772 INFO  - DENM message Recived from veh_1 -info : seco (at simulation time 15.001,400,000 s)
2024-06-03 19:50:55,772 INFO  - No more hops in DENM message (at simulation time 15.001,400,000 s)
2024-06-03 19:50:55,772 INFO  - Recieve a message from other vehicle (at simulation time 15.001,400,000 s)
2024-06-03 19:50:55,773 INFO  - DENM message Recived from veh_3 -info : seco (at simulation time 15.001,400,000 s)
2024-06-03 19:50:55,773 INFO  - No more hops in DENM message (at simulation time 15.001,400,000 s)
2024-06-03 19:50:55,774 INFO  - Recieve a message from other vehicle (at simulation time 15.001,400,000 s)
2024-06-03 19:50:55,774 INFO  - I'm in better position but no more hops in message (at simulation time 15.001,400,000 s)
2024-06-03 19:50:55,774 INFO  - Recieve a message from other vehicle (at simulation time 15.001,400,000 s)
2024-06-03 19:50:55,774 INFO  - I'm in better position but no more hops in message (at simulation time 15.001,400,000 s)
2024-06-03 19:50:55,774 INFO  - Recieve a message from other vehicle (at simulation time 15.001,400,000 s)
2024-06-03 19:50:55,774 INFO  - My position is not better! (at simulation time 15.001,400,000 s)
2024-06-03 19:50:55,775 INFO  - Recieve a message from other vehicle (at simulation time 15.001,800,000 s)
2024-06-03 19:50:55,775 INFO  - DENM message Recived from veh_5 -info : nevoeiro (at simulation time 15.001,800,000 s)
2024-06-03 19:50:55,775 INFO  - No more hops in DENM message (at simulation time 15.001,800,000 s)
2024-06-03 19:50:55,775 INFO  - Recieve a message from other vehicle (at simulation time 15.001,800,000 s)
2024-06-03 19:50:55,775 INFO  - I'm in better position but no more hops in message (at simulation time 15.001,800,000 s)
2024-06-03 19:50:55,775 INFO  - Recieve a message from other vehicle (at simulation time 15.001,800,000 s)
2024-06-03 19:50:55,775 INFO  - I'm in better position but no more hops in message (at simulation time 15.001,800,000 s)
2024-06-03 19:50:55,778 INFO  - Recieve a message from other vehicle (at simulation time 15.002,400,000 s)
2024-06-03 19:50:55,778 INFO  - DENM message Recived from veh_0 -info : seco (at simulation time 15.002,400,000 s)
2024-06-03 19:50:55,778 INFO  - No more hops in DENM message (at simulation time 15.002,400,000 s)
2024-06-03 19:50:55,778 INFO  - Recieve a message from other vehicle (at simulation time 15.002,400,000 s)
2024-06-03 19:50:55,778 INFO  - I'm in better position but no more hops in message (at simulation time 15.002,400,000 s)
2024-06-03 19:50:55,778 INFO  - Recieve a message from other vehicle (at simulation time 15.002,400,000 s)
2024-06-03 19:50:55,778 INFO  - Recending a message from other vehicle (at simulation time 15.002,400,000 s)
2024-06-03 19:50:55,779 INFO  - Recieve a message from other vehicle (at simulation time 15.002,400,000 s)
2024-06-03 19:50:55,779 INFO  - I'm in better position but no more hops in message (at simulation time 15.002,400,000 s)
2024-06-03 19:50:55,781 INFO  - Recieve a message from other vehicle (at simulation time 15.003,300,000 s)
2024-06-03 19:50:55,781 INFO  - I'm in better position but no more hops in message (at simulation time 15.003,300,000 s)
2024-06-03 19:50:55,786 INFO  - Called #onVehicleUpdated (at simulation time 16.000,000,000 s)
2024-06-03 19:50:55,786 INFO  - Sending out AdHoc broadcast (at simulation time 16.000,000,000 s)
2024-06-03 19:50:55,786 INFO  - Sending out AdHoc broadcast (at simulation time 16.000,000,000 s)
2024-06-03 19:50:55,786 INFO  - Sending out AdHoc broadcast (at simulation time 16.000,000,000 s)
2024-06-03 19:50:55,789 INFO  - Recieve a message from other vehicle (at simulation time 16.000,400,000 s)
2024-06-03 19:50:55,789 INFO  - Recending a message from other vehicle (at simulation time 16.000,400,000 s)
2024-06-03 19:50:55,790 INFO  - Recieve a message from other vehicle (at simulation time 16.000,900,000 s)
2024-06-03 19:50:55,790 INFO  - DENM message Recived from veh_2 -info : seco (at simulation time 16.000,900,000 s)
2024-06-03 19:50:55,790 INFO  - No more hops in DENM message (at simulation time 16.000,900,000 s)
2024-06-03 19:50:55,791 INFO  - Recieve a message from other vehicle (at simulation time 16.000,900,000 s)
2024-06-03 19:50:55,791 INFO  - Recending a message from other vehicle (at simulation time 16.000,900,000 s)
2024-06-03 19:50:55,791 INFO  - Recieve a message from other vehicle (at simulation time 16.000,900,000 s)
2024-06-03 19:50:55,791 INFO  - I'm in better position but no more hops in message (at simulation time 16.000,900,000 s)
2024-06-03 19:50:55,791 INFO  - Recieve a message from other vehicle (at simulation time 16.000,900,000 s)
2024-06-03 19:50:55,791 INFO  - My position is not better! (at simulation time 16.000,900,000 s)
2024-06-03 19:50:55,792 INFO  - Recieve a message from other vehicle (at simulation time 16.001,300,000 s)
2024-06-03 19:50:55,792 INFO  - DENM message Recived from veh_4 -info : seco (at simulation time 16.001,300,000 s)
2024-06-03 19:50:55,792 INFO  - No more hops in DENM message (at simulation time 16.001,300,000 s)
2024-06-03 19:50:55,793 INFO  - Recieve a message from other vehicle (at simulation time 16.001,400,000 s)
2024-06-03 19:50:55,793 INFO  - DENM message Recived from veh_4 -info : seco (at simulation time 16.001,400,000 s)
2024-06-03 19:50:55,793 INFO  - No more hops in DENM message (at simulation time 16.001,400,000 s)
2024-06-03 19:50:55,793 INFO  - Recieve a message from other vehicle (at simulation time 16.001,400,000 s)
2024-06-03 19:50:55,793 INFO  - My position is not better! (at simulation time 16.001,400,000 s)
2024-06-03 19:50:55,793 INFO  - Recieve a message from other vehicle (at simulation time 16.001,400,000 s)
2024-06-03 19:50:55,793 INFO  - Recending a message from other vehicle (at simulation time 16.001,400,000 s)
2024-06-03 19:50:55,793 INFO  - Recieve a message from other vehicle (at simulation time 16.001,400,000 s)
2024-06-03 19:50:55,793 INFO  - My position is not better! (at simulation time 16.001,400,000 s)
2024-06-03 19:50:55,794 INFO  - Recieve a message from other vehicle (at simulation time 16.001,800,000 s)
2024-06-03 19:50:55,794 INFO  - DENM message Recived from veh_2 -info : seco (at simulation time 16.001,800,000 s)
2024-06-03 19:50:55,794 INFO  - No more hops in DENM message (at simulation time 16.001,800,000 s)
2024-06-03 19:50:55,794 INFO  - Recieve a message from other vehicle (at simulation time 16.001,800,000 s)
2024-06-03 19:50:55,794 INFO  - I'm in better position but no more hops in message (at simulation time 16.001,800,000 s)
2024-06-03 19:50:55,795 INFO  - Recieve a message from other vehicle (at simulation time 16.002,300,000 s)
2024-06-03 19:50:55,795 INFO  - My position is not better! (at simulation time 16.002,300,000 s)
2024-06-03 19:50:55,796 INFO  - Recieve a message from other vehicle (at simulation time 16.003,800,000 s)
2024-06-03 19:50:55,796 INFO  - My position is not better! (at simulation time 16.003,800,000 s)
2024-06-03 19:50:55,799 INFO  - Called #onVehicleUpdated (at simulation time 17.000,000,000 s)
2024-06-03 19:50:55,800 INFO  - Sending out AdHoc broadcast (at simulation time 17.000,000,000 s)
2024-06-03 19:50:55,800 INFO  - Sending out AdHoc broadcast (at simulation time 17.000,000,000 s)
2024-06-03 19:50:55,800 INFO  - Sending out AdHoc broadcast (at simulation time 17.000,000,000 s)
2024-06-03 19:50:55,800 INFO  - Sending out AdHoc broadcast (at simulation time 17.000,000,000 s)
2024-06-03 19:50:55,801 INFO  - Recieve a message from other vehicle (at simulation time 17.000,400,000 s)
2024-06-03 19:50:55,801 INFO  - My position is not better! (at simulation time 17.000,400,000 s)
2024-06-03 19:50:55,802 INFO  - Recieve a message from other vehicle (at simulation time 17.000,800,000 s)
2024-06-03 19:50:55,802 INFO  - I'm in better position but no more hops in message (at simulation time 17.000,800,000 s)
2024-06-03 19:50:55,802 INFO  - Recieve a message from other vehicle (at simulation time 17.000,900,000 s)
2024-06-03 19:50:55,802 INFO  - My position is not better! (at simulation time 17.000,900,000 s)
2024-06-03 19:50:55,803 INFO  - Recieve a message from other vehicle (at simulation time 17.001,300,000 s)
2024-06-03 19:50:55,803 INFO  - I'm in better position but no more hops in message (at simulation time 17.001,300,000 s)
2024-06-03 19:50:55,803 INFO  - Recieve a message from other vehicle (at simulation time 17.001,400,000 s)
2024-06-03 19:50:55,803 INFO  - I'm in better position but no more hops in message (at simulation time 17.001,400,000 s)
2024-06-03 19:50:55,804 INFO  - Recieve a message from other vehicle (at simulation time 17.001,800,000 s)
2024-06-03 19:50:55,804 INFO  - I'm in better position but no more hops in message (at simulation time 17.001,800,000 s)
2024-06-03 19:50:55,805 INFO  - Recieve a message from other vehicle (at simulation time 17.002,300,000 s)
2024-06-03 19:50:55,805 INFO  - I'm in better position but no more hops in message (at simulation time 17.002,300,000 s)
2024-06-03 19:50:55,806 INFO  - Recieve a message from other vehicle (at simulation time 17.003,300,000 s)
2024-06-03 19:50:55,806 INFO  - I'm in better position but no more hops in message (at simulation time 17.003,300,000 s)
2024-06-03 19:50:55,809 INFO  - Called #onVehicleUpdated (at simulation time 18.000,000,000 s)
2024-06-03 19:50:55,809 INFO  - Sending out AdHoc broadcast (at simulation time 18.000,000,000 s)
2024-06-03 19:50:55,809 INFO  - Sending out AdHoc broadcast (at simulation time 18.000,000,000 s)
2024-06-03 19:50:55,809 INFO  - Sending out AdHoc broadcast (at simulation time 18.000,000,000 s)
2024-06-03 19:50:55,810 INFO  - Recieve a message from other vehicle (at simulation time 18.000,400,000 s)
2024-06-03 19:50:55,810 INFO  - My position is not better! (at simulation time 18.000,400,000 s)
2024-06-03 19:50:55,810 INFO  - Recieve a message from other vehicle (at simulation time 18.000,400,000 s)
2024-06-03 19:50:55,811 INFO  - Recending a message from other vehicle (at simulation time 18.000,400,000 s)
2024-06-03 19:50:55,812 INFO  - Recieve a message from other vehicle (at simulation time 18.000,900,000 s)
2024-06-03 19:50:55,812 INFO  - My position is not better! (at simulation time 18.000,900,000 s)
2024-06-03 19:50:55,813 INFO  - Recieve a message from other vehicle (at simulation time 18.001,800,000 s)
2024-06-03 19:50:55,813 INFO  - My position is not better! (at simulation time 18.001,800,000 s)
2024-06-03 19:50:55,814 INFO  - Recieve a message from other vehicle (at simulation time 18.001,900,000 s)
2024-06-03 19:50:55,814 INFO  - My position is not better! (at simulation time 18.001,900,000 s)
2024-06-03 19:50:55,814 INFO  - Recieve a message from other vehicle (at simulation time 18.002,800,000 s)
2024-06-03 19:50:55,815 INFO  - My position is not better! (at simulation time 18.002,800,000 s)
2024-06-03 19:50:55,818 INFO  - Called #onVehicleUpdated (at simulation time 19.000,000,000 s)
2024-06-03 19:50:55,818 INFO  - Sending out AdHoc broadcast (at simulation time 19.000,000,000 s)
2024-06-03 19:50:55,818 INFO  - Sending out AdHoc broadcast (at simulation time 19.000,000,000 s)
2024-06-03 19:50:55,818 INFO  - Sending out AdHoc broadcast (at simulation time 19.000,000,000 s)
2024-06-03 19:50:55,819 INFO  - Sending out AdHoc broadcast (at simulation time 19.000,000,000 s)
2024-06-03 19:50:55,820 INFO  - Recieve a message from other vehicle (at simulation time 19.001,900,000 s)
2024-06-03 19:50:55,820 INFO  - My position is not better! (at simulation time 19.001,900,000 s)
2024-06-03 19:50:55,820 INFO  - Recieve a message from other vehicle (at simulation time 19.002,300,000 s)
2024-06-03 19:50:55,820 INFO  - I'm in better position but no more hops in message (at simulation time 19.002,300,000 s)
2024-06-03 19:50:55,820 INFO  - Recieve a message from other vehicle (at simulation time 19.002,300,000 s)
2024-06-03 19:50:55,820 INFO  - I'm in better position but no more hops in message (at simulation time 19.002,300,000 s)
2024-06-03 19:50:55,820 INFO  - Recieve a message from other vehicle (at simulation time 19.002,400,000 s)
2024-06-03 19:50:55,820 INFO  - I'm in better position but no more hops in message (at simulation time 19.002,400,000 s)
2024-06-03 19:50:55,821 INFO  - Recieve a message from other vehicle (at simulation time 19.002,400,000 s)
2024-06-03 19:50:55,821 INFO  - I'm in better position but no more hops in message (at simulation time 19.002,400,000 s)
2024-06-03 19:50:55,826 INFO  - Called #onVehicleUpdated (at simulation time 20.000,000,000 s)
2024-06-03 19:50:55,826 INFO  - Sending out AdHoc broadcast (at simulation time 20.000,000,000 s)
2024-06-03 19:50:55,826 INFO  - Sending out AdHoc broadcast (at simulation time 20.000,000,000 s)
2024-06-03 19:50:55,826 INFO  - Sending out AdHoc broadcast (at simulation time 20.000,000,000 s)
2024-06-03 19:50:55,827 INFO  - Recieve a message from other vehicle (at simulation time 20.000,400,000 s)
2024-06-03 19:50:55,827 INFO  - Recending a message from other vehicle (at simulation time 20.000,400,000 s)
2024-06-03 19:50:55,827 INFO  - Recieve a message from other vehicle (at simulation time 20.000,900,000 s)
2024-06-03 19:50:55,827 INFO  - Recending a message from other vehicle (at simulation time 20.000,900,000 s)
2024-06-03 19:50:55,827 INFO  - Recieve a message from other vehicle (at simulation time 20.000,900,000 s)
2024-06-03 19:50:55,827 INFO  - Recending a message from other vehicle (at simulation time 20.000,900,000 s)
2024-06-03 19:50:55,831 INFO  - Called #onVehicleUpdated (at simulation time 21.000,000,000 s)
2024-06-03 19:50:55,831 INFO  - Sending out AdHoc broadcast (at simulation time 21.000,000,000 s)
2024-06-03 19:50:55,831 INFO  - Sending out AdHoc broadcast (at simulation time 21.000,000,000 s)
2024-06-03 19:50:55,831 INFO  - Sending out AdHoc broadcast (at simulation time 21.000,000,000 s)
2024-06-03 19:50:55,832 INFO  - Sending out AdHoc broadcast (at simulation time 21.000,000,000 s)
2024-06-03 19:50:55,833 INFO  - Recieve a message from other vehicle (at simulation time 21.001,900,000 s)
2024-06-03 19:50:55,833 INFO  - My position is not better! (at simulation time 21.001,900,000 s)
2024-06-03 19:50:55,833 INFO  - Recieve a message from other vehicle (at simulation time 21.002,800,000 s)
2024-06-03 19:50:55,833 INFO  - My position is not better! (at simulation time 21.002,800,000 s)
2024-06-03 19:50:55,833 INFO  - Recieve a message from other vehicle (at simulation time 21.002,800,000 s)
2024-06-03 19:50:55,833 INFO  - My position is not better! (at simulation time 21.002,800,000 s)
2024-06-03 19:50:55,833 INFO  - Recieve a message from other vehicle (at simulation time 21.002,800,000 s)
2024-06-03 19:50:55,833 INFO  - My position is not better! (at simulation time 21.002,800,000 s)
2024-06-03 19:50:55,833 INFO  - Recieve a message from other vehicle (at simulation time 21.003,300,000 s)
2024-06-03 19:50:55,833 INFO  - My position is not better! (at simulation time 21.003,300,000 s)
2024-06-03 19:50:55,835 INFO  - Called #onVehicleUpdated (at simulation time 22.000,000,000 s)
2024-06-03 19:50:55,835 INFO  - Sending out AdHoc broadcast (at simulation time 22.000,000,000 s)
2024-06-03 19:50:55,835 INFO  - Sending out AdHoc broadcast (at simulation time 22.000,000,000 s)
2024-06-03 19:50:55,835 INFO  - Sending out AdHoc broadcast (at simulation time 22.000,000,000 s)
2024-06-03 19:50:55,839 INFO  - Called #onVehicleUpdated (at simulation time 23.000,000,000 s)
2024-06-03 19:50:55,839 INFO  - Sending out AdHoc broadcast (at simulation time 23.000,000,000 s)
2024-06-03 19:50:55,839 INFO  - Sending out AdHoc broadcast (at simulation time 23.000,000,000 s)
2024-06-03 19:50:55,839 INFO  - Sending out AdHoc broadcast (at simulation time 23.000,000,000 s)
2024-06-03 19:50:55,839 INFO  - Sending out AdHoc broadcast (at simulation time 23.000,000,000 s)
2024-06-03 19:50:55,840 INFO  - Recieve a message from other vehicle (at simulation time 23.001,400,000 s)
2024-06-03 19:50:55,840 INFO  - Recending a message from other vehicle (at simulation time 23.001,400,000 s)
2024-06-03 19:50:55,844 INFO  - Called #onVehicleUpdated (at simulation time 24.000,000,000 s)
2024-06-03 19:50:55,845 INFO  - Sending out AdHoc broadcast (at simulation time 24.000,000,000 s)
2024-06-03 19:50:55,845 INFO  - Sending out AdHoc broadcast (at simulation time 24.000,000,000 s)
2024-06-03 19:50:55,845 INFO  - Sending out AdHoc broadcast (at simulation time 24.000,000,000 s)
2024-06-03 19:50:55,849 INFO  - Called #onVehicleUpdated (at simulation time 25.000,000,000 s)
2024-06-03 19:50:55,849 INFO  - Sending out AdHoc broadcast (at simulation time 25.000,000,000 s)
2024-06-03 19:50:55,849 INFO  - Sending out AdHoc broadcast (at simulation time 25.000,000,000 s)
2024-06-03 19:50:55,850 INFO  - Sending out AdHoc broadcast (at simulation time 25.000,000,000 s)
2024-06-03 19:50:55,850 INFO  - Sending out AdHoc broadcast (at simulation time 25.000,000,000 s)
2024-06-03 19:50:55,852 INFO  - Called #onVehicleUpdated (at simulation time 26.000,000,000 s)
2024-06-03 19:50:55,852 INFO  - Exced velocity! Sending new CAM (at simulation time 26.000,000,000 s)
2024-06-03 19:50:55,852 INFO  - Sending out AdHoc broadcast (at simulation time 26.000,000,000 s)
2024-06-03 19:50:55,852 INFO  - Sending out AdHoc broadcast (at simulation time 26.000,000,000 s)
2024-06-03 19:50:55,852 INFO  - Sending out AdHoc broadcast (at simulation time 26.000,000,000 s)
2024-06-03 19:50:55,852 INFO  - Sending out AdHoc broadcast (at simulation time 26.000,000,000 s)
2024-06-03 19:50:55,854 INFO  - Called #onVehicleUpdated (at simulation time 27.000,000,000 s)
2024-06-03 19:50:55,854 INFO  - Exced velocity! Sending new CAM (at simulation time 27.000,000,000 s)
2024-06-03 19:50:55,854 INFO  - Sending out AdHoc broadcast (at simulation time 27.000,000,000 s)
2024-06-03 19:50:55,854 INFO  - Sending out AdHoc broadcast (at simulation time 27.000,000,000 s)
2024-06-03 19:50:55,854 INFO  - Sending out AdHoc broadcast (at simulation time 27.000,000,000 s)
2024-06-03 19:50:55,854 INFO  - Sending out AdHoc broadcast (at simulation time 27.000,000,000 s)
2024-06-03 19:50:55,854 INFO  - Sending out AdHoc broadcast (at simulation time 27.000,000,000 s)
2024-06-03 19:50:55,856 INFO  - Called #onVehicleUpdated (at simulation time 28.000,000,000 s)
2024-06-03 19:50:55,856 INFO  - Exced velocity! Sending new CAM (at simulation time 28.000,000,000 s)
2024-06-03 19:50:55,856 INFO  - Sending out AdHoc broadcast (at simulation time 28.000,000,000 s)
2024-06-03 19:50:55,856 INFO  - Sending out AdHoc broadcast (at simulation time 28.000,000,000 s)
2024-06-03 19:50:55,856 INFO  - Sending out AdHoc broadcast (at simulation time 28.000,000,000 s)
2024-06-03 19:50:55,856 INFO  - Sending out AdHoc broadcast (at simulation time 28.000,000,000 s)
2024-06-03 19:50:55,856 INFO  - Sending out AdHoc broadcast (at simulation time 28.000,000,000 s)
2024-06-03 19:50:55,857 INFO  - Called #onVehicleUpdated (at simulation time 29.000,000,000 s)
2024-06-03 19:50:55,857 INFO  - Exced velocity! Sending new CAM (at simulation time 29.000,000,000 s)
2024-06-03 19:50:55,857 INFO  - Sending out AdHoc broadcast (at simulation time 29.000,000,000 s)
2024-06-03 19:50:55,857 INFO  - Sending out AdHoc broadcast (at simulation time 29.000,000,000 s)
2024-06-03 19:50:55,857 INFO  - Sending out AdHoc broadcast (at simulation time 29.000,000,000 s)
2024-06-03 19:50:55,858 INFO  - Sending out AdHoc broadcast (at simulation time 29.000,000,000 s)
2024-06-03 19:50:55,858 INFO  - Sending out AdHoc broadcast (at simulation time 29.000,000,000 s)
2024-06-03 19:50:55,858 INFO  - Sending out AdHoc broadcast (at simulation time 29.000,000,000 s)
2024-06-03 19:50:55,861 INFO  - Shutdown (at simulation time 30.000,000,000 s)
