2024-06-03 19:54:39,558 INFO  - Initialize Vehicle application (at simulation time 655.000,000,000 s)
2024-06-03 19:54:39,559 INFO  - Activated WLAN Module (at simulation time 655.000,000,000 s)
2024-06-03 19:54:39,559 INFO  - Called #onVehicleUpdated (at simulation time 655.000,000,000 s)
2024-06-03 19:54:39,559 INFO  - Recieve a message from other vehicle (at simulation time 655.001,900,000 s)
2024-06-03 19:54:39,559 INFO  - My position is not better! (at simulation time 655.001,900,000 s)
2024-06-03 19:54:39,560 INFO  - Called #onVehicleUpdated (at simulation time 656.000,000,000 s)
2024-06-03 19:54:39,560 INFO  - Define the name: veh_93 and route: r_1 (at simulation time 656.000,000,000 s)
2024-06-03 19:54:39,560 INFO  - Sending out AdHoc broadcast (at simulation time 656.000,000,000 s)
2024-06-03 19:54:39,561 INFO  - Recieve a message from other vehicle (at simulation time 656.002,800,000 s)
2024-06-03 19:54:39,561 INFO  - My position is not better! (at simulation time 656.002,800,000 s)
2024-06-03 19:54:39,562 INFO  - Called #onVehicleUpdated (at simulation time 657.000,000,000 s)
2024-06-03 19:54:39,562 INFO  - Recieve a message from other vehicle (at simulation time 657.001,900,000 s)
2024-06-03 19:54:39,562 INFO  - My position is not better! (at simulation time 657.001,900,000 s)
2024-06-03 19:54:39,563 INFO  - Called #onVehicleUpdated (at simulation time 658.000,000,000 s)
2024-06-03 19:54:39,563 INFO  - Sending out AdHoc broadcast (at simulation time 658.000,000,000 s)
2024-06-03 19:54:39,563 INFO  - Recieve a message from other vehicle (at simulation time 658.004,300,000 s)
2024-06-03 19:54:39,563 INFO  - My position is not better! (at simulation time 658.004,300,000 s)
2024-06-03 19:54:39,665 INFO  - Called #onVehicleUpdated (at simulation time 659.000,000,000 s)
2024-06-03 19:54:39,665 INFO  - Recieve a message from other vehicle (at simulation time 659.002,400,000 s)
2024-06-03 19:54:39,665 INFO  - My position is not better! (at simulation time 659.002,400,000 s)
2024-06-03 19:54:39,667 INFO  - Called #onVehicleUpdated (at simulation time 660.000,000,000 s)
2024-06-03 19:54:39,667 INFO  - Sending out AdHoc broadcast (at simulation time 660.000,000,000 s)
2024-06-03 19:54:39,668 INFO  - Recieve a message from other vehicle (at simulation time 660.004,300,000 s)
2024-06-03 19:54:39,668 INFO  - My position is not better! (at simulation time 660.004,300,000 s)
2024-06-03 19:54:39,670 INFO  - Called #onVehicleUpdated (at simulation time 661.000,000,000 s)
2024-06-03 19:54:39,670 INFO  - Recieve a message from other vehicle (at simulation time 661.001,900,000 s)
2024-06-03 19:54:39,670 INFO  - My position is not better! (at simulation time 661.001,900,000 s)
2024-06-03 19:54:39,672 INFO  - Called #onVehicleUpdated (at simulation time 662.000,000,000 s)
2024-06-03 19:54:39,673 INFO  - Sending out AdHoc broadcast (at simulation time 662.000,000,000 s)
2024-06-03 19:54:39,674 INFO  - Recieve a message from other vehicle (at simulation time 662.000,400,000 s)
2024-06-03 19:54:39,674 INFO  - My position is not better! (at simulation time 662.000,400,000 s)
2024-06-03 19:54:39,674 INFO  - Recieve a message from other vehicle (at simulation time 662.001,900,000 s)
2024-06-03 19:54:39,674 INFO  - My position is not better! (at simulation time 662.001,900,000 s)
2024-06-03 19:54:39,675 INFO  - Recieve a message from other vehicle (at simulation time 662.002,400,000 s)
2024-06-03 19:54:39,675 INFO  - My position is not better! (at simulation time 662.002,400,000 s)
2024-06-03 19:54:39,675 INFO  - Recieve a message from other vehicle (at simulation time 662.002,800,000 s)
2024-06-03 19:54:39,675 INFO  - My position is not better! (at simulation time 662.002,800,000 s)
2024-06-03 19:54:39,676 INFO  - Called #onVehicleUpdated (at simulation time 663.000,000,000 s)
2024-06-03 19:54:39,677 INFO  - Recieve a message from other vehicle (at simulation time 663.000,400,000 s)
2024-06-03 19:54:39,677 INFO  - My position is not better! (at simulation time 663.000,400,000 s)
2024-06-03 19:54:39,677 INFO  - Recieve a message from other vehicle (at simulation time 663.000,400,000 s)
2024-06-03 19:54:39,677 INFO  - My position is not better! (at simulation time 663.000,400,000 s)
2024-06-03 19:54:39,678 INFO  - Recieve a message from other vehicle (at simulation time 663.000,900,000 s)
2024-06-03 19:54:39,678 INFO  - DENM message Recived from veh_95 -info : nevoeiro (at simulation time 663.000,900,000 s)
2024-06-03 19:54:39,678 INFO  - No more hops in DENM message (at simulation time 663.000,900,000 s)
2024-06-03 19:54:39,678 INFO  - Recieve a message from other vehicle (at simulation time 663.000,900,000 s)
2024-06-03 19:54:39,678 INFO  - My position is not better! (at simulation time 663.000,900,000 s)
2024-06-03 19:54:39,678 INFO  - Recieve a message from other vehicle (at simulation time 663.000,900,000 s)
2024-06-03 19:54:39,678 INFO  - My position is not better! (at simulation time 663.000,900,000 s)
2024-06-03 19:54:39,678 INFO  - Recieve a message from other vehicle (at simulation time 663.001,300,000 s)
2024-06-03 19:54:39,678 INFO  - DENM message Recived from veh_95 -info : nevoeiro (at simulation time 663.001,300,000 s)
2024-06-03 19:54:39,678 INFO  - No more hops in DENM message (at simulation time 663.001,300,000 s)
2024-06-03 19:54:39,678 INFO  - Recieve a message from other vehicle (at simulation time 663.001,400,000 s)
2024-06-03 19:54:39,678 INFO  - My position is not better! (at simulation time 663.001,400,000 s)
2024-06-03 19:54:39,678 INFO  - Recieve a message from other vehicle (at simulation time 663.001,800,000 s)
2024-06-03 19:54:39,678 INFO  - DENM message Recived from veh_92 -info : nevoeiro (at simulation time 663.001,800,000 s)
2024-06-03 19:54:39,678 INFO  - No more hops in DENM message (at simulation time 663.001,800,000 s)
2024-06-03 19:54:39,678 INFO  - Recieve a message from other vehicle (at simulation time 663.001,900,000 s)
2024-06-03 19:54:39,678 INFO  - DENM message Recived from veh_94 -info : nevoeiro (at simulation time 663.001,900,000 s)
2024-06-03 19:54:39,678 INFO  - No more hops in DENM message (at simulation time 663.001,900,000 s)
2024-06-03 19:54:39,678 INFO  - Recieve a message from other vehicle (at simulation time 663.001,900,000 s)
2024-06-03 19:54:39,678 INFO  - My position is not better! (at simulation time 663.001,900,000 s)
2024-06-03 19:54:39,679 INFO  - Recieve a message from other vehicle (at simulation time 663.002,300,000 s)
2024-06-03 19:54:39,679 INFO  - My position is not better! (at simulation time 663.002,300,000 s)
2024-06-03 19:54:39,679 INFO  - Recieve a message from other vehicle (at simulation time 663.002,300,000 s)
2024-06-03 19:54:39,679 INFO  - DENM message Recived from veh_94 -info : nevoeiro (at simulation time 663.002,300,000 s)
2024-06-03 19:54:39,679 INFO  - No more hops in DENM message (at simulation time 663.002,300,000 s)
2024-06-03 19:54:39,679 INFO  - Recieve a message from other vehicle (at simulation time 663.002,400,000 s)
2024-06-03 19:54:39,679 INFO  - DENM message Recived from veh_92 -info : nevoeiro (at simulation time 663.002,400,000 s)
2024-06-03 19:54:39,679 INFO  - No more hops in DENM message (at simulation time 663.002,400,000 s)
2024-06-03 19:54:39,681 INFO  - Called #onVehicleUpdated (at simulation time 664.000,000,000 s)
2024-06-03 19:54:39,681 INFO  - Sending out DENM broadcast (at simulation time 664.000,000,000 s)
2024-06-03 19:54:39,681 INFO  - Sending out AdHoc broadcast (at simulation time 664.000,000,000 s)
2024-06-03 19:54:39,681 INFO  - Recieve a message from other vehicle (at simulation time 664.000,400,000 s)
2024-06-03 19:54:39,681 INFO  - My position is not better! (at simulation time 664.000,400,000 s)
2024-06-03 19:54:39,682 INFO  - Recieve a message from other vehicle (at simulation time 664.000,400,000 s)
2024-06-03 19:54:39,682 INFO  - My position is not better! (at simulation time 664.000,400,000 s)
2024-06-03 19:54:39,683 INFO  - Recieve a message from other vehicle (at simulation time 664.001,400,000 s)
2024-06-03 19:54:39,683 INFO  - My position is not better! (at simulation time 664.001,400,000 s)
2024-06-03 19:54:39,683 INFO  - Recieve a message from other vehicle (at simulation time 664.001,800,000 s)
2024-06-03 19:54:39,683 INFO  - My position is not better! (at simulation time 664.001,800,000 s)
2024-06-03 19:54:39,683 INFO  - Recieve a message from other vehicle (at simulation time 664.001,900,000 s)
2024-06-03 19:54:39,683 INFO  - My position is not better! (at simulation time 664.001,900,000 s)
2024-06-03 19:54:39,683 INFO  - Recieve a message from other vehicle (at simulation time 664.002,300,000 s)
2024-06-03 19:54:39,683 INFO  - DENM message Recived from veh_93 -info : seco (at simulation time 664.002,300,000 s)
2024-06-03 19:54:39,683 INFO  - No more hops in DENM message (at simulation time 664.002,300,000 s)
2024-06-03 19:54:39,683 INFO  - Recieve a message from other vehicle (at simulation time 664.002,400,000 s)
2024-06-03 19:54:39,683 INFO  - My position is not better! (at simulation time 664.002,400,000 s)
2024-06-03 19:54:39,684 INFO  - Recieve a message from other vehicle (at simulation time 664.003,800,000 s)
2024-06-03 19:54:39,684 INFO  - My position is not better! (at simulation time 664.003,800,000 s)
2024-06-03 19:54:39,684 INFO  - Recieve a message from other vehicle (at simulation time 664.004,300,000 s)
2024-06-03 19:54:39,684 INFO  - My position is not better! (at simulation time 664.004,300,000 s)
2024-06-03 19:54:39,686 INFO  - Called #onVehicleUpdated (at simulation time 665.000,000,000 s)
2024-06-03 19:54:39,686 INFO  - Recieve a message from other vehicle (at simulation time 665.000,400,000 s)
2024-06-03 19:54:39,686 INFO  - My position is not better! (at simulation time 665.000,400,000 s)
2024-06-03 19:54:39,687 INFO  - Recieve a message from other vehicle (at simulation time 665.001,400,000 s)
2024-06-03 19:54:39,687 INFO  - My position is not better! (at simulation time 665.001,400,000 s)
2024-06-03 19:54:39,687 INFO  - Recieve a message from other vehicle (at simulation time 665.001,400,000 s)
2024-06-03 19:54:39,687 INFO  - My position is not better! (at simulation time 665.001,400,000 s)
2024-06-03 19:54:39,687 INFO  - Recieve a message from other vehicle (at simulation time 665.001,900,000 s)
2024-06-03 19:54:39,687 INFO  - My position is not better! (at simulation time 665.001,900,000 s)
2024-06-03 19:54:39,687 INFO  - Recieve a message from other vehicle (at simulation time 665.001,900,000 s)
2024-06-03 19:54:39,687 INFO  - I'm in better position but no more hops in message (at simulation time 665.001,900,000 s)
2024-06-03 19:54:39,687 INFO  - Recieve a message from other vehicle (at simulation time 665.002,400,000 s)
2024-06-03 19:54:39,687 INFO  - My position is not better! (at simulation time 665.002,400,000 s)
2024-06-03 19:54:39,687 INFO  - Recieve a message from other vehicle (at simulation time 665.003,300,000 s)
2024-06-03 19:54:39,687 INFO  - I'm in better position but no more hops in message (at simulation time 665.003,300,000 s)
2024-06-03 19:54:39,688 INFO  - Called #onVehicleUpdated (at simulation time 666.000,000,000 s)
2024-06-03 19:54:39,688 INFO  - Sending out AdHoc broadcast (at simulation time 666.000,000,000 s)
2024-06-03 19:54:39,688 INFO  - Recieve a message from other vehicle (at simulation time 666.000,900,000 s)
2024-06-03 19:54:39,688 INFO  - I'm in better position but no more hops in message (at simulation time 666.000,900,000 s)
2024-06-03 19:54:39,688 INFO  - Recieve a message from other vehicle (at simulation time 666.001,400,000 s)
2024-06-03 19:54:39,688 INFO  - I'm in better position but no more hops in message (at simulation time 666.001,400,000 s)
2024-06-03 19:54:39,688 INFO  - Recieve a message from other vehicle (at simulation time 666.001,900,000 s)
2024-06-03 19:54:39,688 INFO  - Recending a message from other vehicle (at simulation time 666.001,900,000 s)
2024-06-03 19:54:39,688 INFO  - Recieve a message from other vehicle (at simulation time 666.002,400,000 s)
2024-06-03 19:54:39,688 INFO  - I'm in better position but no more hops in message (at simulation time 666.002,400,000 s)
2024-06-03 19:54:39,688 INFO  - Recieve a message from other vehicle (at simulation time 666.002,400,000 s)
2024-06-03 19:54:39,688 INFO  - Recending a message from other vehicle (at simulation time 666.002,400,000 s)
2024-06-03 19:54:39,689 INFO  - Called #onVehicleUpdated (at simulation time 667.000,000,000 s)
2024-06-03 19:54:39,690 INFO  - Recieve a message from other vehicle (at simulation time 667.000,400,000 s)
2024-06-03 19:54:39,690 INFO  - I'm in better position but no more hops in message (at simulation time 667.000,400,000 s)
2024-06-03 19:54:39,690 INFO  - Recieve a message from other vehicle (at simulation time 667.000,400,000 s)
2024-06-03 19:54:39,690 INFO  - Recending a message from other vehicle (at simulation time 667.000,400,000 s)
2024-06-03 19:54:39,690 INFO  - Recieve a message from other vehicle (at simulation time 667.001,900,000 s)
2024-06-03 19:54:39,690 INFO  - I'm in better position but no more hops in message (at simulation time 667.001,900,000 s)
2024-06-03 19:54:39,690 INFO  - Recieve a message from other vehicle (at simulation time 667.001,900,000 s)
2024-06-03 19:54:39,690 INFO  - I'm in better position but no more hops in message (at simulation time 667.001,900,000 s)
2024-06-03 19:54:39,690 INFO  - Recieve a message from other vehicle (at simulation time 667.002,400,000 s)
2024-06-03 19:54:39,690 INFO  - I'm in better position but no more hops in message (at simulation time 667.002,400,000 s)
2024-06-03 19:54:39,691 INFO  - Called #onVehicleUpdated (at simulation time 668.000,000,000 s)
2024-06-03 19:54:39,691 INFO  - Sending out AdHoc broadcast (at simulation time 668.000,000,000 s)
2024-06-03 19:54:39,692 INFO  - Recieve a message from other vehicle (at simulation time 668.000,400,000 s)
2024-06-03 19:54:39,692 INFO  - My position is not better! (at simulation time 668.000,400,000 s)
2024-06-03 19:54:39,692 INFO  - Recieve a message from other vehicle (at simulation time 668.001,900,000 s)
2024-06-03 19:54:39,692 INFO  - My position is not better! (at simulation time 668.001,900,000 s)
2024-06-03 19:54:39,692 INFO  - Recieve a message from other vehicle (at simulation time 668.001,900,000 s)
2024-06-03 19:54:39,692 INFO  - My position is not better! (at simulation time 668.001,900,000 s)
2024-06-03 19:54:39,692 INFO  - Recieve a message from other vehicle (at simulation time 668.003,300,000 s)
2024-06-03 19:54:39,692 INFO  - My position is not better! (at simulation time 668.003,300,000 s)
2024-06-03 19:54:39,693 INFO  - Called #onVehicleUpdated (at simulation time 669.000,000,000 s)
2024-06-03 19:54:39,693 INFO  - Recieve a message from other vehicle (at simulation time 669.000,400,000 s)
2024-06-03 19:54:39,693 INFO  - My position is not better! (at simulation time 669.000,400,000 s)
2024-06-03 19:54:39,693 INFO  - Recieve a message from other vehicle (at simulation time 669.000,400,000 s)
2024-06-03 19:54:39,693 INFO  - My position is not better! (at simulation time 669.000,400,000 s)
2024-06-03 19:54:39,693 INFO  - Recieve a message from other vehicle (at simulation time 669.000,900,000 s)
2024-06-03 19:54:39,693 INFO  - My position is not better! (at simulation time 669.000,900,000 s)
2024-06-03 19:54:39,693 INFO  - Recieve a message from other vehicle (at simulation time 669.002,400,000 s)
2024-06-03 19:54:39,693 INFO  - My position is not better! (at simulation time 669.002,400,000 s)
2024-06-03 19:54:39,695 INFO  - Called #onVehicleUpdated (at simulation time 670.000,000,000 s)
2024-06-03 19:54:39,695 INFO  - Exced velocity! Sending new CAM (at simulation time 670.000,000,000 s)
2024-06-03 19:54:39,695 INFO  - Sending out AdHoc broadcast (at simulation time 670.000,000,000 s)
2024-06-03 19:54:39,695 INFO  - Sending out AdHoc broadcast (at simulation time 670.000,000,000 s)
2024-06-03 19:54:39,696 INFO  - Called #onVehicleUpdated (at simulation time 671.000,000,000 s)
2024-06-03 19:54:39,696 INFO  - Exced velocity! Sending new CAM (at simulation time 671.000,000,000 s)
2024-06-03 19:54:39,696 INFO  - Sending out AdHoc broadcast (at simulation time 671.000,000,000 s)
2024-06-03 19:54:39,698 INFO  - Called #onVehicleUpdated (at simulation time 672.000,000,000 s)
2024-06-03 19:54:39,698 INFO  - Exced velocity! Sending new CAM (at simulation time 672.000,000,000 s)
2024-06-03 19:54:39,698 INFO  - Sending out AdHoc broadcast (at simulation time 672.000,000,000 s)
2024-06-03 19:54:39,698 INFO  - Sending out AdHoc broadcast (at simulation time 672.000,000,000 s)
2024-06-03 19:54:39,698 INFO  - Sending out AdHoc broadcast (at simulation time 672.000,000,000 s)
2024-06-03 19:54:39,699 INFO  - Called #onVehicleUpdated (at simulation time 673.000,000,000 s)
2024-06-03 19:54:39,699 INFO  - Exced velocity! Sending new CAM (at simulation time 673.000,000,000 s)
2024-06-03 19:54:39,699 INFO  - Sending out AdHoc broadcast (at simulation time 673.000,000,000 s)
2024-06-03 19:54:39,699 INFO  - Sending out AdHoc broadcast (at simulation time 673.000,000,000 s)
2024-06-03 19:54:39,700 INFO  - Shutdown (at simulation time 674.000,000,000 s)
