2024-06-03 19:50:57,100 INFO  - Initialize Vehicle application (at simulation time 331.000,000,000 s)
2024-06-03 19:50:57,101 INFO  - Activated WLAN Module (at simulation time 331.000,000,000 s)
2024-06-03 19:50:57,101 INFO  - Called #onVehicleUpdated (at simulation time 331.000,000,000 s)
2024-06-03 19:50:57,101 INFO  - Recieve a message from other vehicle (at simulation time 331.000,900,000 s)
2024-06-03 19:50:57,101 INFO  - My position is not better! (at simulation time 331.000,900,000 s)
2024-06-03 19:50:57,101 INFO  - Recieve a message from other vehicle (at simulation time 331.001,900,000 s)
2024-06-03 19:50:57,101 INFO  - My position is not better! (at simulation time 331.001,900,000 s)
2024-06-03 19:50:57,103 INFO  - Called #onVehicleUpdated (at simulation time 332.000,000,000 s)
2024-06-03 19:50:57,103 INFO  - Define the name: veh_58 and route: r_3 (at simulation time 332.000,000,000 s)
2024-06-03 19:50:57,103 INFO  - Sending out AdHoc broadcast (at simulation time 332.000,000,000 s)
2024-06-03 19:50:57,103 INFO  - Recieve a message from other vehicle (at simulation time 332.001,400,000 s)
2024-06-03 19:50:57,103 INFO  - My position is not better! (at simulation time 332.001,400,000 s)
2024-06-03 19:50:57,103 INFO  - Recieve a message from other vehicle (at simulation time 332.002,400,000 s)
2024-06-03 19:50:57,103 INFO  - My position is not better! (at simulation time 332.002,400,000 s)
2024-06-03 19:50:57,103 INFO  - Recieve a message from other vehicle (at simulation time 332.003,300,000 s)
2024-06-03 19:50:57,103 INFO  - My position is not better! (at simulation time 332.003,300,000 s)
2024-06-03 19:50:57,104 INFO  - Called #onVehicleUpdated (at simulation time 333.000,000,000 s)
2024-06-03 19:50:57,104 INFO  - Recieve a message from other vehicle (at simulation time 333.000,400,000 s)
2024-06-03 19:50:57,104 INFO  - My position is not better! (at simulation time 333.000,400,000 s)
2024-06-03 19:50:57,104 INFO  - Recieve a message from other vehicle (at simulation time 333.000,900,000 s)
2024-06-03 19:50:57,104 INFO  - My position is not better! (at simulation time 333.000,900,000 s)
2024-06-03 19:50:57,104 INFO  - Recieve a message from other vehicle (at simulation time 333.001,900,000 s)
2024-06-03 19:50:57,104 INFO  - My position is not better! (at simulation time 333.001,900,000 s)
2024-06-03 19:50:57,104 INFO  - Called #onVehicleUpdated (at simulation time 334.000,000,000 s)
2024-06-03 19:50:57,104 INFO  - Sending out AdHoc broadcast (at simulation time 334.000,000,000 s)
2024-06-03 19:50:57,105 INFO  - Recieve a message from other vehicle (at simulation time 334.000,900,000 s)
2024-06-03 19:50:57,105 INFO  - My position is not better! (at simulation time 334.000,900,000 s)
2024-06-03 19:50:57,105 INFO  - Recieve a message from other vehicle (at simulation time 334.001,400,000 s)
2024-06-03 19:50:57,105 INFO  - My position is not better! (at simulation time 334.001,400,000 s)
2024-06-03 19:50:57,105 INFO  - Recieve a message from other vehicle (at simulation time 334.001,400,000 s)
2024-06-03 19:50:57,105 INFO  - My position is not better! (at simulation time 334.001,400,000 s)
2024-06-03 19:50:57,105 INFO  - Recieve a message from other vehicle (at simulation time 334.004,300,000 s)
2024-06-03 19:50:57,105 INFO  - My position is not better! (at simulation time 334.004,300,000 s)
2024-06-03 19:50:57,106 INFO  - Called #onVehicleUpdated (at simulation time 335.000,000,000 s)
2024-06-03 19:50:57,107 INFO  - Recieve a message from other vehicle (at simulation time 335.000,400,000 s)
2024-06-03 19:50:57,107 INFO  - My position is not better! (at simulation time 335.000,400,000 s)
2024-06-03 19:50:57,107 INFO  - Recieve a message from other vehicle (at simulation time 335.000,400,000 s)
2024-06-03 19:50:57,107 INFO  - My position is not better! (at simulation time 335.000,400,000 s)
2024-06-03 19:50:57,107 INFO  - Recieve a message from other vehicle (at simulation time 335.002,400,000 s)
2024-06-03 19:50:57,107 INFO  - My position is not better! (at simulation time 335.002,400,000 s)
2024-06-03 19:50:57,107 INFO  - Recieve a message from other vehicle (at simulation time 335.002,400,000 s)
2024-06-03 19:50:57,107 INFO  - My position is not better! (at simulation time 335.002,400,000 s)
2024-06-03 19:50:57,108 INFO  - Called #onVehicleUpdated (at simulation time 336.000,000,000 s)
2024-06-03 19:50:57,109 INFO  - Sending out AdHoc broadcast (at simulation time 336.000,000,000 s)
2024-06-03 19:50:57,109 INFO  - Recieve a message from other vehicle (at simulation time 336.000,400,000 s)
2024-06-03 19:50:57,109 INFO  - My position is not better! (at simulation time 336.000,400,000 s)
2024-06-03 19:50:57,109 INFO  - Recieve a message from other vehicle (at simulation time 336.000,900,000 s)
2024-06-03 19:50:57,109 INFO  - My position is not better! (at simulation time 336.000,900,000 s)
2024-06-03 19:50:57,110 INFO  - Recieve a message from other vehicle (at simulation time 336.001,400,000 s)
2024-06-03 19:50:57,110 INFO  - My position is not better! (at simulation time 336.001,400,000 s)
2024-06-03 19:50:57,111 INFO  - Recieve a message from other vehicle (at simulation time 336.003,300,000 s)
2024-06-03 19:50:57,111 INFO  - My position is not better! (at simulation time 336.003,300,000 s)
2024-06-03 19:50:57,111 INFO  - Recieve a message from other vehicle (at simulation time 336.003,300,000 s)
2024-06-03 19:50:57,111 INFO  - My position is not better! (at simulation time 336.003,300,000 s)
2024-06-03 19:50:57,111 INFO  - Recieve a message from other vehicle (at simulation time 336.003,300,000 s)
2024-06-03 19:50:57,111 INFO  - My position is not better! (at simulation time 336.003,300,000 s)
2024-06-03 19:50:57,112 INFO  - Called #onVehicleUpdated (at simulation time 337.000,000,000 s)
2024-06-03 19:50:57,112 INFO  - Recieve a message from other vehicle (at simulation time 337.000,400,000 s)
2024-06-03 19:50:57,112 INFO  - My position is not better! (at simulation time 337.000,400,000 s)
2024-06-03 19:50:57,112 INFO  - Recieve a message from other vehicle (at simulation time 337.000,400,000 s)
2024-06-03 19:50:57,112 INFO  - My position is not better! (at simulation time 337.000,400,000 s)
2024-06-03 19:50:57,112 INFO  - Recieve a message from other vehicle (at simulation time 337.000,800,000 s)
2024-06-03 19:50:57,112 INFO  - My position is not better! (at simulation time 337.000,800,000 s)
2024-06-03 19:50:57,112 INFO  - Recieve a message from other vehicle (at simulation time 337.000,900,000 s)
2024-06-03 19:50:57,112 INFO  - My position is not better! (at simulation time 337.000,900,000 s)
2024-06-03 19:50:57,113 INFO  - Recieve a message from other vehicle (at simulation time 337.001,400,000 s)
2024-06-03 19:50:57,113 INFO  - My position is not better! (at simulation time 337.001,400,000 s)
2024-06-03 19:50:57,113 INFO  - Recieve a message from other vehicle (at simulation time 337.001,400,000 s)
2024-06-03 19:50:57,113 INFO  - My position is not better! (at simulation time 337.001,400,000 s)
2024-06-03 19:50:57,113 INFO  - Recieve a message from other vehicle (at simulation time 337.001,900,000 s)
2024-06-03 19:50:57,113 INFO  - My position is not better! (at simulation time 337.001,900,000 s)
2024-06-03 19:50:57,114 INFO  - Recieve a message from other vehicle (at simulation time 337.002,300,000 s)
2024-06-03 19:50:57,114 INFO  - My position is not better! (at simulation time 337.002,300,000 s)
2024-06-03 19:50:57,114 INFO  - Recieve a message from other vehicle (at simulation time 337.002,400,000 s)
2024-06-03 19:50:57,114 INFO  - My position is not better! (at simulation time 337.002,400,000 s)
2024-06-03 19:50:57,114 INFO  - Recieve a message from other vehicle (at simulation time 337.002,800,000 s)
2024-06-03 19:50:57,114 INFO  - My position is not better! (at simulation time 337.002,800,000 s)
2024-06-03 19:50:57,115 INFO  - Recieve a message from other vehicle (at simulation time 337.003,800,000 s)
2024-06-03 19:50:57,115 INFO  - My position is not better! (at simulation time 337.003,800,000 s)
2024-06-03 19:50:57,115 INFO  - Recieve a message from other vehicle (at simulation time 337.004,300,000 s)
2024-06-03 19:50:57,115 INFO  - My position is not better! (at simulation time 337.004,300,000 s)
2024-06-03 19:50:57,115 INFO  - Recieve a message from other vehicle (at simulation time 337.004,300,000 s)
2024-06-03 19:50:57,115 INFO  - My position is not better! (at simulation time 337.004,300,000 s)
2024-06-03 19:50:57,115 INFO  - Recieve a message from other vehicle (at simulation time 337.004,800,000 s)
2024-06-03 19:50:57,115 INFO  - My position is not better! (at simulation time 337.004,800,000 s)
2024-06-03 19:50:57,116 INFO  - Called #onVehicleUpdated (at simulation time 338.000,000,000 s)
2024-06-03 19:50:57,116 INFO  - Sending out AdHoc broadcast (at simulation time 338.000,000,000 s)
2024-06-03 19:50:57,117 INFO  - Recieve a message from other vehicle (at simulation time 338.000,400,000 s)
2024-06-03 19:50:57,117 INFO  - My position is not better! (at simulation time 338.000,400,000 s)
2024-06-03 19:50:57,117 INFO  - Recieve a message from other vehicle (at simulation time 338.000,400,000 s)
2024-06-03 19:50:57,117 INFO  - My position is not better! (at simulation time 338.000,400,000 s)
2024-06-03 19:50:57,117 INFO  - Recieve a message from other vehicle (at simulation time 338.000,900,000 s)
2024-06-03 19:50:57,117 INFO  - My position is not better! (at simulation time 338.000,900,000 s)
2024-06-03 19:50:57,117 INFO  - Recieve a message from other vehicle (at simulation time 338.000,900,000 s)
2024-06-03 19:50:57,117 INFO  - My position is not better! (at simulation time 338.000,900,000 s)
2024-06-03 19:50:57,117 INFO  - Recieve a message from other vehicle (at simulation time 338.000,900,000 s)
2024-06-03 19:50:57,117 INFO  - My position is not better! (at simulation time 338.000,900,000 s)
2024-06-03 19:50:57,117 INFO  - Recieve a message from other vehicle (at simulation time 338.000,900,000 s)
2024-06-03 19:50:57,117 INFO  - My position is not better! (at simulation time 338.000,900,000 s)
2024-06-03 19:50:57,118 INFO  - Recieve a message from other vehicle (at simulation time 338.001,400,000 s)
2024-06-03 19:50:57,118 INFO  - My position is not better! (at simulation time 338.001,400,000 s)
2024-06-03 19:50:57,118 INFO  - Recieve a message from other vehicle (at simulation time 338.001,400,000 s)
2024-06-03 19:50:57,118 INFO  - My position is not better! (at simulation time 338.001,400,000 s)
2024-06-03 19:50:57,118 INFO  - Recieve a message from other vehicle (at simulation time 338.002,300,000 s)
2024-06-03 19:50:57,118 INFO  - My position is not better! (at simulation time 338.002,300,000 s)
2024-06-03 19:50:57,118 INFO  - Recieve a message from other vehicle (at simulation time 338.002,300,000 s)
2024-06-03 19:50:57,118 INFO  - My position is not better! (at simulation time 338.002,300,000 s)
2024-06-03 19:50:57,118 INFO  - Recieve a message from other vehicle (at simulation time 338.002,400,000 s)
2024-06-03 19:50:57,118 INFO  - My position is not better! (at simulation time 338.002,400,000 s)
2024-06-03 19:50:57,118 INFO  - Recieve a message from other vehicle (at simulation time 338.002,800,000 s)
2024-06-03 19:50:57,118 INFO  - My position is not better! (at simulation time 338.002,800,000 s)
2024-06-03 19:50:57,118 INFO  - Recieve a message from other vehicle (at simulation time 338.002,800,000 s)
2024-06-03 19:50:57,118 INFO  - My position is not better! (at simulation time 338.002,800,000 s)
2024-06-03 19:50:57,118 INFO  - Recieve a message from other vehicle (at simulation time 338.003,800,000 s)
2024-06-03 19:50:57,118 INFO  - My position is not better! (at simulation time 338.003,800,000 s)
2024-06-03 19:50:57,118 INFO  - Recieve a message from other vehicle (at simulation time 338.003,800,000 s)
2024-06-03 19:50:57,118 INFO  - My position is not better! (at simulation time 338.003,800,000 s)
2024-06-03 19:50:57,118 INFO  - Recieve a message from other vehicle (at simulation time 338.003,800,000 s)
2024-06-03 19:50:57,118 INFO  - My position is not better! (at simulation time 338.003,800,000 s)
2024-06-03 19:50:57,118 INFO  - Recieve a message from other vehicle (at simulation time 338.004,300,000 s)
2024-06-03 19:50:57,118 INFO  - My position is not better! (at simulation time 338.004,300,000 s)
2024-06-03 19:50:57,119 INFO  - Called #onVehicleUpdated (at simulation time 339.000,000,000 s)
2024-06-03 19:50:57,120 INFO  - Recieve a message from other vehicle (at simulation time 339.000,400,000 s)
2024-06-03 19:50:57,120 INFO  - My position is not better! (at simulation time 339.000,400,000 s)
2024-06-03 19:50:57,120 INFO  - Recieve a message from other vehicle (at simulation time 339.000,800,000 s)
2024-06-03 19:50:57,120 INFO  - My position is not better! (at simulation time 339.000,800,000 s)
2024-06-03 19:50:57,120 INFO  - Recieve a message from other vehicle (at simulation time 339.000,900,000 s)
2024-06-03 19:50:57,120 INFO  - DENM message Recived from veh_55 -info : seco (at simulation time 339.000,900,000 s)
2024-06-03 19:50:57,120 INFO  - No more hops in DENM message (at simulation time 339.000,900,000 s)
2024-06-03 19:50:57,120 INFO  - Recieve a message from other vehicle (at simulation time 339.000,900,000 s)
2024-06-03 19:50:57,120 INFO  - My position is not better! (at simulation time 339.000,900,000 s)
2024-06-03 19:50:57,120 INFO  - Recieve a message from other vehicle (at simulation time 339.000,900,000 s)
2024-06-03 19:50:57,120 INFO  - Recending a message from other vehicle (at simulation time 339.000,900,000 s)
2024-06-03 19:50:57,121 INFO  - Recieve a message from other vehicle (at simulation time 339.000,900,000 s)
2024-06-03 19:50:57,121 INFO  - My position is not better! (at simulation time 339.000,900,000 s)
2024-06-03 19:50:57,121 INFO  - Recieve a message from other vehicle (at simulation time 339.001,300,000 s)
2024-06-03 19:50:57,121 INFO  - DENM message Recived from veh_59 -info : seco (at simulation time 339.001,300,000 s)
2024-06-03 19:50:57,121 INFO  - No more hops in DENM message (at simulation time 339.001,300,000 s)
2024-06-03 19:50:57,121 INFO  - Recieve a message from other vehicle (at simulation time 339.001,300,000 s)
2024-06-03 19:50:57,121 INFO  - DENM message Recived from veh_57 -info : seco (at simulation time 339.001,300,000 s)
2024-06-03 19:50:57,121 INFO  - No more hops in DENM message (at simulation time 339.001,300,000 s)
2024-06-03 19:50:57,121 INFO  - Recieve a message from other vehicle (at simulation time 339.001,400,000 s)
2024-06-03 19:50:57,121 INFO  - DENM message Recived from veh_54 -info : seco (at simulation time 339.001,400,000 s)
2024-06-03 19:50:57,121 INFO  - Recending a DENM message from other vehicle (at simulation time 339.001,400,000 s)
2024-06-03 19:50:57,121 INFO  - Recieve a message from other vehicle (at simulation time 339.001,400,000 s)
2024-06-03 19:50:57,121 INFO  - DENM message Recived from veh_57 -info : seco (at simulation time 339.001,400,000 s)
2024-06-03 19:50:57,121 INFO  - No more hops in DENM message (at simulation time 339.001,400,000 s)
2024-06-03 19:50:57,121 INFO  - Recieve a message from other vehicle (at simulation time 339.001,400,000 s)
2024-06-03 19:50:57,121 INFO  - My position is not better! (at simulation time 339.001,400,000 s)
2024-06-03 19:50:57,121 INFO  - Recieve a message from other vehicle (at simulation time 339.001,400,000 s)
2024-06-03 19:50:57,121 INFO  - My position is not better! (at simulation time 339.001,400,000 s)
2024-06-03 19:50:57,121 INFO  - Recieve a message from other vehicle (at simulation time 339.001,400,000 s)
2024-06-03 19:50:57,121 INFO  - My position is not better! (at simulation time 339.001,400,000 s)
2024-06-03 19:50:57,121 INFO  - Recieve a message from other vehicle (at simulation time 339.001,400,000 s)
2024-06-03 19:50:57,121 INFO  - My position is not better! (at simulation time 339.001,400,000 s)
2024-06-03 19:50:57,121 INFO  - Recieve a message from other vehicle (at simulation time 339.001,400,000 s)
2024-06-03 19:50:57,121 INFO  - My position is not better! (at simulation time 339.001,400,000 s)
2024-06-03 19:50:57,121 INFO  - Recieve a message from other vehicle (at simulation time 339.001,900,000 s)
2024-06-03 19:50:57,121 INFO  - DENM message Recived from veh_59 -info : seco (at simulation time 339.001,900,000 s)
2024-06-03 19:50:57,121 INFO  - No more hops in DENM message (at simulation time 339.001,900,000 s)
2024-06-03 19:50:57,122 INFO  - Recieve a message from other vehicle (at simulation time 339.001,900,000 s)
2024-06-03 19:50:57,122 INFO  - My position is not better! (at simulation time 339.001,900,000 s)
2024-06-03 19:50:57,122 INFO  - Recieve a message from other vehicle (at simulation time 339.001,900,000 s)
2024-06-03 19:50:57,122 INFO  - My position is not better! (at simulation time 339.001,900,000 s)
2024-06-03 19:50:57,122 INFO  - Recieve a message from other vehicle (at simulation time 339.001,900,000 s)
2024-06-03 19:50:57,122 INFO  - My position is not better! (at simulation time 339.001,900,000 s)
2024-06-03 19:50:57,122 INFO  - Recieve a message from other vehicle (at simulation time 339.002,300,000 s)
2024-06-03 19:50:57,122 INFO  - DENM message Recived from veh_55 -info : seco (at simulation time 339.002,300,000 s)
2024-06-03 19:50:57,122 INFO  - No more hops in DENM message (at simulation time 339.002,300,000 s)
2024-06-03 19:50:57,122 INFO  - Recieve a message from other vehicle (at simulation time 339.002,300,000 s)
2024-06-03 19:50:57,122 INFO  - My position is not better! (at simulation time 339.002,300,000 s)
2024-06-03 19:50:57,122 INFO  - Recieve a message from other vehicle (at simulation time 339.002,400,000 s)
2024-06-03 19:50:57,122 INFO  - My position is not better! (at simulation time 339.002,400,000 s)
2024-06-03 19:50:57,122 INFO  - Recieve a message from other vehicle (at simulation time 339.002,800,000 s)
2024-06-03 19:50:57,122 INFO  - My position is not better! (at simulation time 339.002,800,000 s)
2024-06-03 19:50:57,122 INFO  - Recieve a message from other vehicle (at simulation time 339.003,800,000 s)
2024-06-03 19:50:57,122 INFO  - My position is not better! (at simulation time 339.003,800,000 s)
2024-06-03 19:50:57,122 INFO  - Recieve a message from other vehicle (at simulation time 339.004,300,000 s)
2024-06-03 19:50:57,122 INFO  - My position is not better! (at simulation time 339.004,300,000 s)
2024-06-03 19:50:57,124 INFO  - Called #onVehicleUpdated (at simulation time 340.000,000,000 s)
2024-06-03 19:50:57,124 INFO  - Sending out DENM broadcast (at simulation time 340.000,000,000 s)
2024-06-03 19:50:57,124 INFO  - Sending out AdHoc broadcast (at simulation time 340.000,000,000 s)
2024-06-03 19:50:57,125 INFO  - Recieve a message from other vehicle (at simulation time 340.000,400,000 s)
2024-06-03 19:50:57,125 INFO  - My position is not better! (at simulation time 340.000,400,000 s)
2024-06-03 19:50:57,126 INFO  - Recieve a message from other vehicle (at simulation time 340.000,800,000 s)
2024-06-03 19:50:57,126 INFO  - DENM message Recived from veh_56 -info : seco (at simulation time 340.000,800,000 s)
2024-06-03 19:50:57,126 INFO  - No more hops in DENM message (at simulation time 340.000,800,000 s)
2024-06-03 19:50:57,126 INFO  - Recieve a message from other vehicle (at simulation time 340.000,800,000 s)
2024-06-03 19:50:57,126 INFO  - I'm in better position but no more hops in message (at simulation time 340.000,800,000 s)
2024-06-03 19:50:57,126 INFO  - Recieve a message from other vehicle (at simulation time 340.000,900,000 s)
2024-06-03 19:50:57,126 INFO  - Recending a message from other vehicle (at simulation time 340.000,900,000 s)
2024-06-03 19:50:57,127 INFO  - Recieve a message from other vehicle (at simulation time 340.001,400,000 s)
2024-06-03 19:50:57,127 INFO  - I'm in better position but no more hops in message (at simulation time 340.001,400,000 s)
2024-06-03 19:50:57,127 INFO  - Recieve a message from other vehicle (at simulation time 340.001,400,000 s)
2024-06-03 19:50:57,127 INFO  - I'm in better position but no more hops in message (at simulation time 340.001,400,000 s)
2024-06-03 19:50:57,127 INFO  - Recieve a message from other vehicle (at simulation time 340.001,800,000 s)
2024-06-03 19:50:57,127 INFO  - I'm in better position but no more hops in message (at simulation time 340.001,800,000 s)
2024-06-03 19:50:57,127 INFO  - Recieve a message from other vehicle (at simulation time 340.001,900,000 s)
2024-06-03 19:50:57,127 INFO  - DENM message Recived from veh_56 -info : seco (at simulation time 340.001,900,000 s)
2024-06-03 19:50:57,127 INFO  - No more hops in DENM message (at simulation time 340.001,900,000 s)
2024-06-03 19:50:57,127 INFO  - Recieve a message from other vehicle (at simulation time 340.001,900,000 s)
2024-06-03 19:50:57,127 INFO  - I'm in better position but no more hops in message (at simulation time 340.001,900,000 s)
2024-06-03 19:50:57,127 INFO  - Recieve a message from other vehicle (at simulation time 340.001,900,000 s)
2024-06-03 19:50:57,127 INFO  - I'm in better position but no more hops in message (at simulation time 340.001,900,000 s)
2024-06-03 19:50:57,127 INFO  - Recieve a message from other vehicle (at simulation time 340.001,900,000 s)
2024-06-03 19:50:57,127 INFO  - I'm in better position but no more hops in message (at simulation time 340.001,900,000 s)
2024-06-03 19:50:57,127 INFO  - Recieve a message from other vehicle (at simulation time 340.001,900,000 s)
2024-06-03 19:50:57,127 INFO  - I'm in better position but no more hops in message (at simulation time 340.001,900,000 s)
2024-06-03 19:50:57,127 INFO  - Recieve a message from other vehicle (at simulation time 340.002,300,000 s)
2024-06-03 19:50:57,127 INFO  - I'm in better position but no more hops in message (at simulation time 340.002,300,000 s)
2024-06-03 19:50:57,127 INFO  - Recieve a message from other vehicle (at simulation time 340.002,300,000 s)
2024-06-03 19:50:57,127 INFO  - I'm in better position but no more hops in message (at simulation time 340.002,300,000 s)
2024-06-03 19:50:57,127 INFO  - Recieve a message from other vehicle (at simulation time 340.002,300,000 s)
2024-06-03 19:50:57,127 INFO  - My position is not better! (at simulation time 340.002,300,000 s)
2024-06-03 19:50:57,128 INFO  - Recieve a message from other vehicle (at simulation time 340.002,400,000 s)
2024-06-03 19:50:57,128 INFO  - I'm in better position but no more hops in message (at simulation time 340.002,400,000 s)
2024-06-03 19:50:57,128 INFO  - Recieve a message from other vehicle (at simulation time 340.002,400,000 s)
2024-06-03 19:50:57,128 INFO  - I'm in better position but no more hops in message (at simulation time 340.002,400,000 s)
2024-06-03 19:50:57,128 INFO  - Recieve a message from other vehicle (at simulation time 340.002,800,000 s)
2024-06-03 19:50:57,128 INFO  - DENM message Recived from veh_58 -info : piso-molhado (at simulation time 340.002,800,000 s)
2024-06-03 19:50:57,128 INFO  - I slow down due to road state (at simulation time 340.002,800,000 s)
2024-06-03 19:50:57,128 INFO  - No more hops in DENM message (at simulation time 340.002,800,000 s)
2024-06-03 19:50:57,129 INFO  - Recieve a message from other vehicle (at simulation time 340.004,300,000 s)
2024-06-03 19:50:57,129 INFO  - I'm in better position but no more hops in message (at simulation time 340.004,300,000 s)
2024-06-03 19:50:57,130 INFO  - Called #onVehicleUpdated (at simulation time 341.000,000,000 s)
2024-06-03 19:50:57,131 INFO  - Recieve a message from other vehicle (at simulation time 341.000,400,000 s)
2024-06-03 19:50:57,131 INFO  - Recending a message from other vehicle (at simulation time 341.000,400,000 s)
2024-06-03 19:50:57,131 INFO  - Recieve a message from other vehicle (at simulation time 341.000,400,000 s)
2024-06-03 19:50:57,131 INFO  - I'm in better position but no more hops in message (at simulation time 341.000,400,000 s)
2024-06-03 19:50:57,131 INFO  - Recieve a message from other vehicle (at simulation time 341.000,400,000 s)
2024-06-03 19:50:57,131 INFO  - Recending a message from other vehicle (at simulation time 341.000,400,000 s)
2024-06-03 19:50:57,132 INFO  - Recieve a message from other vehicle (at simulation time 341.000,400,000 s)
2024-06-03 19:50:57,132 INFO  - Recending a message from other vehicle (at simulation time 341.000,400,000 s)
2024-06-03 19:50:57,132 INFO  - Recieve a message from other vehicle (at simulation time 341.000,800,000 s)
2024-06-03 19:50:57,132 INFO  - I'm in better position but no more hops in message (at simulation time 341.000,800,000 s)
2024-06-03 19:50:57,132 INFO  - Recieve a message from other vehicle (at simulation time 341.000,900,000 s)
2024-06-03 19:50:57,132 INFO  - Recending a message from other vehicle (at simulation time 341.000,900,000 s)
2024-06-03 19:50:57,132 INFO  - Recieve a message from other vehicle (at simulation time 341.000,900,000 s)
2024-06-03 19:50:57,132 INFO  - I'm in better position but no more hops in message (at simulation time 341.000,900,000 s)
2024-06-03 19:50:57,132 INFO  - Recieve a message from other vehicle (at simulation time 341.001,300,000 s)
2024-06-03 19:50:57,132 INFO  - I'm in better position but no more hops in message (at simulation time 341.001,300,000 s)
2024-06-03 19:50:57,132 INFO  - Recieve a message from other vehicle (at simulation time 341.001,400,000 s)
2024-06-03 19:50:57,132 INFO  - I'm in better position but no more hops in message (at simulation time 341.001,400,000 s)
2024-06-03 19:50:57,132 INFO  - Recieve a message from other vehicle (at simulation time 341.001,400,000 s)
2024-06-03 19:50:57,132 INFO  - I'm in better position but no more hops in message (at simulation time 341.001,400,000 s)
2024-06-03 19:50:57,132 INFO  - Recieve a message from other vehicle (at simulation time 341.001,900,000 s)
2024-06-03 19:50:57,132 INFO  - I'm in better position but no more hops in message (at simulation time 341.001,900,000 s)
2024-06-03 19:50:57,132 INFO  - Recieve a message from other vehicle (at simulation time 341.001,900,000 s)
2024-06-03 19:50:57,132 INFO  - I'm in better position but no more hops in message (at simulation time 341.001,900,000 s)
2024-06-03 19:50:57,132 INFO  - Recieve a message from other vehicle (at simulation time 341.001,900,000 s)
2024-06-03 19:50:57,133 INFO  - Recending a message from other vehicle (at simulation time 341.001,900,000 s)
2024-06-03 19:50:57,133 INFO  - Recieve a message from other vehicle (at simulation time 341.002,300,000 s)
2024-06-03 19:50:57,133 INFO  - I'm in better position but no more hops in message (at simulation time 341.002,300,000 s)
2024-06-03 19:50:57,133 INFO  - Recieve a message from other vehicle (at simulation time 341.002,400,000 s)
2024-06-03 19:50:57,133 INFO  - My position is not better! (at simulation time 341.002,400,000 s)
2024-06-03 19:50:57,133 INFO  - Recieve a message from other vehicle (at simulation time 341.002,400,000 s)
2024-06-03 19:50:57,133 INFO  - I'm in better position but no more hops in message (at simulation time 341.002,400,000 s)
2024-06-03 19:50:57,134 INFO  - Called #onVehicleUpdated (at simulation time 342.000,000,000 s)
2024-06-03 19:50:57,134 INFO  - Sending out AdHoc broadcast (at simulation time 342.000,000,000 s)
2024-06-03 19:50:57,135 INFO  - Recieve a message from other vehicle (at simulation time 342.000,400,000 s)
2024-06-03 19:50:57,135 INFO  - Recending a message from other vehicle (at simulation time 342.000,400,000 s)
2024-06-03 19:50:57,135 INFO  - Recieve a message from other vehicle (at simulation time 342.000,400,000 s)
2024-06-03 19:50:57,135 INFO  - I'm in better position but no more hops in message (at simulation time 342.000,400,000 s)
2024-06-03 19:50:57,135 INFO  - Recieve a message from other vehicle (at simulation time 342.000,400,000 s)
2024-06-03 19:50:57,135 INFO  - Recending a message from other vehicle (at simulation time 342.000,400,000 s)
2024-06-03 19:50:57,135 INFO  - Recieve a message from other vehicle (at simulation time 342.001,300,000 s)
2024-06-03 19:50:57,135 INFO  - I'm in better position but no more hops in message (at simulation time 342.001,300,000 s)
2024-06-03 19:50:57,135 INFO  - Recieve a message from other vehicle (at simulation time 342.001,400,000 s)
2024-06-03 19:50:57,135 INFO  - I'm in better position but no more hops in message (at simulation time 342.001,400,000 s)
2024-06-03 19:50:57,135 INFO  - Recieve a message from other vehicle (at simulation time 342.001,800,000 s)
2024-06-03 19:50:57,135 INFO  - I'm in better position but no more hops in message (at simulation time 342.001,800,000 s)
2024-06-03 19:50:57,135 INFO  - Recieve a message from other vehicle (at simulation time 342.001,900,000 s)
2024-06-03 19:50:57,135 INFO  - I'm in better position but no more hops in message (at simulation time 342.001,900,000 s)
2024-06-03 19:50:57,135 INFO  - Recieve a message from other vehicle (at simulation time 342.001,900,000 s)
2024-06-03 19:50:57,135 INFO  - I'm in better position but no more hops in message (at simulation time 342.001,900,000 s)
2024-06-03 19:50:57,135 INFO  - Recieve a message from other vehicle (at simulation time 342.001,900,000 s)
2024-06-03 19:50:57,135 INFO  - Recending a message from other vehicle (at simulation time 342.001,900,000 s)
2024-06-03 19:50:57,136 INFO  - Recieve a message from other vehicle (at simulation time 342.002,300,000 s)
2024-06-03 19:50:57,136 INFO  - I'm in better position but no more hops in message (at simulation time 342.002,300,000 s)
2024-06-03 19:50:57,136 INFO  - Recieve a message from other vehicle (at simulation time 342.002,400,000 s)
2024-06-03 19:50:57,136 INFO  - I'm in better position but no more hops in message (at simulation time 342.002,400,000 s)
2024-06-03 19:50:57,136 INFO  - Recieve a message from other vehicle (at simulation time 342.002,400,000 s)
2024-06-03 19:50:57,136 INFO  - I'm in better position but no more hops in message (at simulation time 342.002,400,000 s)
2024-06-03 19:50:57,136 INFO  - Recieve a message from other vehicle (at simulation time 342.002,400,000 s)
2024-06-03 19:50:57,136 INFO  - I'm in better position but no more hops in message (at simulation time 342.002,400,000 s)
2024-06-03 19:50:57,136 INFO  - Recieve a message from other vehicle (at simulation time 342.003,300,000 s)
2024-06-03 19:50:57,136 INFO  - I'm in better position but no more hops in message (at simulation time 342.003,300,000 s)
2024-06-03 19:50:57,137 INFO  - Called #onVehicleUpdated (at simulation time 343.000,000,000 s)
2024-06-03 19:50:57,138 INFO  - Recieve a message from other vehicle (at simulation time 343.001,300,000 s)
2024-06-03 19:50:57,138 INFO  - I'm in better position but no more hops in message (at simulation time 343.001,300,000 s)
2024-06-03 19:50:57,138 INFO  - Recieve a message from other vehicle (at simulation time 343.001,300,000 s)
2024-06-03 19:50:57,138 INFO  - I'm in better position but no more hops in message (at simulation time 343.001,300,000 s)
2024-06-03 19:50:57,138 INFO  - Recieve a message from other vehicle (at simulation time 343.001,400,000 s)
2024-06-03 19:50:57,138 INFO  - I'm in better position but no more hops in message (at simulation time 343.001,400,000 s)
2024-06-03 19:50:57,138 INFO  - Recieve a message from other vehicle (at simulation time 343.001,900,000 s)
2024-06-03 19:50:57,138 INFO  - Recending a message from other vehicle (at simulation time 343.001,900,000 s)
2024-06-03 19:50:57,138 INFO  - Recieve a message from other vehicle (at simulation time 343.001,900,000 s)
2024-06-03 19:50:57,138 INFO  - I'm in better position but no more hops in message (at simulation time 343.001,900,000 s)
2024-06-03 19:50:57,138 INFO  - Recieve a message from other vehicle (at simulation time 343.001,900,000 s)
2024-06-03 19:50:57,138 INFO  - I'm in better position but no more hops in message (at simulation time 343.001,900,000 s)
2024-06-03 19:50:57,138 INFO  - Recieve a message from other vehicle (at simulation time 343.002,400,000 s)
2024-06-03 19:50:57,138 INFO  - I'm in better position but no more hops in message (at simulation time 343.002,400,000 s)
2024-06-03 19:50:57,138 INFO  - Recieve a message from other vehicle (at simulation time 343.002,800,000 s)
2024-06-03 19:50:57,138 INFO  - I'm in better position but no more hops in message (at simulation time 343.002,800,000 s)
2024-06-03 19:50:57,138 INFO  - Recieve a message from other vehicle (at simulation time 343.003,800,000 s)
2024-06-03 19:50:57,138 INFO  - I'm in better position but no more hops in message (at simulation time 343.003,800,000 s)
2024-06-03 19:50:57,139 INFO  - Called #onVehicleUpdated (at simulation time 344.000,000,000 s)
2024-06-03 19:50:57,139 INFO  - Sending out AdHoc broadcast (at simulation time 344.000,000,000 s)
2024-06-03 19:50:57,139 INFO  - Recieve a message from other vehicle (at simulation time 344.000,400,000 s)
2024-06-03 19:50:57,139 INFO  - I'm in better position but no more hops in message (at simulation time 344.000,400,000 s)
2024-06-03 19:50:57,139 INFO  - Recieve a message from other vehicle (at simulation time 344.000,900,000 s)
2024-06-03 19:50:57,139 INFO  - Recending a message from other vehicle (at simulation time 344.000,900,000 s)
2024-06-03 19:50:57,139 INFO  - Recieve a message from other vehicle (at simulation time 344.001,900,000 s)
2024-06-03 19:50:57,139 INFO  - I'm in better position but no more hops in message (at simulation time 344.001,900,000 s)
2024-06-03 19:50:57,139 INFO  - Recieve a message from other vehicle (at simulation time 344.001,900,000 s)
2024-06-03 19:50:57,139 INFO  - I'm in better position but no more hops in message (at simulation time 344.001,900,000 s)
2024-06-03 19:50:57,140 INFO  - Recieve a message from other vehicle (at simulation time 344.002,300,000 s)
2024-06-03 19:50:57,140 INFO  - I'm in better position but no more hops in message (at simulation time 344.002,300,000 s)
2024-06-03 19:50:57,140 INFO  - Recieve a message from other vehicle (at simulation time 344.003,300,000 s)
2024-06-03 19:50:57,140 INFO  - I'm in better position but no more hops in message (at simulation time 344.003,300,000 s)
2024-06-03 19:50:57,140 INFO  - Recieve a message from other vehicle (at simulation time 344.003,800,000 s)
2024-06-03 19:50:57,140 INFO  - I'm in better position but no more hops in message (at simulation time 344.003,800,000 s)
2024-06-03 19:50:57,141 INFO  - Called #onVehicleUpdated (at simulation time 345.000,000,000 s)
2024-06-03 19:50:57,143 INFO  - Recieve a message from other vehicle (at simulation time 345.000,900,000 s)
2024-06-03 19:50:57,143 INFO  - My position is not better! (at simulation time 345.000,900,000 s)
2024-06-03 19:50:57,143 INFO  - Recieve a message from other vehicle (at simulation time 345.000,900,000 s)
2024-06-03 19:50:57,143 INFO  - My position is not better! (at simulation time 345.000,900,000 s)
2024-06-03 19:50:57,143 INFO  - Recieve a message from other vehicle (at simulation time 345.002,400,000 s)
2024-06-03 19:50:57,143 INFO  - I'm in better position but no more hops in message (at simulation time 345.002,400,000 s)
2024-06-03 19:50:57,143 INFO  - Recieve a message from other vehicle (at simulation time 345.002,400,000 s)
2024-06-03 19:50:57,143 INFO  - My position is not better! (at simulation time 345.002,400,000 s)
2024-06-03 19:50:57,143 INFO  - Recieve a message from other vehicle (at simulation time 345.002,400,000 s)
2024-06-03 19:50:57,143 INFO  - My position is not better! (at simulation time 345.002,400,000 s)
2024-06-03 19:50:57,143 INFO  - Recieve a message from other vehicle (at simulation time 345.003,800,000 s)
2024-06-03 19:50:57,143 INFO  - I'm in better position but no more hops in message (at simulation time 345.003,800,000 s)
2024-06-03 19:50:57,144 INFO  - Called #onVehicleUpdated (at simulation time 346.000,000,000 s)
2024-06-03 19:50:57,145 INFO  - Sending out AdHoc broadcast (at simulation time 346.000,000,000 s)
2024-06-03 19:50:57,145 INFO  - Recieve a message from other vehicle (at simulation time 346.000,400,000 s)
2024-06-03 19:50:57,145 INFO  - My position is not better! (at simulation time 346.000,400,000 s)
2024-06-03 19:50:57,145 INFO  - Recieve a message from other vehicle (at simulation time 346.000,900,000 s)
2024-06-03 19:50:57,145 INFO  - My position is not better! (at simulation time 346.000,900,000 s)
2024-06-03 19:50:57,145 INFO  - Recieve a message from other vehicle (at simulation time 346.000,900,000 s)
2024-06-03 19:50:57,145 INFO  - I'm in better position but no more hops in message (at simulation time 346.000,900,000 s)
2024-06-03 19:50:57,145 INFO  - Recieve a message from other vehicle (at simulation time 346.001,800,000 s)
2024-06-03 19:50:57,145 INFO  - I'm in better position but no more hops in message (at simulation time 346.001,800,000 s)
2024-06-03 19:50:57,145 INFO  - Recieve a message from other vehicle (at simulation time 346.001,800,000 s)
2024-06-03 19:50:57,145 INFO  - My position is not better! (at simulation time 346.001,800,000 s)
2024-06-03 19:50:57,145 INFO  - Recieve a message from other vehicle (at simulation time 346.002,400,000 s)
2024-06-03 19:50:57,145 INFO  - My position is not better! (at simulation time 346.002,400,000 s)
2024-06-03 19:50:57,146 INFO  - Called #onVehicleUpdated (at simulation time 347.000,000,000 s)
2024-06-03 19:50:57,147 INFO  - Recieve a message from other vehicle (at simulation time 347.000,900,000 s)
2024-06-03 19:50:57,147 INFO  - My position is not better! (at simulation time 347.000,900,000 s)
2024-06-03 19:50:57,147 INFO  - Recieve a message from other vehicle (at simulation time 347.001,300,000 s)
2024-06-03 19:50:57,147 INFO  - My position is not better! (at simulation time 347.001,300,000 s)
2024-06-03 19:50:57,147 INFO  - Recieve a message from other vehicle (at simulation time 347.001,800,000 s)
2024-06-03 19:50:57,147 INFO  - I'm in better position but no more hops in message (at simulation time 347.001,800,000 s)
2024-06-03 19:50:57,147 INFO  - Recieve a message from other vehicle (at simulation time 347.001,900,000 s)
2024-06-03 19:50:57,147 INFO  - My position is not better! (at simulation time 347.001,900,000 s)
2024-06-03 19:50:57,147 INFO  - Recieve a message from other vehicle (at simulation time 347.002,400,000 s)
2024-06-03 19:50:57,147 INFO  - My position is not better! (at simulation time 347.002,400,000 s)
2024-06-03 19:50:57,147 INFO  - Recieve a message from other vehicle (at simulation time 347.002,400,000 s)
2024-06-03 19:50:57,147 INFO  - My position is not better! (at simulation time 347.002,400,000 s)
2024-06-03 19:50:57,147 INFO  - Recieve a message from other vehicle (at simulation time 347.003,300,000 s)
2024-06-03 19:50:57,147 INFO  - My position is not better! (at simulation time 347.003,300,000 s)
2024-06-03 19:50:57,147 INFO  - Recieve a message from other vehicle (at simulation time 347.003,300,000 s)
2024-06-03 19:50:57,147 INFO  - My position is not better! (at simulation time 347.003,300,000 s)
2024-06-03 19:50:57,149 INFO  - Called #onVehicleUpdated (at simulation time 348.000,000,000 s)
2024-06-03 19:50:57,149 INFO  - Sending out AdHoc broadcast (at simulation time 348.000,000,000 s)
2024-06-03 19:50:57,149 INFO  - Recieve a message from other vehicle (at simulation time 348.000,400,000 s)
2024-06-03 19:50:57,149 INFO  - My position is not better! (at simulation time 348.000,400,000 s)
2024-06-03 19:50:57,149 INFO  - Recieve a message from other vehicle (at simulation time 348.000,400,000 s)
2024-06-03 19:50:57,149 INFO  - My position is not better! (at simulation time 348.000,400,000 s)
2024-06-03 19:50:57,150 INFO  - Recieve a message from other vehicle (at simulation time 348.001,900,000 s)
2024-06-03 19:50:57,150 INFO  - My position is not better! (at simulation time 348.001,900,000 s)
2024-06-03 19:50:57,150 INFO  - Recieve a message from other vehicle (at simulation time 348.002,300,000 s)
2024-06-03 19:50:57,150 INFO  - My position is not better! (at simulation time 348.002,300,000 s)
2024-06-03 19:50:57,150 INFO  - Recieve a message from other vehicle (at simulation time 348.003,300,000 s)
2024-06-03 19:50:57,150 INFO  - I'm in better position but no more hops in message (at simulation time 348.003,300,000 s)
2024-06-03 19:50:57,151 INFO  - Called #onVehicleUpdated (at simulation time 349.000,000,000 s)
2024-06-03 19:50:57,153 INFO  - Called #onVehicleUpdated (at simulation time 350.000,000,000 s)
2024-06-03 19:50:57,153 INFO  - Sending out AdHoc broadcast (at simulation time 350.000,000,000 s)
2024-06-03 19:50:57,154 INFO  - Called #onVehicleUpdated (at simulation time 351.000,000,000 s)
2024-06-03 19:50:57,155 INFO  - Called #onVehicleUpdated (at simulation time 352.000,000,000 s)
2024-06-03 19:50:57,155 INFO  - Sending out AdHoc broadcast (at simulation time 352.000,000,000 s)
2024-06-03 19:50:57,156 INFO  - Called #onVehicleUpdated (at simulation time 353.000,000,000 s)
2024-06-03 19:50:57,156 INFO  - Exced velocity! Sending new CAM (at simulation time 353.000,000,000 s)
2024-06-03 19:50:57,156 INFO  - Sending out AdHoc broadcast (at simulation time 353.000,000,000 s)
2024-06-03 19:50:57,157 INFO  - Called #onVehicleUpdated (at simulation time 354.000,000,000 s)
2024-06-03 19:50:57,157 INFO  - Exced velocity! Sending new CAM (at simulation time 354.000,000,000 s)
2024-06-03 19:50:57,157 INFO  - Sending out AdHoc broadcast (at simulation time 354.000,000,000 s)
2024-06-03 19:50:57,157 INFO  - Sending out AdHoc broadcast (at simulation time 354.000,000,000 s)
2024-06-03 19:50:57,159 INFO  - Shutdown (at simulation time 355.000,000,000 s)
