2024-06-03 18:22:36,449 INFO  ROOT - Running Eclipse MOSAIC 23.1 on Java JRE v11.0.22 (Ubuntu)
2024-06-03 18:22:36,583 INFO  MosaicStarter - Federate sumo: No port given. Using free port: 33293
2024-06-03 18:22:36,610 INFO  FederationManagement - Start federation with id 'npr'
2024-06-03 18:22:36,611 INFO  FederationManagement - Add ambassador/federate with id 'application'
2024-06-03 18:22:36,612 INFO  FederationManagement - Add ambassador/federate with id 'mapping'
2024-06-03 18:22:36,612 INFO  FederationManagement - Add ambassador/federate with id 'sns'
2024-06-03 18:22:36,613 INFO  FederationManagement - Add ambassador/federate with id 'sumo'
2024-06-03 18:22:36,613 INFO  FederationManagement - Deploying federate 'sumo' locally in ./tmp/sumo
2024-06-03 18:22:36,616 INFO  FederationManagement - Starting federate 'sumo' locally in ./tmp/sumo
2024-06-03 18:22:36,617 INFO  FederationManagement - Add ambassador/federate with id 'output'
2024-06-03 18:22:36,617 INFO  OutputAmbassador - Initialize configuration of OutputAmbassador
2024-06-03 18:22:36,648 WARN  FileOutputLoader - decimalSeparator is required to be one character, defaulting to '.' as decimal separator.
2024-06-03 18:22:36,987 INFO  OutputAmbassador - Registered output generator 'websocket' for messages [RsuRegistration, VehicleRegistration, VehicleUpdates, V2xMessageReception, V2xMessageTransmission]. Update interval=1
2024-06-03 18:22:36,988 INFO  OutputAmbassador - Registered output generator 'fileoutput' for messages [VehicleRegistration, VehicleUpdates]. Update interval=5
2024-06-03 18:22:36,996 ERROR WebsocketVisualizerServer - WebsocketError
java.net.BindException: Address already in use
	at java.base/sun.nio.ch.Net.bind0(Native Method)
	at java.base/sun.nio.ch.Net.bind(Net.java:459)
	at java.base/sun.nio.ch.Net.bind(Net.java:448)
	at java.base/sun.nio.ch.ServerSocketChannelImpl.bind(ServerSocketChannelImpl.java:227)
	at java.base/sun.nio.ch.ServerSocketAdaptor.bind(ServerSocketAdaptor.java:80)
	at java.base/sun.nio.ch.ServerSocketAdaptor.bind(ServerSocketAdaptor.java:73)
	at org.java_websocket.server.WebSocketServer.run(WebSocketServer.java:330)
	at java.base/java.lang.Thread.run(Thread.java:829)
2024-06-03 18:22:47,857 INFO  SequentialTimeManagement - Simulation ended after 23s of 1000s (2%)
2024-06-03 18:22:47,858 INFO  SequentialTimeManagement - Started: 2024-06-03 18:22:37
2024-06-03 18:22:47,858 INFO  SequentialTimeManagement - Ended: 2024-06-03 18:22:47
2024-06-03 18:22:47,861 INFO  SequentialTimeManagement - Duration: 00h 00m 10.560s (RTF: 2.00)
2024-06-03 18:22:47,861 INFO  SequentialTimeManagement - 
2024-06-03 18:22:47,861 INFO  SequentialTimeManagement - Simulation interrupted: -1
2024-06-03 18:22:48,068 ERROR MosaicStarter - Stopping simulation due to a critical error.
org.eclipse.mosaic.rti.api.InternalFederateException: Error code: 0x01000013: There was an error during an advance time.
	at org.eclipse.mosaic.fed.application.ambassador.ApplicationAmbassador.processTimeAdvanceGrant(ApplicationAmbassador.java:247)
	at org.eclipse.mosaic.rti.api.AbstractFederateAmbassador.advanceTime(AbstractFederateAmbassador.java:110)
	at org.eclipse.mosaic.rti.time.SequentialTimeManagement.runSimulation(SequentialTimeManagement.java:91)
	at org.eclipse.mosaic.starter.MosaicSimulation.runSimulation(MosaicSimulation.java:193)
	at org.eclipse.mosaic.starter.MosaicStarter.execute(MosaicStarter.java:132)
	at org.eclipse.mosaic.starter.MosaicStarter.main(MosaicStarter.java:74)
Caused by: java.lang.RuntimeException: java.util.ConcurrentModificationException
	at org.eclipse.mosaic.lib.util.scheduling.Event.execute(Event.java:226)
	at org.eclipse.mosaic.lib.util.scheduling.DefaultEventScheduler.scheduleEvents(DefaultEventScheduler.java:85)
	at org.eclipse.mosaic.fed.application.ambassador.ApplicationAmbassador.processTimeAdvanceGrant(ApplicationAmbassador.java:241)
	... 5 common frames omitted
Caused by: java.util.ConcurrentModificationException: null
	at java.base/java.util.ArrayList$Itr.checkForComodification(ArrayList.java:1043)
	at java.base/java.util.ArrayList$Itr.next(ArrayList.java:997)
	at eclipse.mosaic.apps.RoadSideUnitApp.processMsg(RoadSideUnitApp.java:94)
	at eclipse.mosaic.apps.RoadSideUnitApp.onMessageReceived(RoadSideUnitApp.java:176)
	at org.eclipse.mosaic.fed.application.ambassador.simulation.AbstractSimulationUnit.processReceivedV2xMessage(AbstractSimulationUnit.java:368)
	at org.eclipse.mosaic.fed.application.ambassador.simulation.AbstractSimulationUnit.preProcessEvent(AbstractSimulationUnit.java:199)
	at org.eclipse.mosaic.fed.application.ambassador.simulation.RoadSideUnit.processEvent(RoadSideUnit.java:64)
	at org.eclipse.mosaic.lib.util.scheduling.Event.execute(Event.java:223)
	... 7 common frames omitted
