2024-06-03 19:50:57,665 INFO  - Initialize Vehicle application (at simulation time 619.000,000,000 s)
2024-06-03 19:50:57,666 INFO  - Activated WLAN Module (at simulation time 619.000,000,000 s)
2024-06-03 19:50:57,666 INFO  - Called #onVehicleUpdated (at simulation time 619.000,000,000 s)
2024-06-03 19:50:57,667 INFO  - Recieve a message from other vehicle (at simulation time 619.000,900,000 s)
2024-06-03 19:50:57,667 INFO  - My position is not better! (at simulation time 619.000,900,000 s)
2024-06-03 19:50:57,667 INFO  - Recieve a message from other vehicle (at simulation time 619.000,900,000 s)
2024-06-03 19:50:57,667 INFO  - My position is not better! (at simulation time 619.000,900,000 s)
2024-06-03 19:50:57,668 INFO  - Called #onVehicleUpdated (at simulation time 620.000,000,000 s)
2024-06-03 19:50:57,668 INFO  - Define the name: veh_89 and route: r_1 (at simulation time 620.000,000,000 s)
2024-06-03 19:50:57,668 INFO  - Sending out AdHoc broadcast (at simulation time 620.000,000,000 s)
2024-06-03 19:50:57,669 INFO  - Recieve a message from other vehicle (at simulation time 620.001,800,000 s)
2024-06-03 19:50:57,669 INFO  - My position is not better! (at simulation time 620.001,800,000 s)
2024-06-03 19:50:57,669 INFO  - Recieve a message from other vehicle (at simulation time 620.001,900,000 s)
2024-06-03 19:50:57,669 INFO  - My position is not better! (at simulation time 620.001,900,000 s)
2024-06-03 19:50:57,669 INFO  - Recieve a message from other vehicle (at simulation time 620.002,400,000 s)
2024-06-03 19:50:57,669 INFO  - My position is not better! (at simulation time 620.002,400,000 s)
2024-06-03 19:50:57,670 INFO  - Called #onVehicleUpdated (at simulation time 621.000,000,000 s)
2024-06-03 19:50:57,670 INFO  - Recieve a message from other vehicle (at simulation time 621.000,400,000 s)
2024-06-03 19:50:57,670 INFO  - My position is not better! (at simulation time 621.000,400,000 s)
2024-06-03 19:50:57,670 INFO  - Recieve a message from other vehicle (at simulation time 621.000,900,000 s)
2024-06-03 19:50:57,670 INFO  - My position is not better! (at simulation time 621.000,900,000 s)
2024-06-03 19:50:57,670 INFO  - Recieve a message from other vehicle (at simulation time 621.001,400,000 s)
2024-06-03 19:50:57,670 INFO  - My position is not better! (at simulation time 621.001,400,000 s)
2024-06-03 19:50:57,670 INFO  - Called #onVehicleUpdated (at simulation time 622.000,000,000 s)
2024-06-03 19:50:57,671 INFO  - Sending out AdHoc broadcast (at simulation time 622.000,000,000 s)
2024-06-03 19:50:57,671 INFO  - Recieve a message from other vehicle (at simulation time 622.000,400,000 s)
2024-06-03 19:50:57,671 INFO  - My position is not better! (at simulation time 622.000,400,000 s)
2024-06-03 19:50:57,671 INFO  - Recieve a message from other vehicle (at simulation time 622.000,400,000 s)
2024-06-03 19:50:57,671 INFO  - My position is not better! (at simulation time 622.000,400,000 s)
2024-06-03 19:50:57,671 INFO  - Recieve a message from other vehicle (at simulation time 622.000,400,000 s)
2024-06-03 19:50:57,671 INFO  - My position is not better! (at simulation time 622.000,400,000 s)
2024-06-03 19:50:57,671 INFO  - Recieve a message from other vehicle (at simulation time 622.003,300,000 s)
2024-06-03 19:50:57,671 INFO  - My position is not better! (at simulation time 622.003,300,000 s)
2024-06-03 19:50:57,671 INFO  - Called #onVehicleUpdated (at simulation time 623.000,000,000 s)
2024-06-03 19:50:57,672 INFO  - Recieve a message from other vehicle (at simulation time 623.001,900,000 s)
2024-06-03 19:50:57,672 INFO  - My position is not better! (at simulation time 623.001,900,000 s)
2024-06-03 19:50:57,672 INFO  - Recieve a message from other vehicle (at simulation time 623.001,900,000 s)
2024-06-03 19:50:57,672 INFO  - My position is not better! (at simulation time 623.001,900,000 s)
2024-06-03 19:50:57,672 INFO  - Recieve a message from other vehicle (at simulation time 623.002,400,000 s)
2024-06-03 19:50:57,672 INFO  - My position is not better! (at simulation time 623.002,400,000 s)
2024-06-03 19:50:57,672 INFO  - Recieve a message from other vehicle (at simulation time 623.002,400,000 s)
2024-06-03 19:50:57,672 INFO  - My position is not better! (at simulation time 623.002,400,000 s)
2024-06-03 19:50:57,672 INFO  - Called #onVehicleUpdated (at simulation time 624.000,000,000 s)
2024-06-03 19:50:57,673 INFO  - Sending out AdHoc broadcast (at simulation time 624.000,000,000 s)
2024-06-03 19:50:57,673 INFO  - Recieve a message from other vehicle (at simulation time 624.000,400,000 s)
2024-06-03 19:50:57,673 INFO  - My position is not better! (at simulation time 624.000,400,000 s)
2024-06-03 19:50:57,673 INFO  - Recieve a message from other vehicle (at simulation time 624.001,400,000 s)
2024-06-03 19:50:57,674 INFO  - My position is not better! (at simulation time 624.001,400,000 s)
2024-06-03 19:50:57,674 INFO  - Recieve a message from other vehicle (at simulation time 624.002,400,000 s)
2024-06-03 19:50:57,674 INFO  - My position is not better! (at simulation time 624.002,400,000 s)
2024-06-03 19:50:57,674 INFO  - Recieve a message from other vehicle (at simulation time 624.002,800,000 s)
2024-06-03 19:50:57,674 INFO  - My position is not better! (at simulation time 624.002,800,000 s)
2024-06-03 19:50:57,676 INFO  - Called #onVehicleUpdated (at simulation time 625.000,000,000 s)
2024-06-03 19:50:57,677 INFO  - Recieve a message from other vehicle (at simulation time 625.000,900,000 s)
2024-06-03 19:50:57,677 INFO  - My position is not better! (at simulation time 625.000,900,000 s)
2024-06-03 19:50:57,677 INFO  - Recieve a message from other vehicle (at simulation time 625.000,900,000 s)
2024-06-03 19:50:57,677 INFO  - My position is not better! (at simulation time 625.000,900,000 s)
2024-06-03 19:50:57,677 INFO  - Recieve a message from other vehicle (at simulation time 625.002,400,000 s)
2024-06-03 19:50:57,677 INFO  - My position is not better! (at simulation time 625.002,400,000 s)
2024-06-03 19:50:57,677 INFO  - Recieve a message from other vehicle (at simulation time 625.002,400,000 s)
2024-06-03 19:50:57,677 INFO  - My position is not better! (at simulation time 625.002,400,000 s)
2024-06-03 19:50:57,678 INFO  - Called #onVehicleUpdated (at simulation time 626.000,000,000 s)
2024-06-03 19:50:57,679 INFO  - Sending out AdHoc broadcast (at simulation time 626.000,000,000 s)
2024-06-03 19:50:57,679 INFO  - Recieve a message from other vehicle (at simulation time 626.000,900,000 s)
2024-06-03 19:50:57,679 INFO  - My position is not better! (at simulation time 626.000,900,000 s)
2024-06-03 19:50:57,679 INFO  - Recieve a message from other vehicle (at simulation time 626.000,900,000 s)
2024-06-03 19:50:57,679 INFO  - My position is not better! (at simulation time 626.000,900,000 s)
2024-06-03 19:50:57,679 INFO  - Recieve a message from other vehicle (at simulation time 626.001,400,000 s)
2024-06-03 19:50:57,679 INFO  - My position is not better! (at simulation time 626.001,400,000 s)
2024-06-03 19:50:57,680 INFO  - Recieve a message from other vehicle (at simulation time 626.002,300,000 s)
2024-06-03 19:50:57,680 INFO  - My position is not better! (at simulation time 626.002,300,000 s)
2024-06-03 19:50:57,680 INFO  - Recieve a message from other vehicle (at simulation time 626.002,400,000 s)
2024-06-03 19:50:57,680 INFO  - My position is not better! (at simulation time 626.002,400,000 s)
2024-06-03 19:50:57,680 INFO  - Recieve a message from other vehicle (at simulation time 626.002,400,000 s)
2024-06-03 19:50:57,680 INFO  - My position is not better! (at simulation time 626.002,400,000 s)
2024-06-03 19:50:57,680 INFO  - Recieve a message from other vehicle (at simulation time 626.002,400,000 s)
2024-06-03 19:50:57,680 INFO  - My position is not better! (at simulation time 626.002,400,000 s)
2024-06-03 19:50:57,681 INFO  - Called #onVehicleUpdated (at simulation time 627.000,000,000 s)
2024-06-03 19:50:57,682 INFO  - Recieve a message from other vehicle (at simulation time 627.000,400,000 s)
2024-06-03 19:50:57,682 INFO  - DENM message Recived from veh_90 -info : seco (at simulation time 627.000,400,000 s)
2024-06-03 19:50:57,682 INFO  - Recending a DENM message from other vehicle (at simulation time 627.000,400,000 s)
2024-06-03 19:50:57,682 INFO  - Recieve a message from other vehicle (at simulation time 627.000,400,000 s)
2024-06-03 19:50:57,682 INFO  - My position is not better! (at simulation time 627.000,400,000 s)
2024-06-03 19:50:57,682 INFO  - Recieve a message from other vehicle (at simulation time 627.000,900,000 s)
2024-06-03 19:50:57,682 INFO  - My position is not better! (at simulation time 627.000,900,000 s)
2024-06-03 19:50:57,682 INFO  - Recieve a message from other vehicle (at simulation time 627.000,900,000 s)
2024-06-03 19:50:57,682 INFO  - My position is not better! (at simulation time 627.000,900,000 s)
2024-06-03 19:50:57,682 INFO  - Recieve a message from other vehicle (at simulation time 627.000,900,000 s)
2024-06-03 19:50:57,682 INFO  - My position is not better! (at simulation time 627.000,900,000 s)
2024-06-03 19:50:57,682 INFO  - Recieve a message from other vehicle (at simulation time 627.000,900,000 s)
2024-06-03 19:50:57,682 INFO  - My position is not better! (at simulation time 627.000,900,000 s)
2024-06-03 19:50:57,682 INFO  - Recieve a message from other vehicle (at simulation time 627.001,400,000 s)
2024-06-03 19:50:57,682 INFO  - DENM message Recived from veh_88 -info : seco (at simulation time 627.001,400,000 s)
2024-06-03 19:50:57,682 INFO  - No more hops in DENM message (at simulation time 627.001,400,000 s)
2024-06-03 19:50:57,682 INFO  - Recieve a message from other vehicle (at simulation time 627.001,400,000 s)
2024-06-03 19:50:57,682 INFO  - My position is not better! (at simulation time 627.001,400,000 s)
2024-06-03 19:50:57,682 INFO  - Recieve a message from other vehicle (at simulation time 627.001,800,000 s)
2024-06-03 19:50:57,682 INFO  - DENM message Recived from veh_91 -info : seco (at simulation time 627.001,800,000 s)
2024-06-03 19:50:57,682 INFO  - No more hops in DENM message (at simulation time 627.001,800,000 s)
2024-06-03 19:50:57,682 INFO  - Recieve a message from other vehicle (at simulation time 627.001,900,000 s)
2024-06-03 19:50:57,682 INFO  - DENM message Recived from veh_91 -info : seco (at simulation time 627.001,900,000 s)
2024-06-03 19:50:57,682 INFO  - No more hops in DENM message (at simulation time 627.001,900,000 s)
2024-06-03 19:50:57,683 INFO  - Recieve a message from other vehicle (at simulation time 627.001,900,000 s)
2024-06-03 19:50:57,683 INFO  - My position is not better! (at simulation time 627.001,900,000 s)
2024-06-03 19:50:57,683 INFO  - Recieve a message from other vehicle (at simulation time 627.002,400,000 s)
2024-06-03 19:50:57,683 INFO  - My position is not better! (at simulation time 627.002,400,000 s)
2024-06-03 19:50:57,683 INFO  - Recieve a message from other vehicle (at simulation time 627.002,800,000 s)
2024-06-03 19:50:57,683 INFO  - DENM message Recived from veh_88 -info : seco (at simulation time 627.002,800,000 s)
2024-06-03 19:50:57,683 INFO  - No more hops in DENM message (at simulation time 627.002,800,000 s)
2024-06-03 19:50:57,683 INFO  - Recieve a message from other vehicle (at simulation time 627.003,800,000 s)
2024-06-03 19:50:57,683 INFO  - My position is not better! (at simulation time 627.003,800,000 s)
2024-06-03 19:50:57,684 INFO  - Called #onVehicleUpdated (at simulation time 628.000,000,000 s)
2024-06-03 19:50:57,684 INFO  - Sending out DENM broadcast (at simulation time 628.000,000,000 s)
2024-06-03 19:50:57,684 INFO  - Sending out AdHoc broadcast (at simulation time 628.000,000,000 s)
2024-06-03 19:50:57,685 INFO  - Recieve a message from other vehicle (at simulation time 628.000,900,000 s)
2024-06-03 19:50:57,685 INFO  - I'm in better position but no more hops in message (at simulation time 628.000,900,000 s)
2024-06-03 19:50:57,685 INFO  - Recieve a message from other vehicle (at simulation time 628.000,900,000 s)
2024-06-03 19:50:57,685 INFO  - My position is not better! (at simulation time 628.000,900,000 s)
2024-06-03 19:50:57,685 INFO  - Recieve a message from other vehicle (at simulation time 628.001,300,000 s)
2024-06-03 19:50:57,685 INFO  - I'm in better position but no more hops in message (at simulation time 628.001,300,000 s)
2024-06-03 19:50:57,685 INFO  - Recieve a message from other vehicle (at simulation time 628.001,400,000 s)
2024-06-03 19:50:57,685 INFO  - I'm in better position but no more hops in message (at simulation time 628.001,400,000 s)
2024-06-03 19:50:57,686 INFO  - Recieve a message from other vehicle (at simulation time 628.001,400,000 s)
2024-06-03 19:50:57,686 INFO  - I'm in better position but no more hops in message (at simulation time 628.001,400,000 s)
2024-06-03 19:50:57,686 INFO  - Recieve a message from other vehicle (at simulation time 628.001,900,000 s)
2024-06-03 19:50:57,686 INFO  - My position is not better! (at simulation time 628.001,900,000 s)
2024-06-03 19:50:57,686 INFO  - Recieve a message from other vehicle (at simulation time 628.002,300,000 s)
2024-06-03 19:50:57,686 INFO  - DENM message Recived from veh_89 -info : seco (at simulation time 628.002,300,000 s)
2024-06-03 19:50:57,686 INFO  - No more hops in DENM message (at simulation time 628.002,300,000 s)
2024-06-03 19:50:57,686 INFO  - Recieve a message from other vehicle (at simulation time 628.002,400,000 s)
2024-06-03 19:50:57,686 INFO  - My position is not better! (at simulation time 628.002,400,000 s)
2024-06-03 19:50:57,686 INFO  - Recieve a message from other vehicle (at simulation time 628.002,800,000 s)
2024-06-03 19:50:57,686 INFO  - I'm in better position but no more hops in message (at simulation time 628.002,800,000 s)
2024-06-03 19:50:57,686 INFO  - Recieve a message from other vehicle (at simulation time 628.002,800,000 s)
2024-06-03 19:50:57,686 INFO  - I'm in better position but no more hops in message (at simulation time 628.002,800,000 s)
2024-06-03 19:50:57,686 INFO  - Recieve a message from other vehicle (at simulation time 628.003,300,000 s)
2024-06-03 19:50:57,686 INFO  - My position is not better! (at simulation time 628.003,300,000 s)
2024-06-03 19:50:57,687 INFO  - Called #onVehicleUpdated (at simulation time 629.000,000,000 s)
2024-06-03 19:50:57,688 INFO  - Recieve a message from other vehicle (at simulation time 629.000,400,000 s)
2024-06-03 19:50:57,688 INFO  - Recending a message from other vehicle (at simulation time 629.000,400,000 s)
2024-06-03 19:50:57,688 INFO  - Recieve a message from other vehicle (at simulation time 629.000,400,000 s)
2024-06-03 19:50:57,688 INFO  - Recending a message from other vehicle (at simulation time 629.000,400,000 s)
2024-06-03 19:50:57,688 INFO  - Recieve a message from other vehicle (at simulation time 629.001,900,000 s)
2024-06-03 19:50:57,688 INFO  - I'm in better position but no more hops in message (at simulation time 629.001,900,000 s)
2024-06-03 19:50:57,688 INFO  - Recieve a message from other vehicle (at simulation time 629.001,900,000 s)
2024-06-03 19:50:57,688 INFO  - I'm in better position but no more hops in message (at simulation time 629.001,900,000 s)
2024-06-03 19:50:57,688 INFO  - Recieve a message from other vehicle (at simulation time 629.001,900,000 s)
2024-06-03 19:50:57,688 INFO  - I'm in better position but no more hops in message (at simulation time 629.001,900,000 s)
2024-06-03 19:50:57,688 INFO  - Recieve a message from other vehicle (at simulation time 629.001,900,000 s)
2024-06-03 19:50:57,688 INFO  - I'm in better position but no more hops in message (at simulation time 629.001,900,000 s)
2024-06-03 19:50:57,688 INFO  - Recieve a message from other vehicle (at simulation time 629.002,300,000 s)
2024-06-03 19:50:57,688 INFO  - I'm in better position but no more hops in message (at simulation time 629.002,300,000 s)
2024-06-03 19:50:57,688 INFO  - Recieve a message from other vehicle (at simulation time 629.002,400,000 s)
2024-06-03 19:50:57,688 INFO  - I'm in better position but no more hops in message (at simulation time 629.002,400,000 s)
2024-06-03 19:50:57,688 INFO  - Recieve a message from other vehicle (at simulation time 629.002,400,000 s)
2024-06-03 19:50:57,688 INFO  - I'm in better position but no more hops in message (at simulation time 629.002,400,000 s)
2024-06-03 19:50:57,688 INFO  - Recieve a message from other vehicle (at simulation time 629.003,300,000 s)
2024-06-03 19:50:57,689 INFO  - I'm in better position but no more hops in message (at simulation time 629.003,300,000 s)
2024-06-03 19:50:57,689 INFO  - Recieve a message from other vehicle (at simulation time 629.003,800,000 s)
2024-06-03 19:50:57,689 INFO  - I'm in better position but no more hops in message (at simulation time 629.003,800,000 s)
2024-06-03 19:50:57,690 INFO  - Called #onVehicleUpdated (at simulation time 630.000,000,000 s)
2024-06-03 19:50:57,690 INFO  - Sending out AdHoc broadcast (at simulation time 630.000,000,000 s)
2024-06-03 19:50:57,690 INFO  - Recieve a message from other vehicle (at simulation time 630.000,400,000 s)
2024-06-03 19:50:57,690 INFO  - Recending a message from other vehicle (at simulation time 630.000,400,000 s)
2024-06-03 19:50:57,690 INFO  - Recieve a message from other vehicle (at simulation time 630.000,400,000 s)
2024-06-03 19:50:57,690 INFO  - Recending a message from other vehicle (at simulation time 630.000,400,000 s)
2024-06-03 19:50:57,690 INFO  - Recieve a message from other vehicle (at simulation time 630.000,900,000 s)
2024-06-03 19:50:57,690 INFO  - I'm in better position but no more hops in message (at simulation time 630.000,900,000 s)
2024-06-03 19:50:57,690 INFO  - Recieve a message from other vehicle (at simulation time 630.000,900,000 s)
2024-06-03 19:50:57,690 INFO  - I'm in better position but no more hops in message (at simulation time 630.000,900,000 s)
2024-06-03 19:50:57,690 INFO  - Recieve a message from other vehicle (at simulation time 630.001,400,000 s)
2024-06-03 19:50:57,690 INFO  - I'm in better position but no more hops in message (at simulation time 630.001,400,000 s)
2024-06-03 19:50:57,691 INFO  - Recieve a message from other vehicle (at simulation time 630.002,400,000 s)
2024-06-03 19:50:57,691 INFO  - I'm in better position but no more hops in message (at simulation time 630.002,400,000 s)
2024-06-03 19:50:57,691 INFO  - Recieve a message from other vehicle (at simulation time 630.002,800,000 s)
2024-06-03 19:50:57,691 INFO  - I'm in better position but no more hops in message (at simulation time 630.002,800,000 s)
2024-06-03 19:50:57,691 INFO  - Called #onVehicleUpdated (at simulation time 631.000,000,000 s)
2024-06-03 19:50:57,692 INFO  - Recieve a message from other vehicle (at simulation time 631.000,900,000 s)
2024-06-03 19:50:57,692 INFO  - My position is not better! (at simulation time 631.000,900,000 s)
2024-06-03 19:50:57,692 INFO  - Recieve a message from other vehicle (at simulation time 631.001,900,000 s)
2024-06-03 19:50:57,692 INFO  - My position is not better! (at simulation time 631.001,900,000 s)
2024-06-03 19:50:57,693 INFO  - Recieve a message from other vehicle (at simulation time 631.002,400,000 s)
2024-06-03 19:50:57,693 INFO  - My position is not better! (at simulation time 631.002,400,000 s)
2024-06-03 19:50:57,693 INFO  - Recieve a message from other vehicle (at simulation time 631.003,800,000 s)
2024-06-03 19:50:57,693 INFO  - I'm in better position but no more hops in message (at simulation time 631.003,800,000 s)
2024-06-03 19:50:57,694 INFO  - Called #onVehicleUpdated (at simulation time 632.000,000,000 s)
2024-06-03 19:50:57,694 INFO  - Sending out AdHoc broadcast (at simulation time 632.000,000,000 s)
2024-06-03 19:50:57,694 INFO  - Recieve a message from other vehicle (at simulation time 632.000,400,000 s)
2024-06-03 19:50:57,694 INFO  - My position is not better! (at simulation time 632.000,400,000 s)
2024-06-03 19:50:57,694 INFO  - Recieve a message from other vehicle (at simulation time 632.001,900,000 s)
2024-06-03 19:50:57,694 INFO  - My position is not better! (at simulation time 632.001,900,000 s)
2024-06-03 19:50:57,694 INFO  - Recieve a message from other vehicle (at simulation time 632.002,300,000 s)
2024-06-03 19:50:57,694 INFO  - My position is not better! (at simulation time 632.002,300,000 s)
2024-06-03 19:50:57,694 INFO  - Recieve a message from other vehicle (at simulation time 632.002,400,000 s)
2024-06-03 19:50:57,694 INFO  - My position is not better! (at simulation time 632.002,400,000 s)
2024-06-03 19:50:57,695 INFO  - Called #onVehicleUpdated (at simulation time 633.000,000,000 s)
2024-06-03 19:50:57,695 INFO  - Exced velocity! Sending new CAM (at simulation time 633.000,000,000 s)
2024-06-03 19:50:57,695 INFO  - Sending out AdHoc broadcast (at simulation time 633.000,000,000 s)
2024-06-03 19:50:57,697 INFO  - Called #onVehicleUpdated (at simulation time 634.000,000,000 s)
2024-06-03 19:50:57,697 INFO  - Sending out AdHoc broadcast (at simulation time 634.000,000,000 s)
2024-06-03 19:50:57,699 INFO  - Called #onVehicleUpdated (at simulation time 635.000,000,000 s)
2024-06-03 19:50:57,699 INFO  - Sending out AdHoc broadcast (at simulation time 635.000,000,000 s)
2024-06-03 19:50:57,700 INFO  - Called #onVehicleUpdated (at simulation time 636.000,000,000 s)
2024-06-03 19:50:57,700 INFO  - Sending out AdHoc broadcast (at simulation time 636.000,000,000 s)
2024-06-03 19:50:57,701 INFO  - Called #onVehicleUpdated (at simulation time 637.000,000,000 s)
2024-06-03 19:50:57,701 INFO  - Sending out AdHoc broadcast (at simulation time 637.000,000,000 s)
2024-06-03 19:50:57,702 INFO  - Shutdown (at simulation time 638.000,000,000 s)
