2024-06-03 19:41:47,721 INFO  - Initialize Vehicle application (at simulation time 43.000,000,000 s)
2024-06-03 19:41:47,724 INFO  - Activated WLAN Module (at simulation time 43.000,000,000 s)
2024-06-03 19:41:47,726 INFO  - Called #onVehicleUpdated (at simulation time 43.000,000,000 s)
2024-06-03 19:41:47,730 INFO  - Recieve a message from other vehicle (at simulation time 43.000,900,000 s)
2024-06-03 19:41:47,730 INFO  - My position is not better! (at simulation time 43.000,900,000 s)
2024-06-03 19:41:47,730 INFO  - Recieve a message from other vehicle (at simulation time 43.000,900,000 s)
2024-06-03 19:41:47,730 INFO  - My position is not better! (at simulation time 43.000,900,000 s)
2024-06-03 19:41:48,121 INFO  - Called #onVehicleUpdated (at simulation time 44.000,000,000 s)
2024-06-03 19:41:48,122 INFO  - Define the name: veh_8 and route: r_1 (at simulation time 44.000,000,000 s)
2024-06-03 19:41:48,122 INFO  - Sending out AdHoc broadcast (at simulation time 44.000,000,000 s)
2024-06-03 19:41:48,124 INFO  - Recieve a message from other vehicle (at simulation time 44.000,900,000 s)
2024-06-03 19:41:48,124 INFO  - My position is not better! (at simulation time 44.000,900,000 s)
2024-06-03 19:41:48,125 INFO  - Recieve a message from other vehicle (at simulation time 44.001,900,000 s)
2024-06-03 19:41:48,125 INFO  - My position is not better! (at simulation time 44.001,900,000 s)
2024-06-03 19:41:48,125 INFO  - Recieve a message from other vehicle (at simulation time 44.003,800,000 s)
2024-06-03 19:41:48,125 INFO  - My position is not better! (at simulation time 44.003,800,000 s)
2024-06-03 19:41:48,523 INFO  - Called #onVehicleUpdated (at simulation time 45.000,000,000 s)
2024-06-03 19:41:48,526 INFO  - Recieve a message from other vehicle (at simulation time 45.000,900,000 s)
2024-06-03 19:41:48,526 INFO  - My position is not better! (at simulation time 45.000,900,000 s)
2024-06-03 19:41:48,526 INFO  - Recieve a message from other vehicle (at simulation time 45.001,400,000 s)
2024-06-03 19:41:48,526 INFO  - My position is not better! (at simulation time 45.001,400,000 s)
2024-06-03 19:41:48,526 INFO  - Recieve a message from other vehicle (at simulation time 45.001,400,000 s)
2024-06-03 19:41:48,526 INFO  - My position is not better! (at simulation time 45.001,400,000 s)
2024-06-03 19:41:48,921 INFO  - Called #onVehicleUpdated (at simulation time 46.000,000,000 s)
2024-06-03 19:41:48,922 INFO  - Sending out AdHoc broadcast (at simulation time 46.000,000,000 s)
2024-06-03 19:41:48,923 INFO  - Recieve a message from other vehicle (at simulation time 46.000,400,000 s)
2024-06-03 19:41:48,923 INFO  - My position is not better! (at simulation time 46.000,400,000 s)
2024-06-03 19:41:48,924 INFO  - Recieve a message from other vehicle (at simulation time 46.001,800,000 s)
2024-06-03 19:41:48,924 INFO  - My position is not better! (at simulation time 46.001,800,000 s)
2024-06-03 19:41:48,924 INFO  - Recieve a message from other vehicle (at simulation time 46.001,900,000 s)
2024-06-03 19:41:48,924 INFO  - My position is not better! (at simulation time 46.001,900,000 s)
2024-06-03 19:41:48,924 INFO  - Recieve a message from other vehicle (at simulation time 46.002,400,000 s)
2024-06-03 19:41:48,924 INFO  - My position is not better! (at simulation time 46.002,400,000 s)
2024-06-03 19:41:49,321 INFO  - Called #onVehicleUpdated (at simulation time 47.000,000,000 s)
2024-06-03 19:41:49,322 INFO  - Recieve a message from other vehicle (at simulation time 47.001,400,000 s)
2024-06-03 19:41:49,322 INFO  - My position is not better! (at simulation time 47.001,400,000 s)
2024-06-03 19:41:49,322 INFO  - Recieve a message from other vehicle (at simulation time 47.001,900,000 s)
2024-06-03 19:41:49,322 INFO  - My position is not better! (at simulation time 47.001,900,000 s)
2024-06-03 19:41:49,323 INFO  - Recieve a message from other vehicle (at simulation time 47.001,900,000 s)
2024-06-03 19:41:49,323 INFO  - My position is not better! (at simulation time 47.001,900,000 s)
2024-06-03 19:41:49,323 INFO  - Recieve a message from other vehicle (at simulation time 47.002,400,000 s)
2024-06-03 19:41:49,323 INFO  - My position is not better! (at simulation time 47.002,400,000 s)
2024-06-03 19:41:49,721 INFO  - Called #onVehicleUpdated (at simulation time 48.000,000,000 s)
2024-06-03 19:41:49,721 INFO  - Sending out AdHoc broadcast (at simulation time 48.000,000,000 s)
2024-06-03 19:41:49,723 INFO  - Recieve a message from other vehicle (at simulation time 48.001,400,000 s)
2024-06-03 19:41:49,723 INFO  - My position is not better! (at simulation time 48.001,400,000 s)
2024-06-03 19:41:49,723 INFO  - Recieve a message from other vehicle (at simulation time 48.001,900,000 s)
2024-06-03 19:41:49,723 INFO  - My position is not better! (at simulation time 48.001,900,000 s)
2024-06-03 19:41:49,723 INFO  - Recieve a message from other vehicle (at simulation time 48.002,400,000 s)
2024-06-03 19:41:49,723 INFO  - My position is not better! (at simulation time 48.002,400,000 s)
2024-06-03 19:41:49,724 INFO  - Recieve a message from other vehicle (at simulation time 48.002,800,000 s)
2024-06-03 19:41:49,724 INFO  - My position is not better! (at simulation time 48.002,800,000 s)
2024-06-03 19:41:49,724 INFO  - Recieve a message from other vehicle (at simulation time 48.003,300,000 s)
2024-06-03 19:41:49,724 INFO  - My position is not better! (at simulation time 48.003,300,000 s)
2024-06-03 19:41:49,724 INFO  - Recieve a message from other vehicle (at simulation time 48.003,800,000 s)
2024-06-03 19:41:49,724 INFO  - My position is not better! (at simulation time 48.003,800,000 s)
2024-06-03 19:41:50,120 INFO  - Called #onVehicleUpdated (at simulation time 49.000,000,000 s)
2024-06-03 19:41:50,121 INFO  - Recieve a message from other vehicle (at simulation time 49.000,400,000 s)
2024-06-03 19:41:50,121 INFO  - My position is not better! (at simulation time 49.000,400,000 s)
2024-06-03 19:41:50,122 INFO  - Recieve a message from other vehicle (at simulation time 49.000,900,000 s)
2024-06-03 19:41:50,122 INFO  - My position is not better! (at simulation time 49.000,900,000 s)
2024-06-03 19:41:50,122 INFO  - Recieve a message from other vehicle (at simulation time 49.000,900,000 s)
2024-06-03 19:41:50,122 INFO  - My position is not better! (at simulation time 49.000,900,000 s)
2024-06-03 19:41:50,123 INFO  - Recieve a message from other vehicle (at simulation time 49.001,400,000 s)
2024-06-03 19:41:50,123 INFO  - My position is not better! (at simulation time 49.001,400,000 s)
2024-06-03 19:41:50,123 INFO  - Recieve a message from other vehicle (at simulation time 49.001,800,000 s)
2024-06-03 19:41:50,123 INFO  - My position is not better! (at simulation time 49.001,800,000 s)
2024-06-03 19:41:50,521 INFO  - Called #onVehicleUpdated (at simulation time 50.000,000,000 s)
2024-06-03 19:41:50,522 INFO  - Sending out AdHoc broadcast (at simulation time 50.000,000,000 s)
2024-06-03 19:41:50,523 INFO  - Recieve a message from other vehicle (at simulation time 50.000,400,000 s)
2024-06-03 19:41:50,523 INFO  - My position is not better! (at simulation time 50.000,400,000 s)
2024-06-03 19:41:50,523 INFO  - Recieve a message from other vehicle (at simulation time 50.000,400,000 s)
2024-06-03 19:41:50,523 INFO  - My position is not better! (at simulation time 50.000,400,000 s)
2024-06-03 19:41:50,524 INFO  - Recieve a message from other vehicle (at simulation time 50.000,900,000 s)
2024-06-03 19:41:50,524 INFO  - My position is not better! (at simulation time 50.000,900,000 s)
2024-06-03 19:41:50,525 INFO  - Recieve a message from other vehicle (at simulation time 50.001,300,000 s)
2024-06-03 19:41:50,525 INFO  - My position is not better! (at simulation time 50.001,300,000 s)
2024-06-03 19:41:50,526 INFO  - Recieve a message from other vehicle (at simulation time 50.001,300,000 s)
2024-06-03 19:41:50,526 INFO  - My position is not better! (at simulation time 50.001,300,000 s)
2024-06-03 19:41:50,526 INFO  - Recieve a message from other vehicle (at simulation time 50.001,400,000 s)
2024-06-03 19:41:50,526 INFO  - My position is not better! (at simulation time 50.001,400,000 s)
2024-06-03 19:41:50,526 INFO  - Recieve a message from other vehicle (at simulation time 50.001,400,000 s)
2024-06-03 19:41:50,526 INFO  - My position is not better! (at simulation time 50.001,400,000 s)
2024-06-03 19:41:50,526 INFO  - Recieve a message from other vehicle (at simulation time 50.001,800,000 s)
2024-06-03 19:41:50,526 INFO  - My position is not better! (at simulation time 50.001,800,000 s)
2024-06-03 19:41:50,526 INFO  - Recieve a message from other vehicle (at simulation time 50.001,800,000 s)
2024-06-03 19:41:50,526 INFO  - My position is not better! (at simulation time 50.001,800,000 s)
2024-06-03 19:41:50,527 INFO  - Recieve a message from other vehicle (at simulation time 50.001,800,000 s)
2024-06-03 19:41:50,527 INFO  - My position is not better! (at simulation time 50.001,800,000 s)
2024-06-03 19:41:50,527 INFO  - Recieve a message from other vehicle (at simulation time 50.001,900,000 s)
2024-06-03 19:41:50,527 INFO  - My position is not better! (at simulation time 50.001,900,000 s)
2024-06-03 19:41:50,527 INFO  - Recieve a message from other vehicle (at simulation time 50.001,900,000 s)
2024-06-03 19:41:50,527 INFO  - My position is not better! (at simulation time 50.001,900,000 s)
2024-06-03 19:41:50,527 INFO  - Recieve a message from other vehicle (at simulation time 50.001,900,000 s)
2024-06-03 19:41:50,527 INFO  - My position is not better! (at simulation time 50.001,900,000 s)
2024-06-03 19:41:50,527 INFO  - Recieve a message from other vehicle (at simulation time 50.002,300,000 s)
2024-06-03 19:41:50,527 INFO  - My position is not better! (at simulation time 50.002,300,000 s)
2024-06-03 19:41:50,527 INFO  - Recieve a message from other vehicle (at simulation time 50.002,300,000 s)
2024-06-03 19:41:50,527 INFO  - My position is not better! (at simulation time 50.002,300,000 s)
2024-06-03 19:41:50,527 INFO  - Recieve a message from other vehicle (at simulation time 50.002,300,000 s)
2024-06-03 19:41:50,527 INFO  - My position is not better! (at simulation time 50.002,300,000 s)
2024-06-03 19:41:50,527 INFO  - Recieve a message from other vehicle (at simulation time 50.002,400,000 s)
2024-06-03 19:41:50,527 INFO  - My position is not better! (at simulation time 50.002,400,000 s)
2024-06-03 19:41:50,527 INFO  - Recieve a message from other vehicle (at simulation time 50.002,400,000 s)
2024-06-03 19:41:50,527 INFO  - My position is not better! (at simulation time 50.002,400,000 s)
2024-06-03 19:41:50,528 INFO  - Recieve a message from other vehicle (at simulation time 50.003,300,000 s)
2024-06-03 19:41:50,528 INFO  - My position is not better! (at simulation time 50.003,300,000 s)
2024-06-03 19:41:50,528 INFO  - Recieve a message from other vehicle (at simulation time 50.003,800,000 s)
2024-06-03 19:41:50,528 INFO  - My position is not better! (at simulation time 50.003,800,000 s)
2024-06-03 19:41:50,921 INFO  - Called #onVehicleUpdated (at simulation time 51.000,000,000 s)
2024-06-03 19:41:50,923 INFO  - Recieve a message from other vehicle (at simulation time 51.000,400,000 s)
2024-06-03 19:41:50,923 INFO  - DENM message Recived from veh_6 -info : seco (at simulation time 51.000,400,000 s)
2024-06-03 19:41:50,923 INFO  - Recending a DENM message from other vehicle (at simulation time 51.000,400,000 s)
2024-06-03 19:41:50,923 INFO  - Recieve a message from other vehicle (at simulation time 51.000,400,000 s)
2024-06-03 19:41:50,923 INFO  - DENM message Recived from veh_9 -info : seco (at simulation time 51.000,400,000 s)
2024-06-03 19:41:50,923 INFO  - Recending a DENM message from other vehicle (at simulation time 51.000,400,000 s)
2024-06-03 19:41:50,923 INFO  - Recieve a message from other vehicle (at simulation time 51.000,400,000 s)
2024-06-03 19:41:50,923 INFO  - My position is not better! (at simulation time 51.000,400,000 s)
2024-06-03 19:41:50,923 INFO  - Recieve a message from other vehicle (at simulation time 51.000,400,000 s)
2024-06-03 19:41:50,923 INFO  - My position is not better! (at simulation time 51.000,400,000 s)
2024-06-03 19:41:50,924 INFO  - Recieve a message from other vehicle (at simulation time 51.000,400,000 s)
2024-06-03 19:41:50,924 INFO  - My position is not better! (at simulation time 51.000,400,000 s)
2024-06-03 19:41:50,924 INFO  - Recieve a message from other vehicle (at simulation time 51.000,400,000 s)
2024-06-03 19:41:50,924 INFO  - My position is not better! (at simulation time 51.000,400,000 s)
2024-06-03 19:41:50,924 INFO  - Recieve a message from other vehicle (at simulation time 51.000,400,000 s)
2024-06-03 19:41:50,924 INFO  - My position is not better! (at simulation time 51.000,400,000 s)
2024-06-03 19:41:50,924 INFO  - Recieve a message from other vehicle (at simulation time 51.000,800,000 s)
2024-06-03 19:41:50,924 INFO  - My position is not better! (at simulation time 51.000,800,000 s)
2024-06-03 19:41:50,925 INFO  - Recieve a message from other vehicle (at simulation time 51.000,900,000 s)
2024-06-03 19:41:50,925 INFO  - My position is not better! (at simulation time 51.000,900,000 s)
2024-06-03 19:41:50,925 INFO  - Recieve a message from other vehicle (at simulation time 51.000,900,000 s)
2024-06-03 19:41:50,925 INFO  - My position is not better! (at simulation time 51.000,900,000 s)
2024-06-03 19:41:50,925 INFO  - Recieve a message from other vehicle (at simulation time 51.001,300,000 s)
2024-06-03 19:41:50,925 INFO  - My position is not better! (at simulation time 51.001,300,000 s)
2024-06-03 19:41:50,925 INFO  - Recieve a message from other vehicle (at simulation time 51.001,400,000 s)
2024-06-03 19:41:50,925 INFO  - My position is not better! (at simulation time 51.001,400,000 s)
2024-06-03 19:41:50,925 INFO  - Recieve a message from other vehicle (at simulation time 51.001,800,000 s)
2024-06-03 19:41:50,925 INFO  - My position is not better! (at simulation time 51.001,800,000 s)
2024-06-03 19:41:50,925 INFO  - Recieve a message from other vehicle (at simulation time 51.001,800,000 s)
2024-06-03 19:41:50,925 INFO  - My position is not better! (at simulation time 51.001,800,000 s)
2024-06-03 19:41:50,925 INFO  - Recieve a message from other vehicle (at simulation time 51.001,900,000 s)
2024-06-03 19:41:50,925 INFO  - DENM message Recived from veh_7 -info : seco (at simulation time 51.001,900,000 s)
2024-06-03 19:41:50,925 INFO  - No more hops in DENM message (at simulation time 51.001,900,000 s)
2024-06-03 19:41:50,925 INFO  - Recieve a message from other vehicle (at simulation time 51.001,900,000 s)
2024-06-03 19:41:50,926 INFO  - DENM message Recived from veh_11 -info : seco (at simulation time 51.001,900,000 s)
2024-06-03 19:41:50,926 INFO  - No more hops in DENM message (at simulation time 51.001,900,000 s)
2024-06-03 19:41:50,926 INFO  - Recieve a message from other vehicle (at simulation time 51.001,900,000 s)
2024-06-03 19:41:50,926 INFO  - My position is not better! (at simulation time 51.001,900,000 s)
2024-06-03 19:41:50,926 INFO  - Recieve a message from other vehicle (at simulation time 51.001,900,000 s)
2024-06-03 19:41:50,926 INFO  - My position is not better! (at simulation time 51.001,900,000 s)
2024-06-03 19:41:50,926 INFO  - Recieve a message from other vehicle (at simulation time 51.002,300,000 s)
2024-06-03 19:41:50,926 INFO  - My position is not better! (at simulation time 51.002,300,000 s)
2024-06-03 19:41:50,926 INFO  - Recieve a message from other vehicle (at simulation time 51.002,400,000 s)
2024-06-03 19:41:50,926 INFO  - My position is not better! (at simulation time 51.002,400,000 s)
2024-06-03 19:41:50,926 INFO  - Recieve a message from other vehicle (at simulation time 51.002,400,000 s)
2024-06-03 19:41:50,926 INFO  - My position is not better! (at simulation time 51.002,400,000 s)
2024-06-03 19:41:50,926 INFO  - Recieve a message from other vehicle (at simulation time 51.002,400,000 s)
2024-06-03 19:41:50,926 INFO  - My position is not better! (at simulation time 51.002,400,000 s)
2024-06-03 19:41:50,926 INFO  - Recieve a message from other vehicle (at simulation time 51.002,400,000 s)
2024-06-03 19:41:50,926 INFO  - My position is not better! (at simulation time 51.002,400,000 s)
2024-06-03 19:41:50,927 INFO  - Recieve a message from other vehicle (at simulation time 51.002,800,000 s)
2024-06-03 19:41:50,927 INFO  - DENM message Recived from veh_11 -info : seco (at simulation time 51.002,800,000 s)
2024-06-03 19:41:50,927 INFO  - No more hops in DENM message (at simulation time 51.002,800,000 s)
2024-06-03 19:41:50,927 INFO  - Recieve a message from other vehicle (at simulation time 51.002,800,000 s)
2024-06-03 19:41:50,927 INFO  - DENM message Recived from veh_7 -info : seco (at simulation time 51.002,800,000 s)
2024-06-03 19:41:50,927 INFO  - No more hops in DENM message (at simulation time 51.002,800,000 s)
2024-06-03 19:41:50,927 INFO  - Recieve a message from other vehicle (at simulation time 51.002,800,000 s)
2024-06-03 19:41:50,927 INFO  - My position is not better! (at simulation time 51.002,800,000 s)
2024-06-03 19:41:51,323 INFO  - Called #onVehicleUpdated (at simulation time 52.000,000,000 s)
2024-06-03 19:41:51,324 INFO  - Sending out DENM broadcast (at simulation time 52.000,000,000 s)
2024-06-03 19:41:51,325 INFO  - Sending out AdHoc broadcast (at simulation time 52.000,000,000 s)
2024-06-03 19:41:51,327 INFO  - Recieve a message from other vehicle (at simulation time 52.000,900,000 s)
2024-06-03 19:41:51,327 INFO  - I'm in better position but no more hops in message (at simulation time 52.000,900,000 s)
2024-06-03 19:41:51,327 INFO  - Recieve a message from other vehicle (at simulation time 52.000,900,000 s)
2024-06-03 19:41:51,327 INFO  - Recending a message from other vehicle (at simulation time 52.000,900,000 s)
2024-06-03 19:41:51,328 INFO  - Recieve a message from other vehicle (at simulation time 52.001,300,000 s)
2024-06-03 19:41:51,328 INFO  - I'm in better position but no more hops in message (at simulation time 52.001,300,000 s)
2024-06-03 19:41:51,328 INFO  - Recieve a message from other vehicle (at simulation time 52.001,400,000 s)
2024-06-03 19:41:51,328 INFO  - My position is not better! (at simulation time 52.001,400,000 s)
2024-06-03 19:41:51,329 INFO  - Recieve a message from other vehicle (at simulation time 52.001,400,000 s)
2024-06-03 19:41:51,329 INFO  - My position is not better! (at simulation time 52.001,400,000 s)
2024-06-03 19:41:51,329 INFO  - Recieve a message from other vehicle (at simulation time 52.001,800,000 s)
2024-06-03 19:41:51,329 INFO  - DENM message Recived from veh_8 -info : seco (at simulation time 52.001,800,000 s)
2024-06-03 19:41:51,329 INFO  - No more hops in DENM message (at simulation time 52.001,800,000 s)
2024-06-03 19:41:51,329 INFO  - Recieve a message from other vehicle (at simulation time 52.001,800,000 s)
2024-06-03 19:41:51,329 INFO  - I'm in better position but no more hops in message (at simulation time 52.001,800,000 s)
2024-06-03 19:41:51,329 INFO  - Recieve a message from other vehicle (at simulation time 52.001,800,000 s)
2024-06-03 19:41:51,329 INFO  - I'm in better position but no more hops in message (at simulation time 52.001,800,000 s)
2024-06-03 19:41:51,329 INFO  - Recieve a message from other vehicle (at simulation time 52.001,900,000 s)
2024-06-03 19:41:51,329 INFO  - DENM message Recived from veh_10 -info : seco (at simulation time 52.001,900,000 s)
2024-06-03 19:41:51,329 INFO  - No more hops in DENM message (at simulation time 52.001,900,000 s)
2024-06-03 19:41:51,329 INFO  - Recieve a message from other vehicle (at simulation time 52.001,900,000 s)
2024-06-03 19:41:51,329 INFO  - My position is not better! (at simulation time 52.001,900,000 s)
2024-06-03 19:41:51,329 INFO  - Recieve a message from other vehicle (at simulation time 52.001,900,000 s)
2024-06-03 19:41:51,329 INFO  - I'm in better position but no more hops in message (at simulation time 52.001,900,000 s)
2024-06-03 19:41:51,330 INFO  - Recieve a message from other vehicle (at simulation time 52.001,900,000 s)
2024-06-03 19:41:51,330 INFO  - My position is not better! (at simulation time 52.001,900,000 s)
2024-06-03 19:41:51,330 INFO  - Recieve a message from other vehicle (at simulation time 52.001,900,000 s)
2024-06-03 19:41:51,330 INFO  - I'm in better position but no more hops in message (at simulation time 52.001,900,000 s)
2024-06-03 19:41:51,330 INFO  - Recieve a message from other vehicle (at simulation time 52.001,900,000 s)
2024-06-03 19:41:51,330 INFO  - I'm in better position but no more hops in message (at simulation time 52.001,900,000 s)
2024-06-03 19:41:51,330 INFO  - Recieve a message from other vehicle (at simulation time 52.002,400,000 s)
2024-06-03 19:41:51,330 INFO  - I'm in better position but no more hops in message (at simulation time 52.002,400,000 s)
2024-06-03 19:41:51,330 INFO  - Recieve a message from other vehicle (at simulation time 52.002,400,000 s)
2024-06-03 19:41:51,330 INFO  - My position is not better! (at simulation time 52.002,400,000 s)
2024-06-03 19:41:51,330 INFO  - Recieve a message from other vehicle (at simulation time 52.002,400,000 s)
2024-06-03 19:41:51,330 INFO  - My position is not better! (at simulation time 52.002,400,000 s)
2024-06-03 19:41:51,331 INFO  - Recieve a message from other vehicle (at simulation time 52.002,800,000 s)
2024-06-03 19:41:51,331 INFO  - I'm in better position but no more hops in message (at simulation time 52.002,800,000 s)
2024-06-03 19:41:51,331 INFO  - Recieve a message from other vehicle (at simulation time 52.002,800,000 s)
2024-06-03 19:41:51,331 INFO  - My position is not better! (at simulation time 52.002,800,000 s)
2024-06-03 19:41:51,331 INFO  - Recieve a message from other vehicle (at simulation time 52.003,300,000 s)
2024-06-03 19:41:51,331 INFO  - DENM message Recived from veh_10 -info : seco (at simulation time 52.003,300,000 s)
2024-06-03 19:41:51,331 INFO  - No more hops in DENM message (at simulation time 52.003,300,000 s)
2024-06-03 19:41:51,331 INFO  - Recieve a message from other vehicle (at simulation time 52.003,300,000 s)
2024-06-03 19:41:51,331 INFO  - I'm in better position but no more hops in message (at simulation time 52.003,300,000 s)
2024-06-03 19:41:51,721 INFO  - Called #onVehicleUpdated (at simulation time 53.000,000,000 s)
2024-06-03 19:41:51,722 INFO  - Recieve a message from other vehicle (at simulation time 53.000,400,000 s)
2024-06-03 19:41:51,722 INFO  - Recending a message from other vehicle (at simulation time 53.000,400,000 s)
2024-06-03 19:41:51,722 INFO  - Recieve a message from other vehicle (at simulation time 53.000,400,000 s)
2024-06-03 19:41:51,723 INFO  - Recending a message from other vehicle (at simulation time 53.000,400,000 s)
2024-06-03 19:41:51,723 INFO  - Recieve a message from other vehicle (at simulation time 53.000,400,000 s)
2024-06-03 19:41:51,723 INFO  - Recending a message from other vehicle (at simulation time 53.000,400,000 s)
2024-06-03 19:41:51,723 INFO  - Recieve a message from other vehicle (at simulation time 53.000,800,000 s)
2024-06-03 19:41:51,723 INFO  - I'm in better position but no more hops in message (at simulation time 53.000,800,000 s)
2024-06-03 19:41:51,723 INFO  - Recieve a message from other vehicle (at simulation time 53.000,900,000 s)
2024-06-03 19:41:51,723 INFO  - I'm in better position but no more hops in message (at simulation time 53.000,900,000 s)
2024-06-03 19:41:51,724 INFO  - Recieve a message from other vehicle (at simulation time 53.001,300,000 s)
2024-06-03 19:41:51,724 INFO  - I'm in better position but no more hops in message (at simulation time 53.001,300,000 s)
2024-06-03 19:41:51,724 INFO  - Recieve a message from other vehicle (at simulation time 53.001,400,000 s)
2024-06-03 19:41:51,724 INFO  - Recending a message from other vehicle (at simulation time 53.001,400,000 s)
2024-06-03 19:41:51,724 INFO  - Recieve a message from other vehicle (at simulation time 53.001,400,000 s)
2024-06-03 19:41:51,724 INFO  - I'm in better position but no more hops in message (at simulation time 53.001,400,000 s)
2024-06-03 19:41:51,724 INFO  - Recieve a message from other vehicle (at simulation time 53.001,400,000 s)
2024-06-03 19:41:51,724 INFO  - My position is not better! (at simulation time 53.001,400,000 s)
2024-06-03 19:41:51,724 INFO  - Recieve a message from other vehicle (at simulation time 53.001,400,000 s)
2024-06-03 19:41:51,724 INFO  - I'm in better position but no more hops in message (at simulation time 53.001,400,000 s)
2024-06-03 19:41:51,724 INFO  - Recieve a message from other vehicle (at simulation time 53.001,900,000 s)
2024-06-03 19:41:51,724 INFO  - Recending a message from other vehicle (at simulation time 53.001,900,000 s)
2024-06-03 19:41:51,724 INFO  - Recieve a message from other vehicle (at simulation time 53.001,900,000 s)
2024-06-03 19:41:51,724 INFO  - I'm in better position but no more hops in message (at simulation time 53.001,900,000 s)
2024-06-03 19:41:51,725 INFO  - Recieve a message from other vehicle (at simulation time 53.002,400,000 s)
2024-06-03 19:41:51,725 INFO  - I'm in better position but no more hops in message (at simulation time 53.002,400,000 s)
2024-06-03 19:41:51,725 INFO  - Recieve a message from other vehicle (at simulation time 53.002,400,000 s)
2024-06-03 19:41:51,725 INFO  - I'm in better position but no more hops in message (at simulation time 53.002,400,000 s)
2024-06-03 19:41:51,725 INFO  - Recieve a message from other vehicle (at simulation time 53.002,400,000 s)
2024-06-03 19:41:51,725 INFO  - I'm in better position but no more hops in message (at simulation time 53.002,400,000 s)
2024-06-03 19:41:51,725 INFO  - Recieve a message from other vehicle (at simulation time 53.002,400,000 s)
2024-06-03 19:41:51,725 INFO  - I'm in better position but no more hops in message (at simulation time 53.002,400,000 s)
2024-06-03 19:41:51,726 INFO  - Recieve a message from other vehicle (at simulation time 53.002,800,000 s)
2024-06-03 19:41:51,726 INFO  - I'm in better position but no more hops in message (at simulation time 53.002,800,000 s)
2024-06-03 19:41:52,120 INFO  - Called #onVehicleUpdated (at simulation time 54.000,000,000 s)
2024-06-03 19:41:52,121 INFO  - Sending out AdHoc broadcast (at simulation time 54.000,000,000 s)
2024-06-03 19:41:52,121 INFO  - Recieve a message from other vehicle (at simulation time 54.000,400,000 s)
2024-06-03 19:41:52,121 INFO  - Recending a message from other vehicle (at simulation time 54.000,400,000 s)
2024-06-03 19:41:52,122 INFO  - Recieve a message from other vehicle (at simulation time 54.000,900,000 s)
2024-06-03 19:41:52,122 INFO  - I'm in better position but no more hops in message (at simulation time 54.000,900,000 s)
2024-06-03 19:41:52,122 INFO  - Recieve a message from other vehicle (at simulation time 54.000,900,000 s)
2024-06-03 19:41:52,122 INFO  - Recending a message from other vehicle (at simulation time 54.000,900,000 s)
2024-06-03 19:41:52,122 INFO  - Recieve a message from other vehicle (at simulation time 54.001,400,000 s)
2024-06-03 19:41:52,122 INFO  - I'm in better position but no more hops in message (at simulation time 54.001,400,000 s)
2024-06-03 19:41:52,122 INFO  - Recieve a message from other vehicle (at simulation time 54.001,900,000 s)
2024-06-03 19:41:52,122 INFO  - I'm in better position but no more hops in message (at simulation time 54.001,900,000 s)
2024-06-03 19:41:52,122 INFO  - Recieve a message from other vehicle (at simulation time 54.001,900,000 s)
2024-06-03 19:41:52,122 INFO  - I'm in better position but no more hops in message (at simulation time 54.001,900,000 s)
2024-06-03 19:41:52,122 INFO  - Recieve a message from other vehicle (at simulation time 54.001,900,000 s)
2024-06-03 19:41:52,122 INFO  - Recending a message from other vehicle (at simulation time 54.001,900,000 s)
2024-06-03 19:41:52,122 INFO  - Recieve a message from other vehicle (at simulation time 54.002,400,000 s)
2024-06-03 19:41:52,122 INFO  - I'm in better position but no more hops in message (at simulation time 54.002,400,000 s)
2024-06-03 19:41:52,122 INFO  - Recieve a message from other vehicle (at simulation time 54.002,400,000 s)
2024-06-03 19:41:52,122 INFO  - Recending a message from other vehicle (at simulation time 54.002,400,000 s)
2024-06-03 19:41:52,123 INFO  - Recieve a message from other vehicle (at simulation time 54.003,800,000 s)
2024-06-03 19:41:52,123 INFO  - I'm in better position but no more hops in message (at simulation time 54.003,800,000 s)
2024-06-03 19:41:52,523 INFO  - Called #onVehicleUpdated (at simulation time 55.000,000,000 s)
2024-06-03 19:41:52,524 INFO  - Recieve a message from other vehicle (at simulation time 55.000,400,000 s)
2024-06-03 19:41:52,524 INFO  - My position is not better! (at simulation time 55.000,400,000 s)
2024-06-03 19:41:52,525 INFO  - Recieve a message from other vehicle (at simulation time 55.000,400,000 s)
2024-06-03 19:41:52,525 INFO  - My position is not better! (at simulation time 55.000,400,000 s)
2024-06-03 19:41:52,525 INFO  - Recieve a message from other vehicle (at simulation time 55.000,800,000 s)
2024-06-03 19:41:52,525 INFO  - My position is not better! (at simulation time 55.000,800,000 s)
2024-06-03 19:41:52,525 INFO  - Recieve a message from other vehicle (at simulation time 55.000,900,000 s)
2024-06-03 19:41:52,525 INFO  - My position is not better! (at simulation time 55.000,900,000 s)
2024-06-03 19:41:52,526 INFO  - Recieve a message from other vehicle (at simulation time 55.001,900,000 s)
2024-06-03 19:41:52,526 INFO  - My position is not better! (at simulation time 55.001,900,000 s)
2024-06-03 19:41:52,526 INFO  - Recieve a message from other vehicle (at simulation time 55.002,300,000 s)
2024-06-03 19:41:52,526 INFO  - My position is not better! (at simulation time 55.002,300,000 s)
2024-06-03 19:41:52,526 INFO  - Recieve a message from other vehicle (at simulation time 55.002,300,000 s)
2024-06-03 19:41:52,526 INFO  - I'm in better position but no more hops in message (at simulation time 55.002,300,000 s)
2024-06-03 19:41:52,526 INFO  - Recieve a message from other vehicle (at simulation time 55.002,300,000 s)
2024-06-03 19:41:52,526 INFO  - My position is not better! (at simulation time 55.002,300,000 s)
2024-06-03 19:41:52,526 INFO  - Recieve a message from other vehicle (at simulation time 55.002,400,000 s)
2024-06-03 19:41:52,526 INFO  - My position is not better! (at simulation time 55.002,400,000 s)
2024-06-03 19:41:52,526 INFO  - Recieve a message from other vehicle (at simulation time 55.002,800,000 s)
2024-06-03 19:41:52,526 INFO  - My position is not better! (at simulation time 55.002,800,000 s)
2024-06-03 19:41:52,922 INFO  - Called #onVehicleUpdated (at simulation time 56.000,000,000 s)
2024-06-03 19:41:52,923 INFO  - Sending out AdHoc broadcast (at simulation time 56.000,000,000 s)
2024-06-03 19:41:52,924 INFO  - Recieve a message from other vehicle (at simulation time 56.000,400,000 s)
2024-06-03 19:41:52,924 INFO  - My position is not better! (at simulation time 56.000,400,000 s)
2024-06-03 19:41:52,924 INFO  - Recieve a message from other vehicle (at simulation time 56.000,900,000 s)
2024-06-03 19:41:52,924 INFO  - My position is not better! (at simulation time 56.000,900,000 s)
2024-06-03 19:41:52,924 INFO  - Recieve a message from other vehicle (at simulation time 56.002,400,000 s)
2024-06-03 19:41:52,924 INFO  - My position is not better! (at simulation time 56.002,400,000 s)
2024-06-03 19:41:52,924 INFO  - Recieve a message from other vehicle (at simulation time 56.002,800,000 s)
2024-06-03 19:41:52,924 INFO  - My position is not better! (at simulation time 56.002,800,000 s)
2024-06-03 19:41:52,925 INFO  - Recieve a message from other vehicle (at simulation time 56.003,800,000 s)
2024-06-03 19:41:52,925 INFO  - My position is not better! (at simulation time 56.003,800,000 s)
2024-06-03 19:41:53,323 INFO  - Called #onVehicleUpdated (at simulation time 57.000,000,000 s)
2024-06-03 19:41:53,721 INFO  - Called #onVehicleUpdated (at simulation time 58.000,000,000 s)
2024-06-03 19:41:53,722 INFO  - Sending out AdHoc broadcast (at simulation time 58.000,000,000 s)
2024-06-03 19:41:54,120 INFO  - Called #onVehicleUpdated (at simulation time 59.000,000,000 s)
2024-06-03 19:41:54,523 INFO  - Called #onVehicleUpdated (at simulation time 60.000,000,000 s)
2024-06-03 19:41:54,524 INFO  - Sending out AdHoc broadcast (at simulation time 60.000,000,000 s)
2024-06-03 19:41:54,920 INFO  - Called #onVehicleUpdated (at simulation time 61.000,000,000 s)
2024-06-03 19:41:55,321 INFO  - Shutdown (at simulation time 62.000,000,000 s)
