2024-06-03 18:15:13,598 INFO  - Initialize Vehicle application (at simulation time 6.000,000,000 s)
2024-06-03 18:15:13,600 INFO  - Activated WLAN Module (at simulation time 6.000,000,000 s)
2024-06-03 18:15:13,603 INFO  - Called #onVehicleUpdated (at simulation time 6.000,000,000 s)
2024-06-03 18:15:13,603 INFO  - Exced velocity! Sending new CAM (at simulation time 6.000,000,000 s)
2024-06-03 18:15:13,603 INFO  - Sending out AdHoc broadcast (at simulation time 6.000,000,000 s)
2024-06-03 18:15:13,615 INFO  - Called #onVehicleUpdated (at simulation time 7.000,000,000 s)
2024-06-03 18:15:13,616 INFO  - Define the name: veh_1 and route: r_2 (at simulation time 7.000,000,000 s)
2024-06-03 18:15:13,616 INFO  - Sending out AdHoc broadcast (at simulation time 7.000,000,000 s)
2024-06-03 18:15:13,620 INFO  - Called #onVehicleUpdated (at simulation time 8.000,000,000 s)
2024-06-03 18:15:13,620 INFO  - Sending out AdHoc broadcast (at simulation time 8.000,000,000 s)
2024-06-03 18:15:13,623 INFO  - Recieve a message from other vehicle (at simulation time 8.000,900,000 s)
2024-06-03 18:15:13,623 INFO  - Recending a message from other vehicle (at simulation time 8.000,900,000 s)
2024-06-03 18:15:13,626 INFO  - Called #onVehicleUpdated (at simulation time 9.000,000,000 s)
2024-06-03 18:15:13,627 INFO  - Sending out AdHoc broadcast (at simulation time 9.000,000,000 s)
2024-06-03 18:15:13,636 INFO  - Called #onVehicleUpdated (at simulation time 10.000,000,000 s)
2024-06-03 18:15:13,638 INFO  - Sending out AdHoc broadcast (at simulation time 10.000,000,000 s)
2024-06-03 18:15:13,640 INFO  - Recieve a message from other vehicle (at simulation time 10.000,400,000 s)
2024-06-03 18:15:13,640 INFO  - Recending a message from other vehicle (at simulation time 10.000,400,000 s)
2024-06-03 18:15:13,645 INFO  - Called #onVehicleUpdated (at simulation time 11.000,000,000 s)
2024-06-03 18:15:13,646 INFO  - Sending out AdHoc broadcast (at simulation time 11.000,000,000 s)
2024-06-03 18:15:13,652 INFO  - Called #onVehicleUpdated (at simulation time 12.000,000,000 s)
2024-06-03 18:15:13,653 INFO  - Sending out AdHoc broadcast (at simulation time 12.000,000,000 s)
2024-06-03 18:15:13,656 INFO  - Recieve a message from other vehicle (at simulation time 12.001,400,000 s)
2024-06-03 18:15:13,657 INFO  - Recending a message from other vehicle (at simulation time 12.001,400,000 s)
2024-06-03 18:15:13,662 INFO  - Called #onVehicleUpdated (at simulation time 13.000,000,000 s)
2024-06-03 18:15:13,663 INFO  - Sending out AdHoc broadcast (at simulation time 13.000,000,000 s)
2024-06-03 18:15:13,664 INFO  - Recieve a message from other vehicle (at simulation time 13.000,400,000 s)
2024-06-03 18:15:13,664 INFO  - My position is not better! (at simulation time 13.000,400,000 s)
2024-06-03 18:15:13,665 INFO  - Recieve a message from other vehicle (at simulation time 13.000,900,000 s)
2024-06-03 18:15:13,665 INFO  - My position is not better! (at simulation time 13.000,900,000 s)
2024-06-03 18:15:13,666 INFO  - Recieve a message from other vehicle (at simulation time 13.000,900,000 s)
2024-06-03 18:15:13,666 INFO  - My position is not better! (at simulation time 13.000,900,000 s)
2024-06-03 18:15:13,668 INFO  - Recieve a message from other vehicle (at simulation time 13.001,800,000 s)
2024-06-03 18:15:13,668 INFO  - I'm in better position but no more hops in message (at simulation time 13.001,800,000 s)
2024-06-03 18:15:13,668 INFO  - Recieve a message from other vehicle (at simulation time 13.001,900,000 s)
2024-06-03 18:15:13,668 INFO  - My position is not better! (at simulation time 13.001,900,000 s)
2024-06-03 18:15:13,668 INFO  - Recieve a message from other vehicle (at simulation time 13.001,900,000 s)
2024-06-03 18:15:13,668 INFO  - I'm in better position but no more hops in message (at simulation time 13.001,900,000 s)
2024-06-03 18:15:13,668 INFO  - Recieve a message from other vehicle (at simulation time 13.001,900,000 s)
2024-06-03 18:15:13,668 INFO  - My position is not better! (at simulation time 13.001,900,000 s)
2024-06-03 18:15:13,669 INFO  - Recieve a message from other vehicle (at simulation time 13.001,900,000 s)
2024-06-03 18:15:13,669 INFO  - My position is not better! (at simulation time 13.001,900,000 s)
2024-06-03 18:15:13,669 INFO  - Recieve a message from other vehicle (at simulation time 13.002,400,000 s)
2024-06-03 18:15:13,669 INFO  - My position is not better! (at simulation time 13.002,400,000 s)
2024-06-03 18:15:13,670 INFO  - Recieve a message from other vehicle (at simulation time 13.002,400,000 s)
2024-06-03 18:15:13,670 INFO  - My position is not better! (at simulation time 13.002,400,000 s)
2024-06-03 18:15:13,670 INFO  - Recieve a message from other vehicle (at simulation time 13.002,800,000 s)
2024-06-03 18:15:13,670 INFO  - My position is not better! (at simulation time 13.002,800,000 s)
2024-06-03 18:15:13,670 INFO  - Recieve a message from other vehicle (at simulation time 13.002,800,000 s)
2024-06-03 18:15:13,670 INFO  - I'm in better position but no more hops in message (at simulation time 13.002,800,000 s)
2024-06-03 18:15:13,671 INFO  - Recieve a message from other vehicle (at simulation time 13.002,800,000 s)
2024-06-03 18:15:13,671 INFO  - My position is not better! (at simulation time 13.002,800,000 s)
2024-06-03 18:15:13,671 INFO  - Recieve a message from other vehicle (at simulation time 13.003,300,000 s)
2024-06-03 18:15:13,671 INFO  - My position is not better! (at simulation time 13.003,300,000 s)
2024-06-03 18:15:13,671 INFO  - Recieve a message from other vehicle (at simulation time 13.003,300,000 s)
2024-06-03 18:15:13,671 INFO  - My position is not better! (at simulation time 13.003,300,000 s)
2024-06-03 18:15:13,672 INFO  - Recieve a message from other vehicle (at simulation time 13.004,300,000 s)
2024-06-03 18:15:13,672 INFO  - My position is not better! (at simulation time 13.004,300,000 s)
2024-06-03 18:15:13,678 INFO  - Called #onVehicleUpdated (at simulation time 14.000,000,000 s)
2024-06-03 18:15:13,679 INFO  - Sending out AdHoc broadcast (at simulation time 14.000,000,000 s)
2024-06-03 18:15:13,680 INFO  - Recieve a message from other vehicle (at simulation time 14.000,800,000 s)
2024-06-03 18:15:13,680 INFO  - I'm in better position but no more hops in message (at simulation time 14.000,800,000 s)
2024-06-03 18:15:13,681 INFO  - Recieve a message from other vehicle (at simulation time 14.000,900,000 s)
2024-06-03 18:15:13,681 INFO  - My position is not better! (at simulation time 14.000,900,000 s)
2024-06-03 18:15:13,681 INFO  - Recieve a message from other vehicle (at simulation time 14.000,900,000 s)
2024-06-03 18:15:13,681 INFO  - My position is not better! (at simulation time 14.000,900,000 s)
2024-06-03 18:15:13,681 INFO  - Recieve a message from other vehicle (at simulation time 14.000,900,000 s)
2024-06-03 18:15:13,681 INFO  - I'm in better position but no more hops in message (at simulation time 14.000,900,000 s)
2024-06-03 18:15:13,681 INFO  - Recieve a message from other vehicle (at simulation time 14.000,900,000 s)
2024-06-03 18:15:13,681 INFO  - Recending a message from other vehicle (at simulation time 14.000,900,000 s)
2024-06-03 18:15:13,683 INFO  - Recieve a message from other vehicle (at simulation time 14.001,400,000 s)
2024-06-03 18:15:13,683 INFO  - My position is not better! (at simulation time 14.001,400,000 s)
2024-06-03 18:15:13,683 INFO  - Recieve a message from other vehicle (at simulation time 14.001,400,000 s)
2024-06-03 18:15:13,683 INFO  - I'm in better position but no more hops in message (at simulation time 14.001,400,000 s)
2024-06-03 18:15:13,684 INFO  - Recieve a message from other vehicle (at simulation time 14.001,800,000 s)
2024-06-03 18:15:13,684 INFO  - I'm in better position but no more hops in message (at simulation time 14.001,800,000 s)
2024-06-03 18:15:13,684 INFO  - Recieve a message from other vehicle (at simulation time 14.001,900,000 s)
2024-06-03 18:15:13,684 INFO  - I'm in better position but no more hops in message (at simulation time 14.001,900,000 s)
2024-06-03 18:15:13,684 INFO  - Recieve a message from other vehicle (at simulation time 14.001,900,000 s)
2024-06-03 18:15:13,684 INFO  - I'm in better position but no more hops in message (at simulation time 14.001,900,000 s)
2024-06-03 18:15:13,684 INFO  - Recieve a message from other vehicle (at simulation time 14.001,900,000 s)
2024-06-03 18:15:13,684 INFO  - I'm in better position but no more hops in message (at simulation time 14.001,900,000 s)
2024-06-03 18:15:13,686 INFO  - Recieve a message from other vehicle (at simulation time 14.002,300,000 s)
2024-06-03 18:15:13,686 INFO  - I'm in better position but no more hops in message (at simulation time 14.002,300,000 s)
2024-06-03 18:15:13,687 INFO  - Recieve a message from other vehicle (at simulation time 14.002,800,000 s)
2024-06-03 18:15:13,687 INFO  - I'm in better position but no more hops in message (at simulation time 14.002,800,000 s)
2024-06-03 18:15:13,688 INFO  - Recieve a message from other vehicle (at simulation time 14.003,800,000 s)
2024-06-03 18:15:13,688 INFO  - My position is not better! (at simulation time 14.003,800,000 s)
2024-06-03 18:15:13,689 INFO  - Recieve a message from other vehicle (at simulation time 14.004,300,000 s)
2024-06-03 18:15:13,689 INFO  - I'm in better position but no more hops in message (at simulation time 14.004,300,000 s)
2024-06-03 18:15:13,691 INFO  - Recieve a message from RSU (at simulation time 14.625,859,252 s)
2024-06-03 18:15:13,691 INFO  - RSU Stopped me!!! (at simulation time 14.625,859,252 s)
2024-06-03 18:15:13,691 INFO  - Recieve a message from RSU (at simulation time 14.639,861,560 s)
2024-06-03 18:15:13,698 INFO  - Called #onVehicleUpdated (at simulation time 15.000,000,000 s)
2024-06-03 18:15:13,698 INFO  - Sending out DENM broadcast (at simulation time 15.000,000,000 s)
2024-06-03 18:15:13,699 INFO  - Sending out AdHoc broadcast (at simulation time 15.000,000,000 s)
2024-06-03 18:15:13,700 INFO  - Recieve a message from other vehicle (at simulation time 15.000,400,000 s)
2024-06-03 18:15:13,700 INFO  - DENM message Recived from veh_0 -info : seco (at simulation time 15.000,400,000 s)
2024-06-03 18:15:13,700 INFO  - No more hops in DENM message (at simulation time 15.000,400,000 s)
2024-06-03 18:15:13,701 INFO  - Recieve a message from other vehicle (at simulation time 15.000,400,000 s)
2024-06-03 18:15:13,701 INFO  - I'm in better position but no more hops in message (at simulation time 15.000,400,000 s)
2024-06-03 18:15:13,701 INFO  - Recieve a message from other vehicle (at simulation time 15.000,400,000 s)
2024-06-03 18:15:13,701 INFO  - My position is not better! (at simulation time 15.000,400,000 s)
2024-06-03 18:15:13,701 INFO  - Recieve a message from other vehicle (at simulation time 15.000,400,000 s)
2024-06-03 18:15:13,701 INFO  - My position is not better! (at simulation time 15.000,400,000 s)
2024-06-03 18:15:13,701 INFO  - Recieve a message from other vehicle (at simulation time 15.000,400,000 s)
2024-06-03 18:15:13,701 INFO  - I'm in better position but no more hops in message (at simulation time 15.000,400,000 s)
2024-06-03 18:15:13,702 INFO  - Recieve a message from other vehicle (at simulation time 15.000,800,000 s)
2024-06-03 18:15:13,702 INFO  - DENM message Recived from veh_3 -info : seco (at simulation time 15.000,800,000 s)
2024-06-03 18:15:13,702 INFO  - No more hops in DENM message (at simulation time 15.000,800,000 s)
2024-06-03 18:15:13,702 INFO  - Recieve a message from other vehicle (at simulation time 15.000,800,000 s)
2024-06-03 18:15:13,702 INFO  - DENM message Recived from veh_5 -info : seco (at simulation time 15.000,800,000 s)
2024-06-03 18:15:13,702 INFO  - No more hops in DENM message (at simulation time 15.000,800,000 s)
2024-06-03 18:15:13,704 INFO  - Recieve a message from other vehicle (at simulation time 15.001,300,000 s)
2024-06-03 18:15:13,704 INFO  - DENM message Recived from veh_0 -info : seco (at simulation time 15.001,300,000 s)
2024-06-03 18:15:13,704 INFO  - No more hops in DENM message (at simulation time 15.001,300,000 s)
2024-06-03 18:15:13,704 INFO  - Recieve a message from other vehicle (at simulation time 15.001,300,000 s)
2024-06-03 18:15:13,704 INFO  - DENM message Recived from veh_1 -info : seco (at simulation time 15.001,300,000 s)
2024-06-03 18:15:13,704 INFO  - No more hops in DENM message (at simulation time 15.001,300,000 s)
2024-06-03 18:15:13,704 INFO  - Recieve a message from other vehicle (at simulation time 15.001,400,000 s)
2024-06-03 18:15:13,704 INFO  - DENM message Recived from veh_3 -info : seco (at simulation time 15.001,400,000 s)
2024-06-03 18:15:13,704 INFO  - No more hops in DENM message (at simulation time 15.001,400,000 s)
2024-06-03 18:15:13,704 INFO  - Recieve a message from other vehicle (at simulation time 15.001,400,000 s)
2024-06-03 18:15:13,704 INFO  - My position is not better! (at simulation time 15.001,400,000 s)
2024-06-03 18:15:13,704 INFO  - Recieve a message from other vehicle (at simulation time 15.001,400,000 s)
2024-06-03 18:15:13,704 INFO  - I'm in better position but no more hops in message (at simulation time 15.001,400,000 s)
2024-06-03 18:15:13,704 INFO  - Recieve a message from other vehicle (at simulation time 15.001,400,000 s)
2024-06-03 18:15:13,704 INFO  - I'm in better position but no more hops in message (at simulation time 15.001,400,000 s)
2024-06-03 18:15:13,706 INFO  - Recieve a message from other vehicle (at simulation time 15.001,900,000 s)
2024-06-03 18:15:13,706 INFO  - I'm in better position but no more hops in message (at simulation time 15.001,900,000 s)
2024-06-03 18:15:13,707 INFO  - Recieve a message from other vehicle (at simulation time 15.002,400,000 s)
2024-06-03 18:15:13,707 INFO  - DENM message Recived from veh_5 -info : seco (at simulation time 15.002,400,000 s)
2024-06-03 18:15:13,707 INFO  - No more hops in DENM message (at simulation time 15.002,400,000 s)
2024-06-03 18:15:13,707 INFO  - Recieve a message from other vehicle (at simulation time 15.002,400,000 s)
2024-06-03 18:15:13,707 INFO  - I'm in better position but no more hops in message (at simulation time 15.002,400,000 s)
2024-06-03 18:15:13,708 INFO  - Recieve a message from other vehicle (at simulation time 15.002,400,000 s)
2024-06-03 18:15:13,708 INFO  - My position is not better! (at simulation time 15.002,400,000 s)
2024-06-03 18:15:13,708 INFO  - Recieve a message from other vehicle (at simulation time 15.002,800,000 s)
2024-06-03 18:15:13,708 INFO  - I'm in better position but no more hops in message (at simulation time 15.002,800,000 s)
2024-06-03 18:15:13,708 INFO  - Recieve a message from other vehicle (at simulation time 15.003,300,000 s)
2024-06-03 18:15:13,708 INFO  - I'm in better position but no more hops in message (at simulation time 15.003,300,000 s)
2024-06-03 18:15:13,709 INFO  - Recieve a message from RSU (at simulation time 15.317,683,559 s)
2024-06-03 18:15:13,710 INFO  - Recieve a message from RSU (at simulation time 15.336,809,436 s)
2024-06-03 18:15:13,712 INFO  - Called #onVehicleUpdated (at simulation time 16.000,000,000 s)
2024-06-03 18:15:13,713 INFO  - Sending out AdHoc broadcast (at simulation time 16.000,000,000 s)
2024-06-03 18:15:13,715 INFO  - Recieve a message from other vehicle (at simulation time 16.000,400,000 s)
2024-06-03 18:15:13,715 INFO  - I'm in better position but no more hops in message (at simulation time 16.000,400,000 s)
2024-06-03 18:15:13,715 INFO  - Recieve a message from other vehicle (at simulation time 16.000,400,000 s)
2024-06-03 18:15:13,715 INFO  - I'm in better position but no more hops in message (at simulation time 16.000,400,000 s)
2024-06-03 18:15:13,715 INFO  - Recieve a message from other vehicle (at simulation time 16.000,400,000 s)
2024-06-03 18:15:13,715 INFO  - I'm in better position but no more hops in message (at simulation time 16.000,400,000 s)
2024-06-03 18:15:13,716 INFO  - Recieve a message from other vehicle (at simulation time 16.000,900,000 s)
2024-06-03 18:15:13,716 INFO  - DENM message Recived from veh_4 -info : seco (at simulation time 16.000,900,000 s)
2024-06-03 18:15:13,716 INFO  - No more hops in DENM message (at simulation time 16.000,900,000 s)
2024-06-03 18:15:13,717 INFO  - Recieve a message from other vehicle (at simulation time 16.000,900,000 s)
2024-06-03 18:15:13,717 INFO  - I'm in better position but no more hops in message (at simulation time 16.000,900,000 s)
2024-06-03 18:15:13,717 INFO  - Recieve a message from other vehicle (at simulation time 16.001,300,000 s)
2024-06-03 18:15:13,717 INFO  - I'm in better position but no more hops in message (at simulation time 16.001,300,000 s)
2024-06-03 18:15:13,717 INFO  - Recieve a message from other vehicle (at simulation time 16.001,300,000 s)
2024-06-03 18:15:13,717 INFO  - DENM message Recived from veh_4 -info : seco (at simulation time 16.001,300,000 s)
2024-06-03 18:15:13,717 INFO  - No more hops in DENM message (at simulation time 16.001,300,000 s)
2024-06-03 18:15:13,718 INFO  - Recieve a message from other vehicle (at simulation time 16.001,400,000 s)
2024-06-03 18:15:13,718 INFO  - DENM message Recived from veh_2 -info : piso-molhado (at simulation time 16.001,400,000 s)
2024-06-03 18:15:13,718 INFO  - I slow down due to road state (at simulation time 16.001,400,000 s)
2024-06-03 18:15:13,718 INFO  - No more hops in DENM message (at simulation time 16.001,400,000 s)
2024-06-03 18:15:13,719 INFO  - Recieve a message from other vehicle (at simulation time 16.001,800,000 s)
2024-06-03 18:15:13,719 INFO  - I'm in better position but no more hops in message (at simulation time 16.001,800,000 s)
2024-06-03 18:15:13,720 INFO  - Recieve a message from other vehicle (at simulation time 16.001,900,000 s)
2024-06-03 18:15:13,720 INFO  - I'm in better position but no more hops in message (at simulation time 16.001,900,000 s)
2024-06-03 18:15:13,720 INFO  - Recieve a message from other vehicle (at simulation time 16.001,900,000 s)
2024-06-03 18:15:13,720 INFO  - I'm in better position but no more hops in message (at simulation time 16.001,900,000 s)
2024-06-03 18:15:13,720 INFO  - Recieve a message from other vehicle (at simulation time 16.002,300,000 s)
2024-06-03 18:15:13,720 INFO  - I'm in better position but no more hops in message (at simulation time 16.002,300,000 s)
2024-06-03 18:15:13,720 INFO  - Recieve a message from other vehicle (at simulation time 16.002,400,000 s)
2024-06-03 18:15:13,721 INFO  - I'm in better position but no more hops in message (at simulation time 16.002,400,000 s)
2024-06-03 18:15:13,721 INFO  - Recieve a message from other vehicle (at simulation time 16.002,400,000 s)
2024-06-03 18:15:13,721 INFO  - I'm in better position but no more hops in message (at simulation time 16.002,400,000 s)
2024-06-03 18:15:13,721 INFO  - Recieve a message from other vehicle (at simulation time 16.002,400,000 s)
2024-06-03 18:15:13,721 INFO  - I'm in better position but no more hops in message (at simulation time 16.002,400,000 s)
2024-06-03 18:15:13,721 INFO  - Recieve a message from other vehicle (at simulation time 16.002,800,000 s)
2024-06-03 18:15:13,721 INFO  - DENM message Recived from veh_2 -info : piso-molhado (at simulation time 16.002,800,000 s)
2024-06-03 18:15:13,721 INFO  - I slow down due to road state (at simulation time 16.002,800,000 s)
2024-06-03 18:15:13,721 INFO  - No more hops in DENM message (at simulation time 16.002,800,000 s)
2024-06-03 18:15:13,722 INFO  - Recieve a message from other vehicle (at simulation time 16.002,800,000 s)
2024-06-03 18:15:13,722 INFO  - I'm in better position but no more hops in message (at simulation time 16.002,800,000 s)
2024-06-03 18:15:13,722 INFO  - Recieve a message from other vehicle (at simulation time 16.003,300,000 s)
2024-06-03 18:15:13,722 INFO  - I'm in better position but no more hops in message (at simulation time 16.003,300,000 s)
2024-06-03 18:15:13,723 INFO  - Recieve a message from RSU (at simulation time 16.023,157,043 s)
2024-06-03 18:15:13,723 INFO  - Recieve a message from RSU (at simulation time 16.027,300,666 s)
2024-06-03 18:15:13,724 INFO  - Recieve a message from RSU (at simulation time 16.716,623,217 s)
2024-06-03 18:15:13,724 INFO  - Recieve a message from RSU (at simulation time 16.764,908,410 s)
2024-06-03 18:15:13,726 INFO  - Called #onVehicleUpdated (at simulation time 17.000,000,000 s)
2024-06-03 18:15:13,727 INFO  - Sending out AdHoc broadcast (at simulation time 17.000,000,000 s)
2024-06-03 18:15:13,728 INFO  - Recieve a message from other vehicle (at simulation time 17.000,400,000 s)
2024-06-03 18:15:13,728 INFO  - I'm in better position but no more hops in message (at simulation time 17.000,400,000 s)
2024-06-03 18:15:13,728 INFO  - Recieve a message from other vehicle (at simulation time 17.000,400,000 s)
2024-06-03 18:15:13,728 INFO  - I'm in better position but no more hops in message (at simulation time 17.000,400,000 s)
2024-06-03 18:15:13,729 INFO  - Recieve a message from other vehicle (at simulation time 17.000,800,000 s)
2024-06-03 18:15:13,729 INFO  - I'm in better position but no more hops in message (at simulation time 17.000,800,000 s)
2024-06-03 18:15:13,729 INFO  - Recieve a message from other vehicle (at simulation time 17.000,900,000 s)
2024-06-03 18:15:13,729 INFO  - I'm in better position but no more hops in message (at simulation time 17.000,900,000 s)
2024-06-03 18:15:13,729 INFO  - Recieve a message from other vehicle (at simulation time 17.000,900,000 s)
2024-06-03 18:15:13,729 INFO  - I'm in better position but no more hops in message (at simulation time 17.000,900,000 s)
2024-06-03 18:15:13,729 INFO  - Recieve a message from other vehicle (at simulation time 17.000,900,000 s)
2024-06-03 18:15:13,729 INFO  - I'm in better position but no more hops in message (at simulation time 17.000,900,000 s)
2024-06-03 18:15:13,730 INFO  - Recieve a message from other vehicle (at simulation time 17.001,400,000 s)
2024-06-03 18:15:13,730 INFO  - I'm in better position but no more hops in message (at simulation time 17.001,400,000 s)
2024-06-03 18:15:13,730 INFO  - Recieve a message from other vehicle (at simulation time 17.001,400,000 s)
2024-06-03 18:15:13,730 INFO  - I'm in better position but no more hops in message (at simulation time 17.001,400,000 s)
2024-06-03 18:15:13,730 INFO  - Recieve a message from other vehicle (at simulation time 17.001,800,000 s)
2024-06-03 18:15:13,730 INFO  - I'm in better position but no more hops in message (at simulation time 17.001,800,000 s)
2024-06-03 18:15:13,730 INFO  - Recieve a message from other vehicle (at simulation time 17.001,900,000 s)
2024-06-03 18:15:13,730 INFO  - I'm in better position but no more hops in message (at simulation time 17.001,900,000 s)
2024-06-03 18:15:13,730 INFO  - Recieve a message from other vehicle (at simulation time 17.001,900,000 s)
2024-06-03 18:15:13,730 INFO  - I'm in better position but no more hops in message (at simulation time 17.001,900,000 s)
2024-06-03 18:15:13,731 INFO  - Recieve a message from other vehicle (at simulation time 17.002,400,000 s)
2024-06-03 18:15:13,731 INFO  - I'm in better position but no more hops in message (at simulation time 17.002,400,000 s)
2024-06-03 18:15:13,731 INFO  - Recieve a message from other vehicle (at simulation time 17.002,800,000 s)
2024-06-03 18:15:13,731 INFO  - I'm in better position but no more hops in message (at simulation time 17.002,800,000 s)
2024-06-03 18:15:13,731 INFO  - Recieve a message from other vehicle (at simulation time 17.002,800,000 s)
2024-06-03 18:15:13,731 INFO  - I'm in better position but no more hops in message (at simulation time 17.002,800,000 s)
2024-06-03 18:15:13,732 INFO  - Recieve a message from RSU (at simulation time 17.411,728,897 s)
2024-06-03 18:15:13,732 INFO  - Recieve a message from RSU (at simulation time 17.421,249,917 s)
2024-06-03 18:15:13,733 INFO  - Called #onVehicleUpdated (at simulation time 18.000,000,000 s)
2024-06-03 18:15:13,734 INFO  - Sending out AdHoc broadcast (at simulation time 18.000,000,000 s)
2024-06-03 18:15:13,735 INFO  - Recieve a message from RSU (at simulation time 18.000,400,000 s)
2024-06-03 18:15:13,735 INFO  - RSU ordered to advance!!! (at simulation time 18.000,400,000 s)
2024-06-03 18:15:13,735 INFO  - Recieve a message from other vehicle (at simulation time 18.000,400,000 s)
2024-06-03 18:15:13,735 INFO  - I'm in better position but no more hops in message (at simulation time 18.000,400,000 s)
2024-06-03 18:15:13,735 INFO  - Recieve a message from other vehicle (at simulation time 18.000,400,000 s)
2024-06-03 18:15:13,735 INFO  - I'm in better position but no more hops in message (at simulation time 18.000,400,000 s)
2024-06-03 18:15:13,735 INFO  - Recieve a message from other vehicle (at simulation time 18.000,400,000 s)
2024-06-03 18:15:13,735 INFO  - I'm in better position but no more hops in message (at simulation time 18.000,400,000 s)
2024-06-03 18:15:13,736 INFO  - Recieve a message from other vehicle (at simulation time 18.000,900,000 s)
2024-06-03 18:15:13,736 INFO  - I'm in better position but no more hops in message (at simulation time 18.000,900,000 s)
2024-06-03 18:15:13,737 INFO  - Recieve a message from other vehicle (at simulation time 18.001,400,000 s)
2024-06-03 18:15:13,737 INFO  - I'm in better position but no more hops in message (at simulation time 18.001,400,000 s)
2024-06-03 18:15:13,737 INFO  - Recieve a message from other vehicle (at simulation time 18.001,400,000 s)
2024-06-03 18:15:13,737 INFO  - I'm in better position but no more hops in message (at simulation time 18.001,400,000 s)
2024-06-03 18:15:13,737 INFO  - Recieve a message from other vehicle (at simulation time 18.001,900,000 s)
2024-06-03 18:15:13,737 INFO  - I'm in better position but no more hops in message (at simulation time 18.001,900,000 s)
2024-06-03 18:15:13,737 INFO  - Recieve a message from other vehicle (at simulation time 18.002,300,000 s)
2024-06-03 18:15:13,737 INFO  - I'm in better position but no more hops in message (at simulation time 18.002,300,000 s)
2024-06-03 18:15:13,737 INFO  - Recieve a message from other vehicle (at simulation time 18.002,400,000 s)
2024-06-03 18:15:13,737 INFO  - I'm in better position but no more hops in message (at simulation time 18.002,400,000 s)
2024-06-03 18:15:13,738 INFO  - Recieve a message from other vehicle (at simulation time 18.002,400,000 s)
2024-06-03 18:15:13,738 INFO  - I'm in better position but no more hops in message (at simulation time 18.002,400,000 s)
2024-06-03 18:15:13,738 INFO  - Recieve a message from other vehicle (at simulation time 18.002,800,000 s)
2024-06-03 18:15:13,738 INFO  - I'm in better position but no more hops in message (at simulation time 18.002,800,000 s)
2024-06-03 18:15:13,738 INFO  - Recieve a message from other vehicle (at simulation time 18.003,300,000 s)
2024-06-03 18:15:13,738 INFO  - I'm in better position but no more hops in message (at simulation time 18.003,300,000 s)
2024-06-03 18:15:13,738 INFO  - Recieve a message from RSU (at simulation time 18.131,555,797 s)
2024-06-03 18:15:13,738 INFO  - Recieve a message from RSU (at simulation time 18.147,665,987 s)
2024-06-03 18:15:13,739 INFO  - Recieve a message from RSU (at simulation time 18.816,215,873 s)
2024-06-03 18:15:13,739 INFO  - Recieve a message from RSU (at simulation time 18.816,617,964 s)
2024-06-03 18:15:13,742 INFO  - Called #onVehicleUpdated (at simulation time 19.000,000,000 s)
2024-06-03 18:15:13,742 INFO  - Sending out AdHoc broadcast (at simulation time 19.000,000,000 s)
2024-06-03 18:15:13,744 INFO  - Recieve a message from other vehicle (at simulation time 19.000,400,000 s)
2024-06-03 18:15:13,744 INFO  - Recending a message from other vehicle (at simulation time 19.000,400,000 s)
2024-06-03 18:15:13,744 INFO  - Recieve a message from other vehicle (at simulation time 19.000,400,000 s)
2024-06-03 18:15:13,744 INFO  - I'm in better position but no more hops in message (at simulation time 19.000,400,000 s)
2024-06-03 18:15:13,746 INFO  - Recieve a message from other vehicle (at simulation time 19.000,900,000 s)
2024-06-03 18:15:13,746 INFO  - Recending a message from other vehicle (at simulation time 19.000,900,000 s)
2024-06-03 18:15:13,747 INFO  - Recieve a message from other vehicle (at simulation time 19.001,400,000 s)
2024-06-03 18:15:13,747 INFO  - I'm in better position but no more hops in message (at simulation time 19.001,400,000 s)
2024-06-03 18:15:13,747 INFO  - Recieve a message from other vehicle (at simulation time 19.001,900,000 s)
2024-06-03 18:15:13,747 INFO  - I'm in better position but no more hops in message (at simulation time 19.001,900,000 s)
2024-06-03 18:15:13,747 INFO  - Recieve a message from other vehicle (at simulation time 19.001,900,000 s)
2024-06-03 18:15:13,747 INFO  - I'm in better position but no more hops in message (at simulation time 19.001,900,000 s)
2024-06-03 18:15:13,747 INFO  - Recieve a message from other vehicle (at simulation time 19.001,900,000 s)
2024-06-03 18:15:13,747 INFO  - I'm in better position but no more hops in message (at simulation time 19.001,900,000 s)
2024-06-03 18:15:13,748 INFO  - Recieve a message from other vehicle (at simulation time 19.001,900,000 s)
2024-06-03 18:15:13,748 INFO  - I'm in better position but no more hops in message (at simulation time 19.001,900,000 s)
2024-06-03 18:15:13,748 INFO  - Recieve a message from other vehicle (at simulation time 19.002,400,000 s)
2024-06-03 18:15:13,748 INFO  - I'm in better position but no more hops in message (at simulation time 19.002,400,000 s)
2024-06-03 18:15:13,748 INFO  - Recieve a message from other vehicle (at simulation time 19.002,400,000 s)
2024-06-03 18:15:13,748 INFO  - I'm in better position but no more hops in message (at simulation time 19.002,400,000 s)
2024-06-03 18:15:13,748 INFO  - Recieve a message from other vehicle (at simulation time 19.002,800,000 s)
2024-06-03 18:15:13,748 INFO  - I'm in better position but no more hops in message (at simulation time 19.002,800,000 s)
2024-06-03 18:15:13,748 INFO  - Recieve a message from other vehicle (at simulation time 19.002,800,000 s)
2024-06-03 18:15:13,748 INFO  - I'm in better position but no more hops in message (at simulation time 19.002,800,000 s)
2024-06-03 18:15:13,749 INFO  - Recieve a message from RSU (at simulation time 19.521,341,880 s)
2024-06-03 18:15:13,749 INFO  - Recieve a message from RSU (at simulation time 19.523,027,673 s)
2024-06-03 18:15:13,754 INFO  - Called #onVehicleUpdated (at simulation time 20.000,000,000 s)
2024-06-03 18:15:13,755 INFO  - Sending out AdHoc broadcast (at simulation time 20.000,000,000 s)
2024-06-03 18:15:13,756 INFO  - Recieve a message from other vehicle (at simulation time 20.000,400,000 s)
2024-06-03 18:15:13,756 INFO  - My position is not better! (at simulation time 20.000,400,000 s)
2024-06-03 18:15:13,756 INFO  - Recieve a message from other vehicle (at simulation time 20.000,400,000 s)
2024-06-03 18:15:13,756 INFO  - My position is not better! (at simulation time 20.000,400,000 s)
2024-06-03 18:15:13,757 INFO  - Recieve a message from other vehicle (at simulation time 20.000,900,000 s)
2024-06-03 18:15:13,757 INFO  - I'm in better position but no more hops in message (at simulation time 20.000,900,000 s)
2024-06-03 18:15:13,757 INFO  - Recieve a message from other vehicle (at simulation time 20.000,900,000 s)
2024-06-03 18:15:13,757 INFO  - My position is not better! (at simulation time 20.000,900,000 s)
2024-06-03 18:15:13,758 INFO  - Recieve a message from other vehicle (at simulation time 20.001,800,000 s)
2024-06-03 18:15:13,758 INFO  - I'm in better position but no more hops in message (at simulation time 20.001,800,000 s)
2024-06-03 18:15:13,759 INFO  - Recieve a message from other vehicle (at simulation time 20.001,900,000 s)
2024-06-03 18:15:13,759 INFO  - I'm in better position but no more hops in message (at simulation time 20.001,900,000 s)
2024-06-03 18:15:13,760 INFO  - Recieve a message from other vehicle (at simulation time 20.002,300,000 s)
2024-06-03 18:15:13,760 INFO  - I'm in better position but no more hops in message (at simulation time 20.002,300,000 s)
2024-06-03 18:15:13,760 INFO  - Recieve a message from other vehicle (at simulation time 20.002,300,000 s)
2024-06-03 18:15:13,760 INFO  - I'm in better position but no more hops in message (at simulation time 20.002,300,000 s)
2024-06-03 18:15:13,760 INFO  - Recieve a message from other vehicle (at simulation time 20.002,300,000 s)
2024-06-03 18:15:13,760 INFO  - My position is not better! (at simulation time 20.002,300,000 s)
2024-06-03 18:15:13,760 INFO  - Recieve a message from other vehicle (at simulation time 20.002,400,000 s)
2024-06-03 18:15:13,760 INFO  - I'm in better position but no more hops in message (at simulation time 20.002,400,000 s)
2024-06-03 18:15:13,761 INFO  - Recieve a message from other vehicle (at simulation time 20.004,300,000 s)
2024-06-03 18:15:13,761 INFO  - I'm in better position but no more hops in message (at simulation time 20.004,300,000 s)
2024-06-03 18:15:13,763 INFO  - Recieve a message from RSU (at simulation time 20.236,711,092 s)
2024-06-03 18:15:13,763 INFO  - Recieve a message from RSU (at simulation time 20.239,443,376 s)
2024-06-03 18:15:13,764 INFO  - Recieve a message from RSU (at simulation time 20.939,179,847 s)
2024-06-03 18:15:13,764 INFO  - Recieve a message from RSU (at simulation time 20.946,412,619 s)
2024-06-03 18:15:13,766 INFO  - Called #onVehicleUpdated (at simulation time 21.000,000,000 s)
2024-06-03 18:15:13,767 INFO  - Sending out AdHoc broadcast (at simulation time 21.000,000,000 s)
2024-06-03 18:15:13,768 INFO  - Recieve a message from other vehicle (at simulation time 21.000,400,000 s)
2024-06-03 18:15:13,768 INFO  - My position is not better! (at simulation time 21.000,400,000 s)
2024-06-03 18:15:13,768 INFO  - Recieve a message from other vehicle (at simulation time 21.000,900,000 s)
2024-06-03 18:15:13,768 INFO  - My position is not better! (at simulation time 21.000,900,000 s)
2024-06-03 18:15:13,769 INFO  - Recieve a message from other vehicle (at simulation time 21.001,400,000 s)
2024-06-03 18:15:13,769 INFO  - My position is not better! (at simulation time 21.001,400,000 s)
2024-06-03 18:15:13,769 INFO  - Recieve a message from other vehicle (at simulation time 21.001,400,000 s)
2024-06-03 18:15:13,769 INFO  - My position is not better! (at simulation time 21.001,400,000 s)
2024-06-03 18:15:13,769 INFO  - Recieve a message from other vehicle (at simulation time 21.001,800,000 s)
2024-06-03 18:15:13,770 INFO  - I'm in better position but no more hops in message (at simulation time 21.001,800,000 s)
2024-06-03 18:15:13,770 INFO  - Recieve a message from other vehicle (at simulation time 21.001,900,000 s)
2024-06-03 18:15:13,770 INFO  - My position is not better! (at simulation time 21.001,900,000 s)
2024-06-03 18:15:13,770 INFO  - Recieve a message from other vehicle (at simulation time 21.002,300,000 s)
2024-06-03 18:15:13,770 INFO  - My position is not better! (at simulation time 21.002,300,000 s)
2024-06-03 18:15:13,770 INFO  - Recieve a message from other vehicle (at simulation time 21.002,300,000 s)
2024-06-03 18:15:13,770 INFO  - I'm in better position but no more hops in message (at simulation time 21.002,300,000 s)
2024-06-03 18:15:13,770 INFO  - Recieve a message from other vehicle (at simulation time 21.002,300,000 s)
2024-06-03 18:15:13,770 INFO  - I'm in better position but no more hops in message (at simulation time 21.002,300,000 s)
2024-06-03 18:15:13,770 INFO  - Recieve a message from other vehicle (at simulation time 21.002,400,000 s)
2024-06-03 18:15:13,770 INFO  - My position is not better! (at simulation time 21.002,400,000 s)
2024-06-03 18:15:13,771 INFO  - Recieve a message from other vehicle (at simulation time 21.002,800,000 s)
2024-06-03 18:15:13,771 INFO  - My position is not better! (at simulation time 21.002,800,000 s)
2024-06-03 18:15:13,771 INFO  - Recieve a message from other vehicle (at simulation time 21.003,300,000 s)
2024-06-03 18:15:13,771 INFO  - I'm in better position but no more hops in message (at simulation time 21.003,300,000 s)
2024-06-03 18:15:13,774 INFO  - Called #onVehicleUpdated (at simulation time 22.000,000,000 s)
2024-06-03 18:15:13,775 INFO  - Sending out AdHoc broadcast (at simulation time 22.000,000,000 s)
2024-06-03 18:15:13,776 INFO  - Recieve a message from other vehicle (at simulation time 22.000,400,000 s)
2024-06-03 18:15:13,776 INFO  - My position is not better! (at simulation time 22.000,400,000 s)
2024-06-03 18:15:13,777 INFO  - Recieve a message from other vehicle (at simulation time 22.001,400,000 s)
2024-06-03 18:15:13,777 INFO  - My position is not better! (at simulation time 22.001,400,000 s)
2024-06-03 18:15:13,778 INFO  - Recieve a message from other vehicle (at simulation time 22.002,400,000 s)
2024-06-03 18:15:13,778 INFO  - My position is not better! (at simulation time 22.002,400,000 s)
2024-06-03 18:15:13,779 INFO  - Recieve a message from other vehicle (at simulation time 22.002,400,000 s)
2024-06-03 18:15:13,779 INFO  - My position is not better! (at simulation time 22.002,400,000 s)
2024-06-03 18:15:13,779 INFO  - Recieve a message from other vehicle (at simulation time 22.002,400,000 s)
2024-06-03 18:15:13,779 INFO  - My position is not better! (at simulation time 22.002,400,000 s)
2024-06-03 18:15:13,779 INFO  - Recieve a message from other vehicle (at simulation time 22.002,400,000 s)
2024-06-03 18:15:13,779 INFO  - My position is not better! (at simulation time 22.002,400,000 s)
2024-06-03 18:15:13,779 INFO  - Recieve a message from other vehicle (at simulation time 22.002,800,000 s)
2024-06-03 18:15:13,779 INFO  - My position is not better! (at simulation time 22.002,800,000 s)
2024-06-03 18:15:13,779 INFO  - Recieve a message from other vehicle (at simulation time 22.003,300,000 s)
2024-06-03 18:15:13,779 INFO  - My position is not better! (at simulation time 22.003,300,000 s)
2024-06-03 18:15:13,779 INFO  - Recieve a message from other vehicle (at simulation time 22.003,300,000 s)
2024-06-03 18:15:13,779 INFO  - My position is not better! (at simulation time 22.003,300,000 s)
2024-06-03 18:15:13,780 INFO  - Recieve a message from other vehicle (at simulation time 22.004,800,000 s)
2024-06-03 18:15:13,780 INFO  - My position is not better! (at simulation time 22.004,800,000 s)
2024-06-03 18:15:13,783 INFO  - Called #onVehicleUpdated (at simulation time 23.000,000,000 s)
2024-06-03 18:15:13,783 INFO  - Sending out AdHoc broadcast (at simulation time 23.000,000,000 s)
2024-06-03 18:15:13,786 INFO  - Recieve a message from other vehicle (at simulation time 23.001,300,000 s)
2024-06-03 18:15:13,786 INFO  - My position is not better! (at simulation time 23.001,300,000 s)
2024-06-03 18:15:13,786 INFO  - Recieve a message from other vehicle (at simulation time 23.001,400,000 s)
2024-06-03 18:15:13,786 INFO  - My position is not better! (at simulation time 23.001,400,000 s)
2024-06-03 18:15:13,786 INFO  - Recieve a message from other vehicle (at simulation time 23.001,800,000 s)
2024-06-03 18:15:13,786 INFO  - My position is not better! (at simulation time 23.001,800,000 s)
2024-06-03 18:15:13,787 INFO  - Recieve a message from other vehicle (at simulation time 23.002,800,000 s)
2024-06-03 18:15:13,787 INFO  - My position is not better! (at simulation time 23.002,800,000 s)
2024-06-03 18:15:13,787 INFO  - Recieve a message from other vehicle (at simulation time 23.004,300,000 s)
2024-06-03 18:15:13,787 INFO  - My position is not better! (at simulation time 23.004,300,000 s)
2024-06-03 18:15:13,787 INFO  - Recieve a message from other vehicle (at simulation time 23.004,800,000 s)
2024-06-03 18:15:13,787 INFO  - My position is not better! (at simulation time 23.004,800,000 s)
2024-06-03 18:15:13,790 INFO  - Called #onVehicleUpdated (at simulation time 24.000,000,000 s)
2024-06-03 18:15:13,791 INFO  - Sending out AdHoc broadcast (at simulation time 24.000,000,000 s)
2024-06-03 18:15:13,796 INFO  - Called #onVehicleUpdated (at simulation time 25.000,000,000 s)
2024-06-03 18:15:13,797 INFO  - Sending out AdHoc broadcast (at simulation time 25.000,000,000 s)
2024-06-03 18:15:13,801 INFO  - Called #onVehicleUpdated (at simulation time 26.000,000,000 s)
2024-06-03 18:15:13,802 INFO  - Sending out AdHoc broadcast (at simulation time 26.000,000,000 s)
2024-06-03 18:15:13,805 INFO  - Called #onVehicleUpdated (at simulation time 27.000,000,000 s)
2024-06-03 18:15:13,806 INFO  - Sending out AdHoc broadcast (at simulation time 27.000,000,000 s)
2024-06-03 18:15:13,810 INFO  - Called #onVehicleUpdated (at simulation time 28.000,000,000 s)
2024-06-03 18:15:13,811 INFO  - Sending out AdHoc broadcast (at simulation time 28.000,000,000 s)
2024-06-03 18:15:13,816 INFO  - Shutdown (at simulation time 29.000,000,000 s)
