2024-06-03 19:57:41,323 INFO  - Initialize Vehicle application (at simulation time 222.000,000,000 s)
2024-06-03 19:57:41,325 INFO  - Activated WLAN Module (at simulation time 222.000,000,000 s)
2024-06-03 19:57:41,327 INFO  - Called #onVehicleUpdated (at simulation time 222.000,000,000 s)
2024-06-03 19:57:41,578 INFO  - Called #onVehicleUpdated (at simulation time 223.000,000,000 s)
2024-06-03 19:57:41,579 INFO  - Define the name: veh_39 and route: r_4 (at simulation time 223.000,000,000 s)
2024-06-03 19:57:41,579 INFO  - Sending out AdHoc broadcast (at simulation time 223.000,000,000 s)
2024-06-03 19:57:41,582 INFO  - Recieve a message from other vehicle (at simulation time 223.000,900,000 s)
2024-06-03 19:57:41,582 INFO  - My position is not better! (at simulation time 223.000,900,000 s)
2024-06-03 19:57:41,583 INFO  - Recieve a message from other vehicle (at simulation time 223.001,400,000 s)
2024-06-03 19:57:41,583 INFO  - My position is not better! (at simulation time 223.001,400,000 s)
2024-06-03 19:57:41,584 INFO  - Recieve a message from other vehicle (at simulation time 223.001,800,000 s)
2024-06-03 19:57:41,584 INFO  - My position is not better! (at simulation time 223.001,800,000 s)
2024-06-03 19:57:41,584 INFO  - Recieve a message from other vehicle (at simulation time 223.001,900,000 s)
2024-06-03 19:57:41,584 INFO  - My position is not better! (at simulation time 223.001,900,000 s)
2024-06-03 19:57:41,820 INFO  - Called #onVehicleUpdated (at simulation time 224.000,000,000 s)
2024-06-03 19:57:41,822 INFO  - Recieve a message from other vehicle (at simulation time 224.000,400,000 s)
2024-06-03 19:57:41,822 INFO  - My position is not better! (at simulation time 224.000,400,000 s)
2024-06-03 19:57:41,824 INFO  - Recieve a message from other vehicle (at simulation time 224.000,400,000 s)
2024-06-03 19:57:41,824 INFO  - My position is not better! (at simulation time 224.000,400,000 s)
2024-06-03 19:57:41,824 INFO  - Recieve a message from other vehicle (at simulation time 224.000,900,000 s)
2024-06-03 19:57:41,824 INFO  - Recending a message from other vehicle (at simulation time 224.000,900,000 s)
2024-06-03 19:57:41,825 INFO  - Recieve a message from other vehicle (at simulation time 224.001,900,000 s)
2024-06-03 19:57:41,825 INFO  - My position is not better! (at simulation time 224.001,900,000 s)
2024-06-03 19:57:41,826 INFO  - Recieve a message from other vehicle (at simulation time 224.001,900,000 s)
2024-06-03 19:57:41,826 INFO  - My position is not better! (at simulation time 224.001,900,000 s)
2024-06-03 19:57:42,069 INFO  - Called #onVehicleUpdated (at simulation time 225.000,000,000 s)
2024-06-03 19:57:42,070 INFO  - Sending out AdHoc broadcast (at simulation time 225.000,000,000 s)
2024-06-03 19:57:42,071 INFO  - Recieve a message from other vehicle (at simulation time 225.000,400,000 s)
2024-06-03 19:57:42,071 INFO  - My position is not better! (at simulation time 225.000,400,000 s)
2024-06-03 19:57:42,072 INFO  - Recieve a message from other vehicle (at simulation time 225.000,400,000 s)
2024-06-03 19:57:42,072 INFO  - My position is not better! (at simulation time 225.000,400,000 s)
2024-06-03 19:57:42,072 INFO  - Recieve a message from other vehicle (at simulation time 225.000,900,000 s)
2024-06-03 19:57:42,072 INFO  - My position is not better! (at simulation time 225.000,900,000 s)
2024-06-03 19:57:42,075 INFO  - Recieve a message from other vehicle (at simulation time 225.001,800,000 s)
2024-06-03 19:57:42,075 INFO  - My position is not better! (at simulation time 225.001,800,000 s)
2024-06-03 19:57:42,075 INFO  - Recieve a message from other vehicle (at simulation time 225.001,900,000 s)
2024-06-03 19:57:42,075 INFO  - My position is not better! (at simulation time 225.001,900,000 s)
2024-06-03 19:57:42,076 INFO  - Recieve a message from other vehicle (at simulation time 225.002,400,000 s)
2024-06-03 19:57:42,076 INFO  - My position is not better! (at simulation time 225.002,400,000 s)
2024-06-03 19:57:42,320 INFO  - Called #onVehicleUpdated (at simulation time 226.000,000,000 s)
2024-06-03 19:57:42,323 INFO  - Recieve a message from other vehicle (at simulation time 226.000,400,000 s)
2024-06-03 19:57:42,324 INFO  - My position is not better! (at simulation time 226.000,400,000 s)
2024-06-03 19:57:42,324 INFO  - Recieve a message from other vehicle (at simulation time 226.000,400,000 s)
2024-06-03 19:57:42,324 INFO  - My position is not better! (at simulation time 226.000,400,000 s)
2024-06-03 19:57:42,326 INFO  - Recieve a message from other vehicle (at simulation time 226.000,400,000 s)
2024-06-03 19:57:42,326 INFO  - My position is not better! (at simulation time 226.000,400,000 s)
2024-06-03 19:57:42,326 INFO  - Recieve a message from other vehicle (at simulation time 226.000,400,000 s)
2024-06-03 19:57:42,326 INFO  - I'm in better position but no more hops in message (at simulation time 226.000,400,000 s)
2024-06-03 19:57:42,327 INFO  - Recieve a message from other vehicle (at simulation time 226.000,900,000 s)
2024-06-03 19:57:42,327 INFO  - My position is not better! (at simulation time 226.000,900,000 s)
2024-06-03 19:57:42,328 INFO  - Recieve a message from other vehicle (at simulation time 226.001,900,000 s)
2024-06-03 19:57:42,328 INFO  - My position is not better! (at simulation time 226.001,900,000 s)
2024-06-03 19:57:42,567 INFO  - Called #onVehicleUpdated (at simulation time 227.000,000,000 s)
2024-06-03 19:57:42,568 INFO  - Sending out AdHoc broadcast (at simulation time 227.000,000,000 s)
2024-06-03 19:57:42,570 INFO  - Recieve a message from other vehicle (at simulation time 227.000,400,000 s)
2024-06-03 19:57:42,570 INFO  - My position is not better! (at simulation time 227.000,400,000 s)
2024-06-03 19:57:42,572 INFO  - Recieve a message from other vehicle (at simulation time 227.001,400,000 s)
2024-06-03 19:57:42,572 INFO  - My position is not better! (at simulation time 227.001,400,000 s)
2024-06-03 19:57:42,572 INFO  - Recieve a message from other vehicle (at simulation time 227.001,400,000 s)
2024-06-03 19:57:42,572 INFO  - My position is not better! (at simulation time 227.001,400,000 s)
2024-06-03 19:57:42,572 INFO  - Recieve a message from other vehicle (at simulation time 227.001,400,000 s)
2024-06-03 19:57:42,572 INFO  - My position is not better! (at simulation time 227.001,400,000 s)
2024-06-03 19:57:42,573 INFO  - Recieve a message from other vehicle (at simulation time 227.001,400,000 s)
2024-06-03 19:57:42,573 INFO  - My position is not better! (at simulation time 227.001,400,000 s)
2024-06-03 19:57:42,818 INFO  - Called #onVehicleUpdated (at simulation time 228.000,000,000 s)
2024-06-03 19:57:42,822 INFO  - Recieve a message from other vehicle (at simulation time 228.001,400,000 s)
2024-06-03 19:57:42,822 INFO  - My position is not better! (at simulation time 228.001,400,000 s)
2024-06-03 19:57:42,823 INFO  - Recieve a message from other vehicle (at simulation time 228.001,400,000 s)
2024-06-03 19:57:42,823 INFO  - My position is not better! (at simulation time 228.001,400,000 s)
2024-06-03 19:57:42,823 INFO  - Recieve a message from other vehicle (at simulation time 228.001,400,000 s)
2024-06-03 19:57:42,823 INFO  - My position is not better! (at simulation time 228.001,400,000 s)
2024-06-03 19:57:42,823 INFO  - Recieve a message from other vehicle (at simulation time 228.001,400,000 s)
2024-06-03 19:57:42,823 INFO  - I'm in better position but no more hops in message (at simulation time 228.001,400,000 s)
2024-06-03 19:57:42,823 INFO  - Recieve a message from other vehicle (at simulation time 228.001,900,000 s)
2024-06-03 19:57:42,823 INFO  - My position is not better! (at simulation time 228.001,900,000 s)
2024-06-03 19:57:42,823 INFO  - Recieve a message from other vehicle (at simulation time 228.001,900,000 s)
2024-06-03 19:57:42,823 INFO  - My position is not better! (at simulation time 228.001,900,000 s)
2024-06-03 19:57:43,068 INFO  - Called #onVehicleUpdated (at simulation time 229.000,000,000 s)
2024-06-03 19:57:43,069 INFO  - Sending out AdHoc broadcast (at simulation time 229.000,000,000 s)
2024-06-03 19:57:43,071 INFO  - Recieve a message from other vehicle (at simulation time 229.000,400,000 s)
2024-06-03 19:57:43,071 INFO  - My position is not better! (at simulation time 229.000,400,000 s)
2024-06-03 19:57:43,071 INFO  - Recieve a message from other vehicle (at simulation time 229.000,400,000 s)
2024-06-03 19:57:43,071 INFO  - My position is not better! (at simulation time 229.000,400,000 s)
2024-06-03 19:57:43,073 INFO  - Recieve a message from other vehicle (at simulation time 229.000,900,000 s)
2024-06-03 19:57:43,073 INFO  - My position is not better! (at simulation time 229.000,900,000 s)
2024-06-03 19:57:43,073 INFO  - Recieve a message from other vehicle (at simulation time 229.001,400,000 s)
2024-06-03 19:57:43,073 INFO  - My position is not better! (at simulation time 229.001,400,000 s)
2024-06-03 19:57:43,073 INFO  - Recieve a message from other vehicle (at simulation time 229.001,400,000 s)
2024-06-03 19:57:43,073 INFO  - My position is not better! (at simulation time 229.001,400,000 s)
2024-06-03 19:57:43,321 INFO  - Called #onVehicleUpdated (at simulation time 230.000,000,000 s)
2024-06-03 19:57:43,325 INFO  - Recieve a message from other vehicle (at simulation time 230.000,400,000 s)
2024-06-03 19:57:43,325 INFO  - My position is not better! (at simulation time 230.000,400,000 s)
2024-06-03 19:57:43,326 INFO  - Recieve a message from other vehicle (at simulation time 230.000,900,000 s)
2024-06-03 19:57:43,326 INFO  - My position is not better! (at simulation time 230.000,900,000 s)
2024-06-03 19:57:43,326 INFO  - Recieve a message from other vehicle (at simulation time 230.000,900,000 s)
2024-06-03 19:57:43,326 INFO  - My position is not better! (at simulation time 230.000,900,000 s)
2024-06-03 19:57:43,327 INFO  - Recieve a message from other vehicle (at simulation time 230.000,900,000 s)
2024-06-03 19:57:43,327 INFO  - I'm in better position but no more hops in message (at simulation time 230.000,900,000 s)
2024-06-03 19:57:43,327 INFO  - Recieve a message from other vehicle (at simulation time 230.001,400,000 s)
2024-06-03 19:57:43,327 INFO  - My position is not better! (at simulation time 230.001,400,000 s)
2024-06-03 19:57:43,327 INFO  - Recieve a message from other vehicle (at simulation time 230.001,900,000 s)
2024-06-03 19:57:43,327 INFO  - My position is not better! (at simulation time 230.001,900,000 s)
2024-06-03 19:57:43,568 INFO  - Called #onVehicleUpdated (at simulation time 231.000,000,000 s)
2024-06-03 19:57:43,568 INFO  - Sending out DENM broadcast (at simulation time 231.000,000,000 s)
2024-06-03 19:57:43,568 INFO  - Sending out AdHoc broadcast (at simulation time 231.000,000,000 s)
2024-06-03 19:57:43,569 INFO  - Recieve a message from other vehicle (at simulation time 231.000,400,000 s)
2024-06-03 19:57:43,569 INFO  - My position is not better! (at simulation time 231.000,400,000 s)
2024-06-03 19:57:43,572 INFO  - Recieve a message from other vehicle (at simulation time 231.000,900,000 s)
2024-06-03 19:57:43,572 INFO  - My position is not better! (at simulation time 231.000,900,000 s)
2024-06-03 19:57:43,575 INFO  - Recieve a message from other vehicle (at simulation time 231.001,900,000 s)
2024-06-03 19:57:43,575 INFO  - My position is not better! (at simulation time 231.001,900,000 s)
2024-06-03 19:57:43,575 INFO  - Recieve a message from other vehicle (at simulation time 231.001,900,000 s)
2024-06-03 19:57:43,575 INFO  - My position is not better! (at simulation time 231.001,900,000 s)
2024-06-03 19:57:43,576 INFO  - Recieve a message from other vehicle (at simulation time 231.002,400,000 s)
2024-06-03 19:57:43,576 INFO  - My position is not better! (at simulation time 231.002,400,000 s)
2024-06-03 19:57:43,577 INFO  - Recieve a message from other vehicle (at simulation time 231.002,800,000 s)
2024-06-03 19:57:43,577 INFO  - DENM message Recived from veh_39 -info : seco (at simulation time 231.002,800,000 s)
2024-06-03 19:57:43,577 INFO  - No more hops in DENM message (at simulation time 231.002,800,000 s)
2024-06-03 19:57:43,819 INFO  - Called #onVehicleUpdated (at simulation time 232.000,000,000 s)
2024-06-03 19:57:43,822 INFO  - Recieve a message from other vehicle (at simulation time 232.000,900,000 s)
2024-06-03 19:57:43,823 INFO  - My position is not better! (at simulation time 232.000,900,000 s)
2024-06-03 19:57:43,824 INFO  - Recieve a message from other vehicle (at simulation time 232.000,900,000 s)
2024-06-03 19:57:43,824 INFO  - I'm in better position but no more hops in message (at simulation time 232.000,900,000 s)
2024-06-03 19:57:43,825 INFO  - Recieve a message from other vehicle (at simulation time 232.001,900,000 s)
2024-06-03 19:57:43,825 INFO  - DENM message Recived from veh_40 -info : seco (at simulation time 232.001,900,000 s)
2024-06-03 19:57:43,825 INFO  - No more hops in DENM message (at simulation time 232.001,900,000 s)
2024-06-03 19:57:43,826 INFO  - Recieve a message from other vehicle (at simulation time 232.001,900,000 s)
2024-06-03 19:57:43,826 INFO  - My position is not better! (at simulation time 232.001,900,000 s)
2024-06-03 19:57:43,827 INFO  - Recieve a message from other vehicle (at simulation time 232.002,400,000 s)
2024-06-03 19:57:43,827 INFO  - My position is not better! (at simulation time 232.002,400,000 s)
2024-06-03 19:57:43,828 INFO  - Recieve a message from other vehicle (at simulation time 232.002,400,000 s)
2024-06-03 19:57:43,828 INFO  - My position is not better! (at simulation time 232.002,400,000 s)
2024-06-03 19:57:43,828 INFO  - Recieve a message from other vehicle (at simulation time 232.002,400,000 s)
2024-06-03 19:57:43,828 INFO  - My position is not better! (at simulation time 232.002,400,000 s)
2024-06-03 19:57:43,828 INFO  - Recieve a message from other vehicle (at simulation time 232.002,800,000 s)
2024-06-03 19:57:43,828 INFO  - DENM message Recived from veh_40 -info : seco (at simulation time 232.002,800,000 s)
2024-06-03 19:57:43,828 INFO  - No more hops in DENM message (at simulation time 232.002,800,000 s)
2024-06-03 19:57:44,068 INFO  - Called #onVehicleUpdated (at simulation time 233.000,000,000 s)
2024-06-03 19:57:44,069 INFO  - Sending out AdHoc broadcast (at simulation time 233.000,000,000 s)
2024-06-03 19:57:44,070 INFO  - Recieve a message from other vehicle (at simulation time 233.000,400,000 s)
2024-06-03 19:57:44,070 INFO  - My position is not better! (at simulation time 233.000,400,000 s)
2024-06-03 19:57:44,071 INFO  - Recieve a message from other vehicle (at simulation time 233.000,900,000 s)
2024-06-03 19:57:44,071 INFO  - My position is not better! (at simulation time 233.000,900,000 s)
2024-06-03 19:57:44,073 INFO  - Recieve a message from other vehicle (at simulation time 233.001,400,000 s)
2024-06-03 19:57:44,073 INFO  - My position is not better! (at simulation time 233.001,400,000 s)
2024-06-03 19:57:44,073 INFO  - Recieve a message from other vehicle (at simulation time 233.001,900,000 s)
2024-06-03 19:57:44,073 INFO  - My position is not better! (at simulation time 233.001,900,000 s)
2024-06-03 19:57:44,074 INFO  - Recieve a message from other vehicle (at simulation time 233.002,400,000 s)
2024-06-03 19:57:44,074 INFO  - My position is not better! (at simulation time 233.002,400,000 s)
2024-06-03 19:57:44,320 INFO  - Called #onVehicleUpdated (at simulation time 234.000,000,000 s)
2024-06-03 19:57:44,326 INFO  - Recieve a message from other vehicle (at simulation time 234.000,900,000 s)
2024-06-03 19:57:44,326 INFO  - I'm in better position but no more hops in message (at simulation time 234.000,900,000 s)
2024-06-03 19:57:44,326 INFO  - Recieve a message from other vehicle (at simulation time 234.001,400,000 s)
2024-06-03 19:57:44,326 INFO  - My position is not better! (at simulation time 234.001,400,000 s)
2024-06-03 19:57:44,326 INFO  - Recieve a message from other vehicle (at simulation time 234.001,400,000 s)
2024-06-03 19:57:44,326 INFO  - My position is not better! (at simulation time 234.001,400,000 s)
2024-06-03 19:57:44,328 INFO  - Recieve a message from other vehicle (at simulation time 234.001,400,000 s)
2024-06-03 19:57:44,328 INFO  - My position is not better! (at simulation time 234.001,400,000 s)
2024-06-03 19:57:44,328 INFO  - Recieve a message from other vehicle (at simulation time 234.001,900,000 s)
2024-06-03 19:57:44,328 INFO  - My position is not better! (at simulation time 234.001,900,000 s)
2024-06-03 19:57:44,330 INFO  - Recieve a message from other vehicle (at simulation time 234.002,400,000 s)
2024-06-03 19:57:44,330 INFO  - My position is not better! (at simulation time 234.002,400,000 s)
2024-06-03 19:57:44,571 INFO  - Called #onVehicleUpdated (at simulation time 235.000,000,000 s)
2024-06-03 19:57:44,572 INFO  - Sending out AdHoc broadcast (at simulation time 235.000,000,000 s)
2024-06-03 19:57:44,574 INFO  - Recieve a message from other vehicle (at simulation time 235.000,400,000 s)
2024-06-03 19:57:44,574 INFO  - My position is not better! (at simulation time 235.000,400,000 s)
2024-06-03 19:57:44,575 INFO  - Recieve a message from other vehicle (at simulation time 235.000,900,000 s)
2024-06-03 19:57:44,575 INFO  - My position is not better! (at simulation time 235.000,900,000 s)
2024-06-03 19:57:44,575 INFO  - Recieve a message from other vehicle (at simulation time 235.000,900,000 s)
2024-06-03 19:57:44,575 INFO  - My position is not better! (at simulation time 235.000,900,000 s)
2024-06-03 19:57:44,575 INFO  - Recieve a message from other vehicle (at simulation time 235.000,900,000 s)
2024-06-03 19:57:44,575 INFO  - My position is not better! (at simulation time 235.000,900,000 s)
2024-06-03 19:57:44,576 INFO  - Recieve a message from other vehicle (at simulation time 235.001,400,000 s)
2024-06-03 19:57:44,576 INFO  - My position is not better! (at simulation time 235.001,400,000 s)
2024-06-03 19:57:44,820 INFO  - Called #onVehicleUpdated (at simulation time 236.000,000,000 s)
2024-06-03 19:57:44,822 INFO  - Recieve a message from other vehicle (at simulation time 236.000,400,000 s)
2024-06-03 19:57:44,822 INFO  - My position is not better! (at simulation time 236.000,400,000 s)
2024-06-03 19:57:44,824 INFO  - Recieve a message from other vehicle (at simulation time 236.000,400,000 s)
2024-06-03 19:57:44,824 INFO  - My position is not better! (at simulation time 236.000,400,000 s)
2024-06-03 19:57:44,826 INFO  - Recieve a message from other vehicle (at simulation time 236.000,900,000 s)
2024-06-03 19:57:44,826 INFO  - I'm in better position but no more hops in message (at simulation time 236.000,900,000 s)
2024-06-03 19:57:44,828 INFO  - Recieve a message from other vehicle (at simulation time 236.001,400,000 s)
2024-06-03 19:57:44,828 INFO  - My position is not better! (at simulation time 236.001,400,000 s)
2024-06-03 19:57:44,828 INFO  - Recieve a message from other vehicle (at simulation time 236.001,900,000 s)
2024-06-03 19:57:44,828 INFO  - My position is not better! (at simulation time 236.001,900,000 s)
2024-06-03 19:57:44,828 INFO  - Recieve a message from other vehicle (at simulation time 236.001,900,000 s)
2024-06-03 19:57:44,828 INFO  - My position is not better! (at simulation time 236.001,900,000 s)
2024-06-03 19:57:45,070 INFO  - Called #onVehicleUpdated (at simulation time 237.000,000,000 s)
2024-06-03 19:57:45,071 INFO  - Sending out AdHoc broadcast (at simulation time 237.000,000,000 s)
2024-06-03 19:57:45,075 INFO  - Recieve a message from other vehicle (at simulation time 237.000,400,000 s)
2024-06-03 19:57:45,075 INFO  - My position is not better! (at simulation time 237.000,400,000 s)
2024-06-03 19:57:45,075 INFO  - Recieve a message from other vehicle (at simulation time 237.000,900,000 s)
2024-06-03 19:57:45,075 INFO  - My position is not better! (at simulation time 237.000,900,000 s)
2024-06-03 19:57:45,077 INFO  - Recieve a message from other vehicle (at simulation time 237.001,400,000 s)
2024-06-03 19:57:45,077 INFO  - My position is not better! (at simulation time 237.001,400,000 s)
2024-06-03 19:57:45,080 INFO  - Recieve a message from other vehicle (at simulation time 237.001,900,000 s)
2024-06-03 19:57:45,080 INFO  - My position is not better! (at simulation time 237.001,900,000 s)
2024-06-03 19:57:45,081 INFO  - Recieve a message from other vehicle (at simulation time 237.002,400,000 s)
2024-06-03 19:57:45,081 INFO  - My position is not better! (at simulation time 237.002,400,000 s)
2024-06-03 19:57:45,318 INFO  - Called #onVehicleUpdated (at simulation time 238.000,000,000 s)
2024-06-03 19:57:45,322 INFO  - Recieve a message from other vehicle (at simulation time 238.001,400,000 s)
2024-06-03 19:57:45,322 INFO  - My position is not better! (at simulation time 238.001,400,000 s)
2024-06-03 19:57:45,322 INFO  - Recieve a message from other vehicle (at simulation time 238.001,400,000 s)
2024-06-03 19:57:45,322 INFO  - My position is not better! (at simulation time 238.001,400,000 s)
2024-06-03 19:57:45,323 INFO  - Recieve a message from other vehicle (at simulation time 238.001,400,000 s)
2024-06-03 19:57:45,323 INFO  - My position is not better! (at simulation time 238.001,400,000 s)
2024-06-03 19:57:45,323 INFO  - Recieve a message from other vehicle (at simulation time 238.001,400,000 s)
2024-06-03 19:57:45,323 INFO  - I'm in better position but no more hops in message (at simulation time 238.001,400,000 s)
2024-06-03 19:57:45,323 INFO  - Recieve a message from other vehicle (at simulation time 238.001,900,000 s)
2024-06-03 19:57:45,323 INFO  - My position is not better! (at simulation time 238.001,900,000 s)
2024-06-03 19:57:45,325 INFO  - Recieve a message from other vehicle (at simulation time 238.002,400,000 s)
2024-06-03 19:57:45,325 INFO  - My position is not better! (at simulation time 238.002,400,000 s)
2024-06-03 19:57:45,569 INFO  - Called #onVehicleUpdated (at simulation time 239.000,000,000 s)
2024-06-03 19:57:45,570 INFO  - Sending out AdHoc broadcast (at simulation time 239.000,000,000 s)
2024-06-03 19:57:45,573 INFO  - Recieve a message from other vehicle (at simulation time 239.000,900,000 s)
2024-06-03 19:57:45,573 INFO  - My position is not better! (at simulation time 239.000,900,000 s)
2024-06-03 19:57:45,573 INFO  - Recieve a message from other vehicle (at simulation time 239.000,900,000 s)
2024-06-03 19:57:45,573 INFO  - My position is not better! (at simulation time 239.000,900,000 s)
2024-06-03 19:57:45,575 INFO  - Recieve a message from other vehicle (at simulation time 239.002,400,000 s)
2024-06-03 19:57:45,575 INFO  - My position is not better! (at simulation time 239.002,400,000 s)
2024-06-03 19:57:45,575 INFO  - Recieve a message from other vehicle (at simulation time 239.002,400,000 s)
2024-06-03 19:57:45,575 INFO  - My position is not better! (at simulation time 239.002,400,000 s)
2024-06-03 19:57:45,575 INFO  - Recieve a message from other vehicle (at simulation time 239.002,400,000 s)
2024-06-03 19:57:45,575 INFO  - My position is not better! (at simulation time 239.002,400,000 s)
2024-06-03 19:57:45,821 INFO  - Called #onVehicleUpdated (at simulation time 240.000,000,000 s)
2024-06-03 19:57:45,824 INFO  - Recieve a message from other vehicle (at simulation time 240.000,400,000 s)
2024-06-03 19:57:45,824 INFO  - I'm in better position but no more hops in message (at simulation time 240.000,400,000 s)
2024-06-03 19:57:45,825 INFO  - Recieve a message from other vehicle (at simulation time 240.000,900,000 s)
2024-06-03 19:57:45,825 INFO  - My position is not better! (at simulation time 240.000,900,000 s)
2024-06-03 19:57:45,826 INFO  - Recieve a message from other vehicle (at simulation time 240.001,400,000 s)
2024-06-03 19:57:45,826 INFO  - My position is not better! (at simulation time 240.001,400,000 s)
2024-06-03 19:57:45,828 INFO  - Recieve a message from other vehicle (at simulation time 240.001,400,000 s)
2024-06-03 19:57:45,828 INFO  - My position is not better! (at simulation time 240.001,400,000 s)
2024-06-03 19:57:45,828 INFO  - Recieve a message from other vehicle (at simulation time 240.001,900,000 s)
2024-06-03 19:57:45,828 INFO  - My position is not better! (at simulation time 240.001,900,000 s)
2024-06-03 19:57:45,830 INFO  - Recieve a message from other vehicle (at simulation time 240.001,900,000 s)
2024-06-03 19:57:45,830 INFO  - My position is not better! (at simulation time 240.001,900,000 s)
2024-06-03 19:57:46,072 INFO  - Called #onVehicleUpdated (at simulation time 241.000,000,000 s)
2024-06-03 19:57:46,072 INFO  - Sending out AdHoc broadcast (at simulation time 241.000,000,000 s)
2024-06-03 19:57:46,078 INFO  - Recieve a message from other vehicle (at simulation time 241.000,900,000 s)
2024-06-03 19:57:46,078 INFO  - My position is not better! (at simulation time 241.000,900,000 s)
2024-06-03 19:57:46,078 INFO  - Recieve a message from other vehicle (at simulation time 241.001,400,000 s)
2024-06-03 19:57:46,078 INFO  - My position is not better! (at simulation time 241.001,400,000 s)
2024-06-03 19:57:46,080 INFO  - Recieve a message from other vehicle (at simulation time 241.001,900,000 s)
2024-06-03 19:57:46,080 INFO  - My position is not better! (at simulation time 241.001,900,000 s)
2024-06-03 19:57:46,080 INFO  - Recieve a message from other vehicle (at simulation time 241.001,900,000 s)
2024-06-03 19:57:46,080 INFO  - My position is not better! (at simulation time 241.001,900,000 s)
2024-06-03 19:57:46,083 INFO  - Recieve a message from other vehicle (at simulation time 241.002,400,000 s)
2024-06-03 19:57:46,083 INFO  - My position is not better! (at simulation time 241.002,400,000 s)
2024-06-03 19:57:46,320 INFO  - Called #onVehicleUpdated (at simulation time 242.000,000,000 s)
2024-06-03 19:57:46,324 INFO  - Recieve a message from other vehicle (at simulation time 242.000,400,000 s)
2024-06-03 19:57:46,324 INFO  - My position is not better! (at simulation time 242.000,400,000 s)
2024-06-03 19:57:46,326 INFO  - Recieve a message from other vehicle (at simulation time 242.000,900,000 s)
2024-06-03 19:57:46,326 INFO  - I'm in better position but no more hops in message (at simulation time 242.000,900,000 s)
2024-06-03 19:57:46,328 INFO  - Recieve a message from other vehicle (at simulation time 242.001,900,000 s)
2024-06-03 19:57:46,328 INFO  - My position is not better! (at simulation time 242.001,900,000 s)
2024-06-03 19:57:46,328 INFO  - Recieve a message from other vehicle (at simulation time 242.002,400,000 s)
2024-06-03 19:57:46,328 INFO  - My position is not better! (at simulation time 242.002,400,000 s)
2024-06-03 19:57:46,328 INFO  - Recieve a message from other vehicle (at simulation time 242.002,400,000 s)
2024-06-03 19:57:46,329 INFO  - My position is not better! (at simulation time 242.002,400,000 s)
2024-06-03 19:57:46,329 INFO  - Recieve a message from other vehicle (at simulation time 242.002,400,000 s)
2024-06-03 19:57:46,329 INFO  - My position is not better! (at simulation time 242.002,400,000 s)
2024-06-03 19:57:46,572 INFO  - Called #onVehicleUpdated (at simulation time 243.000,000,000 s)
2024-06-03 19:57:46,573 INFO  - Sending out AdHoc broadcast (at simulation time 243.000,000,000 s)
2024-06-03 19:57:46,574 INFO  - Recieve a message from other vehicle (at simulation time 243.000,400,000 s)
2024-06-03 19:57:46,574 INFO  - My position is not better! (at simulation time 243.000,400,000 s)
2024-06-03 19:57:46,575 INFO  - Recieve a message from other vehicle (at simulation time 243.000,400,000 s)
2024-06-03 19:57:46,575 INFO  - My position is not better! (at simulation time 243.000,400,000 s)
2024-06-03 19:57:46,576 INFO  - Recieve a message from other vehicle (at simulation time 243.000,900,000 s)
2024-06-03 19:57:46,576 INFO  - My position is not better! (at simulation time 243.000,900,000 s)
2024-06-03 19:57:46,576 INFO  - Recieve a message from other vehicle (at simulation time 243.001,400,000 s)
2024-06-03 19:57:46,576 INFO  - My position is not better! (at simulation time 243.001,400,000 s)
2024-06-03 19:57:46,577 INFO  - Recieve a message from other vehicle (at simulation time 243.001,900,000 s)
2024-06-03 19:57:46,577 INFO  - My position is not better! (at simulation time 243.001,900,000 s)
2024-06-03 19:57:46,821 INFO  - Called #onVehicleUpdated (at simulation time 244.000,000,000 s)
2024-06-03 19:57:46,825 INFO  - Recieve a message from other vehicle (at simulation time 244.000,900,000 s)
2024-06-03 19:57:46,825 INFO  - My position is not better! (at simulation time 244.000,900,000 s)
2024-06-03 19:57:46,825 INFO  - Recieve a message from other vehicle (at simulation time 244.000,900,000 s)
2024-06-03 19:57:46,825 INFO  - My position is not better! (at simulation time 244.000,900,000 s)
2024-06-03 19:57:46,825 INFO  - Recieve a message from other vehicle (at simulation time 244.001,400,000 s)
2024-06-03 19:57:46,825 INFO  - My position is not better! (at simulation time 244.001,400,000 s)
2024-06-03 19:57:46,826 INFO  - Recieve a message from other vehicle (at simulation time 244.001,400,000 s)
2024-06-03 19:57:46,826 INFO  - My position is not better! (at simulation time 244.001,400,000 s)
2024-06-03 19:57:46,826 INFO  - Recieve a message from other vehicle (at simulation time 244.001,900,000 s)
2024-06-03 19:57:46,826 INFO  - My position is not better! (at simulation time 244.001,900,000 s)
2024-06-03 19:57:46,827 INFO  - Recieve a message from other vehicle (at simulation time 244.001,900,000 s)
2024-06-03 19:57:46,827 INFO  - I'm in better position but no more hops in message (at simulation time 244.001,900,000 s)
2024-06-03 19:57:47,071 INFO  - Called #onVehicleUpdated (at simulation time 245.000,000,000 s)
2024-06-03 19:57:47,071 INFO  - Sending out AdHoc broadcast (at simulation time 245.000,000,000 s)
2024-06-03 19:57:47,072 INFO  - Recieve a message from other vehicle (at simulation time 245.000,400,000 s)
2024-06-03 19:57:47,072 INFO  - My position is not better! (at simulation time 245.000,400,000 s)
2024-06-03 19:57:47,072 INFO  - Recieve a message from other vehicle (at simulation time 245.000,400,000 s)
2024-06-03 19:57:47,072 INFO  - My position is not better! (at simulation time 245.000,400,000 s)
2024-06-03 19:57:47,073 INFO  - Recieve a message from other vehicle (at simulation time 245.000,400,000 s)
2024-06-03 19:57:47,073 INFO  - My position is not better! (at simulation time 245.000,400,000 s)
2024-06-03 19:57:47,073 INFO  - Recieve a message from other vehicle (at simulation time 245.000,900,000 s)
2024-06-03 19:57:47,073 INFO  - My position is not better! (at simulation time 245.000,900,000 s)
2024-06-03 19:57:47,075 INFO  - Recieve a message from other vehicle (at simulation time 245.001,400,000 s)
2024-06-03 19:57:47,076 INFO  - My position is not better! (at simulation time 245.001,400,000 s)
2024-06-03 19:57:47,321 INFO  - Called #onVehicleUpdated (at simulation time 246.000,000,000 s)
2024-06-03 19:57:47,325 INFO  - Recieve a message from other vehicle (at simulation time 246.000,900,000 s)
2024-06-03 19:57:47,325 INFO  - My position is not better! (at simulation time 246.000,900,000 s)
2024-06-03 19:57:47,325 INFO  - Recieve a message from other vehicle (at simulation time 246.000,900,000 s)
2024-06-03 19:57:47,325 INFO  - My position is not better! (at simulation time 246.000,900,000 s)
2024-06-03 19:57:47,325 INFO  - Recieve a message from other vehicle (at simulation time 246.000,900,000 s)
2024-06-03 19:57:47,325 INFO  - My position is not better! (at simulation time 246.000,900,000 s)
2024-06-03 19:57:47,330 INFO  - Recieve a message from other vehicle (at simulation time 246.001,900,000 s)
2024-06-03 19:57:47,330 INFO  - My position is not better! (at simulation time 246.001,900,000 s)
2024-06-03 19:57:47,330 INFO  - Recieve a message from other vehicle (at simulation time 246.001,900,000 s)
2024-06-03 19:57:47,330 INFO  - I'm in better position but no more hops in message (at simulation time 246.001,900,000 s)
2024-06-03 19:57:47,332 INFO  - Recieve a message from other vehicle (at simulation time 246.002,400,000 s)
2024-06-03 19:57:47,332 INFO  - My position is not better! (at simulation time 246.002,400,000 s)
2024-06-03 19:57:47,570 INFO  - Called #onVehicleUpdated (at simulation time 247.000,000,000 s)
2024-06-03 19:57:47,570 INFO  - Sending out AdHoc broadcast (at simulation time 247.000,000,000 s)
2024-06-03 19:57:47,571 INFO  - Recieve a message from other vehicle (at simulation time 247.000,400,000 s)
2024-06-03 19:57:47,571 INFO  - My position is not better! (at simulation time 247.000,400,000 s)
2024-06-03 19:57:47,571 INFO  - Recieve a message from other vehicle (at simulation time 247.000,400,000 s)
2024-06-03 19:57:47,571 INFO  - My position is not better! (at simulation time 247.000,400,000 s)
2024-06-03 19:57:47,574 INFO  - Recieve a message from other vehicle (at simulation time 247.000,900,000 s)
2024-06-03 19:57:47,574 INFO  - My position is not better! (at simulation time 247.000,900,000 s)
2024-06-03 19:57:47,574 INFO  - Recieve a message from other vehicle (at simulation time 247.000,900,000 s)
2024-06-03 19:57:47,574 INFO  - My position is not better! (at simulation time 247.000,900,000 s)
2024-06-03 19:57:47,575 INFO  - Recieve a message from other vehicle (at simulation time 247.001,900,000 s)
2024-06-03 19:57:47,575 INFO  - My position is not better! (at simulation time 247.001,900,000 s)
2024-06-03 19:57:47,820 INFO  - Called #onVehicleUpdated (at simulation time 248.000,000,000 s)
2024-06-03 19:57:47,822 INFO  - Recieve a message from other vehicle (at simulation time 248.000,900,000 s)
2024-06-03 19:57:47,822 INFO  - My position is not better! (at simulation time 248.000,900,000 s)
2024-06-03 19:57:47,822 INFO  - Recieve a message from other vehicle (at simulation time 248.000,900,000 s)
2024-06-03 19:57:47,822 INFO  - My position is not better! (at simulation time 248.000,900,000 s)
2024-06-03 19:57:47,822 INFO  - Recieve a message from other vehicle (at simulation time 248.000,900,000 s)
2024-06-03 19:57:47,822 INFO  - My position is not better! (at simulation time 248.000,900,000 s)
2024-06-03 19:57:47,822 INFO  - Recieve a message from other vehicle (at simulation time 248.000,900,000 s)
2024-06-03 19:57:47,822 INFO  - My position is not better! (at simulation time 248.000,900,000 s)
2024-06-03 19:57:47,822 INFO  - Recieve a message from other vehicle (at simulation time 248.000,900,000 s)
2024-06-03 19:57:47,822 INFO  - I'm in better position but no more hops in message (at simulation time 248.000,900,000 s)
2024-06-03 19:57:47,824 INFO  - Recieve a message from other vehicle (at simulation time 248.002,400,000 s)
2024-06-03 19:57:47,824 INFO  - My position is not better! (at simulation time 248.002,400,000 s)
2024-06-03 19:57:48,072 INFO  - Called #onVehicleUpdated (at simulation time 249.000,000,000 s)
2024-06-03 19:57:48,073 INFO  - Sending out AdHoc broadcast (at simulation time 249.000,000,000 s)
2024-06-03 19:57:48,076 INFO  - Recieve a message from other vehicle (at simulation time 249.000,400,000 s)
2024-06-03 19:57:48,076 INFO  - My position is not better! (at simulation time 249.000,400,000 s)
2024-06-03 19:57:48,076 INFO  - Recieve a message from other vehicle (at simulation time 249.000,900,000 s)
2024-06-03 19:57:48,076 INFO  - My position is not better! (at simulation time 249.000,900,000 s)
2024-06-03 19:57:48,076 INFO  - Recieve a message from other vehicle (at simulation time 249.000,900,000 s)
2024-06-03 19:57:48,076 INFO  - My position is not better! (at simulation time 249.000,900,000 s)
2024-06-03 19:57:48,077 INFO  - Recieve a message from other vehicle (at simulation time 249.000,900,000 s)
2024-06-03 19:57:48,077 INFO  - My position is not better! (at simulation time 249.000,900,000 s)
2024-06-03 19:57:48,078 INFO  - Recieve a message from other vehicle (at simulation time 249.002,400,000 s)
2024-06-03 19:57:48,078 INFO  - My position is not better! (at simulation time 249.002,400,000 s)
2024-06-03 19:57:48,323 INFO  - Called #onVehicleUpdated (at simulation time 250.000,000,000 s)
2024-06-03 19:57:48,325 INFO  - Recieve a message from other vehicle (at simulation time 250.000,400,000 s)
2024-06-03 19:57:48,325 INFO  - My position is not better! (at simulation time 250.000,400,000 s)
2024-06-03 19:57:48,333 INFO  - Recieve a message from other vehicle (at simulation time 250.001,900,000 s)
2024-06-03 19:57:48,333 INFO  - My position is not better! (at simulation time 250.001,900,000 s)
2024-06-03 19:57:48,333 INFO  - Recieve a message from other vehicle (at simulation time 250.001,900,000 s)
2024-06-03 19:57:48,334 INFO  - My position is not better! (at simulation time 250.001,900,000 s)
2024-06-03 19:57:48,334 INFO  - Recieve a message from other vehicle (at simulation time 250.001,900,000 s)
2024-06-03 19:57:48,334 INFO  - I'm in better position but no more hops in message (at simulation time 250.001,900,000 s)
2024-06-03 19:57:48,334 INFO  - Recieve a message from other vehicle (at simulation time 250.002,400,000 s)
2024-06-03 19:57:48,334 INFO  - My position is not better! (at simulation time 250.002,400,000 s)
2024-06-03 19:57:48,334 INFO  - Recieve a message from other vehicle (at simulation time 250.002,400,000 s)
2024-06-03 19:57:48,334 INFO  - My position is not better! (at simulation time 250.002,400,000 s)
2024-06-03 19:57:48,572 INFO  - Called #onVehicleUpdated (at simulation time 251.000,000,000 s)
2024-06-03 19:57:48,573 INFO  - Sending out AdHoc broadcast (at simulation time 251.000,000,000 s)
2024-06-03 19:57:48,575 INFO  - Recieve a message from other vehicle (at simulation time 251.000,900,000 s)
2024-06-03 19:57:48,575 INFO  - My position is not better! (at simulation time 251.000,900,000 s)
2024-06-03 19:57:48,576 INFO  - Recieve a message from other vehicle (at simulation time 251.001,400,000 s)
2024-06-03 19:57:48,576 INFO  - My position is not better! (at simulation time 251.001,400,000 s)
2024-06-03 19:57:48,576 INFO  - Recieve a message from other vehicle (at simulation time 251.001,400,000 s)
2024-06-03 19:57:48,576 INFO  - My position is not better! (at simulation time 251.001,400,000 s)
2024-06-03 19:57:48,578 INFO  - Recieve a message from other vehicle (at simulation time 251.001,900,000 s)
2024-06-03 19:57:48,578 INFO  - My position is not better! (at simulation time 251.001,900,000 s)
2024-06-03 19:57:48,578 INFO  - Recieve a message from other vehicle (at simulation time 251.002,400,000 s)
2024-06-03 19:57:48,578 INFO  - My position is not better! (at simulation time 251.002,400,000 s)
2024-06-03 19:57:48,820 INFO  - Called #onVehicleUpdated (at simulation time 252.000,000,000 s)
2024-06-03 19:57:48,821 INFO  - Recieve a message from other vehicle (at simulation time 252.000,400,000 s)
2024-06-03 19:57:48,821 INFO  - My position is not better! (at simulation time 252.000,400,000 s)
2024-06-03 19:57:48,822 INFO  - Recieve a message from other vehicle (at simulation time 252.000,400,000 s)
2024-06-03 19:57:48,822 INFO  - My position is not better! (at simulation time 252.000,400,000 s)
2024-06-03 19:57:48,823 INFO  - Recieve a message from other vehicle (at simulation time 252.000,900,000 s)
2024-06-03 19:57:48,823 INFO  - My position is not better! (at simulation time 252.000,900,000 s)
2024-06-03 19:57:48,824 INFO  - Recieve a message from other vehicle (at simulation time 252.001,400,000 s)
2024-06-03 19:57:48,824 INFO  - My position is not better! (at simulation time 252.001,400,000 s)
2024-06-03 19:57:48,826 INFO  - Recieve a message from other vehicle (at simulation time 252.001,900,000 s)
2024-06-03 19:57:48,826 INFO  - My position is not better! (at simulation time 252.001,900,000 s)
2024-06-03 19:57:48,826 INFO  - Recieve a message from other vehicle (at simulation time 252.001,900,000 s)
2024-06-03 19:57:48,826 INFO  - I'm in better position but no more hops in message (at simulation time 252.001,900,000 s)
2024-06-03 19:57:49,071 INFO  - Called #onVehicleUpdated (at simulation time 253.000,000,000 s)
2024-06-03 19:57:49,071 INFO  - Sending out AdHoc broadcast (at simulation time 253.000,000,000 s)
2024-06-03 19:57:49,073 INFO  - Recieve a message from other vehicle (at simulation time 253.000,400,000 s)
2024-06-03 19:57:49,073 INFO  - My position is not better! (at simulation time 253.000,400,000 s)
2024-06-03 19:57:49,073 INFO  - Recieve a message from other vehicle (at simulation time 253.000,400,000 s)
2024-06-03 19:57:49,073 INFO  - My position is not better! (at simulation time 253.000,400,000 s)
2024-06-03 19:57:49,074 INFO  - Recieve a message from other vehicle (at simulation time 253.001,400,000 s)
2024-06-03 19:57:49,074 INFO  - My position is not better! (at simulation time 253.001,400,000 s)
2024-06-03 19:57:49,076 INFO  - Recieve a message from other vehicle (at simulation time 253.002,400,000 s)
2024-06-03 19:57:49,076 INFO  - My position is not better! (at simulation time 253.002,400,000 s)
2024-06-03 19:57:49,076 INFO  - Recieve a message from other vehicle (at simulation time 253.002,400,000 s)
2024-06-03 19:57:49,076 INFO  - My position is not better! (at simulation time 253.002,400,000 s)
2024-06-03 19:57:49,321 INFO  - Called #onVehicleUpdated (at simulation time 254.000,000,000 s)
2024-06-03 19:57:49,325 INFO  - Recieve a message from other vehicle (at simulation time 254.000,900,000 s)
2024-06-03 19:57:49,325 INFO  - My position is not better! (at simulation time 254.000,900,000 s)
2024-06-03 19:57:49,328 INFO  - Recieve a message from other vehicle (at simulation time 254.001,400,000 s)
2024-06-03 19:57:49,328 INFO  - I'm in better position but no more hops in message (at simulation time 254.001,400,000 s)
2024-06-03 19:57:49,328 INFO  - Recieve a message from other vehicle (at simulation time 254.001,900,000 s)
2024-06-03 19:57:49,328 INFO  - My position is not better! (at simulation time 254.001,900,000 s)
2024-06-03 19:57:49,329 INFO  - Recieve a message from other vehicle (at simulation time 254.001,900,000 s)
2024-06-03 19:57:49,329 INFO  - My position is not better! (at simulation time 254.001,900,000 s)
2024-06-03 19:57:49,329 INFO  - Recieve a message from other vehicle (at simulation time 254.001,900,000 s)
2024-06-03 19:57:49,329 INFO  - My position is not better! (at simulation time 254.001,900,000 s)
2024-06-03 19:57:49,329 INFO  - Recieve a message from other vehicle (at simulation time 254.002,400,000 s)
2024-06-03 19:57:49,329 INFO  - My position is not better! (at simulation time 254.002,400,000 s)
2024-06-03 19:57:49,572 INFO  - Called #onVehicleUpdated (at simulation time 255.000,000,000 s)
2024-06-03 19:57:49,572 INFO  - Sending out AdHoc broadcast (at simulation time 255.000,000,000 s)
2024-06-03 19:57:49,574 INFO  - Recieve a message from other vehicle (at simulation time 255.000,400,000 s)
2024-06-03 19:57:49,574 INFO  - My position is not better! (at simulation time 255.000,400,000 s)
2024-06-03 19:57:49,574 INFO  - Recieve a message from other vehicle (at simulation time 255.000,900,000 s)
2024-06-03 19:57:49,574 INFO  - My position is not better! (at simulation time 255.000,900,000 s)
2024-06-03 19:57:49,575 INFO  - Recieve a message from other vehicle (at simulation time 255.000,900,000 s)
2024-06-03 19:57:49,575 INFO  - My position is not better! (at simulation time 255.000,900,000 s)
2024-06-03 19:57:49,576 INFO  - Recieve a message from other vehicle (at simulation time 255.001,900,000 s)
2024-06-03 19:57:49,576 INFO  - My position is not better! (at simulation time 255.001,900,000 s)
2024-06-03 19:57:49,576 INFO  - Recieve a message from other vehicle (at simulation time 255.001,900,000 s)
2024-06-03 19:57:49,576 INFO  - My position is not better! (at simulation time 255.001,900,000 s)
2024-06-03 19:57:49,823 INFO  - Called #onVehicleUpdated (at simulation time 256.000,000,000 s)
2024-06-03 19:57:49,825 INFO  - Recieve a message from other vehicle (at simulation time 256.000,400,000 s)
2024-06-03 19:57:49,825 INFO  - My position is not better! (at simulation time 256.000,400,000 s)
2024-06-03 19:57:49,825 INFO  - Recieve a message from other vehicle (at simulation time 256.000,400,000 s)
2024-06-03 19:57:49,825 INFO  - My position is not better! (at simulation time 256.000,400,000 s)
2024-06-03 19:57:49,827 INFO  - Recieve a message from other vehicle (at simulation time 256.000,900,000 s)
2024-06-03 19:57:49,827 INFO  - My position is not better! (at simulation time 256.000,900,000 s)
2024-06-03 19:57:49,830 INFO  - Recieve a message from other vehicle (at simulation time 256.000,900,000 s)
2024-06-03 19:57:49,830 INFO  - My position is not better! (at simulation time 256.000,900,000 s)
2024-06-03 19:57:49,833 INFO  - Recieve a message from other vehicle (at simulation time 256.001,400,000 s)
2024-06-03 19:57:49,833 INFO  - I'm in better position but no more hops in message (at simulation time 256.001,400,000 s)
2024-06-03 19:57:49,836 INFO  - Recieve a message from other vehicle (at simulation time 256.002,400,000 s)
2024-06-03 19:57:49,836 INFO  - My position is not better! (at simulation time 256.002,400,000 s)
2024-06-03 19:57:50,072 INFO  - Called #onVehicleUpdated (at simulation time 257.000,000,000 s)
2024-06-03 19:57:50,072 INFO  - Sending out AdHoc broadcast (at simulation time 257.000,000,000 s)
2024-06-03 19:57:50,074 INFO  - Recieve a message from other vehicle (at simulation time 257.000,400,000 s)
2024-06-03 19:57:50,074 INFO  - My position is not better! (at simulation time 257.000,400,000 s)
2024-06-03 19:57:50,075 INFO  - Recieve a message from other vehicle (at simulation time 257.000,400,000 s)
2024-06-03 19:57:50,075 INFO  - My position is not better! (at simulation time 257.000,400,000 s)
2024-06-03 19:57:50,076 INFO  - Recieve a message from other vehicle (at simulation time 257.001,400,000 s)
2024-06-03 19:57:50,076 INFO  - My position is not better! (at simulation time 257.001,400,000 s)
2024-06-03 19:57:50,076 INFO  - Recieve a message from other vehicle (at simulation time 257.001,400,000 s)
2024-06-03 19:57:50,076 INFO  - My position is not better! (at simulation time 257.001,400,000 s)
2024-06-03 19:57:50,077 INFO  - Recieve a message from other vehicle (at simulation time 257.001,400,000 s)
2024-06-03 19:57:50,077 INFO  - My position is not better! (at simulation time 257.001,400,000 s)
2024-06-03 19:57:50,331 INFO  - Called #onVehicleUpdated (at simulation time 258.000,000,000 s)
2024-06-03 19:57:50,335 INFO  - Recieve a message from other vehicle (at simulation time 258.000,400,000 s)
2024-06-03 19:57:50,335 INFO  - My position is not better! (at simulation time 258.000,400,000 s)
2024-06-03 19:57:50,337 INFO  - Recieve a message from other vehicle (at simulation time 258.000,400,000 s)
2024-06-03 19:57:50,337 INFO  - My position is not better! (at simulation time 258.000,400,000 s)
2024-06-03 19:57:50,337 INFO  - Recieve a message from other vehicle (at simulation time 258.000,400,000 s)
2024-06-03 19:57:50,337 INFO  - I'm in better position but no more hops in message (at simulation time 258.000,400,000 s)
2024-06-03 19:57:50,339 INFO  - Recieve a message from other vehicle (at simulation time 258.001,400,000 s)
2024-06-03 19:57:50,339 INFO  - My position is not better! (at simulation time 258.001,400,000 s)
2024-06-03 19:57:50,341 INFO  - Recieve a message from other vehicle (at simulation time 258.001,900,000 s)
2024-06-03 19:57:50,341 INFO  - My position is not better! (at simulation time 258.001,900,000 s)
2024-06-03 19:57:50,348 INFO  - Recieve a message from other vehicle (at simulation time 258.002,400,000 s)
2024-06-03 19:57:50,348 INFO  - My position is not better! (at simulation time 258.002,400,000 s)
2024-06-03 19:57:50,575 INFO  - Called #onVehicleUpdated (at simulation time 259.000,000,000 s)
2024-06-03 19:57:50,576 INFO  - Sending out AdHoc broadcast (at simulation time 259.000,000,000 s)
2024-06-03 19:57:50,580 INFO  - Recieve a message from other vehicle (at simulation time 259.000,400,000 s)
2024-06-03 19:57:50,580 INFO  - Recending a message from other vehicle (at simulation time 259.000,400,000 s)
2024-06-03 19:57:50,581 INFO  - Recieve a message from other vehicle (at simulation time 259.000,900,000 s)
2024-06-03 19:57:50,581 INFO  - My position is not better! (at simulation time 259.000,900,000 s)
2024-06-03 19:57:50,585 INFO  - Recieve a message from other vehicle (at simulation time 259.001,900,000 s)
2024-06-03 19:57:50,585 INFO  - My position is not better! (at simulation time 259.001,900,000 s)
2024-06-03 19:57:50,585 INFO  - Recieve a message from other vehicle (at simulation time 259.002,400,000 s)
2024-06-03 19:57:50,585 INFO  - My position is not better! (at simulation time 259.002,400,000 s)
2024-06-03 19:57:50,585 INFO  - Recieve a message from other vehicle (at simulation time 259.002,400,000 s)
2024-06-03 19:57:50,585 INFO  - My position is not better! (at simulation time 259.002,400,000 s)
2024-06-03 19:57:50,586 INFO  - Recieve a message from other vehicle (at simulation time 259.002,400,000 s)
2024-06-03 19:57:50,586 INFO  - My position is not better! (at simulation time 259.002,400,000 s)
2024-06-03 19:57:50,824 INFO  - Called #onVehicleUpdated (at simulation time 260.000,000,000 s)
2024-06-03 19:57:50,826 INFO  - Recieve a message from other vehicle (at simulation time 260.000,400,000 s)
2024-06-03 19:57:50,826 INFO  - My position is not better! (at simulation time 260.000,400,000 s)
2024-06-03 19:57:50,828 INFO  - Recieve a message from other vehicle (at simulation time 260.001,400,000 s)
2024-06-03 19:57:50,828 INFO  - My position is not better! (at simulation time 260.001,400,000 s)
2024-06-03 19:57:50,828 INFO  - Recieve a message from other vehicle (at simulation time 260.001,400,000 s)
2024-06-03 19:57:50,829 INFO  - I'm in better position but no more hops in message (at simulation time 260.001,400,000 s)
2024-06-03 19:57:50,829 INFO  - Recieve a message from other vehicle (at simulation time 260.001,900,000 s)
2024-06-03 19:57:50,829 INFO  - My position is not better! (at simulation time 260.001,900,000 s)
2024-06-03 19:57:50,829 INFO  - Recieve a message from other vehicle (at simulation time 260.001,900,000 s)
2024-06-03 19:57:50,829 INFO  - I'm in better position but no more hops in message (at simulation time 260.001,900,000 s)
2024-06-03 19:57:50,829 INFO  - Recieve a message from other vehicle (at simulation time 260.002,400,000 s)
2024-06-03 19:57:50,829 INFO  - My position is not better! (at simulation time 260.002,400,000 s)
2024-06-03 19:57:50,830 INFO  - Recieve a message from other vehicle (at simulation time 260.002,400,000 s)
2024-06-03 19:57:50,830 INFO  - My position is not better! (at simulation time 260.002,400,000 s)
2024-06-03 19:57:50,831 INFO  - Recieve a message from other vehicle (at simulation time 260.002,800,000 s)
2024-06-03 19:57:50,831 INFO  - I'm in better position but no more hops in message (at simulation time 260.002,800,000 s)
2024-06-03 19:57:51,074 INFO  - Called #onVehicleUpdated (at simulation time 261.000,000,000 s)
2024-06-03 19:57:51,076 INFO  - Sending out AdHoc broadcast (at simulation time 261.000,000,000 s)
2024-06-03 19:57:51,078 INFO  - Recieve a message from other vehicle (at simulation time 261.000,400,000 s)
2024-06-03 19:57:51,078 INFO  - My position is not better! (at simulation time 261.000,400,000 s)
2024-06-03 19:57:51,080 INFO  - Recieve a message from other vehicle (at simulation time 261.000,400,000 s)
2024-06-03 19:57:51,080 INFO  - My position is not better! (at simulation time 261.000,400,000 s)
2024-06-03 19:57:51,080 INFO  - Recieve a message from other vehicle (at simulation time 261.000,400,000 s)
2024-06-03 19:57:51,080 INFO  - My position is not better! (at simulation time 261.000,400,000 s)
2024-06-03 19:57:51,080 INFO  - Recieve a message from other vehicle (at simulation time 261.000,900,000 s)
2024-06-03 19:57:51,080 INFO  - My position is not better! (at simulation time 261.000,900,000 s)
2024-06-03 19:57:51,085 INFO  - Recieve a message from other vehicle (at simulation time 261.001,900,000 s)
2024-06-03 19:57:51,085 INFO  - I'm in better position but no more hops in message (at simulation time 261.001,900,000 s)
2024-06-03 19:57:51,085 INFO  - Recieve a message from other vehicle (at simulation time 261.002,400,000 s)
2024-06-03 19:57:51,085 INFO  - My position is not better! (at simulation time 261.002,400,000 s)
2024-06-03 19:57:51,323 INFO  - Called #onVehicleUpdated (at simulation time 262.000,000,000 s)
2024-06-03 19:57:51,326 INFO  - Recieve a message from other vehicle (at simulation time 262.001,400,000 s)
2024-06-03 19:57:51,326 INFO  - My position is not better! (at simulation time 262.001,400,000 s)
2024-06-03 19:57:51,327 INFO  - Recieve a message from other vehicle (at simulation time 262.001,400,000 s)
2024-06-03 19:57:51,327 INFO  - My position is not better! (at simulation time 262.001,400,000 s)
2024-06-03 19:57:51,327 INFO  - Recieve a message from other vehicle (at simulation time 262.001,400,000 s)
2024-06-03 19:57:51,327 INFO  - My position is not better! (at simulation time 262.001,400,000 s)
2024-06-03 19:57:51,327 INFO  - Recieve a message from other vehicle (at simulation time 262.001,900,000 s)
2024-06-03 19:57:51,327 INFO  - My position is not better! (at simulation time 262.001,900,000 s)
2024-06-03 19:57:51,328 INFO  - Recieve a message from other vehicle (at simulation time 262.001,900,000 s)
2024-06-03 19:57:51,328 INFO  - I'm in better position but no more hops in message (at simulation time 262.001,900,000 s)
2024-06-03 19:57:51,328 INFO  - Recieve a message from other vehicle (at simulation time 262.002,400,000 s)
2024-06-03 19:57:51,328 INFO  - My position is not better! (at simulation time 262.002,400,000 s)
2024-06-03 19:57:51,328 INFO  - Recieve a message from other vehicle (at simulation time 262.002,400,000 s)
2024-06-03 19:57:51,328 INFO  - I'm in better position but no more hops in message (at simulation time 262.002,400,000 s)
2024-06-03 19:57:51,571 INFO  - Called #onVehicleUpdated (at simulation time 263.000,000,000 s)
2024-06-03 19:57:51,572 INFO  - Sending out AdHoc broadcast (at simulation time 263.000,000,000 s)
2024-06-03 19:57:51,573 INFO  - Recieve a message from other vehicle (at simulation time 263.000,400,000 s)
2024-06-03 19:57:51,573 INFO  - My position is not better! (at simulation time 263.000,400,000 s)
2024-06-03 19:57:51,575 INFO  - Recieve a message from other vehicle (at simulation time 263.000,900,000 s)
2024-06-03 19:57:51,575 INFO  - I'm in better position but no more hops in message (at simulation time 263.000,900,000 s)
2024-06-03 19:57:51,575 INFO  - Recieve a message from other vehicle (at simulation time 263.001,400,000 s)
2024-06-03 19:57:51,575 INFO  - My position is not better! (at simulation time 263.001,400,000 s)
2024-06-03 19:57:51,575 INFO  - Recieve a message from other vehicle (at simulation time 263.001,400,000 s)
2024-06-03 19:57:51,575 INFO  - My position is not better! (at simulation time 263.001,400,000 s)
2024-06-03 19:57:51,576 INFO  - Recieve a message from other vehicle (at simulation time 263.001,900,000 s)
2024-06-03 19:57:51,576 INFO  - My position is not better! (at simulation time 263.001,900,000 s)
2024-06-03 19:57:51,577 INFO  - Recieve a message from other vehicle (at simulation time 263.002,400,000 s)
2024-06-03 19:57:51,577 INFO  - My position is not better! (at simulation time 263.002,400,000 s)
2024-06-03 19:57:51,823 INFO  - Called #onVehicleUpdated (at simulation time 264.000,000,000 s)
2024-06-03 19:57:51,824 INFO  - Recieve a message from other vehicle (at simulation time 264.000,400,000 s)
2024-06-03 19:57:51,824 INFO  - My position is not better! (at simulation time 264.000,400,000 s)
2024-06-03 19:57:51,826 INFO  - Recieve a message from other vehicle (at simulation time 264.000,900,000 s)
2024-06-03 19:57:51,826 INFO  - My position is not better! (at simulation time 264.000,900,000 s)
2024-06-03 19:57:51,826 INFO  - Recieve a message from other vehicle (at simulation time 264.000,900,000 s)
2024-06-03 19:57:51,826 INFO  - I'm in better position but no more hops in message (at simulation time 264.000,900,000 s)
2024-06-03 19:57:51,827 INFO  - Recieve a message from other vehicle (at simulation time 264.001,400,000 s)
2024-06-03 19:57:51,827 INFO  - I'm in better position but no more hops in message (at simulation time 264.001,400,000 s)
2024-06-03 19:57:51,827 INFO  - Recieve a message from other vehicle (at simulation time 264.001,900,000 s)
2024-06-03 19:57:51,827 INFO  - My position is not better! (at simulation time 264.001,900,000 s)
2024-06-03 19:57:51,828 INFO  - Recieve a message from other vehicle (at simulation time 264.001,900,000 s)
2024-06-03 19:57:51,828 INFO  - My position is not better! (at simulation time 264.001,900,000 s)
2024-06-03 19:57:51,829 INFO  - Recieve a message from other vehicle (at simulation time 264.002,400,000 s)
2024-06-03 19:57:51,829 INFO  - My position is not better! (at simulation time 264.002,400,000 s)
2024-06-03 19:57:52,072 INFO  - Called #onVehicleUpdated (at simulation time 265.000,000,000 s)
2024-06-03 19:57:52,073 INFO  - Sending out AdHoc broadcast (at simulation time 265.000,000,000 s)
2024-06-03 19:57:52,074 INFO  - Recieve a message from other vehicle (at simulation time 265.000,400,000 s)
2024-06-03 19:57:52,074 INFO  - My position is not better! (at simulation time 265.000,400,000 s)
2024-06-03 19:57:52,075 INFO  - Recieve a message from other vehicle (at simulation time 265.000,900,000 s)
2024-06-03 19:57:52,075 INFO  - My position is not better! (at simulation time 265.000,900,000 s)
2024-06-03 19:57:52,076 INFO  - Recieve a message from other vehicle (at simulation time 265.001,400,000 s)
2024-06-03 19:57:52,076 INFO  - My position is not better! (at simulation time 265.001,400,000 s)
2024-06-03 19:57:52,077 INFO  - Recieve a message from other vehicle (at simulation time 265.001,400,000 s)
2024-06-03 19:57:52,077 INFO  - I'm in better position but no more hops in message (at simulation time 265.001,400,000 s)
2024-06-03 19:57:52,078 INFO  - Recieve a message from other vehicle (at simulation time 265.001,900,000 s)
2024-06-03 19:57:52,078 INFO  - My position is not better! (at simulation time 265.001,900,000 s)
2024-06-03 19:57:52,079 INFO  - Recieve a message from other vehicle (at simulation time 265.002,400,000 s)
2024-06-03 19:57:52,079 INFO  - My position is not better! (at simulation time 265.002,400,000 s)
2024-06-03 19:57:52,323 INFO  - Called #onVehicleUpdated (at simulation time 266.000,000,000 s)
2024-06-03 19:57:52,326 INFO  - Recieve a message from other vehicle (at simulation time 266.000,400,000 s)
2024-06-03 19:57:52,326 INFO  - My position is not better! (at simulation time 266.000,400,000 s)
2024-06-03 19:57:52,326 INFO  - Recieve a message from other vehicle (at simulation time 266.000,400,000 s)
2024-06-03 19:57:52,326 INFO  - I'm in better position but no more hops in message (at simulation time 266.000,400,000 s)
2024-06-03 19:57:52,327 INFO  - Recieve a message from other vehicle (at simulation time 266.000,900,000 s)
2024-06-03 19:57:52,327 INFO  - My position is not better! (at simulation time 266.000,900,000 s)
2024-06-03 19:57:52,327 INFO  - Recieve a message from other vehicle (at simulation time 266.001,400,000 s)
2024-06-03 19:57:52,327 INFO  - My position is not better! (at simulation time 266.001,400,000 s)
2024-06-03 19:57:52,328 INFO  - Recieve a message from other vehicle (at simulation time 266.001,400,000 s)
2024-06-03 19:57:52,328 INFO  - I'm in better position but no more hops in message (at simulation time 266.001,400,000 s)
2024-06-03 19:57:52,328 INFO  - Recieve a message from other vehicle (at simulation time 266.001,900,000 s)
2024-06-03 19:57:52,328 INFO  - My position is not better! (at simulation time 266.001,900,000 s)
2024-06-03 19:57:52,329 INFO  - Recieve a message from other vehicle (at simulation time 266.001,900,000 s)
2024-06-03 19:57:52,329 INFO  - My position is not better! (at simulation time 266.001,900,000 s)
2024-06-03 19:57:52,571 INFO  - Called #onVehicleUpdated (at simulation time 267.000,000,000 s)
2024-06-03 19:57:52,572 INFO  - Sending out AdHoc broadcast (at simulation time 267.000,000,000 s)
2024-06-03 19:57:52,573 INFO  - Recieve a message from other vehicle (at simulation time 267.000,400,000 s)
2024-06-03 19:57:52,573 INFO  - My position is not better! (at simulation time 267.000,400,000 s)
2024-06-03 19:57:52,574 INFO  - Recieve a message from other vehicle (at simulation time 267.000,800,000 s)
2024-06-03 19:57:52,574 INFO  - DENM message Recived from veh_45 -info : seco (at simulation time 267.000,800,000 s)
2024-06-03 19:57:52,574 INFO  - No more hops in DENM message (at simulation time 267.000,800,000 s)
2024-06-03 19:57:52,576 INFO  - Recieve a message from other vehicle (at simulation time 267.001,400,000 s)
2024-06-03 19:57:52,576 INFO  - My position is not better! (at simulation time 267.001,400,000 s)
2024-06-03 19:57:52,576 INFO  - Recieve a message from other vehicle (at simulation time 267.001,400,000 s)
2024-06-03 19:57:52,576 INFO  - I'm in better position but no more hops in message (at simulation time 267.001,400,000 s)
2024-06-03 19:57:52,576 INFO  - Recieve a message from other vehicle (at simulation time 267.001,900,000 s)
2024-06-03 19:57:52,576 INFO  - DENM message Recived from veh_45 -info : seco (at simulation time 267.001,900,000 s)
2024-06-03 19:57:52,576 INFO  - No more hops in DENM message (at simulation time 267.001,900,000 s)
2024-06-03 19:57:52,576 INFO  - Recieve a message from other vehicle (at simulation time 267.001,900,000 s)
2024-06-03 19:57:52,576 INFO  - My position is not better! (at simulation time 267.001,900,000 s)
2024-06-03 19:57:52,576 INFO  - Recieve a message from other vehicle (at simulation time 267.001,900,000 s)
2024-06-03 19:57:52,576 INFO  - My position is not better! (at simulation time 267.001,900,000 s)
2024-06-03 19:57:52,579 INFO  - Recieve a message from other vehicle (at simulation time 267.002,400,000 s)
2024-06-03 19:57:52,579 INFO  - My position is not better! (at simulation time 267.002,400,000 s)
2024-06-03 19:57:52,823 INFO  - Called #onVehicleUpdated (at simulation time 268.000,000,000 s)
2024-06-03 19:57:52,827 INFO  - Recieve a message from other vehicle (at simulation time 268.000,400,000 s)
2024-06-03 19:57:52,827 INFO  - My position is not better! (at simulation time 268.000,400,000 s)
2024-06-03 19:57:52,829 INFO  - Recieve a message from other vehicle (at simulation time 268.000,900,000 s)
2024-06-03 19:57:52,829 INFO  - My position is not better! (at simulation time 268.000,900,000 s)
2024-06-03 19:57:52,829 INFO  - Recieve a message from other vehicle (at simulation time 268.000,900,000 s)
2024-06-03 19:57:52,829 INFO  - My position is not better! (at simulation time 268.000,900,000 s)
2024-06-03 19:57:52,830 INFO  - Recieve a message from other vehicle (at simulation time 268.000,900,000 s)
2024-06-03 19:57:52,830 INFO  - My position is not better! (at simulation time 268.000,900,000 s)
2024-06-03 19:57:52,830 INFO  - Recieve a message from other vehicle (at simulation time 268.000,900,000 s)
2024-06-03 19:57:52,830 INFO  - I'm in better position but no more hops in message (at simulation time 268.000,900,000 s)
2024-06-03 19:57:52,830 INFO  - Recieve a message from other vehicle (at simulation time 268.001,300,000 s)
2024-06-03 19:57:52,830 INFO  - DENM message Recived from veh_46 -info : seco (at simulation time 268.001,300,000 s)
2024-06-03 19:57:52,830 INFO  - No more hops in DENM message (at simulation time 268.001,300,000 s)
2024-06-03 19:57:52,831 INFO  - Recieve a message from other vehicle (at simulation time 268.001,900,000 s)
2024-06-03 19:57:52,831 INFO  - DENM message Recived from veh_46 -info : seco (at simulation time 268.001,900,000 s)
2024-06-03 19:57:52,832 INFO  - No more hops in DENM message (at simulation time 268.001,900,000 s)
2024-06-03 19:57:52,833 INFO  - Recieve a message from other vehicle (at simulation time 268.001,900,000 s)
2024-06-03 19:57:52,833 INFO  - My position is not better! (at simulation time 268.001,900,000 s)
2024-06-03 19:57:52,833 INFO  - Recieve a message from other vehicle (at simulation time 268.001,900,000 s)
2024-06-03 19:57:52,833 INFO  - I'm in better position but no more hops in message (at simulation time 268.001,900,000 s)
2024-06-03 19:57:53,072 INFO  - Called #onVehicleUpdated (at simulation time 269.000,000,000 s)
2024-06-03 19:57:53,072 INFO  - Sending out AdHoc broadcast (at simulation time 269.000,000,000 s)
2024-06-03 19:57:53,074 INFO  - Recieve a message from other vehicle (at simulation time 269.000,400,000 s)
2024-06-03 19:57:53,074 INFO  - My position is not better! (at simulation time 269.000,400,000 s)
2024-06-03 19:57:53,074 INFO  - Recieve a message from other vehicle (at simulation time 269.000,400,000 s)
2024-06-03 19:57:53,074 INFO  - I'm in better position but no more hops in message (at simulation time 269.000,400,000 s)
2024-06-03 19:57:53,074 INFO  - Recieve a message from other vehicle (at simulation time 269.000,900,000 s)
2024-06-03 19:57:53,074 INFO  - My position is not better! (at simulation time 269.000,900,000 s)
2024-06-03 19:57:53,075 INFO  - Recieve a message from other vehicle (at simulation time 269.000,900,000 s)
2024-06-03 19:57:53,075 INFO  - My position is not better! (at simulation time 269.000,900,000 s)
2024-06-03 19:57:53,075 INFO  - Recieve a message from other vehicle (at simulation time 269.001,400,000 s)
2024-06-03 19:57:53,075 INFO  - My position is not better! (at simulation time 269.001,400,000 s)
2024-06-03 19:57:53,075 INFO  - Recieve a message from other vehicle (at simulation time 269.001,400,000 s)
2024-06-03 19:57:53,075 INFO  - My position is not better! (at simulation time 269.001,400,000 s)
2024-06-03 19:57:53,324 INFO  - Called #onVehicleUpdated (at simulation time 270.000,000,000 s)
2024-06-03 19:57:53,327 INFO  - Recieve a message from other vehicle (at simulation time 270.000,400,000 s)
2024-06-03 19:57:53,327 INFO  - My position is not better! (at simulation time 270.000,400,000 s)
2024-06-03 19:57:53,332 INFO  - Recieve a message from other vehicle (at simulation time 270.001,900,000 s)
2024-06-03 19:57:53,332 INFO  - My position is not better! (at simulation time 270.001,900,000 s)
2024-06-03 19:57:53,333 INFO  - Recieve a message from other vehicle (at simulation time 270.001,900,000 s)
2024-06-03 19:57:53,333 INFO  - My position is not better! (at simulation time 270.001,900,000 s)
2024-06-03 19:57:53,333 INFO  - Recieve a message from other vehicle (at simulation time 270.001,900,000 s)
2024-06-03 19:57:53,333 INFO  - My position is not better! (at simulation time 270.001,900,000 s)
2024-06-03 19:57:53,333 INFO  - Recieve a message from other vehicle (at simulation time 270.001,900,000 s)
2024-06-03 19:57:53,333 INFO  - I'm in better position but no more hops in message (at simulation time 270.001,900,000 s)
2024-06-03 19:57:53,333 INFO  - Recieve a message from other vehicle (at simulation time 270.002,400,000 s)
2024-06-03 19:57:53,333 INFO  - My position is not better! (at simulation time 270.002,400,000 s)
2024-06-03 19:57:53,334 INFO  - Recieve a message from other vehicle (at simulation time 270.002,400,000 s)
2024-06-03 19:57:53,334 INFO  - I'm in better position but no more hops in message (at simulation time 270.002,400,000 s)
2024-06-03 19:57:53,571 INFO  - Called #onVehicleUpdated (at simulation time 271.000,000,000 s)
2024-06-03 19:57:53,572 INFO  - Sending out AdHoc broadcast (at simulation time 271.000,000,000 s)
2024-06-03 19:57:53,573 INFO  - Recieve a message from other vehicle (at simulation time 271.000,400,000 s)
2024-06-03 19:57:53,573 INFO  - My position is not better! (at simulation time 271.000,400,000 s)
2024-06-03 19:57:53,573 INFO  - Recieve a message from other vehicle (at simulation time 271.000,400,000 s)
2024-06-03 19:57:53,573 INFO  - My position is not better! (at simulation time 271.000,400,000 s)
2024-06-03 19:57:53,574 INFO  - Recieve a message from other vehicle (at simulation time 271.001,400,000 s)
2024-06-03 19:57:53,574 INFO  - My position is not better! (at simulation time 271.001,400,000 s)
2024-06-03 19:57:53,575 INFO  - Recieve a message from other vehicle (at simulation time 271.001,400,000 s)
2024-06-03 19:57:53,575 INFO  - My position is not better! (at simulation time 271.001,400,000 s)
2024-06-03 19:57:53,575 INFO  - Recieve a message from other vehicle (at simulation time 271.001,400,000 s)
2024-06-03 19:57:53,575 INFO  - My position is not better! (at simulation time 271.001,400,000 s)
2024-06-03 19:57:53,576 INFO  - Recieve a message from other vehicle (at simulation time 271.001,900,000 s)
2024-06-03 19:57:53,577 INFO  - I'm in better position but no more hops in message (at simulation time 271.001,900,000 s)
2024-06-03 19:57:53,823 INFO  - Called #onVehicleUpdated (at simulation time 272.000,000,000 s)
2024-06-03 19:57:53,825 INFO  - Recieve a message from other vehicle (at simulation time 272.000,400,000 s)
2024-06-03 19:57:53,825 INFO  - My position is not better! (at simulation time 272.000,400,000 s)
2024-06-03 19:57:53,826 INFO  - Recieve a message from other vehicle (at simulation time 272.000,900,000 s)
2024-06-03 19:57:53,826 INFO  - My position is not better! (at simulation time 272.000,900,000 s)
2024-06-03 19:57:53,827 INFO  - Recieve a message from other vehicle (at simulation time 272.000,900,000 s)
2024-06-03 19:57:53,827 INFO  - I'm in better position but no more hops in message (at simulation time 272.000,900,000 s)
2024-06-03 19:57:53,827 INFO  - Recieve a message from other vehicle (at simulation time 272.001,400,000 s)
2024-06-03 19:57:53,827 INFO  - My position is not better! (at simulation time 272.001,400,000 s)
2024-06-03 19:57:53,829 INFO  - Recieve a message from other vehicle (at simulation time 272.001,900,000 s)
2024-06-03 19:57:53,829 INFO  - My position is not better! (at simulation time 272.001,900,000 s)
2024-06-03 19:57:53,829 INFO  - Recieve a message from other vehicle (at simulation time 272.002,400,000 s)
2024-06-03 19:57:53,829 INFO  - My position is not better! (at simulation time 272.002,400,000 s)
2024-06-03 19:57:53,829 INFO  - Recieve a message from other vehicle (at simulation time 272.002,400,000 s)
2024-06-03 19:57:53,829 INFO  - I'm in better position but no more hops in message (at simulation time 272.002,400,000 s)
2024-06-03 19:57:54,073 INFO  - Called #onVehicleUpdated (at simulation time 273.000,000,000 s)
2024-06-03 19:57:54,073 INFO  - Sending out AdHoc broadcast (at simulation time 273.000,000,000 s)
2024-06-03 19:57:54,075 INFO  - Recieve a message from other vehicle (at simulation time 273.000,400,000 s)
2024-06-03 19:57:54,075 INFO  - My position is not better! (at simulation time 273.000,400,000 s)
2024-06-03 19:57:54,076 INFO  - Recieve a message from other vehicle (at simulation time 273.000,400,000 s)
2024-06-03 19:57:54,076 INFO  - I'm in better position but no more hops in message (at simulation time 273.000,400,000 s)
2024-06-03 19:57:54,077 INFO  - Recieve a message from other vehicle (at simulation time 273.000,900,000 s)
2024-06-03 19:57:54,077 INFO  - My position is not better! (at simulation time 273.000,900,000 s)
2024-06-03 19:57:54,078 INFO  - Recieve a message from other vehicle (at simulation time 273.001,900,000 s)
2024-06-03 19:57:54,078 INFO  - My position is not better! (at simulation time 273.001,900,000 s)
2024-06-03 19:57:54,078 INFO  - Recieve a message from other vehicle (at simulation time 273.001,900,000 s)
2024-06-03 19:57:54,078 INFO  - My position is not better! (at simulation time 273.001,900,000 s)
2024-06-03 19:57:54,079 INFO  - Recieve a message from other vehicle (at simulation time 273.002,400,000 s)
2024-06-03 19:57:54,079 INFO  - My position is not better! (at simulation time 273.002,400,000 s)
2024-06-03 19:57:54,323 INFO  - Called #onVehicleUpdated (at simulation time 274.000,000,000 s)
2024-06-03 19:57:54,325 INFO  - Recieve a message from other vehicle (at simulation time 274.000,400,000 s)
2024-06-03 19:57:54,325 INFO  - My position is not better! (at simulation time 274.000,400,000 s)
2024-06-03 19:57:54,326 INFO  - Recieve a message from other vehicle (at simulation time 274.000,400,000 s)
2024-06-03 19:57:54,326 INFO  - I'm in better position but no more hops in message (at simulation time 274.000,400,000 s)
2024-06-03 19:57:54,326 INFO  - Recieve a message from other vehicle (at simulation time 274.000,900,000 s)
2024-06-03 19:57:54,326 INFO  - My position is not better! (at simulation time 274.000,900,000 s)
2024-06-03 19:57:54,326 INFO  - Recieve a message from other vehicle (at simulation time 274.000,900,000 s)
2024-06-03 19:57:54,326 INFO  - My position is not better! (at simulation time 274.000,900,000 s)
2024-06-03 19:57:54,327 INFO  - Recieve a message from other vehicle (at simulation time 274.000,900,000 s)
2024-06-03 19:57:54,327 INFO  - My position is not better! (at simulation time 274.000,900,000 s)
2024-06-03 19:57:54,328 INFO  - Recieve a message from other vehicle (at simulation time 274.001,400,000 s)
2024-06-03 19:57:54,328 INFO  - I'm in better position but no more hops in message (at simulation time 274.001,400,000 s)
2024-06-03 19:57:54,328 INFO  - Recieve a message from other vehicle (at simulation time 274.001,900,000 s)
2024-06-03 19:57:54,328 INFO  - My position is not better! (at simulation time 274.001,900,000 s)
2024-06-03 19:57:54,575 INFO  - Called #onVehicleUpdated (at simulation time 275.000,000,000 s)
2024-06-03 19:57:54,576 INFO  - Sending out AdHoc broadcast (at simulation time 275.000,000,000 s)
2024-06-03 19:57:54,578 INFO  - Recieve a message from other vehicle (at simulation time 275.000,400,000 s)
2024-06-03 19:57:54,578 INFO  - My position is not better! (at simulation time 275.000,400,000 s)
2024-06-03 19:57:54,579 INFO  - Recieve a message from other vehicle (at simulation time 275.000,900,000 s)
2024-06-03 19:57:54,579 INFO  - My position is not better! (at simulation time 275.000,900,000 s)
2024-06-03 19:57:54,579 INFO  - Recieve a message from other vehicle (at simulation time 275.001,400,000 s)
2024-06-03 19:57:54,579 INFO  - My position is not better! (at simulation time 275.001,400,000 s)
2024-06-03 19:57:54,579 INFO  - Recieve a message from other vehicle (at simulation time 275.001,400,000 s)
2024-06-03 19:57:54,579 INFO  - My position is not better! (at simulation time 275.001,400,000 s)
2024-06-03 19:57:54,580 INFO  - Recieve a message from other vehicle (at simulation time 275.001,900,000 s)
2024-06-03 19:57:54,580 INFO  - My position is not better! (at simulation time 275.001,900,000 s)
2024-06-03 19:57:54,581 INFO  - Recieve a message from other vehicle (at simulation time 275.001,900,000 s)
2024-06-03 19:57:54,581 INFO  - I'm in better position but no more hops in message (at simulation time 275.001,900,000 s)
2024-06-03 19:57:54,823 INFO  - Called #onVehicleUpdated (at simulation time 276.000,000,000 s)
2024-06-03 19:57:54,826 INFO  - Recieve a message from other vehicle (at simulation time 276.000,400,000 s)
2024-06-03 19:57:54,826 INFO  - My position is not better! (at simulation time 276.000,400,000 s)
2024-06-03 19:57:54,830 INFO  - Recieve a message from other vehicle (at simulation time 276.000,900,000 s)
2024-06-03 19:57:54,830 INFO  - My position is not better! (at simulation time 276.000,900,000 s)
2024-06-03 19:57:54,830 INFO  - Recieve a message from other vehicle (at simulation time 276.000,900,000 s)
2024-06-03 19:57:54,830 INFO  - I'm in better position but no more hops in message (at simulation time 276.000,900,000 s)
2024-06-03 19:57:54,835 INFO  - Recieve a message from other vehicle (at simulation time 276.002,400,000 s)
2024-06-03 19:57:54,835 INFO  - My position is not better! (at simulation time 276.002,400,000 s)
2024-06-03 19:57:54,835 INFO  - Recieve a message from other vehicle (at simulation time 276.002,400,000 s)
2024-06-03 19:57:54,835 INFO  - My position is not better! (at simulation time 276.002,400,000 s)
2024-06-03 19:57:54,842 INFO  - Recieve a message from other vehicle (at simulation time 276.002,400,000 s)
2024-06-03 19:57:54,842 INFO  - My position is not better! (at simulation time 276.002,400,000 s)
2024-06-03 19:57:54,843 INFO  - Recieve a message from other vehicle (at simulation time 276.002,400,000 s)
2024-06-03 19:57:54,843 INFO  - I'm in better position but no more hops in message (at simulation time 276.002,400,000 s)
2024-06-03 19:57:55,072 INFO  - Called #onVehicleUpdated (at simulation time 277.000,000,000 s)
2024-06-03 19:57:55,073 INFO  - Sending out AdHoc broadcast (at simulation time 277.000,000,000 s)
2024-06-03 19:57:55,074 INFO  - Recieve a message from other vehicle (at simulation time 277.000,400,000 s)
2024-06-03 19:57:55,074 INFO  - My position is not better! (at simulation time 277.000,400,000 s)
2024-06-03 19:57:55,074 INFO  - Recieve a message from other vehicle (at simulation time 277.000,400,000 s)
2024-06-03 19:57:55,074 INFO  - My position is not better! (at simulation time 277.000,400,000 s)
2024-06-03 19:57:55,077 INFO  - Recieve a message from other vehicle (at simulation time 277.000,900,000 s)
2024-06-03 19:57:55,077 INFO  - I'm in better position but no more hops in message (at simulation time 277.000,900,000 s)
2024-06-03 19:57:55,078 INFO  - Recieve a message from other vehicle (at simulation time 277.001,400,000 s)
2024-06-03 19:57:55,078 INFO  - My position is not better! (at simulation time 277.001,400,000 s)
2024-06-03 19:57:55,079 INFO  - Recieve a message from other vehicle (at simulation time 277.001,900,000 s)
2024-06-03 19:57:55,079 INFO  - My position is not better! (at simulation time 277.001,900,000 s)
2024-06-03 19:57:55,080 INFO  - Recieve a message from other vehicle (at simulation time 277.001,900,000 s)
2024-06-03 19:57:55,080 INFO  - My position is not better! (at simulation time 277.001,900,000 s)
2024-06-03 19:57:55,322 INFO  - Called #onVehicleUpdated (at simulation time 278.000,000,000 s)
2024-06-03 19:57:55,324 INFO  - Recieve a message from other vehicle (at simulation time 278.000,400,000 s)
2024-06-03 19:57:55,324 INFO  - My position is not better! (at simulation time 278.000,400,000 s)
2024-06-03 19:57:55,325 INFO  - Recieve a message from other vehicle (at simulation time 278.000,400,000 s)
2024-06-03 19:57:55,325 INFO  - My position is not better! (at simulation time 278.000,400,000 s)
2024-06-03 19:57:55,325 INFO  - Recieve a message from other vehicle (at simulation time 278.000,400,000 s)
2024-06-03 19:57:55,325 INFO  - My position is not better! (at simulation time 278.000,400,000 s)
2024-06-03 19:57:55,325 INFO  - Recieve a message from other vehicle (at simulation time 278.000,400,000 s)
2024-06-03 19:57:55,325 INFO  - I'm in better position but no more hops in message (at simulation time 278.000,400,000 s)
2024-06-03 19:57:55,325 INFO  - Recieve a message from other vehicle (at simulation time 278.000,400,000 s)
2024-06-03 19:57:55,325 INFO  - I'm in better position but no more hops in message (at simulation time 278.000,400,000 s)
2024-06-03 19:57:55,326 INFO  - Recieve a message from other vehicle (at simulation time 278.001,400,000 s)
2024-06-03 19:57:55,326 INFO  - My position is not better! (at simulation time 278.001,400,000 s)
2024-06-03 19:57:55,327 INFO  - Recieve a message from other vehicle (at simulation time 278.001,900,000 s)
2024-06-03 19:57:55,327 INFO  - My position is not better! (at simulation time 278.001,900,000 s)
2024-06-03 19:57:55,573 INFO  - Called #onVehicleUpdated (at simulation time 279.000,000,000 s)
2024-06-03 19:57:55,573 INFO  - Sending out AdHoc broadcast (at simulation time 279.000,000,000 s)
2024-06-03 19:57:55,574 INFO  - Recieve a message from other vehicle (at simulation time 279.000,400,000 s)
2024-06-03 19:57:55,574 INFO  - My position is not better! (at simulation time 279.000,400,000 s)
2024-06-03 19:57:55,576 INFO  - Recieve a message from other vehicle (at simulation time 279.000,900,000 s)
2024-06-03 19:57:55,576 INFO  - My position is not better! (at simulation time 279.000,900,000 s)
2024-06-03 19:57:55,577 INFO  - Recieve a message from other vehicle (at simulation time 279.000,900,000 s)
2024-06-03 19:57:55,577 INFO  - I'm in better position but no more hops in message (at simulation time 279.000,900,000 s)
2024-06-03 19:57:55,578 INFO  - Recieve a message from other vehicle (at simulation time 279.002,400,000 s)
2024-06-03 19:57:55,578 INFO  - My position is not better! (at simulation time 279.002,400,000 s)
2024-06-03 19:57:55,578 INFO  - Recieve a message from other vehicle (at simulation time 279.002,400,000 s)
2024-06-03 19:57:55,578 INFO  - My position is not better! (at simulation time 279.002,400,000 s)
2024-06-03 19:57:55,579 INFO  - Recieve a message from other vehicle (at simulation time 279.002,400,000 s)
2024-06-03 19:57:55,579 INFO  - My position is not better! (at simulation time 279.002,400,000 s)
2024-06-03 19:57:55,825 INFO  - Called #onVehicleUpdated (at simulation time 280.000,000,000 s)
2024-06-03 19:57:55,828 INFO  - Recieve a message from other vehicle (at simulation time 280.000,400,000 s)
2024-06-03 19:57:55,828 INFO  - My position is not better! (at simulation time 280.000,400,000 s)
2024-06-03 19:57:55,828 INFO  - Recieve a message from other vehicle (at simulation time 280.000,400,000 s)
2024-06-03 19:57:55,828 INFO  - My position is not better! (at simulation time 280.000,400,000 s)
2024-06-03 19:57:55,828 INFO  - Recieve a message from other vehicle (at simulation time 280.000,400,000 s)
2024-06-03 19:57:55,828 INFO  - I'm in better position but no more hops in message (at simulation time 280.000,400,000 s)
2024-06-03 19:57:55,830 INFO  - Recieve a message from other vehicle (at simulation time 280.001,400,000 s)
2024-06-03 19:57:55,830 INFO  - My position is not better! (at simulation time 280.001,400,000 s)
2024-06-03 19:57:55,832 INFO  - Recieve a message from other vehicle (at simulation time 280.001,400,000 s)
2024-06-03 19:57:55,832 INFO  - My position is not better! (at simulation time 280.001,400,000 s)
2024-06-03 19:57:55,832 INFO  - Recieve a message from other vehicle (at simulation time 280.001,900,000 s)
2024-06-03 19:57:55,832 INFO  - My position is not better! (at simulation time 280.001,900,000 s)
2024-06-03 19:57:55,836 INFO  - Recieve a message from other vehicle (at simulation time 280.002,400,000 s)
2024-06-03 19:57:55,836 INFO  - I'm in better position but no more hops in message (at simulation time 280.002,400,000 s)
2024-06-03 19:57:56,071 INFO  - Called #onVehicleUpdated (at simulation time 281.000,000,000 s)
2024-06-03 19:57:56,072 INFO  - Sending out AdHoc broadcast (at simulation time 281.000,000,000 s)
2024-06-03 19:57:56,072 INFO  - Recieve a message from other vehicle (at simulation time 281.000,400,000 s)
2024-06-03 19:57:56,072 INFO  - My position is not better! (at simulation time 281.000,400,000 s)
2024-06-03 19:57:56,074 INFO  - Recieve a message from other vehicle (at simulation time 281.000,900,000 s)
2024-06-03 19:57:56,074 INFO  - My position is not better! (at simulation time 281.000,900,000 s)
2024-06-03 19:57:56,077 INFO  - Recieve a message from other vehicle (at simulation time 281.001,900,000 s)
2024-06-03 19:57:56,077 INFO  - My position is not better! (at simulation time 281.001,900,000 s)
2024-06-03 19:57:56,078 INFO  - Recieve a message from other vehicle (at simulation time 281.001,900,000 s)
2024-06-03 19:57:56,078 INFO  - My position is not better! (at simulation time 281.001,900,000 s)
2024-06-03 19:57:56,078 INFO  - Recieve a message from other vehicle (at simulation time 281.001,900,000 s)
2024-06-03 19:57:56,078 INFO  - My position is not better! (at simulation time 281.001,900,000 s)
2024-06-03 19:57:56,078 INFO  - Recieve a message from other vehicle (at simulation time 281.001,900,000 s)
2024-06-03 19:57:56,078 INFO  - I'm in better position but no more hops in message (at simulation time 281.001,900,000 s)
2024-06-03 19:57:56,323 INFO  - Called #onVehicleUpdated (at simulation time 282.000,000,000 s)
2024-06-03 19:57:56,326 INFO  - Recieve a message from other vehicle (at simulation time 282.000,900,000 s)
2024-06-03 19:57:56,326 INFO  - My position is not better! (at simulation time 282.000,900,000 s)
2024-06-03 19:57:56,328 INFO  - Recieve a message from other vehicle (at simulation time 282.002,400,000 s)
2024-06-03 19:57:56,328 INFO  - My position is not better! (at simulation time 282.002,400,000 s)
2024-06-03 19:57:56,328 INFO  - Recieve a message from other vehicle (at simulation time 282.002,400,000 s)
2024-06-03 19:57:56,328 INFO  - My position is not better! (at simulation time 282.002,400,000 s)
2024-06-03 19:57:56,328 INFO  - Recieve a message from other vehicle (at simulation time 282.002,400,000 s)
2024-06-03 19:57:56,328 INFO  - My position is not better! (at simulation time 282.002,400,000 s)
2024-06-03 19:57:56,329 INFO  - Recieve a message from other vehicle (at simulation time 282.002,400,000 s)
2024-06-03 19:57:56,329 INFO  - My position is not better! (at simulation time 282.002,400,000 s)
2024-06-03 19:57:56,329 INFO  - Recieve a message from other vehicle (at simulation time 282.002,400,000 s)
2024-06-03 19:57:56,329 INFO  - I'm in better position but no more hops in message (at simulation time 282.002,400,000 s)
2024-06-03 19:57:56,329 INFO  - Recieve a message from other vehicle (at simulation time 282.002,400,000 s)
2024-06-03 19:57:56,329 INFO  - I'm in better position but no more hops in message (at simulation time 282.002,400,000 s)
2024-06-03 19:57:56,573 INFO  - Called #onVehicleUpdated (at simulation time 283.000,000,000 s)
2024-06-03 19:57:56,573 INFO  - Sending out AdHoc broadcast (at simulation time 283.000,000,000 s)
2024-06-03 19:57:56,575 INFO  - Recieve a message from other vehicle (at simulation time 283.000,400,000 s)
2024-06-03 19:57:56,575 INFO  - My position is not better! (at simulation time 283.000,400,000 s)
2024-06-03 19:57:56,576 INFO  - Recieve a message from other vehicle (at simulation time 283.000,900,000 s)
2024-06-03 19:57:56,576 INFO  - My position is not better! (at simulation time 283.000,900,000 s)
2024-06-03 19:57:56,577 INFO  - Recieve a message from other vehicle (at simulation time 283.000,900,000 s)
2024-06-03 19:57:56,577 INFO  - I'm in better position but no more hops in message (at simulation time 283.000,900,000 s)
2024-06-03 19:57:56,578 INFO  - Recieve a message from other vehicle (at simulation time 283.001,400,000 s)
2024-06-03 19:57:56,578 INFO  - My position is not better! (at simulation time 283.001,400,000 s)
2024-06-03 19:57:56,579 INFO  - Recieve a message from other vehicle (at simulation time 283.001,400,000 s)
2024-06-03 19:57:56,579 INFO  - My position is not better! (at simulation time 283.001,400,000 s)
2024-06-03 19:57:56,580 INFO  - Recieve a message from other vehicle (at simulation time 283.001,900,000 s)
2024-06-03 19:57:56,580 INFO  - My position is not better! (at simulation time 283.001,900,000 s)
2024-06-03 19:57:56,823 INFO  - Called #onVehicleUpdated (at simulation time 284.000,000,000 s)
2024-06-03 19:57:56,828 INFO  - Recieve a message from other vehicle (at simulation time 284.000,900,000 s)
2024-06-03 19:57:56,828 INFO  - I'm in better position but no more hops in message (at simulation time 284.000,900,000 s)
2024-06-03 19:57:56,830 INFO  - Recieve a message from other vehicle (at simulation time 284.001,400,000 s)
2024-06-03 19:57:56,830 INFO  - My position is not better! (at simulation time 284.001,400,000 s)
2024-06-03 19:57:56,832 INFO  - Recieve a message from other vehicle (at simulation time 284.001,900,000 s)
2024-06-03 19:57:56,832 INFO  - My position is not better! (at simulation time 284.001,900,000 s)
2024-06-03 19:57:56,832 INFO  - Recieve a message from other vehicle (at simulation time 284.001,900,000 s)
2024-06-03 19:57:56,832 INFO  - I'm in better position but no more hops in message (at simulation time 284.001,900,000 s)
2024-06-03 19:57:56,832 INFO  - Recieve a message from other vehicle (at simulation time 284.002,400,000 s)
2024-06-03 19:57:56,832 INFO  - My position is not better! (at simulation time 284.002,400,000 s)
2024-06-03 19:57:56,832 INFO  - Recieve a message from other vehicle (at simulation time 284.002,400,000 s)
2024-06-03 19:57:56,832 INFO  - My position is not better! (at simulation time 284.002,400,000 s)
2024-06-03 19:57:56,832 INFO  - Recieve a message from other vehicle (at simulation time 284.002,400,000 s)
2024-06-03 19:57:56,832 INFO  - My position is not better! (at simulation time 284.002,400,000 s)
2024-06-03 19:57:57,076 INFO  - Called #onVehicleUpdated (at simulation time 285.000,000,000 s)
2024-06-03 19:57:57,077 INFO  - Sending out AdHoc broadcast (at simulation time 285.000,000,000 s)
2024-06-03 19:57:57,078 INFO  - Recieve a message from other vehicle (at simulation time 285.000,400,000 s)
2024-06-03 19:57:57,078 INFO  - My position is not better! (at simulation time 285.000,400,000 s)
2024-06-03 19:57:57,078 INFO  - Recieve a message from other vehicle (at simulation time 285.000,400,000 s)
2024-06-03 19:57:57,078 INFO  - My position is not better! (at simulation time 285.000,400,000 s)
2024-06-03 19:57:57,080 INFO  - Recieve a message from other vehicle (at simulation time 285.000,900,000 s)
2024-06-03 19:57:57,080 INFO  - My position is not better! (at simulation time 285.000,900,000 s)
2024-06-03 19:57:57,081 INFO  - Recieve a message from other vehicle (at simulation time 285.000,900,000 s)
2024-06-03 19:57:57,081 INFO  - My position is not better! (at simulation time 285.000,900,000 s)
2024-06-03 19:57:57,084 INFO  - Recieve a message from other vehicle (at simulation time 285.001,400,000 s)
2024-06-03 19:57:57,084 INFO  - My position is not better! (at simulation time 285.001,400,000 s)
2024-06-03 19:57:57,086 INFO  - Recieve a message from other vehicle (at simulation time 285.001,900,000 s)
2024-06-03 19:57:57,086 INFO  - I'm in better position but no more hops in message (at simulation time 285.001,900,000 s)
2024-06-03 19:57:57,324 INFO  - Called #onVehicleUpdated (at simulation time 286.000,000,000 s)
2024-06-03 19:57:57,327 INFO  - Recieve a message from other vehicle (at simulation time 286.000,900,000 s)
2024-06-03 19:57:57,327 INFO  - My position is not better! (at simulation time 286.000,900,000 s)
2024-06-03 19:57:57,328 INFO  - Recieve a message from other vehicle (at simulation time 286.000,900,000 s)
2024-06-03 19:57:57,328 INFO  - I'm in better position but no more hops in message (at simulation time 286.000,900,000 s)
2024-06-03 19:57:57,328 INFO  - Recieve a message from other vehicle (at simulation time 286.001,400,000 s)
2024-06-03 19:57:57,328 INFO  - My position is not better! (at simulation time 286.001,400,000 s)
2024-06-03 19:57:57,329 INFO  - Recieve a message from other vehicle (at simulation time 286.001,400,000 s)
2024-06-03 19:57:57,329 INFO  - My position is not better! (at simulation time 286.001,400,000 s)
2024-06-03 19:57:57,329 INFO  - Recieve a message from other vehicle (at simulation time 286.001,400,000 s)
2024-06-03 19:57:57,329 INFO  - My position is not better! (at simulation time 286.001,400,000 s)
2024-06-03 19:57:57,330 INFO  - Recieve a message from other vehicle (at simulation time 286.001,900,000 s)
2024-06-03 19:57:57,330 INFO  - I'm in better position but no more hops in message (at simulation time 286.001,900,000 s)
2024-06-03 19:57:57,331 INFO  - Recieve a message from other vehicle (at simulation time 286.002,400,000 s)
2024-06-03 19:57:57,331 INFO  - My position is not better! (at simulation time 286.002,400,000 s)
2024-06-03 19:57:57,574 INFO  - Called #onVehicleUpdated (at simulation time 287.000,000,000 s)
2024-06-03 19:57:57,575 INFO  - Sending out AdHoc broadcast (at simulation time 287.000,000,000 s)
2024-06-03 19:57:57,576 INFO  - Recieve a message from other vehicle (at simulation time 287.000,400,000 s)
2024-06-03 19:57:57,576 INFO  - My position is not better! (at simulation time 287.000,400,000 s)
2024-06-03 19:57:57,577 INFO  - Recieve a message from other vehicle (at simulation time 287.000,400,000 s)
2024-06-03 19:57:57,578 INFO  - My position is not better! (at simulation time 287.000,400,000 s)
2024-06-03 19:57:57,578 INFO  - Recieve a message from other vehicle (at simulation time 287.000,400,000 s)
2024-06-03 19:57:57,578 INFO  - I'm in better position but no more hops in message (at simulation time 287.000,400,000 s)
2024-06-03 19:57:57,579 INFO  - Recieve a message from other vehicle (at simulation time 287.001,400,000 s)
2024-06-03 19:57:57,579 INFO  - My position is not better! (at simulation time 287.001,400,000 s)
2024-06-03 19:57:57,582 INFO  - Recieve a message from other vehicle (at simulation time 287.001,900,000 s)
2024-06-03 19:57:57,582 INFO  - My position is not better! (at simulation time 287.001,900,000 s)
2024-06-03 19:57:57,583 INFO  - Recieve a message from other vehicle (at simulation time 287.002,400,000 s)
2024-06-03 19:57:57,583 INFO  - My position is not better! (at simulation time 287.002,400,000 s)
2024-06-03 19:57:57,824 INFO  - Called #onVehicleUpdated (at simulation time 288.000,000,000 s)
2024-06-03 19:57:57,826 INFO  - Recieve a message from other vehicle (at simulation time 288.000,400,000 s)
2024-06-03 19:57:57,826 INFO  - My position is not better! (at simulation time 288.000,400,000 s)
2024-06-03 19:57:57,828 INFO  - Recieve a message from other vehicle (at simulation time 288.000,400,000 s)
2024-06-03 19:57:57,828 INFO  - I'm in better position but no more hops in message (at simulation time 288.000,400,000 s)
2024-06-03 19:57:57,830 INFO  - Recieve a message from other vehicle (at simulation time 288.000,900,000 s)
2024-06-03 19:57:57,830 INFO  - I'm in better position but no more hops in message (at simulation time 288.000,900,000 s)
2024-06-03 19:57:57,833 INFO  - Recieve a message from other vehicle (at simulation time 288.001,400,000 s)
2024-06-03 19:57:57,833 INFO  - My position is not better! (at simulation time 288.001,400,000 s)
2024-06-03 19:57:57,833 INFO  - Recieve a message from other vehicle (at simulation time 288.001,900,000 s)
2024-06-03 19:57:57,833 INFO  - My position is not better! (at simulation time 288.001,900,000 s)
2024-06-03 19:57:57,834 INFO  - Recieve a message from other vehicle (at simulation time 288.001,900,000 s)
2024-06-03 19:57:57,834 INFO  - My position is not better! (at simulation time 288.001,900,000 s)
2024-06-03 19:57:57,836 INFO  - Recieve a message from other vehicle (at simulation time 288.001,900,000 s)
2024-06-03 19:57:57,836 INFO  - My position is not better! (at simulation time 288.001,900,000 s)
2024-06-03 19:57:58,074 INFO  - Called #onVehicleUpdated (at simulation time 289.000,000,000 s)
2024-06-03 19:57:58,075 INFO  - Sending out AdHoc broadcast (at simulation time 289.000,000,000 s)
2024-06-03 19:57:58,077 INFO  - Recieve a message from other vehicle (at simulation time 289.000,400,000 s)
2024-06-03 19:57:58,077 INFO  - My position is not better! (at simulation time 289.000,400,000 s)
2024-06-03 19:57:58,080 INFO  - Recieve a message from other vehicle (at simulation time 289.001,400,000 s)
2024-06-03 19:57:58,080 INFO  - My position is not better! (at simulation time 289.001,400,000 s)
2024-06-03 19:57:58,082 INFO  - Recieve a message from other vehicle (at simulation time 289.001,400,000 s)
2024-06-03 19:57:58,082 INFO  - My position is not better! (at simulation time 289.001,400,000 s)
2024-06-03 19:57:58,083 INFO  - Recieve a message from other vehicle (at simulation time 289.001,900,000 s)
2024-06-03 19:57:58,083 INFO  - My position is not better! (at simulation time 289.001,900,000 s)
2024-06-03 19:57:58,083 INFO  - Recieve a message from other vehicle (at simulation time 289.001,900,000 s)
2024-06-03 19:57:58,083 INFO  - My position is not better! (at simulation time 289.001,900,000 s)
2024-06-03 19:57:58,088 INFO  - Recieve a message from other vehicle (at simulation time 289.002,400,000 s)
2024-06-03 19:57:58,088 INFO  - I'm in better position but no more hops in message (at simulation time 289.002,400,000 s)
2024-06-03 19:57:58,325 INFO  - Called #onVehicleUpdated (at simulation time 290.000,000,000 s)
2024-06-03 19:57:58,328 INFO  - Recieve a message from other vehicle (at simulation time 290.000,400,000 s)
2024-06-03 19:57:58,328 INFO  - My position is not better! (at simulation time 290.000,400,000 s)
2024-06-03 19:57:58,330 INFO  - Recieve a message from other vehicle (at simulation time 290.001,400,000 s)
2024-06-03 19:57:58,330 INFO  - My position is not better! (at simulation time 290.001,400,000 s)
2024-06-03 19:57:58,330 INFO  - Recieve a message from other vehicle (at simulation time 290.001,400,000 s)
2024-06-03 19:57:58,330 INFO  - My position is not better! (at simulation time 290.001,400,000 s)
2024-06-03 19:57:58,332 INFO  - Recieve a message from other vehicle (at simulation time 290.001,900,000 s)
2024-06-03 19:57:58,332 INFO  - My position is not better! (at simulation time 290.001,900,000 s)
2024-06-03 19:57:58,334 INFO  - Recieve a message from other vehicle (at simulation time 290.001,900,000 s)
2024-06-03 19:57:58,334 INFO  - My position is not better! (at simulation time 290.001,900,000 s)
2024-06-03 19:57:58,334 INFO  - Recieve a message from other vehicle (at simulation time 290.001,900,000 s)
2024-06-03 19:57:58,334 INFO  - I'm in better position but no more hops in message (at simulation time 290.001,900,000 s)
2024-06-03 19:57:58,335 INFO  - Recieve a message from other vehicle (at simulation time 290.002,400,000 s)
2024-06-03 19:57:58,335 INFO  - I'm in better position but no more hops in message (at simulation time 290.002,400,000 s)
2024-06-03 19:57:58,574 INFO  - Called #onVehicleUpdated (at simulation time 291.000,000,000 s)
2024-06-03 19:57:58,575 INFO  - Sending out AdHoc broadcast (at simulation time 291.000,000,000 s)
2024-06-03 19:57:58,578 INFO  - Recieve a message from other vehicle (at simulation time 291.000,400,000 s)
2024-06-03 19:57:58,578 INFO  - My position is not better! (at simulation time 291.000,400,000 s)
2024-06-03 19:57:58,578 INFO  - Recieve a message from other vehicle (at simulation time 291.000,400,000 s)
2024-06-03 19:57:58,578 INFO  - My position is not better! (at simulation time 291.000,400,000 s)
2024-06-03 19:57:58,580 INFO  - Recieve a message from other vehicle (at simulation time 291.001,400,000 s)
2024-06-03 19:57:58,580 INFO  - My position is not better! (at simulation time 291.001,400,000 s)
2024-06-03 19:57:58,585 INFO  - Recieve a message from other vehicle (at simulation time 291.001,900,000 s)
2024-06-03 19:57:58,585 INFO  - I'm in better position but no more hops in message (at simulation time 291.001,900,000 s)
2024-06-03 19:57:58,585 INFO  - Recieve a message from other vehicle (at simulation time 291.002,400,000 s)
2024-06-03 19:57:58,585 INFO  - My position is not better! (at simulation time 291.002,400,000 s)
2024-06-03 19:57:58,585 INFO  - Recieve a message from other vehicle (at simulation time 291.002,400,000 s)
2024-06-03 19:57:58,585 INFO  - My position is not better! (at simulation time 291.002,400,000 s)
