2024-06-03 19:54:39,151 INFO  - Initialize Vehicle application (at simulation time 402.000,000,000 s)
2024-06-03 19:54:39,152 INFO  - Activated WLAN Module (at simulation time 402.000,000,000 s)
2024-06-03 19:54:39,154 INFO  - Called #onVehicleUpdated (at simulation time 402.000,000,000 s)
2024-06-03 19:54:39,157 INFO  - Called #onVehicleUpdated (at simulation time 403.000,000,000 s)
2024-06-03 19:54:39,157 INFO  - Define the name: veh_64 and route: r_2 (at simulation time 403.000,000,000 s)
2024-06-03 19:54:39,157 INFO  - Sending out AdHoc broadcast (at simulation time 403.000,000,000 s)
2024-06-03 19:54:39,158 INFO  - Called #onVehicleUpdated (at simulation time 404.000,000,000 s)
2024-06-03 19:54:39,158 INFO  - Recieve a message from other vehicle (at simulation time 404.000,400,000 s)
2024-06-03 19:54:39,158 INFO  - Recending a message from other vehicle (at simulation time 404.000,400,000 s)
2024-06-03 19:54:39,159 INFO  - Called #onVehicleUpdated (at simulation time 405.000,000,000 s)
2024-06-03 19:54:39,159 INFO  - Sending out AdHoc broadcast (at simulation time 405.000,000,000 s)
2024-06-03 19:54:39,160 INFO  - Called #onVehicleUpdated (at simulation time 406.000,000,000 s)
2024-06-03 19:54:39,160 INFO  - Recieve a message from other vehicle (at simulation time 406.000,400,000 s)
2024-06-03 19:54:39,160 INFO  - Recending a message from other vehicle (at simulation time 406.000,400,000 s)
2024-06-03 19:54:39,160 INFO  - Called #onVehicleUpdated (at simulation time 407.000,000,000 s)
2024-06-03 19:54:39,161 INFO  - Sending out AdHoc broadcast (at simulation time 407.000,000,000 s)
2024-06-03 19:54:39,162 INFO  - Called #onVehicleUpdated (at simulation time 408.000,000,000 s)
2024-06-03 19:54:39,162 INFO  - Recieve a message from other vehicle (at simulation time 408.000,900,000 s)
2024-06-03 19:54:39,162 INFO  - Recending a message from other vehicle (at simulation time 408.000,900,000 s)
2024-06-03 19:54:39,163 INFO  - Called #onVehicleUpdated (at simulation time 409.000,000,000 s)
2024-06-03 19:54:39,164 INFO  - Sending out AdHoc broadcast (at simulation time 409.000,000,000 s)
2024-06-03 19:54:39,165 INFO  - Called #onVehicleUpdated (at simulation time 410.000,000,000 s)
2024-06-03 19:54:39,166 INFO  - Recieve a message from other vehicle (at simulation time 410.000,900,000 s)
2024-06-03 19:54:39,166 INFO  - My position is not better! (at simulation time 410.000,900,000 s)
2024-06-03 19:54:39,166 INFO  - Recieve a message from other vehicle (at simulation time 410.002,400,000 s)
2024-06-03 19:54:39,166 INFO  - Recending a message from other vehicle (at simulation time 410.002,400,000 s)
2024-06-03 19:54:39,166 INFO  - Recieve a message from other vehicle (at simulation time 410.002,800,000 s)
2024-06-03 19:54:39,166 INFO  - My position is not better! (at simulation time 410.002,800,000 s)
2024-06-03 19:54:39,167 INFO  - Called #onVehicleUpdated (at simulation time 411.000,000,000 s)
2024-06-03 19:54:39,167 INFO  - Sending out DENM broadcast (at simulation time 411.000,000,000 s)
2024-06-03 19:54:39,167 INFO  - Sending out AdHoc broadcast (at simulation time 411.000,000,000 s)
2024-06-03 19:54:39,168 INFO  - Recieve a message from other vehicle (at simulation time 411.000,400,000 s)
2024-06-03 19:54:39,168 INFO  - DENM message Recived from veh_67 -info : piso-molhado (at simulation time 411.000,400,000 s)
2024-06-03 19:54:39,168 INFO  - I slow down due to road state (at simulation time 411.000,400,000 s)
2024-06-03 19:54:39,168 INFO  - Recending a DENM message from other vehicle (at simulation time 411.000,400,000 s)
2024-06-03 19:54:39,168 INFO  - Recieve a message from other vehicle (at simulation time 411.000,900,000 s)
2024-06-03 19:54:39,168 INFO  - DENM message Recived from veh_66 -info : seco (at simulation time 411.000,900,000 s)
2024-06-03 19:54:39,168 INFO  - No more hops in DENM message (at simulation time 411.000,900,000 s)
2024-06-03 19:54:39,169 INFO  - Recieve a message from other vehicle (at simulation time 411.000,900,000 s)
2024-06-03 19:54:39,169 INFO  - My position is not better! (at simulation time 411.000,900,000 s)
2024-06-03 19:54:39,169 INFO  - Recieve a message from other vehicle (at simulation time 411.001,300,000 s)
2024-06-03 19:54:39,169 INFO  - DENM message Recived from veh_64 -info : piso-molhado (at simulation time 411.001,300,000 s)
2024-06-03 19:54:39,169 INFO  - I slow down due to road state (at simulation time 411.001,300,000 s)
2024-06-03 19:54:39,169 INFO  - No more hops in DENM message (at simulation time 411.001,300,000 s)
2024-06-03 19:54:39,169 INFO  - Recieve a message from other vehicle (at simulation time 411.001,300,000 s)
2024-06-03 19:54:39,169 INFO  - DENM message Recived from veh_66 -info : seco (at simulation time 411.001,300,000 s)
2024-06-03 19:54:39,169 INFO  - No more hops in DENM message (at simulation time 411.001,300,000 s)
2024-06-03 19:54:39,171 INFO  - Recieve a message from other vehicle (at simulation time 411.001,900,000 s)
2024-06-03 19:54:39,171 INFO  - I'm in better position but no more hops in message (at simulation time 411.001,900,000 s)
2024-06-03 19:54:39,171 INFO  - Recieve a message from other vehicle (at simulation time 411.002,400,000 s)
2024-06-03 19:54:39,171 INFO  - I'm in better position but no more hops in message (at simulation time 411.002,400,000 s)
2024-06-03 19:54:39,173 INFO  - Recieve a message from other vehicle (at simulation time 411.003,300,000 s)
2024-06-03 19:54:39,173 INFO  - My position is not better! (at simulation time 411.003,300,000 s)
2024-06-03 19:54:39,174 INFO  - Called #onVehicleUpdated (at simulation time 412.000,000,000 s)
2024-06-03 19:54:39,175 INFO  - Recieve a message from other vehicle (at simulation time 412.000,800,000 s)
2024-06-03 19:54:39,175 INFO  - DENM message Recived from veh_65 -info : seco (at simulation time 412.000,800,000 s)
2024-06-03 19:54:39,175 INFO  - No more hops in DENM message (at simulation time 412.000,800,000 s)
2024-06-03 19:54:39,175 INFO  - Recieve a message from other vehicle (at simulation time 412.000,900,000 s)
2024-06-03 19:54:39,175 INFO  - I'm in better position but no more hops in message (at simulation time 412.000,900,000 s)
2024-06-03 19:54:39,175 INFO  - Recieve a message from other vehicle (at simulation time 412.001,900,000 s)
2024-06-03 19:54:39,175 INFO  - DENM message Recived from veh_65 -info : seco (at simulation time 412.001,900,000 s)
2024-06-03 19:54:39,176 INFO  - No more hops in DENM message (at simulation time 412.001,900,000 s)
2024-06-03 19:54:39,176 INFO  - Recieve a message from other vehicle (at simulation time 412.001,900,000 s)
2024-06-03 19:54:39,176 INFO  - I'm in better position but no more hops in message (at simulation time 412.001,900,000 s)
2024-06-03 19:54:39,176 INFO  - Recieve a message from other vehicle (at simulation time 412.002,800,000 s)
2024-06-03 19:54:39,176 INFO  - I'm in better position but no more hops in message (at simulation time 412.002,800,000 s)
2024-06-03 19:54:39,177 INFO  - Called #onVehicleUpdated (at simulation time 413.000,000,000 s)
2024-06-03 19:54:39,177 INFO  - Sending out AdHoc broadcast (at simulation time 413.000,000,000 s)
2024-06-03 19:54:39,178 INFO  - Recieve a message from other vehicle (at simulation time 413.000,900,000 s)
2024-06-03 19:54:39,178 INFO  - I'm in better position but no more hops in message (at simulation time 413.000,900,000 s)
2024-06-03 19:54:39,178 INFO  - Recieve a message from other vehicle (at simulation time 413.001,900,000 s)
2024-06-03 19:54:39,178 INFO  - Recending a message from other vehicle (at simulation time 413.001,900,000 s)
2024-06-03 19:54:39,178 INFO  - Recieve a message from other vehicle (at simulation time 413.001,900,000 s)
2024-06-03 19:54:39,178 INFO  - I'm in better position but no more hops in message (at simulation time 413.001,900,000 s)
2024-06-03 19:54:39,180 INFO  - Called #onVehicleUpdated (at simulation time 414.000,000,000 s)
2024-06-03 19:54:39,180 INFO  - Recieve a message from other vehicle (at simulation time 414.000,900,000 s)
2024-06-03 19:54:39,180 INFO  - My position is not better! (at simulation time 414.000,900,000 s)
2024-06-03 19:54:39,180 INFO  - Recieve a message from other vehicle (at simulation time 414.001,400,000 s)
2024-06-03 19:54:39,180 INFO  - My position is not better! (at simulation time 414.001,400,000 s)
2024-06-03 19:54:39,183 INFO  - Called #onVehicleUpdated (at simulation time 415.000,000,000 s)
2024-06-03 19:54:39,184 INFO  - Sending out AdHoc broadcast (at simulation time 415.000,000,000 s)
2024-06-03 19:54:39,184 INFO  - Recieve a message from other vehicle (at simulation time 415.000,400,000 s)
2024-06-03 19:54:39,184 INFO  - My position is not better! (at simulation time 415.000,400,000 s)
2024-06-03 19:54:39,184 INFO  - Recieve a message from other vehicle (at simulation time 415.001,800,000 s)
2024-06-03 19:54:39,184 INFO  - My position is not better! (at simulation time 415.001,800,000 s)
2024-06-03 19:54:39,185 INFO  - Recieve a message from other vehicle (at simulation time 415.002,400,000 s)
2024-06-03 19:54:39,185 INFO  - My position is not better! (at simulation time 415.002,400,000 s)
2024-06-03 19:54:39,185 INFO  - Recieve a message from other vehicle (at simulation time 415.002,400,000 s)
2024-06-03 19:54:39,185 INFO  - My position is not better! (at simulation time 415.002,400,000 s)
2024-06-03 19:54:39,185 INFO  - Recieve a message from other vehicle (at simulation time 415.002,800,000 s)
2024-06-03 19:54:39,185 INFO  - My position is not better! (at simulation time 415.002,800,000 s)
2024-06-03 19:54:39,186 INFO  - Called #onVehicleUpdated (at simulation time 416.000,000,000 s)
2024-06-03 19:54:39,186 INFO  - Recieve a message from other vehicle (at simulation time 416.000,400,000 s)
2024-06-03 19:54:39,186 INFO  - My position is not better! (at simulation time 416.000,400,000 s)
2024-06-03 19:54:39,186 INFO  - Recieve a message from other vehicle (at simulation time 416.001,900,000 s)
2024-06-03 19:54:39,186 INFO  - My position is not better! (at simulation time 416.001,900,000 s)
2024-06-03 19:54:39,187 INFO  - Called #onVehicleUpdated (at simulation time 417.000,000,000 s)
2024-06-03 19:54:39,187 INFO  - Sending out AdHoc broadcast (at simulation time 417.000,000,000 s)
2024-06-03 19:54:39,188 INFO  - Recieve a message from other vehicle (at simulation time 417.001,400,000 s)
2024-06-03 19:54:39,188 INFO  - My position is not better! (at simulation time 417.001,400,000 s)
2024-06-03 19:54:39,188 INFO  - Recieve a message from other vehicle (at simulation time 417.001,900,000 s)
2024-06-03 19:54:39,188 INFO  - My position is not better! (at simulation time 417.001,900,000 s)
2024-06-03 19:54:39,188 INFO  - Recieve a message from other vehicle (at simulation time 417.002,300,000 s)
2024-06-03 19:54:39,188 INFO  - My position is not better! (at simulation time 417.002,300,000 s)
2024-06-03 19:54:39,188 INFO  - Recieve a message from other vehicle (at simulation time 417.004,300,000 s)
2024-06-03 19:54:39,188 INFO  - My position is not better! (at simulation time 417.004,300,000 s)
2024-06-03 19:54:39,189 INFO  - Called #onVehicleUpdated (at simulation time 418.000,000,000 s)
2024-06-03 19:54:39,189 INFO  - Recieve a message from other vehicle (at simulation time 418.000,800,000 s)
2024-06-03 19:54:39,189 INFO  - My position is not better! (at simulation time 418.000,800,000 s)
2024-06-03 19:54:39,189 INFO  - Recieve a message from other vehicle (at simulation time 418.001,400,000 s)
2024-06-03 19:54:39,189 INFO  - My position is not better! (at simulation time 418.001,400,000 s)
2024-06-03 19:54:39,189 INFO  - Recieve a message from other vehicle (at simulation time 418.001,400,000 s)
2024-06-03 19:54:39,189 INFO  - My position is not better! (at simulation time 418.001,400,000 s)
2024-06-03 19:54:39,190 INFO  - Called #onVehicleUpdated (at simulation time 419.000,000,000 s)
2024-06-03 19:54:39,190 INFO  - Sending out AdHoc broadcast (at simulation time 419.000,000,000 s)
2024-06-03 19:54:39,191 INFO  - Recieve a message from other vehicle (at simulation time 419.001,400,000 s)
2024-06-03 19:54:39,191 INFO  - My position is not better! (at simulation time 419.001,400,000 s)
2024-06-03 19:54:39,191 INFO  - Recieve a message from other vehicle (at simulation time 419.001,800,000 s)
2024-06-03 19:54:39,191 INFO  - My position is not better! (at simulation time 419.001,800,000 s)
2024-06-03 19:54:39,191 INFO  - Recieve a message from other vehicle (at simulation time 419.002,400,000 s)
2024-06-03 19:54:39,191 INFO  - My position is not better! (at simulation time 419.002,400,000 s)
2024-06-03 19:54:39,192 INFO  - Called #onVehicleUpdated (at simulation time 420.000,000,000 s)
2024-06-03 19:54:39,194 INFO  - Called #onVehicleUpdated (at simulation time 421.000,000,000 s)
2024-06-03 19:54:39,194 INFO  - Sending out AdHoc broadcast (at simulation time 421.000,000,000 s)
2024-06-03 19:54:39,196 INFO  - Called #onVehicleUpdated (at simulation time 422.000,000,000 s)
2024-06-03 19:54:39,199 INFO  - Called #onVehicleUpdated (at simulation time 423.000,000,000 s)
2024-06-03 19:54:39,200 INFO  - Sending out AdHoc broadcast (at simulation time 423.000,000,000 s)
2024-06-03 19:54:39,201 INFO  - Called #onVehicleUpdated (at simulation time 424.000,000,000 s)
2024-06-03 19:54:39,205 INFO  - Called #onVehicleUpdated (at simulation time 425.000,000,000 s)
2024-06-03 19:54:39,205 INFO  - Sending out AdHoc broadcast (at simulation time 425.000,000,000 s)
2024-06-03 19:54:39,207 INFO  - Shutdown (at simulation time 426.000,000,000 s)
