2024-06-03 19:42:28,363 INFO  - Initialize Vehicle application (at simulation time 6.000,000,000 s)
2024-06-03 19:42:28,366 INFO  - Activated WLAN Module (at simulation time 6.000,000,000 s)
2024-06-03 19:42:28,371 INFO  - Called #onVehicleUpdated (at simulation time 6.000,000,000 s)
2024-06-03 19:42:28,371 INFO  - Exced velocity! Sending new CAM (at simulation time 6.000,000,000 s)
2024-06-03 19:42:28,371 INFO  - Sending out AdHoc broadcast (at simulation time 6.000,000,000 s)
2024-06-03 19:42:28,605 INFO  - Called #onVehicleUpdated (at simulation time 7.000,000,000 s)
2024-06-03 19:42:28,606 INFO  - Exced velocity! Sending new CAM (at simulation time 7.000,000,000 s)
2024-06-03 19:42:28,606 INFO  - Sending out AdHoc broadcast (at simulation time 7.000,000,000 s)
2024-06-03 19:42:28,609 INFO  - Define the name: veh_3 and route: r_4 (at simulation time 7.000,000,000 s)
2024-06-03 19:42:28,609 INFO  - Sending out AdHoc broadcast (at simulation time 7.000,000,000 s)
2024-06-03 19:42:28,850 INFO  - Called #onVehicleUpdated (at simulation time 8.000,000,000 s)
2024-06-03 19:42:28,850 INFO  - Exced velocity! Sending new CAM (at simulation time 8.000,000,000 s)
2024-06-03 19:42:28,850 INFO  - Sending out AdHoc broadcast (at simulation time 8.000,000,000 s)
2024-06-03 19:42:28,852 INFO  - Sending out AdHoc broadcast (at simulation time 8.000,000,000 s)
2024-06-03 19:42:28,855 INFO  - Recieve a message from other vehicle (at simulation time 8.000,400,000 s)
2024-06-03 19:42:28,856 INFO  - Recending a message from other vehicle (at simulation time 8.000,400,000 s)
2024-06-03 19:42:29,099 INFO  - Called #onVehicleUpdated (at simulation time 9.000,000,000 s)
2024-06-03 19:42:29,099 INFO  - Exced velocity! Sending new CAM (at simulation time 9.000,000,000 s)
2024-06-03 19:42:29,100 INFO  - Sending out AdHoc broadcast (at simulation time 9.000,000,000 s)
2024-06-03 19:42:29,101 INFO  - Sending out AdHoc broadcast (at simulation time 9.000,000,000 s)
2024-06-03 19:42:29,102 INFO  - Sending out AdHoc broadcast (at simulation time 9.000,000,000 s)
2024-06-03 19:42:29,359 INFO  - Called #onVehicleUpdated (at simulation time 10.000,000,000 s)
2024-06-03 19:42:29,360 INFO  - Exced velocity! Sending new CAM (at simulation time 10.000,000,000 s)
2024-06-03 19:42:29,360 INFO  - Sending out AdHoc broadcast (at simulation time 10.000,000,000 s)
2024-06-03 19:42:29,361 INFO  - Sending out AdHoc broadcast (at simulation time 10.000,000,000 s)
2024-06-03 19:42:29,362 INFO  - Sending out AdHoc broadcast (at simulation time 10.000,000,000 s)
2024-06-03 19:42:29,364 INFO  - Recieve a message from other vehicle (at simulation time 10.000,400,000 s)
2024-06-03 19:42:29,364 INFO  - Recending a message from other vehicle (at simulation time 10.000,400,000 s)
2024-06-03 19:42:29,597 INFO  - Called #onVehicleUpdated (at simulation time 11.000,000,000 s)
2024-06-03 19:42:29,597 INFO  - Exced velocity! Sending new CAM (at simulation time 11.000,000,000 s)
2024-06-03 19:42:29,597 INFO  - Sending out AdHoc broadcast (at simulation time 11.000,000,000 s)
2024-06-03 19:42:29,598 INFO  - Sending out AdHoc broadcast (at simulation time 11.000,000,000 s)
2024-06-03 19:42:29,598 INFO  - Sending out AdHoc broadcast (at simulation time 11.000,000,000 s)
2024-06-03 19:42:29,599 INFO  - Sending out AdHoc broadcast (at simulation time 11.000,000,000 s)
2024-06-03 19:42:29,600 INFO  - Recieve a message from other vehicle (at simulation time 11.000,400,000 s)
2024-06-03 19:42:29,600 INFO  - Recending a message from other vehicle (at simulation time 11.000,400,000 s)
2024-06-03 19:42:29,847 INFO  - Called #onVehicleUpdated (at simulation time 12.000,000,000 s)
2024-06-03 19:42:29,848 INFO  - Sending out AdHoc broadcast (at simulation time 12.000,000,000 s)
2024-06-03 19:42:29,848 INFO  - Sending out AdHoc broadcast (at simulation time 12.000,000,000 s)
2024-06-03 19:42:29,848 INFO  - Sending out AdHoc broadcast (at simulation time 12.000,000,000 s)
2024-06-03 19:42:29,850 INFO  - Recieve a message from other vehicle (at simulation time 12.000,400,000 s)
2024-06-03 19:42:29,850 INFO  - Recending a message from other vehicle (at simulation time 12.000,400,000 s)
2024-06-03 19:42:29,850 INFO  - Recieve a message from other vehicle (at simulation time 12.000,400,000 s)
2024-06-03 19:42:29,850 INFO  - Recending a message from other vehicle (at simulation time 12.000,400,000 s)
2024-06-03 19:42:29,850 INFO  - Recieve a message from other vehicle (at simulation time 12.000,400,000 s)
2024-06-03 19:42:29,850 INFO  - Recending a message from other vehicle (at simulation time 12.000,400,000 s)
2024-06-03 19:42:29,852 INFO  - Recieve a message from other vehicle (at simulation time 12.001,400,000 s)
2024-06-03 19:42:29,853 INFO  - Recending a message from other vehicle (at simulation time 12.001,400,000 s)
2024-06-03 19:42:29,853 INFO  - Recieve a message from other vehicle (at simulation time 12.001,900,000 s)
2024-06-03 19:42:29,853 INFO  - Recending a message from other vehicle (at simulation time 12.001,900,000 s)
2024-06-03 19:42:30,098 INFO  - Called #onVehicleUpdated (at simulation time 13.000,000,000 s)
2024-06-03 19:42:30,098 INFO  - Sending out AdHoc broadcast (at simulation time 13.000,000,000 s)
2024-06-03 19:42:30,099 INFO  - Sending out AdHoc broadcast (at simulation time 13.000,000,000 s)
2024-06-03 19:42:30,099 INFO  - Sending out AdHoc broadcast (at simulation time 13.000,000,000 s)
2024-06-03 19:42:30,100 INFO  - Sending out AdHoc broadcast (at simulation time 13.000,000,000 s)
2024-06-03 19:42:30,102 INFO  - Recieve a message from other vehicle (at simulation time 13.000,400,000 s)
2024-06-03 19:42:30,102 INFO  - Recending a message from other vehicle (at simulation time 13.000,400,000 s)
2024-06-03 19:42:30,102 INFO  - Recieve a message from other vehicle (at simulation time 13.000,900,000 s)
2024-06-03 19:42:30,102 INFO  - Recending a message from other vehicle (at simulation time 13.000,900,000 s)
2024-06-03 19:42:30,103 INFO  - Recieve a message from other vehicle (at simulation time 13.000,900,000 s)
2024-06-03 19:42:30,103 INFO  - Recending a message from other vehicle (at simulation time 13.000,900,000 s)
2024-06-03 19:42:30,104 INFO  - Recieve a message from other vehicle (at simulation time 13.001,400,000 s)
2024-06-03 19:42:30,105 INFO  - Recending a message from other vehicle (at simulation time 13.001,400,000 s)
2024-06-03 19:42:30,106 INFO  - Recieve a message from other vehicle (at simulation time 13.001,400,000 s)
2024-06-03 19:42:30,106 INFO  - Recending a message from other vehicle (at simulation time 13.001,400,000 s)
2024-06-03 19:42:30,111 INFO  - Recieve a message from other vehicle (at simulation time 13.002,300,000 s)
2024-06-03 19:42:30,111 INFO  - I'm in better position but no more hops in message (at simulation time 13.002,300,000 s)
2024-06-03 19:42:30,111 INFO  - Recieve a message from other vehicle (at simulation time 13.002,400,000 s)
2024-06-03 19:42:30,111 INFO  - Recending a message from other vehicle (at simulation time 13.002,400,000 s)
2024-06-03 19:42:30,112 INFO  - Recieve a message from other vehicle (at simulation time 13.002,400,000 s)
2024-06-03 19:42:30,112 INFO  - I'm in better position but no more hops in message (at simulation time 13.002,400,000 s)
2024-06-03 19:42:30,350 INFO  - Called #onVehicleUpdated (at simulation time 14.000,000,000 s)
2024-06-03 19:42:30,351 INFO  - Sending out AdHoc broadcast (at simulation time 14.000,000,000 s)
2024-06-03 19:42:30,351 INFO  - Sending out AdHoc broadcast (at simulation time 14.000,000,000 s)
2024-06-03 19:42:30,351 INFO  - Sending out AdHoc broadcast (at simulation time 14.000,000,000 s)
2024-06-03 19:42:30,355 INFO  - Recieve a message from other vehicle (at simulation time 14.000,400,000 s)
2024-06-03 19:42:30,355 INFO  - Recending a message from other vehicle (at simulation time 14.000,400,000 s)
2024-06-03 19:42:30,356 INFO  - Recieve a message from other vehicle (at simulation time 14.000,800,000 s)
2024-06-03 19:42:30,356 INFO  - I'm in better position but no more hops in message (at simulation time 14.000,800,000 s)
2024-06-03 19:42:30,357 INFO  - Recieve a message from other vehicle (at simulation time 14.000,900,000 s)
2024-06-03 19:42:30,357 INFO  - Recending a message from other vehicle (at simulation time 14.000,900,000 s)
2024-06-03 19:42:30,358 INFO  - Recieve a message from other vehicle (at simulation time 14.000,900,000 s)
2024-06-03 19:42:30,358 INFO  - Recending a message from other vehicle (at simulation time 14.000,900,000 s)
2024-06-03 19:42:30,362 INFO  - Recieve a message from other vehicle (at simulation time 14.001,400,000 s)
2024-06-03 19:42:30,362 INFO  - I'm in better position but no more hops in message (at simulation time 14.001,400,000 s)
2024-06-03 19:42:30,364 INFO  - Recieve a message from other vehicle (at simulation time 14.001,900,000 s)
2024-06-03 19:42:30,364 INFO  - I'm in better position but no more hops in message (at simulation time 14.001,900,000 s)
2024-06-03 19:42:30,365 INFO  - Recieve a message from other vehicle (at simulation time 14.002,300,000 s)
2024-06-03 19:42:30,365 INFO  - I'm in better position but no more hops in message (at simulation time 14.002,300,000 s)
2024-06-03 19:42:30,365 INFO  - Recieve a message from other vehicle (at simulation time 14.002,400,000 s)
2024-06-03 19:42:30,365 INFO  - I'm in better position but no more hops in message (at simulation time 14.002,400,000 s)
2024-06-03 19:42:30,365 INFO  - Recieve a message from other vehicle (at simulation time 14.002,400,000 s)
2024-06-03 19:42:30,365 INFO  - I'm in better position but no more hops in message (at simulation time 14.002,400,000 s)
2024-06-03 19:42:30,366 INFO  - Recieve a message from other vehicle (at simulation time 14.003,300,000 s)
2024-06-03 19:42:30,366 INFO  - I'm in better position but no more hops in message (at simulation time 14.003,300,000 s)
2024-06-03 19:42:30,367 INFO  - Recieve a message from other vehicle (at simulation time 14.003,300,000 s)
2024-06-03 19:42:30,367 INFO  - I'm in better position but no more hops in message (at simulation time 14.003,300,000 s)
2024-06-03 19:42:30,610 INFO  - Called #onVehicleUpdated (at simulation time 15.000,000,000 s)
2024-06-03 19:42:30,611 INFO  - Sending out DENM broadcast (at simulation time 15.000,000,000 s)
2024-06-03 19:42:30,612 INFO  - Sending out AdHoc broadcast (at simulation time 15.000,000,000 s)
2024-06-03 19:42:30,612 INFO  - Sending out AdHoc broadcast (at simulation time 15.000,000,000 s)
2024-06-03 19:42:30,612 INFO  - Sending out AdHoc broadcast (at simulation time 15.000,000,000 s)
2024-06-03 19:42:30,613 INFO  - Sending out AdHoc broadcast (at simulation time 15.000,000,000 s)
2024-06-03 19:42:30,616 INFO  - Recieve a message from other vehicle (at simulation time 15.000,400,000 s)
2024-06-03 19:42:30,616 INFO  - My position is not better! (at simulation time 15.000,400,000 s)
2024-06-03 19:42:30,619 INFO  - Recieve a message from other vehicle (at simulation time 15.000,900,000 s)
2024-06-03 19:42:30,619 INFO  - My position is not better! (at simulation time 15.000,900,000 s)
2024-06-03 19:42:30,620 INFO  - Recieve a message from other vehicle (at simulation time 15.001,300,000 s)
2024-06-03 19:42:30,620 INFO  - My position is not better! (at simulation time 15.001,300,000 s)
2024-06-03 19:42:30,621 INFO  - Recieve a message from other vehicle (at simulation time 15.001,300,000 s)
2024-06-03 19:42:30,621 INFO  - My position is not better! (at simulation time 15.001,300,000 s)
2024-06-03 19:42:30,623 INFO  - Recieve a message from other vehicle (at simulation time 15.001,400,000 s)
2024-06-03 19:42:30,623 INFO  - My position is not better! (at simulation time 15.001,400,000 s)
2024-06-03 19:42:30,624 INFO  - Recieve a message from other vehicle (at simulation time 15.001,800,000 s)
2024-06-03 19:42:30,624 INFO  - I'm in better position but no more hops in message (at simulation time 15.001,800,000 s)
2024-06-03 19:42:30,626 INFO  - Recieve a message from other vehicle (at simulation time 15.001,800,000 s)
2024-06-03 19:42:30,626 INFO  - My position is not better! (at simulation time 15.001,800,000 s)
2024-06-03 19:42:30,626 INFO  - Recieve a message from other vehicle (at simulation time 15.001,800,000 s)
2024-06-03 19:42:30,626 INFO  - DENM message Recived from veh_1 -info : nevoeiro (at simulation time 15.001,800,000 s)
2024-06-03 19:42:30,626 INFO  - No more hops in DENM message (at simulation time 15.001,800,000 s)
2024-06-03 19:42:30,627 INFO  - Recieve a message from other vehicle (at simulation time 15.001,900,000 s)
2024-06-03 19:42:30,627 INFO  - DENM message Recived from veh_0 -info : nevoeiro (at simulation time 15.001,900,000 s)
2024-06-03 19:42:30,627 INFO  - No more hops in DENM message (at simulation time 15.001,900,000 s)
2024-06-03 19:42:30,627 INFO  - Recieve a message from other vehicle (at simulation time 15.001,900,000 s)
2024-06-03 19:42:30,627 INFO  - DENM message Recived from veh_1 -info : nevoeiro (at simulation time 15.001,900,000 s)
2024-06-03 19:42:30,627 INFO  - No more hops in DENM message (at simulation time 15.001,900,000 s)
2024-06-03 19:42:30,627 INFO  - Recieve a message from other vehicle (at simulation time 15.001,900,000 s)
2024-06-03 19:42:30,627 INFO  - DENM message Recived from veh_5 -info : nevoeiro (at simulation time 15.001,900,000 s)
2024-06-03 19:42:30,627 INFO  - No more hops in DENM message (at simulation time 15.001,900,000 s)
2024-06-03 19:42:30,627 INFO  - Recieve a message from other vehicle (at simulation time 15.001,900,000 s)
2024-06-03 19:42:30,627 INFO  - I'm in better position but no more hops in message (at simulation time 15.001,900,000 s)
2024-06-03 19:42:30,627 INFO  - Recieve a message from other vehicle (at simulation time 15.001,900,000 s)
2024-06-03 19:42:30,627 INFO  - My position is not better! (at simulation time 15.001,900,000 s)
2024-06-03 19:42:30,628 INFO  - Recieve a message from other vehicle (at simulation time 15.002,300,000 s)
2024-06-03 19:42:30,628 INFO  - My position is not better! (at simulation time 15.002,300,000 s)
2024-06-03 19:42:30,628 INFO  - Recieve a message from other vehicle (at simulation time 15.002,300,000 s)
2024-06-03 19:42:30,628 INFO  - My position is not better! (at simulation time 15.002,300,000 s)
2024-06-03 19:42:30,629 INFO  - Recieve a message from other vehicle (at simulation time 15.002,400,000 s)
2024-06-03 19:42:30,629 INFO  - My position is not better! (at simulation time 15.002,400,000 s)
2024-06-03 19:42:30,629 INFO  - Recieve a message from other vehicle (at simulation time 15.002,400,000 s)
2024-06-03 19:42:30,629 INFO  - My position is not better! (at simulation time 15.002,400,000 s)
2024-06-03 19:42:30,629 INFO  - Recieve a message from other vehicle (at simulation time 15.002,800,000 s)
2024-06-03 19:42:30,629 INFO  - DENM message Recived from veh_3 -info : seco (at simulation time 15.002,800,000 s)
2024-06-03 19:42:30,629 INFO  - No more hops in DENM message (at simulation time 15.002,800,000 s)
2024-06-03 19:42:30,629 INFO  - Recieve a message from other vehicle (at simulation time 15.002,800,000 s)
2024-06-03 19:42:30,629 INFO  - DENM message Recived from veh_5 -info : nevoeiro (at simulation time 15.002,800,000 s)
2024-06-03 19:42:30,629 INFO  - No more hops in DENM message (at simulation time 15.002,800,000 s)
2024-06-03 19:42:30,629 INFO  - Recieve a message from other vehicle (at simulation time 15.002,800,000 s)
2024-06-03 19:42:30,629 INFO  - DENM message Recived from veh_0 -info : nevoeiro (at simulation time 15.002,800,000 s)
2024-06-03 19:42:30,630 INFO  - No more hops in DENM message (at simulation time 15.002,800,000 s)
2024-06-03 19:42:30,850 INFO  - Called #onVehicleUpdated (at simulation time 16.000,000,000 s)
2024-06-03 19:42:30,851 INFO  - Sending out AdHoc broadcast (at simulation time 16.000,000,000 s)
2024-06-03 19:42:30,851 INFO  - Sending out AdHoc broadcast (at simulation time 16.000,000,000 s)
2024-06-03 19:42:30,852 INFO  - Sending out AdHoc broadcast (at simulation time 16.000,000,000 s)
2024-06-03 19:42:30,858 INFO  - Recieve a message from other vehicle (at simulation time 16.000,900,000 s)
2024-06-03 19:42:30,858 INFO  - DENM message Recived from veh_2 -info : piso-molhado (at simulation time 16.000,900,000 s)
2024-06-03 19:42:30,858 INFO  - I slow down due to road state (at simulation time 16.000,900,000 s)
2024-06-03 19:42:30,858 INFO  - Recending a DENM message from other vehicle (at simulation time 16.000,900,000 s)
2024-06-03 19:42:30,858 INFO  - Recieve a message from other vehicle (at simulation time 16.000,900,000 s)
2024-06-03 19:42:30,858 INFO  - DENM message Recived from veh_4 -info : seco (at simulation time 16.000,900,000 s)
2024-06-03 19:42:30,858 INFO  - No more hops in DENM message (at simulation time 16.000,900,000 s)
2024-06-03 19:42:30,859 INFO  - Recieve a message from other vehicle (at simulation time 16.000,900,000 s)
2024-06-03 19:42:30,859 INFO  - My position is not better! (at simulation time 16.000,900,000 s)
2024-06-03 19:42:30,862 INFO  - Recieve a message from other vehicle (at simulation time 16.001,300,000 s)
2024-06-03 19:42:30,862 INFO  - My position is not better! (at simulation time 16.001,300,000 s)
2024-06-03 19:42:30,862 INFO  - Recieve a message from other vehicle (at simulation time 16.001,300,000 s)
2024-06-03 19:42:30,862 INFO  - My position is not better! (at simulation time 16.001,300,000 s)
2024-06-03 19:42:30,863 INFO  - Recieve a message from other vehicle (at simulation time 16.001,400,000 s)
2024-06-03 19:42:30,863 INFO  - My position is not better! (at simulation time 16.001,400,000 s)
2024-06-03 19:42:30,863 INFO  - Recieve a message from other vehicle (at simulation time 16.001,400,000 s)
2024-06-03 19:42:30,863 INFO  - My position is not better! (at simulation time 16.001,400,000 s)
2024-06-03 19:42:30,863 INFO  - Recieve a message from other vehicle (at simulation time 16.001,400,000 s)
2024-06-03 19:42:30,863 INFO  - My position is not better! (at simulation time 16.001,400,000 s)
2024-06-03 19:42:30,864 INFO  - Recieve a message from other vehicle (at simulation time 16.001,800,000 s)
2024-06-03 19:42:30,864 INFO  - My position is not better! (at simulation time 16.001,800,000 s)
2024-06-03 19:42:30,865 INFO  - Recieve a message from other vehicle (at simulation time 16.001,900,000 s)
2024-06-03 19:42:30,865 INFO  - My position is not better! (at simulation time 16.001,900,000 s)
2024-06-03 19:42:30,866 INFO  - Recieve a message from other vehicle (at simulation time 16.001,900,000 s)
2024-06-03 19:42:30,866 INFO  - My position is not better! (at simulation time 16.001,900,000 s)
2024-06-03 19:42:30,866 INFO  - Recieve a message from other vehicle (at simulation time 16.002,300,000 s)
2024-06-03 19:42:30,866 INFO  - DENM message Recived from veh_4 -info : seco (at simulation time 16.002,300,000 s)
2024-06-03 19:42:30,866 INFO  - No more hops in DENM message (at simulation time 16.002,300,000 s)
2024-06-03 19:42:30,866 INFO  - Recieve a message from other vehicle (at simulation time 16.002,300,000 s)
2024-06-03 19:42:30,866 INFO  - My position is not better! (at simulation time 16.002,300,000 s)
2024-06-03 19:42:30,867 INFO  - Recieve a message from other vehicle (at simulation time 16.002,400,000 s)
2024-06-03 19:42:30,867 INFO  - My position is not better! (at simulation time 16.002,400,000 s)
2024-06-03 19:42:30,867 INFO  - Recieve a message from other vehicle (at simulation time 16.002,800,000 s)
2024-06-03 19:42:30,867 INFO  - My position is not better! (at simulation time 16.002,800,000 s)
2024-06-03 19:42:30,868 INFO  - Recieve a message from other vehicle (at simulation time 16.003,300,000 s)
2024-06-03 19:42:30,868 INFO  - My position is not better! (at simulation time 16.003,300,000 s)
2024-06-03 19:42:31,098 INFO  - Called #onVehicleUpdated (at simulation time 17.000,000,000 s)
2024-06-03 19:42:31,098 INFO  - Sending out AdHoc broadcast (at simulation time 17.000,000,000 s)
2024-06-03 19:42:31,098 INFO  - Sending out AdHoc broadcast (at simulation time 17.000,000,000 s)
2024-06-03 19:42:31,098 INFO  - Sending out AdHoc broadcast (at simulation time 17.000,000,000 s)
2024-06-03 19:42:31,098 INFO  - Sending out AdHoc broadcast (at simulation time 17.000,000,000 s)
2024-06-03 19:42:31,100 INFO  - Recieve a message from other vehicle (at simulation time 17.000,400,000 s)
2024-06-03 19:42:31,100 INFO  - My position is not better! (at simulation time 17.000,400,000 s)
2024-06-03 19:42:31,100 INFO  - Recieve a message from other vehicle (at simulation time 17.000,800,000 s)
2024-06-03 19:42:31,100 INFO  - My position is not better! (at simulation time 17.000,800,000 s)
2024-06-03 19:42:31,101 INFO  - Recieve a message from other vehicle (at simulation time 17.000,800,000 s)
2024-06-03 19:42:31,101 INFO  - My position is not better! (at simulation time 17.000,800,000 s)
2024-06-03 19:42:31,101 INFO  - Recieve a message from other vehicle (at simulation time 17.000,800,000 s)
2024-06-03 19:42:31,101 INFO  - My position is not better! (at simulation time 17.000,800,000 s)
2024-06-03 19:42:31,101 INFO  - Recieve a message from other vehicle (at simulation time 17.001,300,000 s)
2024-06-03 19:42:31,101 INFO  - My position is not better! (at simulation time 17.001,300,000 s)
2024-06-03 19:42:31,102 INFO  - Recieve a message from other vehicle (at simulation time 17.001,800,000 s)
2024-06-03 19:42:31,102 INFO  - My position is not better! (at simulation time 17.001,800,000 s)
2024-06-03 19:42:31,103 INFO  - Recieve a message from other vehicle (at simulation time 17.002,400,000 s)
2024-06-03 19:42:31,103 INFO  - My position is not better! (at simulation time 17.002,400,000 s)
2024-06-03 19:42:31,348 INFO  - Called #onVehicleUpdated (at simulation time 18.000,000,000 s)
2024-06-03 19:42:31,349 INFO  - Sending out AdHoc broadcast (at simulation time 18.000,000,000 s)
2024-06-03 19:42:31,349 INFO  - Sending out AdHoc broadcast (at simulation time 18.000,000,000 s)
2024-06-03 19:42:31,349 INFO  - Sending out AdHoc broadcast (at simulation time 18.000,000,000 s)
2024-06-03 19:42:31,356 INFO  - Recieve a message from other vehicle (at simulation time 18.002,800,000 s)
2024-06-03 19:42:31,356 INFO  - My position is not better! (at simulation time 18.002,800,000 s)
2024-06-03 19:42:31,356 INFO  - Recieve a message from other vehicle (at simulation time 18.002,800,000 s)
2024-06-03 19:42:31,356 INFO  - My position is not better! (at simulation time 18.002,800,000 s)
2024-06-03 19:42:31,357 INFO  - Recieve a message from other vehicle (at simulation time 18.003,300,000 s)
2024-06-03 19:42:31,357 INFO  - My position is not better! (at simulation time 18.003,300,000 s)
2024-06-03 19:42:31,600 INFO  - Called #onVehicleUpdated (at simulation time 19.000,000,000 s)
2024-06-03 19:42:31,600 INFO  - Sending out AdHoc broadcast (at simulation time 19.000,000,000 s)
2024-06-03 19:42:31,600 INFO  - Sending out AdHoc broadcast (at simulation time 19.000,000,000 s)
2024-06-03 19:42:31,601 INFO  - Sending out AdHoc broadcast (at simulation time 19.000,000,000 s)
2024-06-03 19:42:31,601 INFO  - Sending out AdHoc broadcast (at simulation time 19.000,000,000 s)
2024-06-03 19:42:31,853 INFO  - Called #onVehicleUpdated (at simulation time 20.000,000,000 s)
2024-06-03 19:42:31,853 INFO  - Sending out AdHoc broadcast (at simulation time 20.000,000,000 s)
2024-06-03 19:42:31,854 INFO  - Sending out AdHoc broadcast (at simulation time 20.000,000,000 s)
2024-06-03 19:42:31,854 INFO  - Sending out AdHoc broadcast (at simulation time 20.000,000,000 s)
2024-06-03 19:42:32,098 INFO  - Called #onVehicleUpdated (at simulation time 21.000,000,000 s)
2024-06-03 19:42:32,099 INFO  - Sending out AdHoc broadcast (at simulation time 21.000,000,000 s)
2024-06-03 19:42:32,099 INFO  - Sending out AdHoc broadcast (at simulation time 21.000,000,000 s)
2024-06-03 19:42:32,099 INFO  - Sending out AdHoc broadcast (at simulation time 21.000,000,000 s)
2024-06-03 19:42:32,099 INFO  - Sending out AdHoc broadcast (at simulation time 21.000,000,000 s)
2024-06-03 19:42:32,350 INFO  - Called #onVehicleUpdated (at simulation time 22.000,000,000 s)
2024-06-03 19:42:32,350 INFO  - Sending out AdHoc broadcast (at simulation time 22.000,000,000 s)
2024-06-03 19:42:32,350 INFO  - Sending out AdHoc broadcast (at simulation time 22.000,000,000 s)
2024-06-03 19:42:32,351 INFO  - Sending out AdHoc broadcast (at simulation time 22.000,000,000 s)
2024-06-03 19:42:32,599 INFO  - Called #onVehicleUpdated (at simulation time 23.000,000,000 s)
2024-06-03 19:42:32,600 INFO  - Sending out AdHoc broadcast (at simulation time 23.000,000,000 s)
2024-06-03 19:42:32,600 INFO  - Sending out AdHoc broadcast (at simulation time 23.000,000,000 s)
2024-06-03 19:42:32,600 INFO  - Sending out AdHoc broadcast (at simulation time 23.000,000,000 s)
2024-06-03 19:42:32,601 INFO  - Sending out AdHoc broadcast (at simulation time 23.000,000,000 s)
2024-06-03 19:42:32,849 INFO  - Called #onVehicleUpdated (at simulation time 24.000,000,000 s)
2024-06-03 19:42:32,849 INFO  - Sending out AdHoc broadcast (at simulation time 24.000,000,000 s)
2024-06-03 19:42:32,850 INFO  - Sending out AdHoc broadcast (at simulation time 24.000,000,000 s)
2024-06-03 19:42:32,850 INFO  - Sending out AdHoc broadcast (at simulation time 24.000,000,000 s)
2024-06-03 19:42:33,099 INFO  - Called #onVehicleUpdated (at simulation time 25.000,000,000 s)
2024-06-03 19:42:33,099 INFO  - Sending out AdHoc broadcast (at simulation time 25.000,000,000 s)
2024-06-03 19:42:33,100 INFO  - Sending out AdHoc broadcast (at simulation time 25.000,000,000 s)
2024-06-03 19:42:33,100 INFO  - Sending out AdHoc broadcast (at simulation time 25.000,000,000 s)
2024-06-03 19:42:33,100 INFO  - Sending out AdHoc broadcast (at simulation time 25.000,000,000 s)
2024-06-03 19:42:33,350 INFO  - Called #onVehicleUpdated (at simulation time 26.000,000,000 s)
2024-06-03 19:42:33,350 INFO  - Sending out AdHoc broadcast (at simulation time 26.000,000,000 s)
2024-06-03 19:42:33,350 INFO  - Sending out AdHoc broadcast (at simulation time 26.000,000,000 s)
2024-06-03 19:42:33,350 INFO  - Sending out AdHoc broadcast (at simulation time 26.000,000,000 s)
2024-06-03 19:42:33,600 INFO  - Called #onVehicleUpdated (at simulation time 27.000,000,000 s)
2024-06-03 19:42:33,600 INFO  - Exced velocity! Sending new CAM (at simulation time 27.000,000,000 s)
2024-06-03 19:42:33,600 INFO  - Sending out AdHoc broadcast (at simulation time 27.000,000,000 s)
2024-06-03 19:42:33,600 INFO  - Sending out AdHoc broadcast (at simulation time 27.000,000,000 s)
2024-06-03 19:42:33,600 INFO  - Sending out AdHoc broadcast (at simulation time 27.000,000,000 s)
2024-06-03 19:42:33,601 INFO  - Sending out AdHoc broadcast (at simulation time 27.000,000,000 s)
2024-06-03 19:42:33,601 INFO  - Sending out AdHoc broadcast (at simulation time 27.000,000,000 s)
2024-06-03 19:42:33,850 INFO  - Shutdown (at simulation time 28.000,000,000 s)
