2024-06-03 18:15:13,594 INFO  - Initialize Vehicle application (at simulation time 6.000,000,000 s)
2024-06-03 18:15:13,597 INFO  - Activated WLAN Module (at simulation time 6.000,000,000 s)
2024-06-03 18:15:13,603 INFO  - Called #onVehicleUpdated (at simulation time 6.000,000,000 s)
2024-06-03 18:15:13,615 INFO  - Called #onVehicleUpdated (at simulation time 7.000,000,000 s)
2024-06-03 18:15:13,615 INFO  - Define the name: veh_0 and route: r_0 (at simulation time 7.000,000,000 s)
2024-06-03 18:15:13,616 INFO  - Sending out AdHoc broadcast (at simulation time 7.000,000,000 s)
2024-06-03 18:15:13,620 INFO  - Called #onVehicleUpdated (at simulation time 8.000,000,000 s)
2024-06-03 18:15:13,626 INFO  - Called #onVehicleUpdated (at simulation time 9.000,000,000 s)
2024-06-03 18:15:13,627 INFO  - Sending out AdHoc broadcast (at simulation time 9.000,000,000 s)
2024-06-03 18:15:13,636 INFO  - Called #onVehicleUpdated (at simulation time 10.000,000,000 s)
2024-06-03 18:15:13,644 INFO  - Called #onVehicleUpdated (at simulation time 11.000,000,000 s)
2024-06-03 18:15:13,646 INFO  - Sending out AdHoc broadcast (at simulation time 11.000,000,000 s)
2024-06-03 18:15:13,652 INFO  - Called #onVehicleUpdated (at simulation time 12.000,000,000 s)
2024-06-03 18:15:13,661 INFO  - Called #onVehicleUpdated (at simulation time 13.000,000,000 s)
2024-06-03 18:15:13,663 INFO  - Sending out AdHoc broadcast (at simulation time 13.000,000,000 s)
2024-06-03 18:15:13,664 INFO  - Recieve a message from other vehicle (at simulation time 13.000,400,000 s)
2024-06-03 18:15:13,664 INFO  - My position is not better! (at simulation time 13.000,400,000 s)
2024-06-03 18:15:13,664 INFO  - Recieve a message from other vehicle (at simulation time 13.000,400,000 s)
2024-06-03 18:15:13,664 INFO  - My position is not better! (at simulation time 13.000,400,000 s)
2024-06-03 18:15:13,665 INFO  - Recieve a message from other vehicle (at simulation time 13.000,900,000 s)
2024-06-03 18:15:13,665 INFO  - My position is not better! (at simulation time 13.000,900,000 s)
2024-06-03 18:15:13,667 INFO  - Recieve a message from other vehicle (at simulation time 13.001,400,000 s)
2024-06-03 18:15:13,667 INFO  - My position is not better! (at simulation time 13.001,400,000 s)
2024-06-03 18:15:13,667 INFO  - Recieve a message from other vehicle (at simulation time 13.001,400,000 s)
2024-06-03 18:15:13,667 INFO  - My position is not better! (at simulation time 13.001,400,000 s)
2024-06-03 18:15:13,667 INFO  - Recieve a message from other vehicle (at simulation time 13.001,400,000 s)
2024-06-03 18:15:13,667 INFO  - My position is not better! (at simulation time 13.001,400,000 s)
2024-06-03 18:15:13,667 INFO  - Recieve a message from other vehicle (at simulation time 13.001,400,000 s)
2024-06-03 18:15:13,667 INFO  - My position is not better! (at simulation time 13.001,400,000 s)
2024-06-03 18:15:13,668 INFO  - Recieve a message from other vehicle (at simulation time 13.001,900,000 s)
2024-06-03 18:15:13,668 INFO  - My position is not better! (at simulation time 13.001,900,000 s)
2024-06-03 18:15:13,670 INFO  - Recieve a message from other vehicle (at simulation time 13.002,400,000 s)
2024-06-03 18:15:13,670 INFO  - My position is not better! (at simulation time 13.002,400,000 s)
2024-06-03 18:15:13,670 INFO  - Recieve a message from other vehicle (at simulation time 13.002,800,000 s)
2024-06-03 18:15:13,670 INFO  - My position is not better! (at simulation time 13.002,800,000 s)
2024-06-03 18:15:13,670 INFO  - Recieve a message from other vehicle (at simulation time 13.002,800,000 s)
2024-06-03 18:15:13,670 INFO  - My position is not better! (at simulation time 13.002,800,000 s)
2024-06-03 18:15:13,671 INFO  - Recieve a message from other vehicle (at simulation time 13.002,800,000 s)
2024-06-03 18:15:13,671 INFO  - My position is not better! (at simulation time 13.002,800,000 s)
2024-06-03 18:15:13,671 INFO  - Recieve a message from other vehicle (at simulation time 13.003,300,000 s)
2024-06-03 18:15:13,671 INFO  - My position is not better! (at simulation time 13.003,300,000 s)
2024-06-03 18:15:13,671 INFO  - Recieve a message from other vehicle (at simulation time 13.003,800,000 s)
2024-06-03 18:15:13,671 INFO  - I'm in better position but no more hops in message (at simulation time 13.003,800,000 s)
2024-06-03 18:15:13,671 INFO  - Recieve a message from other vehicle (at simulation time 13.003,800,000 s)
2024-06-03 18:15:13,672 INFO  - My position is not better! (at simulation time 13.003,800,000 s)
2024-06-03 18:15:13,672 INFO  - Recieve a message from other vehicle (at simulation time 13.003,800,000 s)
2024-06-03 18:15:13,672 INFO  - My position is not better! (at simulation time 13.003,800,000 s)
2024-06-03 18:15:13,677 INFO  - Called #onVehicleUpdated (at simulation time 14.000,000,000 s)
2024-06-03 18:15:13,680 INFO  - Recieve a message from other vehicle (at simulation time 14.000,400,000 s)
2024-06-03 18:15:13,680 INFO  - My position is not better! (at simulation time 14.000,400,000 s)
2024-06-03 18:15:13,681 INFO  - Recieve a message from other vehicle (at simulation time 14.000,900,000 s)
2024-06-03 18:15:13,681 INFO  - My position is not better! (at simulation time 14.000,900,000 s)
2024-06-03 18:15:13,681 INFO  - Recieve a message from other vehicle (at simulation time 14.000,900,000 s)
2024-06-03 18:15:13,681 INFO  - My position is not better! (at simulation time 14.000,900,000 s)
2024-06-03 18:15:13,681 INFO  - Recieve a message from other vehicle (at simulation time 14.000,900,000 s)
2024-06-03 18:15:13,681 INFO  - Recending a message from other vehicle (at simulation time 14.000,900,000 s)
2024-06-03 18:15:13,682 INFO  - Recieve a message from other vehicle (at simulation time 14.001,300,000 s)
2024-06-03 18:15:13,682 INFO  - I'm in better position but no more hops in message (at simulation time 14.001,300,000 s)
2024-06-03 18:15:13,683 INFO  - Recieve a message from other vehicle (at simulation time 14.001,400,000 s)
2024-06-03 18:15:13,683 INFO  - My position is not better! (at simulation time 14.001,400,000 s)
2024-06-03 18:15:13,683 INFO  - Recieve a message from other vehicle (at simulation time 14.001,400,000 s)
2024-06-03 18:15:13,683 INFO  - My position is not better! (at simulation time 14.001,400,000 s)
2024-06-03 18:15:13,683 INFO  - Recieve a message from other vehicle (at simulation time 14.001,400,000 s)
2024-06-03 18:15:13,683 INFO  - My position is not better! (at simulation time 14.001,400,000 s)
2024-06-03 18:15:13,684 INFO  - Recieve a message from other vehicle (at simulation time 14.001,800,000 s)
2024-06-03 18:15:13,684 INFO  - My position is not better! (at simulation time 14.001,800,000 s)
2024-06-03 18:15:13,684 INFO  - Recieve a message from other vehicle (at simulation time 14.001,900,000 s)
2024-06-03 18:15:13,684 INFO  - I'm in better position but no more hops in message (at simulation time 14.001,900,000 s)
2024-06-03 18:15:13,684 INFO  - Recieve a message from other vehicle (at simulation time 14.001,900,000 s)
2024-06-03 18:15:13,684 INFO  - My position is not better! (at simulation time 14.001,900,000 s)
2024-06-03 18:15:13,685 INFO  - Recieve a message from other vehicle (at simulation time 14.002,300,000 s)
2024-06-03 18:15:13,686 INFO  - My position is not better! (at simulation time 14.002,300,000 s)
2024-06-03 18:15:13,687 INFO  - Recieve a message from other vehicle (at simulation time 14.002,400,000 s)
2024-06-03 18:15:13,687 INFO  - I'm in better position but no more hops in message (at simulation time 14.002,400,000 s)
2024-06-03 18:15:13,687 INFO  - Recieve a message from other vehicle (at simulation time 14.003,300,000 s)
2024-06-03 18:15:13,687 INFO  - I'm in better position but no more hops in message (at simulation time 14.003,300,000 s)
2024-06-03 18:15:13,688 INFO  - Recieve a message from other vehicle (at simulation time 14.003,300,000 s)
2024-06-03 18:15:13,688 INFO  - My position is not better! (at simulation time 14.003,300,000 s)
2024-06-03 18:15:13,689 INFO  - Recieve a message from other vehicle (at simulation time 14.004,300,000 s)
2024-06-03 18:15:13,689 INFO  - My position is not better! (at simulation time 14.004,300,000 s)
2024-06-03 18:15:13,697 INFO  - Called #onVehicleUpdated (at simulation time 15.000,000,000 s)
2024-06-03 18:15:13,698 INFO  - Sending out DENM broadcast (at simulation time 15.000,000,000 s)
2024-06-03 18:15:13,699 INFO  - Sending out AdHoc broadcast (at simulation time 15.000,000,000 s)
2024-06-03 18:15:13,701 INFO  - Recieve a message from other vehicle (at simulation time 15.000,400,000 s)
2024-06-03 18:15:13,701 INFO  - DENM message Recived from veh_3 -info : seco (at simulation time 15.000,400,000 s)
2024-06-03 18:15:13,701 INFO  - No more hops in DENM message (at simulation time 15.000,400,000 s)
2024-06-03 18:15:13,701 INFO  - Recieve a message from other vehicle (at simulation time 15.000,400,000 s)
2024-06-03 18:15:13,701 INFO  - My position is not better! (at simulation time 15.000,400,000 s)
2024-06-03 18:15:13,701 INFO  - Recieve a message from other vehicle (at simulation time 15.000,400,000 s)
2024-06-03 18:15:13,701 INFO  - My position is not better! (at simulation time 15.000,400,000 s)
2024-06-03 18:15:13,702 INFO  - Recieve a message from other vehicle (at simulation time 15.000,900,000 s)
2024-06-03 18:15:13,702 INFO  - My position is not better! (at simulation time 15.000,900,000 s)
2024-06-03 18:15:13,704 INFO  - Recieve a message from other vehicle (at simulation time 15.001,300,000 s)
2024-06-03 18:15:13,704 INFO  - DENM message Recived from veh_0 -info : seco (at simulation time 15.001,300,000 s)
2024-06-03 18:15:13,704 INFO  - No more hops in DENM message (at simulation time 15.001,300,000 s)
2024-06-03 18:15:13,704 INFO  - Recieve a message from other vehicle (at simulation time 15.001,300,000 s)
2024-06-03 18:15:13,704 INFO  - DENM message Recived from veh_1 -info : seco (at simulation time 15.001,300,000 s)
2024-06-03 18:15:13,704 INFO  - No more hops in DENM message (at simulation time 15.001,300,000 s)
2024-06-03 18:15:13,704 INFO  - Recieve a message from other vehicle (at simulation time 15.001,300,000 s)
2024-06-03 18:15:13,704 INFO  - DENM message Recived from veh_3 -info : seco (at simulation time 15.001,300,000 s)
2024-06-03 18:15:13,704 INFO  - No more hops in DENM message (at simulation time 15.001,300,000 s)
2024-06-03 18:15:13,704 INFO  - Recieve a message from other vehicle (at simulation time 15.001,400,000 s)
2024-06-03 18:15:13,704 INFO  - DENM message Recived from veh_1 -info : seco (at simulation time 15.001,400,000 s)
2024-06-03 18:15:13,704 INFO  - No more hops in DENM message (at simulation time 15.001,400,000 s)
2024-06-03 18:15:13,704 INFO  - Recieve a message from other vehicle (at simulation time 15.001,400,000 s)
2024-06-03 18:15:13,705 INFO  - My position is not better! (at simulation time 15.001,400,000 s)
2024-06-03 18:15:13,705 INFO  - Recieve a message from other vehicle (at simulation time 15.001,800,000 s)
2024-06-03 18:15:13,705 INFO  - DENM message Recived from veh_5 -info : seco (at simulation time 15.001,800,000 s)
2024-06-03 18:15:13,705 INFO  - No more hops in DENM message (at simulation time 15.001,800,000 s)
2024-06-03 18:15:13,705 INFO  - Recieve a message from other vehicle (at simulation time 15.001,900,000 s)
2024-06-03 18:15:13,705 INFO  - DENM message Recived from veh_5 -info : seco (at simulation time 15.001,900,000 s)
2024-06-03 18:15:13,705 INFO  - No more hops in DENM message (at simulation time 15.001,900,000 s)
2024-06-03 18:15:13,705 INFO  - Recieve a message from other vehicle (at simulation time 15.001,900,000 s)
2024-06-03 18:15:13,706 INFO  - My position is not better! (at simulation time 15.001,900,000 s)
2024-06-03 18:15:13,706 INFO  - Recieve a message from other vehicle (at simulation time 15.001,900,000 s)
2024-06-03 18:15:13,706 INFO  - My position is not better! (at simulation time 15.001,900,000 s)
2024-06-03 18:15:13,706 INFO  - Recieve a message from other vehicle (at simulation time 15.001,900,000 s)
2024-06-03 18:15:13,706 INFO  - My position is not better! (at simulation time 15.001,900,000 s)
2024-06-03 18:15:13,706 INFO  - Recieve a message from other vehicle (at simulation time 15.001,900,000 s)
2024-06-03 18:15:13,706 INFO  - My position is not better! (at simulation time 15.001,900,000 s)
2024-06-03 18:15:13,706 INFO  - Recieve a message from other vehicle (at simulation time 15.001,900,000 s)
2024-06-03 18:15:13,706 INFO  - My position is not better! (at simulation time 15.001,900,000 s)
2024-06-03 18:15:13,707 INFO  - Recieve a message from other vehicle (at simulation time 15.002,300,000 s)
2024-06-03 18:15:13,707 INFO  - My position is not better! (at simulation time 15.002,300,000 s)
2024-06-03 18:15:13,707 INFO  - Recieve a message from other vehicle (at simulation time 15.002,300,000 s)
2024-06-03 18:15:13,707 INFO  - I'm in better position but no more hops in message (at simulation time 15.002,300,000 s)
2024-06-03 18:15:13,707 INFO  - Recieve a message from other vehicle (at simulation time 15.002,400,000 s)
2024-06-03 18:15:13,707 INFO  - I'm in better position but no more hops in message (at simulation time 15.002,400,000 s)
2024-06-03 18:15:13,709 INFO  - Recieve a message from RSU (at simulation time 15.323,254,660 s)
2024-06-03 18:15:13,709 INFO  - RSU Stopped me!!! (at simulation time 15.323,254,660 s)
2024-06-03 18:15:13,710 INFO  - Recieve a message from RSU (at simulation time 15.326,639,386 s)
2024-06-03 18:15:13,712 INFO  - Called #onVehicleUpdated (at simulation time 16.000,000,000 s)
2024-06-03 18:15:13,715 INFO  - Recieve a message from other vehicle (at simulation time 16.000,400,000 s)
2024-06-03 18:15:13,715 INFO  - My position is not better! (at simulation time 16.000,400,000 s)
2024-06-03 18:15:13,715 INFO  - Recieve a message from other vehicle (at simulation time 16.000,400,000 s)
2024-06-03 18:15:13,715 INFO  - Recending a message from other vehicle (at simulation time 16.000,400,000 s)
2024-06-03 18:15:13,716 INFO  - Recieve a message from other vehicle (at simulation time 16.000,900,000 s)
2024-06-03 18:15:13,716 INFO  - I'm in better position but no more hops in message (at simulation time 16.000,900,000 s)
2024-06-03 18:15:13,717 INFO  - Recieve a message from other vehicle (at simulation time 16.000,900,000 s)
2024-06-03 18:15:13,717 INFO  - Recending a message from other vehicle (at simulation time 16.000,900,000 s)
2024-06-03 18:15:13,717 INFO  - Recieve a message from other vehicle (at simulation time 16.001,300,000 s)
2024-06-03 18:15:13,717 INFO  - DENM message Recived from veh_2 -info : piso-molhado (at simulation time 16.001,300,000 s)
2024-06-03 18:15:13,717 INFO  - I slow down due to road state (at simulation time 16.001,300,000 s)
2024-06-03 18:15:13,717 INFO  - No more hops in DENM message (at simulation time 16.001,300,000 s)
2024-06-03 18:15:13,718 INFO  - Recieve a message from other vehicle (at simulation time 16.001,400,000 s)
2024-06-03 18:15:13,718 INFO  - DENM message Recived from veh_2 -info : piso-molhado (at simulation time 16.001,400,000 s)
2024-06-03 18:15:13,718 INFO  - I slow down due to road state (at simulation time 16.001,400,000 s)
2024-06-03 18:15:13,718 INFO  - No more hops in DENM message (at simulation time 16.001,400,000 s)
2024-06-03 18:15:13,718 INFO  - Recieve a message from other vehicle (at simulation time 16.001,400,000 s)
2024-06-03 18:15:13,718 INFO  - DENM message Recived from veh_4 -info : seco (at simulation time 16.001,400,000 s)
2024-06-03 18:15:13,718 INFO  - No more hops in DENM message (at simulation time 16.001,400,000 s)
2024-06-03 18:15:13,718 INFO  - Recieve a message from other vehicle (at simulation time 16.001,400,000 s)
2024-06-03 18:15:13,718 INFO  - Recending a message from other vehicle (at simulation time 16.001,400,000 s)
2024-06-03 18:15:13,718 INFO  - Recieve a message from other vehicle (at simulation time 16.001,400,000 s)
2024-06-03 18:15:13,718 INFO  - My position is not better! (at simulation time 16.001,400,000 s)
2024-06-03 18:15:13,718 INFO  - Recieve a message from other vehicle (at simulation time 16.001,400,000 s)
2024-06-03 18:15:13,718 INFO  - Recending a message from other vehicle (at simulation time 16.001,400,000 s)
2024-06-03 18:15:13,719 INFO  - Recieve a message from other vehicle (at simulation time 16.001,800,000 s)
2024-06-03 18:15:13,719 INFO  - DENM message Recived from veh_4 -info : seco (at simulation time 16.001,800,000 s)
2024-06-03 18:15:13,719 INFO  - No more hops in DENM message (at simulation time 16.001,800,000 s)
2024-06-03 18:15:13,720 INFO  - Recieve a message from other vehicle (at simulation time 16.001,900,000 s)
2024-06-03 18:15:13,720 INFO  - My position is not better! (at simulation time 16.001,900,000 s)
2024-06-03 18:15:13,720 INFO  - Recieve a message from other vehicle (at simulation time 16.001,900,000 s)
2024-06-03 18:15:13,720 INFO  - My position is not better! (at simulation time 16.001,900,000 s)
2024-06-03 18:15:13,721 INFO  - Recieve a message from other vehicle (at simulation time 16.002,400,000 s)
2024-06-03 18:15:13,721 INFO  - I'm in better position but no more hops in message (at simulation time 16.002,400,000 s)
2024-06-03 18:15:13,721 INFO  - Recieve a message from other vehicle (at simulation time 16.002,800,000 s)
2024-06-03 18:15:13,721 INFO  - I'm in better position but no more hops in message (at simulation time 16.002,800,000 s)
2024-06-03 18:15:13,723 INFO  - Recieve a message from RSU (at simulation time 16.018,180,291 s)
2024-06-03 18:15:13,723 INFO  - Recieve a message from RSU (at simulation time 16.037,607,917 s)
2024-06-03 18:15:13,724 INFO  - Recieve a message from RSU (at simulation time 16.726,170,109 s)
2024-06-03 18:15:13,724 INFO  - Recieve a message from RSU (at simulation time 16.730,785,867 s)
2024-06-03 18:15:13,726 INFO  - Called #onVehicleUpdated (at simulation time 17.000,000,000 s)
2024-06-03 18:15:13,727 INFO  - Sending out AdHoc broadcast (at simulation time 17.000,000,000 s)
2024-06-03 18:15:13,727 INFO  - Recieve a message from other vehicle (at simulation time 17.000,400,000 s)
2024-06-03 18:15:13,727 INFO  - I'm in better position but no more hops in message (at simulation time 17.000,400,000 s)
2024-06-03 18:15:13,728 INFO  - Recieve a message from other vehicle (at simulation time 17.000,400,000 s)
2024-06-03 18:15:13,728 INFO  - I'm in better position but no more hops in message (at simulation time 17.000,400,000 s)
2024-06-03 18:15:13,728 INFO  - Recieve a message from other vehicle (at simulation time 17.000,400,000 s)
2024-06-03 18:15:13,728 INFO  - I'm in better position but no more hops in message (at simulation time 17.000,400,000 s)
2024-06-03 18:15:13,729 INFO  - Recieve a message from other vehicle (at simulation time 17.000,800,000 s)
2024-06-03 18:15:13,729 INFO  - I'm in better position but no more hops in message (at simulation time 17.000,800,000 s)
2024-06-03 18:15:13,729 INFO  - Recieve a message from other vehicle (at simulation time 17.000,800,000 s)
2024-06-03 18:15:13,729 INFO  - I'm in better position but no more hops in message (at simulation time 17.000,800,000 s)
2024-06-03 18:15:13,729 INFO  - Recieve a message from other vehicle (at simulation time 17.000,900,000 s)
2024-06-03 18:15:13,729 INFO  - I'm in better position but no more hops in message (at simulation time 17.000,900,000 s)
2024-06-03 18:15:13,729 INFO  - Recieve a message from other vehicle (at simulation time 17.000,900,000 s)
2024-06-03 18:15:13,729 INFO  - I'm in better position but no more hops in message (at simulation time 17.000,900,000 s)
2024-06-03 18:15:13,730 INFO  - Recieve a message from other vehicle (at simulation time 17.000,900,000 s)
2024-06-03 18:15:13,730 INFO  - I'm in better position but no more hops in message (at simulation time 17.000,900,000 s)
2024-06-03 18:15:13,730 INFO  - Recieve a message from other vehicle (at simulation time 17.001,400,000 s)
2024-06-03 18:15:13,730 INFO  - I'm in better position but no more hops in message (at simulation time 17.001,400,000 s)
2024-06-03 18:15:13,730 INFO  - Recieve a message from other vehicle (at simulation time 17.001,800,000 s)
2024-06-03 18:15:13,730 INFO  - I'm in better position but no more hops in message (at simulation time 17.001,800,000 s)
2024-06-03 18:15:13,730 INFO  - Recieve a message from other vehicle (at simulation time 17.001,900,000 s)
2024-06-03 18:15:13,730 INFO  - I'm in better position but no more hops in message (at simulation time 17.001,900,000 s)
2024-06-03 18:15:13,730 INFO  - Recieve a message from other vehicle (at simulation time 17.001,900,000 s)
2024-06-03 18:15:13,730 INFO  - I'm in better position but no more hops in message (at simulation time 17.001,900,000 s)
2024-06-03 18:15:13,731 INFO  - Recieve a message from other vehicle (at simulation time 17.002,400,000 s)
2024-06-03 18:15:13,731 INFO  - My position is not better! (at simulation time 17.002,400,000 s)
2024-06-03 18:15:13,731 INFO  - Recieve a message from other vehicle (at simulation time 17.002,800,000 s)
2024-06-03 18:15:13,731 INFO  - I'm in better position but no more hops in message (at simulation time 17.002,800,000 s)
2024-06-03 18:15:13,732 INFO  - Recieve a message from RSU (at simulation time 17.417,653,523 s)
2024-06-03 18:15:13,732 INFO  - Recieve a message from RSU (at simulation time 17.444,893,005 s)
2024-06-03 18:15:13,733 INFO  - Called #onVehicleUpdated (at simulation time 18.000,000,000 s)
2024-06-03 18:15:13,736 INFO  - Recieve a message from other vehicle (at simulation time 18.000,900,000 s)
2024-06-03 18:15:13,736 INFO  - I'm in better position but no more hops in message (at simulation time 18.000,900,000 s)
2024-06-03 18:15:13,736 INFO  - Recieve a message from other vehicle (at simulation time 18.000,900,000 s)
2024-06-03 18:15:13,736 INFO  - My position is not better! (at simulation time 18.000,900,000 s)
2024-06-03 18:15:13,737 INFO  - Recieve a message from other vehicle (at simulation time 18.001,300,000 s)
2024-06-03 18:15:13,737 INFO  - I'm in better position but no more hops in message (at simulation time 18.001,300,000 s)
2024-06-03 18:15:13,737 INFO  - Recieve a message from other vehicle (at simulation time 18.001,300,000 s)
2024-06-03 18:15:13,737 INFO  - I'm in better position but no more hops in message (at simulation time 18.001,300,000 s)
2024-06-03 18:15:13,737 INFO  - Recieve a message from other vehicle (at simulation time 18.001,400,000 s)
2024-06-03 18:15:13,737 INFO  - I'm in better position but no more hops in message (at simulation time 18.001,400,000 s)
2024-06-03 18:15:13,737 INFO  - Recieve a message from other vehicle (at simulation time 18.001,400,000 s)
2024-06-03 18:15:13,737 INFO  - I'm in better position but no more hops in message (at simulation time 18.001,400,000 s)
2024-06-03 18:15:13,737 INFO  - Recieve a message from other vehicle (at simulation time 18.001,900,000 s)
2024-06-03 18:15:13,737 INFO  - I'm in better position but no more hops in message (at simulation time 18.001,900,000 s)
2024-06-03 18:15:13,737 INFO  - Recieve a message from other vehicle (at simulation time 18.001,900,000 s)
2024-06-03 18:15:13,737 INFO  - My position is not better! (at simulation time 18.001,900,000 s)
2024-06-03 18:15:13,737 INFO  - Recieve a message from other vehicle (at simulation time 18.001,900,000 s)
2024-06-03 18:15:13,737 INFO  - I'm in better position but no more hops in message (at simulation time 18.001,900,000 s)
2024-06-03 18:15:13,737 INFO  - Recieve a message from other vehicle (at simulation time 18.001,900,000 s)
2024-06-03 18:15:13,737 INFO  - My position is not better! (at simulation time 18.001,900,000 s)
2024-06-03 18:15:13,737 INFO  - Recieve a message from other vehicle (at simulation time 18.001,900,000 s)
2024-06-03 18:15:13,737 INFO  - My position is not better! (at simulation time 18.001,900,000 s)
2024-06-03 18:15:13,737 INFO  - Recieve a message from other vehicle (at simulation time 18.001,900,000 s)
2024-06-03 18:15:13,737 INFO  - I'm in better position but no more hops in message (at simulation time 18.001,900,000 s)
2024-06-03 18:15:13,738 INFO  - Recieve a message from other vehicle (at simulation time 18.002,800,000 s)
2024-06-03 18:15:13,738 INFO  - I'm in better position but no more hops in message (at simulation time 18.002,800,000 s)
2024-06-03 18:15:13,738 INFO  - Recieve a message from RSU (at simulation time 18.120,746,906 s)
2024-06-03 18:15:13,738 INFO  - Recieve a message from RSU (at simulation time 18.129,141,084 s)
2024-06-03 18:15:13,739 INFO  - Recieve a message from RSU (at simulation time 18.816,273,148 s)
2024-06-03 18:15:13,739 INFO  - Recieve a message from RSU (at simulation time 18.829,558,649 s)
2024-06-03 18:15:13,741 INFO  - Called #onVehicleUpdated (at simulation time 19.000,000,000 s)
2024-06-03 18:15:13,742 INFO  - Sending out AdHoc broadcast (at simulation time 19.000,000,000 s)
2024-06-03 18:15:13,744 INFO  - Recieve a message from other vehicle (at simulation time 19.000,400,000 s)
2024-06-03 18:15:13,744 INFO  - My position is not better! (at simulation time 19.000,400,000 s)
2024-06-03 18:15:13,745 INFO  - Recieve a message from other vehicle (at simulation time 19.000,400,000 s)
2024-06-03 18:15:13,745 INFO  - My position is not better! (at simulation time 19.000,400,000 s)
2024-06-03 18:15:13,745 INFO  - Recieve a message from other vehicle (at simulation time 19.000,400,000 s)
2024-06-03 18:15:13,745 INFO  - My position is not better! (at simulation time 19.000,400,000 s)
2024-06-03 18:15:13,746 INFO  - Recieve a message from other vehicle (at simulation time 19.000,900,000 s)
2024-06-03 18:15:13,746 INFO  - My position is not better! (at simulation time 19.000,900,000 s)
2024-06-03 18:15:13,747 INFO  - Recieve a message from other vehicle (at simulation time 19.001,800,000 s)
2024-06-03 18:15:13,747 INFO  - I'm in better position but no more hops in message (at simulation time 19.001,800,000 s)
2024-06-03 18:15:13,747 INFO  - Recieve a message from other vehicle (at simulation time 19.001,900,000 s)
2024-06-03 18:15:13,747 INFO  - I'm in better position but no more hops in message (at simulation time 19.001,900,000 s)
2024-06-03 18:15:13,748 INFO  - Recieve a message from other vehicle (at simulation time 19.002,300,000 s)
2024-06-03 18:15:13,748 INFO  - I'm in better position but no more hops in message (at simulation time 19.002,300,000 s)
2024-06-03 18:15:13,748 INFO  - Recieve a message from other vehicle (at simulation time 19.002,300,000 s)
2024-06-03 18:15:13,748 INFO  - I'm in better position but no more hops in message (at simulation time 19.002,300,000 s)
2024-06-03 18:15:13,748 INFO  - Recieve a message from other vehicle (at simulation time 19.002,400,000 s)
2024-06-03 18:15:13,748 INFO  - I'm in better position but no more hops in message (at simulation time 19.002,400,000 s)
2024-06-03 18:15:13,748 INFO  - Recieve a message from other vehicle (at simulation time 19.002,400,000 s)
2024-06-03 18:15:13,748 INFO  - I'm in better position but no more hops in message (at simulation time 19.002,400,000 s)
2024-06-03 18:15:13,748 INFO  - Recieve a message from other vehicle (at simulation time 19.002,400,000 s)
2024-06-03 18:15:13,748 INFO  - I'm in better position but no more hops in message (at simulation time 19.002,400,000 s)
2024-06-03 18:15:13,748 INFO  - Recieve a message from other vehicle (at simulation time 19.002,400,000 s)
2024-06-03 18:15:13,748 INFO  - My position is not better! (at simulation time 19.002,400,000 s)
2024-06-03 18:15:13,748 INFO  - Recieve a message from other vehicle (at simulation time 19.002,400,000 s)
2024-06-03 18:15:13,748 INFO  - I'm in better position but no more hops in message (at simulation time 19.002,400,000 s)
2024-06-03 18:15:13,748 INFO  - Recieve a message from other vehicle (at simulation time 19.003,300,000 s)
2024-06-03 18:15:13,748 INFO  - I'm in better position but no more hops in message (at simulation time 19.003,300,000 s)
2024-06-03 18:15:13,749 INFO  - Recieve a message from RSU (at simulation time 19.528,098,548 s)
2024-06-03 18:15:13,750 INFO  - Recieve a message from RSU (at simulation time 19.540,889,156 s)
2024-06-03 18:15:13,754 INFO  - Called #onVehicleUpdated (at simulation time 20.000,000,000 s)
2024-06-03 18:15:13,756 INFO  - Recieve a message from other vehicle (at simulation time 20.000,400,000 s)
2024-06-03 18:15:13,756 INFO  - My position is not better! (at simulation time 20.000,400,000 s)
2024-06-03 18:15:13,757 INFO  - Recieve a message from other vehicle (at simulation time 20.000,900,000 s)
2024-06-03 18:15:13,757 INFO  - I'm in better position but no more hops in message (at simulation time 20.000,900,000 s)
2024-06-03 18:15:13,757 INFO  - Recieve a message from other vehicle (at simulation time 20.000,900,000 s)
2024-06-03 18:15:13,757 INFO  - I'm in better position but no more hops in message (at simulation time 20.000,900,000 s)
2024-06-03 18:15:13,758 INFO  - Recieve a message from other vehicle (at simulation time 20.001,400,000 s)
2024-06-03 18:15:13,758 INFO  - I'm in better position but no more hops in message (at simulation time 20.001,400,000 s)
2024-06-03 18:15:13,758 INFO  - Recieve a message from other vehicle (at simulation time 20.001,800,000 s)
2024-06-03 18:15:13,758 INFO  - I'm in better position but no more hops in message (at simulation time 20.001,800,000 s)
2024-06-03 18:15:13,758 INFO  - Recieve a message from other vehicle (at simulation time 20.001,800,000 s)
2024-06-03 18:15:13,758 INFO  - I'm in better position but no more hops in message (at simulation time 20.001,800,000 s)
2024-06-03 18:15:13,759 INFO  - Recieve a message from other vehicle (at simulation time 20.001,900,000 s)
2024-06-03 18:15:13,759 INFO  - I'm in better position but no more hops in message (at simulation time 20.001,900,000 s)
2024-06-03 18:15:13,759 INFO  - Recieve a message from other vehicle (at simulation time 20.001,900,000 s)
2024-06-03 18:15:13,759 INFO  - My position is not better! (at simulation time 20.001,900,000 s)
2024-06-03 18:15:13,759 INFO  - Recieve a message from other vehicle (at simulation time 20.001,900,000 s)
2024-06-03 18:15:13,759 INFO  - I'm in better position but no more hops in message (at simulation time 20.001,900,000 s)
2024-06-03 18:15:13,760 INFO  - Recieve a message from other vehicle (at simulation time 20.002,300,000 s)
2024-06-03 18:15:13,760 INFO  - My position is not better! (at simulation time 20.002,300,000 s)
2024-06-03 18:15:13,760 INFO  - Recieve a message from other vehicle (at simulation time 20.002,300,000 s)
2024-06-03 18:15:13,760 INFO  - I'm in better position but no more hops in message (at simulation time 20.002,300,000 s)
2024-06-03 18:15:13,760 INFO  - Recieve a message from other vehicle (at simulation time 20.002,400,000 s)
2024-06-03 18:15:13,760 INFO  - My position is not better! (at simulation time 20.002,400,000 s)
2024-06-03 18:15:13,760 INFO  - Recieve a message from other vehicle (at simulation time 20.002,400,000 s)
2024-06-03 18:15:13,760 INFO  - My position is not better! (at simulation time 20.002,400,000 s)
2024-06-03 18:15:13,760 INFO  - Recieve a message from other vehicle (at simulation time 20.002,400,000 s)
2024-06-03 18:15:13,760 INFO  - I'm in better position but no more hops in message (at simulation time 20.002,400,000 s)
2024-06-03 18:15:13,760 INFO  - Recieve a message from other vehicle (at simulation time 20.002,800,000 s)
2024-06-03 18:15:13,760 INFO  - I'm in better position but no more hops in message (at simulation time 20.002,800,000 s)
2024-06-03 18:15:13,762 INFO  - Recieve a message from RSU (at simulation time 20.215,193,997 s)
2024-06-03 18:15:13,763 INFO  - Recieve a message from RSU (at simulation time 20.240,051,403 s)
2024-06-03 18:15:13,764 INFO  - Recieve a message from RSU (at simulation time 20.922,156,511 s)
2024-06-03 18:15:13,764 INFO  - Recieve a message from RSU (at simulation time 20.925,365,629 s)
2024-06-03 18:15:13,766 INFO  - Called #onVehicleUpdated (at simulation time 21.000,000,000 s)
2024-06-03 18:15:13,767 INFO  - Sending out AdHoc broadcast (at simulation time 21.000,000,000 s)
2024-06-03 18:15:13,768 INFO  - Recieve a message from other vehicle (at simulation time 21.000,400,000 s)
2024-06-03 18:15:13,768 INFO  - I'm in better position but no more hops in message (at simulation time 21.000,400,000 s)
2024-06-03 18:15:13,768 INFO  - Recieve a message from other vehicle (at simulation time 21.000,400,000 s)
2024-06-03 18:15:13,768 INFO  - Recending a message from other vehicle (at simulation time 21.000,400,000 s)
2024-06-03 18:15:13,769 INFO  - Recieve a message from other vehicle (at simulation time 21.000,900,000 s)
2024-06-03 18:15:13,769 INFO  - Recending a message from other vehicle (at simulation time 21.000,900,000 s)
2024-06-03 18:15:13,769 INFO  - Recieve a message from other vehicle (at simulation time 21.001,400,000 s)
2024-06-03 18:15:13,769 INFO  - Recending a message from other vehicle (at simulation time 21.001,400,000 s)
2024-06-03 18:15:13,770 INFO  - Recieve a message from other vehicle (at simulation time 21.001,900,000 s)
2024-06-03 18:15:13,770 INFO  - Recending a message from other vehicle (at simulation time 21.001,900,000 s)
2024-06-03 18:15:13,770 INFO  - Recieve a message from other vehicle (at simulation time 21.001,900,000 s)
2024-06-03 18:15:13,770 INFO  - My position is not better! (at simulation time 21.001,900,000 s)
2024-06-03 18:15:13,770 INFO  - Recieve a message from other vehicle (at simulation time 21.001,900,000 s)
2024-06-03 18:15:13,770 INFO  - Recending a message from other vehicle (at simulation time 21.001,900,000 s)
2024-06-03 18:15:13,770 INFO  - Recieve a message from other vehicle (at simulation time 21.001,900,000 s)
2024-06-03 18:15:13,770 INFO  - My position is not better! (at simulation time 21.001,900,000 s)
2024-06-03 18:15:13,770 INFO  - Recieve a message from other vehicle (at simulation time 21.002,400,000 s)
2024-06-03 18:15:13,770 INFO  - My position is not better! (at simulation time 21.002,400,000 s)
2024-06-03 18:15:13,770 INFO  - Recieve a message from other vehicle (at simulation time 21.002,400,000 s)
2024-06-03 18:15:13,770 INFO  - My position is not better! (at simulation time 21.002,400,000 s)
2024-06-03 18:15:13,771 INFO  - Recieve a message from other vehicle (at simulation time 21.004,300,000 s)
2024-06-03 18:15:13,771 INFO  - My position is not better! (at simulation time 21.004,300,000 s)
2024-06-03 18:15:13,772 INFO  - Recieve a message from RSU (at simulation time 21.627,410,474 s)
2024-06-03 18:15:13,772 INFO  - Recieve a message from RSU (at simulation time 21.633,054,083 s)
2024-06-03 18:15:13,774 INFO  - Called #onVehicleUpdated (at simulation time 22.000,000,000 s)
2024-06-03 18:15:13,777 INFO  - Recieve a message from other vehicle (at simulation time 22.000,800,000 s)
2024-06-03 18:15:13,777 INFO  - I'm in better position but no more hops in message (at simulation time 22.000,800,000 s)
2024-06-03 18:15:13,777 INFO  - Recieve a message from other vehicle (at simulation time 22.000,900,000 s)
2024-06-03 18:15:13,777 INFO  - I'm in better position but no more hops in message (at simulation time 22.000,900,000 s)
2024-06-03 18:15:13,777 INFO  - Recieve a message from other vehicle (at simulation time 22.001,400,000 s)
2024-06-03 18:15:13,777 INFO  - I'm in better position but no more hops in message (at simulation time 22.001,400,000 s)
2024-06-03 18:15:13,777 INFO  - Recieve a message from other vehicle (at simulation time 22.001,400,000 s)
2024-06-03 18:15:13,777 INFO  - I'm in better position but no more hops in message (at simulation time 22.001,400,000 s)
2024-06-03 18:15:13,778 INFO  - Recieve a message from other vehicle (at simulation time 22.001,900,000 s)
2024-06-03 18:15:13,778 INFO  - I'm in better position but no more hops in message (at simulation time 22.001,900,000 s)
2024-06-03 18:15:13,779 INFO  - Recieve a message from other vehicle (at simulation time 22.002,400,000 s)
2024-06-03 18:15:13,779 INFO  - Recending a message from other vehicle (at simulation time 22.002,400,000 s)
2024-06-03 18:15:13,779 INFO  - Recieve a message from other vehicle (at simulation time 22.002,400,000 s)
2024-06-03 18:15:13,779 INFO  - Recending a message from other vehicle (at simulation time 22.002,400,000 s)
2024-06-03 18:15:13,779 INFO  - Recieve a message from other vehicle (at simulation time 22.002,400,000 s)
2024-06-03 18:15:13,779 INFO  - Recending a message from other vehicle (at simulation time 22.002,400,000 s)
2024-06-03 18:15:13,781 INFO  - Recieve a message from RSU (at simulation time 22.331,196,297 s)
2024-06-03 18:15:13,781 INFO  - Recieve a message from RSU (at simulation time 22.361,444,231 s)
2024-06-03 18:15:13,783 INFO  - Called #onVehicleUpdated (at simulation time 23.000,000,000 s)
2024-06-03 18:15:13,783 INFO  - Sending out AdHoc broadcast (at simulation time 23.000,000,000 s)
2024-06-03 18:15:13,785 INFO  - Recieve a message from other vehicle (at simulation time 23.000,400,000 s)
2024-06-03 18:15:13,785 INFO  - I'm in better position but no more hops in message (at simulation time 23.000,400,000 s)
2024-06-03 18:15:13,785 INFO  - Recieve a message from other vehicle (at simulation time 23.000,900,000 s)
2024-06-03 18:15:13,785 INFO  - Recending a message from other vehicle (at simulation time 23.000,900,000 s)
2024-06-03 18:15:13,785 INFO  - Recieve a message from other vehicle (at simulation time 23.000,900,000 s)
2024-06-03 18:15:13,786 INFO  - Recending a message from other vehicle (at simulation time 23.000,900,000 s)
2024-06-03 18:15:13,786 INFO  - Recieve a message from other vehicle (at simulation time 23.001,400,000 s)
2024-06-03 18:15:13,786 INFO  - Recending a message from other vehicle (at simulation time 23.001,400,000 s)
2024-06-03 18:15:13,787 INFO  - Recieve a message from other vehicle (at simulation time 23.002,400,000 s)
2024-06-03 18:15:13,787 INFO  - Recending a message from other vehicle (at simulation time 23.002,400,000 s)
2024-06-03 18:15:13,787 INFO  - Recieve a message from other vehicle (at simulation time 23.002,400,000 s)
2024-06-03 18:15:13,787 INFO  - Recending a message from other vehicle (at simulation time 23.002,400,000 s)
2024-06-03 18:15:13,787 INFO  - Recieve a message from RSU (at simulation time 23.016,462,524 s)
2024-06-03 18:15:13,787 INFO  - Recieve a message from RSU (at simulation time 23.017,229,472 s)
2024-06-03 18:15:13,788 INFO  - Recieve a message from RSU (at simulation time 23.715,653,983 s)
2024-06-03 18:15:13,788 INFO  - Recieve a message from RSU (at simulation time 23.724,298,707 s)
2024-06-03 18:15:13,790 INFO  - Called #onVehicleUpdated (at simulation time 24.000,000,000 s)
2024-06-03 18:15:13,791 INFO  - Recieve a message from other vehicle (at simulation time 24.000,900,000 s)
2024-06-03 18:15:13,791 INFO  - My position is not better! (at simulation time 24.000,900,000 s)
2024-06-03 18:15:13,792 INFO  - Recieve a message from other vehicle (at simulation time 24.000,900,000 s)
2024-06-03 18:15:13,792 INFO  - I'm in better position but no more hops in message (at simulation time 24.000,900,000 s)
2024-06-03 18:15:13,792 INFO  - Recieve a message from other vehicle (at simulation time 24.000,900,000 s)
2024-06-03 18:15:13,792 INFO  - Recending a message from other vehicle (at simulation time 24.000,900,000 s)
2024-06-03 18:15:13,792 INFO  - Recieve a message from other vehicle (at simulation time 24.001,300,000 s)
2024-06-03 18:15:13,792 INFO  - I'm in better position but no more hops in message (at simulation time 24.001,300,000 s)
2024-06-03 18:15:13,792 INFO  - Recieve a message from other vehicle (at simulation time 24.001,400,000 s)
2024-06-03 18:15:13,792 INFO  - I'm in better position but no more hops in message (at simulation time 24.001,400,000 s)
2024-06-03 18:15:13,792 INFO  - Recieve a message from other vehicle (at simulation time 24.001,800,000 s)
2024-06-03 18:15:13,792 INFO  - I'm in better position but no more hops in message (at simulation time 24.001,800,000 s)
2024-06-03 18:15:13,793 INFO  - Recieve a message from other vehicle (at simulation time 24.001,900,000 s)
2024-06-03 18:15:13,793 INFO  - My position is not better! (at simulation time 24.001,900,000 s)
2024-06-03 18:15:13,793 INFO  - Recieve a message from other vehicle (at simulation time 24.002,400,000 s)
2024-06-03 18:15:13,793 INFO  - My position is not better! (at simulation time 24.002,400,000 s)
2024-06-03 18:15:13,794 INFO  - Recieve a message from RSU (at simulation time 24.413,200,868 s)
2024-06-03 18:15:13,794 INFO  - Recieve a message from RSU (at simulation time 24.467,292,737 s)
2024-06-03 18:15:13,796 INFO  - Called #onVehicleUpdated (at simulation time 25.000,000,000 s)
2024-06-03 18:15:13,797 INFO  - Sending out AdHoc broadcast (at simulation time 25.000,000,000 s)
2024-06-03 18:15:13,798 INFO  - Recieve a message from other vehicle (at simulation time 25.000,800,000 s)
2024-06-03 18:15:13,798 INFO  - I'm in better position but no more hops in message (at simulation time 25.000,800,000 s)
2024-06-03 18:15:13,798 INFO  - Recieve a message from other vehicle (at simulation time 25.001,300,000 s)
2024-06-03 18:15:13,798 INFO  - I'm in better position but no more hops in message (at simulation time 25.001,300,000 s)
2024-06-03 18:15:13,798 INFO  - Recieve a message from other vehicle (at simulation time 25.001,300,000 s)
2024-06-03 18:15:13,798 INFO  - My position is not better! (at simulation time 25.001,300,000 s)
2024-06-03 18:15:13,798 INFO  - Recieve a message from other vehicle (at simulation time 25.002,300,000 s)
2024-06-03 18:15:13,798 INFO  - I'm in better position but no more hops in message (at simulation time 25.002,300,000 s)
2024-06-03 18:15:13,798 INFO  - Recieve a message from other vehicle (at simulation time 25.002,400,000 s)
2024-06-03 18:15:13,798 INFO  - My position is not better! (at simulation time 25.002,400,000 s)
2024-06-03 18:15:13,799 INFO  - Recieve a message from other vehicle (at simulation time 25.004,300,000 s)
2024-06-03 18:15:13,799 INFO  - I'm in better position but no more hops in message (at simulation time 25.004,300,000 s)
2024-06-03 18:15:13,801 INFO  - Called #onVehicleUpdated (at simulation time 26.000,000,000 s)
2024-06-03 18:15:13,802 INFO  - Recieve a message from other vehicle (at simulation time 26.000,400,000 s)
2024-06-03 18:15:13,802 INFO  - My position is not better! (at simulation time 26.000,400,000 s)
2024-06-03 18:15:13,803 INFO  - Recieve a message from RSU (at simulation time 26.001,400,000 s)
2024-06-03 18:15:13,803 INFO  - RSU ordered to advance!!! (at simulation time 26.001,400,000 s)
2024-06-03 18:15:13,805 INFO  - Called #onVehicleUpdated (at simulation time 27.000,000,000 s)
2024-06-03 18:15:13,806 INFO  - Sending out AdHoc broadcast (at simulation time 27.000,000,000 s)
2024-06-03 18:15:13,810 INFO  - Called #onVehicleUpdated (at simulation time 28.000,000,000 s)
2024-06-03 18:15:13,815 INFO  - Called #onVehicleUpdated (at simulation time 29.000,000,000 s)
2024-06-03 18:15:13,816 INFO  - Sending out AdHoc broadcast (at simulation time 29.000,000,000 s)
2024-06-03 18:15:13,818 INFO  - Called #onVehicleUpdated (at simulation time 30.000,000,000 s)
