2024-06-03 18:35:11,064 INFO  - Initialize Vehicle application (at simulation time 42.000,000,000 s)
2024-06-03 18:35:11,067 INFO  - Activated WLAN Module (at simulation time 42.000,000,000 s)
2024-06-03 18:35:11,069 INFO  - Called #onVehicleUpdated (at simulation time 42.000,000,000 s)
2024-06-03 18:35:11,069 INFO  - Exced velocity! Sending new CAM (at simulation time 42.000,000,000 s)
2024-06-03 18:35:11,069 INFO  - Sending out AdHoc broadcast (at simulation time 42.000,000,000 s)
2024-06-03 18:35:11,264 INFO  - Called #onVehicleUpdated (at simulation time 43.000,000,000 s)
2024-06-03 18:35:11,264 INFO  - Exced velocity! Sending new CAM (at simulation time 43.000,000,000 s)
2024-06-03 18:35:11,264 INFO  - Sending out AdHoc broadcast (at simulation time 43.000,000,000 s)
2024-06-03 18:35:11,265 INFO  - Define the name: veh_9 and route: r_4 (at simulation time 43.000,000,000 s)
2024-06-03 18:35:11,265 INFO  - Sending out AdHoc broadcast (at simulation time 43.000,000,000 s)
2024-06-03 18:35:11,268 INFO  - Recieve a message from other vehicle (at simulation time 43.002,800,000 s)
2024-06-03 18:35:11,268 INFO  - My position is not better! (at simulation time 43.002,800,000 s)
2024-06-03 18:35:11,268 INFO  - Recieve a message from other vehicle (at simulation time 43.003,300,000 s)
2024-06-03 18:35:11,268 INFO  - My position is not better! (at simulation time 43.003,300,000 s)
2024-06-03 18:35:11,460 INFO  - Called #onVehicleUpdated (at simulation time 44.000,000,000 s)
2024-06-03 18:35:11,460 INFO  - Exced velocity! Sending new CAM (at simulation time 44.000,000,000 s)
2024-06-03 18:35:11,460 INFO  - Sending out AdHoc broadcast (at simulation time 44.000,000,000 s)
2024-06-03 18:35:11,460 INFO  - Sending out AdHoc broadcast (at simulation time 44.000,000,000 s)
2024-06-03 18:35:11,462 INFO  - Recieve a message from other vehicle (at simulation time 44.000,400,000 s)
2024-06-03 18:35:11,462 INFO  - Recending a message from other vehicle (at simulation time 44.000,400,000 s)
2024-06-03 18:35:11,462 INFO  - Recieve a message from other vehicle (at simulation time 44.002,400,000 s)
2024-06-03 18:35:11,463 INFO  - Recending a message from other vehicle (at simulation time 44.002,400,000 s)
2024-06-03 18:35:11,661 INFO  - Called #onVehicleUpdated (at simulation time 45.000,000,000 s)
2024-06-03 18:35:11,661 INFO  - Exced velocity! Sending new CAM (at simulation time 45.000,000,000 s)
2024-06-03 18:35:11,661 INFO  - Sending out AdHoc broadcast (at simulation time 45.000,000,000 s)
2024-06-03 18:35:11,662 INFO  - Sending out AdHoc broadcast (at simulation time 45.000,000,000 s)
2024-06-03 18:35:11,662 INFO  - Sending out AdHoc broadcast (at simulation time 45.000,000,000 s)
2024-06-03 18:35:11,860 INFO  - Called #onVehicleUpdated (at simulation time 46.000,000,000 s)
2024-06-03 18:35:11,860 INFO  - Exced velocity! Sending new CAM (at simulation time 46.000,000,000 s)
2024-06-03 18:35:11,860 INFO  - Sending out AdHoc broadcast (at simulation time 46.000,000,000 s)
2024-06-03 18:35:11,860 INFO  - Sending out AdHoc broadcast (at simulation time 46.000,000,000 s)
2024-06-03 18:35:11,861 INFO  - Sending out AdHoc broadcast (at simulation time 46.000,000,000 s)
2024-06-03 18:35:11,862 INFO  - Recieve a message from other vehicle (at simulation time 46.002,400,000 s)
2024-06-03 18:35:11,862 INFO  - Recending a message from other vehicle (at simulation time 46.002,400,000 s)
2024-06-03 18:35:12,060 INFO  - Called #onVehicleUpdated (at simulation time 47.000,000,000 s)
2024-06-03 18:35:12,060 INFO  - Exced velocity! Sending new CAM (at simulation time 47.000,000,000 s)
2024-06-03 18:35:12,061 INFO  - Sending out AdHoc broadcast (at simulation time 47.000,000,000 s)
2024-06-03 18:35:12,061 INFO  - Sending out AdHoc broadcast (at simulation time 47.000,000,000 s)
2024-06-03 18:35:12,061 INFO  - Sending out AdHoc broadcast (at simulation time 47.000,000,000 s)
2024-06-03 18:35:12,061 INFO  - Sending out AdHoc broadcast (at simulation time 47.000,000,000 s)
2024-06-03 18:35:12,260 INFO  - Called #onVehicleUpdated (at simulation time 48.000,000,000 s)
2024-06-03 18:35:12,261 INFO  - Sending out AdHoc broadcast (at simulation time 48.000,000,000 s)
2024-06-03 18:35:12,261 INFO  - Sending out AdHoc broadcast (at simulation time 48.000,000,000 s)
2024-06-03 18:35:12,261 INFO  - Sending out AdHoc broadcast (at simulation time 48.000,000,000 s)
2024-06-03 18:35:12,263 INFO  - Recieve a message from other vehicle (at simulation time 48.000,400,000 s)
2024-06-03 18:35:12,263 INFO  - Recending a message from other vehicle (at simulation time 48.000,400,000 s)
2024-06-03 18:35:12,263 INFO  - Recieve a message from other vehicle (at simulation time 48.000,900,000 s)
2024-06-03 18:35:12,263 INFO  - Recending a message from other vehicle (at simulation time 48.000,900,000 s)
2024-06-03 18:35:12,263 INFO  - Recieve a message from other vehicle (at simulation time 48.000,900,000 s)
2024-06-03 18:35:12,263 INFO  - Recending a message from other vehicle (at simulation time 48.000,900,000 s)
2024-06-03 18:35:12,264 INFO  - Recieve a message from other vehicle (at simulation time 48.001,400,000 s)
2024-06-03 18:35:12,264 INFO  - Recending a message from other vehicle (at simulation time 48.001,400,000 s)
2024-06-03 18:35:12,264 INFO  - Recieve a message from other vehicle (at simulation time 48.001,400,000 s)
2024-06-03 18:35:12,264 INFO  - Recending a message from other vehicle (at simulation time 48.001,400,000 s)
2024-06-03 18:35:12,462 INFO  - Called #onVehicleUpdated (at simulation time 49.000,000,000 s)
2024-06-03 18:35:12,462 INFO  - Sending out AdHoc broadcast (at simulation time 49.000,000,000 s)
2024-06-03 18:35:12,462 INFO  - Sending out AdHoc broadcast (at simulation time 49.000,000,000 s)
2024-06-03 18:35:12,462 INFO  - Sending out AdHoc broadcast (at simulation time 49.000,000,000 s)
2024-06-03 18:35:12,462 INFO  - Sending out AdHoc broadcast (at simulation time 49.000,000,000 s)
2024-06-03 18:35:12,464 INFO  - Recieve a message from other vehicle (at simulation time 49.000,400,000 s)
2024-06-03 18:35:12,464 INFO  - Recending a message from other vehicle (at simulation time 49.000,400,000 s)
2024-06-03 18:35:12,464 INFO  - Recieve a message from other vehicle (at simulation time 49.000,900,000 s)
2024-06-03 18:35:12,464 INFO  - Recending a message from other vehicle (at simulation time 49.000,900,000 s)
2024-06-03 18:35:12,465 INFO  - Recieve a message from other vehicle (at simulation time 49.001,400,000 s)
2024-06-03 18:35:12,465 INFO  - I'm in better position but no more hops in message (at simulation time 49.001,400,000 s)
2024-06-03 18:35:12,465 INFO  - Recieve a message from other vehicle (at simulation time 49.001,400,000 s)
2024-06-03 18:35:12,465 INFO  - Recending a message from other vehicle (at simulation time 49.001,400,000 s)
2024-06-03 18:35:12,465 INFO  - Recieve a message from other vehicle (at simulation time 49.001,800,000 s)
2024-06-03 18:35:12,465 INFO  - I'm in better position but no more hops in message (at simulation time 49.001,800,000 s)
2024-06-03 18:35:12,465 INFO  - Recieve a message from other vehicle (at simulation time 49.001,800,000 s)
2024-06-03 18:35:12,465 INFO  - I'm in better position but no more hops in message (at simulation time 49.001,800,000 s)
2024-06-03 18:35:12,465 INFO  - Recieve a message from other vehicle (at simulation time 49.001,800,000 s)
2024-06-03 18:35:12,465 INFO  - I'm in better position but no more hops in message (at simulation time 49.001,800,000 s)
2024-06-03 18:35:12,465 INFO  - Recieve a message from other vehicle (at simulation time 49.001,900,000 s)
2024-06-03 18:35:12,465 INFO  - I'm in better position but no more hops in message (at simulation time 49.001,900,000 s)
2024-06-03 18:35:12,465 INFO  - Recieve a message from other vehicle (at simulation time 49.001,900,000 s)
2024-06-03 18:35:12,465 INFO  - Recending a message from other vehicle (at simulation time 49.001,900,000 s)
2024-06-03 18:35:12,465 INFO  - Recieve a message from other vehicle (at simulation time 49.002,400,000 s)
2024-06-03 18:35:12,465 INFO  - Recending a message from other vehicle (at simulation time 49.002,400,000 s)
2024-06-03 18:35:12,465 INFO  - Recieve a message from other vehicle (at simulation time 49.002,400,000 s)
2024-06-03 18:35:12,465 INFO  - I'm in better position but no more hops in message (at simulation time 49.002,400,000 s)
2024-06-03 18:35:12,466 INFO  - Recieve a message from other vehicle (at simulation time 49.002,400,000 s)
2024-06-03 18:35:12,466 INFO  - I'm in better position but no more hops in message (at simulation time 49.002,400,000 s)
2024-06-03 18:35:12,466 INFO  - Recieve a message from other vehicle (at simulation time 49.003,800,000 s)
2024-06-03 18:35:12,466 INFO  - I'm in better position but no more hops in message (at simulation time 49.003,800,000 s)
2024-06-03 18:35:12,663 INFO  - Called #onVehicleUpdated (at simulation time 50.000,000,000 s)
2024-06-03 18:35:12,664 INFO  - Sending out AdHoc broadcast (at simulation time 50.000,000,000 s)
2024-06-03 18:35:12,664 INFO  - Sending out AdHoc broadcast (at simulation time 50.000,000,000 s)
2024-06-03 18:35:12,664 INFO  - Sending out AdHoc broadcast (at simulation time 50.000,000,000 s)
2024-06-03 18:35:12,666 INFO  - Recieve a message from other vehicle (at simulation time 50.000,400,000 s)
2024-06-03 18:35:12,666 INFO  - Recending a message from other vehicle (at simulation time 50.000,400,000 s)
2024-06-03 18:35:12,666 INFO  - Recieve a message from other vehicle (at simulation time 50.000,400,000 s)
2024-06-03 18:35:12,666 INFO  - Recending a message from other vehicle (at simulation time 50.000,400,000 s)
2024-06-03 18:35:12,666 INFO  - Recieve a message from other vehicle (at simulation time 50.000,400,000 s)
2024-06-03 18:35:12,666 INFO  - Recending a message from other vehicle (at simulation time 50.000,400,000 s)
2024-06-03 18:35:12,667 INFO  - Recieve a message from other vehicle (at simulation time 50.001,400,000 s)
2024-06-03 18:35:12,667 INFO  - I'm in better position but no more hops in message (at simulation time 50.001,400,000 s)
2024-06-03 18:35:12,668 INFO  - Recieve a message from other vehicle (at simulation time 50.001,400,000 s)
2024-06-03 18:35:12,668 INFO  - Recending a message from other vehicle (at simulation time 50.001,400,000 s)
2024-06-03 18:35:12,668 INFO  - Recieve a message from other vehicle (at simulation time 50.001,400,000 s)
2024-06-03 18:35:12,668 INFO  - Recending a message from other vehicle (at simulation time 50.001,400,000 s)
2024-06-03 18:35:12,668 INFO  - Recieve a message from other vehicle (at simulation time 50.001,400,000 s)
2024-06-03 18:35:12,668 INFO  - Recending a message from other vehicle (at simulation time 50.001,400,000 s)
2024-06-03 18:35:12,668 INFO  - Recieve a message from other vehicle (at simulation time 50.001,400,000 s)
2024-06-03 18:35:12,668 INFO  - Recending a message from other vehicle (at simulation time 50.001,400,000 s)
2024-06-03 18:35:12,669 INFO  - Recieve a message from RSU (at simulation time 50.001,900,000 s)
2024-06-03 18:35:12,670 INFO  - Recieve a message from other vehicle (at simulation time 50.002,300,000 s)
2024-06-03 18:35:12,670 INFO  - I'm in better position but no more hops in message (at simulation time 50.002,300,000 s)
2024-06-03 18:35:12,671 INFO  - Recieve a message from other vehicle (at simulation time 50.002,400,000 s)
2024-06-03 18:35:12,671 INFO  - Recending a message from other vehicle (at simulation time 50.002,400,000 s)
2024-06-03 18:35:12,671 INFO  - Recieve a message from other vehicle (at simulation time 50.002,400,000 s)
2024-06-03 18:35:12,671 INFO  - I'm in better position but no more hops in message (at simulation time 50.002,400,000 s)
2024-06-03 18:35:12,672 INFO  - Recieve a message from other vehicle (at simulation time 50.002,800,000 s)
2024-06-03 18:35:12,672 INFO  - I'm in better position but no more hops in message (at simulation time 50.002,800,000 s)
2024-06-03 18:35:12,675 INFO  - Recieve a message from RSU (at simulation time 50.331,290,933 s)
2024-06-03 18:35:12,675 INFO  - RSU Stopped me!!! (at simulation time 50.331,290,933 s)
2024-06-03 18:35:12,676 INFO  - Recieve a message from RSU (at simulation time 50.342,343,318 s)
2024-06-03 18:35:12,862 INFO  - Called #onVehicleUpdated (at simulation time 51.000,000,000 s)
2024-06-03 18:35:12,862 INFO  - Sending out DENM broadcast (at simulation time 51.000,000,000 s)
2024-06-03 18:35:12,862 INFO  - Sending out AdHoc broadcast (at simulation time 51.000,000,000 s)
2024-06-03 18:35:12,862 INFO  - Sending out AdHoc broadcast (at simulation time 51.000,000,000 s)
2024-06-03 18:35:12,862 INFO  - Sending out AdHoc broadcast (at simulation time 51.000,000,000 s)
2024-06-03 18:35:12,862 INFO  - Sending out AdHoc broadcast (at simulation time 51.000,000,000 s)
2024-06-03 18:35:12,865 INFO  - Recieve a message from other vehicle (at simulation time 51.000,400,000 s)
2024-06-03 18:35:12,865 INFO  - I'm in better position but no more hops in message (at simulation time 51.000,400,000 s)
2024-06-03 18:35:12,865 INFO  - Recieve a message from other vehicle (at simulation time 51.000,800,000 s)
2024-06-03 18:35:12,865 INFO  - DENM message Recived from veh_9 -info : seco (at simulation time 51.000,800,000 s)
2024-06-03 18:35:12,865 INFO  - No more hops in DENM message (at simulation time 51.000,800,000 s)
2024-06-03 18:35:12,866 INFO  - Recieve a message from other vehicle (at simulation time 51.000,900,000 s)
2024-06-03 18:35:12,866 INFO  - DENM message Recived from veh_7 -info : seco (at simulation time 51.000,900,000 s)
2024-06-03 18:35:12,866 INFO  - No more hops in DENM message (at simulation time 51.000,900,000 s)
2024-06-03 18:35:12,866 INFO  - Recieve a message from other vehicle (at simulation time 51.000,900,000 s)
2024-06-03 18:35:12,866 INFO  - I'm in better position but no more hops in message (at simulation time 51.000,900,000 s)
2024-06-03 18:35:12,866 INFO  - Recieve a message from other vehicle (at simulation time 51.000,900,000 s)
2024-06-03 18:35:12,866 INFO  - I'm in better position but no more hops in message (at simulation time 51.000,900,000 s)
2024-06-03 18:35:12,867 INFO  - Recieve a message from other vehicle (at simulation time 51.001,400,000 s)
2024-06-03 18:35:12,867 INFO  - DENM message Recived from veh_11 -info : seco (at simulation time 51.001,400,000 s)
2024-06-03 18:35:12,867 INFO  - Recending a DENM message from other vehicle (at simulation time 51.001,400,000 s)
2024-06-03 18:35:12,867 INFO  - Recieve a message from other vehicle (at simulation time 51.001,400,000 s)
2024-06-03 18:35:12,867 INFO  - I'm in better position but no more hops in message (at simulation time 51.001,400,000 s)
2024-06-03 18:35:12,870 INFO  - Recieve a message from other vehicle (at simulation time 51.001,900,000 s)
2024-06-03 18:35:12,870 INFO  - I'm in better position but no more hops in message (at simulation time 51.001,900,000 s)
2024-06-03 18:35:12,870 INFO  - Recieve a message from other vehicle (at simulation time 51.001,900,000 s)
2024-06-03 18:35:12,870 INFO  - I'm in better position but no more hops in message (at simulation time 51.001,900,000 s)
2024-06-03 18:35:12,870 INFO  - Recieve a message from other vehicle (at simulation time 51.001,900,000 s)
2024-06-03 18:35:12,870 INFO  - I'm in better position but no more hops in message (at simulation time 51.001,900,000 s)
2024-06-03 18:35:12,870 INFO  - Recieve a message from other vehicle (at simulation time 51.001,900,000 s)
2024-06-03 18:35:12,870 INFO  - I'm in better position but no more hops in message (at simulation time 51.001,900,000 s)
2024-06-03 18:35:12,871 INFO  - Recieve a message from other vehicle (at simulation time 51.002,300,000 s)
2024-06-03 18:35:12,871 INFO  - DENM message Recived from veh_7 -info : seco (at simulation time 51.002,300,000 s)
2024-06-03 18:35:12,871 INFO  - No more hops in DENM message (at simulation time 51.002,300,000 s)
2024-06-03 18:35:12,871 INFO  - Recieve a message from other vehicle (at simulation time 51.002,300,000 s)
2024-06-03 18:35:12,871 INFO  - DENM message Recived from veh_6 -info : piso-molhado (at simulation time 51.002,300,000 s)
2024-06-03 18:35:12,871 INFO  - I slow down due to road state (at simulation time 51.002,300,000 s)
2024-06-03 18:35:12,871 INFO  - No more hops in DENM message (at simulation time 51.002,300,000 s)
2024-06-03 18:35:12,872 INFO  - Recieve a message from other vehicle (at simulation time 51.002,400,000 s)
2024-06-03 18:35:12,872 INFO  - DENM message Recived from veh_6 -info : piso-molhado (at simulation time 51.002,400,000 s)
2024-06-03 18:35:12,872 INFO  - I slow down due to road state (at simulation time 51.002,400,000 s)
2024-06-03 18:35:12,872 INFO  - No more hops in DENM message (at simulation time 51.002,400,000 s)
2024-06-03 18:35:12,872 INFO  - Recieve a message from other vehicle (at simulation time 51.002,400,000 s)
2024-06-03 18:35:12,872 INFO  - I'm in better position but no more hops in message (at simulation time 51.002,400,000 s)
2024-06-03 18:35:12,874 INFO  - Recieve a message from RSU (at simulation time 51.023,822,148 s)
2024-06-03 18:35:12,874 INFO  - Recieve a message from RSU (at simulation time 51.027,201,992 s)
2024-06-03 18:35:12,875 INFO  - Recieve a message from RSU (at simulation time 51.727,285,964 s)
2024-06-03 18:35:12,875 INFO  - Recieve a message from RSU (at simulation time 51.731,958,939 s)
2024-06-03 18:35:13,062 INFO  - Called #onVehicleUpdated (at simulation time 52.000,000,000 s)
2024-06-03 18:35:13,062 INFO  - Sending out AdHoc broadcast (at simulation time 52.000,000,000 s)
2024-06-03 18:35:13,063 INFO  - Sending out AdHoc broadcast (at simulation time 52.000,000,000 s)
2024-06-03 18:35:13,063 INFO  - Sending out AdHoc broadcast (at simulation time 52.000,000,000 s)
2024-06-03 18:35:13,064 INFO  - Recieve a message from other vehicle (at simulation time 52.000,400,000 s)
2024-06-03 18:35:13,064 INFO  - Recending a message from other vehicle (at simulation time 52.000,400,000 s)
2024-06-03 18:35:13,064 INFO  - Recieve a message from other vehicle (at simulation time 52.000,400,000 s)
2024-06-03 18:35:13,064 INFO  - I'm in better position but no more hops in message (at simulation time 52.000,400,000 s)
2024-06-03 18:35:13,066 INFO  - Recieve a message from other vehicle (at simulation time 52.000,900,000 s)
2024-06-03 18:35:13,066 INFO  - DENM message Recived from veh_8 -info : seco (at simulation time 52.000,900,000 s)
2024-06-03 18:35:13,066 INFO  - No more hops in DENM message (at simulation time 52.000,900,000 s)
2024-06-03 18:35:13,066 INFO  - Recieve a message from other vehicle (at simulation time 52.000,900,000 s)
2024-06-03 18:35:13,066 INFO  - DENM message Recived from veh_10 -info : seco (at simulation time 52.000,900,000 s)
2024-06-03 18:35:13,066 INFO  - No more hops in DENM message (at simulation time 52.000,900,000 s)
2024-06-03 18:35:13,066 INFO  - Recieve a message from other vehicle (at simulation time 52.000,900,000 s)
2024-06-03 18:35:13,066 INFO  - I'm in better position but no more hops in message (at simulation time 52.000,900,000 s)
2024-06-03 18:35:13,067 INFO  - Recieve a message from other vehicle (at simulation time 52.001,300,000 s)
2024-06-03 18:35:13,067 INFO  - I'm in better position but no more hops in message (at simulation time 52.001,300,000 s)
2024-06-03 18:35:13,068 INFO  - Recieve a message from other vehicle (at simulation time 52.001,400,000 s)
2024-06-03 18:35:13,068 INFO  - I'm in better position but no more hops in message (at simulation time 52.001,400,000 s)
2024-06-03 18:35:13,068 INFO  - Recieve a message from other vehicle (at simulation time 52.001,400,000 s)
2024-06-03 18:35:13,068 INFO  - I'm in better position but no more hops in message (at simulation time 52.001,400,000 s)
2024-06-03 18:35:13,068 INFO  - Recieve a message from other vehicle (at simulation time 52.001,400,000 s)
2024-06-03 18:35:13,068 INFO  - I'm in better position but no more hops in message (at simulation time 52.001,400,000 s)
2024-06-03 18:35:13,068 INFO  - Recieve a message from other vehicle (at simulation time 52.001,800,000 s)
2024-06-03 18:35:13,068 INFO  - DENM message Recived from veh_8 -info : seco (at simulation time 52.001,800,000 s)
2024-06-03 18:35:13,068 INFO  - No more hops in DENM message (at simulation time 52.001,800,000 s)
2024-06-03 18:35:13,068 INFO  - Recieve a message from other vehicle (at simulation time 52.001,800,000 s)
2024-06-03 18:35:13,068 INFO  - DENM message Recived from veh_10 -info : seco (at simulation time 52.001,800,000 s)
2024-06-03 18:35:13,068 INFO  - No more hops in DENM message (at simulation time 52.001,800,000 s)
2024-06-03 18:35:13,069 INFO  - Recieve a message from other vehicle (at simulation time 52.001,900,000 s)
2024-06-03 18:35:13,069 INFO  - I'm in better position but no more hops in message (at simulation time 52.001,900,000 s)
2024-06-03 18:35:13,069 INFO  - Recieve a message from other vehicle (at simulation time 52.001,900,000 s)
2024-06-03 18:35:13,069 INFO  - I'm in better position but no more hops in message (at simulation time 52.001,900,000 s)
2024-06-03 18:35:13,069 INFO  - Recieve a message from other vehicle (at simulation time 52.001,900,000 s)
2024-06-03 18:35:13,069 INFO  - I'm in better position but no more hops in message (at simulation time 52.001,900,000 s)
2024-06-03 18:35:13,069 INFO  - Recieve a message from other vehicle (at simulation time 52.002,300,000 s)
2024-06-03 18:35:13,069 INFO  - I'm in better position but no more hops in message (at simulation time 52.002,300,000 s)
2024-06-03 18:35:13,070 INFO  - Recieve a message from other vehicle (at simulation time 52.002,400,000 s)
2024-06-03 18:35:13,070 INFO  - I'm in better position but no more hops in message (at simulation time 52.002,400,000 s)
2024-06-03 18:35:13,071 INFO  - Recieve a message from RSU (at simulation time 52.412,824,273 s)
2024-06-03 18:35:13,072 INFO  - Recieve a message from RSU (at simulation time 52.432,896,642 s)
2024-06-03 18:35:13,261 INFO  - Called #onVehicleUpdated (at simulation time 53.000,000,000 s)
2024-06-03 18:35:13,262 INFO  - Sending out AdHoc broadcast (at simulation time 53.000,000,000 s)
2024-06-03 18:35:13,262 INFO  - Sending out AdHoc broadcast (at simulation time 53.000,000,000 s)
2024-06-03 18:35:13,262 INFO  - Sending out AdHoc broadcast (at simulation time 53.000,000,000 s)
2024-06-03 18:35:13,262 INFO  - Sending out AdHoc broadcast (at simulation time 53.000,000,000 s)
2024-06-03 18:35:13,263 INFO  - Recieve a message from other vehicle (at simulation time 53.000,400,000 s)
2024-06-03 18:35:13,263 INFO  - My position is not better! (at simulation time 53.000,400,000 s)
2024-06-03 18:35:13,264 INFO  - Recieve a message from other vehicle (at simulation time 53.000,400,000 s)
2024-06-03 18:35:13,264 INFO  - I'm in better position but no more hops in message (at simulation time 53.000,400,000 s)
2024-06-03 18:35:13,264 INFO  - Recieve a message from other vehicle (at simulation time 53.000,400,000 s)
2024-06-03 18:35:13,264 INFO  - I'm in better position but no more hops in message (at simulation time 53.000,400,000 s)
2024-06-03 18:35:13,264 INFO  - Recieve a message from other vehicle (at simulation time 53.000,400,000 s)
2024-06-03 18:35:13,264 INFO  - I'm in better position but no more hops in message (at simulation time 53.000,400,000 s)
2024-06-03 18:35:13,265 INFO  - Recieve a message from other vehicle (at simulation time 53.000,900,000 s)
2024-06-03 18:35:13,265 INFO  - I'm in better position but no more hops in message (at simulation time 53.000,900,000 s)
2024-06-03 18:35:13,265 INFO  - Recieve a message from other vehicle (at simulation time 53.000,900,000 s)
2024-06-03 18:35:13,265 INFO  - My position is not better! (at simulation time 53.000,900,000 s)
2024-06-03 18:35:13,265 INFO  - Recieve a message from other vehicle (at simulation time 53.000,900,000 s)
2024-06-03 18:35:13,265 INFO  - My position is not better! (at simulation time 53.000,900,000 s)
2024-06-03 18:35:13,266 INFO  - Recieve a message from other vehicle (at simulation time 53.001,400,000 s)
2024-06-03 18:35:13,266 INFO  - I'm in better position but no more hops in message (at simulation time 53.001,400,000 s)
2024-06-03 18:35:13,267 INFO  - Recieve a message from other vehicle (at simulation time 53.002,400,000 s)
2024-06-03 18:35:13,267 INFO  - My position is not better! (at simulation time 53.002,400,000 s)
2024-06-03 18:35:13,268 INFO  - Recieve a message from RSU (at simulation time 53.131,515,601 s)
2024-06-03 18:35:13,268 INFO  - Recieve a message from RSU (at simulation time 53.182,811,805 s)
2024-06-03 18:35:13,268 INFO  - Recieve a message from RSU (at simulation time 53.812,833,121 s)
2024-06-03 18:35:13,268 INFO  - Recieve a message from RSU (at simulation time 53.841,905,795 s)
2024-06-03 18:35:13,461 INFO  - Called #onVehicleUpdated (at simulation time 54.000,000,000 s)
2024-06-03 18:35:13,461 INFO  - Sending out AdHoc broadcast (at simulation time 54.000,000,000 s)
2024-06-03 18:35:13,461 INFO  - Sending out AdHoc broadcast (at simulation time 54.000,000,000 s)
2024-06-03 18:35:13,461 INFO  - Sending out AdHoc broadcast (at simulation time 54.000,000,000 s)
2024-06-03 18:35:13,461 INFO  - Recieve a message from other vehicle (at simulation time 54.000,400,000 s)
2024-06-03 18:35:13,461 INFO  - My position is not better! (at simulation time 54.000,400,000 s)
2024-06-03 18:35:13,461 INFO  - Recieve a message from other vehicle (at simulation time 54.000,400,000 s)
2024-06-03 18:35:13,461 INFO  - My position is not better! (at simulation time 54.000,400,000 s)
2024-06-03 18:35:13,461 INFO  - Recieve a message from other vehicle (at simulation time 54.000,400,000 s)
2024-06-03 18:35:13,461 INFO  - I'm in better position but no more hops in message (at simulation time 54.000,400,000 s)
2024-06-03 18:35:13,462 INFO  - Recieve a message from other vehicle (at simulation time 54.000,900,000 s)
2024-06-03 18:35:13,462 INFO  - My position is not better! (at simulation time 54.000,900,000 s)
2024-06-03 18:35:13,462 INFO  - Recieve a message from other vehicle (at simulation time 54.001,400,000 s)
2024-06-03 18:35:13,462 INFO  - My position is not better! (at simulation time 54.001,400,000 s)
2024-06-03 18:35:13,462 INFO  - Recieve a message from other vehicle (at simulation time 54.001,400,000 s)
2024-06-03 18:35:13,462 INFO  - My position is not better! (at simulation time 54.001,400,000 s)
2024-06-03 18:35:13,462 INFO  - Recieve a message from other vehicle (at simulation time 54.001,800,000 s)
2024-06-03 18:35:13,462 INFO  - My position is not better! (at simulation time 54.001,800,000 s)
2024-06-03 18:35:13,462 INFO  - Recieve a message from other vehicle (at simulation time 54.001,900,000 s)
2024-06-03 18:35:13,462 INFO  - My position is not better! (at simulation time 54.001,900,000 s)
2024-06-03 18:35:13,462 INFO  - Recieve a message from other vehicle (at simulation time 54.001,900,000 s)
2024-06-03 18:35:13,462 INFO  - My position is not better! (at simulation time 54.001,900,000 s)
2024-06-03 18:35:13,462 INFO  - Recieve a message from other vehicle (at simulation time 54.002,300,000 s)
2024-06-03 18:35:13,462 INFO  - My position is not better! (at simulation time 54.002,300,000 s)
2024-06-03 18:35:13,462 INFO  - Recieve a message from other vehicle (at simulation time 54.002,400,000 s)
2024-06-03 18:35:13,462 INFO  - I'm in better position but no more hops in message (at simulation time 54.002,400,000 s)
2024-06-03 18:35:13,462 INFO  - Recieve a message from other vehicle (at simulation time 54.002,400,000 s)
2024-06-03 18:35:13,462 INFO  - I'm in better position but no more hops in message (at simulation time 54.002,400,000 s)
2024-06-03 18:35:13,463 INFO  - Recieve a message from other vehicle (at simulation time 54.003,300,000 s)
2024-06-03 18:35:13,463 INFO  - My position is not better! (at simulation time 54.003,300,000 s)
2024-06-03 18:35:13,463 INFO  - Recieve a message from RSU (at simulation time 54.517,513,152 s)
2024-06-03 18:35:13,463 INFO  - Recieve a message from RSU (at simulation time 54.534,107,419 s)
2024-06-03 18:35:13,664 INFO  - Called #onVehicleUpdated (at simulation time 55.000,000,000 s)
2024-06-03 18:35:13,664 INFO  - Sending out AdHoc broadcast (at simulation time 55.000,000,000 s)
2024-06-03 18:35:13,664 INFO  - Sending out AdHoc broadcast (at simulation time 55.000,000,000 s)
2024-06-03 18:35:13,664 INFO  - Sending out AdHoc broadcast (at simulation time 55.000,000,000 s)
2024-06-03 18:35:13,665 INFO  - Sending out AdHoc broadcast (at simulation time 55.000,000,000 s)
2024-06-03 18:35:13,666 INFO  - Recieve a message from other vehicle (at simulation time 55.000,400,000 s)
2024-06-03 18:35:13,666 INFO  - My position is not better! (at simulation time 55.000,400,000 s)
2024-06-03 18:35:13,666 INFO  - Recieve a message from other vehicle (at simulation time 55.000,400,000 s)
2024-06-03 18:35:13,666 INFO  - My position is not better! (at simulation time 55.000,400,000 s)
2024-06-03 18:35:13,667 INFO  - Recieve a message from other vehicle (at simulation time 55.000,800,000 s)
2024-06-03 18:35:13,667 INFO  - My position is not better! (at simulation time 55.000,800,000 s)
2024-06-03 18:35:13,667 INFO  - Recieve a message from other vehicle (at simulation time 55.000,900,000 s)
2024-06-03 18:35:13,667 INFO  - My position is not better! (at simulation time 55.000,900,000 s)
2024-06-03 18:35:13,667 INFO  - Recieve a message from other vehicle (at simulation time 55.001,400,000 s)
2024-06-03 18:35:13,667 INFO  - My position is not better! (at simulation time 55.001,400,000 s)
2024-06-03 18:35:13,667 INFO  - Recieve a message from other vehicle (at simulation time 55.001,400,000 s)
2024-06-03 18:35:13,667 INFO  - My position is not better! (at simulation time 55.001,400,000 s)
2024-06-03 18:35:13,667 INFO  - Recieve a message from other vehicle (at simulation time 55.001,400,000 s)
2024-06-03 18:35:13,667 INFO  - My position is not better! (at simulation time 55.001,400,000 s)
2024-06-03 18:35:13,667 INFO  - Recieve a message from other vehicle (at simulation time 55.001,400,000 s)
2024-06-03 18:35:13,667 INFO  - My position is not better! (at simulation time 55.001,400,000 s)
2024-06-03 18:35:13,668 INFO  - Recieve a message from other vehicle (at simulation time 55.002,300,000 s)
2024-06-03 18:35:13,668 INFO  - My position is not better! (at simulation time 55.002,300,000 s)
2024-06-03 18:35:13,668 INFO  - Recieve a message from other vehicle (at simulation time 55.002,300,000 s)
2024-06-03 18:35:13,668 INFO  - My position is not better! (at simulation time 55.002,300,000 s)
2024-06-03 18:35:13,668 INFO  - Recieve a message from other vehicle (at simulation time 55.002,300,000 s)
2024-06-03 18:35:13,668 INFO  - My position is not better! (at simulation time 55.002,300,000 s)
2024-06-03 18:35:13,668 INFO  - Recieve a message from other vehicle (at simulation time 55.002,400,000 s)
2024-06-03 18:35:13,668 INFO  - My position is not better! (at simulation time 55.002,400,000 s)
2024-06-03 18:35:13,668 INFO  - Recieve a message from other vehicle (at simulation time 55.002,400,000 s)
2024-06-03 18:35:13,668 INFO  - My position is not better! (at simulation time 55.002,400,000 s)
2024-06-03 18:35:13,668 INFO  - Recieve a message from other vehicle (at simulation time 55.002,800,000 s)
2024-06-03 18:35:13,668 INFO  - My position is not better! (at simulation time 55.002,800,000 s)
2024-06-03 18:35:13,668 INFO  - Recieve a message from other vehicle (at simulation time 55.002,800,000 s)
2024-06-03 18:35:13,668 INFO  - My position is not better! (at simulation time 55.002,800,000 s)
2024-06-03 18:35:13,669 INFO  - Recieve a message from other vehicle (at simulation time 55.003,300,000 s)
2024-06-03 18:35:13,669 INFO  - My position is not better! (at simulation time 55.003,300,000 s)
2024-06-03 18:35:13,669 INFO  - Recieve a message from other vehicle (at simulation time 55.004,300,000 s)
2024-06-03 18:35:13,669 INFO  - My position is not better! (at simulation time 55.004,300,000 s)
2024-06-03 18:35:13,669 INFO  - Recieve a message from RSU (at simulation time 55.216,198,337 s)
2024-06-03 18:35:13,669 INFO  - Recieve a message from RSU (at simulation time 55.238,313,866 s)
2024-06-03 18:35:13,670 INFO  - Recieve a message from RSU (at simulation time 55.932,189,571 s)
2024-06-03 18:35:13,670 INFO  - Recieve a message from RSU (at simulation time 55.946,472,445 s)
2024-06-03 18:35:13,863 INFO  - Called #onVehicleUpdated (at simulation time 56.000,000,000 s)
2024-06-03 18:35:13,864 INFO  - Sending out AdHoc broadcast (at simulation time 56.000,000,000 s)
2024-06-03 18:35:13,864 INFO  - Sending out AdHoc broadcast (at simulation time 56.000,000,000 s)
2024-06-03 18:35:13,864 INFO  - Sending out AdHoc broadcast (at simulation time 56.000,000,000 s)
2024-06-03 18:35:13,867 INFO  - Recieve a message from other vehicle (at simulation time 56.000,400,000 s)
2024-06-03 18:35:13,867 INFO  - My position is not better! (at simulation time 56.000,400,000 s)
2024-06-03 18:35:13,868 INFO  - Recieve a message from other vehicle (at simulation time 56.000,900,000 s)
2024-06-03 18:35:13,868 INFO  - My position is not better! (at simulation time 56.000,900,000 s)
2024-06-03 18:35:13,869 INFO  - Recieve a message from other vehicle (at simulation time 56.001,300,000 s)
2024-06-03 18:35:13,869 INFO  - My position is not better! (at simulation time 56.001,300,000 s)
2024-06-03 18:35:13,869 INFO  - Recieve a message from other vehicle (at simulation time 56.001,300,000 s)
2024-06-03 18:35:13,869 INFO  - My position is not better! (at simulation time 56.001,300,000 s)
2024-06-03 18:35:13,869 INFO  - Recieve a message from other vehicle (at simulation time 56.001,400,000 s)
2024-06-03 18:35:13,869 INFO  - My position is not better! (at simulation time 56.001,400,000 s)
2024-06-03 18:35:13,869 INFO  - Recieve a message from other vehicle (at simulation time 56.001,400,000 s)
2024-06-03 18:35:13,869 INFO  - My position is not better! (at simulation time 56.001,400,000 s)
2024-06-03 18:35:13,869 INFO  - Recieve a message from other vehicle (at simulation time 56.001,400,000 s)
2024-06-03 18:35:13,870 INFO  - My position is not better! (at simulation time 56.001,400,000 s)
2024-06-03 18:35:13,871 INFO  - Recieve a message from other vehicle (at simulation time 56.001,900,000 s)
2024-06-03 18:35:13,871 INFO  - My position is not better! (at simulation time 56.001,900,000 s)
2024-06-03 18:35:13,871 INFO  - Recieve a message from other vehicle (at simulation time 56.002,300,000 s)
2024-06-03 18:35:13,871 INFO  - My position is not better! (at simulation time 56.002,300,000 s)
2024-06-03 18:35:13,872 INFO  - Recieve a message from other vehicle (at simulation time 56.002,300,000 s)
2024-06-03 18:35:13,872 INFO  - My position is not better! (at simulation time 56.002,300,000 s)
2024-06-03 18:35:13,872 INFO  - Recieve a message from other vehicle (at simulation time 56.002,400,000 s)
2024-06-03 18:35:13,872 INFO  - My position is not better! (at simulation time 56.002,400,000 s)
2024-06-03 18:35:13,872 INFO  - Recieve a message from other vehicle (at simulation time 56.002,400,000 s)
2024-06-03 18:35:13,872 INFO  - My position is not better! (at simulation time 56.002,400,000 s)
2024-06-03 18:35:13,872 INFO  - Recieve a message from other vehicle (at simulation time 56.002,400,000 s)
2024-06-03 18:35:13,872 INFO  - My position is not better! (at simulation time 56.002,400,000 s)
2024-06-03 18:35:13,872 INFO  - Recieve a message from other vehicle (at simulation time 56.002,400,000 s)
2024-06-03 18:35:13,872 INFO  - My position is not better! (at simulation time 56.002,400,000 s)
2024-06-03 18:35:13,872 INFO  - Recieve a message from other vehicle (at simulation time 56.002,800,000 s)
2024-06-03 18:35:13,872 INFO  - My position is not better! (at simulation time 56.002,800,000 s)
2024-06-03 18:35:13,873 INFO  - Recieve a message from other vehicle (at simulation time 56.002,800,000 s)
2024-06-03 18:35:13,873 INFO  - My position is not better! (at simulation time 56.002,800,000 s)
2024-06-03 18:35:13,873 INFO  - Recieve a message from other vehicle (at simulation time 56.003,300,000 s)
2024-06-03 18:35:13,873 INFO  - My position is not better! (at simulation time 56.003,300,000 s)
2024-06-03 18:35:14,063 INFO  - Called #onVehicleUpdated (at simulation time 57.000,000,000 s)
2024-06-03 18:35:14,063 INFO  - Sending out AdHoc broadcast (at simulation time 57.000,000,000 s)
2024-06-03 18:35:14,063 INFO  - Sending out AdHoc broadcast (at simulation time 57.000,000,000 s)
2024-06-03 18:35:14,063 INFO  - Sending out AdHoc broadcast (at simulation time 57.000,000,000 s)
2024-06-03 18:35:14,063 INFO  - Sending out AdHoc broadcast (at simulation time 57.000,000,000 s)
2024-06-03 18:35:14,065 INFO  - Recieve a message from other vehicle (at simulation time 57.000,400,000 s)
2024-06-03 18:35:14,065 INFO  - My position is not better! (at simulation time 57.000,400,000 s)
2024-06-03 18:35:14,065 INFO  - Recieve a message from other vehicle (at simulation time 57.000,400,000 s)
2024-06-03 18:35:14,065 INFO  - My position is not better! (at simulation time 57.000,400,000 s)
2024-06-03 18:35:14,066 INFO  - Recieve a message from other vehicle (at simulation time 57.000,800,000 s)
2024-06-03 18:35:14,066 INFO  - My position is not better! (at simulation time 57.000,800,000 s)
2024-06-03 18:35:14,066 INFO  - Recieve a message from other vehicle (at simulation time 57.000,800,000 s)
2024-06-03 18:35:14,066 INFO  - My position is not better! (at simulation time 57.000,800,000 s)
2024-06-03 18:35:14,066 INFO  - Recieve a message from other vehicle (at simulation time 57.000,900,000 s)
2024-06-03 18:35:14,066 INFO  - My position is not better! (at simulation time 57.000,900,000 s)
2024-06-03 18:35:14,066 INFO  - Recieve a message from other vehicle (at simulation time 57.000,900,000 s)
2024-06-03 18:35:14,066 INFO  - My position is not better! (at simulation time 57.000,900,000 s)
2024-06-03 18:35:14,067 INFO  - Recieve a message from other vehicle (at simulation time 57.001,300,000 s)
2024-06-03 18:35:14,067 INFO  - My position is not better! (at simulation time 57.001,300,000 s)
2024-06-03 18:35:14,067 INFO  - Recieve a message from other vehicle (at simulation time 57.001,400,000 s)
2024-06-03 18:35:14,067 INFO  - My position is not better! (at simulation time 57.001,400,000 s)
2024-06-03 18:35:14,068 INFO  - Recieve a message from other vehicle (at simulation time 57.001,400,000 s)
2024-06-03 18:35:14,068 INFO  - My position is not better! (at simulation time 57.001,400,000 s)
2024-06-03 18:35:14,068 INFO  - Recieve a message from other vehicle (at simulation time 57.001,800,000 s)
2024-06-03 18:35:14,068 INFO  - My position is not better! (at simulation time 57.001,800,000 s)
2024-06-03 18:35:14,068 INFO  - Recieve a message from other vehicle (at simulation time 57.001,800,000 s)
2024-06-03 18:35:14,068 INFO  - My position is not better! (at simulation time 57.001,800,000 s)
2024-06-03 18:35:14,068 INFO  - Recieve a message from other vehicle (at simulation time 57.001,900,000 s)
2024-06-03 18:35:14,068 INFO  - My position is not better! (at simulation time 57.001,900,000 s)
2024-06-03 18:35:14,068 INFO  - Recieve a message from other vehicle (at simulation time 57.001,900,000 s)
2024-06-03 18:35:14,069 INFO  - My position is not better! (at simulation time 57.001,900,000 s)
2024-06-03 18:35:14,069 INFO  - Recieve a message from other vehicle (at simulation time 57.002,400,000 s)
2024-06-03 18:35:14,069 INFO  - My position is not better! (at simulation time 57.002,400,000 s)
2024-06-03 18:35:14,069 INFO  - Recieve a message from other vehicle (at simulation time 57.002,800,000 s)
2024-06-03 18:35:14,069 INFO  - My position is not better! (at simulation time 57.002,800,000 s)
2024-06-03 18:35:14,070 INFO  - Recieve a message from other vehicle (at simulation time 57.002,800,000 s)
2024-06-03 18:35:14,070 INFO  - My position is not better! (at simulation time 57.002,800,000 s)
2024-06-03 18:35:14,070 INFO  - Recieve a message from other vehicle (at simulation time 57.003,300,000 s)
2024-06-03 18:35:14,070 INFO  - My position is not better! (at simulation time 57.003,300,000 s)
2024-06-03 18:35:14,070 INFO  - Recieve a message from other vehicle (at simulation time 57.003,800,000 s)
2024-06-03 18:35:14,070 INFO  - My position is not better! (at simulation time 57.003,800,000 s)
2024-06-03 18:35:14,263 INFO  - Called #onVehicleUpdated (at simulation time 58.000,000,000 s)
2024-06-03 18:35:14,264 INFO  - Sending out AdHoc broadcast (at simulation time 58.000,000,000 s)
2024-06-03 18:35:14,264 INFO  - Sending out AdHoc broadcast (at simulation time 58.000,000,000 s)
2024-06-03 18:35:14,264 INFO  - Sending out AdHoc broadcast (at simulation time 58.000,000,000 s)
2024-06-03 18:35:14,287 INFO  - Recieve a message from other vehicle (at simulation time 58.000,400,000 s)
2024-06-03 18:35:14,288 INFO  - My position is not better! (at simulation time 58.000,400,000 s)
2024-06-03 18:35:14,289 INFO  - Recieve a message from other vehicle (at simulation time 58.000,400,000 s)
2024-06-03 18:35:14,289 INFO  - My position is not better! (at simulation time 58.000,400,000 s)
2024-06-03 18:35:14,289 INFO  - Recieve a message from other vehicle (at simulation time 58.000,400,000 s)
2024-06-03 18:35:14,289 INFO  - My position is not better! (at simulation time 58.000,400,000 s)
2024-06-03 18:35:14,289 INFO  - Recieve a message from other vehicle (at simulation time 58.000,400,000 s)
2024-06-03 18:35:14,289 INFO  - My position is not better! (at simulation time 58.000,400,000 s)
2024-06-03 18:35:14,290 INFO  - Recieve a message from other vehicle (at simulation time 58.000,800,000 s)
2024-06-03 18:35:14,290 INFO  - I'm in better position but no more hops in message (at simulation time 58.000,800,000 s)
2024-06-03 18:35:14,290 INFO  - Recieve a message from other vehicle (at simulation time 58.000,800,000 s)
2024-06-03 18:35:14,290 INFO  - My position is not better! (at simulation time 58.000,800,000 s)
2024-06-03 18:35:14,290 INFO  - Recieve a message from other vehicle (at simulation time 58.000,800,000 s)
2024-06-03 18:35:14,290 INFO  - My position is not better! (at simulation time 58.000,800,000 s)
2024-06-03 18:35:14,290 INFO  - Recieve a message from other vehicle (at simulation time 58.000,900,000 s)
2024-06-03 18:35:14,290 INFO  - My position is not better! (at simulation time 58.000,900,000 s)
2024-06-03 18:35:14,290 INFO  - Recieve a message from other vehicle (at simulation time 58.000,900,000 s)
2024-06-03 18:35:14,290 INFO  - My position is not better! (at simulation time 58.000,900,000 s)
2024-06-03 18:35:14,291 INFO  - Recieve a message from other vehicle (at simulation time 58.001,400,000 s)
2024-06-03 18:35:14,291 INFO  - My position is not better! (at simulation time 58.001,400,000 s)
2024-06-03 18:35:14,291 INFO  - Recieve a message from other vehicle (at simulation time 58.001,800,000 s)
2024-06-03 18:35:14,291 INFO  - I'm in better position but no more hops in message (at simulation time 58.001,800,000 s)
2024-06-03 18:35:14,292 INFO  - Recieve a message from other vehicle (at simulation time 58.002,300,000 s)
2024-06-03 18:35:14,292 INFO  - My position is not better! (at simulation time 58.002,300,000 s)
2024-06-03 18:35:14,292 INFO  - Recieve a message from other vehicle (at simulation time 58.002,300,000 s)
2024-06-03 18:35:14,292 INFO  - My position is not better! (at simulation time 58.002,300,000 s)
2024-06-03 18:35:14,292 INFO  - Recieve a message from other vehicle (at simulation time 58.002,800,000 s)
2024-06-03 18:35:14,292 INFO  - My position is not better! (at simulation time 58.002,800,000 s)
2024-06-03 18:35:14,293 INFO  - Recieve a message from other vehicle (at simulation time 58.003,300,000 s)
2024-06-03 18:35:14,293 INFO  - My position is not better! (at simulation time 58.003,300,000 s)
2024-06-03 18:35:14,293 INFO  - Recieve a message from other vehicle (at simulation time 58.003,300,000 s)
2024-06-03 18:35:14,293 INFO  - I'm in better position but no more hops in message (at simulation time 58.003,300,000 s)
2024-06-03 18:35:14,462 INFO  - Called #onVehicleUpdated (at simulation time 59.000,000,000 s)
2024-06-03 18:35:14,462 INFO  - Sending out AdHoc broadcast (at simulation time 59.000,000,000 s)
2024-06-03 18:35:14,462 INFO  - Sending out AdHoc broadcast (at simulation time 59.000,000,000 s)
2024-06-03 18:35:14,462 INFO  - Sending out AdHoc broadcast (at simulation time 59.000,000,000 s)
2024-06-03 18:35:14,463 INFO  - Sending out AdHoc broadcast (at simulation time 59.000,000,000 s)
2024-06-03 18:35:14,463 INFO  - Recieve a message from other vehicle (at simulation time 59.000,400,000 s)
2024-06-03 18:35:14,463 INFO  - My position is not better! (at simulation time 59.000,400,000 s)
2024-06-03 18:35:14,463 INFO  - Recieve a message from other vehicle (at simulation time 59.000,400,000 s)
2024-06-03 18:35:14,463 INFO  - My position is not better! (at simulation time 59.000,400,000 s)
2024-06-03 18:35:14,464 INFO  - Recieve a message from other vehicle (at simulation time 59.000,800,000 s)
2024-06-03 18:35:14,464 INFO  - My position is not better! (at simulation time 59.000,800,000 s)
2024-06-03 18:35:14,465 INFO  - Recieve a message from other vehicle (at simulation time 59.001,800,000 s)
2024-06-03 18:35:14,465 INFO  - My position is not better! (at simulation time 59.001,800,000 s)
2024-06-03 18:35:14,465 INFO  - Recieve a message from other vehicle (at simulation time 59.001,900,000 s)
2024-06-03 18:35:14,465 INFO  - My position is not better! (at simulation time 59.001,900,000 s)
2024-06-03 18:35:14,466 INFO  - Recieve a message from other vehicle (at simulation time 59.002,300,000 s)
2024-06-03 18:35:14,466 INFO  - My position is not better! (at simulation time 59.002,300,000 s)
2024-06-03 18:35:14,466 INFO  - Recieve a message from other vehicle (at simulation time 59.002,400,000 s)
2024-06-03 18:35:14,466 INFO  - My position is not better! (at simulation time 59.002,400,000 s)
2024-06-03 18:35:14,467 INFO  - Recieve a message from other vehicle (at simulation time 59.003,300,000 s)
2024-06-03 18:35:14,467 INFO  - My position is not better! (at simulation time 59.003,300,000 s)
2024-06-03 18:35:14,467 INFO  - Recieve a message from other vehicle (at simulation time 59.004,300,000 s)
2024-06-03 18:35:14,467 INFO  - My position is not better! (at simulation time 59.004,300,000 s)
2024-06-03 18:35:14,664 INFO  - Called #onVehicleUpdated (at simulation time 60.000,000,000 s)
2024-06-03 18:35:14,665 INFO  - Sending out AdHoc broadcast (at simulation time 60.000,000,000 s)
2024-06-03 18:35:14,665 INFO  - Sending out AdHoc broadcast (at simulation time 60.000,000,000 s)
2024-06-03 18:35:14,665 INFO  - Sending out AdHoc broadcast (at simulation time 60.000,000,000 s)
2024-06-03 18:35:14,665 INFO  - Recieve a message from other vehicle (at simulation time 60.000,400,000 s)
2024-06-03 18:35:14,665 INFO  - My position is not better! (at simulation time 60.000,400,000 s)
2024-06-03 18:35:14,666 INFO  - Recieve a message from other vehicle (at simulation time 60.000,900,000 s)
2024-06-03 18:35:14,666 INFO  - My position is not better! (at simulation time 60.000,900,000 s)
2024-06-03 18:35:14,667 INFO  - Recieve a message from other vehicle (at simulation time 60.001,800,000 s)
2024-06-03 18:35:14,667 INFO  - My position is not better! (at simulation time 60.001,800,000 s)
2024-06-03 18:35:14,667 INFO  - Recieve a message from other vehicle (at simulation time 60.001,900,000 s)
2024-06-03 18:35:14,667 INFO  - My position is not better! (at simulation time 60.001,900,000 s)
2024-06-03 18:35:14,668 INFO  - Recieve a message from other vehicle (at simulation time 60.003,300,000 s)
2024-06-03 18:35:14,668 INFO  - My position is not better! (at simulation time 60.003,300,000 s)
2024-06-03 18:35:14,668 INFO  - Recieve a message from other vehicle (at simulation time 60.003,800,000 s)
2024-06-03 18:35:14,668 INFO  - My position is not better! (at simulation time 60.003,800,000 s)
2024-06-03 18:35:14,863 INFO  - Called #onVehicleUpdated (at simulation time 61.000,000,000 s)
2024-06-03 18:35:14,863 INFO  - Sending out AdHoc broadcast (at simulation time 61.000,000,000 s)
2024-06-03 18:35:14,863 INFO  - Sending out AdHoc broadcast (at simulation time 61.000,000,000 s)
2024-06-03 18:35:14,864 INFO  - Sending out AdHoc broadcast (at simulation time 61.000,000,000 s)
2024-06-03 18:35:14,864 INFO  - Sending out AdHoc broadcast (at simulation time 61.000,000,000 s)
2024-06-03 18:35:14,865 INFO  - Recieve a message from other vehicle (at simulation time 61.000,900,000 s)
2024-06-03 18:35:14,865 INFO  - My position is not better! (at simulation time 61.000,900,000 s)
2024-06-03 18:35:14,865 INFO  - Recieve a message from other vehicle (at simulation time 61.001,300,000 s)
2024-06-03 18:35:14,865 INFO  - My position is not better! (at simulation time 61.001,300,000 s)
2024-06-03 18:35:14,866 INFO  - Recieve a message from other vehicle (at simulation time 61.001,400,000 s)
2024-06-03 18:35:14,866 INFO  - My position is not better! (at simulation time 61.001,400,000 s)
2024-06-03 18:35:14,866 INFO  - Recieve a message from other vehicle (at simulation time 61.001,800,000 s)
2024-06-03 18:35:14,866 INFO  - My position is not better! (at simulation time 61.001,800,000 s)
2024-06-03 18:35:14,866 INFO  - Recieve a message from other vehicle (at simulation time 61.001,900,000 s)
2024-06-03 18:35:14,866 INFO  - My position is not better! (at simulation time 61.001,900,000 s)
2024-06-03 18:35:14,866 INFO  - Recieve a message from other vehicle (at simulation time 61.002,400,000 s)
2024-06-03 18:35:14,867 INFO  - My position is not better! (at simulation time 61.002,400,000 s)
2024-06-03 18:35:14,867 INFO  - Recieve a message from other vehicle (at simulation time 61.003,300,000 s)
2024-06-03 18:35:14,867 INFO  - My position is not better! (at simulation time 61.003,300,000 s)
2024-06-03 18:35:14,867 INFO  - Recieve a message from other vehicle (at simulation time 61.003,800,000 s)
2024-06-03 18:35:14,867 INFO  - My position is not better! (at simulation time 61.003,800,000 s)
2024-06-03 18:35:15,063 INFO  - Called #onVehicleUpdated (at simulation time 62.000,000,000 s)
2024-06-03 18:35:15,064 INFO  - Sending out AdHoc broadcast (at simulation time 62.000,000,000 s)
2024-06-03 18:35:15,064 INFO  - Sending out AdHoc broadcast (at simulation time 62.000,000,000 s)
2024-06-03 18:35:15,065 INFO  - Sending out AdHoc broadcast (at simulation time 62.000,000,000 s)
2024-06-03 18:35:15,066 INFO  - Recieve a message from other vehicle (at simulation time 62.000,400,000 s)
2024-06-03 18:35:15,066 INFO  - My position is not better! (at simulation time 62.000,400,000 s)
2024-06-03 18:35:15,066 INFO  - Recieve a message from other vehicle (at simulation time 62.000,800,000 s)
2024-06-03 18:35:15,066 INFO  - My position is not better! (at simulation time 62.000,800,000 s)
2024-06-03 18:35:15,066 INFO  - Recieve a message from other vehicle (at simulation time 62.000,900,000 s)
2024-06-03 18:35:15,066 INFO  - My position is not better! (at simulation time 62.000,900,000 s)
2024-06-03 18:35:15,066 INFO  - Recieve a message from other vehicle (at simulation time 62.001,300,000 s)
2024-06-03 18:35:15,066 INFO  - My position is not better! (at simulation time 62.001,300,000 s)
2024-06-03 18:35:15,066 INFO  - Recieve a message from other vehicle (at simulation time 62.001,400,000 s)
2024-06-03 18:35:15,066 INFO  - My position is not better! (at simulation time 62.001,400,000 s)
2024-06-03 18:35:15,068 INFO  - Recieve a message from other vehicle (at simulation time 62.004,300,000 s)
2024-06-03 18:35:15,068 INFO  - My position is not better! (at simulation time 62.004,300,000 s)
2024-06-03 18:35:15,262 INFO  - Called #onVehicleUpdated (at simulation time 63.000,000,000 s)
2024-06-03 18:35:15,262 INFO  - Sending out AdHoc broadcast (at simulation time 63.000,000,000 s)
2024-06-03 18:35:15,262 INFO  - Sending out AdHoc broadcast (at simulation time 63.000,000,000 s)
2024-06-03 18:35:15,262 INFO  - Sending out AdHoc broadcast (at simulation time 63.000,000,000 s)
2024-06-03 18:35:15,263 INFO  - Sending out AdHoc broadcast (at simulation time 63.000,000,000 s)
2024-06-03 18:35:15,263 INFO  - Recieve a message from other vehicle (at simulation time 63.000,400,000 s)
2024-06-03 18:35:15,263 INFO  - My position is not better! (at simulation time 63.000,400,000 s)
2024-06-03 18:35:15,264 INFO  - Recieve a message from other vehicle (at simulation time 63.000,800,000 s)
2024-06-03 18:35:15,264 INFO  - My position is not better! (at simulation time 63.000,800,000 s)
2024-06-03 18:35:15,264 INFO  - Recieve a message from other vehicle (at simulation time 63.000,900,000 s)
2024-06-03 18:35:15,264 INFO  - My position is not better! (at simulation time 63.000,900,000 s)
2024-06-03 18:35:15,264 INFO  - Recieve a message from other vehicle (at simulation time 63.001,300,000 s)
2024-06-03 18:35:15,264 INFO  - My position is not better! (at simulation time 63.001,300,000 s)
2024-06-03 18:35:15,264 INFO  - Recieve a message from other vehicle (at simulation time 63.001,800,000 s)
2024-06-03 18:35:15,264 INFO  - My position is not better! (at simulation time 63.001,800,000 s)
2024-06-03 18:35:15,264 INFO  - Recieve a message from other vehicle (at simulation time 63.001,900,000 s)
2024-06-03 18:35:15,264 INFO  - My position is not better! (at simulation time 63.001,900,000 s)
2024-06-03 18:35:15,264 INFO  - Recieve a message from other vehicle (at simulation time 63.002,300,000 s)
2024-06-03 18:35:15,264 INFO  - My position is not better! (at simulation time 63.002,300,000 s)
2024-06-03 18:35:15,264 INFO  - Recieve a message from other vehicle (at simulation time 63.002,400,000 s)
2024-06-03 18:35:15,264 INFO  - My position is not better! (at simulation time 63.002,400,000 s)
2024-06-03 18:35:15,463 INFO  - Called #onVehicleUpdated (at simulation time 64.000,000,000 s)
2024-06-03 18:35:15,463 INFO  - Exced velocity! Sending new CAM (at simulation time 64.000,000,000 s)
2024-06-03 18:35:15,464 INFO  - Sending out AdHoc broadcast (at simulation time 64.000,000,000 s)
2024-06-03 18:35:15,464 INFO  - Sending out AdHoc broadcast (at simulation time 64.000,000,000 s)
2024-06-03 18:35:15,464 INFO  - Sending out AdHoc broadcast (at simulation time 64.000,000,000 s)
2024-06-03 18:35:15,464 INFO  - Sending out AdHoc broadcast (at simulation time 64.000,000,000 s)
2024-06-03 18:35:15,465 INFO  - Recieve a message from other vehicle (at simulation time 64.000,900,000 s)
2024-06-03 18:35:15,465 INFO  - My position is not better! (at simulation time 64.000,900,000 s)
2024-06-03 18:35:15,465 INFO  - Recieve a message from other vehicle (at simulation time 64.001,400,000 s)
2024-06-03 18:35:15,465 INFO  - My position is not better! (at simulation time 64.001,400,000 s)
2024-06-03 18:35:15,466 INFO  - Recieve a message from other vehicle (at simulation time 64.001,900,000 s)
2024-06-03 18:35:15,466 INFO  - My position is not better! (at simulation time 64.001,900,000 s)
2024-06-03 18:35:15,466 INFO  - Recieve a message from other vehicle (at simulation time 64.001,900,000 s)
2024-06-03 18:35:15,466 INFO  - My position is not better! (at simulation time 64.001,900,000 s)
2024-06-03 18:35:15,466 INFO  - Recieve a message from other vehicle (at simulation time 64.002,300,000 s)
2024-06-03 18:35:15,466 INFO  - My position is not better! (at simulation time 64.002,300,000 s)
2024-06-03 18:35:15,466 INFO  - Recieve a message from other vehicle (at simulation time 64.002,800,000 s)
2024-06-03 18:35:15,466 INFO  - My position is not better! (at simulation time 64.002,800,000 s)
2024-06-03 18:35:15,466 INFO  - Recieve a message from other vehicle (at simulation time 64.004,300,000 s)
2024-06-03 18:35:15,466 INFO  - My position is not better! (at simulation time 64.004,300,000 s)
2024-06-03 18:35:15,466 INFO  - Recieve a message from other vehicle (at simulation time 64.004,800,000 s)
2024-06-03 18:35:15,466 INFO  - My position is not better! (at simulation time 64.004,800,000 s)
2024-06-03 18:35:15,664 INFO  - Called #onVehicleUpdated (at simulation time 65.000,000,000 s)
2024-06-03 18:35:15,664 INFO  - Exced velocity! Sending new CAM (at simulation time 65.000,000,000 s)
2024-06-03 18:35:15,665 INFO  - Sending out AdHoc broadcast (at simulation time 65.000,000,000 s)
2024-06-03 18:35:15,665 INFO  - Sending out AdHoc broadcast (at simulation time 65.000,000,000 s)
2024-06-03 18:35:15,665 INFO  - Sending out AdHoc broadcast (at simulation time 65.000,000,000 s)
2024-06-03 18:35:15,665 INFO  - Sending out AdHoc broadcast (at simulation time 65.000,000,000 s)
2024-06-03 18:35:15,665 INFO  - Sending out AdHoc broadcast (at simulation time 65.000,000,000 s)
2024-06-03 18:35:15,666 INFO  - Recieve a message from other vehicle (at simulation time 65.000,800,000 s)
2024-06-03 18:35:15,666 INFO  - My position is not better! (at simulation time 65.000,800,000 s)
2024-06-03 18:35:15,666 INFO  - Recieve a message from other vehicle (at simulation time 65.000,900,000 s)
2024-06-03 18:35:15,666 INFO  - My position is not better! (at simulation time 65.000,900,000 s)
2024-06-03 18:35:15,666 INFO  - Recieve a message from other vehicle (at simulation time 65.001,400,000 s)
2024-06-03 18:35:15,666 INFO  - My position is not better! (at simulation time 65.001,400,000 s)
2024-06-03 18:35:15,666 INFO  - Recieve a message from other vehicle (at simulation time 65.001,400,000 s)
2024-06-03 18:35:15,666 INFO  - My position is not better! (at simulation time 65.001,400,000 s)
2024-06-03 18:35:15,666 INFO  - Recieve a message from other vehicle (at simulation time 65.001,800,000 s)
2024-06-03 18:35:15,666 INFO  - My position is not better! (at simulation time 65.001,800,000 s)
2024-06-03 18:35:15,666 INFO  - Recieve a message from other vehicle (at simulation time 65.002,300,000 s)
2024-06-03 18:35:15,666 INFO  - My position is not better! (at simulation time 65.002,300,000 s)
2024-06-03 18:35:15,666 INFO  - Recieve a message from other vehicle (at simulation time 65.002,400,000 s)
2024-06-03 18:35:15,666 INFO  - My position is not better! (at simulation time 65.002,400,000 s)
2024-06-03 18:35:15,666 INFO  - Recieve a message from other vehicle (at simulation time 65.002,400,000 s)
2024-06-03 18:35:15,666 INFO  - My position is not better! (at simulation time 65.002,400,000 s)
2024-06-03 18:35:15,666 INFO  - Recieve a message from other vehicle (at simulation time 65.002,800,000 s)
2024-06-03 18:35:15,666 INFO  - My position is not better! (at simulation time 65.002,800,000 s)
2024-06-03 18:35:15,666 INFO  - Recieve a message from other vehicle (at simulation time 65.003,800,000 s)
2024-06-03 18:35:15,666 INFO  - My position is not better! (at simulation time 65.003,800,000 s)
2024-06-03 18:35:15,862 INFO  - Shutdown (at simulation time 66.000,000,000 s)
