2024-06-03 19:50:57,333 INFO  - Initialize Vehicle application (at simulation time 474.000,000,000 s)
2024-06-03 19:50:57,334 INFO  - Activated WLAN Module (at simulation time 474.000,000,000 s)
2024-06-03 19:50:57,335 INFO  - Called #onVehicleUpdated (at simulation time 474.000,000,000 s)
2024-06-03 19:50:57,335 INFO  - Exced velocity! Sending new CAM (at simulation time 474.000,000,000 s)
2024-06-03 19:50:57,335 INFO  - Sending out AdHoc broadcast (at simulation time 474.000,000,000 s)
2024-06-03 19:50:57,338 INFO  - Called #onVehicleUpdated (at simulation time 475.000,000,000 s)
2024-06-03 19:50:57,338 INFO  - Define the name: veh_72 and route: r_2 (at simulation time 475.000,000,000 s)
2024-06-03 19:50:57,338 INFO  - Sending out AdHoc broadcast (at simulation time 475.000,000,000 s)
2024-06-03 19:50:57,339 INFO  - Called #onVehicleUpdated (at simulation time 476.000,000,000 s)
2024-06-03 19:50:57,339 INFO  - Exced velocity! Sending new CAM (at simulation time 476.000,000,000 s)
2024-06-03 19:50:57,339 INFO  - Sending out AdHoc broadcast (at simulation time 476.000,000,000 s)
2024-06-03 19:50:57,339 INFO  - Sending out AdHoc broadcast (at simulation time 476.000,000,000 s)
2024-06-03 19:50:57,340 INFO  - Recieve a message from other vehicle (at simulation time 476.001,400,000 s)
2024-06-03 19:50:57,340 INFO  - Recending a message from other vehicle (at simulation time 476.001,400,000 s)
2024-06-03 19:50:57,340 INFO  - Called #onVehicleUpdated (at simulation time 477.000,000,000 s)
2024-06-03 19:50:57,340 INFO  - Sending out AdHoc broadcast (at simulation time 477.000,000,000 s)
2024-06-03 19:50:57,341 INFO  - Called #onVehicleUpdated (at simulation time 478.000,000,000 s)
2024-06-03 19:50:57,341 INFO  - Exced velocity! Sending new CAM (at simulation time 478.000,000,000 s)
2024-06-03 19:50:57,341 INFO  - Sending out AdHoc broadcast (at simulation time 478.000,000,000 s)
2024-06-03 19:50:57,341 INFO  - Sending out AdHoc broadcast (at simulation time 478.000,000,000 s)
2024-06-03 19:50:57,341 INFO  - Sending out AdHoc broadcast (at simulation time 478.000,000,000 s)
2024-06-03 19:50:57,342 INFO  - Recieve a message from other vehicle (at simulation time 478.000,900,000 s)
2024-06-03 19:50:57,342 INFO  - Recending a message from other vehicle (at simulation time 478.000,900,000 s)
2024-06-03 19:50:57,343 INFO  - Called #onVehicleUpdated (at simulation time 479.000,000,000 s)
2024-06-03 19:50:57,343 INFO  - Exced velocity! Sending new CAM (at simulation time 479.000,000,000 s)
2024-06-03 19:50:57,343 INFO  - Sending out AdHoc broadcast (at simulation time 479.000,000,000 s)
2024-06-03 19:50:57,343 INFO  - Sending out AdHoc broadcast (at simulation time 479.000,000,000 s)
2024-06-03 19:50:57,346 INFO  - Called #onVehicleUpdated (at simulation time 480.000,000,000 s)
2024-06-03 19:50:57,346 INFO  - Sending out AdHoc broadcast (at simulation time 480.000,000,000 s)
2024-06-03 19:50:57,346 INFO  - Sending out AdHoc broadcast (at simulation time 480.000,000,000 s)
2024-06-03 19:50:57,346 INFO  - Sending out AdHoc broadcast (at simulation time 480.000,000,000 s)
2024-06-03 19:50:57,347 INFO  - Recieve a message from other vehicle (at simulation time 480.002,400,000 s)
2024-06-03 19:50:57,347 INFO  - Recending a message from other vehicle (at simulation time 480.002,400,000 s)
2024-06-03 19:50:57,348 INFO  - Called #onVehicleUpdated (at simulation time 481.000,000,000 s)
2024-06-03 19:50:57,348 INFO  - Sending out AdHoc broadcast (at simulation time 481.000,000,000 s)
2024-06-03 19:50:57,349 INFO  - Sending out AdHoc broadcast (at simulation time 481.000,000,000 s)
2024-06-03 19:50:57,349 INFO  - Recieve a message from other vehicle (at simulation time 481.000,400,000 s)
2024-06-03 19:50:57,349 INFO  - My position is not better! (at simulation time 481.000,400,000 s)
2024-06-03 19:50:57,349 INFO  - Recieve a message from other vehicle (at simulation time 481.000,400,000 s)
2024-06-03 19:50:57,349 INFO  - My position is not better! (at simulation time 481.000,400,000 s)
2024-06-03 19:50:57,349 INFO  - Recieve a message from other vehicle (at simulation time 481.000,400,000 s)
2024-06-03 19:50:57,349 INFO  - Recending a message from other vehicle (at simulation time 481.000,400,000 s)
2024-06-03 19:50:57,349 INFO  - Recieve a message from other vehicle (at simulation time 481.000,900,000 s)
2024-06-03 19:50:57,349 INFO  - Recending a message from other vehicle (at simulation time 481.000,900,000 s)
2024-06-03 19:50:57,350 INFO  - Recieve a message from other vehicle (at simulation time 481.001,800,000 s)
2024-06-03 19:50:57,350 INFO  - I'm in better position but no more hops in message (at simulation time 481.001,800,000 s)
2024-06-03 19:50:57,350 INFO  - Recieve a message from other vehicle (at simulation time 481.001,900,000 s)
2024-06-03 19:50:57,350 INFO  - My position is not better! (at simulation time 481.001,900,000 s)
2024-06-03 19:50:57,350 INFO  - Recieve a message from other vehicle (at simulation time 481.002,400,000 s)
2024-06-03 19:50:57,350 INFO  - I'm in better position but no more hops in message (at simulation time 481.002,400,000 s)
2024-06-03 19:50:57,350 INFO  - Recieve a message from other vehicle (at simulation time 481.002,400,000 s)
2024-06-03 19:50:57,350 INFO  - My position is not better! (at simulation time 481.002,400,000 s)
2024-06-03 19:50:57,350 INFO  - Recieve a message from other vehicle (at simulation time 481.002,800,000 s)
2024-06-03 19:50:57,350 INFO  - My position is not better! (at simulation time 481.002,800,000 s)
2024-06-03 19:50:57,351 INFO  - Recieve a message from other vehicle (at simulation time 481.003,300,000 s)
2024-06-03 19:50:57,351 INFO  - My position is not better! (at simulation time 481.003,300,000 s)
2024-06-03 19:50:57,352 INFO  - Called #onVehicleUpdated (at simulation time 482.000,000,000 s)
2024-06-03 19:50:57,352 INFO  - Sending out AdHoc broadcast (at simulation time 482.000,000,000 s)
2024-06-03 19:50:57,352 INFO  - Sending out AdHoc broadcast (at simulation time 482.000,000,000 s)
2024-06-03 19:50:57,352 INFO  - Sending out AdHoc broadcast (at simulation time 482.000,000,000 s)
2024-06-03 19:50:57,352 INFO  - Recieve a message from other vehicle (at simulation time 482.000,400,000 s)
2024-06-03 19:50:57,352 INFO  - Recending a message from other vehicle (at simulation time 482.000,400,000 s)
2024-06-03 19:50:57,352 INFO  - Recieve a message from other vehicle (at simulation time 482.000,900,000 s)
2024-06-03 19:50:57,352 INFO  - I'm in better position but no more hops in message (at simulation time 482.000,900,000 s)
2024-06-03 19:50:57,353 INFO  - Recieve a message from other vehicle (at simulation time 482.001,400,000 s)
2024-06-03 19:50:57,353 INFO  - My position is not better! (at simulation time 482.001,400,000 s)
2024-06-03 19:50:57,353 INFO  - Recieve a message from other vehicle (at simulation time 482.001,400,000 s)
2024-06-03 19:50:57,353 INFO  - Recending a message from other vehicle (at simulation time 482.001,400,000 s)
2024-06-03 19:50:57,353 INFO  - Recieve a message from other vehicle (at simulation time 482.002,300,000 s)
2024-06-03 19:50:57,353 INFO  - I'm in better position but no more hops in message (at simulation time 482.002,300,000 s)
2024-06-03 19:50:57,353 INFO  - Recieve a message from other vehicle (at simulation time 482.002,400,000 s)
2024-06-03 19:50:57,353 INFO  - My position is not better! (at simulation time 482.002,400,000 s)
2024-06-03 19:50:57,353 INFO  - Recieve a message from other vehicle (at simulation time 482.002,400,000 s)
2024-06-03 19:50:57,353 INFO  - My position is not better! (at simulation time 482.002,400,000 s)
2024-06-03 19:50:57,353 INFO  - Recieve a message from other vehicle (at simulation time 482.002,800,000 s)
2024-06-03 19:50:57,353 INFO  - My position is not better! (at simulation time 482.002,800,000 s)
2024-06-03 19:50:57,353 INFO  - Recieve a message from other vehicle (at simulation time 482.003,300,000 s)
2024-06-03 19:50:57,353 INFO  - My position is not better! (at simulation time 482.003,300,000 s)
2024-06-03 19:50:57,353 INFO  - Recieve a message from other vehicle (at simulation time 482.003,800,000 s)
2024-06-03 19:50:57,353 INFO  - My position is not better! (at simulation time 482.003,800,000 s)
2024-06-03 19:50:57,354 INFO  - Called #onVehicleUpdated (at simulation time 483.000,000,000 s)
2024-06-03 19:50:57,354 INFO  - Sending out DENM broadcast (at simulation time 483.000,000,000 s)
2024-06-03 19:50:57,355 INFO  - Sending out AdHoc broadcast (at simulation time 483.000,000,000 s)
2024-06-03 19:50:57,355 INFO  - Sending out AdHoc broadcast (at simulation time 483.000,000,000 s)
2024-06-03 19:50:57,355 INFO  - Recieve a message from other vehicle (at simulation time 483.000,900,000 s)
2024-06-03 19:50:57,355 INFO  - DENM message Recived from veh_75 -info : seco (at simulation time 483.000,900,000 s)
2024-06-03 19:50:57,355 INFO  - No more hops in DENM message (at simulation time 483.000,900,000 s)
2024-06-03 19:50:57,355 INFO  - Recieve a message from other vehicle (at simulation time 483.000,900,000 s)
2024-06-03 19:50:57,355 INFO  - Recending a message from other vehicle (at simulation time 483.000,900,000 s)
2024-06-03 19:50:57,355 INFO  - Recieve a message from other vehicle (at simulation time 483.000,900,000 s)
2024-06-03 19:50:57,355 INFO  - I'm in better position but no more hops in message (at simulation time 483.000,900,000 s)
2024-06-03 19:50:57,355 INFO  - Recieve a message from other vehicle (at simulation time 483.000,900,000 s)
2024-06-03 19:50:57,355 INFO  - I'm in better position but no more hops in message (at simulation time 483.000,900,000 s)
2024-06-03 19:50:57,355 INFO  - Recieve a message from other vehicle (at simulation time 483.001,400,000 s)
2024-06-03 19:50:57,355 INFO  - DENM message Recived from veh_74 -info : seco (at simulation time 483.001,400,000 s)
2024-06-03 19:50:57,355 INFO  - No more hops in DENM message (at simulation time 483.001,400,000 s)
2024-06-03 19:50:57,355 INFO  - Recieve a message from other vehicle (at simulation time 483.001,400,000 s)
2024-06-03 19:50:57,355 INFO  - I'm in better position but no more hops in message (at simulation time 483.001,400,000 s)
2024-06-03 19:50:57,355 INFO  - Recieve a message from other vehicle (at simulation time 483.001,400,000 s)
2024-06-03 19:50:57,355 INFO  - Recending a message from other vehicle (at simulation time 483.001,400,000 s)
2024-06-03 19:50:57,355 INFO  - Recieve a message from other vehicle (at simulation time 483.001,800,000 s)
2024-06-03 19:50:57,355 INFO  - DENM message Recived from veh_74 -info : seco (at simulation time 483.001,800,000 s)
2024-06-03 19:50:57,355 INFO  - No more hops in DENM message (at simulation time 483.001,800,000 s)
2024-06-03 19:50:57,355 INFO  - Recieve a message from other vehicle (at simulation time 483.001,800,000 s)
2024-06-03 19:50:57,355 INFO  - DENM message Recived from veh_75 -info : seco (at simulation time 483.001,800,000 s)
2024-06-03 19:50:57,355 INFO  - No more hops in DENM message (at simulation time 483.001,800,000 s)
2024-06-03 19:50:57,355 INFO  - Recieve a message from other vehicle (at simulation time 483.001,900,000 s)
2024-06-03 19:50:57,355 INFO  - Recending a message from other vehicle (at simulation time 483.001,900,000 s)
2024-06-03 19:50:57,356 INFO  - Recieve a message from other vehicle (at simulation time 483.002,400,000 s)
2024-06-03 19:50:57,356 INFO  - Recending a message from other vehicle (at simulation time 483.002,400,000 s)
2024-06-03 19:50:57,356 INFO  - Recieve a message from other vehicle (at simulation time 483.002,800,000 s)
2024-06-03 19:50:57,356 INFO  - DENM message Recived from veh_72 -info : seco (at simulation time 483.002,800,000 s)
2024-06-03 19:50:57,356 INFO  - No more hops in DENM message (at simulation time 483.002,800,000 s)
2024-06-03 19:50:57,357 INFO  - Called #onVehicleUpdated (at simulation time 484.000,000,000 s)
2024-06-03 19:50:57,357 INFO  - Sending out AdHoc broadcast (at simulation time 484.000,000,000 s)
2024-06-03 19:50:57,357 INFO  - Sending out AdHoc broadcast (at simulation time 484.000,000,000 s)
2024-06-03 19:50:57,357 INFO  - Sending out AdHoc broadcast (at simulation time 484.000,000,000 s)
2024-06-03 19:50:57,357 INFO  - Recieve a message from other vehicle (at simulation time 484.000,400,000 s)
2024-06-03 19:50:57,357 INFO  - DENM message Recived from veh_73 -info : seco (at simulation time 484.000,400,000 s)
2024-06-03 19:50:57,357 INFO  - No more hops in DENM message (at simulation time 484.000,400,000 s)
2024-06-03 19:50:57,357 INFO  - Recieve a message from other vehicle (at simulation time 484.000,400,000 s)
2024-06-03 19:50:57,357 INFO  - My position is not better! (at simulation time 484.000,400,000 s)
2024-06-03 19:50:57,357 INFO  - Recieve a message from other vehicle (at simulation time 484.000,900,000 s)
2024-06-03 19:50:57,357 INFO  - Recending a message from other vehicle (at simulation time 484.000,900,000 s)
2024-06-03 19:50:57,357 INFO  - Recieve a message from other vehicle (at simulation time 484.001,300,000 s)
2024-06-03 19:50:57,357 INFO  - DENM message Recived from veh_73 -info : seco (at simulation time 484.001,300,000 s)
2024-06-03 19:50:57,357 INFO  - No more hops in DENM message (at simulation time 484.001,300,000 s)
2024-06-03 19:50:57,357 INFO  - Recieve a message from other vehicle (at simulation time 484.001,300,000 s)
2024-06-03 19:50:57,357 INFO  - I'm in better position but no more hops in message (at simulation time 484.001,300,000 s)
2024-06-03 19:50:57,358 INFO  - Recieve a message from other vehicle (at simulation time 484.001,400,000 s)
2024-06-03 19:50:57,358 INFO  - My position is not better! (at simulation time 484.001,400,000 s)
2024-06-03 19:50:57,358 INFO  - Recieve a message from other vehicle (at simulation time 484.001,800,000 s)
2024-06-03 19:50:57,358 INFO  - My position is not better! (at simulation time 484.001,800,000 s)
2024-06-03 19:50:57,358 INFO  - Recieve a message from other vehicle (at simulation time 484.001,800,000 s)
2024-06-03 19:50:57,358 INFO  - My position is not better! (at simulation time 484.001,800,000 s)
2024-06-03 19:50:57,358 INFO  - Recieve a message from other vehicle (at simulation time 484.001,900,000 s)
2024-06-03 19:50:57,358 INFO  - I'm in better position but no more hops in message (at simulation time 484.001,900,000 s)
2024-06-03 19:50:57,358 INFO  - Recieve a message from other vehicle (at simulation time 484.001,900,000 s)
2024-06-03 19:50:57,358 INFO  - Recending a message from other vehicle (at simulation time 484.001,900,000 s)
2024-06-03 19:50:57,358 INFO  - Recieve a message from other vehicle (at simulation time 484.001,900,000 s)
2024-06-03 19:50:57,358 INFO  - I'm in better position but no more hops in message (at simulation time 484.001,900,000 s)
2024-06-03 19:50:57,358 INFO  - Recieve a message from other vehicle (at simulation time 484.002,800,000 s)
2024-06-03 19:50:57,358 INFO  - I'm in better position but no more hops in message (at simulation time 484.002,800,000 s)
2024-06-03 19:50:57,358 INFO  - Recieve a message from other vehicle (at simulation time 484.002,800,000 s)
2024-06-03 19:50:57,358 INFO  - My position is not better! (at simulation time 484.002,800,000 s)
2024-06-03 19:50:57,362 INFO  - Called #onVehicleUpdated (at simulation time 485.000,000,000 s)
2024-06-03 19:50:57,362 INFO  - Sending out AdHoc broadcast (at simulation time 485.000,000,000 s)
2024-06-03 19:50:57,362 INFO  - Sending out AdHoc broadcast (at simulation time 485.000,000,000 s)
2024-06-03 19:50:57,363 INFO  - Recieve a message from other vehicle (at simulation time 485.000,800,000 s)
2024-06-03 19:50:57,363 INFO  - My position is not better! (at simulation time 485.000,800,000 s)
2024-06-03 19:50:57,363 INFO  - Recieve a message from other vehicle (at simulation time 485.001,300,000 s)
2024-06-03 19:50:57,363 INFO  - My position is not better! (at simulation time 485.001,300,000 s)
2024-06-03 19:50:57,363 INFO  - Recieve a message from other vehicle (at simulation time 485.001,900,000 s)
2024-06-03 19:50:57,363 INFO  - My position is not better! (at simulation time 485.001,900,000 s)
2024-06-03 19:50:57,363 INFO  - Recieve a message from other vehicle (at simulation time 485.002,400,000 s)
2024-06-03 19:50:57,363 INFO  - My position is not better! (at simulation time 485.002,400,000 s)
2024-06-03 19:50:57,363 INFO  - Recieve a message from other vehicle (at simulation time 485.002,400,000 s)
2024-06-03 19:50:57,363 INFO  - My position is not better! (at simulation time 485.002,400,000 s)
2024-06-03 19:50:57,364 INFO  - Called #onVehicleUpdated (at simulation time 486.000,000,000 s)
2024-06-03 19:50:57,365 INFO  - Sending out AdHoc broadcast (at simulation time 486.000,000,000 s)
2024-06-03 19:50:57,365 INFO  - Sending out AdHoc broadcast (at simulation time 486.000,000,000 s)
2024-06-03 19:50:57,365 INFO  - Sending out AdHoc broadcast (at simulation time 486.000,000,000 s)
2024-06-03 19:50:57,365 INFO  - Recieve a message from other vehicle (at simulation time 486.000,400,000 s)
2024-06-03 19:50:57,365 INFO  - My position is not better! (at simulation time 486.000,400,000 s)
2024-06-03 19:50:57,365 INFO  - Recieve a message from other vehicle (at simulation time 486.000,900,000 s)
2024-06-03 19:50:57,365 INFO  - My position is not better! (at simulation time 486.000,900,000 s)
2024-06-03 19:50:57,365 INFO  - Recieve a message from other vehicle (at simulation time 486.001,400,000 s)
2024-06-03 19:50:57,365 INFO  - My position is not better! (at simulation time 486.001,400,000 s)
2024-06-03 19:50:57,365 INFO  - Recieve a message from other vehicle (at simulation time 486.002,300,000 s)
2024-06-03 19:50:57,365 INFO  - My position is not better! (at simulation time 486.002,300,000 s)
2024-06-03 19:50:57,365 INFO  - Recieve a message from other vehicle (at simulation time 486.003,300,000 s)
2024-06-03 19:50:57,365 INFO  - My position is not better! (at simulation time 486.003,300,000 s)
2024-06-03 19:50:57,365 INFO  - Recieve a message from other vehicle (at simulation time 486.003,300,000 s)
2024-06-03 19:50:57,365 INFO  - My position is not better! (at simulation time 486.003,300,000 s)
2024-06-03 19:50:57,366 INFO  - Called #onVehicleUpdated (at simulation time 487.000,000,000 s)
2024-06-03 19:50:57,367 INFO  - Sending out AdHoc broadcast (at simulation time 487.000,000,000 s)
2024-06-03 19:50:57,367 INFO  - Sending out AdHoc broadcast (at simulation time 487.000,000,000 s)
2024-06-03 19:50:57,368 INFO  - Called #onVehicleUpdated (at simulation time 488.000,000,000 s)
2024-06-03 19:50:57,368 INFO  - Exced velocity! Sending new CAM (at simulation time 488.000,000,000 s)
2024-06-03 19:50:57,368 INFO  - Sending out AdHoc broadcast (at simulation time 488.000,000,000 s)
2024-06-03 19:50:57,368 INFO  - Sending out AdHoc broadcast (at simulation time 488.000,000,000 s)
2024-06-03 19:50:57,368 INFO  - Sending out AdHoc broadcast (at simulation time 488.000,000,000 s)
2024-06-03 19:50:57,368 INFO  - Sending out AdHoc broadcast (at simulation time 488.000,000,000 s)
2024-06-03 19:50:57,369 INFO  - Called #onVehicleUpdated (at simulation time 489.000,000,000 s)
2024-06-03 19:50:57,369 INFO  - Sending out AdHoc broadcast (at simulation time 489.000,000,000 s)
2024-06-03 19:50:57,369 INFO  - Sending out AdHoc broadcast (at simulation time 489.000,000,000 s)
2024-06-03 19:50:57,371 INFO  - Called #onVehicleUpdated (at simulation time 490.000,000,000 s)
2024-06-03 19:50:57,372 INFO  - Sending out AdHoc broadcast (at simulation time 490.000,000,000 s)
2024-06-03 19:50:57,372 INFO  - Sending out AdHoc broadcast (at simulation time 490.000,000,000 s)
2024-06-03 19:50:57,372 INFO  - Sending out AdHoc broadcast (at simulation time 490.000,000,000 s)
2024-06-03 19:50:57,372 INFO  - Sending out AdHoc broadcast (at simulation time 490.000,000,000 s)
2024-06-03 19:50:57,373 INFO  - Called #onVehicleUpdated (at simulation time 491.000,000,000 s)
2024-06-03 19:50:57,373 INFO  - Sending out AdHoc broadcast (at simulation time 491.000,000,000 s)
2024-06-03 19:50:57,373 INFO  - Sending out AdHoc broadcast (at simulation time 491.000,000,000 s)
2024-06-03 19:50:57,374 INFO  - Called #onVehicleUpdated (at simulation time 492.000,000,000 s)
2024-06-03 19:50:57,374 INFO  - Sending out AdHoc broadcast (at simulation time 492.000,000,000 s)
2024-06-03 19:50:57,374 INFO  - Sending out AdHoc broadcast (at simulation time 492.000,000,000 s)
2024-06-03 19:50:57,374 INFO  - Sending out AdHoc broadcast (at simulation time 492.000,000,000 s)
2024-06-03 19:50:57,374 INFO  - Sending out AdHoc broadcast (at simulation time 492.000,000,000 s)
2024-06-03 19:50:57,376 INFO  - Shutdown (at simulation time 493.000,000,000 s)
