2024-06-03 18:22:43,855 INFO  - Initialize Vehicle application (at simulation time 7.000,000,000 s)
2024-06-03 18:22:43,857 INFO  - Activated WLAN Module (at simulation time 7.000,000,000 s)
2024-06-03 18:22:43,858 INFO  - Called #onVehicleUpdated (at simulation time 7.000,000,000 s)
2024-06-03 18:22:43,863 INFO  - Recieve a message from other vehicle (at simulation time 7.000,400,000 s)
2024-06-03 18:22:43,864 INFO  - My position is not better! (at simulation time 7.000,400,000 s)
2024-06-03 18:22:43,864 INFO  - Recieve a message from other vehicle (at simulation time 7.001,900,000 s)
2024-06-03 18:22:43,864 INFO  - My position is not better! (at simulation time 7.001,900,000 s)
2024-06-03 18:22:44,096 INFO  - Called #onVehicleUpdated (at simulation time 8.000,000,000 s)
2024-06-03 18:22:44,097 INFO  - Define the name: veh_4 and route: r_3 (at simulation time 8.000,000,000 s)
2024-06-03 18:22:44,097 INFO  - Sending out AdHoc broadcast (at simulation time 8.000,000,000 s)
2024-06-03 18:22:44,098 INFO  - Recieve a message from other vehicle (at simulation time 8.001,300,000 s)
2024-06-03 18:22:44,098 INFO  - My position is not better! (at simulation time 8.001,300,000 s)
2024-06-03 18:22:44,098 INFO  - Recieve a message from other vehicle (at simulation time 8.001,400,000 s)
2024-06-03 18:22:44,098 INFO  - My position is not better! (at simulation time 8.001,400,000 s)
2024-06-03 18:22:44,098 INFO  - Recieve a message from other vehicle (at simulation time 8.002,400,000 s)
2024-06-03 18:22:44,098 INFO  - My position is not better! (at simulation time 8.002,400,000 s)
2024-06-03 18:22:44,347 INFO  - Called #onVehicleUpdated (at simulation time 9.000,000,000 s)
2024-06-03 18:22:44,349 INFO  - Recieve a message from other vehicle (at simulation time 9.000,400,000 s)
2024-06-03 18:22:44,350 INFO  - My position is not better! (at simulation time 9.000,400,000 s)
2024-06-03 18:22:44,350 INFO  - Recieve a message from other vehicle (at simulation time 9.000,400,000 s)
2024-06-03 18:22:44,350 INFO  - My position is not better! (at simulation time 9.000,400,000 s)
2024-06-03 18:22:44,350 INFO  - Recieve a message from other vehicle (at simulation time 9.000,900,000 s)
2024-06-03 18:22:44,350 INFO  - My position is not better! (at simulation time 9.000,900,000 s)
2024-06-03 18:22:44,611 INFO  - Called #onVehicleUpdated (at simulation time 10.000,000,000 s)
2024-06-03 18:22:44,614 INFO  - Sending out AdHoc broadcast (at simulation time 10.000,000,000 s)
2024-06-03 18:22:44,615 INFO  - Recieve a message from other vehicle (at simulation time 10.000,400,000 s)
2024-06-03 18:22:44,615 INFO  - My position is not better! (at simulation time 10.000,400,000 s)
2024-06-03 18:22:44,616 INFO  - Recieve a message from other vehicle (at simulation time 10.001,900,000 s)
2024-06-03 18:22:44,617 INFO  - My position is not better! (at simulation time 10.001,900,000 s)
2024-06-03 18:22:44,617 INFO  - Recieve a message from other vehicle (at simulation time 10.001,900,000 s)
2024-06-03 18:22:44,617 INFO  - My position is not better! (at simulation time 10.001,900,000 s)
2024-06-03 18:22:44,617 INFO  - Recieve a message from other vehicle (at simulation time 10.002,300,000 s)
2024-06-03 18:22:44,617 INFO  - My position is not better! (at simulation time 10.002,300,000 s)
2024-06-03 18:22:44,849 INFO  - Called #onVehicleUpdated (at simulation time 11.000,000,000 s)
2024-06-03 18:22:44,849 INFO  - Exced velocity! Sending new CAM (at simulation time 11.000,000,000 s)
2024-06-03 18:22:44,850 INFO  - Sending out AdHoc broadcast (at simulation time 11.000,000,000 s)
2024-06-03 18:22:44,856 INFO  - Recieve a message from other vehicle (at simulation time 11.000,400,000 s)
2024-06-03 18:22:44,856 INFO  - My position is not better! (at simulation time 11.000,400,000 s)
2024-06-03 18:22:44,858 INFO  - Recieve a message from other vehicle (at simulation time 11.000,400,000 s)
2024-06-03 18:22:44,859 INFO  - My position is not better! (at simulation time 11.000,400,000 s)
2024-06-03 18:22:44,860 INFO  - Recieve a message from other vehicle (at simulation time 11.001,400,000 s)
2024-06-03 18:22:44,860 INFO  - My position is not better! (at simulation time 11.001,400,000 s)
2024-06-03 18:22:44,862 INFO  - Recieve a message from other vehicle (at simulation time 11.001,900,000 s)
2024-06-03 18:22:44,862 INFO  - My position is not better! (at simulation time 11.001,900,000 s)
2024-06-03 18:22:44,863 INFO  - Recieve a message from other vehicle (at simulation time 11.002,300,000 s)
2024-06-03 18:22:44,863 INFO  - My position is not better! (at simulation time 11.002,300,000 s)
2024-06-03 18:22:45,099 INFO  - Called #onVehicleUpdated (at simulation time 12.000,000,000 s)
2024-06-03 18:22:45,099 INFO  - Exced velocity! Sending new CAM (at simulation time 12.000,000,000 s)
2024-06-03 18:22:45,099 INFO  - Sending out AdHoc broadcast (at simulation time 12.000,000,000 s)
2024-06-03 18:22:45,104 INFO  - Sending out AdHoc broadcast (at simulation time 12.000,000,000 s)
2024-06-03 18:22:45,107 INFO  - Recieve a message from other vehicle (at simulation time 12.000,400,000 s)
2024-06-03 18:22:45,107 INFO  - My position is not better! (at simulation time 12.000,400,000 s)
2024-06-03 18:22:45,108 INFO  - Recieve a message from other vehicle (at simulation time 12.000,800,000 s)
2024-06-03 18:22:45,108 INFO  - My position is not better! (at simulation time 12.000,800,000 s)
2024-06-03 18:22:45,111 INFO  - Recieve a message from other vehicle (at simulation time 12.001,800,000 s)
2024-06-03 18:22:45,111 INFO  - My position is not better! (at simulation time 12.001,800,000 s)
2024-06-03 18:22:45,111 INFO  - Recieve a message from other vehicle (at simulation time 12.001,800,000 s)
2024-06-03 18:22:45,111 INFO  - My position is not better! (at simulation time 12.001,800,000 s)
2024-06-03 18:22:45,112 INFO  - Recieve a message from other vehicle (at simulation time 12.001,900,000 s)
2024-06-03 18:22:45,112 INFO  - My position is not better! (at simulation time 12.001,900,000 s)
2024-06-03 18:22:45,112 INFO  - Recieve a message from other vehicle (at simulation time 12.001,900,000 s)
2024-06-03 18:22:45,112 INFO  - My position is not better! (at simulation time 12.001,900,000 s)
2024-06-03 18:22:45,112 INFO  - Recieve a message from other vehicle (at simulation time 12.002,300,000 s)
2024-06-03 18:22:45,112 INFO  - My position is not better! (at simulation time 12.002,300,000 s)
2024-06-03 18:22:45,112 INFO  - Recieve a message from other vehicle (at simulation time 12.002,300,000 s)
2024-06-03 18:22:45,112 INFO  - My position is not better! (at simulation time 12.002,300,000 s)
2024-06-03 18:22:45,347 INFO  - Called #onVehicleUpdated (at simulation time 13.000,000,000 s)
2024-06-03 18:22:45,348 INFO  - Sending out AdHoc broadcast (at simulation time 13.000,000,000 s)
2024-06-03 18:22:45,352 INFO  - Recieve a message from other vehicle (at simulation time 13.000,400,000 s)
2024-06-03 18:22:45,352 INFO  - My position is not better! (at simulation time 13.000,400,000 s)
2024-06-03 18:22:45,352 INFO  - Recieve a message from other vehicle (at simulation time 13.000,900,000 s)
2024-06-03 18:22:45,352 INFO  - My position is not better! (at simulation time 13.000,900,000 s)
2024-06-03 18:22:45,354 INFO  - Recieve a message from other vehicle (at simulation time 13.000,900,000 s)
2024-06-03 18:22:45,354 INFO  - My position is not better! (at simulation time 13.000,900,000 s)
2024-06-03 18:22:45,356 INFO  - Recieve a message from other vehicle (at simulation time 13.001,400,000 s)
2024-06-03 18:22:45,356 INFO  - My position is not better! (at simulation time 13.001,400,000 s)
2024-06-03 18:22:45,357 INFO  - Recieve a message from other vehicle (at simulation time 13.001,400,000 s)
2024-06-03 18:22:45,357 INFO  - My position is not better! (at simulation time 13.001,400,000 s)
2024-06-03 18:22:45,360 INFO  - Recieve a message from other vehicle (at simulation time 13.001,800,000 s)
2024-06-03 18:22:45,360 INFO  - My position is not better! (at simulation time 13.001,800,000 s)
2024-06-03 18:22:45,360 INFO  - Recieve a message from other vehicle (at simulation time 13.001,900,000 s)
2024-06-03 18:22:45,360 INFO  - My position is not better! (at simulation time 13.001,900,000 s)
2024-06-03 18:22:45,362 INFO  - Recieve a message from other vehicle (at simulation time 13.001,900,000 s)
2024-06-03 18:22:45,362 INFO  - My position is not better! (at simulation time 13.001,900,000 s)
2024-06-03 18:22:45,363 INFO  - Recieve a message from other vehicle (at simulation time 13.002,300,000 s)
2024-06-03 18:22:45,364 INFO  - My position is not better! (at simulation time 13.002,300,000 s)
2024-06-03 18:22:45,365 INFO  - Recieve a message from other vehicle (at simulation time 13.002,400,000 s)
2024-06-03 18:22:45,365 INFO  - My position is not better! (at simulation time 13.002,400,000 s)
2024-06-03 18:22:45,365 INFO  - Recieve a message from other vehicle (at simulation time 13.002,800,000 s)
2024-06-03 18:22:45,365 INFO  - My position is not better! (at simulation time 13.002,800,000 s)
2024-06-03 18:22:45,366 INFO  - Recieve a message from other vehicle (at simulation time 13.002,800,000 s)
2024-06-03 18:22:45,366 INFO  - My position is not better! (at simulation time 13.002,800,000 s)
2024-06-03 18:22:45,366 INFO  - Recieve a message from other vehicle (at simulation time 13.003,300,000 s)
2024-06-03 18:22:45,366 INFO  - My position is not better! (at simulation time 13.003,300,000 s)
2024-06-03 18:22:45,367 INFO  - Recieve a message from other vehicle (at simulation time 13.003,300,000 s)
2024-06-03 18:22:45,367 INFO  - My position is not better! (at simulation time 13.003,300,000 s)
2024-06-03 18:22:45,367 INFO  - Recieve a message from other vehicle (at simulation time 13.003,800,000 s)
2024-06-03 18:22:45,367 INFO  - My position is not better! (at simulation time 13.003,800,000 s)
2024-06-03 18:22:45,600 INFO  - Called #onVehicleUpdated (at simulation time 14.000,000,000 s)
2024-06-03 18:22:45,601 INFO  - Sending out AdHoc broadcast (at simulation time 14.000,000,000 s)
2024-06-03 18:22:45,604 INFO  - Sending out AdHoc broadcast (at simulation time 14.000,000,000 s)
2024-06-03 18:22:45,607 INFO  - Recieve a message from other vehicle (at simulation time 14.000,400,000 s)
2024-06-03 18:22:45,607 INFO  - My position is not better! (at simulation time 14.000,400,000 s)
2024-06-03 18:22:45,607 INFO  - Recieve a message from other vehicle (at simulation time 14.000,400,000 s)
2024-06-03 18:22:45,607 INFO  - My position is not better! (at simulation time 14.000,400,000 s)
2024-06-03 18:22:45,610 INFO  - Recieve a message from other vehicle (at simulation time 14.000,900,000 s)
2024-06-03 18:22:45,610 INFO  - My position is not better! (at simulation time 14.000,900,000 s)
2024-06-03 18:22:45,615 INFO  - Recieve a message from other vehicle (at simulation time 14.001,300,000 s)
2024-06-03 18:22:45,615 INFO  - My position is not better! (at simulation time 14.001,300,000 s)
2024-06-03 18:22:45,615 INFO  - Recieve a message from other vehicle (at simulation time 14.001,300,000 s)
2024-06-03 18:22:45,615 INFO  - I'm in better position but no more hops in message (at simulation time 14.001,300,000 s)
2024-06-03 18:22:45,615 INFO  - Recieve a message from other vehicle (at simulation time 14.001,300,000 s)
2024-06-03 18:22:45,615 INFO  - My position is not better! (at simulation time 14.001,300,000 s)
2024-06-03 18:22:45,616 INFO  - Recieve a message from other vehicle (at simulation time 14.001,400,000 s)
2024-06-03 18:22:45,616 INFO  - My position is not better! (at simulation time 14.001,400,000 s)
2024-06-03 18:22:45,617 INFO  - Recieve a message from other vehicle (at simulation time 14.001,400,000 s)
2024-06-03 18:22:45,617 INFO  - My position is not better! (at simulation time 14.001,400,000 s)
2024-06-03 18:22:45,617 INFO  - Recieve a message from other vehicle (at simulation time 14.001,400,000 s)
2024-06-03 18:22:45,617 INFO  - My position is not better! (at simulation time 14.001,400,000 s)
2024-06-03 18:22:45,617 INFO  - Recieve a message from other vehicle (at simulation time 14.001,400,000 s)
2024-06-03 18:22:45,618 INFO  - My position is not better! (at simulation time 14.001,400,000 s)
2024-06-03 18:22:45,620 INFO  - Recieve a message from other vehicle (at simulation time 14.002,300,000 s)
2024-06-03 18:22:45,621 INFO  - My position is not better! (at simulation time 14.002,300,000 s)
2024-06-03 18:22:45,621 INFO  - Recieve a message from other vehicle (at simulation time 14.002,300,000 s)
2024-06-03 18:22:45,621 INFO  - My position is not better! (at simulation time 14.002,300,000 s)
2024-06-03 18:22:45,623 INFO  - Recieve a message from other vehicle (at simulation time 14.003,300,000 s)
2024-06-03 18:22:45,623 INFO  - My position is not better! (at simulation time 14.003,300,000 s)
2024-06-03 18:22:45,623 INFO  - Recieve a message from other vehicle (at simulation time 14.003,300,000 s)
2024-06-03 18:22:45,623 INFO  - My position is not better! (at simulation time 14.003,300,000 s)
2024-06-03 18:22:45,858 INFO  - Called #onVehicleUpdated (at simulation time 15.000,000,000 s)
2024-06-03 18:22:45,859 INFO  - Sending out AdHoc broadcast (at simulation time 15.000,000,000 s)
2024-06-03 18:22:45,862 INFO  - Recieve a message from other vehicle (at simulation time 15.000,400,000 s)
2024-06-03 18:22:45,862 INFO  - DENM message Recived from veh_0 -info : seco (at simulation time 15.000,400,000 s)
2024-06-03 18:22:45,862 INFO  - Recending a DENM message from other vehicle (at simulation time 15.000,400,000 s)
2024-06-03 18:22:45,862 INFO  - Recieve a message from other vehicle (at simulation time 15.000,400,000 s)
2024-06-03 18:22:45,862 INFO  - DENM message Recived from veh_3 -info : seco (at simulation time 15.000,400,000 s)
2024-06-03 18:22:45,862 INFO  - Recending a DENM message from other vehicle (at simulation time 15.000,400,000 s)
2024-06-03 18:22:45,863 INFO  - Recieve a message from other vehicle (at simulation time 15.000,400,000 s)
2024-06-03 18:22:45,863 INFO  - My position is not better! (at simulation time 15.000,400,000 s)
2024-06-03 18:22:45,864 INFO  - Recieve a message from other vehicle (at simulation time 15.000,800,000 s)
2024-06-03 18:22:45,864 INFO  - DENM message Recived from veh_1 -info : seco (at simulation time 15.000,800,000 s)
2024-06-03 18:22:45,864 INFO  - No more hops in DENM message (at simulation time 15.000,800,000 s)
2024-06-03 18:22:45,865 INFO  - Recieve a message from other vehicle (at simulation time 15.000,900,000 s)
2024-06-03 18:22:45,865 INFO  - My position is not better! (at simulation time 15.000,900,000 s)
2024-06-03 18:22:45,865 INFO  - Recieve a message from other vehicle (at simulation time 15.000,900,000 s)
2024-06-03 18:22:45,865 INFO  - My position is not better! (at simulation time 15.000,900,000 s)
2024-06-03 18:22:45,865 INFO  - Recieve a message from other vehicle (at simulation time 15.000,900,000 s)
2024-06-03 18:22:45,865 INFO  - My position is not better! (at simulation time 15.000,900,000 s)
2024-06-03 18:22:45,867 INFO  - Recieve a message from other vehicle (at simulation time 15.001,300,000 s)
2024-06-03 18:22:45,867 INFO  - DENM message Recived from veh_5 -info : seco (at simulation time 15.001,300,000 s)
2024-06-03 18:22:45,867 INFO  - No more hops in DENM message (at simulation time 15.001,300,000 s)
2024-06-03 18:22:45,867 INFO  - Recieve a message from other vehicle (at simulation time 15.001,400,000 s)
2024-06-03 18:22:45,867 INFO  - My position is not better! (at simulation time 15.001,400,000 s)
2024-06-03 18:22:45,868 INFO  - Recieve a message from other vehicle (at simulation time 15.001,400,000 s)
2024-06-03 18:22:45,868 INFO  - My position is not better! (at simulation time 15.001,400,000 s)
2024-06-03 18:22:45,869 INFO  - Recieve a message from other vehicle (at simulation time 15.001,900,000 s)
2024-06-03 18:22:45,869 INFO  - DENM message Recived from veh_1 -info : seco (at simulation time 15.001,900,000 s)
2024-06-03 18:22:45,869 INFO  - No more hops in DENM message (at simulation time 15.001,900,000 s)
2024-06-03 18:22:45,869 INFO  - Recieve a message from other vehicle (at simulation time 15.001,900,000 s)
2024-06-03 18:22:45,869 INFO  - DENM message Recived from veh_5 -info : seco (at simulation time 15.001,900,000 s)
2024-06-03 18:22:45,869 INFO  - No more hops in DENM message (at simulation time 15.001,900,000 s)
2024-06-03 18:22:45,869 INFO  - Recieve a message from other vehicle (at simulation time 15.001,900,000 s)
2024-06-03 18:22:45,869 INFO  - My position is not better! (at simulation time 15.001,900,000 s)
2024-06-03 18:22:45,869 INFO  - Recieve a message from other vehicle (at simulation time 15.001,900,000 s)
2024-06-03 18:22:45,869 INFO  - My position is not better! (at simulation time 15.001,900,000 s)
2024-06-03 18:22:45,870 INFO  - Recieve a message from other vehicle (at simulation time 15.002,300,000 s)
2024-06-03 18:22:45,870 INFO  - My position is not better! (at simulation time 15.002,300,000 s)
2024-06-03 18:22:45,870 INFO  - Recieve a message from other vehicle (at simulation time 15.002,400,000 s)
2024-06-03 18:22:45,870 INFO  - My position is not better! (at simulation time 15.002,400,000 s)
2024-06-03 18:22:45,870 INFO  - Recieve a message from other vehicle (at simulation time 15.002,400,000 s)
2024-06-03 18:22:45,870 INFO  - My position is not better! (at simulation time 15.002,400,000 s)
2024-06-03 18:22:45,871 INFO  - Recieve a message from other vehicle (at simulation time 15.003,300,000 s)
2024-06-03 18:22:45,871 INFO  - My position is not better! (at simulation time 15.003,300,000 s)
2024-06-03 18:22:46,097 INFO  - Called #onVehicleUpdated (at simulation time 16.000,000,000 s)
2024-06-03 18:22:46,098 INFO  - Sending out DENM broadcast (at simulation time 16.000,000,000 s)
2024-06-03 18:22:46,098 INFO  - Sending out AdHoc broadcast (at simulation time 16.000,000,000 s)
2024-06-03 18:22:46,098 INFO  - Sending out AdHoc broadcast (at simulation time 16.000,000,000 s)
2024-06-03 18:22:46,100 INFO  - Recieve a message from other vehicle (at simulation time 16.000,400,000 s)
2024-06-03 18:22:46,100 INFO  - My position is not better! (at simulation time 16.000,400,000 s)
2024-06-03 18:22:46,100 INFO  - Recieve a message from other vehicle (at simulation time 16.000,400,000 s)
2024-06-03 18:22:46,100 INFO  - My position is not better! (at simulation time 16.000,400,000 s)
2024-06-03 18:22:46,100 INFO  - Recieve a message from other vehicle (at simulation time 16.000,900,000 s)
2024-06-03 18:22:46,100 INFO  - DENM message Recived from veh_2 -info : seco (at simulation time 16.000,900,000 s)
2024-06-03 18:22:46,101 INFO  - Recending a DENM message from other vehicle (at simulation time 16.000,900,000 s)
2024-06-03 18:22:46,101 INFO  - Recieve a message from other vehicle (at simulation time 16.000,900,000 s)
2024-06-03 18:22:46,101 INFO  - I'm in better position but no more hops in message (at simulation time 16.000,900,000 s)
2024-06-03 18:22:46,101 INFO  - Recieve a message from other vehicle (at simulation time 16.001,300,000 s)
2024-06-03 18:22:46,101 INFO  - I'm in better position but no more hops in message (at simulation time 16.001,300,000 s)
2024-06-03 18:22:46,101 INFO  - Recieve a message from other vehicle (at simulation time 16.001,300,000 s)
2024-06-03 18:22:46,101 INFO  - I'm in better position but no more hops in message (at simulation time 16.001,300,000 s)
2024-06-03 18:22:46,102 INFO  - Recieve a message from other vehicle (at simulation time 16.001,400,000 s)
2024-06-03 18:22:46,102 INFO  - I'm in better position but no more hops in message (at simulation time 16.001,400,000 s)
2024-06-03 18:22:46,102 INFO  - Recieve a message from other vehicle (at simulation time 16.001,400,000 s)
2024-06-03 18:22:46,102 INFO  - My position is not better! (at simulation time 16.001,400,000 s)
2024-06-03 18:22:46,102 INFO  - Recieve a message from other vehicle (at simulation time 16.001,400,000 s)
2024-06-03 18:22:46,102 INFO  - I'm in better position but no more hops in message (at simulation time 16.001,400,000 s)
2024-06-03 18:22:46,103 INFO  - Recieve a message from other vehicle (at simulation time 16.001,800,000 s)
2024-06-03 18:22:46,103 INFO  - My position is not better! (at simulation time 16.001,800,000 s)
2024-06-03 18:22:46,103 INFO  - Recieve a message from other vehicle (at simulation time 16.001,900,000 s)
2024-06-03 18:22:46,103 INFO  - My position is not better! (at simulation time 16.001,900,000 s)
2024-06-03 18:22:46,104 INFO  - Recieve a message from other vehicle (at simulation time 16.002,300,000 s)
2024-06-03 18:22:46,104 INFO  - I'm in better position but no more hops in message (at simulation time 16.002,300,000 s)
2024-06-03 18:22:46,104 INFO  - Recieve a message from other vehicle (at simulation time 16.002,400,000 s)
2024-06-03 18:22:46,104 INFO  - I'm in better position but no more hops in message (at simulation time 16.002,400,000 s)
2024-06-03 18:22:46,104 INFO  - Recieve a message from other vehicle (at simulation time 16.002,800,000 s)
2024-06-03 18:22:46,104 INFO  - DENM message Recived from veh_4 -info : seco (at simulation time 16.002,800,000 s)
2024-06-03 18:22:46,104 INFO  - No more hops in DENM message (at simulation time 16.002,800,000 s)
2024-06-03 18:22:46,105 INFO  - Recieve a message from other vehicle (at simulation time 16.003,800,000 s)
2024-06-03 18:22:46,105 INFO  - My position is not better! (at simulation time 16.003,800,000 s)
2024-06-03 18:22:46,105 INFO  - Recieve a message from RSU (at simulation time 16.019,111,819 s)
2024-06-03 18:22:46,105 INFO  - RSU Stopped me!!! (at simulation time 16.019,111,819 s)
2024-06-03 18:22:46,105 INFO  - Recieve a message from RSU (at simulation time 16.021,480,659 s)
2024-06-03 18:22:46,106 INFO  - Recieve a message from RSU (at simulation time 16.722,387,243 s)
2024-06-03 18:22:46,106 INFO  - Recieve a message from RSU (at simulation time 16.725,326,197 s)
2024-06-03 18:22:46,349 INFO  - Called #onVehicleUpdated (at simulation time 17.000,000,000 s)
2024-06-03 18:22:46,349 INFO  - Sending out AdHoc broadcast (at simulation time 17.000,000,000 s)
2024-06-03 18:22:46,352 INFO  - Recieve a message from other vehicle (at simulation time 17.000,400,000 s)
2024-06-03 18:22:46,352 INFO  - My position is not better! (at simulation time 17.000,400,000 s)
2024-06-03 18:22:46,353 INFO  - Recieve a message from other vehicle (at simulation time 17.000,400,000 s)
2024-06-03 18:22:46,353 INFO  - My position is not better! (at simulation time 17.000,400,000 s)
2024-06-03 18:22:46,355 INFO  - Recieve a message from other vehicle (at simulation time 17.000,400,000 s)
2024-06-03 18:22:46,355 INFO  - My position is not better! (at simulation time 17.000,400,000 s)
2024-06-03 18:22:46,356 INFO  - Recieve a message from other vehicle (at simulation time 17.000,900,000 s)
2024-06-03 18:22:46,357 INFO  - I'm in better position but no more hops in message (at simulation time 17.000,900,000 s)
2024-06-03 18:22:46,359 INFO  - Recieve a message from other vehicle (at simulation time 17.001,300,000 s)
2024-06-03 18:22:46,359 INFO  - I'm in better position but no more hops in message (at simulation time 17.001,300,000 s)
2024-06-03 18:22:46,360 INFO  - Recieve a message from other vehicle (at simulation time 17.001,400,000 s)
2024-06-03 18:22:46,360 INFO  - My position is not better! (at simulation time 17.001,400,000 s)
2024-06-03 18:22:46,361 INFO  - Recieve a message from other vehicle (at simulation time 17.001,800,000 s)
2024-06-03 18:22:46,361 INFO  - I'm in better position but no more hops in message (at simulation time 17.001,800,000 s)
2024-06-03 18:22:46,361 INFO  - Recieve a message from other vehicle (at simulation time 17.001,900,000 s)
2024-06-03 18:22:46,361 INFO  - I'm in better position but no more hops in message (at simulation time 17.001,900,000 s)
2024-06-03 18:22:46,361 INFO  - Recieve a message from other vehicle (at simulation time 17.001,900,000 s)
2024-06-03 18:22:46,361 INFO  - I'm in better position but no more hops in message (at simulation time 17.001,900,000 s)
2024-06-03 18:22:46,362 INFO  - Recieve a message from other vehicle (at simulation time 17.002,300,000 s)
2024-06-03 18:22:46,362 INFO  - I'm in better position but no more hops in message (at simulation time 17.002,300,000 s)
2024-06-03 18:22:46,362 INFO  - Recieve a message from other vehicle (at simulation time 17.002,300,000 s)
2024-06-03 18:22:46,362 INFO  - I'm in better position but no more hops in message (at simulation time 17.002,300,000 s)
2024-06-03 18:22:46,362 INFO  - Recieve a message from other vehicle (at simulation time 17.002,400,000 s)
2024-06-03 18:22:46,362 INFO  - I'm in better position but no more hops in message (at simulation time 17.002,400,000 s)
2024-06-03 18:22:46,362 INFO  - Recieve a message from other vehicle (at simulation time 17.002,400,000 s)
2024-06-03 18:22:46,362 INFO  - My position is not better! (at simulation time 17.002,400,000 s)
2024-06-03 18:22:46,362 INFO  - Recieve a message from other vehicle (at simulation time 17.002,400,000 s)
2024-06-03 18:22:46,362 INFO  - I'm in better position but no more hops in message (at simulation time 17.002,400,000 s)
2024-06-03 18:22:46,365 INFO  - Recieve a message from RSU (at simulation time 17.441,308,469 s)
2024-06-03 18:22:46,365 INFO  - Recieve a message from RSU (at simulation time 17.442,954,391 s)
2024-06-03 18:22:46,599 INFO  - Called #onVehicleUpdated (at simulation time 18.000,000,000 s)
2024-06-03 18:22:46,600 INFO  - Sending out AdHoc broadcast (at simulation time 18.000,000,000 s)
2024-06-03 18:22:46,601 INFO  - Sending out AdHoc broadcast (at simulation time 18.000,000,000 s)
2024-06-03 18:22:46,603 INFO  - Recieve a message from other vehicle (at simulation time 18.000,400,000 s)
2024-06-03 18:22:46,603 INFO  - My position is not better! (at simulation time 18.000,400,000 s)
2024-06-03 18:22:46,604 INFO  - Recieve a message from other vehicle (at simulation time 18.000,400,000 s)
2024-06-03 18:22:46,604 INFO  - I'm in better position but no more hops in message (at simulation time 18.000,400,000 s)
2024-06-03 18:22:46,606 INFO  - Recieve a message from other vehicle (at simulation time 18.000,900,000 s)
2024-06-03 18:22:46,606 INFO  - Recending a message from other vehicle (at simulation time 18.000,900,000 s)
2024-06-03 18:22:46,610 INFO  - Recieve a message from other vehicle (at simulation time 18.001,900,000 s)
2024-06-03 18:22:46,610 INFO  - I'm in better position but no more hops in message (at simulation time 18.001,900,000 s)
2024-06-03 18:22:46,611 INFO  - Recieve a message from other vehicle (at simulation time 18.001,900,000 s)
2024-06-03 18:22:46,611 INFO  - My position is not better! (at simulation time 18.001,900,000 s)
2024-06-03 18:22:46,611 INFO  - Recieve a message from other vehicle (at simulation time 18.001,900,000 s)
2024-06-03 18:22:46,611 INFO  - My position is not better! (at simulation time 18.001,900,000 s)
2024-06-03 18:22:46,612 INFO  - Recieve a message from other vehicle (at simulation time 18.001,900,000 s)
2024-06-03 18:22:46,612 INFO  - I'm in better position but no more hops in message (at simulation time 18.001,900,000 s)
2024-06-03 18:22:46,612 INFO  - Recieve a message from other vehicle (at simulation time 18.001,900,000 s)
2024-06-03 18:22:46,612 INFO  - My position is not better! (at simulation time 18.001,900,000 s)
2024-06-03 18:22:46,613 INFO  - Recieve a message from other vehicle (at simulation time 18.002,800,000 s)
2024-06-03 18:22:46,613 INFO  - I'm in better position but no more hops in message (at simulation time 18.002,800,000 s)
2024-06-03 18:22:46,613 INFO  - Recieve a message from other vehicle (at simulation time 18.002,800,000 s)
2024-06-03 18:22:46,613 INFO  - I'm in better position but no more hops in message (at simulation time 18.002,800,000 s)
2024-06-03 18:22:46,615 INFO  - Recieve a message from RSU (at simulation time 18.113,469,011 s)
2024-06-03 18:22:46,615 INFO  - Recieve a message from RSU (at simulation time 18.131,105,868 s)
2024-06-03 18:22:46,616 INFO  - Recieve a message from RSU (at simulation time 18.817,322,773 s)
2024-06-03 18:22:46,617 INFO  - Recieve a message from RSU (at simulation time 18.831,715,812 s)
2024-06-03 18:22:46,849 INFO  - Called #onVehicleUpdated (at simulation time 19.000,000,000 s)
2024-06-03 18:22:46,850 INFO  - Sending out AdHoc broadcast (at simulation time 19.000,000,000 s)
2024-06-03 18:22:46,855 INFO  - Recieve a message from other vehicle (at simulation time 19.001,900,000 s)
2024-06-03 18:22:46,855 INFO  - My position is not better! (at simulation time 19.001,900,000 s)
2024-06-03 18:22:46,855 INFO  - Recieve a message from other vehicle (at simulation time 19.001,900,000 s)
2024-06-03 18:22:46,855 INFO  - My position is not better! (at simulation time 19.001,900,000 s)
2024-06-03 18:22:46,855 INFO  - Recieve a message from other vehicle (at simulation time 19.001,900,000 s)
2024-06-03 18:22:46,855 INFO  - I'm in better position but no more hops in message (at simulation time 19.001,900,000 s)
2024-06-03 18:22:46,855 INFO  - Recieve a message from other vehicle (at simulation time 19.001,900,000 s)
2024-06-03 18:22:46,855 INFO  - My position is not better! (at simulation time 19.001,900,000 s)
2024-06-03 18:22:46,856 INFO  - Recieve a message from other vehicle (at simulation time 19.002,400,000 s)
2024-06-03 18:22:46,856 INFO  - My position is not better! (at simulation time 19.002,400,000 s)
2024-06-03 18:22:46,856 INFO  - Recieve a message from other vehicle (at simulation time 19.002,400,000 s)
2024-06-03 18:22:46,856 INFO  - My position is not better! (at simulation time 19.002,400,000 s)
2024-06-03 18:22:46,857 INFO  - Recieve a message from RSU (at simulation time 19.522,657,436 s)
2024-06-03 18:22:46,857 INFO  - Recieve a message from RSU (at simulation time 19.557,072,590 s)
2024-06-03 18:22:47,105 INFO  - Called #onVehicleUpdated (at simulation time 20.000,000,000 s)
2024-06-03 18:22:47,106 INFO  - Sending out AdHoc broadcast (at simulation time 20.000,000,000 s)
2024-06-03 18:22:47,107 INFO  - Sending out AdHoc broadcast (at simulation time 20.000,000,000 s)
2024-06-03 18:22:47,108 INFO  - Recieve a message from other vehicle (at simulation time 20.000,400,000 s)
2024-06-03 18:22:47,108 INFO  - My position is not better! (at simulation time 20.000,400,000 s)
2024-06-03 18:22:47,109 INFO  - Recieve a message from other vehicle (at simulation time 20.000,400,000 s)
2024-06-03 18:22:47,109 INFO  - My position is not better! (at simulation time 20.000,400,000 s)
2024-06-03 18:22:47,111 INFO  - Recieve a message from other vehicle (at simulation time 20.001,400,000 s)
2024-06-03 18:22:47,111 INFO  - I'm in better position but no more hops in message (at simulation time 20.001,400,000 s)
2024-06-03 18:22:47,111 INFO  - Recieve a message from other vehicle (at simulation time 20.001,900,000 s)
2024-06-03 18:22:47,111 INFO  - My position is not better! (at simulation time 20.001,900,000 s)
2024-06-03 18:22:47,112 INFO  - Recieve a message from other vehicle (at simulation time 20.002,400,000 s)
2024-06-03 18:22:47,112 INFO  - My position is not better! (at simulation time 20.002,400,000 s)
2024-06-03 18:22:47,114 INFO  - Recieve a message from RSU (at simulation time 20.240,005,065 s)
2024-06-03 18:22:47,114 INFO  - Recieve a message from RSU (at simulation time 20.243,169,959 s)
2024-06-03 18:22:47,115 INFO  - Recieve a message from RSU (at simulation time 20.920,126,448 s)
2024-06-03 18:22:47,115 INFO  - Recieve a message from RSU (at simulation time 20.921,341,880 s)
2024-06-03 18:22:47,349 INFO  - Called #onVehicleUpdated (at simulation time 21.000,000,000 s)
2024-06-03 18:22:47,349 INFO  - Sending out AdHoc broadcast (at simulation time 21.000,000,000 s)
2024-06-03 18:22:47,351 INFO  - Recieve a message from other vehicle (at simulation time 21.000,400,000 s)
2024-06-03 18:22:47,351 INFO  - My position is not better! (at simulation time 21.000,400,000 s)
2024-06-03 18:22:47,352 INFO  - Recieve a message from other vehicle (at simulation time 21.000,400,000 s)
2024-06-03 18:22:47,352 INFO  - I'm in better position but no more hops in message (at simulation time 21.000,400,000 s)
2024-06-03 18:22:47,352 INFO  - Recieve a message from other vehicle (at simulation time 21.000,900,000 s)
2024-06-03 18:22:47,352 INFO  - My position is not better! (at simulation time 21.000,900,000 s)
2024-06-03 18:22:47,353 INFO  - Recieve a message from other vehicle (at simulation time 21.001,400,000 s)
2024-06-03 18:22:47,353 INFO  - My position is not better! (at simulation time 21.001,400,000 s)
2024-06-03 18:22:47,353 INFO  - Recieve a message from other vehicle (at simulation time 21.001,400,000 s)
2024-06-03 18:22:47,353 INFO  - My position is not better! (at simulation time 21.001,400,000 s)
2024-06-03 18:22:47,354 INFO  - Recieve a message from other vehicle (at simulation time 21.002,400,000 s)
2024-06-03 18:22:47,354 INFO  - I'm in better position but no more hops in message (at simulation time 21.002,400,000 s)
2024-06-03 18:22:47,354 INFO  - Recieve a message from other vehicle (at simulation time 21.002,800,000 s)
2024-06-03 18:22:47,354 INFO  - I'm in better position but no more hops in message (at simulation time 21.002,800,000 s)
2024-06-03 18:22:47,355 INFO  - Recieve a message from RSU (at simulation time 21.612,221,738 s)
2024-06-03 18:22:47,356 INFO  - Recieve a message from RSU (at simulation time 21.617,697,208 s)
2024-06-03 18:22:47,601 INFO  - Called #onVehicleUpdated (at simulation time 22.000,000,000 s)
2024-06-03 18:22:47,602 INFO  - Sending out AdHoc broadcast (at simulation time 22.000,000,000 s)
2024-06-03 18:22:47,603 INFO  - Sending out AdHoc broadcast (at simulation time 22.000,000,000 s)
2024-06-03 18:22:47,603 INFO  - Recieve a message from other vehicle (at simulation time 22.000,400,000 s)
2024-06-03 18:22:47,604 INFO  - Recending a message from other vehicle (at simulation time 22.000,400,000 s)
2024-06-03 18:22:47,604 INFO  - Recieve a message from other vehicle (at simulation time 22.000,400,000 s)
2024-06-03 18:22:47,604 INFO  - My position is not better! (at simulation time 22.000,400,000 s)
2024-06-03 18:22:47,606 INFO  - Recieve a message from other vehicle (at simulation time 22.001,900,000 s)
2024-06-03 18:22:47,606 INFO  - My position is not better! (at simulation time 22.001,900,000 s)
2024-06-03 18:22:47,606 INFO  - Recieve a message from other vehicle (at simulation time 22.001,900,000 s)
2024-06-03 18:22:47,606 INFO  - My position is not better! (at simulation time 22.001,900,000 s)
2024-06-03 18:22:47,606 INFO  - Recieve a message from other vehicle (at simulation time 22.002,400,000 s)
2024-06-03 18:22:47,606 INFO  - My position is not better! (at simulation time 22.002,400,000 s)
2024-06-03 18:22:47,608 INFO  - Recieve a message from RSU (at simulation time 22.336,037,411 s)
2024-06-03 18:22:47,609 INFO  - Recieve a message from RSU (at simulation time 22.354,023,034 s)
2024-06-03 18:22:47,849 INFO  - Called #onVehicleUpdated (at simulation time 23.000,000,000 s)
2024-06-03 18:22:47,849 INFO  - Sending out AdHoc broadcast (at simulation time 23.000,000,000 s)
2024-06-03 18:22:47,851 INFO  - Recieve a message from other vehicle (at simulation time 23.000,400,000 s)
2024-06-03 18:22:47,851 INFO  - My position is not better! (at simulation time 23.000,400,000 s)
2024-06-03 18:22:47,852 INFO  - Recieve a message from other vehicle (at simulation time 23.000,900,000 s)
2024-06-03 18:22:47,852 INFO  - I'm in better position but no more hops in message (at simulation time 23.000,900,000 s)
2024-06-03 18:22:47,852 INFO  - Recieve a message from other vehicle (at simulation time 23.001,400,000 s)
2024-06-03 18:22:47,852 INFO  - My position is not better! (at simulation time 23.001,400,000 s)
