2024-06-03 19:40:34,068 INFO  - Initialize Vehicle application (at simulation time 114.000,000,000 s)
2024-06-03 19:40:34,070 INFO  - Activated WLAN Module (at simulation time 114.000,000,000 s)
2024-06-03 19:40:34,072 INFO  - Called #onVehicleUpdated (at simulation time 114.000,000,000 s)
2024-06-03 19:40:34,072 INFO  - Exced velocity! Sending new CAM (at simulation time 114.000,000,000 s)
2024-06-03 19:40:34,072 INFO  - Sending out AdHoc broadcast (at simulation time 114.000,000,000 s)
2024-06-03 19:40:34,418 INFO  - Called #onVehicleUpdated (at simulation time 115.000,000,000 s)
2024-06-03 19:40:34,418 INFO  - Exced velocity! Sending new CAM (at simulation time 115.000,000,000 s)
2024-06-03 19:40:34,418 INFO  - Sending out AdHoc broadcast (at simulation time 115.000,000,000 s)
2024-06-03 19:40:34,418 INFO  - Define the name: veh_21 and route: r_4 (at simulation time 115.000,000,000 s)
2024-06-03 19:40:34,418 INFO  - Sending out AdHoc broadcast (at simulation time 115.000,000,000 s)
2024-06-03 19:40:34,762 INFO  - Called #onVehicleUpdated (at simulation time 116.000,000,000 s)
2024-06-03 19:40:34,762 INFO  - Exced velocity! Sending new CAM (at simulation time 116.000,000,000 s)
2024-06-03 19:40:34,762 INFO  - Sending out AdHoc broadcast (at simulation time 116.000,000,000 s)
2024-06-03 19:40:34,762 INFO  - Sending out AdHoc broadcast (at simulation time 116.000,000,000 s)
2024-06-03 19:40:34,763 INFO  - Recieve a message from other vehicle (at simulation time 116.002,400,000 s)
2024-06-03 19:40:34,763 INFO  - Recending a message from other vehicle (at simulation time 116.002,400,000 s)
2024-06-03 19:40:35,112 INFO  - Called #onVehicleUpdated (at simulation time 117.000,000,000 s)
2024-06-03 19:40:35,112 INFO  - Exced velocity! Sending new CAM (at simulation time 117.000,000,000 s)
2024-06-03 19:40:35,112 INFO  - Sending out AdHoc broadcast (at simulation time 117.000,000,000 s)
2024-06-03 19:40:35,112 INFO  - Sending out AdHoc broadcast (at simulation time 117.000,000,000 s)
2024-06-03 19:40:35,112 INFO  - Sending out AdHoc broadcast (at simulation time 117.000,000,000 s)
2024-06-03 19:40:35,461 INFO  - Called #onVehicleUpdated (at simulation time 118.000,000,000 s)
2024-06-03 19:40:35,461 INFO  - Exced velocity! Sending new CAM (at simulation time 118.000,000,000 s)
2024-06-03 19:40:35,461 INFO  - Sending out AdHoc broadcast (at simulation time 118.000,000,000 s)
2024-06-03 19:40:35,462 INFO  - Sending out AdHoc broadcast (at simulation time 118.000,000,000 s)
2024-06-03 19:40:35,462 INFO  - Sending out AdHoc broadcast (at simulation time 118.000,000,000 s)
2024-06-03 19:40:35,462 INFO  - Recieve a message from other vehicle (at simulation time 118.001,400,000 s)
2024-06-03 19:40:35,462 INFO  - Recending a message from other vehicle (at simulation time 118.001,400,000 s)
2024-06-03 19:40:35,812 INFO  - Called #onVehicleUpdated (at simulation time 119.000,000,000 s)
2024-06-03 19:40:35,812 INFO  - Exced velocity! Sending new CAM (at simulation time 119.000,000,000 s)
2024-06-03 19:40:35,812 INFO  - Sending out AdHoc broadcast (at simulation time 119.000,000,000 s)
2024-06-03 19:40:35,812 INFO  - Sending out AdHoc broadcast (at simulation time 119.000,000,000 s)
2024-06-03 19:40:35,812 INFO  - Sending out AdHoc broadcast (at simulation time 119.000,000,000 s)
2024-06-03 19:40:35,812 INFO  - Sending out AdHoc broadcast (at simulation time 119.000,000,000 s)
2024-06-03 19:40:36,165 INFO  - Called #onVehicleUpdated (at simulation time 120.000,000,000 s)
2024-06-03 19:40:36,165 INFO  - Sending out AdHoc broadcast (at simulation time 120.000,000,000 s)
2024-06-03 19:40:36,165 INFO  - Sending out AdHoc broadcast (at simulation time 120.000,000,000 s)
2024-06-03 19:40:36,166 INFO  - Sending out AdHoc broadcast (at simulation time 120.000,000,000 s)
2024-06-03 19:40:36,166 INFO  - Recieve a message from other vehicle (at simulation time 120.000,400,000 s)
2024-06-03 19:40:36,167 INFO  - Recending a message from other vehicle (at simulation time 120.000,400,000 s)
2024-06-03 19:40:36,167 INFO  - Recieve a message from other vehicle (at simulation time 120.000,900,000 s)
2024-06-03 19:40:36,167 INFO  - I'm in better position but no more hops in message (at simulation time 120.000,900,000 s)
2024-06-03 19:40:36,169 INFO  - Recieve a message from other vehicle (at simulation time 120.002,400,000 s)
2024-06-03 19:40:36,169 INFO  - Recending a message from other vehicle (at simulation time 120.002,400,000 s)
2024-06-03 19:40:36,169 INFO  - Recieve a message from other vehicle (at simulation time 120.002,400,000 s)
2024-06-03 19:40:36,169 INFO  - I'm in better position but no more hops in message (at simulation time 120.002,400,000 s)
2024-06-03 19:40:36,169 INFO  - Recieve a message from other vehicle (at simulation time 120.002,400,000 s)
2024-06-03 19:40:36,169 INFO  - Recending a message from other vehicle (at simulation time 120.002,400,000 s)
2024-06-03 19:40:36,513 INFO  - Called #onVehicleUpdated (at simulation time 121.000,000,000 s)
2024-06-03 19:40:36,513 INFO  - Sending out AdHoc broadcast (at simulation time 121.000,000,000 s)
2024-06-03 19:40:36,514 INFO  - Sending out AdHoc broadcast (at simulation time 121.000,000,000 s)
2024-06-03 19:40:36,514 INFO  - Sending out AdHoc broadcast (at simulation time 121.000,000,000 s)
2024-06-03 19:40:36,514 INFO  - Sending out AdHoc broadcast (at simulation time 121.000,000,000 s)
2024-06-03 19:40:36,515 INFO  - Recieve a message from other vehicle (at simulation time 121.000,400,000 s)
2024-06-03 19:40:36,515 INFO  - Recending a message from other vehicle (at simulation time 121.000,400,000 s)
2024-06-03 19:40:36,515 INFO  - Recieve a message from other vehicle (at simulation time 121.000,400,000 s)
2024-06-03 19:40:36,515 INFO  - Recending a message from other vehicle (at simulation time 121.000,400,000 s)
2024-06-03 19:40:36,516 INFO  - Recieve a message from other vehicle (at simulation time 121.000,900,000 s)
2024-06-03 19:40:36,516 INFO  - Recending a message from other vehicle (at simulation time 121.000,900,000 s)
2024-06-03 19:40:36,516 INFO  - Recieve a message from other vehicle (at simulation time 121.000,900,000 s)
2024-06-03 19:40:36,516 INFO  - Recending a message from other vehicle (at simulation time 121.000,900,000 s)
2024-06-03 19:40:36,516 INFO  - Recieve a message from other vehicle (at simulation time 121.000,900,000 s)
2024-06-03 19:40:36,516 INFO  - Recending a message from other vehicle (at simulation time 121.000,900,000 s)
2024-06-03 19:40:36,516 INFO  - Recieve a message from other vehicle (at simulation time 121.001,300,000 s)
2024-06-03 19:40:36,516 INFO  - I'm in better position but no more hops in message (at simulation time 121.001,300,000 s)
2024-06-03 19:40:36,517 INFO  - Recieve a message from other vehicle (at simulation time 121.001,400,000 s)
2024-06-03 19:40:36,517 INFO  - Recending a message from other vehicle (at simulation time 121.001,400,000 s)
2024-06-03 19:40:36,517 INFO  - Recieve a message from other vehicle (at simulation time 121.001,400,000 s)
2024-06-03 19:40:36,517 INFO  - I'm in better position but no more hops in message (at simulation time 121.001,400,000 s)
2024-06-03 19:40:36,517 INFO  - Recieve a message from other vehicle (at simulation time 121.001,400,000 s)
2024-06-03 19:40:36,517 INFO  - I'm in better position but no more hops in message (at simulation time 121.001,400,000 s)
2024-06-03 19:40:36,517 INFO  - Recieve a message from other vehicle (at simulation time 121.002,300,000 s)
2024-06-03 19:40:36,517 INFO  - I'm in better position but no more hops in message (at simulation time 121.002,300,000 s)
2024-06-03 19:40:36,517 INFO  - Recieve a message from other vehicle (at simulation time 121.002,300,000 s)
2024-06-03 19:40:36,517 INFO  - I'm in better position but no more hops in message (at simulation time 121.002,300,000 s)
2024-06-03 19:40:36,518 INFO  - Recieve a message from other vehicle (at simulation time 121.002,300,000 s)
2024-06-03 19:40:36,518 INFO  - I'm in better position but no more hops in message (at simulation time 121.002,300,000 s)
2024-06-03 19:40:36,518 INFO  - Recieve a message from other vehicle (at simulation time 121.002,400,000 s)
2024-06-03 19:40:36,518 INFO  - I'm in better position but no more hops in message (at simulation time 121.002,400,000 s)
2024-06-03 19:40:36,518 INFO  - Recieve a message from other vehicle (at simulation time 121.002,400,000 s)
2024-06-03 19:40:36,518 INFO  - I'm in better position but no more hops in message (at simulation time 121.002,400,000 s)
2024-06-03 19:40:36,863 INFO  - Called #onVehicleUpdated (at simulation time 122.000,000,000 s)
2024-06-03 19:40:36,864 INFO  - Sending out AdHoc broadcast (at simulation time 122.000,000,000 s)
2024-06-03 19:40:36,864 INFO  - Sending out AdHoc broadcast (at simulation time 122.000,000,000 s)
2024-06-03 19:40:36,864 INFO  - Sending out AdHoc broadcast (at simulation time 122.000,000,000 s)
2024-06-03 19:40:36,865 INFO  - Recieve a message from other vehicle (at simulation time 122.000,800,000 s)
2024-06-03 19:40:36,865 INFO  - I'm in better position but no more hops in message (at simulation time 122.000,800,000 s)
2024-06-03 19:40:36,865 INFO  - Recieve a message from RSU (at simulation time 122.000,900,000 s)
2024-06-03 19:40:36,865 INFO  - Recieve a message from other vehicle (at simulation time 122.000,900,000 s)
2024-06-03 19:40:36,865 INFO  - I'm in better position but no more hops in message (at simulation time 122.000,900,000 s)
2024-06-03 19:40:36,866 INFO  - Recieve a message from other vehicle (at simulation time 122.001,400,000 s)
2024-06-03 19:40:36,866 INFO  - I'm in better position but no more hops in message (at simulation time 122.001,400,000 s)
2024-06-03 19:40:36,866 INFO  - Recieve a message from other vehicle (at simulation time 122.001,400,000 s)
2024-06-03 19:40:36,866 INFO  - I'm in better position but no more hops in message (at simulation time 122.001,400,000 s)
2024-06-03 19:40:36,866 INFO  - Recieve a message from other vehicle (at simulation time 122.001,400,000 s)
2024-06-03 19:40:36,866 INFO  - Recending a message from other vehicle (at simulation time 122.001,400,000 s)
2024-06-03 19:40:36,866 INFO  - Recieve a message from other vehicle (at simulation time 122.001,800,000 s)
2024-06-03 19:40:36,866 INFO  - I'm in better position but no more hops in message (at simulation time 122.001,800,000 s)
2024-06-03 19:40:36,866 INFO  - Recieve a message from other vehicle (at simulation time 122.001,800,000 s)
2024-06-03 19:40:36,866 INFO  - I'm in better position but no more hops in message (at simulation time 122.001,800,000 s)
2024-06-03 19:40:36,867 INFO  - Recieve a message from other vehicle (at simulation time 122.001,900,000 s)
2024-06-03 19:40:36,867 INFO  - Recending a message from other vehicle (at simulation time 122.001,900,000 s)
2024-06-03 19:40:36,867 INFO  - Recieve a message from other vehicle (at simulation time 122.001,900,000 s)
2024-06-03 19:40:36,867 INFO  - I'm in better position but no more hops in message (at simulation time 122.001,900,000 s)
2024-06-03 19:40:36,867 INFO  - Recieve a message from other vehicle (at simulation time 122.001,900,000 s)
2024-06-03 19:40:36,867 INFO  - Recending a message from other vehicle (at simulation time 122.001,900,000 s)
2024-06-03 19:40:36,867 INFO  - Recieve a message from other vehicle (at simulation time 122.002,300,000 s)
2024-06-03 19:40:36,867 INFO  - I'm in better position but no more hops in message (at simulation time 122.002,300,000 s)
2024-06-03 19:40:36,867 INFO  - Recieve a message from other vehicle (at simulation time 122.002,400,000 s)
2024-06-03 19:40:36,867 INFO  - I'm in better position but no more hops in message (at simulation time 122.002,400,000 s)
2024-06-03 19:40:36,867 INFO  - Recieve a message from other vehicle (at simulation time 122.002,400,000 s)
2024-06-03 19:40:36,867 INFO  - I'm in better position but no more hops in message (at simulation time 122.002,400,000 s)
2024-06-03 19:40:36,868 INFO  - Recieve a message from other vehicle (at simulation time 122.002,800,000 s)
2024-06-03 19:40:36,868 INFO  - I'm in better position but no more hops in message (at simulation time 122.002,800,000 s)
2024-06-03 19:40:36,868 INFO  - Recieve a message from other vehicle (at simulation time 122.003,800,000 s)
2024-06-03 19:40:36,868 INFO  - I'm in better position but no more hops in message (at simulation time 122.003,800,000 s)
2024-06-03 19:40:37,213 INFO  - Called #onVehicleUpdated (at simulation time 123.000,000,000 s)
2024-06-03 19:40:37,213 INFO  - Sending out DENM broadcast (at simulation time 123.000,000,000 s)
2024-06-03 19:40:37,213 INFO  - Sending out AdHoc broadcast (at simulation time 123.000,000,000 s)
2024-06-03 19:40:37,213 INFO  - Sending out AdHoc broadcast (at simulation time 123.000,000,000 s)
2024-06-03 19:40:37,214 INFO  - Sending out AdHoc broadcast (at simulation time 123.000,000,000 s)
2024-06-03 19:40:37,214 INFO  - Sending out AdHoc broadcast (at simulation time 123.000,000,000 s)
2024-06-03 19:40:37,215 INFO  - Recieve a message from other vehicle (at simulation time 123.000,400,000 s)
2024-06-03 19:40:37,215 INFO  - DENM message Recived from veh_19 -info : nevoeiro (at simulation time 123.000,400,000 s)
2024-06-03 19:40:37,215 INFO  - Recending a DENM message from other vehicle (at simulation time 123.000,400,000 s)
2024-06-03 19:40:37,215 INFO  - Recieve a message from other vehicle (at simulation time 123.000,400,000 s)
2024-06-03 19:40:37,215 INFO  - My position is not better! (at simulation time 123.000,400,000 s)
2024-06-03 19:40:37,215 INFO  - Recieve a message from other vehicle (at simulation time 123.000,400,000 s)
2024-06-03 19:40:37,215 INFO  - My position is not better! (at simulation time 123.000,400,000 s)
2024-06-03 19:40:37,216 INFO  - Recieve a message from other vehicle (at simulation time 123.000,400,000 s)
2024-06-03 19:40:37,216 INFO  - My position is not better! (at simulation time 123.000,400,000 s)
2024-06-03 19:40:37,216 INFO  - Recieve a message from other vehicle (at simulation time 123.000,800,000 s)
2024-06-03 19:40:37,216 INFO  - My position is not better! (at simulation time 123.000,800,000 s)
2024-06-03 19:40:37,216 INFO  - Recieve a message from other vehicle (at simulation time 123.000,800,000 s)
2024-06-03 19:40:37,216 INFO  - My position is not better! (at simulation time 123.000,800,000 s)
2024-06-03 19:40:37,217 INFO  - Recieve a message from other vehicle (at simulation time 123.000,900,000 s)
2024-06-03 19:40:37,217 INFO  - My position is not better! (at simulation time 123.000,900,000 s)
2024-06-03 19:40:37,217 INFO  - Recieve a message from other vehicle (at simulation time 123.000,900,000 s)
2024-06-03 19:40:37,217 INFO  - My position is not better! (at simulation time 123.000,900,000 s)
2024-06-03 19:40:37,217 INFO  - Recieve a message from other vehicle (at simulation time 123.001,400,000 s)
2024-06-03 19:40:37,217 INFO  - My position is not better! (at simulation time 123.001,400,000 s)
2024-06-03 19:40:37,218 INFO  - Recieve a message from other vehicle (at simulation time 123.001,800,000 s)
2024-06-03 19:40:37,218 INFO  - DENM message Recived from veh_21 -info : seco (at simulation time 123.001,800,000 s)
2024-06-03 19:40:37,218 INFO  - No more hops in DENM message (at simulation time 123.001,800,000 s)
2024-06-03 19:40:37,218 INFO  - Recieve a message from other vehicle (at simulation time 123.001,800,000 s)
2024-06-03 19:40:37,218 INFO  - DENM message Recived from veh_23 -info : seco (at simulation time 123.001,800,000 s)
2024-06-03 19:40:37,218 INFO  - No more hops in DENM message (at simulation time 123.001,800,000 s)
2024-06-03 19:40:37,218 INFO  - Recieve a message from other vehicle (at simulation time 123.001,900,000 s)
2024-06-03 19:40:37,218 INFO  - DENM message Recived from veh_18 -info : seco (at simulation time 123.001,900,000 s)
2024-06-03 19:40:37,218 INFO  - No more hops in DENM message (at simulation time 123.001,900,000 s)
2024-06-03 19:40:37,218 INFO  - Recieve a message from other vehicle (at simulation time 123.001,900,000 s)
2024-06-03 19:40:37,218 INFO  - DENM message Recived from veh_23 -info : seco (at simulation time 123.001,900,000 s)
2024-06-03 19:40:37,218 INFO  - No more hops in DENM message (at simulation time 123.001,900,000 s)
2024-06-03 19:40:37,218 INFO  - Recieve a message from other vehicle (at simulation time 123.001,900,000 s)
2024-06-03 19:40:37,218 INFO  - My position is not better! (at simulation time 123.001,900,000 s)
2024-06-03 19:40:37,218 INFO  - Recieve a message from other vehicle (at simulation time 123.001,900,000 s)
2024-06-03 19:40:37,218 INFO  - My position is not better! (at simulation time 123.001,900,000 s)
2024-06-03 19:40:37,218 INFO  - Recieve a message from other vehicle (at simulation time 123.001,900,000 s)
2024-06-03 19:40:37,218 INFO  - My position is not better! (at simulation time 123.001,900,000 s)
2024-06-03 19:40:37,218 INFO  - Recieve a message from other vehicle (at simulation time 123.001,900,000 s)
2024-06-03 19:40:37,218 INFO  - My position is not better! (at simulation time 123.001,900,000 s)
2024-06-03 19:40:37,218 INFO  - Recieve a message from other vehicle (at simulation time 123.002,300,000 s)
2024-06-03 19:40:37,218 INFO  - My position is not better! (at simulation time 123.002,300,000 s)
2024-06-03 19:40:37,218 INFO  - Recieve a message from other vehicle (at simulation time 123.002,300,000 s)
2024-06-03 19:40:37,218 INFO  - My position is not better! (at simulation time 123.002,300,000 s)
2024-06-03 19:40:37,218 INFO  - Recieve a message from other vehicle (at simulation time 123.002,800,000 s)
2024-06-03 19:40:37,218 INFO  - DENM message Recived from veh_18 -info : seco (at simulation time 123.002,800,000 s)
2024-06-03 19:40:37,218 INFO  - No more hops in DENM message (at simulation time 123.002,800,000 s)
2024-06-03 19:40:37,563 INFO  - Called #onVehicleUpdated (at simulation time 124.000,000,000 s)
2024-06-03 19:40:37,563 INFO  - Sending out AdHoc broadcast (at simulation time 124.000,000,000 s)
2024-06-03 19:40:37,563 INFO  - Sending out AdHoc broadcast (at simulation time 124.000,000,000 s)
2024-06-03 19:40:37,563 INFO  - Sending out AdHoc broadcast (at simulation time 124.000,000,000 s)
2024-06-03 19:40:37,565 INFO  - Recieve a message from other vehicle (at simulation time 124.000,800,000 s)
2024-06-03 19:40:37,565 INFO  - My position is not better! (at simulation time 124.000,800,000 s)
2024-06-03 19:40:37,565 INFO  - Recieve a message from other vehicle (at simulation time 124.000,900,000 s)
2024-06-03 19:40:37,565 INFO  - DENM message Recived from veh_20 -info : seco (at simulation time 124.000,900,000 s)
2024-06-03 19:40:37,565 INFO  - No more hops in DENM message (at simulation time 124.000,900,000 s)
2024-06-03 19:40:37,565 INFO  - Recieve a message from other vehicle (at simulation time 124.000,900,000 s)
2024-06-03 19:40:37,565 INFO  - My position is not better! (at simulation time 124.000,900,000 s)
2024-06-03 19:40:37,565 INFO  - Recieve a message from other vehicle (at simulation time 124.001,300,000 s)
2024-06-03 19:40:37,565 INFO  - My position is not better! (at simulation time 124.001,300,000 s)
2024-06-03 19:40:37,566 INFO  - Recieve a message from other vehicle (at simulation time 124.001,400,000 s)
2024-06-03 19:40:37,566 INFO  - DENM message Recived from veh_22 -info : seco (at simulation time 124.001,400,000 s)
2024-06-03 19:40:37,566 INFO  - No more hops in DENM message (at simulation time 124.001,400,000 s)
2024-06-03 19:40:37,566 INFO  - Recieve a message from other vehicle (at simulation time 124.001,400,000 s)
2024-06-03 19:40:37,566 INFO  - My position is not better! (at simulation time 124.001,400,000 s)
2024-06-03 19:40:37,566 INFO  - Recieve a message from other vehicle (at simulation time 124.001,400,000 s)
2024-06-03 19:40:37,566 INFO  - My position is not better! (at simulation time 124.001,400,000 s)
2024-06-03 19:40:37,567 INFO  - Recieve a message from other vehicle (at simulation time 124.001,900,000 s)
2024-06-03 19:40:37,567 INFO  - My position is not better! (at simulation time 124.001,900,000 s)
2024-06-03 19:40:37,567 INFO  - Recieve a message from other vehicle (at simulation time 124.002,300,000 s)
2024-06-03 19:40:37,567 INFO  - DENM message Recived from veh_22 -info : seco (at simulation time 124.002,300,000 s)
2024-06-03 19:40:37,567 INFO  - No more hops in DENM message (at simulation time 124.002,300,000 s)
2024-06-03 19:40:37,567 INFO  - Recieve a message from other vehicle (at simulation time 124.002,300,000 s)
2024-06-03 19:40:37,567 INFO  - My position is not better! (at simulation time 124.002,300,000 s)
2024-06-03 19:40:37,567 INFO  - Recieve a message from other vehicle (at simulation time 124.002,300,000 s)
2024-06-03 19:40:37,567 INFO  - My position is not better! (at simulation time 124.002,300,000 s)
2024-06-03 19:40:37,567 INFO  - Recieve a message from other vehicle (at simulation time 124.002,400,000 s)
2024-06-03 19:40:37,567 INFO  - My position is not better! (at simulation time 124.002,400,000 s)
2024-06-03 19:40:37,568 INFO  - Recieve a message from other vehicle (at simulation time 124.002,400,000 s)
2024-06-03 19:40:37,568 INFO  - My position is not better! (at simulation time 124.002,400,000 s)
2024-06-03 19:40:37,568 INFO  - Recieve a message from other vehicle (at simulation time 124.002,400,000 s)
2024-06-03 19:40:37,568 INFO  - My position is not better! (at simulation time 124.002,400,000 s)
2024-06-03 19:40:37,568 INFO  - Recieve a message from other vehicle (at simulation time 124.002,800,000 s)
2024-06-03 19:40:37,568 INFO  - My position is not better! (at simulation time 124.002,800,000 s)
2024-06-03 19:40:37,568 INFO  - Recieve a message from other vehicle (at simulation time 124.003,300,000 s)
2024-06-03 19:40:37,568 INFO  - My position is not better! (at simulation time 124.003,300,000 s)
2024-06-03 19:40:37,568 INFO  - Recieve a message from other vehicle (at simulation time 124.003,800,000 s)
2024-06-03 19:40:37,568 INFO  - My position is not better! (at simulation time 124.003,800,000 s)
2024-06-03 19:40:37,914 INFO  - Called #onVehicleUpdated (at simulation time 125.000,000,000 s)
2024-06-03 19:40:37,914 INFO  - Sending out AdHoc broadcast (at simulation time 125.000,000,000 s)
2024-06-03 19:40:37,914 INFO  - Sending out AdHoc broadcast (at simulation time 125.000,000,000 s)
2024-06-03 19:40:37,914 INFO  - Sending out AdHoc broadcast (at simulation time 125.000,000,000 s)
2024-06-03 19:40:37,914 INFO  - Sending out AdHoc broadcast (at simulation time 125.000,000,000 s)
2024-06-03 19:40:37,915 INFO  - Recieve a message from other vehicle (at simulation time 125.000,400,000 s)
2024-06-03 19:40:37,915 INFO  - My position is not better! (at simulation time 125.000,400,000 s)
2024-06-03 19:40:37,916 INFO  - Recieve a message from other vehicle (at simulation time 125.000,400,000 s)
2024-06-03 19:40:37,916 INFO  - My position is not better! (at simulation time 125.000,400,000 s)
2024-06-03 19:40:37,916 INFO  - Recieve a message from other vehicle (at simulation time 125.000,800,000 s)
2024-06-03 19:40:37,916 INFO  - My position is not better! (at simulation time 125.000,800,000 s)
2024-06-03 19:40:37,917 INFO  - Recieve a message from other vehicle (at simulation time 125.001,300,000 s)
2024-06-03 19:40:37,917 INFO  - My position is not better! (at simulation time 125.001,300,000 s)
2024-06-03 19:40:37,919 INFO  - Recieve a message from other vehicle (at simulation time 125.002,300,000 s)
2024-06-03 19:40:37,919 INFO  - My position is not better! (at simulation time 125.002,300,000 s)
2024-06-03 19:40:37,919 INFO  - Recieve a message from other vehicle (at simulation time 125.002,300,000 s)
2024-06-03 19:40:37,919 INFO  - My position is not better! (at simulation time 125.002,300,000 s)
2024-06-03 19:40:38,263 INFO  - Called #onVehicleUpdated (at simulation time 126.000,000,000 s)
2024-06-03 19:40:38,263 INFO  - Exced velocity! Sending new CAM (at simulation time 126.000,000,000 s)
2024-06-03 19:40:38,263 INFO  - Sending out AdHoc broadcast (at simulation time 126.000,000,000 s)
2024-06-03 19:40:38,263 INFO  - Sending out AdHoc broadcast (at simulation time 126.000,000,000 s)
2024-06-03 19:40:38,264 INFO  - Sending out AdHoc broadcast (at simulation time 126.000,000,000 s)
2024-06-03 19:40:38,264 INFO  - Sending out AdHoc broadcast (at simulation time 126.000,000,000 s)
2024-06-03 19:40:38,613 INFO  - Called #onVehicleUpdated (at simulation time 127.000,000,000 s)
2024-06-03 19:40:38,613 INFO  - Exced velocity! Sending new CAM (at simulation time 127.000,000,000 s)
2024-06-03 19:40:38,613 INFO  - Sending out AdHoc broadcast (at simulation time 127.000,000,000 s)
2024-06-03 19:40:38,614 INFO  - Sending out AdHoc broadcast (at simulation time 127.000,000,000 s)
2024-06-03 19:40:38,614 INFO  - Sending out AdHoc broadcast (at simulation time 127.000,000,000 s)
2024-06-03 19:40:38,614 INFO  - Sending out AdHoc broadcast (at simulation time 127.000,000,000 s)
2024-06-03 19:40:38,614 INFO  - Sending out AdHoc broadcast (at simulation time 127.000,000,000 s)
2024-06-03 19:40:38,963 INFO  - Called #onVehicleUpdated (at simulation time 128.000,000,000 s)
2024-06-03 19:40:38,963 INFO  - Exced velocity! Sending new CAM (at simulation time 128.000,000,000 s)
2024-06-03 19:40:38,963 INFO  - Sending out AdHoc broadcast (at simulation time 128.000,000,000 s)
2024-06-03 19:40:38,963 INFO  - Sending out AdHoc broadcast (at simulation time 128.000,000,000 s)
2024-06-03 19:40:38,963 INFO  - Sending out AdHoc broadcast (at simulation time 128.000,000,000 s)
2024-06-03 19:40:38,963 INFO  - Sending out AdHoc broadcast (at simulation time 128.000,000,000 s)
2024-06-03 19:40:38,963 INFO  - Sending out AdHoc broadcast (at simulation time 128.000,000,000 s)
2024-06-03 19:40:39,314 INFO  - Called #onVehicleUpdated (at simulation time 129.000,000,000 s)
2024-06-03 19:40:39,314 INFO  - Exced velocity! Sending new CAM (at simulation time 129.000,000,000 s)
2024-06-03 19:40:39,314 INFO  - Sending out AdHoc broadcast (at simulation time 129.000,000,000 s)
2024-06-03 19:40:39,314 INFO  - Sending out AdHoc broadcast (at simulation time 129.000,000,000 s)
2024-06-03 19:40:39,314 INFO  - Sending out AdHoc broadcast (at simulation time 129.000,000,000 s)
2024-06-03 19:40:39,314 INFO  - Sending out AdHoc broadcast (at simulation time 129.000,000,000 s)
2024-06-03 19:40:39,314 INFO  - Sending out AdHoc broadcast (at simulation time 129.000,000,000 s)
2024-06-03 19:40:39,314 INFO  - Sending out AdHoc broadcast (at simulation time 129.000,000,000 s)
2024-06-03 19:40:39,665 INFO  - Shutdown (at simulation time 130.000,000,000 s)
