2024-06-03 18:12:02,827 INFO  - Initialize Vehicle application (at simulation time 6.000,000,000 s)
2024-06-03 18:12:02,830 INFO  - Activated WLAN Module (at simulation time 6.000,000,000 s)
2024-06-03 18:12:02,834 INFO  - Called #onVehicleUpdated (at simulation time 6.000,000,000 s)
2024-06-03 18:12:02,834 INFO  - Exced velocity! Sending new CAM (at simulation time 6.000,000,000 s)
2024-06-03 18:12:02,834 INFO  - Sending out AdHoc broadcast (at simulation time 6.000,000,000 s)
2024-06-03 18:12:03,022 INFO  - Called #onVehicleUpdated (at simulation time 7.000,000,000 s)
2024-06-03 18:12:03,022 INFO  - Exced velocity! Sending new CAM (at simulation time 7.000,000,000 s)
2024-06-03 18:12:03,022 INFO  - Sending out AdHoc broadcast (at simulation time 7.000,000,000 s)
2024-06-03 18:12:03,025 INFO  - Define the name: veh_3 and route: r_4 (at simulation time 7.000,000,000 s)
2024-06-03 18:12:03,025 INFO  - Sending out AdHoc broadcast (at simulation time 7.000,000,000 s)
2024-06-03 18:12:03,214 INFO  - Called #onVehicleUpdated (at simulation time 8.000,000,000 s)
2024-06-03 18:12:03,214 INFO  - Exced velocity! Sending new CAM (at simulation time 8.000,000,000 s)
2024-06-03 18:12:03,214 INFO  - Sending out AdHoc broadcast (at simulation time 8.000,000,000 s)
2024-06-03 18:12:03,216 INFO  - Sending out AdHoc broadcast (at simulation time 8.000,000,000 s)
2024-06-03 18:12:03,219 INFO  - Recieve a message from other vehicle (at simulation time 8.000,400,000 s)
2024-06-03 18:12:03,220 INFO  - Recending a message from other vehicle (at simulation time 8.000,400,000 s)
2024-06-03 18:12:03,412 INFO  - Called #onVehicleUpdated (at simulation time 9.000,000,000 s)
2024-06-03 18:12:03,412 INFO  - Exced velocity! Sending new CAM (at simulation time 9.000,000,000 s)
2024-06-03 18:12:03,412 INFO  - Sending out AdHoc broadcast (at simulation time 9.000,000,000 s)
2024-06-03 18:12:03,412 INFO  - Sending out AdHoc broadcast (at simulation time 9.000,000,000 s)
2024-06-03 18:12:03,413 INFO  - Sending out AdHoc broadcast (at simulation time 9.000,000,000 s)
2024-06-03 18:12:03,619 INFO  - Called #onVehicleUpdated (at simulation time 10.000,000,000 s)
2024-06-03 18:12:03,619 INFO  - Exced velocity! Sending new CAM (at simulation time 10.000,000,000 s)
2024-06-03 18:12:03,620 INFO  - Sending out AdHoc broadcast (at simulation time 10.000,000,000 s)
2024-06-03 18:12:03,620 INFO  - Sending out AdHoc broadcast (at simulation time 10.000,000,000 s)
2024-06-03 18:12:03,621 INFO  - Sending out AdHoc broadcast (at simulation time 10.000,000,000 s)
2024-06-03 18:12:03,623 INFO  - Recieve a message from other vehicle (at simulation time 10.001,400,000 s)
2024-06-03 18:12:03,624 INFO  - Recending a message from other vehicle (at simulation time 10.001,400,000 s)
2024-06-03 18:12:03,814 INFO  - Called #onVehicleUpdated (at simulation time 11.000,000,000 s)
2024-06-03 18:12:03,814 INFO  - Exced velocity! Sending new CAM (at simulation time 11.000,000,000 s)
2024-06-03 18:12:03,814 INFO  - Sending out AdHoc broadcast (at simulation time 11.000,000,000 s)
2024-06-03 18:12:03,816 INFO  - Sending out AdHoc broadcast (at simulation time 11.000,000,000 s)
2024-06-03 18:12:03,816 INFO  - Sending out AdHoc broadcast (at simulation time 11.000,000,000 s)
2024-06-03 18:12:03,818 INFO  - Sending out AdHoc broadcast (at simulation time 11.000,000,000 s)
2024-06-03 18:12:03,827 INFO  - Recieve a message from other vehicle (at simulation time 11.001,900,000 s)
2024-06-03 18:12:03,827 INFO  - Recending a message from other vehicle (at simulation time 11.001,900,000 s)
2024-06-03 18:12:04,012 INFO  - Called #onVehicleUpdated (at simulation time 12.000,000,000 s)
2024-06-03 18:12:04,013 INFO  - Sending out AdHoc broadcast (at simulation time 12.000,000,000 s)
2024-06-03 18:12:04,013 INFO  - Sending out AdHoc broadcast (at simulation time 12.000,000,000 s)
2024-06-03 18:12:04,013 INFO  - Sending out AdHoc broadcast (at simulation time 12.000,000,000 s)
2024-06-03 18:12:04,014 INFO  - Recieve a message from other vehicle (at simulation time 12.000,400,000 s)
2024-06-03 18:12:04,014 INFO  - Recending a message from other vehicle (at simulation time 12.000,400,000 s)
2024-06-03 18:12:04,014 INFO  - Recieve a message from other vehicle (at simulation time 12.000,400,000 s)
2024-06-03 18:12:04,014 INFO  - Recending a message from other vehicle (at simulation time 12.000,400,000 s)
2024-06-03 18:12:04,014 INFO  - Recieve a message from other vehicle (at simulation time 12.000,400,000 s)
2024-06-03 18:12:04,015 INFO  - Recending a message from other vehicle (at simulation time 12.000,400,000 s)
2024-06-03 18:12:04,016 INFO  - Recieve a message from other vehicle (at simulation time 12.000,900,000 s)
2024-06-03 18:12:04,016 INFO  - Recending a message from other vehicle (at simulation time 12.000,900,000 s)
2024-06-03 18:12:04,016 INFO  - Recieve a message from other vehicle (at simulation time 12.000,900,000 s)
2024-06-03 18:12:04,016 INFO  - Recending a message from other vehicle (at simulation time 12.000,900,000 s)
2024-06-03 18:12:04,212 INFO  - Called #onVehicleUpdated (at simulation time 13.000,000,000 s)
2024-06-03 18:12:04,213 INFO  - Sending out AdHoc broadcast (at simulation time 13.000,000,000 s)
2024-06-03 18:12:04,213 INFO  - Sending out AdHoc broadcast (at simulation time 13.000,000,000 s)
2024-06-03 18:12:04,213 INFO  - Sending out AdHoc broadcast (at simulation time 13.000,000,000 s)
2024-06-03 18:12:04,214 INFO  - Sending out AdHoc broadcast (at simulation time 13.000,000,000 s)
2024-06-03 18:12:04,216 INFO  - Recieve a message from other vehicle (at simulation time 13.000,900,000 s)
2024-06-03 18:12:04,216 INFO  - Recending a message from other vehicle (at simulation time 13.000,900,000 s)
2024-06-03 18:12:04,218 INFO  - Recieve a message from other vehicle (at simulation time 13.001,400,000 s)
2024-06-03 18:12:04,218 INFO  - Recending a message from other vehicle (at simulation time 13.001,400,000 s)
2024-06-03 18:12:04,218 INFO  - Recieve a message from other vehicle (at simulation time 13.001,400,000 s)
2024-06-03 18:12:04,218 INFO  - I'm in better position but no more hops in message (at simulation time 13.001,400,000 s)
2024-06-03 18:12:04,220 INFO  - Recieve a message from other vehicle (at simulation time 13.001,800,000 s)
2024-06-03 18:12:04,220 INFO  - I'm in better position but no more hops in message (at simulation time 13.001,800,000 s)
2024-06-03 18:12:04,221 INFO  - Recieve a message from other vehicle (at simulation time 13.001,900,000 s)
2024-06-03 18:12:04,221 INFO  - Recending a message from other vehicle (at simulation time 13.001,900,000 s)
2024-06-03 18:12:04,223 INFO  - Recieve a message from other vehicle (at simulation time 13.001,900,000 s)
2024-06-03 18:12:04,223 INFO  - I'm in better position but no more hops in message (at simulation time 13.001,900,000 s)
2024-06-03 18:12:04,223 INFO  - Recieve a message from other vehicle (at simulation time 13.001,900,000 s)
2024-06-03 18:12:04,224 INFO  - Recending a message from other vehicle (at simulation time 13.001,900,000 s)
2024-06-03 18:12:04,224 INFO  - Recieve a message from other vehicle (at simulation time 13.002,300,000 s)
2024-06-03 18:12:04,224 INFO  - I'm in better position but no more hops in message (at simulation time 13.002,300,000 s)
2024-06-03 18:12:04,225 INFO  - Recieve a message from other vehicle (at simulation time 13.002,400,000 s)
2024-06-03 18:12:04,225 INFO  - I'm in better position but no more hops in message (at simulation time 13.002,400,000 s)
2024-06-03 18:12:04,227 INFO  - Recieve a message from other vehicle (at simulation time 13.003,300,000 s)
2024-06-03 18:12:04,227 INFO  - I'm in better position but no more hops in message (at simulation time 13.003,300,000 s)
2024-06-03 18:12:04,414 INFO  - Called #onVehicleUpdated (at simulation time 14.000,000,000 s)
2024-06-03 18:12:04,415 INFO  - Sending out AdHoc broadcast (at simulation time 14.000,000,000 s)
2024-06-03 18:12:04,415 INFO  - Sending out AdHoc broadcast (at simulation time 14.000,000,000 s)
2024-06-03 18:12:04,416 INFO  - Sending out AdHoc broadcast (at simulation time 14.000,000,000 s)
2024-06-03 18:12:04,421 INFO  - Recieve a message from other vehicle (at simulation time 14.000,900,000 s)
2024-06-03 18:12:04,422 INFO  - Recending a message from other vehicle (at simulation time 14.000,900,000 s)
2024-06-03 18:12:04,425 INFO  - Recieve a message from other vehicle (at simulation time 14.001,300,000 s)
2024-06-03 18:12:04,425 INFO  - I'm in better position but no more hops in message (at simulation time 14.001,300,000 s)
2024-06-03 18:12:04,426 INFO  - Recieve a message from other vehicle (at simulation time 14.001,400,000 s)
2024-06-03 18:12:04,426 INFO  - Recending a message from other vehicle (at simulation time 14.001,400,000 s)
2024-06-03 18:12:04,426 INFO  - Recieve a message from other vehicle (at simulation time 14.001,400,000 s)
2024-06-03 18:12:04,426 INFO  - Recending a message from other vehicle (at simulation time 14.001,400,000 s)
2024-06-03 18:12:04,427 INFO  - Recieve a message from other vehicle (at simulation time 14.001,400,000 s)
2024-06-03 18:12:04,427 INFO  - I'm in better position but no more hops in message (at simulation time 14.001,400,000 s)
2024-06-03 18:12:04,428 INFO  - Recieve a message from other vehicle (at simulation time 14.001,900,000 s)
2024-06-03 18:12:04,428 INFO  - I'm in better position but no more hops in message (at simulation time 14.001,900,000 s)
2024-06-03 18:12:04,430 INFO  - Recieve a message from other vehicle (at simulation time 14.002,300,000 s)
2024-06-03 18:12:04,430 INFO  - I'm in better position but no more hops in message (at simulation time 14.002,300,000 s)
2024-06-03 18:12:04,430 INFO  - Recieve a message from other vehicle (at simulation time 14.002,400,000 s)
2024-06-03 18:12:04,430 INFO  - I'm in better position but no more hops in message (at simulation time 14.002,400,000 s)
2024-06-03 18:12:04,430 INFO  - Recieve a message from other vehicle (at simulation time 14.002,400,000 s)
2024-06-03 18:12:04,430 INFO  - I'm in better position but no more hops in message (at simulation time 14.002,400,000 s)
2024-06-03 18:12:04,431 INFO  - Recieve a message from other vehicle (at simulation time 14.002,800,000 s)
2024-06-03 18:12:04,431 INFO  - I'm in better position but no more hops in message (at simulation time 14.002,800,000 s)
2024-06-03 18:12:04,431 INFO  - Recieve a message from other vehicle (at simulation time 14.002,800,000 s)
2024-06-03 18:12:04,431 INFO  - I'm in better position but no more hops in message (at simulation time 14.002,800,000 s)
2024-06-03 18:12:04,432 INFO  - Recieve a message from RSU (at simulation time 14.615,403,933 s)
2024-06-03 18:12:04,432 INFO  - RSU Stopped me!!! (at simulation time 14.615,403,933 s)
2024-06-03 18:12:04,434 INFO  - Recieve a message from RSU (at simulation time 14.616,560,182 s)
2024-06-03 18:12:04,628 INFO  - Called #onVehicleUpdated (at simulation time 15.000,000,000 s)
2024-06-03 18:12:04,629 INFO  - Sending out DENM broadcast (at simulation time 15.000,000,000 s)
2024-06-03 18:12:04,629 INFO  - Sending out AdHoc broadcast (at simulation time 15.000,000,000 s)
2024-06-03 18:12:04,630 INFO  - Sending out AdHoc broadcast (at simulation time 15.000,000,000 s)
2024-06-03 18:12:04,630 INFO  - Sending out AdHoc broadcast (at simulation time 15.000,000,000 s)
2024-06-03 18:12:04,631 INFO  - Sending out AdHoc broadcast (at simulation time 15.000,000,000 s)
2024-06-03 18:12:04,633 INFO  - Recieve a message from other vehicle (at simulation time 15.000,400,000 s)
2024-06-03 18:12:04,633 INFO  - DENM message Recived from veh_1 -info : seco (at simulation time 15.000,400,000 s)
2024-06-03 18:12:04,633 INFO  - No more hops in DENM message (at simulation time 15.000,400,000 s)
2024-06-03 18:12:04,634 INFO  - Recieve a message from other vehicle (at simulation time 15.000,400,000 s)
2024-06-03 18:12:04,634 INFO  - My position is not better! (at simulation time 15.000,400,000 s)
2024-06-03 18:12:04,634 INFO  - Recieve a message from other vehicle (at simulation time 15.000,800,000 s)
2024-06-03 18:12:04,635 INFO  - DENM message Recived from veh_1 -info : seco (at simulation time 15.000,800,000 s)
2024-06-03 18:12:04,635 INFO  - No more hops in DENM message (at simulation time 15.000,800,000 s)
2024-06-03 18:12:04,635 INFO  - Recieve a message from other vehicle (at simulation time 15.000,900,000 s)
2024-06-03 18:12:04,635 INFO  - My position is not better! (at simulation time 15.000,900,000 s)
2024-06-03 18:12:04,635 INFO  - Recieve a message from other vehicle (at simulation time 15.000,900,000 s)
2024-06-03 18:12:04,635 INFO  - My position is not better! (at simulation time 15.000,900,000 s)
2024-06-03 18:12:04,637 INFO  - Recieve a message from other vehicle (at simulation time 15.001,300,000 s)
2024-06-03 18:12:04,637 INFO  - DENM message Recived from veh_0 -info : seco (at simulation time 15.001,300,000 s)
2024-06-03 18:12:04,637 INFO  - No more hops in DENM message (at simulation time 15.001,300,000 s)
2024-06-03 18:12:04,637 INFO  - Recieve a message from other vehicle (at simulation time 15.001,300,000 s)
2024-06-03 18:12:04,637 INFO  - I'm in better position but no more hops in message (at simulation time 15.001,300,000 s)
2024-06-03 18:12:04,637 INFO  - Recieve a message from other vehicle (at simulation time 15.001,300,000 s)
2024-06-03 18:12:04,637 INFO  - My position is not better! (at simulation time 15.001,300,000 s)
2024-06-03 18:12:04,638 INFO  - Recieve a message from other vehicle (at simulation time 15.001,400,000 s)
2024-06-03 18:12:04,638 INFO  - I'm in better position but no more hops in message (at simulation time 15.001,400,000 s)
2024-06-03 18:12:04,638 INFO  - Recieve a message from other vehicle (at simulation time 15.001,400,000 s)
2024-06-03 18:12:04,638 INFO  - My position is not better! (at simulation time 15.001,400,000 s)
2024-06-03 18:12:04,638 INFO  - Recieve a message from other vehicle (at simulation time 15.001,400,000 s)
2024-06-03 18:12:04,638 INFO  - My position is not better! (at simulation time 15.001,400,000 s)
2024-06-03 18:12:04,638 INFO  - Recieve a message from other vehicle (at simulation time 15.001,800,000 s)
2024-06-03 18:12:04,638 INFO  - DENM message Recived from veh_3 -info : seco (at simulation time 15.001,800,000 s)
2024-06-03 18:12:04,638 INFO  - No more hops in DENM message (at simulation time 15.001,800,000 s)
2024-06-03 18:12:04,639 INFO  - Recieve a message from other vehicle (at simulation time 15.001,900,000 s)
2024-06-03 18:12:04,639 INFO  - DENM message Recived from veh_0 -info : seco (at simulation time 15.001,900,000 s)
2024-06-03 18:12:04,639 INFO  - No more hops in DENM message (at simulation time 15.001,900,000 s)
2024-06-03 18:12:04,640 INFO  - Recieve a message from other vehicle (at simulation time 15.002,300,000 s)
2024-06-03 18:12:04,640 INFO  - DENM message Recived from veh_5 -info : nevoeiro (at simulation time 15.002,300,000 s)
2024-06-03 18:12:04,640 INFO  - No more hops in DENM message (at simulation time 15.002,300,000 s)
2024-06-03 18:12:04,640 INFO  - Recieve a message from other vehicle (at simulation time 15.002,300,000 s)
2024-06-03 18:12:04,640 INFO  - My position is not better! (at simulation time 15.002,300,000 s)
2024-06-03 18:12:04,640 INFO  - Recieve a message from other vehicle (at simulation time 15.002,300,000 s)
2024-06-03 18:12:04,640 INFO  - My position is not better! (at simulation time 15.002,300,000 s)
2024-06-03 18:12:04,640 INFO  - Recieve a message from other vehicle (at simulation time 15.002,300,000 s)
2024-06-03 18:12:04,640 INFO  - My position is not better! (at simulation time 15.002,300,000 s)
2024-06-03 18:12:04,640 INFO  - Recieve a message from other vehicle (at simulation time 15.002,400,000 s)
2024-06-03 18:12:04,640 INFO  - DENM message Recived from veh_5 -info : nevoeiro (at simulation time 15.002,400,000 s)
2024-06-03 18:12:04,640 INFO  - No more hops in DENM message (at simulation time 15.002,400,000 s)
2024-06-03 18:12:04,641 INFO  - Recieve a message from other vehicle (at simulation time 15.002,400,000 s)
2024-06-03 18:12:04,641 INFO  - My position is not better! (at simulation time 15.002,400,000 s)
2024-06-03 18:12:04,641 INFO  - Recieve a message from other vehicle (at simulation time 15.003,800,000 s)
2024-06-03 18:12:04,641 INFO  - My position is not better! (at simulation time 15.003,800,000 s)
2024-06-03 18:12:04,643 INFO  - Recieve a message from RSU (at simulation time 15.323,326,709 s)
2024-06-03 18:12:04,643 INFO  - Recieve a message from RSU (at simulation time 15.335,634,261 s)
2024-06-03 18:12:04,815 INFO  - Called #onVehicleUpdated (at simulation time 16.000,000,000 s)
2024-06-03 18:12:04,816 INFO  - Sending out AdHoc broadcast (at simulation time 16.000,000,000 s)
2024-06-03 18:12:04,817 INFO  - Sending out AdHoc broadcast (at simulation time 16.000,000,000 s)
2024-06-03 18:12:04,817 INFO  - Sending out AdHoc broadcast (at simulation time 16.000,000,000 s)
2024-06-03 18:12:04,827 INFO  - Recieve a message from other vehicle (at simulation time 16.000,800,000 s)
2024-06-03 18:12:04,827 INFO  - DENM message Recived from veh_2 -info : seco (at simulation time 16.000,800,000 s)
2024-06-03 18:12:04,827 INFO  - No more hops in DENM message (at simulation time 16.000,800,000 s)
2024-06-03 18:12:04,828 INFO  - Recieve a message from other vehicle (at simulation time 16.000,900,000 s)
2024-06-03 18:12:04,828 INFO  - DENM message Recived from veh_4 -info : seco (at simulation time 16.000,900,000 s)
2024-06-03 18:12:04,828 INFO  - No more hops in DENM message (at simulation time 16.000,900,000 s)
2024-06-03 18:12:04,830 INFO  - Recieve a message from other vehicle (at simulation time 16.000,900,000 s)
2024-06-03 18:12:04,830 INFO  - My position is not better! (at simulation time 16.000,900,000 s)
2024-06-03 18:12:04,831 INFO  - Recieve a message from other vehicle (at simulation time 16.001,300,000 s)
2024-06-03 18:12:04,831 INFO  - My position is not better! (at simulation time 16.001,300,000 s)
2024-06-03 18:12:04,832 INFO  - Recieve a message from other vehicle (at simulation time 16.001,400,000 s)
2024-06-03 18:12:04,832 INFO  - My position is not better! (at simulation time 16.001,400,000 s)
2024-06-03 18:12:04,834 INFO  - Recieve a message from other vehicle (at simulation time 16.001,900,000 s)
2024-06-03 18:12:04,834 INFO  - My position is not better! (at simulation time 16.001,900,000 s)
2024-06-03 18:12:04,834 INFO  - Recieve a message from other vehicle (at simulation time 16.001,900,000 s)
2024-06-03 18:12:04,834 INFO  - My position is not better! (at simulation time 16.001,900,000 s)
2024-06-03 18:12:04,835 INFO  - Recieve a message from other vehicle (at simulation time 16.002,300,000 s)
2024-06-03 18:12:04,835 INFO  - My position is not better! (at simulation time 16.002,300,000 s)
2024-06-03 18:12:04,835 INFO  - Recieve a message from other vehicle (at simulation time 16.002,400,000 s)
2024-06-03 18:12:04,835 INFO  - DENM message Recived from veh_2 -info : seco (at simulation time 16.002,400,000 s)
2024-06-03 18:12:04,835 INFO  - No more hops in DENM message (at simulation time 16.002,400,000 s)
2024-06-03 18:12:04,835 INFO  - Recieve a message from other vehicle (at simulation time 16.002,400,000 s)
2024-06-03 18:12:04,835 INFO  - My position is not better! (at simulation time 16.002,400,000 s)
2024-06-03 18:12:04,835 INFO  - Recieve a message from other vehicle (at simulation time 16.002,400,000 s)
2024-06-03 18:12:04,835 INFO  - My position is not better! (at simulation time 16.002,400,000 s)
2024-06-03 18:12:04,835 INFO  - Recieve a message from other vehicle (at simulation time 16.002,400,000 s)
2024-06-03 18:12:04,835 INFO  - My position is not better! (at simulation time 16.002,400,000 s)
2024-06-03 18:12:04,836 INFO  - Recieve a message from other vehicle (at simulation time 16.002,800,000 s)
2024-06-03 18:12:04,836 INFO  - DENM message Recived from veh_4 -info : seco (at simulation time 16.002,800,000 s)
2024-06-03 18:12:04,836 INFO  - No more hops in DENM message (at simulation time 16.002,800,000 s)
2024-06-03 18:12:04,836 INFO  - Recieve a message from other vehicle (at simulation time 16.002,800,000 s)
2024-06-03 18:12:04,836 INFO  - My position is not better! (at simulation time 16.002,800,000 s)
2024-06-03 18:12:04,836 INFO  - Recieve a message from other vehicle (at simulation time 16.003,800,000 s)
2024-06-03 18:12:04,836 INFO  - My position is not better! (at simulation time 16.003,800,000 s)
2024-06-03 18:12:04,836 INFO  - Recieve a message from other vehicle (at simulation time 16.003,800,000 s)
2024-06-03 18:12:04,836 INFO  - My position is not better! (at simulation time 16.003,800,000 s)
2024-06-03 18:12:05,012 INFO  - Called #onVehicleUpdated (at simulation time 17.000,000,000 s)
2024-06-03 18:12:05,012 INFO  - Sending out AdHoc broadcast (at simulation time 17.000,000,000 s)
2024-06-03 18:12:05,012 INFO  - Sending out AdHoc broadcast (at simulation time 17.000,000,000 s)
2024-06-03 18:12:05,012 INFO  - Sending out AdHoc broadcast (at simulation time 17.000,000,000 s)
2024-06-03 18:12:05,012 INFO  - Sending out AdHoc broadcast (at simulation time 17.000,000,000 s)
2024-06-03 18:12:05,013 INFO  - Recieve a message from other vehicle (at simulation time 17.000,400,000 s)
2024-06-03 18:12:05,013 INFO  - My position is not better! (at simulation time 17.000,400,000 s)
2024-06-03 18:12:05,014 INFO  - Recieve a message from other vehicle (at simulation time 17.000,900,000 s)
2024-06-03 18:12:05,014 INFO  - My position is not better! (at simulation time 17.000,900,000 s)
2024-06-03 18:12:05,014 INFO  - Recieve a message from other vehicle (at simulation time 17.002,300,000 s)
2024-06-03 18:12:05,014 INFO  - My position is not better! (at simulation time 17.002,300,000 s)
2024-06-03 18:12:05,015 INFO  - Recieve a message from other vehicle (at simulation time 17.002,800,000 s)
2024-06-03 18:12:05,015 INFO  - My position is not better! (at simulation time 17.002,800,000 s)
2024-06-03 18:12:05,015 INFO  - Recieve a message from other vehicle (at simulation time 17.002,800,000 s)
2024-06-03 18:12:05,015 INFO  - My position is not better! (at simulation time 17.002,800,000 s)
2024-06-03 18:12:05,015 INFO  - Recieve a message from other vehicle (at simulation time 17.003,300,000 s)
2024-06-03 18:12:05,015 INFO  - My position is not better! (at simulation time 17.003,300,000 s)
2024-06-03 18:12:05,213 INFO  - Called #onVehicleUpdated (at simulation time 18.000,000,000 s)
2024-06-03 18:12:05,214 INFO  - Sending out AdHoc broadcast (at simulation time 18.000,000,000 s)
2024-06-03 18:12:05,214 INFO  - Sending out AdHoc broadcast (at simulation time 18.000,000,000 s)
2024-06-03 18:12:05,214 INFO  - Sending out AdHoc broadcast (at simulation time 18.000,000,000 s)
2024-06-03 18:12:05,414 INFO  - Called #onVehicleUpdated (at simulation time 19.000,000,000 s)
2024-06-03 18:12:05,414 INFO  - Exced velocity! Sending new CAM (at simulation time 19.000,000,000 s)
2024-06-03 18:12:05,414 INFO  - Sending out AdHoc broadcast (at simulation time 19.000,000,000 s)
2024-06-03 18:12:05,414 INFO  - Sending out AdHoc broadcast (at simulation time 19.000,000,000 s)
2024-06-03 18:12:05,415 INFO  - Sending out AdHoc broadcast (at simulation time 19.000,000,000 s)
2024-06-03 18:12:05,415 INFO  - Sending out AdHoc broadcast (at simulation time 19.000,000,000 s)
2024-06-03 18:12:05,416 INFO  - Sending out AdHoc broadcast (at simulation time 19.000,000,000 s)
2024-06-03 18:12:05,617 INFO  - Called #onVehicleUpdated (at simulation time 20.000,000,000 s)
2024-06-03 18:12:05,617 INFO  - Exced velocity! Sending new CAM (at simulation time 20.000,000,000 s)
2024-06-03 18:12:05,617 INFO  - Sending out AdHoc broadcast (at simulation time 20.000,000,000 s)
2024-06-03 18:12:05,618 INFO  - Sending out AdHoc broadcast (at simulation time 20.000,000,000 s)
2024-06-03 18:12:05,618 INFO  - Sending out AdHoc broadcast (at simulation time 20.000,000,000 s)
2024-06-03 18:12:05,618 INFO  - Sending out AdHoc broadcast (at simulation time 20.000,000,000 s)
2024-06-03 18:12:05,814 INFO  - Called #onVehicleUpdated (at simulation time 21.000,000,000 s)
2024-06-03 18:12:05,814 INFO  - Exced velocity! Sending new CAM (at simulation time 21.000,000,000 s)
2024-06-03 18:12:05,814 INFO  - Sending out AdHoc broadcast (at simulation time 21.000,000,000 s)
2024-06-03 18:12:05,815 INFO  - Sending out AdHoc broadcast (at simulation time 21.000,000,000 s)
2024-06-03 18:12:05,815 INFO  - Sending out AdHoc broadcast (at simulation time 21.000,000,000 s)
2024-06-03 18:12:05,815 INFO  - Sending out AdHoc broadcast (at simulation time 21.000,000,000 s)
2024-06-03 18:12:05,815 INFO  - Sending out AdHoc broadcast (at simulation time 21.000,000,000 s)
2024-06-03 18:12:05,816 INFO  - Sending out AdHoc broadcast (at simulation time 21.000,000,000 s)
2024-06-03 18:12:06,014 INFO  - Called #onVehicleUpdated (at simulation time 22.000,000,000 s)
2024-06-03 18:12:06,014 INFO  - Exced velocity! Sending new CAM (at simulation time 22.000,000,000 s)
2024-06-03 18:12:06,014 INFO  - Sending out AdHoc broadcast (at simulation time 22.000,000,000 s)
2024-06-03 18:12:06,014 INFO  - Sending out AdHoc broadcast (at simulation time 22.000,000,000 s)
2024-06-03 18:12:06,015 INFO  - Sending out AdHoc broadcast (at simulation time 22.000,000,000 s)
2024-06-03 18:12:06,015 INFO  - Sending out AdHoc broadcast (at simulation time 22.000,000,000 s)
2024-06-03 18:12:06,015 INFO  - Sending out AdHoc broadcast (at simulation time 22.000,000,000 s)
2024-06-03 18:12:06,215 INFO  - Shutdown (at simulation time 23.000,000,000 s)
