2024-06-03 19:14:59,985 INFO  - Initialize Vehicle application (at simulation time 7.000,000,000 s)
2024-06-03 19:14:59,986 INFO  - Activated WLAN Module (at simulation time 7.000,000,000 s)
2024-06-03 19:14:59,986 INFO  - Called #onVehicleUpdated (at simulation time 7.000,000,000 s)
2024-06-03 19:14:59,991 INFO  - Recieve a message from other vehicle (at simulation time 7.000,400,000 s)
2024-06-03 19:14:59,991 INFO  - My position is not better! (at simulation time 7.000,400,000 s)
2024-06-03 19:14:59,991 INFO  - Recieve a message from other vehicle (at simulation time 7.001,900,000 s)
2024-06-03 19:14:59,992 INFO  - My position is not better! (at simulation time 7.001,900,000 s)
2024-06-03 19:14:59,994 INFO  - Called #onVehicleUpdated (at simulation time 8.000,000,000 s)
2024-06-03 19:14:59,995 INFO  - Define the name: veh_4 and route: r_3 (at simulation time 8.000,000,000 s)
2024-06-03 19:14:59,995 INFO  - Sending out AdHoc broadcast (at simulation time 8.000,000,000 s)
2024-06-03 19:14:59,996 INFO  - Recieve a message from other vehicle (at simulation time 8.001,300,000 s)
2024-06-03 19:14:59,996 INFO  - My position is not better! (at simulation time 8.001,300,000 s)
2024-06-03 19:14:59,996 INFO  - Recieve a message from other vehicle (at simulation time 8.001,400,000 s)
2024-06-03 19:14:59,996 INFO  - My position is not better! (at simulation time 8.001,400,000 s)
2024-06-03 19:14:59,997 INFO  - Recieve a message from other vehicle (at simulation time 8.002,400,000 s)
2024-06-03 19:14:59,997 INFO  - My position is not better! (at simulation time 8.002,400,000 s)
2024-06-03 19:15:00,000 INFO  - Called #onVehicleUpdated (at simulation time 9.000,000,000 s)
2024-06-03 19:15:00,003 INFO  - Recieve a message from other vehicle (at simulation time 9.000,400,000 s)
2024-06-03 19:15:00,003 INFO  - My position is not better! (at simulation time 9.000,400,000 s)
2024-06-03 19:15:00,003 INFO  - Recieve a message from other vehicle (at simulation time 9.000,400,000 s)
2024-06-03 19:15:00,003 INFO  - My position is not better! (at simulation time 9.000,400,000 s)
2024-06-03 19:15:00,003 INFO  - Recieve a message from other vehicle (at simulation time 9.000,900,000 s)
2024-06-03 19:15:00,003 INFO  - My position is not better! (at simulation time 9.000,900,000 s)
2024-06-03 19:15:00,012 INFO  - Called #onVehicleUpdated (at simulation time 10.000,000,000 s)
2024-06-03 19:15:00,013 INFO  - Sending out AdHoc broadcast (at simulation time 10.000,000,000 s)
2024-06-03 19:15:00,014 INFO  - Recieve a message from other vehicle (at simulation time 10.000,400,000 s)
2024-06-03 19:15:00,014 INFO  - My position is not better! (at simulation time 10.000,400,000 s)
2024-06-03 19:15:00,015 INFO  - Recieve a message from other vehicle (at simulation time 10.001,900,000 s)
2024-06-03 19:15:00,015 INFO  - My position is not better! (at simulation time 10.001,900,000 s)
2024-06-03 19:15:00,015 INFO  - Recieve a message from other vehicle (at simulation time 10.001,900,000 s)
2024-06-03 19:15:00,015 INFO  - My position is not better! (at simulation time 10.001,900,000 s)
2024-06-03 19:15:00,015 INFO  - Recieve a message from other vehicle (at simulation time 10.002,300,000 s)
2024-06-03 19:15:00,015 INFO  - My position is not better! (at simulation time 10.002,300,000 s)
2024-06-03 19:15:00,018 INFO  - Called #onVehicleUpdated (at simulation time 11.000,000,000 s)
2024-06-03 19:15:00,018 INFO  - Exced velocity! Sending new CAM (at simulation time 11.000,000,000 s)
2024-06-03 19:15:00,018 INFO  - Sending out AdHoc broadcast (at simulation time 11.000,000,000 s)
2024-06-03 19:15:00,021 INFO  - Recieve a message from other vehicle (at simulation time 11.000,400,000 s)
2024-06-03 19:15:00,021 INFO  - My position is not better! (at simulation time 11.000,400,000 s)
2024-06-03 19:15:00,022 INFO  - Recieve a message from other vehicle (at simulation time 11.000,400,000 s)
2024-06-03 19:15:00,022 INFO  - My position is not better! (at simulation time 11.000,400,000 s)
2024-06-03 19:15:00,023 INFO  - Recieve a message from other vehicle (at simulation time 11.001,400,000 s)
2024-06-03 19:15:00,023 INFO  - My position is not better! (at simulation time 11.001,400,000 s)
2024-06-03 19:15:00,024 INFO  - Recieve a message from other vehicle (at simulation time 11.001,900,000 s)
2024-06-03 19:15:00,024 INFO  - My position is not better! (at simulation time 11.001,900,000 s)
2024-06-03 19:15:00,024 INFO  - Recieve a message from other vehicle (at simulation time 11.002,300,000 s)
2024-06-03 19:15:00,024 INFO  - My position is not better! (at simulation time 11.002,300,000 s)
2024-06-03 19:15:00,027 INFO  - Called #onVehicleUpdated (at simulation time 12.000,000,000 s)
2024-06-03 19:15:00,027 INFO  - Exced velocity! Sending new CAM (at simulation time 12.000,000,000 s)
2024-06-03 19:15:00,027 INFO  - Sending out AdHoc broadcast (at simulation time 12.000,000,000 s)
2024-06-03 19:15:00,028 INFO  - Sending out AdHoc broadcast (at simulation time 12.000,000,000 s)
2024-06-03 19:15:00,029 INFO  - Recieve a message from other vehicle (at simulation time 12.000,400,000 s)
2024-06-03 19:15:00,029 INFO  - My position is not better! (at simulation time 12.000,400,000 s)
2024-06-03 19:15:00,030 INFO  - Recieve a message from other vehicle (at simulation time 12.000,800,000 s)
2024-06-03 19:15:00,030 INFO  - My position is not better! (at simulation time 12.000,800,000 s)
2024-06-03 19:15:00,032 INFO  - Recieve a message from other vehicle (at simulation time 12.001,800,000 s)
2024-06-03 19:15:00,032 INFO  - My position is not better! (at simulation time 12.001,800,000 s)
2024-06-03 19:15:00,032 INFO  - Recieve a message from other vehicle (at simulation time 12.001,800,000 s)
2024-06-03 19:15:00,032 INFO  - My position is not better! (at simulation time 12.001,800,000 s)
2024-06-03 19:15:00,033 INFO  - Recieve a message from other vehicle (at simulation time 12.001,900,000 s)
2024-06-03 19:15:00,033 INFO  - My position is not better! (at simulation time 12.001,900,000 s)
2024-06-03 19:15:00,033 INFO  - Recieve a message from other vehicle (at simulation time 12.001,900,000 s)
2024-06-03 19:15:00,033 INFO  - My position is not better! (at simulation time 12.001,900,000 s)
2024-06-03 19:15:00,033 INFO  - Recieve a message from other vehicle (at simulation time 12.002,300,000 s)
2024-06-03 19:15:00,033 INFO  - My position is not better! (at simulation time 12.002,300,000 s)
2024-06-03 19:15:00,034 INFO  - Recieve a message from other vehicle (at simulation time 12.002,300,000 s)
2024-06-03 19:15:00,034 INFO  - My position is not better! (at simulation time 12.002,300,000 s)
2024-06-03 19:15:00,038 INFO  - Called #onVehicleUpdated (at simulation time 13.000,000,000 s)
2024-06-03 19:15:00,039 INFO  - Sending out AdHoc broadcast (at simulation time 13.000,000,000 s)
2024-06-03 19:15:00,042 INFO  - Recieve a message from other vehicle (at simulation time 13.000,400,000 s)
2024-06-03 19:15:00,042 INFO  - My position is not better! (at simulation time 13.000,400,000 s)
2024-06-03 19:15:00,043 INFO  - Recieve a message from other vehicle (at simulation time 13.000,900,000 s)
2024-06-03 19:15:00,043 INFO  - My position is not better! (at simulation time 13.000,900,000 s)
2024-06-03 19:15:00,044 INFO  - Recieve a message from other vehicle (at simulation time 13.000,900,000 s)
2024-06-03 19:15:00,044 INFO  - My position is not better! (at simulation time 13.000,900,000 s)
2024-06-03 19:15:00,044 INFO  - Recieve a message from other vehicle (at simulation time 13.001,400,000 s)
2024-06-03 19:15:00,044 INFO  - My position is not better! (at simulation time 13.001,400,000 s)
2024-06-03 19:15:00,045 INFO  - Recieve a message from other vehicle (at simulation time 13.001,400,000 s)
2024-06-03 19:15:00,045 INFO  - My position is not better! (at simulation time 13.001,400,000 s)
2024-06-03 19:15:00,046 INFO  - Recieve a message from other vehicle (at simulation time 13.001,800,000 s)
2024-06-03 19:15:00,046 INFO  - My position is not better! (at simulation time 13.001,800,000 s)
2024-06-03 19:15:00,046 INFO  - Recieve a message from other vehicle (at simulation time 13.001,900,000 s)
2024-06-03 19:15:00,046 INFO  - My position is not better! (at simulation time 13.001,900,000 s)
2024-06-03 19:15:00,047 INFO  - Recieve a message from other vehicle (at simulation time 13.001,900,000 s)
2024-06-03 19:15:00,047 INFO  - My position is not better! (at simulation time 13.001,900,000 s)
2024-06-03 19:15:00,047 INFO  - Recieve a message from other vehicle (at simulation time 13.002,300,000 s)
2024-06-03 19:15:00,047 INFO  - My position is not better! (at simulation time 13.002,300,000 s)
2024-06-03 19:15:00,048 INFO  - Recieve a message from other vehicle (at simulation time 13.002,400,000 s)
2024-06-03 19:15:00,048 INFO  - My position is not better! (at simulation time 13.002,400,000 s)
2024-06-03 19:15:00,049 INFO  - Recieve a message from other vehicle (at simulation time 13.002,800,000 s)
2024-06-03 19:15:00,049 INFO  - My position is not better! (at simulation time 13.002,800,000 s)
2024-06-03 19:15:00,049 INFO  - Recieve a message from other vehicle (at simulation time 13.002,800,000 s)
2024-06-03 19:15:00,049 INFO  - My position is not better! (at simulation time 13.002,800,000 s)
2024-06-03 19:15:00,050 INFO  - Recieve a message from other vehicle (at simulation time 13.003,300,000 s)
2024-06-03 19:15:00,050 INFO  - My position is not better! (at simulation time 13.003,300,000 s)
2024-06-03 19:15:00,051 INFO  - Recieve a message from other vehicle (at simulation time 13.003,300,000 s)
2024-06-03 19:15:00,051 INFO  - My position is not better! (at simulation time 13.003,300,000 s)
2024-06-03 19:15:00,051 INFO  - Recieve a message from other vehicle (at simulation time 13.003,800,000 s)
2024-06-03 19:15:00,051 INFO  - My position is not better! (at simulation time 13.003,800,000 s)
2024-06-03 19:15:00,056 INFO  - Called #onVehicleUpdated (at simulation time 14.000,000,000 s)
2024-06-03 19:15:00,057 INFO  - Sending out AdHoc broadcast (at simulation time 14.000,000,000 s)
2024-06-03 19:15:00,058 INFO  - Sending out AdHoc broadcast (at simulation time 14.000,000,000 s)
2024-06-03 19:15:00,059 INFO  - Recieve a message from other vehicle (at simulation time 14.000,400,000 s)
2024-06-03 19:15:00,059 INFO  - My position is not better! (at simulation time 14.000,400,000 s)
2024-06-03 19:15:00,059 INFO  - Recieve a message from other vehicle (at simulation time 14.000,400,000 s)
2024-06-03 19:15:00,059 INFO  - My position is not better! (at simulation time 14.000,400,000 s)
2024-06-03 19:15:00,059 INFO  - Recieve a message from other vehicle (at simulation time 14.000,900,000 s)
2024-06-03 19:15:00,059 INFO  - My position is not better! (at simulation time 14.000,900,000 s)
2024-06-03 19:15:00,061 INFO  - Recieve a message from other vehicle (at simulation time 14.001,300,000 s)
2024-06-03 19:15:00,061 INFO  - My position is not better! (at simulation time 14.001,300,000 s)
2024-06-03 19:15:00,061 INFO  - Recieve a message from other vehicle (at simulation time 14.001,300,000 s)
2024-06-03 19:15:00,061 INFO  - I'm in better position but no more hops in message (at simulation time 14.001,300,000 s)
2024-06-03 19:15:00,061 INFO  - Recieve a message from other vehicle (at simulation time 14.001,300,000 s)
2024-06-03 19:15:00,061 INFO  - My position is not better! (at simulation time 14.001,300,000 s)
2024-06-03 19:15:00,062 INFO  - Recieve a message from other vehicle (at simulation time 14.001,400,000 s)
2024-06-03 19:15:00,062 INFO  - My position is not better! (at simulation time 14.001,400,000 s)
2024-06-03 19:15:00,062 INFO  - Recieve a message from other vehicle (at simulation time 14.001,400,000 s)
2024-06-03 19:15:00,062 INFO  - My position is not better! (at simulation time 14.001,400,000 s)
2024-06-03 19:15:00,062 INFO  - Recieve a message from other vehicle (at simulation time 14.001,400,000 s)
2024-06-03 19:15:00,062 INFO  - My position is not better! (at simulation time 14.001,400,000 s)
2024-06-03 19:15:00,062 INFO  - Recieve a message from other vehicle (at simulation time 14.001,400,000 s)
2024-06-03 19:15:00,063 INFO  - My position is not better! (at simulation time 14.001,400,000 s)
2024-06-03 19:15:00,065 INFO  - Recieve a message from other vehicle (at simulation time 14.002,300,000 s)
2024-06-03 19:15:00,065 INFO  - My position is not better! (at simulation time 14.002,300,000 s)
2024-06-03 19:15:00,066 INFO  - Recieve a message from other vehicle (at simulation time 14.002,300,000 s)
2024-06-03 19:15:00,066 INFO  - My position is not better! (at simulation time 14.002,300,000 s)
2024-06-03 19:15:00,068 INFO  - Recieve a message from other vehicle (at simulation time 14.003,300,000 s)
2024-06-03 19:15:00,068 INFO  - My position is not better! (at simulation time 14.003,300,000 s)
2024-06-03 19:15:00,068 INFO  - Recieve a message from other vehicle (at simulation time 14.003,300,000 s)
2024-06-03 19:15:00,068 INFO  - My position is not better! (at simulation time 14.003,300,000 s)
2024-06-03 19:15:00,077 INFO  - Called #onVehicleUpdated (at simulation time 15.000,000,000 s)
2024-06-03 19:15:00,078 INFO  - Sending out AdHoc broadcast (at simulation time 15.000,000,000 s)
2024-06-03 19:15:00,079 INFO  - Recieve a message from other vehicle (at simulation time 15.000,400,000 s)
2024-06-03 19:15:00,079 INFO  - DENM message Recived from veh_0 -info : seco (at simulation time 15.000,400,000 s)
2024-06-03 19:15:00,079 INFO  - Recending a DENM message from other vehicle (at simulation time 15.000,400,000 s)
2024-06-03 19:15:00,080 INFO  - Recieve a message from other vehicle (at simulation time 15.000,400,000 s)
2024-06-03 19:15:00,080 INFO  - DENM message Recived from veh_3 -info : seco (at simulation time 15.000,400,000 s)
2024-06-03 19:15:00,080 INFO  - Recending a DENM message from other vehicle (at simulation time 15.000,400,000 s)
2024-06-03 19:15:00,081 INFO  - Recieve a message from other vehicle (at simulation time 15.000,400,000 s)
2024-06-03 19:15:00,081 INFO  - My position is not better! (at simulation time 15.000,400,000 s)
2024-06-03 19:15:00,081 INFO  - Recieve a message from other vehicle (at simulation time 15.000,800,000 s)
2024-06-03 19:15:00,081 INFO  - DENM message Recived from veh_1 -info : seco (at simulation time 15.000,800,000 s)
2024-06-03 19:15:00,081 INFO  - No more hops in DENM message (at simulation time 15.000,800,000 s)
2024-06-03 19:15:00,082 INFO  - Recieve a message from other vehicle (at simulation time 15.000,900,000 s)
2024-06-03 19:15:00,082 INFO  - My position is not better! (at simulation time 15.000,900,000 s)
2024-06-03 19:15:00,082 INFO  - Recieve a message from other vehicle (at simulation time 15.000,900,000 s)
2024-06-03 19:15:00,082 INFO  - My position is not better! (at simulation time 15.000,900,000 s)
2024-06-03 19:15:00,082 INFO  - Recieve a message from other vehicle (at simulation time 15.000,900,000 s)
2024-06-03 19:15:00,082 INFO  - My position is not better! (at simulation time 15.000,900,000 s)
2024-06-03 19:15:00,084 INFO  - Recieve a message from other vehicle (at simulation time 15.001,300,000 s)
2024-06-03 19:15:00,084 INFO  - DENM message Recived from veh_5 -info : seco (at simulation time 15.001,300,000 s)
2024-06-03 19:15:00,084 INFO  - No more hops in DENM message (at simulation time 15.001,300,000 s)
2024-06-03 19:15:00,084 INFO  - Recieve a message from other vehicle (at simulation time 15.001,400,000 s)
2024-06-03 19:15:00,084 INFO  - My position is not better! (at simulation time 15.001,400,000 s)
2024-06-03 19:15:00,084 INFO  - Recieve a message from other vehicle (at simulation time 15.001,400,000 s)
2024-06-03 19:15:00,084 INFO  - My position is not better! (at simulation time 15.001,400,000 s)
2024-06-03 19:15:00,085 INFO  - Recieve a message from other vehicle (at simulation time 15.001,900,000 s)
2024-06-03 19:15:00,085 INFO  - DENM message Recived from veh_1 -info : seco (at simulation time 15.001,900,000 s)
2024-06-03 19:15:00,085 INFO  - No more hops in DENM message (at simulation time 15.001,900,000 s)
2024-06-03 19:15:00,086 INFO  - Recieve a message from other vehicle (at simulation time 15.001,900,000 s)
2024-06-03 19:15:00,086 INFO  - DENM message Recived from veh_5 -info : seco (at simulation time 15.001,900,000 s)
2024-06-03 19:15:00,086 INFO  - No more hops in DENM message (at simulation time 15.001,900,000 s)
2024-06-03 19:15:00,086 INFO  - Recieve a message from other vehicle (at simulation time 15.001,900,000 s)
2024-06-03 19:15:00,086 INFO  - My position is not better! (at simulation time 15.001,900,000 s)
2024-06-03 19:15:00,086 INFO  - Recieve a message from other vehicle (at simulation time 15.001,900,000 s)
2024-06-03 19:15:00,087 INFO  - My position is not better! (at simulation time 15.001,900,000 s)
2024-06-03 19:15:00,087 INFO  - Recieve a message from other vehicle (at simulation time 15.002,300,000 s)
2024-06-03 19:15:00,087 INFO  - My position is not better! (at simulation time 15.002,300,000 s)
2024-06-03 19:15:00,088 INFO  - Recieve a message from other vehicle (at simulation time 15.002,400,000 s)
2024-06-03 19:15:00,088 INFO  - My position is not better! (at simulation time 15.002,400,000 s)
2024-06-03 19:15:00,088 INFO  - Recieve a message from other vehicle (at simulation time 15.002,400,000 s)
2024-06-03 19:15:00,088 INFO  - My position is not better! (at simulation time 15.002,400,000 s)
2024-06-03 19:15:00,089 INFO  - Recieve a message from other vehicle (at simulation time 15.003,300,000 s)
2024-06-03 19:15:00,089 INFO  - My position is not better! (at simulation time 15.003,300,000 s)
2024-06-03 19:15:00,093 INFO  - Called #onVehicleUpdated (at simulation time 16.000,000,000 s)
2024-06-03 19:15:00,094 INFO  - Sending out DENM broadcast (at simulation time 16.000,000,000 s)
2024-06-03 19:15:00,094 INFO  - Sending out AdHoc broadcast (at simulation time 16.000,000,000 s)
2024-06-03 19:15:00,094 INFO  - Sending out AdHoc broadcast (at simulation time 16.000,000,000 s)
2024-06-03 19:15:00,096 INFO  - Recieve a message from other vehicle (at simulation time 16.000,400,000 s)
2024-06-03 19:15:00,096 INFO  - My position is not better! (at simulation time 16.000,400,000 s)
2024-06-03 19:15:00,096 INFO  - Recieve a message from other vehicle (at simulation time 16.000,400,000 s)
2024-06-03 19:15:00,096 INFO  - My position is not better! (at simulation time 16.000,400,000 s)
2024-06-03 19:15:00,097 INFO  - Recieve a message from other vehicle (at simulation time 16.000,900,000 s)
2024-06-03 19:15:00,097 INFO  - DENM message Recived from veh_2 -info : seco (at simulation time 16.000,900,000 s)
2024-06-03 19:15:00,097 INFO  - Recending a DENM message from other vehicle (at simulation time 16.000,900,000 s)
2024-06-03 19:15:00,097 INFO  - Recieve a message from other vehicle (at simulation time 16.000,900,000 s)
2024-06-03 19:15:00,097 INFO  - I'm in better position but no more hops in message (at simulation time 16.000,900,000 s)
2024-06-03 19:15:00,097 INFO  - Recieve a message from other vehicle (at simulation time 16.001,300,000 s)
2024-06-03 19:15:00,097 INFO  - I'm in better position but no more hops in message (at simulation time 16.001,300,000 s)
2024-06-03 19:15:00,098 INFO  - Recieve a message from other vehicle (at simulation time 16.001,300,000 s)
2024-06-03 19:15:00,098 INFO  - I'm in better position but no more hops in message (at simulation time 16.001,300,000 s)
2024-06-03 19:15:00,098 INFO  - Recieve a message from other vehicle (at simulation time 16.001,400,000 s)
2024-06-03 19:15:00,098 INFO  - I'm in better position but no more hops in message (at simulation time 16.001,400,000 s)
2024-06-03 19:15:00,098 INFO  - Recieve a message from other vehicle (at simulation time 16.001,400,000 s)
2024-06-03 19:15:00,098 INFO  - My position is not better! (at simulation time 16.001,400,000 s)
2024-06-03 19:15:00,098 INFO  - Recieve a message from other vehicle (at simulation time 16.001,400,000 s)
2024-06-03 19:15:00,098 INFO  - I'm in better position but no more hops in message (at simulation time 16.001,400,000 s)
2024-06-03 19:15:00,099 INFO  - Recieve a message from other vehicle (at simulation time 16.001,800,000 s)
2024-06-03 19:15:00,099 INFO  - My position is not better! (at simulation time 16.001,800,000 s)
2024-06-03 19:15:00,099 INFO  - Recieve a message from other vehicle (at simulation time 16.001,900,000 s)
2024-06-03 19:15:00,099 INFO  - My position is not better! (at simulation time 16.001,900,000 s)
2024-06-03 19:15:00,100 INFO  - Recieve a message from other vehicle (at simulation time 16.002,300,000 s)
2024-06-03 19:15:00,100 INFO  - I'm in better position but no more hops in message (at simulation time 16.002,300,000 s)
2024-06-03 19:15:00,100 INFO  - Recieve a message from other vehicle (at simulation time 16.002,400,000 s)
2024-06-03 19:15:00,100 INFO  - I'm in better position but no more hops in message (at simulation time 16.002,400,000 s)
2024-06-03 19:15:00,101 INFO  - Recieve a message from other vehicle (at simulation time 16.002,800,000 s)
2024-06-03 19:15:00,101 INFO  - DENM message Recived from veh_4 -info : seco (at simulation time 16.002,800,000 s)
2024-06-03 19:15:00,101 INFO  - No more hops in DENM message (at simulation time 16.002,800,000 s)
2024-06-03 19:15:00,102 INFO  - Recieve a message from other vehicle (at simulation time 16.003,800,000 s)
2024-06-03 19:15:00,102 INFO  - My position is not better! (at simulation time 16.003,800,000 s)
2024-06-03 19:15:00,102 INFO  - Recieve a message from RSU (at simulation time 16.019,111,819 s)
2024-06-03 19:15:00,102 INFO  - RSU Stopped me!!! (at simulation time 16.019,111,819 s)
2024-06-03 19:15:00,102 INFO  - Recieve a message from RSU (at simulation time 16.021,480,659 s)
2024-06-03 19:15:00,103 INFO  - Recieve a message from RSU (at simulation time 16.722,387,243 s)
2024-06-03 19:15:00,103 INFO  - Recieve a message from RSU (at simulation time 16.725,326,197 s)
2024-06-03 19:15:00,106 INFO  - Called #onVehicleUpdated (at simulation time 17.000,000,000 s)
2024-06-03 19:15:00,106 INFO  - Sending out AdHoc broadcast (at simulation time 17.000,000,000 s)
2024-06-03 19:15:00,107 INFO  - Recieve a message from other vehicle (at simulation time 17.000,400,000 s)
2024-06-03 19:15:00,107 INFO  - My position is not better! (at simulation time 17.000,400,000 s)
2024-06-03 19:15:00,108 INFO  - Recieve a message from other vehicle (at simulation time 17.000,400,000 s)
2024-06-03 19:15:00,108 INFO  - My position is not better! (at simulation time 17.000,400,000 s)
2024-06-03 19:15:00,108 INFO  - Recieve a message from other vehicle (at simulation time 17.000,400,000 s)
2024-06-03 19:15:00,109 INFO  - My position is not better! (at simulation time 17.000,400,000 s)
2024-06-03 19:15:00,109 INFO  - Recieve a message from other vehicle (at simulation time 17.000,900,000 s)
2024-06-03 19:15:00,109 INFO  - I'm in better position but no more hops in message (at simulation time 17.000,900,000 s)
2024-06-03 19:15:00,110 INFO  - Recieve a message from other vehicle (at simulation time 17.001,300,000 s)
2024-06-03 19:15:00,110 INFO  - I'm in better position but no more hops in message (at simulation time 17.001,300,000 s)
2024-06-03 19:15:00,110 INFO  - Recieve a message from other vehicle (at simulation time 17.001,400,000 s)
2024-06-03 19:15:00,110 INFO  - My position is not better! (at simulation time 17.001,400,000 s)
2024-06-03 19:15:00,110 INFO  - Recieve a message from other vehicle (at simulation time 17.001,800,000 s)
2024-06-03 19:15:00,110 INFO  - I'm in better position but no more hops in message (at simulation time 17.001,800,000 s)
2024-06-03 19:15:00,110 INFO  - Recieve a message from other vehicle (at simulation time 17.001,900,000 s)
2024-06-03 19:15:00,110 INFO  - I'm in better position but no more hops in message (at simulation time 17.001,900,000 s)
2024-06-03 19:15:00,110 INFO  - Recieve a message from other vehicle (at simulation time 17.001,900,000 s)
2024-06-03 19:15:00,111 INFO  - I'm in better position but no more hops in message (at simulation time 17.001,900,000 s)
2024-06-03 19:15:00,111 INFO  - Recieve a message from other vehicle (at simulation time 17.002,300,000 s)
2024-06-03 19:15:00,111 INFO  - I'm in better position but no more hops in message (at simulation time 17.002,300,000 s)
2024-06-03 19:15:00,111 INFO  - Recieve a message from other vehicle (at simulation time 17.002,300,000 s)
2024-06-03 19:15:00,111 INFO  - I'm in better position but no more hops in message (at simulation time 17.002,300,000 s)
2024-06-03 19:15:00,111 INFO  - Recieve a message from other vehicle (at simulation time 17.002,400,000 s)
2024-06-03 19:15:00,111 INFO  - I'm in better position but no more hops in message (at simulation time 17.002,400,000 s)
2024-06-03 19:15:00,111 INFO  - Recieve a message from other vehicle (at simulation time 17.002,400,000 s)
2024-06-03 19:15:00,111 INFO  - My position is not better! (at simulation time 17.002,400,000 s)
2024-06-03 19:15:00,111 INFO  - Recieve a message from other vehicle (at simulation time 17.002,400,000 s)
2024-06-03 19:15:00,111 INFO  - I'm in better position but no more hops in message (at simulation time 17.002,400,000 s)
2024-06-03 19:15:00,112 INFO  - Recieve a message from RSU (at simulation time 17.441,308,469 s)
2024-06-03 19:15:00,112 INFO  - Recieve a message from RSU (at simulation time 17.442,954,391 s)
2024-06-03 19:15:00,114 INFO  - Called #onVehicleUpdated (at simulation time 18.000,000,000 s)
2024-06-03 19:15:00,114 INFO  - Sending out AdHoc broadcast (at simulation time 18.000,000,000 s)
2024-06-03 19:15:00,115 INFO  - Sending out AdHoc broadcast (at simulation time 18.000,000,000 s)
2024-06-03 19:15:00,116 INFO  - Recieve a message from other vehicle (at simulation time 18.000,400,000 s)
2024-06-03 19:15:00,116 INFO  - My position is not better! (at simulation time 18.000,400,000 s)
2024-06-03 19:15:00,116 INFO  - Recieve a message from other vehicle (at simulation time 18.000,400,000 s)
2024-06-03 19:15:00,116 INFO  - I'm in better position but no more hops in message (at simulation time 18.000,400,000 s)
2024-06-03 19:15:00,117 INFO  - Recieve a message from other vehicle (at simulation time 18.000,900,000 s)
2024-06-03 19:15:00,117 INFO  - Recending a message from other vehicle (at simulation time 18.000,900,000 s)
2024-06-03 19:15:00,118 INFO  - Recieve a message from other vehicle (at simulation time 18.001,900,000 s)
2024-06-03 19:15:00,118 INFO  - I'm in better position but no more hops in message (at simulation time 18.001,900,000 s)
2024-06-03 19:15:00,118 INFO  - Recieve a message from other vehicle (at simulation time 18.001,900,000 s)
2024-06-03 19:15:00,118 INFO  - My position is not better! (at simulation time 18.001,900,000 s)
2024-06-03 19:15:00,118 INFO  - Recieve a message from other vehicle (at simulation time 18.001,900,000 s)
2024-06-03 19:15:00,118 INFO  - My position is not better! (at simulation time 18.001,900,000 s)
2024-06-03 19:15:00,118 INFO  - Recieve a message from other vehicle (at simulation time 18.001,900,000 s)
2024-06-03 19:15:00,118 INFO  - I'm in better position but no more hops in message (at simulation time 18.001,900,000 s)
2024-06-03 19:15:00,118 INFO  - Recieve a message from other vehicle (at simulation time 18.001,900,000 s)
2024-06-03 19:15:00,118 INFO  - My position is not better! (at simulation time 18.001,900,000 s)
2024-06-03 19:15:00,119 INFO  - Recieve a message from other vehicle (at simulation time 18.002,800,000 s)
2024-06-03 19:15:00,119 INFO  - I'm in better position but no more hops in message (at simulation time 18.002,800,000 s)
2024-06-03 19:15:00,119 INFO  - Recieve a message from other vehicle (at simulation time 18.002,800,000 s)
2024-06-03 19:15:00,119 INFO  - I'm in better position but no more hops in message (at simulation time 18.002,800,000 s)
2024-06-03 19:15:00,120 INFO  - Recieve a message from RSU (at simulation time 18.113,469,011 s)
2024-06-03 19:15:00,120 INFO  - Recieve a message from RSU (at simulation time 18.131,105,868 s)
2024-06-03 19:15:00,121 INFO  - Recieve a message from RSU (at simulation time 18.817,322,773 s)
2024-06-03 19:15:00,122 INFO  - Recieve a message from RSU (at simulation time 18.831,715,812 s)
2024-06-03 19:15:00,125 INFO  - Called #onVehicleUpdated (at simulation time 19.000,000,000 s)
2024-06-03 19:15:00,126 INFO  - Sending out AdHoc broadcast (at simulation time 19.000,000,000 s)
2024-06-03 19:15:00,128 INFO  - Recieve a message from other vehicle (at simulation time 19.001,900,000 s)
2024-06-03 19:15:00,128 INFO  - My position is not better! (at simulation time 19.001,900,000 s)
2024-06-03 19:15:00,128 INFO  - Recieve a message from other vehicle (at simulation time 19.001,900,000 s)
2024-06-03 19:15:00,128 INFO  - My position is not better! (at simulation time 19.001,900,000 s)
2024-06-03 19:15:00,128 INFO  - Recieve a message from other vehicle (at simulation time 19.001,900,000 s)
2024-06-03 19:15:00,128 INFO  - I'm in better position but no more hops in message (at simulation time 19.001,900,000 s)
2024-06-03 19:15:00,128 INFO  - Recieve a message from other vehicle (at simulation time 19.001,900,000 s)
2024-06-03 19:15:00,128 INFO  - My position is not better! (at simulation time 19.001,900,000 s)
2024-06-03 19:15:00,128 INFO  - Recieve a message from other vehicle (at simulation time 19.002,400,000 s)
2024-06-03 19:15:00,128 INFO  - My position is not better! (at simulation time 19.002,400,000 s)
2024-06-03 19:15:00,128 INFO  - Recieve a message from other vehicle (at simulation time 19.002,400,000 s)
2024-06-03 19:15:00,128 INFO  - My position is not better! (at simulation time 19.002,400,000 s)
2024-06-03 19:15:00,129 INFO  - Recieve a message from RSU (at simulation time 19.522,657,436 s)
2024-06-03 19:15:00,129 INFO  - Recieve a message from RSU (at simulation time 19.557,072,590 s)
2024-06-03 19:15:00,132 INFO  - Called #onVehicleUpdated (at simulation time 20.000,000,000 s)
2024-06-03 19:15:00,132 INFO  - Sending out AdHoc broadcast (at simulation time 20.000,000,000 s)
2024-06-03 19:15:00,133 INFO  - Sending out AdHoc broadcast (at simulation time 20.000,000,000 s)
2024-06-03 19:15:00,134 INFO  - Recieve a message from other vehicle (at simulation time 20.000,400,000 s)
2024-06-03 19:15:00,134 INFO  - My position is not better! (at simulation time 20.000,400,000 s)
2024-06-03 19:15:00,134 INFO  - Recieve a message from other vehicle (at simulation time 20.000,400,000 s)
2024-06-03 19:15:00,134 INFO  - My position is not better! (at simulation time 20.000,400,000 s)
2024-06-03 19:15:00,135 INFO  - Recieve a message from other vehicle (at simulation time 20.001,400,000 s)
2024-06-03 19:15:00,135 INFO  - I'm in better position but no more hops in message (at simulation time 20.001,400,000 s)
2024-06-03 19:15:00,135 INFO  - Recieve a message from other vehicle (at simulation time 20.001,900,000 s)
2024-06-03 19:15:00,135 INFO  - My position is not better! (at simulation time 20.001,900,000 s)
2024-06-03 19:15:00,136 INFO  - Recieve a message from other vehicle (at simulation time 20.002,400,000 s)
2024-06-03 19:15:00,136 INFO  - My position is not better! (at simulation time 20.002,400,000 s)
2024-06-03 19:15:00,137 INFO  - Recieve a message from RSU (at simulation time 20.240,005,065 s)
2024-06-03 19:15:00,137 INFO  - Recieve a message from RSU (at simulation time 20.243,169,959 s)
2024-06-03 19:15:00,138 INFO  - Recieve a message from RSU (at simulation time 20.920,126,448 s)
2024-06-03 19:15:00,138 INFO  - Recieve a message from RSU (at simulation time 20.921,341,880 s)
2024-06-03 19:15:00,140 INFO  - Called #onVehicleUpdated (at simulation time 21.000,000,000 s)
2024-06-03 19:15:00,141 INFO  - Sending out AdHoc broadcast (at simulation time 21.000,000,000 s)
2024-06-03 19:15:00,142 INFO  - Recieve a message from other vehicle (at simulation time 21.000,400,000 s)
2024-06-03 19:15:00,142 INFO  - My position is not better! (at simulation time 21.000,400,000 s)
2024-06-03 19:15:00,142 INFO  - Recieve a message from other vehicle (at simulation time 21.000,400,000 s)
2024-06-03 19:15:00,142 INFO  - I'm in better position but no more hops in message (at simulation time 21.000,400,000 s)
2024-06-03 19:15:00,142 INFO  - Recieve a message from other vehicle (at simulation time 21.000,900,000 s)
2024-06-03 19:15:00,142 INFO  - My position is not better! (at simulation time 21.000,900,000 s)
2024-06-03 19:15:00,142 INFO  - Recieve a message from other vehicle (at simulation time 21.001,400,000 s)
2024-06-03 19:15:00,142 INFO  - My position is not better! (at simulation time 21.001,400,000 s)
2024-06-03 19:15:00,142 INFO  - Recieve a message from other vehicle (at simulation time 21.001,400,000 s)
2024-06-03 19:15:00,142 INFO  - My position is not better! (at simulation time 21.001,400,000 s)
2024-06-03 19:15:00,143 INFO  - Recieve a message from other vehicle (at simulation time 21.002,400,000 s)
2024-06-03 19:15:00,143 INFO  - I'm in better position but no more hops in message (at simulation time 21.002,400,000 s)
2024-06-03 19:15:00,143 INFO  - Recieve a message from other vehicle (at simulation time 21.002,800,000 s)
2024-06-03 19:15:00,143 INFO  - I'm in better position but no more hops in message (at simulation time 21.002,800,000 s)
2024-06-03 19:15:00,144 INFO  - Recieve a message from RSU (at simulation time 21.612,221,738 s)
2024-06-03 19:15:00,144 INFO  - Recieve a message from RSU (at simulation time 21.617,697,208 s)
2024-06-03 19:15:00,146 INFO  - Called #onVehicleUpdated (at simulation time 22.000,000,000 s)
2024-06-03 19:15:00,146 INFO  - Sending out AdHoc broadcast (at simulation time 22.000,000,000 s)
2024-06-03 19:15:00,146 INFO  - Sending out AdHoc broadcast (at simulation time 22.000,000,000 s)
2024-06-03 19:15:00,147 INFO  - Recieve a message from other vehicle (at simulation time 22.000,400,000 s)
2024-06-03 19:15:00,147 INFO  - Recending a message from other vehicle (at simulation time 22.000,400,000 s)
2024-06-03 19:15:00,147 INFO  - Recieve a message from other vehicle (at simulation time 22.000,400,000 s)
2024-06-03 19:15:00,147 INFO  - My position is not better! (at simulation time 22.000,400,000 s)
2024-06-03 19:15:00,148 INFO  - Recieve a message from other vehicle (at simulation time 22.001,900,000 s)
2024-06-03 19:15:00,148 INFO  - My position is not better! (at simulation time 22.001,900,000 s)
2024-06-03 19:15:00,148 INFO  - Recieve a message from other vehicle (at simulation time 22.001,900,000 s)
2024-06-03 19:15:00,148 INFO  - My position is not better! (at simulation time 22.001,900,000 s)
2024-06-03 19:15:00,148 INFO  - Recieve a message from other vehicle (at simulation time 22.002,400,000 s)
2024-06-03 19:15:00,148 INFO  - My position is not better! (at simulation time 22.002,400,000 s)
2024-06-03 19:15:00,149 INFO  - Recieve a message from RSU (at simulation time 22.336,037,411 s)
2024-06-03 19:15:00,149 INFO  - Recieve a message from RSU (at simulation time 22.354,023,034 s)
2024-06-03 19:15:00,151 INFO  - Called #onVehicleUpdated (at simulation time 23.000,000,000 s)
2024-06-03 19:15:00,151 INFO  - Sending out AdHoc broadcast (at simulation time 23.000,000,000 s)
2024-06-03 19:15:00,153 INFO  - Recieve a message from other vehicle (at simulation time 23.000,400,000 s)
2024-06-03 19:15:00,153 INFO  - My position is not better! (at simulation time 23.000,400,000 s)
2024-06-03 19:15:00,154 INFO  - Recieve a message from other vehicle (at simulation time 23.000,900,000 s)
2024-06-03 19:15:00,154 INFO  - I'm in better position but no more hops in message (at simulation time 23.000,900,000 s)
2024-06-03 19:15:00,154 INFO  - Recieve a message from other vehicle (at simulation time 23.001,400,000 s)
2024-06-03 19:15:00,154 INFO  - My position is not better! (at simulation time 23.001,400,000 s)
2024-06-03 19:15:00,155 INFO  - Recieve a message from other vehicle (at simulation time 23.001,900,000 s)
2024-06-03 19:15:00,155 INFO  - My position is not better! (at simulation time 23.001,900,000 s)
2024-06-03 19:15:00,156 INFO  - Recieve a message from other vehicle (at simulation time 23.002,400,000 s)
2024-06-03 19:15:00,156 INFO  - My position is not better! (at simulation time 23.002,400,000 s)
2024-06-03 19:15:00,156 INFO  - Recieve a message from other vehicle (at simulation time 23.002,400,000 s)
2024-06-03 19:15:00,156 INFO  - I'm in better position but no more hops in message (at simulation time 23.002,400,000 s)
2024-06-03 19:15:00,157 INFO  - Recieve a message from other vehicle (at simulation time 23.003,800,000 s)
2024-06-03 19:15:00,157 INFO  - I'm in better position but no more hops in message (at simulation time 23.003,800,000 s)
2024-06-03 19:15:00,157 INFO  - Recieve a message from RSU (at simulation time 23.016,456,093 s)
2024-06-03 19:15:00,158 INFO  - Recieve a message from RSU (at simulation time 23.025,374,270 s)
2024-06-03 19:15:00,159 INFO  - Recieve a message from RSU (at simulation time 23.718,414,548 s)
2024-06-03 19:15:00,159 INFO  - Recieve a message from RSU (at simulation time 23.746,821,475 s)
2024-06-03 19:15:00,161 INFO  - Called #onVehicleUpdated (at simulation time 24.000,000,000 s)
2024-06-03 19:15:00,162 INFO  - Sending out AdHoc broadcast (at simulation time 24.000,000,000 s)
2024-06-03 19:15:00,162 INFO  - Sending out AdHoc broadcast (at simulation time 24.000,000,000 s)
2024-06-03 19:15:00,163 INFO  - Recieve a message from other vehicle (at simulation time 24.001,400,000 s)
2024-06-03 19:15:00,163 INFO  - My position is not better! (at simulation time 24.001,400,000 s)
2024-06-03 19:15:00,163 INFO  - Recieve a message from other vehicle (at simulation time 24.001,400,000 s)
2024-06-03 19:15:00,163 INFO  - My position is not better! (at simulation time 24.001,400,000 s)
2024-06-03 19:15:00,163 INFO  - Recieve a message from other vehicle (at simulation time 24.001,400,000 s)
2024-06-03 19:15:00,163 INFO  - My position is not better! (at simulation time 24.001,400,000 s)
2024-06-03 19:15:00,163 INFO  - Recieve a message from other vehicle (at simulation time 24.002,400,000 s)
2024-06-03 19:15:00,163 INFO  - My position is not better! (at simulation time 24.002,400,000 s)
2024-06-03 19:15:00,164 INFO  - Recieve a message from RSU (at simulation time 24.418,660,028 s)
2024-06-03 19:15:00,164 INFO  - Recieve a message from RSU (at simulation time 24.436,308,527 s)
2024-06-03 19:15:00,167 INFO  - Called #onVehicleUpdated (at simulation time 25.000,000,000 s)
2024-06-03 19:15:00,167 INFO  - Sending out AdHoc broadcast (at simulation time 25.000,000,000 s)
2024-06-03 19:15:00,168 INFO  - Recieve a message from other vehicle (at simulation time 25.000,400,000 s)
2024-06-03 19:15:00,169 INFO  - My position is not better! (at simulation time 25.000,400,000 s)
2024-06-03 19:15:00,169 INFO  - Recieve a message from other vehicle (at simulation time 25.001,400,000 s)
2024-06-03 19:15:00,170 INFO  - I'm in better position but no more hops in message (at simulation time 25.001,400,000 s)
2024-06-03 19:15:00,170 INFO  - Recieve a message from other vehicle (at simulation time 25.001,900,000 s)
2024-06-03 19:15:00,170 INFO  - My position is not better! (at simulation time 25.001,900,000 s)
2024-06-03 19:15:00,171 INFO  - Recieve a message from other vehicle (at simulation time 25.002,400,000 s)
2024-06-03 19:15:00,171 INFO  - My position is not better! (at simulation time 25.002,400,000 s)
2024-06-03 19:15:00,171 INFO  - Recieve a message from other vehicle (at simulation time 25.002,400,000 s)
2024-06-03 19:15:00,171 INFO  - My position is not better! (at simulation time 25.002,400,000 s)
2024-06-03 19:15:00,172 INFO  - Recieve a message from RSU (at simulation time 25.114,100,783 s)
2024-06-03 19:15:00,172 INFO  - Recieve a message from RSU (at simulation time 25.121,910,090 s)
2024-06-03 19:15:00,173 INFO  - Recieve a message from RSU (at simulation time 25.822,407,538 s)
2024-06-03 19:15:00,173 INFO  - Recieve a message from RSU (at simulation time 25.828,712,034 s)
2024-06-03 19:15:00,175 INFO  - Called #onVehicleUpdated (at simulation time 26.000,000,000 s)
2024-06-03 19:15:00,176 INFO  - Sending out AdHoc broadcast (at simulation time 26.000,000,000 s)
2024-06-03 19:15:00,176 INFO  - Sending out AdHoc broadcast (at simulation time 26.000,000,000 s)
2024-06-03 19:15:00,177 INFO  - Recieve a message from other vehicle (at simulation time 26.000,900,000 s)
2024-06-03 19:15:00,177 INFO  - Recending a message from other vehicle (at simulation time 26.000,900,000 s)
2024-06-03 19:15:00,178 INFO  - Recieve a message from other vehicle (at simulation time 26.001,400,000 s)
2024-06-03 19:15:00,178 INFO  - Recending a message from other vehicle (at simulation time 26.001,400,000 s)
2024-06-03 19:15:00,178 INFO  - Recieve a message from other vehicle (at simulation time 26.001,900,000 s)
2024-06-03 19:15:00,178 INFO  - My position is not better! (at simulation time 26.001,900,000 s)
2024-06-03 19:15:00,178 INFO  - Recieve a message from other vehicle (at simulation time 26.002,300,000 s)
2024-06-03 19:15:00,178 INFO  - I'm in better position but no more hops in message (at simulation time 26.002,300,000 s)
2024-06-03 19:15:00,178 INFO  - Recieve a message from other vehicle (at simulation time 26.002,400,000 s)
2024-06-03 19:15:00,178 INFO  - I'm in better position but no more hops in message (at simulation time 26.002,400,000 s)
2024-06-03 19:15:00,179 INFO  - Recieve a message from RSU (at simulation time 26.516,462,524 s)
2024-06-03 19:15:00,179 INFO  - Recieve a message from RSU (at simulation time 26.519,679,297 s)
2024-06-03 19:15:00,181 INFO  - Called #onVehicleUpdated (at simulation time 27.000,000,000 s)
2024-06-03 19:15:00,181 INFO  - Sending out AdHoc broadcast (at simulation time 27.000,000,000 s)
2024-06-03 19:15:00,182 INFO  - Recieve a message from other vehicle (at simulation time 27.000,400,000 s)
2024-06-03 19:15:00,182 INFO  - Recending a message from other vehicle (at simulation time 27.000,400,000 s)
2024-06-03 19:15:00,182 INFO  - Recieve a message from other vehicle (at simulation time 27.000,400,000 s)
2024-06-03 19:15:00,182 INFO  - My position is not better! (at simulation time 27.000,400,000 s)
2024-06-03 19:15:00,182 INFO  - Recieve a message from other vehicle (at simulation time 27.001,300,000 s)
2024-06-03 19:15:00,182 INFO  - I'm in better position but no more hops in message (at simulation time 27.001,300,000 s)
2024-06-03 19:15:00,183 INFO  - Recieve a message from other vehicle (at simulation time 27.001,800,000 s)
2024-06-03 19:15:00,183 INFO  - I'm in better position but no more hops in message (at simulation time 27.001,800,000 s)
2024-06-03 19:15:00,183 INFO  - Recieve a message from other vehicle (at simulation time 27.001,900,000 s)
2024-06-03 19:15:00,183 INFO  - I'm in better position but no more hops in message (at simulation time 27.001,900,000 s)
2024-06-03 19:15:00,183 INFO  - Recieve a message from other vehicle (at simulation time 27.002,400,000 s)
2024-06-03 19:15:00,183 INFO  - I'm in better position but no more hops in message (at simulation time 27.002,400,000 s)
2024-06-03 19:15:00,183 INFO  - Recieve a message from other vehicle (at simulation time 27.002,400,000 s)
2024-06-03 19:15:00,183 INFO  - I'm in better position but no more hops in message (at simulation time 27.002,400,000 s)
2024-06-03 19:15:00,183 INFO  - Recieve a message from other vehicle (at simulation time 27.002,800,000 s)
2024-06-03 19:15:00,183 INFO  - I'm in better position but no more hops in message (at simulation time 27.002,800,000 s)
2024-06-03 19:15:00,184 INFO  - Recieve a message from RSU (at simulation time 27.220,929,382 s)
2024-06-03 19:15:00,184 INFO  - Recieve a message from RSU (at simulation time 27.223,208,808 s)
2024-06-03 19:15:00,185 INFO  - Recieve a message from RSU (at simulation time 27.919,290,436 s)
2024-06-03 19:15:00,185 INFO  - Recieve a message from RSU (at simulation time 27.927,522,944 s)
2024-06-03 19:15:00,188 INFO  - Called #onVehicleUpdated (at simulation time 28.000,000,000 s)
2024-06-03 19:15:00,188 INFO  - Sending out AdHoc broadcast (at simulation time 28.000,000,000 s)
2024-06-03 19:15:00,188 INFO  - Sending out AdHoc broadcast (at simulation time 28.000,000,000 s)
2024-06-03 19:15:00,189 INFO  - Recieve a message from other vehicle (at simulation time 28.002,400,000 s)
2024-06-03 19:15:00,189 INFO  - My position is not better! (at simulation time 28.002,400,000 s)
2024-06-03 19:15:00,190 INFO  - Recieve a message from RSU (at simulation time 28.637,462,609 s)
2024-06-03 19:15:00,190 INFO  - Recieve a message from RSU (at simulation time 28.640,904,020 s)
2024-06-03 19:15:00,191 INFO  - Called #onVehicleUpdated (at simulation time 29.000,000,000 s)
2024-06-03 19:15:00,191 INFO  - Sending out AdHoc broadcast (at simulation time 29.000,000,000 s)
2024-06-03 19:15:00,192 INFO  - Recieve a message from other vehicle (at simulation time 29.002,400,000 s)
2024-06-03 19:15:00,192 INFO  - My position is not better! (at simulation time 29.002,400,000 s)
2024-06-03 19:15:00,193 INFO  - Recieve a message from RSU (at simulation time 29.342,734,715 s)
2024-06-03 19:15:00,193 INFO  - Recieve a message from RSU (at simulation time 29.382,736,059 s)
2024-06-03 19:15:00,195 INFO  - Called #onVehicleUpdated (at simulation time 30.000,000,000 s)
2024-06-03 19:15:00,196 INFO  - Sending out AdHoc broadcast (at simulation time 30.000,000,000 s)
2024-06-03 19:15:00,196 INFO  - Sending out AdHoc broadcast (at simulation time 30.000,000,000 s)
2024-06-03 19:15:00,197 INFO  - Recieve a message from RSU (at simulation time 30.000,400,000 s)
2024-06-03 19:15:00,197 INFO  - RSU ordered to advance!!! (at simulation time 30.000,400,000 s)
2024-06-03 19:15:00,197 INFO  - Recieve a message from other vehicle (at simulation time 30.001,400,000 s)
2024-06-03 19:15:00,197 INFO  - My position is not better! (at simulation time 30.001,400,000 s)
2024-06-03 19:15:00,197 INFO  - Recieve a message from RSU (at simulation time 30.017,874,822 s)
2024-06-03 19:15:00,197 INFO  - Recieve a message from RSU (at simulation time 30.020,970,846 s)
2024-06-03 19:15:00,198 INFO  - Recieve a message from RSU (at simulation time 30.719,633,188 s)
2024-06-03 19:15:00,198 INFO  - Recieve a message from RSU (at simulation time 30.741,568,404 s)
2024-06-03 19:15:00,199 INFO  - Called #onVehicleUpdated (at simulation time 31.000,000,000 s)
2024-06-03 19:15:00,199 INFO  - Sending out AdHoc broadcast (at simulation time 31.000,000,000 s)
2024-06-03 19:15:00,200 INFO  - Recieve a message from other vehicle (at simulation time 31.000,400,000 s)
2024-06-03 19:15:00,200 INFO  - Recending a message from other vehicle (at simulation time 31.000,400,000 s)
2024-06-03 19:15:00,202 INFO  - Recieve a message from RSU (at simulation time 31.416,021,299 s)
2024-06-03 19:15:00,202 INFO  - Recieve a message from RSU (at simulation time 31.446,741,612 s)
2024-06-03 19:15:00,205 INFO  - Called #onVehicleUpdated (at simulation time 32.000,000,000 s)
2024-06-03 19:15:00,205 INFO  - Sending out AdHoc broadcast (at simulation time 32.000,000,000 s)
2024-06-03 19:15:00,206 INFO  - Sending out AdHoc broadcast (at simulation time 32.000,000,000 s)
2024-06-03 19:15:00,206 INFO  - Recieve a message from other vehicle (at simulation time 32.000,900,000 s)
2024-06-03 19:15:00,206 INFO  - I'm in better position but no more hops in message (at simulation time 32.000,900,000 s)
2024-06-03 19:15:00,207 INFO  - Recieve a message from RSU (at simulation time 32.119,531,677 s)
2024-06-03 19:15:00,207 INFO  - Recieve a message from RSU (at simulation time 32.127,594,878 s)
2024-06-03 19:15:00,207 INFO  - Recieve a message from RSU (at simulation time 32.815,488,822 s)
2024-06-03 19:15:00,207 INFO  - Recieve a message from RSU (at simulation time 32.829,470,985 s)
2024-06-03 19:15:00,208 INFO  - Called #onVehicleUpdated (at simulation time 33.000,000,000 s)
2024-06-03 19:15:00,209 INFO  - Sending out AdHoc broadcast (at simulation time 33.000,000,000 s)
2024-06-03 19:15:00,210 INFO  - Recieve a message from RSU (at simulation time 33.517,971,529 s)
2024-06-03 19:15:00,210 INFO  - Recieve a message from RSU (at simulation time 33.526,676,432 s)
2024-06-03 19:15:00,211 INFO  - Called #onVehicleUpdated (at simulation time 34.000,000,000 s)
2024-06-03 19:15:00,211 INFO  - Sending out AdHoc broadcast (at simulation time 34.000,000,000 s)
2024-06-03 19:15:00,212 INFO  - Sending out AdHoc broadcast (at simulation time 34.000,000,000 s)
2024-06-03 19:15:00,213 INFO  - Recieve a message from other vehicle (at simulation time 34.000,400,000 s)
2024-06-03 19:15:00,213 INFO  - My position is not better! (at simulation time 34.000,400,000 s)
2024-06-03 19:15:00,213 INFO  - Recieve a message from other vehicle (at simulation time 34.002,800,000 s)
2024-06-03 19:15:00,213 INFO  - My position is not better! (at simulation time 34.002,800,000 s)
2024-06-03 19:15:00,213 INFO  - Recieve a message from other vehicle (at simulation time 34.002,800,000 s)
2024-06-03 19:15:00,213 INFO  - My position is not better! (at simulation time 34.002,800,000 s)
2024-06-03 19:15:00,216 INFO  - Called #onVehicleUpdated (at simulation time 35.000,000,000 s)
2024-06-03 19:15:00,216 INFO  - Sending out AdHoc broadcast (at simulation time 35.000,000,000 s)
2024-06-03 19:15:00,217 INFO  - Recieve a message from other vehicle (at simulation time 35.003,800,000 s)
2024-06-03 19:15:00,217 INFO  - My position is not better! (at simulation time 35.003,800,000 s)
2024-06-03 19:15:00,219 INFO  - Called #onVehicleUpdated (at simulation time 36.000,000,000 s)
2024-06-03 19:15:00,219 INFO  - Exced velocity! Sending new CAM (at simulation time 36.000,000,000 s)
2024-06-03 19:15:00,219 INFO  - Sending out AdHoc broadcast (at simulation time 36.000,000,000 s)
2024-06-03 19:15:00,219 INFO  - Sending out AdHoc broadcast (at simulation time 36.000,000,000 s)
2024-06-03 19:15:00,219 INFO  - Sending out AdHoc broadcast (at simulation time 36.000,000,000 s)
2024-06-03 19:15:00,223 INFO  - Called #onVehicleUpdated (at simulation time 37.000,000,000 s)
2024-06-03 19:15:00,224 INFO  - Exced velocity! Sending new CAM (at simulation time 37.000,000,000 s)
2024-06-03 19:15:00,224 INFO  - Sending out AdHoc broadcast (at simulation time 37.000,000,000 s)
2024-06-03 19:15:00,224 INFO  - Sending out AdHoc broadcast (at simulation time 37.000,000,000 s)
2024-06-03 19:15:00,226 INFO  - Called #onVehicleUpdated (at simulation time 38.000,000,000 s)
2024-06-03 19:15:00,226 INFO  - Exced velocity! Sending new CAM (at simulation time 38.000,000,000 s)
2024-06-03 19:15:00,226 INFO  - Sending out AdHoc broadcast (at simulation time 38.000,000,000 s)
2024-06-03 19:15:00,226 INFO  - Sending out AdHoc broadcast (at simulation time 38.000,000,000 s)
2024-06-03 19:15:00,226 INFO  - Sending out AdHoc broadcast (at simulation time 38.000,000,000 s)
2024-06-03 19:15:00,226 INFO  - Sending out AdHoc broadcast (at simulation time 38.000,000,000 s)
2024-06-03 19:15:00,228 INFO  - Called #onVehicleUpdated (at simulation time 39.000,000,000 s)
2024-06-03 19:15:00,228 INFO  - Exced velocity! Sending new CAM (at simulation time 39.000,000,000 s)
2024-06-03 19:15:00,228 INFO  - Sending out AdHoc broadcast (at simulation time 39.000,000,000 s)
2024-06-03 19:15:00,228 INFO  - Sending out AdHoc broadcast (at simulation time 39.000,000,000 s)
2024-06-03 19:15:00,228 INFO  - Sending out AdHoc broadcast (at simulation time 39.000,000,000 s)
2024-06-03 19:15:00,230 INFO  - Shutdown (at simulation time 40.000,000,000 s)
