2024-06-03 19:54:39,273 INFO  - Initialize Vehicle application (at simulation time 474.000,000,000 s)
2024-06-03 19:54:39,274 INFO  - Activated WLAN Module (at simulation time 474.000,000,000 s)
2024-06-03 19:54:39,274 INFO  - Called #onVehicleUpdated (at simulation time 474.000,000,000 s)
2024-06-03 19:54:39,274 INFO  - Exced velocity! Sending new CAM (at simulation time 474.000,000,000 s)
2024-06-03 19:54:39,274 INFO  - Sending out AdHoc broadcast (at simulation time 474.000,000,000 s)
2024-06-03 19:54:39,277 INFO  - Called #onVehicleUpdated (at simulation time 475.000,000,000 s)
2024-06-03 19:54:39,277 INFO  - Define the name: veh_75 and route: r_5 (at simulation time 475.000,000,000 s)
2024-06-03 19:54:39,277 INFO  - Sending out AdHoc broadcast (at simulation time 475.000,000,000 s)
2024-06-03 19:54:39,279 INFO  - Called #onVehicleUpdated (at simulation time 476.000,000,000 s)
2024-06-03 19:54:39,279 INFO  - Exced velocity! Sending new CAM (at simulation time 476.000,000,000 s)
2024-06-03 19:54:39,279 INFO  - Sending out AdHoc broadcast (at simulation time 476.000,000,000 s)
2024-06-03 19:54:39,279 INFO  - Sending out AdHoc broadcast (at simulation time 476.000,000,000 s)
2024-06-03 19:54:39,280 INFO  - Called #onVehicleUpdated (at simulation time 477.000,000,000 s)
2024-06-03 19:54:39,281 INFO  - Sending out AdHoc broadcast (at simulation time 477.000,000,000 s)
2024-06-03 19:54:39,282 INFO  - Called #onVehicleUpdated (at simulation time 478.000,000,000 s)
2024-06-03 19:54:39,282 INFO  - Sending out AdHoc broadcast (at simulation time 478.000,000,000 s)
2024-06-03 19:54:39,282 INFO  - Sending out AdHoc broadcast (at simulation time 478.000,000,000 s)
2024-06-03 19:54:39,283 INFO  - Called #onVehicleUpdated (at simulation time 479.000,000,000 s)
2024-06-03 19:54:39,283 INFO  - Exced velocity! Sending new CAM (at simulation time 479.000,000,000 s)
2024-06-03 19:54:39,283 INFO  - Sending out AdHoc broadcast (at simulation time 479.000,000,000 s)
2024-06-03 19:54:39,283 INFO  - Sending out AdHoc broadcast (at simulation time 479.000,000,000 s)
2024-06-03 19:54:39,286 INFO  - Called #onVehicleUpdated (at simulation time 480.000,000,000 s)
2024-06-03 19:54:39,286 INFO  - Exced velocity! Sending new CAM (at simulation time 480.000,000,000 s)
2024-06-03 19:54:39,286 INFO  - Sending out AdHoc broadcast (at simulation time 480.000,000,000 s)
2024-06-03 19:54:39,286 INFO  - Sending out AdHoc broadcast (at simulation time 480.000,000,000 s)
2024-06-03 19:54:39,286 INFO  - Sending out AdHoc broadcast (at simulation time 480.000,000,000 s)
2024-06-03 19:54:39,286 INFO  - Recieve a message from other vehicle (at simulation time 480.000,400,000 s)
2024-06-03 19:54:39,286 INFO  - My position is not better! (at simulation time 480.000,400,000 s)
2024-06-03 19:54:39,286 INFO  - Recieve a message from other vehicle (at simulation time 480.000,400,000 s)
2024-06-03 19:54:39,286 INFO  - My position is not better! (at simulation time 480.000,400,000 s)
2024-06-03 19:54:39,287 INFO  - Recieve a message from other vehicle (at simulation time 480.001,400,000 s)
2024-06-03 19:54:39,287 INFO  - My position is not better! (at simulation time 480.001,400,000 s)
2024-06-03 19:54:39,287 INFO  - Recieve a message from other vehicle (at simulation time 480.002,300,000 s)
2024-06-03 19:54:39,287 INFO  - My position is not better! (at simulation time 480.002,300,000 s)
2024-06-03 19:54:39,287 INFO  - Recieve a message from other vehicle (at simulation time 480.002,800,000 s)
2024-06-03 19:54:39,287 INFO  - My position is not better! (at simulation time 480.002,800,000 s)
2024-06-03 19:54:39,287 INFO  - Recieve a message from other vehicle (at simulation time 480.002,800,000 s)
2024-06-03 19:54:39,287 INFO  - My position is not better! (at simulation time 480.002,800,000 s)
2024-06-03 19:54:39,288 INFO  - Called #onVehicleUpdated (at simulation time 481.000,000,000 s)
2024-06-03 19:54:39,288 INFO  - Sending out AdHoc broadcast (at simulation time 481.000,000,000 s)
2024-06-03 19:54:39,288 INFO  - Sending out AdHoc broadcast (at simulation time 481.000,000,000 s)
2024-06-03 19:54:39,288 INFO  - Recieve a message from other vehicle (at simulation time 481.000,400,000 s)
2024-06-03 19:54:39,288 INFO  - My position is not better! (at simulation time 481.000,400,000 s)
2024-06-03 19:54:39,288 INFO  - Recieve a message from other vehicle (at simulation time 481.000,400,000 s)
2024-06-03 19:54:39,288 INFO  - My position is not better! (at simulation time 481.000,400,000 s)
2024-06-03 19:54:39,288 INFO  - Recieve a message from other vehicle (at simulation time 481.000,400,000 s)
2024-06-03 19:54:39,288 INFO  - My position is not better! (at simulation time 481.000,400,000 s)
2024-06-03 19:54:39,288 INFO  - Recieve a message from other vehicle (at simulation time 481.000,900,000 s)
2024-06-03 19:54:39,288 INFO  - My position is not better! (at simulation time 481.000,900,000 s)
2024-06-03 19:54:39,288 INFO  - Recieve a message from other vehicle (at simulation time 481.000,900,000 s)
2024-06-03 19:54:39,288 INFO  - My position is not better! (at simulation time 481.000,900,000 s)
2024-06-03 19:54:39,289 INFO  - Recieve a message from other vehicle (at simulation time 481.001,800,000 s)
2024-06-03 19:54:39,289 INFO  - My position is not better! (at simulation time 481.001,800,000 s)
2024-06-03 19:54:39,289 INFO  - Recieve a message from other vehicle (at simulation time 481.001,900,000 s)
2024-06-03 19:54:39,289 INFO  - My position is not better! (at simulation time 481.001,900,000 s)
2024-06-03 19:54:39,289 INFO  - Recieve a message from other vehicle (at simulation time 481.002,300,000 s)
2024-06-03 19:54:39,289 INFO  - My position is not better! (at simulation time 481.002,300,000 s)
2024-06-03 19:54:39,289 INFO  - Recieve a message from other vehicle (at simulation time 481.002,300,000 s)
2024-06-03 19:54:39,289 INFO  - My position is not better! (at simulation time 481.002,300,000 s)
2024-06-03 19:54:39,289 INFO  - Recieve a message from other vehicle (at simulation time 481.002,300,000 s)
2024-06-03 19:54:39,289 INFO  - My position is not better! (at simulation time 481.002,300,000 s)
2024-06-03 19:54:39,289 INFO  - Recieve a message from other vehicle (at simulation time 481.002,300,000 s)
2024-06-03 19:54:39,289 INFO  - My position is not better! (at simulation time 481.002,300,000 s)
2024-06-03 19:54:39,289 INFO  - Recieve a message from other vehicle (at simulation time 481.002,400,000 s)
2024-06-03 19:54:39,289 INFO  - My position is not better! (at simulation time 481.002,400,000 s)
2024-06-03 19:54:39,290 INFO  - Called #onVehicleUpdated (at simulation time 482.000,000,000 s)
2024-06-03 19:54:39,290 INFO  - Sending out AdHoc broadcast (at simulation time 482.000,000,000 s)
2024-06-03 19:54:39,290 INFO  - Sending out AdHoc broadcast (at simulation time 482.000,000,000 s)
2024-06-03 19:54:39,290 INFO  - Sending out AdHoc broadcast (at simulation time 482.000,000,000 s)
2024-06-03 19:54:39,291 INFO  - Recieve a message from other vehicle (at simulation time 482.000,400,000 s)
2024-06-03 19:54:39,291 INFO  - Recending a message from other vehicle (at simulation time 482.000,400,000 s)
2024-06-03 19:54:39,291 INFO  - Recieve a message from other vehicle (at simulation time 482.000,900,000 s)
2024-06-03 19:54:39,291 INFO  - My position is not better! (at simulation time 482.000,900,000 s)
2024-06-03 19:54:39,291 INFO  - Recieve a message from other vehicle (at simulation time 482.000,900,000 s)
2024-06-03 19:54:39,291 INFO  - My position is not better! (at simulation time 482.000,900,000 s)
2024-06-03 19:54:39,291 INFO  - Recieve a message from other vehicle (at simulation time 482.001,300,000 s)
2024-06-03 19:54:39,291 INFO  - My position is not better! (at simulation time 482.001,300,000 s)
2024-06-03 19:54:39,291 INFO  - Recieve a message from other vehicle (at simulation time 482.001,400,000 s)
2024-06-03 19:54:39,291 INFO  - My position is not better! (at simulation time 482.001,400,000 s)
2024-06-03 19:54:39,291 INFO  - Recieve a message from other vehicle (at simulation time 482.001,800,000 s)
2024-06-03 19:54:39,291 INFO  - My position is not better! (at simulation time 482.001,800,000 s)
2024-06-03 19:54:39,291 INFO  - Recieve a message from other vehicle (at simulation time 482.001,900,000 s)
2024-06-03 19:54:39,291 INFO  - My position is not better! (at simulation time 482.001,900,000 s)
2024-06-03 19:54:39,291 INFO  - Recieve a message from other vehicle (at simulation time 482.002,400,000 s)
2024-06-03 19:54:39,291 INFO  - My position is not better! (at simulation time 482.002,400,000 s)
2024-06-03 19:54:39,291 INFO  - Recieve a message from other vehicle (at simulation time 482.003,300,000 s)
2024-06-03 19:54:39,291 INFO  - My position is not better! (at simulation time 482.003,300,000 s)
2024-06-03 19:54:39,291 INFO  - Recieve a message from other vehicle (at simulation time 482.004,300,000 s)
2024-06-03 19:54:39,291 INFO  - My position is not better! (at simulation time 482.004,300,000 s)
2024-06-03 19:54:39,291 INFO  - Recieve a message from other vehicle (at simulation time 482.004,800,000 s)
2024-06-03 19:54:39,291 INFO  - My position is not better! (at simulation time 482.004,800,000 s)
2024-06-03 19:54:39,292 INFO  - Called #onVehicleUpdated (at simulation time 483.000,000,000 s)
2024-06-03 19:54:39,293 INFO  - Sending out DENM broadcast (at simulation time 483.000,000,000 s)
2024-06-03 19:54:39,293 INFO  - Sending out AdHoc broadcast (at simulation time 483.000,000,000 s)
2024-06-03 19:54:39,293 INFO  - Sending out AdHoc broadcast (at simulation time 483.000,000,000 s)
2024-06-03 19:54:39,293 INFO  - Recieve a message from other vehicle (at simulation time 483.000,400,000 s)
2024-06-03 19:54:39,293 INFO  - My position is not better! (at simulation time 483.000,400,000 s)
2024-06-03 19:54:39,293 INFO  - Recieve a message from other vehicle (at simulation time 483.000,900,000 s)
2024-06-03 19:54:39,293 INFO  - DENM message Recived from veh_72 -info : seco (at simulation time 483.000,900,000 s)
2024-06-03 19:54:39,293 INFO  - No more hops in DENM message (at simulation time 483.000,900,000 s)
2024-06-03 19:54:39,293 INFO  - Recieve a message from other vehicle (at simulation time 483.000,900,000 s)
2024-06-03 19:54:39,293 INFO  - My position is not better! (at simulation time 483.000,900,000 s)
2024-06-03 19:54:39,293 INFO  - Recieve a message from other vehicle (at simulation time 483.001,400,000 s)
2024-06-03 19:54:39,293 INFO  - My position is not better! (at simulation time 483.001,400,000 s)
2024-06-03 19:54:39,293 INFO  - Recieve a message from other vehicle (at simulation time 483.001,400,000 s)
2024-06-03 19:54:39,293 INFO  - My position is not better! (at simulation time 483.001,400,000 s)
2024-06-03 19:54:39,293 INFO  - Recieve a message from other vehicle (at simulation time 483.001,800,000 s)
2024-06-03 19:54:39,293 INFO  - DENM message Recived from veh_75 -info : seco (at simulation time 483.001,800,000 s)
2024-06-03 19:54:39,293 INFO  - No more hops in DENM message (at simulation time 483.001,800,000 s)
2024-06-03 19:54:39,293 INFO  - Recieve a message from other vehicle (at simulation time 483.001,800,000 s)
2024-06-03 19:54:39,293 INFO  - My position is not better! (at simulation time 483.001,800,000 s)
2024-06-03 19:54:39,293 INFO  - Recieve a message from other vehicle (at simulation time 483.001,800,000 s)
2024-06-03 19:54:39,293 INFO  - My position is not better! (at simulation time 483.001,800,000 s)
2024-06-03 19:54:39,293 INFO  - Recieve a message from other vehicle (at simulation time 483.001,800,000 s)
2024-06-03 19:54:39,293 INFO  - DENM message Recived from veh_72 -info : seco (at simulation time 483.001,800,000 s)
2024-06-03 19:54:39,293 INFO  - No more hops in DENM message (at simulation time 483.001,800,000 s)
2024-06-03 19:54:39,293 INFO  - Recieve a message from other vehicle (at simulation time 483.001,800,000 s)
2024-06-03 19:54:39,294 INFO  - My position is not better! (at simulation time 483.001,800,000 s)
2024-06-03 19:54:39,294 INFO  - Recieve a message from other vehicle (at simulation time 483.001,900,000 s)
2024-06-03 19:54:39,294 INFO  - DENM message Recived from veh_74 -info : seco (at simulation time 483.001,900,000 s)
2024-06-03 19:54:39,294 INFO  - No more hops in DENM message (at simulation time 483.001,900,000 s)
2024-06-03 19:54:39,294 INFO  - Recieve a message from other vehicle (at simulation time 483.001,900,000 s)
2024-06-03 19:54:39,294 INFO  - My position is not better! (at simulation time 483.001,900,000 s)
2024-06-03 19:54:39,294 INFO  - Recieve a message from other vehicle (at simulation time 483.001,900,000 s)
2024-06-03 19:54:39,294 INFO  - My position is not better! (at simulation time 483.001,900,000 s)
2024-06-03 19:54:39,294 INFO  - Recieve a message from other vehicle (at simulation time 483.002,300,000 s)
2024-06-03 19:54:39,294 INFO  - DENM message Recived from veh_74 -info : seco (at simulation time 483.002,300,000 s)
2024-06-03 19:54:39,294 INFO  - No more hops in DENM message (at simulation time 483.002,300,000 s)
2024-06-03 19:54:39,294 INFO  - Recieve a message from other vehicle (at simulation time 483.002,400,000 s)
2024-06-03 19:54:39,294 INFO  - My position is not better! (at simulation time 483.002,400,000 s)
2024-06-03 19:54:39,294 INFO  - Recieve a message from other vehicle (at simulation time 483.003,300,000 s)
2024-06-03 19:54:39,294 INFO  - My position is not better! (at simulation time 483.003,300,000 s)
2024-06-03 19:54:39,297 INFO  - Called #onVehicleUpdated (at simulation time 484.000,000,000 s)
2024-06-03 19:54:39,297 INFO  - Sending out AdHoc broadcast (at simulation time 484.000,000,000 s)
2024-06-03 19:54:39,297 INFO  - Sending out AdHoc broadcast (at simulation time 484.000,000,000 s)
2024-06-03 19:54:39,297 INFO  - Sending out AdHoc broadcast (at simulation time 484.000,000,000 s)
2024-06-03 19:54:39,298 INFO  - Recieve a message from other vehicle (at simulation time 484.000,900,000 s)
2024-06-03 19:54:39,298 INFO  - Recending a message from other vehicle (at simulation time 484.000,900,000 s)
2024-06-03 19:54:39,298 INFO  - Recieve a message from other vehicle (at simulation time 484.000,900,000 s)
2024-06-03 19:54:39,298 INFO  - Recending a message from other vehicle (at simulation time 484.000,900,000 s)
2024-06-03 19:54:39,298 INFO  - Recieve a message from other vehicle (at simulation time 484.001,400,000 s)
2024-06-03 19:54:39,298 INFO  - I'm in better position but no more hops in message (at simulation time 484.001,400,000 s)
2024-06-03 19:54:39,298 INFO  - Recieve a message from other vehicle (at simulation time 484.001,800,000 s)
2024-06-03 19:54:39,298 INFO  - I'm in better position but no more hops in message (at simulation time 484.001,800,000 s)
2024-06-03 19:54:39,298 INFO  - Recieve a message from other vehicle (at simulation time 484.001,800,000 s)
2024-06-03 19:54:39,298 INFO  - I'm in better position but no more hops in message (at simulation time 484.001,800,000 s)
2024-06-03 19:54:39,299 INFO  - Recieve a message from other vehicle (at simulation time 484.001,900,000 s)
2024-06-03 19:54:39,299 INFO  - DENM message Recived from veh_73 -info : seco (at simulation time 484.001,900,000 s)
2024-06-03 19:54:39,299 INFO  - Recending a DENM message from other vehicle (at simulation time 484.001,900,000 s)
2024-06-03 19:54:39,299 INFO  - Recieve a message from other vehicle (at simulation time 484.001,900,000 s)
2024-06-03 19:54:39,299 INFO  - I'm in better position but no more hops in message (at simulation time 484.001,900,000 s)
2024-06-03 19:54:39,299 INFO  - Recieve a message from other vehicle (at simulation time 484.001,900,000 s)
2024-06-03 19:54:39,299 INFO  - I'm in better position but no more hops in message (at simulation time 484.001,900,000 s)
2024-06-03 19:54:39,299 INFO  - Recieve a message from other vehicle (at simulation time 484.001,900,000 s)
2024-06-03 19:54:39,299 INFO  - My position is not better! (at simulation time 484.001,900,000 s)
2024-06-03 19:54:39,299 INFO  - Recieve a message from other vehicle (at simulation time 484.003,800,000 s)
2024-06-03 19:54:39,299 INFO  - I'm in better position but no more hops in message (at simulation time 484.003,800,000 s)
2024-06-03 19:54:39,302 INFO  - Called #onVehicleUpdated (at simulation time 485.000,000,000 s)
2024-06-03 19:54:39,302 INFO  - Sending out AdHoc broadcast (at simulation time 485.000,000,000 s)
2024-06-03 19:54:39,302 INFO  - Sending out AdHoc broadcast (at simulation time 485.000,000,000 s)
2024-06-03 19:54:39,302 INFO  - Recieve a message from other vehicle (at simulation time 485.000,900,000 s)
2024-06-03 19:54:39,302 INFO  - Recending a message from other vehicle (at simulation time 485.000,900,000 s)
2024-06-03 19:54:39,302 INFO  - Recieve a message from other vehicle (at simulation time 485.001,400,000 s)
2024-06-03 19:54:39,302 INFO  - I'm in better position but no more hops in message (at simulation time 485.001,400,000 s)
2024-06-03 19:54:39,302 INFO  - Recieve a message from other vehicle (at simulation time 485.002,300,000 s)
2024-06-03 19:54:39,302 INFO  - I'm in better position but no more hops in message (at simulation time 485.002,300,000 s)
2024-06-03 19:54:39,302 INFO  - Recieve a message from other vehicle (at simulation time 485.002,400,000 s)
2024-06-03 19:54:39,302 INFO  - I'm in better position but no more hops in message (at simulation time 485.002,400,000 s)
2024-06-03 19:54:39,303 INFO  - Recieve a message from other vehicle (at simulation time 485.002,800,000 s)
2024-06-03 19:54:39,303 INFO  - I'm in better position but no more hops in message (at simulation time 485.002,800,000 s)
2024-06-03 19:54:39,304 INFO  - Called #onVehicleUpdated (at simulation time 486.000,000,000 s)
2024-06-03 19:54:39,304 INFO  - Sending out AdHoc broadcast (at simulation time 486.000,000,000 s)
2024-06-03 19:54:39,304 INFO  - Sending out AdHoc broadcast (at simulation time 486.000,000,000 s)
2024-06-03 19:54:39,304 INFO  - Sending out AdHoc broadcast (at simulation time 486.000,000,000 s)
2024-06-03 19:54:39,305 INFO  - Recieve a message from other vehicle (at simulation time 486.001,400,000 s)
2024-06-03 19:54:39,305 INFO  - I'm in better position but no more hops in message (at simulation time 486.001,400,000 s)
2024-06-03 19:54:39,305 INFO  - Recieve a message from other vehicle (at simulation time 486.001,900,000 s)
2024-06-03 19:54:39,305 INFO  - I'm in better position but no more hops in message (at simulation time 486.001,900,000 s)
2024-06-03 19:54:39,305 INFO  - Recieve a message from other vehicle (at simulation time 486.001,900,000 s)
2024-06-03 19:54:39,305 INFO  - Recending a message from other vehicle (at simulation time 486.001,900,000 s)
2024-06-03 19:54:39,305 INFO  - Recieve a message from other vehicle (at simulation time 486.003,800,000 s)
2024-06-03 19:54:39,305 INFO  - I'm in better position but no more hops in message (at simulation time 486.003,800,000 s)
2024-06-03 19:54:39,305 INFO  - Recieve a message from other vehicle (at simulation time 486.003,800,000 s)
2024-06-03 19:54:39,305 INFO  - I'm in better position but no more hops in message (at simulation time 486.003,800,000 s)
2024-06-03 19:54:39,306 INFO  - Called #onVehicleUpdated (at simulation time 487.000,000,000 s)
2024-06-03 19:54:39,306 INFO  - Sending out AdHoc broadcast (at simulation time 487.000,000,000 s)
2024-06-03 19:54:39,306 INFO  - Sending out AdHoc broadcast (at simulation time 487.000,000,000 s)
2024-06-03 19:54:39,307 INFO  - Called #onVehicleUpdated (at simulation time 488.000,000,000 s)
2024-06-03 19:54:39,307 INFO  - Sending out AdHoc broadcast (at simulation time 488.000,000,000 s)
2024-06-03 19:54:39,307 INFO  - Sending out AdHoc broadcast (at simulation time 488.000,000,000 s)
2024-06-03 19:54:39,307 INFO  - Sending out AdHoc broadcast (at simulation time 488.000,000,000 s)
2024-06-03 19:54:39,309 INFO  - Called #onVehicleUpdated (at simulation time 489.000,000,000 s)
2024-06-03 19:54:39,309 INFO  - Sending out AdHoc broadcast (at simulation time 489.000,000,000 s)
2024-06-03 19:54:39,310 INFO  - Sending out AdHoc broadcast (at simulation time 489.000,000,000 s)
2024-06-03 19:54:39,312 INFO  - Called #onVehicleUpdated (at simulation time 490.000,000,000 s)
2024-06-03 19:54:39,312 INFO  - Sending out AdHoc broadcast (at simulation time 490.000,000,000 s)
2024-06-03 19:54:39,312 INFO  - Sending out AdHoc broadcast (at simulation time 490.000,000,000 s)
2024-06-03 19:54:39,312 INFO  - Sending out AdHoc broadcast (at simulation time 490.000,000,000 s)
2024-06-03 19:54:39,314 INFO  - Called #onVehicleUpdated (at simulation time 491.000,000,000 s)
2024-06-03 19:54:39,314 INFO  - Sending out AdHoc broadcast (at simulation time 491.000,000,000 s)
2024-06-03 19:54:39,314 INFO  - Sending out AdHoc broadcast (at simulation time 491.000,000,000 s)
2024-06-03 19:54:39,315 INFO  - Called #onVehicleUpdated (at simulation time 492.000,000,000 s)
2024-06-03 19:54:39,315 INFO  - Sending out AdHoc broadcast (at simulation time 492.000,000,000 s)
2024-06-03 19:54:39,315 INFO  - Sending out AdHoc broadcast (at simulation time 492.000,000,000 s)
2024-06-03 19:54:39,315 INFO  - Sending out AdHoc broadcast (at simulation time 492.000,000,000 s)
2024-06-03 19:54:39,317 INFO  - Called #onVehicleUpdated (at simulation time 493.000,000,000 s)
2024-06-03 19:54:39,317 INFO  - Sending out AdHoc broadcast (at simulation time 493.000,000,000 s)
2024-06-03 19:54:39,317 INFO  - Sending out AdHoc broadcast (at simulation time 493.000,000,000 s)
2024-06-03 19:54:39,318 INFO  - Called #onVehicleUpdated (at simulation time 494.000,000,000 s)
2024-06-03 19:54:39,318 INFO  - Exced velocity! Sending new CAM (at simulation time 494.000,000,000 s)
2024-06-03 19:54:39,318 INFO  - Sending out AdHoc broadcast (at simulation time 494.000,000,000 s)
2024-06-03 19:54:39,318 INFO  - Sending out AdHoc broadcast (at simulation time 494.000,000,000 s)
2024-06-03 19:54:39,318 INFO  - Sending out AdHoc broadcast (at simulation time 494.000,000,000 s)
2024-06-03 19:54:39,318 INFO  - Sending out AdHoc broadcast (at simulation time 494.000,000,000 s)
2024-06-03 19:54:39,320 INFO  - Called #onVehicleUpdated (at simulation time 495.000,000,000 s)
2024-06-03 19:54:39,320 INFO  - Exced velocity! Sending new CAM (at simulation time 495.000,000,000 s)
2024-06-03 19:54:39,320 INFO  - Sending out AdHoc broadcast (at simulation time 495.000,000,000 s)
2024-06-03 19:54:39,320 INFO  - Sending out AdHoc broadcast (at simulation time 495.000,000,000 s)
2024-06-03 19:54:39,320 INFO  - Sending out AdHoc broadcast (at simulation time 495.000,000,000 s)
2024-06-03 19:54:39,321 INFO  - Called #onVehicleUpdated (at simulation time 496.000,000,000 s)
2024-06-03 19:54:39,321 INFO  - Sending out AdHoc broadcast (at simulation time 496.000,000,000 s)
2024-06-03 19:54:39,321 INFO  - Sending out AdHoc broadcast (at simulation time 496.000,000,000 s)
2024-06-03 19:54:39,321 INFO  - Sending out AdHoc broadcast (at simulation time 496.000,000,000 s)
2024-06-03 19:54:39,321 INFO  - Sending out AdHoc broadcast (at simulation time 496.000,000,000 s)
2024-06-03 19:54:39,322 INFO  - Shutdown (at simulation time 497.000,000,000 s)
