2024-06-03 19:41:32,929 INFO  - Initialize Vehicle application (at simulation time 6.000,000,000 s)
2024-06-03 19:41:32,932 INFO  - Activated WLAN Module (at simulation time 6.000,000,000 s)
2024-06-03 19:41:32,936 INFO  - Called #onVehicleUpdated (at simulation time 6.000,000,000 s)
2024-06-03 19:41:32,936 INFO  - Exced velocity! Sending new CAM (at simulation time 6.000,000,000 s)
2024-06-03 19:41:32,936 INFO  - Sending out AdHoc broadcast (at simulation time 6.000,000,000 s)
2024-06-03 19:41:33,326 INFO  - Called #onVehicleUpdated (at simulation time 7.000,000,000 s)
2024-06-03 19:41:33,326 INFO  - Exced velocity! Sending new CAM (at simulation time 7.000,000,000 s)
2024-06-03 19:41:33,326 INFO  - Sending out AdHoc broadcast (at simulation time 7.000,000,000 s)
2024-06-03 19:41:33,329 INFO  - Define the name: veh_3 and route: r_4 (at simulation time 7.000,000,000 s)
2024-06-03 19:41:33,330 INFO  - Sending out AdHoc broadcast (at simulation time 7.000,000,000 s)
2024-06-03 19:41:33,719 INFO  - Called #onVehicleUpdated (at simulation time 8.000,000,000 s)
2024-06-03 19:41:33,719 INFO  - Exced velocity! Sending new CAM (at simulation time 8.000,000,000 s)
2024-06-03 19:41:33,720 INFO  - Sending out AdHoc broadcast (at simulation time 8.000,000,000 s)
2024-06-03 19:41:33,722 INFO  - Sending out AdHoc broadcast (at simulation time 8.000,000,000 s)
2024-06-03 19:41:33,725 INFO  - Recieve a message from other vehicle (at simulation time 8.000,400,000 s)
2024-06-03 19:41:33,726 INFO  - Recending a message from other vehicle (at simulation time 8.000,400,000 s)
2024-06-03 19:41:34,118 INFO  - Called #onVehicleUpdated (at simulation time 9.000,000,000 s)
2024-06-03 19:41:34,118 INFO  - Exced velocity! Sending new CAM (at simulation time 9.000,000,000 s)
2024-06-03 19:41:34,118 INFO  - Sending out AdHoc broadcast (at simulation time 9.000,000,000 s)
2024-06-03 19:41:34,119 INFO  - Sending out AdHoc broadcast (at simulation time 9.000,000,000 s)
2024-06-03 19:41:34,121 INFO  - Sending out AdHoc broadcast (at simulation time 9.000,000,000 s)
2024-06-03 19:41:34,529 INFO  - Called #onVehicleUpdated (at simulation time 10.000,000,000 s)
2024-06-03 19:41:34,529 INFO  - Exced velocity! Sending new CAM (at simulation time 10.000,000,000 s)
2024-06-03 19:41:34,529 INFO  - Sending out AdHoc broadcast (at simulation time 10.000,000,000 s)
2024-06-03 19:41:34,530 INFO  - Sending out AdHoc broadcast (at simulation time 10.000,000,000 s)
2024-06-03 19:41:34,531 INFO  - Sending out AdHoc broadcast (at simulation time 10.000,000,000 s)
2024-06-03 19:41:34,532 INFO  - Recieve a message from other vehicle (at simulation time 10.000,400,000 s)
2024-06-03 19:41:34,533 INFO  - Recending a message from other vehicle (at simulation time 10.000,400,000 s)
2024-06-03 19:41:34,916 INFO  - Called #onVehicleUpdated (at simulation time 11.000,000,000 s)
2024-06-03 19:41:34,916 INFO  - Exced velocity! Sending new CAM (at simulation time 11.000,000,000 s)
2024-06-03 19:41:34,916 INFO  - Sending out AdHoc broadcast (at simulation time 11.000,000,000 s)
2024-06-03 19:41:34,917 INFO  - Sending out AdHoc broadcast (at simulation time 11.000,000,000 s)
2024-06-03 19:41:34,917 INFO  - Sending out AdHoc broadcast (at simulation time 11.000,000,000 s)
2024-06-03 19:41:34,918 INFO  - Sending out AdHoc broadcast (at simulation time 11.000,000,000 s)
2024-06-03 19:41:34,919 INFO  - Recieve a message from other vehicle (at simulation time 11.000,400,000 s)
2024-06-03 19:41:34,919 INFO  - Recending a message from other vehicle (at simulation time 11.000,400,000 s)
2024-06-03 19:41:35,317 INFO  - Called #onVehicleUpdated (at simulation time 12.000,000,000 s)
2024-06-03 19:41:35,319 INFO  - Sending out AdHoc broadcast (at simulation time 12.000,000,000 s)
2024-06-03 19:41:35,319 INFO  - Sending out AdHoc broadcast (at simulation time 12.000,000,000 s)
2024-06-03 19:41:35,320 INFO  - Sending out AdHoc broadcast (at simulation time 12.000,000,000 s)
2024-06-03 19:41:35,324 INFO  - Recieve a message from other vehicle (at simulation time 12.000,400,000 s)
2024-06-03 19:41:35,325 INFO  - Recending a message from other vehicle (at simulation time 12.000,400,000 s)
2024-06-03 19:41:35,325 INFO  - Recieve a message from other vehicle (at simulation time 12.000,400,000 s)
2024-06-03 19:41:35,325 INFO  - Recending a message from other vehicle (at simulation time 12.000,400,000 s)
2024-06-03 19:41:35,326 INFO  - Recieve a message from other vehicle (at simulation time 12.000,400,000 s)
2024-06-03 19:41:35,326 INFO  - Recending a message from other vehicle (at simulation time 12.000,400,000 s)
2024-06-03 19:41:35,330 INFO  - Recieve a message from other vehicle (at simulation time 12.001,400,000 s)
2024-06-03 19:41:35,330 INFO  - Recending a message from other vehicle (at simulation time 12.001,400,000 s)
2024-06-03 19:41:35,332 INFO  - Recieve a message from other vehicle (at simulation time 12.001,900,000 s)
2024-06-03 19:41:35,332 INFO  - Recending a message from other vehicle (at simulation time 12.001,900,000 s)
2024-06-03 19:41:35,718 INFO  - Called #onVehicleUpdated (at simulation time 13.000,000,000 s)
2024-06-03 19:41:35,719 INFO  - Sending out AdHoc broadcast (at simulation time 13.000,000,000 s)
2024-06-03 19:41:35,720 INFO  - Sending out AdHoc broadcast (at simulation time 13.000,000,000 s)
2024-06-03 19:41:35,720 INFO  - Sending out AdHoc broadcast (at simulation time 13.000,000,000 s)
2024-06-03 19:41:35,720 INFO  - Sending out AdHoc broadcast (at simulation time 13.000,000,000 s)
2024-06-03 19:41:35,723 INFO  - Recieve a message from other vehicle (at simulation time 13.000,400,000 s)
2024-06-03 19:41:35,723 INFO  - Recending a message from other vehicle (at simulation time 13.000,400,000 s)
2024-06-03 19:41:35,724 INFO  - Recieve a message from other vehicle (at simulation time 13.000,900,000 s)
2024-06-03 19:41:35,724 INFO  - Recending a message from other vehicle (at simulation time 13.000,900,000 s)
2024-06-03 19:41:35,724 INFO  - Recieve a message from other vehicle (at simulation time 13.000,900,000 s)
2024-06-03 19:41:35,724 INFO  - Recending a message from other vehicle (at simulation time 13.000,900,000 s)
2024-06-03 19:41:35,728 INFO  - Recieve a message from other vehicle (at simulation time 13.001,400,000 s)
2024-06-03 19:41:35,728 INFO  - Recending a message from other vehicle (at simulation time 13.001,400,000 s)
2024-06-03 19:41:35,729 INFO  - Recieve a message from other vehicle (at simulation time 13.001,400,000 s)
2024-06-03 19:41:35,729 INFO  - Recending a message from other vehicle (at simulation time 13.001,400,000 s)
2024-06-03 19:41:35,733 INFO  - Recieve a message from other vehicle (at simulation time 13.002,300,000 s)
2024-06-03 19:41:35,733 INFO  - I'm in better position but no more hops in message (at simulation time 13.002,300,000 s)
2024-06-03 19:41:35,734 INFO  - Recieve a message from other vehicle (at simulation time 13.002,400,000 s)
2024-06-03 19:41:35,734 INFO  - Recending a message from other vehicle (at simulation time 13.002,400,000 s)
2024-06-03 19:41:35,734 INFO  - Recieve a message from other vehicle (at simulation time 13.002,400,000 s)
2024-06-03 19:41:35,734 INFO  - I'm in better position but no more hops in message (at simulation time 13.002,400,000 s)
2024-06-03 19:41:36,119 INFO  - Called #onVehicleUpdated (at simulation time 14.000,000,000 s)
2024-06-03 19:41:36,120 INFO  - Sending out AdHoc broadcast (at simulation time 14.000,000,000 s)
2024-06-03 19:41:36,120 INFO  - Sending out AdHoc broadcast (at simulation time 14.000,000,000 s)
2024-06-03 19:41:36,121 INFO  - Sending out AdHoc broadcast (at simulation time 14.000,000,000 s)
2024-06-03 19:41:36,124 INFO  - Recieve a message from other vehicle (at simulation time 14.000,400,000 s)
2024-06-03 19:41:36,124 INFO  - Recending a message from other vehicle (at simulation time 14.000,400,000 s)
2024-06-03 19:41:36,125 INFO  - Recieve a message from other vehicle (at simulation time 14.000,800,000 s)
2024-06-03 19:41:36,125 INFO  - I'm in better position but no more hops in message (at simulation time 14.000,800,000 s)
2024-06-03 19:41:36,126 INFO  - Recieve a message from other vehicle (at simulation time 14.000,900,000 s)
2024-06-03 19:41:36,127 INFO  - Recending a message from other vehicle (at simulation time 14.000,900,000 s)
2024-06-03 19:41:36,127 INFO  - Recieve a message from other vehicle (at simulation time 14.000,900,000 s)
2024-06-03 19:41:36,127 INFO  - Recending a message from other vehicle (at simulation time 14.000,900,000 s)
2024-06-03 19:41:36,133 INFO  - Recieve a message from other vehicle (at simulation time 14.001,400,000 s)
2024-06-03 19:41:36,133 INFO  - I'm in better position but no more hops in message (at simulation time 14.001,400,000 s)
2024-06-03 19:41:36,135 INFO  - Recieve a message from other vehicle (at simulation time 14.001,900,000 s)
2024-06-03 19:41:36,135 INFO  - I'm in better position but no more hops in message (at simulation time 14.001,900,000 s)
2024-06-03 19:41:36,136 INFO  - Recieve a message from other vehicle (at simulation time 14.002,300,000 s)
2024-06-03 19:41:36,136 INFO  - I'm in better position but no more hops in message (at simulation time 14.002,300,000 s)
2024-06-03 19:41:36,136 INFO  - Recieve a message from other vehicle (at simulation time 14.002,400,000 s)
2024-06-03 19:41:36,136 INFO  - I'm in better position but no more hops in message (at simulation time 14.002,400,000 s)
2024-06-03 19:41:36,136 INFO  - Recieve a message from other vehicle (at simulation time 14.002,400,000 s)
2024-06-03 19:41:36,136 INFO  - I'm in better position but no more hops in message (at simulation time 14.002,400,000 s)
2024-06-03 19:41:36,137 INFO  - Recieve a message from other vehicle (at simulation time 14.003,300,000 s)
2024-06-03 19:41:36,137 INFO  - I'm in better position but no more hops in message (at simulation time 14.003,300,000 s)
2024-06-03 19:41:36,137 INFO  - Recieve a message from other vehicle (at simulation time 14.003,300,000 s)
2024-06-03 19:41:36,137 INFO  - I'm in better position but no more hops in message (at simulation time 14.003,300,000 s)
2024-06-03 19:41:36,532 INFO  - Called #onVehicleUpdated (at simulation time 15.000,000,000 s)
2024-06-03 19:41:36,533 INFO  - Sending out DENM broadcast (at simulation time 15.000,000,000 s)
2024-06-03 19:41:36,533 INFO  - Sending out AdHoc broadcast (at simulation time 15.000,000,000 s)
2024-06-03 19:41:36,533 INFO  - Sending out AdHoc broadcast (at simulation time 15.000,000,000 s)
2024-06-03 19:41:36,534 INFO  - Sending out AdHoc broadcast (at simulation time 15.000,000,000 s)
2024-06-03 19:41:36,534 INFO  - Sending out AdHoc broadcast (at simulation time 15.000,000,000 s)
2024-06-03 19:41:36,539 INFO  - Recieve a message from other vehicle (at simulation time 15.000,400,000 s)
2024-06-03 19:41:36,539 INFO  - My position is not better! (at simulation time 15.000,400,000 s)
2024-06-03 19:41:36,543 INFO  - Recieve a message from other vehicle (at simulation time 15.000,900,000 s)
2024-06-03 19:41:36,543 INFO  - My position is not better! (at simulation time 15.000,900,000 s)
2024-06-03 19:41:36,546 INFO  - Recieve a message from other vehicle (at simulation time 15.001,300,000 s)
2024-06-03 19:41:36,546 INFO  - My position is not better! (at simulation time 15.001,300,000 s)
2024-06-03 19:41:36,546 INFO  - Recieve a message from other vehicle (at simulation time 15.001,300,000 s)
2024-06-03 19:41:36,546 INFO  - My position is not better! (at simulation time 15.001,300,000 s)
2024-06-03 19:41:36,548 INFO  - Recieve a message from other vehicle (at simulation time 15.001,400,000 s)
2024-06-03 19:41:36,548 INFO  - My position is not better! (at simulation time 15.001,400,000 s)
2024-06-03 19:41:36,550 INFO  - Recieve a message from other vehicle (at simulation time 15.001,800,000 s)
2024-06-03 19:41:36,550 INFO  - I'm in better position but no more hops in message (at simulation time 15.001,800,000 s)
2024-06-03 19:41:36,551 INFO  - Recieve a message from other vehicle (at simulation time 15.001,800,000 s)
2024-06-03 19:41:36,551 INFO  - My position is not better! (at simulation time 15.001,800,000 s)
2024-06-03 19:41:36,551 INFO  - Recieve a message from other vehicle (at simulation time 15.001,800,000 s)
2024-06-03 19:41:36,551 INFO  - DENM message Recived from veh_1 -info : piso-molhado (at simulation time 15.001,800,000 s)
2024-06-03 19:41:36,551 INFO  - I slow down due to road state (at simulation time 15.001,800,000 s)
2024-06-03 19:41:36,551 INFO  - No more hops in DENM message (at simulation time 15.001,800,000 s)
2024-06-03 19:41:36,552 INFO  - Recieve a message from other vehicle (at simulation time 15.001,900,000 s)
2024-06-03 19:41:36,553 INFO  - DENM message Recived from veh_0 -info : seco (at simulation time 15.001,900,000 s)
2024-06-03 19:41:36,553 INFO  - No more hops in DENM message (at simulation time 15.001,900,000 s)
2024-06-03 19:41:36,553 INFO  - Recieve a message from other vehicle (at simulation time 15.001,900,000 s)
2024-06-03 19:41:36,553 INFO  - DENM message Recived from veh_1 -info : piso-molhado (at simulation time 15.001,900,000 s)
2024-06-03 19:41:36,553 INFO  - I slow down due to road state (at simulation time 15.001,900,000 s)
2024-06-03 19:41:36,553 INFO  - No more hops in DENM message (at simulation time 15.001,900,000 s)
2024-06-03 19:41:36,553 INFO  - Recieve a message from other vehicle (at simulation time 15.001,900,000 s)
2024-06-03 19:41:36,553 INFO  - DENM message Recived from veh_5 -info : seco (at simulation time 15.001,900,000 s)
2024-06-03 19:41:36,553 INFO  - No more hops in DENM message (at simulation time 15.001,900,000 s)
2024-06-03 19:41:36,553 INFO  - Recieve a message from other vehicle (at simulation time 15.001,900,000 s)
2024-06-03 19:41:36,553 INFO  - I'm in better position but no more hops in message (at simulation time 15.001,900,000 s)
2024-06-03 19:41:36,554 INFO  - Recieve a message from other vehicle (at simulation time 15.001,900,000 s)
2024-06-03 19:41:36,554 INFO  - My position is not better! (at simulation time 15.001,900,000 s)
2024-06-03 19:41:36,555 INFO  - Recieve a message from other vehicle (at simulation time 15.002,300,000 s)
2024-06-03 19:41:36,555 INFO  - My position is not better! (at simulation time 15.002,300,000 s)
2024-06-03 19:41:36,555 INFO  - Recieve a message from other vehicle (at simulation time 15.002,300,000 s)
2024-06-03 19:41:36,555 INFO  - My position is not better! (at simulation time 15.002,300,000 s)
2024-06-03 19:41:36,559 INFO  - Recieve a message from other vehicle (at simulation time 15.002,400,000 s)
2024-06-03 19:41:36,559 INFO  - My position is not better! (at simulation time 15.002,400,000 s)
2024-06-03 19:41:36,560 INFO  - Recieve a message from other vehicle (at simulation time 15.002,400,000 s)
2024-06-03 19:41:36,560 INFO  - My position is not better! (at simulation time 15.002,400,000 s)
2024-06-03 19:41:36,561 INFO  - Recieve a message from other vehicle (at simulation time 15.002,800,000 s)
2024-06-03 19:41:36,562 INFO  - DENM message Recived from veh_3 -info : seco (at simulation time 15.002,800,000 s)
2024-06-03 19:41:36,562 INFO  - No more hops in DENM message (at simulation time 15.002,800,000 s)
2024-06-03 19:41:36,562 INFO  - Recieve a message from other vehicle (at simulation time 15.002,800,000 s)
2024-06-03 19:41:36,562 INFO  - DENM message Recived from veh_5 -info : seco (at simulation time 15.002,800,000 s)
2024-06-03 19:41:36,562 INFO  - No more hops in DENM message (at simulation time 15.002,800,000 s)
2024-06-03 19:41:36,562 INFO  - Recieve a message from other vehicle (at simulation time 15.002,800,000 s)
2024-06-03 19:41:36,562 INFO  - DENM message Recived from veh_0 -info : seco (at simulation time 15.002,800,000 s)
2024-06-03 19:41:36,562 INFO  - No more hops in DENM message (at simulation time 15.002,800,000 s)
2024-06-03 19:41:36,918 INFO  - Called #onVehicleUpdated (at simulation time 16.000,000,000 s)
2024-06-03 19:41:36,919 INFO  - Sending out AdHoc broadcast (at simulation time 16.000,000,000 s)
2024-06-03 19:41:36,920 INFO  - Sending out AdHoc broadcast (at simulation time 16.000,000,000 s)
2024-06-03 19:41:36,920 INFO  - Sending out AdHoc broadcast (at simulation time 16.000,000,000 s)
2024-06-03 19:41:36,927 INFO  - Recieve a message from other vehicle (at simulation time 16.000,900,000 s)
2024-06-03 19:41:36,927 INFO  - DENM message Recived from veh_2 -info : seco (at simulation time 16.000,900,000 s)
2024-06-03 19:41:36,927 INFO  - Recending a DENM message from other vehicle (at simulation time 16.000,900,000 s)
2024-06-03 19:41:36,927 INFO  - Recieve a message from other vehicle (at simulation time 16.000,900,000 s)
2024-06-03 19:41:36,927 INFO  - DENM message Recived from veh_4 -info : nevoeiro (at simulation time 16.000,900,000 s)
2024-06-03 19:41:36,927 INFO  - No more hops in DENM message (at simulation time 16.000,900,000 s)
2024-06-03 19:41:36,928 INFO  - Recieve a message from other vehicle (at simulation time 16.000,900,000 s)
2024-06-03 19:41:36,928 INFO  - My position is not better! (at simulation time 16.000,900,000 s)
2024-06-03 19:41:36,929 INFO  - Recieve a message from other vehicle (at simulation time 16.001,300,000 s)
2024-06-03 19:41:36,929 INFO  - My position is not better! (at simulation time 16.001,300,000 s)
2024-06-03 19:41:36,929 INFO  - Recieve a message from other vehicle (at simulation time 16.001,300,000 s)
2024-06-03 19:41:36,929 INFO  - My position is not better! (at simulation time 16.001,300,000 s)
2024-06-03 19:41:36,930 INFO  - Recieve a message from other vehicle (at simulation time 16.001,400,000 s)
2024-06-03 19:41:36,930 INFO  - My position is not better! (at simulation time 16.001,400,000 s)
2024-06-03 19:41:36,930 INFO  - Recieve a message from other vehicle (at simulation time 16.001,400,000 s)
2024-06-03 19:41:36,931 INFO  - My position is not better! (at simulation time 16.001,400,000 s)
2024-06-03 19:41:36,931 INFO  - Recieve a message from other vehicle (at simulation time 16.001,400,000 s)
2024-06-03 19:41:36,931 INFO  - My position is not better! (at simulation time 16.001,400,000 s)
2024-06-03 19:41:36,932 INFO  - Recieve a message from other vehicle (at simulation time 16.001,800,000 s)
2024-06-03 19:41:36,932 INFO  - My position is not better! (at simulation time 16.001,800,000 s)
2024-06-03 19:41:36,933 INFO  - Recieve a message from other vehicle (at simulation time 16.001,900,000 s)
2024-06-03 19:41:36,933 INFO  - My position is not better! (at simulation time 16.001,900,000 s)
2024-06-03 19:41:36,933 INFO  - Recieve a message from other vehicle (at simulation time 16.001,900,000 s)
2024-06-03 19:41:36,933 INFO  - My position is not better! (at simulation time 16.001,900,000 s)
2024-06-03 19:41:36,934 INFO  - Recieve a message from other vehicle (at simulation time 16.002,300,000 s)
2024-06-03 19:41:36,934 INFO  - DENM message Recived from veh_4 -info : nevoeiro (at simulation time 16.002,300,000 s)
2024-06-03 19:41:36,934 INFO  - No more hops in DENM message (at simulation time 16.002,300,000 s)
2024-06-03 19:41:36,934 INFO  - Recieve a message from other vehicle (at simulation time 16.002,300,000 s)
2024-06-03 19:41:36,934 INFO  - My position is not better! (at simulation time 16.002,300,000 s)
2024-06-03 19:41:36,934 INFO  - Recieve a message from other vehicle (at simulation time 16.002,400,000 s)
2024-06-03 19:41:36,934 INFO  - My position is not better! (at simulation time 16.002,400,000 s)
2024-06-03 19:41:36,935 INFO  - Recieve a message from other vehicle (at simulation time 16.002,800,000 s)
2024-06-03 19:41:36,935 INFO  - My position is not better! (at simulation time 16.002,800,000 s)
2024-06-03 19:41:36,935 INFO  - Recieve a message from other vehicle (at simulation time 16.003,300,000 s)
2024-06-03 19:41:36,935 INFO  - My position is not better! (at simulation time 16.003,300,000 s)
2024-06-03 19:41:37,318 INFO  - Called #onVehicleUpdated (at simulation time 17.000,000,000 s)
2024-06-03 19:41:37,318 INFO  - Sending out AdHoc broadcast (at simulation time 17.000,000,000 s)
2024-06-03 19:41:37,318 INFO  - Sending out AdHoc broadcast (at simulation time 17.000,000,000 s)
2024-06-03 19:41:37,319 INFO  - Sending out AdHoc broadcast (at simulation time 17.000,000,000 s)
2024-06-03 19:41:37,320 INFO  - Sending out AdHoc broadcast (at simulation time 17.000,000,000 s)
2024-06-03 19:41:37,324 INFO  - Recieve a message from other vehicle (at simulation time 17.000,400,000 s)
2024-06-03 19:41:37,324 INFO  - My position is not better! (at simulation time 17.000,400,000 s)
2024-06-03 19:41:37,324 INFO  - Recieve a message from other vehicle (at simulation time 17.000,400,000 s)
2024-06-03 19:41:37,324 INFO  - My position is not better! (at simulation time 17.000,400,000 s)
2024-06-03 19:41:37,327 INFO  - Recieve a message from other vehicle (at simulation time 17.001,300,000 s)
2024-06-03 19:41:37,328 INFO  - My position is not better! (at simulation time 17.001,300,000 s)
2024-06-03 19:41:37,328 INFO  - Recieve a message from other vehicle (at simulation time 17.001,300,000 s)
2024-06-03 19:41:37,328 INFO  - My position is not better! (at simulation time 17.001,300,000 s)
2024-06-03 19:41:37,328 INFO  - Recieve a message from other vehicle (at simulation time 17.001,400,000 s)
2024-06-03 19:41:37,328 INFO  - My position is not better! (at simulation time 17.001,400,000 s)
2024-06-03 19:41:37,329 INFO  - Recieve a message from other vehicle (at simulation time 17.001,400,000 s)
2024-06-03 19:41:37,329 INFO  - My position is not better! (at simulation time 17.001,400,000 s)
2024-06-03 19:41:37,329 INFO  - Recieve a message from other vehicle (at simulation time 17.001,400,000 s)
2024-06-03 19:41:37,329 INFO  - My position is not better! (at simulation time 17.001,400,000 s)
2024-06-03 19:41:37,329 INFO  - Recieve a message from other vehicle (at simulation time 17.001,400,000 s)
2024-06-03 19:41:37,329 INFO  - My position is not better! (at simulation time 17.001,400,000 s)
2024-06-03 19:41:37,330 INFO  - Recieve a message from other vehicle (at simulation time 17.001,800,000 s)
2024-06-03 19:41:37,330 INFO  - My position is not better! (at simulation time 17.001,800,000 s)
2024-06-03 19:41:37,330 INFO  - Recieve a message from other vehicle (at simulation time 17.002,300,000 s)
2024-06-03 19:41:37,330 INFO  - My position is not better! (at simulation time 17.002,300,000 s)
2024-06-03 19:41:37,331 INFO  - Recieve a message from other vehicle (at simulation time 17.002,400,000 s)
2024-06-03 19:41:37,331 INFO  - My position is not better! (at simulation time 17.002,400,000 s)
2024-06-03 19:41:37,331 INFO  - Recieve a message from other vehicle (at simulation time 17.002,800,000 s)
2024-06-03 19:41:37,331 INFO  - My position is not better! (at simulation time 17.002,800,000 s)
2024-06-03 19:41:37,718 INFO  - Called #onVehicleUpdated (at simulation time 18.000,000,000 s)
2024-06-03 19:41:37,719 INFO  - Sending out AdHoc broadcast (at simulation time 18.000,000,000 s)
2024-06-03 19:41:37,719 INFO  - Sending out AdHoc broadcast (at simulation time 18.000,000,000 s)
2024-06-03 19:41:37,719 INFO  - Sending out AdHoc broadcast (at simulation time 18.000,000,000 s)
2024-06-03 19:41:37,721 INFO  - Recieve a message from other vehicle (at simulation time 18.000,400,000 s)
2024-06-03 19:41:37,722 INFO  - My position is not better! (at simulation time 18.000,400,000 s)
2024-06-03 19:41:37,723 INFO  - Recieve a message from other vehicle (at simulation time 18.000,400,000 s)
2024-06-03 19:41:37,723 INFO  - My position is not better! (at simulation time 18.000,400,000 s)
2024-06-03 19:41:37,725 INFO  - Recieve a message from other vehicle (at simulation time 18.000,900,000 s)
2024-06-03 19:41:37,725 INFO  - My position is not better! (at simulation time 18.000,900,000 s)
2024-06-03 19:41:37,730 INFO  - Recieve a message from other vehicle (at simulation time 18.002,300,000 s)
2024-06-03 19:41:37,730 INFO  - My position is not better! (at simulation time 18.002,300,000 s)
2024-06-03 19:41:37,730 INFO  - Recieve a message from other vehicle (at simulation time 18.002,300,000 s)
2024-06-03 19:41:37,731 INFO  - My position is not better! (at simulation time 18.002,300,000 s)
2024-06-03 19:41:37,731 INFO  - Recieve a message from other vehicle (at simulation time 18.002,300,000 s)
2024-06-03 19:41:37,731 INFO  - My position is not better! (at simulation time 18.002,300,000 s)
2024-06-03 19:41:37,732 INFO  - Recieve a message from other vehicle (at simulation time 18.002,800,000 s)
2024-06-03 19:41:37,732 INFO  - My position is not better! (at simulation time 18.002,800,000 s)
2024-06-03 19:41:37,732 INFO  - Recieve a message from other vehicle (at simulation time 18.002,800,000 s)
2024-06-03 19:41:37,732 INFO  - My position is not better! (at simulation time 18.002,800,000 s)
2024-06-03 19:41:38,119 INFO  - Called #onVehicleUpdated (at simulation time 19.000,000,000 s)
2024-06-03 19:41:38,119 INFO  - Sending out AdHoc broadcast (at simulation time 19.000,000,000 s)
2024-06-03 19:41:38,119 INFO  - Sending out AdHoc broadcast (at simulation time 19.000,000,000 s)
2024-06-03 19:41:38,120 INFO  - Sending out AdHoc broadcast (at simulation time 19.000,000,000 s)
2024-06-03 19:41:38,120 INFO  - Sending out AdHoc broadcast (at simulation time 19.000,000,000 s)
2024-06-03 19:41:38,124 INFO  - Recieve a message from other vehicle (at simulation time 19.001,400,000 s)
2024-06-03 19:41:38,124 INFO  - My position is not better! (at simulation time 19.001,400,000 s)
2024-06-03 19:41:38,126 INFO  - Recieve a message from other vehicle (at simulation time 19.001,900,000 s)
2024-06-03 19:41:38,126 INFO  - My position is not better! (at simulation time 19.001,900,000 s)
2024-06-03 19:41:38,127 INFO  - Recieve a message from other vehicle (at simulation time 19.002,300,000 s)
2024-06-03 19:41:38,127 INFO  - My position is not better! (at simulation time 19.002,300,000 s)
2024-06-03 19:41:38,127 INFO  - Recieve a message from other vehicle (at simulation time 19.002,300,000 s)
2024-06-03 19:41:38,127 INFO  - My position is not better! (at simulation time 19.002,300,000 s)
2024-06-03 19:41:38,127 INFO  - Recieve a message from other vehicle (at simulation time 19.002,300,000 s)
2024-06-03 19:41:38,127 INFO  - My position is not better! (at simulation time 19.002,300,000 s)
2024-06-03 19:41:38,128 INFO  - Recieve a message from other vehicle (at simulation time 19.002,800,000 s)
2024-06-03 19:41:38,128 INFO  - My position is not better! (at simulation time 19.002,800,000 s)
2024-06-03 19:41:38,129 INFO  - Recieve a message from other vehicle (at simulation time 19.003,300,000 s)
2024-06-03 19:41:38,129 INFO  - My position is not better! (at simulation time 19.003,300,000 s)
2024-06-03 19:41:38,129 INFO  - Recieve a message from other vehicle (at simulation time 19.004,300,000 s)
2024-06-03 19:41:38,129 INFO  - My position is not better! (at simulation time 19.004,300,000 s)
2024-06-03 19:41:38,520 INFO  - Called #onVehicleUpdated (at simulation time 20.000,000,000 s)
2024-06-03 19:41:38,521 INFO  - Sending out AdHoc broadcast (at simulation time 20.000,000,000 s)
2024-06-03 19:41:38,521 INFO  - Sending out AdHoc broadcast (at simulation time 20.000,000,000 s)
2024-06-03 19:41:38,522 INFO  - Sending out AdHoc broadcast (at simulation time 20.000,000,000 s)
2024-06-03 19:41:38,526 INFO  - Recieve a message from other vehicle (at simulation time 20.001,800,000 s)
2024-06-03 19:41:38,526 INFO  - My position is not better! (at simulation time 20.001,800,000 s)
2024-06-03 19:41:38,526 INFO  - Recieve a message from other vehicle (at simulation time 20.001,800,000 s)
2024-06-03 19:41:38,526 INFO  - My position is not better! (at simulation time 20.001,800,000 s)
2024-06-03 19:41:38,527 INFO  - Recieve a message from other vehicle (at simulation time 20.001,800,000 s)
2024-06-03 19:41:38,527 INFO  - My position is not better! (at simulation time 20.001,800,000 s)
2024-06-03 19:41:38,527 INFO  - Recieve a message from other vehicle (at simulation time 20.002,300,000 s)
2024-06-03 19:41:38,527 INFO  - My position is not better! (at simulation time 20.002,300,000 s)
2024-06-03 19:41:38,918 INFO  - Called #onVehicleUpdated (at simulation time 21.000,000,000 s)
2024-06-03 19:41:38,919 INFO  - Sending out AdHoc broadcast (at simulation time 21.000,000,000 s)
2024-06-03 19:41:38,919 INFO  - Sending out AdHoc broadcast (at simulation time 21.000,000,000 s)
2024-06-03 19:41:38,919 INFO  - Sending out AdHoc broadcast (at simulation time 21.000,000,000 s)
2024-06-03 19:41:38,920 INFO  - Sending out AdHoc broadcast (at simulation time 21.000,000,000 s)
2024-06-03 19:41:39,371 INFO  - Called #onVehicleUpdated (at simulation time 22.000,000,000 s)
2024-06-03 19:41:39,371 INFO  - Sending out AdHoc broadcast (at simulation time 22.000,000,000 s)
2024-06-03 19:41:39,371 INFO  - Sending out AdHoc broadcast (at simulation time 22.000,000,000 s)
2024-06-03 19:41:39,372 INFO  - Sending out AdHoc broadcast (at simulation time 22.000,000,000 s)
2024-06-03 19:41:39,717 INFO  - Called #onVehicleUpdated (at simulation time 23.000,000,000 s)
2024-06-03 19:41:39,718 INFO  - Sending out AdHoc broadcast (at simulation time 23.000,000,000 s)
2024-06-03 19:41:39,718 INFO  - Sending out AdHoc broadcast (at simulation time 23.000,000,000 s)
2024-06-03 19:41:39,718 INFO  - Sending out AdHoc broadcast (at simulation time 23.000,000,000 s)
2024-06-03 19:41:39,719 INFO  - Sending out AdHoc broadcast (at simulation time 23.000,000,000 s)
2024-06-03 19:41:40,118 INFO  - Called #onVehicleUpdated (at simulation time 24.000,000,000 s)
2024-06-03 19:41:40,118 INFO  - Sending out AdHoc broadcast (at simulation time 24.000,000,000 s)
2024-06-03 19:41:40,119 INFO  - Sending out AdHoc broadcast (at simulation time 24.000,000,000 s)
2024-06-03 19:41:40,119 INFO  - Sending out AdHoc broadcast (at simulation time 24.000,000,000 s)
2024-06-03 19:41:40,520 INFO  - Called #onVehicleUpdated (at simulation time 25.000,000,000 s)
2024-06-03 19:41:40,521 INFO  - Sending out AdHoc broadcast (at simulation time 25.000,000,000 s)
2024-06-03 19:41:40,521 INFO  - Sending out AdHoc broadcast (at simulation time 25.000,000,000 s)
2024-06-03 19:41:40,521 INFO  - Sending out AdHoc broadcast (at simulation time 25.000,000,000 s)
2024-06-03 19:41:40,522 INFO  - Sending out AdHoc broadcast (at simulation time 25.000,000,000 s)
2024-06-03 19:41:40,917 INFO  - Called #onVehicleUpdated (at simulation time 26.000,000,000 s)
2024-06-03 19:41:40,917 INFO  - Exced velocity! Sending new CAM (at simulation time 26.000,000,000 s)
2024-06-03 19:41:40,917 INFO  - Sending out AdHoc broadcast (at simulation time 26.000,000,000 s)
2024-06-03 19:41:40,918 INFO  - Sending out AdHoc broadcast (at simulation time 26.000,000,000 s)
2024-06-03 19:41:40,918 INFO  - Sending out AdHoc broadcast (at simulation time 26.000,000,000 s)
2024-06-03 19:41:40,918 INFO  - Sending out AdHoc broadcast (at simulation time 26.000,000,000 s)
2024-06-03 19:41:41,317 INFO  - Called #onVehicleUpdated (at simulation time 27.000,000,000 s)
2024-06-03 19:41:41,317 INFO  - Exced velocity! Sending new CAM (at simulation time 27.000,000,000 s)
2024-06-03 19:41:41,317 INFO  - Sending out AdHoc broadcast (at simulation time 27.000,000,000 s)
2024-06-03 19:41:41,317 INFO  - Sending out AdHoc broadcast (at simulation time 27.000,000,000 s)
2024-06-03 19:41:41,317 INFO  - Sending out AdHoc broadcast (at simulation time 27.000,000,000 s)
2024-06-03 19:41:41,317 INFO  - Sending out AdHoc broadcast (at simulation time 27.000,000,000 s)
2024-06-03 19:41:41,318 INFO  - Sending out AdHoc broadcast (at simulation time 27.000,000,000 s)
2024-06-03 19:41:41,717 INFO  - Shutdown (at simulation time 28.000,000,000 s)
