2024-06-03 19:54:37,767 INFO  - Initialize Vehicle application (at simulation time 6.000,000,000 s)
2024-06-03 19:54:37,771 INFO  - Activated WLAN Module (at simulation time 6.000,000,000 s)
2024-06-03 19:54:37,777 INFO  - Called #onVehicleUpdated (at simulation time 6.000,000,000 s)
2024-06-03 19:54:37,777 INFO  - Exced velocity! Sending new CAM (at simulation time 6.000,000,000 s)
2024-06-03 19:54:37,777 INFO  - Sending out AdHoc broadcast (at simulation time 6.000,000,000 s)
2024-06-03 19:54:37,794 INFO  - Called #onVehicleUpdated (at simulation time 7.000,000,000 s)
2024-06-03 19:54:37,794 INFO  - Exced velocity! Sending new CAM (at simulation time 7.000,000,000 s)
2024-06-03 19:54:37,795 INFO  - Sending out AdHoc broadcast (at simulation time 7.000,000,000 s)
2024-06-03 19:54:37,797 INFO  - Define the name: veh_3 and route: r_4 (at simulation time 7.000,000,000 s)
2024-06-03 19:54:37,797 INFO  - Sending out AdHoc broadcast (at simulation time 7.000,000,000 s)
2024-06-03 19:54:37,808 INFO  - Called #onVehicleUpdated (at simulation time 8.000,000,000 s)
2024-06-03 19:54:37,808 INFO  - Exced velocity! Sending new CAM (at simulation time 8.000,000,000 s)
2024-06-03 19:54:37,809 INFO  - Sending out AdHoc broadcast (at simulation time 8.000,000,000 s)
2024-06-03 19:54:37,811 INFO  - Sending out AdHoc broadcast (at simulation time 8.000,000,000 s)
2024-06-03 19:54:37,815 INFO  - Recieve a message from other vehicle (at simulation time 8.002,400,000 s)
2024-06-03 19:54:37,816 INFO  - Recending a message from other vehicle (at simulation time 8.002,400,000 s)
2024-06-03 19:54:37,821 INFO  - Called #onVehicleUpdated (at simulation time 9.000,000,000 s)
2024-06-03 19:54:37,821 INFO  - Exced velocity! Sending new CAM (at simulation time 9.000,000,000 s)
2024-06-03 19:54:37,821 INFO  - Sending out AdHoc broadcast (at simulation time 9.000,000,000 s)
2024-06-03 19:54:37,822 INFO  - Sending out AdHoc broadcast (at simulation time 9.000,000,000 s)
2024-06-03 19:54:37,823 INFO  - Sending out AdHoc broadcast (at simulation time 9.000,000,000 s)
2024-06-03 19:54:37,834 INFO  - Called #onVehicleUpdated (at simulation time 10.000,000,000 s)
2024-06-03 19:54:37,834 INFO  - Exced velocity! Sending new CAM (at simulation time 10.000,000,000 s)
2024-06-03 19:54:37,835 INFO  - Sending out AdHoc broadcast (at simulation time 10.000,000,000 s)
2024-06-03 19:54:37,835 INFO  - Sending out AdHoc broadcast (at simulation time 10.000,000,000 s)
2024-06-03 19:54:37,836 INFO  - Sending out AdHoc broadcast (at simulation time 10.000,000,000 s)
2024-06-03 19:54:37,837 INFO  - Recieve a message from other vehicle (at simulation time 10.000,400,000 s)
2024-06-03 19:54:37,838 INFO  - Recending a message from other vehicle (at simulation time 10.000,400,000 s)
2024-06-03 19:54:37,842 INFO  - Called #onVehicleUpdated (at simulation time 11.000,000,000 s)
2024-06-03 19:54:37,842 INFO  - Exced velocity! Sending new CAM (at simulation time 11.000,000,000 s)
2024-06-03 19:54:37,843 INFO  - Sending out AdHoc broadcast (at simulation time 11.000,000,000 s)
2024-06-03 19:54:37,844 INFO  - Sending out AdHoc broadcast (at simulation time 11.000,000,000 s)
2024-06-03 19:54:37,844 INFO  - Sending out AdHoc broadcast (at simulation time 11.000,000,000 s)
2024-06-03 19:54:37,845 INFO  - Sending out AdHoc broadcast (at simulation time 11.000,000,000 s)
2024-06-03 19:54:37,848 INFO  - Recieve a message from other vehicle (at simulation time 11.000,900,000 s)
2024-06-03 19:54:37,848 INFO  - Recending a message from other vehicle (at simulation time 11.000,900,000 s)
2024-06-03 19:54:37,854 INFO  - Called #onVehicleUpdated (at simulation time 12.000,000,000 s)
2024-06-03 19:54:37,854 INFO  - Sending out AdHoc broadcast (at simulation time 12.000,000,000 s)
2024-06-03 19:54:37,855 INFO  - Sending out AdHoc broadcast (at simulation time 12.000,000,000 s)
2024-06-03 19:54:37,855 INFO  - Sending out AdHoc broadcast (at simulation time 12.000,000,000 s)
2024-06-03 19:54:37,856 INFO  - Recieve a message from other vehicle (at simulation time 12.000,400,000 s)
2024-06-03 19:54:37,857 INFO  - Recending a message from other vehicle (at simulation time 12.000,400,000 s)
2024-06-03 19:54:37,857 INFO  - Recieve a message from other vehicle (at simulation time 12.000,400,000 s)
2024-06-03 19:54:37,857 INFO  - Recending a message from other vehicle (at simulation time 12.000,400,000 s)
2024-06-03 19:54:37,857 INFO  - Recieve a message from other vehicle (at simulation time 12.000,400,000 s)
2024-06-03 19:54:37,857 INFO  - Recending a message from other vehicle (at simulation time 12.000,400,000 s)
2024-06-03 19:54:37,858 INFO  - Recieve a message from other vehicle (at simulation time 12.000,900,000 s)
2024-06-03 19:54:37,858 INFO  - Recending a message from other vehicle (at simulation time 12.000,900,000 s)
2024-06-03 19:54:37,859 INFO  - Recieve a message from other vehicle (at simulation time 12.001,400,000 s)
2024-06-03 19:54:37,860 INFO  - Recending a message from other vehicle (at simulation time 12.001,400,000 s)
2024-06-03 19:54:37,867 INFO  - Called #onVehicleUpdated (at simulation time 13.000,000,000 s)
2024-06-03 19:54:37,868 INFO  - Sending out AdHoc broadcast (at simulation time 13.000,000,000 s)
2024-06-03 19:54:37,868 INFO  - Sending out AdHoc broadcast (at simulation time 13.000,000,000 s)
2024-06-03 19:54:37,868 INFO  - Sending out AdHoc broadcast (at simulation time 13.000,000,000 s)
2024-06-03 19:54:37,869 INFO  - Sending out AdHoc broadcast (at simulation time 13.000,000,000 s)
2024-06-03 19:54:37,871 INFO  - Recieve a message from other vehicle (at simulation time 13.000,900,000 s)
2024-06-03 19:54:37,871 INFO  - Recending a message from other vehicle (at simulation time 13.000,900,000 s)
2024-06-03 19:54:37,874 INFO  - Recieve a message from other vehicle (at simulation time 13.001,400,000 s)
2024-06-03 19:54:37,874 INFO  - Recending a message from other vehicle (at simulation time 13.001,400,000 s)
2024-06-03 19:54:37,874 INFO  - Recieve a message from other vehicle (at simulation time 13.001,400,000 s)
2024-06-03 19:54:37,874 INFO  - Recending a message from other vehicle (at simulation time 13.001,400,000 s)
2024-06-03 19:54:37,875 INFO  - Recieve a message from other vehicle (at simulation time 13.001,900,000 s)
2024-06-03 19:54:37,875 INFO  - Recending a message from other vehicle (at simulation time 13.001,900,000 s)
2024-06-03 19:54:37,875 INFO  - Recieve a message from other vehicle (at simulation time 13.001,900,000 s)
2024-06-03 19:54:37,875 INFO  - Recending a message from other vehicle (at simulation time 13.001,900,000 s)
2024-06-03 19:54:37,876 INFO  - Recieve a message from other vehicle (at simulation time 13.001,900,000 s)
2024-06-03 19:54:37,876 INFO  - Recending a message from other vehicle (at simulation time 13.001,900,000 s)
2024-06-03 19:54:37,879 INFO  - Recieve a message from other vehicle (at simulation time 13.002,400,000 s)
2024-06-03 19:54:37,879 INFO  - I'm in better position but no more hops in message (at simulation time 13.002,400,000 s)
2024-06-03 19:54:37,880 INFO  - Recieve a message from other vehicle (at simulation time 13.002,800,000 s)
2024-06-03 19:54:37,880 INFO  - I'm in better position but no more hops in message (at simulation time 13.002,800,000 s)
2024-06-03 19:54:37,886 INFO  - Called #onVehicleUpdated (at simulation time 14.000,000,000 s)
2024-06-03 19:54:37,887 INFO  - Sending out AdHoc broadcast (at simulation time 14.000,000,000 s)
2024-06-03 19:54:37,887 INFO  - Sending out AdHoc broadcast (at simulation time 14.000,000,000 s)
2024-06-03 19:54:37,887 INFO  - Sending out AdHoc broadcast (at simulation time 14.000,000,000 s)
2024-06-03 19:54:37,889 INFO  - Recieve a message from other vehicle (at simulation time 14.000,400,000 s)
2024-06-03 19:54:37,889 INFO  - Recending a message from other vehicle (at simulation time 14.000,400,000 s)
2024-06-03 19:54:37,890 INFO  - Recieve a message from other vehicle (at simulation time 14.000,900,000 s)
2024-06-03 19:54:37,890 INFO  - Recending a message from other vehicle (at simulation time 14.000,900,000 s)
2024-06-03 19:54:37,892 INFO  - Recieve a message from other vehicle (at simulation time 14.001,400,000 s)
2024-06-03 19:54:37,892 INFO  - Recending a message from other vehicle (at simulation time 14.001,400,000 s)
2024-06-03 19:54:37,893 INFO  - Recieve a message from other vehicle (at simulation time 14.001,800,000 s)
2024-06-03 19:54:37,893 INFO  - I'm in better position but no more hops in message (at simulation time 14.001,800,000 s)
2024-06-03 19:54:37,894 INFO  - Recieve a message from other vehicle (at simulation time 14.001,900,000 s)
2024-06-03 19:54:37,894 INFO  - I'm in better position but no more hops in message (at simulation time 14.001,900,000 s)
2024-06-03 19:54:37,895 INFO  - Recieve a message from other vehicle (at simulation time 14.001,900,000 s)
2024-06-03 19:54:37,895 INFO  - Recending a message from other vehicle (at simulation time 14.001,900,000 s)
2024-06-03 19:54:37,896 INFO  - Recieve a message from other vehicle (at simulation time 14.001,900,000 s)
2024-06-03 19:54:37,896 INFO  - I'm in better position but no more hops in message (at simulation time 14.001,900,000 s)
2024-06-03 19:54:37,897 INFO  - Recieve a message from other vehicle (at simulation time 14.002,300,000 s)
2024-06-03 19:54:37,897 INFO  - I'm in better position but no more hops in message (at simulation time 14.002,300,000 s)
2024-06-03 19:54:37,898 INFO  - Recieve a message from other vehicle (at simulation time 14.002,400,000 s)
2024-06-03 19:54:37,898 INFO  - I'm in better position but no more hops in message (at simulation time 14.002,400,000 s)
2024-06-03 19:54:37,901 INFO  - Recieve a message from other vehicle (at simulation time 14.004,300,000 s)
2024-06-03 19:54:37,901 INFO  - I'm in better position but no more hops in message (at simulation time 14.004,300,000 s)
2024-06-03 19:54:37,908 INFO  - Called #onVehicleUpdated (at simulation time 15.000,000,000 s)
2024-06-03 19:54:37,909 INFO  - Sending out DENM broadcast (at simulation time 15.000,000,000 s)
2024-06-03 19:54:37,909 INFO  - Sending out AdHoc broadcast (at simulation time 15.000,000,000 s)
2024-06-03 19:54:37,909 INFO  - Sending out AdHoc broadcast (at simulation time 15.000,000,000 s)
2024-06-03 19:54:37,909 INFO  - Sending out AdHoc broadcast (at simulation time 15.000,000,000 s)
2024-06-03 19:54:37,910 INFO  - Sending out AdHoc broadcast (at simulation time 15.000,000,000 s)
2024-06-03 19:54:37,912 INFO  - Recieve a message from other vehicle (at simulation time 15.000,400,000 s)
2024-06-03 19:54:37,912 INFO  - DENM message Recived from veh_0 -info : seco (at simulation time 15.000,400,000 s)
2024-06-03 19:54:37,913 INFO  - Recending a DENM message from other vehicle (at simulation time 15.000,400,000 s)
2024-06-03 19:54:37,914 INFO  - Recieve a message from other vehicle (at simulation time 15.000,400,000 s)
2024-06-03 19:54:37,914 INFO  - I'm in better position but no more hops in message (at simulation time 15.000,400,000 s)
2024-06-03 19:54:37,920 INFO  - Recieve a message from other vehicle (at simulation time 15.000,900,000 s)
2024-06-03 19:54:37,920 INFO  - My position is not better! (at simulation time 15.000,900,000 s)
2024-06-03 19:54:37,920 INFO  - Recieve a message from other vehicle (at simulation time 15.000,900,000 s)
2024-06-03 19:54:37,920 INFO  - My position is not better! (at simulation time 15.000,900,000 s)
2024-06-03 19:54:37,920 INFO  - Recieve a message from other vehicle (at simulation time 15.000,900,000 s)
2024-06-03 19:54:37,920 INFO  - My position is not better! (at simulation time 15.000,900,000 s)
2024-06-03 19:54:37,920 INFO  - Recieve a message from other vehicle (at simulation time 15.000,900,000 s)
2024-06-03 19:54:37,920 INFO  - My position is not better! (at simulation time 15.000,900,000 s)
2024-06-03 19:54:37,920 INFO  - Recieve a message from other vehicle (at simulation time 15.000,900,000 s)
2024-06-03 19:54:37,920 INFO  - My position is not better! (at simulation time 15.000,900,000 s)
2024-06-03 19:54:37,921 INFO  - Recieve a message from other vehicle (at simulation time 15.001,300,000 s)
2024-06-03 19:54:37,922 INFO  - DENM message Recived from veh_1 -info : piso-molhado (at simulation time 15.001,300,000 s)
2024-06-03 19:54:37,922 INFO  - I slow down due to road state (at simulation time 15.001,300,000 s)
2024-06-03 19:54:37,922 INFO  - No more hops in DENM message (at simulation time 15.001,300,000 s)
2024-06-03 19:54:37,923 INFO  - Recieve a message from other vehicle (at simulation time 15.001,400,000 s)
2024-06-03 19:54:37,923 INFO  - DENM message Recived from veh_1 -info : piso-molhado (at simulation time 15.001,400,000 s)
2024-06-03 19:54:37,923 INFO  - I slow down due to road state (at simulation time 15.001,400,000 s)
2024-06-03 19:54:37,923 INFO  - No more hops in DENM message (at simulation time 15.001,400,000 s)
2024-06-03 19:54:37,925 INFO  - Recieve a message from other vehicle (at simulation time 15.001,800,000 s)
2024-06-03 19:54:37,925 INFO  - DENM message Recived from veh_3 -info : seco (at simulation time 15.001,800,000 s)
2024-06-03 19:54:37,925 INFO  - No more hops in DENM message (at simulation time 15.001,800,000 s)
2024-06-03 19:54:37,925 INFO  - Recieve a message from other vehicle (at simulation time 15.001,800,000 s)
2024-06-03 19:54:37,925 INFO  - My position is not better! (at simulation time 15.001,800,000 s)
2024-06-03 19:54:37,925 INFO  - Recieve a message from other vehicle (at simulation time 15.001,800,000 s)
2024-06-03 19:54:37,925 INFO  - My position is not better! (at simulation time 15.001,800,000 s)
2024-06-03 19:54:37,926 INFO  - Recieve a message from other vehicle (at simulation time 15.002,300,000 s)
2024-06-03 19:54:37,926 INFO  - I'm in better position but no more hops in message (at simulation time 15.002,300,000 s)
2024-06-03 19:54:37,926 INFO  - Recieve a message from other vehicle (at simulation time 15.002,300,000 s)
2024-06-03 19:54:37,926 INFO  - My position is not better! (at simulation time 15.002,300,000 s)
2024-06-03 19:54:37,926 INFO  - Recieve a message from other vehicle (at simulation time 15.002,400,000 s)
2024-06-03 19:54:37,926 INFO  - DENM message Recived from veh_5 -info : nevoeiro (at simulation time 15.002,400,000 s)
2024-06-03 19:54:37,927 INFO  - No more hops in DENM message (at simulation time 15.002,400,000 s)
2024-06-03 19:54:37,927 INFO  - Recieve a message from other vehicle (at simulation time 15.002,400,000 s)
2024-06-03 19:54:37,927 INFO  - My position is not better! (at simulation time 15.002,400,000 s)
2024-06-03 19:54:37,929 INFO  - Recieve a message from other vehicle (at simulation time 15.002,800,000 s)
2024-06-03 19:54:37,929 INFO  - DENM message Recived from veh_5 -info : nevoeiro (at simulation time 15.002,800,000 s)
2024-06-03 19:54:37,929 INFO  - No more hops in DENM message (at simulation time 15.002,800,000 s)
2024-06-03 19:54:37,929 INFO  - Recieve a message from other vehicle (at simulation time 15.002,800,000 s)
2024-06-03 19:54:37,929 INFO  - My position is not better! (at simulation time 15.002,800,000 s)
2024-06-03 19:54:37,930 INFO  - Recieve a message from other vehicle (at simulation time 15.002,800,000 s)
2024-06-03 19:54:37,930 INFO  - My position is not better! (at simulation time 15.002,800,000 s)
2024-06-03 19:54:37,934 INFO  - Called #onVehicleUpdated (at simulation time 16.000,000,000 s)
2024-06-03 19:54:37,935 INFO  - Sending out AdHoc broadcast (at simulation time 16.000,000,000 s)
2024-06-03 19:54:37,935 INFO  - Sending out AdHoc broadcast (at simulation time 16.000,000,000 s)
2024-06-03 19:54:37,935 INFO  - Sending out AdHoc broadcast (at simulation time 16.000,000,000 s)
2024-06-03 19:54:37,937 INFO  - Recieve a message from other vehicle (at simulation time 16.000,400,000 s)
2024-06-03 19:54:37,937 INFO  - My position is not better! (at simulation time 16.000,400,000 s)
2024-06-03 19:54:37,937 INFO  - Recieve a message from other vehicle (at simulation time 16.000,400,000 s)
2024-06-03 19:54:37,937 INFO  - My position is not better! (at simulation time 16.000,400,000 s)
2024-06-03 19:54:37,938 INFO  - Recieve a message from other vehicle (at simulation time 16.000,800,000 s)
2024-06-03 19:54:37,938 INFO  - DENM message Recived from veh_2 -info : seco (at simulation time 16.000,800,000 s)
2024-06-03 19:54:37,938 INFO  - No more hops in DENM message (at simulation time 16.000,800,000 s)
2024-06-03 19:54:37,938 INFO  - Recieve a message from other vehicle (at simulation time 16.000,800,000 s)
2024-06-03 19:54:37,938 INFO  - My position is not better! (at simulation time 16.000,800,000 s)
2024-06-03 19:54:37,938 INFO  - Recieve a message from other vehicle (at simulation time 16.000,900,000 s)
2024-06-03 19:54:37,938 INFO  - My position is not better! (at simulation time 16.000,900,000 s)
2024-06-03 19:54:37,939 INFO  - Recieve a message from other vehicle (at simulation time 16.000,900,000 s)
2024-06-03 19:54:37,939 INFO  - My position is not better! (at simulation time 16.000,900,000 s)
2024-06-03 19:54:37,939 INFO  - Recieve a message from other vehicle (at simulation time 16.001,300,000 s)
2024-06-03 19:54:37,939 INFO  - My position is not better! (at simulation time 16.001,300,000 s)
2024-06-03 19:54:37,939 INFO  - Recieve a message from other vehicle (at simulation time 16.001,300,000 s)
2024-06-03 19:54:37,939 INFO  - My position is not better! (at simulation time 16.001,300,000 s)
2024-06-03 19:54:37,939 INFO  - Recieve a message from other vehicle (at simulation time 16.001,400,000 s)
2024-06-03 19:54:37,940 INFO  - DENM message Recived from veh_2 -info : seco (at simulation time 16.001,400,000 s)
2024-06-03 19:54:37,940 INFO  - No more hops in DENM message (at simulation time 16.001,400,000 s)
2024-06-03 19:54:37,941 INFO  - Recieve a message from other vehicle (at simulation time 16.001,900,000 s)
2024-06-03 19:54:37,941 INFO  - My position is not better! (at simulation time 16.001,900,000 s)
2024-06-03 19:54:37,941 INFO  - Recieve a message from other vehicle (at simulation time 16.001,900,000 s)
2024-06-03 19:54:37,941 INFO  - My position is not better! (at simulation time 16.001,900,000 s)
2024-06-03 19:54:37,942 INFO  - Recieve a message from other vehicle (at simulation time 16.002,300,000 s)
2024-06-03 19:54:37,942 INFO  - My position is not better! (at simulation time 16.002,300,000 s)
2024-06-03 19:54:37,942 INFO  - Recieve a message from other vehicle (at simulation time 16.002,300,000 s)
2024-06-03 19:54:37,942 INFO  - My position is not better! (at simulation time 16.002,300,000 s)
2024-06-03 19:54:37,942 INFO  - Recieve a message from other vehicle (at simulation time 16.002,400,000 s)
2024-06-03 19:54:37,942 INFO  - DENM message Recived from veh_4 -info : seco (at simulation time 16.002,400,000 s)
2024-06-03 19:54:37,942 INFO  - No more hops in DENM message (at simulation time 16.002,400,000 s)
2024-06-03 19:54:37,943 INFO  - Recieve a message from other vehicle (at simulation time 16.002,400,000 s)
2024-06-03 19:54:37,943 INFO  - My position is not better! (at simulation time 16.002,400,000 s)
2024-06-03 19:54:37,943 INFO  - Recieve a message from other vehicle (at simulation time 16.002,800,000 s)
2024-06-03 19:54:37,943 INFO  - DENM message Recived from veh_4 -info : seco (at simulation time 16.002,800,000 s)
2024-06-03 19:54:37,943 INFO  - No more hops in DENM message (at simulation time 16.002,800,000 s)
2024-06-03 19:54:37,943 INFO  - Recieve a message from other vehicle (at simulation time 16.002,800,000 s)
2024-06-03 19:54:37,943 INFO  - My position is not better! (at simulation time 16.002,800,000 s)
2024-06-03 19:54:37,946 INFO  - Called #onVehicleUpdated (at simulation time 17.000,000,000 s)
2024-06-03 19:54:37,947 INFO  - Sending out AdHoc broadcast (at simulation time 17.000,000,000 s)
2024-06-03 19:54:37,947 INFO  - Sending out AdHoc broadcast (at simulation time 17.000,000,000 s)
2024-06-03 19:54:37,947 INFO  - Sending out AdHoc broadcast (at simulation time 17.000,000,000 s)
2024-06-03 19:54:37,947 INFO  - Sending out AdHoc broadcast (at simulation time 17.000,000,000 s)
2024-06-03 19:54:37,949 INFO  - Recieve a message from other vehicle (at simulation time 17.000,400,000 s)
2024-06-03 19:54:37,949 INFO  - My position is not better! (at simulation time 17.000,400,000 s)
2024-06-03 19:54:37,950 INFO  - Recieve a message from other vehicle (at simulation time 17.000,400,000 s)
2024-06-03 19:54:37,950 INFO  - My position is not better! (at simulation time 17.000,400,000 s)
2024-06-03 19:54:37,953 INFO  - Recieve a message from other vehicle (at simulation time 17.001,400,000 s)
2024-06-03 19:54:37,953 INFO  - My position is not better! (at simulation time 17.001,400,000 s)
2024-06-03 19:54:37,954 INFO  - Recieve a message from other vehicle (at simulation time 17.001,800,000 s)
2024-06-03 19:54:37,954 INFO  - My position is not better! (at simulation time 17.001,800,000 s)
2024-06-03 19:54:37,954 INFO  - Recieve a message from other vehicle (at simulation time 17.001,800,000 s)
2024-06-03 19:54:37,954 INFO  - My position is not better! (at simulation time 17.001,800,000 s)
2024-06-03 19:54:37,954 INFO  - Recieve a message from other vehicle (at simulation time 17.001,800,000 s)
2024-06-03 19:54:37,954 INFO  - My position is not better! (at simulation time 17.001,800,000 s)
2024-06-03 19:54:37,954 INFO  - Recieve a message from other vehicle (at simulation time 17.001,900,000 s)
2024-06-03 19:54:37,954 INFO  - My position is not better! (at simulation time 17.001,900,000 s)
2024-06-03 19:54:37,954 INFO  - Recieve a message from other vehicle (at simulation time 17.001,900,000 s)
2024-06-03 19:54:37,954 INFO  - My position is not better! (at simulation time 17.001,900,000 s)
2024-06-03 19:54:37,954 INFO  - Recieve a message from other vehicle (at simulation time 17.001,900,000 s)
2024-06-03 19:54:37,954 INFO  - My position is not better! (at simulation time 17.001,900,000 s)
2024-06-03 19:54:37,954 INFO  - Recieve a message from other vehicle (at simulation time 17.001,900,000 s)
2024-06-03 19:54:37,954 INFO  - My position is not better! (at simulation time 17.001,900,000 s)
2024-06-03 19:54:37,954 INFO  - Recieve a message from other vehicle (at simulation time 17.002,300,000 s)
2024-06-03 19:54:37,954 INFO  - My position is not better! (at simulation time 17.002,300,000 s)
2024-06-03 19:54:37,955 INFO  - Recieve a message from other vehicle (at simulation time 17.002,800,000 s)
2024-06-03 19:54:37,955 INFO  - My position is not better! (at simulation time 17.002,800,000 s)
2024-06-03 19:54:37,958 INFO  - Called #onVehicleUpdated (at simulation time 18.000,000,000 s)
2024-06-03 19:54:37,958 INFO  - Sending out AdHoc broadcast (at simulation time 18.000,000,000 s)
2024-06-03 19:54:37,958 INFO  - Sending out AdHoc broadcast (at simulation time 18.000,000,000 s)
2024-06-03 19:54:37,958 INFO  - Sending out AdHoc broadcast (at simulation time 18.000,000,000 s)
2024-06-03 19:54:37,960 INFO  - Recieve a message from other vehicle (at simulation time 18.000,800,000 s)
2024-06-03 19:54:37,960 INFO  - My position is not better! (at simulation time 18.000,800,000 s)
2024-06-03 19:54:37,961 INFO  - Recieve a message from other vehicle (at simulation time 18.001,400,000 s)
2024-06-03 19:54:37,961 INFO  - My position is not better! (at simulation time 18.001,400,000 s)
2024-06-03 19:54:37,961 INFO  - Recieve a message from other vehicle (at simulation time 18.001,800,000 s)
2024-06-03 19:54:37,961 INFO  - My position is not better! (at simulation time 18.001,800,000 s)
2024-06-03 19:54:37,961 INFO  - Recieve a message from other vehicle (at simulation time 18.001,800,000 s)
2024-06-03 19:54:37,961 INFO  - My position is not better! (at simulation time 18.001,800,000 s)
2024-06-03 19:54:37,962 INFO  - Recieve a message from other vehicle (at simulation time 18.002,300,000 s)
2024-06-03 19:54:37,962 INFO  - My position is not better! (at simulation time 18.002,300,000 s)
2024-06-03 19:54:37,962 INFO  - Recieve a message from other vehicle (at simulation time 18.002,300,000 s)
2024-06-03 19:54:37,962 INFO  - My position is not better! (at simulation time 18.002,300,000 s)
2024-06-03 19:54:37,962 INFO  - Recieve a message from other vehicle (at simulation time 18.002,400,000 s)
2024-06-03 19:54:37,962 INFO  - My position is not better! (at simulation time 18.002,400,000 s)
2024-06-03 19:54:37,963 INFO  - Recieve a message from other vehicle (at simulation time 18.002,400,000 s)
2024-06-03 19:54:37,963 INFO  - My position is not better! (at simulation time 18.002,400,000 s)
2024-06-03 19:54:37,964 INFO  - Recieve a message from other vehicle (at simulation time 18.002,800,000 s)
2024-06-03 19:54:37,964 INFO  - My position is not better! (at simulation time 18.002,800,000 s)
2024-06-03 19:54:37,968 INFO  - Called #onVehicleUpdated (at simulation time 19.000,000,000 s)
2024-06-03 19:54:37,968 INFO  - Sending out AdHoc broadcast (at simulation time 19.000,000,000 s)
2024-06-03 19:54:37,968 INFO  - Sending out AdHoc broadcast (at simulation time 19.000,000,000 s)
2024-06-03 19:54:37,968 INFO  - Sending out AdHoc broadcast (at simulation time 19.000,000,000 s)
2024-06-03 19:54:37,968 INFO  - Sending out AdHoc broadcast (at simulation time 19.000,000,000 s)
2024-06-03 19:54:37,969 INFO  - Recieve a message from other vehicle (at simulation time 19.000,400,000 s)
2024-06-03 19:54:37,969 INFO  - My position is not better! (at simulation time 19.000,400,000 s)
2024-06-03 19:54:37,970 INFO  - Recieve a message from other vehicle (at simulation time 19.000,800,000 s)
2024-06-03 19:54:37,970 INFO  - My position is not better! (at simulation time 19.000,800,000 s)
2024-06-03 19:54:37,971 INFO  - Recieve a message from other vehicle (at simulation time 19.001,300,000 s)
2024-06-03 19:54:37,971 INFO  - My position is not better! (at simulation time 19.001,300,000 s)
2024-06-03 19:54:37,972 INFO  - Recieve a message from other vehicle (at simulation time 19.001,800,000 s)
2024-06-03 19:54:37,972 INFO  - My position is not better! (at simulation time 19.001,800,000 s)
2024-06-03 19:54:37,972 INFO  - Recieve a message from other vehicle (at simulation time 19.002,300,000 s)
2024-06-03 19:54:37,972 INFO  - My position is not better! (at simulation time 19.002,300,000 s)
2024-06-03 19:54:37,973 INFO  - Recieve a message from other vehicle (at simulation time 19.002,400,000 s)
2024-06-03 19:54:37,973 INFO  - My position is not better! (at simulation time 19.002,400,000 s)
2024-06-03 19:54:37,973 INFO  - Recieve a message from other vehicle (at simulation time 19.002,800,000 s)
2024-06-03 19:54:37,973 INFO  - My position is not better! (at simulation time 19.002,800,000 s)
2024-06-03 19:54:37,978 INFO  - Called #onVehicleUpdated (at simulation time 20.000,000,000 s)
2024-06-03 19:54:37,979 INFO  - Sending out AdHoc broadcast (at simulation time 20.000,000,000 s)
2024-06-03 19:54:37,979 INFO  - Sending out AdHoc broadcast (at simulation time 20.000,000,000 s)
2024-06-03 19:54:37,979 INFO  - Sending out AdHoc broadcast (at simulation time 20.000,000,000 s)
2024-06-03 19:54:37,982 INFO  - Recieve a message from other vehicle (at simulation time 20.001,800,000 s)
2024-06-03 19:54:37,982 INFO  - My position is not better! (at simulation time 20.001,800,000 s)
2024-06-03 19:54:37,984 INFO  - Recieve a message from other vehicle (at simulation time 20.002,800,000 s)
2024-06-03 19:54:37,984 INFO  - My position is not better! (at simulation time 20.002,800,000 s)
2024-06-03 19:54:37,984 INFO  - Recieve a message from other vehicle (at simulation time 20.002,800,000 s)
2024-06-03 19:54:37,984 INFO  - My position is not better! (at simulation time 20.002,800,000 s)
2024-06-03 19:54:37,984 INFO  - Recieve a message from other vehicle (at simulation time 20.003,300,000 s)
2024-06-03 19:54:37,984 INFO  - My position is not better! (at simulation time 20.003,300,000 s)
2024-06-03 19:54:37,984 INFO  - Recieve a message from other vehicle (at simulation time 20.004,300,000 s)
2024-06-03 19:54:37,984 INFO  - My position is not better! (at simulation time 20.004,300,000 s)
2024-06-03 19:54:37,987 INFO  - Called #onVehicleUpdated (at simulation time 21.000,000,000 s)
2024-06-03 19:54:37,987 INFO  - Sending out AdHoc broadcast (at simulation time 21.000,000,000 s)
2024-06-03 19:54:37,987 INFO  - Sending out AdHoc broadcast (at simulation time 21.000,000,000 s)
2024-06-03 19:54:37,987 INFO  - Sending out AdHoc broadcast (at simulation time 21.000,000,000 s)
2024-06-03 19:54:37,987 INFO  - Sending out AdHoc broadcast (at simulation time 21.000,000,000 s)
2024-06-03 19:54:37,991 INFO  - Called #onVehicleUpdated (at simulation time 22.000,000,000 s)
2024-06-03 19:54:37,991 INFO  - Sending out AdHoc broadcast (at simulation time 22.000,000,000 s)
2024-06-03 19:54:37,991 INFO  - Sending out AdHoc broadcast (at simulation time 22.000,000,000 s)
2024-06-03 19:54:37,992 INFO  - Sending out AdHoc broadcast (at simulation time 22.000,000,000 s)
2024-06-03 19:54:37,998 INFO  - Called #onVehicleUpdated (at simulation time 23.000,000,000 s)
2024-06-03 19:54:37,998 INFO  - Sending out AdHoc broadcast (at simulation time 23.000,000,000 s)
2024-06-03 19:54:37,999 INFO  - Sending out AdHoc broadcast (at simulation time 23.000,000,000 s)
2024-06-03 19:54:37,999 INFO  - Sending out AdHoc broadcast (at simulation time 23.000,000,000 s)
2024-06-03 19:54:37,999 INFO  - Sending out AdHoc broadcast (at simulation time 23.000,000,000 s)
2024-06-03 19:54:38,005 INFO  - Called #onVehicleUpdated (at simulation time 24.000,000,000 s)
2024-06-03 19:54:38,005 INFO  - Sending out AdHoc broadcast (at simulation time 24.000,000,000 s)
2024-06-03 19:54:38,005 INFO  - Sending out AdHoc broadcast (at simulation time 24.000,000,000 s)
2024-06-03 19:54:38,005 INFO  - Sending out AdHoc broadcast (at simulation time 24.000,000,000 s)
2024-06-03 19:54:38,010 INFO  - Called #onVehicleUpdated (at simulation time 25.000,000,000 s)
2024-06-03 19:54:38,010 INFO  - Sending out AdHoc broadcast (at simulation time 25.000,000,000 s)
2024-06-03 19:54:38,010 INFO  - Sending out AdHoc broadcast (at simulation time 25.000,000,000 s)
2024-06-03 19:54:38,011 INFO  - Sending out AdHoc broadcast (at simulation time 25.000,000,000 s)
2024-06-03 19:54:38,011 INFO  - Sending out AdHoc broadcast (at simulation time 25.000,000,000 s)
2024-06-03 19:54:38,014 INFO  - Called #onVehicleUpdated (at simulation time 26.000,000,000 s)
2024-06-03 19:54:38,014 INFO  - Exced velocity! Sending new CAM (at simulation time 26.000,000,000 s)
2024-06-03 19:54:38,014 INFO  - Sending out AdHoc broadcast (at simulation time 26.000,000,000 s)
2024-06-03 19:54:38,015 INFO  - Sending out AdHoc broadcast (at simulation time 26.000,000,000 s)
2024-06-03 19:54:38,015 INFO  - Sending out AdHoc broadcast (at simulation time 26.000,000,000 s)
2024-06-03 19:54:38,015 INFO  - Sending out AdHoc broadcast (at simulation time 26.000,000,000 s)
2024-06-03 19:54:38,019 INFO  - Called #onVehicleUpdated (at simulation time 27.000,000,000 s)
2024-06-03 19:54:38,019 INFO  - Exced velocity! Sending new CAM (at simulation time 27.000,000,000 s)
2024-06-03 19:54:38,019 INFO  - Sending out AdHoc broadcast (at simulation time 27.000,000,000 s)
2024-06-03 19:54:38,019 INFO  - Sending out AdHoc broadcast (at simulation time 27.000,000,000 s)
2024-06-03 19:54:38,020 INFO  - Sending out AdHoc broadcast (at simulation time 27.000,000,000 s)
2024-06-03 19:54:38,020 INFO  - Sending out AdHoc broadcast (at simulation time 27.000,000,000 s)
2024-06-03 19:54:38,020 INFO  - Sending out AdHoc broadcast (at simulation time 27.000,000,000 s)
2024-06-03 19:54:38,024 INFO  - Shutdown (at simulation time 28.000,000,000 s)
