2024-06-03 19:50:57,615 INFO  - Initialize Vehicle application (at simulation time 583.000,000,000 s)
2024-06-03 19:50:57,616 INFO  - Activated WLAN Module (at simulation time 583.000,000,000 s)
2024-06-03 19:50:57,616 INFO  - Called #onVehicleUpdated (at simulation time 583.000,000,000 s)
2024-06-03 19:50:57,617 INFO  - Recieve a message from other vehicle (at simulation time 583.002,400,000 s)
2024-06-03 19:50:57,617 INFO  - My position is not better! (at simulation time 583.002,400,000 s)
2024-06-03 19:50:57,618 INFO  - Called #onVehicleUpdated (at simulation time 584.000,000,000 s)
2024-06-03 19:50:57,618 INFO  - Define the name: veh_85 and route: r_1 (at simulation time 584.000,000,000 s)
2024-06-03 19:50:57,618 INFO  - Sending out AdHoc broadcast (at simulation time 584.000,000,000 s)
2024-06-03 19:50:57,618 INFO  - Recieve a message from other vehicle (at simulation time 584.001,300,000 s)
2024-06-03 19:50:57,618 INFO  - My position is not better! (at simulation time 584.001,300,000 s)
2024-06-03 19:50:57,619 INFO  - Called #onVehicleUpdated (at simulation time 585.000,000,000 s)
2024-06-03 19:50:57,620 INFO  - Recieve a message from other vehicle (at simulation time 585.001,900,000 s)
2024-06-03 19:50:57,620 INFO  - My position is not better! (at simulation time 585.001,900,000 s)
2024-06-03 19:50:57,620 INFO  - Called #onVehicleUpdated (at simulation time 586.000,000,000 s)
2024-06-03 19:50:57,620 INFO  - Sending out AdHoc broadcast (at simulation time 586.000,000,000 s)
2024-06-03 19:50:57,621 INFO  - Recieve a message from other vehicle (at simulation time 586.001,800,000 s)
2024-06-03 19:50:57,621 INFO  - My position is not better! (at simulation time 586.001,800,000 s)
2024-06-03 19:50:57,621 INFO  - Called #onVehicleUpdated (at simulation time 587.000,000,000 s)
2024-06-03 19:50:57,621 INFO  - Recieve a message from other vehicle (at simulation time 587.001,400,000 s)
2024-06-03 19:50:57,621 INFO  - My position is not better! (at simulation time 587.001,400,000 s)
2024-06-03 19:50:57,622 INFO  - Called #onVehicleUpdated (at simulation time 588.000,000,000 s)
2024-06-03 19:50:57,622 INFO  - Sending out AdHoc broadcast (at simulation time 588.000,000,000 s)
2024-06-03 19:50:57,623 INFO  - Recieve a message from other vehicle (at simulation time 588.004,300,000 s)
2024-06-03 19:50:57,623 INFO  - My position is not better! (at simulation time 588.004,300,000 s)
2024-06-03 19:50:57,623 INFO  - Called #onVehicleUpdated (at simulation time 589.000,000,000 s)
2024-06-03 19:50:57,624 INFO  - Recieve a message from other vehicle (at simulation time 589.001,400,000 s)
2024-06-03 19:50:57,624 INFO  - My position is not better! (at simulation time 589.001,400,000 s)
2024-06-03 19:50:57,626 INFO  - Called #onVehicleUpdated (at simulation time 590.000,000,000 s)
2024-06-03 19:50:57,626 INFO  - Sending out AdHoc broadcast (at simulation time 590.000,000,000 s)
2024-06-03 19:50:57,626 INFO  - Recieve a message from other vehicle (at simulation time 590.000,800,000 s)
2024-06-03 19:50:57,626 INFO  - My position is not better! (at simulation time 590.000,800,000 s)
2024-06-03 19:50:57,626 INFO  - Recieve a message from other vehicle (at simulation time 590.000,900,000 s)
2024-06-03 19:50:57,626 INFO  - My position is not better! (at simulation time 590.000,900,000 s)
2024-06-03 19:50:57,627 INFO  - Recieve a message from other vehicle (at simulation time 590.001,400,000 s)
2024-06-03 19:50:57,627 INFO  - My position is not better! (at simulation time 590.001,400,000 s)
2024-06-03 19:50:57,627 INFO  - Recieve a message from other vehicle (at simulation time 590.001,900,000 s)
2024-06-03 19:50:57,627 INFO  - My position is not better! (at simulation time 590.001,900,000 s)
2024-06-03 19:50:57,627 INFO  - Recieve a message from other vehicle (at simulation time 590.002,300,000 s)
2024-06-03 19:50:57,627 INFO  - My position is not better! (at simulation time 590.002,300,000 s)
2024-06-03 19:50:57,627 INFO  - Recieve a message from other vehicle (at simulation time 590.002,300,000 s)
2024-06-03 19:50:57,627 INFO  - My position is not better! (at simulation time 590.002,300,000 s)
2024-06-03 19:50:57,628 INFO  - Called #onVehicleUpdated (at simulation time 591.000,000,000 s)
2024-06-03 19:50:57,628 INFO  - Recieve a message from other vehicle (at simulation time 591.000,400,000 s)
2024-06-03 19:50:57,628 INFO  - DENM message Recived from veh_86 -info : seco (at simulation time 591.000,400,000 s)
2024-06-03 19:50:57,628 INFO  - Recending a DENM message from other vehicle (at simulation time 591.000,400,000 s)
2024-06-03 19:50:57,628 INFO  - Recieve a message from other vehicle (at simulation time 591.000,400,000 s)
2024-06-03 19:50:57,628 INFO  - DENM message Recived from veh_87 -info : seco (at simulation time 591.000,400,000 s)
2024-06-03 19:50:57,628 INFO  - Recending a DENM message from other vehicle (at simulation time 591.000,400,000 s)
2024-06-03 19:50:57,629 INFO  - Recieve a message from other vehicle (at simulation time 591.000,900,000 s)
2024-06-03 19:50:57,629 INFO  - My position is not better! (at simulation time 591.000,900,000 s)
2024-06-03 19:50:57,629 INFO  - Recieve a message from other vehicle (at simulation time 591.000,900,000 s)
2024-06-03 19:50:57,629 INFO  - My position is not better! (at simulation time 591.000,900,000 s)
2024-06-03 19:50:57,629 INFO  - Recieve a message from other vehicle (at simulation time 591.000,900,000 s)
2024-06-03 19:50:57,629 INFO  - My position is not better! (at simulation time 591.000,900,000 s)
2024-06-03 19:50:57,629 INFO  - Recieve a message from other vehicle (at simulation time 591.001,400,000 s)
2024-06-03 19:50:57,629 INFO  - My position is not better! (at simulation time 591.001,400,000 s)
2024-06-03 19:50:57,629 INFO  - Recieve a message from other vehicle (at simulation time 591.001,800,000 s)
2024-06-03 19:50:57,629 INFO  - DENM message Recived from veh_84 -info : seco (at simulation time 591.001,800,000 s)
2024-06-03 19:50:57,629 INFO  - No more hops in DENM message (at simulation time 591.001,800,000 s)
2024-06-03 19:50:57,629 INFO  - Recieve a message from other vehicle (at simulation time 591.001,900,000 s)
2024-06-03 19:50:57,629 INFO  - DENM message Recived from veh_84 -info : seco (at simulation time 591.001,900,000 s)
2024-06-03 19:50:57,629 INFO  - No more hops in DENM message (at simulation time 591.001,900,000 s)
2024-06-03 19:50:57,629 INFO  - Recieve a message from other vehicle (at simulation time 591.002,400,000 s)
2024-06-03 19:50:57,629 INFO  - My position is not better! (at simulation time 591.002,400,000 s)
2024-06-03 19:50:57,629 INFO  - Recieve a message from other vehicle (at simulation time 591.002,400,000 s)
2024-06-03 19:50:57,629 INFO  - My position is not better! (at simulation time 591.002,400,000 s)
2024-06-03 19:50:57,629 INFO  - Recieve a message from other vehicle (at simulation time 591.002,400,000 s)
2024-06-03 19:50:57,629 INFO  - My position is not better! (at simulation time 591.002,400,000 s)
2024-06-03 19:50:57,629 INFO  - Recieve a message from other vehicle (at simulation time 591.002,400,000 s)
2024-06-03 19:50:57,629 INFO  - My position is not better! (at simulation time 591.002,400,000 s)
2024-06-03 19:50:57,629 INFO  - Recieve a message from other vehicle (at simulation time 591.002,800,000 s)
2024-06-03 19:50:57,629 INFO  - My position is not better! (at simulation time 591.002,800,000 s)
2024-06-03 19:50:57,630 INFO  - Called #onVehicleUpdated (at simulation time 592.000,000,000 s)
2024-06-03 19:50:57,630 INFO  - Sending out DENM broadcast (at simulation time 592.000,000,000 s)
2024-06-03 19:50:57,630 INFO  - Sending out AdHoc broadcast (at simulation time 592.000,000,000 s)
2024-06-03 19:50:57,631 INFO  - Recieve a message from other vehicle (at simulation time 592.000,900,000 s)
2024-06-03 19:50:57,631 INFO  - My position is not better! (at simulation time 592.000,900,000 s)
2024-06-03 19:50:57,631 INFO  - Recieve a message from other vehicle (at simulation time 592.001,400,000 s)
2024-06-03 19:50:57,631 INFO  - My position is not better! (at simulation time 592.001,400,000 s)
2024-06-03 19:50:57,631 INFO  - Recieve a message from other vehicle (at simulation time 592.002,400,000 s)
2024-06-03 19:50:57,631 INFO  - My position is not better! (at simulation time 592.002,400,000 s)
2024-06-03 19:50:57,631 INFO  - Recieve a message from other vehicle (at simulation time 592.002,400,000 s)
2024-06-03 19:50:57,631 INFO  - My position is not better! (at simulation time 592.002,400,000 s)
2024-06-03 19:50:57,631 INFO  - Recieve a message from other vehicle (at simulation time 592.002,400,000 s)
2024-06-03 19:50:57,631 INFO  - My position is not better! (at simulation time 592.002,400,000 s)
2024-06-03 19:50:57,631 INFO  - Recieve a message from other vehicle (at simulation time 592.002,800,000 s)
2024-06-03 19:50:57,631 INFO  - DENM message Recived from veh_85 -info : seco (at simulation time 592.002,800,000 s)
2024-06-03 19:50:57,631 INFO  - No more hops in DENM message (at simulation time 592.002,800,000 s)
2024-06-03 19:50:57,631 INFO  - Recieve a message from other vehicle (at simulation time 592.003,300,000 s)
2024-06-03 19:50:57,631 INFO  - My position is not better! (at simulation time 592.003,300,000 s)
2024-06-03 19:50:57,632 INFO  - Called #onVehicleUpdated (at simulation time 593.000,000,000 s)
2024-06-03 19:50:57,632 INFO  - Recieve a message from other vehicle (at simulation time 593.000,400,000 s)
2024-06-03 19:50:57,632 INFO  - I'm in better position but no more hops in message (at simulation time 593.000,400,000 s)
2024-06-03 19:50:57,632 INFO  - Recieve a message from other vehicle (at simulation time 593.000,400,000 s)
2024-06-03 19:50:57,632 INFO  - I'm in better position but no more hops in message (at simulation time 593.000,400,000 s)
2024-06-03 19:50:57,633 INFO  - Recieve a message from other vehicle (at simulation time 593.000,900,000 s)
2024-06-03 19:50:57,633 INFO  - I'm in better position but no more hops in message (at simulation time 593.000,900,000 s)
2024-06-03 19:50:57,633 INFO  - Recieve a message from other vehicle (at simulation time 593.001,800,000 s)
2024-06-03 19:50:57,633 INFO  - I'm in better position but no more hops in message (at simulation time 593.001,800,000 s)
2024-06-03 19:50:57,633 INFO  - Recieve a message from other vehicle (at simulation time 593.001,900,000 s)
2024-06-03 19:50:57,633 INFO  - I'm in better position but no more hops in message (at simulation time 593.001,900,000 s)
2024-06-03 19:50:57,633 INFO  - Recieve a message from other vehicle (at simulation time 593.001,900,000 s)
2024-06-03 19:50:57,633 INFO  - Recending a message from other vehicle (at simulation time 593.001,900,000 s)
2024-06-03 19:50:57,633 INFO  - Recieve a message from other vehicle (at simulation time 593.001,900,000 s)
2024-06-03 19:50:57,633 INFO  - I'm in better position but no more hops in message (at simulation time 593.001,900,000 s)
2024-06-03 19:50:57,633 INFO  - Recieve a message from other vehicle (at simulation time 593.002,300,000 s)
2024-06-03 19:50:57,633 INFO  - I'm in better position but no more hops in message (at simulation time 593.002,300,000 s)
2024-06-03 19:50:57,633 INFO  - Recieve a message from other vehicle (at simulation time 593.002,300,000 s)
2024-06-03 19:50:57,633 INFO  - I'm in better position but no more hops in message (at simulation time 593.002,300,000 s)
2024-06-03 19:50:57,633 INFO  - Recieve a message from other vehicle (at simulation time 593.002,400,000 s)
2024-06-03 19:50:57,633 INFO  - I'm in better position but no more hops in message (at simulation time 593.002,400,000 s)
2024-06-03 19:50:57,633 INFO  - Recieve a message from other vehicle (at simulation time 593.002,400,000 s)
2024-06-03 19:50:57,633 INFO  - I'm in better position but no more hops in message (at simulation time 593.002,400,000 s)
2024-06-03 19:50:57,634 INFO  - Called #onVehicleUpdated (at simulation time 594.000,000,000 s)
2024-06-03 19:50:57,634 INFO  - Sending out AdHoc broadcast (at simulation time 594.000,000,000 s)
2024-06-03 19:50:57,634 INFO  - Recieve a message from other vehicle (at simulation time 594.000,400,000 s)
2024-06-03 19:50:57,634 INFO  - Recending a message from other vehicle (at simulation time 594.000,400,000 s)
2024-06-03 19:50:57,634 INFO  - Recieve a message from other vehicle (at simulation time 594.000,900,000 s)
2024-06-03 19:50:57,634 INFO  - I'm in better position but no more hops in message (at simulation time 594.000,900,000 s)
2024-06-03 19:50:57,634 INFO  - Recieve a message from other vehicle (at simulation time 594.001,400,000 s)
2024-06-03 19:50:57,634 INFO  - I'm in better position but no more hops in message (at simulation time 594.001,400,000 s)
2024-06-03 19:50:57,634 INFO  - Recieve a message from other vehicle (at simulation time 594.001,900,000 s)
2024-06-03 19:50:57,634 INFO  - I'm in better position but no more hops in message (at simulation time 594.001,900,000 s)
2024-06-03 19:50:57,634 INFO  - Recieve a message from other vehicle (at simulation time 594.001,900,000 s)
2024-06-03 19:50:57,634 INFO  - I'm in better position but no more hops in message (at simulation time 594.001,900,000 s)
2024-06-03 19:50:57,635 INFO  - Recieve a message from other vehicle (at simulation time 594.002,300,000 s)
2024-06-03 19:50:57,635 INFO  - I'm in better position but no more hops in message (at simulation time 594.002,300,000 s)
2024-06-03 19:50:57,635 INFO  - Called #onVehicleUpdated (at simulation time 595.000,000,000 s)
2024-06-03 19:50:57,635 INFO  - Recieve a message from other vehicle (at simulation time 595.000,400,000 s)
2024-06-03 19:50:57,635 INFO  - I'm in better position but no more hops in message (at simulation time 595.000,400,000 s)
2024-06-03 19:50:57,636 INFO  - Recieve a message from other vehicle (at simulation time 595.000,900,000 s)
2024-06-03 19:50:57,636 INFO  - I'm in better position but no more hops in message (at simulation time 595.000,900,000 s)
2024-06-03 19:50:57,636 INFO  - Recieve a message from other vehicle (at simulation time 595.000,900,000 s)
2024-06-03 19:50:57,636 INFO  - Recending a message from other vehicle (at simulation time 595.000,900,000 s)
2024-06-03 19:50:57,636 INFO  - Recieve a message from other vehicle (at simulation time 595.000,900,000 s)
2024-06-03 19:50:57,636 INFO  - I'm in better position but no more hops in message (at simulation time 595.000,900,000 s)
2024-06-03 19:50:57,636 INFO  - Recieve a message from other vehicle (at simulation time 595.001,400,000 s)
2024-06-03 19:50:57,636 INFO  - I'm in better position but no more hops in message (at simulation time 595.001,400,000 s)
2024-06-03 19:50:57,636 INFO  - Called #onVehicleUpdated (at simulation time 596.000,000,000 s)
2024-06-03 19:50:57,636 INFO  - Sending out AdHoc broadcast (at simulation time 596.000,000,000 s)
2024-06-03 19:50:57,636 INFO  - Recieve a message from other vehicle (at simulation time 596.000,900,000 s)
2024-06-03 19:50:57,636 INFO  - My position is not better! (at simulation time 596.000,900,000 s)
2024-06-03 19:50:57,636 INFO  - Recieve a message from other vehicle (at simulation time 596.000,900,000 s)
2024-06-03 19:50:57,636 INFO  - My position is not better! (at simulation time 596.000,900,000 s)
2024-06-03 19:50:57,636 INFO  - Recieve a message from other vehicle (at simulation time 596.001,400,000 s)
2024-06-03 19:50:57,636 INFO  - My position is not better! (at simulation time 596.001,400,000 s)
2024-06-03 19:50:57,637 INFO  - Recieve a message from other vehicle (at simulation time 596.003,800,000 s)
2024-06-03 19:50:57,637 INFO  - My position is not better! (at simulation time 596.003,800,000 s)
2024-06-03 19:50:57,637 INFO  - Called #onVehicleUpdated (at simulation time 597.000,000,000 s)
2024-06-03 19:50:57,638 INFO  - Recieve a message from other vehicle (at simulation time 597.000,400,000 s)
2024-06-03 19:50:57,638 INFO  - My position is not better! (at simulation time 597.000,400,000 s)
2024-06-03 19:50:57,638 INFO  - Recieve a message from other vehicle (at simulation time 597.001,400,000 s)
2024-06-03 19:50:57,638 INFO  - My position is not better! (at simulation time 597.001,400,000 s)
2024-06-03 19:50:57,638 INFO  - Recieve a message from other vehicle (at simulation time 597.001,900,000 s)
2024-06-03 19:50:57,638 INFO  - My position is not better! (at simulation time 597.001,900,000 s)
2024-06-03 19:50:57,638 INFO  - Recieve a message from other vehicle (at simulation time 597.001,900,000 s)
2024-06-03 19:50:57,638 INFO  - My position is not better! (at simulation time 597.001,900,000 s)
2024-06-03 19:50:57,639 INFO  - Called #onVehicleUpdated (at simulation time 598.000,000,000 s)
2024-06-03 19:50:57,639 INFO  - Exced velocity! Sending new CAM (at simulation time 598.000,000,000 s)
2024-06-03 19:50:57,639 INFO  - Sending out AdHoc broadcast (at simulation time 598.000,000,000 s)
2024-06-03 19:50:57,639 INFO  - Sending out AdHoc broadcast (at simulation time 598.000,000,000 s)
2024-06-03 19:50:57,639 INFO  - Called #onVehicleUpdated (at simulation time 599.000,000,000 s)
2024-06-03 19:50:57,639 INFO  - Exced velocity! Sending new CAM (at simulation time 599.000,000,000 s)
2024-06-03 19:50:57,639 INFO  - Sending out AdHoc broadcast (at simulation time 599.000,000,000 s)
2024-06-03 19:50:57,641 INFO  - Called #onVehicleUpdated (at simulation time 600.000,000,000 s)
2024-06-03 19:50:57,641 INFO  - Exced velocity! Sending new CAM (at simulation time 600.000,000,000 s)
2024-06-03 19:50:57,641 INFO  - Sending out AdHoc broadcast (at simulation time 600.000,000,000 s)
2024-06-03 19:50:57,641 INFO  - Sending out AdHoc broadcast (at simulation time 600.000,000,000 s)
2024-06-03 19:50:57,641 INFO  - Sending out AdHoc broadcast (at simulation time 600.000,000,000 s)
2024-06-03 19:50:57,641 INFO  - Called #onVehicleUpdated (at simulation time 601.000,000,000 s)
2024-06-03 19:50:57,641 INFO  - Exced velocity! Sending new CAM (at simulation time 601.000,000,000 s)
2024-06-03 19:50:57,641 INFO  - Sending out AdHoc broadcast (at simulation time 601.000,000,000 s)
2024-06-03 19:50:57,641 INFO  - Sending out AdHoc broadcast (at simulation time 601.000,000,000 s)
2024-06-03 19:50:57,643 INFO  - Called #onVehicleUpdated (at simulation time 602.000,000,000 s)
2024-06-03 19:50:57,643 INFO  - Exced velocity! Sending new CAM (at simulation time 602.000,000,000 s)
2024-06-03 19:50:57,643 INFO  - Sending out AdHoc broadcast (at simulation time 602.000,000,000 s)
2024-06-03 19:50:57,643 INFO  - Sending out AdHoc broadcast (at simulation time 602.000,000,000 s)
2024-06-03 19:50:57,643 INFO  - Sending out AdHoc broadcast (at simulation time 602.000,000,000 s)
2024-06-03 19:50:57,643 INFO  - Sending out AdHoc broadcast (at simulation time 602.000,000,000 s)
2024-06-03 19:50:57,644 INFO  - Shutdown (at simulation time 603.000,000,000 s)
