2024-06-03 19:54:37,787 INFO  - Initialize Vehicle application (at simulation time 7.000,000,000 s)
2024-06-03 19:54:37,790 INFO  - Activated WLAN Module (at simulation time 7.000,000,000 s)
2024-06-03 19:54:37,793 INFO  - Called #onVehicleUpdated (at simulation time 7.000,000,000 s)
2024-06-03 19:54:37,802 INFO  - Recieve a message from other vehicle (at simulation time 7.001,900,000 s)
2024-06-03 19:54:37,802 INFO  - My position is not better! (at simulation time 7.001,900,000 s)
2024-06-03 19:54:37,808 INFO  - Called #onVehicleUpdated (at simulation time 8.000,000,000 s)
2024-06-03 19:54:37,812 INFO  - Define the name: veh_2 and route: r_1 (at simulation time 8.000,000,000 s)
2024-06-03 19:54:37,812 INFO  - Sending out AdHoc broadcast (at simulation time 8.000,000,000 s)
2024-06-03 19:54:37,815 INFO  - Recieve a message from other vehicle (at simulation time 8.001,900,000 s)
2024-06-03 19:54:37,815 INFO  - My position is not better! (at simulation time 8.001,900,000 s)
2024-06-03 19:54:37,816 INFO  - Recieve a message from other vehicle (at simulation time 8.002,800,000 s)
2024-06-03 19:54:37,817 INFO  - My position is not better! (at simulation time 8.002,800,000 s)
2024-06-03 19:54:37,821 INFO  - Called #onVehicleUpdated (at simulation time 9.000,000,000 s)
2024-06-03 19:54:37,823 INFO  - Recieve a message from other vehicle (at simulation time 9.000,400,000 s)
2024-06-03 19:54:37,824 INFO  - My position is not better! (at simulation time 9.000,400,000 s)
2024-06-03 19:54:37,834 INFO  - Called #onVehicleUpdated (at simulation time 10.000,000,000 s)
2024-06-03 19:54:37,836 INFO  - Sending out AdHoc broadcast (at simulation time 10.000,000,000 s)
2024-06-03 19:54:37,837 INFO  - Recieve a message from other vehicle (at simulation time 10.000,400,000 s)
2024-06-03 19:54:37,837 INFO  - My position is not better! (at simulation time 10.000,400,000 s)
2024-06-03 19:54:37,839 INFO  - Recieve a message from other vehicle (at simulation time 10.004,300,000 s)
2024-06-03 19:54:37,839 INFO  - My position is not better! (at simulation time 10.004,300,000 s)
2024-06-03 19:54:37,842 INFO  - Called #onVehicleUpdated (at simulation time 11.000,000,000 s)
2024-06-03 19:54:37,850 INFO  - Recieve a message from other vehicle (at simulation time 11.001,900,000 s)
2024-06-03 19:54:37,850 INFO  - My position is not better! (at simulation time 11.001,900,000 s)
2024-06-03 19:54:37,854 INFO  - Called #onVehicleUpdated (at simulation time 12.000,000,000 s)
2024-06-03 19:54:37,855 INFO  - Sending out AdHoc broadcast (at simulation time 12.000,000,000 s)
2024-06-03 19:54:37,863 INFO  - Recieve a message from other vehicle (at simulation time 12.002,400,000 s)
2024-06-03 19:54:37,863 INFO  - My position is not better! (at simulation time 12.002,400,000 s)
2024-06-03 19:54:37,864 INFO  - Recieve a message from other vehicle (at simulation time 12.003,300,000 s)
2024-06-03 19:54:37,864 INFO  - My position is not better! (at simulation time 12.003,300,000 s)
2024-06-03 19:54:37,867 INFO  - Called #onVehicleUpdated (at simulation time 13.000,000,000 s)
2024-06-03 19:54:37,879 INFO  - Recieve a message from other vehicle (at simulation time 13.002,400,000 s)
2024-06-03 19:54:37,879 INFO  - My position is not better! (at simulation time 13.002,400,000 s)
2024-06-03 19:54:37,886 INFO  - Called #onVehicleUpdated (at simulation time 14.000,000,000 s)
2024-06-03 19:54:37,887 INFO  - Sending out AdHoc broadcast (at simulation time 14.000,000,000 s)
2024-06-03 19:54:37,889 INFO  - Recieve a message from other vehicle (at simulation time 14.000,400,000 s)
2024-06-03 19:54:37,889 INFO  - My position is not better! (at simulation time 14.000,400,000 s)
2024-06-03 19:54:37,889 INFO  - Recieve a message from other vehicle (at simulation time 14.000,400,000 s)
2024-06-03 19:54:37,889 INFO  - My position is not better! (at simulation time 14.000,400,000 s)
2024-06-03 19:54:37,890 INFO  - Recieve a message from other vehicle (at simulation time 14.000,900,000 s)
2024-06-03 19:54:37,890 INFO  - My position is not better! (at simulation time 14.000,900,000 s)
2024-06-03 19:54:37,890 INFO  - Recieve a message from other vehicle (at simulation time 14.000,900,000 s)
2024-06-03 19:54:37,890 INFO  - My position is not better! (at simulation time 14.000,900,000 s)
2024-06-03 19:54:37,893 INFO  - Recieve a message from other vehicle (at simulation time 14.001,800,000 s)
2024-06-03 19:54:37,893 INFO  - My position is not better! (at simulation time 14.001,800,000 s)
2024-06-03 19:54:37,893 INFO  - Recieve a message from other vehicle (at simulation time 14.001,800,000 s)
2024-06-03 19:54:37,893 INFO  - My position is not better! (at simulation time 14.001,800,000 s)
2024-06-03 19:54:37,894 INFO  - Recieve a message from other vehicle (at simulation time 14.001,900,000 s)
2024-06-03 19:54:37,895 INFO  - My position is not better! (at simulation time 14.001,900,000 s)
2024-06-03 19:54:37,896 INFO  - Recieve a message from other vehicle (at simulation time 14.002,300,000 s)
2024-06-03 19:54:37,896 INFO  - My position is not better! (at simulation time 14.002,300,000 s)
2024-06-03 19:54:37,897 INFO  - Recieve a message from other vehicle (at simulation time 14.002,400,000 s)
2024-06-03 19:54:37,897 INFO  - My position is not better! (at simulation time 14.002,400,000 s)
2024-06-03 19:54:37,898 INFO  - Recieve a message from other vehicle (at simulation time 14.002,400,000 s)
2024-06-03 19:54:37,898 INFO  - My position is not better! (at simulation time 14.002,400,000 s)
2024-06-03 19:54:37,899 INFO  - Recieve a message from other vehicle (at simulation time 14.002,800,000 s)
2024-06-03 19:54:37,899 INFO  - My position is not better! (at simulation time 14.002,800,000 s)
2024-06-03 19:54:37,899 INFO  - Recieve a message from other vehicle (at simulation time 14.002,800,000 s)
2024-06-03 19:54:37,899 INFO  - My position is not better! (at simulation time 14.002,800,000 s)
2024-06-03 19:54:37,901 INFO  - Recieve a message from other vehicle (at simulation time 14.004,300,000 s)
2024-06-03 19:54:37,901 INFO  - My position is not better! (at simulation time 14.004,300,000 s)
2024-06-03 19:54:37,901 INFO  - Recieve a message from other vehicle (at simulation time 14.004,300,000 s)
2024-06-03 19:54:37,901 INFO  - My position is not better! (at simulation time 14.004,300,000 s)
2024-06-03 19:54:37,908 INFO  - Called #onVehicleUpdated (at simulation time 15.000,000,000 s)
2024-06-03 19:54:37,914 INFO  - Recieve a message from other vehicle (at simulation time 15.000,400,000 s)
2024-06-03 19:54:37,914 INFO  - My position is not better! (at simulation time 15.000,400,000 s)
2024-06-03 19:54:37,914 INFO  - Recieve a message from other vehicle (at simulation time 15.000,400,000 s)
2024-06-03 19:54:37,914 INFO  - My position is not better! (at simulation time 15.000,400,000 s)
2024-06-03 19:54:37,918 INFO  - Recieve a message from other vehicle (at simulation time 15.000,800,000 s)
2024-06-03 19:54:37,918 INFO  - DENM message Recived from veh_5 -info : nevoeiro (at simulation time 15.000,800,000 s)
2024-06-03 19:54:37,918 INFO  - No more hops in DENM message (at simulation time 15.000,800,000 s)
2024-06-03 19:54:37,918 INFO  - Recieve a message from other vehicle (at simulation time 15.000,800,000 s)
2024-06-03 19:54:37,918 INFO  - My position is not better! (at simulation time 15.000,800,000 s)
2024-06-03 19:54:37,919 INFO  - Recieve a message from other vehicle (at simulation time 15.000,900,000 s)
2024-06-03 19:54:37,919 INFO  - DENM message Recived from veh_0 -info : seco (at simulation time 15.000,900,000 s)
2024-06-03 19:54:37,919 INFO  - No more hops in DENM message (at simulation time 15.000,900,000 s)
2024-06-03 19:54:37,919 INFO  - Recieve a message from other vehicle (at simulation time 15.000,900,000 s)
2024-06-03 19:54:37,919 INFO  - DENM message Recived from veh_1 -info : piso-molhado (at simulation time 15.000,900,000 s)
2024-06-03 19:54:37,919 INFO  - I slow down due to road state (at simulation time 15.000,900,000 s)
2024-06-03 19:54:37,919 INFO  - No more hops in DENM message (at simulation time 15.000,900,000 s)
2024-06-03 19:54:37,920 INFO  - Recieve a message from other vehicle (at simulation time 15.000,900,000 s)
2024-06-03 19:54:37,920 INFO  - My position is not better! (at simulation time 15.000,900,000 s)
2024-06-03 19:54:37,920 INFO  - Recieve a message from other vehicle (at simulation time 15.000,900,000 s)
2024-06-03 19:54:37,920 INFO  - My position is not better! (at simulation time 15.000,900,000 s)
2024-06-03 19:54:37,920 INFO  - Recieve a message from other vehicle (at simulation time 15.000,900,000 s)
2024-06-03 19:54:37,920 INFO  - My position is not better! (at simulation time 15.000,900,000 s)
2024-06-03 19:54:37,921 INFO  - Recieve a message from other vehicle (at simulation time 15.001,300,000 s)
2024-06-03 19:54:37,921 INFO  - DENM message Recived from veh_1 -info : piso-molhado (at simulation time 15.001,300,000 s)
2024-06-03 19:54:37,921 INFO  - I slow down due to road state (at simulation time 15.001,300,000 s)
2024-06-03 19:54:37,921 INFO  - No more hops in DENM message (at simulation time 15.001,300,000 s)
2024-06-03 19:54:37,922 INFO  - Recieve a message from other vehicle (at simulation time 15.001,300,000 s)
2024-06-03 19:54:37,922 INFO  - DENM message Recived from veh_3 -info : seco (at simulation time 15.001,300,000 s)
2024-06-03 19:54:37,922 INFO  - No more hops in DENM message (at simulation time 15.001,300,000 s)
2024-06-03 19:54:37,923 INFO  - Recieve a message from other vehicle (at simulation time 15.001,400,000 s)
2024-06-03 19:54:37,923 INFO  - DENM message Recived from veh_5 -info : nevoeiro (at simulation time 15.001,400,000 s)
2024-06-03 19:54:37,923 INFO  - No more hops in DENM message (at simulation time 15.001,400,000 s)
2024-06-03 19:54:37,924 INFO  - Recieve a message from other vehicle (at simulation time 15.001,400,000 s)
2024-06-03 19:54:37,924 INFO  - My position is not better! (at simulation time 15.001,400,000 s)
2024-06-03 19:54:37,924 INFO  - Recieve a message from other vehicle (at simulation time 15.001,400,000 s)
2024-06-03 19:54:37,924 INFO  - My position is not better! (at simulation time 15.001,400,000 s)
2024-06-03 19:54:37,925 INFO  - Recieve a message from other vehicle (at simulation time 15.001,900,000 s)
2024-06-03 19:54:37,925 INFO  - DENM message Recived from veh_3 -info : seco (at simulation time 15.001,900,000 s)
2024-06-03 19:54:37,925 INFO  - No more hops in DENM message (at simulation time 15.001,900,000 s)
2024-06-03 19:54:37,926 INFO  - Recieve a message from other vehicle (at simulation time 15.002,300,000 s)
2024-06-03 19:54:37,926 INFO  - My position is not better! (at simulation time 15.002,300,000 s)
2024-06-03 19:54:37,926 INFO  - Recieve a message from other vehicle (at simulation time 15.002,300,000 s)
2024-06-03 19:54:37,926 INFO  - My position is not better! (at simulation time 15.002,300,000 s)
2024-06-03 19:54:37,926 INFO  - Recieve a message from other vehicle (at simulation time 15.002,300,000 s)
2024-06-03 19:54:37,926 INFO  - My position is not better! (at simulation time 15.002,300,000 s)
2024-06-03 19:54:37,926 INFO  - Recieve a message from other vehicle (at simulation time 15.002,300,000 s)
2024-06-03 19:54:37,926 INFO  - My position is not better! (at simulation time 15.002,300,000 s)
2024-06-03 19:54:37,927 INFO  - Recieve a message from other vehicle (at simulation time 15.002,400,000 s)
2024-06-03 19:54:37,927 INFO  - My position is not better! (at simulation time 15.002,400,000 s)
2024-06-03 19:54:37,927 INFO  - Recieve a message from other vehicle (at simulation time 15.002,400,000 s)
2024-06-03 19:54:37,927 INFO  - My position is not better! (at simulation time 15.002,400,000 s)
2024-06-03 19:54:37,927 INFO  - Recieve a message from other vehicle (at simulation time 15.002,400,000 s)
2024-06-03 19:54:37,927 INFO  - My position is not better! (at simulation time 15.002,400,000 s)
2024-06-03 19:54:37,927 INFO  - Recieve a message from other vehicle (at simulation time 15.002,400,000 s)
2024-06-03 19:54:37,927 INFO  - My position is not better! (at simulation time 15.002,400,000 s)
2024-06-03 19:54:37,929 INFO  - Recieve a message from other vehicle (at simulation time 15.002,800,000 s)
2024-06-03 19:54:37,929 INFO  - DENM message Recived from veh_0 -info : seco (at simulation time 15.002,800,000 s)
2024-06-03 19:54:37,929 INFO  - No more hops in DENM message (at simulation time 15.002,800,000 s)
2024-06-03 19:54:37,930 INFO  - Recieve a message from other vehicle (at simulation time 15.004,300,000 s)
2024-06-03 19:54:37,930 INFO  - My position is not better! (at simulation time 15.004,300,000 s)
2024-06-03 19:54:37,934 INFO  - Called #onVehicleUpdated (at simulation time 16.000,000,000 s)
2024-06-03 19:54:37,935 INFO  - Sending out DENM broadcast (at simulation time 16.000,000,000 s)
2024-06-03 19:54:37,935 INFO  - Sending out AdHoc broadcast (at simulation time 16.000,000,000 s)
2024-06-03 19:54:37,937 INFO  - Recieve a message from other vehicle (at simulation time 16.000,400,000 s)
2024-06-03 19:54:37,937 INFO  - DENM message Recived from veh_4 -info : seco (at simulation time 16.000,400,000 s)
2024-06-03 19:54:37,937 INFO  - Recending a DENM message from other vehicle (at simulation time 16.000,400,000 s)
2024-06-03 19:54:37,937 INFO  - Recieve a message from other vehicle (at simulation time 16.000,400,000 s)
2024-06-03 19:54:37,937 INFO  - Recending a message from other vehicle (at simulation time 16.000,400,000 s)
2024-06-03 19:54:37,937 INFO  - Recieve a message from other vehicle (at simulation time 16.000,400,000 s)
2024-06-03 19:54:37,937 INFO  - My position is not better! (at simulation time 16.000,400,000 s)
2024-06-03 19:54:37,939 INFO  - Recieve a message from other vehicle (at simulation time 16.000,900,000 s)
2024-06-03 19:54:37,939 INFO  - My position is not better! (at simulation time 16.000,900,000 s)
2024-06-03 19:54:37,940 INFO  - Recieve a message from other vehicle (at simulation time 16.001,400,000 s)
2024-06-03 19:54:37,940 INFO  - My position is not better! (at simulation time 16.001,400,000 s)
2024-06-03 19:54:37,940 INFO  - Recieve a message from other vehicle (at simulation time 16.001,400,000 s)
2024-06-03 19:54:37,940 INFO  - I'm in better position but no more hops in message (at simulation time 16.001,400,000 s)
2024-06-03 19:54:37,940 INFO  - Recieve a message from other vehicle (at simulation time 16.001,400,000 s)
2024-06-03 19:54:37,940 INFO  - I'm in better position but no more hops in message (at simulation time 16.001,400,000 s)
2024-06-03 19:54:37,940 INFO  - Recieve a message from other vehicle (at simulation time 16.001,400,000 s)
2024-06-03 19:54:37,940 INFO  - My position is not better! (at simulation time 16.001,400,000 s)
2024-06-03 19:54:37,941 INFO  - Recieve a message from other vehicle (at simulation time 16.001,800,000 s)
2024-06-03 19:54:37,941 INFO  - I'm in better position but no more hops in message (at simulation time 16.001,800,000 s)
2024-06-03 19:54:37,941 INFO  - Recieve a message from other vehicle (at simulation time 16.001,900,000 s)
2024-06-03 19:54:37,941 INFO  - My position is not better! (at simulation time 16.001,900,000 s)
2024-06-03 19:54:37,941 INFO  - Recieve a message from other vehicle (at simulation time 16.001,900,000 s)
2024-06-03 19:54:37,941 INFO  - My position is not better! (at simulation time 16.001,900,000 s)
2024-06-03 19:54:37,941 INFO  - Recieve a message from other vehicle (at simulation time 16.002,300,000 s)
2024-06-03 19:54:37,941 INFO  - DENM message Recived from veh_2 -info : seco (at simulation time 16.002,300,000 s)
2024-06-03 19:54:37,942 INFO  - No more hops in DENM message (at simulation time 16.002,300,000 s)
2024-06-03 19:54:37,942 INFO  - Recieve a message from other vehicle (at simulation time 16.002,300,000 s)
2024-06-03 19:54:37,942 INFO  - My position is not better! (at simulation time 16.002,300,000 s)
2024-06-03 19:54:37,943 INFO  - Recieve a message from other vehicle (at simulation time 16.002,800,000 s)
2024-06-03 19:54:37,943 INFO  - My position is not better! (at simulation time 16.002,800,000 s)
2024-06-03 19:54:37,943 INFO  - Recieve a message from other vehicle (at simulation time 16.002,800,000 s)
2024-06-03 19:54:37,943 INFO  - I'm in better position but no more hops in message (at simulation time 16.002,800,000 s)
2024-06-03 19:54:37,943 INFO  - Recieve a message from other vehicle (at simulation time 16.003,300,000 s)
2024-06-03 19:54:37,943 INFO  - My position is not better! (at simulation time 16.003,300,000 s)
2024-06-03 19:54:37,946 INFO  - Called #onVehicleUpdated (at simulation time 17.000,000,000 s)
2024-06-03 19:54:37,949 INFO  - Recieve a message from other vehicle (at simulation time 17.000,400,000 s)
2024-06-03 19:54:37,949 INFO  - My position is not better! (at simulation time 17.000,400,000 s)
2024-06-03 19:54:37,951 INFO  - Recieve a message from other vehicle (at simulation time 17.000,800,000 s)
2024-06-03 19:54:37,951 INFO  - I'm in better position but no more hops in message (at simulation time 17.000,800,000 s)
2024-06-03 19:54:37,952 INFO  - Recieve a message from other vehicle (at simulation time 17.000,800,000 s)
2024-06-03 19:54:37,952 INFO  - I'm in better position but no more hops in message (at simulation time 17.000,800,000 s)
2024-06-03 19:54:37,952 INFO  - Recieve a message from other vehicle (at simulation time 17.000,900,000 s)
2024-06-03 19:54:37,952 INFO  - I'm in better position but no more hops in message (at simulation time 17.000,900,000 s)
2024-06-03 19:54:37,952 INFO  - Recieve a message from other vehicle (at simulation time 17.000,900,000 s)
2024-06-03 19:54:37,952 INFO  - I'm in better position but no more hops in message (at simulation time 17.000,900,000 s)
2024-06-03 19:54:37,952 INFO  - Recieve a message from other vehicle (at simulation time 17.000,900,000 s)
2024-06-03 19:54:37,952 INFO  - I'm in better position but no more hops in message (at simulation time 17.000,900,000 s)
2024-06-03 19:54:37,952 INFO  - Recieve a message from other vehicle (at simulation time 17.000,900,000 s)
2024-06-03 19:54:37,952 INFO  - I'm in better position but no more hops in message (at simulation time 17.000,900,000 s)
2024-06-03 19:54:37,952 INFO  - Recieve a message from other vehicle (at simulation time 17.001,300,000 s)
2024-06-03 19:54:37,952 INFO  - I'm in better position but no more hops in message (at simulation time 17.001,300,000 s)
2024-06-03 19:54:37,953 INFO  - Recieve a message from other vehicle (at simulation time 17.001,300,000 s)
2024-06-03 19:54:37,953 INFO  - I'm in better position but no more hops in message (at simulation time 17.001,300,000 s)
2024-06-03 19:54:37,953 INFO  - Recieve a message from other vehicle (at simulation time 17.001,400,000 s)
2024-06-03 19:54:37,953 INFO  - I'm in better position but no more hops in message (at simulation time 17.001,400,000 s)
2024-06-03 19:54:37,953 INFO  - Recieve a message from other vehicle (at simulation time 17.001,400,000 s)
2024-06-03 19:54:37,953 INFO  - I'm in better position but no more hops in message (at simulation time 17.001,400,000 s)
2024-06-03 19:54:37,954 INFO  - Recieve a message from other vehicle (at simulation time 17.001,900,000 s)
2024-06-03 19:54:37,954 INFO  - I'm in better position but no more hops in message (at simulation time 17.001,900,000 s)
2024-06-03 19:54:37,954 INFO  - Recieve a message from other vehicle (at simulation time 17.001,900,000 s)
2024-06-03 19:54:37,954 INFO  - I'm in better position but no more hops in message (at simulation time 17.001,900,000 s)
2024-06-03 19:54:37,955 INFO  - Recieve a message from other vehicle (at simulation time 17.002,400,000 s)
2024-06-03 19:54:37,955 INFO  - I'm in better position but no more hops in message (at simulation time 17.002,400,000 s)
2024-06-03 19:54:37,955 INFO  - Recieve a message from other vehicle (at simulation time 17.002,400,000 s)
2024-06-03 19:54:37,955 INFO  - I'm in better position but no more hops in message (at simulation time 17.002,400,000 s)
2024-06-03 19:54:37,955 INFO  - Recieve a message from other vehicle (at simulation time 17.002,800,000 s)
2024-06-03 19:54:37,955 INFO  - I'm in better position but no more hops in message (at simulation time 17.002,800,000 s)
2024-06-03 19:54:37,957 INFO  - Called #onVehicleUpdated (at simulation time 18.000,000,000 s)
2024-06-03 19:54:37,958 INFO  - Sending out AdHoc broadcast (at simulation time 18.000,000,000 s)
2024-06-03 19:54:37,959 INFO  - Recieve a message from other vehicle (at simulation time 18.000,400,000 s)
2024-06-03 19:54:37,959 INFO  - I'm in better position but no more hops in message (at simulation time 18.000,400,000 s)
2024-06-03 19:54:37,960 INFO  - Recieve a message from other vehicle (at simulation time 18.000,900,000 s)
2024-06-03 19:54:37,960 INFO  - I'm in better position but no more hops in message (at simulation time 18.000,900,000 s)
2024-06-03 19:54:37,960 INFO  - Recieve a message from other vehicle (at simulation time 18.001,300,000 s)
2024-06-03 19:54:37,960 INFO  - I'm in better position but no more hops in message (at simulation time 18.001,300,000 s)
2024-06-03 19:54:37,960 INFO  - Recieve a message from other vehicle (at simulation time 18.001,300,000 s)
2024-06-03 19:54:37,960 INFO  - I'm in better position but no more hops in message (at simulation time 18.001,300,000 s)
2024-06-03 19:54:37,960 INFO  - Recieve a message from other vehicle (at simulation time 18.001,400,000 s)
2024-06-03 19:54:37,960 INFO  - Recending a message from other vehicle (at simulation time 18.001,400,000 s)
2024-06-03 19:54:37,960 INFO  - Recieve a message from other vehicle (at simulation time 18.001,400,000 s)
2024-06-03 19:54:37,960 INFO  - I'm in better position but no more hops in message (at simulation time 18.001,400,000 s)
2024-06-03 19:54:37,960 INFO  - Recieve a message from other vehicle (at simulation time 18.001,400,000 s)
2024-06-03 19:54:37,960 INFO  - I'm in better position but no more hops in message (at simulation time 18.001,400,000 s)
2024-06-03 19:54:37,962 INFO  - Recieve a message from other vehicle (at simulation time 18.001,900,000 s)
2024-06-03 19:54:37,962 INFO  - I'm in better position but no more hops in message (at simulation time 18.001,900,000 s)
2024-06-03 19:54:37,962 INFO  - Recieve a message from other vehicle (at simulation time 18.002,300,000 s)
2024-06-03 19:54:37,962 INFO  - I'm in better position but no more hops in message (at simulation time 18.002,300,000 s)
2024-06-03 19:54:37,962 INFO  - Recieve a message from other vehicle (at simulation time 18.002,400,000 s)
2024-06-03 19:54:37,962 INFO  - I'm in better position but no more hops in message (at simulation time 18.002,400,000 s)
2024-06-03 19:54:37,962 INFO  - Recieve a message from other vehicle (at simulation time 18.002,400,000 s)
2024-06-03 19:54:37,962 INFO  - I'm in better position but no more hops in message (at simulation time 18.002,400,000 s)
2024-06-03 19:54:37,963 INFO  - Recieve a message from other vehicle (at simulation time 18.002,400,000 s)
2024-06-03 19:54:37,963 INFO  - Recending a message from other vehicle (at simulation time 18.002,400,000 s)
2024-06-03 19:54:37,964 INFO  - Recieve a message from other vehicle (at simulation time 18.003,300,000 s)
2024-06-03 19:54:37,964 INFO  - I'm in better position but no more hops in message (at simulation time 18.003,300,000 s)
2024-06-03 19:54:37,967 INFO  - Called #onVehicleUpdated (at simulation time 19.000,000,000 s)
2024-06-03 19:54:37,970 INFO  - Recieve a message from other vehicle (at simulation time 19.000,400,000 s)
2024-06-03 19:54:37,970 INFO  - I'm in better position but no more hops in message (at simulation time 19.000,400,000 s)
2024-06-03 19:54:37,970 INFO  - Recieve a message from other vehicle (at simulation time 19.000,400,000 s)
2024-06-03 19:54:37,970 INFO  - I'm in better position but no more hops in message (at simulation time 19.000,400,000 s)
2024-06-03 19:54:37,971 INFO  - Recieve a message from other vehicle (at simulation time 19.000,900,000 s)
2024-06-03 19:54:37,971 INFO  - I'm in better position but no more hops in message (at simulation time 19.000,900,000 s)
2024-06-03 19:54:37,971 INFO  - Recieve a message from other vehicle (at simulation time 19.000,900,000 s)
2024-06-03 19:54:37,971 INFO  - Recending a message from other vehicle (at simulation time 19.000,900,000 s)
2024-06-03 19:54:37,971 INFO  - Recieve a message from other vehicle (at simulation time 19.000,900,000 s)
2024-06-03 19:54:37,971 INFO  - I'm in better position but no more hops in message (at simulation time 19.000,900,000 s)
2024-06-03 19:54:37,971 INFO  - Recieve a message from other vehicle (at simulation time 19.001,400,000 s)
2024-06-03 19:54:37,971 INFO  - Recending a message from other vehicle (at simulation time 19.001,400,000 s)
2024-06-03 19:54:37,971 INFO  - Recieve a message from other vehicle (at simulation time 19.001,400,000 s)
2024-06-03 19:54:37,972 INFO  - Recending a message from other vehicle (at simulation time 19.001,400,000 s)
2024-06-03 19:54:37,972 INFO  - Recieve a message from other vehicle (at simulation time 19.001,800,000 s)
2024-06-03 19:54:37,972 INFO  - I'm in better position but no more hops in message (at simulation time 19.001,800,000 s)
2024-06-03 19:54:37,972 INFO  - Recieve a message from other vehicle (at simulation time 19.001,900,000 s)
2024-06-03 19:54:37,972 INFO  - I'm in better position but no more hops in message (at simulation time 19.001,900,000 s)
2024-06-03 19:54:37,972 INFO  - Recieve a message from other vehicle (at simulation time 19.001,900,000 s)
2024-06-03 19:54:37,972 INFO  - I'm in better position but no more hops in message (at simulation time 19.001,900,000 s)
2024-06-03 19:54:37,972 INFO  - Recieve a message from other vehicle (at simulation time 19.002,300,000 s)
2024-06-03 19:54:37,972 INFO  - I'm in better position but no more hops in message (at simulation time 19.002,300,000 s)
2024-06-03 19:54:37,972 INFO  - Recieve a message from other vehicle (at simulation time 19.002,300,000 s)
2024-06-03 19:54:37,972 INFO  - I'm in better position but no more hops in message (at simulation time 19.002,300,000 s)
2024-06-03 19:54:37,973 INFO  - Recieve a message from other vehicle (at simulation time 19.002,400,000 s)
2024-06-03 19:54:37,973 INFO  - I'm in better position but no more hops in message (at simulation time 19.002,400,000 s)
2024-06-03 19:54:37,973 INFO  - Recieve a message from other vehicle (at simulation time 19.002,400,000 s)
2024-06-03 19:54:37,973 INFO  - I'm in better position but no more hops in message (at simulation time 19.002,400,000 s)
2024-06-03 19:54:37,978 INFO  - Called #onVehicleUpdated (at simulation time 20.000,000,000 s)
2024-06-03 19:54:37,979 INFO  - Sending out AdHoc broadcast (at simulation time 20.000,000,000 s)
2024-06-03 19:54:37,980 INFO  - Recieve a message from other vehicle (at simulation time 20.000,400,000 s)
2024-06-03 19:54:37,980 INFO  - I'm in better position but no more hops in message (at simulation time 20.000,400,000 s)
2024-06-03 19:54:37,982 INFO  - Recieve a message from other vehicle (at simulation time 20.001,300,000 s)
2024-06-03 19:54:37,982 INFO  - I'm in better position but no more hops in message (at simulation time 20.001,300,000 s)
2024-06-03 19:54:37,982 INFO  - Recieve a message from other vehicle (at simulation time 20.001,300,000 s)
2024-06-03 19:54:37,982 INFO  - I'm in better position but no more hops in message (at simulation time 20.001,300,000 s)
2024-06-03 19:54:37,982 INFO  - Recieve a message from other vehicle (at simulation time 20.001,400,000 s)
2024-06-03 19:54:37,982 INFO  - I'm in better position but no more hops in message (at simulation time 20.001,400,000 s)
2024-06-03 19:54:37,982 INFO  - Recieve a message from other vehicle (at simulation time 20.001,800,000 s)
2024-06-03 19:54:37,982 INFO  - I'm in better position but no more hops in message (at simulation time 20.001,800,000 s)
2024-06-03 19:54:37,982 INFO  - Recieve a message from other vehicle (at simulation time 20.001,800,000 s)
2024-06-03 19:54:37,982 INFO  - I'm in better position but no more hops in message (at simulation time 20.001,800,000 s)
2024-06-03 19:54:37,982 INFO  - Recieve a message from other vehicle (at simulation time 20.001,900,000 s)
2024-06-03 19:54:37,982 INFO  - I'm in better position but no more hops in message (at simulation time 20.001,900,000 s)
2024-06-03 19:54:37,983 INFO  - Recieve a message from other vehicle (at simulation time 20.001,900,000 s)
2024-06-03 19:54:37,983 INFO  - I'm in better position but no more hops in message (at simulation time 20.001,900,000 s)
2024-06-03 19:54:37,983 INFO  - Recieve a message from other vehicle (at simulation time 20.002,300,000 s)
2024-06-03 19:54:37,983 INFO  - I'm in better position but no more hops in message (at simulation time 20.002,300,000 s)
2024-06-03 19:54:37,984 INFO  - Recieve a message from other vehicle (at simulation time 20.002,400,000 s)
2024-06-03 19:54:37,984 INFO  - I'm in better position but no more hops in message (at simulation time 20.002,400,000 s)
2024-06-03 19:54:37,984 INFO  - Recieve a message from other vehicle (at simulation time 20.002,400,000 s)
2024-06-03 19:54:37,984 INFO  - I'm in better position but no more hops in message (at simulation time 20.002,400,000 s)
2024-06-03 19:54:37,984 INFO  - Recieve a message from other vehicle (at simulation time 20.004,300,000 s)
2024-06-03 19:54:37,984 INFO  - I'm in better position but no more hops in message (at simulation time 20.004,300,000 s)
2024-06-03 19:54:37,986 INFO  - Called #onVehicleUpdated (at simulation time 21.000,000,000 s)
2024-06-03 19:54:37,988 INFO  - Recieve a message from other vehicle (at simulation time 21.000,400,000 s)
2024-06-03 19:54:37,988 INFO  - My position is not better! (at simulation time 21.000,400,000 s)
2024-06-03 19:54:37,988 INFO  - Recieve a message from other vehicle (at simulation time 21.000,900,000 s)
2024-06-03 19:54:37,988 INFO  - Recending a message from other vehicle (at simulation time 21.000,900,000 s)
2024-06-03 19:54:37,988 INFO  - Recieve a message from other vehicle (at simulation time 21.000,900,000 s)
2024-06-03 19:54:37,988 INFO  - My position is not better! (at simulation time 21.000,900,000 s)
2024-06-03 19:54:37,989 INFO  - Recieve a message from other vehicle (at simulation time 21.001,400,000 s)
2024-06-03 19:54:37,989 INFO  - My position is not better! (at simulation time 21.001,400,000 s)
2024-06-03 19:54:37,989 INFO  - Recieve a message from other vehicle (at simulation time 21.001,900,000 s)
2024-06-03 19:54:37,989 INFO  - My position is not better! (at simulation time 21.001,900,000 s)
2024-06-03 19:54:37,989 INFO  - Recieve a message from other vehicle (at simulation time 21.001,900,000 s)
2024-06-03 19:54:37,989 INFO  - My position is not better! (at simulation time 21.001,900,000 s)
2024-06-03 19:54:37,989 INFO  - Recieve a message from other vehicle (at simulation time 21.002,300,000 s)
2024-06-03 19:54:37,989 INFO  - I'm in better position but no more hops in message (at simulation time 21.002,300,000 s)
2024-06-03 19:54:37,989 INFO  - Recieve a message from other vehicle (at simulation time 21.002,400,000 s)
2024-06-03 19:54:37,989 INFO  - I'm in better position but no more hops in message (at simulation time 21.002,400,000 s)
2024-06-03 19:54:37,991 INFO  - Called #onVehicleUpdated (at simulation time 22.000,000,000 s)
2024-06-03 19:54:37,992 INFO  - Sending out AdHoc broadcast (at simulation time 22.000,000,000 s)
2024-06-03 19:54:37,993 INFO  - Recieve a message from other vehicle (at simulation time 22.000,900,000 s)
2024-06-03 19:54:37,993 INFO  - My position is not better! (at simulation time 22.000,900,000 s)
2024-06-03 19:54:37,993 INFO  - Recieve a message from other vehicle (at simulation time 22.000,900,000 s)
2024-06-03 19:54:37,993 INFO  - My position is not better! (at simulation time 22.000,900,000 s)
2024-06-03 19:54:37,993 INFO  - Recieve a message from other vehicle (at simulation time 22.001,400,000 s)
2024-06-03 19:54:37,993 INFO  - My position is not better! (at simulation time 22.001,400,000 s)
2024-06-03 19:54:37,994 INFO  - Recieve a message from other vehicle (at simulation time 22.001,800,000 s)
2024-06-03 19:54:37,994 INFO  - I'm in better position but no more hops in message (at simulation time 22.001,800,000 s)
2024-06-03 19:54:37,994 INFO  - Recieve a message from other vehicle (at simulation time 22.002,300,000 s)
2024-06-03 19:54:37,994 INFO  - I'm in better position but no more hops in message (at simulation time 22.002,300,000 s)
2024-06-03 19:54:37,994 INFO  - Recieve a message from other vehicle (at simulation time 22.002,300,000 s)
2024-06-03 19:54:37,994 INFO  - I'm in better position but no more hops in message (at simulation time 22.002,300,000 s)
2024-06-03 19:54:37,996 INFO  - Recieve a message from other vehicle (at simulation time 22.003,300,000 s)
2024-06-03 19:54:37,996 INFO  - My position is not better! (at simulation time 22.003,300,000 s)
2024-06-03 19:54:37,996 INFO  - Recieve a message from other vehicle (at simulation time 22.003,800,000 s)
2024-06-03 19:54:37,996 INFO  - My position is not better! (at simulation time 22.003,800,000 s)
2024-06-03 19:54:37,996 INFO  - Recieve a message from other vehicle (at simulation time 22.003,800,000 s)
2024-06-03 19:54:37,996 INFO  - My position is not better! (at simulation time 22.003,800,000 s)
2024-06-03 19:54:37,996 INFO  - Recieve a message from other vehicle (at simulation time 22.003,800,000 s)
2024-06-03 19:54:37,996 INFO  - My position is not better! (at simulation time 22.003,800,000 s)
2024-06-03 19:54:37,998 INFO  - Called #onVehicleUpdated (at simulation time 23.000,000,000 s)
2024-06-03 19:54:38,001 INFO  - Recieve a message from other vehicle (at simulation time 23.000,400,000 s)
2024-06-03 19:54:38,001 INFO  - My position is not better! (at simulation time 23.000,400,000 s)
2024-06-03 19:54:38,001 INFO  - Recieve a message from other vehicle (at simulation time 23.000,900,000 s)
2024-06-03 19:54:38,001 INFO  - My position is not better! (at simulation time 23.000,900,000 s)
2024-06-03 19:54:38,001 INFO  - Recieve a message from other vehicle (at simulation time 23.001,400,000 s)
2024-06-03 19:54:38,001 INFO  - My position is not better! (at simulation time 23.001,400,000 s)
2024-06-03 19:54:38,001 INFO  - Recieve a message from other vehicle (at simulation time 23.001,900,000 s)
2024-06-03 19:54:38,001 INFO  - My position is not better! (at simulation time 23.001,900,000 s)
2024-06-03 19:54:38,002 INFO  - Recieve a message from other vehicle (at simulation time 23.002,400,000 s)
2024-06-03 19:54:38,002 INFO  - My position is not better! (at simulation time 23.002,400,000 s)
2024-06-03 19:54:38,002 INFO  - Recieve a message from other vehicle (at simulation time 23.003,300,000 s)
2024-06-03 19:54:38,002 INFO  - I'm in better position but no more hops in message (at simulation time 23.003,300,000 s)
2024-06-03 19:54:38,002 INFO  - Recieve a message from other vehicle (at simulation time 23.004,300,000 s)
2024-06-03 19:54:38,003 INFO  - I'm in better position but no more hops in message (at simulation time 23.004,300,000 s)
2024-06-03 19:54:38,003 INFO  - Recieve a message from other vehicle (at simulation time 23.004,800,000 s)
2024-06-03 19:54:38,003 INFO  - My position is not better! (at simulation time 23.004,800,000 s)
2024-06-03 19:54:38,005 INFO  - Called #onVehicleUpdated (at simulation time 24.000,000,000 s)
2024-06-03 19:54:38,006 INFO  - Sending out AdHoc broadcast (at simulation time 24.000,000,000 s)
2024-06-03 19:54:38,006 INFO  - Recieve a message from other vehicle (at simulation time 24.000,900,000 s)
2024-06-03 19:54:38,006 INFO  - My position is not better! (at simulation time 24.000,900,000 s)
2024-06-03 19:54:38,006 INFO  - Recieve a message from other vehicle (at simulation time 24.000,900,000 s)
2024-06-03 19:54:38,006 INFO  - My position is not better! (at simulation time 24.000,900,000 s)
2024-06-03 19:54:38,006 INFO  - Recieve a message from other vehicle (at simulation time 24.001,400,000 s)
2024-06-03 19:54:38,006 INFO  - My position is not better! (at simulation time 24.001,400,000 s)
2024-06-03 19:54:38,006 INFO  - Recieve a message from other vehicle (at simulation time 24.002,800,000 s)
2024-06-03 19:54:38,006 INFO  - My position is not better! (at simulation time 24.002,800,000 s)
2024-06-03 19:54:38,010 INFO  - Called #onVehicleUpdated (at simulation time 25.000,000,000 s)
2024-06-03 19:54:38,014 INFO  - Called #onVehicleUpdated (at simulation time 26.000,000,000 s)
2024-06-03 19:54:38,015 INFO  - Sending out AdHoc broadcast (at simulation time 26.000,000,000 s)
2024-06-03 19:54:38,019 INFO  - Called #onVehicleUpdated (at simulation time 27.000,000,000 s)
2024-06-03 19:54:38,023 INFO  - Called #onVehicleUpdated (at simulation time 28.000,000,000 s)
2024-06-03 19:54:38,024 INFO  - Sending out AdHoc broadcast (at simulation time 28.000,000,000 s)
2024-06-03 19:54:38,026 INFO  - Called #onVehicleUpdated (at simulation time 29.000,000,000 s)
2024-06-03 19:54:38,031 INFO  - Shutdown (at simulation time 30.000,000,000 s)
