2024-06-03 19:15:00,768 INFO  - Initialize Vehicle application (at simulation time 150.000,000,000 s)
2024-06-03 19:15:00,769 INFO  - Activated WLAN Module (at simulation time 150.000,000,000 s)
2024-06-03 19:15:00,769 INFO  - Called #onVehicleUpdated (at simulation time 150.000,000,000 s)
2024-06-03 19:15:00,769 INFO  - Exced velocity! Sending new CAM (at simulation time 150.000,000,000 s)
2024-06-03 19:15:00,769 INFO  - Sending out AdHoc broadcast (at simulation time 150.000,000,000 s)
2024-06-03 19:15:00,774 INFO  - Called #onVehicleUpdated (at simulation time 151.000,000,000 s)
2024-06-03 19:15:00,775 INFO  - Exced velocity! Sending new CAM (at simulation time 151.000,000,000 s)
2024-06-03 19:15:00,775 INFO  - Sending out AdHoc broadcast (at simulation time 151.000,000,000 s)
2024-06-03 19:15:00,775 INFO  - Define the name: veh_29 and route: r_5 (at simulation time 151.000,000,000 s)
2024-06-03 19:15:00,775 INFO  - Sending out AdHoc broadcast (at simulation time 151.000,000,000 s)
2024-06-03 19:15:00,777 INFO  - Called #onVehicleUpdated (at simulation time 152.000,000,000 s)
2024-06-03 19:15:00,777 INFO  - Exced velocity! Sending new CAM (at simulation time 152.000,000,000 s)
2024-06-03 19:15:00,777 INFO  - Sending out AdHoc broadcast (at simulation time 152.000,000,000 s)
2024-06-03 19:15:00,777 INFO  - Sending out AdHoc broadcast (at simulation time 152.000,000,000 s)
2024-06-03 19:15:00,780 INFO  - Called #onVehicleUpdated (at simulation time 153.000,000,000 s)
2024-06-03 19:15:00,780 INFO  - Exced velocity! Sending new CAM (at simulation time 153.000,000,000 s)
2024-06-03 19:15:00,780 INFO  - Sending out AdHoc broadcast (at simulation time 153.000,000,000 s)
2024-06-03 19:15:00,780 INFO  - Sending out AdHoc broadcast (at simulation time 153.000,000,000 s)
2024-06-03 19:15:00,780 INFO  - Sending out AdHoc broadcast (at simulation time 153.000,000,000 s)
2024-06-03 19:15:00,782 INFO  - Called #onVehicleUpdated (at simulation time 154.000,000,000 s)
2024-06-03 19:15:00,782 INFO  - Exced velocity! Sending new CAM (at simulation time 154.000,000,000 s)
2024-06-03 19:15:00,782 INFO  - Sending out AdHoc broadcast (at simulation time 154.000,000,000 s)
2024-06-03 19:15:00,782 INFO  - Sending out AdHoc broadcast (at simulation time 154.000,000,000 s)
2024-06-03 19:15:00,782 INFO  - Sending out AdHoc broadcast (at simulation time 154.000,000,000 s)
2024-06-03 19:15:00,787 INFO  - Called #onVehicleUpdated (at simulation time 155.000,000,000 s)
2024-06-03 19:15:00,787 INFO  - Exced velocity! Sending new CAM (at simulation time 155.000,000,000 s)
2024-06-03 19:15:00,787 INFO  - Sending out AdHoc broadcast (at simulation time 155.000,000,000 s)
2024-06-03 19:15:00,787 INFO  - Sending out AdHoc broadcast (at simulation time 155.000,000,000 s)
2024-06-03 19:15:00,787 INFO  - Sending out AdHoc broadcast (at simulation time 155.000,000,000 s)
2024-06-03 19:15:00,787 INFO  - Sending out AdHoc broadcast (at simulation time 155.000,000,000 s)
2024-06-03 19:15:00,788 INFO  - Recieve a message from other vehicle (at simulation time 155.000,400,000 s)
2024-06-03 19:15:00,788 INFO  - My position is not better! (at simulation time 155.000,400,000 s)
2024-06-03 19:15:00,788 INFO  - Recieve a message from other vehicle (at simulation time 155.000,900,000 s)
2024-06-03 19:15:00,788 INFO  - My position is not better! (at simulation time 155.000,900,000 s)
2024-06-03 19:15:00,788 INFO  - Recieve a message from other vehicle (at simulation time 155.001,300,000 s)
2024-06-03 19:15:00,788 INFO  - My position is not better! (at simulation time 155.001,300,000 s)
2024-06-03 19:15:00,789 INFO  - Recieve a message from other vehicle (at simulation time 155.001,900,000 s)
2024-06-03 19:15:00,789 INFO  - My position is not better! (at simulation time 155.001,900,000 s)
2024-06-03 19:15:00,789 INFO  - Recieve a message from other vehicle (at simulation time 155.002,800,000 s)
2024-06-03 19:15:00,789 INFO  - My position is not better! (at simulation time 155.002,800,000 s)
2024-06-03 19:15:00,789 INFO  - Recieve a message from other vehicle (at simulation time 155.003,300,000 s)
2024-06-03 19:15:00,789 INFO  - My position is not better! (at simulation time 155.003,300,000 s)
2024-06-03 19:15:00,789 INFO  - Recieve a message from other vehicle (at simulation time 155.003,800,000 s)
2024-06-03 19:15:00,789 INFO  - My position is not better! (at simulation time 155.003,800,000 s)
2024-06-03 19:15:00,791 INFO  - Called #onVehicleUpdated (at simulation time 156.000,000,000 s)
2024-06-03 19:15:00,791 INFO  - Sending out AdHoc broadcast (at simulation time 156.000,000,000 s)
2024-06-03 19:15:00,791 INFO  - Sending out AdHoc broadcast (at simulation time 156.000,000,000 s)
2024-06-03 19:15:00,791 INFO  - Sending out AdHoc broadcast (at simulation time 156.000,000,000 s)
2024-06-03 19:15:00,791 INFO  - Recieve a message from other vehicle (at simulation time 156.000,400,000 s)
2024-06-03 19:15:00,791 INFO  - My position is not better! (at simulation time 156.000,400,000 s)
2024-06-03 19:15:00,792 INFO  - Recieve a message from other vehicle (at simulation time 156.000,400,000 s)
2024-06-03 19:15:00,792 INFO  - My position is not better! (at simulation time 156.000,400,000 s)
2024-06-03 19:15:00,792 INFO  - Recieve a message from other vehicle (at simulation time 156.000,800,000 s)
2024-06-03 19:15:00,792 INFO  - I'm in better position but no more hops in message (at simulation time 156.000,800,000 s)
2024-06-03 19:15:00,792 INFO  - Recieve a message from other vehicle (at simulation time 156.000,900,000 s)
2024-06-03 19:15:00,792 INFO  - My position is not better! (at simulation time 156.000,900,000 s)
2024-06-03 19:15:00,792 INFO  - Recieve a message from other vehicle (at simulation time 156.001,300,000 s)
2024-06-03 19:15:00,792 INFO  - I'm in better position but no more hops in message (at simulation time 156.001,300,000 s)
2024-06-03 19:15:00,792 INFO  - Recieve a message from other vehicle (at simulation time 156.001,400,000 s)
2024-06-03 19:15:00,792 INFO  - I'm in better position but no more hops in message (at simulation time 156.001,400,000 s)
2024-06-03 19:15:00,792 INFO  - Recieve a message from other vehicle (at simulation time 156.001,400,000 s)
2024-06-03 19:15:00,792 INFO  - My position is not better! (at simulation time 156.001,400,000 s)
2024-06-03 19:15:00,792 INFO  - Recieve a message from other vehicle (at simulation time 156.001,400,000 s)
2024-06-03 19:15:00,792 INFO  - My position is not better! (at simulation time 156.001,400,000 s)
2024-06-03 19:15:00,793 INFO  - Recieve a message from other vehicle (at simulation time 156.001,800,000 s)
2024-06-03 19:15:00,793 INFO  - I'm in better position but no more hops in message (at simulation time 156.001,800,000 s)
2024-06-03 19:15:00,793 INFO  - Recieve a message from other vehicle (at simulation time 156.001,800,000 s)
2024-06-03 19:15:00,793 INFO  - I'm in better position but no more hops in message (at simulation time 156.001,800,000 s)
2024-06-03 19:15:00,793 INFO  - Recieve a message from other vehicle (at simulation time 156.001,900,000 s)
2024-06-03 19:15:00,793 INFO  - I'm in better position but no more hops in message (at simulation time 156.001,900,000 s)
2024-06-03 19:15:00,793 INFO  - Recieve a message from other vehicle (at simulation time 156.002,300,000 s)
2024-06-03 19:15:00,793 INFO  - My position is not better! (at simulation time 156.002,300,000 s)
2024-06-03 19:15:00,794 INFO  - Recieve a message from other vehicle (at simulation time 156.002,400,000 s)
2024-06-03 19:15:00,794 INFO  - My position is not better! (at simulation time 156.002,400,000 s)
2024-06-03 19:15:00,794 INFO  - Recieve a message from other vehicle (at simulation time 156.002,400,000 s)
2024-06-03 19:15:00,794 INFO  - My position is not better! (at simulation time 156.002,400,000 s)
2024-06-03 19:15:00,794 INFO  - Recieve a message from other vehicle (at simulation time 156.002,400,000 s)
2024-06-03 19:15:00,794 INFO  - My position is not better! (at simulation time 156.002,400,000 s)
2024-06-03 19:15:00,794 INFO  - Recieve a message from other vehicle (at simulation time 156.002,800,000 s)
2024-06-03 19:15:00,794 INFO  - My position is not better! (at simulation time 156.002,800,000 s)
2024-06-03 19:15:00,794 INFO  - Recieve a message from other vehicle (at simulation time 156.003,300,000 s)
2024-06-03 19:15:00,794 INFO  - I'm in better position but no more hops in message (at simulation time 156.003,300,000 s)
2024-06-03 19:15:00,794 INFO  - Recieve a message from other vehicle (at simulation time 156.003,300,000 s)
2024-06-03 19:15:00,794 INFO  - My position is not better! (at simulation time 156.003,300,000 s)
2024-06-03 19:15:00,795 INFO  - Recieve a message from other vehicle (at simulation time 156.003,800,000 s)
2024-06-03 19:15:00,795 INFO  - I'm in better position but no more hops in message (at simulation time 156.003,800,000 s)
2024-06-03 19:15:00,896 INFO  - Called #onVehicleUpdated (at simulation time 157.000,000,000 s)
2024-06-03 19:15:00,896 INFO  - Sending out AdHoc broadcast (at simulation time 157.000,000,000 s)
2024-06-03 19:15:00,896 INFO  - Sending out AdHoc broadcast (at simulation time 157.000,000,000 s)
2024-06-03 19:15:00,896 INFO  - Sending out AdHoc broadcast (at simulation time 157.000,000,000 s)
2024-06-03 19:15:00,896 INFO  - Sending out AdHoc broadcast (at simulation time 157.000,000,000 s)
2024-06-03 19:15:00,897 INFO  - Recieve a message from other vehicle (at simulation time 157.000,400,000 s)
2024-06-03 19:15:00,897 INFO  - I'm in better position but no more hops in message (at simulation time 157.000,400,000 s)
2024-06-03 19:15:00,897 INFO  - Recieve a message from other vehicle (at simulation time 157.000,400,000 s)
2024-06-03 19:15:00,897 INFO  - My position is not better! (at simulation time 157.000,400,000 s)
2024-06-03 19:15:00,897 INFO  - Recieve a message from other vehicle (at simulation time 157.000,400,000 s)
2024-06-03 19:15:00,897 INFO  - My position is not better! (at simulation time 157.000,400,000 s)
2024-06-03 19:15:00,897 INFO  - Recieve a message from other vehicle (at simulation time 157.000,800,000 s)
2024-06-03 19:15:00,898 INFO  - I'm in better position but no more hops in message (at simulation time 157.000,800,000 s)
2024-06-03 19:15:00,898 INFO  - Recieve a message from other vehicle (at simulation time 157.000,900,000 s)
2024-06-03 19:15:00,898 INFO  - My position is not better! (at simulation time 157.000,900,000 s)
2024-06-03 19:15:00,898 INFO  - Recieve a message from other vehicle (at simulation time 157.001,300,000 s)
2024-06-03 19:15:00,898 INFO  - My position is not better! (at simulation time 157.001,300,000 s)
2024-06-03 19:15:00,898 INFO  - Recieve a message from other vehicle (at simulation time 157.001,400,000 s)
2024-06-03 19:15:00,898 INFO  - I'm in better position but no more hops in message (at simulation time 157.001,400,000 s)
2024-06-03 19:15:00,898 INFO  - Recieve a message from other vehicle (at simulation time 157.001,400,000 s)
2024-06-03 19:15:00,898 INFO  - My position is not better! (at simulation time 157.001,400,000 s)
2024-06-03 19:15:00,898 INFO  - Recieve a message from other vehicle (at simulation time 157.001,400,000 s)
2024-06-03 19:15:00,898 INFO  - My position is not better! (at simulation time 157.001,400,000 s)
2024-06-03 19:15:00,898 INFO  - Recieve a message from other vehicle (at simulation time 157.001,400,000 s)
2024-06-03 19:15:00,898 INFO  - I'm in better position but no more hops in message (at simulation time 157.001,400,000 s)
2024-06-03 19:15:00,898 INFO  - Recieve a message from other vehicle (at simulation time 157.001,400,000 s)
2024-06-03 19:15:00,898 INFO  - I'm in better position but no more hops in message (at simulation time 157.001,400,000 s)
2024-06-03 19:15:00,899 INFO  - Recieve a message from other vehicle (at simulation time 157.001,800,000 s)
2024-06-03 19:15:00,899 INFO  - My position is not better! (at simulation time 157.001,800,000 s)
2024-06-03 19:15:00,899 INFO  - Recieve a message from other vehicle (at simulation time 157.001,800,000 s)
2024-06-03 19:15:00,899 INFO  - My position is not better! (at simulation time 157.001,800,000 s)
2024-06-03 19:15:00,899 INFO  - Recieve a message from other vehicle (at simulation time 157.001,800,000 s)
2024-06-03 19:15:00,899 INFO  - My position is not better! (at simulation time 157.001,800,000 s)
2024-06-03 19:15:00,899 INFO  - Recieve a message from other vehicle (at simulation time 157.001,900,000 s)
2024-06-03 19:15:00,899 INFO  - My position is not better! (at simulation time 157.001,900,000 s)
2024-06-03 19:15:00,900 INFO  - Recieve a message from other vehicle (at simulation time 157.002,800,000 s)
2024-06-03 19:15:00,900 INFO  - I'm in better position but no more hops in message (at simulation time 157.002,800,000 s)
2024-06-03 19:15:00,900 INFO  - Recieve a message from other vehicle (at simulation time 157.002,800,000 s)
2024-06-03 19:15:00,900 INFO  - I'm in better position but no more hops in message (at simulation time 157.002,800,000 s)
2024-06-03 19:15:00,900 INFO  - Recieve a message from other vehicle (at simulation time 157.002,800,000 s)
2024-06-03 19:15:00,900 INFO  - I'm in better position but no more hops in message (at simulation time 157.002,800,000 s)
2024-06-03 19:15:00,900 INFO  - Recieve a message from other vehicle (at simulation time 157.002,800,000 s)
2024-06-03 19:15:00,900 INFO  - My position is not better! (at simulation time 157.002,800,000 s)
2024-06-03 19:15:00,900 INFO  - Recieve a message from other vehicle (at simulation time 157.002,800,000 s)
2024-06-03 19:15:00,900 INFO  - My position is not better! (at simulation time 157.002,800,000 s)
2024-06-03 19:15:00,900 INFO  - Recieve a message from RSU (at simulation time 157.418,915,015 s)
2024-06-03 19:15:00,900 INFO  - RSU Stopped me!!! (at simulation time 157.418,915,015 s)
2024-06-03 19:15:00,901 INFO  - Recieve a message from RSU (at simulation time 157.434,296,811 s)
2024-06-03 19:15:00,903 INFO  - Called #onVehicleUpdated (at simulation time 158.000,000,000 s)
2024-06-03 19:15:00,903 INFO  - Sending out AdHoc broadcast (at simulation time 158.000,000,000 s)
2024-06-03 19:15:00,903 INFO  - Sending out AdHoc broadcast (at simulation time 158.000,000,000 s)
2024-06-03 19:15:00,903 INFO  - Sending out AdHoc broadcast (at simulation time 158.000,000,000 s)
2024-06-03 19:15:00,905 INFO  - Recieve a message from other vehicle (at simulation time 158.000,400,000 s)
2024-06-03 19:15:00,905 INFO  - My position is not better! (at simulation time 158.000,400,000 s)
2024-06-03 19:15:00,905 INFO  - Recieve a message from other vehicle (at simulation time 158.000,400,000 s)
2024-06-03 19:15:00,905 INFO  - I'm in better position but no more hops in message (at simulation time 158.000,400,000 s)
2024-06-03 19:15:00,906 INFO  - Recieve a message from other vehicle (at simulation time 158.000,400,000 s)
2024-06-03 19:15:00,906 INFO  - My position is not better! (at simulation time 158.000,400,000 s)
2024-06-03 19:15:00,906 INFO  - Recieve a message from other vehicle (at simulation time 158.000,400,000 s)
2024-06-03 19:15:00,907 INFO  - I'm in better position but no more hops in message (at simulation time 158.000,400,000 s)
2024-06-03 19:15:00,907 INFO  - Recieve a message from other vehicle (at simulation time 158.000,800,000 s)
2024-06-03 19:15:00,907 INFO  - My position is not better! (at simulation time 158.000,800,000 s)
2024-06-03 19:15:00,907 INFO  - Recieve a message from other vehicle (at simulation time 158.000,900,000 s)
2024-06-03 19:15:00,907 INFO  - I'm in better position but no more hops in message (at simulation time 158.000,900,000 s)
2024-06-03 19:15:00,907 INFO  - Recieve a message from other vehicle (at simulation time 158.000,900,000 s)
2024-06-03 19:15:00,907 INFO  - I'm in better position but no more hops in message (at simulation time 158.000,900,000 s)
2024-06-03 19:15:00,907 INFO  - Recieve a message from other vehicle (at simulation time 158.000,900,000 s)
2024-06-03 19:15:00,907 INFO  - I'm in better position but no more hops in message (at simulation time 158.000,900,000 s)
2024-06-03 19:15:00,907 INFO  - Recieve a message from other vehicle (at simulation time 158.000,900,000 s)
2024-06-03 19:15:00,907 INFO  - My position is not better! (at simulation time 158.000,900,000 s)
2024-06-03 19:15:00,907 INFO  - Recieve a message from other vehicle (at simulation time 158.000,900,000 s)
2024-06-03 19:15:00,907 INFO  - I'm in better position but no more hops in message (at simulation time 158.000,900,000 s)
2024-06-03 19:15:00,908 INFO  - Recieve a message from other vehicle (at simulation time 158.001,400,000 s)
2024-06-03 19:15:00,908 INFO  - I'm in better position but no more hops in message (at simulation time 158.001,400,000 s)
2024-06-03 19:15:00,908 INFO  - Recieve a message from other vehicle (at simulation time 158.001,400,000 s)
2024-06-03 19:15:00,908 INFO  - I'm in better position but no more hops in message (at simulation time 158.001,400,000 s)
2024-06-03 19:15:00,908 INFO  - Recieve a message from other vehicle (at simulation time 158.001,800,000 s)
2024-06-03 19:15:00,908 INFO  - My position is not better! (at simulation time 158.001,800,000 s)
2024-06-03 19:15:00,909 INFO  - Recieve a message from other vehicle (at simulation time 158.001,900,000 s)
2024-06-03 19:15:00,909 INFO  - I'm in better position but no more hops in message (at simulation time 158.001,900,000 s)
2024-06-03 19:15:00,909 INFO  - Recieve a message from other vehicle (at simulation time 158.001,900,000 s)
2024-06-03 19:15:00,909 INFO  - My position is not better! (at simulation time 158.001,900,000 s)
2024-06-03 19:15:00,909 INFO  - Recieve a message from other vehicle (at simulation time 158.002,300,000 s)
2024-06-03 19:15:00,909 INFO  - I'm in better position but no more hops in message (at simulation time 158.002,300,000 s)
2024-06-03 19:15:00,909 INFO  - Recieve a message from other vehicle (at simulation time 158.002,400,000 s)
2024-06-03 19:15:00,909 INFO  - My position is not better! (at simulation time 158.002,400,000 s)
2024-06-03 19:15:00,909 INFO  - Recieve a message from other vehicle (at simulation time 158.002,400,000 s)
2024-06-03 19:15:00,909 INFO  - I'm in better position but no more hops in message (at simulation time 158.002,400,000 s)
2024-06-03 19:15:00,910 INFO  - Recieve a message from RSU (at simulation time 158.113,298,430 s)
2024-06-03 19:15:00,910 INFO  - Recieve a message from RSU (at simulation time 158.131,909,722 s)
2024-06-03 19:15:00,910 INFO  - Recieve a message from RSU (at simulation time 158.815,365,083 s)
2024-06-03 19:15:00,910 INFO  - Recieve a message from RSU (at simulation time 158.817,166,983 s)
2024-06-03 19:15:00,912 INFO  - Called #onVehicleUpdated (at simulation time 159.000,000,000 s)
2024-06-03 19:15:00,912 INFO  - Sending out DENM broadcast (at simulation time 159.000,000,000 s)
2024-06-03 19:15:00,912 INFO  - Sending out AdHoc broadcast (at simulation time 159.000,000,000 s)
2024-06-03 19:15:00,912 INFO  - Sending out AdHoc broadcast (at simulation time 159.000,000,000 s)
2024-06-03 19:15:00,912 INFO  - Sending out AdHoc broadcast (at simulation time 159.000,000,000 s)
2024-06-03 19:15:00,912 INFO  - Sending out AdHoc broadcast (at simulation time 159.000,000,000 s)
2024-06-03 19:15:00,913 INFO  - Recieve a message from other vehicle (at simulation time 159.000,400,000 s)
2024-06-03 19:15:00,913 INFO  - My position is not better! (at simulation time 159.000,400,000 s)
2024-06-03 19:15:00,913 INFO  - Recieve a message from other vehicle (at simulation time 159.000,400,000 s)
2024-06-03 19:15:00,913 INFO  - My position is not better! (at simulation time 159.000,400,000 s)
2024-06-03 19:15:00,913 INFO  - Recieve a message from other vehicle (at simulation time 159.000,400,000 s)
2024-06-03 19:15:00,913 INFO  - I'm in better position but no more hops in message (at simulation time 159.000,400,000 s)
2024-06-03 19:15:00,914 INFO  - Recieve a message from other vehicle (at simulation time 159.000,900,000 s)
2024-06-03 19:15:00,914 INFO  - My position is not better! (at simulation time 159.000,900,000 s)
2024-06-03 19:15:00,914 INFO  - Recieve a message from other vehicle (at simulation time 159.000,900,000 s)
2024-06-03 19:15:00,914 INFO  - I'm in better position but no more hops in message (at simulation time 159.000,900,000 s)
2024-06-03 19:15:00,914 INFO  - Recieve a message from other vehicle (at simulation time 159.000,900,000 s)
2024-06-03 19:15:00,914 INFO  - I'm in better position but no more hops in message (at simulation time 159.000,900,000 s)
2024-06-03 19:15:00,914 INFO  - Recieve a message from other vehicle (at simulation time 159.000,900,000 s)
2024-06-03 19:15:00,914 INFO  - My position is not better! (at simulation time 159.000,900,000 s)
2024-06-03 19:15:00,915 INFO  - Recieve a message from other vehicle (at simulation time 159.001,300,000 s)
2024-06-03 19:15:00,915 INFO  - DENM message Recived from veh_27 -info : piso-molhado (at simulation time 159.001,300,000 s)
2024-06-03 19:15:00,915 INFO  - I slow down due to road state (at simulation time 159.001,300,000 s)
2024-06-03 19:15:00,915 INFO  - No more hops in DENM message (at simulation time 159.001,300,000 s)
2024-06-03 19:15:00,915 INFO  - Recieve a message from other vehicle (at simulation time 159.001,400,000 s)
2024-06-03 19:15:00,915 INFO  - DENM message Recived from veh_24 -info : seco (at simulation time 159.001,400,000 s)
2024-06-03 19:15:00,915 INFO  - No more hops in DENM message (at simulation time 159.001,400,000 s)
2024-06-03 19:15:00,915 INFO  - Recieve a message from other vehicle (at simulation time 159.001,400,000 s)
2024-06-03 19:15:00,915 INFO  - I'm in better position but no more hops in message (at simulation time 159.001,400,000 s)
2024-06-03 19:15:00,916 INFO  - Recieve a message from other vehicle (at simulation time 159.001,400,000 s)
2024-06-03 19:15:00,916 INFO  - I'm in better position but no more hops in message (at simulation time 159.001,400,000 s)
2024-06-03 19:15:00,917 INFO  - Recieve a message from other vehicle (at simulation time 159.001,900,000 s)
2024-06-03 19:15:00,917 INFO  - I'm in better position but no more hops in message (at simulation time 159.001,900,000 s)
2024-06-03 19:15:00,917 INFO  - Recieve a message from other vehicle (at simulation time 159.001,900,000 s)
2024-06-03 19:15:00,917 INFO  - My position is not better! (at simulation time 159.001,900,000 s)
2024-06-03 19:15:00,917 INFO  - Recieve a message from other vehicle (at simulation time 159.001,900,000 s)
2024-06-03 19:15:00,917 INFO  - My position is not better! (at simulation time 159.001,900,000 s)
2024-06-03 19:15:00,918 INFO  - Recieve a message from other vehicle (at simulation time 159.002,300,000 s)
2024-06-03 19:15:00,918 INFO  - DENM message Recived from veh_29 -info : seco (at simulation time 159.002,300,000 s)
2024-06-03 19:15:00,918 INFO  - No more hops in DENM message (at simulation time 159.002,300,000 s)
2024-06-03 19:15:00,920 INFO  - Recieve a message from other vehicle (at simulation time 159.002,400,000 s)
2024-06-03 19:15:00,920 INFO  - DENM message Recived from veh_27 -info : piso-molhado (at simulation time 159.002,400,000 s)
2024-06-03 19:15:00,920 INFO  - I slow down due to road state (at simulation time 159.002,400,000 s)
2024-06-03 19:15:00,920 INFO  - No more hops in DENM message (at simulation time 159.002,400,000 s)
2024-06-03 19:15:00,921 INFO  - Recieve a message from other vehicle (at simulation time 159.002,400,000 s)
2024-06-03 19:15:00,921 INFO  - I'm in better position but no more hops in message (at simulation time 159.002,400,000 s)
2024-06-03 19:15:00,922 INFO  - Recieve a message from other vehicle (at simulation time 159.002,800,000 s)
2024-06-03 19:15:00,922 INFO  - DENM message Recived from veh_24 -info : seco (at simulation time 159.002,800,000 s)
2024-06-03 19:15:00,922 INFO  - No more hops in DENM message (at simulation time 159.002,800,000 s)
2024-06-03 19:15:00,924 INFO  - Recieve a message from RSU (at simulation time 159.513,285,473 s)
2024-06-03 19:15:00,924 INFO  - Recieve a message from RSU (at simulation time 159.573,839,215 s)
2024-06-03 19:15:00,926 INFO  - Called #onVehicleUpdated (at simulation time 160.000,000,000 s)
2024-06-03 19:15:00,927 INFO  - Sending out AdHoc broadcast (at simulation time 160.000,000,000 s)
2024-06-03 19:15:00,927 INFO  - Sending out AdHoc broadcast (at simulation time 160.000,000,000 s)
2024-06-03 19:15:00,927 INFO  - Sending out AdHoc broadcast (at simulation time 160.000,000,000 s)
2024-06-03 19:15:00,928 INFO  - Recieve a message from other vehicle (at simulation time 160.000,400,000 s)
2024-06-03 19:15:00,928 INFO  - I'm in better position but no more hops in message (at simulation time 160.000,400,000 s)
2024-06-03 19:15:00,928 INFO  - Recieve a message from other vehicle (at simulation time 160.000,400,000 s)
2024-06-03 19:15:00,928 INFO  - I'm in better position but no more hops in message (at simulation time 160.000,400,000 s)
2024-06-03 19:15:00,928 INFO  - Recieve a message from other vehicle (at simulation time 160.000,400,000 s)
2024-06-03 19:15:00,928 INFO  - I'm in better position but no more hops in message (at simulation time 160.000,400,000 s)
2024-06-03 19:15:00,928 INFO  - Recieve a message from other vehicle (at simulation time 160.000,900,000 s)
2024-06-03 19:15:00,928 INFO  - I'm in better position but no more hops in message (at simulation time 160.000,900,000 s)
2024-06-03 19:15:00,928 INFO  - Recieve a message from other vehicle (at simulation time 160.000,900,000 s)
2024-06-03 19:15:00,928 INFO  - I'm in better position but no more hops in message (at simulation time 160.000,900,000 s)
2024-06-03 19:15:00,928 INFO  - Recieve a message from other vehicle (at simulation time 160.000,900,000 s)
2024-06-03 19:15:00,928 INFO  - My position is not better! (at simulation time 160.000,900,000 s)
2024-06-03 19:15:00,929 INFO  - Recieve a message from other vehicle (at simulation time 160.000,900,000 s)
2024-06-03 19:15:00,929 INFO  - I'm in better position but no more hops in message (at simulation time 160.000,900,000 s)
2024-06-03 19:15:00,929 INFO  - Recieve a message from other vehicle (at simulation time 160.001,400,000 s)
2024-06-03 19:15:00,929 INFO  - DENM message Recived from veh_28 -info : seco (at simulation time 160.001,400,000 s)
2024-06-03 19:15:00,929 INFO  - No more hops in DENM message (at simulation time 160.001,400,000 s)
2024-06-03 19:15:00,929 INFO  - Recieve a message from other vehicle (at simulation time 160.001,400,000 s)
2024-06-03 19:15:00,929 INFO  - My position is not better! (at simulation time 160.001,400,000 s)
2024-06-03 19:15:00,929 INFO  - Recieve a message from other vehicle (at simulation time 160.001,400,000 s)
2024-06-03 19:15:00,929 INFO  - My position is not better! (at simulation time 160.001,400,000 s)
2024-06-03 19:15:00,930 INFO  - Recieve a message from other vehicle (at simulation time 160.001,900,000 s)
2024-06-03 19:15:00,930 INFO  - I'm in better position but no more hops in message (at simulation time 160.001,900,000 s)
2024-06-03 19:15:00,930 INFO  - Recieve a message from other vehicle (at simulation time 160.001,900,000 s)
2024-06-03 19:15:00,930 INFO  - I'm in better position but no more hops in message (at simulation time 160.001,900,000 s)
2024-06-03 19:15:00,930 INFO  - Recieve a message from other vehicle (at simulation time 160.001,900,000 s)
2024-06-03 19:15:00,930 INFO  - I'm in better position but no more hops in message (at simulation time 160.001,900,000 s)
2024-06-03 19:15:00,930 INFO  - Recieve a message from other vehicle (at simulation time 160.001,900,000 s)
2024-06-03 19:15:00,930 INFO  - I'm in better position but no more hops in message (at simulation time 160.001,900,000 s)
2024-06-03 19:15:00,930 INFO  - Recieve a message from other vehicle (at simulation time 160.001,900,000 s)
2024-06-03 19:15:00,930 INFO  - My position is not better! (at simulation time 160.001,900,000 s)
2024-06-03 19:15:00,930 INFO  - Recieve a message from other vehicle (at simulation time 160.001,900,000 s)
2024-06-03 19:15:00,930 INFO  - My position is not better! (at simulation time 160.001,900,000 s)
2024-06-03 19:15:00,930 INFO  - Recieve a message from other vehicle (at simulation time 160.002,300,000 s)
2024-06-03 19:15:00,930 INFO  - DENM message Recived from veh_28 -info : seco (at simulation time 160.002,300,000 s)
2024-06-03 19:15:00,930 INFO  - No more hops in DENM message (at simulation time 160.002,300,000 s)
2024-06-03 19:15:00,931 INFO  - Recieve a message from RSU (at simulation time 160.217,392,473 s)
2024-06-03 19:15:00,931 INFO  - Recieve a message from RSU (at simulation time 160.219,450,892 s)
2024-06-03 19:15:00,931 INFO  - Recieve a message from RSU (at simulation time 160.919,148,842 s)
2024-06-03 19:15:00,931 INFO  - Recieve a message from RSU (at simulation time 160.936,722,952 s)
2024-06-03 19:15:00,933 INFO  - Called #onVehicleUpdated (at simulation time 161.000,000,000 s)
2024-06-03 19:15:00,933 INFO  - Sending out AdHoc broadcast (at simulation time 161.000,000,000 s)
2024-06-03 19:15:00,933 INFO  - Sending out AdHoc broadcast (at simulation time 161.000,000,000 s)
2024-06-03 19:15:00,933 INFO  - Sending out AdHoc broadcast (at simulation time 161.000,000,000 s)
2024-06-03 19:15:00,933 INFO  - Sending out AdHoc broadcast (at simulation time 161.000,000,000 s)
2024-06-03 19:15:00,934 INFO  - Recieve a message from other vehicle (at simulation time 161.000,400,000 s)
2024-06-03 19:15:00,934 INFO  - My position is not better! (at simulation time 161.000,400,000 s)
2024-06-03 19:15:00,935 INFO  - Recieve a message from other vehicle (at simulation time 161.000,400,000 s)
2024-06-03 19:15:00,935 INFO  - I'm in better position but no more hops in message (at simulation time 161.000,400,000 s)
2024-06-03 19:15:00,935 INFO  - Recieve a message from other vehicle (at simulation time 161.000,400,000 s)
2024-06-03 19:15:00,935 INFO  - My position is not better! (at simulation time 161.000,400,000 s)
2024-06-03 19:15:00,935 INFO  - Recieve a message from other vehicle (at simulation time 161.000,400,000 s)
2024-06-03 19:15:00,935 INFO  - I'm in better position but no more hops in message (at simulation time 161.000,400,000 s)
2024-06-03 19:15:00,935 INFO  - Recieve a message from other vehicle (at simulation time 161.000,900,000 s)
2024-06-03 19:15:00,935 INFO  - My position is not better! (at simulation time 161.000,900,000 s)
2024-06-03 19:15:00,935 INFO  - Recieve a message from other vehicle (at simulation time 161.000,900,000 s)
2024-06-03 19:15:00,935 INFO  - I'm in better position but no more hops in message (at simulation time 161.000,900,000 s)
2024-06-03 19:15:00,935 INFO  - Recieve a message from other vehicle (at simulation time 161.001,400,000 s)
2024-06-03 19:15:00,935 INFO  - I'm in better position but no more hops in message (at simulation time 161.001,400,000 s)
2024-06-03 19:15:00,935 INFO  - Recieve a message from other vehicle (at simulation time 161.001,400,000 s)
2024-06-03 19:15:00,935 INFO  - I'm in better position but no more hops in message (at simulation time 161.001,400,000 s)
2024-06-03 19:15:00,935 INFO  - Recieve a message from other vehicle (at simulation time 161.001,400,000 s)
2024-06-03 19:15:00,935 INFO  - My position is not better! (at simulation time 161.001,400,000 s)
2024-06-03 19:15:00,935 INFO  - Recieve a message from other vehicle (at simulation time 161.001,400,000 s)
2024-06-03 19:15:00,935 INFO  - My position is not better! (at simulation time 161.001,400,000 s)
2024-06-03 19:15:00,936 INFO  - Recieve a message from other vehicle (at simulation time 161.001,900,000 s)
2024-06-03 19:15:00,936 INFO  - I'm in better position but no more hops in message (at simulation time 161.001,900,000 s)
2024-06-03 19:15:00,936 INFO  - Recieve a message from other vehicle (at simulation time 161.001,900,000 s)
2024-06-03 19:15:00,936 INFO  - I'm in better position but no more hops in message (at simulation time 161.001,900,000 s)
2024-06-03 19:15:00,936 INFO  - Recieve a message from other vehicle (at simulation time 161.001,900,000 s)
2024-06-03 19:15:00,936 INFO  - My position is not better! (at simulation time 161.001,900,000 s)
2024-06-03 19:15:00,937 INFO  - Recieve a message from RSU (at simulation time 161.612,518,370 s)
2024-06-03 19:15:00,938 INFO  - Recieve a message from RSU (at simulation time 161.650,662,492 s)
2024-06-03 19:15:00,940 INFO  - Called #onVehicleUpdated (at simulation time 162.000,000,000 s)
2024-06-03 19:15:00,940 INFO  - Sending out AdHoc broadcast (at simulation time 162.000,000,000 s)
2024-06-03 19:15:00,940 INFO  - Sending out AdHoc broadcast (at simulation time 162.000,000,000 s)
2024-06-03 19:15:00,940 INFO  - Sending out AdHoc broadcast (at simulation time 162.000,000,000 s)
2024-06-03 19:15:00,942 INFO  - Recieve a message from RSU (at simulation time 162.000,400,000 s)
2024-06-03 19:15:00,942 INFO  - RSU ordered to advance!!! (at simulation time 162.000,400,000 s)
2024-06-03 19:15:00,942 INFO  - Recieve a message from other vehicle (at simulation time 162.000,400,000 s)
2024-06-03 19:15:00,942 INFO  - I'm in better position but no more hops in message (at simulation time 162.000,400,000 s)
2024-06-03 19:15:00,942 INFO  - Recieve a message from other vehicle (at simulation time 162.000,400,000 s)
2024-06-03 19:15:00,942 INFO  - My position is not better! (at simulation time 162.000,400,000 s)
2024-06-03 19:15:00,942 INFO  - Recieve a message from other vehicle (at simulation time 162.000,400,000 s)
2024-06-03 19:15:00,942 INFO  - My position is not better! (at simulation time 162.000,400,000 s)
2024-06-03 19:15:00,943 INFO  - Recieve a message from other vehicle (at simulation time 162.000,400,000 s)
2024-06-03 19:15:00,943 INFO  - My position is not better! (at simulation time 162.000,400,000 s)
2024-06-03 19:15:00,943 INFO  - Recieve a message from other vehicle (at simulation time 162.000,400,000 s)
2024-06-03 19:15:00,943 INFO  - I'm in better position but no more hops in message (at simulation time 162.000,400,000 s)
2024-06-03 19:15:00,944 INFO  - Recieve a message from other vehicle (at simulation time 162.001,400,000 s)
2024-06-03 19:15:00,944 INFO  - My position is not better! (at simulation time 162.001,400,000 s)
2024-06-03 19:15:00,944 INFO  - Recieve a message from other vehicle (at simulation time 162.001,400,000 s)
2024-06-03 19:15:00,944 INFO  - I'm in better position but no more hops in message (at simulation time 162.001,400,000 s)
2024-06-03 19:15:00,944 INFO  - Recieve a message from other vehicle (at simulation time 162.001,900,000 s)
2024-06-03 19:15:00,944 INFO  - I'm in better position but no more hops in message (at simulation time 162.001,900,000 s)
2024-06-03 19:15:00,944 INFO  - Recieve a message from other vehicle (at simulation time 162.001,900,000 s)
2024-06-03 19:15:00,944 INFO  - My position is not better! (at simulation time 162.001,900,000 s)
2024-06-03 19:15:00,944 INFO  - Recieve a message from other vehicle (at simulation time 162.001,900,000 s)
2024-06-03 19:15:00,944 INFO  - I'm in better position but no more hops in message (at simulation time 162.001,900,000 s)
2024-06-03 19:15:00,944 INFO  - Recieve a message from other vehicle (at simulation time 162.001,900,000 s)
2024-06-03 19:15:00,944 INFO  - I'm in better position but no more hops in message (at simulation time 162.001,900,000 s)
2024-06-03 19:15:00,945 INFO  - Recieve a message from other vehicle (at simulation time 162.002,400,000 s)
2024-06-03 19:15:00,945 INFO  - I'm in better position but no more hops in message (at simulation time 162.002,400,000 s)
2024-06-03 19:15:00,945 INFO  - Recieve a message from other vehicle (at simulation time 162.002,400,000 s)
2024-06-03 19:15:00,945 INFO  - I'm in better position but no more hops in message (at simulation time 162.002,400,000 s)
2024-06-03 19:15:00,945 INFO  - Recieve a message from other vehicle (at simulation time 162.002,400,000 s)
2024-06-03 19:15:00,945 INFO  - I'm in better position but no more hops in message (at simulation time 162.002,400,000 s)
2024-06-03 19:15:00,945 INFO  - Recieve a message from other vehicle (at simulation time 162.002,400,000 s)
2024-06-03 19:15:00,945 INFO  - I'm in better position but no more hops in message (at simulation time 162.002,400,000 s)
2024-06-03 19:15:00,945 INFO  - Recieve a message from RSU (at simulation time 162.313,353,110 s)
2024-06-03 19:15:00,945 INFO  - Recieve a message from RSU (at simulation time 162.342,815,558 s)
2024-06-03 19:15:00,947 INFO  - Called #onVehicleUpdated (at simulation time 163.000,000,000 s)
2024-06-03 19:15:00,947 INFO  - Sending out AdHoc broadcast (at simulation time 163.000,000,000 s)
2024-06-03 19:15:00,947 INFO  - Sending out AdHoc broadcast (at simulation time 163.000,000,000 s)
2024-06-03 19:15:00,948 INFO  - Sending out AdHoc broadcast (at simulation time 163.000,000,000 s)
2024-06-03 19:15:00,948 INFO  - Sending out AdHoc broadcast (at simulation time 163.000,000,000 s)
2024-06-03 19:15:00,949 INFO  - Recieve a message from other vehicle (at simulation time 163.000,400,000 s)
2024-06-03 19:15:00,949 INFO  - My position is not better! (at simulation time 163.000,400,000 s)
2024-06-03 19:15:00,949 INFO  - Recieve a message from other vehicle (at simulation time 163.000,400,000 s)
2024-06-03 19:15:00,949 INFO  - My position is not better! (at simulation time 163.000,400,000 s)
2024-06-03 19:15:00,949 INFO  - Recieve a message from other vehicle (at simulation time 163.000,400,000 s)
2024-06-03 19:15:00,949 INFO  - I'm in better position but no more hops in message (at simulation time 163.000,400,000 s)
2024-06-03 19:15:00,950 INFO  - Recieve a message from other vehicle (at simulation time 163.000,400,000 s)
2024-06-03 19:15:00,950 INFO  - I'm in better position but no more hops in message (at simulation time 163.000,400,000 s)
2024-06-03 19:15:00,950 INFO  - Recieve a message from other vehicle (at simulation time 163.000,800,000 s)
2024-06-03 19:15:00,950 INFO  - My position is not better! (at simulation time 163.000,800,000 s)
2024-06-03 19:15:00,951 INFO  - Recieve a message from other vehicle (at simulation time 163.000,900,000 s)
2024-06-03 19:15:00,951 INFO  - I'm in better position but no more hops in message (at simulation time 163.000,900,000 s)
2024-06-03 19:15:00,951 INFO  - Recieve a message from other vehicle (at simulation time 163.000,900,000 s)
2024-06-03 19:15:00,951 INFO  - My position is not better! (at simulation time 163.000,900,000 s)
2024-06-03 19:15:00,951 INFO  - Recieve a message from other vehicle (at simulation time 163.001,400,000 s)
2024-06-03 19:15:00,951 INFO  - My position is not better! (at simulation time 163.001,400,000 s)
2024-06-03 19:15:00,952 INFO  - Recieve a message from other vehicle (at simulation time 163.001,400,000 s)
2024-06-03 19:15:00,952 INFO  - I'm in better position but no more hops in message (at simulation time 163.001,400,000 s)
2024-06-03 19:15:00,952 INFO  - Recieve a message from other vehicle (at simulation time 163.001,400,000 s)
2024-06-03 19:15:00,952 INFO  - My position is not better! (at simulation time 163.001,400,000 s)
2024-06-03 19:15:00,953 INFO  - Recieve a message from other vehicle (at simulation time 163.001,900,000 s)
2024-06-03 19:15:00,953 INFO  - I'm in better position but no more hops in message (at simulation time 163.001,900,000 s)
2024-06-03 19:15:00,954 INFO  - Recieve a message from other vehicle (at simulation time 163.002,400,000 s)
2024-06-03 19:15:00,954 INFO  - I'm in better position but no more hops in message (at simulation time 163.002,400,000 s)
2024-06-03 19:15:00,954 INFO  - Recieve a message from other vehicle (at simulation time 163.002,400,000 s)
2024-06-03 19:15:00,954 INFO  - I'm in better position but no more hops in message (at simulation time 163.002,400,000 s)
2024-06-03 19:15:00,954 INFO  - Recieve a message from other vehicle (at simulation time 163.002,400,000 s)
2024-06-03 19:15:00,954 INFO  - My position is not better! (at simulation time 163.002,400,000 s)
2024-06-03 19:15:00,955 INFO  - Recieve a message from other vehicle (at simulation time 163.002,800,000 s)
2024-06-03 19:15:00,955 INFO  - My position is not better! (at simulation time 163.002,800,000 s)
2024-06-03 19:15:00,955 INFO  - Recieve a message from other vehicle (at simulation time 163.002,800,000 s)
2024-06-03 19:15:00,955 INFO  - My position is not better! (at simulation time 163.002,800,000 s)
2024-06-03 19:15:00,955 INFO  - Recieve a message from other vehicle (at simulation time 163.003,800,000 s)
2024-06-03 19:15:00,955 INFO  - My position is not better! (at simulation time 163.003,800,000 s)
2024-06-03 19:15:00,955 INFO  - Recieve a message from other vehicle (at simulation time 163.004,300,000 s)
2024-06-03 19:15:00,955 INFO  - My position is not better! (at simulation time 163.004,300,000 s)
2024-06-03 19:15:00,955 INFO  - Recieve a message from RSU (at simulation time 163.016,485,307 s)
2024-06-03 19:15:00,955 INFO  - Recieve a message from RSU (at simulation time 163.018,903,518 s)
2024-06-03 19:15:00,956 INFO  - Recieve a message from RSU (at simulation time 163.716,812,080 s)
2024-06-03 19:15:00,956 INFO  - Recieve a message from RSU (at simulation time 163.737,323,022 s)
2024-06-03 19:15:00,958 INFO  - Called #onVehicleUpdated (at simulation time 164.000,000,000 s)
2024-06-03 19:15:00,958 INFO  - Sending out AdHoc broadcast (at simulation time 164.000,000,000 s)
2024-06-03 19:15:00,958 INFO  - Sending out AdHoc broadcast (at simulation time 164.000,000,000 s)
2024-06-03 19:15:00,958 INFO  - Sending out AdHoc broadcast (at simulation time 164.000,000,000 s)
2024-06-03 19:15:00,960 INFO  - Recieve a message from other vehicle (at simulation time 164.000,400,000 s)
2024-06-03 19:15:00,960 INFO  - Recending a message from other vehicle (at simulation time 164.000,400,000 s)
2024-06-03 19:15:00,960 INFO  - Recieve a message from other vehicle (at simulation time 164.000,400,000 s)
2024-06-03 19:15:00,960 INFO  - Recending a message from other vehicle (at simulation time 164.000,400,000 s)
2024-06-03 19:15:00,960 INFO  - Recieve a message from other vehicle (at simulation time 164.000,900,000 s)
2024-06-03 19:15:00,960 INFO  - My position is not better! (at simulation time 164.000,900,000 s)
2024-06-03 19:15:00,960 INFO  - Recieve a message from other vehicle (at simulation time 164.000,900,000 s)
2024-06-03 19:15:00,960 INFO  - I'm in better position but no more hops in message (at simulation time 164.000,900,000 s)
2024-06-03 19:15:00,961 INFO  - Recieve a message from other vehicle (at simulation time 164.000,900,000 s)
2024-06-03 19:15:00,961 INFO  - I'm in better position but no more hops in message (at simulation time 164.000,900,000 s)
2024-06-03 19:15:00,961 INFO  - Recieve a message from other vehicle (at simulation time 164.001,300,000 s)
2024-06-03 19:15:00,961 INFO  - My position is not better! (at simulation time 164.001,300,000 s)
2024-06-03 19:15:00,961 INFO  - Recieve a message from other vehicle (at simulation time 164.001,400,000 s)
2024-06-03 19:15:00,961 INFO  - My position is not better! (at simulation time 164.001,400,000 s)
2024-06-03 19:15:00,962 INFO  - Recieve a message from other vehicle (at simulation time 164.001,400,000 s)
2024-06-03 19:15:00,962 INFO  - Recending a message from other vehicle (at simulation time 164.001,400,000 s)
2024-06-03 19:15:00,962 INFO  - Recieve a message from other vehicle (at simulation time 164.001,400,000 s)
2024-06-03 19:15:00,962 INFO  - I'm in better position but no more hops in message (at simulation time 164.001,400,000 s)
2024-06-03 19:15:00,962 INFO  - Recieve a message from other vehicle (at simulation time 164.001,800,000 s)
2024-06-03 19:15:00,962 INFO  - My position is not better! (at simulation time 164.001,800,000 s)
2024-06-03 19:15:00,962 INFO  - Recieve a message from other vehicle (at simulation time 164.001,900,000 s)
2024-06-03 19:15:00,962 INFO  - I'm in better position but no more hops in message (at simulation time 164.001,900,000 s)
2024-06-03 19:15:00,962 INFO  - Recieve a message from other vehicle (at simulation time 164.001,900,000 s)
2024-06-03 19:15:00,962 INFO  - I'm in better position but no more hops in message (at simulation time 164.001,900,000 s)
2024-06-03 19:15:00,962 INFO  - Recieve a message from other vehicle (at simulation time 164.001,900,000 s)
2024-06-03 19:15:00,962 INFO  - I'm in better position but no more hops in message (at simulation time 164.001,900,000 s)
2024-06-03 19:15:00,963 INFO  - Recieve a message from other vehicle (at simulation time 164.002,400,000 s)
2024-06-03 19:15:00,963 INFO  - I'm in better position but no more hops in message (at simulation time 164.002,400,000 s)
2024-06-03 19:15:00,963 INFO  - Recieve a message from other vehicle (at simulation time 164.002,400,000 s)
2024-06-03 19:15:00,963 INFO  - I'm in better position but no more hops in message (at simulation time 164.002,400,000 s)
2024-06-03 19:15:00,963 INFO  - Recieve a message from other vehicle (at simulation time 164.002,400,000 s)
2024-06-03 19:15:00,963 INFO  - I'm in better position but no more hops in message (at simulation time 164.002,400,000 s)
2024-06-03 19:15:00,963 INFO  - Recieve a message from other vehicle (at simulation time 164.002,400,000 s)
2024-06-03 19:15:00,963 INFO  - I'm in better position but no more hops in message (at simulation time 164.002,400,000 s)
2024-06-03 19:15:00,963 INFO  - Recieve a message from other vehicle (at simulation time 164.002,800,000 s)
2024-06-03 19:15:00,963 INFO  - I'm in better position but no more hops in message (at simulation time 164.002,800,000 s)
2024-06-03 19:15:00,964 INFO  - Recieve a message from RSU (at simulation time 164.420,225,993 s)
2024-06-03 19:15:00,964 INFO  - Recieve a message from RSU (at simulation time 164.429,684,543 s)
2024-06-03 19:15:00,967 INFO  - Called #onVehicleUpdated (at simulation time 165.000,000,000 s)
2024-06-03 19:15:00,967 INFO  - Sending out AdHoc broadcast (at simulation time 165.000,000,000 s)
2024-06-03 19:15:00,967 INFO  - Sending out AdHoc broadcast (at simulation time 165.000,000,000 s)
2024-06-03 19:15:00,967 INFO  - Sending out AdHoc broadcast (at simulation time 165.000,000,000 s)
2024-06-03 19:15:00,967 INFO  - Sending out AdHoc broadcast (at simulation time 165.000,000,000 s)
2024-06-03 19:15:00,968 INFO  - Recieve a message from other vehicle (at simulation time 165.000,400,000 s)
2024-06-03 19:15:00,968 INFO  - I'm in better position but no more hops in message (at simulation time 165.000,400,000 s)
2024-06-03 19:15:00,968 INFO  - Recieve a message from other vehicle (at simulation time 165.000,400,000 s)
2024-06-03 19:15:00,968 INFO  - I'm in better position but no more hops in message (at simulation time 165.000,400,000 s)
2024-06-03 19:15:00,969 INFO  - Recieve a message from other vehicle (at simulation time 165.000,400,000 s)
2024-06-03 19:15:00,969 INFO  - I'm in better position but no more hops in message (at simulation time 165.000,400,000 s)
2024-06-03 19:15:00,969 INFO  - Recieve a message from other vehicle (at simulation time 165.000,800,000 s)
2024-06-03 19:15:00,969 INFO  - I'm in better position but no more hops in message (at simulation time 165.000,800,000 s)
2024-06-03 19:15:00,969 INFO  - Recieve a message from other vehicle (at simulation time 165.000,900,000 s)
2024-06-03 19:15:00,969 INFO  - I'm in better position but no more hops in message (at simulation time 165.000,900,000 s)
2024-06-03 19:15:00,970 INFO  - Recieve a message from other vehicle (at simulation time 165.001,300,000 s)
2024-06-03 19:15:00,970 INFO  - My position is not better! (at simulation time 165.001,300,000 s)
2024-06-03 19:15:00,970 INFO  - Recieve a message from other vehicle (at simulation time 165.001,400,000 s)
2024-06-03 19:15:00,970 INFO  - Recending a message from other vehicle (at simulation time 165.001,400,000 s)
2024-06-03 19:15:00,970 INFO  - Recieve a message from other vehicle (at simulation time 165.001,400,000 s)
2024-06-03 19:15:00,970 INFO  - My position is not better! (at simulation time 165.001,400,000 s)
2024-06-03 19:15:00,971 INFO  - Recieve a message from other vehicle (at simulation time 165.001,400,000 s)
2024-06-03 19:15:00,971 INFO  - I'm in better position but no more hops in message (at simulation time 165.001,400,000 s)
2024-06-03 19:15:00,971 INFO  - Recieve a message from other vehicle (at simulation time 165.001,400,000 s)
2024-06-03 19:15:00,971 INFO  - I'm in better position but no more hops in message (at simulation time 165.001,400,000 s)
2024-06-03 19:15:00,971 INFO  - Recieve a message from other vehicle (at simulation time 165.001,400,000 s)
2024-06-03 19:15:00,971 INFO  - Recending a message from other vehicle (at simulation time 165.001,400,000 s)
2024-06-03 19:15:00,971 INFO  - Recieve a message from other vehicle (at simulation time 165.001,800,000 s)
2024-06-03 19:15:00,971 INFO  - I'm in better position but no more hops in message (at simulation time 165.001,800,000 s)
2024-06-03 19:15:00,971 INFO  - Recieve a message from other vehicle (at simulation time 165.001,800,000 s)
2024-06-03 19:15:00,971 INFO  - My position is not better! (at simulation time 165.001,800,000 s)
2024-06-03 19:15:00,972 INFO  - Recieve a message from other vehicle (at simulation time 165.002,300,000 s)
2024-06-03 19:15:00,972 INFO  - I'm in better position but no more hops in message (at simulation time 165.002,300,000 s)
2024-06-03 19:15:00,972 INFO  - Recieve a message from other vehicle (at simulation time 165.002,300,000 s)
2024-06-03 19:15:00,972 INFO  - My position is not better! (at simulation time 165.002,300,000 s)
2024-06-03 19:15:00,972 INFO  - Recieve a message from other vehicle (at simulation time 165.002,400,000 s)
2024-06-03 19:15:00,972 INFO  - I'm in better position but no more hops in message (at simulation time 165.002,400,000 s)
2024-06-03 19:15:00,972 INFO  - Recieve a message from other vehicle (at simulation time 165.002,400,000 s)
2024-06-03 19:15:00,972 INFO  - I'm in better position but no more hops in message (at simulation time 165.002,400,000 s)
2024-06-03 19:15:00,972 INFO  - Recieve a message from other vehicle (at simulation time 165.002,400,000 s)
2024-06-03 19:15:00,972 INFO  - I'm in better position but no more hops in message (at simulation time 165.002,400,000 s)
2024-06-03 19:15:00,973 INFO  - Recieve a message from other vehicle (at simulation time 165.002,400,000 s)
2024-06-03 19:15:00,973 INFO  - I'm in better position but no more hops in message (at simulation time 165.002,400,000 s)
2024-06-03 19:15:00,973 INFO  - Recieve a message from other vehicle (at simulation time 165.003,800,000 s)
2024-06-03 19:15:00,973 INFO  - My position is not better! (at simulation time 165.003,800,000 s)
2024-06-03 19:15:00,974 INFO  - Recieve a message from RSU (at simulation time 165.124,001,722 s)
2024-06-03 19:15:00,974 INFO  - Recieve a message from RSU (at simulation time 165.130,352,271 s)
2024-06-03 19:15:00,974 INFO  - Recieve a message from RSU (at simulation time 165.830,102,816 s)
2024-06-03 19:15:00,974 INFO  - Recieve a message from RSU (at simulation time 165.836,164,796 s)
2024-06-03 19:15:00,976 INFO  - Called #onVehicleUpdated (at simulation time 166.000,000,000 s)
2024-06-03 19:15:00,976 INFO  - Sending out AdHoc broadcast (at simulation time 166.000,000,000 s)
2024-06-03 19:15:00,976 INFO  - Sending out AdHoc broadcast (at simulation time 166.000,000,000 s)
2024-06-03 19:15:00,976 INFO  - Sending out AdHoc broadcast (at simulation time 166.000,000,000 s)
2024-06-03 19:15:00,976 INFO  - Recieve a message from other vehicle (at simulation time 166.000,400,000 s)
2024-06-03 19:15:00,976 INFO  - I'm in better position but no more hops in message (at simulation time 166.000,400,000 s)
2024-06-03 19:15:00,977 INFO  - Recieve a message from other vehicle (at simulation time 166.000,900,000 s)
2024-06-03 19:15:00,977 INFO  - Recending a message from other vehicle (at simulation time 166.000,900,000 s)
2024-06-03 19:15:00,977 INFO  - Recieve a message from other vehicle (at simulation time 166.000,900,000 s)
2024-06-03 19:15:00,977 INFO  - I'm in better position but no more hops in message (at simulation time 166.000,900,000 s)
2024-06-03 19:15:00,978 INFO  - Recieve a message from other vehicle (at simulation time 166.000,900,000 s)
2024-06-03 19:15:00,978 INFO  - I'm in better position but no more hops in message (at simulation time 166.000,900,000 s)
2024-06-03 19:15:00,978 INFO  - Recieve a message from other vehicle (at simulation time 166.001,300,000 s)
2024-06-03 19:15:00,978 INFO  - I'm in better position but no more hops in message (at simulation time 166.001,300,000 s)
2024-06-03 19:15:00,978 INFO  - Recieve a message from other vehicle (at simulation time 166.001,400,000 s)
2024-06-03 19:15:00,978 INFO  - I'm in better position but no more hops in message (at simulation time 166.001,400,000 s)
2024-06-03 19:15:00,979 INFO  - Recieve a message from other vehicle (at simulation time 166.001,900,000 s)
2024-06-03 19:15:00,979 INFO  - I'm in better position but no more hops in message (at simulation time 166.001,900,000 s)
2024-06-03 19:15:00,979 INFO  - Recieve a message from other vehicle (at simulation time 166.001,900,000 s)
2024-06-03 19:15:00,979 INFO  - I'm in better position but no more hops in message (at simulation time 166.001,900,000 s)
2024-06-03 19:15:00,979 INFO  - Recieve a message from other vehicle (at simulation time 166.001,900,000 s)
2024-06-03 19:15:00,979 INFO  - I'm in better position but no more hops in message (at simulation time 166.001,900,000 s)
2024-06-03 19:15:00,979 INFO  - Recieve a message from other vehicle (at simulation time 166.001,900,000 s)
2024-06-03 19:15:00,979 INFO  - I'm in better position but no more hops in message (at simulation time 166.001,900,000 s)
2024-06-03 19:15:00,979 INFO  - Recieve a message from other vehicle (at simulation time 166.001,900,000 s)
2024-06-03 19:15:00,979 INFO  - I'm in better position but no more hops in message (at simulation time 166.001,900,000 s)
2024-06-03 19:15:00,979 INFO  - Recieve a message from other vehicle (at simulation time 166.001,900,000 s)
2024-06-03 19:15:00,979 INFO  - I'm in better position but no more hops in message (at simulation time 166.001,900,000 s)
2024-06-03 19:15:00,979 INFO  - Recieve a message from other vehicle (at simulation time 166.001,900,000 s)
2024-06-03 19:15:00,979 INFO  - I'm in better position but no more hops in message (at simulation time 166.001,900,000 s)
2024-06-03 19:15:00,979 INFO  - Recieve a message from other vehicle (at simulation time 166.002,300,000 s)
2024-06-03 19:15:00,979 INFO  - I'm in better position but no more hops in message (at simulation time 166.002,300,000 s)
2024-06-03 19:15:00,979 INFO  - Recieve a message from other vehicle (at simulation time 166.002,300,000 s)
2024-06-03 19:15:00,979 INFO  - I'm in better position but no more hops in message (at simulation time 166.002,300,000 s)
2024-06-03 19:15:00,979 INFO  - Recieve a message from other vehicle (at simulation time 166.002,400,000 s)
2024-06-03 19:15:00,979 INFO  - I'm in better position but no more hops in message (at simulation time 166.002,400,000 s)
2024-06-03 19:15:00,980 INFO  - Recieve a message from other vehicle (at simulation time 166.002,400,000 s)
2024-06-03 19:15:00,980 INFO  - I'm in better position but no more hops in message (at simulation time 166.002,400,000 s)
2024-06-03 19:15:00,980 INFO  - Recieve a message from other vehicle (at simulation time 166.002,400,000 s)
2024-06-03 19:15:00,980 INFO  - I'm in better position but no more hops in message (at simulation time 166.002,400,000 s)
2024-06-03 19:15:00,980 INFO  - Recieve a message from other vehicle (at simulation time 166.002,800,000 s)
2024-06-03 19:15:00,980 INFO  - I'm in better position but no more hops in message (at simulation time 166.002,800,000 s)
2024-06-03 19:15:00,980 INFO  - Recieve a message from RSU (at simulation time 166.520,950,269 s)
2024-06-03 19:15:00,980 INFO  - Recieve a message from RSU (at simulation time 166.556,593,744 s)
2024-06-03 19:15:00,981 INFO  - Called #onVehicleUpdated (at simulation time 167.000,000,000 s)
2024-06-03 19:15:00,982 INFO  - Sending out AdHoc broadcast (at simulation time 167.000,000,000 s)
2024-06-03 19:15:00,982 INFO  - Sending out AdHoc broadcast (at simulation time 167.000,000,000 s)
2024-06-03 19:15:00,982 INFO  - Sending out AdHoc broadcast (at simulation time 167.000,000,000 s)
2024-06-03 19:15:00,982 INFO  - Sending out AdHoc broadcast (at simulation time 167.000,000,000 s)
2024-06-03 19:15:00,984 INFO  - Recieve a message from other vehicle (at simulation time 167.000,400,000 s)
2024-06-03 19:15:00,984 INFO  - I'm in better position but no more hops in message (at simulation time 167.000,400,000 s)
2024-06-03 19:15:00,985 INFO  - Recieve a message from other vehicle (at simulation time 167.000,900,000 s)
2024-06-03 19:15:00,985 INFO  - I'm in better position but no more hops in message (at simulation time 167.000,900,000 s)
2024-06-03 19:15:00,985 INFO  - Recieve a message from other vehicle (at simulation time 167.000,900,000 s)
2024-06-03 19:15:00,985 INFO  - I'm in better position but no more hops in message (at simulation time 167.000,900,000 s)
2024-06-03 19:15:00,985 INFO  - Recieve a message from other vehicle (at simulation time 167.000,900,000 s)
2024-06-03 19:15:00,985 INFO  - I'm in better position but no more hops in message (at simulation time 167.000,900,000 s)
2024-06-03 19:15:00,985 INFO  - Recieve a message from other vehicle (at simulation time 167.000,900,000 s)
2024-06-03 19:15:00,985 INFO  - Recending a message from other vehicle (at simulation time 167.000,900,000 s)
2024-06-03 19:15:00,987 INFO  - Recieve a message from other vehicle (at simulation time 167.001,400,000 s)
2024-06-03 19:15:00,987 INFO  - I'm in better position but no more hops in message (at simulation time 167.001,400,000 s)
2024-06-03 19:15:00,988 INFO  - Recieve a message from other vehicle (at simulation time 167.001,900,000 s)
2024-06-03 19:15:00,988 INFO  - I'm in better position but no more hops in message (at simulation time 167.001,900,000 s)
2024-06-03 19:15:00,988 INFO  - Recieve a message from other vehicle (at simulation time 167.001,900,000 s)
2024-06-03 19:15:00,988 INFO  - Recending a message from other vehicle (at simulation time 167.001,900,000 s)
2024-06-03 19:15:00,988 INFO  - Recieve a message from other vehicle (at simulation time 167.001,900,000 s)
2024-06-03 19:15:00,988 INFO  - I'm in better position but no more hops in message (at simulation time 167.001,900,000 s)
2024-06-03 19:15:00,988 INFO  - Recieve a message from other vehicle (at simulation time 167.002,300,000 s)
2024-06-03 19:15:00,988 INFO  - I'm in better position but no more hops in message (at simulation time 167.002,300,000 s)
2024-06-03 19:15:00,989 INFO  - Recieve a message from other vehicle (at simulation time 167.002,400,000 s)
2024-06-03 19:15:00,989 INFO  - I'm in better position but no more hops in message (at simulation time 167.002,400,000 s)
2024-06-03 19:15:00,989 INFO  - Recieve a message from other vehicle (at simulation time 167.002,400,000 s)
2024-06-03 19:15:00,989 INFO  - I'm in better position but no more hops in message (at simulation time 167.002,400,000 s)
2024-06-03 19:15:00,989 INFO  - Recieve a message from other vehicle (at simulation time 167.002,400,000 s)
2024-06-03 19:15:00,989 INFO  - I'm in better position but no more hops in message (at simulation time 167.002,400,000 s)
2024-06-03 19:15:00,989 INFO  - Recieve a message from other vehicle (at simulation time 167.002,400,000 s)
2024-06-03 19:15:00,989 INFO  - I'm in better position but no more hops in message (at simulation time 167.002,400,000 s)
2024-06-03 19:15:00,989 INFO  - Recieve a message from other vehicle (at simulation time 167.002,800,000 s)
2024-06-03 19:15:00,989 INFO  - I'm in better position but no more hops in message (at simulation time 167.002,800,000 s)
2024-06-03 19:15:00,989 INFO  - Recieve a message from other vehicle (at simulation time 167.002,800,000 s)
2024-06-03 19:15:00,989 INFO  - I'm in better position but no more hops in message (at simulation time 167.002,800,000 s)
2024-06-03 19:15:00,989 INFO  - Recieve a message from other vehicle (at simulation time 167.003,300,000 s)
2024-06-03 19:15:00,989 INFO  - I'm in better position but no more hops in message (at simulation time 167.003,300,000 s)
2024-06-03 19:15:00,989 INFO  - Recieve a message from RSU (at simulation time 167.221,483,015 s)
2024-06-03 19:15:00,989 INFO  - Recieve a message from RSU (at simulation time 167.240,521,851 s)
2024-06-03 19:15:00,989 INFO  - Recieve a message from RSU (at simulation time 167.915,728,817 s)
2024-06-03 19:15:00,990 INFO  - Recieve a message from RSU (at simulation time 167.953,148,213 s)
2024-06-03 19:15:00,991 INFO  - Called #onVehicleUpdated (at simulation time 168.000,000,000 s)
2024-06-03 19:15:00,991 INFO  - Sending out AdHoc broadcast (at simulation time 168.000,000,000 s)
2024-06-03 19:15:00,991 INFO  - Sending out AdHoc broadcast (at simulation time 168.000,000,000 s)
2024-06-03 19:15:00,991 INFO  - Sending out AdHoc broadcast (at simulation time 168.000,000,000 s)
2024-06-03 19:15:00,992 INFO  - Recieve a message from other vehicle (at simulation time 168.000,400,000 s)
2024-06-03 19:15:00,992 INFO  - I'm in better position but no more hops in message (at simulation time 168.000,400,000 s)
2024-06-03 19:15:00,992 INFO  - Recieve a message from other vehicle (at simulation time 168.000,400,000 s)
2024-06-03 19:15:00,992 INFO  - I'm in better position but no more hops in message (at simulation time 168.000,400,000 s)
2024-06-03 19:15:00,992 INFO  - Recieve a message from other vehicle (at simulation time 168.000,400,000 s)
2024-06-03 19:15:00,992 INFO  - I'm in better position but no more hops in message (at simulation time 168.000,400,000 s)
2024-06-03 19:15:00,992 INFO  - Recieve a message from other vehicle (at simulation time 168.000,400,000 s)
2024-06-03 19:15:00,992 INFO  - I'm in better position but no more hops in message (at simulation time 168.000,400,000 s)
2024-06-03 19:15:00,992 INFO  - Recieve a message from other vehicle (at simulation time 168.000,400,000 s)
2024-06-03 19:15:00,992 INFO  - I'm in better position but no more hops in message (at simulation time 168.000,400,000 s)
2024-06-03 19:15:00,993 INFO  - Recieve a message from other vehicle (at simulation time 168.000,900,000 s)
2024-06-03 19:15:00,993 INFO  - I'm in better position but no more hops in message (at simulation time 168.000,900,000 s)
2024-06-03 19:15:00,993 INFO  - Recieve a message from other vehicle (at simulation time 168.000,900,000 s)
2024-06-03 19:15:00,993 INFO  - I'm in better position but no more hops in message (at simulation time 168.000,900,000 s)
2024-06-03 19:15:00,994 INFO  - Recieve a message from other vehicle (at simulation time 168.001,300,000 s)
2024-06-03 19:15:00,994 INFO  - I'm in better position but no more hops in message (at simulation time 168.001,300,000 s)
2024-06-03 19:15:00,994 INFO  - Recieve a message from other vehicle (at simulation time 168.001,400,000 s)
2024-06-03 19:15:00,994 INFO  - My position is not better! (at simulation time 168.001,400,000 s)
2024-06-03 19:15:00,994 INFO  - Recieve a message from other vehicle (at simulation time 168.001,800,000 s)
2024-06-03 19:15:00,994 INFO  - My position is not better! (at simulation time 168.001,800,000 s)
2024-06-03 19:15:00,994 INFO  - Recieve a message from other vehicle (at simulation time 168.001,800,000 s)
2024-06-03 19:15:00,994 INFO  - I'm in better position but no more hops in message (at simulation time 168.001,800,000 s)
2024-06-03 19:15:00,994 INFO  - Recieve a message from other vehicle (at simulation time 168.001,900,000 s)
2024-06-03 19:15:00,994 INFO  - I'm in better position but no more hops in message (at simulation time 168.001,900,000 s)
2024-06-03 19:15:00,995 INFO  - Recieve a message from other vehicle (at simulation time 168.001,900,000 s)
2024-06-03 19:15:00,995 INFO  - My position is not better! (at simulation time 168.001,900,000 s)
2024-06-03 19:15:00,995 INFO  - Recieve a message from other vehicle (at simulation time 168.002,300,000 s)
2024-06-03 19:15:00,995 INFO  - My position is not better! (at simulation time 168.002,300,000 s)
2024-06-03 19:15:00,995 INFO  - Recieve a message from other vehicle (at simulation time 168.002,400,000 s)
2024-06-03 19:15:00,995 INFO  - My position is not better! (at simulation time 168.002,400,000 s)
2024-06-03 19:15:00,995 INFO  - Recieve a message from other vehicle (at simulation time 168.002,400,000 s)
2024-06-03 19:15:00,995 INFO  - I'm in better position but no more hops in message (at simulation time 168.002,400,000 s)
2024-06-03 19:15:00,995 INFO  - Recieve a message from other vehicle (at simulation time 168.002,800,000 s)
2024-06-03 19:15:00,995 INFO  - I'm in better position but no more hops in message (at simulation time 168.002,800,000 s)
2024-06-03 19:15:00,995 INFO  - Recieve a message from other vehicle (at simulation time 168.002,800,000 s)
2024-06-03 19:15:00,995 INFO  - I'm in better position but no more hops in message (at simulation time 168.002,800,000 s)
2024-06-03 19:15:00,995 INFO  - Recieve a message from other vehicle (at simulation time 168.002,800,000 s)
2024-06-03 19:15:00,995 INFO  - I'm in better position but no more hops in message (at simulation time 168.002,800,000 s)
2024-06-03 19:15:00,995 INFO  - Recieve a message from other vehicle (at simulation time 168.003,300,000 s)
2024-06-03 19:15:00,995 INFO  - My position is not better! (at simulation time 168.003,300,000 s)
2024-06-03 19:15:00,995 INFO  - Recieve a message from RSU (at simulation time 168.627,447,578 s)
2024-06-03 19:15:00,995 INFO  - Recieve a message from RSU (at simulation time 168.632,816,239 s)
2024-06-03 19:15:00,997 INFO  - Called #onVehicleUpdated (at simulation time 169.000,000,000 s)
2024-06-03 19:15:00,997 INFO  - Sending out AdHoc broadcast (at simulation time 169.000,000,000 s)
2024-06-03 19:15:00,997 INFO  - Sending out AdHoc broadcast (at simulation time 169.000,000,000 s)
2024-06-03 19:15:00,997 INFO  - Sending out AdHoc broadcast (at simulation time 169.000,000,000 s)
2024-06-03 19:15:00,997 INFO  - Sending out AdHoc broadcast (at simulation time 169.000,000,000 s)
2024-06-03 19:15:00,997 INFO  - Recieve a message from other vehicle (at simulation time 169.000,400,000 s)
2024-06-03 19:15:00,997 INFO  - My position is not better! (at simulation time 169.000,400,000 s)
2024-06-03 19:15:00,998 INFO  - Recieve a message from other vehicle (at simulation time 169.000,400,000 s)
2024-06-03 19:15:00,998 INFO  - I'm in better position but no more hops in message (at simulation time 169.000,400,000 s)
2024-06-03 19:15:00,998 INFO  - Recieve a message from other vehicle (at simulation time 169.000,800,000 s)
2024-06-03 19:15:00,998 INFO  - My position is not better! (at simulation time 169.000,800,000 s)
2024-06-03 19:15:00,998 INFO  - Recieve a message from other vehicle (at simulation time 169.000,800,000 s)
2024-06-03 19:15:00,998 INFO  - My position is not better! (at simulation time 169.000,800,000 s)
2024-06-03 19:15:00,998 INFO  - Recieve a message from other vehicle (at simulation time 169.000,900,000 s)
2024-06-03 19:15:00,998 INFO  - Recending a message from other vehicle (at simulation time 169.000,900,000 s)
2024-06-03 19:15:00,998 INFO  - Recieve a message from other vehicle (at simulation time 169.001,300,000 s)
2024-06-03 19:15:00,998 INFO  - I'm in better position but no more hops in message (at simulation time 169.001,300,000 s)
2024-06-03 19:15:00,999 INFO  - Recieve a message from other vehicle (at simulation time 169.001,400,000 s)
2024-06-03 19:15:00,999 INFO  - My position is not better! (at simulation time 169.001,400,000 s)
2024-06-03 19:15:01,000 INFO  - Recieve a message from other vehicle (at simulation time 169.001,900,000 s)
2024-06-03 19:15:01,000 INFO  - My position is not better! (at simulation time 169.001,900,000 s)
2024-06-03 19:15:01,000 INFO  - Recieve a message from other vehicle (at simulation time 169.001,900,000 s)
2024-06-03 19:15:01,000 INFO  - My position is not better! (at simulation time 169.001,900,000 s)
2024-06-03 19:15:01,000 INFO  - Recieve a message from other vehicle (at simulation time 169.002,300,000 s)
2024-06-03 19:15:01,000 INFO  - I'm in better position but no more hops in message (at simulation time 169.002,300,000 s)
2024-06-03 19:15:01,000 INFO  - Recieve a message from other vehicle (at simulation time 169.002,300,000 s)
2024-06-03 19:15:01,000 INFO  - My position is not better! (at simulation time 169.002,300,000 s)
2024-06-03 19:15:01,000 INFO  - Recieve a message from other vehicle (at simulation time 169.002,400,000 s)
2024-06-03 19:15:01,000 INFO  - My position is not better! (at simulation time 169.002,400,000 s)
2024-06-03 19:15:01,000 INFO  - Recieve a message from other vehicle (at simulation time 169.002,400,000 s)
2024-06-03 19:15:01,000 INFO  - My position is not better! (at simulation time 169.002,400,000 s)
2024-06-03 19:15:01,000 INFO  - Recieve a message from other vehicle (at simulation time 169.002,400,000 s)
2024-06-03 19:15:01,000 INFO  - My position is not better! (at simulation time 169.002,400,000 s)
2024-06-03 19:15:01,001 INFO  - Recieve a message from other vehicle (at simulation time 169.002,800,000 s)
2024-06-03 19:15:01,001 INFO  - My position is not better! (at simulation time 169.002,800,000 s)
2024-06-03 19:15:01,004 INFO  - Called #onVehicleUpdated (at simulation time 170.000,000,000 s)
2024-06-03 19:15:01,005 INFO  - Sending out AdHoc broadcast (at simulation time 170.000,000,000 s)
2024-06-03 19:15:01,005 INFO  - Sending out AdHoc broadcast (at simulation time 170.000,000,000 s)
2024-06-03 19:15:01,005 INFO  - Sending out AdHoc broadcast (at simulation time 170.000,000,000 s)
2024-06-03 19:15:01,005 INFO  - Recieve a message from other vehicle (at simulation time 170.000,400,000 s)
2024-06-03 19:15:01,005 INFO  - My position is not better! (at simulation time 170.000,400,000 s)
2024-06-03 19:15:01,006 INFO  - Recieve a message from other vehicle (at simulation time 170.000,900,000 s)
2024-06-03 19:15:01,006 INFO  - My position is not better! (at simulation time 170.000,900,000 s)
2024-06-03 19:15:01,006 INFO  - Recieve a message from other vehicle (at simulation time 170.000,900,000 s)
2024-06-03 19:15:01,006 INFO  - My position is not better! (at simulation time 170.000,900,000 s)
2024-06-03 19:15:01,006 INFO  - Recieve a message from other vehicle (at simulation time 170.000,900,000 s)
2024-06-03 19:15:01,006 INFO  - Recending a message from other vehicle (at simulation time 170.000,900,000 s)
2024-06-03 19:15:01,007 INFO  - Recieve a message from other vehicle (at simulation time 170.001,800,000 s)
2024-06-03 19:15:01,007 INFO  - My position is not better! (at simulation time 170.001,800,000 s)
2024-06-03 19:15:01,008 INFO  - Recieve a message from other vehicle (at simulation time 170.001,800,000 s)
2024-06-03 19:15:01,008 INFO  - My position is not better! (at simulation time 170.001,800,000 s)
2024-06-03 19:15:01,008 INFO  - Recieve a message from other vehicle (at simulation time 170.001,900,000 s)
2024-06-03 19:15:01,008 INFO  - My position is not better! (at simulation time 170.001,900,000 s)
2024-06-03 19:15:01,008 INFO  - Recieve a message from other vehicle (at simulation time 170.002,300,000 s)
2024-06-03 19:15:01,008 INFO  - My position is not better! (at simulation time 170.002,300,000 s)
2024-06-03 19:15:01,008 INFO  - Recieve a message from other vehicle (at simulation time 170.002,400,000 s)
2024-06-03 19:15:01,008 INFO  - Recending a message from other vehicle (at simulation time 170.002,400,000 s)
2024-06-03 19:15:01,008 INFO  - Recieve a message from other vehicle (at simulation time 170.002,400,000 s)
2024-06-03 19:15:01,008 INFO  - My position is not better! (at simulation time 170.002,400,000 s)
2024-06-03 19:15:01,010 INFO  - Called #onVehicleUpdated (at simulation time 171.000,000,000 s)
2024-06-03 19:15:01,010 INFO  - Sending out AdHoc broadcast (at simulation time 171.000,000,000 s)
2024-06-03 19:15:01,010 INFO  - Sending out AdHoc broadcast (at simulation time 171.000,000,000 s)
2024-06-03 19:15:01,010 INFO  - Sending out AdHoc broadcast (at simulation time 171.000,000,000 s)
2024-06-03 19:15:01,011 INFO  - Sending out AdHoc broadcast (at simulation time 171.000,000,000 s)
2024-06-03 19:15:01,012 INFO  - Recieve a message from other vehicle (at simulation time 171.001,400,000 s)
2024-06-03 19:15:01,012 INFO  - My position is not better! (at simulation time 171.001,400,000 s)
2024-06-03 19:15:01,012 INFO  - Recieve a message from other vehicle (at simulation time 171.001,400,000 s)
2024-06-03 19:15:01,012 INFO  - My position is not better! (at simulation time 171.001,400,000 s)
2024-06-03 19:15:01,012 INFO  - Recieve a message from other vehicle (at simulation time 171.001,800,000 s)
2024-06-03 19:15:01,012 INFO  - My position is not better! (at simulation time 171.001,800,000 s)
2024-06-03 19:15:01,012 INFO  - Recieve a message from other vehicle (at simulation time 171.001,800,000 s)
2024-06-03 19:15:01,012 INFO  - My position is not better! (at simulation time 171.001,800,000 s)
2024-06-03 19:15:01,012 INFO  - Recieve a message from other vehicle (at simulation time 171.001,900,000 s)
2024-06-03 19:15:01,012 INFO  - My position is not better! (at simulation time 171.001,900,000 s)
2024-06-03 19:15:01,012 INFO  - Recieve a message from other vehicle (at simulation time 171.001,900,000 s)
2024-06-03 19:15:01,012 INFO  - Recending a message from other vehicle (at simulation time 171.001,900,000 s)
2024-06-03 19:15:01,012 INFO  - Recieve a message from other vehicle (at simulation time 171.002,400,000 s)
2024-06-03 19:15:01,012 INFO  - Recending a message from other vehicle (at simulation time 171.002,400,000 s)
2024-06-03 19:15:01,012 INFO  - Recieve a message from other vehicle (at simulation time 171.004,300,000 s)
2024-06-03 19:15:01,012 INFO  - My position is not better! (at simulation time 171.004,300,000 s)
2024-06-03 19:15:01,013 INFO  - Recieve a message from other vehicle (at simulation time 171.004,300,000 s)
2024-06-03 19:15:01,013 INFO  - My position is not better! (at simulation time 171.004,300,000 s)
2024-06-03 19:15:01,014 INFO  - Called #onVehicleUpdated (at simulation time 172.000,000,000 s)
2024-06-03 19:15:01,014 INFO  - Exced velocity! Sending new CAM (at simulation time 172.000,000,000 s)
2024-06-03 19:15:01,014 INFO  - Sending out AdHoc broadcast (at simulation time 172.000,000,000 s)
2024-06-03 19:15:01,014 INFO  - Sending out AdHoc broadcast (at simulation time 172.000,000,000 s)
2024-06-03 19:15:01,014 INFO  - Sending out AdHoc broadcast (at simulation time 172.000,000,000 s)
2024-06-03 19:15:01,014 INFO  - Sending out AdHoc broadcast (at simulation time 172.000,000,000 s)
2024-06-03 19:15:01,015 INFO  - Recieve a message from other vehicle (at simulation time 172.000,900,000 s)
2024-06-03 19:15:01,015 INFO  - Recending a message from other vehicle (at simulation time 172.000,900,000 s)
2024-06-03 19:15:01,016 INFO  - Recieve a message from other vehicle (at simulation time 172.002,400,000 s)
2024-06-03 19:15:01,016 INFO  - Recending a message from other vehicle (at simulation time 172.002,400,000 s)
2024-06-03 19:15:01,019 INFO  - Called #onVehicleUpdated (at simulation time 173.000,000,000 s)
2024-06-03 19:15:01,019 INFO  - Sending out AdHoc broadcast (at simulation time 173.000,000,000 s)
2024-06-03 19:15:01,019 INFO  - Sending out AdHoc broadcast (at simulation time 173.000,000,000 s)
2024-06-03 19:15:01,019 INFO  - Sending out AdHoc broadcast (at simulation time 173.000,000,000 s)
2024-06-03 19:15:01,019 INFO  - Sending out AdHoc broadcast (at simulation time 173.000,000,000 s)
2024-06-03 19:15:01,021 INFO  - Recieve a message from other vehicle (at simulation time 173.001,400,000 s)
2024-06-03 19:15:01,021 INFO  - Recending a message from other vehicle (at simulation time 173.001,400,000 s)
2024-06-03 19:15:01,021 INFO  - Recieve a message from other vehicle (at simulation time 173.001,900,000 s)
2024-06-03 19:15:01,021 INFO  - Recending a message from other vehicle (at simulation time 173.001,900,000 s)
2024-06-03 19:15:01,021 INFO  - Recieve a message from other vehicle (at simulation time 173.002,400,000 s)
2024-06-03 19:15:01,021 INFO  - Recending a message from other vehicle (at simulation time 173.002,400,000 s)
2024-06-03 19:15:01,024 INFO  - Called #onVehicleUpdated (at simulation time 174.000,000,000 s)
2024-06-03 19:15:01,024 INFO  - Exced velocity! Sending new CAM (at simulation time 174.000,000,000 s)
2024-06-03 19:15:01,024 INFO  - Sending out AdHoc broadcast (at simulation time 174.000,000,000 s)
2024-06-03 19:15:01,024 INFO  - Sending out AdHoc broadcast (at simulation time 174.000,000,000 s)
2024-06-03 19:15:01,024 INFO  - Sending out AdHoc broadcast (at simulation time 174.000,000,000 s)
2024-06-03 19:15:01,024 INFO  - Sending out AdHoc broadcast (at simulation time 174.000,000,000 s)
2024-06-03 19:15:01,024 INFO  - Sending out AdHoc broadcast (at simulation time 174.000,000,000 s)
2024-06-03 19:15:01,028 INFO  - Called #onVehicleUpdated (at simulation time 175.000,000,000 s)
2024-06-03 19:15:01,028 INFO  - Exced velocity! Sending new CAM (at simulation time 175.000,000,000 s)
2024-06-03 19:15:01,028 INFO  - Sending out AdHoc broadcast (at simulation time 175.000,000,000 s)
2024-06-03 19:15:01,028 INFO  - Sending out AdHoc broadcast (at simulation time 175.000,000,000 s)
2024-06-03 19:15:01,028 INFO  - Sending out AdHoc broadcast (at simulation time 175.000,000,000 s)
2024-06-03 19:15:01,028 INFO  - Sending out AdHoc broadcast (at simulation time 175.000,000,000 s)
2024-06-03 19:15:01,028 INFO  - Sending out AdHoc broadcast (at simulation time 175.000,000,000 s)
2024-06-03 19:15:01,030 INFO  - Shutdown (at simulation time 176.000,000,000 s)
