2024-06-03 19:50:57,717 INFO  - Initialize Vehicle application (at simulation time 654.000,000,000 s)
2024-06-03 19:50:57,718 INFO  - Activated WLAN Module (at simulation time 654.000,000,000 s)
2024-06-03 19:50:57,720 INFO  - Called #onVehicleUpdated (at simulation time 654.000,000,000 s)
2024-06-03 19:50:57,722 INFO  - Called #onVehicleUpdated (at simulation time 655.000,000,000 s)
2024-06-03 19:50:57,722 INFO  - Define the name: veh_92 and route: r_2 (at simulation time 655.000,000,000 s)
2024-06-03 19:50:57,722 INFO  - Sending out AdHoc broadcast (at simulation time 655.000,000,000 s)
2024-06-03 19:50:57,724 INFO  - Called #onVehicleUpdated (at simulation time 656.000,000,000 s)
2024-06-03 19:50:57,724 INFO  - Recieve a message from other vehicle (at simulation time 656.001,400,000 s)
2024-06-03 19:50:57,724 INFO  - Recending a message from other vehicle (at simulation time 656.001,400,000 s)
2024-06-03 19:50:57,725 INFO  - Called #onVehicleUpdated (at simulation time 657.000,000,000 s)
2024-06-03 19:50:57,725 INFO  - Sending out AdHoc broadcast (at simulation time 657.000,000,000 s)
2024-06-03 19:50:57,726 INFO  - Called #onVehicleUpdated (at simulation time 658.000,000,000 s)
2024-06-03 19:50:57,726 INFO  - Recieve a message from other vehicle (at simulation time 658.001,400,000 s)
2024-06-03 19:50:57,727 INFO  - Recending a message from other vehicle (at simulation time 658.001,400,000 s)
2024-06-03 19:50:57,727 INFO  - Called #onVehicleUpdated (at simulation time 659.000,000,000 s)
2024-06-03 19:50:57,727 INFO  - Sending out AdHoc broadcast (at simulation time 659.000,000,000 s)
2024-06-03 19:50:57,728 INFO  - Called #onVehicleUpdated (at simulation time 660.000,000,000 s)
2024-06-03 19:50:57,729 INFO  - Recieve a message from other vehicle (at simulation time 660.000,400,000 s)
2024-06-03 19:50:57,729 INFO  - Recending a message from other vehicle (at simulation time 660.000,400,000 s)
2024-06-03 19:50:57,730 INFO  - Called #onVehicleUpdated (at simulation time 661.000,000,000 s)
2024-06-03 19:50:57,730 INFO  - Sending out AdHoc broadcast (at simulation time 661.000,000,000 s)
2024-06-03 19:50:57,730 INFO  - Recieve a message from other vehicle (at simulation time 661.001,400,000 s)
2024-06-03 19:50:57,730 INFO  - My position is not better! (at simulation time 661.001,400,000 s)
2024-06-03 19:50:57,730 INFO  - Recieve a message from other vehicle (at simulation time 661.001,900,000 s)
2024-06-03 19:50:57,730 INFO  - My position is not better! (at simulation time 661.001,900,000 s)
2024-06-03 19:50:57,730 INFO  - Recieve a message from other vehicle (at simulation time 661.001,900,000 s)
2024-06-03 19:50:57,730 INFO  - My position is not better! (at simulation time 661.001,900,000 s)
2024-06-03 19:50:57,730 INFO  - Recieve a message from other vehicle (at simulation time 661.002,300,000 s)
2024-06-03 19:50:57,730 INFO  - My position is not better! (at simulation time 661.002,300,000 s)
2024-06-03 19:50:57,730 INFO  - Recieve a message from other vehicle (at simulation time 661.002,400,000 s)
2024-06-03 19:50:57,730 INFO  - My position is not better! (at simulation time 661.002,400,000 s)
2024-06-03 19:50:57,730 INFO  - Recieve a message from other vehicle (at simulation time 661.002,800,000 s)
2024-06-03 19:50:57,730 INFO  - My position is not better! (at simulation time 661.002,800,000 s)
2024-06-03 19:50:57,731 INFO  - Called #onVehicleUpdated (at simulation time 662.000,000,000 s)
2024-06-03 19:50:57,731 INFO  - Recieve a message from other vehicle (at simulation time 662.000,400,000 s)
2024-06-03 19:50:57,731 INFO  - My position is not better! (at simulation time 662.000,400,000 s)
2024-06-03 19:50:57,731 INFO  - Recieve a message from other vehicle (at simulation time 662.000,400,000 s)
2024-06-03 19:50:57,731 INFO  - My position is not better! (at simulation time 662.000,400,000 s)
2024-06-03 19:50:57,731 INFO  - Recieve a message from other vehicle (at simulation time 662.001,400,000 s)
2024-06-03 19:50:57,731 INFO  - My position is not better! (at simulation time 662.001,400,000 s)
2024-06-03 19:50:57,731 INFO  - Recieve a message from other vehicle (at simulation time 662.001,400,000 s)
2024-06-03 19:50:57,731 INFO  - My position is not better! (at simulation time 662.001,400,000 s)
2024-06-03 19:50:57,731 INFO  - Recieve a message from other vehicle (at simulation time 662.001,900,000 s)
2024-06-03 19:50:57,731 INFO  - My position is not better! (at simulation time 662.001,900,000 s)
2024-06-03 19:50:57,731 INFO  - Recieve a message from other vehicle (at simulation time 662.002,400,000 s)
2024-06-03 19:50:57,731 INFO  - I'm in better position but no more hops in message (at simulation time 662.002,400,000 s)
2024-06-03 19:50:57,731 INFO  - Recieve a message from other vehicle (at simulation time 662.002,800,000 s)
2024-06-03 19:50:57,731 INFO  - I'm in better position but no more hops in message (at simulation time 662.002,800,000 s)
2024-06-03 19:50:57,732 INFO  - Called #onVehicleUpdated (at simulation time 663.000,000,000 s)
2024-06-03 19:50:57,732 INFO  - Sending out DENM broadcast (at simulation time 663.000,000,000 s)
2024-06-03 19:50:57,732 INFO  - Sending out AdHoc broadcast (at simulation time 663.000,000,000 s)
2024-06-03 19:50:57,733 INFO  - Recieve a message from other vehicle (at simulation time 663.000,800,000 s)
2024-06-03 19:50:57,733 INFO  - DENM message Recived from veh_92 -info : seco (at simulation time 663.000,800,000 s)
2024-06-03 19:50:57,733 INFO  - No more hops in DENM message (at simulation time 663.000,800,000 s)
2024-06-03 19:50:57,733 INFO  - Recieve a message from other vehicle (at simulation time 663.000,900,000 s)
2024-06-03 19:50:57,733 INFO  - DENM message Recived from veh_94 -info : seco (at simulation time 663.000,900,000 s)
2024-06-03 19:50:57,733 INFO  - Recending a DENM message from other vehicle (at simulation time 663.000,900,000 s)
2024-06-03 19:50:57,733 INFO  - Recieve a message from other vehicle (at simulation time 663.000,900,000 s)
2024-06-03 19:50:57,733 INFO  - I'm in better position but no more hops in message (at simulation time 663.000,900,000 s)
2024-06-03 19:50:57,733 INFO  - Recieve a message from other vehicle (at simulation time 663.001,400,000 s)
2024-06-03 19:50:57,733 INFO  - DENM message Recived from veh_95 -info : seco (at simulation time 663.001,400,000 s)
2024-06-03 19:50:57,733 INFO  - No more hops in DENM message (at simulation time 663.001,400,000 s)
2024-06-03 19:50:57,733 INFO  - Recieve a message from other vehicle (at simulation time 663.001,400,000 s)
2024-06-03 19:50:57,733 INFO  - I'm in better position but no more hops in message (at simulation time 663.001,400,000 s)
2024-06-03 19:50:57,733 INFO  - Recieve a message from other vehicle (at simulation time 663.001,400,000 s)
2024-06-03 19:50:57,733 INFO  - My position is not better! (at simulation time 663.001,400,000 s)
2024-06-03 19:50:57,733 INFO  - Recieve a message from other vehicle (at simulation time 663.001,800,000 s)
2024-06-03 19:50:57,733 INFO  - DENM message Recived from veh_95 -info : seco (at simulation time 663.001,800,000 s)
2024-06-03 19:50:57,733 INFO  - No more hops in DENM message (at simulation time 663.001,800,000 s)
2024-06-03 19:50:57,733 INFO  - Recieve a message from other vehicle (at simulation time 663.001,900,000 s)
2024-06-03 19:50:57,733 INFO  - I'm in better position but no more hops in message (at simulation time 663.001,900,000 s)
2024-06-03 19:50:57,733 INFO  - Recieve a message from other vehicle (at simulation time 663.002,300,000 s)
2024-06-03 19:50:57,733 INFO  - My position is not better! (at simulation time 663.002,300,000 s)
2024-06-03 19:50:57,733 INFO  - Recieve a message from other vehicle (at simulation time 663.002,400,000 s)
2024-06-03 19:50:57,733 INFO  - I'm in better position but no more hops in message (at simulation time 663.002,400,000 s)
2024-06-03 19:50:57,734 INFO  - Called #onVehicleUpdated (at simulation time 664.000,000,000 s)
2024-06-03 19:50:57,734 INFO  - Recieve a message from other vehicle (at simulation time 664.000,400,000 s)
2024-06-03 19:50:57,734 INFO  - DENM message Recived from veh_93 -info : seco (at simulation time 664.000,400,000 s)
2024-06-03 19:50:57,735 INFO  - Recending a DENM message from other vehicle (at simulation time 664.000,400,000 s)
2024-06-03 19:50:57,735 INFO  - Recieve a message from other vehicle (at simulation time 664.000,900,000 s)
2024-06-03 19:50:57,735 INFO  - Recending a message from other vehicle (at simulation time 664.000,900,000 s)
2024-06-03 19:50:57,735 INFO  - Recieve a message from other vehicle (at simulation time 664.000,900,000 s)
2024-06-03 19:50:57,735 INFO  - Recending a message from other vehicle (at simulation time 664.000,900,000 s)
2024-06-03 19:50:57,735 INFO  - Recieve a message from other vehicle (at simulation time 664.001,400,000 s)
2024-06-03 19:50:57,735 INFO  - I'm in better position but no more hops in message (at simulation time 664.001,400,000 s)
2024-06-03 19:50:57,735 INFO  - Recieve a message from other vehicle (at simulation time 664.001,400,000 s)
2024-06-03 19:50:57,735 INFO  - I'm in better position but no more hops in message (at simulation time 664.001,400,000 s)
2024-06-03 19:50:57,735 INFO  - Recieve a message from other vehicle (at simulation time 664.002,400,000 s)
2024-06-03 19:50:57,735 INFO  - I'm in better position but no more hops in message (at simulation time 664.002,400,000 s)
2024-06-03 19:50:57,735 INFO  - Recieve a message from other vehicle (at simulation time 664.002,400,000 s)
2024-06-03 19:50:57,735 INFO  - I'm in better position but no more hops in message (at simulation time 664.002,400,000 s)
2024-06-03 19:50:57,735 INFO  - Recieve a message from other vehicle (at simulation time 664.003,800,000 s)
2024-06-03 19:50:57,735 INFO  - I'm in better position but no more hops in message (at simulation time 664.003,800,000 s)
2024-06-03 19:50:57,736 INFO  - Called #onVehicleUpdated (at simulation time 665.000,000,000 s)
2024-06-03 19:50:57,736 INFO  - Sending out AdHoc broadcast (at simulation time 665.000,000,000 s)
2024-06-03 19:50:57,736 INFO  - Recieve a message from other vehicle (at simulation time 665.000,400,000 s)
2024-06-03 19:50:57,736 INFO  - I'm in better position but no more hops in message (at simulation time 665.000,400,000 s)
2024-06-03 19:50:57,736 INFO  - Recieve a message from other vehicle (at simulation time 665.000,800,000 s)
2024-06-03 19:50:57,736 INFO  - I'm in better position but no more hops in message (at simulation time 665.000,800,000 s)
2024-06-03 19:50:57,736 INFO  - Recieve a message from other vehicle (at simulation time 665.000,900,000 s)
2024-06-03 19:50:57,736 INFO  - I'm in better position but no more hops in message (at simulation time 665.000,900,000 s)
2024-06-03 19:50:57,736 INFO  - Recieve a message from other vehicle (at simulation time 665.000,900,000 s)
2024-06-03 19:50:57,736 INFO  - I'm in better position but no more hops in message (at simulation time 665.000,900,000 s)
2024-06-03 19:50:57,736 INFO  - Recieve a message from other vehicle (at simulation time 665.001,900,000 s)
2024-06-03 19:50:57,736 INFO  - I'm in better position but no more hops in message (at simulation time 665.001,900,000 s)
2024-06-03 19:50:57,736 INFO  - Recieve a message from other vehicle (at simulation time 665.001,900,000 s)
2024-06-03 19:50:57,736 INFO  - I'm in better position but no more hops in message (at simulation time 665.001,900,000 s)
2024-06-03 19:50:57,737 INFO  - Called #onVehicleUpdated (at simulation time 666.000,000,000 s)
2024-06-03 19:50:57,737 INFO  - Recieve a message from other vehicle (at simulation time 666.000,400,000 s)
2024-06-03 19:50:57,737 INFO  - My position is not better! (at simulation time 666.000,400,000 s)
2024-06-03 19:50:57,737 INFO  - Recieve a message from other vehicle (at simulation time 666.000,900,000 s)
2024-06-03 19:50:57,737 INFO  - My position is not better! (at simulation time 666.000,900,000 s)
2024-06-03 19:50:57,737 INFO  - Recieve a message from other vehicle (at simulation time 666.000,900,000 s)
2024-06-03 19:50:57,737 INFO  - Recending a message from other vehicle (at simulation time 666.000,900,000 s)
2024-06-03 19:50:57,738 INFO  - Recieve a message from other vehicle (at simulation time 666.001,300,000 s)
2024-06-03 19:50:57,738 INFO  - I'm in better position but no more hops in message (at simulation time 666.001,300,000 s)
2024-06-03 19:50:57,738 INFO  - Recieve a message from other vehicle (at simulation time 666.001,400,000 s)
2024-06-03 19:50:57,738 INFO  - My position is not better! (at simulation time 666.001,400,000 s)
2024-06-03 19:50:57,738 INFO  - Recieve a message from other vehicle (at simulation time 666.001,900,000 s)
2024-06-03 19:50:57,738 INFO  - I'm in better position but no more hops in message (at simulation time 666.001,900,000 s)
2024-06-03 19:50:57,738 INFO  - Recieve a message from other vehicle (at simulation time 666.001,900,000 s)
2024-06-03 19:50:57,738 INFO  - My position is not better! (at simulation time 666.001,900,000 s)
2024-06-03 19:50:57,738 INFO  - Called #onVehicleUpdated (at simulation time 667.000,000,000 s)
2024-06-03 19:50:57,739 INFO  - Sending out AdHoc broadcast (at simulation time 667.000,000,000 s)
2024-06-03 19:50:57,739 INFO  - Recieve a message from other vehicle (at simulation time 667.000,400,000 s)
2024-06-03 19:50:57,739 INFO  - My position is not better! (at simulation time 667.000,400,000 s)
2024-06-03 19:50:57,739 INFO  - Recieve a message from other vehicle (at simulation time 667.000,900,000 s)
2024-06-03 19:50:57,739 INFO  - My position is not better! (at simulation time 667.000,900,000 s)
2024-06-03 19:50:57,739 INFO  - Recieve a message from other vehicle (at simulation time 667.001,300,000 s)
2024-06-03 19:50:57,739 INFO  - My position is not better! (at simulation time 667.001,300,000 s)
2024-06-03 19:50:57,739 INFO  - Recieve a message from other vehicle (at simulation time 667.001,400,000 s)
2024-06-03 19:50:57,739 INFO  - My position is not better! (at simulation time 667.001,400,000 s)
2024-06-03 19:50:57,739 INFO  - Recieve a message from other vehicle (at simulation time 667.001,400,000 s)
2024-06-03 19:50:57,739 INFO  - My position is not better! (at simulation time 667.001,400,000 s)
2024-06-03 19:50:57,739 INFO  - Called #onVehicleUpdated (at simulation time 668.000,000,000 s)
2024-06-03 19:50:57,740 INFO  - Recieve a message from other vehicle (at simulation time 668.000,900,000 s)
2024-06-03 19:50:57,740 INFO  - My position is not better! (at simulation time 668.000,900,000 s)
2024-06-03 19:50:57,740 INFO  - Recieve a message from other vehicle (at simulation time 668.001,400,000 s)
2024-06-03 19:50:57,740 INFO  - My position is not better! (at simulation time 668.001,400,000 s)
2024-06-03 19:50:57,740 INFO  - Recieve a message from other vehicle (at simulation time 668.001,900,000 s)
2024-06-03 19:50:57,740 INFO  - My position is not better! (at simulation time 668.001,900,000 s)
2024-06-03 19:50:57,740 INFO  - Recieve a message from other vehicle (at simulation time 668.001,900,000 s)
2024-06-03 19:50:57,740 INFO  - My position is not better! (at simulation time 668.001,900,000 s)
2024-06-03 19:50:57,740 INFO  - Called #onVehicleUpdated (at simulation time 669.000,000,000 s)
2024-06-03 19:50:57,740 INFO  - Sending out AdHoc broadcast (at simulation time 669.000,000,000 s)
2024-06-03 19:50:57,741 INFO  - Called #onVehicleUpdated (at simulation time 670.000,000,000 s)
2024-06-03 19:50:57,743 INFO  - Called #onVehicleUpdated (at simulation time 671.000,000,000 s)
2024-06-03 19:50:57,743 INFO  - Sending out AdHoc broadcast (at simulation time 671.000,000,000 s)
2024-06-03 19:50:57,744 INFO  - Called #onVehicleUpdated (at simulation time 672.000,000,000 s)
2024-06-03 19:50:57,745 INFO  - Called #onVehicleUpdated (at simulation time 673.000,000,000 s)
2024-06-03 19:50:57,745 INFO  - Sending out AdHoc broadcast (at simulation time 673.000,000,000 s)
2024-06-03 19:50:57,747 INFO  - Called #onVehicleUpdated (at simulation time 674.000,000,000 s)
2024-06-03 19:50:57,748 INFO  - Shutdown (at simulation time 675.000,000,000 s)
