2024-06-03 19:15:01,260 INFO  - Initialize Vehicle application (at simulation time 222.000,000,000 s)
2024-06-03 19:15:01,260 INFO  - Activated WLAN Module (at simulation time 222.000,000,000 s)
2024-06-03 19:15:01,260 INFO  - Called #onVehicleUpdated (at simulation time 222.000,000,000 s)
2024-06-03 19:15:01,265 INFO  - Called #onVehicleUpdated (at simulation time 223.000,000,000 s)
2024-06-03 19:15:01,265 INFO  - Define the name: veh_41 and route: r_5 (at simulation time 223.000,000,000 s)
2024-06-03 19:15:01,265 INFO  - Sending out AdHoc broadcast (at simulation time 223.000,000,000 s)
2024-06-03 19:15:01,269 INFO  - Called #onVehicleUpdated (at simulation time 224.000,000,000 s)
2024-06-03 19:15:01,274 INFO  - Called #onVehicleUpdated (at simulation time 225.000,000,000 s)
2024-06-03 19:15:01,274 INFO  - Sending out AdHoc broadcast (at simulation time 225.000,000,000 s)
2024-06-03 19:15:01,276 INFO  - Called #onVehicleUpdated (at simulation time 226.000,000,000 s)
2024-06-03 19:15:01,279 INFO  - Called #onVehicleUpdated (at simulation time 227.000,000,000 s)
2024-06-03 19:15:01,280 INFO  - Sending out AdHoc broadcast (at simulation time 227.000,000,000 s)
2024-06-03 19:15:01,282 INFO  - Called #onVehicleUpdated (at simulation time 228.000,000,000 s)
2024-06-03 19:15:01,284 INFO  - Recieve a message from other vehicle (at simulation time 228.000,400,000 s)
2024-06-03 19:15:01,284 INFO  - My position is not better! (at simulation time 228.000,400,000 s)
2024-06-03 19:15:01,287 INFO  - Called #onVehicleUpdated (at simulation time 229.000,000,000 s)
2024-06-03 19:15:01,288 INFO  - Sending out AdHoc broadcast (at simulation time 229.000,000,000 s)
2024-06-03 19:15:01,288 INFO  - Recieve a message from other vehicle (at simulation time 229.000,400,000 s)
2024-06-03 19:15:01,288 INFO  - My position is not better! (at simulation time 229.000,400,000 s)
2024-06-03 19:15:01,288 INFO  - Recieve a message from other vehicle (at simulation time 229.000,400,000 s)
2024-06-03 19:15:01,288 INFO  - My position is not better! (at simulation time 229.000,400,000 s)
2024-06-03 19:15:01,289 INFO  - Recieve a message from other vehicle (at simulation time 229.000,900,000 s)
2024-06-03 19:15:01,289 INFO  - My position is not better! (at simulation time 229.000,900,000 s)
2024-06-03 19:15:01,292 INFO  - Recieve a message from other vehicle (at simulation time 229.001,400,000 s)
2024-06-03 19:15:01,292 INFO  - My position is not better! (at simulation time 229.001,400,000 s)
2024-06-03 19:15:01,292 INFO  - Recieve a message from other vehicle (at simulation time 229.001,400,000 s)
2024-06-03 19:15:01,292 INFO  - My position is not better! (at simulation time 229.001,400,000 s)
2024-06-03 19:15:01,292 INFO  - Recieve a message from other vehicle (at simulation time 229.001,900,000 s)
2024-06-03 19:15:01,292 INFO  - My position is not better! (at simulation time 229.001,900,000 s)
2024-06-03 19:15:01,293 INFO  - Recieve a message from other vehicle (at simulation time 229.002,300,000 s)
2024-06-03 19:15:01,293 INFO  - My position is not better! (at simulation time 229.002,300,000 s)
2024-06-03 19:15:01,293 INFO  - Recieve a message from other vehicle (at simulation time 229.002,400,000 s)
2024-06-03 19:15:01,293 INFO  - My position is not better! (at simulation time 229.002,400,000 s)
2024-06-03 19:15:01,293 INFO  - Recieve a message from other vehicle (at simulation time 229.002,800,000 s)
2024-06-03 19:15:01,293 INFO  - My position is not better! (at simulation time 229.002,800,000 s)
2024-06-03 19:15:01,293 INFO  - Recieve a message from other vehicle (at simulation time 229.002,800,000 s)
2024-06-03 19:15:01,293 INFO  - My position is not better! (at simulation time 229.002,800,000 s)
2024-06-03 19:15:01,293 INFO  - Recieve a message from other vehicle (at simulation time 229.003,800,000 s)
2024-06-03 19:15:01,293 INFO  - My position is not better! (at simulation time 229.003,800,000 s)
2024-06-03 19:15:01,295 INFO  - Called #onVehicleUpdated (at simulation time 230.000,000,000 s)
2024-06-03 19:15:01,295 INFO  - Recieve a message from other vehicle (at simulation time 230.000,400,000 s)
2024-06-03 19:15:01,295 INFO  - My position is not better! (at simulation time 230.000,400,000 s)
2024-06-03 19:15:01,295 INFO  - Recieve a message from other vehicle (at simulation time 230.000,400,000 s)
2024-06-03 19:15:01,295 INFO  - I'm in better position but no more hops in message (at simulation time 230.000,400,000 s)
2024-06-03 19:15:01,295 INFO  - Recieve a message from other vehicle (at simulation time 230.000,400,000 s)
2024-06-03 19:15:01,295 INFO  - I'm in better position but no more hops in message (at simulation time 230.000,400,000 s)
2024-06-03 19:15:01,296 INFO  - Recieve a message from other vehicle (at simulation time 230.000,400,000 s)
2024-06-03 19:15:01,296 INFO  - My position is not better! (at simulation time 230.000,400,000 s)
2024-06-03 19:15:01,296 INFO  - Recieve a message from other vehicle (at simulation time 230.000,900,000 s)
2024-06-03 19:15:01,296 INFO  - I'm in better position but no more hops in message (at simulation time 230.000,900,000 s)
2024-06-03 19:15:01,296 INFO  - Recieve a message from other vehicle (at simulation time 230.001,900,000 s)
2024-06-03 19:15:01,296 INFO  - My position is not better! (at simulation time 230.001,900,000 s)
2024-06-03 19:15:01,296 INFO  - Recieve a message from other vehicle (at simulation time 230.001,900,000 s)
2024-06-03 19:15:01,296 INFO  - I'm in better position but no more hops in message (at simulation time 230.001,900,000 s)
2024-06-03 19:15:01,296 INFO  - Recieve a message from other vehicle (at simulation time 230.001,900,000 s)
2024-06-03 19:15:01,296 INFO  - I'm in better position but no more hops in message (at simulation time 230.001,900,000 s)
2024-06-03 19:15:01,296 INFO  - Recieve a message from other vehicle (at simulation time 230.001,900,000 s)
2024-06-03 19:15:01,296 INFO  - I'm in better position but no more hops in message (at simulation time 230.001,900,000 s)
2024-06-03 19:15:01,296 INFO  - Recieve a message from other vehicle (at simulation time 230.001,900,000 s)
2024-06-03 19:15:01,296 INFO  - I'm in better position but no more hops in message (at simulation time 230.001,900,000 s)
2024-06-03 19:15:01,296 INFO  - Recieve a message from other vehicle (at simulation time 230.002,400,000 s)
2024-06-03 19:15:01,296 INFO  - I'm in better position but no more hops in message (at simulation time 230.002,400,000 s)
2024-06-03 19:15:01,296 INFO  - Recieve a message from other vehicle (at simulation time 230.002,400,000 s)
2024-06-03 19:15:01,296 INFO  - My position is not better! (at simulation time 230.002,400,000 s)
2024-06-03 19:15:01,297 INFO  - Recieve a message from other vehicle (at simulation time 230.002,800,000 s)
2024-06-03 19:15:01,297 INFO  - I'm in better position but no more hops in message (at simulation time 230.002,800,000 s)
2024-06-03 19:15:01,297 INFO  - Recieve a message from RSU (at simulation time 230.247,820,941 s)
2024-06-03 19:15:01,297 INFO  - RSU Stopped me!!! (at simulation time 230.247,820,941 s)
2024-06-03 19:15:01,297 INFO  - Recieve a message from RSU (at simulation time 230.264,583,717 s)
2024-06-03 19:15:01,297 INFO  - Recieve a message from RSU (at simulation time 230.918,790,014 s)
2024-06-03 19:15:01,298 INFO  - Called #onVehicleUpdated (at simulation time 231.000,000,000 s)
2024-06-03 19:15:01,298 INFO  - Sending out DENM broadcast (at simulation time 231.000,000,000 s)
2024-06-03 19:15:01,299 INFO  - Sending out AdHoc broadcast (at simulation time 231.000,000,000 s)
2024-06-03 19:15:01,300 INFO  - Recieve a message from other vehicle (at simulation time 231.000,400,000 s)
2024-06-03 19:15:01,300 INFO  - My position is not better! (at simulation time 231.000,400,000 s)
2024-06-03 19:15:01,300 INFO  - Recieve a message from other vehicle (at simulation time 231.000,400,000 s)
2024-06-03 19:15:01,300 INFO  - I'm in better position but no more hops in message (at simulation time 231.000,400,000 s)
2024-06-03 19:15:01,300 INFO  - Recieve a message from other vehicle (at simulation time 231.000,800,000 s)
2024-06-03 19:15:01,300 INFO  - DENM message Recived from veh_41 -info : seco (at simulation time 231.000,800,000 s)
2024-06-03 19:15:01,300 INFO  - No more hops in DENM message (at simulation time 231.000,800,000 s)
2024-06-03 19:15:01,300 INFO  - Recieve a message from other vehicle (at simulation time 231.000,900,000 s)
2024-06-03 19:15:01,300 INFO  - DENM message Recived from veh_39 -info : seco (at simulation time 231.000,900,000 s)
2024-06-03 19:15:01,300 INFO  - Recending a DENM message from other vehicle (at simulation time 231.000,900,000 s)
2024-06-03 19:15:01,300 INFO  - Recieve a message from other vehicle (at simulation time 231.000,900,000 s)
2024-06-03 19:15:01,300 INFO  - I'm in better position but no more hops in message (at simulation time 231.000,900,000 s)
2024-06-03 19:15:01,301 INFO  - Recieve a message from other vehicle (at simulation time 231.001,400,000 s)
2024-06-03 19:15:01,301 INFO  - I'm in better position but no more hops in message (at simulation time 231.001,400,000 s)
2024-06-03 19:15:01,301 INFO  - Recieve a message from other vehicle (at simulation time 231.001,400,000 s)
2024-06-03 19:15:01,301 INFO  - I'm in better position but no more hops in message (at simulation time 231.001,400,000 s)
2024-06-03 19:15:01,301 INFO  - Recieve a message from other vehicle (at simulation time 231.001,400,000 s)
2024-06-03 19:15:01,301 INFO  - I'm in better position but no more hops in message (at simulation time 231.001,400,000 s)
2024-06-03 19:15:01,302 INFO  - Recieve a message from other vehicle (at simulation time 231.001,900,000 s)
2024-06-03 19:15:01,302 INFO  - I'm in better position but no more hops in message (at simulation time 231.001,900,000 s)
2024-06-03 19:15:01,302 INFO  - Recieve a message from other vehicle (at simulation time 231.001,900,000 s)
2024-06-03 19:15:01,302 INFO  - My position is not better! (at simulation time 231.001,900,000 s)
2024-06-03 19:15:01,302 INFO  - Recieve a message from other vehicle (at simulation time 231.002,400,000 s)
2024-06-03 19:15:01,302 INFO  - My position is not better! (at simulation time 231.002,400,000 s)
2024-06-03 19:15:01,302 INFO  - Recieve a message from other vehicle (at simulation time 231.002,400,000 s)
2024-06-03 19:15:01,302 INFO  - I'm in better position but no more hops in message (at simulation time 231.002,400,000 s)
2024-06-03 19:15:01,302 INFO  - Recieve a message from other vehicle (at simulation time 231.002,800,000 s)
2024-06-03 19:15:01,302 INFO  - My position is not better! (at simulation time 231.002,800,000 s)
2024-06-03 19:15:01,302 INFO  - Recieve a message from other vehicle (at simulation time 231.002,800,000 s)
2024-06-03 19:15:01,302 INFO  - DENM message Recived from veh_36 -info : seco (at simulation time 231.002,800,000 s)
2024-06-03 19:15:01,302 INFO  - No more hops in DENM message (at simulation time 231.002,800,000 s)
2024-06-03 19:15:01,302 INFO  - Recieve a message from RSU (at simulation time 231.010,569,317 s)
2024-06-03 19:15:01,303 INFO  - Recieve a message from RSU (at simulation time 231.631,908,245 s)
2024-06-03 19:15:01,303 INFO  - Recieve a message from RSU (at simulation time 231.664,780,482 s)
2024-06-03 19:15:01,304 INFO  - Called #onVehicleUpdated (at simulation time 232.000,000,000 s)
2024-06-03 19:15:01,305 INFO  - Recieve a message from other vehicle (at simulation time 232.000,400,000 s)
2024-06-03 19:15:01,305 INFO  - DENM message Recived from veh_40 -info : seco (at simulation time 232.000,400,000 s)
2024-06-03 19:15:01,305 INFO  - Recending a DENM message from other vehicle (at simulation time 232.000,400,000 s)
2024-06-03 19:15:01,305 INFO  - Recieve a message from other vehicle (at simulation time 232.000,400,000 s)
2024-06-03 19:15:01,305 INFO  - My position is not better! (at simulation time 232.000,400,000 s)
2024-06-03 19:15:01,305 INFO  - Recieve a message from other vehicle (at simulation time 232.000,400,000 s)
2024-06-03 19:15:01,305 INFO  - I'm in better position but no more hops in message (at simulation time 232.000,400,000 s)
2024-06-03 19:15:01,305 INFO  - Recieve a message from other vehicle (at simulation time 232.000,400,000 s)
2024-06-03 19:15:01,305 INFO  - I'm in better position but no more hops in message (at simulation time 232.000,400,000 s)
2024-06-03 19:15:01,305 INFO  - Recieve a message from other vehicle (at simulation time 232.000,400,000 s)
2024-06-03 19:15:01,305 INFO  - My position is not better! (at simulation time 232.000,400,000 s)
2024-06-03 19:15:01,305 INFO  - Recieve a message from other vehicle (at simulation time 232.000,400,000 s)
2024-06-03 19:15:01,305 INFO  - I'm in better position but no more hops in message (at simulation time 232.000,400,000 s)
2024-06-03 19:15:01,305 INFO  - Recieve a message from other vehicle (at simulation time 232.000,900,000 s)
2024-06-03 19:15:01,305 INFO  - My position is not better! (at simulation time 232.000,900,000 s)
2024-06-03 19:15:01,306 INFO  - Recieve a message from other vehicle (at simulation time 232.000,900,000 s)
2024-06-03 19:15:01,306 INFO  - I'm in better position but no more hops in message (at simulation time 232.000,900,000 s)
2024-06-03 19:15:01,306 INFO  - Recieve a message from other vehicle (at simulation time 232.001,400,000 s)
2024-06-03 19:15:01,306 INFO  - I'm in better position but no more hops in message (at simulation time 232.001,400,000 s)
2024-06-03 19:15:01,306 INFO  - Recieve a message from other vehicle (at simulation time 232.001,400,000 s)
2024-06-03 19:15:01,306 INFO  - I'm in better position but no more hops in message (at simulation time 232.001,400,000 s)
2024-06-03 19:15:01,306 INFO  - Recieve a message from other vehicle (at simulation time 232.001,900,000 s)
2024-06-03 19:15:01,306 INFO  - I'm in better position but no more hops in message (at simulation time 232.001,900,000 s)
2024-06-03 19:15:01,306 INFO  - Recieve a message from other vehicle (at simulation time 232.001,900,000 s)
2024-06-03 19:15:01,306 INFO  - I'm in better position but no more hops in message (at simulation time 232.001,900,000 s)
2024-06-03 19:15:01,307 INFO  - Recieve a message from other vehicle (at simulation time 232.002,400,000 s)
2024-06-03 19:15:01,307 INFO  - I'm in better position but no more hops in message (at simulation time 232.002,400,000 s)
2024-06-03 19:15:01,307 INFO  - Recieve a message from RSU (at simulation time 232.315,716,906 s)
2024-06-03 19:15:01,307 INFO  - Recieve a message from RSU (at simulation time 232.339,242,471 s)
2024-06-03 19:15:01,308 INFO  - Called #onVehicleUpdated (at simulation time 233.000,000,000 s)
2024-06-03 19:15:01,308 INFO  - Sending out AdHoc broadcast (at simulation time 233.000,000,000 s)
2024-06-03 19:15:01,309 INFO  - Recieve a message from other vehicle (at simulation time 233.000,400,000 s)
2024-06-03 19:15:01,309 INFO  - My position is not better! (at simulation time 233.000,400,000 s)
2024-06-03 19:15:01,309 INFO  - Recieve a message from other vehicle (at simulation time 233.000,400,000 s)
2024-06-03 19:15:01,309 INFO  - I'm in better position but no more hops in message (at simulation time 233.000,400,000 s)
2024-06-03 19:15:01,309 INFO  - Recieve a message from other vehicle (at simulation time 233.000,400,000 s)
2024-06-03 19:15:01,309 INFO  - I'm in better position but no more hops in message (at simulation time 233.000,400,000 s)
2024-06-03 19:15:01,309 INFO  - Recieve a message from other vehicle (at simulation time 233.000,900,000 s)
2024-06-03 19:15:01,309 INFO  - My position is not better! (at simulation time 233.000,900,000 s)
2024-06-03 19:15:01,309 INFO  - Recieve a message from other vehicle (at simulation time 233.000,900,000 s)
2024-06-03 19:15:01,309 INFO  - I'm in better position but no more hops in message (at simulation time 233.000,900,000 s)
2024-06-03 19:15:01,309 INFO  - Recieve a message from other vehicle (at simulation time 233.001,400,000 s)
2024-06-03 19:15:01,309 INFO  - My position is not better! (at simulation time 233.001,400,000 s)
2024-06-03 19:15:01,310 INFO  - Recieve a message from other vehicle (at simulation time 233.001,900,000 s)
2024-06-03 19:15:01,310 INFO  - I'm in better position but no more hops in message (at simulation time 233.001,900,000 s)
2024-06-03 19:15:01,310 INFO  - Recieve a message from other vehicle (at simulation time 233.001,900,000 s)
2024-06-03 19:15:01,310 INFO  - I'm in better position but no more hops in message (at simulation time 233.001,900,000 s)
2024-06-03 19:15:01,310 INFO  - Recieve a message from other vehicle (at simulation time 233.001,900,000 s)
2024-06-03 19:15:01,310 INFO  - I'm in better position but no more hops in message (at simulation time 233.001,900,000 s)
2024-06-03 19:15:01,310 INFO  - Recieve a message from other vehicle (at simulation time 233.002,400,000 s)
2024-06-03 19:15:01,310 INFO  - I'm in better position but no more hops in message (at simulation time 233.002,400,000 s)
2024-06-03 19:15:01,310 INFO  - Recieve a message from RSU (at simulation time 233.075,408,286 s)
2024-06-03 19:15:01,310 INFO  - Recieve a message from RSU (at simulation time 233.085,082,859 s)
2024-06-03 19:15:01,310 INFO  - Recieve a message from RSU (at simulation time 233.722,515,330 s)
2024-06-03 19:15:01,310 INFO  - Recieve a message from RSU (at simulation time 233.738,491,166 s)
2024-06-03 19:15:01,311 INFO  - Called #onVehicleUpdated (at simulation time 234.000,000,000 s)
2024-06-03 19:15:01,312 INFO  - Recieve a message from other vehicle (at simulation time 234.000,400,000 s)
2024-06-03 19:15:01,312 INFO  - I'm in better position but no more hops in message (at simulation time 234.000,400,000 s)
2024-06-03 19:15:01,312 INFO  - Recieve a message from other vehicle (at simulation time 234.000,400,000 s)
2024-06-03 19:15:01,312 INFO  - My position is not better! (at simulation time 234.000,400,000 s)
2024-06-03 19:15:01,312 INFO  - Recieve a message from other vehicle (at simulation time 234.000,400,000 s)
2024-06-03 19:15:01,312 INFO  - I'm in better position but no more hops in message (at simulation time 234.000,400,000 s)
2024-06-03 19:15:01,312 INFO  - Recieve a message from other vehicle (at simulation time 234.000,400,000 s)
2024-06-03 19:15:01,312 INFO  - I'm in better position but no more hops in message (at simulation time 234.000,400,000 s)
2024-06-03 19:15:01,313 INFO  - Recieve a message from other vehicle (at simulation time 234.000,900,000 s)
2024-06-03 19:15:01,313 INFO  - I'm in better position but no more hops in message (at simulation time 234.000,900,000 s)
2024-06-03 19:15:01,313 INFO  - Recieve a message from other vehicle (at simulation time 234.001,400,000 s)
2024-06-03 19:15:01,313 INFO  - I'm in better position but no more hops in message (at simulation time 234.001,400,000 s)
2024-06-03 19:15:01,313 INFO  - Recieve a message from other vehicle (at simulation time 234.001,900,000 s)
2024-06-03 19:15:01,313 INFO  - My position is not better! (at simulation time 234.001,900,000 s)
2024-06-03 19:15:01,313 INFO  - Recieve a message from other vehicle (at simulation time 234.001,900,000 s)
2024-06-03 19:15:01,313 INFO  - I'm in better position but no more hops in message (at simulation time 234.001,900,000 s)
2024-06-03 19:15:01,313 INFO  - Recieve a message from other vehicle (at simulation time 234.002,400,000 s)
2024-06-03 19:15:01,313 INFO  - My position is not better! (at simulation time 234.002,400,000 s)
2024-06-03 19:15:01,313 INFO  - Recieve a message from other vehicle (at simulation time 234.002,400,000 s)
2024-06-03 19:15:01,313 INFO  - I'm in better position but no more hops in message (at simulation time 234.002,400,000 s)
2024-06-03 19:15:01,314 INFO  - Recieve a message from other vehicle (at simulation time 234.002,400,000 s)
2024-06-03 19:15:01,314 INFO  - I'm in better position but no more hops in message (at simulation time 234.002,400,000 s)
2024-06-03 19:15:01,314 INFO  - Recieve a message from other vehicle (at simulation time 234.002,400,000 s)
2024-06-03 19:15:01,314 INFO  - I'm in better position but no more hops in message (at simulation time 234.002,400,000 s)
2024-06-03 19:15:01,314 INFO  - Recieve a message from RSU (at simulation time 234.420,770,936 s)
2024-06-03 19:15:01,314 INFO  - Recieve a message from RSU (at simulation time 234.469,203,957 s)
2024-06-03 19:15:01,316 INFO  - Called #onVehicleUpdated (at simulation time 235.000,000,000 s)
2024-06-03 19:15:01,317 INFO  - Sending out AdHoc broadcast (at simulation time 235.000,000,000 s)
2024-06-03 19:15:01,317 INFO  - Recieve a message from other vehicle (at simulation time 235.000,400,000 s)
2024-06-03 19:15:01,317 INFO  - My position is not better! (at simulation time 235.000,400,000 s)
2024-06-03 19:15:01,317 INFO  - Recieve a message from other vehicle (at simulation time 235.000,400,000 s)
2024-06-03 19:15:01,318 INFO  - My position is not better! (at simulation time 235.000,400,000 s)
2024-06-03 19:15:01,318 INFO  - Recieve a message from other vehicle (at simulation time 235.000,400,000 s)
2024-06-03 19:15:01,318 INFO  - I'm in better position but no more hops in message (at simulation time 235.000,400,000 s)
2024-06-03 19:15:01,318 INFO  - Recieve a message from other vehicle (at simulation time 235.000,400,000 s)
2024-06-03 19:15:01,318 INFO  - My position is not better! (at simulation time 235.000,400,000 s)
2024-06-03 19:15:01,318 INFO  - Recieve a message from other vehicle (at simulation time 235.000,900,000 s)
2024-06-03 19:15:01,318 INFO  - I'm in better position but no more hops in message (at simulation time 235.000,900,000 s)
2024-06-03 19:15:01,319 INFO  - Recieve a message from other vehicle (at simulation time 235.000,900,000 s)
2024-06-03 19:15:01,319 INFO  - I'm in better position but no more hops in message (at simulation time 235.000,900,000 s)
2024-06-03 19:15:01,319 INFO  - Recieve a message from other vehicle (at simulation time 235.001,400,000 s)
2024-06-03 19:15:01,319 INFO  - I'm in better position but no more hops in message (at simulation time 235.001,400,000 s)
2024-06-03 19:15:01,319 INFO  - Recieve a message from other vehicle (at simulation time 235.001,400,000 s)
2024-06-03 19:15:01,319 INFO  - I'm in better position but no more hops in message (at simulation time 235.001,400,000 s)
2024-06-03 19:15:01,319 INFO  - Recieve a message from other vehicle (at simulation time 235.001,400,000 s)
2024-06-03 19:15:01,319 INFO  - I'm in better position but no more hops in message (at simulation time 235.001,400,000 s)
2024-06-03 19:15:01,319 INFO  - Recieve a message from other vehicle (at simulation time 235.001,900,000 s)
2024-06-03 19:15:01,319 INFO  - I'm in better position but no more hops in message (at simulation time 235.001,900,000 s)
2024-06-03 19:15:01,320 INFO  - Recieve a message from RSU (at simulation time 235.145,208,111 s)
2024-06-03 19:15:01,320 INFO  - Recieve a message from RSU (at simulation time 235.149,027,078 s)
2024-06-03 19:15:01,321 INFO  - Recieve a message from RSU (at simulation time 235.813,523,435 s)
2024-06-03 19:15:01,321 INFO  - Recieve a message from RSU (at simulation time 235.819,359,284 s)
2024-06-03 19:15:01,323 INFO  - Called #onVehicleUpdated (at simulation time 236.000,000,000 s)
2024-06-03 19:15:01,324 INFO  - Recieve a message from other vehicle (at simulation time 236.000,400,000 s)
2024-06-03 19:15:01,324 INFO  - I'm in better position but no more hops in message (at simulation time 236.000,400,000 s)
2024-06-03 19:15:01,324 INFO  - Recieve a message from other vehicle (at simulation time 236.000,400,000 s)
2024-06-03 19:15:01,324 INFO  - I'm in better position but no more hops in message (at simulation time 236.000,400,000 s)
2024-06-03 19:15:01,324 INFO  - Recieve a message from other vehicle (at simulation time 236.000,400,000 s)
2024-06-03 19:15:01,324 INFO  - I'm in better position but no more hops in message (at simulation time 236.000,400,000 s)
2024-06-03 19:15:01,324 INFO  - Recieve a message from other vehicle (at simulation time 236.000,400,000 s)
2024-06-03 19:15:01,324 INFO  - I'm in better position but no more hops in message (at simulation time 236.000,400,000 s)
2024-06-03 19:15:01,325 INFO  - Recieve a message from other vehicle (at simulation time 236.000,900,000 s)
2024-06-03 19:15:01,325 INFO  - I'm in better position but no more hops in message (at simulation time 236.000,900,000 s)
2024-06-03 19:15:01,325 INFO  - Recieve a message from other vehicle (at simulation time 236.000,900,000 s)
2024-06-03 19:15:01,325 INFO  - I'm in better position but no more hops in message (at simulation time 236.000,900,000 s)
2024-06-03 19:15:01,325 INFO  - Recieve a message from other vehicle (at simulation time 236.001,400,000 s)
2024-06-03 19:15:01,325 INFO  - I'm in better position but no more hops in message (at simulation time 236.001,400,000 s)
2024-06-03 19:15:01,325 INFO  - Recieve a message from other vehicle (at simulation time 236.001,400,000 s)
2024-06-03 19:15:01,325 INFO  - I'm in better position but no more hops in message (at simulation time 236.001,400,000 s)
2024-06-03 19:15:01,325 INFO  - Recieve a message from other vehicle (at simulation time 236.001,900,000 s)
2024-06-03 19:15:01,325 INFO  - My position is not better! (at simulation time 236.001,900,000 s)
2024-06-03 19:15:01,325 INFO  - Recieve a message from other vehicle (at simulation time 236.001,900,000 s)
2024-06-03 19:15:01,325 INFO  - I'm in better position but no more hops in message (at simulation time 236.001,900,000 s)
2024-06-03 19:15:01,326 INFO  - Recieve a message from other vehicle (at simulation time 236.002,400,000 s)
2024-06-03 19:15:01,326 INFO  - My position is not better! (at simulation time 236.002,400,000 s)
2024-06-03 19:15:01,326 INFO  - Recieve a message from other vehicle (at simulation time 236.002,400,000 s)
2024-06-03 19:15:01,326 INFO  - My position is not better! (at simulation time 236.002,400,000 s)
2024-06-03 19:15:01,326 INFO  - Recieve a message from RSU (at simulation time 236.526,275,760 s)
2024-06-03 19:15:01,326 INFO  - Recieve a message from RSU (at simulation time 236.540,695,079 s)
2024-06-03 19:15:01,328 INFO  - Called #onVehicleUpdated (at simulation time 237.000,000,000 s)
2024-06-03 19:15:01,328 INFO  - Sending out AdHoc broadcast (at simulation time 237.000,000,000 s)
2024-06-03 19:15:01,329 INFO  - Recieve a message from other vehicle (at simulation time 237.000,900,000 s)
2024-06-03 19:15:01,329 INFO  - My position is not better! (at simulation time 237.000,900,000 s)
2024-06-03 19:15:01,329 INFO  - Recieve a message from other vehicle (at simulation time 237.000,900,000 s)
2024-06-03 19:15:01,329 INFO  - My position is not better! (at simulation time 237.000,900,000 s)
2024-06-03 19:15:01,329 INFO  - Recieve a message from other vehicle (at simulation time 237.000,900,000 s)
2024-06-03 19:15:01,329 INFO  - I'm in better position but no more hops in message (at simulation time 237.000,900,000 s)
2024-06-03 19:15:01,329 INFO  - Recieve a message from other vehicle (at simulation time 237.000,900,000 s)
2024-06-03 19:15:01,329 INFO  - I'm in better position but no more hops in message (at simulation time 237.000,900,000 s)
2024-06-03 19:15:01,329 INFO  - Recieve a message from other vehicle (at simulation time 237.001,400,000 s)
2024-06-03 19:15:01,329 INFO  - I'm in better position but no more hops in message (at simulation time 237.001,400,000 s)
2024-06-03 19:15:01,329 INFO  - Recieve a message from other vehicle (at simulation time 237.001,400,000 s)
2024-06-03 19:15:01,329 INFO  - My position is not better! (at simulation time 237.001,400,000 s)
2024-06-03 19:15:01,329 INFO  - Recieve a message from other vehicle (at simulation time 237.001,900,000 s)
2024-06-03 19:15:01,329 INFO  - I'm in better position but no more hops in message (at simulation time 237.001,900,000 s)
2024-06-03 19:15:01,329 INFO  - Recieve a message from other vehicle (at simulation time 237.001,900,000 s)
2024-06-03 19:15:01,329 INFO  - I'm in better position but no more hops in message (at simulation time 237.001,900,000 s)
2024-06-03 19:15:01,330 INFO  - Recieve a message from other vehicle (at simulation time 237.002,400,000 s)
2024-06-03 19:15:01,330 INFO  - I'm in better position but no more hops in message (at simulation time 237.002,400,000 s)
2024-06-03 19:15:01,330 INFO  - Recieve a message from other vehicle (at simulation time 237.002,400,000 s)
2024-06-03 19:15:01,330 INFO  - I'm in better position but no more hops in message (at simulation time 237.002,400,000 s)
2024-06-03 19:15:01,330 INFO  - Recieve a message from RSU (at simulation time 237.216,194,065 s)
2024-06-03 19:15:01,330 INFO  - Recieve a message from RSU (at simulation time 237.236,392,591 s)
2024-06-03 19:15:01,330 INFO  - Recieve a message from RSU (at simulation time 237.915,926,965 s)
2024-06-03 19:15:01,330 INFO  - Recieve a message from RSU (at simulation time 237.931,632,316 s)
2024-06-03 19:15:01,331 INFO  - Called #onVehicleUpdated (at simulation time 238.000,000,000 s)
2024-06-03 19:15:01,332 INFO  - Recieve a message from RSU (at simulation time 238.000,400,000 s)
2024-06-03 19:15:01,332 INFO  - RSU ordered to advance!!! (at simulation time 238.000,400,000 s)
2024-06-03 19:15:01,332 INFO  - Recieve a message from other vehicle (at simulation time 238.000,400,000 s)
2024-06-03 19:15:01,332 INFO  - I'm in better position but no more hops in message (at simulation time 238.000,400,000 s)
2024-06-03 19:15:01,333 INFO  - Recieve a message from other vehicle (at simulation time 238.000,400,000 s)
2024-06-03 19:15:01,333 INFO  - I'm in better position but no more hops in message (at simulation time 238.000,400,000 s)
2024-06-03 19:15:01,334 INFO  - Recieve a message from other vehicle (at simulation time 238.000,900,000 s)
2024-06-03 19:15:01,334 INFO  - I'm in better position but no more hops in message (at simulation time 238.000,900,000 s)
2024-06-03 19:15:01,334 INFO  - Recieve a message from other vehicle (at simulation time 238.000,900,000 s)
2024-06-03 19:15:01,334 INFO  - I'm in better position but no more hops in message (at simulation time 238.000,900,000 s)
2024-06-03 19:15:01,334 INFO  - Recieve a message from other vehicle (at simulation time 238.000,900,000 s)
2024-06-03 19:15:01,334 INFO  - My position is not better! (at simulation time 238.000,900,000 s)
2024-06-03 19:15:01,334 INFO  - Recieve a message from other vehicle (at simulation time 238.001,300,000 s)
2024-06-03 19:15:01,334 INFO  - I'm in better position but no more hops in message (at simulation time 238.001,300,000 s)
2024-06-03 19:15:01,334 INFO  - Recieve a message from other vehicle (at simulation time 238.001,300,000 s)
2024-06-03 19:15:01,334 INFO  - I'm in better position but no more hops in message (at simulation time 238.001,300,000 s)
2024-06-03 19:15:01,334 INFO  - Recieve a message from other vehicle (at simulation time 238.001,400,000 s)
2024-06-03 19:15:01,334 INFO  - I'm in better position but no more hops in message (at simulation time 238.001,400,000 s)
2024-06-03 19:15:01,335 INFO  - Recieve a message from other vehicle (at simulation time 238.001,900,000 s)
2024-06-03 19:15:01,335 INFO  - I'm in better position but no more hops in message (at simulation time 238.001,900,000 s)
2024-06-03 19:15:01,335 INFO  - Recieve a message from other vehicle (at simulation time 238.001,900,000 s)
2024-06-03 19:15:01,335 INFO  - I'm in better position but no more hops in message (at simulation time 238.001,900,000 s)
2024-06-03 19:15:01,335 INFO  - Recieve a message from other vehicle (at simulation time 238.001,900,000 s)
2024-06-03 19:15:01,335 INFO  - I'm in better position but no more hops in message (at simulation time 238.001,900,000 s)
2024-06-03 19:15:01,335 INFO  - Recieve a message from other vehicle (at simulation time 238.001,900,000 s)
2024-06-03 19:15:01,335 INFO  - I'm in better position but no more hops in message (at simulation time 238.001,900,000 s)
2024-06-03 19:15:01,336 INFO  - Recieve a message from other vehicle (at simulation time 238.002,400,000 s)
2024-06-03 19:15:01,336 INFO  - I'm in better position but no more hops in message (at simulation time 238.002,400,000 s)
2024-06-03 19:15:01,336 INFO  - Recieve a message from other vehicle (at simulation time 238.002,400,000 s)
2024-06-03 19:15:01,336 INFO  - My position is not better! (at simulation time 238.002,400,000 s)
2024-06-03 19:15:01,336 INFO  - Recieve a message from RSU (at simulation time 238.621,535,325 s)
2024-06-03 19:15:01,336 INFO  - Recieve a message from RSU (at simulation time 238.630,972,085 s)
2024-06-03 19:15:01,338 INFO  - Called #onVehicleUpdated (at simulation time 239.000,000,000 s)
2024-06-03 19:15:01,339 INFO  - Sending out AdHoc broadcast (at simulation time 239.000,000,000 s)
2024-06-03 19:15:01,340 INFO  - Recieve a message from other vehicle (at simulation time 239.000,900,000 s)
2024-06-03 19:15:01,340 INFO  - I'm in better position but no more hops in message (at simulation time 239.000,900,000 s)
2024-06-03 19:15:01,340 INFO  - Recieve a message from other vehicle (at simulation time 239.000,900,000 s)
2024-06-03 19:15:01,340 INFO  - I'm in better position but no more hops in message (at simulation time 239.000,900,000 s)
2024-06-03 19:15:01,340 INFO  - Recieve a message from other vehicle (at simulation time 239.000,900,000 s)
2024-06-03 19:15:01,340 INFO  - I'm in better position but no more hops in message (at simulation time 239.000,900,000 s)
2024-06-03 19:15:01,340 INFO  - Recieve a message from other vehicle (at simulation time 239.000,900,000 s)
2024-06-03 19:15:01,340 INFO  - I'm in better position but no more hops in message (at simulation time 239.000,900,000 s)
2024-06-03 19:15:01,341 INFO  - Recieve a message from other vehicle (at simulation time 239.001,400,000 s)
2024-06-03 19:15:01,341 INFO  - I'm in better position but no more hops in message (at simulation time 239.001,400,000 s)
2024-06-03 19:15:01,341 INFO  - Recieve a message from other vehicle (at simulation time 239.001,900,000 s)
2024-06-03 19:15:01,341 INFO  - I'm in better position but no more hops in message (at simulation time 239.001,900,000 s)
2024-06-03 19:15:01,341 INFO  - Recieve a message from other vehicle (at simulation time 239.001,900,000 s)
2024-06-03 19:15:01,341 INFO  - I'm in better position but no more hops in message (at simulation time 239.001,900,000 s)
2024-06-03 19:15:01,341 INFO  - Recieve a message from other vehicle (at simulation time 239.002,300,000 s)
2024-06-03 19:15:01,341 INFO  - I'm in better position but no more hops in message (at simulation time 239.002,300,000 s)
2024-06-03 19:15:01,341 INFO  - Recieve a message from other vehicle (at simulation time 239.002,300,000 s)
2024-06-03 19:15:01,341 INFO  - I'm in better position but no more hops in message (at simulation time 239.002,300,000 s)
2024-06-03 19:15:01,342 INFO  - Recieve a message from other vehicle (at simulation time 239.002,400,000 s)
2024-06-03 19:15:01,342 INFO  - I'm in better position but no more hops in message (at simulation time 239.002,400,000 s)
2024-06-03 19:15:01,342 INFO  - Recieve a message from other vehicle (at simulation time 239.002,800,000 s)
2024-06-03 19:15:01,342 INFO  - I'm in better position but no more hops in message (at simulation time 239.002,800,000 s)
2024-06-03 19:15:01,342 INFO  - Recieve a message from RSU (at simulation time 239.320,822,362 s)
2024-06-03 19:15:01,342 INFO  - Recieve a message from RSU (at simulation time 239.335,289,772 s)
2024-06-03 19:15:01,345 INFO  - Called #onVehicleUpdated (at simulation time 240.000,000,000 s)
2024-06-03 19:15:01,346 INFO  - Recieve a message from other vehicle (at simulation time 240.000,400,000 s)
2024-06-03 19:15:01,346 INFO  - I'm in better position but no more hops in message (at simulation time 240.000,400,000 s)
2024-06-03 19:15:01,346 INFO  - Recieve a message from other vehicle (at simulation time 240.000,900,000 s)
2024-06-03 19:15:01,346 INFO  - I'm in better position but no more hops in message (at simulation time 240.000,900,000 s)
2024-06-03 19:15:01,346 INFO  - Recieve a message from other vehicle (at simulation time 240.001,400,000 s)
2024-06-03 19:15:01,346 INFO  - I'm in better position but no more hops in message (at simulation time 240.001,400,000 s)
2024-06-03 19:15:01,346 INFO  - Recieve a message from other vehicle (at simulation time 240.001,400,000 s)
2024-06-03 19:15:01,346 INFO  - I'm in better position but no more hops in message (at simulation time 240.001,400,000 s)
2024-06-03 19:15:01,346 INFO  - Recieve a message from other vehicle (at simulation time 240.001,400,000 s)
2024-06-03 19:15:01,346 INFO  - I'm in better position but no more hops in message (at simulation time 240.001,400,000 s)
2024-06-03 19:15:01,346 INFO  - Recieve a message from other vehicle (at simulation time 240.001,400,000 s)
2024-06-03 19:15:01,346 INFO  - I'm in better position but no more hops in message (at simulation time 240.001,400,000 s)
2024-06-03 19:15:01,346 INFO  - Recieve a message from other vehicle (at simulation time 240.001,800,000 s)
2024-06-03 19:15:01,346 INFO  - I'm in better position but no more hops in message (at simulation time 240.001,800,000 s)
2024-06-03 19:15:01,346 INFO  - Recieve a message from other vehicle (at simulation time 240.001,900,000 s)
2024-06-03 19:15:01,346 INFO  - I'm in better position but no more hops in message (at simulation time 240.001,900,000 s)
2024-06-03 19:15:01,347 INFO  - Recieve a message from other vehicle (at simulation time 240.001,900,000 s)
2024-06-03 19:15:01,347 INFO  - I'm in better position but no more hops in message (at simulation time 240.001,900,000 s)
2024-06-03 19:15:01,347 INFO  - Recieve a message from other vehicle (at simulation time 240.002,400,000 s)
2024-06-03 19:15:01,347 INFO  - I'm in better position but no more hops in message (at simulation time 240.002,400,000 s)
2024-06-03 19:15:01,347 INFO  - Recieve a message from other vehicle (at simulation time 240.002,400,000 s)
2024-06-03 19:15:01,347 INFO  - I'm in better position but no more hops in message (at simulation time 240.002,400,000 s)
2024-06-03 19:15:01,347 INFO  - Recieve a message from RSU (at simulation time 240.019,511,208 s)
2024-06-03 19:15:01,347 INFO  - Recieve a message from RSU (at simulation time 240.026,802,936 s)
2024-06-03 19:15:01,347 INFO  - Recieve a message from RSU (at simulation time 240.737,584,244 s)
2024-06-03 19:15:01,347 INFO  - Recieve a message from RSU (at simulation time 240.783,978,813 s)
2024-06-03 19:15:01,348 INFO  - Called #onVehicleUpdated (at simulation time 241.000,000,000 s)
2024-06-03 19:15:01,349 INFO  - Sending out AdHoc broadcast (at simulation time 241.000,000,000 s)
2024-06-03 19:15:01,349 INFO  - Recieve a message from other vehicle (at simulation time 241.000,400,000 s)
2024-06-03 19:15:01,349 INFO  - I'm in better position but no more hops in message (at simulation time 241.000,400,000 s)
2024-06-03 19:15:01,349 INFO  - Recieve a message from other vehicle (at simulation time 241.000,400,000 s)
2024-06-03 19:15:01,349 INFO  - I'm in better position but no more hops in message (at simulation time 241.000,400,000 s)
2024-06-03 19:15:01,350 INFO  - Recieve a message from other vehicle (at simulation time 241.000,900,000 s)
2024-06-03 19:15:01,350 INFO  - I'm in better position but no more hops in message (at simulation time 241.000,900,000 s)
2024-06-03 19:15:01,350 INFO  - Recieve a message from other vehicle (at simulation time 241.000,900,000 s)
2024-06-03 19:15:01,350 INFO  - I'm in better position but no more hops in message (at simulation time 241.000,900,000 s)
2024-06-03 19:15:01,350 INFO  - Recieve a message from other vehicle (at simulation time 241.001,400,000 s)
2024-06-03 19:15:01,350 INFO  - I'm in better position but no more hops in message (at simulation time 241.001,400,000 s)
2024-06-03 19:15:01,350 INFO  - Recieve a message from other vehicle (at simulation time 241.001,400,000 s)
2024-06-03 19:15:01,350 INFO  - I'm in better position but no more hops in message (at simulation time 241.001,400,000 s)
2024-06-03 19:15:01,351 INFO  - Recieve a message from other vehicle (at simulation time 241.001,800,000 s)
2024-06-03 19:15:01,351 INFO  - I'm in better position but no more hops in message (at simulation time 241.001,800,000 s)
2024-06-03 19:15:01,351 INFO  - Recieve a message from other vehicle (at simulation time 241.001,900,000 s)
2024-06-03 19:15:01,351 INFO  - I'm in better position but no more hops in message (at simulation time 241.001,900,000 s)
2024-06-03 19:15:01,351 INFO  - Recieve a message from other vehicle (at simulation time 241.002,300,000 s)
2024-06-03 19:15:01,351 INFO  - I'm in better position but no more hops in message (at simulation time 241.002,300,000 s)
2024-06-03 19:15:01,351 INFO  - Recieve a message from other vehicle (at simulation time 241.002,400,000 s)
2024-06-03 19:15:01,351 INFO  - I'm in better position but no more hops in message (at simulation time 241.002,400,000 s)
2024-06-03 19:15:01,351 INFO  - Recieve a message from other vehicle (at simulation time 241.002,400,000 s)
2024-06-03 19:15:01,351 INFO  - I'm in better position but no more hops in message (at simulation time 241.002,400,000 s)
2024-06-03 19:15:01,352 INFO  - Recieve a message from other vehicle (at simulation time 241.002,800,000 s)
2024-06-03 19:15:01,352 INFO  - I'm in better position but no more hops in message (at simulation time 241.002,800,000 s)
2024-06-03 19:15:01,352 INFO  - Recieve a message from other vehicle (at simulation time 241.002,800,000 s)
2024-06-03 19:15:01,352 INFO  - I'm in better position but no more hops in message (at simulation time 241.002,800,000 s)
2024-06-03 19:15:01,352 INFO  - Recieve a message from RSU (at simulation time 241.425,902,298 s)
2024-06-03 19:15:01,352 INFO  - Recieve a message from RSU (at simulation time 241.435,541,448 s)
2024-06-03 19:15:01,354 INFO  - Called #onVehicleUpdated (at simulation time 242.000,000,000 s)
2024-06-03 19:15:01,356 INFO  - Recieve a message from other vehicle (at simulation time 242.000,400,000 s)
2024-06-03 19:15:01,356 INFO  - I'm in better position but no more hops in message (at simulation time 242.000,400,000 s)
2024-06-03 19:15:01,356 INFO  - Recieve a message from other vehicle (at simulation time 242.000,400,000 s)
2024-06-03 19:15:01,356 INFO  - I'm in better position but no more hops in message (at simulation time 242.000,400,000 s)
2024-06-03 19:15:01,356 INFO  - Recieve a message from other vehicle (at simulation time 242.000,400,000 s)
2024-06-03 19:15:01,356 INFO  - I'm in better position but no more hops in message (at simulation time 242.000,400,000 s)
2024-06-03 19:15:01,356 INFO  - Recieve a message from other vehicle (at simulation time 242.000,900,000 s)
2024-06-03 19:15:01,356 INFO  - I'm in better position but no more hops in message (at simulation time 242.000,900,000 s)
2024-06-03 19:15:01,357 INFO  - Recieve a message from other vehicle (at simulation time 242.001,400,000 s)
2024-06-03 19:15:01,357 INFO  - I'm in better position but no more hops in message (at simulation time 242.001,400,000 s)
2024-06-03 19:15:01,357 INFO  - Recieve a message from other vehicle (at simulation time 242.001,400,000 s)
2024-06-03 19:15:01,357 INFO  - I'm in better position but no more hops in message (at simulation time 242.001,400,000 s)
2024-06-03 19:15:01,357 INFO  - Recieve a message from other vehicle (at simulation time 242.001,400,000 s)
2024-06-03 19:15:01,357 INFO  - My position is not better! (at simulation time 242.001,400,000 s)
2024-06-03 19:15:01,357 INFO  - Recieve a message from other vehicle (at simulation time 242.001,900,000 s)
2024-06-03 19:15:01,357 INFO  - I'm in better position but no more hops in message (at simulation time 242.001,900,000 s)
2024-06-03 19:15:01,358 INFO  - Recieve a message from other vehicle (at simulation time 242.001,900,000 s)
2024-06-03 19:15:01,358 INFO  - My position is not better! (at simulation time 242.001,900,000 s)
2024-06-03 19:15:01,358 INFO  - Recieve a message from other vehicle (at simulation time 242.001,900,000 s)
2024-06-03 19:15:01,358 INFO  - I'm in better position but no more hops in message (at simulation time 242.001,900,000 s)
2024-06-03 19:15:01,358 INFO  - Recieve a message from other vehicle (at simulation time 242.001,900,000 s)
2024-06-03 19:15:01,358 INFO  - My position is not better! (at simulation time 242.001,900,000 s)
2024-06-03 19:15:01,358 INFO  - Recieve a message from other vehicle (at simulation time 242.002,400,000 s)
2024-06-03 19:15:01,358 INFO  - I'm in better position but no more hops in message (at simulation time 242.002,400,000 s)
2024-06-03 19:15:01,358 INFO  - Recieve a message from other vehicle (at simulation time 242.002,400,000 s)
2024-06-03 19:15:01,358 INFO  - I'm in better position but no more hops in message (at simulation time 242.002,400,000 s)
2024-06-03 19:15:01,360 INFO  - Called #onVehicleUpdated (at simulation time 243.000,000,000 s)
2024-06-03 19:15:01,360 INFO  - Sending out AdHoc broadcast (at simulation time 243.000,000,000 s)
2024-06-03 19:15:01,360 INFO  - Recieve a message from other vehicle (at simulation time 243.000,400,000 s)
2024-06-03 19:15:01,360 INFO  - My position is not better! (at simulation time 243.000,400,000 s)
2024-06-03 19:15:01,361 INFO  - Recieve a message from other vehicle (at simulation time 243.000,800,000 s)
2024-06-03 19:15:01,361 INFO  - My position is not better! (at simulation time 243.000,800,000 s)
2024-06-03 19:15:01,361 INFO  - Recieve a message from other vehicle (at simulation time 243.000,900,000 s)
2024-06-03 19:15:01,361 INFO  - My position is not better! (at simulation time 243.000,900,000 s)
2024-06-03 19:15:01,362 INFO  - Recieve a message from other vehicle (at simulation time 243.000,900,000 s)
2024-06-03 19:15:01,362 INFO  - I'm in better position but no more hops in message (at simulation time 243.000,900,000 s)
2024-06-03 19:15:01,362 INFO  - Recieve a message from other vehicle (at simulation time 243.001,400,000 s)
2024-06-03 19:15:01,362 INFO  - My position is not better! (at simulation time 243.001,400,000 s)
2024-06-03 19:15:01,362 INFO  - Recieve a message from other vehicle (at simulation time 243.001,400,000 s)
2024-06-03 19:15:01,362 INFO  - My position is not better! (at simulation time 243.001,400,000 s)
2024-06-03 19:15:01,362 INFO  - Recieve a message from other vehicle (at simulation time 243.001,900,000 s)
2024-06-03 19:15:01,362 INFO  - My position is not better! (at simulation time 243.001,900,000 s)
2024-06-03 19:15:01,362 INFO  - Recieve a message from other vehicle (at simulation time 243.001,900,000 s)
2024-06-03 19:15:01,362 INFO  - My position is not better! (at simulation time 243.001,900,000 s)
2024-06-03 19:15:01,362 INFO  - Recieve a message from other vehicle (at simulation time 243.001,900,000 s)
2024-06-03 19:15:01,362 INFO  - I'm in better position but no more hops in message (at simulation time 243.001,900,000 s)
2024-06-03 19:15:01,362 INFO  - Recieve a message from other vehicle (at simulation time 243.002,400,000 s)
2024-06-03 19:15:01,362 INFO  - My position is not better! (at simulation time 243.002,400,000 s)
2024-06-03 19:15:01,364 INFO  - Called #onVehicleUpdated (at simulation time 244.000,000,000 s)
2024-06-03 19:15:01,365 INFO  - Recieve a message from other vehicle (at simulation time 244.000,900,000 s)
2024-06-03 19:15:01,365 INFO  - My position is not better! (at simulation time 244.000,900,000 s)
2024-06-03 19:15:01,365 INFO  - Recieve a message from other vehicle (at simulation time 244.001,400,000 s)
2024-06-03 19:15:01,365 INFO  - My position is not better! (at simulation time 244.001,400,000 s)
2024-06-03 19:15:01,365 INFO  - Recieve a message from other vehicle (at simulation time 244.001,400,000 s)
2024-06-03 19:15:01,365 INFO  - My position is not better! (at simulation time 244.001,400,000 s)
2024-06-03 19:15:01,366 INFO  - Recieve a message from other vehicle (at simulation time 244.001,900,000 s)
2024-06-03 19:15:01,366 INFO  - My position is not better! (at simulation time 244.001,900,000 s)
2024-06-03 19:15:01,366 INFO  - Recieve a message from other vehicle (at simulation time 244.002,400,000 s)
2024-06-03 19:15:01,366 INFO  - My position is not better! (at simulation time 244.002,400,000 s)
2024-06-03 19:15:01,366 INFO  - Recieve a message from other vehicle (at simulation time 244.002,400,000 s)
2024-06-03 19:15:01,366 INFO  - My position is not better! (at simulation time 244.002,400,000 s)
2024-06-03 19:15:01,366 INFO  - Recieve a message from other vehicle (at simulation time 244.002,400,000 s)
2024-06-03 19:15:01,366 INFO  - My position is not better! (at simulation time 244.002,400,000 s)
2024-06-03 19:15:01,370 INFO  - Called #onVehicleUpdated (at simulation time 245.000,000,000 s)
2024-06-03 19:15:01,371 INFO  - Sending out AdHoc broadcast (at simulation time 245.000,000,000 s)
2024-06-03 19:15:01,372 INFO  - Recieve a message from other vehicle (at simulation time 245.000,400,000 s)
2024-06-03 19:15:01,372 INFO  - My position is not better! (at simulation time 245.000,400,000 s)
2024-06-03 19:15:01,372 INFO  - Recieve a message from other vehicle (at simulation time 245.000,900,000 s)
2024-06-03 19:15:01,372 INFO  - My position is not better! (at simulation time 245.000,900,000 s)
2024-06-03 19:15:01,373 INFO  - Recieve a message from other vehicle (at simulation time 245.001,800,000 s)
2024-06-03 19:15:01,373 INFO  - My position is not better! (at simulation time 245.001,800,000 s)
2024-06-03 19:15:01,373 INFO  - Recieve a message from other vehicle (at simulation time 245.001,900,000 s)
2024-06-03 19:15:01,373 INFO  - My position is not better! (at simulation time 245.001,900,000 s)
2024-06-03 19:15:01,373 INFO  - Recieve a message from other vehicle (at simulation time 245.001,900,000 s)
2024-06-03 19:15:01,373 INFO  - My position is not better! (at simulation time 245.001,900,000 s)
2024-06-03 19:15:01,374 INFO  - Recieve a message from other vehicle (at simulation time 245.002,400,000 s)
2024-06-03 19:15:01,374 INFO  - My position is not better! (at simulation time 245.002,400,000 s)
2024-06-03 19:15:01,375 INFO  - Called #onVehicleUpdated (at simulation time 246.000,000,000 s)
2024-06-03 19:15:01,377 INFO  - Recieve a message from other vehicle (at simulation time 246.001,400,000 s)
2024-06-03 19:15:01,377 INFO  - My position is not better! (at simulation time 246.001,400,000 s)
2024-06-03 19:15:01,377 INFO  - Recieve a message from other vehicle (at simulation time 246.001,900,000 s)
2024-06-03 19:15:01,377 INFO  - My position is not better! (at simulation time 246.001,900,000 s)
2024-06-03 19:15:01,377 INFO  - Recieve a message from other vehicle (at simulation time 246.001,900,000 s)
2024-06-03 19:15:01,377 INFO  - My position is not better! (at simulation time 246.001,900,000 s)
2024-06-03 19:15:01,379 INFO  - Called #onVehicleUpdated (at simulation time 247.000,000,000 s)
2024-06-03 19:15:01,379 INFO  - Sending out AdHoc broadcast (at simulation time 247.000,000,000 s)
2024-06-03 19:15:01,382 INFO  - Called #onVehicleUpdated (at simulation time 248.000,000,000 s)
2024-06-03 19:15:01,388 INFO  - Called #onVehicleUpdated (at simulation time 249.000,000,000 s)
2024-06-03 19:15:01,388 INFO  - Sending out AdHoc broadcast (at simulation time 249.000,000,000 s)
2024-06-03 19:15:01,394 INFO  - Shutdown (at simulation time 250.000,000,000 s)
