2024-06-03 19:54:39,152 INFO  - Initialize Vehicle application (at simulation time 402.000,000,000 s)
2024-06-03 19:54:39,153 INFO  - Activated WLAN Module (at simulation time 402.000,000,000 s)
2024-06-03 19:54:39,155 INFO  - Called #onVehicleUpdated (at simulation time 402.000,000,000 s)
2024-06-03 19:54:39,157 INFO  - Called #onVehicleUpdated (at simulation time 403.000,000,000 s)
2024-06-03 19:54:39,157 INFO  - Define the name: veh_66 and route: r_3 (at simulation time 403.000,000,000 s)
2024-06-03 19:54:39,157 INFO  - Sending out AdHoc broadcast (at simulation time 403.000,000,000 s)
2024-06-03 19:54:39,158 INFO  - Called #onVehicleUpdated (at simulation time 404.000,000,000 s)
2024-06-03 19:54:39,159 INFO  - Called #onVehicleUpdated (at simulation time 405.000,000,000 s)
2024-06-03 19:54:39,159 INFO  - Sending out AdHoc broadcast (at simulation time 405.000,000,000 s)
2024-06-03 19:54:39,160 INFO  - Called #onVehicleUpdated (at simulation time 406.000,000,000 s)
2024-06-03 19:54:39,160 INFO  - Called #onVehicleUpdated (at simulation time 407.000,000,000 s)
2024-06-03 19:54:39,161 INFO  - Sending out AdHoc broadcast (at simulation time 407.000,000,000 s)
2024-06-03 19:54:39,162 INFO  - Called #onVehicleUpdated (at simulation time 408.000,000,000 s)
2024-06-03 19:54:39,163 INFO  - Called #onVehicleUpdated (at simulation time 409.000,000,000 s)
2024-06-03 19:54:39,164 INFO  - Sending out AdHoc broadcast (at simulation time 409.000,000,000 s)
2024-06-03 19:54:39,164 INFO  - Recieve a message from other vehicle (at simulation time 409.001,400,000 s)
2024-06-03 19:54:39,164 INFO  - Recending a message from other vehicle (at simulation time 409.001,400,000 s)
2024-06-03 19:54:39,164 INFO  - Recieve a message from other vehicle (at simulation time 409.002,400,000 s)
2024-06-03 19:54:39,164 INFO  - Recending a message from other vehicle (at simulation time 409.002,400,000 s)
2024-06-03 19:54:39,166 INFO  - Called #onVehicleUpdated (at simulation time 410.000,000,000 s)
2024-06-03 19:54:39,166 INFO  - Recieve a message from other vehicle (at simulation time 410.000,400,000 s)
2024-06-03 19:54:39,166 INFO  - Recending a message from other vehicle (at simulation time 410.000,400,000 s)
2024-06-03 19:54:39,166 INFO  - Recieve a message from other vehicle (at simulation time 410.004,300,000 s)
2024-06-03 19:54:39,166 INFO  - I'm in better position but no more hops in message (at simulation time 410.004,300,000 s)
2024-06-03 19:54:39,167 INFO  - Called #onVehicleUpdated (at simulation time 411.000,000,000 s)
2024-06-03 19:54:39,167 INFO  - Sending out DENM broadcast (at simulation time 411.000,000,000 s)
2024-06-03 19:54:39,167 INFO  - Sending out AdHoc broadcast (at simulation time 411.000,000,000 s)
2024-06-03 19:54:39,168 INFO  - Recieve a message from other vehicle (at simulation time 411.000,900,000 s)
2024-06-03 19:54:39,169 INFO  - I'm in better position but no more hops in message (at simulation time 411.000,900,000 s)
2024-06-03 19:54:39,169 INFO  - Recieve a message from other vehicle (at simulation time 411.001,300,000 s)
2024-06-03 19:54:39,169 INFO  - DENM message Recived from veh_64 -info : piso-molhado (at simulation time 411.001,300,000 s)
2024-06-03 19:54:39,169 INFO  - I slow down due to road state (at simulation time 411.001,300,000 s)
2024-06-03 19:54:39,169 INFO  - No more hops in DENM message (at simulation time 411.001,300,000 s)
2024-06-03 19:54:39,169 INFO  - Recieve a message from other vehicle (at simulation time 411.001,300,000 s)
2024-06-03 19:54:39,169 INFO  - DENM message Recived from veh_67 -info : piso-molhado (at simulation time 411.001,300,000 s)
2024-06-03 19:54:39,169 INFO  - I slow down due to road state (at simulation time 411.001,300,000 s)
2024-06-03 19:54:39,169 INFO  - No more hops in DENM message (at simulation time 411.001,300,000 s)
2024-06-03 19:54:39,170 INFO  - Recieve a message from other vehicle (at simulation time 411.001,400,000 s)
2024-06-03 19:54:39,170 INFO  - DENM message Recived from veh_67 -info : piso-molhado (at simulation time 411.001,400,000 s)
2024-06-03 19:54:39,170 INFO  - I slow down due to road state (at simulation time 411.001,400,000 s)
2024-06-03 19:54:39,170 INFO  - No more hops in DENM message (at simulation time 411.001,400,000 s)
2024-06-03 19:54:39,171 INFO  - Recieve a message from other vehicle (at simulation time 411.001,400,000 s)
2024-06-03 19:54:39,171 INFO  - I'm in better position but no more hops in message (at simulation time 411.001,400,000 s)
2024-06-03 19:54:39,171 INFO  - Recieve a message from other vehicle (at simulation time 411.002,400,000 s)
2024-06-03 19:54:39,171 INFO  - DENM message Recived from veh_64 -info : piso-molhado (at simulation time 411.002,400,000 s)
2024-06-03 19:54:39,171 INFO  - I slow down due to road state (at simulation time 411.002,400,000 s)
2024-06-03 19:54:39,171 INFO  - No more hops in DENM message (at simulation time 411.002,400,000 s)
2024-06-03 19:54:39,171 INFO  - Recieve a message from other vehicle (at simulation time 411.002,400,000 s)
2024-06-03 19:54:39,171 INFO  - Recending a message from other vehicle (at simulation time 411.002,400,000 s)
2024-06-03 19:54:39,172 INFO  - Recieve a message from other vehicle (at simulation time 411.002,800,000 s)
2024-06-03 19:54:39,172 INFO  - DENM message Recived from veh_66 -info : seco (at simulation time 411.002,800,000 s)
2024-06-03 19:54:39,172 INFO  - No more hops in DENM message (at simulation time 411.002,800,000 s)
2024-06-03 19:54:39,174 INFO  - Called #onVehicleUpdated (at simulation time 412.000,000,000 s)
2024-06-03 19:54:39,175 INFO  - Recieve a message from other vehicle (at simulation time 412.000,900,000 s)
2024-06-03 19:54:39,175 INFO  - I'm in better position but no more hops in message (at simulation time 412.000,900,000 s)
2024-06-03 19:54:39,175 INFO  - Recieve a message from other vehicle (at simulation time 412.001,800,000 s)
2024-06-03 19:54:39,175 INFO  - I'm in better position but no more hops in message (at simulation time 412.001,800,000 s)
2024-06-03 19:54:39,176 INFO  - Recieve a message from other vehicle (at simulation time 412.002,400,000 s)
2024-06-03 19:54:39,176 INFO  - DENM message Recived from veh_65 -info : seco (at simulation time 412.002,400,000 s)
2024-06-03 19:54:39,176 INFO  - No more hops in DENM message (at simulation time 412.002,400,000 s)
2024-06-03 19:54:39,176 INFO  - Recieve a message from other vehicle (at simulation time 412.002,400,000 s)
2024-06-03 19:54:39,176 INFO  - I'm in better position but no more hops in message (at simulation time 412.002,400,000 s)
2024-06-03 19:54:39,176 INFO  - Recieve a message from other vehicle (at simulation time 412.002,800,000 s)
2024-06-03 19:54:39,176 INFO  - DENM message Recived from veh_65 -info : seco (at simulation time 412.002,800,000 s)
2024-06-03 19:54:39,176 INFO  - No more hops in DENM message (at simulation time 412.002,800,000 s)
2024-06-03 19:54:39,177 INFO  - Called #onVehicleUpdated (at simulation time 413.000,000,000 s)
2024-06-03 19:54:39,177 INFO  - Sending out AdHoc broadcast (at simulation time 413.000,000,000 s)
2024-06-03 19:54:39,178 INFO  - Recieve a message from other vehicle (at simulation time 413.001,400,000 s)
2024-06-03 19:54:39,178 INFO  - My position is not better! (at simulation time 413.001,400,000 s)
2024-06-03 19:54:39,178 INFO  - Recieve a message from other vehicle (at simulation time 413.002,400,000 s)
2024-06-03 19:54:39,178 INFO  - I'm in better position but no more hops in message (at simulation time 413.002,400,000 s)
2024-06-03 19:54:39,178 INFO  - Recieve a message from other vehicle (at simulation time 413.002,400,000 s)
2024-06-03 19:54:39,178 INFO  - I'm in better position but no more hops in message (at simulation time 413.002,400,000 s)
2024-06-03 19:54:39,178 INFO  - Recieve a message from other vehicle (at simulation time 413.004,300,000 s)
2024-06-03 19:54:39,178 INFO  - My position is not better! (at simulation time 413.004,300,000 s)
2024-06-03 19:54:39,180 INFO  - Called #onVehicleUpdated (at simulation time 414.000,000,000 s)
2024-06-03 19:54:39,181 INFO  - Recieve a message from other vehicle (at simulation time 414.001,900,000 s)
2024-06-03 19:54:39,181 INFO  - My position is not better! (at simulation time 414.001,900,000 s)
2024-06-03 19:54:39,181 INFO  - Recieve a message from other vehicle (at simulation time 414.002,400,000 s)
2024-06-03 19:54:39,181 INFO  - My position is not better! (at simulation time 414.002,400,000 s)
2024-06-03 19:54:39,184 INFO  - Called #onVehicleUpdated (at simulation time 415.000,000,000 s)
2024-06-03 19:54:39,184 INFO  - Sending out AdHoc broadcast (at simulation time 415.000,000,000 s)
2024-06-03 19:54:39,184 INFO  - Recieve a message from other vehicle (at simulation time 415.000,400,000 s)
2024-06-03 19:54:39,184 INFO  - My position is not better! (at simulation time 415.000,400,000 s)
2024-06-03 19:54:39,185 INFO  - Recieve a message from other vehicle (at simulation time 415.001,900,000 s)
2024-06-03 19:54:39,185 INFO  - I'm in better position but no more hops in message (at simulation time 415.001,900,000 s)
2024-06-03 19:54:39,185 INFO  - Recieve a message from other vehicle (at simulation time 415.001,900,000 s)
2024-06-03 19:54:39,185 INFO  - My position is not better! (at simulation time 415.001,900,000 s)
2024-06-03 19:54:39,185 INFO  - Recieve a message from other vehicle (at simulation time 415.002,300,000 s)
2024-06-03 19:54:39,185 INFO  - I'm in better position but no more hops in message (at simulation time 415.002,300,000 s)
2024-06-03 19:54:39,185 INFO  - Recieve a message from other vehicle (at simulation time 415.002,300,000 s)
2024-06-03 19:54:39,185 INFO  - My position is not better! (at simulation time 415.002,300,000 s)
2024-06-03 19:54:39,186 INFO  - Called #onVehicleUpdated (at simulation time 416.000,000,000 s)
2024-06-03 19:54:39,186 INFO  - Recieve a message from other vehicle (at simulation time 416.001,900,000 s)
2024-06-03 19:54:39,186 INFO  - My position is not better! (at simulation time 416.001,900,000 s)
2024-06-03 19:54:39,186 INFO  - Recieve a message from other vehicle (at simulation time 416.002,400,000 s)
2024-06-03 19:54:39,186 INFO  - My position is not better! (at simulation time 416.002,400,000 s)
2024-06-03 19:54:39,187 INFO  - Called #onVehicleUpdated (at simulation time 417.000,000,000 s)
2024-06-03 19:54:39,187 INFO  - Sending out AdHoc broadcast (at simulation time 417.000,000,000 s)
2024-06-03 19:54:39,188 INFO  - Recieve a message from other vehicle (at simulation time 417.000,400,000 s)
2024-06-03 19:54:39,188 INFO  - My position is not better! (at simulation time 417.000,400,000 s)
2024-06-03 19:54:39,188 INFO  - Recieve a message from other vehicle (at simulation time 417.001,400,000 s)
2024-06-03 19:54:39,188 INFO  - My position is not better! (at simulation time 417.001,400,000 s)
2024-06-03 19:54:39,188 INFO  - Recieve a message from other vehicle (at simulation time 417.001,800,000 s)
2024-06-03 19:54:39,188 INFO  - My position is not better! (at simulation time 417.001,800,000 s)
2024-06-03 19:54:39,188 INFO  - Recieve a message from other vehicle (at simulation time 417.003,800,000 s)
2024-06-03 19:54:39,188 INFO  - I'm in better position but no more hops in message (at simulation time 417.003,800,000 s)
2024-06-03 19:54:39,189 INFO  - Called #onVehicleUpdated (at simulation time 418.000,000,000 s)
2024-06-03 19:54:39,190 INFO  - Called #onVehicleUpdated (at simulation time 419.000,000,000 s)
2024-06-03 19:54:39,190 INFO  - Sending out AdHoc broadcast (at simulation time 419.000,000,000 s)
2024-06-03 19:54:39,192 INFO  - Called #onVehicleUpdated (at simulation time 420.000,000,000 s)
2024-06-03 19:54:39,194 INFO  - Called #onVehicleUpdated (at simulation time 421.000,000,000 s)
2024-06-03 19:54:39,194 INFO  - Sending out AdHoc broadcast (at simulation time 421.000,000,000 s)
2024-06-03 19:54:39,196 INFO  - Called #onVehicleUpdated (at simulation time 422.000,000,000 s)
2024-06-03 19:54:39,200 INFO  - Called #onVehicleUpdated (at simulation time 423.000,000,000 s)
2024-06-03 19:54:39,200 INFO  - Sending out AdHoc broadcast (at simulation time 423.000,000,000 s)
2024-06-03 19:54:39,201 INFO  - Called #onVehicleUpdated (at simulation time 424.000,000,000 s)
2024-06-03 19:54:39,205 INFO  - Shutdown (at simulation time 425.000,000,000 s)
