2024-06-03 19:50:57,400 INFO  - Initialize Vehicle application (at simulation time 511.000,000,000 s)
2024-06-03 19:50:57,401 INFO  - Activated WLAN Module (at simulation time 511.000,000,000 s)
2024-06-03 19:50:57,401 INFO  - Called #onVehicleUpdated (at simulation time 511.000,000,000 s)
2024-06-03 19:50:57,402 INFO  - Recieve a message from other vehicle (at simulation time 511.001,900,000 s)
2024-06-03 19:50:57,402 INFO  - My position is not better! (at simulation time 511.001,900,000 s)
2024-06-03 19:50:57,402 INFO  - Called #onVehicleUpdated (at simulation time 512.000,000,000 s)
2024-06-03 19:50:57,402 INFO  - Define the name: veh_77 and route: r_1 (at simulation time 512.000,000,000 s)
2024-06-03 19:50:57,402 INFO  - Sending out AdHoc broadcast (at simulation time 512.000,000,000 s)
2024-06-03 19:50:57,402 INFO  - Recieve a message from other vehicle (at simulation time 512.002,400,000 s)
2024-06-03 19:50:57,402 INFO  - My position is not better! (at simulation time 512.002,400,000 s)
2024-06-03 19:50:57,402 INFO  - Recieve a message from other vehicle (at simulation time 512.004,800,000 s)
2024-06-03 19:50:57,402 INFO  - My position is not better! (at simulation time 512.004,800,000 s)
2024-06-03 19:50:57,403 INFO  - Called #onVehicleUpdated (at simulation time 513.000,000,000 s)
2024-06-03 19:50:57,403 INFO  - Recieve a message from other vehicle (at simulation time 513.001,400,000 s)
2024-06-03 19:50:57,403 INFO  - My position is not better! (at simulation time 513.001,400,000 s)
2024-06-03 19:50:57,404 INFO  - Called #onVehicleUpdated (at simulation time 514.000,000,000 s)
2024-06-03 19:50:57,404 INFO  - Sending out AdHoc broadcast (at simulation time 514.000,000,000 s)
2024-06-03 19:50:57,404 INFO  - Recieve a message from other vehicle (at simulation time 514.002,400,000 s)
2024-06-03 19:50:57,404 INFO  - My position is not better! (at simulation time 514.002,400,000 s)
2024-06-03 19:50:57,404 INFO  - Recieve a message from other vehicle (at simulation time 514.003,300,000 s)
2024-06-03 19:50:57,404 INFO  - My position is not better! (at simulation time 514.003,300,000 s)
2024-06-03 19:50:57,405 INFO  - Called #onVehicleUpdated (at simulation time 515.000,000,000 s)
2024-06-03 19:50:57,405 INFO  - Recieve a message from other vehicle (at simulation time 515.000,400,000 s)
2024-06-03 19:50:57,405 INFO  - My position is not better! (at simulation time 515.000,400,000 s)
2024-06-03 19:50:57,406 INFO  - Called #onVehicleUpdated (at simulation time 516.000,000,000 s)
2024-06-03 19:50:57,406 INFO  - Sending out AdHoc broadcast (at simulation time 516.000,000,000 s)
2024-06-03 19:50:57,406 INFO  - Recieve a message from other vehicle (at simulation time 516.001,400,000 s)
2024-06-03 19:50:57,406 INFO  - My position is not better! (at simulation time 516.001,400,000 s)
2024-06-03 19:50:57,406 INFO  - Recieve a message from other vehicle (at simulation time 516.002,800,000 s)
2024-06-03 19:50:57,406 INFO  - My position is not better! (at simulation time 516.002,800,000 s)
2024-06-03 19:50:57,407 INFO  - Called #onVehicleUpdated (at simulation time 517.000,000,000 s)
2024-06-03 19:50:57,407 INFO  - Recieve a message from other vehicle (at simulation time 517.001,900,000 s)
2024-06-03 19:50:57,407 INFO  - My position is not better! (at simulation time 517.001,900,000 s)
2024-06-03 19:50:57,407 INFO  - Recieve a message from other vehicle (at simulation time 517.003,800,000 s)
2024-06-03 19:50:57,407 INFO  - My position is not better! (at simulation time 517.003,800,000 s)
2024-06-03 19:50:57,408 INFO  - Called #onVehicleUpdated (at simulation time 518.000,000,000 s)
2024-06-03 19:50:57,409 INFO  - Sending out AdHoc broadcast (at simulation time 518.000,000,000 s)
2024-06-03 19:50:57,409 INFO  - Recieve a message from other vehicle (at simulation time 518.000,400,000 s)
2024-06-03 19:50:57,409 INFO  - My position is not better! (at simulation time 518.000,400,000 s)
2024-06-03 19:50:57,409 INFO  - Recieve a message from other vehicle (at simulation time 518.000,800,000 s)
2024-06-03 19:50:57,409 INFO  - My position is not better! (at simulation time 518.000,800,000 s)
2024-06-03 19:50:57,409 INFO  - Recieve a message from other vehicle (at simulation time 518.001,300,000 s)
2024-06-03 19:50:57,409 INFO  - My position is not better! (at simulation time 518.001,300,000 s)
2024-06-03 19:50:57,409 INFO  - Recieve a message from other vehicle (at simulation time 518.001,400,000 s)
2024-06-03 19:50:57,409 INFO  - My position is not better! (at simulation time 518.001,400,000 s)
2024-06-03 19:50:57,409 INFO  - Recieve a message from other vehicle (at simulation time 518.002,400,000 s)
2024-06-03 19:50:57,409 INFO  - My position is not better! (at simulation time 518.002,400,000 s)
2024-06-03 19:50:57,409 INFO  - Recieve a message from other vehicle (at simulation time 518.002,400,000 s)
2024-06-03 19:50:57,409 INFO  - My position is not better! (at simulation time 518.002,400,000 s)
2024-06-03 19:50:57,409 INFO  - Recieve a message from other vehicle (at simulation time 518.002,400,000 s)
2024-06-03 19:50:57,410 INFO  - My position is not better! (at simulation time 518.002,400,000 s)
2024-06-03 19:50:57,410 INFO  - Recieve a message from other vehicle (at simulation time 518.004,800,000 s)
2024-06-03 19:50:57,410 INFO  - My position is not better! (at simulation time 518.004,800,000 s)
2024-06-03 19:50:57,411 INFO  - Called #onVehicleUpdated (at simulation time 519.000,000,000 s)
2024-06-03 19:50:57,411 INFO  - Recieve a message from other vehicle (at simulation time 519.000,400,000 s)
2024-06-03 19:50:57,411 INFO  - DENM message Recived from veh_76 -info : seco (at simulation time 519.000,400,000 s)
2024-06-03 19:50:57,411 INFO  - No more hops in DENM message (at simulation time 519.000,400,000 s)
2024-06-03 19:50:57,411 INFO  - Recieve a message from other vehicle (at simulation time 519.000,900,000 s)
2024-06-03 19:50:57,411 INFO  - DENM message Recived from veh_79 -info : seco (at simulation time 519.000,900,000 s)
2024-06-03 19:50:57,411 INFO  - No more hops in DENM message (at simulation time 519.000,900,000 s)
2024-06-03 19:50:57,411 INFO  - Recieve a message from other vehicle (at simulation time 519.000,900,000 s)
2024-06-03 19:50:57,411 INFO  - My position is not better! (at simulation time 519.000,900,000 s)
2024-06-03 19:50:57,411 INFO  - Recieve a message from other vehicle (at simulation time 519.000,900,000 s)
2024-06-03 19:50:57,411 INFO  - My position is not better! (at simulation time 519.000,900,000 s)
2024-06-03 19:50:57,412 INFO  - Recieve a message from other vehicle (at simulation time 519.001,300,000 s)
2024-06-03 19:50:57,412 INFO  - DENM message Recived from veh_76 -info : seco (at simulation time 519.001,300,000 s)
2024-06-03 19:50:57,412 INFO  - No more hops in DENM message (at simulation time 519.001,300,000 s)
2024-06-03 19:50:57,412 INFO  - Recieve a message from other vehicle (at simulation time 519.001,300,000 s)
2024-06-03 19:50:57,412 INFO  - My position is not better! (at simulation time 519.001,300,000 s)
2024-06-03 19:50:57,412 INFO  - Recieve a message from other vehicle (at simulation time 519.001,400,000 s)
2024-06-03 19:50:57,412 INFO  - DENM message Recived from veh_78 -info : seco (at simulation time 519.001,400,000 s)
2024-06-03 19:50:57,412 INFO  - No more hops in DENM message (at simulation time 519.001,400,000 s)
2024-06-03 19:50:57,412 INFO  - Recieve a message from other vehicle (at simulation time 519.001,400,000 s)
2024-06-03 19:50:57,412 INFO  - My position is not better! (at simulation time 519.001,400,000 s)
2024-06-03 19:50:57,412 INFO  - Recieve a message from other vehicle (at simulation time 519.001,400,000 s)
2024-06-03 19:50:57,412 INFO  - My position is not better! (at simulation time 519.001,400,000 s)
2024-06-03 19:50:57,412 INFO  - Recieve a message from other vehicle (at simulation time 519.001,800,000 s)
2024-06-03 19:50:57,412 INFO  - My position is not better! (at simulation time 519.001,800,000 s)
2024-06-03 19:50:57,412 INFO  - Recieve a message from other vehicle (at simulation time 519.001,900,000 s)
2024-06-03 19:50:57,412 INFO  - My position is not better! (at simulation time 519.001,900,000 s)
2024-06-03 19:50:57,412 INFO  - Recieve a message from other vehicle (at simulation time 519.002,300,000 s)
2024-06-03 19:50:57,412 INFO  - DENM message Recived from veh_78 -info : seco (at simulation time 519.002,300,000 s)
2024-06-03 19:50:57,412 INFO  - No more hops in DENM message (at simulation time 519.002,300,000 s)
2024-06-03 19:50:57,412 INFO  - Recieve a message from other vehicle (at simulation time 519.002,400,000 s)
2024-06-03 19:50:57,412 INFO  - My position is not better! (at simulation time 519.002,400,000 s)
2024-06-03 19:50:57,412 INFO  - Recieve a message from other vehicle (at simulation time 519.002,400,000 s)
2024-06-03 19:50:57,412 INFO  - My position is not better! (at simulation time 519.002,400,000 s)
2024-06-03 19:50:57,412 INFO  - Recieve a message from other vehicle (at simulation time 519.002,800,000 s)
2024-06-03 19:50:57,412 INFO  - DENM message Recived from veh_79 -info : seco (at simulation time 519.002,800,000 s)
2024-06-03 19:50:57,412 INFO  - No more hops in DENM message (at simulation time 519.002,800,000 s)
2024-06-03 19:50:57,413 INFO  - Recieve a message from other vehicle (at simulation time 519.002,800,000 s)
2024-06-03 19:50:57,413 INFO  - My position is not better! (at simulation time 519.002,800,000 s)
2024-06-03 19:50:57,413 INFO  - Recieve a message from other vehicle (at simulation time 519.003,300,000 s)
2024-06-03 19:50:57,413 INFO  - My position is not better! (at simulation time 519.003,300,000 s)
2024-06-03 19:50:57,415 INFO  - Called #onVehicleUpdated (at simulation time 520.000,000,000 s)
2024-06-03 19:50:57,415 INFO  - Sending out DENM broadcast (at simulation time 520.000,000,000 s)
2024-06-03 19:50:57,415 INFO  - Sending out AdHoc broadcast (at simulation time 520.000,000,000 s)
2024-06-03 19:50:57,415 INFO  - Recieve a message from other vehicle (at simulation time 520.000,400,000 s)
2024-06-03 19:50:57,415 INFO  - My position is not better! (at simulation time 520.000,400,000 s)
2024-06-03 19:50:57,415 INFO  - Recieve a message from other vehicle (at simulation time 520.000,400,000 s)
2024-06-03 19:50:57,415 INFO  - Recending a message from other vehicle (at simulation time 520.000,400,000 s)
2024-06-03 19:50:57,415 INFO  - Recieve a message from other vehicle (at simulation time 520.000,800,000 s)
2024-06-03 19:50:57,415 INFO  - DENM message Recived from veh_77 -info : seco (at simulation time 520.000,800,000 s)
2024-06-03 19:50:57,415 INFO  - No more hops in DENM message (at simulation time 520.000,800,000 s)
2024-06-03 19:50:57,415 INFO  - Recieve a message from other vehicle (at simulation time 520.000,900,000 s)
2024-06-03 19:50:57,415 INFO  - Recending a message from other vehicle (at simulation time 520.000,900,000 s)
2024-06-03 19:50:57,415 INFO  - Recieve a message from other vehicle (at simulation time 520.000,900,000 s)
2024-06-03 19:50:57,415 INFO  - I'm in better position but no more hops in message (at simulation time 520.000,900,000 s)
2024-06-03 19:50:57,415 INFO  - Recieve a message from other vehicle (at simulation time 520.001,300,000 s)
2024-06-03 19:50:57,415 INFO  - My position is not better! (at simulation time 520.001,300,000 s)
2024-06-03 19:50:57,416 INFO  - Recieve a message from other vehicle (at simulation time 520.001,800,000 s)
2024-06-03 19:50:57,416 INFO  - I'm in better position but no more hops in message (at simulation time 520.001,800,000 s)
2024-06-03 19:50:57,416 INFO  - Recieve a message from other vehicle (at simulation time 520.002,400,000 s)
2024-06-03 19:50:57,416 INFO  - I'm in better position but no more hops in message (at simulation time 520.002,400,000 s)
2024-06-03 19:50:57,416 INFO  - Recieve a message from other vehicle (at simulation time 520.002,400,000 s)
2024-06-03 19:50:57,416 INFO  - My position is not better! (at simulation time 520.002,400,000 s)
2024-06-03 19:50:57,416 INFO  - Recieve a message from other vehicle (at simulation time 520.002,800,000 s)
2024-06-03 19:50:57,416 INFO  - I'm in better position but no more hops in message (at simulation time 520.002,800,000 s)
2024-06-03 19:50:57,416 INFO  - Recieve a message from other vehicle (at simulation time 520.002,800,000 s)
2024-06-03 19:50:57,416 INFO  - My position is not better! (at simulation time 520.002,800,000 s)
2024-06-03 19:50:57,417 INFO  - Called #onVehicleUpdated (at simulation time 521.000,000,000 s)
2024-06-03 19:50:57,417 INFO  - Recieve a message from other vehicle (at simulation time 521.001,400,000 s)
2024-06-03 19:50:57,417 INFO  - I'm in better position but no more hops in message (at simulation time 521.001,400,000 s)
2024-06-03 19:50:57,417 INFO  - Recieve a message from other vehicle (at simulation time 521.001,900,000 s)
2024-06-03 19:50:57,417 INFO  - I'm in better position but no more hops in message (at simulation time 521.001,900,000 s)
2024-06-03 19:50:57,418 INFO  - Recieve a message from other vehicle (at simulation time 521.002,400,000 s)
2024-06-03 19:50:57,418 INFO  - I'm in better position but no more hops in message (at simulation time 521.002,400,000 s)
2024-06-03 19:50:57,418 INFO  - Recieve a message from other vehicle (at simulation time 521.003,300,000 s)
2024-06-03 19:50:57,418 INFO  - I'm in better position but no more hops in message (at simulation time 521.003,300,000 s)
2024-06-03 19:50:57,418 INFO  - Called #onVehicleUpdated (at simulation time 522.000,000,000 s)
2024-06-03 19:50:57,418 INFO  - Sending out AdHoc broadcast (at simulation time 522.000,000,000 s)
2024-06-03 19:50:57,419 INFO  - Recieve a message from other vehicle (at simulation time 522.001,800,000 s)
2024-06-03 19:50:57,419 INFO  - I'm in better position but no more hops in message (at simulation time 522.001,800,000 s)
2024-06-03 19:50:57,419 INFO  - Recieve a message from other vehicle (at simulation time 522.002,400,000 s)
2024-06-03 19:50:57,419 INFO  - I'm in better position but no more hops in message (at simulation time 522.002,400,000 s)
2024-06-03 19:50:57,419 INFO  - Recieve a message from other vehicle (at simulation time 522.002,400,000 s)
2024-06-03 19:50:57,419 INFO  - I'm in better position but no more hops in message (at simulation time 522.002,400,000 s)
2024-06-03 19:50:57,419 INFO  - Called #onVehicleUpdated (at simulation time 523.000,000,000 s)
2024-06-03 19:50:57,420 INFO  - Recieve a message from other vehicle (at simulation time 523.001,400,000 s)
2024-06-03 19:50:57,420 INFO  - My position is not better! (at simulation time 523.001,400,000 s)
2024-06-03 19:50:57,420 INFO  - Recieve a message from other vehicle (at simulation time 523.002,400,000 s)
2024-06-03 19:50:57,420 INFO  - My position is not better! (at simulation time 523.002,400,000 s)
2024-06-03 19:50:57,420 INFO  - Called #onVehicleUpdated (at simulation time 524.000,000,000 s)
2024-06-03 19:50:57,420 INFO  - Sending out AdHoc broadcast (at simulation time 524.000,000,000 s)
2024-06-03 19:50:57,420 INFO  - Recieve a message from other vehicle (at simulation time 524.001,300,000 s)
2024-06-03 19:50:57,420 INFO  - My position is not better! (at simulation time 524.001,300,000 s)
2024-06-03 19:50:57,420 INFO  - Recieve a message from other vehicle (at simulation time 524.001,900,000 s)
2024-06-03 19:50:57,420 INFO  - My position is not better! (at simulation time 524.001,900,000 s)
2024-06-03 19:50:57,421 INFO  - Called #onVehicleUpdated (at simulation time 525.000,000,000 s)
2024-06-03 19:50:57,422 INFO  - Called #onVehicleUpdated (at simulation time 526.000,000,000 s)
2024-06-03 19:50:57,422 INFO  - Exced velocity! Sending new CAM (at simulation time 526.000,000,000 s)
2024-06-03 19:50:57,422 INFO  - Sending out AdHoc broadcast (at simulation time 526.000,000,000 s)
2024-06-03 19:50:57,423 INFO  - Sending out AdHoc broadcast (at simulation time 526.000,000,000 s)
2024-06-03 19:50:57,423 INFO  - Called #onVehicleUpdated (at simulation time 527.000,000,000 s)
2024-06-03 19:50:57,423 INFO  - Exced velocity! Sending new CAM (at simulation time 527.000,000,000 s)
2024-06-03 19:50:57,423 INFO  - Sending out AdHoc broadcast (at simulation time 527.000,000,000 s)
2024-06-03 19:50:57,424 INFO  - Called #onVehicleUpdated (at simulation time 528.000,000,000 s)
2024-06-03 19:50:57,424 INFO  - Exced velocity! Sending new CAM (at simulation time 528.000,000,000 s)
2024-06-03 19:50:57,424 INFO  - Sending out AdHoc broadcast (at simulation time 528.000,000,000 s)
2024-06-03 19:50:57,424 INFO  - Sending out AdHoc broadcast (at simulation time 528.000,000,000 s)
2024-06-03 19:50:57,424 INFO  - Sending out AdHoc broadcast (at simulation time 528.000,000,000 s)
2024-06-03 19:50:57,424 INFO  - Called #onVehicleUpdated (at simulation time 529.000,000,000 s)
2024-06-03 19:50:57,424 INFO  - Exced velocity! Sending new CAM (at simulation time 529.000,000,000 s)
2024-06-03 19:50:57,424 INFO  - Sending out AdHoc broadcast (at simulation time 529.000,000,000 s)
2024-06-03 19:50:57,424 INFO  - Sending out AdHoc broadcast (at simulation time 529.000,000,000 s)
2024-06-03 19:50:57,425 INFO  - Shutdown (at simulation time 530.000,000,000 s)
