2024-06-03 19:50:55,639 INFO  - Initialize Vehicle application (at simulation time 7.000,000,000 s)
2024-06-03 19:50:55,640 INFO  - Activated WLAN Module (at simulation time 7.000,000,000 s)
2024-06-03 19:50:55,642 INFO  - Called #onVehicleUpdated (at simulation time 7.000,000,000 s)
2024-06-03 19:50:55,648 INFO  - Recieve a message from other vehicle (at simulation time 7.001,900,000 s)
2024-06-03 19:50:55,648 INFO  - My position is not better! (at simulation time 7.001,900,000 s)
2024-06-03 19:50:55,652 INFO  - Called #onVehicleUpdated (at simulation time 8.000,000,000 s)
2024-06-03 19:50:55,655 INFO  - Define the name: veh_2 and route: r_1 (at simulation time 8.000,000,000 s)
2024-06-03 19:50:55,656 INFO  - Sending out AdHoc broadcast (at simulation time 8.000,000,000 s)
2024-06-03 19:50:55,657 INFO  - Recieve a message from other vehicle (at simulation time 8.001,900,000 s)
2024-06-03 19:50:55,657 INFO  - My position is not better! (at simulation time 8.001,900,000 s)
2024-06-03 19:50:55,658 INFO  - Recieve a message from other vehicle (at simulation time 8.002,800,000 s)
2024-06-03 19:50:55,658 INFO  - My position is not better! (at simulation time 8.002,800,000 s)
2024-06-03 19:50:55,662 INFO  - Called #onVehicleUpdated (at simulation time 9.000,000,000 s)
2024-06-03 19:50:55,666 INFO  - Recieve a message from other vehicle (at simulation time 9.000,400,000 s)
2024-06-03 19:50:55,666 INFO  - My position is not better! (at simulation time 9.000,400,000 s)
2024-06-03 19:50:55,677 INFO  - Called #onVehicleUpdated (at simulation time 10.000,000,000 s)
2024-06-03 19:50:55,680 INFO  - Sending out AdHoc broadcast (at simulation time 10.000,000,000 s)
2024-06-03 19:50:55,681 INFO  - Recieve a message from other vehicle (at simulation time 10.000,400,000 s)
2024-06-03 19:50:55,681 INFO  - My position is not better! (at simulation time 10.000,400,000 s)
2024-06-03 19:50:55,683 INFO  - Recieve a message from other vehicle (at simulation time 10.004,300,000 s)
2024-06-03 19:50:55,683 INFO  - My position is not better! (at simulation time 10.004,300,000 s)
2024-06-03 19:50:55,686 INFO  - Called #onVehicleUpdated (at simulation time 11.000,000,000 s)
2024-06-03 19:50:55,693 INFO  - Recieve a message from other vehicle (at simulation time 11.001,900,000 s)
2024-06-03 19:50:55,694 INFO  - My position is not better! (at simulation time 11.001,900,000 s)
2024-06-03 19:50:55,697 INFO  - Called #onVehicleUpdated (at simulation time 12.000,000,000 s)
2024-06-03 19:50:55,699 INFO  - Sending out AdHoc broadcast (at simulation time 12.000,000,000 s)
2024-06-03 19:50:55,705 INFO  - Recieve a message from other vehicle (at simulation time 12.002,400,000 s)
2024-06-03 19:50:55,706 INFO  - My position is not better! (at simulation time 12.002,400,000 s)
2024-06-03 19:50:55,706 INFO  - Recieve a message from other vehicle (at simulation time 12.003,300,000 s)
2024-06-03 19:50:55,706 INFO  - My position is not better! (at simulation time 12.003,300,000 s)
2024-06-03 19:50:55,709 INFO  - Called #onVehicleUpdated (at simulation time 13.000,000,000 s)
2024-06-03 19:50:55,722 INFO  - Recieve a message from other vehicle (at simulation time 13.002,400,000 s)
2024-06-03 19:50:55,722 INFO  - My position is not better! (at simulation time 13.002,400,000 s)
2024-06-03 19:50:55,729 INFO  - Called #onVehicleUpdated (at simulation time 14.000,000,000 s)
2024-06-03 19:50:55,731 INFO  - Sending out AdHoc broadcast (at simulation time 14.000,000,000 s)
2024-06-03 19:50:55,734 INFO  - Recieve a message from other vehicle (at simulation time 14.000,400,000 s)
2024-06-03 19:50:55,734 INFO  - My position is not better! (at simulation time 14.000,400,000 s)
2024-06-03 19:50:55,734 INFO  - Recieve a message from other vehicle (at simulation time 14.000,400,000 s)
2024-06-03 19:50:55,734 INFO  - My position is not better! (at simulation time 14.000,400,000 s)
2024-06-03 19:50:55,736 INFO  - Recieve a message from other vehicle (at simulation time 14.000,900,000 s)
2024-06-03 19:50:55,736 INFO  - My position is not better! (at simulation time 14.000,900,000 s)
2024-06-03 19:50:55,736 INFO  - Recieve a message from other vehicle (at simulation time 14.000,900,000 s)
2024-06-03 19:50:55,736 INFO  - My position is not better! (at simulation time 14.000,900,000 s)
2024-06-03 19:50:55,740 INFO  - Recieve a message from other vehicle (at simulation time 14.001,800,000 s)
2024-06-03 19:50:55,740 INFO  - My position is not better! (at simulation time 14.001,800,000 s)
2024-06-03 19:50:55,740 INFO  - Recieve a message from other vehicle (at simulation time 14.001,800,000 s)
2024-06-03 19:50:55,740 INFO  - My position is not better! (at simulation time 14.001,800,000 s)
2024-06-03 19:50:55,741 INFO  - Recieve a message from other vehicle (at simulation time 14.001,900,000 s)
2024-06-03 19:50:55,741 INFO  - My position is not better! (at simulation time 14.001,900,000 s)
2024-06-03 19:50:55,744 INFO  - Recieve a message from other vehicle (at simulation time 14.002,300,000 s)
2024-06-03 19:50:55,744 INFO  - My position is not better! (at simulation time 14.002,300,000 s)
2024-06-03 19:50:55,745 INFO  - Recieve a message from other vehicle (at simulation time 14.002,400,000 s)
2024-06-03 19:50:55,745 INFO  - My position is not better! (at simulation time 14.002,400,000 s)
2024-06-03 19:50:55,746 INFO  - Recieve a message from other vehicle (at simulation time 14.002,400,000 s)
2024-06-03 19:50:55,746 INFO  - My position is not better! (at simulation time 14.002,400,000 s)
2024-06-03 19:50:55,746 INFO  - Recieve a message from other vehicle (at simulation time 14.002,800,000 s)
2024-06-03 19:50:55,747 INFO  - My position is not better! (at simulation time 14.002,800,000 s)
2024-06-03 19:50:55,747 INFO  - Recieve a message from other vehicle (at simulation time 14.002,800,000 s)
2024-06-03 19:50:55,747 INFO  - My position is not better! (at simulation time 14.002,800,000 s)
2024-06-03 19:50:55,748 INFO  - Recieve a message from other vehicle (at simulation time 14.004,300,000 s)
2024-06-03 19:50:55,748 INFO  - My position is not better! (at simulation time 14.004,300,000 s)
2024-06-03 19:50:55,749 INFO  - Recieve a message from other vehicle (at simulation time 14.004,300,000 s)
2024-06-03 19:50:55,749 INFO  - My position is not better! (at simulation time 14.004,300,000 s)
2024-06-03 19:50:55,758 INFO  - Called #onVehicleUpdated (at simulation time 15.000,000,000 s)
2024-06-03 19:50:55,766 INFO  - Recieve a message from other vehicle (at simulation time 15.000,400,000 s)
2024-06-03 19:50:55,766 INFO  - My position is not better! (at simulation time 15.000,400,000 s)
2024-06-03 19:50:55,766 INFO  - Recieve a message from other vehicle (at simulation time 15.000,400,000 s)
2024-06-03 19:50:55,766 INFO  - My position is not better! (at simulation time 15.000,400,000 s)
2024-06-03 19:50:55,768 INFO  - Recieve a message from other vehicle (at simulation time 15.000,800,000 s)
2024-06-03 19:50:55,768 INFO  - DENM message Recived from veh_5 -info : nevoeiro (at simulation time 15.000,800,000 s)
2024-06-03 19:50:55,768 INFO  - No more hops in DENM message (at simulation time 15.000,800,000 s)
2024-06-03 19:50:55,769 INFO  - Recieve a message from other vehicle (at simulation time 15.000,800,000 s)
2024-06-03 19:50:55,769 INFO  - My position is not better! (at simulation time 15.000,800,000 s)
2024-06-03 19:50:55,769 INFO  - Recieve a message from other vehicle (at simulation time 15.000,900,000 s)
2024-06-03 19:50:55,769 INFO  - DENM message Recived from veh_0 -info : seco (at simulation time 15.000,900,000 s)
2024-06-03 19:50:55,769 INFO  - No more hops in DENM message (at simulation time 15.000,900,000 s)
2024-06-03 19:50:55,769 INFO  - Recieve a message from other vehicle (at simulation time 15.000,900,000 s)
2024-06-03 19:50:55,769 INFO  - DENM message Recived from veh_1 -info : seco (at simulation time 15.000,900,000 s)
2024-06-03 19:50:55,769 INFO  - No more hops in DENM message (at simulation time 15.000,900,000 s)
2024-06-03 19:50:55,769 INFO  - Recieve a message from other vehicle (at simulation time 15.000,900,000 s)
2024-06-03 19:50:55,769 INFO  - My position is not better! (at simulation time 15.000,900,000 s)
2024-06-03 19:50:55,770 INFO  - Recieve a message from other vehicle (at simulation time 15.000,900,000 s)
2024-06-03 19:50:55,770 INFO  - My position is not better! (at simulation time 15.000,900,000 s)
2024-06-03 19:50:55,770 INFO  - Recieve a message from other vehicle (at simulation time 15.000,900,000 s)
2024-06-03 19:50:55,770 INFO  - My position is not better! (at simulation time 15.000,900,000 s)
2024-06-03 19:50:55,771 INFO  - Recieve a message from other vehicle (at simulation time 15.001,300,000 s)
2024-06-03 19:50:55,771 INFO  - DENM message Recived from veh_1 -info : seco (at simulation time 15.001,300,000 s)
2024-06-03 19:50:55,771 INFO  - No more hops in DENM message (at simulation time 15.001,300,000 s)
2024-06-03 19:50:55,771 INFO  - Recieve a message from other vehicle (at simulation time 15.001,300,000 s)
2024-06-03 19:50:55,771 INFO  - DENM message Recived from veh_3 -info : seco (at simulation time 15.001,300,000 s)
2024-06-03 19:50:55,771 INFO  - No more hops in DENM message (at simulation time 15.001,300,000 s)
2024-06-03 19:50:55,773 INFO  - Recieve a message from other vehicle (at simulation time 15.001,400,000 s)
2024-06-03 19:50:55,773 INFO  - DENM message Recived from veh_5 -info : nevoeiro (at simulation time 15.001,400,000 s)
2024-06-03 19:50:55,773 INFO  - No more hops in DENM message (at simulation time 15.001,400,000 s)
2024-06-03 19:50:55,774 INFO  - Recieve a message from other vehicle (at simulation time 15.001,400,000 s)
2024-06-03 19:50:55,774 INFO  - My position is not better! (at simulation time 15.001,400,000 s)
2024-06-03 19:50:55,774 INFO  - Recieve a message from other vehicle (at simulation time 15.001,400,000 s)
2024-06-03 19:50:55,774 INFO  - My position is not better! (at simulation time 15.001,400,000 s)
2024-06-03 19:50:55,776 INFO  - Recieve a message from other vehicle (at simulation time 15.001,900,000 s)
2024-06-03 19:50:55,776 INFO  - DENM message Recived from veh_3 -info : seco (at simulation time 15.001,900,000 s)
2024-06-03 19:50:55,776 INFO  - No more hops in DENM message (at simulation time 15.001,900,000 s)
2024-06-03 19:50:55,777 INFO  - Recieve a message from other vehicle (at simulation time 15.002,300,000 s)
2024-06-03 19:50:55,777 INFO  - My position is not better! (at simulation time 15.002,300,000 s)
2024-06-03 19:50:55,777 INFO  - Recieve a message from other vehicle (at simulation time 15.002,300,000 s)
2024-06-03 19:50:55,777 INFO  - My position is not better! (at simulation time 15.002,300,000 s)
2024-06-03 19:50:55,777 INFO  - Recieve a message from other vehicle (at simulation time 15.002,300,000 s)
2024-06-03 19:50:55,777 INFO  - My position is not better! (at simulation time 15.002,300,000 s)
2024-06-03 19:50:55,777 INFO  - Recieve a message from other vehicle (at simulation time 15.002,300,000 s)
2024-06-03 19:50:55,777 INFO  - My position is not better! (at simulation time 15.002,300,000 s)
2024-06-03 19:50:55,778 INFO  - Recieve a message from other vehicle (at simulation time 15.002,400,000 s)
2024-06-03 19:50:55,778 INFO  - My position is not better! (at simulation time 15.002,400,000 s)
2024-06-03 19:50:55,778 INFO  - Recieve a message from other vehicle (at simulation time 15.002,400,000 s)
2024-06-03 19:50:55,778 INFO  - My position is not better! (at simulation time 15.002,400,000 s)
2024-06-03 19:50:55,778 INFO  - Recieve a message from other vehicle (at simulation time 15.002,400,000 s)
2024-06-03 19:50:55,778 INFO  - My position is not better! (at simulation time 15.002,400,000 s)
2024-06-03 19:50:55,779 INFO  - Recieve a message from other vehicle (at simulation time 15.002,400,000 s)
2024-06-03 19:50:55,779 INFO  - My position is not better! (at simulation time 15.002,400,000 s)
2024-06-03 19:50:55,780 INFO  - Recieve a message from other vehicle (at simulation time 15.002,800,000 s)
2024-06-03 19:50:55,780 INFO  - DENM message Recived from veh_0 -info : seco (at simulation time 15.002,800,000 s)
2024-06-03 19:50:55,780 INFO  - No more hops in DENM message (at simulation time 15.002,800,000 s)
2024-06-03 19:50:55,781 INFO  - Recieve a message from other vehicle (at simulation time 15.004,300,000 s)
2024-06-03 19:50:55,782 INFO  - My position is not better! (at simulation time 15.004,300,000 s)
2024-06-03 19:50:55,785 INFO  - Called #onVehicleUpdated (at simulation time 16.000,000,000 s)
2024-06-03 19:50:55,786 INFO  - Sending out DENM broadcast (at simulation time 16.000,000,000 s)
2024-06-03 19:50:55,786 INFO  - Sending out AdHoc broadcast (at simulation time 16.000,000,000 s)
2024-06-03 19:50:55,788 INFO  - Recieve a message from other vehicle (at simulation time 16.000,400,000 s)
2024-06-03 19:50:55,788 INFO  - DENM message Recived from veh_4 -info : seco (at simulation time 16.000,400,000 s)
2024-06-03 19:50:55,788 INFO  - Recending a DENM message from other vehicle (at simulation time 16.000,400,000 s)
2024-06-03 19:50:55,789 INFO  - Recieve a message from other vehicle (at simulation time 16.000,400,000 s)
2024-06-03 19:50:55,789 INFO  - Recending a message from other vehicle (at simulation time 16.000,400,000 s)
2024-06-03 19:50:55,789 INFO  - Recieve a message from other vehicle (at simulation time 16.000,400,000 s)
2024-06-03 19:50:55,789 INFO  - My position is not better! (at simulation time 16.000,400,000 s)
2024-06-03 19:50:55,791 INFO  - Recieve a message from other vehicle (at simulation time 16.000,900,000 s)
2024-06-03 19:50:55,791 INFO  - My position is not better! (at simulation time 16.000,900,000 s)
2024-06-03 19:50:55,793 INFO  - Recieve a message from other vehicle (at simulation time 16.001,400,000 s)
2024-06-03 19:50:55,793 INFO  - My position is not better! (at simulation time 16.001,400,000 s)
2024-06-03 19:50:55,793 INFO  - Recieve a message from other vehicle (at simulation time 16.001,400,000 s)
2024-06-03 19:50:55,793 INFO  - I'm in better position but no more hops in message (at simulation time 16.001,400,000 s)
2024-06-03 19:50:55,793 INFO  - Recieve a message from other vehicle (at simulation time 16.001,400,000 s)
2024-06-03 19:50:55,793 INFO  - I'm in better position but no more hops in message (at simulation time 16.001,400,000 s)
2024-06-03 19:50:55,793 INFO  - Recieve a message from other vehicle (at simulation time 16.001,400,000 s)
2024-06-03 19:50:55,793 INFO  - My position is not better! (at simulation time 16.001,400,000 s)
2024-06-03 19:50:55,794 INFO  - Recieve a message from other vehicle (at simulation time 16.001,800,000 s)
2024-06-03 19:50:55,794 INFO  - I'm in better position but no more hops in message (at simulation time 16.001,800,000 s)
2024-06-03 19:50:55,794 INFO  - Recieve a message from other vehicle (at simulation time 16.001,900,000 s)
2024-06-03 19:50:55,794 INFO  - My position is not better! (at simulation time 16.001,900,000 s)
2024-06-03 19:50:55,795 INFO  - Recieve a message from other vehicle (at simulation time 16.001,900,000 s)
2024-06-03 19:50:55,795 INFO  - My position is not better! (at simulation time 16.001,900,000 s)
2024-06-03 19:50:55,795 INFO  - Recieve a message from other vehicle (at simulation time 16.002,300,000 s)
2024-06-03 19:50:55,795 INFO  - DENM message Recived from veh_2 -info : seco (at simulation time 16.002,300,000 s)
2024-06-03 19:50:55,795 INFO  - No more hops in DENM message (at simulation time 16.002,300,000 s)
2024-06-03 19:50:55,795 INFO  - Recieve a message from other vehicle (at simulation time 16.002,300,000 s)
2024-06-03 19:50:55,795 INFO  - My position is not better! (at simulation time 16.002,300,000 s)
2024-06-03 19:50:55,796 INFO  - Recieve a message from other vehicle (at simulation time 16.002,800,000 s)
2024-06-03 19:50:55,796 INFO  - My position is not better! (at simulation time 16.002,800,000 s)
2024-06-03 19:50:55,796 INFO  - Recieve a message from other vehicle (at simulation time 16.002,800,000 s)
2024-06-03 19:50:55,796 INFO  - I'm in better position but no more hops in message (at simulation time 16.002,800,000 s)
2024-06-03 19:50:55,796 INFO  - Recieve a message from other vehicle (at simulation time 16.003,300,000 s)
2024-06-03 19:50:55,796 INFO  - My position is not better! (at simulation time 16.003,300,000 s)
2024-06-03 19:50:55,799 INFO  - Called #onVehicleUpdated (at simulation time 17.000,000,000 s)
2024-06-03 19:50:55,802 INFO  - Recieve a message from other vehicle (at simulation time 17.000,400,000 s)
2024-06-03 19:50:55,802 INFO  - I'm in better position but no more hops in message (at simulation time 17.000,400,000 s)
2024-06-03 19:50:55,802 INFO  - Recieve a message from other vehicle (at simulation time 17.000,900,000 s)
2024-06-03 19:50:55,802 INFO  - I'm in better position but no more hops in message (at simulation time 17.000,900,000 s)
2024-06-03 19:50:55,803 INFO  - Recieve a message from other vehicle (at simulation time 17.001,300,000 s)
2024-06-03 19:50:55,803 INFO  - I'm in better position but no more hops in message (at simulation time 17.001,300,000 s)
2024-06-03 19:50:55,803 INFO  - Recieve a message from other vehicle (at simulation time 17.001,400,000 s)
2024-06-03 19:50:55,803 INFO  - I'm in better position but no more hops in message (at simulation time 17.001,400,000 s)
2024-06-03 19:50:55,804 INFO  - Recieve a message from other vehicle (at simulation time 17.001,900,000 s)
2024-06-03 19:50:55,804 INFO  - I'm in better position but no more hops in message (at simulation time 17.001,900,000 s)
2024-06-03 19:50:55,804 INFO  - Recieve a message from other vehicle (at simulation time 17.001,900,000 s)
2024-06-03 19:50:55,804 INFO  - I'm in better position but no more hops in message (at simulation time 17.001,900,000 s)
2024-06-03 19:50:55,804 INFO  - Recieve a message from other vehicle (at simulation time 17.001,900,000 s)
2024-06-03 19:50:55,804 INFO  - I'm in better position but no more hops in message (at simulation time 17.001,900,000 s)
2024-06-03 19:50:55,805 INFO  - Recieve a message from other vehicle (at simulation time 17.002,300,000 s)
2024-06-03 19:50:55,806 INFO  - I'm in better position but no more hops in message (at simulation time 17.002,300,000 s)
2024-06-03 19:50:55,806 INFO  - Recieve a message from other vehicle (at simulation time 17.002,300,000 s)
2024-06-03 19:50:55,806 INFO  - I'm in better position but no more hops in message (at simulation time 17.002,300,000 s)
2024-06-03 19:50:55,806 INFO  - Recieve a message from other vehicle (at simulation time 17.002,300,000 s)
2024-06-03 19:50:55,806 INFO  - I'm in better position but no more hops in message (at simulation time 17.002,300,000 s)
2024-06-03 19:50:55,806 INFO  - Recieve a message from other vehicle (at simulation time 17.002,400,000 s)
2024-06-03 19:50:55,806 INFO  - My position is not better! (at simulation time 17.002,400,000 s)
2024-06-03 19:50:55,806 INFO  - Recieve a message from other vehicle (at simulation time 17.002,800,000 s)
2024-06-03 19:50:55,806 INFO  - I'm in better position but no more hops in message (at simulation time 17.002,800,000 s)
2024-06-03 19:50:55,809 INFO  - Called #onVehicleUpdated (at simulation time 18.000,000,000 s)
2024-06-03 19:50:55,809 INFO  - Sending out AdHoc broadcast (at simulation time 18.000,000,000 s)
2024-06-03 19:50:55,811 INFO  - Recieve a message from other vehicle (at simulation time 18.000,900,000 s)
2024-06-03 19:50:55,812 INFO  - I'm in better position but no more hops in message (at simulation time 18.000,900,000 s)
2024-06-03 19:50:55,812 INFO  - Recieve a message from other vehicle (at simulation time 18.000,900,000 s)
2024-06-03 19:50:55,812 INFO  - I'm in better position but no more hops in message (at simulation time 18.000,900,000 s)
2024-06-03 19:50:55,812 INFO  - Recieve a message from other vehicle (at simulation time 18.000,900,000 s)
2024-06-03 19:50:55,812 INFO  - I'm in better position but no more hops in message (at simulation time 18.000,900,000 s)
2024-06-03 19:50:55,812 INFO  - Recieve a message from other vehicle (at simulation time 18.001,400,000 s)
2024-06-03 19:50:55,812 INFO  - Recending a message from other vehicle (at simulation time 18.001,400,000 s)
2024-06-03 19:50:55,813 INFO  - Recieve a message from other vehicle (at simulation time 18.001,400,000 s)
2024-06-03 19:50:55,813 INFO  - Recending a message from other vehicle (at simulation time 18.001,400,000 s)
2024-06-03 19:50:55,813 INFO  - Recieve a message from other vehicle (at simulation time 18.001,800,000 s)
2024-06-03 19:50:55,813 INFO  - I'm in better position but no more hops in message (at simulation time 18.001,800,000 s)
2024-06-03 19:50:55,814 INFO  - Recieve a message from other vehicle (at simulation time 18.002,400,000 s)
2024-06-03 19:50:55,814 INFO  - I'm in better position but no more hops in message (at simulation time 18.002,400,000 s)
2024-06-03 19:50:55,817 INFO  - Called #onVehicleUpdated (at simulation time 19.000,000,000 s)
2024-06-03 19:50:55,819 INFO  - Recieve a message from other vehicle (at simulation time 19.000,400,000 s)
2024-06-03 19:50:55,819 INFO  - I'm in better position but no more hops in message (at simulation time 19.000,400,000 s)
2024-06-03 19:50:55,819 INFO  - Recieve a message from other vehicle (at simulation time 19.000,900,000 s)
2024-06-03 19:50:55,819 INFO  - I'm in better position but no more hops in message (at simulation time 19.000,900,000 s)
2024-06-03 19:50:55,819 INFO  - Recieve a message from other vehicle (at simulation time 19.000,900,000 s)
2024-06-03 19:50:55,819 INFO  - I'm in better position but no more hops in message (at simulation time 19.000,900,000 s)
2024-06-03 19:50:55,819 INFO  - Recieve a message from other vehicle (at simulation time 19.001,400,000 s)
2024-06-03 19:50:55,820 INFO  - Recending a message from other vehicle (at simulation time 19.001,400,000 s)
2024-06-03 19:50:55,820 INFO  - Recieve a message from other vehicle (at simulation time 19.001,900,000 s)
2024-06-03 19:50:55,820 INFO  - Recending a message from other vehicle (at simulation time 19.001,900,000 s)
2024-06-03 19:50:55,820 INFO  - Recieve a message from other vehicle (at simulation time 19.001,900,000 s)
2024-06-03 19:50:55,820 INFO  - I'm in better position but no more hops in message (at simulation time 19.001,900,000 s)
2024-06-03 19:50:55,820 INFO  - Recieve a message from other vehicle (at simulation time 19.002,400,000 s)
2024-06-03 19:50:55,820 INFO  - I'm in better position but no more hops in message (at simulation time 19.002,400,000 s)
2024-06-03 19:50:55,825 INFO  - Called #onVehicleUpdated (at simulation time 20.000,000,000 s)
2024-06-03 19:50:55,826 INFO  - Sending out AdHoc broadcast (at simulation time 20.000,000,000 s)
2024-06-03 19:50:55,827 INFO  - Recieve a message from other vehicle (at simulation time 20.000,400,000 s)
2024-06-03 19:50:55,827 INFO  - My position is not better! (at simulation time 20.000,400,000 s)
2024-06-03 19:50:55,827 INFO  - Recieve a message from other vehicle (at simulation time 20.000,400,000 s)
2024-06-03 19:50:55,827 INFO  - My position is not better! (at simulation time 20.000,400,000 s)
2024-06-03 19:50:55,827 INFO  - Recieve a message from other vehicle (at simulation time 20.001,300,000 s)
2024-06-03 19:50:55,827 INFO  - I'm in better position but no more hops in message (at simulation time 20.001,300,000 s)
2024-06-03 19:50:55,828 INFO  - Recieve a message from other vehicle (at simulation time 20.001,800,000 s)
2024-06-03 19:50:55,828 INFO  - My position is not better! (at simulation time 20.001,800,000 s)
2024-06-03 19:50:55,828 INFO  - Recieve a message from other vehicle (at simulation time 20.001,900,000 s)
2024-06-03 19:50:55,828 INFO  - My position is not better! (at simulation time 20.001,900,000 s)
2024-06-03 19:50:55,828 INFO  - Recieve a message from other vehicle (at simulation time 20.002,300,000 s)
2024-06-03 19:50:55,828 INFO  - I'm in better position but no more hops in message (at simulation time 20.002,300,000 s)
2024-06-03 19:50:55,831 INFO  - Called #onVehicleUpdated (at simulation time 21.000,000,000 s)
2024-06-03 19:50:55,832 INFO  - Recieve a message from other vehicle (at simulation time 21.000,900,000 s)
2024-06-03 19:50:55,832 INFO  - My position is not better! (at simulation time 21.000,900,000 s)
2024-06-03 19:50:55,832 INFO  - Recieve a message from other vehicle (at simulation time 21.001,300,000 s)
2024-06-03 19:50:55,832 INFO  - My position is not better! (at simulation time 21.001,300,000 s)
2024-06-03 19:50:55,832 INFO  - Recieve a message from other vehicle (at simulation time 21.001,300,000 s)
2024-06-03 19:50:55,832 INFO  - My position is not better! (at simulation time 21.001,300,000 s)
2024-06-03 19:50:55,832 INFO  - Recieve a message from other vehicle (at simulation time 21.001,400,000 s)
2024-06-03 19:50:55,832 INFO  - My position is not better! (at simulation time 21.001,400,000 s)
2024-06-03 19:50:55,833 INFO  - Recieve a message from other vehicle (at simulation time 21.001,900,000 s)
2024-06-03 19:50:55,833 INFO  - My position is not better! (at simulation time 21.001,900,000 s)
2024-06-03 19:50:55,833 INFO  - Recieve a message from other vehicle (at simulation time 21.001,900,000 s)
2024-06-03 19:50:55,833 INFO  - My position is not better! (at simulation time 21.001,900,000 s)
2024-06-03 19:50:55,833 INFO  - Recieve a message from other vehicle (at simulation time 21.001,900,000 s)
2024-06-03 19:50:55,833 INFO  - My position is not better! (at simulation time 21.001,900,000 s)
2024-06-03 19:50:55,833 INFO  - Recieve a message from other vehicle (at simulation time 21.002,800,000 s)
2024-06-03 19:50:55,833 INFO  - My position is not better! (at simulation time 21.002,800,000 s)
2024-06-03 19:50:55,833 INFO  - Recieve a message from other vehicle (at simulation time 21.004,300,000 s)
2024-06-03 19:50:55,833 INFO  - My position is not better! (at simulation time 21.004,300,000 s)
2024-06-03 19:50:55,835 INFO  - Called #onVehicleUpdated (at simulation time 22.000,000,000 s)
2024-06-03 19:50:55,836 INFO  - Sending out AdHoc broadcast (at simulation time 22.000,000,000 s)
2024-06-03 19:50:55,839 INFO  - Called #onVehicleUpdated (at simulation time 23.000,000,000 s)
2024-06-03 19:50:55,844 INFO  - Called #onVehicleUpdated (at simulation time 24.000,000,000 s)
2024-06-03 19:50:55,845 INFO  - Sending out AdHoc broadcast (at simulation time 24.000,000,000 s)
2024-06-03 19:50:55,849 INFO  - Called #onVehicleUpdated (at simulation time 25.000,000,000 s)
2024-06-03 19:50:55,852 INFO  - Called #onVehicleUpdated (at simulation time 26.000,000,000 s)
2024-06-03 19:50:55,852 INFO  - Sending out AdHoc broadcast (at simulation time 26.000,000,000 s)
2024-06-03 19:50:55,854 INFO  - Shutdown (at simulation time 27.000,000,000 s)
