2024-06-03 18:12:24,628 INFO  - Initialize Vehicle application (at simulation time 115.000,000,000 s)
2024-06-03 18:12:24,629 INFO  - Activated WLAN Module (at simulation time 115.000,000,000 s)
2024-06-03 18:12:24,629 INFO  - Called #onVehicleUpdated (at simulation time 115.000,000,000 s)
2024-06-03 18:12:24,633 INFO  - Recieve a message from other vehicle (at simulation time 115.000,900,000 s)
2024-06-03 18:12:24,633 INFO  - My position is not better! (at simulation time 115.000,900,000 s)
2024-06-03 18:12:24,633 INFO  - Recieve a message from other vehicle (at simulation time 115.001,400,000 s)
2024-06-03 18:12:24,633 INFO  - My position is not better! (at simulation time 115.001,400,000 s)
2024-06-03 18:12:24,829 INFO  - Called #onVehicleUpdated (at simulation time 116.000,000,000 s)
2024-06-03 18:12:24,830 INFO  - Define the name: veh_22 and route: r_3 (at simulation time 116.000,000,000 s)
2024-06-03 18:12:24,830 INFO  - Sending out AdHoc broadcast (at simulation time 116.000,000,000 s)
2024-06-03 18:12:24,832 INFO  - Recieve a message from other vehicle (at simulation time 116.000,900,000 s)
2024-06-03 18:12:24,832 INFO  - My position is not better! (at simulation time 116.000,900,000 s)
2024-06-03 18:12:24,833 INFO  - Recieve a message from other vehicle (at simulation time 116.001,400,000 s)
2024-06-03 18:12:24,833 INFO  - My position is not better! (at simulation time 116.001,400,000 s)
2024-06-03 18:12:24,838 INFO  - Recieve a message from other vehicle (at simulation time 116.002,800,000 s)
2024-06-03 18:12:24,838 INFO  - My position is not better! (at simulation time 116.002,800,000 s)
2024-06-03 18:12:25,028 INFO  - Called #onVehicleUpdated (at simulation time 117.000,000,000 s)
2024-06-03 18:12:25,033 INFO  - Recieve a message from other vehicle (at simulation time 117.000,900,000 s)
2024-06-03 18:12:25,033 INFO  - My position is not better! (at simulation time 117.000,900,000 s)
2024-06-03 18:12:25,037 INFO  - Recieve a message from other vehicle (at simulation time 117.001,900,000 s)
2024-06-03 18:12:25,037 INFO  - My position is not better! (at simulation time 117.001,900,000 s)
2024-06-03 18:12:25,038 INFO  - Recieve a message from other vehicle (at simulation time 117.001,900,000 s)
2024-06-03 18:12:25,038 INFO  - My position is not better! (at simulation time 117.001,900,000 s)
2024-06-03 18:12:25,229 INFO  - Called #onVehicleUpdated (at simulation time 118.000,000,000 s)
2024-06-03 18:12:25,230 INFO  - Sending out AdHoc broadcast (at simulation time 118.000,000,000 s)
2024-06-03 18:12:25,234 INFO  - Recieve a message from other vehicle (at simulation time 118.001,300,000 s)
2024-06-03 18:12:25,234 INFO  - My position is not better! (at simulation time 118.001,300,000 s)
2024-06-03 18:12:25,234 INFO  - Recieve a message from other vehicle (at simulation time 118.001,400,000 s)
2024-06-03 18:12:25,234 INFO  - My position is not better! (at simulation time 118.001,400,000 s)
2024-06-03 18:12:25,234 INFO  - Recieve a message from other vehicle (at simulation time 118.001,900,000 s)
2024-06-03 18:12:25,234 INFO  - My position is not better! (at simulation time 118.001,900,000 s)
2024-06-03 18:12:25,429 INFO  - Called #onVehicleUpdated (at simulation time 119.000,000,000 s)
2024-06-03 18:12:25,432 INFO  - Recieve a message from other vehicle (at simulation time 119.000,400,000 s)
2024-06-03 18:12:25,432 INFO  - My position is not better! (at simulation time 119.000,400,000 s)
2024-06-03 18:12:25,433 INFO  - Recieve a message from other vehicle (at simulation time 119.000,900,000 s)
2024-06-03 18:12:25,433 INFO  - My position is not better! (at simulation time 119.000,900,000 s)
2024-06-03 18:12:25,433 INFO  - Recieve a message from other vehicle (at simulation time 119.000,900,000 s)
2024-06-03 18:12:25,433 INFO  - My position is not better! (at simulation time 119.000,900,000 s)
2024-06-03 18:12:25,434 INFO  - Recieve a message from other vehicle (at simulation time 119.001,400,000 s)
2024-06-03 18:12:25,434 INFO  - My position is not better! (at simulation time 119.001,400,000 s)
2024-06-03 18:12:25,435 INFO  - Recieve a message from other vehicle (at simulation time 119.002,300,000 s)
2024-06-03 18:12:25,435 INFO  - My position is not better! (at simulation time 119.002,300,000 s)
2024-06-03 18:12:25,435 INFO  - Recieve a message from other vehicle (at simulation time 119.002,300,000 s)
2024-06-03 18:12:25,435 INFO  - My position is not better! (at simulation time 119.002,300,000 s)
2024-06-03 18:12:25,436 INFO  - Recieve a message from other vehicle (at simulation time 119.003,300,000 s)
2024-06-03 18:12:25,436 INFO  - My position is not better! (at simulation time 119.003,300,000 s)
2024-06-03 18:12:25,632 INFO  - Called #onVehicleUpdated (at simulation time 120.000,000,000 s)
2024-06-03 18:12:25,634 INFO  - Sending out AdHoc broadcast (at simulation time 120.000,000,000 s)
2024-06-03 18:12:25,636 INFO  - Recieve a message from other vehicle (at simulation time 120.000,400,000 s)
2024-06-03 18:12:25,636 INFO  - My position is not better! (at simulation time 120.000,400,000 s)
2024-06-03 18:12:25,639 INFO  - Recieve a message from other vehicle (at simulation time 120.000,900,000 s)
2024-06-03 18:12:25,639 INFO  - My position is not better! (at simulation time 120.000,900,000 s)
2024-06-03 18:12:25,639 INFO  - Recieve a message from other vehicle (at simulation time 120.000,900,000 s)
2024-06-03 18:12:25,639 INFO  - My position is not better! (at simulation time 120.000,900,000 s)
2024-06-03 18:12:25,640 INFO  - Recieve a message from other vehicle (at simulation time 120.000,900,000 s)
2024-06-03 18:12:25,640 INFO  - My position is not better! (at simulation time 120.000,900,000 s)
2024-06-03 18:12:25,643 INFO  - Recieve a message from other vehicle (at simulation time 120.001,900,000 s)
2024-06-03 18:12:25,643 INFO  - My position is not better! (at simulation time 120.001,900,000 s)
2024-06-03 18:12:25,644 INFO  - Recieve a message from other vehicle (at simulation time 120.002,400,000 s)
2024-06-03 18:12:25,644 INFO  - My position is not better! (at simulation time 120.002,400,000 s)
2024-06-03 18:12:25,645 INFO  - Recieve a message from other vehicle (at simulation time 120.002,400,000 s)
2024-06-03 18:12:25,645 INFO  - My position is not better! (at simulation time 120.002,400,000 s)
2024-06-03 18:12:25,645 INFO  - Recieve a message from other vehicle (at simulation time 120.003,800,000 s)
2024-06-03 18:12:25,645 INFO  - My position is not better! (at simulation time 120.003,800,000 s)
2024-06-03 18:12:25,829 INFO  - Called #onVehicleUpdated (at simulation time 121.000,000,000 s)
2024-06-03 18:12:25,836 INFO  - Recieve a message from other vehicle (at simulation time 121.001,400,000 s)
2024-06-03 18:12:25,836 INFO  - My position is not better! (at simulation time 121.001,400,000 s)
2024-06-03 18:12:25,836 INFO  - Recieve a message from other vehicle (at simulation time 121.001,900,000 s)
2024-06-03 18:12:25,836 INFO  - My position is not better! (at simulation time 121.001,900,000 s)
2024-06-03 18:12:25,836 INFO  - Recieve a message from other vehicle (at simulation time 121.001,900,000 s)
2024-06-03 18:12:25,836 INFO  - My position is not better! (at simulation time 121.001,900,000 s)
2024-06-03 18:12:25,837 INFO  - Recieve a message from other vehicle (at simulation time 121.001,900,000 s)
2024-06-03 18:12:25,837 INFO  - My position is not better! (at simulation time 121.001,900,000 s)
2024-06-03 18:12:26,029 INFO  - Called #onVehicleUpdated (at simulation time 122.000,000,000 s)
2024-06-03 18:12:26,030 INFO  - Sending out AdHoc broadcast (at simulation time 122.000,000,000 s)
2024-06-03 18:12:26,033 INFO  - Recieve a message from other vehicle (at simulation time 122.000,900,000 s)
2024-06-03 18:12:26,033 INFO  - My position is not better! (at simulation time 122.000,900,000 s)
2024-06-03 18:12:26,034 INFO  - Recieve a message from other vehicle (at simulation time 122.001,400,000 s)
2024-06-03 18:12:26,034 INFO  - My position is not better! (at simulation time 122.001,400,000 s)
2024-06-03 18:12:26,035 INFO  - Recieve a message from other vehicle (at simulation time 122.001,900,000 s)
2024-06-03 18:12:26,035 INFO  - My position is not better! (at simulation time 122.001,900,000 s)
2024-06-03 18:12:26,035 INFO  - Recieve a message from other vehicle (at simulation time 122.001,900,000 s)
2024-06-03 18:12:26,035 INFO  - My position is not better! (at simulation time 122.001,900,000 s)
2024-06-03 18:12:26,035 INFO  - Recieve a message from other vehicle (at simulation time 122.002,400,000 s)
2024-06-03 18:12:26,035 INFO  - My position is not better! (at simulation time 122.002,400,000 s)
2024-06-03 18:12:26,035 INFO  - Recieve a message from other vehicle (at simulation time 122.002,400,000 s)
2024-06-03 18:12:26,035 INFO  - My position is not better! (at simulation time 122.002,400,000 s)
2024-06-03 18:12:26,036 INFO  - Recieve a message from other vehicle (at simulation time 122.002,400,000 s)
2024-06-03 18:12:26,036 INFO  - My position is not better! (at simulation time 122.002,400,000 s)
2024-06-03 18:12:26,230 INFO  - Called #onVehicleUpdated (at simulation time 123.000,000,000 s)
2024-06-03 18:12:26,233 INFO  - Recieve a message from other vehicle (at simulation time 123.000,400,000 s)
2024-06-03 18:12:26,233 INFO  - DENM message Recived from veh_21 -info : seco (at simulation time 123.000,400,000 s)
2024-06-03 18:12:26,233 INFO  - No more hops in DENM message (at simulation time 123.000,400,000 s)
2024-06-03 18:12:26,235 INFO  - Recieve a message from other vehicle (at simulation time 123.000,400,000 s)
2024-06-03 18:12:26,235 INFO  - My position is not better! (at simulation time 123.000,400,000 s)
2024-06-03 18:12:26,236 INFO  - Recieve a message from other vehicle (at simulation time 123.000,800,000 s)
2024-06-03 18:12:26,236 INFO  - DENM message Recived from veh_21 -info : seco (at simulation time 123.000,800,000 s)
2024-06-03 18:12:26,236 INFO  - No more hops in DENM message (at simulation time 123.000,800,000 s)
2024-06-03 18:12:26,241 INFO  - Recieve a message from other vehicle (at simulation time 123.002,400,000 s)
2024-06-03 18:12:26,241 INFO  - My position is not better! (at simulation time 123.002,400,000 s)
2024-06-03 18:12:26,241 INFO  - Recieve a message from other vehicle (at simulation time 123.002,400,000 s)
2024-06-03 18:12:26,241 INFO  - My position is not better! (at simulation time 123.002,400,000 s)
2024-06-03 18:12:26,242 INFO  - Recieve a message from other vehicle (at simulation time 123.002,400,000 s)
2024-06-03 18:12:26,242 INFO  - My position is not better! (at simulation time 123.002,400,000 s)
2024-06-03 18:12:26,428 INFO  - Called #onVehicleUpdated (at simulation time 124.000,000,000 s)
2024-06-03 18:12:26,428 INFO  - Sending out DENM broadcast (at simulation time 124.000,000,000 s)
2024-06-03 18:12:26,429 INFO  - Sending out AdHoc broadcast (at simulation time 124.000,000,000 s)
2024-06-03 18:12:26,430 INFO  - Recieve a message from other vehicle (at simulation time 124.000,400,000 s)
2024-06-03 18:12:26,430 INFO  - My position is not better! (at simulation time 124.000,400,000 s)
2024-06-03 18:12:26,431 INFO  - Recieve a message from other vehicle (at simulation time 124.000,900,000 s)
2024-06-03 18:12:26,431 INFO  - My position is not better! (at simulation time 124.000,900,000 s)
2024-06-03 18:12:26,431 INFO  - Recieve a message from other vehicle (at simulation time 124.000,900,000 s)
2024-06-03 18:12:26,431 INFO  - My position is not better! (at simulation time 124.000,900,000 s)
2024-06-03 18:12:26,432 INFO  - Recieve a message from other vehicle (at simulation time 124.001,300,000 s)
2024-06-03 18:12:26,432 INFO  - DENM message Recived from veh_22 -info : piso-molhado (at simulation time 124.001,300,000 s)
2024-06-03 18:12:26,432 INFO  - I slow down due to road state (at simulation time 124.001,300,000 s)
2024-06-03 18:12:26,432 INFO  - No more hops in DENM message (at simulation time 124.001,300,000 s)
2024-06-03 18:12:26,433 INFO  - Recieve a message from other vehicle (at simulation time 124.001,400,000 s)
2024-06-03 18:12:26,433 INFO  - My position is not better! (at simulation time 124.001,400,000 s)
2024-06-03 18:12:26,433 INFO  - Recieve a message from other vehicle (at simulation time 124.001,400,000 s)
2024-06-03 18:12:26,433 INFO  - My position is not better! (at simulation time 124.001,400,000 s)
2024-06-03 18:12:26,434 INFO  - Recieve a message from other vehicle (at simulation time 124.001,900,000 s)
2024-06-03 18:12:26,434 INFO  - My position is not better! (at simulation time 124.001,900,000 s)
2024-06-03 18:12:26,435 INFO  - Recieve a message from other vehicle (at simulation time 124.002,400,000 s)
2024-06-03 18:12:26,435 INFO  - My position is not better! (at simulation time 124.002,400,000 s)
2024-06-03 18:12:26,630 INFO  - Called #onVehicleUpdated (at simulation time 125.000,000,000 s)
2024-06-03 18:12:26,633 INFO  - Recieve a message from other vehicle (at simulation time 125.000,900,000 s)
2024-06-03 18:12:26,633 INFO  - My position is not better! (at simulation time 125.000,900,000 s)
2024-06-03 18:12:26,635 INFO  - Recieve a message from other vehicle (at simulation time 125.001,900,000 s)
2024-06-03 18:12:26,635 INFO  - My position is not better! (at simulation time 125.001,900,000 s)
2024-06-03 18:12:26,636 INFO  - Recieve a message from other vehicle (at simulation time 125.001,900,000 s)
2024-06-03 18:12:26,636 INFO  - My position is not better! (at simulation time 125.001,900,000 s)
2024-06-03 18:12:26,636 INFO  - Recieve a message from other vehicle (at simulation time 125.002,400,000 s)
2024-06-03 18:12:26,636 INFO  - My position is not better! (at simulation time 125.002,400,000 s)
2024-06-03 18:12:26,830 INFO  - Called #onVehicleUpdated (at simulation time 126.000,000,000 s)
2024-06-03 18:12:26,830 INFO  - Sending out AdHoc broadcast (at simulation time 126.000,000,000 s)
2024-06-03 18:12:26,832 INFO  - Recieve a message from other vehicle (at simulation time 126.000,400,000 s)
2024-06-03 18:12:26,832 INFO  - My position is not better! (at simulation time 126.000,400,000 s)
2024-06-03 18:12:26,832 INFO  - Recieve a message from other vehicle (at simulation time 126.000,400,000 s)
2024-06-03 18:12:26,832 INFO  - My position is not better! (at simulation time 126.000,400,000 s)
2024-06-03 18:12:26,833 INFO  - Recieve a message from other vehicle (at simulation time 126.000,400,000 s)
2024-06-03 18:12:26,833 INFO  - My position is not better! (at simulation time 126.000,400,000 s)
2024-06-03 18:12:26,834 INFO  - Recieve a message from other vehicle (at simulation time 126.000,900,000 s)
2024-06-03 18:12:26,834 INFO  - My position is not better! (at simulation time 126.000,900,000 s)
2024-06-03 18:12:26,834 INFO  - Recieve a message from other vehicle (at simulation time 126.000,900,000 s)
2024-06-03 18:12:26,834 INFO  - My position is not better! (at simulation time 126.000,900,000 s)
2024-06-03 18:12:26,836 INFO  - Recieve a message from other vehicle (at simulation time 126.001,900,000 s)
2024-06-03 18:12:26,836 INFO  - My position is not better! (at simulation time 126.001,900,000 s)
2024-06-03 18:12:26,840 INFO  - Recieve a message from other vehicle (at simulation time 126.002,400,000 s)
2024-06-03 18:12:26,840 INFO  - My position is not better! (at simulation time 126.002,400,000 s)
2024-06-03 18:12:27,029 INFO  - Called #onVehicleUpdated (at simulation time 127.000,000,000 s)
2024-06-03 18:12:27,032 INFO  - Recieve a message from other vehicle (at simulation time 127.000,400,000 s)
2024-06-03 18:12:27,032 INFO  - My position is not better! (at simulation time 127.000,400,000 s)
2024-06-03 18:12:27,032 INFO  - Recieve a message from other vehicle (at simulation time 127.000,900,000 s)
2024-06-03 18:12:27,032 INFO  - My position is not better! (at simulation time 127.000,900,000 s)
2024-06-03 18:12:27,035 INFO  - Recieve a message from other vehicle (at simulation time 127.002,400,000 s)
2024-06-03 18:12:27,035 INFO  - My position is not better! (at simulation time 127.002,400,000 s)
2024-06-03 18:12:27,036 INFO  - Recieve a message from other vehicle (at simulation time 127.002,400,000 s)
2024-06-03 18:12:27,036 INFO  - My position is not better! (at simulation time 127.002,400,000 s)
2024-06-03 18:12:27,229 INFO  - Called #onVehicleUpdated (at simulation time 128.000,000,000 s)
2024-06-03 18:12:27,229 INFO  - Sending out AdHoc broadcast (at simulation time 128.000,000,000 s)
2024-06-03 18:12:27,230 INFO  - Recieve a message from other vehicle (at simulation time 128.000,400,000 s)
2024-06-03 18:12:27,230 INFO  - My position is not better! (at simulation time 128.000,400,000 s)
2024-06-03 18:12:27,230 INFO  - Recieve a message from other vehicle (at simulation time 128.000,400,000 s)
2024-06-03 18:12:27,230 INFO  - My position is not better! (at simulation time 128.000,400,000 s)
2024-06-03 18:12:27,231 INFO  - Recieve a message from other vehicle (at simulation time 128.000,400,000 s)
2024-06-03 18:12:27,231 INFO  - My position is not better! (at simulation time 128.000,400,000 s)
2024-06-03 18:12:27,233 INFO  - Recieve a message from other vehicle (at simulation time 128.001,400,000 s)
2024-06-03 18:12:27,233 INFO  - My position is not better! (at simulation time 128.001,400,000 s)
2024-06-03 18:12:27,233 INFO  - Recieve a message from other vehicle (at simulation time 128.001,900,000 s)
2024-06-03 18:12:27,233 INFO  - My position is not better! (at simulation time 128.001,900,000 s)
2024-06-03 18:12:27,233 INFO  - Recieve a message from other vehicle (at simulation time 128.001,900,000 s)
2024-06-03 18:12:27,233 INFO  - My position is not better! (at simulation time 128.001,900,000 s)
2024-06-03 18:12:27,234 INFO  - Recieve a message from other vehicle (at simulation time 128.002,400,000 s)
2024-06-03 18:12:27,234 INFO  - My position is not better! (at simulation time 128.002,400,000 s)
2024-06-03 18:12:27,430 INFO  - Called #onVehicleUpdated (at simulation time 129.000,000,000 s)
2024-06-03 18:12:27,434 INFO  - Recieve a message from other vehicle (at simulation time 129.000,900,000 s)
2024-06-03 18:12:27,434 INFO  - My position is not better! (at simulation time 129.000,900,000 s)
2024-06-03 18:12:27,435 INFO  - Recieve a message from other vehicle (at simulation time 129.001,400,000 s)
2024-06-03 18:12:27,435 INFO  - My position is not better! (at simulation time 129.001,400,000 s)
2024-06-03 18:12:27,435 INFO  - Recieve a message from other vehicle (at simulation time 129.001,900,000 s)
2024-06-03 18:12:27,435 INFO  - My position is not better! (at simulation time 129.001,900,000 s)
2024-06-03 18:12:27,436 INFO  - Recieve a message from other vehicle (at simulation time 129.001,900,000 s)
2024-06-03 18:12:27,436 INFO  - My position is not better! (at simulation time 129.001,900,000 s)
2024-06-03 18:12:27,630 INFO  - Called #onVehicleUpdated (at simulation time 130.000,000,000 s)
2024-06-03 18:12:27,630 INFO  - Sending out AdHoc broadcast (at simulation time 130.000,000,000 s)
2024-06-03 18:12:27,630 INFO  - Recieve a message from other vehicle (at simulation time 130.000,400,000 s)
2024-06-03 18:12:27,630 INFO  - My position is not better! (at simulation time 130.000,400,000 s)
2024-06-03 18:12:27,631 INFO  - Recieve a message from other vehicle (at simulation time 130.000,400,000 s)
2024-06-03 18:12:27,631 INFO  - My position is not better! (at simulation time 130.000,400,000 s)
2024-06-03 18:12:27,631 INFO  - Recieve a message from other vehicle (at simulation time 130.000,900,000 s)
2024-06-03 18:12:27,631 INFO  - My position is not better! (at simulation time 130.000,900,000 s)
2024-06-03 18:12:27,632 INFO  - Recieve a message from other vehicle (at simulation time 130.001,400,000 s)
2024-06-03 18:12:27,632 INFO  - My position is not better! (at simulation time 130.001,400,000 s)
2024-06-03 18:12:27,632 INFO  - Recieve a message from other vehicle (at simulation time 130.001,400,000 s)
2024-06-03 18:12:27,632 INFO  - My position is not better! (at simulation time 130.001,400,000 s)
2024-06-03 18:12:27,632 INFO  - Recieve a message from other vehicle (at simulation time 130.001,400,000 s)
2024-06-03 18:12:27,632 INFO  - My position is not better! (at simulation time 130.001,400,000 s)
2024-06-03 18:12:27,633 INFO  - Recieve a message from other vehicle (at simulation time 130.001,900,000 s)
2024-06-03 18:12:27,633 INFO  - My position is not better! (at simulation time 130.001,900,000 s)
2024-06-03 18:12:27,831 INFO  - Called #onVehicleUpdated (at simulation time 131.000,000,000 s)
2024-06-03 18:12:27,835 INFO  - Recieve a message from other vehicle (at simulation time 131.000,900,000 s)
2024-06-03 18:12:27,835 INFO  - My position is not better! (at simulation time 131.000,900,000 s)
2024-06-03 18:12:27,837 INFO  - Recieve a message from other vehicle (at simulation time 131.001,400,000 s)
2024-06-03 18:12:27,837 INFO  - My position is not better! (at simulation time 131.001,400,000 s)
2024-06-03 18:12:27,837 INFO  - Recieve a message from other vehicle (at simulation time 131.001,400,000 s)
2024-06-03 18:12:27,837 INFO  - My position is not better! (at simulation time 131.001,400,000 s)
2024-06-03 18:12:27,837 INFO  - Recieve a message from other vehicle (at simulation time 131.001,400,000 s)
2024-06-03 18:12:27,837 INFO  - My position is not better! (at simulation time 131.001,400,000 s)
2024-06-03 18:12:28,029 INFO  - Called #onVehicleUpdated (at simulation time 132.000,000,000 s)
2024-06-03 18:12:28,029 INFO  - Sending out AdHoc broadcast (at simulation time 132.000,000,000 s)
2024-06-03 18:12:28,031 INFO  - Recieve a message from other vehicle (at simulation time 132.000,900,000 s)
2024-06-03 18:12:28,031 INFO  - My position is not better! (at simulation time 132.000,900,000 s)
2024-06-03 18:12:28,031 INFO  - Recieve a message from other vehicle (at simulation time 132.001,400,000 s)
2024-06-03 18:12:28,031 INFO  - My position is not better! (at simulation time 132.001,400,000 s)
2024-06-03 18:12:28,031 INFO  - Recieve a message from other vehicle (at simulation time 132.001,400,000 s)
2024-06-03 18:12:28,031 INFO  - My position is not better! (at simulation time 132.001,400,000 s)
2024-06-03 18:12:28,031 INFO  - Recieve a message from other vehicle (at simulation time 132.001,400,000 s)
2024-06-03 18:12:28,031 INFO  - My position is not better! (at simulation time 132.001,400,000 s)
2024-06-03 18:12:28,031 INFO  - Recieve a message from other vehicle (at simulation time 132.001,400,000 s)
2024-06-03 18:12:28,031 INFO  - My position is not better! (at simulation time 132.001,400,000 s)
2024-06-03 18:12:28,031 INFO  - Recieve a message from other vehicle (at simulation time 132.001,900,000 s)
2024-06-03 18:12:28,031 INFO  - My position is not better! (at simulation time 132.001,900,000 s)
2024-06-03 18:12:28,032 INFO  - Recieve a message from other vehicle (at simulation time 132.002,400,000 s)
2024-06-03 18:12:28,032 INFO  - My position is not better! (at simulation time 132.002,400,000 s)
2024-06-03 18:12:28,230 INFO  - Called #onVehicleUpdated (at simulation time 133.000,000,000 s)
2024-06-03 18:12:28,234 INFO  - Recieve a message from other vehicle (at simulation time 133.000,400,000 s)
2024-06-03 18:12:28,234 INFO  - My position is not better! (at simulation time 133.000,400,000 s)
2024-06-03 18:12:28,235 INFO  - Recieve a message from other vehicle (at simulation time 133.000,900,000 s)
2024-06-03 18:12:28,235 INFO  - My position is not better! (at simulation time 133.000,900,000 s)
2024-06-03 18:12:28,235 INFO  - Recieve a message from other vehicle (at simulation time 133.001,400,000 s)
2024-06-03 18:12:28,235 INFO  - My position is not better! (at simulation time 133.001,400,000 s)
2024-06-03 18:12:28,237 INFO  - Recieve a message from other vehicle (at simulation time 133.001,900,000 s)
2024-06-03 18:12:28,237 INFO  - My position is not better! (at simulation time 133.001,900,000 s)
2024-06-03 18:12:28,430 INFO  - Called #onVehicleUpdated (at simulation time 134.000,000,000 s)
2024-06-03 18:12:28,431 INFO  - Sending out AdHoc broadcast (at simulation time 134.000,000,000 s)
2024-06-03 18:12:28,434 INFO  - Recieve a message from other vehicle (at simulation time 134.000,900,000 s)
2024-06-03 18:12:28,434 INFO  - My position is not better! (at simulation time 134.000,900,000 s)
2024-06-03 18:12:28,435 INFO  - Recieve a message from other vehicle (at simulation time 134.000,900,000 s)
2024-06-03 18:12:28,435 INFO  - My position is not better! (at simulation time 134.000,900,000 s)
2024-06-03 18:12:28,436 INFO  - Recieve a message from other vehicle (at simulation time 134.001,900,000 s)
2024-06-03 18:12:28,436 INFO  - My position is not better! (at simulation time 134.001,900,000 s)
2024-06-03 18:12:28,436 INFO  - Recieve a message from other vehicle (at simulation time 134.001,900,000 s)
2024-06-03 18:12:28,436 INFO  - My position is not better! (at simulation time 134.001,900,000 s)
2024-06-03 18:12:28,436 INFO  - Recieve a message from other vehicle (at simulation time 134.001,900,000 s)
2024-06-03 18:12:28,436 INFO  - My position is not better! (at simulation time 134.001,900,000 s)
2024-06-03 18:12:28,437 INFO  - Recieve a message from other vehicle (at simulation time 134.002,400,000 s)
2024-06-03 18:12:28,437 INFO  - My position is not better! (at simulation time 134.002,400,000 s)
2024-06-03 18:12:28,437 INFO  - Recieve a message from other vehicle (at simulation time 134.002,400,000 s)
2024-06-03 18:12:28,437 INFO  - My position is not better! (at simulation time 134.002,400,000 s)
2024-06-03 18:12:28,638 INFO  - Called #onVehicleUpdated (at simulation time 135.000,000,000 s)
2024-06-03 18:12:28,643 INFO  - Recieve a message from other vehicle (at simulation time 135.001,400,000 s)
2024-06-03 18:12:28,643 INFO  - My position is not better! (at simulation time 135.001,400,000 s)
2024-06-03 18:12:28,644 INFO  - Recieve a message from other vehicle (at simulation time 135.001,400,000 s)
2024-06-03 18:12:28,644 INFO  - My position is not better! (at simulation time 135.001,400,000 s)
2024-06-03 18:12:28,644 INFO  - Recieve a message from other vehicle (at simulation time 135.001,400,000 s)
2024-06-03 18:12:28,644 INFO  - My position is not better! (at simulation time 135.001,400,000 s)
2024-06-03 18:12:28,644 INFO  - Recieve a message from other vehicle (at simulation time 135.001,900,000 s)
2024-06-03 18:12:28,644 INFO  - My position is not better! (at simulation time 135.001,900,000 s)
2024-06-03 18:12:28,830 INFO  - Called #onVehicleUpdated (at simulation time 136.000,000,000 s)
2024-06-03 18:12:28,831 INFO  - Sending out AdHoc broadcast (at simulation time 136.000,000,000 s)
2024-06-03 18:12:28,833 INFO  - Recieve a message from other vehicle (at simulation time 136.000,400,000 s)
2024-06-03 18:12:28,833 INFO  - My position is not better! (at simulation time 136.000,400,000 s)
2024-06-03 18:12:28,834 INFO  - Recieve a message from other vehicle (at simulation time 136.000,900,000 s)
2024-06-03 18:12:28,834 INFO  - My position is not better! (at simulation time 136.000,900,000 s)
2024-06-03 18:12:28,834 INFO  - Recieve a message from other vehicle (at simulation time 136.000,900,000 s)
2024-06-03 18:12:28,834 INFO  - My position is not better! (at simulation time 136.000,900,000 s)
2024-06-03 18:12:28,836 INFO  - Recieve a message from other vehicle (at simulation time 136.001,400,000 s)
2024-06-03 18:12:28,836 INFO  - My position is not better! (at simulation time 136.001,400,000 s)
2024-06-03 18:12:28,836 INFO  - Recieve a message from other vehicle (at simulation time 136.001,900,000 s)
2024-06-03 18:12:28,836 INFO  - My position is not better! (at simulation time 136.001,900,000 s)
2024-06-03 18:12:28,837 INFO  - Recieve a message from other vehicle (at simulation time 136.002,400,000 s)
2024-06-03 18:12:28,837 INFO  - My position is not better! (at simulation time 136.002,400,000 s)
2024-06-03 18:12:28,838 INFO  - Recieve a message from other vehicle (at simulation time 136.002,400,000 s)
2024-06-03 18:12:28,838 INFO  - My position is not better! (at simulation time 136.002,400,000 s)
2024-06-03 18:12:29,031 INFO  - Called #onVehicleUpdated (at simulation time 137.000,000,000 s)
2024-06-03 18:12:29,033 INFO  - Recieve a message from other vehicle (at simulation time 137.000,400,000 s)
2024-06-03 18:12:29,033 INFO  - My position is not better! (at simulation time 137.000,400,000 s)
2024-06-03 18:12:29,034 INFO  - Recieve a message from other vehicle (at simulation time 137.000,900,000 s)
2024-06-03 18:12:29,034 INFO  - My position is not better! (at simulation time 137.000,900,000 s)
2024-06-03 18:12:29,035 INFO  - Recieve a message from other vehicle (at simulation time 137.001,400,000 s)
2024-06-03 18:12:29,035 INFO  - My position is not better! (at simulation time 137.001,400,000 s)
2024-06-03 18:12:29,036 INFO  - Recieve a message from other vehicle (at simulation time 137.002,400,000 s)
2024-06-03 18:12:29,036 INFO  - My position is not better! (at simulation time 137.002,400,000 s)
2024-06-03 18:12:29,229 INFO  - Called #onVehicleUpdated (at simulation time 138.000,000,000 s)
2024-06-03 18:12:29,230 INFO  - Sending out AdHoc broadcast (at simulation time 138.000,000,000 s)
2024-06-03 18:12:29,232 INFO  - Recieve a message from other vehicle (at simulation time 138.000,400,000 s)
2024-06-03 18:12:29,232 INFO  - My position is not better! (at simulation time 138.000,400,000 s)
2024-06-03 18:12:29,232 INFO  - Recieve a message from other vehicle (at simulation time 138.000,400,000 s)
2024-06-03 18:12:29,232 INFO  - My position is not better! (at simulation time 138.000,400,000 s)
2024-06-03 18:12:29,233 INFO  - Recieve a message from other vehicle (at simulation time 138.001,400,000 s)
2024-06-03 18:12:29,233 INFO  - My position is not better! (at simulation time 138.001,400,000 s)
2024-06-03 18:12:29,233 INFO  - Recieve a message from other vehicle (at simulation time 138.001,400,000 s)
2024-06-03 18:12:29,233 INFO  - My position is not better! (at simulation time 138.001,400,000 s)
2024-06-03 18:12:29,233 INFO  - Recieve a message from other vehicle (at simulation time 138.001,400,000 s)
2024-06-03 18:12:29,233 INFO  - My position is not better! (at simulation time 138.001,400,000 s)
2024-06-03 18:12:29,234 INFO  - Recieve a message from other vehicle (at simulation time 138.001,900,000 s)
2024-06-03 18:12:29,234 INFO  - My position is not better! (at simulation time 138.001,900,000 s)
2024-06-03 18:12:29,235 INFO  - Recieve a message from other vehicle (at simulation time 138.002,400,000 s)
2024-06-03 18:12:29,235 INFO  - My position is not better! (at simulation time 138.002,400,000 s)
2024-06-03 18:12:29,428 INFO  - Called #onVehicleUpdated (at simulation time 139.000,000,000 s)
2024-06-03 18:12:29,429 INFO  - Recieve a message from other vehicle (at simulation time 139.000,400,000 s)
2024-06-03 18:12:29,429 INFO  - My position is not better! (at simulation time 139.000,400,000 s)
2024-06-03 18:12:29,430 INFO  - Recieve a message from other vehicle (at simulation time 139.000,900,000 s)
2024-06-03 18:12:29,430 INFO  - My position is not better! (at simulation time 139.000,900,000 s)
2024-06-03 18:12:29,430 INFO  - Recieve a message from other vehicle (at simulation time 139.001,400,000 s)
2024-06-03 18:12:29,430 INFO  - My position is not better! (at simulation time 139.001,400,000 s)
2024-06-03 18:12:29,431 INFO  - Recieve a message from other vehicle (at simulation time 139.001,900,000 s)
2024-06-03 18:12:29,431 INFO  - My position is not better! (at simulation time 139.001,900,000 s)
2024-06-03 18:12:29,629 INFO  - Called #onVehicleUpdated (at simulation time 140.000,000,000 s)
2024-06-03 18:12:29,629 INFO  - Sending out AdHoc broadcast (at simulation time 140.000,000,000 s)
2024-06-03 18:12:29,630 INFO  - Recieve a message from other vehicle (at simulation time 140.000,400,000 s)
2024-06-03 18:12:29,630 INFO  - My position is not better! (at simulation time 140.000,400,000 s)
2024-06-03 18:12:29,631 INFO  - Recieve a message from other vehicle (at simulation time 140.000,900,000 s)
2024-06-03 18:12:29,631 INFO  - My position is not better! (at simulation time 140.000,900,000 s)
2024-06-03 18:12:29,632 INFO  - Recieve a message from other vehicle (at simulation time 140.001,900,000 s)
2024-06-03 18:12:29,632 INFO  - My position is not better! (at simulation time 140.001,900,000 s)
2024-06-03 18:12:29,632 INFO  - Recieve a message from other vehicle (at simulation time 140.002,400,000 s)
2024-06-03 18:12:29,632 INFO  - My position is not better! (at simulation time 140.002,400,000 s)
2024-06-03 18:12:29,632 INFO  - Recieve a message from other vehicle (at simulation time 140.002,400,000 s)
2024-06-03 18:12:29,632 INFO  - My position is not better! (at simulation time 140.002,400,000 s)
2024-06-03 18:12:29,633 INFO  - Recieve a message from other vehicle (at simulation time 140.002,400,000 s)
2024-06-03 18:12:29,633 INFO  - My position is not better! (at simulation time 140.002,400,000 s)
2024-06-03 18:12:29,633 INFO  - Recieve a message from other vehicle (at simulation time 140.002,400,000 s)
2024-06-03 18:12:29,633 INFO  - My position is not better! (at simulation time 140.002,400,000 s)
2024-06-03 18:12:29,831 INFO  - Called #onVehicleUpdated (at simulation time 141.000,000,000 s)
2024-06-03 18:12:29,838 INFO  - Recieve a message from other vehicle (at simulation time 141.001,900,000 s)
2024-06-03 18:12:29,838 INFO  - My position is not better! (at simulation time 141.001,900,000 s)
2024-06-03 18:12:29,838 INFO  - Recieve a message from other vehicle (at simulation time 141.002,400,000 s)
2024-06-03 18:12:29,838 INFO  - My position is not better! (at simulation time 141.002,400,000 s)
2024-06-03 18:12:29,838 INFO  - Recieve a message from other vehicle (at simulation time 141.002,400,000 s)
2024-06-03 18:12:29,838 INFO  - My position is not better! (at simulation time 141.002,400,000 s)
2024-06-03 18:12:29,838 INFO  - Recieve a message from other vehicle (at simulation time 141.002,400,000 s)
2024-06-03 18:12:29,838 INFO  - My position is not better! (at simulation time 141.002,400,000 s)
2024-06-03 18:12:30,031 INFO  - Called #onVehicleUpdated (at simulation time 142.000,000,000 s)
2024-06-03 18:12:30,032 INFO  - Sending out AdHoc broadcast (at simulation time 142.000,000,000 s)
2024-06-03 18:12:30,036 INFO  - Recieve a message from other vehicle (at simulation time 142.000,900,000 s)
2024-06-03 18:12:30,036 INFO  - My position is not better! (at simulation time 142.000,900,000 s)
2024-06-03 18:12:30,036 INFO  - Recieve a message from other vehicle (at simulation time 142.000,900,000 s)
2024-06-03 18:12:30,036 INFO  - My position is not better! (at simulation time 142.000,900,000 s)
2024-06-03 18:12:30,037 INFO  - Recieve a message from other vehicle (at simulation time 142.000,900,000 s)
2024-06-03 18:12:30,037 INFO  - My position is not better! (at simulation time 142.000,900,000 s)
2024-06-03 18:12:30,037 INFO  - Recieve a message from other vehicle (at simulation time 142.001,400,000 s)
2024-06-03 18:12:30,037 INFO  - My position is not better! (at simulation time 142.001,400,000 s)
2024-06-03 18:12:30,037 INFO  - Recieve a message from other vehicle (at simulation time 142.001,400,000 s)
2024-06-03 18:12:30,037 INFO  - My position is not better! (at simulation time 142.001,400,000 s)
2024-06-03 18:12:30,037 INFO  - Recieve a message from other vehicle (at simulation time 142.001,400,000 s)
2024-06-03 18:12:30,037 INFO  - My position is not better! (at simulation time 142.001,400,000 s)
2024-06-03 18:12:30,038 INFO  - Recieve a message from other vehicle (at simulation time 142.002,400,000 s)
2024-06-03 18:12:30,038 INFO  - My position is not better! (at simulation time 142.002,400,000 s)
2024-06-03 18:12:30,231 INFO  - Called #onVehicleUpdated (at simulation time 143.000,000,000 s)
2024-06-03 18:12:30,234 INFO  - Recieve a message from other vehicle (at simulation time 143.000,400,000 s)
2024-06-03 18:12:30,234 INFO  - My position is not better! (at simulation time 143.000,400,000 s)
2024-06-03 18:12:30,236 INFO  - Recieve a message from other vehicle (at simulation time 143.000,900,000 s)
2024-06-03 18:12:30,236 INFO  - My position is not better! (at simulation time 143.000,900,000 s)
2024-06-03 18:12:30,237 INFO  - Recieve a message from other vehicle (at simulation time 143.000,900,000 s)
2024-06-03 18:12:30,237 INFO  - My position is not better! (at simulation time 143.000,900,000 s)
2024-06-03 18:12:30,241 INFO  - Recieve a message from other vehicle (at simulation time 143.002,400,000 s)
2024-06-03 18:12:30,241 INFO  - My position is not better! (at simulation time 143.002,400,000 s)
2024-06-03 18:12:30,429 INFO  - Called #onVehicleUpdated (at simulation time 144.000,000,000 s)
2024-06-03 18:12:30,429 INFO  - Sending out AdHoc broadcast (at simulation time 144.000,000,000 s)
2024-06-03 18:12:30,431 INFO  - Recieve a message from other vehicle (at simulation time 144.000,400,000 s)
2024-06-03 18:12:30,431 INFO  - My position is not better! (at simulation time 144.000,400,000 s)
2024-06-03 18:12:30,431 INFO  - Recieve a message from other vehicle (at simulation time 144.000,900,000 s)
2024-06-03 18:12:30,431 INFO  - My position is not better! (at simulation time 144.000,900,000 s)
2024-06-03 18:12:30,432 INFO  - Recieve a message from other vehicle (at simulation time 144.000,900,000 s)
2024-06-03 18:12:30,432 INFO  - My position is not better! (at simulation time 144.000,900,000 s)
2024-06-03 18:12:30,433 INFO  - Recieve a message from other vehicle (at simulation time 144.001,400,000 s)
2024-06-03 18:12:30,433 INFO  - My position is not better! (at simulation time 144.001,400,000 s)
2024-06-03 18:12:30,433 INFO  - Recieve a message from other vehicle (at simulation time 144.001,900,000 s)
2024-06-03 18:12:30,433 INFO  - My position is not better! (at simulation time 144.001,900,000 s)
2024-06-03 18:12:30,433 INFO  - Recieve a message from other vehicle (at simulation time 144.001,900,000 s)
2024-06-03 18:12:30,433 INFO  - My position is not better! (at simulation time 144.001,900,000 s)
2024-06-03 18:12:30,433 INFO  - Recieve a message from other vehicle (at simulation time 144.002,400,000 s)
2024-06-03 18:12:30,433 INFO  - My position is not better! (at simulation time 144.002,400,000 s)
2024-06-03 18:12:30,631 INFO  - Called #onVehicleUpdated (at simulation time 145.000,000,000 s)
2024-06-03 18:12:30,631 INFO  - Recieve a message from other vehicle (at simulation time 145.000,400,000 s)
2024-06-03 18:12:30,631 INFO  - My position is not better! (at simulation time 145.000,400,000 s)
2024-06-03 18:12:30,632 INFO  - Recieve a message from other vehicle (at simulation time 145.000,900,000 s)
2024-06-03 18:12:30,632 INFO  - My position is not better! (at simulation time 145.000,900,000 s)
2024-06-03 18:12:30,632 INFO  - Recieve a message from other vehicle (at simulation time 145.000,900,000 s)
2024-06-03 18:12:30,632 INFO  - My position is not better! (at simulation time 145.000,900,000 s)
2024-06-03 18:12:30,633 INFO  - Recieve a message from other vehicle (at simulation time 145.001,900,000 s)
2024-06-03 18:12:30,633 INFO  - My position is not better! (at simulation time 145.001,900,000 s)
2024-06-03 18:12:30,831 INFO  - Called #onVehicleUpdated (at simulation time 146.000,000,000 s)
2024-06-03 18:12:30,832 INFO  - Sending out AdHoc broadcast (at simulation time 146.000,000,000 s)
2024-06-03 18:12:30,834 INFO  - Recieve a message from other vehicle (at simulation time 146.000,400,000 s)
2024-06-03 18:12:30,834 INFO  - My position is not better! (at simulation time 146.000,400,000 s)
2024-06-03 18:12:30,836 INFO  - Recieve a message from other vehicle (at simulation time 146.000,900,000 s)
2024-06-03 18:12:30,836 INFO  - My position is not better! (at simulation time 146.000,900,000 s)
2024-06-03 18:12:30,837 INFO  - Recieve a message from other vehicle (at simulation time 146.001,400,000 s)
2024-06-03 18:12:30,837 INFO  - My position is not better! (at simulation time 146.001,400,000 s)
2024-06-03 18:12:30,838 INFO  - Recieve a message from other vehicle (at simulation time 146.001,400,000 s)
2024-06-03 18:12:30,838 INFO  - My position is not better! (at simulation time 146.001,400,000 s)
2024-06-03 18:12:30,838 INFO  - Recieve a message from other vehicle (at simulation time 146.001,400,000 s)
2024-06-03 18:12:30,838 INFO  - My position is not better! (at simulation time 146.001,400,000 s)
2024-06-03 18:12:30,838 INFO  - Recieve a message from other vehicle (at simulation time 146.001,900,000 s)
2024-06-03 18:12:30,838 INFO  - My position is not better! (at simulation time 146.001,900,000 s)
2024-06-03 18:12:30,838 INFO  - Recieve a message from other vehicle (at simulation time 146.002,400,000 s)
2024-06-03 18:12:30,838 INFO  - My position is not better! (at simulation time 146.002,400,000 s)
2024-06-03 18:12:31,031 INFO  - Called #onVehicleUpdated (at simulation time 147.000,000,000 s)
2024-06-03 18:12:31,036 INFO  - Recieve a message from other vehicle (at simulation time 147.000,900,000 s)
2024-06-03 18:12:31,036 INFO  - My position is not better! (at simulation time 147.000,900,000 s)
2024-06-03 18:12:31,041 INFO  - Recieve a message from other vehicle (at simulation time 147.001,400,000 s)
2024-06-03 18:12:31,041 INFO  - My position is not better! (at simulation time 147.001,400,000 s)
2024-06-03 18:12:31,041 INFO  - Recieve a message from other vehicle (at simulation time 147.001,900,000 s)
2024-06-03 18:12:31,041 INFO  - My position is not better! (at simulation time 147.001,900,000 s)
2024-06-03 18:12:31,043 INFO  - Recieve a message from other vehicle (at simulation time 147.002,400,000 s)
2024-06-03 18:12:31,043 INFO  - My position is not better! (at simulation time 147.002,400,000 s)
2024-06-03 18:12:31,231 INFO  - Called #onVehicleUpdated (at simulation time 148.000,000,000 s)
2024-06-03 18:12:31,232 INFO  - Sending out AdHoc broadcast (at simulation time 148.000,000,000 s)
2024-06-03 18:12:31,236 INFO  - Recieve a message from other vehicle (at simulation time 148.000,900,000 s)
2024-06-03 18:12:31,236 INFO  - My position is not better! (at simulation time 148.000,900,000 s)
2024-06-03 18:12:31,236 INFO  - Recieve a message from other vehicle (at simulation time 148.000,900,000 s)
2024-06-03 18:12:31,236 INFO  - My position is not better! (at simulation time 148.000,900,000 s)
2024-06-03 18:12:31,238 INFO  - Recieve a message from other vehicle (at simulation time 148.001,400,000 s)
2024-06-03 18:12:31,238 INFO  - My position is not better! (at simulation time 148.001,400,000 s)
2024-06-03 18:12:31,239 INFO  - Recieve a message from other vehicle (at simulation time 148.001,900,000 s)
2024-06-03 18:12:31,239 INFO  - My position is not better! (at simulation time 148.001,900,000 s)
2024-06-03 18:12:31,239 INFO  - Recieve a message from other vehicle (at simulation time 148.001,900,000 s)
2024-06-03 18:12:31,239 INFO  - My position is not better! (at simulation time 148.001,900,000 s)
2024-06-03 18:12:31,239 INFO  - Recieve a message from other vehicle (at simulation time 148.001,900,000 s)
2024-06-03 18:12:31,239 INFO  - My position is not better! (at simulation time 148.001,900,000 s)
2024-06-03 18:12:31,239 INFO  - Recieve a message from other vehicle (at simulation time 148.002,400,000 s)
2024-06-03 18:12:31,239 INFO  - My position is not better! (at simulation time 148.002,400,000 s)
2024-06-03 18:12:31,431 INFO  - Called #onVehicleUpdated (at simulation time 149.000,000,000 s)
2024-06-03 18:12:31,438 INFO  - Recieve a message from other vehicle (at simulation time 149.000,900,000 s)
2024-06-03 18:12:31,438 INFO  - My position is not better! (at simulation time 149.000,900,000 s)
2024-06-03 18:12:31,438 INFO  - Recieve a message from other vehicle (at simulation time 149.000,900,000 s)
2024-06-03 18:12:31,438 INFO  - My position is not better! (at simulation time 149.000,900,000 s)
2024-06-03 18:12:31,440 INFO  - Recieve a message from other vehicle (at simulation time 149.002,400,000 s)
2024-06-03 18:12:31,440 INFO  - My position is not better! (at simulation time 149.002,400,000 s)
2024-06-03 18:12:31,440 INFO  - Recieve a message from other vehicle (at simulation time 149.002,400,000 s)
2024-06-03 18:12:31,440 INFO  - My position is not better! (at simulation time 149.002,400,000 s)
2024-06-03 18:12:31,645 INFO  - Called #onVehicleUpdated (at simulation time 150.000,000,000 s)
2024-06-03 18:12:31,647 INFO  - Sending out AdHoc broadcast (at simulation time 150.000,000,000 s)
2024-06-03 18:12:31,650 INFO  - Recieve a message from other vehicle (at simulation time 150.000,400,000 s)
2024-06-03 18:12:31,650 INFO  - My position is not better! (at simulation time 150.000,400,000 s)
2024-06-03 18:12:31,650 INFO  - Recieve a message from other vehicle (at simulation time 150.000,400,000 s)
2024-06-03 18:12:31,650 INFO  - My position is not better! (at simulation time 150.000,400,000 s)
2024-06-03 18:12:31,651 INFO  - Recieve a message from other vehicle (at simulation time 150.001,400,000 s)
2024-06-03 18:12:31,651 INFO  - My position is not better! (at simulation time 150.001,400,000 s)
2024-06-03 18:12:31,651 INFO  - Recieve a message from other vehicle (at simulation time 150.001,400,000 s)
2024-06-03 18:12:31,651 INFO  - My position is not better! (at simulation time 150.001,400,000 s)
2024-06-03 18:12:31,651 INFO  - Recieve a message from other vehicle (at simulation time 150.001,400,000 s)
2024-06-03 18:12:31,652 INFO  - My position is not better! (at simulation time 150.001,400,000 s)
2024-06-03 18:12:31,652 INFO  - Recieve a message from other vehicle (at simulation time 150.001,400,000 s)
2024-06-03 18:12:31,652 INFO  - My position is not better! (at simulation time 150.001,400,000 s)
2024-06-03 18:12:31,654 INFO  - Recieve a message from other vehicle (at simulation time 150.002,400,000 s)
2024-06-03 18:12:31,654 INFO  - My position is not better! (at simulation time 150.002,400,000 s)
2024-06-03 18:12:31,833 INFO  - Called #onVehicleUpdated (at simulation time 151.000,000,000 s)
2024-06-03 18:12:31,836 INFO  - Recieve a message from other vehicle (at simulation time 151.000,900,000 s)
2024-06-03 18:12:31,836 INFO  - My position is not better! (at simulation time 151.000,900,000 s)
2024-06-03 18:12:31,836 INFO  - Recieve a message from other vehicle (at simulation time 151.000,900,000 s)
2024-06-03 18:12:31,836 INFO  - My position is not better! (at simulation time 151.000,900,000 s)
2024-06-03 18:12:31,837 INFO  - Recieve a message from other vehicle (at simulation time 151.001,900,000 s)
2024-06-03 18:12:31,837 INFO  - My position is not better! (at simulation time 151.001,900,000 s)
2024-06-03 18:12:31,837 INFO  - Recieve a message from other vehicle (at simulation time 151.002,400,000 s)
2024-06-03 18:12:31,837 INFO  - My position is not better! (at simulation time 151.002,400,000 s)
2024-06-03 18:12:32,030 INFO  - Called #onVehicleUpdated (at simulation time 152.000,000,000 s)
2024-06-03 18:12:32,030 INFO  - Sending out AdHoc broadcast (at simulation time 152.000,000,000 s)
2024-06-03 18:12:32,031 INFO  - Recieve a message from other vehicle (at simulation time 152.000,400,000 s)
2024-06-03 18:12:32,031 INFO  - Recending a message from other vehicle (at simulation time 152.000,400,000 s)
2024-06-03 18:12:32,031 INFO  - Recieve a message from other vehicle (at simulation time 152.000,400,000 s)
2024-06-03 18:12:32,031 INFO  - My position is not better! (at simulation time 152.000,400,000 s)
2024-06-03 18:12:32,031 INFO  - Recieve a message from other vehicle (at simulation time 152.000,400,000 s)
2024-06-03 18:12:32,031 INFO  - My position is not better! (at simulation time 152.000,400,000 s)
2024-06-03 18:12:32,031 INFO  - Recieve a message from other vehicle (at simulation time 152.000,400,000 s)
2024-06-03 18:12:32,031 INFO  - My position is not better! (at simulation time 152.000,400,000 s)
2024-06-03 18:12:32,031 INFO  - Recieve a message from other vehicle (at simulation time 152.000,400,000 s)
2024-06-03 18:12:32,031 INFO  - My position is not better! (at simulation time 152.000,400,000 s)
2024-06-03 18:12:32,032 INFO  - Recieve a message from other vehicle (at simulation time 152.000,400,000 s)
2024-06-03 18:12:32,032 INFO  - My position is not better! (at simulation time 152.000,400,000 s)
2024-06-03 18:12:32,032 INFO  - Recieve a message from other vehicle (at simulation time 152.000,400,000 s)
2024-06-03 18:12:32,032 INFO  - My position is not better! (at simulation time 152.000,400,000 s)
2024-06-03 18:12:32,034 INFO  - Recieve a message from other vehicle (at simulation time 152.001,400,000 s)
2024-06-03 18:12:32,034 INFO  - My position is not better! (at simulation time 152.001,400,000 s)
2024-06-03 18:12:32,035 INFO  - Recieve a message from other vehicle (at simulation time 152.002,300,000 s)
2024-06-03 18:12:32,035 INFO  - I'm in better position but no more hops in message (at simulation time 152.002,300,000 s)
2024-06-03 18:12:32,231 INFO  - Called #onVehicleUpdated (at simulation time 153.000,000,000 s)
2024-06-03 18:12:32,235 INFO  - Recieve a message from other vehicle (at simulation time 153.000,400,000 s)
2024-06-03 18:12:32,235 INFO  - My position is not better! (at simulation time 153.000,400,000 s)
2024-06-03 18:12:32,235 INFO  - Recieve a message from other vehicle (at simulation time 153.000,400,000 s)
2024-06-03 18:12:32,235 INFO  - Recending a message from other vehicle (at simulation time 153.000,400,000 s)
2024-06-03 18:12:32,235 INFO  - Recieve a message from other vehicle (at simulation time 153.000,900,000 s)
2024-06-03 18:12:32,235 INFO  - My position is not better! (at simulation time 153.000,900,000 s)
2024-06-03 18:12:32,236 INFO  - Recieve a message from other vehicle (at simulation time 153.001,400,000 s)
2024-06-03 18:12:32,236 INFO  - I'm in better position but no more hops in message (at simulation time 153.001,400,000 s)
2024-06-03 18:12:32,237 INFO  - Recieve a message from other vehicle (at simulation time 153.001,400,000 s)
2024-06-03 18:12:32,237 INFO  - My position is not better! (at simulation time 153.001,400,000 s)
2024-06-03 18:12:32,238 INFO  - Recieve a message from other vehicle (at simulation time 153.002,300,000 s)
2024-06-03 18:12:32,238 INFO  - I'm in better position but no more hops in message (at simulation time 153.002,300,000 s)
2024-06-03 18:12:32,238 INFO  - Recieve a message from other vehicle (at simulation time 153.002,400,000 s)
2024-06-03 18:12:32,238 INFO  - My position is not better! (at simulation time 153.002,400,000 s)
2024-06-03 18:12:32,432 INFO  - Called #onVehicleUpdated (at simulation time 154.000,000,000 s)
2024-06-03 18:12:32,433 INFO  - Sending out AdHoc broadcast (at simulation time 154.000,000,000 s)
2024-06-03 18:12:32,435 INFO  - Recieve a message from other vehicle (at simulation time 154.000,400,000 s)
2024-06-03 18:12:32,435 INFO  - My position is not better! (at simulation time 154.000,400,000 s)
2024-06-03 18:12:32,435 INFO  - Recieve a message from other vehicle (at simulation time 154.000,400,000 s)
2024-06-03 18:12:32,435 INFO  - My position is not better! (at simulation time 154.000,400,000 s)
2024-06-03 18:12:32,436 INFO  - Recieve a message from other vehicle (at simulation time 154.000,400,000 s)
2024-06-03 18:12:32,436 INFO  - Recending a message from other vehicle (at simulation time 154.000,400,000 s)
2024-06-03 18:12:32,437 INFO  - Recieve a message from other vehicle (at simulation time 154.000,900,000 s)
2024-06-03 18:12:32,437 INFO  - Recending a message from other vehicle (at simulation time 154.000,900,000 s)
2024-06-03 18:12:32,437 INFO  - Recieve a message from other vehicle (at simulation time 154.000,900,000 s)
2024-06-03 18:12:32,437 INFO  - My position is not better! (at simulation time 154.000,900,000 s)
2024-06-03 18:12:32,438 INFO  - Recieve a message from other vehicle (at simulation time 154.000,900,000 s)
2024-06-03 18:12:32,438 INFO  - My position is not better! (at simulation time 154.000,900,000 s)
2024-06-03 18:12:32,439 INFO  - Recieve a message from other vehicle (at simulation time 154.001,400,000 s)
2024-06-03 18:12:32,439 INFO  - My position is not better! (at simulation time 154.001,400,000 s)
2024-06-03 18:12:32,441 INFO  - Recieve a message from other vehicle (at simulation time 154.001,900,000 s)
2024-06-03 18:12:32,441 INFO  - My position is not better! (at simulation time 154.001,900,000 s)
2024-06-03 18:12:32,443 INFO  - Recieve a message from other vehicle (at simulation time 154.002,400,000 s)
2024-06-03 18:12:32,443 INFO  - My position is not better! (at simulation time 154.002,400,000 s)
2024-06-03 18:12:32,633 INFO  - Called #onVehicleUpdated (at simulation time 155.000,000,000 s)
2024-06-03 18:12:32,639 INFO  - Recieve a message from other vehicle (at simulation time 155.000,900,000 s)
2024-06-03 18:12:32,639 INFO  - My position is not better! (at simulation time 155.000,900,000 s)
2024-06-03 18:12:32,641 INFO  - Recieve a message from other vehicle (at simulation time 155.000,900,000 s)
2024-06-03 18:12:32,641 INFO  - My position is not better! (at simulation time 155.000,900,000 s)
2024-06-03 18:12:32,642 INFO  - Recieve a message from other vehicle (at simulation time 155.001,400,000 s)
2024-06-03 18:12:32,642 INFO  - Recending a message from other vehicle (at simulation time 155.001,400,000 s)
2024-06-03 18:12:32,644 INFO  - Recieve a message from other vehicle (at simulation time 155.001,400,000 s)
2024-06-03 18:12:32,644 INFO  - Recending a message from other vehicle (at simulation time 155.001,400,000 s)
2024-06-03 18:12:32,645 INFO  - Recieve a message from other vehicle (at simulation time 155.001,900,000 s)
2024-06-03 18:12:32,645 INFO  - My position is not better! (at simulation time 155.001,900,000 s)
2024-06-03 18:12:32,646 INFO  - Recieve a message from other vehicle (at simulation time 155.002,400,000 s)
2024-06-03 18:12:32,646 INFO  - My position is not better! (at simulation time 155.002,400,000 s)
2024-06-03 18:12:32,831 INFO  - Called #onVehicleUpdated (at simulation time 156.000,000,000 s)
2024-06-03 18:12:32,832 INFO  - Sending out AdHoc broadcast (at simulation time 156.000,000,000 s)
2024-06-03 18:12:32,837 INFO  - Recieve a message from other vehicle (at simulation time 156.000,400,000 s)
2024-06-03 18:12:32,837 INFO  - My position is not better! (at simulation time 156.000,400,000 s)
2024-06-03 18:12:32,837 INFO  - Recieve a message from other vehicle (at simulation time 156.000,800,000 s)
2024-06-03 18:12:32,837 INFO  - I'm in better position but no more hops in message (at simulation time 156.000,800,000 s)
2024-06-03 18:12:32,837 INFO  - Recieve a message from other vehicle (at simulation time 156.000,900,000 s)
2024-06-03 18:12:32,837 INFO  - My position is not better! (at simulation time 156.000,900,000 s)
2024-06-03 18:12:32,838 INFO  - Recieve a message from other vehicle (at simulation time 156.000,900,000 s)
2024-06-03 18:12:32,838 INFO  - My position is not better! (at simulation time 156.000,900,000 s)
2024-06-03 18:12:32,838 INFO  - Recieve a message from other vehicle (at simulation time 156.000,900,000 s)
2024-06-03 18:12:32,838 INFO  - My position is not better! (at simulation time 156.000,900,000 s)
2024-06-03 18:12:32,838 INFO  - Recieve a message from other vehicle (at simulation time 156.000,900,000 s)
2024-06-03 18:12:32,838 INFO  - I'm in better position but no more hops in message (at simulation time 156.000,900,000 s)
2024-06-03 18:12:32,839 INFO  - Recieve a message from other vehicle (at simulation time 156.001,400,000 s)
2024-06-03 18:12:32,839 INFO  - My position is not better! (at simulation time 156.001,400,000 s)
2024-06-03 18:12:32,839 INFO  - Recieve a message from other vehicle (at simulation time 156.001,400,000 s)
2024-06-03 18:12:32,839 INFO  - My position is not better! (at simulation time 156.001,400,000 s)
2024-06-03 18:12:32,841 INFO  - Recieve a message from other vehicle (at simulation time 156.002,400,000 s)
2024-06-03 18:12:32,841 INFO  - I'm in better position but no more hops in message (at simulation time 156.002,400,000 s)
2024-06-03 18:12:32,841 INFO  - Recieve a message from other vehicle (at simulation time 156.002,400,000 s)
2024-06-03 18:12:32,841 INFO  - My position is not better! (at simulation time 156.002,400,000 s)
2024-06-03 18:12:33,030 INFO  - Called #onVehicleUpdated (at simulation time 157.000,000,000 s)
2024-06-03 18:12:33,031 INFO  - Recieve a message from other vehicle (at simulation time 157.000,400,000 s)
2024-06-03 18:12:33,031 INFO  - I'm in better position but no more hops in message (at simulation time 157.000,400,000 s)
2024-06-03 18:12:33,031 INFO  - Recieve a message from other vehicle (at simulation time 157.000,400,000 s)
2024-06-03 18:12:33,031 INFO  - My position is not better! (at simulation time 157.000,400,000 s)
2024-06-03 18:12:33,033 INFO  - Recieve a message from other vehicle (at simulation time 157.000,900,000 s)
2024-06-03 18:12:33,033 INFO  - My position is not better! (at simulation time 157.000,900,000 s)
2024-06-03 18:12:33,033 INFO  - Recieve a message from other vehicle (at simulation time 157.000,900,000 s)
2024-06-03 18:12:33,033 INFO  - I'm in better position but no more hops in message (at simulation time 157.000,900,000 s)
2024-06-03 18:12:33,034 INFO  - Recieve a message from other vehicle (at simulation time 157.001,900,000 s)
2024-06-03 18:12:33,034 INFO  - My position is not better! (at simulation time 157.001,900,000 s)
2024-06-03 18:12:33,036 INFO  - Recieve a message from other vehicle (at simulation time 157.002,400,000 s)
2024-06-03 18:12:33,036 INFO  - My position is not better! (at simulation time 157.002,400,000 s)
2024-06-03 18:12:33,231 INFO  - Called #onVehicleUpdated (at simulation time 158.000,000,000 s)
2024-06-03 18:12:33,232 INFO  - Sending out AdHoc broadcast (at simulation time 158.000,000,000 s)
2024-06-03 18:12:33,236 INFO  - Recieve a message from other vehicle (at simulation time 158.000,400,000 s)
2024-06-03 18:12:33,236 INFO  - My position is not better! (at simulation time 158.000,400,000 s)
2024-06-03 18:12:33,236 INFO  - Recieve a message from other vehicle (at simulation time 158.000,400,000 s)
2024-06-03 18:12:33,236 INFO  - My position is not better! (at simulation time 158.000,400,000 s)
2024-06-03 18:12:33,236 INFO  - Recieve a message from other vehicle (at simulation time 158.000,400,000 s)
2024-06-03 18:12:33,236 INFO  - I'm in better position but no more hops in message (at simulation time 158.000,400,000 s)
2024-06-03 18:12:33,237 INFO  - Recieve a message from other vehicle (at simulation time 158.000,900,000 s)
2024-06-03 18:12:33,237 INFO  - My position is not better! (at simulation time 158.000,900,000 s)
2024-06-03 18:12:33,237 INFO  - Recieve a message from other vehicle (at simulation time 158.000,900,000 s)
2024-06-03 18:12:33,237 INFO  - My position is not better! (at simulation time 158.000,900,000 s)
2024-06-03 18:12:33,237 INFO  - Recieve a message from other vehicle (at simulation time 158.001,400,000 s)
2024-06-03 18:12:33,237 INFO  - I'm in better position but no more hops in message (at simulation time 158.001,400,000 s)
2024-06-03 18:12:33,242 INFO  - Recieve a message from other vehicle (at simulation time 158.001,400,000 s)
2024-06-03 18:12:33,242 INFO  - My position is not better! (at simulation time 158.001,400,000 s)
2024-06-03 18:12:33,243 INFO  - Recieve a message from other vehicle (at simulation time 158.001,900,000 s)
2024-06-03 18:12:33,243 INFO  - My position is not better! (at simulation time 158.001,900,000 s)
2024-06-03 18:12:33,243 INFO  - Recieve a message from other vehicle (at simulation time 158.001,900,000 s)
2024-06-03 18:12:33,243 INFO  - My position is not better! (at simulation time 158.001,900,000 s)
2024-06-03 18:12:33,431 INFO  - Called #onVehicleUpdated (at simulation time 159.000,000,000 s)
2024-06-03 18:12:33,433 INFO  - Recieve a message from other vehicle (at simulation time 159.000,400,000 s)
2024-06-03 18:12:33,433 INFO  - DENM message Recived from veh_27 -info : seco (at simulation time 159.000,400,000 s)
2024-06-03 18:12:33,433 INFO  - Recending a DENM message from other vehicle (at simulation time 159.000,400,000 s)
2024-06-03 18:12:33,434 INFO  - Recieve a message from other vehicle (at simulation time 159.000,400,000 s)
2024-06-03 18:12:33,434 INFO  - My position is not better! (at simulation time 159.000,400,000 s)
2024-06-03 18:12:33,435 INFO  - Recieve a message from other vehicle (at simulation time 159.000,400,000 s)
2024-06-03 18:12:33,435 INFO  - My position is not better! (at simulation time 159.000,400,000 s)
2024-06-03 18:12:33,435 INFO  - Recieve a message from other vehicle (at simulation time 159.000,400,000 s)
2024-06-03 18:12:33,435 INFO  - My position is not better! (at simulation time 159.000,400,000 s)
2024-06-03 18:12:33,436 INFO  - Recieve a message from other vehicle (at simulation time 159.001,400,000 s)
2024-06-03 18:12:33,436 INFO  - My position is not better! (at simulation time 159.001,400,000 s)
2024-06-03 18:12:33,438 INFO  - Recieve a message from other vehicle (at simulation time 159.002,400,000 s)
2024-06-03 18:12:33,438 INFO  - I'm in better position but no more hops in message (at simulation time 159.002,400,000 s)
2024-06-03 18:12:33,439 INFO  - Recieve a message from other vehicle (at simulation time 159.002,400,000 s)
2024-06-03 18:12:33,439 INFO  - I'm in better position but no more hops in message (at simulation time 159.002,400,000 s)
2024-06-03 18:12:33,633 INFO  - Called #onVehicleUpdated (at simulation time 160.000,000,000 s)
2024-06-03 18:12:33,634 INFO  - Sending out AdHoc broadcast (at simulation time 160.000,000,000 s)
2024-06-03 18:12:33,637 INFO  - Recieve a message from other vehicle (at simulation time 160.000,800,000 s)
2024-06-03 18:12:33,637 INFO  - DENM message Recived from veh_28 -info : seco (at simulation time 160.000,800,000 s)
2024-06-03 18:12:33,637 INFO  - No more hops in DENM message (at simulation time 160.000,800,000 s)
2024-06-03 18:12:33,637 INFO  - Recieve a message from other vehicle (at simulation time 160.000,900,000 s)
2024-06-03 18:12:33,637 INFO  - My position is not better! (at simulation time 160.000,900,000 s)
2024-06-03 18:12:33,638 INFO  - Recieve a message from other vehicle (at simulation time 160.000,900,000 s)
2024-06-03 18:12:33,638 INFO  - My position is not better! (at simulation time 160.000,900,000 s)
2024-06-03 18:12:33,638 INFO  - Recieve a message from other vehicle (at simulation time 160.000,900,000 s)
2024-06-03 18:12:33,638 INFO  - I'm in better position but no more hops in message (at simulation time 160.000,900,000 s)
2024-06-03 18:12:33,638 INFO  - Recieve a message from other vehicle (at simulation time 160.001,400,000 s)
2024-06-03 18:12:33,638 INFO  - I'm in better position but no more hops in message (at simulation time 160.001,400,000 s)
2024-06-03 18:12:33,639 INFO  - Recieve a message from other vehicle (at simulation time 160.001,400,000 s)
2024-06-03 18:12:33,639 INFO  - My position is not better! (at simulation time 160.001,400,000 s)
2024-06-03 18:12:33,639 INFO  - Recieve a message from other vehicle (at simulation time 160.001,400,000 s)
2024-06-03 18:12:33,639 INFO  - My position is not better! (at simulation time 160.001,400,000 s)
2024-06-03 18:12:33,640 INFO  - Recieve a message from other vehicle (at simulation time 160.001,400,000 s)
2024-06-03 18:12:33,640 INFO  - My position is not better! (at simulation time 160.001,400,000 s)
2024-06-03 18:12:33,640 INFO  - Recieve a message from other vehicle (at simulation time 160.001,900,000 s)
2024-06-03 18:12:33,640 INFO  - DENM message Recived from veh_28 -info : seco (at simulation time 160.001,900,000 s)
2024-06-03 18:12:33,640 INFO  - No more hops in DENM message (at simulation time 160.001,900,000 s)
2024-06-03 18:12:33,642 INFO  - Recieve a message from other vehicle (at simulation time 160.002,400,000 s)
2024-06-03 18:12:33,642 INFO  - My position is not better! (at simulation time 160.002,400,000 s)
2024-06-03 18:12:33,642 INFO  - Recieve a message from other vehicle (at simulation time 160.002,400,000 s)
2024-06-03 18:12:33,642 INFO  - My position is not better! (at simulation time 160.002,400,000 s)
2024-06-03 18:12:33,831 INFO  - Called #onVehicleUpdated (at simulation time 161.000,000,000 s)
2024-06-03 18:12:33,835 INFO  - Recieve a message from other vehicle (at simulation time 161.000,900,000 s)
2024-06-03 18:12:33,835 INFO  - I'm in better position but no more hops in message (at simulation time 161.000,900,000 s)
2024-06-03 18:12:33,835 INFO  - Recieve a message from other vehicle (at simulation time 161.000,900,000 s)
2024-06-03 18:12:33,835 INFO  - My position is not better! (at simulation time 161.000,900,000 s)
2024-06-03 18:12:33,836 INFO  - Recieve a message from other vehicle (at simulation time 161.001,400,000 s)
2024-06-03 18:12:33,836 INFO  - My position is not better! (at simulation time 161.001,400,000 s)
2024-06-03 18:12:33,836 INFO  - Recieve a message from other vehicle (at simulation time 161.001,400,000 s)
2024-06-03 18:12:33,836 INFO  - My position is not better! (at simulation time 161.001,400,000 s)
2024-06-03 18:12:33,837 INFO  - Recieve a message from other vehicle (at simulation time 161.001,900,000 s)
2024-06-03 18:12:33,837 INFO  - My position is not better! (at simulation time 161.001,900,000 s)
2024-06-03 18:12:33,837 INFO  - Recieve a message from other vehicle (at simulation time 161.001,900,000 s)
2024-06-03 18:12:33,837 INFO  - I'm in better position but no more hops in message (at simulation time 161.001,900,000 s)
2024-06-03 18:12:34,033 INFO  - Called #onVehicleUpdated (at simulation time 162.000,000,000 s)
2024-06-03 18:12:34,034 INFO  - Sending out AdHoc broadcast (at simulation time 162.000,000,000 s)
2024-06-03 18:12:34,040 INFO  - Recieve a message from other vehicle (at simulation time 162.001,400,000 s)
2024-06-03 18:12:34,040 INFO  - My position is not better! (at simulation time 162.001,400,000 s)
2024-06-03 18:12:34,040 INFO  - Recieve a message from other vehicle (at simulation time 162.001,400,000 s)
2024-06-03 18:12:34,040 INFO  - My position is not better! (at simulation time 162.001,400,000 s)
2024-06-03 18:12:34,040 INFO  - Recieve a message from other vehicle (at simulation time 162.001,400,000 s)
2024-06-03 18:12:34,040 INFO  - My position is not better! (at simulation time 162.001,400,000 s)
2024-06-03 18:12:34,041 INFO  - Recieve a message from other vehicle (at simulation time 162.001,400,000 s)
2024-06-03 18:12:34,041 INFO  - I'm in better position but no more hops in message (at simulation time 162.001,400,000 s)
2024-06-03 18:12:34,042 INFO  - Recieve a message from other vehicle (at simulation time 162.002,400,000 s)
2024-06-03 18:12:34,042 INFO  - I'm in better position but no more hops in message (at simulation time 162.002,400,000 s)
2024-06-03 18:12:34,042 INFO  - Recieve a message from other vehicle (at simulation time 162.002,400,000 s)
2024-06-03 18:12:34,042 INFO  - My position is not better! (at simulation time 162.002,400,000 s)
2024-06-03 18:12:34,043 INFO  - Recieve a message from other vehicle (at simulation time 162.002,400,000 s)
2024-06-03 18:12:34,043 INFO  - My position is not better! (at simulation time 162.002,400,000 s)
2024-06-03 18:12:34,043 INFO  - Recieve a message from other vehicle (at simulation time 162.002,400,000 s)
2024-06-03 18:12:34,043 INFO  - My position is not better! (at simulation time 162.002,400,000 s)
2024-06-03 18:12:34,043 INFO  - Recieve a message from other vehicle (at simulation time 162.002,400,000 s)
2024-06-03 18:12:34,043 INFO  - My position is not better! (at simulation time 162.002,400,000 s)
2024-06-03 18:12:34,230 INFO  - Called #onVehicleUpdated (at simulation time 163.000,000,000 s)
2024-06-03 18:12:34,231 INFO  - Recieve a message from other vehicle (at simulation time 163.000,400,000 s)
2024-06-03 18:12:34,231 INFO  - My position is not better! (at simulation time 163.000,400,000 s)
2024-06-03 18:12:34,232 INFO  - Recieve a message from other vehicle (at simulation time 163.000,900,000 s)
2024-06-03 18:12:34,232 INFO  - I'm in better position but no more hops in message (at simulation time 163.000,900,000 s)
2024-06-03 18:12:34,232 INFO  - Recieve a message from other vehicle (at simulation time 163.000,900,000 s)
2024-06-03 18:12:34,232 INFO  - My position is not better! (at simulation time 163.000,900,000 s)
2024-06-03 18:12:34,233 INFO  - Recieve a message from other vehicle (at simulation time 163.001,400,000 s)
2024-06-03 18:12:34,233 INFO  - My position is not better! (at simulation time 163.001,400,000 s)
2024-06-03 18:12:34,233 INFO  - Recieve a message from other vehicle (at simulation time 163.001,400,000 s)
2024-06-03 18:12:34,233 INFO  - I'm in better position but no more hops in message (at simulation time 163.001,400,000 s)
2024-06-03 18:12:34,234 INFO  - Recieve a message from other vehicle (at simulation time 163.002,400,000 s)
2024-06-03 18:12:34,234 INFO  - My position is not better! (at simulation time 163.002,400,000 s)
