2024-06-03 19:39:56,270 INFO  - Initialize Vehicle application (at simulation time 6.000,000,000 s)
2024-06-03 19:39:56,272 INFO  - Activated WLAN Module (at simulation time 6.000,000,000 s)
2024-06-03 19:39:56,274 INFO  - Called #onVehicleUpdated (at simulation time 6.000,000,000 s)
2024-06-03 19:39:56,274 INFO  - Exced velocity! Sending new CAM (at simulation time 6.000,000,000 s)
2024-06-03 19:39:56,274 INFO  - Sending out AdHoc broadcast (at simulation time 6.000,000,000 s)
2024-06-03 19:39:56,611 INFO  - Called #onVehicleUpdated (at simulation time 7.000,000,000 s)
2024-06-03 19:39:56,612 INFO  - Exced velocity! Sending new CAM (at simulation time 7.000,000,000 s)
2024-06-03 19:39:56,612 INFO  - Sending out AdHoc broadcast (at simulation time 7.000,000,000 s)
2024-06-03 19:39:56,615 INFO  - Define the name: veh_5 and route: r_5 (at simulation time 7.000,000,000 s)
2024-06-03 19:39:56,615 INFO  - Sending out AdHoc broadcast (at simulation time 7.000,000,000 s)
2024-06-03 19:39:56,957 INFO  - Called #onVehicleUpdated (at simulation time 8.000,000,000 s)
2024-06-03 19:39:56,957 INFO  - Exced velocity! Sending new CAM (at simulation time 8.000,000,000 s)
2024-06-03 19:39:56,958 INFO  - Sending out AdHoc broadcast (at simulation time 8.000,000,000 s)
2024-06-03 19:39:56,959 INFO  - Sending out AdHoc broadcast (at simulation time 8.000,000,000 s)
2024-06-03 19:39:57,306 INFO  - Called #onVehicleUpdated (at simulation time 9.000,000,000 s)
2024-06-03 19:39:57,307 INFO  - Exced velocity! Sending new CAM (at simulation time 9.000,000,000 s)
2024-06-03 19:39:57,307 INFO  - Sending out AdHoc broadcast (at simulation time 9.000,000,000 s)
2024-06-03 19:39:57,308 INFO  - Sending out AdHoc broadcast (at simulation time 9.000,000,000 s)
2024-06-03 19:39:57,310 INFO  - Sending out AdHoc broadcast (at simulation time 9.000,000,000 s)
2024-06-03 19:39:57,668 INFO  - Called #onVehicleUpdated (at simulation time 10.000,000,000 s)
2024-06-03 19:39:57,668 INFO  - Exced velocity! Sending new CAM (at simulation time 10.000,000,000 s)
2024-06-03 19:39:57,668 INFO  - Sending out AdHoc broadcast (at simulation time 10.000,000,000 s)
2024-06-03 19:39:57,668 INFO  - Sending out AdHoc broadcast (at simulation time 10.000,000,000 s)
2024-06-03 19:39:57,669 INFO  - Sending out AdHoc broadcast (at simulation time 10.000,000,000 s)
2024-06-03 19:39:58,007 INFO  - Called #onVehicleUpdated (at simulation time 11.000,000,000 s)
2024-06-03 19:39:58,007 INFO  - Exced velocity! Sending new CAM (at simulation time 11.000,000,000 s)
2024-06-03 19:39:58,007 INFO  - Sending out AdHoc broadcast (at simulation time 11.000,000,000 s)
2024-06-03 19:39:58,008 INFO  - Sending out AdHoc broadcast (at simulation time 11.000,000,000 s)
2024-06-03 19:39:58,009 INFO  - Sending out AdHoc broadcast (at simulation time 11.000,000,000 s)
2024-06-03 19:39:58,011 INFO  - Sending out AdHoc broadcast (at simulation time 11.000,000,000 s)
2024-06-03 19:39:58,356 INFO  - Called #onVehicleUpdated (at simulation time 12.000,000,000 s)
2024-06-03 19:39:58,357 INFO  - Sending out AdHoc broadcast (at simulation time 12.000,000,000 s)
2024-06-03 19:39:58,358 INFO  - Sending out AdHoc broadcast (at simulation time 12.000,000,000 s)
2024-06-03 19:39:58,359 INFO  - Sending out AdHoc broadcast (at simulation time 12.000,000,000 s)
2024-06-03 19:39:58,366 INFO  - Recieve a message from other vehicle (at simulation time 12.000,800,000 s)
2024-06-03 19:39:58,366 INFO  - I'm in better position but no more hops in message (at simulation time 12.000,800,000 s)
2024-06-03 19:39:58,366 INFO  - Recieve a message from other vehicle (at simulation time 12.000,800,000 s)
2024-06-03 19:39:58,366 INFO  - My position is not better! (at simulation time 12.000,800,000 s)
2024-06-03 19:39:58,369 INFO  - Recieve a message from other vehicle (at simulation time 12.001,400,000 s)
2024-06-03 19:39:58,369 INFO  - My position is not better! (at simulation time 12.001,400,000 s)
2024-06-03 19:39:58,369 INFO  - Recieve a message from other vehicle (at simulation time 12.001,400,000 s)
2024-06-03 19:39:58,369 INFO  - My position is not better! (at simulation time 12.001,400,000 s)
2024-06-03 19:39:58,370 INFO  - Recieve a message from other vehicle (at simulation time 12.001,800,000 s)
2024-06-03 19:39:58,370 INFO  - My position is not better! (at simulation time 12.001,800,000 s)
2024-06-03 19:39:58,371 INFO  - Recieve a message from other vehicle (at simulation time 12.001,900,000 s)
2024-06-03 19:39:58,371 INFO  - My position is not better! (at simulation time 12.001,900,000 s)
2024-06-03 19:39:58,373 INFO  - Recieve a message from other vehicle (at simulation time 12.002,800,000 s)
2024-06-03 19:39:58,373 INFO  - I'm in better position but no more hops in message (at simulation time 12.002,800,000 s)
2024-06-03 19:39:58,374 INFO  - Recieve a message from other vehicle (at simulation time 12.003,300,000 s)
2024-06-03 19:39:58,374 INFO  - My position is not better! (at simulation time 12.003,300,000 s)
2024-06-03 19:39:58,707 INFO  - Called #onVehicleUpdated (at simulation time 13.000,000,000 s)
2024-06-03 19:39:58,708 INFO  - Sending out AdHoc broadcast (at simulation time 13.000,000,000 s)
2024-06-03 19:39:58,709 INFO  - Sending out AdHoc broadcast (at simulation time 13.000,000,000 s)
2024-06-03 19:39:58,710 INFO  - Sending out AdHoc broadcast (at simulation time 13.000,000,000 s)
2024-06-03 19:39:58,711 INFO  - Sending out AdHoc broadcast (at simulation time 13.000,000,000 s)
2024-06-03 19:39:58,722 INFO  - Recieve a message from other vehicle (at simulation time 13.000,900,000 s)
2024-06-03 19:39:58,722 INFO  - Recending a message from other vehicle (at simulation time 13.000,900,000 s)
2024-06-03 19:39:58,723 INFO  - Recieve a message from other vehicle (at simulation time 13.001,300,000 s)
2024-06-03 19:39:58,723 INFO  - I'm in better position but no more hops in message (at simulation time 13.001,300,000 s)
2024-06-03 19:39:58,726 INFO  - Recieve a message from other vehicle (at simulation time 13.001,800,000 s)
2024-06-03 19:39:58,727 INFO  - My position is not better! (at simulation time 13.001,800,000 s)
2024-06-03 19:39:58,727 INFO  - Recieve a message from other vehicle (at simulation time 13.001,800,000 s)
2024-06-03 19:39:58,727 INFO  - My position is not better! (at simulation time 13.001,800,000 s)
2024-06-03 19:39:58,728 INFO  - Recieve a message from other vehicle (at simulation time 13.001,900,000 s)
2024-06-03 19:39:58,728 INFO  - My position is not better! (at simulation time 13.001,900,000 s)
2024-06-03 19:39:58,728 INFO  - Recieve a message from other vehicle (at simulation time 13.001,900,000 s)
2024-06-03 19:39:58,728 INFO  - My position is not better! (at simulation time 13.001,900,000 s)
2024-06-03 19:39:58,728 INFO  - Recieve a message from other vehicle (at simulation time 13.001,900,000 s)
2024-06-03 19:39:58,728 INFO  - My position is not better! (at simulation time 13.001,900,000 s)
2024-06-03 19:39:58,731 INFO  - Recieve a message from other vehicle (at simulation time 13.002,400,000 s)
2024-06-03 19:39:58,731 INFO  - I'm in better position but no more hops in message (at simulation time 13.002,400,000 s)
2024-06-03 19:39:58,732 INFO  - Recieve a message from other vehicle (at simulation time 13.002,400,000 s)
2024-06-03 19:39:58,732 INFO  - I'm in better position but no more hops in message (at simulation time 13.002,400,000 s)
2024-06-03 19:39:58,732 INFO  - Recieve a message from other vehicle (at simulation time 13.002,400,000 s)
2024-06-03 19:39:58,732 INFO  - My position is not better! (at simulation time 13.002,400,000 s)
2024-06-03 19:39:58,733 INFO  - Recieve a message from other vehicle (at simulation time 13.002,800,000 s)
2024-06-03 19:39:58,733 INFO  - My position is not better! (at simulation time 13.002,800,000 s)
2024-06-03 19:39:58,734 INFO  - Recieve a message from other vehicle (at simulation time 13.003,300,000 s)
2024-06-03 19:39:58,734 INFO  - My position is not better! (at simulation time 13.003,300,000 s)
2024-06-03 19:39:58,734 INFO  - Recieve a message from other vehicle (at simulation time 13.003,300,000 s)
2024-06-03 19:39:58,734 INFO  - I'm in better position but no more hops in message (at simulation time 13.003,300,000 s)
2024-06-03 19:39:59,057 INFO  - Called #onVehicleUpdated (at simulation time 14.000,000,000 s)
2024-06-03 19:39:59,059 INFO  - Sending out AdHoc broadcast (at simulation time 14.000,000,000 s)
2024-06-03 19:39:59,060 INFO  - Sending out AdHoc broadcast (at simulation time 14.000,000,000 s)
2024-06-03 19:39:59,061 INFO  - Sending out AdHoc broadcast (at simulation time 14.000,000,000 s)
2024-06-03 19:39:59,070 INFO  - Recieve a message from other vehicle (at simulation time 14.001,300,000 s)
2024-06-03 19:39:59,071 INFO  - My position is not better! (at simulation time 14.001,300,000 s)
2024-06-03 19:39:59,072 INFO  - Recieve a message from other vehicle (at simulation time 14.001,400,000 s)
2024-06-03 19:39:59,072 INFO  - My position is not better! (at simulation time 14.001,400,000 s)
2024-06-03 19:39:59,073 INFO  - Recieve a message from other vehicle (at simulation time 14.001,400,000 s)
2024-06-03 19:39:59,073 INFO  - My position is not better! (at simulation time 14.001,400,000 s)
2024-06-03 19:39:59,073 INFO  - Recieve a message from other vehicle (at simulation time 14.001,400,000 s)
2024-06-03 19:39:59,073 INFO  - I'm in better position but no more hops in message (at simulation time 14.001,400,000 s)
2024-06-03 19:39:59,078 INFO  - Recieve a message from other vehicle (at simulation time 14.001,900,000 s)
2024-06-03 19:39:59,078 INFO  - I'm in better position but no more hops in message (at simulation time 14.001,900,000 s)
2024-06-03 19:39:59,079 INFO  - Recieve a message from other vehicle (at simulation time 14.002,300,000 s)
2024-06-03 19:39:59,079 INFO  - My position is not better! (at simulation time 14.002,300,000 s)
2024-06-03 19:39:59,079 INFO  - Recieve a message from other vehicle (at simulation time 14.002,300,000 s)
2024-06-03 19:39:59,079 INFO  - I'm in better position but no more hops in message (at simulation time 14.002,300,000 s)
2024-06-03 19:39:59,080 INFO  - Recieve a message from other vehicle (at simulation time 14.002,400,000 s)
2024-06-03 19:39:59,080 INFO  - I'm in better position but no more hops in message (at simulation time 14.002,400,000 s)
2024-06-03 19:39:59,080 INFO  - Recieve a message from other vehicle (at simulation time 14.002,400,000 s)
2024-06-03 19:39:59,080 INFO  - My position is not better! (at simulation time 14.002,400,000 s)
2024-06-03 19:39:59,081 INFO  - Recieve a message from other vehicle (at simulation time 14.002,400,000 s)
2024-06-03 19:39:59,081 INFO  - My position is not better! (at simulation time 14.002,400,000 s)
2024-06-03 19:39:59,081 INFO  - Recieve a message from other vehicle (at simulation time 14.002,800,000 s)
2024-06-03 19:39:59,081 INFO  - My position is not better! (at simulation time 14.002,800,000 s)
2024-06-03 19:39:59,082 INFO  - Recieve a message from other vehicle (at simulation time 14.003,300,000 s)
2024-06-03 19:39:59,082 INFO  - I'm in better position but no more hops in message (at simulation time 14.003,300,000 s)
2024-06-03 19:39:59,083 INFO  - Recieve a message from other vehicle (at simulation time 14.003,800,000 s)
2024-06-03 19:39:59,083 INFO  - I'm in better position but no more hops in message (at simulation time 14.003,800,000 s)
2024-06-03 19:39:59,083 INFO  - Recieve a message from other vehicle (at simulation time 14.003,800,000 s)
2024-06-03 19:39:59,083 INFO  - My position is not better! (at simulation time 14.003,800,000 s)
2024-06-03 19:39:59,411 INFO  - Called #onVehicleUpdated (at simulation time 15.000,000,000 s)
2024-06-03 19:39:59,412 INFO  - Sending out DENM broadcast (at simulation time 15.000,000,000 s)
2024-06-03 19:39:59,413 INFO  - Sending out AdHoc broadcast (at simulation time 15.000,000,000 s)
2024-06-03 19:39:59,413 INFO  - Sending out AdHoc broadcast (at simulation time 15.000,000,000 s)
2024-06-03 19:39:59,413 INFO  - Sending out AdHoc broadcast (at simulation time 15.000,000,000 s)
2024-06-03 19:39:59,413 INFO  - Sending out AdHoc broadcast (at simulation time 15.000,000,000 s)
2024-06-03 19:39:59,417 INFO  - Recieve a message from other vehicle (at simulation time 15.000,400,000 s)
2024-06-03 19:39:59,417 INFO  - Recending a message from other vehicle (at simulation time 15.000,400,000 s)
2024-06-03 19:39:59,421 INFO  - Recieve a message from other vehicle (at simulation time 15.000,800,000 s)
2024-06-03 19:39:59,421 INFO  - DENM message Recived from veh_1 -info : seco (at simulation time 15.000,800,000 s)
2024-06-03 19:39:59,421 INFO  - No more hops in DENM message (at simulation time 15.000,800,000 s)
2024-06-03 19:39:59,423 INFO  - Recieve a message from other vehicle (at simulation time 15.000,900,000 s)
2024-06-03 19:39:59,423 INFO  - I'm in better position but no more hops in message (at simulation time 15.000,900,000 s)
2024-06-03 19:39:59,424 INFO  - Recieve a message from other vehicle (at simulation time 15.000,900,000 s)
2024-06-03 19:39:59,424 INFO  - I'm in better position but no more hops in message (at simulation time 15.000,900,000 s)
2024-06-03 19:39:59,426 INFO  - Recieve a message from other vehicle (at simulation time 15.001,300,000 s)
2024-06-03 19:39:59,426 INFO  - I'm in better position but no more hops in message (at simulation time 15.001,300,000 s)
2024-06-03 19:39:59,427 INFO  - Recieve a message from other vehicle (at simulation time 15.001,400,000 s)
2024-06-03 19:39:59,427 INFO  - DENM message Recived from veh_0 -info : piso-molhado (at simulation time 15.001,400,000 s)
2024-06-03 19:39:59,427 INFO  - I slow down due to road state (at simulation time 15.001,400,000 s)
2024-06-03 19:39:59,427 INFO  - No more hops in DENM message (at simulation time 15.001,400,000 s)
2024-06-03 19:39:59,427 INFO  - Recieve a message from other vehicle (at simulation time 15.001,400,000 s)
2024-06-03 19:39:59,427 INFO  - DENM message Recived from veh_1 -info : seco (at simulation time 15.001,400,000 s)
2024-06-03 19:39:59,427 INFO  - No more hops in DENM message (at simulation time 15.001,400,000 s)
2024-06-03 19:39:59,428 INFO  - Recieve a message from other vehicle (at simulation time 15.001,400,000 s)
2024-06-03 19:39:59,428 INFO  - Recending a message from other vehicle (at simulation time 15.001,400,000 s)
2024-06-03 19:39:59,430 INFO  - Recieve a message from other vehicle (at simulation time 15.001,800,000 s)
2024-06-03 19:39:59,430 INFO  - I'm in better position but no more hops in message (at simulation time 15.001,800,000 s)
2024-06-03 19:39:59,430 INFO  - Recieve a message from other vehicle (at simulation time 15.001,800,000 s)
2024-06-03 19:39:59,430 INFO  - I'm in better position but no more hops in message (at simulation time 15.001,800,000 s)
2024-06-03 19:39:59,431 INFO  - Recieve a message from other vehicle (at simulation time 15.001,900,000 s)
2024-06-03 19:39:59,431 INFO  - I'm in better position but no more hops in message (at simulation time 15.001,900,000 s)
2024-06-03 19:39:59,433 INFO  - Recieve a message from other vehicle (at simulation time 15.002,300,000 s)
2024-06-03 19:39:59,433 INFO  - DENM message Recived from veh_3 -info : seco (at simulation time 15.002,300,000 s)
2024-06-03 19:39:59,433 INFO  - No more hops in DENM message (at simulation time 15.002,300,000 s)
2024-06-03 19:39:59,433 INFO  - Recieve a message from other vehicle (at simulation time 15.002,300,000 s)
2024-06-03 19:39:59,433 INFO  - DENM message Recived from veh_5 -info : seco (at simulation time 15.002,300,000 s)
2024-06-03 19:39:59,433 INFO  - No more hops in DENM message (at simulation time 15.002,300,000 s)
2024-06-03 19:39:59,434 INFO  - Recieve a message from other vehicle (at simulation time 15.002,400,000 s)
2024-06-03 19:39:59,435 INFO  - DENM message Recived from veh_3 -info : seco (at simulation time 15.002,400,000 s)
2024-06-03 19:39:59,435 INFO  - No more hops in DENM message (at simulation time 15.002,400,000 s)
2024-06-03 19:39:59,435 INFO  - Recieve a message from other vehicle (at simulation time 15.002,400,000 s)
2024-06-03 19:39:59,435 INFO  - Recending a message from other vehicle (at simulation time 15.002,400,000 s)
2024-06-03 19:39:59,436 INFO  - Recieve a message from other vehicle (at simulation time 15.002,400,000 s)
2024-06-03 19:39:59,436 INFO  - My position is not better! (at simulation time 15.002,400,000 s)
2024-06-03 19:39:59,437 INFO  - Recieve a message from other vehicle (at simulation time 15.002,800,000 s)
2024-06-03 19:39:59,437 INFO  - DENM message Recived from veh_0 -info : piso-molhado (at simulation time 15.002,800,000 s)
2024-06-03 19:39:59,437 INFO  - I slow down due to road state (at simulation time 15.002,800,000 s)
2024-06-03 19:39:59,437 INFO  - No more hops in DENM message (at simulation time 15.002,800,000 s)
2024-06-03 19:39:59,757 INFO  - Called #onVehicleUpdated (at simulation time 16.000,000,000 s)
2024-06-03 19:39:59,759 INFO  - Sending out AdHoc broadcast (at simulation time 16.000,000,000 s)
2024-06-03 19:39:59,759 INFO  - Sending out AdHoc broadcast (at simulation time 16.000,000,000 s)
2024-06-03 19:39:59,760 INFO  - Sending out AdHoc broadcast (at simulation time 16.000,000,000 s)
2024-06-03 19:39:59,764 INFO  - Recieve a message from other vehicle (at simulation time 16.000,400,000 s)
2024-06-03 19:39:59,764 INFO  - Recending a message from other vehicle (at simulation time 16.000,400,000 s)
2024-06-03 19:39:59,764 INFO  - Recieve a message from other vehicle (at simulation time 16.000,400,000 s)
2024-06-03 19:39:59,764 INFO  - My position is not better! (at simulation time 16.000,400,000 s)
2024-06-03 19:39:59,767 INFO  - Recieve a message from other vehicle (at simulation time 16.000,900,000 s)
2024-06-03 19:39:59,767 INFO  - DENM message Recived from veh_2 -info : seco (at simulation time 16.000,900,000 s)
2024-06-03 19:39:59,767 INFO  - Recending a DENM message from other vehicle (at simulation time 16.000,900,000 s)
2024-06-03 19:39:59,770 INFO  - Recieve a message from other vehicle (at simulation time 16.001,300,000 s)
2024-06-03 19:39:59,770 INFO  - I'm in better position but no more hops in message (at simulation time 16.001,300,000 s)
2024-06-03 19:39:59,770 INFO  - Recieve a message from other vehicle (at simulation time 16.001,400,000 s)
2024-06-03 19:39:59,770 INFO  - DENM message Recived from veh_4 -info : nevoeiro (at simulation time 16.001,400,000 s)
2024-06-03 19:39:59,770 INFO  - No more hops in DENM message (at simulation time 16.001,400,000 s)
2024-06-03 19:39:59,770 INFO  - Recieve a message from other vehicle (at simulation time 16.001,400,000 s)
2024-06-03 19:39:59,770 INFO  - My position is not better! (at simulation time 16.001,400,000 s)
2024-06-03 19:39:59,771 INFO  - Recieve a message from other vehicle (at simulation time 16.001,400,000 s)
2024-06-03 19:39:59,771 INFO  - I'm in better position but no more hops in message (at simulation time 16.001,400,000 s)
2024-06-03 19:39:59,772 INFO  - Recieve a message from other vehicle (at simulation time 16.001,800,000 s)
2024-06-03 19:39:59,772 INFO  - I'm in better position but no more hops in message (at simulation time 16.001,800,000 s)
2024-06-03 19:39:59,772 INFO  - Recieve a message from other vehicle (at simulation time 16.001,800,000 s)
2024-06-03 19:39:59,772 INFO  - I'm in better position but no more hops in message (at simulation time 16.001,800,000 s)
2024-06-03 19:39:59,773 INFO  - Recieve a message from other vehicle (at simulation time 16.001,900,000 s)
2024-06-03 19:39:59,773 INFO  - I'm in better position but no more hops in message (at simulation time 16.001,900,000 s)
2024-06-03 19:39:59,773 INFO  - Recieve a message from other vehicle (at simulation time 16.001,900,000 s)
2024-06-03 19:39:59,773 INFO  - My position is not better! (at simulation time 16.001,900,000 s)
2024-06-03 19:39:59,774 INFO  - Recieve a message from other vehicle (at simulation time 16.002,300,000 s)
2024-06-03 19:39:59,774 INFO  - My position is not better! (at simulation time 16.002,300,000 s)
2024-06-03 19:39:59,774 INFO  - Recieve a message from other vehicle (at simulation time 16.002,400,000 s)
2024-06-03 19:39:59,774 INFO  - I'm in better position but no more hops in message (at simulation time 16.002,400,000 s)
2024-06-03 19:39:59,775 INFO  - Recieve a message from other vehicle (at simulation time 16.002,800,000 s)
2024-06-03 19:39:59,775 INFO  - DENM message Recived from veh_4 -info : nevoeiro (at simulation time 16.002,800,000 s)
2024-06-03 19:39:59,775 INFO  - No more hops in DENM message (at simulation time 16.002,800,000 s)
2024-06-03 19:39:59,776 INFO  - Recieve a message from other vehicle (at simulation time 16.004,800,000 s)
2024-06-03 19:39:59,776 INFO  - My position is not better! (at simulation time 16.004,800,000 s)
2024-06-03 19:40:00,107 INFO  - Called #onVehicleUpdated (at simulation time 17.000,000,000 s)
2024-06-03 19:40:00,108 INFO  - Sending out AdHoc broadcast (at simulation time 17.000,000,000 s)
2024-06-03 19:40:00,108 INFO  - Sending out AdHoc broadcast (at simulation time 17.000,000,000 s)
2024-06-03 19:40:00,109 INFO  - Sending out AdHoc broadcast (at simulation time 17.000,000,000 s)
2024-06-03 19:40:00,110 INFO  - Sending out AdHoc broadcast (at simulation time 17.000,000,000 s)
2024-06-03 19:40:00,113 INFO  - Recieve a message from other vehicle (at simulation time 17.000,400,000 s)
2024-06-03 19:40:00,113 INFO  - Recending a message from other vehicle (at simulation time 17.000,400,000 s)
2024-06-03 19:40:00,113 INFO  - Recieve a message from other vehicle (at simulation time 17.000,400,000 s)
2024-06-03 19:40:00,113 INFO  - My position is not better! (at simulation time 17.000,400,000 s)
2024-06-03 19:40:00,114 INFO  - Recieve a message from other vehicle (at simulation time 17.000,400,000 s)
2024-06-03 19:40:00,114 INFO  - I'm in better position but no more hops in message (at simulation time 17.000,400,000 s)
2024-06-03 19:40:00,115 INFO  - Recieve a message from other vehicle (at simulation time 17.000,800,000 s)
2024-06-03 19:40:00,115 INFO  - I'm in better position but no more hops in message (at simulation time 17.000,800,000 s)
2024-06-03 19:40:00,116 INFO  - Recieve a message from other vehicle (at simulation time 17.000,900,000 s)
2024-06-03 19:40:00,116 INFO  - Recending a message from other vehicle (at simulation time 17.000,900,000 s)
2024-06-03 19:40:00,120 INFO  - Recieve a message from other vehicle (at simulation time 17.001,800,000 s)
2024-06-03 19:40:00,120 INFO  - I'm in better position but no more hops in message (at simulation time 17.001,800,000 s)
2024-06-03 19:40:00,120 INFO  - Recieve a message from other vehicle (at simulation time 17.001,900,000 s)
2024-06-03 19:40:00,120 INFO  - My position is not better! (at simulation time 17.001,900,000 s)
2024-06-03 19:40:00,122 INFO  - Recieve a message from other vehicle (at simulation time 17.002,400,000 s)
2024-06-03 19:40:00,122 INFO  - I'm in better position but no more hops in message (at simulation time 17.002,400,000 s)
2024-06-03 19:40:00,122 INFO  - Recieve a message from other vehicle (at simulation time 17.002,400,000 s)
2024-06-03 19:40:00,122 INFO  - I'm in better position but no more hops in message (at simulation time 17.002,400,000 s)
2024-06-03 19:40:00,123 INFO  - Recieve a message from other vehicle (at simulation time 17.003,300,000 s)
2024-06-03 19:40:00,123 INFO  - I'm in better position but no more hops in message (at simulation time 17.003,300,000 s)
2024-06-03 19:40:00,456 INFO  - Called #onVehicleUpdated (at simulation time 18.000,000,000 s)
2024-06-03 19:40:00,458 INFO  - Sending out AdHoc broadcast (at simulation time 18.000,000,000 s)
2024-06-03 19:40:00,458 INFO  - Sending out AdHoc broadcast (at simulation time 18.000,000,000 s)
2024-06-03 19:40:00,459 INFO  - Sending out AdHoc broadcast (at simulation time 18.000,000,000 s)
2024-06-03 19:40:00,461 INFO  - Recieve a message from other vehicle (at simulation time 18.000,400,000 s)
2024-06-03 19:40:00,461 INFO  - My position is not better! (at simulation time 18.000,400,000 s)
2024-06-03 19:40:00,462 INFO  - Recieve a message from other vehicle (at simulation time 18.000,400,000 s)
2024-06-03 19:40:00,462 INFO  - Recending a message from other vehicle (at simulation time 18.000,400,000 s)
2024-06-03 19:40:00,463 INFO  - Recieve a message from other vehicle (at simulation time 18.000,400,000 s)
2024-06-03 19:40:00,463 INFO  - My position is not better! (at simulation time 18.000,400,000 s)
2024-06-03 19:40:00,463 INFO  - Recieve a message from other vehicle (at simulation time 18.000,400,000 s)
2024-06-03 19:40:00,463 INFO  - My position is not better! (at simulation time 18.000,400,000 s)
2024-06-03 19:40:00,464 INFO  - Recieve a message from other vehicle (at simulation time 18.000,800,000 s)
2024-06-03 19:40:00,464 INFO  - I'm in better position but no more hops in message (at simulation time 18.000,800,000 s)
2024-06-03 19:40:00,466 INFO  - Recieve a message from other vehicle (at simulation time 18.001,300,000 s)
2024-06-03 19:40:00,466 INFO  - I'm in better position but no more hops in message (at simulation time 18.001,300,000 s)
2024-06-03 19:40:00,468 INFO  - Recieve a message from other vehicle (at simulation time 18.001,800,000 s)
2024-06-03 19:40:00,468 INFO  - My position is not better! (at simulation time 18.001,800,000 s)
2024-06-03 19:40:00,469 INFO  - Recieve a message from other vehicle (at simulation time 18.002,300,000 s)
2024-06-03 19:40:00,470 INFO  - I'm in better position but no more hops in message (at simulation time 18.002,300,000 s)
2024-06-03 19:40:00,472 INFO  - Recieve a message from other vehicle (at simulation time 18.002,800,000 s)
2024-06-03 19:40:00,472 INFO  - My position is not better! (at simulation time 18.002,800,000 s)
2024-06-03 19:40:00,808 INFO  - Called #onVehicleUpdated (at simulation time 19.000,000,000 s)
2024-06-03 19:40:00,808 INFO  - Sending out AdHoc broadcast (at simulation time 19.000,000,000 s)
2024-06-03 19:40:00,809 INFO  - Sending out AdHoc broadcast (at simulation time 19.000,000,000 s)
2024-06-03 19:40:00,809 INFO  - Sending out AdHoc broadcast (at simulation time 19.000,000,000 s)
2024-06-03 19:40:00,810 INFO  - Sending out AdHoc broadcast (at simulation time 19.000,000,000 s)
2024-06-03 19:40:00,814 INFO  - Recieve a message from other vehicle (at simulation time 19.000,800,000 s)
2024-06-03 19:40:00,814 INFO  - I'm in better position but no more hops in message (at simulation time 19.000,800,000 s)
2024-06-03 19:40:00,815 INFO  - Recieve a message from other vehicle (at simulation time 19.000,900,000 s)
2024-06-03 19:40:00,815 INFO  - Recending a message from other vehicle (at simulation time 19.000,900,000 s)
2024-06-03 19:40:00,817 INFO  - Recieve a message from other vehicle (at simulation time 19.001,400,000 s)
2024-06-03 19:40:00,817 INFO  - My position is not better! (at simulation time 19.001,400,000 s)
2024-06-03 19:40:00,818 INFO  - Recieve a message from other vehicle (at simulation time 19.001,800,000 s)
2024-06-03 19:40:00,818 INFO  - I'm in better position but no more hops in message (at simulation time 19.001,800,000 s)
2024-06-03 19:40:00,818 INFO  - Recieve a message from other vehicle (at simulation time 19.001,900,000 s)
2024-06-03 19:40:00,818 INFO  - My position is not better! (at simulation time 19.001,900,000 s)
2024-06-03 19:40:00,821 INFO  - Recieve a message from other vehicle (at simulation time 19.002,800,000 s)
2024-06-03 19:40:00,821 INFO  - I'm in better position but no more hops in message (at simulation time 19.002,800,000 s)
2024-06-03 19:40:00,821 INFO  - Recieve a message from other vehicle (at simulation time 19.002,800,000 s)
2024-06-03 19:40:00,821 INFO  - I'm in better position but no more hops in message (at simulation time 19.002,800,000 s)
2024-06-03 19:40:00,821 INFO  - Recieve a message from other vehicle (at simulation time 19.003,800,000 s)
2024-06-03 19:40:00,821 INFO  - My position is not better! (at simulation time 19.003,800,000 s)
2024-06-03 19:40:01,160 INFO  - Called #onVehicleUpdated (at simulation time 20.000,000,000 s)
2024-06-03 19:40:01,160 INFO  - Sending out AdHoc broadcast (at simulation time 20.000,000,000 s)
2024-06-03 19:40:01,160 INFO  - Sending out AdHoc broadcast (at simulation time 20.000,000,000 s)
2024-06-03 19:40:01,160 INFO  - Sending out AdHoc broadcast (at simulation time 20.000,000,000 s)
2024-06-03 19:40:01,163 INFO  - Recieve a message from other vehicle (at simulation time 20.000,900,000 s)
2024-06-03 19:40:01,163 INFO  - Recending a message from other vehicle (at simulation time 20.000,900,000 s)
2024-06-03 19:40:01,163 INFO  - Recieve a message from other vehicle (at simulation time 20.000,900,000 s)
2024-06-03 19:40:01,163 INFO  - My position is not better! (at simulation time 20.000,900,000 s)
2024-06-03 19:40:01,163 INFO  - Recieve a message from other vehicle (at simulation time 20.001,300,000 s)
2024-06-03 19:40:01,163 INFO  - I'm in better position but no more hops in message (at simulation time 20.001,300,000 s)
2024-06-03 19:40:01,164 INFO  - Recieve a message from other vehicle (at simulation time 20.001,300,000 s)
2024-06-03 19:40:01,164 INFO  - I'm in better position but no more hops in message (at simulation time 20.001,300,000 s)
2024-06-03 19:40:01,164 INFO  - Recieve a message from other vehicle (at simulation time 20.001,800,000 s)
2024-06-03 19:40:01,164 INFO  - I'm in better position but no more hops in message (at simulation time 20.001,800,000 s)
2024-06-03 19:40:01,164 INFO  - Recieve a message from other vehicle (at simulation time 20.001,800,000 s)
2024-06-03 19:40:01,164 INFO  - I'm in better position but no more hops in message (at simulation time 20.001,800,000 s)
2024-06-03 19:40:01,164 INFO  - Recieve a message from other vehicle (at simulation time 20.001,900,000 s)
2024-06-03 19:40:01,164 INFO  - I'm in better position but no more hops in message (at simulation time 20.001,900,000 s)
2024-06-03 19:40:01,165 INFO  - Recieve a message from other vehicle (at simulation time 20.002,300,000 s)
2024-06-03 19:40:01,165 INFO  - I'm in better position but no more hops in message (at simulation time 20.002,300,000 s)
2024-06-03 19:40:01,166 INFO  - Recieve a message from other vehicle (at simulation time 20.002,400,000 s)
2024-06-03 19:40:01,166 INFO  - I'm in better position but no more hops in message (at simulation time 20.002,400,000 s)
2024-06-03 19:40:01,507 INFO  - Called #onVehicleUpdated (at simulation time 21.000,000,000 s)
2024-06-03 19:40:01,508 INFO  - Sending out AdHoc broadcast (at simulation time 21.000,000,000 s)
2024-06-03 19:40:01,508 INFO  - Sending out AdHoc broadcast (at simulation time 21.000,000,000 s)
2024-06-03 19:40:01,508 INFO  - Sending out AdHoc broadcast (at simulation time 21.000,000,000 s)
2024-06-03 19:40:01,509 INFO  - Sending out AdHoc broadcast (at simulation time 21.000,000,000 s)
2024-06-03 19:40:01,510 INFO  - Recieve a message from other vehicle (at simulation time 21.000,900,000 s)
2024-06-03 19:40:01,510 INFO  - My position is not better! (at simulation time 21.000,900,000 s)
2024-06-03 19:40:01,510 INFO  - Recieve a message from other vehicle (at simulation time 21.000,900,000 s)
2024-06-03 19:40:01,511 INFO  - Recending a message from other vehicle (at simulation time 21.000,900,000 s)
2024-06-03 19:40:01,512 INFO  - Recieve a message from other vehicle (at simulation time 21.002,300,000 s)
2024-06-03 19:40:01,512 INFO  - I'm in better position but no more hops in message (at simulation time 21.002,300,000 s)
2024-06-03 19:40:01,512 INFO  - Recieve a message from other vehicle (at simulation time 21.002,400,000 s)
2024-06-03 19:40:01,512 INFO  - I'm in better position but no more hops in message (at simulation time 21.002,400,000 s)
2024-06-03 19:40:01,857 INFO  - Called #onVehicleUpdated (at simulation time 22.000,000,000 s)
2024-06-03 19:40:01,858 INFO  - Sending out AdHoc broadcast (at simulation time 22.000,000,000 s)
2024-06-03 19:40:01,858 INFO  - Sending out AdHoc broadcast (at simulation time 22.000,000,000 s)
2024-06-03 19:40:01,858 INFO  - Sending out AdHoc broadcast (at simulation time 22.000,000,000 s)
2024-06-03 19:40:01,859 INFO  - Recieve a message from RSU (at simulation time 22.000,400,000 s)
2024-06-03 19:40:01,860 INFO  - Recieve a message from other vehicle (at simulation time 22.001,300,000 s)
2024-06-03 19:40:01,860 INFO  - I'm in better position but no more hops in message (at simulation time 22.001,300,000 s)
2024-06-03 19:40:01,860 INFO  - Recieve a message from other vehicle (at simulation time 22.001,400,000 s)
2024-06-03 19:40:01,860 INFO  - Recending a message from other vehicle (at simulation time 22.001,400,000 s)
2024-06-03 19:40:01,860 INFO  - Recieve a message from other vehicle (at simulation time 22.001,400,000 s)
2024-06-03 19:40:01,860 INFO  - Recending a message from other vehicle (at simulation time 22.001,400,000 s)
2024-06-03 19:40:01,861 INFO  - Recieve a message from other vehicle (at simulation time 22.001,900,000 s)
2024-06-03 19:40:01,861 INFO  - I'm in better position but no more hops in message (at simulation time 22.001,900,000 s)
2024-06-03 19:40:01,862 INFO  - Recieve a message from other vehicle (at simulation time 22.001,900,000 s)
2024-06-03 19:40:01,862 INFO  - I'm in better position but no more hops in message (at simulation time 22.001,900,000 s)
2024-06-03 19:40:01,863 INFO  - Recieve a message from other vehicle (at simulation time 22.002,800,000 s)
2024-06-03 19:40:01,863 INFO  - My position is not better! (at simulation time 22.002,800,000 s)
2024-06-03 19:40:01,863 INFO  - Recieve a message from other vehicle (at simulation time 22.003,300,000 s)
2024-06-03 19:40:01,863 INFO  - I'm in better position but no more hops in message (at simulation time 22.003,300,000 s)
2024-06-03 19:40:01,864 INFO  - Recieve a message from other vehicle (at simulation time 22.003,800,000 s)
2024-06-03 19:40:01,864 INFO  - My position is not better! (at simulation time 22.003,800,000 s)
2024-06-03 19:40:01,864 INFO  - Recieve a message from other vehicle (at simulation time 22.003,800,000 s)
2024-06-03 19:40:01,864 INFO  - My position is not better! (at simulation time 22.003,800,000 s)
2024-06-03 19:40:02,207 INFO  - Called #onVehicleUpdated (at simulation time 23.000,000,000 s)
2024-06-03 19:40:02,207 INFO  - Sending out AdHoc broadcast (at simulation time 23.000,000,000 s)
2024-06-03 19:40:02,208 INFO  - Sending out AdHoc broadcast (at simulation time 23.000,000,000 s)
2024-06-03 19:40:02,208 INFO  - Sending out AdHoc broadcast (at simulation time 23.000,000,000 s)
2024-06-03 19:40:02,208 INFO  - Sending out AdHoc broadcast (at simulation time 23.000,000,000 s)
2024-06-03 19:40:02,210 INFO  - Recieve a message from other vehicle (at simulation time 23.001,400,000 s)
2024-06-03 19:40:02,210 INFO  - Recending a message from other vehicle (at simulation time 23.001,400,000 s)
2024-06-03 19:40:02,211 INFO  - Recieve a message from other vehicle (at simulation time 23.002,300,000 s)
2024-06-03 19:40:02,211 INFO  - I'm in better position but no more hops in message (at simulation time 23.002,300,000 s)
2024-06-03 19:40:02,211 INFO  - Recieve a message from other vehicle (at simulation time 23.002,400,000 s)
2024-06-03 19:40:02,211 INFO  - I'm in better position but no more hops in message (at simulation time 23.002,400,000 s)
2024-06-03 19:40:02,212 INFO  - Recieve a message from other vehicle (at simulation time 23.002,800,000 s)
2024-06-03 19:40:02,212 INFO  - I'm in better position but no more hops in message (at simulation time 23.002,800,000 s)
2024-06-03 19:40:02,557 INFO  - Called #onVehicleUpdated (at simulation time 24.000,000,000 s)
2024-06-03 19:40:02,558 INFO  - Sending out AdHoc broadcast (at simulation time 24.000,000,000 s)
2024-06-03 19:40:02,558 INFO  - Sending out AdHoc broadcast (at simulation time 24.000,000,000 s)
2024-06-03 19:40:02,558 INFO  - Sending out AdHoc broadcast (at simulation time 24.000,000,000 s)
2024-06-03 19:40:02,559 INFO  - Recieve a message from other vehicle (at simulation time 24.000,400,000 s)
2024-06-03 19:40:02,559 INFO  - Recending a message from other vehicle (at simulation time 24.000,400,000 s)
2024-06-03 19:40:02,909 INFO  - Called #onVehicleUpdated (at simulation time 25.000,000,000 s)
2024-06-03 19:40:02,909 INFO  - Sending out AdHoc broadcast (at simulation time 25.000,000,000 s)
2024-06-03 19:40:02,910 INFO  - Sending out AdHoc broadcast (at simulation time 25.000,000,000 s)
2024-06-03 19:40:02,910 INFO  - Sending out AdHoc broadcast (at simulation time 25.000,000,000 s)
2024-06-03 19:40:02,910 INFO  - Sending out AdHoc broadcast (at simulation time 25.000,000,000 s)
2024-06-03 19:40:03,256 INFO  - Called #onVehicleUpdated (at simulation time 26.000,000,000 s)
2024-06-03 19:40:03,257 INFO  - Sending out AdHoc broadcast (at simulation time 26.000,000,000 s)
2024-06-03 19:40:03,257 INFO  - Sending out AdHoc broadcast (at simulation time 26.000,000,000 s)
2024-06-03 19:40:03,258 INFO  - Sending out AdHoc broadcast (at simulation time 26.000,000,000 s)
2024-06-03 19:40:03,608 INFO  - Called #onVehicleUpdated (at simulation time 27.000,000,000 s)
2024-06-03 19:40:03,608 INFO  - Sending out AdHoc broadcast (at simulation time 27.000,000,000 s)
2024-06-03 19:40:03,608 INFO  - Sending out AdHoc broadcast (at simulation time 27.000,000,000 s)
2024-06-03 19:40:03,608 INFO  - Sending out AdHoc broadcast (at simulation time 27.000,000,000 s)
2024-06-03 19:40:03,609 INFO  - Sending out AdHoc broadcast (at simulation time 27.000,000,000 s)
2024-06-03 19:40:03,957 INFO  - Called #onVehicleUpdated (at simulation time 28.000,000,000 s)
2024-06-03 19:40:03,957 INFO  - Exced velocity! Sending new CAM (at simulation time 28.000,000,000 s)
2024-06-03 19:40:03,957 INFO  - Sending out AdHoc broadcast (at simulation time 28.000,000,000 s)
2024-06-03 19:40:03,957 INFO  - Sending out AdHoc broadcast (at simulation time 28.000,000,000 s)
2024-06-03 19:40:03,957 INFO  - Sending out AdHoc broadcast (at simulation time 28.000,000,000 s)
2024-06-03 19:40:03,958 INFO  - Sending out AdHoc broadcast (at simulation time 28.000,000,000 s)
2024-06-03 19:40:04,307 INFO  - Called #onVehicleUpdated (at simulation time 29.000,000,000 s)
2024-06-03 19:40:04,307 INFO  - Exced velocity! Sending new CAM (at simulation time 29.000,000,000 s)
2024-06-03 19:40:04,307 INFO  - Sending out AdHoc broadcast (at simulation time 29.000,000,000 s)
2024-06-03 19:40:04,307 INFO  - Sending out AdHoc broadcast (at simulation time 29.000,000,000 s)
2024-06-03 19:40:04,308 INFO  - Sending out AdHoc broadcast (at simulation time 29.000,000,000 s)
2024-06-03 19:40:04,308 INFO  - Sending out AdHoc broadcast (at simulation time 29.000,000,000 s)
2024-06-03 19:40:04,308 INFO  - Sending out AdHoc broadcast (at simulation time 29.000,000,000 s)
2024-06-03 19:40:04,658 INFO  - Called #onVehicleUpdated (at simulation time 30.000,000,000 s)
2024-06-03 19:40:04,658 INFO  - Exced velocity! Sending new CAM (at simulation time 30.000,000,000 s)
2024-06-03 19:40:04,658 INFO  - Sending out AdHoc broadcast (at simulation time 30.000,000,000 s)
2024-06-03 19:40:04,659 INFO  - Sending out AdHoc broadcast (at simulation time 30.000,000,000 s)
2024-06-03 19:40:04,659 INFO  - Sending out AdHoc broadcast (at simulation time 30.000,000,000 s)
2024-06-03 19:40:04,659 INFO  - Sending out AdHoc broadcast (at simulation time 30.000,000,000 s)
2024-06-03 19:40:04,659 INFO  - Sending out AdHoc broadcast (at simulation time 30.000,000,000 s)
2024-06-03 19:40:05,007 INFO  - Called #onVehicleUpdated (at simulation time 31.000,000,000 s)
2024-06-03 19:40:05,007 INFO  - Exced velocity! Sending new CAM (at simulation time 31.000,000,000 s)
2024-06-03 19:40:05,007 INFO  - Sending out AdHoc broadcast (at simulation time 31.000,000,000 s)
2024-06-03 19:40:05,007 INFO  - Sending out AdHoc broadcast (at simulation time 31.000,000,000 s)
2024-06-03 19:40:05,007 INFO  - Sending out AdHoc broadcast (at simulation time 31.000,000,000 s)
2024-06-03 19:40:05,008 INFO  - Sending out AdHoc broadcast (at simulation time 31.000,000,000 s)
2024-06-03 19:40:05,008 INFO  - Sending out AdHoc broadcast (at simulation time 31.000,000,000 s)
2024-06-03 19:40:05,008 INFO  - Sending out AdHoc broadcast (at simulation time 31.000,000,000 s)
2024-06-03 19:40:05,356 INFO  - Shutdown (at simulation time 32.000,000,000 s)
