2024-06-03 19:42:46,605 INFO  - Initialize Vehicle application (at simulation time 79.000,000,000 s)
2024-06-03 19:42:46,607 INFO  - Activated WLAN Module (at simulation time 79.000,000,000 s)
2024-06-03 19:42:46,608 INFO  - Called #onVehicleUpdated (at simulation time 79.000,000,000 s)
2024-06-03 19:42:46,610 INFO  - Recieve a message from other vehicle (at simulation time 79.001,900,000 s)
2024-06-03 19:42:46,610 INFO  - My position is not better! (at simulation time 79.001,900,000 s)
2024-06-03 19:42:46,610 INFO  - Recieve a message from other vehicle (at simulation time 79.001,900,000 s)
2024-06-03 19:42:46,610 INFO  - My position is not better! (at simulation time 79.001,900,000 s)
2024-06-03 19:42:46,856 INFO  - Called #onVehicleUpdated (at simulation time 80.000,000,000 s)
2024-06-03 19:42:46,856 INFO  - Define the name: veh_16 and route: r_3 (at simulation time 80.000,000,000 s)
2024-06-03 19:42:46,856 INFO  - Sending out AdHoc broadcast (at simulation time 80.000,000,000 s)
2024-06-03 19:42:46,857 INFO  - Recieve a message from other vehicle (at simulation time 80.000,900,000 s)
2024-06-03 19:42:46,857 INFO  - My position is not better! (at simulation time 80.000,900,000 s)
2024-06-03 19:42:46,857 INFO  - Recieve a message from other vehicle (at simulation time 80.001,400,000 s)
2024-06-03 19:42:46,857 INFO  - My position is not better! (at simulation time 80.001,400,000 s)
2024-06-03 19:42:46,857 INFO  - Recieve a message from other vehicle (at simulation time 80.003,300,000 s)
2024-06-03 19:42:46,857 INFO  - My position is not better! (at simulation time 80.003,300,000 s)
2024-06-03 19:42:47,103 INFO  - Called #onVehicleUpdated (at simulation time 81.000,000,000 s)
2024-06-03 19:42:47,104 INFO  - Recieve a message from other vehicle (at simulation time 81.000,400,000 s)
2024-06-03 19:42:47,104 INFO  - My position is not better! (at simulation time 81.000,400,000 s)
2024-06-03 19:42:47,104 INFO  - Recieve a message from other vehicle (at simulation time 81.000,400,000 s)
2024-06-03 19:42:47,104 INFO  - My position is not better! (at simulation time 81.000,400,000 s)
2024-06-03 19:42:47,104 INFO  - Recieve a message from other vehicle (at simulation time 81.002,400,000 s)
2024-06-03 19:42:47,104 INFO  - My position is not better! (at simulation time 81.002,400,000 s)
2024-06-03 19:42:47,354 INFO  - Called #onVehicleUpdated (at simulation time 82.000,000,000 s)
2024-06-03 19:42:47,355 INFO  - Sending out AdHoc broadcast (at simulation time 82.000,000,000 s)
2024-06-03 19:42:47,356 INFO  - Recieve a message from other vehicle (at simulation time 82.001,900,000 s)
2024-06-03 19:42:47,356 INFO  - My position is not better! (at simulation time 82.001,900,000 s)
2024-06-03 19:42:47,356 INFO  - Recieve a message from other vehicle (at simulation time 82.002,400,000 s)
2024-06-03 19:42:47,356 INFO  - My position is not better! (at simulation time 82.002,400,000 s)
2024-06-03 19:42:47,356 INFO  - Recieve a message from other vehicle (at simulation time 82.002,800,000 s)
2024-06-03 19:42:47,356 INFO  - My position is not better! (at simulation time 82.002,800,000 s)
