2024-06-03 18:35:03,866 INFO  - Initialize Vehicle application (at simulation time 6.000,000,000 s)
2024-06-03 18:35:03,867 INFO  - Activated WLAN Module (at simulation time 6.000,000,000 s)
2024-06-03 18:35:03,869 INFO  - Called #onVehicleUpdated (at simulation time 6.000,000,000 s)
2024-06-03 18:35:03,870 INFO  - Exced velocity! Sending new CAM (at simulation time 6.000,000,000 s)
2024-06-03 18:35:03,870 INFO  - Sending out AdHoc broadcast (at simulation time 6.000,000,000 s)
2024-06-03 18:35:04,063 INFO  - Called #onVehicleUpdated (at simulation time 7.000,000,000 s)
2024-06-03 18:35:04,063 INFO  - Exced velocity! Sending new CAM (at simulation time 7.000,000,000 s)
2024-06-03 18:35:04,063 INFO  - Sending out AdHoc broadcast (at simulation time 7.000,000,000 s)
2024-06-03 18:35:04,065 INFO  - Define the name: veh_5 and route: r_5 (at simulation time 7.000,000,000 s)
2024-06-03 18:35:04,065 INFO  - Sending out AdHoc broadcast (at simulation time 7.000,000,000 s)
2024-06-03 18:35:04,252 INFO  - Called #onVehicleUpdated (at simulation time 8.000,000,000 s)
2024-06-03 18:35:04,252 INFO  - Exced velocity! Sending new CAM (at simulation time 8.000,000,000 s)
2024-06-03 18:35:04,252 INFO  - Sending out AdHoc broadcast (at simulation time 8.000,000,000 s)
2024-06-03 18:35:04,254 INFO  - Sending out AdHoc broadcast (at simulation time 8.000,000,000 s)
2024-06-03 18:35:04,449 INFO  - Called #onVehicleUpdated (at simulation time 9.000,000,000 s)
2024-06-03 18:35:04,449 INFO  - Exced velocity! Sending new CAM (at simulation time 9.000,000,000 s)
2024-06-03 18:35:04,449 INFO  - Sending out AdHoc broadcast (at simulation time 9.000,000,000 s)
2024-06-03 18:35:04,449 INFO  - Sending out AdHoc broadcast (at simulation time 9.000,000,000 s)
2024-06-03 18:35:04,450 INFO  - Sending out AdHoc broadcast (at simulation time 9.000,000,000 s)
2024-06-03 18:35:04,666 INFO  - Called #onVehicleUpdated (at simulation time 10.000,000,000 s)
2024-06-03 18:35:04,666 INFO  - Exced velocity! Sending new CAM (at simulation time 10.000,000,000 s)
2024-06-03 18:35:04,666 INFO  - Sending out AdHoc broadcast (at simulation time 10.000,000,000 s)
2024-06-03 18:35:04,667 INFO  - Sending out AdHoc broadcast (at simulation time 10.000,000,000 s)
2024-06-03 18:35:04,667 INFO  - Sending out AdHoc broadcast (at simulation time 10.000,000,000 s)
2024-06-03 18:35:04,853 INFO  - Called #onVehicleUpdated (at simulation time 11.000,000,000 s)
2024-06-03 18:35:04,853 INFO  - Exced velocity! Sending new CAM (at simulation time 11.000,000,000 s)
2024-06-03 18:35:04,853 INFO  - Sending out AdHoc broadcast (at simulation time 11.000,000,000 s)
2024-06-03 18:35:04,854 INFO  - Sending out AdHoc broadcast (at simulation time 11.000,000,000 s)
2024-06-03 18:35:04,855 INFO  - Sending out AdHoc broadcast (at simulation time 11.000,000,000 s)
2024-06-03 18:35:04,857 INFO  - Sending out AdHoc broadcast (at simulation time 11.000,000,000 s)
2024-06-03 18:35:05,050 INFO  - Called #onVehicleUpdated (at simulation time 12.000,000,000 s)
2024-06-03 18:35:05,051 INFO  - Sending out AdHoc broadcast (at simulation time 12.000,000,000 s)
2024-06-03 18:35:05,052 INFO  - Sending out AdHoc broadcast (at simulation time 12.000,000,000 s)
2024-06-03 18:35:05,053 INFO  - Sending out AdHoc broadcast (at simulation time 12.000,000,000 s)
2024-06-03 18:35:05,061 INFO  - Recieve a message from other vehicle (at simulation time 12.000,800,000 s)
2024-06-03 18:35:05,061 INFO  - I'm in better position but no more hops in message (at simulation time 12.000,800,000 s)
2024-06-03 18:35:05,064 INFO  - Recieve a message from other vehicle (at simulation time 12.001,300,000 s)
2024-06-03 18:35:05,064 INFO  - My position is not better! (at simulation time 12.001,300,000 s)
2024-06-03 18:35:05,066 INFO  - Recieve a message from other vehicle (at simulation time 12.002,300,000 s)
2024-06-03 18:35:05,066 INFO  - My position is not better! (at simulation time 12.002,300,000 s)
2024-06-03 18:35:05,066 INFO  - Recieve a message from other vehicle (at simulation time 12.002,300,000 s)
2024-06-03 18:35:05,066 INFO  - My position is not better! (at simulation time 12.002,300,000 s)
2024-06-03 18:35:05,066 INFO  - Recieve a message from other vehicle (at simulation time 12.002,400,000 s)
2024-06-03 18:35:05,066 INFO  - My position is not better! (at simulation time 12.002,400,000 s)
2024-06-03 18:35:05,066 INFO  - Recieve a message from other vehicle (at simulation time 12.002,400,000 s)
2024-06-03 18:35:05,066 INFO  - My position is not better! (at simulation time 12.002,400,000 s)
2024-06-03 18:35:05,067 INFO  - Recieve a message from other vehicle (at simulation time 12.002,400,000 s)
2024-06-03 18:35:05,067 INFO  - My position is not better! (at simulation time 12.002,400,000 s)
2024-06-03 18:35:05,068 INFO  - Recieve a message from other vehicle (at simulation time 12.003,300,000 s)
2024-06-03 18:35:05,068 INFO  - I'm in better position but no more hops in message (at simulation time 12.003,300,000 s)
2024-06-03 18:35:05,253 INFO  - Called #onVehicleUpdated (at simulation time 13.000,000,000 s)
2024-06-03 18:35:05,254 INFO  - Sending out AdHoc broadcast (at simulation time 13.000,000,000 s)
2024-06-03 18:35:05,255 INFO  - Sending out AdHoc broadcast (at simulation time 13.000,000,000 s)
2024-06-03 18:35:05,256 INFO  - Sending out AdHoc broadcast (at simulation time 13.000,000,000 s)
2024-06-03 18:35:05,258 INFO  - Sending out AdHoc broadcast (at simulation time 13.000,000,000 s)
2024-06-03 18:35:05,263 INFO  - Recieve a message from other vehicle (at simulation time 13.000,400,000 s)
2024-06-03 18:35:05,263 INFO  - My position is not better! (at simulation time 13.000,400,000 s)
2024-06-03 18:35:05,265 INFO  - Recieve a message from other vehicle (at simulation time 13.000,900,000 s)
2024-06-03 18:35:05,265 INFO  - My position is not better! (at simulation time 13.000,900,000 s)
2024-06-03 18:35:05,265 INFO  - Recieve a message from other vehicle (at simulation time 13.000,900,000 s)
2024-06-03 18:35:05,265 INFO  - Recending a message from other vehicle (at simulation time 13.000,900,000 s)
2024-06-03 18:35:05,266 INFO  - Recieve a message from other vehicle (at simulation time 13.001,300,000 s)
2024-06-03 18:35:05,266 INFO  - My position is not better! (at simulation time 13.001,300,000 s)
2024-06-03 18:35:05,267 INFO  - Recieve a message from other vehicle (at simulation time 13.001,400,000 s)
2024-06-03 18:35:05,267 INFO  - Recending a message from other vehicle (at simulation time 13.001,400,000 s)
2024-06-03 18:35:05,268 INFO  - Recieve a message from other vehicle (at simulation time 13.001,400,000 s)
2024-06-03 18:35:05,268 INFO  - Recending a message from other vehicle (at simulation time 13.001,400,000 s)
2024-06-03 18:35:05,269 INFO  - Recieve a message from other vehicle (at simulation time 13.001,800,000 s)
2024-06-03 18:35:05,269 INFO  - My position is not better! (at simulation time 13.001,800,000 s)
2024-06-03 18:35:05,270 INFO  - Recieve a message from other vehicle (at simulation time 13.001,900,000 s)
2024-06-03 18:35:05,270 INFO  - My position is not better! (at simulation time 13.001,900,000 s)
2024-06-03 18:35:05,271 INFO  - Recieve a message from other vehicle (at simulation time 13.002,400,000 s)
2024-06-03 18:35:05,271 INFO  - My position is not better! (at simulation time 13.002,400,000 s)
2024-06-03 18:35:05,275 INFO  - Recieve a message from other vehicle (at simulation time 13.003,300,000 s)
2024-06-03 18:35:05,275 INFO  - My position is not better! (at simulation time 13.003,300,000 s)
2024-06-03 18:35:05,275 INFO  - Recieve a message from other vehicle (at simulation time 13.004,300,000 s)
2024-06-03 18:35:05,275 INFO  - My position is not better! (at simulation time 13.004,300,000 s)
2024-06-03 18:35:05,277 INFO  - Recieve a message from RSU (at simulation time 13.229,738,016 s)
2024-06-03 18:35:05,277 INFO  - RSU Stopped me!!! (at simulation time 13.229,738,016 s)
2024-06-03 18:35:05,277 INFO  - Recieve a message from RSU (at simulation time 13.235,255,312 s)
2024-06-03 18:35:05,279 INFO  - Recieve a message from RSU (at simulation time 13.921,591,851 s)
2024-06-03 18:35:05,279 INFO  - Recieve a message from RSU (at simulation time 13.934,227,604 s)
2024-06-03 18:35:05,454 INFO  - Called #onVehicleUpdated (at simulation time 14.000,000,000 s)
2024-06-03 18:35:05,456 INFO  - Sending out AdHoc broadcast (at simulation time 14.000,000,000 s)
2024-06-03 18:35:05,456 INFO  - Sending out AdHoc broadcast (at simulation time 14.000,000,000 s)
2024-06-03 18:35:05,457 INFO  - Sending out AdHoc broadcast (at simulation time 14.000,000,000 s)
2024-06-03 18:35:05,459 INFO  - Recieve a message from other vehicle (at simulation time 14.000,400,000 s)
2024-06-03 18:35:05,460 INFO  - Recending a message from other vehicle (at simulation time 14.000,400,000 s)
2024-06-03 18:35:05,460 INFO  - Recieve a message from other vehicle (at simulation time 14.000,400,000 s)
2024-06-03 18:35:05,460 INFO  - My position is not better! (at simulation time 14.000,400,000 s)
2024-06-03 18:35:05,470 INFO  - Recieve a message from other vehicle (at simulation time 14.001,400,000 s)
2024-06-03 18:35:05,470 INFO  - My position is not better! (at simulation time 14.001,400,000 s)
2024-06-03 18:35:05,472 INFO  - Recieve a message from other vehicle (at simulation time 14.001,900,000 s)
2024-06-03 18:35:05,472 INFO  - My position is not better! (at simulation time 14.001,900,000 s)
2024-06-03 18:35:05,474 INFO  - Recieve a message from other vehicle (at simulation time 14.001,900,000 s)
2024-06-03 18:35:05,474 INFO  - My position is not better! (at simulation time 14.001,900,000 s)
2024-06-03 18:35:05,476 INFO  - Recieve a message from other vehicle (at simulation time 14.002,300,000 s)
2024-06-03 18:35:05,476 INFO  - I'm in better position but no more hops in message (at simulation time 14.002,300,000 s)
2024-06-03 18:35:05,476 INFO  - Recieve a message from other vehicle (at simulation time 14.002,300,000 s)
2024-06-03 18:35:05,476 INFO  - I'm in better position but no more hops in message (at simulation time 14.002,300,000 s)
2024-06-03 18:35:05,477 INFO  - Recieve a message from other vehicle (at simulation time 14.002,400,000 s)
2024-06-03 18:35:05,477 INFO  - I'm in better position but no more hops in message (at simulation time 14.002,400,000 s)
2024-06-03 18:35:05,477 INFO  - Recieve a message from other vehicle (at simulation time 14.002,400,000 s)
2024-06-03 18:35:05,477 INFO  - I'm in better position but no more hops in message (at simulation time 14.002,400,000 s)
2024-06-03 18:35:05,478 INFO  - Recieve a message from other vehicle (at simulation time 14.003,300,000 s)
2024-06-03 18:35:05,478 INFO  - My position is not better! (at simulation time 14.003,300,000 s)
2024-06-03 18:35:05,478 INFO  - Recieve a message from other vehicle (at simulation time 14.003,300,000 s)
2024-06-03 18:35:05,478 INFO  - My position is not better! (at simulation time 14.003,300,000 s)
2024-06-03 18:35:05,479 INFO  - Recieve a message from other vehicle (at simulation time 14.003,800,000 s)
2024-06-03 18:35:05,479 INFO  - My position is not better! (at simulation time 14.003,800,000 s)
2024-06-03 18:35:05,479 INFO  - Recieve a message from other vehicle (at simulation time 14.004,300,000 s)
2024-06-03 18:35:05,479 INFO  - My position is not better! (at simulation time 14.004,300,000 s)
2024-06-03 18:35:05,480 INFO  - Recieve a message from RSU (at simulation time 14.615,403,933 s)
2024-06-03 18:35:05,481 INFO  - Recieve a message from RSU (at simulation time 14.656,877,241 s)
2024-06-03 18:35:05,665 INFO  - Called #onVehicleUpdated (at simulation time 15.000,000,000 s)
2024-06-03 18:35:05,666 INFO  - Sending out DENM broadcast (at simulation time 15.000,000,000 s)
2024-06-03 18:35:05,666 INFO  - Sending out AdHoc broadcast (at simulation time 15.000,000,000 s)
2024-06-03 18:35:05,667 INFO  - Sending out AdHoc broadcast (at simulation time 15.000,000,000 s)
2024-06-03 18:35:05,667 INFO  - Sending out AdHoc broadcast (at simulation time 15.000,000,000 s)
2024-06-03 18:35:05,668 INFO  - Sending out AdHoc broadcast (at simulation time 15.000,000,000 s)
2024-06-03 18:35:05,670 INFO  - Recieve a message from other vehicle (at simulation time 15.000,400,000 s)
2024-06-03 18:35:05,670 INFO  - DENM message Recived from veh_1 -info : piso-molhado (at simulation time 15.000,400,000 s)
2024-06-03 18:35:05,670 INFO  - I slow down due to road state (at simulation time 15.000,400,000 s)
2024-06-03 18:35:05,670 INFO  - Recending a DENM message from other vehicle (at simulation time 15.000,400,000 s)
2024-06-03 18:35:05,671 INFO  - Recieve a message from other vehicle (at simulation time 15.000,400,000 s)
2024-06-03 18:35:05,671 INFO  - My position is not better! (at simulation time 15.000,400,000 s)
2024-06-03 18:35:05,675 INFO  - Recieve a message from other vehicle (at simulation time 15.000,900,000 s)
2024-06-03 18:35:05,675 INFO  - My position is not better! (at simulation time 15.000,900,000 s)
2024-06-03 18:35:05,676 INFO  - Recieve a message from other vehicle (at simulation time 15.001,300,000 s)
2024-06-03 18:35:05,676 INFO  - DENM message Recived from veh_5 -info : seco (at simulation time 15.001,300,000 s)
2024-06-03 18:35:05,676 INFO  - No more hops in DENM message (at simulation time 15.001,300,000 s)
2024-06-03 18:35:05,676 INFO  - Recieve a message from other vehicle (at simulation time 15.001,300,000 s)
2024-06-03 18:35:05,676 INFO  - I'm in better position but no more hops in message (at simulation time 15.001,300,000 s)
2024-06-03 18:35:05,677 INFO  - Recieve a message from other vehicle (at simulation time 15.001,400,000 s)
2024-06-03 18:35:05,677 INFO  - My position is not better! (at simulation time 15.001,400,000 s)
2024-06-03 18:35:05,677 INFO  - Recieve a message from other vehicle (at simulation time 15.001,400,000 s)
2024-06-03 18:35:05,677 INFO  - My position is not better! (at simulation time 15.001,400,000 s)
2024-06-03 18:35:05,678 INFO  - Recieve a message from other vehicle (at simulation time 15.001,800,000 s)
2024-06-03 18:35:05,679 INFO  - DENM message Recived from veh_0 -info : seco (at simulation time 15.001,800,000 s)
2024-06-03 18:35:05,679 INFO  - No more hops in DENM message (at simulation time 15.001,800,000 s)
2024-06-03 18:35:05,679 INFO  - Recieve a message from other vehicle (at simulation time 15.001,900,000 s)
2024-06-03 18:35:05,680 INFO  - DENM message Recived from veh_3 -info : nevoeiro (at simulation time 15.001,900,000 s)
2024-06-03 18:35:05,680 INFO  - No more hops in DENM message (at simulation time 15.001,900,000 s)
2024-06-03 18:35:05,682 INFO  - Recieve a message from other vehicle (at simulation time 15.002,300,000 s)
2024-06-03 18:35:05,682 INFO  - DENM message Recived from veh_3 -info : nevoeiro (at simulation time 15.002,300,000 s)
2024-06-03 18:35:05,682 INFO  - No more hops in DENM message (at simulation time 15.002,300,000 s)
2024-06-03 18:35:05,682 INFO  - Recieve a message from other vehicle (at simulation time 15.002,400,000 s)
2024-06-03 18:35:05,682 INFO  - DENM message Recived from veh_0 -info : seco (at simulation time 15.002,400,000 s)
2024-06-03 18:35:05,682 INFO  - No more hops in DENM message (at simulation time 15.002,400,000 s)
2024-06-03 18:35:05,682 INFO  - Recieve a message from other vehicle (at simulation time 15.002,400,000 s)
2024-06-03 18:35:05,682 INFO  - My position is not better! (at simulation time 15.002,400,000 s)
2024-06-03 18:35:05,682 INFO  - Recieve a message from other vehicle (at simulation time 15.002,400,000 s)
2024-06-03 18:35:05,682 INFO  - I'm in better position but no more hops in message (at simulation time 15.002,400,000 s)
2024-06-03 18:35:05,682 INFO  - Recieve a message from other vehicle (at simulation time 15.002,400,000 s)
2024-06-03 18:35:05,682 INFO  - I'm in better position but no more hops in message (at simulation time 15.002,400,000 s)
2024-06-03 18:35:05,683 INFO  - Recieve a message from other vehicle (at simulation time 15.003,300,000 s)
2024-06-03 18:35:05,683 INFO  - I'm in better position but no more hops in message (at simulation time 15.003,300,000 s)
2024-06-03 18:35:05,684 INFO  - Recieve a message from RSU (at simulation time 15.321,112,906 s)
2024-06-03 18:35:05,684 INFO  - Recieve a message from RSU (at simulation time 15.331,969,342 s)
2024-06-03 18:35:05,852 INFO  - Called #onVehicleUpdated (at simulation time 16.000,000,000 s)
2024-06-03 18:35:05,854 INFO  - Sending out AdHoc broadcast (at simulation time 16.000,000,000 s)
2024-06-03 18:35:05,854 INFO  - Sending out AdHoc broadcast (at simulation time 16.000,000,000 s)
2024-06-03 18:35:05,855 INFO  - Sending out AdHoc broadcast (at simulation time 16.000,000,000 s)
2024-06-03 18:35:05,860 INFO  - Recieve a message from other vehicle (at simulation time 16.000,400,000 s)
2024-06-03 18:35:05,860 INFO  - Recending a message from other vehicle (at simulation time 16.000,400,000 s)
2024-06-03 18:35:05,861 INFO  - Recieve a message from other vehicle (at simulation time 16.000,400,000 s)
2024-06-03 18:35:05,861 INFO  - My position is not better! (at simulation time 16.000,400,000 s)
2024-06-03 18:35:05,863 INFO  - Recieve a message from other vehicle (at simulation time 16.000,900,000 s)
2024-06-03 18:35:05,864 INFO  - Recending a message from other vehicle (at simulation time 16.000,900,000 s)
2024-06-03 18:35:05,865 INFO  - Recieve a message from other vehicle (at simulation time 16.000,900,000 s)
2024-06-03 18:35:05,865 INFO  - I'm in better position but no more hops in message (at simulation time 16.000,900,000 s)
2024-06-03 18:35:05,867 INFO  - Recieve a message from other vehicle (at simulation time 16.001,300,000 s)
2024-06-03 18:35:05,867 INFO  - DENM message Recived from veh_4 -info : seco (at simulation time 16.001,300,000 s)
2024-06-03 18:35:05,867 INFO  - No more hops in DENM message (at simulation time 16.001,300,000 s)
2024-06-03 18:35:05,869 INFO  - Recieve a message from other vehicle (at simulation time 16.001,800,000 s)
2024-06-03 18:35:05,869 INFO  - DENM message Recived from veh_2 -info : piso-molhado (at simulation time 16.001,800,000 s)
2024-06-03 18:35:05,869 INFO  - I slow down due to road state (at simulation time 16.001,800,000 s)
2024-06-03 18:35:05,869 INFO  - No more hops in DENM message (at simulation time 16.001,800,000 s)
2024-06-03 18:35:05,871 INFO  - Recieve a message from other vehicle (at simulation time 16.001,900,000 s)
2024-06-03 18:35:05,871 INFO  - DENM message Recived from veh_4 -info : seco (at simulation time 16.001,900,000 s)
2024-06-03 18:35:05,871 INFO  - No more hops in DENM message (at simulation time 16.001,900,000 s)
2024-06-03 18:35:05,872 INFO  - Recieve a message from other vehicle (at simulation time 16.001,900,000 s)
2024-06-03 18:35:05,872 INFO  - I'm in better position but no more hops in message (at simulation time 16.001,900,000 s)
2024-06-03 18:35:05,874 INFO  - Recieve a message from other vehicle (at simulation time 16.002,400,000 s)
2024-06-03 18:35:05,874 INFO  - DENM message Recived from veh_2 -info : piso-molhado (at simulation time 16.002,400,000 s)
2024-06-03 18:35:05,874 INFO  - I slow down due to road state (at simulation time 16.002,400,000 s)
2024-06-03 18:35:05,874 INFO  - No more hops in DENM message (at simulation time 16.002,400,000 s)
2024-06-03 18:35:05,874 INFO  - Recieve a message from other vehicle (at simulation time 16.002,400,000 s)
2024-06-03 18:35:05,874 INFO  - I'm in better position but no more hops in message (at simulation time 16.002,400,000 s)
2024-06-03 18:35:05,875 INFO  - Recieve a message from other vehicle (at simulation time 16.002,400,000 s)
2024-06-03 18:35:05,875 INFO  - Recending a message from other vehicle (at simulation time 16.002,400,000 s)
2024-06-03 18:35:05,876 INFO  - Recieve a message from other vehicle (at simulation time 16.002,800,000 s)
2024-06-03 18:35:05,876 INFO  - I'm in better position but no more hops in message (at simulation time 16.002,800,000 s)
2024-06-03 18:35:05,876 INFO  - Recieve a message from other vehicle (at simulation time 16.003,300,000 s)
2024-06-03 18:35:05,876 INFO  - I'm in better position but no more hops in message (at simulation time 16.003,300,000 s)
2024-06-03 18:35:05,877 INFO  - Recieve a message from RSU (at simulation time 16.015,835,373 s)
2024-06-03 18:35:05,877 INFO  - Recieve a message from RSU (at simulation time 16.019,111,819 s)
2024-06-03 18:35:05,878 INFO  - Recieve a message from RSU (at simulation time 16.720,263,103 s)
2024-06-03 18:35:05,878 INFO  - Recieve a message from RSU (at simulation time 16.726,170,109 s)
2024-06-03 18:35:06,053 INFO  - Called #onVehicleUpdated (at simulation time 17.000,000,000 s)
2024-06-03 18:35:06,053 INFO  - Sending out AdHoc broadcast (at simulation time 17.000,000,000 s)
2024-06-03 18:35:06,054 INFO  - Sending out AdHoc broadcast (at simulation time 17.000,000,000 s)
2024-06-03 18:35:06,054 INFO  - Sending out AdHoc broadcast (at simulation time 17.000,000,000 s)
2024-06-03 18:35:06,055 INFO  - Sending out AdHoc broadcast (at simulation time 17.000,000,000 s)
2024-06-03 18:35:06,062 INFO  - Recieve a message from other vehicle (at simulation time 17.000,900,000 s)
2024-06-03 18:35:06,062 INFO  - My position is not better! (at simulation time 17.000,900,000 s)
2024-06-03 18:35:06,064 INFO  - Recieve a message from other vehicle (at simulation time 17.001,300,000 s)
2024-06-03 18:35:06,064 INFO  - I'm in better position but no more hops in message (at simulation time 17.001,300,000 s)
2024-06-03 18:35:06,065 INFO  - Recieve a message from other vehicle (at simulation time 17.001,400,000 s)
2024-06-03 18:35:06,065 INFO  - My position is not better! (at simulation time 17.001,400,000 s)
2024-06-03 18:35:06,065 INFO  - Recieve a message from other vehicle (at simulation time 17.001,400,000 s)
2024-06-03 18:35:06,065 INFO  - I'm in better position but no more hops in message (at simulation time 17.001,400,000 s)
2024-06-03 18:35:06,066 INFO  - Recieve a message from other vehicle (at simulation time 17.001,400,000 s)
2024-06-03 18:35:06,066 INFO  - I'm in better position but no more hops in message (at simulation time 17.001,400,000 s)
2024-06-03 18:35:06,067 INFO  - Recieve a message from other vehicle (at simulation time 17.001,800,000 s)
2024-06-03 18:35:06,067 INFO  - I'm in better position but no more hops in message (at simulation time 17.001,800,000 s)
2024-06-03 18:35:06,067 INFO  - Recieve a message from other vehicle (at simulation time 17.001,800,000 s)
2024-06-03 18:35:06,067 INFO  - My position is not better! (at simulation time 17.001,800,000 s)
2024-06-03 18:35:06,067 INFO  - Recieve a message from other vehicle (at simulation time 17.001,900,000 s)
2024-06-03 18:35:06,067 INFO  - I'm in better position but no more hops in message (at simulation time 17.001,900,000 s)
2024-06-03 18:35:06,067 INFO  - Recieve a message from other vehicle (at simulation time 17.001,900,000 s)
2024-06-03 18:35:06,067 INFO  - I'm in better position but no more hops in message (at simulation time 17.001,900,000 s)
2024-06-03 18:35:06,067 INFO  - Recieve a message from other vehicle (at simulation time 17.001,900,000 s)
2024-06-03 18:35:06,067 INFO  - My position is not better! (at simulation time 17.001,900,000 s)
2024-06-03 18:35:06,068 INFO  - Recieve a message from other vehicle (at simulation time 17.002,300,000 s)
2024-06-03 18:35:06,068 INFO  - I'm in better position but no more hops in message (at simulation time 17.002,300,000 s)
2024-06-03 18:35:06,069 INFO  - Recieve a message from other vehicle (at simulation time 17.003,300,000 s)
2024-06-03 18:35:06,069 INFO  - I'm in better position but no more hops in message (at simulation time 17.003,300,000 s)
2024-06-03 18:35:06,070 INFO  - Recieve a message from RSU (at simulation time 17.411,728,897 s)
2024-06-03 18:35:06,071 INFO  - Recieve a message from RSU (at simulation time 17.421,249,917 s)
2024-06-03 18:35:06,252 INFO  - Called #onVehicleUpdated (at simulation time 18.000,000,000 s)
2024-06-03 18:35:06,253 INFO  - Sending out AdHoc broadcast (at simulation time 18.000,000,000 s)
2024-06-03 18:35:06,253 INFO  - Sending out AdHoc broadcast (at simulation time 18.000,000,000 s)
2024-06-03 18:35:06,254 INFO  - Sending out AdHoc broadcast (at simulation time 18.000,000,000 s)
2024-06-03 18:35:06,259 INFO  - Recieve a message from other vehicle (at simulation time 18.000,800,000 s)
2024-06-03 18:35:06,259 INFO  - I'm in better position but no more hops in message (at simulation time 18.000,800,000 s)
2024-06-03 18:35:06,259 INFO  - Recieve a message from other vehicle (at simulation time 18.000,800,000 s)
2024-06-03 18:35:06,260 INFO  - I'm in better position but no more hops in message (at simulation time 18.000,800,000 s)
2024-06-03 18:35:06,262 INFO  - Recieve a message from other vehicle (at simulation time 18.001,400,000 s)
2024-06-03 18:35:06,262 INFO  - I'm in better position but no more hops in message (at simulation time 18.001,400,000 s)
2024-06-03 18:35:06,262 INFO  - Recieve a message from other vehicle (at simulation time 18.001,400,000 s)
2024-06-03 18:35:06,262 INFO  - I'm in better position but no more hops in message (at simulation time 18.001,400,000 s)
2024-06-03 18:35:06,262 INFO  - Recieve a message from other vehicle (at simulation time 18.001,900,000 s)
2024-06-03 18:35:06,262 INFO  - My position is not better! (at simulation time 18.001,900,000 s)
2024-06-03 18:35:06,263 INFO  - Recieve a message from other vehicle (at simulation time 18.001,900,000 s)
2024-06-03 18:35:06,263 INFO  - I'm in better position but no more hops in message (at simulation time 18.001,900,000 s)
2024-06-03 18:35:06,263 INFO  - Recieve a message from other vehicle (at simulation time 18.001,900,000 s)
2024-06-03 18:35:06,263 INFO  - I'm in better position but no more hops in message (at simulation time 18.001,900,000 s)
2024-06-03 18:35:06,263 INFO  - Recieve a message from other vehicle (at simulation time 18.001,900,000 s)
2024-06-03 18:35:06,263 INFO  - My position is not better! (at simulation time 18.001,900,000 s)
2024-06-03 18:35:06,263 INFO  - Recieve a message from other vehicle (at simulation time 18.001,900,000 s)
2024-06-03 18:35:06,263 INFO  - My position is not better! (at simulation time 18.001,900,000 s)
2024-06-03 18:35:06,265 INFO  - Recieve a message from other vehicle (at simulation time 18.002,800,000 s)
2024-06-03 18:35:06,265 INFO  - I'm in better position but no more hops in message (at simulation time 18.002,800,000 s)
2024-06-03 18:35:06,267 INFO  - Recieve a message from RSU (at simulation time 18.131,555,797 s)
2024-06-03 18:35:06,267 INFO  - Recieve a message from RSU (at simulation time 18.147,665,987 s)
2024-06-03 18:35:06,268 INFO  - Recieve a message from RSU (at simulation time 18.839,984,011 s)
2024-06-03 18:35:06,268 INFO  - Recieve a message from RSU (at simulation time 18.853,427,284 s)
2024-06-03 18:35:06,454 INFO  - Called #onVehicleUpdated (at simulation time 19.000,000,000 s)
2024-06-03 18:35:06,454 INFO  - Sending out AdHoc broadcast (at simulation time 19.000,000,000 s)
2024-06-03 18:35:06,455 INFO  - Sending out AdHoc broadcast (at simulation time 19.000,000,000 s)
2024-06-03 18:35:06,455 INFO  - Sending out AdHoc broadcast (at simulation time 19.000,000,000 s)
2024-06-03 18:35:06,456 INFO  - Sending out AdHoc broadcast (at simulation time 19.000,000,000 s)
2024-06-03 18:35:06,459 INFO  - Recieve a message from other vehicle (at simulation time 19.000,400,000 s)
2024-06-03 18:35:06,459 INFO  - Recending a message from other vehicle (at simulation time 19.000,400,000 s)
2024-06-03 18:35:06,460 INFO  - Recieve a message from other vehicle (at simulation time 19.000,400,000 s)
2024-06-03 18:35:06,461 INFO  - Recending a message from other vehicle (at simulation time 19.000,400,000 s)
2024-06-03 18:35:06,463 INFO  - Recieve a message from other vehicle (at simulation time 19.000,900,000 s)
2024-06-03 18:35:06,463 INFO  - My position is not better! (at simulation time 19.000,900,000 s)
2024-06-03 18:35:06,465 INFO  - Recieve a message from other vehicle (at simulation time 19.001,400,000 s)
2024-06-03 18:35:06,465 INFO  - I'm in better position but no more hops in message (at simulation time 19.001,400,000 s)
2024-06-03 18:35:06,466 INFO  - Recieve a message from other vehicle (at simulation time 19.001,800,000 s)
2024-06-03 18:35:06,466 INFO  - I'm in better position but no more hops in message (at simulation time 19.001,800,000 s)
2024-06-03 18:35:06,466 INFO  - Recieve a message from other vehicle (at simulation time 19.001,800,000 s)
2024-06-03 18:35:06,466 INFO  - I'm in better position but no more hops in message (at simulation time 19.001,800,000 s)
2024-06-03 18:35:06,467 INFO  - Recieve a message from other vehicle (at simulation time 19.001,900,000 s)
2024-06-03 18:35:06,467 INFO  - I'm in better position but no more hops in message (at simulation time 19.001,900,000 s)
2024-06-03 18:35:06,467 INFO  - Recieve a message from other vehicle (at simulation time 19.001,900,000 s)
2024-06-03 18:35:06,467 INFO  - I'm in better position but no more hops in message (at simulation time 19.001,900,000 s)
2024-06-03 18:35:06,469 INFO  - Recieve a message from other vehicle (at simulation time 19.002,400,000 s)
2024-06-03 18:35:06,469 INFO  - I'm in better position but no more hops in message (at simulation time 19.002,400,000 s)
2024-06-03 18:35:06,469 INFO  - Recieve a message from other vehicle (at simulation time 19.003,800,000 s)
2024-06-03 18:35:06,470 INFO  - I'm in better position but no more hops in message (at simulation time 19.003,800,000 s)
2024-06-03 18:35:06,471 INFO  - Recieve a message from RSU (at simulation time 19.512,403,078 s)
2024-06-03 18:35:06,471 INFO  - Recieve a message from RSU (at simulation time 19.517,479,212 s)
2024-06-03 18:35:06,657 INFO  - Called #onVehicleUpdated (at simulation time 20.000,000,000 s)
2024-06-03 18:35:06,657 INFO  - Sending out AdHoc broadcast (at simulation time 20.000,000,000 s)
2024-06-03 18:35:06,658 INFO  - Sending out AdHoc broadcast (at simulation time 20.000,000,000 s)
2024-06-03 18:35:06,658 INFO  - Sending out AdHoc broadcast (at simulation time 20.000,000,000 s)
2024-06-03 18:35:06,660 INFO  - Recieve a message from other vehicle (at simulation time 20.000,400,000 s)
2024-06-03 18:35:06,660 INFO  - Recending a message from other vehicle (at simulation time 20.000,400,000 s)
2024-06-03 18:35:06,663 INFO  - Recieve a message from other vehicle (at simulation time 20.000,900,000 s)
2024-06-03 18:35:06,663 INFO  - Recending a message from other vehicle (at simulation time 20.000,900,000 s)
2024-06-03 18:35:06,664 INFO  - Recieve a message from other vehicle (at simulation time 20.001,300,000 s)
2024-06-03 18:35:06,664 INFO  - My position is not better! (at simulation time 20.001,300,000 s)
2024-06-03 18:35:06,664 INFO  - Recieve a message from other vehicle (at simulation time 20.001,400,000 s)
2024-06-03 18:35:06,664 INFO  - I'm in better position but no more hops in message (at simulation time 20.001,400,000 s)
2024-06-03 18:35:06,665 INFO  - Recieve a message from other vehicle (at simulation time 20.001,400,000 s)
2024-06-03 18:35:06,665 INFO  - I'm in better position but no more hops in message (at simulation time 20.001,400,000 s)
2024-06-03 18:35:06,666 INFO  - Recieve a message from other vehicle (at simulation time 20.001,900,000 s)
2024-06-03 18:35:06,666 INFO  - Recending a message from other vehicle (at simulation time 20.001,900,000 s)
2024-06-03 18:35:06,666 INFO  - Recieve a message from other vehicle (at simulation time 20.001,900,000 s)
2024-06-03 18:35:06,666 INFO  - I'm in better position but no more hops in message (at simulation time 20.001,900,000 s)
2024-06-03 18:35:06,667 INFO  - Recieve a message from other vehicle (at simulation time 20.002,400,000 s)
2024-06-03 18:35:06,667 INFO  - I'm in better position but no more hops in message (at simulation time 20.002,400,000 s)
2024-06-03 18:35:06,668 INFO  - Recieve a message from other vehicle (at simulation time 20.002,800,000 s)
2024-06-03 18:35:06,668 INFO  - I'm in better position but no more hops in message (at simulation time 20.002,800,000 s)
2024-06-03 18:35:06,668 INFO  - Recieve a message from other vehicle (at simulation time 20.002,800,000 s)
2024-06-03 18:35:06,668 INFO  - My position is not better! (at simulation time 20.002,800,000 s)
2024-06-03 18:35:06,669 INFO  - Recieve a message from other vehicle (at simulation time 20.004,800,000 s)
2024-06-03 18:35:06,669 INFO  - My position is not better! (at simulation time 20.004,800,000 s)
2024-06-03 18:35:06,670 INFO  - Recieve a message from RSU (at simulation time 20.228,462,330 s)
2024-06-03 18:35:06,670 INFO  - Recieve a message from RSU (at simulation time 20.230,357,063 s)
2024-06-03 18:35:06,671 INFO  - Recieve a message from RSU (at simulation time 20.944,861,257 s)
2024-06-03 18:35:06,671 INFO  - Recieve a message from RSU (at simulation time 20.961,144,152 s)
2024-06-03 18:35:06,853 INFO  - Called #onVehicleUpdated (at simulation time 21.000,000,000 s)
2024-06-03 18:35:06,853 INFO  - Sending out AdHoc broadcast (at simulation time 21.000,000,000 s)
2024-06-03 18:35:06,853 INFO  - Sending out AdHoc broadcast (at simulation time 21.000,000,000 s)
2024-06-03 18:35:06,853 INFO  - Sending out AdHoc broadcast (at simulation time 21.000,000,000 s)
2024-06-03 18:35:06,854 INFO  - Sending out AdHoc broadcast (at simulation time 21.000,000,000 s)
2024-06-03 18:35:06,856 INFO  - Recieve a message from other vehicle (at simulation time 21.000,900,000 s)
2024-06-03 18:35:06,856 INFO  - I'm in better position but no more hops in message (at simulation time 21.000,900,000 s)
2024-06-03 18:35:06,856 INFO  - Recieve a message from other vehicle (at simulation time 21.000,900,000 s)
2024-06-03 18:35:06,856 INFO  - Recending a message from other vehicle (at simulation time 21.000,900,000 s)
2024-06-03 18:35:06,857 INFO  - Recieve a message from other vehicle (at simulation time 21.001,400,000 s)
2024-06-03 18:35:06,857 INFO  - I'm in better position but no more hops in message (at simulation time 21.001,400,000 s)
2024-06-03 18:35:06,858 INFO  - Recieve a message from other vehicle (at simulation time 21.001,800,000 s)
2024-06-03 18:35:06,858 INFO  - I'm in better position but no more hops in message (at simulation time 21.001,800,000 s)
2024-06-03 18:35:06,858 INFO  - Recieve a message from other vehicle (at simulation time 21.001,800,000 s)
2024-06-03 18:35:06,858 INFO  - My position is not better! (at simulation time 21.001,800,000 s)
2024-06-03 18:35:06,859 INFO  - Recieve a message from other vehicle (at simulation time 21.001,900,000 s)
2024-06-03 18:35:06,859 INFO  - I'm in better position but no more hops in message (at simulation time 21.001,900,000 s)
2024-06-03 18:35:06,859 INFO  - Recieve a message from other vehicle (at simulation time 21.002,300,000 s)
2024-06-03 18:35:06,859 INFO  - I'm in better position but no more hops in message (at simulation time 21.002,300,000 s)
2024-06-03 18:35:06,859 INFO  - Recieve a message from other vehicle (at simulation time 21.002,400,000 s)
2024-06-03 18:35:06,859 INFO  - I'm in better position but no more hops in message (at simulation time 21.002,400,000 s)
2024-06-03 18:35:06,859 INFO  - Recieve a message from other vehicle (at simulation time 21.002,400,000 s)
2024-06-03 18:35:06,859 INFO  - My position is not better! (at simulation time 21.002,400,000 s)
2024-06-03 18:35:06,859 INFO  - Recieve a message from other vehicle (at simulation time 21.002,400,000 s)
2024-06-03 18:35:06,859 INFO  - I'm in better position but no more hops in message (at simulation time 21.002,400,000 s)
2024-06-03 18:35:06,859 INFO  - Recieve a message from other vehicle (at simulation time 21.002,800,000 s)
2024-06-03 18:35:06,859 INFO  - I'm in better position but no more hops in message (at simulation time 21.002,800,000 s)
2024-06-03 18:35:06,859 INFO  - Recieve a message from other vehicle (at simulation time 21.002,800,000 s)
2024-06-03 18:35:06,859 INFO  - My position is not better! (at simulation time 21.002,800,000 s)
2024-06-03 18:35:06,859 INFO  - Recieve a message from other vehicle (at simulation time 21.002,800,000 s)
2024-06-03 18:35:06,859 INFO  - I'm in better position but no more hops in message (at simulation time 21.002,800,000 s)
2024-06-03 18:35:06,860 INFO  - Recieve a message from other vehicle (at simulation time 21.003,800,000 s)
2024-06-03 18:35:06,860 INFO  - My position is not better! (at simulation time 21.003,800,000 s)
2024-06-03 18:35:06,860 INFO  - Recieve a message from other vehicle (at simulation time 21.004,300,000 s)
2024-06-03 18:35:06,860 INFO  - My position is not better! (at simulation time 21.004,300,000 s)
2024-06-03 18:35:06,860 INFO  - Recieve a message from RSU (at simulation time 21.630,112,698 s)
2024-06-03 18:35:06,860 INFO  - Recieve a message from RSU (at simulation time 21.639,551,992 s)
2024-06-03 18:35:07,054 INFO  - Called #onVehicleUpdated (at simulation time 22.000,000,000 s)
2024-06-03 18:35:07,055 INFO  - Sending out AdHoc broadcast (at simulation time 22.000,000,000 s)
2024-06-03 18:35:07,055 INFO  - Sending out AdHoc broadcast (at simulation time 22.000,000,000 s)
2024-06-03 18:35:07,056 INFO  - Sending out AdHoc broadcast (at simulation time 22.000,000,000 s)
2024-06-03 18:35:07,056 INFO  - Recieve a message from other vehicle (at simulation time 22.000,400,000 s)
2024-06-03 18:35:07,056 INFO  - I'm in better position but no more hops in message (at simulation time 22.000,400,000 s)
2024-06-03 18:35:07,056 INFO  - Recieve a message from other vehicle (at simulation time 22.000,400,000 s)
2024-06-03 18:35:07,056 INFO  - Recending a message from other vehicle (at simulation time 22.000,400,000 s)
2024-06-03 18:35:07,056 INFO  - Recieve a message from other vehicle (at simulation time 22.000,400,000 s)
2024-06-03 18:35:07,056 INFO  - I'm in better position but no more hops in message (at simulation time 22.000,400,000 s)
2024-06-03 18:35:07,056 INFO  - Recieve a message from other vehicle (at simulation time 22.000,800,000 s)
2024-06-03 18:35:07,056 INFO  - I'm in better position but no more hops in message (at simulation time 22.000,800,000 s)
2024-06-03 18:35:07,056 INFO  - Recieve a message from RSU (at simulation time 22.000,900,000 s)
2024-06-03 18:35:07,056 INFO  - RSU ordered to advance!!! (at simulation time 22.000,900,000 s)
2024-06-03 18:35:07,056 INFO  - Recieve a message from other vehicle (at simulation time 22.000,900,000 s)
2024-06-03 18:35:07,056 INFO  - I'm in better position but no more hops in message (at simulation time 22.000,900,000 s)
2024-06-03 18:35:07,057 INFO  - Recieve a message from other vehicle (at simulation time 22.001,300,000 s)
2024-06-03 18:35:07,057 INFO  - I'm in better position but no more hops in message (at simulation time 22.001,300,000 s)
2024-06-03 18:35:07,057 INFO  - Recieve a message from other vehicle (at simulation time 22.001,400,000 s)
2024-06-03 18:35:07,057 INFO  - I'm in better position but no more hops in message (at simulation time 22.001,400,000 s)
2024-06-03 18:35:07,058 INFO  - Recieve a message from other vehicle (at simulation time 22.002,400,000 s)
2024-06-03 18:35:07,058 INFO  - I'm in better position but no more hops in message (at simulation time 22.002,400,000 s)
2024-06-03 18:35:07,058 INFO  - Recieve a message from other vehicle (at simulation time 22.003,300,000 s)
2024-06-03 18:35:07,058 INFO  - I'm in better position but no more hops in message (at simulation time 22.003,300,000 s)
2024-06-03 18:35:07,059 INFO  - Recieve a message from RSU (at simulation time 22.318,982,148 s)
2024-06-03 18:35:07,059 INFO  - Recieve a message from RSU (at simulation time 22.336,000,972 s)
2024-06-03 18:35:07,253 INFO  - Called #onVehicleUpdated (at simulation time 23.000,000,000 s)
2024-06-03 18:35:07,254 INFO  - Sending out AdHoc broadcast (at simulation time 23.000,000,000 s)
2024-06-03 18:35:07,254 INFO  - Sending out AdHoc broadcast (at simulation time 23.000,000,000 s)
2024-06-03 18:35:07,254 INFO  - Sending out AdHoc broadcast (at simulation time 23.000,000,000 s)
2024-06-03 18:35:07,254 INFO  - Sending out AdHoc broadcast (at simulation time 23.000,000,000 s)
2024-06-03 18:35:07,256 INFO  - Recieve a message from other vehicle (at simulation time 23.000,400,000 s)
2024-06-03 18:35:07,256 INFO  - My position is not better! (at simulation time 23.000,400,000 s)
2024-06-03 18:35:07,256 INFO  - Recieve a message from other vehicle (at simulation time 23.000,400,000 s)
2024-06-03 18:35:07,256 INFO  - Recending a message from other vehicle (at simulation time 23.000,400,000 s)
2024-06-03 18:35:07,257 INFO  - Recieve a message from other vehicle (at simulation time 23.000,900,000 s)
2024-06-03 18:35:07,257 INFO  - Recending a message from other vehicle (at simulation time 23.000,900,000 s)
2024-06-03 18:35:07,257 INFO  - Recieve a message from other vehicle (at simulation time 23.001,400,000 s)
2024-06-03 18:35:07,257 INFO  - Recending a message from other vehicle (at simulation time 23.001,400,000 s)
2024-06-03 18:35:07,257 INFO  - Recieve a message from other vehicle (at simulation time 23.001,400,000 s)
2024-06-03 18:35:07,257 INFO  - Recending a message from other vehicle (at simulation time 23.001,400,000 s)
2024-06-03 18:35:07,259 INFO  - Recieve a message from other vehicle (at simulation time 23.002,300,000 s)
2024-06-03 18:35:07,259 INFO  - My position is not better! (at simulation time 23.002,300,000 s)
2024-06-03 18:35:07,259 INFO  - Recieve a message from other vehicle (at simulation time 23.002,300,000 s)
2024-06-03 18:35:07,259 INFO  - My position is not better! (at simulation time 23.002,300,000 s)
2024-06-03 18:35:07,260 INFO  - Recieve a message from other vehicle (at simulation time 23.002,400,000 s)
2024-06-03 18:35:07,260 INFO  - My position is not better! (at simulation time 23.002,400,000 s)
2024-06-03 18:35:07,260 INFO  - Recieve a message from other vehicle (at simulation time 23.002,800,000 s)
2024-06-03 18:35:07,260 INFO  - My position is not better! (at simulation time 23.002,800,000 s)
2024-06-03 18:35:07,261 INFO  - Recieve a message from other vehicle (at simulation time 23.003,300,000 s)
2024-06-03 18:35:07,261 INFO  - My position is not better! (at simulation time 23.003,300,000 s)
2024-06-03 18:35:07,261 INFO  - Recieve a message from other vehicle (at simulation time 23.004,300,000 s)
2024-06-03 18:35:07,261 INFO  - My position is not better! (at simulation time 23.004,300,000 s)
2024-06-03 18:35:07,261 INFO  - Recieve a message from RSU (at simulation time 23.027,797,171 s)
2024-06-03 18:35:07,261 INFO  - Recieve a message from RSU (at simulation time 23.042,734,715 s)
2024-06-03 18:35:07,262 INFO  - Recieve a message from RSU (at simulation time 23.720,186,036 s)
2024-06-03 18:35:07,262 INFO  - Recieve a message from RSU (at simulation time 23.722,881,332 s)
2024-06-03 18:35:07,453 INFO  - Called #onVehicleUpdated (at simulation time 24.000,000,000 s)
2024-06-03 18:35:07,453 INFO  - Sending out AdHoc broadcast (at simulation time 24.000,000,000 s)
2024-06-03 18:35:07,454 INFO  - Sending out AdHoc broadcast (at simulation time 24.000,000,000 s)
2024-06-03 18:35:07,454 INFO  - Sending out AdHoc broadcast (at simulation time 24.000,000,000 s)
2024-06-03 18:35:07,455 INFO  - Recieve a message from other vehicle (at simulation time 24.000,400,000 s)
2024-06-03 18:35:07,455 INFO  - My position is not better! (at simulation time 24.000,400,000 s)
2024-06-03 18:35:07,455 INFO  - Recieve a message from other vehicle (at simulation time 24.000,400,000 s)
2024-06-03 18:35:07,455 INFO  - My position is not better! (at simulation time 24.000,400,000 s)
2024-06-03 18:35:07,456 INFO  - Recieve a message from other vehicle (at simulation time 24.000,900,000 s)
2024-06-03 18:35:07,456 INFO  - Recending a message from other vehicle (at simulation time 24.000,900,000 s)
2024-06-03 18:35:07,456 INFO  - Recieve a message from other vehicle (at simulation time 24.000,900,000 s)
2024-06-03 18:35:07,456 INFO  - Recending a message from other vehicle (at simulation time 24.000,900,000 s)
2024-06-03 18:35:07,456 INFO  - Recieve a message from other vehicle (at simulation time 24.001,400,000 s)
2024-06-03 18:35:07,456 INFO  - Recending a message from other vehicle (at simulation time 24.001,400,000 s)
2024-06-03 18:35:07,456 INFO  - Recieve a message from other vehicle (at simulation time 24.002,400,000 s)
2024-06-03 18:35:07,456 INFO  - My position is not better! (at simulation time 24.002,400,000 s)
2024-06-03 18:35:07,456 INFO  - Recieve a message from other vehicle (at simulation time 24.002,800,000 s)
2024-06-03 18:35:07,456 INFO  - My position is not better! (at simulation time 24.002,800,000 s)
2024-06-03 18:35:07,456 INFO  - Recieve a message from other vehicle (at simulation time 24.002,800,000 s)
2024-06-03 18:35:07,456 INFO  - My position is not better! (at simulation time 24.002,800,000 s)
2024-06-03 18:35:07,456 INFO  - Recieve a message from other vehicle (at simulation time 24.003,300,000 s)
2024-06-03 18:35:07,456 INFO  - My position is not better! (at simulation time 24.003,300,000 s)
2024-06-03 18:35:07,656 INFO  - Called #onVehicleUpdated (at simulation time 25.000,000,000 s)
2024-06-03 18:35:07,656 INFO  - Sending out AdHoc broadcast (at simulation time 25.000,000,000 s)
2024-06-03 18:35:07,656 INFO  - Sending out AdHoc broadcast (at simulation time 25.000,000,000 s)
2024-06-03 18:35:07,656 INFO  - Sending out AdHoc broadcast (at simulation time 25.000,000,000 s)
2024-06-03 18:35:07,657 INFO  - Sending out AdHoc broadcast (at simulation time 25.000,000,000 s)
2024-06-03 18:35:07,658 INFO  - Recieve a message from other vehicle (at simulation time 25.000,400,000 s)
2024-06-03 18:35:07,658 INFO  - Recending a message from other vehicle (at simulation time 25.000,400,000 s)
2024-06-03 18:35:07,658 INFO  - Recieve a message from other vehicle (at simulation time 25.000,400,000 s)
2024-06-03 18:35:07,658 INFO  - Recending a message from other vehicle (at simulation time 25.000,400,000 s)
2024-06-03 18:35:07,659 INFO  - Recieve a message from other vehicle (at simulation time 25.000,800,000 s)
2024-06-03 18:35:07,659 INFO  - My position is not better! (at simulation time 25.000,800,000 s)
2024-06-03 18:35:07,662 INFO  - Recieve a message from other vehicle (at simulation time 25.001,800,000 s)
2024-06-03 18:35:07,662 INFO  - My position is not better! (at simulation time 25.001,800,000 s)
2024-06-03 18:35:07,662 INFO  - Recieve a message from other vehicle (at simulation time 25.002,300,000 s)
2024-06-03 18:35:07,662 INFO  - My position is not better! (at simulation time 25.002,300,000 s)
2024-06-03 18:35:07,663 INFO  - Recieve a message from other vehicle (at simulation time 25.002,300,000 s)
2024-06-03 18:35:07,663 INFO  - My position is not better! (at simulation time 25.002,300,000 s)
2024-06-03 18:35:07,663 INFO  - Recieve a message from other vehicle (at simulation time 25.002,400,000 s)
2024-06-03 18:35:07,663 INFO  - Recending a message from other vehicle (at simulation time 25.002,400,000 s)
2024-06-03 18:35:07,663 INFO  - Recieve a message from other vehicle (at simulation time 25.002,400,000 s)
2024-06-03 18:35:07,663 INFO  - My position is not better! (at simulation time 25.002,400,000 s)
2024-06-03 18:35:07,663 INFO  - Recieve a message from other vehicle (at simulation time 25.002,400,000 s)
2024-06-03 18:35:07,663 INFO  - Recending a message from other vehicle (at simulation time 25.002,400,000 s)
2024-06-03 18:35:07,664 INFO  - Recieve a message from other vehicle (at simulation time 25.002,800,000 s)
2024-06-03 18:35:07,664 INFO  - My position is not better! (at simulation time 25.002,800,000 s)
2024-06-03 18:35:07,853 INFO  - Called #onVehicleUpdated (at simulation time 26.000,000,000 s)
2024-06-03 18:35:07,854 INFO  - Sending out AdHoc broadcast (at simulation time 26.000,000,000 s)
2024-06-03 18:35:07,854 INFO  - Sending out AdHoc broadcast (at simulation time 26.000,000,000 s)
2024-06-03 18:35:07,854 INFO  - Sending out AdHoc broadcast (at simulation time 26.000,000,000 s)
2024-06-03 18:35:08,053 INFO  - Called #onVehicleUpdated (at simulation time 27.000,000,000 s)
2024-06-03 18:35:08,053 INFO  - Exced velocity! Sending new CAM (at simulation time 27.000,000,000 s)
2024-06-03 18:35:08,053 INFO  - Sending out AdHoc broadcast (at simulation time 27.000,000,000 s)
2024-06-03 18:35:08,054 INFO  - Sending out AdHoc broadcast (at simulation time 27.000,000,000 s)
2024-06-03 18:35:08,054 INFO  - Sending out AdHoc broadcast (at simulation time 27.000,000,000 s)
2024-06-03 18:35:08,054 INFO  - Sending out AdHoc broadcast (at simulation time 27.000,000,000 s)
2024-06-03 18:35:08,054 INFO  - Sending out AdHoc broadcast (at simulation time 27.000,000,000 s)
2024-06-03 18:35:08,253 INFO  - Called #onVehicleUpdated (at simulation time 28.000,000,000 s)
2024-06-03 18:35:08,253 INFO  - Exced velocity! Sending new CAM (at simulation time 28.000,000,000 s)
2024-06-03 18:35:08,253 INFO  - Sending out AdHoc broadcast (at simulation time 28.000,000,000 s)
2024-06-03 18:35:08,254 INFO  - Sending out AdHoc broadcast (at simulation time 28.000,000,000 s)
2024-06-03 18:35:08,254 INFO  - Sending out AdHoc broadcast (at simulation time 28.000,000,000 s)
2024-06-03 18:35:08,254 INFO  - Sending out AdHoc broadcast (at simulation time 28.000,000,000 s)
2024-06-03 18:35:08,453 INFO  - Called #onVehicleUpdated (at simulation time 29.000,000,000 s)
2024-06-03 18:35:08,453 INFO  - Exced velocity! Sending new CAM (at simulation time 29.000,000,000 s)
2024-06-03 18:35:08,453 INFO  - Sending out AdHoc broadcast (at simulation time 29.000,000,000 s)
2024-06-03 18:35:08,454 INFO  - Sending out AdHoc broadcast (at simulation time 29.000,000,000 s)
2024-06-03 18:35:08,454 INFO  - Sending out AdHoc broadcast (at simulation time 29.000,000,000 s)
2024-06-03 18:35:08,454 INFO  - Sending out AdHoc broadcast (at simulation time 29.000,000,000 s)
2024-06-03 18:35:08,454 INFO  - Sending out AdHoc broadcast (at simulation time 29.000,000,000 s)
2024-06-03 18:35:08,454 INFO  - Sending out AdHoc broadcast (at simulation time 29.000,000,000 s)
2024-06-03 18:35:08,656 INFO  - Called #onVehicleUpdated (at simulation time 30.000,000,000 s)
2024-06-03 18:35:08,656 INFO  - Exced velocity! Sending new CAM (at simulation time 30.000,000,000 s)
2024-06-03 18:35:08,656 INFO  - Sending out AdHoc broadcast (at simulation time 30.000,000,000 s)
2024-06-03 18:35:08,656 INFO  - Sending out AdHoc broadcast (at simulation time 30.000,000,000 s)
2024-06-03 18:35:08,657 INFO  - Sending out AdHoc broadcast (at simulation time 30.000,000,000 s)
2024-06-03 18:35:08,657 INFO  - Sending out AdHoc broadcast (at simulation time 30.000,000,000 s)
2024-06-03 18:35:08,657 INFO  - Sending out AdHoc broadcast (at simulation time 30.000,000,000 s)
2024-06-03 18:35:08,862 INFO  - Shutdown (at simulation time 31.000,000,000 s)
