2024-06-03 19:50:56,748 INFO  - Initialize Vehicle application (at simulation time 187.000,000,000 s)
2024-06-03 19:50:56,749 INFO  - Activated WLAN Module (at simulation time 187.000,000,000 s)
2024-06-03 19:50:56,749 INFO  - Called #onVehicleUpdated (at simulation time 187.000,000,000 s)
2024-06-03 19:50:56,749 INFO  - Exced velocity! Sending new CAM (at simulation time 187.000,000,000 s)
2024-06-03 19:50:56,749 INFO  - Sending out AdHoc broadcast (at simulation time 187.000,000,000 s)
2024-06-03 19:50:56,750 INFO  - Recieve a message from other vehicle (at simulation time 187.000,400,000 s)
2024-06-03 19:50:56,750 INFO  - My position is not better! (at simulation time 187.000,400,000 s)
2024-06-03 19:50:56,750 INFO  - Recieve a message from other vehicle (at simulation time 187.001,400,000 s)
2024-06-03 19:50:56,750 INFO  - My position is not better! (at simulation time 187.001,400,000 s)
2024-06-03 19:50:56,750 INFO  - Recieve a message from other vehicle (at simulation time 187.002,300,000 s)
2024-06-03 19:50:56,751 INFO  - My position is not better! (at simulation time 187.002,300,000 s)
2024-06-03 19:50:56,752 INFO  - Called #onVehicleUpdated (at simulation time 188.000,000,000 s)
2024-06-03 19:50:56,752 INFO  - Exced velocity! Sending new CAM (at simulation time 188.000,000,000 s)
2024-06-03 19:50:56,752 INFO  - Sending out AdHoc broadcast (at simulation time 188.000,000,000 s)
2024-06-03 19:50:56,752 INFO  - Define the name: veh_34 and route: r_3 (at simulation time 188.000,000,000 s)
2024-06-03 19:50:56,752 INFO  - Sending out AdHoc broadcast (at simulation time 188.000,000,000 s)
2024-06-03 19:50:56,752 INFO  - Recieve a message from other vehicle (at simulation time 188.000,900,000 s)
2024-06-03 19:50:56,752 INFO  - My position is not better! (at simulation time 188.000,900,000 s)
2024-06-03 19:50:56,752 INFO  - Recieve a message from other vehicle (at simulation time 188.000,900,000 s)
2024-06-03 19:50:56,752 INFO  - My position is not better! (at simulation time 188.000,900,000 s)
2024-06-03 19:50:56,753 INFO  - Recieve a message from other vehicle (at simulation time 188.003,300,000 s)
2024-06-03 19:50:56,753 INFO  - My position is not better! (at simulation time 188.003,300,000 s)
2024-06-03 19:50:56,753 INFO  - Recieve a message from other vehicle (at simulation time 188.004,300,000 s)
2024-06-03 19:50:56,753 INFO  - My position is not better! (at simulation time 188.004,300,000 s)
2024-06-03 19:50:56,754 INFO  - Called #onVehicleUpdated (at simulation time 189.000,000,000 s)
2024-06-03 19:50:56,754 INFO  - Exced velocity! Sending new CAM (at simulation time 189.000,000,000 s)
2024-06-03 19:50:56,754 INFO  - Sending out AdHoc broadcast (at simulation time 189.000,000,000 s)
2024-06-03 19:50:56,754 INFO  - Sending out AdHoc broadcast (at simulation time 189.000,000,000 s)
2024-06-03 19:50:56,755 INFO  - Recieve a message from other vehicle (at simulation time 189.001,400,000 s)
2024-06-03 19:50:56,755 INFO  - My position is not better! (at simulation time 189.001,400,000 s)
2024-06-03 19:50:56,755 INFO  - Recieve a message from other vehicle (at simulation time 189.001,400,000 s)
2024-06-03 19:50:56,755 INFO  - My position is not better! (at simulation time 189.001,400,000 s)
2024-06-03 19:50:56,755 INFO  - Recieve a message from other vehicle (at simulation time 189.001,900,000 s)
2024-06-03 19:50:56,755 INFO  - My position is not better! (at simulation time 189.001,900,000 s)
2024-06-03 19:50:56,755 INFO  - Recieve a message from other vehicle (at simulation time 189.003,300,000 s)
2024-06-03 19:50:56,755 INFO  - My position is not better! (at simulation time 189.003,300,000 s)
2024-06-03 19:50:56,755 INFO  - Recieve a message from other vehicle (at simulation time 189.003,300,000 s)
2024-06-03 19:50:56,755 INFO  - My position is not better! (at simulation time 189.003,300,000 s)
2024-06-03 19:50:56,757 INFO  - Called #onVehicleUpdated (at simulation time 190.000,000,000 s)
2024-06-03 19:50:56,757 INFO  - Exced velocity! Sending new CAM (at simulation time 190.000,000,000 s)
2024-06-03 19:50:56,757 INFO  - Sending out AdHoc broadcast (at simulation time 190.000,000,000 s)
2024-06-03 19:50:56,757 INFO  - Sending out AdHoc broadcast (at simulation time 190.000,000,000 s)
2024-06-03 19:50:56,757 INFO  - Sending out AdHoc broadcast (at simulation time 190.000,000,000 s)
2024-06-03 19:50:56,758 INFO  - Recieve a message from other vehicle (at simulation time 190.000,400,000 s)
2024-06-03 19:50:56,758 INFO  - My position is not better! (at simulation time 190.000,400,000 s)
2024-06-03 19:50:56,758 INFO  - Recieve a message from other vehicle (at simulation time 190.001,400,000 s)
2024-06-03 19:50:56,758 INFO  - My position is not better! (at simulation time 190.001,400,000 s)
2024-06-03 19:50:56,758 INFO  - Recieve a message from other vehicle (at simulation time 190.002,300,000 s)
2024-06-03 19:50:56,758 INFO  - My position is not better! (at simulation time 190.002,300,000 s)
2024-06-03 19:50:56,758 INFO  - Recieve a message from other vehicle (at simulation time 190.002,300,000 s)
2024-06-03 19:50:56,758 INFO  - My position is not better! (at simulation time 190.002,300,000 s)
2024-06-03 19:50:56,758 INFO  - Recieve a message from other vehicle (at simulation time 190.002,400,000 s)
2024-06-03 19:50:56,758 INFO  - My position is not better! (at simulation time 190.002,400,000 s)
2024-06-03 19:50:56,758 INFO  - Recieve a message from other vehicle (at simulation time 190.002,800,000 s)
2024-06-03 19:50:56,758 INFO  - My position is not better! (at simulation time 190.002,800,000 s)
2024-06-03 19:50:56,760 INFO  - Called #onVehicleUpdated (at simulation time 191.000,000,000 s)
2024-06-03 19:50:56,760 INFO  - Exced velocity! Sending new CAM (at simulation time 191.000,000,000 s)
2024-06-03 19:50:56,760 INFO  - Sending out AdHoc broadcast (at simulation time 191.000,000,000 s)
2024-06-03 19:50:56,760 INFO  - Sending out AdHoc broadcast (at simulation time 191.000,000,000 s)
2024-06-03 19:50:56,760 INFO  - Sending out AdHoc broadcast (at simulation time 191.000,000,000 s)
2024-06-03 19:50:56,761 INFO  - Recieve a message from other vehicle (at simulation time 191.000,400,000 s)
2024-06-03 19:50:56,761 INFO  - My position is not better! (at simulation time 191.000,400,000 s)
2024-06-03 19:50:56,761 INFO  - Recieve a message from other vehicle (at simulation time 191.000,900,000 s)
2024-06-03 19:50:56,761 INFO  - My position is not better! (at simulation time 191.000,900,000 s)
2024-06-03 19:50:56,761 INFO  - Recieve a message from other vehicle (at simulation time 191.001,900,000 s)
2024-06-03 19:50:56,761 INFO  - My position is not better! (at simulation time 191.001,900,000 s)
2024-06-03 19:50:56,762 INFO  - Recieve a message from other vehicle (at simulation time 191.002,400,000 s)
2024-06-03 19:50:56,762 INFO  - My position is not better! (at simulation time 191.002,400,000 s)
2024-06-03 19:50:56,762 INFO  - Recieve a message from other vehicle (at simulation time 191.002,800,000 s)
2024-06-03 19:50:56,762 INFO  - My position is not better! (at simulation time 191.002,800,000 s)
2024-06-03 19:50:56,762 INFO  - Recieve a message from other vehicle (at simulation time 191.004,300,000 s)
2024-06-03 19:50:56,762 INFO  - My position is not better! (at simulation time 191.004,300,000 s)
2024-06-03 19:50:56,762 INFO  - Recieve a message from other vehicle (at simulation time 191.004,300,000 s)
2024-06-03 19:50:56,762 INFO  - My position is not better! (at simulation time 191.004,300,000 s)
2024-06-03 19:50:56,763 INFO  - Called #onVehicleUpdated (at simulation time 192.000,000,000 s)
2024-06-03 19:50:56,763 INFO  - Exced velocity! Sending new CAM (at simulation time 192.000,000,000 s)
2024-06-03 19:50:56,763 INFO  - Sending out AdHoc broadcast (at simulation time 192.000,000,000 s)
2024-06-03 19:50:56,763 INFO  - Sending out AdHoc broadcast (at simulation time 192.000,000,000 s)
2024-06-03 19:50:56,763 INFO  - Sending out AdHoc broadcast (at simulation time 192.000,000,000 s)
2024-06-03 19:50:56,764 INFO  - Sending out AdHoc broadcast (at simulation time 192.000,000,000 s)
2024-06-03 19:50:56,764 INFO  - Recieve a message from other vehicle (at simulation time 192.000,400,000 s)
2024-06-03 19:50:56,764 INFO  - My position is not better! (at simulation time 192.000,400,000 s)
2024-06-03 19:50:56,764 INFO  - Recieve a message from other vehicle (at simulation time 192.000,900,000 s)
2024-06-03 19:50:56,764 INFO  - My position is not better! (at simulation time 192.000,900,000 s)
2024-06-03 19:50:56,765 INFO  - Recieve a message from other vehicle (at simulation time 192.001,400,000 s)
2024-06-03 19:50:56,765 INFO  - My position is not better! (at simulation time 192.001,400,000 s)
2024-06-03 19:50:56,766 INFO  - Recieve a message from other vehicle (at simulation time 192.002,300,000 s)
2024-06-03 19:50:56,766 INFO  - My position is not better! (at simulation time 192.002,300,000 s)
2024-06-03 19:50:56,767 INFO  - Recieve a message from other vehicle (at simulation time 192.002,800,000 s)
2024-06-03 19:50:56,767 INFO  - My position is not better! (at simulation time 192.002,800,000 s)
2024-06-03 19:50:56,767 INFO  - Recieve a message from other vehicle (at simulation time 192.002,800,000 s)
2024-06-03 19:50:56,767 INFO  - My position is not better! (at simulation time 192.002,800,000 s)
2024-06-03 19:50:56,767 INFO  - Recieve a message from other vehicle (at simulation time 192.003,300,000 s)
2024-06-03 19:50:56,767 INFO  - I'm in better position but no more hops in message (at simulation time 192.003,300,000 s)
2024-06-03 19:50:56,767 INFO  - Recieve a message from other vehicle (at simulation time 192.004,300,000 s)
2024-06-03 19:50:56,767 INFO  - My position is not better! (at simulation time 192.004,300,000 s)
2024-06-03 19:50:56,769 INFO  - Called #onVehicleUpdated (at simulation time 193.000,000,000 s)
2024-06-03 19:50:56,769 INFO  - Sending out AdHoc broadcast (at simulation time 193.000,000,000 s)
2024-06-03 19:50:56,769 INFO  - Sending out AdHoc broadcast (at simulation time 193.000,000,000 s)
2024-06-03 19:50:56,769 INFO  - Sending out AdHoc broadcast (at simulation time 193.000,000,000 s)
2024-06-03 19:50:56,770 INFO  - Recieve a message from other vehicle (at simulation time 193.000,900,000 s)
2024-06-03 19:50:56,771 INFO  - My position is not better! (at simulation time 193.000,900,000 s)
2024-06-03 19:50:56,771 INFO  - Recieve a message from other vehicle (at simulation time 193.001,300,000 s)
2024-06-03 19:50:56,771 INFO  - My position is not better! (at simulation time 193.001,300,000 s)
2024-06-03 19:50:56,771 INFO  - Recieve a message from other vehicle (at simulation time 193.001,300,000 s)
2024-06-03 19:50:56,771 INFO  - My position is not better! (at simulation time 193.001,300,000 s)
2024-06-03 19:50:56,771 INFO  - Recieve a message from other vehicle (at simulation time 193.001,400,000 s)
2024-06-03 19:50:56,771 INFO  - My position is not better! (at simulation time 193.001,400,000 s)
2024-06-03 19:50:56,771 INFO  - Recieve a message from other vehicle (at simulation time 193.001,800,000 s)
2024-06-03 19:50:56,771 INFO  - My position is not better! (at simulation time 193.001,800,000 s)
2024-06-03 19:50:56,772 INFO  - Recieve a message from other vehicle (at simulation time 193.001,900,000 s)
2024-06-03 19:50:56,772 INFO  - I'm in better position but no more hops in message (at simulation time 193.001,900,000 s)
2024-06-03 19:50:56,772 INFO  - Recieve a message from other vehicle (at simulation time 193.002,300,000 s)
2024-06-03 19:50:56,772 INFO  - I'm in better position but no more hops in message (at simulation time 193.002,300,000 s)
2024-06-03 19:50:56,772 INFO  - Recieve a message from other vehicle (at simulation time 193.002,300,000 s)
2024-06-03 19:50:56,772 INFO  - My position is not better! (at simulation time 193.002,300,000 s)
2024-06-03 19:50:56,772 INFO  - Recieve a message from other vehicle (at simulation time 193.002,300,000 s)
2024-06-03 19:50:56,772 INFO  - My position is not better! (at simulation time 193.002,300,000 s)
2024-06-03 19:50:56,772 INFO  - Recieve a message from other vehicle (at simulation time 193.002,400,000 s)
2024-06-03 19:50:56,772 INFO  - My position is not better! (at simulation time 193.002,400,000 s)
2024-06-03 19:50:56,772 INFO  - Recieve a message from other vehicle (at simulation time 193.002,400,000 s)
2024-06-03 19:50:56,772 INFO  - My position is not better! (at simulation time 193.002,400,000 s)
2024-06-03 19:50:56,772 INFO  - Recieve a message from other vehicle (at simulation time 193.002,400,000 s)
2024-06-03 19:50:56,772 INFO  - My position is not better! (at simulation time 193.002,400,000 s)
2024-06-03 19:50:56,772 INFO  - Recieve a message from other vehicle (at simulation time 193.003,300,000 s)
2024-06-03 19:50:56,772 INFO  - My position is not better! (at simulation time 193.003,300,000 s)
2024-06-03 19:50:56,772 INFO  - Recieve a message from other vehicle (at simulation time 193.003,800,000 s)
2024-06-03 19:50:56,772 INFO  - My position is not better! (at simulation time 193.003,800,000 s)
2024-06-03 19:50:56,772 INFO  - Recieve a message from other vehicle (at simulation time 193.003,800,000 s)
2024-06-03 19:50:56,772 INFO  - My position is not better! (at simulation time 193.003,800,000 s)
2024-06-03 19:50:56,774 INFO  - Called #onVehicleUpdated (at simulation time 194.000,000,000 s)
2024-06-03 19:50:56,774 INFO  - Sending out AdHoc broadcast (at simulation time 194.000,000,000 s)
2024-06-03 19:50:56,774 INFO  - Sending out AdHoc broadcast (at simulation time 194.000,000,000 s)
2024-06-03 19:50:56,774 INFO  - Sending out AdHoc broadcast (at simulation time 194.000,000,000 s)
2024-06-03 19:50:56,775 INFO  - Sending out AdHoc broadcast (at simulation time 194.000,000,000 s)
2024-06-03 19:50:56,776 INFO  - Recieve a message from other vehicle (at simulation time 194.000,800,000 s)
2024-06-03 19:50:56,776 INFO  - My position is not better! (at simulation time 194.000,800,000 s)
2024-06-03 19:50:56,776 INFO  - Recieve a message from other vehicle (at simulation time 194.000,900,000 s)
2024-06-03 19:50:56,776 INFO  - My position is not better! (at simulation time 194.000,900,000 s)
2024-06-03 19:50:56,776 INFO  - Recieve a message from other vehicle (at simulation time 194.000,900,000 s)
2024-06-03 19:50:56,776 INFO  - My position is not better! (at simulation time 194.000,900,000 s)
2024-06-03 19:50:56,777 INFO  - Recieve a message from other vehicle (at simulation time 194.000,900,000 s)
2024-06-03 19:50:56,777 INFO  - My position is not better! (at simulation time 194.000,900,000 s)
2024-06-03 19:50:56,777 INFO  - Recieve a message from other vehicle (at simulation time 194.001,400,000 s)
2024-06-03 19:50:56,777 INFO  - My position is not better! (at simulation time 194.001,400,000 s)
2024-06-03 19:50:56,777 INFO  - Recieve a message from other vehicle (at simulation time 194.001,400,000 s)
2024-06-03 19:50:56,777 INFO  - My position is not better! (at simulation time 194.001,400,000 s)
2024-06-03 19:50:56,777 INFO  - Recieve a message from other vehicle (at simulation time 194.001,900,000 s)
2024-06-03 19:50:56,777 INFO  - My position is not better! (at simulation time 194.001,900,000 s)
2024-06-03 19:50:56,778 INFO  - Recieve a message from other vehicle (at simulation time 194.001,900,000 s)
2024-06-03 19:50:56,778 INFO  - My position is not better! (at simulation time 194.001,900,000 s)
2024-06-03 19:50:56,778 INFO  - Recieve a message from other vehicle (at simulation time 194.001,900,000 s)
2024-06-03 19:50:56,778 INFO  - My position is not better! (at simulation time 194.001,900,000 s)
2024-06-03 19:50:56,778 INFO  - Recieve a message from other vehicle (at simulation time 194.002,300,000 s)
2024-06-03 19:50:56,778 INFO  - My position is not better! (at simulation time 194.002,300,000 s)
2024-06-03 19:50:56,778 INFO  - Recieve a message from other vehicle (at simulation time 194.002,300,000 s)
2024-06-03 19:50:56,778 INFO  - My position is not better! (at simulation time 194.002,300,000 s)
2024-06-03 19:50:56,778 INFO  - Recieve a message from other vehicle (at simulation time 194.002,300,000 s)
2024-06-03 19:50:56,778 INFO  - I'm in better position but no more hops in message (at simulation time 194.002,300,000 s)
2024-06-03 19:50:56,779 INFO  - Recieve a message from other vehicle (at simulation time 194.002,800,000 s)
2024-06-03 19:50:56,779 INFO  - My position is not better! (at simulation time 194.002,800,000 s)
2024-06-03 19:50:56,779 INFO  - Recieve a message from other vehicle (at simulation time 194.003,300,000 s)
2024-06-03 19:50:56,779 INFO  - My position is not better! (at simulation time 194.003,300,000 s)
2024-06-03 19:50:56,779 INFO  - Recieve a message from other vehicle (at simulation time 194.003,800,000 s)
2024-06-03 19:50:56,779 INFO  - My position is not better! (at simulation time 194.003,800,000 s)
2024-06-03 19:50:56,779 INFO  - Recieve a message from other vehicle (at simulation time 194.004,300,000 s)
2024-06-03 19:50:56,779 INFO  - My position is not better! (at simulation time 194.004,300,000 s)
2024-06-03 19:50:56,780 INFO  - Recieve a message from other vehicle (at simulation time 194.004,300,000 s)
2024-06-03 19:50:56,780 INFO  - My position is not better! (at simulation time 194.004,300,000 s)
2024-06-03 19:50:56,780 INFO  - Recieve a message from other vehicle (at simulation time 194.004,800,000 s)
2024-06-03 19:50:56,780 INFO  - My position is not better! (at simulation time 194.004,800,000 s)
2024-06-03 19:50:56,783 INFO  - Called #onVehicleUpdated (at simulation time 195.000,000,000 s)
2024-06-03 19:50:56,783 INFO  - Sending out AdHoc broadcast (at simulation time 195.000,000,000 s)
2024-06-03 19:50:56,783 INFO  - Sending out AdHoc broadcast (at simulation time 195.000,000,000 s)
2024-06-03 19:50:56,783 INFO  - Sending out AdHoc broadcast (at simulation time 195.000,000,000 s)
2024-06-03 19:50:56,784 INFO  - Recieve a message from other vehicle (at simulation time 195.000,400,000 s)
2024-06-03 19:50:56,784 INFO  - My position is not better! (at simulation time 195.000,400,000 s)
2024-06-03 19:50:56,784 INFO  - Recieve a message from other vehicle (at simulation time 195.000,400,000 s)
2024-06-03 19:50:56,784 INFO  - My position is not better! (at simulation time 195.000,400,000 s)
2024-06-03 19:50:56,784 INFO  - Recieve a message from other vehicle (at simulation time 195.000,400,000 s)
2024-06-03 19:50:56,784 INFO  - Recending a message from other vehicle (at simulation time 195.000,400,000 s)
2024-06-03 19:50:56,784 INFO  - Recieve a message from other vehicle (at simulation time 195.000,400,000 s)
2024-06-03 19:50:56,784 INFO  - My position is not better! (at simulation time 195.000,400,000 s)
2024-06-03 19:50:56,785 INFO  - Recieve a message from other vehicle (at simulation time 195.000,800,000 s)
2024-06-03 19:50:56,785 INFO  - My position is not better! (at simulation time 195.000,800,000 s)
2024-06-03 19:50:56,785 INFO  - Recieve a message from other vehicle (at simulation time 195.000,900,000 s)
2024-06-03 19:50:56,785 INFO  - I'm in better position but no more hops in message (at simulation time 195.000,900,000 s)
2024-06-03 19:50:56,785 INFO  - Recieve a message from other vehicle (at simulation time 195.000,900,000 s)
2024-06-03 19:50:56,785 INFO  - Recending a message from other vehicle (at simulation time 195.000,900,000 s)
2024-06-03 19:50:56,785 INFO  - Recieve a message from other vehicle (at simulation time 195.001,300,000 s)
2024-06-03 19:50:56,786 INFO  - DENM message Recived from veh_30 -info : seco (at simulation time 195.001,300,000 s)
2024-06-03 19:50:56,786 INFO  - No more hops in DENM message (at simulation time 195.001,300,000 s)
2024-06-03 19:50:56,786 INFO  - Recieve a message from other vehicle (at simulation time 195.001,300,000 s)
2024-06-03 19:50:56,786 INFO  - I'm in better position but no more hops in message (at simulation time 195.001,300,000 s)
2024-06-03 19:50:56,786 INFO  - Recieve a message from other vehicle (at simulation time 195.001,400,000 s)
2024-06-03 19:50:56,786 INFO  - DENM message Recived from veh_30 -info : seco (at simulation time 195.001,400,000 s)
2024-06-03 19:50:56,786 INFO  - No more hops in DENM message (at simulation time 195.001,400,000 s)
2024-06-03 19:50:56,786 INFO  - Recieve a message from other vehicle (at simulation time 195.001,400,000 s)
2024-06-03 19:50:56,786 INFO  - DENM message Recived from veh_33 -info : seco (at simulation time 195.001,400,000 s)
2024-06-03 19:50:56,786 INFO  - No more hops in DENM message (at simulation time 195.001,400,000 s)
2024-06-03 19:50:56,786 INFO  - Recieve a message from other vehicle (at simulation time 195.001,400,000 s)
2024-06-03 19:50:56,786 INFO  - DENM message Recived from veh_35 -info : nevoeiro (at simulation time 195.001,400,000 s)
2024-06-03 19:50:56,786 INFO  - No more hops in DENM message (at simulation time 195.001,400,000 s)
2024-06-03 19:50:56,786 INFO  - Recieve a message from other vehicle (at simulation time 195.001,400,000 s)
2024-06-03 19:50:56,786 INFO  - I'm in better position but no more hops in message (at simulation time 195.001,400,000 s)
2024-06-03 19:50:56,787 INFO  - Recieve a message from other vehicle (at simulation time 195.001,800,000 s)
2024-06-03 19:50:56,787 INFO  - My position is not better! (at simulation time 195.001,800,000 s)
2024-06-03 19:50:56,788 INFO  - Recieve a message from other vehicle (at simulation time 195.001,900,000 s)
2024-06-03 19:50:56,788 INFO  - DENM message Recived from veh_31 -info : seco (at simulation time 195.001,900,000 s)
2024-06-03 19:50:56,788 INFO  - No more hops in DENM message (at simulation time 195.001,900,000 s)
2024-06-03 19:50:56,788 INFO  - Recieve a message from other vehicle (at simulation time 195.001,900,000 s)
2024-06-03 19:50:56,788 INFO  - I'm in better position but no more hops in message (at simulation time 195.001,900,000 s)
2024-06-03 19:50:56,788 INFO  - Recieve a message from other vehicle (at simulation time 195.002,300,000 s)
2024-06-03 19:50:56,788 INFO  - My position is not better! (at simulation time 195.002,300,000 s)
2024-06-03 19:50:56,789 INFO  - Recieve a message from other vehicle (at simulation time 195.002,400,000 s)
2024-06-03 19:50:56,789 INFO  - My position is not better! (at simulation time 195.002,400,000 s)
2024-06-03 19:50:56,789 INFO  - Recieve a message from other vehicle (at simulation time 195.002,400,000 s)
2024-06-03 19:50:56,789 INFO  - My position is not better! (at simulation time 195.002,400,000 s)
2024-06-03 19:50:56,789 INFO  - Recieve a message from other vehicle (at simulation time 195.002,800,000 s)
2024-06-03 19:50:56,789 INFO  - DENM message Recived from veh_33 -info : seco (at simulation time 195.002,800,000 s)
2024-06-03 19:50:56,789 INFO  - No more hops in DENM message (at simulation time 195.002,800,000 s)
2024-06-03 19:50:56,789 INFO  - Recieve a message from other vehicle (at simulation time 195.002,800,000 s)
2024-06-03 19:50:56,789 INFO  - DENM message Recived from veh_35 -info : nevoeiro (at simulation time 195.002,800,000 s)
2024-06-03 19:50:56,789 INFO  - No more hops in DENM message (at simulation time 195.002,800,000 s)
2024-06-03 19:50:56,789 INFO  - Recieve a message from other vehicle (at simulation time 195.003,300,000 s)
2024-06-03 19:50:56,789 INFO  - I'm in better position but no more hops in message (at simulation time 195.003,300,000 s)
2024-06-03 19:50:56,789 INFO  - Recieve a message from other vehicle (at simulation time 195.003,300,000 s)
2024-06-03 19:50:56,789 INFO  - I'm in better position but no more hops in message (at simulation time 195.003,300,000 s)
2024-06-03 19:50:56,789 INFO  - Recieve a message from other vehicle (at simulation time 195.003,300,000 s)
2024-06-03 19:50:56,789 INFO  - My position is not better! (at simulation time 195.003,300,000 s)
2024-06-03 19:50:56,789 INFO  - Recieve a message from other vehicle (at simulation time 195.003,800,000 s)
2024-06-03 19:50:56,789 INFO  - DENM message Recived from veh_31 -info : seco (at simulation time 195.003,800,000 s)
2024-06-03 19:50:56,789 INFO  - No more hops in DENM message (at simulation time 195.003,800,000 s)
2024-06-03 19:50:56,791 INFO  - Called #onVehicleUpdated (at simulation time 196.000,000,000 s)
2024-06-03 19:50:56,791 INFO  - Sending out DENM broadcast (at simulation time 196.000,000,000 s)
2024-06-03 19:50:56,791 INFO  - Sending out AdHoc broadcast (at simulation time 196.000,000,000 s)
2024-06-03 19:50:56,791 INFO  - Sending out AdHoc broadcast (at simulation time 196.000,000,000 s)
2024-06-03 19:50:56,791 INFO  - Sending out AdHoc broadcast (at simulation time 196.000,000,000 s)
2024-06-03 19:50:56,791 INFO  - Sending out AdHoc broadcast (at simulation time 196.000,000,000 s)
2024-06-03 19:50:56,793 INFO  - Recieve a message from other vehicle (at simulation time 196.000,400,000 s)
2024-06-03 19:50:56,793 INFO  - Recending a message from other vehicle (at simulation time 196.000,400,000 s)
2024-06-03 19:50:56,793 INFO  - Recieve a message from other vehicle (at simulation time 196.000,400,000 s)
2024-06-03 19:50:56,793 INFO  - I'm in better position but no more hops in message (at simulation time 196.000,400,000 s)
2024-06-03 19:50:56,793 INFO  - Recieve a message from other vehicle (at simulation time 196.000,400,000 s)
2024-06-03 19:50:56,793 INFO  - Recending a message from other vehicle (at simulation time 196.000,400,000 s)
2024-06-03 19:50:56,793 INFO  - Recieve a message from other vehicle (at simulation time 196.000,400,000 s)
2024-06-03 19:50:56,793 INFO  - Recending a message from other vehicle (at simulation time 196.000,400,000 s)
2024-06-03 19:50:56,794 INFO  - Recieve a message from other vehicle (at simulation time 196.000,900,000 s)
2024-06-03 19:50:56,794 INFO  - DENM message Recived from veh_32 -info : seco (at simulation time 196.000,900,000 s)
2024-06-03 19:50:56,794 INFO  - Recending a DENM message from other vehicle (at simulation time 196.000,900,000 s)
2024-06-03 19:50:56,794 INFO  - Recieve a message from other vehicle (at simulation time 196.000,900,000 s)
2024-06-03 19:50:56,794 INFO  - I'm in better position but no more hops in message (at simulation time 196.000,900,000 s)
2024-06-03 19:50:56,795 INFO  - Recieve a message from other vehicle (at simulation time 196.001,300,000 s)
2024-06-03 19:50:56,795 INFO  - I'm in better position but no more hops in message (at simulation time 196.001,300,000 s)
2024-06-03 19:50:56,795 INFO  - Recieve a message from other vehicle (at simulation time 196.001,300,000 s)
2024-06-03 19:50:56,795 INFO  - I'm in better position but no more hops in message (at simulation time 196.001,300,000 s)
2024-06-03 19:50:56,795 INFO  - Recieve a message from other vehicle (at simulation time 196.001,400,000 s)
2024-06-03 19:50:56,795 INFO  - I'm in better position but no more hops in message (at simulation time 196.001,400,000 s)
2024-06-03 19:50:56,796 INFO  - Recieve a message from other vehicle (at simulation time 196.001,800,000 s)
2024-06-03 19:50:56,796 INFO  - DENM message Recived from veh_34 -info : seco (at simulation time 196.001,800,000 s)
2024-06-03 19:50:56,796 INFO  - No more hops in DENM message (at simulation time 196.001,800,000 s)
2024-06-03 19:50:56,796 INFO  - Recieve a message from other vehicle (at simulation time 196.001,800,000 s)
2024-06-03 19:50:56,796 INFO  - I'm in better position but no more hops in message (at simulation time 196.001,800,000 s)
2024-06-03 19:50:56,796 INFO  - Recieve a message from other vehicle (at simulation time 196.001,800,000 s)
2024-06-03 19:50:56,796 INFO  - I'm in better position but no more hops in message (at simulation time 196.001,800,000 s)
2024-06-03 19:50:56,797 INFO  - Recieve a message from other vehicle (at simulation time 196.002,400,000 s)
2024-06-03 19:50:56,797 INFO  - I'm in better position but no more hops in message (at simulation time 196.002,400,000 s)
2024-06-03 19:50:56,797 INFO  - Recieve a message from other vehicle (at simulation time 196.002,400,000 s)
2024-06-03 19:50:56,797 INFO  - I'm in better position but no more hops in message (at simulation time 196.002,400,000 s)
2024-06-03 19:50:56,797 INFO  - Recieve a message from other vehicle (at simulation time 196.002,400,000 s)
2024-06-03 19:50:56,797 INFO  - I'm in better position but no more hops in message (at simulation time 196.002,400,000 s)
2024-06-03 19:50:56,800 INFO  - Called #onVehicleUpdated (at simulation time 197.000,000,000 s)
2024-06-03 19:50:56,800 INFO  - Sending out AdHoc broadcast (at simulation time 197.000,000,000 s)
2024-06-03 19:50:56,800 INFO  - Sending out AdHoc broadcast (at simulation time 197.000,000,000 s)
2024-06-03 19:50:56,800 INFO  - Sending out AdHoc broadcast (at simulation time 197.000,000,000 s)
2024-06-03 19:50:56,801 INFO  - Recieve a message from other vehicle (at simulation time 197.000,400,000 s)
2024-06-03 19:50:56,801 INFO  - Recending a message from other vehicle (at simulation time 197.000,400,000 s)
2024-06-03 19:50:56,801 INFO  - Recieve a message from other vehicle (at simulation time 197.000,400,000 s)
2024-06-03 19:50:56,801 INFO  - Recending a message from other vehicle (at simulation time 197.000,400,000 s)
2024-06-03 19:50:56,801 INFO  - Recieve a message from other vehicle (at simulation time 197.000,400,000 s)
2024-06-03 19:50:56,801 INFO  - Recending a message from other vehicle (at simulation time 197.000,400,000 s)
2024-06-03 19:50:56,801 INFO  - Recieve a message from other vehicle (at simulation time 197.000,400,000 s)
2024-06-03 19:50:56,801 INFO  - I'm in better position but no more hops in message (at simulation time 197.000,400,000 s)
2024-06-03 19:50:56,801 INFO  - Recieve a message from other vehicle (at simulation time 197.001,300,000 s)
2024-06-03 19:50:56,801 INFO  - I'm in better position but no more hops in message (at simulation time 197.001,300,000 s)
2024-06-03 19:50:56,802 INFO  - Recieve a message from other vehicle (at simulation time 197.001,300,000 s)
2024-06-03 19:50:56,802 INFO  - My position is not better! (at simulation time 197.001,300,000 s)
2024-06-03 19:50:56,802 INFO  - Recieve a message from other vehicle (at simulation time 197.001,400,000 s)
2024-06-03 19:50:56,802 INFO  - Recending a message from other vehicle (at simulation time 197.001,400,000 s)
2024-06-03 19:50:56,802 INFO  - Recieve a message from other vehicle (at simulation time 197.001,400,000 s)
2024-06-03 19:50:56,802 INFO  - Recending a message from other vehicle (at simulation time 197.001,400,000 s)
2024-06-03 19:50:56,803 INFO  - Recieve a message from other vehicle (at simulation time 197.001,800,000 s)
2024-06-03 19:50:56,803 INFO  - I'm in better position but no more hops in message (at simulation time 197.001,800,000 s)
2024-06-03 19:50:56,803 INFO  - Recieve a message from other vehicle (at simulation time 197.001,900,000 s)
2024-06-03 19:50:56,803 INFO  - Recending a message from other vehicle (at simulation time 197.001,900,000 s)
2024-06-03 19:50:56,803 INFO  - Recieve a message from other vehicle (at simulation time 197.002,400,000 s)
2024-06-03 19:50:56,803 INFO  - I'm in better position but no more hops in message (at simulation time 197.002,400,000 s)
2024-06-03 19:50:56,803 INFO  - Recieve a message from other vehicle (at simulation time 197.002,400,000 s)
2024-06-03 19:50:56,803 INFO  - I'm in better position but no more hops in message (at simulation time 197.002,400,000 s)
2024-06-03 19:50:56,804 INFO  - Recieve a message from other vehicle (at simulation time 197.002,400,000 s)
2024-06-03 19:50:56,804 INFO  - I'm in better position but no more hops in message (at simulation time 197.002,400,000 s)
2024-06-03 19:50:56,804 INFO  - Recieve a message from other vehicle (at simulation time 197.002,800,000 s)
2024-06-03 19:50:56,804 INFO  - My position is not better! (at simulation time 197.002,800,000 s)
2024-06-03 19:50:56,804 INFO  - Recieve a message from other vehicle (at simulation time 197.003,300,000 s)
2024-06-03 19:50:56,804 INFO  - My position is not better! (at simulation time 197.003,300,000 s)
2024-06-03 19:50:56,806 INFO  - Called #onVehicleUpdated (at simulation time 198.000,000,000 s)
2024-06-03 19:50:56,806 INFO  - Sending out AdHoc broadcast (at simulation time 198.000,000,000 s)
2024-06-03 19:50:56,806 INFO  - Sending out AdHoc broadcast (at simulation time 198.000,000,000 s)
2024-06-03 19:50:56,806 INFO  - Sending out AdHoc broadcast (at simulation time 198.000,000,000 s)
2024-06-03 19:50:56,806 INFO  - Sending out AdHoc broadcast (at simulation time 198.000,000,000 s)
2024-06-03 19:50:56,807 INFO  - Recieve a message from other vehicle (at simulation time 198.000,900,000 s)
2024-06-03 19:50:56,807 INFO  - My position is not better! (at simulation time 198.000,900,000 s)
2024-06-03 19:50:56,807 INFO  - Recieve a message from other vehicle (at simulation time 198.000,900,000 s)
2024-06-03 19:50:56,807 INFO  - My position is not better! (at simulation time 198.000,900,000 s)
2024-06-03 19:50:56,807 INFO  - Recieve a message from other vehicle (at simulation time 198.001,300,000 s)
2024-06-03 19:50:56,807 INFO  - I'm in better position but no more hops in message (at simulation time 198.001,300,000 s)
2024-06-03 19:50:56,808 INFO  - Recieve a message from other vehicle (at simulation time 198.002,300,000 s)
2024-06-03 19:50:56,808 INFO  - I'm in better position but no more hops in message (at simulation time 198.002,300,000 s)
2024-06-03 19:50:56,808 INFO  - Recieve a message from other vehicle (at simulation time 198.002,300,000 s)
2024-06-03 19:50:56,808 INFO  - My position is not better! (at simulation time 198.002,300,000 s)
2024-06-03 19:50:56,808 INFO  - Recieve a message from other vehicle (at simulation time 198.002,400,000 s)
2024-06-03 19:50:56,808 INFO  - My position is not better! (at simulation time 198.002,400,000 s)
2024-06-03 19:50:56,809 INFO  - Recieve a message from other vehicle (at simulation time 198.002,800,000 s)
2024-06-03 19:50:56,809 INFO  - My position is not better! (at simulation time 198.002,800,000 s)
2024-06-03 19:50:56,809 INFO  - Recieve a message from other vehicle (at simulation time 198.002,800,000 s)
2024-06-03 19:50:56,809 INFO  - My position is not better! (at simulation time 198.002,800,000 s)
2024-06-03 19:50:56,809 INFO  - Recieve a message from other vehicle (at simulation time 198.002,800,000 s)
2024-06-03 19:50:56,809 INFO  - I'm in better position but no more hops in message (at simulation time 198.002,800,000 s)
2024-06-03 19:50:56,809 INFO  - Recieve a message from other vehicle (at simulation time 198.003,300,000 s)
2024-06-03 19:50:56,809 INFO  - My position is not better! (at simulation time 198.003,300,000 s)
2024-06-03 19:50:56,810 INFO  - Called #onVehicleUpdated (at simulation time 199.000,000,000 s)
2024-06-03 19:50:56,810 INFO  - Exced velocity! Sending new CAM (at simulation time 199.000,000,000 s)
2024-06-03 19:50:56,810 INFO  - Sending out AdHoc broadcast (at simulation time 199.000,000,000 s)
2024-06-03 19:50:56,810 INFO  - Sending out AdHoc broadcast (at simulation time 199.000,000,000 s)
2024-06-03 19:50:56,810 INFO  - Sending out AdHoc broadcast (at simulation time 199.000,000,000 s)
2024-06-03 19:50:56,810 INFO  - Sending out AdHoc broadcast (at simulation time 199.000,000,000 s)
2024-06-03 19:50:56,811 INFO  - Recieve a message from other vehicle (at simulation time 199.000,400,000 s)
2024-06-03 19:50:56,811 INFO  - My position is not better! (at simulation time 199.000,400,000 s)
2024-06-03 19:50:56,811 INFO  - Recieve a message from other vehicle (at simulation time 199.001,300,000 s)
2024-06-03 19:50:56,811 INFO  - My position is not better! (at simulation time 199.001,300,000 s)
2024-06-03 19:50:56,811 INFO  - Recieve a message from other vehicle (at simulation time 199.002,300,000 s)
2024-06-03 19:50:56,811 INFO  - My position is not better! (at simulation time 199.002,300,000 s)
2024-06-03 19:50:56,811 INFO  - Recieve a message from other vehicle (at simulation time 199.002,800,000 s)
2024-06-03 19:50:56,811 INFO  - My position is not better! (at simulation time 199.002,800,000 s)
2024-06-03 19:50:56,812 INFO  - Recieve a message from other vehicle (at simulation time 199.003,800,000 s)
2024-06-03 19:50:56,812 INFO  - My position is not better! (at simulation time 199.003,800,000 s)
2024-06-03 19:50:56,814 INFO  - Called #onVehicleUpdated (at simulation time 200.000,000,000 s)
2024-06-03 19:50:56,814 INFO  - Exced velocity! Sending new CAM (at simulation time 200.000,000,000 s)
2024-06-03 19:50:56,814 INFO  - Sending out AdHoc broadcast (at simulation time 200.000,000,000 s)
2024-06-03 19:50:56,814 INFO  - Sending out AdHoc broadcast (at simulation time 200.000,000,000 s)
2024-06-03 19:50:56,814 INFO  - Sending out AdHoc broadcast (at simulation time 200.000,000,000 s)
2024-06-03 19:50:56,814 INFO  - Sending out AdHoc broadcast (at simulation time 200.000,000,000 s)
2024-06-03 19:50:56,814 INFO  - Sending out AdHoc broadcast (at simulation time 200.000,000,000 s)
2024-06-03 19:50:56,816 INFO  - Called #onVehicleUpdated (at simulation time 201.000,000,000 s)
2024-06-03 19:50:56,816 INFO  - Exced velocity! Sending new CAM (at simulation time 201.000,000,000 s)
2024-06-03 19:50:56,816 INFO  - Sending out AdHoc broadcast (at simulation time 201.000,000,000 s)
2024-06-03 19:50:56,816 INFO  - Sending out AdHoc broadcast (at simulation time 201.000,000,000 s)
2024-06-03 19:50:56,816 INFO  - Sending out AdHoc broadcast (at simulation time 201.000,000,000 s)
2024-06-03 19:50:56,816 INFO  - Sending out AdHoc broadcast (at simulation time 201.000,000,000 s)
2024-06-03 19:50:56,816 INFO  - Sending out AdHoc broadcast (at simulation time 201.000,000,000 s)
2024-06-03 19:50:56,817 INFO  - Called #onVehicleUpdated (at simulation time 202.000,000,000 s)
2024-06-03 19:50:56,817 INFO  - Exced velocity! Sending new CAM (at simulation time 202.000,000,000 s)
2024-06-03 19:50:56,817 INFO  - Sending out AdHoc broadcast (at simulation time 202.000,000,000 s)
2024-06-03 19:50:56,818 INFO  - Sending out AdHoc broadcast (at simulation time 202.000,000,000 s)
2024-06-03 19:50:56,818 INFO  - Sending out AdHoc broadcast (at simulation time 202.000,000,000 s)
2024-06-03 19:50:56,818 INFO  - Sending out AdHoc broadcast (at simulation time 202.000,000,000 s)
2024-06-03 19:50:56,818 INFO  - Sending out AdHoc broadcast (at simulation time 202.000,000,000 s)
2024-06-03 19:50:56,818 INFO  - Sending out AdHoc broadcast (at simulation time 202.000,000,000 s)
2024-06-03 19:50:56,819 INFO  - Called #onVehicleUpdated (at simulation time 203.000,000,000 s)
2024-06-03 19:50:56,819 INFO  - Exced velocity! Sending new CAM (at simulation time 203.000,000,000 s)
2024-06-03 19:50:56,819 INFO  - Sending out AdHoc broadcast (at simulation time 203.000,000,000 s)
2024-06-03 19:50:56,819 INFO  - Sending out AdHoc broadcast (at simulation time 203.000,000,000 s)
2024-06-03 19:50:56,819 INFO  - Sending out AdHoc broadcast (at simulation time 203.000,000,000 s)
2024-06-03 19:50:56,819 INFO  - Sending out AdHoc broadcast (at simulation time 203.000,000,000 s)
2024-06-03 19:50:56,819 INFO  - Sending out AdHoc broadcast (at simulation time 203.000,000,000 s)
2024-06-03 19:50:56,819 INFO  - Sending out AdHoc broadcast (at simulation time 203.000,000,000 s)
2024-06-03 19:50:56,820 INFO  - Shutdown (at simulation time 204.000,000,000 s)
