2024-06-03 19:42:28,602 INFO  - Initialize Vehicle application (at simulation time 7.000,000,000 s)
2024-06-03 19:42:28,604 INFO  - Activated WLAN Module (at simulation time 7.000,000,000 s)
2024-06-03 19:42:28,604 INFO  - Called #onVehicleUpdated (at simulation time 7.000,000,000 s)
2024-06-03 19:42:28,611 INFO  - Recieve a message from other vehicle (at simulation time 7.001,400,000 s)
2024-06-03 19:42:28,612 INFO  - My position is not better! (at simulation time 7.001,400,000 s)
2024-06-03 19:42:28,612 INFO  - Recieve a message from other vehicle (at simulation time 7.002,400,000 s)
2024-06-03 19:42:28,612 INFO  - My position is not better! (at simulation time 7.002,400,000 s)
2024-06-03 19:42:28,850 INFO  - Called #onVehicleUpdated (at simulation time 8.000,000,000 s)
2024-06-03 19:42:28,853 INFO  - Define the name: veh_4 and route: r_3 (at simulation time 8.000,000,000 s)
2024-06-03 19:42:28,853 INFO  - Sending out AdHoc broadcast (at simulation time 8.000,000,000 s)
2024-06-03 19:42:28,855 INFO  - Recieve a message from other vehicle (at simulation time 8.000,400,000 s)
2024-06-03 19:42:28,855 INFO  - My position is not better! (at simulation time 8.000,400,000 s)
2024-06-03 19:42:28,857 INFO  - Recieve a message from other vehicle (at simulation time 8.001,800,000 s)
2024-06-03 19:42:28,857 INFO  - My position is not better! (at simulation time 8.001,800,000 s)
2024-06-03 19:42:28,857 INFO  - Recieve a message from other vehicle (at simulation time 8.001,900,000 s)
2024-06-03 19:42:28,857 INFO  - My position is not better! (at simulation time 8.001,900,000 s)
2024-06-03 19:42:29,100 INFO  - Called #onVehicleUpdated (at simulation time 9.000,000,000 s)
2024-06-03 19:42:29,104 INFO  - Recieve a message from other vehicle (at simulation time 9.001,400,000 s)
2024-06-03 19:42:29,104 INFO  - My position is not better! (at simulation time 9.001,400,000 s)
2024-06-03 19:42:29,104 INFO  - Recieve a message from other vehicle (at simulation time 9.001,900,000 s)
2024-06-03 19:42:29,104 INFO  - My position is not better! (at simulation time 9.001,900,000 s)
2024-06-03 19:42:29,105 INFO  - Recieve a message from other vehicle (at simulation time 9.002,400,000 s)
2024-06-03 19:42:29,105 INFO  - My position is not better! (at simulation time 9.002,400,000 s)
2024-06-03 19:42:29,360 INFO  - Called #onVehicleUpdated (at simulation time 10.000,000,000 s)
2024-06-03 19:42:29,362 INFO  - Sending out AdHoc broadcast (at simulation time 10.000,000,000 s)
2024-06-03 19:42:29,364 INFO  - Recieve a message from other vehicle (at simulation time 10.000,900,000 s)
2024-06-03 19:42:29,364 INFO  - My position is not better! (at simulation time 10.000,900,000 s)
2024-06-03 19:42:29,364 INFO  - Recieve a message from other vehicle (at simulation time 10.001,300,000 s)
2024-06-03 19:42:29,364 INFO  - My position is not better! (at simulation time 10.001,300,000 s)
2024-06-03 19:42:29,364 INFO  - Recieve a message from other vehicle (at simulation time 10.001,400,000 s)
2024-06-03 19:42:29,364 INFO  - My position is not better! (at simulation time 10.001,400,000 s)
2024-06-03 19:42:29,365 INFO  - Recieve a message from other vehicle (at simulation time 10.002,400,000 s)
2024-06-03 19:42:29,365 INFO  - My position is not better! (at simulation time 10.002,400,000 s)
2024-06-03 19:42:29,597 INFO  - Called #onVehicleUpdated (at simulation time 11.000,000,000 s)
2024-06-03 19:42:29,597 INFO  - Exced velocity! Sending new CAM (at simulation time 11.000,000,000 s)
2024-06-03 19:42:29,598 INFO  - Sending out AdHoc broadcast (at simulation time 11.000,000,000 s)
2024-06-03 19:42:29,601 INFO  - Recieve a message from other vehicle (at simulation time 11.000,400,000 s)
2024-06-03 19:42:29,601 INFO  - My position is not better! (at simulation time 11.000,400,000 s)
2024-06-03 19:42:29,602 INFO  - Recieve a message from other vehicle (at simulation time 11.001,900,000 s)
2024-06-03 19:42:29,602 INFO  - My position is not better! (at simulation time 11.001,900,000 s)
2024-06-03 19:42:29,602 INFO  - Recieve a message from other vehicle (at simulation time 11.001,900,000 s)
2024-06-03 19:42:29,602 INFO  - My position is not better! (at simulation time 11.001,900,000 s)
2024-06-03 19:42:29,603 INFO  - Recieve a message from other vehicle (at simulation time 11.002,400,000 s)
2024-06-03 19:42:29,603 INFO  - My position is not better! (at simulation time 11.002,400,000 s)
2024-06-03 19:42:29,603 INFO  - Recieve a message from other vehicle (at simulation time 11.002,800,000 s)
2024-06-03 19:42:29,603 INFO  - My position is not better! (at simulation time 11.002,800,000 s)
2024-06-03 19:42:29,847 INFO  - Called #onVehicleUpdated (at simulation time 12.000,000,000 s)
2024-06-03 19:42:29,847 INFO  - Exced velocity! Sending new CAM (at simulation time 12.000,000,000 s)
2024-06-03 19:42:29,847 INFO  - Sending out AdHoc broadcast (at simulation time 12.000,000,000 s)
2024-06-03 19:42:29,849 INFO  - Sending out AdHoc broadcast (at simulation time 12.000,000,000 s)
2024-06-03 19:42:29,850 INFO  - Recieve a message from other vehicle (at simulation time 12.000,400,000 s)
2024-06-03 19:42:29,850 INFO  - My position is not better! (at simulation time 12.000,400,000 s)
2024-06-03 19:42:29,851 INFO  - Recieve a message from other vehicle (at simulation time 12.000,900,000 s)
2024-06-03 19:42:29,851 INFO  - My position is not better! (at simulation time 12.000,900,000 s)
2024-06-03 19:42:29,852 INFO  - Recieve a message from other vehicle (at simulation time 12.001,300,000 s)
2024-06-03 19:42:29,852 INFO  - My position is not better! (at simulation time 12.001,300,000 s)
2024-06-03 19:42:29,854 INFO  - Recieve a message from other vehicle (at simulation time 12.002,300,000 s)
2024-06-03 19:42:29,854 INFO  - My position is not better! (at simulation time 12.002,300,000 s)
2024-06-03 19:42:29,854 INFO  - Recieve a message from other vehicle (at simulation time 12.002,300,000 s)
2024-06-03 19:42:29,854 INFO  - My position is not better! (at simulation time 12.002,300,000 s)
2024-06-03 19:42:29,854 INFO  - Recieve a message from other vehicle (at simulation time 12.002,400,000 s)
2024-06-03 19:42:29,855 INFO  - My position is not better! (at simulation time 12.002,400,000 s)
2024-06-03 19:42:29,855 INFO  - Recieve a message from other vehicle (at simulation time 12.002,800,000 s)
2024-06-03 19:42:29,855 INFO  - My position is not better! (at simulation time 12.002,800,000 s)
2024-06-03 19:42:29,855 INFO  - Recieve a message from other vehicle (at simulation time 12.002,800,000 s)
2024-06-03 19:42:29,855 INFO  - My position is not better! (at simulation time 12.002,800,000 s)
2024-06-03 19:42:30,098 INFO  - Called #onVehicleUpdated (at simulation time 13.000,000,000 s)
2024-06-03 19:42:30,099 INFO  - Sending out AdHoc broadcast (at simulation time 13.000,000,000 s)
2024-06-03 19:42:30,101 INFO  - Recieve a message from other vehicle (at simulation time 13.000,400,000 s)
2024-06-03 19:42:30,101 INFO  - My position is not better! (at simulation time 13.000,400,000 s)
2024-06-03 19:42:30,101 INFO  - Recieve a message from other vehicle (at simulation time 13.000,400,000 s)
2024-06-03 19:42:30,101 INFO  - My position is not better! (at simulation time 13.000,400,000 s)
2024-06-03 19:42:30,102 INFO  - Recieve a message from other vehicle (at simulation time 13.000,900,000 s)
2024-06-03 19:42:30,103 INFO  - My position is not better! (at simulation time 13.000,900,000 s)
2024-06-03 19:42:30,103 INFO  - Recieve a message from other vehicle (at simulation time 13.000,900,000 s)
2024-06-03 19:42:30,104 INFO  - My position is not better! (at simulation time 13.000,900,000 s)
2024-06-03 19:42:30,105 INFO  - Recieve a message from other vehicle (at simulation time 13.001,400,000 s)
2024-06-03 19:42:30,105 INFO  - My position is not better! (at simulation time 13.001,400,000 s)
2024-06-03 19:42:30,105 INFO  - Recieve a message from other vehicle (at simulation time 13.001,400,000 s)
2024-06-03 19:42:30,105 INFO  - My position is not better! (at simulation time 13.001,400,000 s)
2024-06-03 19:42:30,107 INFO  - Recieve a message from other vehicle (at simulation time 13.001,800,000 s)
2024-06-03 19:42:30,107 INFO  - My position is not better! (at simulation time 13.001,800,000 s)
2024-06-03 19:42:30,108 INFO  - Recieve a message from other vehicle (at simulation time 13.001,800,000 s)
2024-06-03 19:42:30,108 INFO  - My position is not better! (at simulation time 13.001,800,000 s)
2024-06-03 19:42:30,108 INFO  - Recieve a message from other vehicle (at simulation time 13.001,800,000 s)
2024-06-03 19:42:30,108 INFO  - My position is not better! (at simulation time 13.001,800,000 s)
2024-06-03 19:42:30,110 INFO  - Recieve a message from other vehicle (at simulation time 13.001,900,000 s)
2024-06-03 19:42:30,110 INFO  - My position is not better! (at simulation time 13.001,900,000 s)
2024-06-03 19:42:30,112 INFO  - Recieve a message from other vehicle (at simulation time 13.002,400,000 s)
2024-06-03 19:42:30,112 INFO  - My position is not better! (at simulation time 13.002,400,000 s)
2024-06-03 19:42:30,113 INFO  - Recieve a message from other vehicle (at simulation time 13.003,300,000 s)
2024-06-03 19:42:30,113 INFO  - My position is not better! (at simulation time 13.003,300,000 s)
2024-06-03 19:42:30,113 INFO  - Recieve a message from other vehicle (at simulation time 13.003,300,000 s)
2024-06-03 19:42:30,113 INFO  - My position is not better! (at simulation time 13.003,300,000 s)
2024-06-03 19:42:30,113 INFO  - Recieve a message from other vehicle (at simulation time 13.003,300,000 s)
2024-06-03 19:42:30,113 INFO  - My position is not better! (at simulation time 13.003,300,000 s)
2024-06-03 19:42:30,114 INFO  - Recieve a message from other vehicle (at simulation time 13.004,300,000 s)
2024-06-03 19:42:30,114 INFO  - My position is not better! (at simulation time 13.004,300,000 s)
2024-06-03 19:42:30,350 INFO  - Called #onVehicleUpdated (at simulation time 14.000,000,000 s)
2024-06-03 19:42:30,350 INFO  - Sending out AdHoc broadcast (at simulation time 14.000,000,000 s)
2024-06-03 19:42:30,352 INFO  - Sending out AdHoc broadcast (at simulation time 14.000,000,000 s)
2024-06-03 19:42:30,358 INFO  - Recieve a message from other vehicle (at simulation time 14.000,900,000 s)
2024-06-03 19:42:30,358 INFO  - My position is not better! (at simulation time 14.000,900,000 s)
2024-06-03 19:42:30,361 INFO  - Recieve a message from other vehicle (at simulation time 14.001,400,000 s)
2024-06-03 19:42:30,361 INFO  - My position is not better! (at simulation time 14.001,400,000 s)
2024-06-03 19:42:30,361 INFO  - Recieve a message from other vehicle (at simulation time 14.001,400,000 s)
2024-06-03 19:42:30,361 INFO  - My position is not better! (at simulation time 14.001,400,000 s)
2024-06-03 19:42:30,362 INFO  - Recieve a message from other vehicle (at simulation time 14.001,800,000 s)
2024-06-03 19:42:30,362 INFO  - My position is not better! (at simulation time 14.001,800,000 s)
2024-06-03 19:42:30,362 INFO  - Recieve a message from other vehicle (at simulation time 14.001,800,000 s)
2024-06-03 19:42:30,362 INFO  - My position is not better! (at simulation time 14.001,800,000 s)
2024-06-03 19:42:30,363 INFO  - Recieve a message from other vehicle (at simulation time 14.001,800,000 s)
2024-06-03 19:42:30,363 INFO  - My position is not better! (at simulation time 14.001,800,000 s)
2024-06-03 19:42:30,363 INFO  - Recieve a message from other vehicle (at simulation time 14.001,800,000 s)
2024-06-03 19:42:30,363 INFO  - My position is not better! (at simulation time 14.001,800,000 s)
2024-06-03 19:42:30,363 INFO  - Recieve a message from other vehicle (at simulation time 14.001,900,000 s)
2024-06-03 19:42:30,363 INFO  - My position is not better! (at simulation time 14.001,900,000 s)
2024-06-03 19:42:30,364 INFO  - Recieve a message from other vehicle (at simulation time 14.001,900,000 s)
2024-06-03 19:42:30,364 INFO  - My position is not better! (at simulation time 14.001,900,000 s)
2024-06-03 19:42:30,364 INFO  - Recieve a message from other vehicle (at simulation time 14.001,900,000 s)
2024-06-03 19:42:30,364 INFO  - My position is not better! (at simulation time 14.001,900,000 s)
2024-06-03 19:42:30,364 INFO  - Recieve a message from other vehicle (at simulation time 14.001,900,000 s)
2024-06-03 19:42:30,364 INFO  - My position is not better! (at simulation time 14.001,900,000 s)
2024-06-03 19:42:30,366 INFO  - Recieve a message from other vehicle (at simulation time 14.002,800,000 s)
2024-06-03 19:42:30,366 INFO  - My position is not better! (at simulation time 14.002,800,000 s)
2024-06-03 19:42:30,366 INFO  - Recieve a message from other vehicle (at simulation time 14.003,300,000 s)
2024-06-03 19:42:30,366 INFO  - My position is not better! (at simulation time 14.003,300,000 s)
2024-06-03 19:42:30,367 INFO  - Recieve a message from other vehicle (at simulation time 14.003,800,000 s)
2024-06-03 19:42:30,367 INFO  - I'm in better position but no more hops in message (at simulation time 14.003,800,000 s)
2024-06-03 19:42:30,610 INFO  - Called #onVehicleUpdated (at simulation time 15.000,000,000 s)
2024-06-03 19:42:30,612 INFO  - Sending out AdHoc broadcast (at simulation time 15.000,000,000 s)
2024-06-03 19:42:30,617 INFO  - Recieve a message from other vehicle (at simulation time 15.000,400,000 s)
2024-06-03 19:42:30,617 INFO  - My position is not better! (at simulation time 15.000,400,000 s)
2024-06-03 19:42:30,618 INFO  - Recieve a message from other vehicle (at simulation time 15.000,800,000 s)
2024-06-03 19:42:30,618 INFO  - DENM message Recived from veh_3 -info : seco (at simulation time 15.000,800,000 s)
2024-06-03 19:42:30,618 INFO  - No more hops in DENM message (at simulation time 15.000,800,000 s)
2024-06-03 19:42:30,618 INFO  - Recieve a message from other vehicle (at simulation time 15.000,900,000 s)
2024-06-03 19:42:30,618 INFO  - DENM message Recived from veh_3 -info : seco (at simulation time 15.000,900,000 s)
2024-06-03 19:42:30,618 INFO  - No more hops in DENM message (at simulation time 15.000,900,000 s)
2024-06-03 19:42:30,619 INFO  - Recieve a message from other vehicle (at simulation time 15.000,900,000 s)
2024-06-03 19:42:30,619 INFO  - My position is not better! (at simulation time 15.000,900,000 s)
2024-06-03 19:42:30,619 INFO  - Recieve a message from other vehicle (at simulation time 15.000,900,000 s)
2024-06-03 19:42:30,619 INFO  - My position is not better! (at simulation time 15.000,900,000 s)
2024-06-03 19:42:30,620 INFO  - Recieve a message from other vehicle (at simulation time 15.001,300,000 s)
2024-06-03 19:42:30,620 INFO  - My position is not better! (at simulation time 15.001,300,000 s)
2024-06-03 19:42:30,621 INFO  - Recieve a message from other vehicle (at simulation time 15.001,300,000 s)
2024-06-03 19:42:30,621 INFO  - My position is not better! (at simulation time 15.001,300,000 s)
2024-06-03 19:42:30,622 INFO  - Recieve a message from other vehicle (at simulation time 15.001,400,000 s)
2024-06-03 19:42:30,622 INFO  - DENM message Recived from veh_0 -info : nevoeiro (at simulation time 15.001,400,000 s)
2024-06-03 19:42:30,622 INFO  - Recending a DENM message from other vehicle (at simulation time 15.001,400,000 s)
2024-06-03 19:42:30,622 INFO  - Recieve a message from other vehicle (at simulation time 15.001,400,000 s)
2024-06-03 19:42:30,622 INFO  - My position is not better! (at simulation time 15.001,400,000 s)
2024-06-03 19:42:30,622 INFO  - Recieve a message from other vehicle (at simulation time 15.001,400,000 s)
2024-06-03 19:42:30,622 INFO  - My position is not better! (at simulation time 15.001,400,000 s)
2024-06-03 19:42:30,622 INFO  - Recieve a message from other vehicle (at simulation time 15.001,400,000 s)
2024-06-03 19:42:30,622 INFO  - My position is not better! (at simulation time 15.001,400,000 s)
2024-06-03 19:42:30,623 INFO  - Recieve a message from other vehicle (at simulation time 15.001,400,000 s)
2024-06-03 19:42:30,623 INFO  - My position is not better! (at simulation time 15.001,400,000 s)
2024-06-03 19:42:30,625 INFO  - Recieve a message from other vehicle (at simulation time 15.001,800,000 s)
2024-06-03 19:42:30,625 INFO  - My position is not better! (at simulation time 15.001,800,000 s)
2024-06-03 19:42:30,626 INFO  - Recieve a message from other vehicle (at simulation time 15.001,800,000 s)
2024-06-03 19:42:30,626 INFO  - My position is not better! (at simulation time 15.001,800,000 s)
2024-06-03 19:42:30,627 INFO  - Recieve a message from other vehicle (at simulation time 15.002,300,000 s)
2024-06-03 19:42:30,627 INFO  - DENM message Recived from veh_5 -info : nevoeiro (at simulation time 15.002,300,000 s)
2024-06-03 19:42:30,627 INFO  - No more hops in DENM message (at simulation time 15.002,300,000 s)
2024-06-03 19:42:30,628 INFO  - Recieve a message from other vehicle (at simulation time 15.002,400,000 s)
2024-06-03 19:42:30,628 INFO  - DENM message Recived from veh_1 -info : nevoeiro (at simulation time 15.002,400,000 s)
2024-06-03 19:42:30,628 INFO  - No more hops in DENM message (at simulation time 15.002,400,000 s)
2024-06-03 19:42:30,628 INFO  - Recieve a message from other vehicle (at simulation time 15.002,400,000 s)
2024-06-03 19:42:30,628 INFO  - DENM message Recived from veh_5 -info : nevoeiro (at simulation time 15.002,400,000 s)
2024-06-03 19:42:30,628 INFO  - No more hops in DENM message (at simulation time 15.002,400,000 s)
2024-06-03 19:42:30,629 INFO  - Recieve a message from other vehicle (at simulation time 15.002,400,000 s)
2024-06-03 19:42:30,629 INFO  - My position is not better! (at simulation time 15.002,400,000 s)
2024-06-03 19:42:30,629 INFO  - Recieve a message from other vehicle (at simulation time 15.002,400,000 s)
2024-06-03 19:42:30,629 INFO  - My position is not better! (at simulation time 15.002,400,000 s)
2024-06-03 19:42:30,629 INFO  - Recieve a message from other vehicle (at simulation time 15.002,400,000 s)
2024-06-03 19:42:30,629 INFO  - My position is not better! (at simulation time 15.002,400,000 s)
2024-06-03 19:42:30,629 INFO  - Recieve a message from other vehicle (at simulation time 15.002,800,000 s)
2024-06-03 19:42:30,629 INFO  - My position is not better! (at simulation time 15.002,800,000 s)
2024-06-03 19:42:30,629 INFO  - Recieve a message from other vehicle (at simulation time 15.002,800,000 s)
2024-06-03 19:42:30,629 INFO  - My position is not better! (at simulation time 15.002,800,000 s)
2024-06-03 19:42:30,630 INFO  - Recieve a message from other vehicle (at simulation time 15.002,800,000 s)
2024-06-03 19:42:30,630 INFO  - DENM message Recived from veh_1 -info : nevoeiro (at simulation time 15.002,800,000 s)
2024-06-03 19:42:30,630 INFO  - No more hops in DENM message (at simulation time 15.002,800,000 s)
2024-06-03 19:42:30,850 INFO  - Called #onVehicleUpdated (at simulation time 16.000,000,000 s)
2024-06-03 19:42:30,851 INFO  - Sending out DENM broadcast (at simulation time 16.000,000,000 s)
2024-06-03 19:42:30,851 INFO  - Sending out AdHoc broadcast (at simulation time 16.000,000,000 s)
2024-06-03 19:42:30,852 INFO  - Sending out AdHoc broadcast (at simulation time 16.000,000,000 s)
2024-06-03 19:42:30,855 INFO  - Recieve a message from other vehicle (at simulation time 16.000,400,000 s)
2024-06-03 19:42:30,855 INFO  - Recending a message from other vehicle (at simulation time 16.000,400,000 s)
2024-06-03 19:42:30,856 INFO  - Recieve a message from other vehicle (at simulation time 16.000,400,000 s)
2024-06-03 19:42:30,856 INFO  - Recending a message from other vehicle (at simulation time 16.000,400,000 s)
2024-06-03 19:42:30,857 INFO  - Recieve a message from other vehicle (at simulation time 16.000,800,000 s)
2024-06-03 19:42:30,857 INFO  - DENM message Recived from veh_4 -info : seco (at simulation time 16.000,800,000 s)
2024-06-03 19:42:30,858 INFO  - No more hops in DENM message (at simulation time 16.000,800,000 s)
2024-06-03 19:42:30,859 INFO  - Recieve a message from other vehicle (at simulation time 16.000,900,000 s)
2024-06-03 19:42:30,859 INFO  - Recending a message from other vehicle (at simulation time 16.000,900,000 s)
2024-06-03 19:42:30,862 INFO  - Recieve a message from other vehicle (at simulation time 16.001,400,000 s)
2024-06-03 19:42:30,862 INFO  - DENM message Recived from veh_2 -info : piso-molhado (at simulation time 16.001,400,000 s)
2024-06-03 19:42:30,862 INFO  - I slow down due to road state (at simulation time 16.001,400,000 s)
2024-06-03 19:42:30,862 INFO  - No more hops in DENM message (at simulation time 16.001,400,000 s)
2024-06-03 19:42:30,864 INFO  - Recieve a message from other vehicle (at simulation time 16.001,800,000 s)
2024-06-03 19:42:30,864 INFO  - DENM message Recived from veh_2 -info : piso-molhado (at simulation time 16.001,800,000 s)
2024-06-03 19:42:30,864 INFO  - I slow down due to road state (at simulation time 16.001,800,000 s)
2024-06-03 19:42:30,864 INFO  - No more hops in DENM message (at simulation time 16.001,800,000 s)
2024-06-03 19:42:30,864 INFO  - Recieve a message from other vehicle (at simulation time 16.001,800,000 s)
2024-06-03 19:42:30,864 INFO  - I'm in better position but no more hops in message (at simulation time 16.001,800,000 s)
2024-06-03 19:42:30,865 INFO  - Recieve a message from other vehicle (at simulation time 16.001,900,000 s)
2024-06-03 19:42:30,865 INFO  - I'm in better position but no more hops in message (at simulation time 16.001,900,000 s)
2024-06-03 19:42:30,865 INFO  - Recieve a message from other vehicle (at simulation time 16.001,900,000 s)
2024-06-03 19:42:30,865 INFO  - I'm in better position but no more hops in message (at simulation time 16.001,900,000 s)
2024-06-03 19:42:30,866 INFO  - Recieve a message from other vehicle (at simulation time 16.001,900,000 s)
2024-06-03 19:42:30,866 INFO  - I'm in better position but no more hops in message (at simulation time 16.001,900,000 s)
2024-06-03 19:42:30,866 INFO  - Recieve a message from other vehicle (at simulation time 16.002,300,000 s)
2024-06-03 19:42:30,866 INFO  - My position is not better! (at simulation time 16.002,300,000 s)
2024-06-03 19:42:30,867 INFO  - Recieve a message from other vehicle (at simulation time 16.002,400,000 s)
2024-06-03 19:42:30,867 INFO  - My position is not better! (at simulation time 16.002,400,000 s)
2024-06-03 19:42:30,867 INFO  - Recieve a message from other vehicle (at simulation time 16.002,400,000 s)
2024-06-03 19:42:30,867 INFO  - I'm in better position but no more hops in message (at simulation time 16.002,400,000 s)
2024-06-03 19:42:30,868 INFO  - Recieve a message from other vehicle (at simulation time 16.003,300,000 s)
2024-06-03 19:42:30,868 INFO  - My position is not better! (at simulation time 16.003,300,000 s)
2024-06-03 19:42:31,098 INFO  - Called #onVehicleUpdated (at simulation time 17.000,000,000 s)
2024-06-03 19:42:31,098 INFO  - Sending out AdHoc broadcast (at simulation time 17.000,000,000 s)
2024-06-03 19:42:31,099 INFO  - Recieve a message from other vehicle (at simulation time 17.000,400,000 s)
2024-06-03 19:42:31,099 INFO  - Recending a message from other vehicle (at simulation time 17.000,400,000 s)
2024-06-03 19:42:31,100 INFO  - Recieve a message from other vehicle (at simulation time 17.000,400,000 s)
2024-06-03 19:42:31,100 INFO  - Recending a message from other vehicle (at simulation time 17.000,400,000 s)
2024-06-03 19:42:31,100 INFO  - Recieve a message from other vehicle (at simulation time 17.000,400,000 s)
2024-06-03 19:42:31,100 INFO  - I'm in better position but no more hops in message (at simulation time 17.000,400,000 s)
2024-06-03 19:42:31,101 INFO  - Recieve a message from other vehicle (at simulation time 17.000,800,000 s)
2024-06-03 19:42:31,101 INFO  - I'm in better position but no more hops in message (at simulation time 17.000,800,000 s)
2024-06-03 19:42:31,101 INFO  - Recieve a message from other vehicle (at simulation time 17.000,900,000 s)
2024-06-03 19:42:31,101 INFO  - I'm in better position but no more hops in message (at simulation time 17.000,900,000 s)
2024-06-03 19:42:31,101 INFO  - Recieve a message from other vehicle (at simulation time 17.000,900,000 s)
2024-06-03 19:42:31,101 INFO  - I'm in better position but no more hops in message (at simulation time 17.000,900,000 s)
2024-06-03 19:42:31,101 INFO  - Recieve a message from other vehicle (at simulation time 17.000,900,000 s)
2024-06-03 19:42:31,101 INFO  - I'm in better position but no more hops in message (at simulation time 17.000,900,000 s)
2024-06-03 19:42:31,101 INFO  - Recieve a message from other vehicle (at simulation time 17.001,300,000 s)
2024-06-03 19:42:31,101 INFO  - I'm in better position but no more hops in message (at simulation time 17.001,300,000 s)
2024-06-03 19:42:31,101 INFO  - Recieve a message from other vehicle (at simulation time 17.001,300,000 s)
2024-06-03 19:42:31,101 INFO  - I'm in better position but no more hops in message (at simulation time 17.001,300,000 s)
2024-06-03 19:42:31,102 INFO  - Recieve a message from other vehicle (at simulation time 17.001,400,000 s)
2024-06-03 19:42:31,102 INFO  - I'm in better position but no more hops in message (at simulation time 17.001,400,000 s)
2024-06-03 19:42:31,102 INFO  - Recieve a message from other vehicle (at simulation time 17.001,900,000 s)
2024-06-03 19:42:31,102 INFO  - I'm in better position but no more hops in message (at simulation time 17.001,900,000 s)
2024-06-03 19:42:31,103 INFO  - Recieve a message from other vehicle (at simulation time 17.002,400,000 s)
2024-06-03 19:42:31,103 INFO  - I'm in better position but no more hops in message (at simulation time 17.002,400,000 s)
2024-06-03 19:42:31,103 INFO  - Recieve a message from other vehicle (at simulation time 17.002,400,000 s)
2024-06-03 19:42:31,103 INFO  - I'm in better position but no more hops in message (at simulation time 17.002,400,000 s)
2024-06-03 19:42:31,349 INFO  - Called #onVehicleUpdated (at simulation time 18.000,000,000 s)
2024-06-03 19:42:31,349 INFO  - Sending out AdHoc broadcast (at simulation time 18.000,000,000 s)
2024-06-03 19:42:31,350 INFO  - Sending out AdHoc broadcast (at simulation time 18.000,000,000 s)
2024-06-03 19:42:31,352 INFO  - Recieve a message from other vehicle (at simulation time 18.000,800,000 s)
2024-06-03 19:42:31,352 INFO  - I'm in better position but no more hops in message (at simulation time 18.000,800,000 s)
2024-06-03 19:42:31,352 INFO  - Recieve a message from other vehicle (at simulation time 18.000,900,000 s)
2024-06-03 19:42:31,352 INFO  - I'm in better position but no more hops in message (at simulation time 18.000,900,000 s)
2024-06-03 19:42:31,354 INFO  - Recieve a message from other vehicle (at simulation time 18.001,800,000 s)
2024-06-03 19:42:31,354 INFO  - I'm in better position but no more hops in message (at simulation time 18.001,800,000 s)
2024-06-03 19:42:31,355 INFO  - Recieve a message from other vehicle (at simulation time 18.001,900,000 s)
2024-06-03 19:42:31,355 INFO  - I'm in better position but no more hops in message (at simulation time 18.001,900,000 s)
2024-06-03 19:42:31,355 INFO  - Recieve a message from other vehicle (at simulation time 18.002,300,000 s)
2024-06-03 19:42:31,355 INFO  - I'm in better position but no more hops in message (at simulation time 18.002,300,000 s)
2024-06-03 19:42:31,355 INFO  - Recieve a message from other vehicle (at simulation time 18.002,400,000 s)
2024-06-03 19:42:31,355 INFO  - I'm in better position but no more hops in message (at simulation time 18.002,400,000 s)
2024-06-03 19:42:31,355 INFO  - Recieve a message from other vehicle (at simulation time 18.002,400,000 s)
2024-06-03 19:42:31,355 INFO  - I'm in better position but no more hops in message (at simulation time 18.002,400,000 s)
2024-06-03 19:42:31,355 INFO  - Recieve a message from other vehicle (at simulation time 18.002,400,000 s)
2024-06-03 19:42:31,356 INFO  - Recending a message from other vehicle (at simulation time 18.002,400,000 s)
2024-06-03 19:42:31,357 INFO  - Recieve a message from other vehicle (at simulation time 18.003,300,000 s)
2024-06-03 19:42:31,357 INFO  - I'm in better position but no more hops in message (at simulation time 18.003,300,000 s)
2024-06-03 19:42:31,600 INFO  - Called #onVehicleUpdated (at simulation time 19.000,000,000 s)
2024-06-03 19:42:31,600 INFO  - Sending out AdHoc broadcast (at simulation time 19.000,000,000 s)
2024-06-03 19:42:31,603 INFO  - Recieve a message from other vehicle (at simulation time 19.000,900,000 s)
2024-06-03 19:42:31,604 INFO  - I'm in better position but no more hops in message (at simulation time 19.000,900,000 s)
2024-06-03 19:42:31,604 INFO  - Recieve a message from other vehicle (at simulation time 19.001,400,000 s)
2024-06-03 19:42:31,604 INFO  - I'm in better position but no more hops in message (at simulation time 19.001,400,000 s)
2024-06-03 19:42:31,604 INFO  - Recieve a message from other vehicle (at simulation time 19.001,400,000 s)
2024-06-03 19:42:31,604 INFO  - I'm in better position but no more hops in message (at simulation time 19.001,400,000 s)
2024-06-03 19:42:31,604 INFO  - Recieve a message from other vehicle (at simulation time 19.001,400,000 s)
2024-06-03 19:42:31,604 INFO  - I'm in better position but no more hops in message (at simulation time 19.001,400,000 s)
2024-06-03 19:42:31,605 INFO  - Recieve a message from other vehicle (at simulation time 19.001,800,000 s)
2024-06-03 19:42:31,605 INFO  - I'm in better position but no more hops in message (at simulation time 19.001,800,000 s)
2024-06-03 19:42:31,605 INFO  - Recieve a message from other vehicle (at simulation time 19.001,900,000 s)
2024-06-03 19:42:31,605 INFO  - I'm in better position but no more hops in message (at simulation time 19.001,900,000 s)
2024-06-03 19:42:31,605 INFO  - Recieve a message from other vehicle (at simulation time 19.001,900,000 s)
2024-06-03 19:42:31,605 INFO  - I'm in better position but no more hops in message (at simulation time 19.001,900,000 s)
2024-06-03 19:42:31,606 INFO  - Recieve a message from other vehicle (at simulation time 19.002,300,000 s)
2024-06-03 19:42:31,606 INFO  - My position is not better! (at simulation time 19.002,300,000 s)
2024-06-03 19:42:31,853 INFO  - Called #onVehicleUpdated (at simulation time 20.000,000,000 s)
2024-06-03 19:42:31,853 INFO  - Sending out AdHoc broadcast (at simulation time 20.000,000,000 s)
2024-06-03 19:42:31,854 INFO  - Sending out AdHoc broadcast (at simulation time 20.000,000,000 s)
2024-06-03 19:42:31,855 INFO  - Recieve a message from other vehicle (at simulation time 20.000,400,000 s)
2024-06-03 19:42:31,855 INFO  - Recending a message from other vehicle (at simulation time 20.000,400,000 s)
2024-06-03 19:42:31,855 INFO  - Recieve a message from other vehicle (at simulation time 20.000,400,000 s)
2024-06-03 19:42:31,855 INFO  - I'm in better position but no more hops in message (at simulation time 20.000,400,000 s)
2024-06-03 19:42:31,856 INFO  - Recieve a message from other vehicle (at simulation time 20.000,400,000 s)
2024-06-03 19:42:31,856 INFO  - My position is not better! (at simulation time 20.000,400,000 s)
2024-06-03 19:42:31,856 INFO  - Recieve a message from other vehicle (at simulation time 20.000,900,000 s)
2024-06-03 19:42:31,856 INFO  - I'm in better position but no more hops in message (at simulation time 20.000,900,000 s)
2024-06-03 19:42:31,856 INFO  - Recieve a message from other vehicle (at simulation time 20.000,900,000 s)
2024-06-03 19:42:31,856 INFO  - I'm in better position but no more hops in message (at simulation time 20.000,900,000 s)
2024-06-03 19:42:31,857 INFO  - Recieve a message from other vehicle (at simulation time 20.002,300,000 s)
2024-06-03 19:42:31,857 INFO  - My position is not better! (at simulation time 20.002,300,000 s)
2024-06-03 19:42:31,858 INFO  - Recieve a message from other vehicle (at simulation time 20.003,300,000 s)
2024-06-03 19:42:31,858 INFO  - My position is not better! (at simulation time 20.003,300,000 s)
2024-06-03 19:42:32,098 INFO  - Called #onVehicleUpdated (at simulation time 21.000,000,000 s)
2024-06-03 19:42:32,099 INFO  - Sending out AdHoc broadcast (at simulation time 21.000,000,000 s)
2024-06-03 19:42:32,101 INFO  - Recieve a message from other vehicle (at simulation time 21.000,400,000 s)
2024-06-03 19:42:32,101 INFO  - My position is not better! (at simulation time 21.000,400,000 s)
2024-06-03 19:42:32,101 INFO  - Recieve a message from other vehicle (at simulation time 21.000,400,000 s)
2024-06-03 19:42:32,101 INFO  - My position is not better! (at simulation time 21.000,400,000 s)
2024-06-03 19:42:32,101 INFO  - Recieve a message from other vehicle (at simulation time 21.000,400,000 s)
2024-06-03 19:42:32,101 INFO  - Recending a message from other vehicle (at simulation time 21.000,400,000 s)
2024-06-03 19:42:32,101 INFO  - Recieve a message from other vehicle (at simulation time 21.000,900,000 s)
2024-06-03 19:42:32,101 INFO  - My position is not better! (at simulation time 21.000,900,000 s)
2024-06-03 19:42:32,102 INFO  - Recieve a message from other vehicle (at simulation time 21.001,400,000 s)
2024-06-03 19:42:32,102 INFO  - My position is not better! (at simulation time 21.001,400,000 s)
2024-06-03 19:42:32,102 INFO  - Recieve a message from other vehicle (at simulation time 21.001,400,000 s)
2024-06-03 19:42:32,102 INFO  - My position is not better! (at simulation time 21.001,400,000 s)
2024-06-03 19:42:32,103 INFO  - Recieve a message from other vehicle (at simulation time 21.002,800,000 s)
2024-06-03 19:42:32,103 INFO  - My position is not better! (at simulation time 21.002,800,000 s)
2024-06-03 19:42:32,350 INFO  - Called #onVehicleUpdated (at simulation time 22.000,000,000 s)
2024-06-03 19:42:32,350 INFO  - Sending out AdHoc broadcast (at simulation time 22.000,000,000 s)
2024-06-03 19:42:32,351 INFO  - Sending out AdHoc broadcast (at simulation time 22.000,000,000 s)
2024-06-03 19:42:32,352 INFO  - Recieve a message from other vehicle (at simulation time 22.000,400,000 s)
2024-06-03 19:42:32,352 INFO  - My position is not better! (at simulation time 22.000,400,000 s)
2024-06-03 19:42:32,352 INFO  - Recieve a message from other vehicle (at simulation time 22.000,400,000 s)
2024-06-03 19:42:32,352 INFO  - My position is not better! (at simulation time 22.000,400,000 s)
2024-06-03 19:42:32,353 INFO  - Recieve a message from other vehicle (at simulation time 22.001,400,000 s)
2024-06-03 19:42:32,353 INFO  - My position is not better! (at simulation time 22.001,400,000 s)
2024-06-03 19:42:32,353 INFO  - Recieve a message from other vehicle (at simulation time 22.001,400,000 s)
2024-06-03 19:42:32,353 INFO  - My position is not better! (at simulation time 22.001,400,000 s)
2024-06-03 19:42:32,354 INFO  - Recieve a message from other vehicle (at simulation time 22.001,800,000 s)
2024-06-03 19:42:32,354 INFO  - My position is not better! (at simulation time 22.001,800,000 s)
2024-06-03 19:42:32,355 INFO  - Recieve a message from other vehicle (at simulation time 22.002,800,000 s)
2024-06-03 19:42:32,355 INFO  - My position is not better! (at simulation time 22.002,800,000 s)
2024-06-03 19:42:32,355 INFO  - Recieve a message from other vehicle (at simulation time 22.003,300,000 s)
2024-06-03 19:42:32,355 INFO  - I'm in better position but no more hops in message (at simulation time 22.003,300,000 s)
2024-06-03 19:42:32,355 INFO  - Recieve a message from other vehicle (at simulation time 22.004,300,000 s)
2024-06-03 19:42:32,355 INFO  - My position is not better! (at simulation time 22.004,300,000 s)
2024-06-03 19:42:32,600 INFO  - Called #onVehicleUpdated (at simulation time 23.000,000,000 s)
2024-06-03 19:42:32,600 INFO  - Sending out AdHoc broadcast (at simulation time 23.000,000,000 s)
2024-06-03 19:42:32,603 INFO  - Recieve a message from other vehicle (at simulation time 23.000,900,000 s)
2024-06-03 19:42:32,603 INFO  - My position is not better! (at simulation time 23.000,900,000 s)
2024-06-03 19:42:32,603 INFO  - Recieve a message from other vehicle (at simulation time 23.001,400,000 s)
2024-06-03 19:42:32,603 INFO  - My position is not better! (at simulation time 23.001,400,000 s)
2024-06-03 19:42:32,604 INFO  - Recieve a message from other vehicle (at simulation time 23.001,900,000 s)
2024-06-03 19:42:32,604 INFO  - My position is not better! (at simulation time 23.001,900,000 s)
2024-06-03 19:42:32,604 INFO  - Recieve a message from other vehicle (at simulation time 23.002,300,000 s)
2024-06-03 19:42:32,604 INFO  - My position is not better! (at simulation time 23.002,300,000 s)
2024-06-03 19:42:32,605 INFO  - Recieve a message from other vehicle (at simulation time 23.002,400,000 s)
2024-06-03 19:42:32,605 INFO  - My position is not better! (at simulation time 23.002,400,000 s)
2024-06-03 19:42:32,605 INFO  - Recieve a message from other vehicle (at simulation time 23.002,400,000 s)
2024-06-03 19:42:32,605 INFO  - My position is not better! (at simulation time 23.002,400,000 s)
2024-06-03 19:42:32,605 INFO  - Recieve a message from other vehicle (at simulation time 23.002,800,000 s)
2024-06-03 19:42:32,605 INFO  - My position is not better! (at simulation time 23.002,800,000 s)
2024-06-03 19:42:32,605 INFO  - Recieve a message from other vehicle (at simulation time 23.003,300,000 s)
2024-06-03 19:42:32,605 INFO  - My position is not better! (at simulation time 23.003,300,000 s)
2024-06-03 19:42:32,605 INFO  - Recieve a message from other vehicle (at simulation time 23.003,300,000 s)
2024-06-03 19:42:32,605 INFO  - My position is not better! (at simulation time 23.003,300,000 s)
2024-06-03 19:42:32,606 INFO  - Recieve a message from other vehicle (at simulation time 23.004,300,000 s)
2024-06-03 19:42:32,606 INFO  - My position is not better! (at simulation time 23.004,300,000 s)
2024-06-03 19:42:32,849 INFO  - Called #onVehicleUpdated (at simulation time 24.000,000,000 s)
2024-06-03 19:42:32,849 INFO  - Sending out AdHoc broadcast (at simulation time 24.000,000,000 s)
2024-06-03 19:42:32,850 INFO  - Sending out AdHoc broadcast (at simulation time 24.000,000,000 s)
2024-06-03 19:42:32,851 INFO  - Recieve a message from other vehicle (at simulation time 24.001,400,000 s)
2024-06-03 19:42:32,851 INFO  - My position is not better! (at simulation time 24.001,400,000 s)
2024-06-03 19:42:32,852 INFO  - Recieve a message from other vehicle (at simulation time 24.001,800,000 s)
2024-06-03 19:42:32,852 INFO  - My position is not better! (at simulation time 24.001,800,000 s)
2024-06-03 19:42:32,852 INFO  - Recieve a message from other vehicle (at simulation time 24.001,900,000 s)
2024-06-03 19:42:32,852 INFO  - My position is not better! (at simulation time 24.001,900,000 s)
2024-06-03 19:42:32,852 INFO  - Recieve a message from other vehicle (at simulation time 24.002,300,000 s)
2024-06-03 19:42:32,852 INFO  - My position is not better! (at simulation time 24.002,300,000 s)
2024-06-03 19:42:32,853 INFO  - Recieve a message from other vehicle (at simulation time 24.002,400,000 s)
2024-06-03 19:42:32,853 INFO  - My position is not better! (at simulation time 24.002,400,000 s)
2024-06-03 19:42:32,853 INFO  - Recieve a message from other vehicle (at simulation time 24.003,800,000 s)
2024-06-03 19:42:32,853 INFO  - My position is not better! (at simulation time 24.003,800,000 s)
2024-06-03 19:42:33,099 INFO  - Called #onVehicleUpdated (at simulation time 25.000,000,000 s)
2024-06-03 19:42:33,099 INFO  - Sending out AdHoc broadcast (at simulation time 25.000,000,000 s)
2024-06-03 19:42:33,350 INFO  - Called #onVehicleUpdated (at simulation time 26.000,000,000 s)
2024-06-03 19:42:33,350 INFO  - Sending out AdHoc broadcast (at simulation time 26.000,000,000 s)
2024-06-03 19:42:33,351 INFO  - Sending out AdHoc broadcast (at simulation time 26.000,000,000 s)
2024-06-03 19:42:33,600 INFO  - Called #onVehicleUpdated (at simulation time 27.000,000,000 s)
2024-06-03 19:42:33,600 INFO  - Sending out AdHoc broadcast (at simulation time 27.000,000,000 s)
2024-06-03 19:42:33,850 INFO  - Called #onVehicleUpdated (at simulation time 28.000,000,000 s)
2024-06-03 19:42:33,850 INFO  - Exced velocity! Sending new CAM (at simulation time 28.000,000,000 s)
2024-06-03 19:42:33,850 INFO  - Sending out AdHoc broadcast (at simulation time 28.000,000,000 s)
2024-06-03 19:42:33,850 INFO  - Sending out AdHoc broadcast (at simulation time 28.000,000,000 s)
2024-06-03 19:42:33,851 INFO  - Sending out AdHoc broadcast (at simulation time 28.000,000,000 s)
2024-06-03 19:42:34,099 INFO  - Called #onVehicleUpdated (at simulation time 29.000,000,000 s)
2024-06-03 19:42:34,099 INFO  - Exced velocity! Sending new CAM (at simulation time 29.000,000,000 s)
2024-06-03 19:42:34,100 INFO  - Sending out AdHoc broadcast (at simulation time 29.000,000,000 s)
2024-06-03 19:42:34,100 INFO  - Sending out AdHoc broadcast (at simulation time 29.000,000,000 s)
2024-06-03 19:42:34,352 INFO  - Shutdown (at simulation time 30.000,000,000 s)
