2024-06-03 19:42:46,360 INFO  - Initialize Vehicle application (at simulation time 78.000,000,000 s)
2024-06-03 19:42:46,362 INFO  - Activated WLAN Module (at simulation time 78.000,000,000 s)
2024-06-03 19:42:46,365 INFO  - Called #onVehicleUpdated (at simulation time 78.000,000,000 s)
2024-06-03 19:42:46,365 INFO  - Exced velocity! Sending new CAM (at simulation time 78.000,000,000 s)
2024-06-03 19:42:46,365 INFO  - Sending out AdHoc broadcast (at simulation time 78.000,000,000 s)
2024-06-03 19:42:46,608 INFO  - Called #onVehicleUpdated (at simulation time 79.000,000,000 s)
2024-06-03 19:42:46,608 INFO  - Exced velocity! Sending new CAM (at simulation time 79.000,000,000 s)
2024-06-03 19:42:46,608 INFO  - Sending out AdHoc broadcast (at simulation time 79.000,000,000 s)
2024-06-03 19:42:46,608 INFO  - Define the name: veh_15 and route: r_4 (at simulation time 79.000,000,000 s)
2024-06-03 19:42:46,608 INFO  - Sending out AdHoc broadcast (at simulation time 79.000,000,000 s)
2024-06-03 19:42:46,856 INFO  - Called #onVehicleUpdated (at simulation time 80.000,000,000 s)
2024-06-03 19:42:46,856 INFO  - Exced velocity! Sending new CAM (at simulation time 80.000,000,000 s)
2024-06-03 19:42:46,856 INFO  - Sending out AdHoc broadcast (at simulation time 80.000,000,000 s)
2024-06-03 19:42:46,856 INFO  - Sending out AdHoc broadcast (at simulation time 80.000,000,000 s)
2024-06-03 19:42:46,857 INFO  - Recieve a message from other vehicle (at simulation time 80.000,900,000 s)
2024-06-03 19:42:46,857 INFO  - Recending a message from other vehicle (at simulation time 80.000,900,000 s)
2024-06-03 19:42:47,103 INFO  - Called #onVehicleUpdated (at simulation time 81.000,000,000 s)
2024-06-03 19:42:47,103 INFO  - Exced velocity! Sending new CAM (at simulation time 81.000,000,000 s)
2024-06-03 19:42:47,103 INFO  - Sending out AdHoc broadcast (at simulation time 81.000,000,000 s)
2024-06-03 19:42:47,103 INFO  - Sending out AdHoc broadcast (at simulation time 81.000,000,000 s)
2024-06-03 19:42:47,103 INFO  - Sending out AdHoc broadcast (at simulation time 81.000,000,000 s)
2024-06-03 19:42:47,354 INFO  - Called #onVehicleUpdated (at simulation time 82.000,000,000 s)
2024-06-03 19:42:47,355 INFO  - Sending out AdHoc broadcast (at simulation time 82.000,000,000 s)
2024-06-03 19:42:47,355 INFO  - Sending out AdHoc broadcast (at simulation time 82.000,000,000 s)
2024-06-03 19:42:47,355 INFO  - Recieve a message from other vehicle (at simulation time 82.000,900,000 s)
2024-06-03 19:42:47,355 INFO  - Recending a message from other vehicle (at simulation time 82.000,900,000 s)
