2024-06-03 19:48:59,603 INFO  - Initialize Vehicle application (at simulation time 42.000,000,000 s)
2024-06-03 19:48:59,604 INFO  - Activated WLAN Module (at simulation time 42.000,000,000 s)
2024-06-03 19:48:59,606 INFO  - Called #onVehicleUpdated (at simulation time 42.000,000,000 s)
2024-06-03 19:48:59,606 INFO  - Exced velocity! Sending new CAM (at simulation time 42.000,000,000 s)
2024-06-03 19:48:59,606 INFO  - Sending out AdHoc broadcast (at simulation time 42.000,000,000 s)
2024-06-03 19:48:59,853 INFO  - Called #onVehicleUpdated (at simulation time 43.000,000,000 s)
2024-06-03 19:48:59,853 INFO  - Exced velocity! Sending new CAM (at simulation time 43.000,000,000 s)
2024-06-03 19:48:59,853 INFO  - Sending out AdHoc broadcast (at simulation time 43.000,000,000 s)
2024-06-03 19:48:59,853 INFO  - Define the name: veh_9 and route: r_4 (at simulation time 43.000,000,000 s)
2024-06-03 19:48:59,853 INFO  - Sending out AdHoc broadcast (at simulation time 43.000,000,000 s)
2024-06-03 19:49:00,097 INFO  - Called #onVehicleUpdated (at simulation time 44.000,000,000 s)
2024-06-03 19:49:00,097 INFO  - Exced velocity! Sending new CAM (at simulation time 44.000,000,000 s)
2024-06-03 19:49:00,097 INFO  - Sending out AdHoc broadcast (at simulation time 44.000,000,000 s)
2024-06-03 19:49:00,098 INFO  - Sending out AdHoc broadcast (at simulation time 44.000,000,000 s)
2024-06-03 19:49:00,099 INFO  - Recieve a message from other vehicle (at simulation time 44.001,900,000 s)
2024-06-03 19:49:00,099 INFO  - Recending a message from other vehicle (at simulation time 44.001,900,000 s)
2024-06-03 19:49:00,349 INFO  - Called #onVehicleUpdated (at simulation time 45.000,000,000 s)
2024-06-03 19:49:00,349 INFO  - Exced velocity! Sending new CAM (at simulation time 45.000,000,000 s)
2024-06-03 19:49:00,349 INFO  - Sending out AdHoc broadcast (at simulation time 45.000,000,000 s)
2024-06-03 19:49:00,349 INFO  - Sending out AdHoc broadcast (at simulation time 45.000,000,000 s)
2024-06-03 19:49:00,350 INFO  - Sending out AdHoc broadcast (at simulation time 45.000,000,000 s)
2024-06-03 19:49:00,351 INFO  - Recieve a message from other vehicle (at simulation time 45.001,900,000 s)
2024-06-03 19:49:00,351 INFO  - Recending a message from other vehicle (at simulation time 45.001,900,000 s)
2024-06-03 19:49:00,598 INFO  - Called #onVehicleUpdated (at simulation time 46.000,000,000 s)
2024-06-03 19:49:00,598 INFO  - Exced velocity! Sending new CAM (at simulation time 46.000,000,000 s)
2024-06-03 19:49:00,598 INFO  - Sending out AdHoc broadcast (at simulation time 46.000,000,000 s)
2024-06-03 19:49:00,598 INFO  - Sending out AdHoc broadcast (at simulation time 46.000,000,000 s)
2024-06-03 19:49:00,598 INFO  - Sending out AdHoc broadcast (at simulation time 46.000,000,000 s)
2024-06-03 19:49:00,600 INFO  - Recieve a message from other vehicle (at simulation time 46.000,400,000 s)
2024-06-03 19:49:00,600 INFO  - Recending a message from other vehicle (at simulation time 46.000,400,000 s)
2024-06-03 19:49:00,855 INFO  - Called #onVehicleUpdated (at simulation time 47.000,000,000 s)
2024-06-03 19:49:00,855 INFO  - Exced velocity! Sending new CAM (at simulation time 47.000,000,000 s)
2024-06-03 19:49:00,855 INFO  - Sending out AdHoc broadcast (at simulation time 47.000,000,000 s)
2024-06-03 19:49:00,855 INFO  - Sending out AdHoc broadcast (at simulation time 47.000,000,000 s)
2024-06-03 19:49:00,856 INFO  - Sending out AdHoc broadcast (at simulation time 47.000,000,000 s)
2024-06-03 19:49:00,856 INFO  - Sending out AdHoc broadcast (at simulation time 47.000,000,000 s)
2024-06-03 19:49:00,858 INFO  - Recieve a message from other vehicle (at simulation time 47.000,900,000 s)
2024-06-03 19:49:00,858 INFO  - Recending a message from other vehicle (at simulation time 47.000,900,000 s)
2024-06-03 19:49:01,099 INFO  - Called #onVehicleUpdated (at simulation time 48.000,000,000 s)
2024-06-03 19:49:01,099 INFO  - Sending out AdHoc broadcast (at simulation time 48.000,000,000 s)
2024-06-03 19:49:01,099 INFO  - Sending out AdHoc broadcast (at simulation time 48.000,000,000 s)
2024-06-03 19:49:01,100 INFO  - Sending out AdHoc broadcast (at simulation time 48.000,000,000 s)
2024-06-03 19:49:01,102 INFO  - Recieve a message from other vehicle (at simulation time 48.000,400,000 s)
2024-06-03 19:49:01,102 INFO  - Recending a message from other vehicle (at simulation time 48.000,400,000 s)
2024-06-03 19:49:01,103 INFO  - Recieve a message from other vehicle (at simulation time 48.000,900,000 s)
2024-06-03 19:49:01,103 INFO  - Recending a message from other vehicle (at simulation time 48.000,900,000 s)
2024-06-03 19:49:01,103 INFO  - Recieve a message from other vehicle (at simulation time 48.000,900,000 s)
2024-06-03 19:49:01,103 INFO  - Recending a message from other vehicle (at simulation time 48.000,900,000 s)
2024-06-03 19:49:01,103 INFO  - Recieve a message from other vehicle (at simulation time 48.000,900,000 s)
2024-06-03 19:49:01,103 INFO  - Recending a message from other vehicle (at simulation time 48.000,900,000 s)
2024-06-03 19:49:01,105 INFO  - Recieve a message from other vehicle (at simulation time 48.002,400,000 s)
2024-06-03 19:49:01,105 INFO  - Recending a message from other vehicle (at simulation time 48.002,400,000 s)
2024-06-03 19:49:01,349 INFO  - Called #onVehicleUpdated (at simulation time 49.000,000,000 s)
2024-06-03 19:49:01,350 INFO  - Sending out AdHoc broadcast (at simulation time 49.000,000,000 s)
2024-06-03 19:49:01,350 INFO  - Sending out AdHoc broadcast (at simulation time 49.000,000,000 s)
2024-06-03 19:49:01,350 INFO  - Sending out AdHoc broadcast (at simulation time 49.000,000,000 s)
2024-06-03 19:49:01,351 INFO  - Sending out AdHoc broadcast (at simulation time 49.000,000,000 s)
2024-06-03 19:49:01,353 INFO  - Recieve a message from other vehicle (at simulation time 49.000,400,000 s)
2024-06-03 19:49:01,353 INFO  - Recending a message from other vehicle (at simulation time 49.000,400,000 s)
2024-06-03 19:49:01,353 INFO  - Recieve a message from other vehicle (at simulation time 49.000,400,000 s)
2024-06-03 19:49:01,353 INFO  - Recending a message from other vehicle (at simulation time 49.000,400,000 s)
2024-06-03 19:49:01,353 INFO  - Recieve a message from other vehicle (at simulation time 49.000,900,000 s)
2024-06-03 19:49:01,353 INFO  - Recending a message from other vehicle (at simulation time 49.000,900,000 s)
2024-06-03 19:49:01,353 INFO  - Recieve a message from other vehicle (at simulation time 49.000,900,000 s)
2024-06-03 19:49:01,353 INFO  - Recending a message from other vehicle (at simulation time 49.000,900,000 s)
2024-06-03 19:49:01,354 INFO  - Recieve a message from other vehicle (at simulation time 49.000,900,000 s)
2024-06-03 19:49:01,354 INFO  - I'm in better position but no more hops in message (at simulation time 49.000,900,000 s)
2024-06-03 19:49:01,354 INFO  - Recieve a message from other vehicle (at simulation time 49.000,900,000 s)
2024-06-03 19:49:01,354 INFO  - Recending a message from other vehicle (at simulation time 49.000,900,000 s)
2024-06-03 19:49:01,355 INFO  - Recieve a message from other vehicle (at simulation time 49.001,400,000 s)
2024-06-03 19:49:01,355 INFO  - Recending a message from other vehicle (at simulation time 49.001,400,000 s)
2024-06-03 19:49:01,357 INFO  - Recieve a message from other vehicle (at simulation time 49.002,300,000 s)
2024-06-03 19:49:01,357 INFO  - I'm in better position but no more hops in message (at simulation time 49.002,300,000 s)
2024-06-03 19:49:01,358 INFO  - Recieve a message from other vehicle (at simulation time 49.002,400,000 s)
2024-06-03 19:49:01,358 INFO  - Recending a message from other vehicle (at simulation time 49.002,400,000 s)
2024-06-03 19:49:01,358 INFO  - Recieve a message from other vehicle (at simulation time 49.002,400,000 s)
2024-06-03 19:49:01,358 INFO  - I'm in better position but no more hops in message (at simulation time 49.002,400,000 s)
2024-06-03 19:49:01,358 INFO  - Recieve a message from other vehicle (at simulation time 49.002,400,000 s)
2024-06-03 19:49:01,358 INFO  - Recending a message from other vehicle (at simulation time 49.002,400,000 s)
2024-06-03 19:49:01,360 INFO  - Recieve a message from other vehicle (at simulation time 49.003,300,000 s)
2024-06-03 19:49:01,360 INFO  - I'm in better position but no more hops in message (at simulation time 49.003,300,000 s)
2024-06-03 19:49:01,600 INFO  - Called #onVehicleUpdated (at simulation time 50.000,000,000 s)
2024-06-03 19:49:01,601 INFO  - Sending out AdHoc broadcast (at simulation time 50.000,000,000 s)
2024-06-03 19:49:01,601 INFO  - Sending out AdHoc broadcast (at simulation time 50.000,000,000 s)
2024-06-03 19:49:01,601 INFO  - Sending out AdHoc broadcast (at simulation time 50.000,000,000 s)
2024-06-03 19:49:01,603 INFO  - Recieve a message from other vehicle (at simulation time 50.000,400,000 s)
2024-06-03 19:49:01,603 INFO  - Recending a message from other vehicle (at simulation time 50.000,400,000 s)
2024-06-03 19:49:01,603 INFO  - Recieve a message from other vehicle (at simulation time 50.000,400,000 s)
2024-06-03 19:49:01,603 INFO  - Recending a message from other vehicle (at simulation time 50.000,400,000 s)
2024-06-03 19:49:01,604 INFO  - Recieve a message from other vehicle (at simulation time 50.000,900,000 s)
2024-06-03 19:49:01,604 INFO  - Recending a message from other vehicle (at simulation time 50.000,900,000 s)
2024-06-03 19:49:01,605 INFO  - Recieve a message from other vehicle (at simulation time 50.001,400,000 s)
2024-06-03 19:49:01,605 INFO  - Recending a message from other vehicle (at simulation time 50.001,400,000 s)
2024-06-03 19:49:01,605 INFO  - Recieve a message from other vehicle (at simulation time 50.001,400,000 s)
2024-06-03 19:49:01,605 INFO  - Recending a message from other vehicle (at simulation time 50.001,400,000 s)
2024-06-03 19:49:01,605 INFO  - Recieve a message from other vehicle (at simulation time 50.001,400,000 s)
2024-06-03 19:49:01,605 INFO  - Recending a message from other vehicle (at simulation time 50.001,400,000 s)
2024-06-03 19:49:01,606 INFO  - Recieve a message from other vehicle (at simulation time 50.001,800,000 s)
2024-06-03 19:49:01,606 INFO  - I'm in better position but no more hops in message (at simulation time 50.001,800,000 s)
2024-06-03 19:49:01,606 INFO  - Recieve a message from other vehicle (at simulation time 50.001,900,000 s)
2024-06-03 19:49:01,606 INFO  - Recending a message from other vehicle (at simulation time 50.001,900,000 s)
2024-06-03 19:49:01,606 INFO  - Recieve a message from other vehicle (at simulation time 50.001,900,000 s)
2024-06-03 19:49:01,606 INFO  - Recending a message from other vehicle (at simulation time 50.001,900,000 s)
2024-06-03 19:49:01,606 INFO  - Recieve a message from other vehicle (at simulation time 50.001,900,000 s)
2024-06-03 19:49:01,606 INFO  - I'm in better position but no more hops in message (at simulation time 50.001,900,000 s)
2024-06-03 19:49:01,607 INFO  - Recieve a message from other vehicle (at simulation time 50.002,400,000 s)
2024-06-03 19:49:01,607 INFO  - I'm in better position but no more hops in message (at simulation time 50.002,400,000 s)
2024-06-03 19:49:01,607 INFO  - Recieve a message from other vehicle (at simulation time 50.002,800,000 s)
2024-06-03 19:49:01,607 INFO  - I'm in better position but no more hops in message (at simulation time 50.002,800,000 s)
2024-06-03 19:49:01,849 INFO  - Called #onVehicleUpdated (at simulation time 51.000,000,000 s)
2024-06-03 19:49:01,849 INFO  - Sending out DENM broadcast (at simulation time 51.000,000,000 s)
2024-06-03 19:49:01,849 INFO  - Sending out AdHoc broadcast (at simulation time 51.000,000,000 s)
2024-06-03 19:49:01,850 INFO  - Sending out AdHoc broadcast (at simulation time 51.000,000,000 s)
2024-06-03 19:49:01,850 INFO  - Sending out AdHoc broadcast (at simulation time 51.000,000,000 s)
2024-06-03 19:49:01,850 INFO  - Sending out AdHoc broadcast (at simulation time 51.000,000,000 s)
2024-06-03 19:49:01,852 INFO  - Recieve a message from other vehicle (at simulation time 51.000,400,000 s)
2024-06-03 19:49:01,852 INFO  - My position is not better! (at simulation time 51.000,400,000 s)
2024-06-03 19:49:01,853 INFO  - Recieve a message from other vehicle (at simulation time 51.000,400,000 s)
2024-06-03 19:49:01,853 INFO  - My position is not better! (at simulation time 51.000,400,000 s)
2024-06-03 19:49:01,854 INFO  - Recieve a message from other vehicle (at simulation time 51.000,900,000 s)
2024-06-03 19:49:01,854 INFO  - DENM message Recived from veh_6 -info : seco (at simulation time 51.000,900,000 s)
2024-06-03 19:49:01,854 INFO  - Recending a DENM message from other vehicle (at simulation time 51.000,900,000 s)
2024-06-03 19:49:01,854 INFO  - Recieve a message from other vehicle (at simulation time 51.000,900,000 s)
2024-06-03 19:49:01,854 INFO  - My position is not better! (at simulation time 51.000,900,000 s)
2024-06-03 19:49:01,855 INFO  - Recieve a message from other vehicle (at simulation time 51.001,400,000 s)
2024-06-03 19:49:01,855 INFO  - DENM message Recived from veh_11 -info : seco (at simulation time 51.001,400,000 s)
2024-06-03 19:49:01,855 INFO  - No more hops in DENM message (at simulation time 51.001,400,000 s)
2024-06-03 19:49:01,856 INFO  - Recieve a message from other vehicle (at simulation time 51.001,400,000 s)
2024-06-03 19:49:01,856 INFO  - My position is not better! (at simulation time 51.001,400,000 s)
2024-06-03 19:49:01,856 INFO  - Recieve a message from other vehicle (at simulation time 51.001,800,000 s)
2024-06-03 19:49:01,856 INFO  - DENM message Recived from veh_7 -info : seco (at simulation time 51.001,800,000 s)
2024-06-03 19:49:01,856 INFO  - No more hops in DENM message (at simulation time 51.001,800,000 s)
2024-06-03 19:49:01,856 INFO  - Recieve a message from other vehicle (at simulation time 51.001,800,000 s)
2024-06-03 19:49:01,856 INFO  - I'm in better position but no more hops in message (at simulation time 51.001,800,000 s)
2024-06-03 19:49:01,857 INFO  - Recieve a message from other vehicle (at simulation time 51.001,900,000 s)
2024-06-03 19:49:01,857 INFO  - My position is not better! (at simulation time 51.001,900,000 s)
2024-06-03 19:49:01,858 INFO  - Recieve a message from other vehicle (at simulation time 51.001,900,000 s)
2024-06-03 19:49:01,858 INFO  - My position is not better! (at simulation time 51.001,900,000 s)
2024-06-03 19:49:01,858 INFO  - Recieve a message from other vehicle (at simulation time 51.002,300,000 s)
2024-06-03 19:49:01,858 INFO  - DENM message Recived from veh_9 -info : nevoeiro (at simulation time 51.002,300,000 s)
2024-06-03 19:49:01,858 INFO  - No more hops in DENM message (at simulation time 51.002,300,000 s)
2024-06-03 19:49:01,858 INFO  - Recieve a message from other vehicle (at simulation time 51.002,300,000 s)
2024-06-03 19:49:01,858 INFO  - DENM message Recived from veh_11 -info : seco (at simulation time 51.002,300,000 s)
2024-06-03 19:49:01,858 INFO  - No more hops in DENM message (at simulation time 51.002,300,000 s)
2024-06-03 19:49:01,858 INFO  - Recieve a message from other vehicle (at simulation time 51.002,300,000 s)
2024-06-03 19:49:01,858 INFO  - My position is not better! (at simulation time 51.002,300,000 s)
2024-06-03 19:49:01,858 INFO  - Recieve a message from other vehicle (at simulation time 51.002,300,000 s)
2024-06-03 19:49:01,858 INFO  - My position is not better! (at simulation time 51.002,300,000 s)
2024-06-03 19:49:01,859 INFO  - Recieve a message from other vehicle (at simulation time 51.002,400,000 s)
2024-06-03 19:49:01,859 INFO  - DENM message Recived from veh_7 -info : seco (at simulation time 51.002,400,000 s)
2024-06-03 19:49:01,859 INFO  - No more hops in DENM message (at simulation time 51.002,400,000 s)
2024-06-03 19:49:01,859 INFO  - Recieve a message from other vehicle (at simulation time 51.002,400,000 s)
2024-06-03 19:49:01,859 INFO  - My position is not better! (at simulation time 51.002,400,000 s)
2024-06-03 19:49:01,859 INFO  - Recieve a message from other vehicle (at simulation time 51.002,400,000 s)
2024-06-03 19:49:01,859 INFO  - I'm in better position but no more hops in message (at simulation time 51.002,400,000 s)
2024-06-03 19:49:01,859 INFO  - Recieve a message from other vehicle (at simulation time 51.002,400,000 s)
2024-06-03 19:49:01,859 INFO  - My position is not better! (at simulation time 51.002,400,000 s)
2024-06-03 19:49:01,859 INFO  - Recieve a message from other vehicle (at simulation time 51.002,400,000 s)
2024-06-03 19:49:01,859 INFO  - My position is not better! (at simulation time 51.002,400,000 s)
2024-06-03 19:49:01,860 INFO  - Recieve a message from other vehicle (at simulation time 51.002,800,000 s)
2024-06-03 19:49:01,860 INFO  - My position is not better! (at simulation time 51.002,800,000 s)
2024-06-03 19:49:01,860 INFO  - Recieve a message from other vehicle (at simulation time 51.002,800,000 s)
2024-06-03 19:49:01,860 INFO  - My position is not better! (at simulation time 51.002,800,000 s)
2024-06-03 19:49:02,099 INFO  - Called #onVehicleUpdated (at simulation time 52.000,000,000 s)
2024-06-03 19:49:02,100 INFO  - Sending out AdHoc broadcast (at simulation time 52.000,000,000 s)
2024-06-03 19:49:02,100 INFO  - Sending out AdHoc broadcast (at simulation time 52.000,000,000 s)
2024-06-03 19:49:02,100 INFO  - Sending out AdHoc broadcast (at simulation time 52.000,000,000 s)
2024-06-03 19:49:02,101 INFO  - Recieve a message from other vehicle (at simulation time 52.000,400,000 s)
2024-06-03 19:49:02,101 INFO  - DENM message Recived from veh_8 -info : seco (at simulation time 52.000,400,000 s)
2024-06-03 19:49:02,101 INFO  - Recending a DENM message from other vehicle (at simulation time 52.000,400,000 s)
2024-06-03 19:49:02,101 INFO  - Recieve a message from other vehicle (at simulation time 52.000,400,000 s)
2024-06-03 19:49:02,101 INFO  - DENM message Recived from veh_10 -info : seco (at simulation time 52.000,400,000 s)
2024-06-03 19:49:02,102 INFO  - Recending a DENM message from other vehicle (at simulation time 52.000,400,000 s)
2024-06-03 19:49:02,102 INFO  - Recieve a message from other vehicle (at simulation time 52.000,400,000 s)
2024-06-03 19:49:02,102 INFO  - My position is not better! (at simulation time 52.000,400,000 s)
2024-06-03 19:49:02,104 INFO  - Recieve a message from other vehicle (at simulation time 52.000,900,000 s)
2024-06-03 19:49:02,104 INFO  - My position is not better! (at simulation time 52.000,900,000 s)
2024-06-03 19:49:02,104 INFO  - Recieve a message from other vehicle (at simulation time 52.000,900,000 s)
2024-06-03 19:49:02,104 INFO  - My position is not better! (at simulation time 52.000,900,000 s)
2024-06-03 19:49:02,104 INFO  - Recieve a message from other vehicle (at simulation time 52.001,300,000 s)
2024-06-03 19:49:02,104 INFO  - My position is not better! (at simulation time 52.001,300,000 s)
2024-06-03 19:49:02,105 INFO  - Recieve a message from other vehicle (at simulation time 52.001,400,000 s)
2024-06-03 19:49:02,105 INFO  - My position is not better! (at simulation time 52.001,400,000 s)
2024-06-03 19:49:02,105 INFO  - Recieve a message from other vehicle (at simulation time 52.001,800,000 s)
2024-06-03 19:49:02,106 INFO  - My position is not better! (at simulation time 52.001,800,000 s)
2024-06-03 19:49:02,106 INFO  - Recieve a message from other vehicle (at simulation time 52.001,800,000 s)
2024-06-03 19:49:02,106 INFO  - My position is not better! (at simulation time 52.001,800,000 s)
2024-06-03 19:49:02,106 INFO  - Recieve a message from other vehicle (at simulation time 52.001,800,000 s)
2024-06-03 19:49:02,106 INFO  - My position is not better! (at simulation time 52.001,800,000 s)
2024-06-03 19:49:02,106 INFO  - Recieve a message from other vehicle (at simulation time 52.001,800,000 s)
2024-06-03 19:49:02,106 INFO  - My position is not better! (at simulation time 52.001,800,000 s)
2024-06-03 19:49:02,106 INFO  - Recieve a message from other vehicle (at simulation time 52.001,900,000 s)
2024-06-03 19:49:02,106 INFO  - My position is not better! (at simulation time 52.001,900,000 s)
2024-06-03 19:49:02,106 INFO  - Recieve a message from other vehicle (at simulation time 52.001,900,000 s)
2024-06-03 19:49:02,106 INFO  - My position is not better! (at simulation time 52.001,900,000 s)
2024-06-03 19:49:02,106 INFO  - Recieve a message from other vehicle (at simulation time 52.002,400,000 s)
2024-06-03 19:49:02,106 INFO  - My position is not better! (at simulation time 52.002,400,000 s)
2024-06-03 19:49:02,106 INFO  - Recieve a message from other vehicle (at simulation time 52.002,400,000 s)
2024-06-03 19:49:02,106 INFO  - My position is not better! (at simulation time 52.002,400,000 s)
2024-06-03 19:49:02,106 INFO  - Recieve a message from other vehicle (at simulation time 52.002,400,000 s)
2024-06-03 19:49:02,106 INFO  - My position is not better! (at simulation time 52.002,400,000 s)
2024-06-03 19:49:02,106 INFO  - Recieve a message from other vehicle (at simulation time 52.002,400,000 s)
2024-06-03 19:49:02,106 INFO  - My position is not better! (at simulation time 52.002,400,000 s)
2024-06-03 19:49:02,106 INFO  - Recieve a message from other vehicle (at simulation time 52.002,800,000 s)
2024-06-03 19:49:02,106 INFO  - My position is not better! (at simulation time 52.002,800,000 s)
2024-06-03 19:49:02,107 INFO  - Recieve a message from other vehicle (at simulation time 52.002,800,000 s)
2024-06-03 19:49:02,107 INFO  - My position is not better! (at simulation time 52.002,800,000 s)
2024-06-03 19:49:02,349 INFO  - Called #onVehicleUpdated (at simulation time 53.000,000,000 s)
2024-06-03 19:49:02,350 INFO  - Sending out AdHoc broadcast (at simulation time 53.000,000,000 s)
2024-06-03 19:49:02,350 INFO  - Sending out AdHoc broadcast (at simulation time 53.000,000,000 s)
2024-06-03 19:49:02,350 INFO  - Sending out AdHoc broadcast (at simulation time 53.000,000,000 s)
2024-06-03 19:49:02,351 INFO  - Sending out AdHoc broadcast (at simulation time 53.000,000,000 s)
2024-06-03 19:49:02,353 INFO  - Recieve a message from other vehicle (at simulation time 53.000,400,000 s)
2024-06-03 19:49:02,353 INFO  - My position is not better! (at simulation time 53.000,400,000 s)
2024-06-03 19:49:02,354 INFO  - Recieve a message from other vehicle (at simulation time 53.000,800,000 s)
2024-06-03 19:49:02,354 INFO  - My position is not better! (at simulation time 53.000,800,000 s)
2024-06-03 19:49:02,355 INFO  - Recieve a message from other vehicle (at simulation time 53.001,300,000 s)
2024-06-03 19:49:02,355 INFO  - My position is not better! (at simulation time 53.001,300,000 s)
2024-06-03 19:49:02,355 INFO  - Recieve a message from other vehicle (at simulation time 53.001,300,000 s)
2024-06-03 19:49:02,355 INFO  - My position is not better! (at simulation time 53.001,300,000 s)
2024-06-03 19:49:02,356 INFO  - Recieve a message from other vehicle (at simulation time 53.001,400,000 s)
2024-06-03 19:49:02,356 INFO  - My position is not better! (at simulation time 53.001,400,000 s)
2024-06-03 19:49:02,359 INFO  - Recieve a message from other vehicle (at simulation time 53.002,300,000 s)
2024-06-03 19:49:02,360 INFO  - My position is not better! (at simulation time 53.002,300,000 s)
2024-06-03 19:49:02,361 INFO  - Recieve a message from other vehicle (at simulation time 53.002,800,000 s)
2024-06-03 19:49:02,361 INFO  - My position is not better! (at simulation time 53.002,800,000 s)
2024-06-03 19:49:02,361 INFO  - Recieve a message from other vehicle (at simulation time 53.003,300,000 s)
2024-06-03 19:49:02,361 INFO  - My position is not better! (at simulation time 53.003,300,000 s)
2024-06-03 19:49:02,361 INFO  - Recieve a message from other vehicle (at simulation time 53.003,300,000 s)
2024-06-03 19:49:02,361 INFO  - My position is not better! (at simulation time 53.003,300,000 s)
2024-06-03 19:49:02,598 INFO  - Called #onVehicleUpdated (at simulation time 54.000,000,000 s)
2024-06-03 19:49:02,598 INFO  - Sending out AdHoc broadcast (at simulation time 54.000,000,000 s)
2024-06-03 19:49:02,598 INFO  - Sending out AdHoc broadcast (at simulation time 54.000,000,000 s)
2024-06-03 19:49:02,598 INFO  - Sending out AdHoc broadcast (at simulation time 54.000,000,000 s)
2024-06-03 19:49:02,851 INFO  - Called #onVehicleUpdated (at simulation time 55.000,000,000 s)
2024-06-03 19:49:02,851 INFO  - Exced velocity! Sending new CAM (at simulation time 55.000,000,000 s)
2024-06-03 19:49:02,851 INFO  - Sending out AdHoc broadcast (at simulation time 55.000,000,000 s)
2024-06-03 19:49:02,852 INFO  - Sending out AdHoc broadcast (at simulation time 55.000,000,000 s)
2024-06-03 19:49:02,852 INFO  - Sending out AdHoc broadcast (at simulation time 55.000,000,000 s)
2024-06-03 19:49:02,852 INFO  - Sending out AdHoc broadcast (at simulation time 55.000,000,000 s)
2024-06-03 19:49:02,852 INFO  - Sending out AdHoc broadcast (at simulation time 55.000,000,000 s)
2024-06-03 19:49:03,098 INFO  - Called #onVehicleUpdated (at simulation time 56.000,000,000 s)
2024-06-03 19:49:03,098 INFO  - Exced velocity! Sending new CAM (at simulation time 56.000,000,000 s)
2024-06-03 19:49:03,098 INFO  - Sending out AdHoc broadcast (at simulation time 56.000,000,000 s)
2024-06-03 19:49:03,098 INFO  - Sending out AdHoc broadcast (at simulation time 56.000,000,000 s)
2024-06-03 19:49:03,098 INFO  - Sending out AdHoc broadcast (at simulation time 56.000,000,000 s)
2024-06-03 19:49:03,098 INFO  - Sending out AdHoc broadcast (at simulation time 56.000,000,000 s)
2024-06-03 19:49:03,348 INFO  - Called #onVehicleUpdated (at simulation time 57.000,000,000 s)
2024-06-03 19:49:03,348 INFO  - Exced velocity! Sending new CAM (at simulation time 57.000,000,000 s)
2024-06-03 19:49:03,348 INFO  - Sending out AdHoc broadcast (at simulation time 57.000,000,000 s)
2024-06-03 19:49:03,349 INFO  - Sending out AdHoc broadcast (at simulation time 57.000,000,000 s)
2024-06-03 19:49:03,349 INFO  - Sending out AdHoc broadcast (at simulation time 57.000,000,000 s)
2024-06-03 19:49:03,349 INFO  - Sending out AdHoc broadcast (at simulation time 57.000,000,000 s)
2024-06-03 19:49:03,349 INFO  - Sending out AdHoc broadcast (at simulation time 57.000,000,000 s)
2024-06-03 19:49:03,349 INFO  - Sending out AdHoc broadcast (at simulation time 57.000,000,000 s)
2024-06-03 19:49:03,599 INFO  - Called #onVehicleUpdated (at simulation time 58.000,000,000 s)
2024-06-03 19:49:03,599 INFO  - Exced velocity! Sending new CAM (at simulation time 58.000,000,000 s)
2024-06-03 19:49:03,599 INFO  - Sending out AdHoc broadcast (at simulation time 58.000,000,000 s)
2024-06-03 19:49:03,600 INFO  - Sending out AdHoc broadcast (at simulation time 58.000,000,000 s)
2024-06-03 19:49:03,600 INFO  - Sending out AdHoc broadcast (at simulation time 58.000,000,000 s)
2024-06-03 19:49:03,600 INFO  - Sending out AdHoc broadcast (at simulation time 58.000,000,000 s)
2024-06-03 19:49:03,600 INFO  - Sending out AdHoc broadcast (at simulation time 58.000,000,000 s)
2024-06-03 19:49:03,849 INFO  - Shutdown (at simulation time 59.000,000,000 s)
