2024-06-03 19:54:38,230 INFO  - Initialize Vehicle application (at simulation time 79.000,000,000 s)
2024-06-03 19:54:38,231 INFO  - Activated WLAN Module (at simulation time 79.000,000,000 s)
2024-06-03 19:54:38,231 INFO  - Called #onVehicleUpdated (at simulation time 79.000,000,000 s)
2024-06-03 19:54:38,232 INFO  - Recieve a message from other vehicle (at simulation time 79.001,400,000 s)
2024-06-03 19:54:38,232 INFO  - My position is not better! (at simulation time 79.001,400,000 s)
2024-06-03 19:54:38,232 INFO  - Recieve a message from other vehicle (at simulation time 79.001,900,000 s)
2024-06-03 19:54:38,232 INFO  - My position is not better! (at simulation time 79.001,900,000 s)
2024-06-03 19:54:38,236 INFO  - Called #onVehicleUpdated (at simulation time 80.000,000,000 s)
2024-06-03 19:54:38,236 INFO  - Define the name: veh_16 and route: r_3 (at simulation time 80.000,000,000 s)
2024-06-03 19:54:38,236 INFO  - Sending out AdHoc broadcast (at simulation time 80.000,000,000 s)
2024-06-03 19:54:38,237 INFO  - Recieve a message from other vehicle (at simulation time 80.000,400,000 s)
2024-06-03 19:54:38,237 INFO  - My position is not better! (at simulation time 80.000,400,000 s)
2024-06-03 19:54:38,237 INFO  - Recieve a message from other vehicle (at simulation time 80.001,400,000 s)
2024-06-03 19:54:38,237 INFO  - My position is not better! (at simulation time 80.001,400,000 s)
2024-06-03 19:54:38,237 INFO  - Recieve a message from other vehicle (at simulation time 80.004,300,000 s)
2024-06-03 19:54:38,237 INFO  - My position is not better! (at simulation time 80.004,300,000 s)
2024-06-03 19:54:38,239 INFO  - Called #onVehicleUpdated (at simulation time 81.000,000,000 s)
2024-06-03 19:54:38,239 INFO  - Recieve a message from other vehicle (at simulation time 81.000,400,000 s)
2024-06-03 19:54:38,239 INFO  - My position is not better! (at simulation time 81.000,400,000 s)
2024-06-03 19:54:38,239 INFO  - Recieve a message from other vehicle (at simulation time 81.000,900,000 s)
2024-06-03 19:54:38,239 INFO  - My position is not better! (at simulation time 81.000,900,000 s)
2024-06-03 19:54:38,239 INFO  - Recieve a message from other vehicle (at simulation time 81.000,900,000 s)
2024-06-03 19:54:38,239 INFO  - My position is not better! (at simulation time 81.000,900,000 s)
2024-06-03 19:54:38,241 INFO  - Called #onVehicleUpdated (at simulation time 82.000,000,000 s)
2024-06-03 19:54:38,241 INFO  - Sending out AdHoc broadcast (at simulation time 82.000,000,000 s)
2024-06-03 19:54:38,241 INFO  - Recieve a message from other vehicle (at simulation time 82.000,900,000 s)
2024-06-03 19:54:38,241 INFO  - My position is not better! (at simulation time 82.000,900,000 s)
2024-06-03 19:54:38,241 INFO  - Recieve a message from other vehicle (at simulation time 82.001,900,000 s)
2024-06-03 19:54:38,241 INFO  - My position is not better! (at simulation time 82.001,900,000 s)
2024-06-03 19:54:38,242 INFO  - Recieve a message from other vehicle (at simulation time 82.003,800,000 s)
2024-06-03 19:54:38,242 INFO  - My position is not better! (at simulation time 82.003,800,000 s)
2024-06-03 19:54:38,243 INFO  - Called #onVehicleUpdated (at simulation time 83.000,000,000 s)
2024-06-03 19:54:38,243 INFO  - Recieve a message from other vehicle (at simulation time 83.000,900,000 s)
2024-06-03 19:54:38,243 INFO  - My position is not better! (at simulation time 83.000,900,000 s)
2024-06-03 19:54:38,244 INFO  - Recieve a message from other vehicle (at simulation time 83.001,400,000 s)
2024-06-03 19:54:38,244 INFO  - My position is not better! (at simulation time 83.001,400,000 s)
2024-06-03 19:54:38,244 INFO  - Recieve a message from other vehicle (at simulation time 83.001,900,000 s)
2024-06-03 19:54:38,244 INFO  - My position is not better! (at simulation time 83.001,900,000 s)
2024-06-03 19:54:38,246 INFO  - Called #onVehicleUpdated (at simulation time 84.000,000,000 s)
2024-06-03 19:54:38,246 INFO  - Sending out AdHoc broadcast (at simulation time 84.000,000,000 s)
2024-06-03 19:54:38,247 INFO  - Recieve a message from other vehicle (at simulation time 84.000,400,000 s)
2024-06-03 19:54:38,247 INFO  - My position is not better! (at simulation time 84.000,400,000 s)
2024-06-03 19:54:38,247 INFO  - Recieve a message from other vehicle (at simulation time 84.001,300,000 s)
2024-06-03 19:54:38,247 INFO  - My position is not better! (at simulation time 84.001,300,000 s)
2024-06-03 19:54:38,248 INFO  - Recieve a message from other vehicle (at simulation time 84.001,900,000 s)
2024-06-03 19:54:38,248 INFO  - My position is not better! (at simulation time 84.001,900,000 s)
2024-06-03 19:54:38,251 INFO  - Called #onVehicleUpdated (at simulation time 85.000,000,000 s)
2024-06-03 19:54:38,252 INFO  - Recieve a message from other vehicle (at simulation time 85.000,400,000 s)
2024-06-03 19:54:38,252 INFO  - My position is not better! (at simulation time 85.000,400,000 s)
2024-06-03 19:54:38,252 INFO  - Recieve a message from other vehicle (at simulation time 85.000,900,000 s)
2024-06-03 19:54:38,252 INFO  - My position is not better! (at simulation time 85.000,900,000 s)
2024-06-03 19:54:38,252 INFO  - Recieve a message from other vehicle (at simulation time 85.001,400,000 s)
2024-06-03 19:54:38,252 INFO  - My position is not better! (at simulation time 85.001,400,000 s)
2024-06-03 19:54:38,253 INFO  - Recieve a message from other vehicle (at simulation time 85.003,800,000 s)
2024-06-03 19:54:38,253 INFO  - I'm in better position but no more hops in message (at simulation time 85.003,800,000 s)
2024-06-03 19:54:38,255 INFO  - Called #onVehicleUpdated (at simulation time 86.000,000,000 s)
2024-06-03 19:54:38,255 INFO  - Sending out AdHoc broadcast (at simulation time 86.000,000,000 s)
2024-06-03 19:54:38,255 INFO  - Recieve a message from other vehicle (at simulation time 86.000,400,000 s)
2024-06-03 19:54:38,255 INFO  - My position is not better! (at simulation time 86.000,400,000 s)
2024-06-03 19:54:38,255 INFO  - Recieve a message from other vehicle (at simulation time 86.000,800,000 s)
2024-06-03 19:54:38,255 INFO  - My position is not better! (at simulation time 86.000,800,000 s)
2024-06-03 19:54:38,256 INFO  - Recieve a message from other vehicle (at simulation time 86.000,900,000 s)
2024-06-03 19:54:38,256 INFO  - My position is not better! (at simulation time 86.000,900,000 s)
2024-06-03 19:54:38,256 INFO  - Recieve a message from other vehicle (at simulation time 86.001,300,000 s)
2024-06-03 19:54:38,256 INFO  - My position is not better! (at simulation time 86.001,300,000 s)
2024-06-03 19:54:38,256 INFO  - Recieve a message from other vehicle (at simulation time 86.001,400,000 s)
2024-06-03 19:54:38,256 INFO  - My position is not better! (at simulation time 86.001,400,000 s)
2024-06-03 19:54:38,256 INFO  - Recieve a message from other vehicle (at simulation time 86.001,900,000 s)
2024-06-03 19:54:38,256 INFO  - My position is not better! (at simulation time 86.001,900,000 s)
2024-06-03 19:54:38,256 INFO  - Recieve a message from other vehicle (at simulation time 86.001,900,000 s)
2024-06-03 19:54:38,256 INFO  - My position is not better! (at simulation time 86.001,900,000 s)
2024-06-03 19:54:38,258 INFO  - Called #onVehicleUpdated (at simulation time 87.000,000,000 s)
2024-06-03 19:54:38,259 INFO  - Recieve a message from other vehicle (at simulation time 87.000,400,000 s)
2024-06-03 19:54:38,259 INFO  - My position is not better! (at simulation time 87.000,400,000 s)
2024-06-03 19:54:38,259 INFO  - Recieve a message from other vehicle (at simulation time 87.000,400,000 s)
2024-06-03 19:54:38,259 INFO  - My position is not better! (at simulation time 87.000,400,000 s)
2024-06-03 19:54:38,259 INFO  - Recieve a message from other vehicle (at simulation time 87.000,400,000 s)
2024-06-03 19:54:38,259 INFO  - My position is not better! (at simulation time 87.000,400,000 s)
2024-06-03 19:54:38,260 INFO  - Recieve a message from other vehicle (at simulation time 87.000,400,000 s)
2024-06-03 19:54:38,260 INFO  - My position is not better! (at simulation time 87.000,400,000 s)
2024-06-03 19:54:38,260 INFO  - Recieve a message from other vehicle (at simulation time 87.000,800,000 s)
2024-06-03 19:54:38,260 INFO  - DENM message Recived from veh_12 -info : seco (at simulation time 87.000,800,000 s)
2024-06-03 19:54:38,260 INFO  - No more hops in DENM message (at simulation time 87.000,800,000 s)
2024-06-03 19:54:38,260 INFO  - Recieve a message from other vehicle (at simulation time 87.000,800,000 s)
2024-06-03 19:54:38,260 INFO  - My position is not better! (at simulation time 87.000,800,000 s)
2024-06-03 19:54:38,260 INFO  - Recieve a message from other vehicle (at simulation time 87.000,900,000 s)
2024-06-03 19:54:38,260 INFO  - My position is not better! (at simulation time 87.000,900,000 s)
2024-06-03 19:54:38,260 INFO  - Recieve a message from other vehicle (at simulation time 87.001,300,000 s)
2024-06-03 19:54:38,260 INFO  - DENM message Recived from veh_15 -info : seco (at simulation time 87.001,300,000 s)
2024-06-03 19:54:38,260 INFO  - No more hops in DENM message (at simulation time 87.001,300,000 s)
2024-06-03 19:54:38,261 INFO  - Recieve a message from other vehicle (at simulation time 87.001,300,000 s)
2024-06-03 19:54:38,261 INFO  - My position is not better! (at simulation time 87.001,300,000 s)
2024-06-03 19:54:38,261 INFO  - Recieve a message from other vehicle (at simulation time 87.001,400,000 s)
2024-06-03 19:54:38,261 INFO  - DENM message Recived from veh_13 -info : seco (at simulation time 87.001,400,000 s)
2024-06-03 19:54:38,261 INFO  - No more hops in DENM message (at simulation time 87.001,400,000 s)
2024-06-03 19:54:38,261 INFO  - Recieve a message from other vehicle (at simulation time 87.001,400,000 s)
2024-06-03 19:54:38,261 INFO  - DENM message Recived from veh_15 -info : seco (at simulation time 87.001,400,000 s)
2024-06-03 19:54:38,261 INFO  - No more hops in DENM message (at simulation time 87.001,400,000 s)
2024-06-03 19:54:38,261 INFO  - Recieve a message from other vehicle (at simulation time 87.001,400,000 s)
2024-06-03 19:54:38,261 INFO  - My position is not better! (at simulation time 87.001,400,000 s)
2024-06-03 19:54:38,261 INFO  - Recieve a message from other vehicle (at simulation time 87.001,400,000 s)
2024-06-03 19:54:38,261 INFO  - My position is not better! (at simulation time 87.001,400,000 s)
2024-06-03 19:54:38,261 INFO  - Recieve a message from other vehicle (at simulation time 87.001,400,000 s)
2024-06-03 19:54:38,261 INFO  - My position is not better! (at simulation time 87.001,400,000 s)
2024-06-03 19:54:38,262 INFO  - Recieve a message from other vehicle (at simulation time 87.001,900,000 s)
2024-06-03 19:54:38,262 INFO  - DENM message Recived from veh_17 -info : seco (at simulation time 87.001,900,000 s)
2024-06-03 19:54:38,262 INFO  - No more hops in DENM message (at simulation time 87.001,900,000 s)
2024-06-03 19:54:38,262 INFO  - Recieve a message from other vehicle (at simulation time 87.001,900,000 s)
2024-06-03 19:54:38,262 INFO  - My position is not better! (at simulation time 87.001,900,000 s)
2024-06-03 19:54:38,262 INFO  - Recieve a message from other vehicle (at simulation time 87.002,400,000 s)
2024-06-03 19:54:38,262 INFO  - DENM message Recived from veh_12 -info : seco (at simulation time 87.002,400,000 s)
2024-06-03 19:54:38,262 INFO  - No more hops in DENM message (at simulation time 87.002,400,000 s)
2024-06-03 19:54:38,262 INFO  - Recieve a message from other vehicle (at simulation time 87.002,400,000 s)
2024-06-03 19:54:38,262 INFO  - My position is not better! (at simulation time 87.002,400,000 s)
2024-06-03 19:54:38,262 INFO  - Recieve a message from other vehicle (at simulation time 87.002,400,000 s)
2024-06-03 19:54:38,262 INFO  - My position is not better! (at simulation time 87.002,400,000 s)
2024-06-03 19:54:38,262 INFO  - Recieve a message from other vehicle (at simulation time 87.002,400,000 s)
2024-06-03 19:54:38,262 INFO  - My position is not better! (at simulation time 87.002,400,000 s)
2024-06-03 19:54:38,263 INFO  - Recieve a message from other vehicle (at simulation time 87.002,800,000 s)
2024-06-03 19:54:38,263 INFO  - DENM message Recived from veh_17 -info : seco (at simulation time 87.002,800,000 s)
2024-06-03 19:54:38,263 INFO  - No more hops in DENM message (at simulation time 87.002,800,000 s)
2024-06-03 19:54:38,263 INFO  - Recieve a message from other vehicle (at simulation time 87.002,800,000 s)
2024-06-03 19:54:38,263 INFO  - My position is not better! (at simulation time 87.002,800,000 s)
2024-06-03 19:54:38,263 INFO  - Recieve a message from other vehicle (at simulation time 87.003,800,000 s)
2024-06-03 19:54:38,263 INFO  - My position is not better! (at simulation time 87.003,800,000 s)
2024-06-03 19:54:38,263 INFO  - Recieve a message from other vehicle (at simulation time 87.004,300,000 s)
2024-06-03 19:54:38,263 INFO  - My position is not better! (at simulation time 87.004,300,000 s)
2024-06-03 19:54:38,265 INFO  - Called #onVehicleUpdated (at simulation time 88.000,000,000 s)
2024-06-03 19:54:38,265 INFO  - Sending out DENM broadcast (at simulation time 88.000,000,000 s)
2024-06-03 19:54:38,265 INFO  - Sending out AdHoc broadcast (at simulation time 88.000,000,000 s)
2024-06-03 19:54:38,266 INFO  - Recieve a message from other vehicle (at simulation time 88.000,800,000 s)
2024-06-03 19:54:38,266 INFO  - DENM message Recived from veh_14 -info : nevoeiro (at simulation time 88.000,800,000 s)
2024-06-03 19:54:38,266 INFO  - No more hops in DENM message (at simulation time 88.000,800,000 s)
2024-06-03 19:54:38,267 INFO  - Recieve a message from other vehicle (at simulation time 88.000,900,000 s)
2024-06-03 19:54:38,267 INFO  - My position is not better! (at simulation time 88.000,900,000 s)
2024-06-03 19:54:38,267 INFO  - Recieve a message from other vehicle (at simulation time 88.000,900,000 s)
2024-06-03 19:54:38,267 INFO  - My position is not better! (at simulation time 88.000,900,000 s)
2024-06-03 19:54:38,267 INFO  - Recieve a message from other vehicle (at simulation time 88.000,900,000 s)
2024-06-03 19:54:38,267 INFO  - My position is not better! (at simulation time 88.000,900,000 s)
2024-06-03 19:54:38,267 INFO  - Recieve a message from other vehicle (at simulation time 88.000,900,000 s)
2024-06-03 19:54:38,267 INFO  - My position is not better! (at simulation time 88.000,900,000 s)
2024-06-03 19:54:38,267 INFO  - Recieve a message from other vehicle (at simulation time 88.001,300,000 s)
2024-06-03 19:54:38,267 INFO  - My position is not better! (at simulation time 88.001,300,000 s)
2024-06-03 19:54:38,267 INFO  - Recieve a message from other vehicle (at simulation time 88.001,400,000 s)
2024-06-03 19:54:38,267 INFO  - My position is not better! (at simulation time 88.001,400,000 s)
2024-06-03 19:54:38,267 INFO  - Recieve a message from other vehicle (at simulation time 88.001,400,000 s)
2024-06-03 19:54:38,267 INFO  - My position is not better! (at simulation time 88.001,400,000 s)
2024-06-03 19:54:38,267 INFO  - Recieve a message from other vehicle (at simulation time 88.001,800,000 s)
2024-06-03 19:54:38,267 INFO  - My position is not better! (at simulation time 88.001,800,000 s)
2024-06-03 19:54:38,267 INFO  - Recieve a message from other vehicle (at simulation time 88.001,900,000 s)
2024-06-03 19:54:38,267 INFO  - DENM message Recived from veh_14 -info : nevoeiro (at simulation time 88.001,900,000 s)
2024-06-03 19:54:38,267 INFO  - No more hops in DENM message (at simulation time 88.001,900,000 s)
2024-06-03 19:54:38,267 INFO  - Recieve a message from other vehicle (at simulation time 88.001,900,000 s)
2024-06-03 19:54:38,267 INFO  - My position is not better! (at simulation time 88.001,900,000 s)
2024-06-03 19:54:38,268 INFO  - Recieve a message from other vehicle (at simulation time 88.002,300,000 s)
2024-06-03 19:54:38,268 INFO  - DENM message Recived from veh_16 -info : seco (at simulation time 88.002,300,000 s)
2024-06-03 19:54:38,268 INFO  - No more hops in DENM message (at simulation time 88.002,300,000 s)
2024-06-03 19:54:38,268 INFO  - Recieve a message from other vehicle (at simulation time 88.002,300,000 s)
2024-06-03 19:54:38,268 INFO  - My position is not better! (at simulation time 88.002,300,000 s)
2024-06-03 19:54:38,268 INFO  - Recieve a message from other vehicle (at simulation time 88.002,400,000 s)
2024-06-03 19:54:38,268 INFO  - My position is not better! (at simulation time 88.002,400,000 s)
2024-06-03 19:54:38,269 INFO  - Recieve a message from other vehicle (at simulation time 88.003,300,000 s)
2024-06-03 19:54:38,269 INFO  - My position is not better! (at simulation time 88.003,300,000 s)
2024-06-03 19:54:38,271 INFO  - Called #onVehicleUpdated (at simulation time 89.000,000,000 s)
2024-06-03 19:54:38,271 INFO  - Recieve a message from other vehicle (at simulation time 89.000,400,000 s)
2024-06-03 19:54:38,271 INFO  - I'm in better position but no more hops in message (at simulation time 89.000,400,000 s)
2024-06-03 19:54:38,272 INFO  - Recieve a message from other vehicle (at simulation time 89.000,400,000 s)
2024-06-03 19:54:38,272 INFO  - Recending a message from other vehicle (at simulation time 89.000,400,000 s)
2024-06-03 19:54:38,272 INFO  - Recieve a message from other vehicle (at simulation time 89.000,400,000 s)
2024-06-03 19:54:38,272 INFO  - I'm in better position but no more hops in message (at simulation time 89.000,400,000 s)
2024-06-03 19:54:38,272 INFO  - Recieve a message from other vehicle (at simulation time 89.000,800,000 s)
2024-06-03 19:54:38,272 INFO  - I'm in better position but no more hops in message (at simulation time 89.000,800,000 s)
2024-06-03 19:54:38,272 INFO  - Recieve a message from other vehicle (at simulation time 89.000,800,000 s)
2024-06-03 19:54:38,272 INFO  - I'm in better position but no more hops in message (at simulation time 89.000,800,000 s)
2024-06-03 19:54:38,272 INFO  - Recieve a message from other vehicle (at simulation time 89.000,900,000 s)
2024-06-03 19:54:38,272 INFO  - I'm in better position but no more hops in message (at simulation time 89.000,900,000 s)
2024-06-03 19:54:38,272 INFO  - Recieve a message from other vehicle (at simulation time 89.001,300,000 s)
2024-06-03 19:54:38,272 INFO  - I'm in better position but no more hops in message (at simulation time 89.001,300,000 s)
2024-06-03 19:54:38,272 INFO  - Recieve a message from other vehicle (at simulation time 89.001,300,000 s)
2024-06-03 19:54:38,272 INFO  - I'm in better position but no more hops in message (at simulation time 89.001,300,000 s)
2024-06-03 19:54:38,272 INFO  - Recieve a message from other vehicle (at simulation time 89.001,400,000 s)
2024-06-03 19:54:38,272 INFO  - I'm in better position but no more hops in message (at simulation time 89.001,400,000 s)
2024-06-03 19:54:38,273 INFO  - Recieve a message from other vehicle (at simulation time 89.001,400,000 s)
2024-06-03 19:54:38,273 INFO  - I'm in better position but no more hops in message (at simulation time 89.001,400,000 s)
2024-06-03 19:54:38,273 INFO  - Recieve a message from other vehicle (at simulation time 89.001,400,000 s)
2024-06-03 19:54:38,273 INFO  - I'm in better position but no more hops in message (at simulation time 89.001,400,000 s)
2024-06-03 19:54:38,273 INFO  - Recieve a message from other vehicle (at simulation time 89.001,900,000 s)
2024-06-03 19:54:38,273 INFO  - I'm in better position but no more hops in message (at simulation time 89.001,900,000 s)
2024-06-03 19:54:38,273 INFO  - Recieve a message from other vehicle (at simulation time 89.001,900,000 s)
2024-06-03 19:54:38,273 INFO  - I'm in better position but no more hops in message (at simulation time 89.001,900,000 s)
2024-06-03 19:54:38,273 INFO  - Recieve a message from other vehicle (at simulation time 89.001,900,000 s)
2024-06-03 19:54:38,273 INFO  - I'm in better position but no more hops in message (at simulation time 89.001,900,000 s)
2024-06-03 19:54:38,273 INFO  - Recieve a message from other vehicle (at simulation time 89.001,900,000 s)
2024-06-03 19:54:38,273 INFO  - I'm in better position but no more hops in message (at simulation time 89.001,900,000 s)
2024-06-03 19:54:38,273 INFO  - Recieve a message from other vehicle (at simulation time 89.002,300,000 s)
2024-06-03 19:54:38,273 INFO  - I'm in better position but no more hops in message (at simulation time 89.002,300,000 s)
2024-06-03 19:54:38,273 INFO  - Recieve a message from other vehicle (at simulation time 89.002,400,000 s)
2024-06-03 19:54:38,273 INFO  - I'm in better position but no more hops in message (at simulation time 89.002,400,000 s)
2024-06-03 19:54:38,273 INFO  - Recieve a message from other vehicle (at simulation time 89.002,800,000 s)
2024-06-03 19:54:38,273 INFO  - I'm in better position but no more hops in message (at simulation time 89.002,800,000 s)
2024-06-03 19:54:38,294 INFO  - Called #onVehicleUpdated (at simulation time 90.000,000,000 s)
2024-06-03 19:54:38,295 INFO  - Sending out AdHoc broadcast (at simulation time 90.000,000,000 s)
2024-06-03 19:54:38,295 INFO  - Recieve a message from other vehicle (at simulation time 90.000,400,000 s)
2024-06-03 19:54:38,295 INFO  - Recending a message from other vehicle (at simulation time 90.000,400,000 s)
2024-06-03 19:54:38,295 INFO  - Recieve a message from other vehicle (at simulation time 90.000,800,000 s)
2024-06-03 19:54:38,295 INFO  - I'm in better position but no more hops in message (at simulation time 90.000,800,000 s)
2024-06-03 19:54:38,296 INFO  - Recieve a message from other vehicle (at simulation time 90.000,900,000 s)
2024-06-03 19:54:38,296 INFO  - Recending a message from other vehicle (at simulation time 90.000,900,000 s)
2024-06-03 19:54:38,296 INFO  - Recieve a message from other vehicle (at simulation time 90.001,300,000 s)
2024-06-03 19:54:38,296 INFO  - I'm in better position but no more hops in message (at simulation time 90.001,300,000 s)
2024-06-03 19:54:38,296 INFO  - Recieve a message from other vehicle (at simulation time 90.001,400,000 s)
2024-06-03 19:54:38,296 INFO  - I'm in better position but no more hops in message (at simulation time 90.001,400,000 s)
2024-06-03 19:54:38,296 INFO  - Recieve a message from other vehicle (at simulation time 90.001,400,000 s)
2024-06-03 19:54:38,296 INFO  - I'm in better position but no more hops in message (at simulation time 90.001,400,000 s)
2024-06-03 19:54:38,296 INFO  - Recieve a message from other vehicle (at simulation time 90.001,900,000 s)
2024-06-03 19:54:38,296 INFO  - I'm in better position but no more hops in message (at simulation time 90.001,900,000 s)
2024-06-03 19:54:38,296 INFO  - Recieve a message from other vehicle (at simulation time 90.002,400,000 s)
2024-06-03 19:54:38,296 INFO  - I'm in better position but no more hops in message (at simulation time 90.002,400,000 s)
2024-06-03 19:54:38,297 INFO  - Recieve a message from other vehicle (at simulation time 90.002,400,000 s)
2024-06-03 19:54:38,297 INFO  - I'm in better position but no more hops in message (at simulation time 90.002,400,000 s)
2024-06-03 19:54:38,297 INFO  - Recieve a message from other vehicle (at simulation time 90.002,400,000 s)
2024-06-03 19:54:38,297 INFO  - I'm in better position but no more hops in message (at simulation time 90.002,400,000 s)
2024-06-03 19:54:38,297 INFO  - Recieve a message from other vehicle (at simulation time 90.003,300,000 s)
2024-06-03 19:54:38,297 INFO  - I'm in better position but no more hops in message (at simulation time 90.003,300,000 s)
2024-06-03 19:54:38,299 INFO  - Called #onVehicleUpdated (at simulation time 91.000,000,000 s)
2024-06-03 19:54:38,300 INFO  - Recieve a message from other vehicle (at simulation time 91.000,800,000 s)
2024-06-03 19:54:38,300 INFO  - I'm in better position but no more hops in message (at simulation time 91.000,800,000 s)
2024-06-03 19:54:38,300 INFO  - Recieve a message from other vehicle (at simulation time 91.000,900,000 s)
2024-06-03 19:54:38,300 INFO  - My position is not better! (at simulation time 91.000,900,000 s)
2024-06-03 19:54:38,300 INFO  - Recieve a message from other vehicle (at simulation time 91.001,400,000 s)
2024-06-03 19:54:38,300 INFO  - My position is not better! (at simulation time 91.001,400,000 s)
2024-06-03 19:54:38,300 INFO  - Recieve a message from other vehicle (at simulation time 91.001,800,000 s)
2024-06-03 19:54:38,300 INFO  - I'm in better position but no more hops in message (at simulation time 91.001,800,000 s)
2024-06-03 19:54:38,300 INFO  - Recieve a message from other vehicle (at simulation time 91.001,900,000 s)
2024-06-03 19:54:38,300 INFO  - My position is not better! (at simulation time 91.001,900,000 s)
2024-06-03 19:54:38,300 INFO  - Recieve a message from other vehicle (at simulation time 91.001,900,000 s)
2024-06-03 19:54:38,300 INFO  - My position is not better! (at simulation time 91.001,900,000 s)
2024-06-03 19:54:38,300 INFO  - Recieve a message from other vehicle (at simulation time 91.002,400,000 s)
2024-06-03 19:54:38,300 INFO  - My position is not better! (at simulation time 91.002,400,000 s)
2024-06-03 19:54:38,300 INFO  - Recieve a message from other vehicle (at simulation time 91.003,300,000 s)
2024-06-03 19:54:38,300 INFO  - I'm in better position but no more hops in message (at simulation time 91.003,300,000 s)
2024-06-03 19:54:38,302 INFO  - Called #onVehicleUpdated (at simulation time 92.000,000,000 s)
2024-06-03 19:54:38,302 INFO  - Sending out AdHoc broadcast (at simulation time 92.000,000,000 s)
2024-06-03 19:54:38,302 INFO  - Recieve a message from other vehicle (at simulation time 92.000,900,000 s)
2024-06-03 19:54:38,302 INFO  - My position is not better! (at simulation time 92.000,900,000 s)
2024-06-03 19:54:38,302 INFO  - Recieve a message from other vehicle (at simulation time 92.000,900,000 s)
2024-06-03 19:54:38,302 INFO  - My position is not better! (at simulation time 92.000,900,000 s)
2024-06-03 19:54:38,303 INFO  - Recieve a message from other vehicle (at simulation time 92.001,300,000 s)
2024-06-03 19:54:38,303 INFO  - My position is not better! (at simulation time 92.001,300,000 s)
2024-06-03 19:54:38,303 INFO  - Recieve a message from other vehicle (at simulation time 92.002,400,000 s)
2024-06-03 19:54:38,303 INFO  - My position is not better! (at simulation time 92.002,400,000 s)
2024-06-03 19:54:38,303 INFO  - Recieve a message from other vehicle (at simulation time 92.002,800,000 s)
2024-06-03 19:54:38,303 INFO  - I'm in better position but no more hops in message (at simulation time 92.002,800,000 s)
2024-06-03 19:54:38,304 INFO  - Called #onVehicleUpdated (at simulation time 93.000,000,000 s)
2024-06-03 19:54:38,306 INFO  - Called #onVehicleUpdated (at simulation time 94.000,000,000 s)
2024-06-03 19:54:38,306 INFO  - Sending out AdHoc broadcast (at simulation time 94.000,000,000 s)
2024-06-03 19:54:38,309 INFO  - Called #onVehicleUpdated (at simulation time 95.000,000,000 s)
2024-06-03 19:54:38,311 INFO  - Called #onVehicleUpdated (at simulation time 96.000,000,000 s)
2024-06-03 19:54:38,311 INFO  - Sending out AdHoc broadcast (at simulation time 96.000,000,000 s)
2024-06-03 19:54:38,314 INFO  - Called #onVehicleUpdated (at simulation time 97.000,000,000 s)
2024-06-03 19:54:38,316 INFO  - Called #onVehicleUpdated (at simulation time 98.000,000,000 s)
2024-06-03 19:54:38,316 INFO  - Sending out AdHoc broadcast (at simulation time 98.000,000,000 s)
2024-06-03 19:54:38,317 INFO  - Shutdown (at simulation time 99.000,000,000 s)
