2024-06-03 19:15:01,435 INFO  - Initialize Vehicle application (at simulation time 258.000,000,000 s)
2024-06-03 19:15:01,436 INFO  - Activated WLAN Module (at simulation time 258.000,000,000 s)
2024-06-03 19:15:01,436 INFO  - Called #onVehicleUpdated (at simulation time 258.000,000,000 s)
2024-06-03 19:15:01,436 INFO  - Exced velocity! Sending new CAM (at simulation time 258.000,000,000 s)
2024-06-03 19:15:01,436 INFO  - Sending out AdHoc broadcast (at simulation time 258.000,000,000 s)
2024-06-03 19:15:01,444 INFO  - Called #onVehicleUpdated (at simulation time 259.000,000,000 s)
2024-06-03 19:15:01,444 INFO  - Define the name: veh_47 and route: r_5 (at simulation time 259.000,000,000 s)
2024-06-03 19:15:01,444 INFO  - Sending out AdHoc broadcast (at simulation time 259.000,000,000 s)
2024-06-03 19:15:01,448 INFO  - Called #onVehicleUpdated (at simulation time 260.000,000,000 s)
2024-06-03 19:15:01,448 INFO  - Sending out AdHoc broadcast (at simulation time 260.000,000,000 s)
2024-06-03 19:15:01,453 INFO  - Called #onVehicleUpdated (at simulation time 261.000,000,000 s)
2024-06-03 19:15:01,453 INFO  - Sending out AdHoc broadcast (at simulation time 261.000,000,000 s)
2024-06-03 19:15:01,457 INFO  - Called #onVehicleUpdated (at simulation time 262.000,000,000 s)
2024-06-03 19:15:01,457 INFO  - Sending out AdHoc broadcast (at simulation time 262.000,000,000 s)
2024-06-03 19:15:01,461 INFO  - Called #onVehicleUpdated (at simulation time 263.000,000,000 s)
2024-06-03 19:15:01,462 INFO  - Sending out AdHoc broadcast (at simulation time 263.000,000,000 s)
2024-06-03 19:15:01,465 INFO  - Called #onVehicleUpdated (at simulation time 264.000,000,000 s)
2024-06-03 19:15:01,465 INFO  - Exced velocity! Sending new CAM (at simulation time 264.000,000,000 s)
2024-06-03 19:15:01,465 INFO  - Sending out AdHoc broadcast (at simulation time 264.000,000,000 s)
2024-06-03 19:15:01,465 INFO  - Sending out AdHoc broadcast (at simulation time 264.000,000,000 s)
2024-06-03 19:15:01,466 INFO  - Recieve a message from other vehicle (at simulation time 264.000,400,000 s)
2024-06-03 19:15:01,466 INFO  - My position is not better! (at simulation time 264.000,400,000 s)
2024-06-03 19:15:01,466 INFO  - Recieve a message from other vehicle (at simulation time 264.000,900,000 s)
2024-06-03 19:15:01,466 INFO  - My position is not better! (at simulation time 264.000,900,000 s)
2024-06-03 19:15:01,467 INFO  - Recieve a message from other vehicle (at simulation time 264.001,800,000 s)
2024-06-03 19:15:01,467 INFO  - My position is not better! (at simulation time 264.001,800,000 s)
2024-06-03 19:15:01,467 INFO  - Recieve a message from other vehicle (at simulation time 264.001,900,000 s)
2024-06-03 19:15:01,467 INFO  - My position is not better! (at simulation time 264.001,900,000 s)
2024-06-03 19:15:01,467 INFO  - Recieve a message from other vehicle (at simulation time 264.001,900,000 s)
2024-06-03 19:15:01,467 INFO  - My position is not better! (at simulation time 264.001,900,000 s)
2024-06-03 19:15:01,468 INFO  - Recieve a message from other vehicle (at simulation time 264.003,300,000 s)
2024-06-03 19:15:01,468 INFO  - My position is not better! (at simulation time 264.003,300,000 s)
2024-06-03 19:15:01,472 INFO  - Called #onVehicleUpdated (at simulation time 265.000,000,000 s)
2024-06-03 19:15:01,472 INFO  - Sending out AdHoc broadcast (at simulation time 265.000,000,000 s)
2024-06-03 19:15:01,473 INFO  - Recieve a message from other vehicle (at simulation time 265.000,400,000 s)
2024-06-03 19:15:01,473 INFO  - My position is not better! (at simulation time 265.000,400,000 s)
2024-06-03 19:15:01,473 INFO  - Recieve a message from other vehicle (at simulation time 265.000,900,000 s)
2024-06-03 19:15:01,473 INFO  - My position is not better! (at simulation time 265.000,900,000 s)
2024-06-03 19:15:01,473 INFO  - Recieve a message from other vehicle (at simulation time 265.000,900,000 s)
2024-06-03 19:15:01,473 INFO  - My position is not better! (at simulation time 265.000,900,000 s)
2024-06-03 19:15:01,473 INFO  - Recieve a message from other vehicle (at simulation time 265.000,900,000 s)
2024-06-03 19:15:01,473 INFO  - My position is not better! (at simulation time 265.000,900,000 s)
2024-06-03 19:15:01,474 INFO  - Recieve a message from other vehicle (at simulation time 265.001,300,000 s)
2024-06-03 19:15:01,474 INFO  - My position is not better! (at simulation time 265.001,300,000 s)
2024-06-03 19:15:01,474 INFO  - Recieve a message from other vehicle (at simulation time 265.001,400,000 s)
2024-06-03 19:15:01,474 INFO  - My position is not better! (at simulation time 265.001,400,000 s)
2024-06-03 19:15:01,474 INFO  - Recieve a message from other vehicle (at simulation time 265.001,400,000 s)
2024-06-03 19:15:01,474 INFO  - My position is not better! (at simulation time 265.001,400,000 s)
2024-06-03 19:15:01,474 INFO  - Recieve a message from other vehicle (at simulation time 265.001,400,000 s)
2024-06-03 19:15:01,474 INFO  - My position is not better! (at simulation time 265.001,400,000 s)
2024-06-03 19:15:01,475 INFO  - Recieve a message from other vehicle (at simulation time 265.001,900,000 s)
2024-06-03 19:15:01,475 INFO  - My position is not better! (at simulation time 265.001,900,000 s)
2024-06-03 19:15:01,475 INFO  - Recieve a message from other vehicle (at simulation time 265.002,300,000 s)
2024-06-03 19:15:01,475 INFO  - My position is not better! (at simulation time 265.002,300,000 s)
2024-06-03 19:15:01,475 INFO  - Recieve a message from other vehicle (at simulation time 265.003,300,000 s)
2024-06-03 19:15:01,475 INFO  - My position is not better! (at simulation time 265.003,300,000 s)
2024-06-03 19:15:01,475 INFO  - Recieve a message from other vehicle (at simulation time 265.003,300,000 s)
2024-06-03 19:15:01,475 INFO  - My position is not better! (at simulation time 265.003,300,000 s)
2024-06-03 19:15:01,475 INFO  - Recieve a message from other vehicle (at simulation time 265.003,300,000 s)
2024-06-03 19:15:01,475 INFO  - My position is not better! (at simulation time 265.003,300,000 s)
2024-06-03 19:15:01,477 INFO  - Called #onVehicleUpdated (at simulation time 266.000,000,000 s)
2024-06-03 19:15:01,477 INFO  - Sending out AdHoc broadcast (at simulation time 266.000,000,000 s)
2024-06-03 19:15:01,477 INFO  - Sending out AdHoc broadcast (at simulation time 266.000,000,000 s)
2024-06-03 19:15:01,478 INFO  - Recieve a message from other vehicle (at simulation time 266.000,400,000 s)
2024-06-03 19:15:01,478 INFO  - I'm in better position but no more hops in message (at simulation time 266.000,400,000 s)
2024-06-03 19:15:01,478 INFO  - Recieve a message from other vehicle (at simulation time 266.000,400,000 s)
2024-06-03 19:15:01,478 INFO  - My position is not better! (at simulation time 266.000,400,000 s)
2024-06-03 19:15:01,478 INFO  - Recieve a message from other vehicle (at simulation time 266.000,800,000 s)
2024-06-03 19:15:01,478 INFO  - My position is not better! (at simulation time 266.000,800,000 s)
2024-06-03 19:15:01,478 INFO  - Recieve a message from other vehicle (at simulation time 266.000,800,000 s)
2024-06-03 19:15:01,478 INFO  - My position is not better! (at simulation time 266.000,800,000 s)
2024-06-03 19:15:01,478 INFO  - Recieve a message from other vehicle (at simulation time 266.000,900,000 s)
2024-06-03 19:15:01,478 INFO  - My position is not better! (at simulation time 266.000,900,000 s)
2024-06-03 19:15:01,478 INFO  - Recieve a message from other vehicle (at simulation time 266.000,900,000 s)
2024-06-03 19:15:01,478 INFO  - I'm in better position but no more hops in message (at simulation time 266.000,900,000 s)
2024-06-03 19:15:01,478 INFO  - Recieve a message from other vehicle (at simulation time 266.000,900,000 s)
2024-06-03 19:15:01,478 INFO  - I'm in better position but no more hops in message (at simulation time 266.000,900,000 s)
2024-06-03 19:15:01,478 INFO  - Recieve a message from other vehicle (at simulation time 266.000,900,000 s)
2024-06-03 19:15:01,478 INFO  - My position is not better! (at simulation time 266.000,900,000 s)
2024-06-03 19:15:01,478 INFO  - Recieve a message from other vehicle (at simulation time 266.000,900,000 s)
2024-06-03 19:15:01,478 INFO  - I'm in better position but no more hops in message (at simulation time 266.000,900,000 s)
2024-06-03 19:15:01,479 INFO  - Recieve a message from other vehicle (at simulation time 266.001,400,000 s)
2024-06-03 19:15:01,479 INFO  - I'm in better position but no more hops in message (at simulation time 266.001,400,000 s)
2024-06-03 19:15:01,479 INFO  - Recieve a message from other vehicle (at simulation time 266.001,900,000 s)
2024-06-03 19:15:01,479 INFO  - I'm in better position but no more hops in message (at simulation time 266.001,900,000 s)
2024-06-03 19:15:01,479 INFO  - Recieve a message from other vehicle (at simulation time 266.001,900,000 s)
2024-06-03 19:15:01,479 INFO  - My position is not better! (at simulation time 266.001,900,000 s)
2024-06-03 19:15:01,479 INFO  - Recieve a message from other vehicle (at simulation time 266.001,900,000 s)
2024-06-03 19:15:01,479 INFO  - I'm in better position but no more hops in message (at simulation time 266.001,900,000 s)
2024-06-03 19:15:01,479 INFO  - Recieve a message from other vehicle (at simulation time 266.001,900,000 s)
2024-06-03 19:15:01,479 INFO  - I'm in better position but no more hops in message (at simulation time 266.001,900,000 s)
2024-06-03 19:15:01,479 INFO  - Recieve a message from other vehicle (at simulation time 266.002,300,000 s)
2024-06-03 19:15:01,479 INFO  - I'm in better position but no more hops in message (at simulation time 266.002,300,000 s)
2024-06-03 19:15:01,479 INFO  - Recieve a message from other vehicle (at simulation time 266.002,400,000 s)
2024-06-03 19:15:01,479 INFO  - I'm in better position but no more hops in message (at simulation time 266.002,400,000 s)
2024-06-03 19:15:01,480 INFO  - Recieve a message from other vehicle (at simulation time 266.002,800,000 s)
2024-06-03 19:15:01,480 INFO  - I'm in better position but no more hops in message (at simulation time 266.002,800,000 s)
2024-06-03 19:15:01,480 INFO  - Recieve a message from RSU (at simulation time 266.636,985,660 s)
2024-06-03 19:15:01,480 INFO  - RSU Stopped me!!! (at simulation time 266.636,985,660 s)
2024-06-03 19:15:01,480 INFO  - Recieve a message from RSU (at simulation time 266.637,621,774 s)
2024-06-03 19:15:01,482 INFO  - Called #onVehicleUpdated (at simulation time 267.000,000,000 s)
2024-06-03 19:15:01,482 INFO  - Sending out DENM broadcast (at simulation time 267.000,000,000 s)
2024-06-03 19:15:01,482 INFO  - Sending out AdHoc broadcast (at simulation time 267.000,000,000 s)
2024-06-03 19:15:01,483 INFO  - Recieve a message from other vehicle (at simulation time 267.000,400,000 s)
2024-06-03 19:15:01,483 INFO  - My position is not better! (at simulation time 267.000,400,000 s)
2024-06-03 19:15:01,484 INFO  - Recieve a message from other vehicle (at simulation time 267.000,800,000 s)
2024-06-03 19:15:01,484 INFO  - DENM message Recived from veh_47 -info : piso-molhado (at simulation time 267.000,800,000 s)
2024-06-03 19:15:01,484 INFO  - I slow down due to road state (at simulation time 267.000,800,000 s)
2024-06-03 19:15:01,484 INFO  - No more hops in DENM message (at simulation time 267.000,800,000 s)
2024-06-03 19:15:01,484 INFO  - Recieve a message from other vehicle (at simulation time 267.000,900,000 s)
2024-06-03 19:15:01,484 INFO  - I'm in better position but no more hops in message (at simulation time 267.000,900,000 s)
2024-06-03 19:15:01,485 INFO  - Recieve a message from other vehicle (at simulation time 267.001,300,000 s)
2024-06-03 19:15:01,485 INFO  - DENM message Recived from veh_45 -info : piso-molhado (at simulation time 267.001,300,000 s)
2024-06-03 19:15:01,485 INFO  - I slow down due to road state (at simulation time 267.001,300,000 s)
2024-06-03 19:15:01,485 INFO  - No more hops in DENM message (at simulation time 267.001,300,000 s)
2024-06-03 19:15:01,485 INFO  - Recieve a message from other vehicle (at simulation time 267.001,400,000 s)
2024-06-03 19:15:01,485 INFO  - DENM message Recived from veh_45 -info : piso-molhado (at simulation time 267.001,400,000 s)
2024-06-03 19:15:01,485 INFO  - I slow down due to road state (at simulation time 267.001,400,000 s)
2024-06-03 19:15:01,485 INFO  - No more hops in DENM message (at simulation time 267.001,400,000 s)
2024-06-03 19:15:01,486 INFO  - Recieve a message from other vehicle (at simulation time 267.001,400,000 s)
2024-06-03 19:15:01,486 INFO  - I'm in better position but no more hops in message (at simulation time 267.001,400,000 s)
2024-06-03 19:15:01,488 INFO  - Recieve a message from other vehicle (at simulation time 267.001,900,000 s)
2024-06-03 19:15:01,488 INFO  - My position is not better! (at simulation time 267.001,900,000 s)
2024-06-03 19:15:01,488 INFO  - Recieve a message from other vehicle (at simulation time 267.001,900,000 s)
2024-06-03 19:15:01,488 INFO  - My position is not better! (at simulation time 267.001,900,000 s)
2024-06-03 19:15:01,488 INFO  - Recieve a message from other vehicle (at simulation time 267.001,900,000 s)
2024-06-03 19:15:01,488 INFO  - My position is not better! (at simulation time 267.001,900,000 s)
2024-06-03 19:15:01,490 INFO  - Recieve a message from other vehicle (at simulation time 267.002,400,000 s)
2024-06-03 19:15:01,490 INFO  - I'm in better position but no more hops in message (at simulation time 267.002,400,000 s)
2024-06-03 19:15:01,490 INFO  - Recieve a message from other vehicle (at simulation time 267.002,400,000 s)
2024-06-03 19:15:01,490 INFO  - I'm in better position but no more hops in message (at simulation time 267.002,400,000 s)
2024-06-03 19:15:01,490 INFO  - Recieve a message from other vehicle (at simulation time 267.002,400,000 s)
2024-06-03 19:15:01,490 INFO  - I'm in better position but no more hops in message (at simulation time 267.002,400,000 s)
2024-06-03 19:15:01,490 INFO  - Recieve a message from other vehicle (at simulation time 267.002,400,000 s)
2024-06-03 19:15:01,490 INFO  - I'm in better position but no more hops in message (at simulation time 267.002,400,000 s)
2024-06-03 19:15:01,490 INFO  - Recieve a message from other vehicle (at simulation time 267.002,400,000 s)
2024-06-03 19:15:01,490 INFO  - I'm in better position but no more hops in message (at simulation time 267.002,400,000 s)
2024-06-03 19:15:01,491 INFO  - Recieve a message from other vehicle (at simulation time 267.003,300,000 s)
2024-06-03 19:15:01,491 INFO  - DENM message Recived from veh_42 -info : seco (at simulation time 267.003,300,000 s)
2024-06-03 19:15:01,491 INFO  - No more hops in DENM message (at simulation time 267.003,300,000 s)
2024-06-03 19:15:01,492 INFO  - Recieve a message from RSU (at simulation time 267.317,615,163 s)
2024-06-03 19:15:01,492 INFO  - Recieve a message from RSU (at simulation time 267.328,809,995 s)
2024-06-03 19:15:01,493 INFO  - Called #onVehicleUpdated (at simulation time 268.000,000,000 s)
2024-06-03 19:15:01,493 INFO  - Sending out AdHoc broadcast (at simulation time 268.000,000,000 s)
2024-06-03 19:15:01,493 INFO  - Sending out AdHoc broadcast (at simulation time 268.000,000,000 s)
2024-06-03 19:15:01,494 INFO  - Recieve a message from other vehicle (at simulation time 268.000,400,000 s)
2024-06-03 19:15:01,494 INFO  - I'm in better position but no more hops in message (at simulation time 268.000,400,000 s)
2024-06-03 19:15:01,494 INFO  - Recieve a message from other vehicle (at simulation time 268.000,800,000 s)
2024-06-03 19:15:01,494 INFO  - I'm in better position but no more hops in message (at simulation time 268.000,800,000 s)
2024-06-03 19:15:01,495 INFO  - Recieve a message from other vehicle (at simulation time 268.000,900,000 s)
2024-06-03 19:15:01,495 INFO  - My position is not better! (at simulation time 268.000,900,000 s)
2024-06-03 19:15:01,495 INFO  - Recieve a message from other vehicle (at simulation time 268.000,900,000 s)
2024-06-03 19:15:01,495 INFO  - I'm in better position but no more hops in message (at simulation time 268.000,900,000 s)
2024-06-03 19:15:01,495 INFO  - Recieve a message from other vehicle (at simulation time 268.000,900,000 s)
2024-06-03 19:15:01,495 INFO  - I'm in better position but no more hops in message (at simulation time 268.000,900,000 s)
2024-06-03 19:15:01,495 INFO  - Recieve a message from other vehicle (at simulation time 268.001,400,000 s)
2024-06-03 19:15:01,495 INFO  - DENM message Recived from veh_46 -info : seco (at simulation time 268.001,400,000 s)
2024-06-03 19:15:01,495 INFO  - No more hops in DENM message (at simulation time 268.001,400,000 s)
2024-06-03 19:15:01,495 INFO  - Recieve a message from other vehicle (at simulation time 268.001,400,000 s)
2024-06-03 19:15:01,495 INFO  - I'm in better position but no more hops in message (at simulation time 268.001,400,000 s)
2024-06-03 19:15:01,495 INFO  - Recieve a message from other vehicle (at simulation time 268.001,400,000 s)
2024-06-03 19:15:01,495 INFO  - I'm in better position but no more hops in message (at simulation time 268.001,400,000 s)
2024-06-03 19:15:01,495 INFO  - Recieve a message from other vehicle (at simulation time 268.001,400,000 s)
2024-06-03 19:15:01,495 INFO  - I'm in better position but no more hops in message (at simulation time 268.001,400,000 s)
2024-06-03 19:15:01,495 INFO  - Recieve a message from other vehicle (at simulation time 268.001,400,000 s)
2024-06-03 19:15:01,495 INFO  - My position is not better! (at simulation time 268.001,400,000 s)
2024-06-03 19:15:01,495 INFO  - Recieve a message from other vehicle (at simulation time 268.001,400,000 s)
2024-06-03 19:15:01,495 INFO  - I'm in better position but no more hops in message (at simulation time 268.001,400,000 s)
2024-06-03 19:15:01,495 INFO  - Recieve a message from other vehicle (at simulation time 268.001,800,000 s)
2024-06-03 19:15:01,495 INFO  - I'm in better position but no more hops in message (at simulation time 268.001,800,000 s)
2024-06-03 19:15:01,496 INFO  - Recieve a message from other vehicle (at simulation time 268.001,900,000 s)
2024-06-03 19:15:01,496 INFO  - My position is not better! (at simulation time 268.001,900,000 s)
2024-06-03 19:15:01,496 INFO  - Recieve a message from other vehicle (at simulation time 268.002,400,000 s)
2024-06-03 19:15:01,496 INFO  - I'm in better position but no more hops in message (at simulation time 268.002,400,000 s)
2024-06-03 19:15:01,496 INFO  - Recieve a message from other vehicle (at simulation time 268.002,400,000 s)
2024-06-03 19:15:01,496 INFO  - I'm in better position but no more hops in message (at simulation time 268.002,400,000 s)
2024-06-03 19:15:01,496 INFO  - Recieve a message from other vehicle (at simulation time 268.002,400,000 s)
2024-06-03 19:15:01,496 INFO  - I'm in better position but no more hops in message (at simulation time 268.002,400,000 s)
2024-06-03 19:15:01,496 INFO  - Recieve a message from other vehicle (at simulation time 268.002,800,000 s)
2024-06-03 19:15:01,496 INFO  - DENM message Recived from veh_46 -info : seco (at simulation time 268.002,800,000 s)
2024-06-03 19:15:01,496 INFO  - No more hops in DENM message (at simulation time 268.002,800,000 s)
2024-06-03 19:15:01,496 INFO  - Recieve a message from RSU (at simulation time 268.030,100,433 s)
2024-06-03 19:15:01,496 INFO  - Recieve a message from RSU (at simulation time 268.055,805,765 s)
2024-06-03 19:15:01,496 INFO  - Recieve a message from RSU (at simulation time 268.718,395,411 s)
2024-06-03 19:15:01,496 INFO  - Recieve a message from RSU (at simulation time 268.720,740,827 s)
2024-06-03 19:15:01,498 INFO  - Called #onVehicleUpdated (at simulation time 269.000,000,000 s)
2024-06-03 19:15:01,498 INFO  - Sending out AdHoc broadcast (at simulation time 269.000,000,000 s)
2024-06-03 19:15:01,498 INFO  - Recieve a message from other vehicle (at simulation time 269.000,400,000 s)
2024-06-03 19:15:01,498 INFO  - My position is not better! (at simulation time 269.000,400,000 s)
2024-06-03 19:15:01,499 INFO  - Recieve a message from other vehicle (at simulation time 269.000,400,000 s)
2024-06-03 19:15:01,499 INFO  - I'm in better position but no more hops in message (at simulation time 269.000,400,000 s)
2024-06-03 19:15:01,499 INFO  - Recieve a message from other vehicle (at simulation time 269.000,900,000 s)
2024-06-03 19:15:01,499 INFO  - I'm in better position but no more hops in message (at simulation time 269.000,900,000 s)
2024-06-03 19:15:01,499 INFO  - Recieve a message from other vehicle (at simulation time 269.000,900,000 s)
2024-06-03 19:15:01,499 INFO  - I'm in better position but no more hops in message (at simulation time 269.000,900,000 s)
2024-06-03 19:15:01,500 INFO  - Recieve a message from other vehicle (at simulation time 269.001,400,000 s)
2024-06-03 19:15:01,500 INFO  - I'm in better position but no more hops in message (at simulation time 269.001,400,000 s)
2024-06-03 19:15:01,500 INFO  - Recieve a message from other vehicle (at simulation time 269.001,400,000 s)
2024-06-03 19:15:01,500 INFO  - I'm in better position but no more hops in message (at simulation time 269.001,400,000 s)
2024-06-03 19:15:01,500 INFO  - Recieve a message from other vehicle (at simulation time 269.001,900,000 s)
2024-06-03 19:15:01,500 INFO  - I'm in better position but no more hops in message (at simulation time 269.001,900,000 s)
2024-06-03 19:15:01,501 INFO  - Recieve a message from other vehicle (at simulation time 269.002,400,000 s)
2024-06-03 19:15:01,501 INFO  - My position is not better! (at simulation time 269.002,400,000 s)
2024-06-03 19:15:01,501 INFO  - Recieve a message from other vehicle (at simulation time 269.002,400,000 s)
2024-06-03 19:15:01,501 INFO  - My position is not better! (at simulation time 269.002,400,000 s)
2024-06-03 19:15:01,501 INFO  - Recieve a message from other vehicle (at simulation time 269.002,400,000 s)
2024-06-03 19:15:01,501 INFO  - I'm in better position but no more hops in message (at simulation time 269.002,400,000 s)
2024-06-03 19:15:01,501 INFO  - Recieve a message from other vehicle (at simulation time 269.002,400,000 s)
2024-06-03 19:15:01,501 INFO  - My position is not better! (at simulation time 269.002,400,000 s)
2024-06-03 19:15:01,501 INFO  - Recieve a message from RSU (at simulation time 269.435,801,966 s)
2024-06-03 19:15:01,501 INFO  - Recieve a message from RSU (at simulation time 269.447,567,448 s)
2024-06-03 19:15:01,506 INFO  - Called #onVehicleUpdated (at simulation time 270.000,000,000 s)
2024-06-03 19:15:01,506 INFO  - Sending out AdHoc broadcast (at simulation time 270.000,000,000 s)
2024-06-03 19:15:01,506 INFO  - Sending out AdHoc broadcast (at simulation time 270.000,000,000 s)
2024-06-03 19:15:01,507 INFO  - Recieve a message from other vehicle (at simulation time 270.000,400,000 s)
2024-06-03 19:15:01,507 INFO  - I'm in better position but no more hops in message (at simulation time 270.000,400,000 s)
2024-06-03 19:15:01,507 INFO  - Recieve a message from other vehicle (at simulation time 270.000,400,000 s)
2024-06-03 19:15:01,507 INFO  - I'm in better position but no more hops in message (at simulation time 270.000,400,000 s)
2024-06-03 19:15:01,507 INFO  - Recieve a message from other vehicle (at simulation time 270.000,900,000 s)
2024-06-03 19:15:01,507 INFO  - I'm in better position but no more hops in message (at simulation time 270.000,900,000 s)
2024-06-03 19:15:01,507 INFO  - Recieve a message from other vehicle (at simulation time 270.000,900,000 s)
2024-06-03 19:15:01,507 INFO  - My position is not better! (at simulation time 270.000,900,000 s)
2024-06-03 19:15:01,507 INFO  - Recieve a message from other vehicle (at simulation time 270.000,900,000 s)
2024-06-03 19:15:01,507 INFO  - I'm in better position but no more hops in message (at simulation time 270.000,900,000 s)
2024-06-03 19:15:01,508 INFO  - Recieve a message from other vehicle (at simulation time 270.001,900,000 s)
2024-06-03 19:15:01,508 INFO  - My position is not better! (at simulation time 270.001,900,000 s)
2024-06-03 19:15:01,508 INFO  - Recieve a message from other vehicle (at simulation time 270.001,900,000 s)
2024-06-03 19:15:01,508 INFO  - My position is not better! (at simulation time 270.001,900,000 s)
2024-06-03 19:15:01,508 INFO  - Recieve a message from other vehicle (at simulation time 270.001,900,000 s)
2024-06-03 19:15:01,508 INFO  - I'm in better position but no more hops in message (at simulation time 270.001,900,000 s)
2024-06-03 19:15:01,508 INFO  - Recieve a message from other vehicle (at simulation time 270.001,900,000 s)
2024-06-03 19:15:01,508 INFO  - I'm in better position but no more hops in message (at simulation time 270.001,900,000 s)
2024-06-03 19:15:01,508 INFO  - Recieve a message from other vehicle (at simulation time 270.001,900,000 s)
2024-06-03 19:15:01,508 INFO  - I'm in better position but no more hops in message (at simulation time 270.001,900,000 s)
2024-06-03 19:15:01,508 INFO  - Recieve a message from other vehicle (at simulation time 270.002,400,000 s)
2024-06-03 19:15:01,508 INFO  - I'm in better position but no more hops in message (at simulation time 270.002,400,000 s)
2024-06-03 19:15:01,508 INFO  - Recieve a message from other vehicle (at simulation time 270.002,400,000 s)
2024-06-03 19:15:01,508 INFO  - My position is not better! (at simulation time 270.002,400,000 s)
2024-06-03 19:15:01,509 INFO  - Recieve a message from other vehicle (at simulation time 270.002,400,000 s)
2024-06-03 19:15:01,509 INFO  - I'm in better position but no more hops in message (at simulation time 270.002,400,000 s)
2024-06-03 19:15:01,509 INFO  - Recieve a message from RSU (at simulation time 270.121,081,209 s)
2024-06-03 19:15:01,509 INFO  - Recieve a message from RSU (at simulation time 270.136,523,065 s)
2024-06-03 19:15:01,509 INFO  - Recieve a message from RSU (at simulation time 270.818,072,086 s)
2024-06-03 19:15:01,509 INFO  - Recieve a message from RSU (at simulation time 270.834,950,485 s)
2024-06-03 19:15:01,511 INFO  - Called #onVehicleUpdated (at simulation time 271.000,000,000 s)
2024-06-03 19:15:01,511 INFO  - Sending out AdHoc broadcast (at simulation time 271.000,000,000 s)
2024-06-03 19:15:01,512 INFO  - Recieve a message from other vehicle (at simulation time 271.000,400,000 s)
2024-06-03 19:15:01,512 INFO  - My position is not better! (at simulation time 271.000,400,000 s)
2024-06-03 19:15:01,512 INFO  - Recieve a message from other vehicle (at simulation time 271.000,400,000 s)
2024-06-03 19:15:01,512 INFO  - My position is not better! (at simulation time 271.000,400,000 s)
2024-06-03 19:15:01,512 INFO  - Recieve a message from other vehicle (at simulation time 271.000,400,000 s)
2024-06-03 19:15:01,512 INFO  - My position is not better! (at simulation time 271.000,400,000 s)
2024-06-03 19:15:01,512 INFO  - Recieve a message from other vehicle (at simulation time 271.000,400,000 s)
2024-06-03 19:15:01,512 INFO  - My position is not better! (at simulation time 271.000,400,000 s)
2024-06-03 19:15:01,512 INFO  - Recieve a message from other vehicle (at simulation time 271.000,400,000 s)
2024-06-03 19:15:01,512 INFO  - I'm in better position but no more hops in message (at simulation time 271.000,400,000 s)
2024-06-03 19:15:01,513 INFO  - Recieve a message from other vehicle (at simulation time 271.000,900,000 s)
2024-06-03 19:15:01,513 INFO  - I'm in better position but no more hops in message (at simulation time 271.000,900,000 s)
2024-06-03 19:15:01,513 INFO  - Recieve a message from other vehicle (at simulation time 271.000,900,000 s)
2024-06-03 19:15:01,513 INFO  - I'm in better position but no more hops in message (at simulation time 271.000,900,000 s)
2024-06-03 19:15:01,513 INFO  - Recieve a message from other vehicle (at simulation time 271.001,400,000 s)
2024-06-03 19:15:01,513 INFO  - I'm in better position but no more hops in message (at simulation time 271.001,400,000 s)
2024-06-03 19:15:01,513 INFO  - Recieve a message from other vehicle (at simulation time 271.001,400,000 s)
2024-06-03 19:15:01,513 INFO  - My position is not better! (at simulation time 271.001,400,000 s)
2024-06-03 19:15:01,513 INFO  - Recieve a message from other vehicle (at simulation time 271.001,800,000 s)
2024-06-03 19:15:01,513 INFO  - My position is not better! (at simulation time 271.001,800,000 s)
2024-06-03 19:15:01,514 INFO  - Recieve a message from other vehicle (at simulation time 271.001,900,000 s)
2024-06-03 19:15:01,514 INFO  - I'm in better position but no more hops in message (at simulation time 271.001,900,000 s)
2024-06-03 19:15:01,515 INFO  - Recieve a message from other vehicle (at simulation time 271.002,400,000 s)
2024-06-03 19:15:01,515 INFO  - I'm in better position but no more hops in message (at simulation time 271.002,400,000 s)
2024-06-03 19:15:01,515 INFO  - Recieve a message from other vehicle (at simulation time 271.002,400,000 s)
2024-06-03 19:15:01,515 INFO  - I'm in better position but no more hops in message (at simulation time 271.002,400,000 s)
2024-06-03 19:15:01,515 INFO  - Recieve a message from other vehicle (at simulation time 271.002,800,000 s)
2024-06-03 19:15:01,515 INFO  - My position is not better! (at simulation time 271.002,800,000 s)
2024-06-03 19:15:01,516 INFO  - Recieve a message from other vehicle (at simulation time 271.003,300,000 s)
2024-06-03 19:15:01,516 INFO  - My position is not better! (at simulation time 271.003,300,000 s)
2024-06-03 19:15:01,516 INFO  - Recieve a message from other vehicle (at simulation time 271.003,800,000 s)
2024-06-03 19:15:01,516 INFO  - My position is not better! (at simulation time 271.003,800,000 s)
2024-06-03 19:15:01,516 INFO  - Recieve a message from RSU (at simulation time 271.515,202,201 s)
2024-06-03 19:15:01,516 INFO  - Recieve a message from RSU (at simulation time 271.543,679,199 s)
2024-06-03 19:15:01,518 INFO  - Called #onVehicleUpdated (at simulation time 272.000,000,000 s)
2024-06-03 19:15:01,518 INFO  - Sending out AdHoc broadcast (at simulation time 272.000,000,000 s)
2024-06-03 19:15:01,518 INFO  - Sending out AdHoc broadcast (at simulation time 272.000,000,000 s)
2024-06-03 19:15:01,520 INFO  - Recieve a message from other vehicle (at simulation time 272.000,400,000 s)
2024-06-03 19:15:01,520 INFO  - Recending a message from other vehicle (at simulation time 272.000,400,000 s)
2024-06-03 19:15:01,520 INFO  - Recieve a message from other vehicle (at simulation time 272.000,400,000 s)
2024-06-03 19:15:01,520 INFO  - Recending a message from other vehicle (at simulation time 272.000,400,000 s)
2024-06-03 19:15:01,520 INFO  - Recieve a message from other vehicle (at simulation time 272.000,400,000 s)
2024-06-03 19:15:01,520 INFO  - I'm in better position but no more hops in message (at simulation time 272.000,400,000 s)
2024-06-03 19:15:01,521 INFO  - Recieve a message from other vehicle (at simulation time 272.000,800,000 s)
2024-06-03 19:15:01,521 INFO  - I'm in better position but no more hops in message (at simulation time 272.000,800,000 s)
2024-06-03 19:15:01,521 INFO  - Recieve a message from other vehicle (at simulation time 272.000,900,000 s)
2024-06-03 19:15:01,521 INFO  - I'm in better position but no more hops in message (at simulation time 272.000,900,000 s)
2024-06-03 19:15:01,521 INFO  - Recieve a message from other vehicle (at simulation time 272.000,900,000 s)
2024-06-03 19:15:01,521 INFO  - I'm in better position but no more hops in message (at simulation time 272.000,900,000 s)
2024-06-03 19:15:01,521 INFO  - Recieve a message from other vehicle (at simulation time 272.000,900,000 s)
2024-06-03 19:15:01,521 INFO  - I'm in better position but no more hops in message (at simulation time 272.000,900,000 s)
2024-06-03 19:15:01,521 INFO  - Recieve a message from other vehicle (at simulation time 272.000,900,000 s)
2024-06-03 19:15:01,521 INFO  - I'm in better position but no more hops in message (at simulation time 272.000,900,000 s)
2024-06-03 19:15:01,522 INFO  - Recieve a message from other vehicle (at simulation time 272.001,400,000 s)
2024-06-03 19:15:01,522 INFO  - I'm in better position but no more hops in message (at simulation time 272.001,400,000 s)
2024-06-03 19:15:01,522 INFO  - Recieve a message from other vehicle (at simulation time 272.001,400,000 s)
2024-06-03 19:15:01,522 INFO  - I'm in better position but no more hops in message (at simulation time 272.001,400,000 s)
2024-06-03 19:15:01,523 INFO  - Recieve a message from other vehicle (at simulation time 272.001,900,000 s)
2024-06-03 19:15:01,523 INFO  - I'm in better position but no more hops in message (at simulation time 272.001,900,000 s)
2024-06-03 19:15:01,523 INFO  - Recieve a message from other vehicle (at simulation time 272.001,900,000 s)
2024-06-03 19:15:01,523 INFO  - I'm in better position but no more hops in message (at simulation time 272.001,900,000 s)
2024-06-03 19:15:01,523 INFO  - Recieve a message from other vehicle (at simulation time 272.001,900,000 s)
2024-06-03 19:15:01,523 INFO  - My position is not better! (at simulation time 272.001,900,000 s)
2024-06-03 19:15:01,523 INFO  - Recieve a message from other vehicle (at simulation time 272.002,300,000 s)
2024-06-03 19:15:01,523 INFO  - I'm in better position but no more hops in message (at simulation time 272.002,300,000 s)
2024-06-03 19:15:01,524 INFO  - Recieve a message from other vehicle (at simulation time 272.002,400,000 s)
2024-06-03 19:15:01,524 INFO  - My position is not better! (at simulation time 272.002,400,000 s)
2024-06-03 19:15:01,524 INFO  - Recieve a message from other vehicle (at simulation time 272.002,800,000 s)
2024-06-03 19:15:01,524 INFO  - I'm in better position but no more hops in message (at simulation time 272.002,800,000 s)
2024-06-03 19:15:01,524 INFO  - Recieve a message from RSU (at simulation time 272.215,278,884 s)
2024-06-03 19:15:01,524 INFO  - Recieve a message from RSU (at simulation time 272.229,859,844 s)
2024-06-03 19:15:01,525 INFO  - Recieve a message from RSU (at simulation time 272.930,590,443 s)
2024-06-03 19:15:01,525 INFO  - Recieve a message from RSU (at simulation time 272.955,869,987 s)
2024-06-03 19:15:01,526 INFO  - Called #onVehicleUpdated (at simulation time 273.000,000,000 s)
2024-06-03 19:15:01,527 INFO  - Sending out AdHoc broadcast (at simulation time 273.000,000,000 s)
2024-06-03 19:15:01,527 INFO  - Recieve a message from other vehicle (at simulation time 273.000,400,000 s)
2024-06-03 19:15:01,527 INFO  - Recending a message from other vehicle (at simulation time 273.000,400,000 s)
2024-06-03 19:15:01,528 INFO  - Recieve a message from other vehicle (at simulation time 273.000,400,000 s)
2024-06-03 19:15:01,528 INFO  - Recending a message from other vehicle (at simulation time 273.000,400,000 s)
2024-06-03 19:15:01,528 INFO  - Recieve a message from other vehicle (at simulation time 273.000,400,000 s)
2024-06-03 19:15:01,528 INFO  - I'm in better position but no more hops in message (at simulation time 273.000,400,000 s)
2024-06-03 19:15:01,528 INFO  - Recieve a message from other vehicle (at simulation time 273.000,400,000 s)
2024-06-03 19:15:01,528 INFO  - I'm in better position but no more hops in message (at simulation time 273.000,400,000 s)
2024-06-03 19:15:01,528 INFO  - Recieve a message from other vehicle (at simulation time 273.000,400,000 s)
2024-06-03 19:15:01,528 INFO  - I'm in better position but no more hops in message (at simulation time 273.000,400,000 s)
2024-06-03 19:15:01,528 INFO  - Recieve a message from other vehicle (at simulation time 273.000,900,000 s)
2024-06-03 19:15:01,528 INFO  - My position is not better! (at simulation time 273.000,900,000 s)
2024-06-03 19:15:01,529 INFO  - Recieve a message from other vehicle (at simulation time 273.001,400,000 s)
2024-06-03 19:15:01,529 INFO  - I'm in better position but no more hops in message (at simulation time 273.001,400,000 s)
2024-06-03 19:15:01,529 INFO  - Recieve a message from other vehicle (at simulation time 273.001,400,000 s)
2024-06-03 19:15:01,529 INFO  - My position is not better! (at simulation time 273.001,400,000 s)
2024-06-03 19:15:01,530 INFO  - Recieve a message from other vehicle (at simulation time 273.001,800,000 s)
2024-06-03 19:15:01,530 INFO  - I'm in better position but no more hops in message (at simulation time 273.001,800,000 s)
2024-06-03 19:15:01,530 INFO  - Recieve a message from other vehicle (at simulation time 273.001,800,000 s)
2024-06-03 19:15:01,530 INFO  - My position is not better! (at simulation time 273.001,800,000 s)
2024-06-03 19:15:01,530 INFO  - Recieve a message from other vehicle (at simulation time 273.001,800,000 s)
2024-06-03 19:15:01,530 INFO  - My position is not better! (at simulation time 273.001,800,000 s)
2024-06-03 19:15:01,531 INFO  - Recieve a message from other vehicle (at simulation time 273.001,900,000 s)
2024-06-03 19:15:01,531 INFO  - I'm in better position but no more hops in message (at simulation time 273.001,900,000 s)
2024-06-03 19:15:01,531 INFO  - Recieve a message from other vehicle (at simulation time 273.001,900,000 s)
2024-06-03 19:15:01,531 INFO  - I'm in better position but no more hops in message (at simulation time 273.001,900,000 s)
2024-06-03 19:15:01,531 INFO  - Recieve a message from other vehicle (at simulation time 273.002,300,000 s)
2024-06-03 19:15:01,531 INFO  - I'm in better position but no more hops in message (at simulation time 273.002,300,000 s)
2024-06-03 19:15:01,531 INFO  - Recieve a message from other vehicle (at simulation time 273.002,400,000 s)
2024-06-03 19:15:01,531 INFO  - My position is not better! (at simulation time 273.002,400,000 s)
2024-06-03 19:15:01,531 INFO  - Recieve a message from other vehicle (at simulation time 273.002,400,000 s)
2024-06-03 19:15:01,531 INFO  - My position is not better! (at simulation time 273.002,400,000 s)
2024-06-03 19:15:01,532 INFO  - Recieve a message from other vehicle (at simulation time 273.002,400,000 s)
2024-06-03 19:15:01,532 INFO  - I'm in better position but no more hops in message (at simulation time 273.002,400,000 s)
2024-06-03 19:15:01,532 INFO  - Recieve a message from other vehicle (at simulation time 273.002,800,000 s)
2024-06-03 19:15:01,532 INFO  - My position is not better! (at simulation time 273.002,800,000 s)
2024-06-03 19:15:01,533 INFO  - Recieve a message from RSU (at simulation time 273.621,586,024 s)
2024-06-03 19:15:01,533 INFO  - Recieve a message from RSU (at simulation time 273.622,423,510 s)
2024-06-03 19:15:01,535 INFO  - Called #onVehicleUpdated (at simulation time 274.000,000,000 s)
2024-06-03 19:15:01,535 INFO  - Sending out AdHoc broadcast (at simulation time 274.000,000,000 s)
2024-06-03 19:15:01,535 INFO  - Sending out AdHoc broadcast (at simulation time 274.000,000,000 s)
2024-06-03 19:15:01,537 INFO  - Recieve a message from other vehicle (at simulation time 274.000,400,000 s)
2024-06-03 19:15:01,537 INFO  - I'm in better position but no more hops in message (at simulation time 274.000,400,000 s)
2024-06-03 19:15:01,539 INFO  - Recieve a message from other vehicle (at simulation time 274.000,900,000 s)
2024-06-03 19:15:01,539 INFO  - I'm in better position but no more hops in message (at simulation time 274.000,900,000 s)
2024-06-03 19:15:01,539 INFO  - Recieve a message from other vehicle (at simulation time 274.000,900,000 s)
2024-06-03 19:15:01,539 INFO  - My position is not better! (at simulation time 274.000,900,000 s)
2024-06-03 19:15:01,539 INFO  - Recieve a message from other vehicle (at simulation time 274.000,900,000 s)
2024-06-03 19:15:01,539 INFO  - My position is not better! (at simulation time 274.000,900,000 s)
2024-06-03 19:15:01,539 INFO  - Recieve a message from other vehicle (at simulation time 274.000,900,000 s)
2024-06-03 19:15:01,539 INFO  - My position is not better! (at simulation time 274.000,900,000 s)
2024-06-03 19:15:01,539 INFO  - Recieve a message from other vehicle (at simulation time 274.001,300,000 s)
2024-06-03 19:15:01,539 INFO  - I'm in better position but no more hops in message (at simulation time 274.001,300,000 s)
2024-06-03 19:15:01,539 INFO  - Recieve a message from other vehicle (at simulation time 274.001,400,000 s)
2024-06-03 19:15:01,539 INFO  - I'm in better position but no more hops in message (at simulation time 274.001,400,000 s)
2024-06-03 19:15:01,539 INFO  - Recieve a message from other vehicle (at simulation time 274.001,400,000 s)
2024-06-03 19:15:01,539 INFO  - I'm in better position but no more hops in message (at simulation time 274.001,400,000 s)
2024-06-03 19:15:01,540 INFO  - Recieve a message from other vehicle (at simulation time 274.001,400,000 s)
2024-06-03 19:15:01,540 INFO  - My position is not better! (at simulation time 274.001,400,000 s)
2024-06-03 19:15:01,540 INFO  - Recieve a message from other vehicle (at simulation time 274.001,800,000 s)
2024-06-03 19:15:01,540 INFO  - I'm in better position but no more hops in message (at simulation time 274.001,800,000 s)
2024-06-03 19:15:01,540 INFO  - Recieve a message from RSU (at simulation time 274.001,900,000 s)
2024-06-03 19:15:01,540 INFO  - RSU ordered to advance!!! (at simulation time 274.001,900,000 s)
2024-06-03 19:15:01,540 INFO  - Recieve a message from other vehicle (at simulation time 274.001,900,000 s)
2024-06-03 19:15:01,540 INFO  - My position is not better! (at simulation time 274.001,900,000 s)
2024-06-03 19:15:01,541 INFO  - Recieve a message from other vehicle (at simulation time 274.002,300,000 s)
2024-06-03 19:15:01,541 INFO  - I'm in better position but no more hops in message (at simulation time 274.002,300,000 s)
2024-06-03 19:15:01,541 INFO  - Recieve a message from other vehicle (at simulation time 274.002,400,000 s)
2024-06-03 19:15:01,541 INFO  - I'm in better position but no more hops in message (at simulation time 274.002,400,000 s)
2024-06-03 19:15:01,541 INFO  - Recieve a message from other vehicle (at simulation time 274.002,400,000 s)
2024-06-03 19:15:01,541 INFO  - I'm in better position but no more hops in message (at simulation time 274.002,400,000 s)
2024-06-03 19:15:01,542 INFO  - Recieve a message from RSU (at simulation time 274.319,729,867 s)
2024-06-03 19:15:01,542 INFO  - Recieve a message from RSU (at simulation time 274.346,422,818 s)
2024-06-03 19:15:01,547 INFO  - Called #onVehicleUpdated (at simulation time 275.000,000,000 s)
2024-06-03 19:15:01,547 INFO  - Sending out AdHoc broadcast (at simulation time 275.000,000,000 s)
2024-06-03 19:15:01,548 INFO  - Recieve a message from other vehicle (at simulation time 275.000,400,000 s)
2024-06-03 19:15:01,548 INFO  - I'm in better position but no more hops in message (at simulation time 275.000,400,000 s)
2024-06-03 19:15:01,549 INFO  - Recieve a message from other vehicle (at simulation time 275.001,400,000 s)
2024-06-03 19:15:01,549 INFO  - I'm in better position but no more hops in message (at simulation time 275.001,400,000 s)
2024-06-03 19:15:01,549 INFO  - Recieve a message from other vehicle (at simulation time 275.001,400,000 s)
2024-06-03 19:15:01,549 INFO  - I'm in better position but no more hops in message (at simulation time 275.001,400,000 s)
2024-06-03 19:15:01,549 INFO  - Recieve a message from other vehicle (at simulation time 275.001,400,000 s)
2024-06-03 19:15:01,549 INFO  - I'm in better position but no more hops in message (at simulation time 275.001,400,000 s)
2024-06-03 19:15:01,549 INFO  - Recieve a message from other vehicle (at simulation time 275.001,400,000 s)
2024-06-03 19:15:01,549 INFO  - My position is not better! (at simulation time 275.001,400,000 s)
2024-06-03 19:15:01,549 INFO  - Recieve a message from other vehicle (at simulation time 275.001,400,000 s)
2024-06-03 19:15:01,549 INFO  - I'm in better position but no more hops in message (at simulation time 275.001,400,000 s)
2024-06-03 19:15:01,549 INFO  - Recieve a message from other vehicle (at simulation time 275.001,400,000 s)
2024-06-03 19:15:01,549 INFO  - I'm in better position but no more hops in message (at simulation time 275.001,400,000 s)
2024-06-03 19:15:01,550 INFO  - Recieve a message from other vehicle (at simulation time 275.001,800,000 s)
2024-06-03 19:15:01,550 INFO  - I'm in better position but no more hops in message (at simulation time 275.001,800,000 s)
2024-06-03 19:15:01,550 INFO  - Recieve a message from other vehicle (at simulation time 275.001,900,000 s)
2024-06-03 19:15:01,550 INFO  - I'm in better position but no more hops in message (at simulation time 275.001,900,000 s)
2024-06-03 19:15:01,551 INFO  - Recieve a message from other vehicle (at simulation time 275.002,400,000 s)
2024-06-03 19:15:01,551 INFO  - I'm in better position but no more hops in message (at simulation time 275.002,400,000 s)
2024-06-03 19:15:01,551 INFO  - Recieve a message from RSU (at simulation time 275.026,711,585 s)
2024-06-03 19:15:01,552 INFO  - Recieve a message from RSU (at simulation time 275.039,411,134 s)
2024-06-03 19:15:01,552 INFO  - Recieve a message from RSU (at simulation time 275.734,118,685 s)
2024-06-03 19:15:01,552 INFO  - Recieve a message from RSU (at simulation time 275.747,764,167 s)
2024-06-03 19:15:01,554 INFO  - Called #onVehicleUpdated (at simulation time 276.000,000,000 s)
2024-06-03 19:15:01,554 INFO  - Sending out AdHoc broadcast (at simulation time 276.000,000,000 s)
2024-06-03 19:15:01,554 INFO  - Sending out AdHoc broadcast (at simulation time 276.000,000,000 s)
2024-06-03 19:15:01,556 INFO  - Recieve a message from other vehicle (at simulation time 276.000,400,000 s)
2024-06-03 19:15:01,556 INFO  - I'm in better position but no more hops in message (at simulation time 276.000,400,000 s)
2024-06-03 19:15:01,556 INFO  - Recieve a message from other vehicle (at simulation time 276.000,400,000 s)
2024-06-03 19:15:01,556 INFO  - I'm in better position but no more hops in message (at simulation time 276.000,400,000 s)
2024-06-03 19:15:01,557 INFO  - Recieve a message from other vehicle (at simulation time 276.000,900,000 s)
2024-06-03 19:15:01,557 INFO  - I'm in better position but no more hops in message (at simulation time 276.000,900,000 s)
2024-06-03 19:15:01,558 INFO  - Recieve a message from other vehicle (at simulation time 276.001,400,000 s)
2024-06-03 19:15:01,558 INFO  - I'm in better position but no more hops in message (at simulation time 276.001,400,000 s)
2024-06-03 19:15:01,558 INFO  - Recieve a message from other vehicle (at simulation time 276.001,400,000 s)
2024-06-03 19:15:01,558 INFO  - I'm in better position but no more hops in message (at simulation time 276.001,400,000 s)
2024-06-03 19:15:01,558 INFO  - Recieve a message from other vehicle (at simulation time 276.001,400,000 s)
2024-06-03 19:15:01,558 INFO  - I'm in better position but no more hops in message (at simulation time 276.001,400,000 s)
2024-06-03 19:15:01,558 INFO  - Recieve a message from other vehicle (at simulation time 276.001,400,000 s)
2024-06-03 19:15:01,558 INFO  - My position is not better! (at simulation time 276.001,400,000 s)
2024-06-03 19:15:01,558 INFO  - Recieve a message from other vehicle (at simulation time 276.001,800,000 s)
2024-06-03 19:15:01,558 INFO  - I'm in better position but no more hops in message (at simulation time 276.001,800,000 s)
2024-06-03 19:15:01,558 INFO  - Recieve a message from other vehicle (at simulation time 276.001,900,000 s)
2024-06-03 19:15:01,558 INFO  - I'm in better position but no more hops in message (at simulation time 276.001,900,000 s)
2024-06-03 19:15:01,558 INFO  - Recieve a message from other vehicle (at simulation time 276.001,900,000 s)
2024-06-03 19:15:01,558 INFO  - I'm in better position but no more hops in message (at simulation time 276.001,900,000 s)
2024-06-03 19:15:01,559 INFO  - Recieve a message from other vehicle (at simulation time 276.002,400,000 s)
2024-06-03 19:15:01,559 INFO  - I'm in better position but no more hops in message (at simulation time 276.002,400,000 s)
2024-06-03 19:15:01,559 INFO  - Recieve a message from other vehicle (at simulation time 276.002,400,000 s)
2024-06-03 19:15:01,559 INFO  - I'm in better position but no more hops in message (at simulation time 276.002,400,000 s)
2024-06-03 19:15:01,559 INFO  - Recieve a message from other vehicle (at simulation time 276.002,800,000 s)
2024-06-03 19:15:01,559 INFO  - I'm in better position but no more hops in message (at simulation time 276.002,800,000 s)
2024-06-03 19:15:01,560 INFO  - Recieve a message from other vehicle (at simulation time 276.004,300,000 s)
2024-06-03 19:15:01,560 INFO  - My position is not better! (at simulation time 276.004,300,000 s)
2024-06-03 19:15:01,560 INFO  - Recieve a message from other vehicle (at simulation time 276.004,800,000 s)
2024-06-03 19:15:01,560 INFO  - My position is not better! (at simulation time 276.004,800,000 s)
2024-06-03 19:15:01,560 INFO  - Recieve a message from RSU (at simulation time 276.419,779,337 s)
2024-06-03 19:15:01,560 INFO  - Recieve a message from RSU (at simulation time 276.438,209,041 s)
2024-06-03 19:15:01,562 INFO  - Called #onVehicleUpdated (at simulation time 277.000,000,000 s)
2024-06-03 19:15:01,562 INFO  - Sending out AdHoc broadcast (at simulation time 277.000,000,000 s)
2024-06-03 19:15:01,562 INFO  - Recieve a message from other vehicle (at simulation time 277.000,400,000 s)
2024-06-03 19:15:01,562 INFO  - I'm in better position but no more hops in message (at simulation time 277.000,400,000 s)
2024-06-03 19:15:01,563 INFO  - Recieve a message from other vehicle (at simulation time 277.000,800,000 s)
2024-06-03 19:15:01,563 INFO  - I'm in better position but no more hops in message (at simulation time 277.000,800,000 s)
2024-06-03 19:15:01,563 INFO  - Recieve a message from other vehicle (at simulation time 277.001,400,000 s)
2024-06-03 19:15:01,563 INFO  - I'm in better position but no more hops in message (at simulation time 277.001,400,000 s)
2024-06-03 19:15:01,563 INFO  - Recieve a message from other vehicle (at simulation time 277.001,400,000 s)
2024-06-03 19:15:01,563 INFO  - I'm in better position but no more hops in message (at simulation time 277.001,400,000 s)
2024-06-03 19:15:01,563 INFO  - Recieve a message from other vehicle (at simulation time 277.001,400,000 s)
2024-06-03 19:15:01,563 INFO  - I'm in better position but no more hops in message (at simulation time 277.001,400,000 s)
2024-06-03 19:15:01,563 INFO  - Recieve a message from other vehicle (at simulation time 277.001,900,000 s)
2024-06-03 19:15:01,563 INFO  - I'm in better position but no more hops in message (at simulation time 277.001,900,000 s)
2024-06-03 19:15:01,563 INFO  - Recieve a message from other vehicle (at simulation time 277.001,900,000 s)
2024-06-03 19:15:01,563 INFO  - Recending a message from other vehicle (at simulation time 277.001,900,000 s)
2024-06-03 19:15:01,563 INFO  - Recieve a message from other vehicle (at simulation time 277.001,900,000 s)
2024-06-03 19:15:01,563 INFO  - I'm in better position but no more hops in message (at simulation time 277.001,900,000 s)
2024-06-03 19:15:01,563 INFO  - Recieve a message from other vehicle (at simulation time 277.001,900,000 s)
2024-06-03 19:15:01,563 INFO  - I'm in better position but no more hops in message (at simulation time 277.001,900,000 s)
2024-06-03 19:15:01,563 INFO  - Recieve a message from other vehicle (at simulation time 277.002,300,000 s)
2024-06-03 19:15:01,563 INFO  - I'm in better position but no more hops in message (at simulation time 277.002,300,000 s)
2024-06-03 19:15:01,563 INFO  - Recieve a message from other vehicle (at simulation time 277.002,400,000 s)
2024-06-03 19:15:01,563 INFO  - I'm in better position but no more hops in message (at simulation time 277.002,400,000 s)
2024-06-03 19:15:01,564 INFO  - Recieve a message from other vehicle (at simulation time 277.002,400,000 s)
2024-06-03 19:15:01,564 INFO  - I'm in better position but no more hops in message (at simulation time 277.002,400,000 s)
2024-06-03 19:15:01,564 INFO  - Recieve a message from other vehicle (at simulation time 277.003,300,000 s)
2024-06-03 19:15:01,564 INFO  - I'm in better position but no more hops in message (at simulation time 277.003,300,000 s)
2024-06-03 19:15:01,564 INFO  - Recieve a message from RSU (at simulation time 277.124,875,297 s)
2024-06-03 19:15:01,564 INFO  - Recieve a message from RSU (at simulation time 277.132,426,171 s)
2024-06-03 19:15:01,564 INFO  - Recieve a message from RSU (at simulation time 277.822,927,668 s)
2024-06-03 19:15:01,564 INFO  - Recieve a message from RSU (at simulation time 277.860,810,144 s)
2024-06-03 19:15:01,565 INFO  - Called #onVehicleUpdated (at simulation time 278.000,000,000 s)
2024-06-03 19:15:01,566 INFO  - Sending out AdHoc broadcast (at simulation time 278.000,000,000 s)
2024-06-03 19:15:01,566 INFO  - Sending out AdHoc broadcast (at simulation time 278.000,000,000 s)
2024-06-03 19:15:01,567 INFO  - Recieve a message from other vehicle (at simulation time 278.000,400,000 s)
2024-06-03 19:15:01,567 INFO  - I'm in better position but no more hops in message (at simulation time 278.000,400,000 s)
2024-06-03 19:15:01,568 INFO  - Recieve a message from other vehicle (at simulation time 278.000,800,000 s)
2024-06-03 19:15:01,568 INFO  - I'm in better position but no more hops in message (at simulation time 278.000,800,000 s)
2024-06-03 19:15:01,568 INFO  - Recieve a message from other vehicle (at simulation time 278.000,900,000 s)
2024-06-03 19:15:01,568 INFO  - I'm in better position but no more hops in message (at simulation time 278.000,900,000 s)
2024-06-03 19:15:01,568 INFO  - Recieve a message from other vehicle (at simulation time 278.000,900,000 s)
2024-06-03 19:15:01,568 INFO  - My position is not better! (at simulation time 278.000,900,000 s)
2024-06-03 19:15:01,569 INFO  - Recieve a message from other vehicle (at simulation time 278.001,400,000 s)
2024-06-03 19:15:01,569 INFO  - I'm in better position but no more hops in message (at simulation time 278.001,400,000 s)
2024-06-03 19:15:01,569 INFO  - Recieve a message from other vehicle (at simulation time 278.001,400,000 s)
2024-06-03 19:15:01,569 INFO  - My position is not better! (at simulation time 278.001,400,000 s)
2024-06-03 19:15:01,569 INFO  - Recieve a message from other vehicle (at simulation time 278.001,400,000 s)
2024-06-03 19:15:01,569 INFO  - My position is not better! (at simulation time 278.001,400,000 s)
2024-06-03 19:15:01,569 INFO  - Recieve a message from other vehicle (at simulation time 278.001,400,000 s)
2024-06-03 19:15:01,569 INFO  - My position is not better! (at simulation time 278.001,400,000 s)
2024-06-03 19:15:01,569 INFO  - Recieve a message from other vehicle (at simulation time 278.001,800,000 s)
2024-06-03 19:15:01,569 INFO  - My position is not better! (at simulation time 278.001,800,000 s)
2024-06-03 19:15:01,570 INFO  - Recieve a message from other vehicle (at simulation time 278.001,900,000 s)
2024-06-03 19:15:01,570 INFO  - My position is not better! (at simulation time 278.001,900,000 s)
2024-06-03 19:15:01,570 INFO  - Recieve a message from other vehicle (at simulation time 278.001,900,000 s)
2024-06-03 19:15:01,570 INFO  - My position is not better! (at simulation time 278.001,900,000 s)
2024-06-03 19:15:01,570 INFO  - Recieve a message from other vehicle (at simulation time 278.001,900,000 s)
2024-06-03 19:15:01,570 INFO  - I'm in better position but no more hops in message (at simulation time 278.001,900,000 s)
2024-06-03 19:15:01,570 INFO  - Recieve a message from other vehicle (at simulation time 278.001,900,000 s)
2024-06-03 19:15:01,570 INFO  - I'm in better position but no more hops in message (at simulation time 278.001,900,000 s)
2024-06-03 19:15:01,570 INFO  - Recieve a message from other vehicle (at simulation time 278.001,900,000 s)
2024-06-03 19:15:01,570 INFO  - My position is not better! (at simulation time 278.001,900,000 s)
2024-06-03 19:15:01,571 INFO  - Recieve a message from other vehicle (at simulation time 278.002,300,000 s)
2024-06-03 19:15:01,571 INFO  - I'm in better position but no more hops in message (at simulation time 278.002,300,000 s)
2024-06-03 19:15:01,571 INFO  - Recieve a message from other vehicle (at simulation time 278.002,400,000 s)
2024-06-03 19:15:01,571 INFO  - My position is not better! (at simulation time 278.002,400,000 s)
2024-06-03 19:15:01,571 INFO  - Recieve a message from other vehicle (at simulation time 278.002,400,000 s)
2024-06-03 19:15:01,571 INFO  - I'm in better position but no more hops in message (at simulation time 278.002,400,000 s)
2024-06-03 19:15:01,571 INFO  - Recieve a message from other vehicle (at simulation time 278.002,400,000 s)
2024-06-03 19:15:01,571 INFO  - I'm in better position but no more hops in message (at simulation time 278.002,400,000 s)
2024-06-03 19:15:01,572 INFO  - Recieve a message from other vehicle (at simulation time 278.002,800,000 s)
2024-06-03 19:15:01,572 INFO  - My position is not better! (at simulation time 278.002,800,000 s)
2024-06-03 19:15:01,572 INFO  - Recieve a message from RSU (at simulation time 278.516,345,624 s)
2024-06-03 19:15:01,573 INFO  - Recieve a message from RSU (at simulation time 278.536,558,345 s)
2024-06-03 19:15:01,575 INFO  - Called #onVehicleUpdated (at simulation time 279.000,000,000 s)
2024-06-03 19:15:01,575 INFO  - Sending out AdHoc broadcast (at simulation time 279.000,000,000 s)
2024-06-03 19:15:01,576 INFO  - Recieve a message from other vehicle (at simulation time 279.000,400,000 s)
2024-06-03 19:15:01,576 INFO  - I'm in better position but no more hops in message (at simulation time 279.000,400,000 s)
2024-06-03 19:15:01,576 INFO  - Recieve a message from other vehicle (at simulation time 279.000,400,000 s)
2024-06-03 19:15:01,576 INFO  - My position is not better! (at simulation time 279.000,400,000 s)
2024-06-03 19:15:01,576 INFO  - Recieve a message from other vehicle (at simulation time 279.000,400,000 s)
2024-06-03 19:15:01,576 INFO  - My position is not better! (at simulation time 279.000,400,000 s)
2024-06-03 19:15:01,576 INFO  - Recieve a message from other vehicle (at simulation time 279.000,400,000 s)
2024-06-03 19:15:01,576 INFO  - My position is not better! (at simulation time 279.000,400,000 s)
2024-06-03 19:15:01,577 INFO  - Recieve a message from other vehicle (at simulation time 279.000,900,000 s)
2024-06-03 19:15:01,577 INFO  - Recending a message from other vehicle (at simulation time 279.000,900,000 s)
2024-06-03 19:15:01,577 INFO  - Recieve a message from other vehicle (at simulation time 279.000,900,000 s)
2024-06-03 19:15:01,577 INFO  - I'm in better position but no more hops in message (at simulation time 279.000,900,000 s)
2024-06-03 19:15:01,577 INFO  - Recieve a message from other vehicle (at simulation time 279.001,300,000 s)
2024-06-03 19:15:01,577 INFO  - My position is not better! (at simulation time 279.001,300,000 s)
2024-06-03 19:15:01,577 INFO  - Recieve a message from other vehicle (at simulation time 279.001,400,000 s)
2024-06-03 19:15:01,577 INFO  - My position is not better! (at simulation time 279.001,400,000 s)
2024-06-03 19:15:01,577 INFO  - Recieve a message from other vehicle (at simulation time 279.001,900,000 s)
2024-06-03 19:15:01,577 INFO  - My position is not better! (at simulation time 279.001,900,000 s)
2024-06-03 19:15:01,577 INFO  - Recieve a message from other vehicle (at simulation time 279.001,900,000 s)
2024-06-03 19:15:01,577 INFO  - My position is not better! (at simulation time 279.001,900,000 s)
2024-06-03 19:15:01,578 INFO  - Recieve a message from other vehicle (at simulation time 279.002,400,000 s)
2024-06-03 19:15:01,578 INFO  - I'm in better position but no more hops in message (at simulation time 279.002,400,000 s)
2024-06-03 19:15:01,578 INFO  - Recieve a message from other vehicle (at simulation time 279.002,400,000 s)
2024-06-03 19:15:01,578 INFO  - My position is not better! (at simulation time 279.002,400,000 s)
2024-06-03 19:15:01,578 INFO  - Recieve a message from other vehicle (at simulation time 279.003,300,000 s)
2024-06-03 19:15:01,578 INFO  - I'm in better position but no more hops in message (at simulation time 279.003,300,000 s)
2024-06-03 19:15:01,582 INFO  - Called #onVehicleUpdated (at simulation time 280.000,000,000 s)
2024-06-03 19:15:01,582 INFO  - Sending out AdHoc broadcast (at simulation time 280.000,000,000 s)
2024-06-03 19:15:01,582 INFO  - Sending out AdHoc broadcast (at simulation time 280.000,000,000 s)
2024-06-03 19:15:01,583 INFO  - Recieve a message from other vehicle (at simulation time 280.000,400,000 s)
2024-06-03 19:15:01,583 INFO  - I'm in better position but no more hops in message (at simulation time 280.000,400,000 s)
2024-06-03 19:15:01,583 INFO  - Recieve a message from other vehicle (at simulation time 280.000,400,000 s)
2024-06-03 19:15:01,583 INFO  - I'm in better position but no more hops in message (at simulation time 280.000,400,000 s)
2024-06-03 19:15:01,583 INFO  - Recieve a message from other vehicle (at simulation time 280.000,400,000 s)
2024-06-03 19:15:01,583 INFO  - My position is not better! (at simulation time 280.000,400,000 s)
2024-06-03 19:15:01,584 INFO  - Recieve a message from other vehicle (at simulation time 280.001,400,000 s)
2024-06-03 19:15:01,584 INFO  - My position is not better! (at simulation time 280.001,400,000 s)
2024-06-03 19:15:01,584 INFO  - Recieve a message from other vehicle (at simulation time 280.001,400,000 s)
2024-06-03 19:15:01,584 INFO  - My position is not better! (at simulation time 280.001,400,000 s)
2024-06-03 19:15:01,584 INFO  - Recieve a message from other vehicle (at simulation time 280.001,900,000 s)
2024-06-03 19:15:01,584 INFO  - My position is not better! (at simulation time 280.001,900,000 s)
2024-06-03 19:15:01,585 INFO  - Recieve a message from other vehicle (at simulation time 280.002,300,000 s)
2024-06-03 19:15:01,585 INFO  - My position is not better! (at simulation time 280.002,300,000 s)
2024-06-03 19:15:01,585 INFO  - Recieve a message from other vehicle (at simulation time 280.002,400,000 s)
2024-06-03 19:15:01,585 INFO  - My position is not better! (at simulation time 280.002,400,000 s)
2024-06-03 19:15:01,585 INFO  - Recieve a message from other vehicle (at simulation time 280.002,400,000 s)
2024-06-03 19:15:01,585 INFO  - My position is not better! (at simulation time 280.002,400,000 s)
2024-06-03 19:15:01,586 INFO  - Recieve a message from other vehicle (at simulation time 280.002,800,000 s)
2024-06-03 19:15:01,586 INFO  - My position is not better! (at simulation time 280.002,800,000 s)
2024-06-03 19:15:01,588 INFO  - Called #onVehicleUpdated (at simulation time 281.000,000,000 s)
2024-06-03 19:15:01,588 INFO  - Sending out AdHoc broadcast (at simulation time 281.000,000,000 s)
2024-06-03 19:15:01,589 INFO  - Recieve a message from other vehicle (at simulation time 281.000,400,000 s)
2024-06-03 19:15:01,589 INFO  - My position is not better! (at simulation time 281.000,400,000 s)
2024-06-03 19:15:01,589 INFO  - Recieve a message from other vehicle (at simulation time 281.000,400,000 s)
2024-06-03 19:15:01,589 INFO  - My position is not better! (at simulation time 281.000,400,000 s)
2024-06-03 19:15:01,590 INFO  - Recieve a message from other vehicle (at simulation time 281.000,900,000 s)
2024-06-03 19:15:01,590 INFO  - My position is not better! (at simulation time 281.000,900,000 s)
2024-06-03 19:15:01,590 INFO  - Recieve a message from other vehicle (at simulation time 281.001,800,000 s)
2024-06-03 19:15:01,590 INFO  - My position is not better! (at simulation time 281.001,800,000 s)
2024-06-03 19:15:01,591 INFO  - Recieve a message from other vehicle (at simulation time 281.002,400,000 s)
2024-06-03 19:15:01,591 INFO  - My position is not better! (at simulation time 281.002,400,000 s)
2024-06-03 19:15:01,591 INFO  - Recieve a message from other vehicle (at simulation time 281.002,400,000 s)
2024-06-03 19:15:01,591 INFO  - My position is not better! (at simulation time 281.002,400,000 s)
2024-06-03 19:15:01,592 INFO  - Called #onVehicleUpdated (at simulation time 282.000,000,000 s)
2024-06-03 19:15:01,592 INFO  - Sending out AdHoc broadcast (at simulation time 282.000,000,000 s)
2024-06-03 19:15:01,592 INFO  - Sending out AdHoc broadcast (at simulation time 282.000,000,000 s)
2024-06-03 19:15:01,593 INFO  - Recieve a message from other vehicle (at simulation time 282.000,400,000 s)
2024-06-03 19:15:01,593 INFO  - My position is not better! (at simulation time 282.000,400,000 s)
2024-06-03 19:15:01,595 INFO  - Recieve a message from other vehicle (at simulation time 282.002,300,000 s)
2024-06-03 19:15:01,595 INFO  - My position is not better! (at simulation time 282.002,300,000 s)
2024-06-03 19:15:01,595 INFO  - Recieve a message from other vehicle (at simulation time 282.002,400,000 s)
2024-06-03 19:15:01,595 INFO  - My position is not better! (at simulation time 282.002,400,000 s)
2024-06-03 19:15:01,595 INFO  - Recieve a message from other vehicle (at simulation time 282.003,800,000 s)
2024-06-03 19:15:01,595 INFO  - My position is not better! (at simulation time 282.003,800,000 s)
2024-06-03 19:15:01,597 INFO  - Called #onVehicleUpdated (at simulation time 283.000,000,000 s)
2024-06-03 19:15:01,597 INFO  - Sending out AdHoc broadcast (at simulation time 283.000,000,000 s)
2024-06-03 19:15:01,601 INFO  - Called #onVehicleUpdated (at simulation time 284.000,000,000 s)
2024-06-03 19:15:01,601 INFO  - Sending out AdHoc broadcast (at simulation time 284.000,000,000 s)
2024-06-03 19:15:01,601 INFO  - Sending out AdHoc broadcast (at simulation time 284.000,000,000 s)
2024-06-03 19:15:01,609 INFO  - Called #onVehicleUpdated (at simulation time 285.000,000,000 s)
2024-06-03 19:15:01,609 INFO  - Exced velocity! Sending new CAM (at simulation time 285.000,000,000 s)
2024-06-03 19:15:01,609 INFO  - Sending out AdHoc broadcast (at simulation time 285.000,000,000 s)
2024-06-03 19:15:01,610 INFO  - Sending out AdHoc broadcast (at simulation time 285.000,000,000 s)
2024-06-03 19:15:01,613 INFO  - Shutdown (at simulation time 286.000,000,000 s)
