2024-06-03 19:41:33,321 INFO  - Initialize Vehicle application (at simulation time 7.000,000,000 s)
2024-06-03 19:41:33,324 INFO  - Activated WLAN Module (at simulation time 7.000,000,000 s)
2024-06-03 19:41:33,325 INFO  - Called #onVehicleUpdated (at simulation time 7.000,000,000 s)
2024-06-03 19:41:33,333 INFO  - Recieve a message from other vehicle (at simulation time 7.001,400,000 s)
2024-06-03 19:41:33,334 INFO  - My position is not better! (at simulation time 7.001,400,000 s)
2024-06-03 19:41:33,334 INFO  - Recieve a message from other vehicle (at simulation time 7.002,400,000 s)
2024-06-03 19:41:33,334 INFO  - My position is not better! (at simulation time 7.002,400,000 s)
2024-06-03 19:41:33,720 INFO  - Called #onVehicleUpdated (at simulation time 8.000,000,000 s)
2024-06-03 19:41:33,723 INFO  - Define the name: veh_4 and route: r_3 (at simulation time 8.000,000,000 s)
2024-06-03 19:41:33,723 INFO  - Sending out AdHoc broadcast (at simulation time 8.000,000,000 s)
2024-06-03 19:41:33,724 INFO  - Recieve a message from other vehicle (at simulation time 8.000,400,000 s)
2024-06-03 19:41:33,725 INFO  - My position is not better! (at simulation time 8.000,400,000 s)
2024-06-03 19:41:33,727 INFO  - Recieve a message from other vehicle (at simulation time 8.001,800,000 s)
2024-06-03 19:41:33,727 INFO  - My position is not better! (at simulation time 8.001,800,000 s)
2024-06-03 19:41:33,727 INFO  - Recieve a message from other vehicle (at simulation time 8.001,900,000 s)
2024-06-03 19:41:33,727 INFO  - My position is not better! (at simulation time 8.001,900,000 s)
2024-06-03 19:41:34,119 INFO  - Called #onVehicleUpdated (at simulation time 9.000,000,000 s)
2024-06-03 19:41:34,123 INFO  - Recieve a message from other vehicle (at simulation time 9.001,400,000 s)
2024-06-03 19:41:34,123 INFO  - My position is not better! (at simulation time 9.001,400,000 s)
2024-06-03 19:41:34,123 INFO  - Recieve a message from other vehicle (at simulation time 9.001,900,000 s)
2024-06-03 19:41:34,123 INFO  - My position is not better! (at simulation time 9.001,900,000 s)
2024-06-03 19:41:34,124 INFO  - Recieve a message from other vehicle (at simulation time 9.002,400,000 s)
2024-06-03 19:41:34,124 INFO  - My position is not better! (at simulation time 9.002,400,000 s)
2024-06-03 19:41:34,530 INFO  - Called #onVehicleUpdated (at simulation time 10.000,000,000 s)
2024-06-03 19:41:34,531 INFO  - Sending out AdHoc broadcast (at simulation time 10.000,000,000 s)
2024-06-03 19:41:34,533 INFO  - Recieve a message from other vehicle (at simulation time 10.000,900,000 s)
2024-06-03 19:41:34,533 INFO  - My position is not better! (at simulation time 10.000,900,000 s)
2024-06-03 19:41:34,533 INFO  - Recieve a message from other vehicle (at simulation time 10.001,300,000 s)
2024-06-03 19:41:34,533 INFO  - My position is not better! (at simulation time 10.001,300,000 s)
2024-06-03 19:41:34,533 INFO  - Recieve a message from other vehicle (at simulation time 10.001,400,000 s)
2024-06-03 19:41:34,533 INFO  - My position is not better! (at simulation time 10.001,400,000 s)
2024-06-03 19:41:34,534 INFO  - Recieve a message from other vehicle (at simulation time 10.002,400,000 s)
2024-06-03 19:41:34,534 INFO  - My position is not better! (at simulation time 10.002,400,000 s)
2024-06-03 19:41:34,916 INFO  - Called #onVehicleUpdated (at simulation time 11.000,000,000 s)
2024-06-03 19:41:34,916 INFO  - Exced velocity! Sending new CAM (at simulation time 11.000,000,000 s)
2024-06-03 19:41:34,916 INFO  - Sending out AdHoc broadcast (at simulation time 11.000,000,000 s)
2024-06-03 19:41:34,920 INFO  - Recieve a message from other vehicle (at simulation time 11.000,400,000 s)
2024-06-03 19:41:34,920 INFO  - My position is not better! (at simulation time 11.000,400,000 s)
2024-06-03 19:41:34,922 INFO  - Recieve a message from other vehicle (at simulation time 11.001,900,000 s)
2024-06-03 19:41:34,922 INFO  - My position is not better! (at simulation time 11.001,900,000 s)
2024-06-03 19:41:34,922 INFO  - Recieve a message from other vehicle (at simulation time 11.001,900,000 s)
2024-06-03 19:41:34,922 INFO  - My position is not better! (at simulation time 11.001,900,000 s)
2024-06-03 19:41:34,923 INFO  - Recieve a message from other vehicle (at simulation time 11.002,400,000 s)
2024-06-03 19:41:34,923 INFO  - My position is not better! (at simulation time 11.002,400,000 s)
2024-06-03 19:41:34,923 INFO  - Recieve a message from other vehicle (at simulation time 11.002,800,000 s)
2024-06-03 19:41:34,923 INFO  - My position is not better! (at simulation time 11.002,800,000 s)
2024-06-03 19:41:35,317 INFO  - Called #onVehicleUpdated (at simulation time 12.000,000,000 s)
2024-06-03 19:41:35,318 INFO  - Exced velocity! Sending new CAM (at simulation time 12.000,000,000 s)
2024-06-03 19:41:35,318 INFO  - Sending out AdHoc broadcast (at simulation time 12.000,000,000 s)
2024-06-03 19:41:35,322 INFO  - Sending out AdHoc broadcast (at simulation time 12.000,000,000 s)
2024-06-03 19:41:35,325 INFO  - Recieve a message from other vehicle (at simulation time 12.000,400,000 s)
2024-06-03 19:41:35,325 INFO  - My position is not better! (at simulation time 12.000,400,000 s)
2024-06-03 19:41:35,328 INFO  - Recieve a message from other vehicle (at simulation time 12.000,900,000 s)
2024-06-03 19:41:35,328 INFO  - My position is not better! (at simulation time 12.000,900,000 s)
2024-06-03 19:41:35,329 INFO  - Recieve a message from other vehicle (at simulation time 12.001,300,000 s)
2024-06-03 19:41:35,329 INFO  - My position is not better! (at simulation time 12.001,300,000 s)
2024-06-03 19:41:35,333 INFO  - Recieve a message from other vehicle (at simulation time 12.002,300,000 s)
2024-06-03 19:41:35,333 INFO  - My position is not better! (at simulation time 12.002,300,000 s)
2024-06-03 19:41:35,333 INFO  - Recieve a message from other vehicle (at simulation time 12.002,300,000 s)
2024-06-03 19:41:35,333 INFO  - My position is not better! (at simulation time 12.002,300,000 s)
2024-06-03 19:41:35,334 INFO  - Recieve a message from other vehicle (at simulation time 12.002,400,000 s)
2024-06-03 19:41:35,334 INFO  - My position is not better! (at simulation time 12.002,400,000 s)
2024-06-03 19:41:35,334 INFO  - Recieve a message from other vehicle (at simulation time 12.002,800,000 s)
2024-06-03 19:41:35,334 INFO  - My position is not better! (at simulation time 12.002,800,000 s)
2024-06-03 19:41:35,335 INFO  - Recieve a message from other vehicle (at simulation time 12.002,800,000 s)
2024-06-03 19:41:35,335 INFO  - My position is not better! (at simulation time 12.002,800,000 s)
2024-06-03 19:41:35,718 INFO  - Called #onVehicleUpdated (at simulation time 13.000,000,000 s)
2024-06-03 19:41:35,719 INFO  - Sending out AdHoc broadcast (at simulation time 13.000,000,000 s)
2024-06-03 19:41:35,722 INFO  - Recieve a message from other vehicle (at simulation time 13.000,400,000 s)
2024-06-03 19:41:35,722 INFO  - My position is not better! (at simulation time 13.000,400,000 s)
2024-06-03 19:41:35,722 INFO  - Recieve a message from other vehicle (at simulation time 13.000,400,000 s)
2024-06-03 19:41:35,722 INFO  - My position is not better! (at simulation time 13.000,400,000 s)
2024-06-03 19:41:35,724 INFO  - Recieve a message from other vehicle (at simulation time 13.000,900,000 s)
2024-06-03 19:41:35,724 INFO  - My position is not better! (at simulation time 13.000,900,000 s)
2024-06-03 19:41:35,725 INFO  - Recieve a message from other vehicle (at simulation time 13.000,900,000 s)
2024-06-03 19:41:35,725 INFO  - My position is not better! (at simulation time 13.000,900,000 s)
2024-06-03 19:41:35,728 INFO  - Recieve a message from other vehicle (at simulation time 13.001,400,000 s)
2024-06-03 19:41:35,728 INFO  - My position is not better! (at simulation time 13.001,400,000 s)
2024-06-03 19:41:35,729 INFO  - Recieve a message from other vehicle (at simulation time 13.001,400,000 s)
2024-06-03 19:41:35,729 INFO  - My position is not better! (at simulation time 13.001,400,000 s)
2024-06-03 19:41:35,730 INFO  - Recieve a message from other vehicle (at simulation time 13.001,800,000 s)
2024-06-03 19:41:35,730 INFO  - My position is not better! (at simulation time 13.001,800,000 s)
2024-06-03 19:41:35,730 INFO  - Recieve a message from other vehicle (at simulation time 13.001,800,000 s)
2024-06-03 19:41:35,731 INFO  - My position is not better! (at simulation time 13.001,800,000 s)
2024-06-03 19:41:35,731 INFO  - Recieve a message from other vehicle (at simulation time 13.001,800,000 s)
2024-06-03 19:41:35,731 INFO  - My position is not better! (at simulation time 13.001,800,000 s)
2024-06-03 19:41:35,732 INFO  - Recieve a message from other vehicle (at simulation time 13.001,900,000 s)
2024-06-03 19:41:35,732 INFO  - My position is not better! (at simulation time 13.001,900,000 s)
2024-06-03 19:41:35,734 INFO  - Recieve a message from other vehicle (at simulation time 13.002,400,000 s)
2024-06-03 19:41:35,734 INFO  - My position is not better! (at simulation time 13.002,400,000 s)
2024-06-03 19:41:35,735 INFO  - Recieve a message from other vehicle (at simulation time 13.003,300,000 s)
2024-06-03 19:41:35,735 INFO  - My position is not better! (at simulation time 13.003,300,000 s)
2024-06-03 19:41:35,735 INFO  - Recieve a message from other vehicle (at simulation time 13.003,300,000 s)
2024-06-03 19:41:35,735 INFO  - My position is not better! (at simulation time 13.003,300,000 s)
2024-06-03 19:41:35,735 INFO  - Recieve a message from other vehicle (at simulation time 13.003,300,000 s)
2024-06-03 19:41:35,735 INFO  - My position is not better! (at simulation time 13.003,300,000 s)
2024-06-03 19:41:35,736 INFO  - Recieve a message from other vehicle (at simulation time 13.004,300,000 s)
2024-06-03 19:41:35,736 INFO  - My position is not better! (at simulation time 13.004,300,000 s)
2024-06-03 19:41:36,119 INFO  - Called #onVehicleUpdated (at simulation time 14.000,000,000 s)
2024-06-03 19:41:36,119 INFO  - Sending out AdHoc broadcast (at simulation time 14.000,000,000 s)
2024-06-03 19:41:36,121 INFO  - Sending out AdHoc broadcast (at simulation time 14.000,000,000 s)
2024-06-03 19:41:36,128 INFO  - Recieve a message from other vehicle (at simulation time 14.000,900,000 s)
2024-06-03 19:41:36,128 INFO  - My position is not better! (at simulation time 14.000,900,000 s)
2024-06-03 19:41:36,131 INFO  - Recieve a message from other vehicle (at simulation time 14.001,400,000 s)
2024-06-03 19:41:36,131 INFO  - My position is not better! (at simulation time 14.001,400,000 s)
2024-06-03 19:41:36,131 INFO  - Recieve a message from other vehicle (at simulation time 14.001,400,000 s)
2024-06-03 19:41:36,131 INFO  - My position is not better! (at simulation time 14.001,400,000 s)
2024-06-03 19:41:36,133 INFO  - Recieve a message from other vehicle (at simulation time 14.001,800,000 s)
2024-06-03 19:41:36,133 INFO  - My position is not better! (at simulation time 14.001,800,000 s)
2024-06-03 19:41:36,133 INFO  - Recieve a message from other vehicle (at simulation time 14.001,800,000 s)
2024-06-03 19:41:36,133 INFO  - My position is not better! (at simulation time 14.001,800,000 s)
2024-06-03 19:41:36,134 INFO  - Recieve a message from other vehicle (at simulation time 14.001,800,000 s)
2024-06-03 19:41:36,134 INFO  - My position is not better! (at simulation time 14.001,800,000 s)
2024-06-03 19:41:36,134 INFO  - Recieve a message from other vehicle (at simulation time 14.001,800,000 s)
2024-06-03 19:41:36,134 INFO  - My position is not better! (at simulation time 14.001,800,000 s)
2024-06-03 19:41:36,134 INFO  - Recieve a message from other vehicle (at simulation time 14.001,900,000 s)
2024-06-03 19:41:36,134 INFO  - My position is not better! (at simulation time 14.001,900,000 s)
2024-06-03 19:41:36,135 INFO  - Recieve a message from other vehicle (at simulation time 14.001,900,000 s)
2024-06-03 19:41:36,135 INFO  - My position is not better! (at simulation time 14.001,900,000 s)
2024-06-03 19:41:36,135 INFO  - Recieve a message from other vehicle (at simulation time 14.001,900,000 s)
2024-06-03 19:41:36,135 INFO  - My position is not better! (at simulation time 14.001,900,000 s)
2024-06-03 19:41:36,135 INFO  - Recieve a message from other vehicle (at simulation time 14.001,900,000 s)
2024-06-03 19:41:36,135 INFO  - My position is not better! (at simulation time 14.001,900,000 s)
2024-06-03 19:41:36,136 INFO  - Recieve a message from other vehicle (at simulation time 14.002,800,000 s)
2024-06-03 19:41:36,136 INFO  - My position is not better! (at simulation time 14.002,800,000 s)
2024-06-03 19:41:36,137 INFO  - Recieve a message from other vehicle (at simulation time 14.003,300,000 s)
2024-06-03 19:41:36,137 INFO  - My position is not better! (at simulation time 14.003,300,000 s)
2024-06-03 19:41:36,137 INFO  - Recieve a message from other vehicle (at simulation time 14.003,800,000 s)
2024-06-03 19:41:36,137 INFO  - I'm in better position but no more hops in message (at simulation time 14.003,800,000 s)
2024-06-03 19:41:36,532 INFO  - Called #onVehicleUpdated (at simulation time 15.000,000,000 s)
2024-06-03 19:41:36,533 INFO  - Sending out AdHoc broadcast (at simulation time 15.000,000,000 s)
2024-06-03 19:41:36,540 INFO  - Recieve a message from other vehicle (at simulation time 15.000,400,000 s)
2024-06-03 19:41:36,540 INFO  - My position is not better! (at simulation time 15.000,400,000 s)
2024-06-03 19:41:36,542 INFO  - Recieve a message from other vehicle (at simulation time 15.000,800,000 s)
2024-06-03 19:41:36,542 INFO  - DENM message Recived from veh_3 -info : seco (at simulation time 15.000,800,000 s)
2024-06-03 19:41:36,542 INFO  - No more hops in DENM message (at simulation time 15.000,800,000 s)
2024-06-03 19:41:36,543 INFO  - Recieve a message from other vehicle (at simulation time 15.000,900,000 s)
2024-06-03 19:41:36,543 INFO  - DENM message Recived from veh_3 -info : seco (at simulation time 15.000,900,000 s)
2024-06-03 19:41:36,543 INFO  - No more hops in DENM message (at simulation time 15.000,900,000 s)
2024-06-03 19:41:36,544 INFO  - Recieve a message from other vehicle (at simulation time 15.000,900,000 s)
2024-06-03 19:41:36,544 INFO  - My position is not better! (at simulation time 15.000,900,000 s)
2024-06-03 19:41:36,544 INFO  - Recieve a message from other vehicle (at simulation time 15.000,900,000 s)
2024-06-03 19:41:36,544 INFO  - My position is not better! (at simulation time 15.000,900,000 s)
2024-06-03 19:41:36,545 INFO  - Recieve a message from other vehicle (at simulation time 15.001,300,000 s)
2024-06-03 19:41:36,546 INFO  - My position is not better! (at simulation time 15.001,300,000 s)
2024-06-03 19:41:36,546 INFO  - Recieve a message from other vehicle (at simulation time 15.001,300,000 s)
2024-06-03 19:41:36,546 INFO  - My position is not better! (at simulation time 15.001,300,000 s)
2024-06-03 19:41:36,547 INFO  - Recieve a message from other vehicle (at simulation time 15.001,400,000 s)
2024-06-03 19:41:36,547 INFO  - DENM message Recived from veh_0 -info : seco (at simulation time 15.001,400,000 s)
2024-06-03 19:41:36,547 INFO  - Recending a DENM message from other vehicle (at simulation time 15.001,400,000 s)
2024-06-03 19:41:36,548 INFO  - Recieve a message from other vehicle (at simulation time 15.001,400,000 s)
2024-06-03 19:41:36,548 INFO  - My position is not better! (at simulation time 15.001,400,000 s)
2024-06-03 19:41:36,548 INFO  - Recieve a message from other vehicle (at simulation time 15.001,400,000 s)
2024-06-03 19:41:36,548 INFO  - My position is not better! (at simulation time 15.001,400,000 s)
2024-06-03 19:41:36,548 INFO  - Recieve a message from other vehicle (at simulation time 15.001,400,000 s)
2024-06-03 19:41:36,548 INFO  - My position is not better! (at simulation time 15.001,400,000 s)
2024-06-03 19:41:36,548 INFO  - Recieve a message from other vehicle (at simulation time 15.001,400,000 s)
2024-06-03 19:41:36,548 INFO  - My position is not better! (at simulation time 15.001,400,000 s)
2024-06-03 19:41:36,550 INFO  - Recieve a message from other vehicle (at simulation time 15.001,800,000 s)
2024-06-03 19:41:36,550 INFO  - My position is not better! (at simulation time 15.001,800,000 s)
2024-06-03 19:41:36,551 INFO  - Recieve a message from other vehicle (at simulation time 15.001,800,000 s)
2024-06-03 19:41:36,551 INFO  - My position is not better! (at simulation time 15.001,800,000 s)
2024-06-03 19:41:36,555 INFO  - Recieve a message from other vehicle (at simulation time 15.002,300,000 s)
2024-06-03 19:41:36,555 INFO  - DENM message Recived from veh_5 -info : seco (at simulation time 15.002,300,000 s)
2024-06-03 19:41:36,555 INFO  - No more hops in DENM message (at simulation time 15.002,300,000 s)
2024-06-03 19:41:36,558 INFO  - Recieve a message from other vehicle (at simulation time 15.002,400,000 s)
2024-06-03 19:41:36,558 INFO  - DENM message Recived from veh_1 -info : piso-molhado (at simulation time 15.002,400,000 s)
2024-06-03 19:41:36,558 INFO  - I slow down due to road state (at simulation time 15.002,400,000 s)
2024-06-03 19:41:36,558 INFO  - No more hops in DENM message (at simulation time 15.002,400,000 s)
2024-06-03 19:41:36,559 INFO  - Recieve a message from other vehicle (at simulation time 15.002,400,000 s)
2024-06-03 19:41:36,559 INFO  - DENM message Recived from veh_5 -info : seco (at simulation time 15.002,400,000 s)
2024-06-03 19:41:36,559 INFO  - No more hops in DENM message (at simulation time 15.002,400,000 s)
2024-06-03 19:41:36,559 INFO  - Recieve a message from other vehicle (at simulation time 15.002,400,000 s)
2024-06-03 19:41:36,559 INFO  - My position is not better! (at simulation time 15.002,400,000 s)
2024-06-03 19:41:36,559 INFO  - Recieve a message from other vehicle (at simulation time 15.002,400,000 s)
2024-06-03 19:41:36,559 INFO  - My position is not better! (at simulation time 15.002,400,000 s)
2024-06-03 19:41:36,559 INFO  - Recieve a message from other vehicle (at simulation time 15.002,400,000 s)
2024-06-03 19:41:36,560 INFO  - My position is not better! (at simulation time 15.002,400,000 s)
2024-06-03 19:41:36,562 INFO  - Recieve a message from other vehicle (at simulation time 15.002,800,000 s)
2024-06-03 19:41:36,562 INFO  - My position is not better! (at simulation time 15.002,800,000 s)
2024-06-03 19:41:36,562 INFO  - Recieve a message from other vehicle (at simulation time 15.002,800,000 s)
2024-06-03 19:41:36,562 INFO  - My position is not better! (at simulation time 15.002,800,000 s)
2024-06-03 19:41:36,562 INFO  - Recieve a message from other vehicle (at simulation time 15.002,800,000 s)
2024-06-03 19:41:36,562 INFO  - DENM message Recived from veh_1 -info : piso-molhado (at simulation time 15.002,800,000 s)
2024-06-03 19:41:36,562 INFO  - I slow down due to road state (at simulation time 15.002,800,000 s)
2024-06-03 19:41:36,562 INFO  - No more hops in DENM message (at simulation time 15.002,800,000 s)
2024-06-03 19:41:36,918 INFO  - Called #onVehicleUpdated (at simulation time 16.000,000,000 s)
2024-06-03 19:41:36,919 INFO  - Sending out DENM broadcast (at simulation time 16.000,000,000 s)
2024-06-03 19:41:36,919 INFO  - Sending out AdHoc broadcast (at simulation time 16.000,000,000 s)
2024-06-03 19:41:36,921 INFO  - Sending out AdHoc broadcast (at simulation time 16.000,000,000 s)
2024-06-03 19:41:36,924 INFO  - Recieve a message from other vehicle (at simulation time 16.000,400,000 s)
2024-06-03 19:41:36,925 INFO  - Recending a message from other vehicle (at simulation time 16.000,400,000 s)
2024-06-03 19:41:36,925 INFO  - Recieve a message from other vehicle (at simulation time 16.000,400,000 s)
2024-06-03 19:41:36,926 INFO  - Recending a message from other vehicle (at simulation time 16.000,400,000 s)
2024-06-03 19:41:36,926 INFO  - Recieve a message from other vehicle (at simulation time 16.000,800,000 s)
2024-06-03 19:41:36,926 INFO  - DENM message Recived from veh_4 -info : nevoeiro (at simulation time 16.000,800,000 s)
2024-06-03 19:41:36,926 INFO  - No more hops in DENM message (at simulation time 16.000,800,000 s)
2024-06-03 19:41:36,927 INFO  - Recieve a message from other vehicle (at simulation time 16.000,900,000 s)
2024-06-03 19:41:36,928 INFO  - Recending a message from other vehicle (at simulation time 16.000,900,000 s)
2024-06-03 19:41:36,930 INFO  - Recieve a message from other vehicle (at simulation time 16.001,400,000 s)
2024-06-03 19:41:36,930 INFO  - DENM message Recived from veh_2 -info : seco (at simulation time 16.001,400,000 s)
2024-06-03 19:41:36,930 INFO  - No more hops in DENM message (at simulation time 16.001,400,000 s)
2024-06-03 19:41:36,932 INFO  - Recieve a message from other vehicle (at simulation time 16.001,800,000 s)
2024-06-03 19:41:36,932 INFO  - DENM message Recived from veh_2 -info : seco (at simulation time 16.001,800,000 s)
2024-06-03 19:41:36,932 INFO  - No more hops in DENM message (at simulation time 16.001,800,000 s)
2024-06-03 19:41:36,932 INFO  - Recieve a message from other vehicle (at simulation time 16.001,800,000 s)
2024-06-03 19:41:36,932 INFO  - I'm in better position but no more hops in message (at simulation time 16.001,800,000 s)
2024-06-03 19:41:36,933 INFO  - Recieve a message from other vehicle (at simulation time 16.001,900,000 s)
2024-06-03 19:41:36,933 INFO  - I'm in better position but no more hops in message (at simulation time 16.001,900,000 s)
2024-06-03 19:41:36,933 INFO  - Recieve a message from other vehicle (at simulation time 16.001,900,000 s)
2024-06-03 19:41:36,933 INFO  - I'm in better position but no more hops in message (at simulation time 16.001,900,000 s)
2024-06-03 19:41:36,933 INFO  - Recieve a message from other vehicle (at simulation time 16.001,900,000 s)
2024-06-03 19:41:36,933 INFO  - I'm in better position but no more hops in message (at simulation time 16.001,900,000 s)
2024-06-03 19:41:36,934 INFO  - Recieve a message from other vehicle (at simulation time 16.002,300,000 s)
2024-06-03 19:41:36,934 INFO  - My position is not better! (at simulation time 16.002,300,000 s)
2024-06-03 19:41:36,934 INFO  - Recieve a message from other vehicle (at simulation time 16.002,400,000 s)
2024-06-03 19:41:36,934 INFO  - My position is not better! (at simulation time 16.002,400,000 s)
2024-06-03 19:41:36,934 INFO  - Recieve a message from other vehicle (at simulation time 16.002,400,000 s)
2024-06-03 19:41:36,934 INFO  - I'm in better position but no more hops in message (at simulation time 16.002,400,000 s)
2024-06-03 19:41:36,935 INFO  - Recieve a message from other vehicle (at simulation time 16.003,300,000 s)
2024-06-03 19:41:36,935 INFO  - My position is not better! (at simulation time 16.003,300,000 s)
2024-06-03 19:41:37,318 INFO  - Called #onVehicleUpdated (at simulation time 17.000,000,000 s)
2024-06-03 19:41:37,318 INFO  - Sending out AdHoc broadcast (at simulation time 17.000,000,000 s)
2024-06-03 19:41:37,323 INFO  - Recieve a message from other vehicle (at simulation time 17.000,400,000 s)
2024-06-03 19:41:37,323 INFO  - Recending a message from other vehicle (at simulation time 17.000,400,000 s)
2024-06-03 19:41:37,324 INFO  - Recieve a message from other vehicle (at simulation time 17.000,400,000 s)
2024-06-03 19:41:37,324 INFO  - I'm in better position but no more hops in message (at simulation time 17.000,400,000 s)
2024-06-03 19:41:37,324 INFO  - Recieve a message from other vehicle (at simulation time 17.000,400,000 s)
2024-06-03 19:41:37,324 INFO  - Recending a message from other vehicle (at simulation time 17.000,400,000 s)
2024-06-03 19:41:37,326 INFO  - Recieve a message from other vehicle (at simulation time 17.000,800,000 s)
2024-06-03 19:41:37,326 INFO  - I'm in better position but no more hops in message (at simulation time 17.000,800,000 s)
2024-06-03 19:41:37,326 INFO  - Recieve a message from other vehicle (at simulation time 17.000,900,000 s)
2024-06-03 19:41:37,326 INFO  - Recending a message from other vehicle (at simulation time 17.000,900,000 s)
2024-06-03 19:41:37,326 INFO  - Recieve a message from other vehicle (at simulation time 17.000,900,000 s)
2024-06-03 19:41:37,326 INFO  - I'm in better position but no more hops in message (at simulation time 17.000,900,000 s)
2024-06-03 19:41:37,328 INFO  - Recieve a message from other vehicle (at simulation time 17.001,400,000 s)
2024-06-03 19:41:37,328 INFO  - I'm in better position but no more hops in message (at simulation time 17.001,400,000 s)
2024-06-03 19:41:37,329 INFO  - Recieve a message from other vehicle (at simulation time 17.001,400,000 s)
2024-06-03 19:41:37,329 INFO  - I'm in better position but no more hops in message (at simulation time 17.001,400,000 s)
2024-06-03 19:41:37,329 INFO  - Recieve a message from other vehicle (at simulation time 17.001,400,000 s)
2024-06-03 19:41:37,329 INFO  - I'm in better position but no more hops in message (at simulation time 17.001,400,000 s)
2024-06-03 19:41:37,330 INFO  - Recieve a message from other vehicle (at simulation time 17.001,900,000 s)
2024-06-03 19:41:37,330 INFO  - I'm in better position but no more hops in message (at simulation time 17.001,900,000 s)
2024-06-03 19:41:37,331 INFO  - Recieve a message from other vehicle (at simulation time 17.002,400,000 s)
2024-06-03 19:41:37,331 INFO  - I'm in better position but no more hops in message (at simulation time 17.002,400,000 s)
2024-06-03 19:41:37,331 INFO  - Recieve a message from other vehicle (at simulation time 17.002,800,000 s)
2024-06-03 19:41:37,331 INFO  - I'm in better position but no more hops in message (at simulation time 17.002,800,000 s)
2024-06-03 19:41:37,718 INFO  - Called #onVehicleUpdated (at simulation time 18.000,000,000 s)
2024-06-03 19:41:37,719 INFO  - Sending out AdHoc broadcast (at simulation time 18.000,000,000 s)
2024-06-03 19:41:37,720 INFO  - Sending out AdHoc broadcast (at simulation time 18.000,000,000 s)
2024-06-03 19:41:37,722 INFO  - Recieve a message from other vehicle (at simulation time 18.000,400,000 s)
2024-06-03 19:41:37,722 INFO  - I'm in better position but no more hops in message (at simulation time 18.000,400,000 s)
2024-06-03 19:41:37,724 INFO  - Recieve a message from other vehicle (at simulation time 18.000,800,000 s)
2024-06-03 19:41:37,724 INFO  - My position is not better! (at simulation time 18.000,800,000 s)
2024-06-03 19:41:37,724 INFO  - Recieve a message from other vehicle (at simulation time 18.000,800,000 s)
2024-06-03 19:41:37,724 INFO  - I'm in better position but no more hops in message (at simulation time 18.000,800,000 s)
2024-06-03 19:41:37,725 INFO  - Recieve a message from other vehicle (at simulation time 18.000,900,000 s)
2024-06-03 19:41:37,725 INFO  - My position is not better! (at simulation time 18.000,900,000 s)
2024-06-03 19:41:37,727 INFO  - Recieve a message from other vehicle (at simulation time 18.001,400,000 s)
2024-06-03 19:41:37,727 INFO  - Recending a message from other vehicle (at simulation time 18.001,400,000 s)
2024-06-03 19:41:37,729 INFO  - Recieve a message from other vehicle (at simulation time 18.001,900,000 s)
2024-06-03 19:41:37,729 INFO  - I'm in better position but no more hops in message (at simulation time 18.001,900,000 s)
2024-06-03 19:41:37,731 INFO  - Recieve a message from other vehicle (at simulation time 18.002,300,000 s)
2024-06-03 19:41:37,731 INFO  - I'm in better position but no more hops in message (at simulation time 18.002,300,000 s)
2024-06-03 19:41:37,731 INFO  - Recieve a message from other vehicle (at simulation time 18.002,300,000 s)
2024-06-03 19:41:37,731 INFO  - I'm in better position but no more hops in message (at simulation time 18.002,300,000 s)
2024-06-03 19:41:37,732 INFO  - Recieve a message from other vehicle (at simulation time 18.002,400,000 s)
2024-06-03 19:41:37,732 INFO  - I'm in better position but no more hops in message (at simulation time 18.002,400,000 s)
2024-06-03 19:41:37,732 INFO  - Recieve a message from other vehicle (at simulation time 18.002,400,000 s)
2024-06-03 19:41:37,732 INFO  - I'm in better position but no more hops in message (at simulation time 18.002,400,000 s)
2024-06-03 19:41:37,732 INFO  - Recieve a message from other vehicle (at simulation time 18.002,400,000 s)
2024-06-03 19:41:37,732 INFO  - I'm in better position but no more hops in message (at simulation time 18.002,400,000 s)
2024-06-03 19:41:37,732 INFO  - Recieve a message from other vehicle (at simulation time 18.002,400,000 s)
2024-06-03 19:41:37,732 INFO  - I'm in better position but no more hops in message (at simulation time 18.002,400,000 s)
2024-06-03 19:41:37,733 INFO  - Recieve a message from other vehicle (at simulation time 18.003,300,000 s)
2024-06-03 19:41:37,733 INFO  - My position is not better! (at simulation time 18.003,300,000 s)
2024-06-03 19:41:38,119 INFO  - Called #onVehicleUpdated (at simulation time 19.000,000,000 s)
2024-06-03 19:41:38,119 INFO  - Sending out AdHoc broadcast (at simulation time 19.000,000,000 s)
2024-06-03 19:41:38,121 INFO  - Recieve a message from other vehicle (at simulation time 19.000,400,000 s)
2024-06-03 19:41:38,121 INFO  - I'm in better position but no more hops in message (at simulation time 19.000,400,000 s)
2024-06-03 19:41:38,121 INFO  - Recieve a message from other vehicle (at simulation time 19.000,400,000 s)
2024-06-03 19:41:38,121 INFO  - I'm in better position but no more hops in message (at simulation time 19.000,400,000 s)
2024-06-03 19:41:38,122 INFO  - Recieve a message from other vehicle (at simulation time 19.000,400,000 s)
2024-06-03 19:41:38,122 INFO  - Recending a message from other vehicle (at simulation time 19.000,400,000 s)
2024-06-03 19:41:38,122 INFO  - Recieve a message from other vehicle (at simulation time 19.000,800,000 s)
2024-06-03 19:41:38,122 INFO  - I'm in better position but no more hops in message (at simulation time 19.000,800,000 s)
2024-06-03 19:41:38,122 INFO  - Recieve a message from other vehicle (at simulation time 19.000,800,000 s)
2024-06-03 19:41:38,122 INFO  - I'm in better position but no more hops in message (at simulation time 19.000,800,000 s)
2024-06-03 19:41:38,123 INFO  - Recieve a message from other vehicle (at simulation time 19.000,900,000 s)
2024-06-03 19:41:38,123 INFO  - I'm in better position but no more hops in message (at simulation time 19.000,900,000 s)
2024-06-03 19:41:38,123 INFO  - Recieve a message from other vehicle (at simulation time 19.000,900,000 s)
2024-06-03 19:41:38,123 INFO  - I'm in better position but no more hops in message (at simulation time 19.000,900,000 s)
2024-06-03 19:41:38,123 INFO  - Recieve a message from other vehicle (at simulation time 19.000,900,000 s)
2024-06-03 19:41:38,123 INFO  - I'm in better position but no more hops in message (at simulation time 19.000,900,000 s)
2024-06-03 19:41:38,124 INFO  - Recieve a message from other vehicle (at simulation time 19.001,400,000 s)
2024-06-03 19:41:38,125 INFO  - Recending a message from other vehicle (at simulation time 19.001,400,000 s)
2024-06-03 19:41:38,125 INFO  - Recieve a message from other vehicle (at simulation time 19.001,900,000 s)
2024-06-03 19:41:38,125 INFO  - I'm in better position but no more hops in message (at simulation time 19.001,900,000 s)
2024-06-03 19:41:38,126 INFO  - Recieve a message from other vehicle (at simulation time 19.001,900,000 s)
2024-06-03 19:41:38,126 INFO  - I'm in better position but no more hops in message (at simulation time 19.001,900,000 s)
2024-06-03 19:41:38,127 INFO  - Recieve a message from other vehicle (at simulation time 19.002,300,000 s)
2024-06-03 19:41:38,127 INFO  - I'm in better position but no more hops in message (at simulation time 19.002,300,000 s)
2024-06-03 19:41:38,127 INFO  - Recieve a message from other vehicle (at simulation time 19.002,300,000 s)
2024-06-03 19:41:38,127 INFO  - My position is not better! (at simulation time 19.002,300,000 s)
2024-06-03 19:41:38,127 INFO  - Recieve a message from other vehicle (at simulation time 19.002,400,000 s)
2024-06-03 19:41:38,128 INFO  - I'm in better position but no more hops in message (at simulation time 19.002,400,000 s)
2024-06-03 19:41:38,520 INFO  - Called #onVehicleUpdated (at simulation time 20.000,000,000 s)
2024-06-03 19:41:38,521 INFO  - Sending out AdHoc broadcast (at simulation time 20.000,000,000 s)
2024-06-03 19:41:38,522 INFO  - Sending out AdHoc broadcast (at simulation time 20.000,000,000 s)
2024-06-03 19:41:38,523 INFO  - Recieve a message from other vehicle (at simulation time 20.000,400,000 s)
2024-06-03 19:41:38,523 INFO  - My position is not better! (at simulation time 20.000,400,000 s)
2024-06-03 19:41:38,523 INFO  - Recieve a message from other vehicle (at simulation time 20.000,400,000 s)
2024-06-03 19:41:38,523 INFO  - My position is not better! (at simulation time 20.000,400,000 s)
2024-06-03 19:41:38,525 INFO  - Recieve a message from other vehicle (at simulation time 20.001,300,000 s)
2024-06-03 19:41:38,525 INFO  - My position is not better! (at simulation time 20.001,300,000 s)
2024-06-03 19:41:38,525 INFO  - Recieve a message from other vehicle (at simulation time 20.001,300,000 s)
2024-06-03 19:41:38,525 INFO  - My position is not better! (at simulation time 20.001,300,000 s)
2024-06-03 19:41:38,526 INFO  - Recieve a message from other vehicle (at simulation time 20.001,800,000 s)
2024-06-03 19:41:38,526 INFO  - I'm in better position but no more hops in message (at simulation time 20.001,800,000 s)
2024-06-03 19:41:38,527 INFO  - Recieve a message from other vehicle (at simulation time 20.001,900,000 s)
2024-06-03 19:41:38,527 INFO  - My position is not better! (at simulation time 20.001,900,000 s)
2024-06-03 19:41:38,527 INFO  - Recieve a message from other vehicle (at simulation time 20.001,900,000 s)
2024-06-03 19:41:38,527 INFO  - I'm in better position but no more hops in message (at simulation time 20.001,900,000 s)
2024-06-03 19:41:38,527 INFO  - Recieve a message from other vehicle (at simulation time 20.001,900,000 s)
2024-06-03 19:41:38,527 INFO  - My position is not better! (at simulation time 20.001,900,000 s)
2024-06-03 19:41:38,528 INFO  - Recieve a message from other vehicle (at simulation time 20.002,800,000 s)
2024-06-03 19:41:38,528 INFO  - I'm in better position but no more hops in message (at simulation time 20.002,800,000 s)
2024-06-03 19:41:38,528 INFO  - Recieve a message from other vehicle (at simulation time 20.003,800,000 s)
2024-06-03 19:41:38,528 INFO  - I'm in better position but no more hops in message (at simulation time 20.003,800,000 s)
2024-06-03 19:41:38,528 INFO  - Recieve a message from other vehicle (at simulation time 20.003,800,000 s)
2024-06-03 19:41:38,529 INFO  - I'm in better position but no more hops in message (at simulation time 20.003,800,000 s)
2024-06-03 19:41:38,919 INFO  - Called #onVehicleUpdated (at simulation time 21.000,000,000 s)
2024-06-03 19:41:38,919 INFO  - Sending out AdHoc broadcast (at simulation time 21.000,000,000 s)
2024-06-03 19:41:38,921 INFO  - Recieve a message from other vehicle (at simulation time 21.000,400,000 s)
2024-06-03 19:41:38,921 INFO  - My position is not better! (at simulation time 21.000,400,000 s)
2024-06-03 19:41:38,922 INFO  - Recieve a message from other vehicle (at simulation time 21.000,900,000 s)
2024-06-03 19:41:38,922 INFO  - My position is not better! (at simulation time 21.000,900,000 s)
2024-06-03 19:41:38,922 INFO  - Recieve a message from other vehicle (at simulation time 21.001,300,000 s)
2024-06-03 19:41:38,922 INFO  - My position is not better! (at simulation time 21.001,300,000 s)
2024-06-03 19:41:38,922 INFO  - Recieve a message from other vehicle (at simulation time 21.001,400,000 s)
2024-06-03 19:41:38,922 INFO  - My position is not better! (at simulation time 21.001,400,000 s)
2024-06-03 19:41:38,922 INFO  - Recieve a message from other vehicle (at simulation time 21.001,400,000 s)
2024-06-03 19:41:38,922 INFO  - I'm in better position but no more hops in message (at simulation time 21.001,400,000 s)
2024-06-03 19:41:38,923 INFO  - Recieve a message from other vehicle (at simulation time 21.001,900,000 s)
2024-06-03 19:41:38,923 INFO  - My position is not better! (at simulation time 21.001,900,000 s)
2024-06-03 19:41:38,923 INFO  - Recieve a message from other vehicle (at simulation time 21.001,900,000 s)
2024-06-03 19:41:38,923 INFO  - My position is not better! (at simulation time 21.001,900,000 s)
2024-06-03 19:41:38,923 INFO  - Recieve a message from other vehicle (at simulation time 21.002,300,000 s)
2024-06-03 19:41:38,923 INFO  - I'm in better position but no more hops in message (at simulation time 21.002,300,000 s)
2024-06-03 19:41:39,371 INFO  - Called #onVehicleUpdated (at simulation time 22.000,000,000 s)
2024-06-03 19:41:39,371 INFO  - Sending out AdHoc broadcast (at simulation time 22.000,000,000 s)
2024-06-03 19:41:39,372 INFO  - Sending out AdHoc broadcast (at simulation time 22.000,000,000 s)
2024-06-03 19:41:39,373 INFO  - Recieve a message from other vehicle (at simulation time 22.000,400,000 s)
2024-06-03 19:41:39,373 INFO  - My position is not better! (at simulation time 22.000,400,000 s)
2024-06-03 19:41:39,373 INFO  - Recieve a message from other vehicle (at simulation time 22.000,900,000 s)
2024-06-03 19:41:39,373 INFO  - My position is not better! (at simulation time 22.000,900,000 s)
2024-06-03 19:41:39,374 INFO  - Recieve a message from other vehicle (at simulation time 22.001,300,000 s)
2024-06-03 19:41:39,374 INFO  - My position is not better! (at simulation time 22.001,300,000 s)
2024-06-03 19:41:39,376 INFO  - Recieve a message from other vehicle (at simulation time 22.002,300,000 s)
2024-06-03 19:41:39,376 INFO  - My position is not better! (at simulation time 22.002,300,000 s)
2024-06-03 19:41:39,376 INFO  - Recieve a message from other vehicle (at simulation time 22.002,300,000 s)
2024-06-03 19:41:39,376 INFO  - My position is not better! (at simulation time 22.002,300,000 s)
2024-06-03 19:41:39,376 INFO  - Recieve a message from other vehicle (at simulation time 22.002,400,000 s)
2024-06-03 19:41:39,376 INFO  - My position is not better! (at simulation time 22.002,400,000 s)
2024-06-03 19:41:39,377 INFO  - Recieve a message from other vehicle (at simulation time 22.002,800,000 s)
2024-06-03 19:41:39,377 INFO  - My position is not better! (at simulation time 22.002,800,000 s)
2024-06-03 19:41:39,377 INFO  - Recieve a message from other vehicle (at simulation time 22.003,300,000 s)
2024-06-03 19:41:39,377 INFO  - My position is not better! (at simulation time 22.003,300,000 s)
2024-06-03 19:41:39,377 INFO  - Recieve a message from other vehicle (at simulation time 22.003,800,000 s)
2024-06-03 19:41:39,377 INFO  - I'm in better position but no more hops in message (at simulation time 22.003,800,000 s)
2024-06-03 19:41:39,378 INFO  - Recieve a message from other vehicle (at simulation time 22.004,300,000 s)
2024-06-03 19:41:39,378 INFO  - My position is not better! (at simulation time 22.004,300,000 s)
2024-06-03 19:41:39,718 INFO  - Called #onVehicleUpdated (at simulation time 23.000,000,000 s)
2024-06-03 19:41:39,718 INFO  - Sending out AdHoc broadcast (at simulation time 23.000,000,000 s)
2024-06-03 19:41:39,721 INFO  - Recieve a message from other vehicle (at simulation time 23.001,400,000 s)
2024-06-03 19:41:39,721 INFO  - My position is not better! (at simulation time 23.001,400,000 s)
2024-06-03 19:41:39,721 INFO  - Recieve a message from other vehicle (at simulation time 23.001,400,000 s)
2024-06-03 19:41:39,721 INFO  - My position is not better! (at simulation time 23.001,400,000 s)
2024-06-03 19:41:39,721 INFO  - Recieve a message from other vehicle (at simulation time 23.001,400,000 s)
2024-06-03 19:41:39,721 INFO  - My position is not better! (at simulation time 23.001,400,000 s)
2024-06-03 19:41:39,722 INFO  - Recieve a message from other vehicle (at simulation time 23.002,400,000 s)
2024-06-03 19:41:39,722 INFO  - My position is not better! (at simulation time 23.002,400,000 s)
2024-06-03 19:41:39,722 INFO  - Recieve a message from other vehicle (at simulation time 23.002,400,000 s)
2024-06-03 19:41:39,722 INFO  - My position is not better! (at simulation time 23.002,400,000 s)
2024-06-03 19:41:39,723 INFO  - Recieve a message from other vehicle (at simulation time 23.003,800,000 s)
2024-06-03 19:41:39,723 INFO  - My position is not better! (at simulation time 23.003,800,000 s)
2024-06-03 19:41:39,723 INFO  - Recieve a message from other vehicle (at simulation time 23.003,800,000 s)
2024-06-03 19:41:39,723 INFO  - My position is not better! (at simulation time 23.003,800,000 s)
2024-06-03 19:41:39,723 INFO  - Recieve a message from other vehicle (at simulation time 23.004,800,000 s)
2024-06-03 19:41:39,723 INFO  - I'm in better position but no more hops in message (at simulation time 23.004,800,000 s)
2024-06-03 19:41:40,118 INFO  - Called #onVehicleUpdated (at simulation time 24.000,000,000 s)
2024-06-03 19:41:40,118 INFO  - Sending out AdHoc broadcast (at simulation time 24.000,000,000 s)
2024-06-03 19:41:40,119 INFO  - Sending out AdHoc broadcast (at simulation time 24.000,000,000 s)
2024-06-03 19:41:40,521 INFO  - Called #onVehicleUpdated (at simulation time 25.000,000,000 s)
2024-06-03 19:41:40,521 INFO  - Sending out AdHoc broadcast (at simulation time 25.000,000,000 s)
2024-06-03 19:41:40,917 INFO  - Called #onVehicleUpdated (at simulation time 26.000,000,000 s)
2024-06-03 19:41:40,918 INFO  - Sending out AdHoc broadcast (at simulation time 26.000,000,000 s)
2024-06-03 19:41:40,918 INFO  - Sending out AdHoc broadcast (at simulation time 26.000,000,000 s)
2024-06-03 19:41:41,317 INFO  - Called #onVehicleUpdated (at simulation time 27.000,000,000 s)
2024-06-03 19:41:41,317 INFO  - Exced velocity! Sending new CAM (at simulation time 27.000,000,000 s)
2024-06-03 19:41:41,317 INFO  - Sending out AdHoc broadcast (at simulation time 27.000,000,000 s)
2024-06-03 19:41:41,317 INFO  - Sending out AdHoc broadcast (at simulation time 27.000,000,000 s)
2024-06-03 19:41:41,717 INFO  - Called #onVehicleUpdated (at simulation time 28.000,000,000 s)
2024-06-03 19:41:41,717 INFO  - Exced velocity! Sending new CAM (at simulation time 28.000,000,000 s)
2024-06-03 19:41:41,717 INFO  - Sending out AdHoc broadcast (at simulation time 28.000,000,000 s)
2024-06-03 19:41:41,717 INFO  - Sending out AdHoc broadcast (at simulation time 28.000,000,000 s)
2024-06-03 19:41:41,717 INFO  - Sending out AdHoc broadcast (at simulation time 28.000,000,000 s)
2024-06-03 19:41:42,117 INFO  - Shutdown (at simulation time 29.000,000,000 s)
