2024-06-03 19:40:08,861 INFO  - Initialize Vehicle application (at simulation time 42.000,000,000 s)
2024-06-03 19:40:08,863 INFO  - Activated WLAN Module (at simulation time 42.000,000,000 s)
2024-06-03 19:40:08,868 INFO  - Called #onVehicleUpdated (at simulation time 42.000,000,000 s)
2024-06-03 19:40:08,868 INFO  - Exced velocity! Sending new CAM (at simulation time 42.000,000,000 s)
2024-06-03 19:40:08,868 INFO  - Sending out AdHoc broadcast (at simulation time 42.000,000,000 s)
2024-06-03 19:40:09,213 INFO  - Called #onVehicleUpdated (at simulation time 43.000,000,000 s)
2024-06-03 19:40:09,213 INFO  - Exced velocity! Sending new CAM (at simulation time 43.000,000,000 s)
2024-06-03 19:40:09,213 INFO  - Sending out AdHoc broadcast (at simulation time 43.000,000,000 s)
2024-06-03 19:40:09,214 INFO  - Define the name: veh_7 and route: r_2 (at simulation time 43.000,000,000 s)
2024-06-03 19:40:09,214 INFO  - Sending out AdHoc broadcast (at simulation time 43.000,000,000 s)
2024-06-03 19:40:09,558 INFO  - Called #onVehicleUpdated (at simulation time 44.000,000,000 s)
2024-06-03 19:40:09,558 INFO  - Exced velocity! Sending new CAM (at simulation time 44.000,000,000 s)
2024-06-03 19:40:09,558 INFO  - Sending out AdHoc broadcast (at simulation time 44.000,000,000 s)
2024-06-03 19:40:09,559 INFO  - Sending out AdHoc broadcast (at simulation time 44.000,000,000 s)
2024-06-03 19:40:09,561 INFO  - Recieve a message from other vehicle (at simulation time 44.002,400,000 s)
2024-06-03 19:40:09,561 INFO  - Recending a message from other vehicle (at simulation time 44.002,400,000 s)
2024-06-03 19:40:09,908 INFO  - Called #onVehicleUpdated (at simulation time 45.000,000,000 s)
2024-06-03 19:40:09,908 INFO  - Exced velocity! Sending new CAM (at simulation time 45.000,000,000 s)
2024-06-03 19:40:09,908 INFO  - Sending out AdHoc broadcast (at simulation time 45.000,000,000 s)
2024-06-03 19:40:09,908 INFO  - Sending out AdHoc broadcast (at simulation time 45.000,000,000 s)
2024-06-03 19:40:09,909 INFO  - Sending out AdHoc broadcast (at simulation time 45.000,000,000 s)
2024-06-03 19:40:10,258 INFO  - Called #onVehicleUpdated (at simulation time 46.000,000,000 s)
2024-06-03 19:40:10,258 INFO  - Exced velocity! Sending new CAM (at simulation time 46.000,000,000 s)
2024-06-03 19:40:10,258 INFO  - Sending out AdHoc broadcast (at simulation time 46.000,000,000 s)
2024-06-03 19:40:10,259 INFO  - Sending out AdHoc broadcast (at simulation time 46.000,000,000 s)
2024-06-03 19:40:10,259 INFO  - Sending out AdHoc broadcast (at simulation time 46.000,000,000 s)
2024-06-03 19:40:10,262 INFO  - Recieve a message from other vehicle (at simulation time 46.002,400,000 s)
2024-06-03 19:40:10,262 INFO  - Recending a message from other vehicle (at simulation time 46.002,400,000 s)
2024-06-03 19:40:10,610 INFO  - Called #onVehicleUpdated (at simulation time 47.000,000,000 s)
2024-06-03 19:40:10,610 INFO  - Exced velocity! Sending new CAM (at simulation time 47.000,000,000 s)
2024-06-03 19:40:10,610 INFO  - Sending out AdHoc broadcast (at simulation time 47.000,000,000 s)
2024-06-03 19:40:10,611 INFO  - Sending out AdHoc broadcast (at simulation time 47.000,000,000 s)
2024-06-03 19:40:10,611 INFO  - Sending out AdHoc broadcast (at simulation time 47.000,000,000 s)
2024-06-03 19:40:10,611 INFO  - Sending out AdHoc broadcast (at simulation time 47.000,000,000 s)
2024-06-03 19:40:10,958 INFO  - Called #onVehicleUpdated (at simulation time 48.000,000,000 s)
2024-06-03 19:40:10,959 INFO  - Sending out AdHoc broadcast (at simulation time 48.000,000,000 s)
2024-06-03 19:40:10,959 INFO  - Sending out AdHoc broadcast (at simulation time 48.000,000,000 s)
2024-06-03 19:40:10,959 INFO  - Sending out AdHoc broadcast (at simulation time 48.000,000,000 s)
2024-06-03 19:40:10,961 INFO  - Recieve a message from other vehicle (at simulation time 48.000,400,000 s)
2024-06-03 19:40:10,961 INFO  - Recending a message from other vehicle (at simulation time 48.000,400,000 s)
2024-06-03 19:40:10,961 INFO  - Recieve a message from other vehicle (at simulation time 48.000,900,000 s)
2024-06-03 19:40:10,961 INFO  - I'm in better position but no more hops in message (at simulation time 48.000,900,000 s)
2024-06-03 19:40:10,962 INFO  - Recieve a message from other vehicle (at simulation time 48.001,400,000 s)
2024-06-03 19:40:10,962 INFO  - Recending a message from other vehicle (at simulation time 48.001,400,000 s)
2024-06-03 19:40:10,962 INFO  - Recieve a message from other vehicle (at simulation time 48.001,400,000 s)
2024-06-03 19:40:10,962 INFO  - I'm in better position but no more hops in message (at simulation time 48.001,400,000 s)
2024-06-03 19:40:11,308 INFO  - Called #onVehicleUpdated (at simulation time 49.000,000,000 s)
2024-06-03 19:40:11,309 INFO  - Sending out AdHoc broadcast (at simulation time 49.000,000,000 s)
2024-06-03 19:40:11,309 INFO  - Sending out AdHoc broadcast (at simulation time 49.000,000,000 s)
2024-06-03 19:40:11,309 INFO  - Sending out AdHoc broadcast (at simulation time 49.000,000,000 s)
2024-06-03 19:40:11,309 INFO  - Sending out AdHoc broadcast (at simulation time 49.000,000,000 s)
2024-06-03 19:40:11,311 INFO  - Recieve a message from other vehicle (at simulation time 49.000,400,000 s)
2024-06-03 19:40:11,311 INFO  - My position is not better! (at simulation time 49.000,400,000 s)
2024-06-03 19:40:11,311 INFO  - Recieve a message from other vehicle (at simulation time 49.000,400,000 s)
2024-06-03 19:40:11,311 INFO  - Recending a message from other vehicle (at simulation time 49.000,400,000 s)
2024-06-03 19:40:11,313 INFO  - Recieve a message from other vehicle (at simulation time 49.000,900,000 s)
2024-06-03 19:40:11,313 INFO  - Recending a message from other vehicle (at simulation time 49.000,900,000 s)
2024-06-03 19:40:11,314 INFO  - Recieve a message from other vehicle (at simulation time 49.001,300,000 s)
2024-06-03 19:40:11,315 INFO  - My position is not better! (at simulation time 49.001,300,000 s)
2024-06-03 19:40:11,315 INFO  - Recieve a message from other vehicle (at simulation time 49.001,300,000 s)
2024-06-03 19:40:11,315 INFO  - My position is not better! (at simulation time 49.001,300,000 s)
2024-06-03 19:40:11,316 INFO  - Recieve a message from other vehicle (at simulation time 49.001,400,000 s)
2024-06-03 19:40:11,316 INFO  - My position is not better! (at simulation time 49.001,400,000 s)
2024-06-03 19:40:11,316 INFO  - Recieve a message from other vehicle (at simulation time 49.001,800,000 s)
2024-06-03 19:40:11,316 INFO  - I'm in better position but no more hops in message (at simulation time 49.001,800,000 s)
2024-06-03 19:40:11,317 INFO  - Recieve a message from other vehicle (at simulation time 49.001,800,000 s)
2024-06-03 19:40:11,317 INFO  - My position is not better! (at simulation time 49.001,800,000 s)
2024-06-03 19:40:11,318 INFO  - Recieve a message from other vehicle (at simulation time 49.002,400,000 s)
2024-06-03 19:40:11,318 INFO  - My position is not better! (at simulation time 49.002,400,000 s)
2024-06-03 19:40:11,319 INFO  - Recieve a message from other vehicle (at simulation time 49.002,400,000 s)
2024-06-03 19:40:11,319 INFO  - I'm in better position but no more hops in message (at simulation time 49.002,400,000 s)
2024-06-03 19:40:11,319 INFO  - Recieve a message from other vehicle (at simulation time 49.002,400,000 s)
2024-06-03 19:40:11,320 INFO  - My position is not better! (at simulation time 49.002,400,000 s)
2024-06-03 19:40:11,320 INFO  - Recieve a message from other vehicle (at simulation time 49.002,400,000 s)
2024-06-03 19:40:11,320 INFO  - I'm in better position but no more hops in message (at simulation time 49.002,400,000 s)
2024-06-03 19:40:11,320 INFO  - Recieve a message from other vehicle (at simulation time 49.002,400,000 s)
2024-06-03 19:40:11,320 INFO  - I'm in better position but no more hops in message (at simulation time 49.002,400,000 s)
2024-06-03 19:40:11,320 INFO  - Recieve a message from other vehicle (at simulation time 49.002,800,000 s)
2024-06-03 19:40:11,320 INFO  - I'm in better position but no more hops in message (at simulation time 49.002,800,000 s)
2024-06-03 19:40:11,321 INFO  - Recieve a message from other vehicle (at simulation time 49.002,800,000 s)
2024-06-03 19:40:11,321 INFO  - My position is not better! (at simulation time 49.002,800,000 s)
2024-06-03 19:40:11,321 INFO  - Recieve a message from other vehicle (at simulation time 49.003,300,000 s)
2024-06-03 19:40:11,321 INFO  - I'm in better position but no more hops in message (at simulation time 49.003,300,000 s)
2024-06-03 19:40:11,321 INFO  - Recieve a message from other vehicle (at simulation time 49.003,800,000 s)
2024-06-03 19:40:11,321 INFO  - I'm in better position but no more hops in message (at simulation time 49.003,800,000 s)
2024-06-03 19:40:11,660 INFO  - Called #onVehicleUpdated (at simulation time 50.000,000,000 s)
2024-06-03 19:40:11,661 INFO  - Sending out AdHoc broadcast (at simulation time 50.000,000,000 s)
2024-06-03 19:40:11,661 INFO  - Sending out AdHoc broadcast (at simulation time 50.000,000,000 s)
2024-06-03 19:40:11,662 INFO  - Sending out AdHoc broadcast (at simulation time 50.000,000,000 s)
2024-06-03 19:40:11,664 INFO  - Recieve a message from other vehicle (at simulation time 50.000,400,000 s)
2024-06-03 19:40:11,664 INFO  - I'm in better position but no more hops in message (at simulation time 50.000,400,000 s)
2024-06-03 19:40:11,664 INFO  - Recieve a message from other vehicle (at simulation time 50.000,400,000 s)
2024-06-03 19:40:11,664 INFO  - My position is not better! (at simulation time 50.000,400,000 s)
2024-06-03 19:40:11,666 INFO  - Recieve a message from other vehicle (at simulation time 50.000,900,000 s)
2024-06-03 19:40:11,666 INFO  - I'm in better position but no more hops in message (at simulation time 50.000,900,000 s)
2024-06-03 19:40:11,666 INFO  - Recieve a message from other vehicle (at simulation time 50.000,900,000 s)
2024-06-03 19:40:11,666 INFO  - My position is not better! (at simulation time 50.000,900,000 s)
2024-06-03 19:40:11,667 INFO  - Recieve a message from other vehicle (at simulation time 50.000,900,000 s)
2024-06-03 19:40:11,667 INFO  - I'm in better position but no more hops in message (at simulation time 50.000,900,000 s)
2024-06-03 19:40:11,667 INFO  - Recieve a message from other vehicle (at simulation time 50.000,900,000 s)
2024-06-03 19:40:11,667 INFO  - My position is not better! (at simulation time 50.000,900,000 s)
2024-06-03 19:40:11,667 INFO  - Recieve a message from other vehicle (at simulation time 50.000,900,000 s)
2024-06-03 19:40:11,667 INFO  - I'm in better position but no more hops in message (at simulation time 50.000,900,000 s)
2024-06-03 19:40:11,668 INFO  - Recieve a message from other vehicle (at simulation time 50.001,300,000 s)
2024-06-03 19:40:11,668 INFO  - I'm in better position but no more hops in message (at simulation time 50.001,300,000 s)
2024-06-03 19:40:11,668 INFO  - Recieve a message from other vehicle (at simulation time 50.001,300,000 s)
2024-06-03 19:40:11,668 INFO  - I'm in better position but no more hops in message (at simulation time 50.001,300,000 s)
2024-06-03 19:40:11,668 INFO  - Recieve a message from other vehicle (at simulation time 50.001,300,000 s)
2024-06-03 19:40:11,668 INFO  - I'm in better position but no more hops in message (at simulation time 50.001,300,000 s)
2024-06-03 19:40:11,671 INFO  - Recieve a message from other vehicle (at simulation time 50.001,800,000 s)
2024-06-03 19:40:11,671 INFO  - I'm in better position but no more hops in message (at simulation time 50.001,800,000 s)
2024-06-03 19:40:11,672 INFO  - Recieve a message from other vehicle (at simulation time 50.001,900,000 s)
2024-06-03 19:40:11,672 INFO  - I'm in better position but no more hops in message (at simulation time 50.001,900,000 s)
2024-06-03 19:40:11,673 INFO  - Recieve a message from other vehicle (at simulation time 50.002,300,000 s)
2024-06-03 19:40:11,673 INFO  - My position is not better! (at simulation time 50.002,300,000 s)
2024-06-03 19:40:11,674 INFO  - Recieve a message from other vehicle (at simulation time 50.002,400,000 s)
2024-06-03 19:40:11,674 INFO  - I'm in better position but no more hops in message (at simulation time 50.002,400,000 s)
2024-06-03 19:40:11,674 INFO  - Recieve a message from other vehicle (at simulation time 50.002,400,000 s)
2024-06-03 19:40:11,674 INFO  - I'm in better position but no more hops in message (at simulation time 50.002,400,000 s)
2024-06-03 19:40:11,675 INFO  - Recieve a message from other vehicle (at simulation time 50.002,800,000 s)
2024-06-03 19:40:11,675 INFO  - My position is not better! (at simulation time 50.002,800,000 s)
2024-06-03 19:40:11,675 INFO  - Recieve a message from other vehicle (at simulation time 50.003,300,000 s)
2024-06-03 19:40:11,675 INFO  - I'm in better position but no more hops in message (at simulation time 50.003,300,000 s)
2024-06-03 19:40:11,675 INFO  - Recieve a message from other vehicle (at simulation time 50.003,300,000 s)
2024-06-03 19:40:11,675 INFO  - I'm in better position but no more hops in message (at simulation time 50.003,300,000 s)
2024-06-03 19:40:11,675 INFO  - Recieve a message from other vehicle (at simulation time 50.003,800,000 s)
2024-06-03 19:40:11,675 INFO  - I'm in better position but no more hops in message (at simulation time 50.003,800,000 s)
2024-06-03 19:40:11,675 INFO  - Recieve a message from other vehicle (at simulation time 50.003,800,000 s)
2024-06-03 19:40:11,675 INFO  - My position is not better! (at simulation time 50.003,800,000 s)
2024-06-03 19:40:12,009 INFO  - Called #onVehicleUpdated (at simulation time 51.000,000,000 s)
2024-06-03 19:40:12,009 INFO  - Sending out DENM broadcast (at simulation time 51.000,000,000 s)
2024-06-03 19:40:12,010 INFO  - Sending out AdHoc broadcast (at simulation time 51.000,000,000 s)
2024-06-03 19:40:12,010 INFO  - Sending out AdHoc broadcast (at simulation time 51.000,000,000 s)
2024-06-03 19:40:12,010 INFO  - Sending out AdHoc broadcast (at simulation time 51.000,000,000 s)
2024-06-03 19:40:12,010 INFO  - Sending out AdHoc broadcast (at simulation time 51.000,000,000 s)
2024-06-03 19:40:12,014 INFO  - Recieve a message from other vehicle (at simulation time 51.000,400,000 s)
2024-06-03 19:40:12,015 INFO  - Recending a message from other vehicle (at simulation time 51.000,400,000 s)
2024-06-03 19:40:12,016 INFO  - Recieve a message from other vehicle (at simulation time 51.000,800,000 s)
2024-06-03 19:40:12,016 INFO  - DENM message Recived from veh_7 -info : seco (at simulation time 51.000,800,000 s)
2024-06-03 19:40:12,016 INFO  - No more hops in DENM message (at simulation time 51.000,800,000 s)
2024-06-03 19:40:12,016 INFO  - Recieve a message from other vehicle (at simulation time 51.000,800,000 s)
2024-06-03 19:40:12,016 INFO  - DENM message Recived from veh_9 -info : seco (at simulation time 51.000,800,000 s)
2024-06-03 19:40:12,016 INFO  - No more hops in DENM message (at simulation time 51.000,800,000 s)
2024-06-03 19:40:12,018 INFO  - Recieve a message from other vehicle (at simulation time 51.000,900,000 s)
2024-06-03 19:40:12,018 INFO  - Recending a message from other vehicle (at simulation time 51.000,900,000 s)
2024-06-03 19:40:12,018 INFO  - Recieve a message from other vehicle (at simulation time 51.000,900,000 s)
2024-06-03 19:40:12,018 INFO  - Recending a message from other vehicle (at simulation time 51.000,900,000 s)
2024-06-03 19:40:12,019 INFO  - Recieve a message from other vehicle (at simulation time 51.000,900,000 s)
2024-06-03 19:40:12,019 INFO  - I'm in better position but no more hops in message (at simulation time 51.000,900,000 s)
2024-06-03 19:40:12,019 INFO  - Recieve a message from other vehicle (at simulation time 51.000,900,000 s)
2024-06-03 19:40:12,019 INFO  - I'm in better position but no more hops in message (at simulation time 51.000,900,000 s)
2024-06-03 19:40:12,019 INFO  - Recieve a message from other vehicle (at simulation time 51.001,300,000 s)
2024-06-03 19:40:12,019 INFO  - I'm in better position but no more hops in message (at simulation time 51.001,300,000 s)
2024-06-03 19:40:12,021 INFO  - Recieve a message from other vehicle (at simulation time 51.001,400,000 s)
2024-06-03 19:40:12,021 INFO  - I'm in better position but no more hops in message (at simulation time 51.001,400,000 s)
2024-06-03 19:40:12,022 INFO  - Recieve a message from other vehicle (at simulation time 51.001,800,000 s)
2024-06-03 19:40:12,022 INFO  - DENM message Recived from veh_11 -info : seco (at simulation time 51.001,800,000 s)
2024-06-03 19:40:12,022 INFO  - No more hops in DENM message (at simulation time 51.001,800,000 s)
2024-06-03 19:40:12,022 INFO  - Recieve a message from other vehicle (at simulation time 51.001,800,000 s)
2024-06-03 19:40:12,022 INFO  - I'm in better position but no more hops in message (at simulation time 51.001,800,000 s)
2024-06-03 19:40:12,022 INFO  - Recieve a message from other vehicle (at simulation time 51.001,800,000 s)
2024-06-03 19:40:12,022 INFO  - DENM message Recived from veh_6 -info : seco (at simulation time 51.001,800,000 s)
2024-06-03 19:40:12,022 INFO  - No more hops in DENM message (at simulation time 51.001,800,000 s)
2024-06-03 19:40:12,023 INFO  - Recieve a message from other vehicle (at simulation time 51.001,900,000 s)
2024-06-03 19:40:12,023 INFO  - DENM message Recived from veh_9 -info : seco (at simulation time 51.001,900,000 s)
2024-06-03 19:40:12,023 INFO  - No more hops in DENM message (at simulation time 51.001,900,000 s)
2024-06-03 19:40:12,023 INFO  - Recieve a message from other vehicle (at simulation time 51.001,900,000 s)
2024-06-03 19:40:12,023 INFO  - I'm in better position but no more hops in message (at simulation time 51.001,900,000 s)
2024-06-03 19:40:12,024 INFO  - Recieve a message from other vehicle (at simulation time 51.002,400,000 s)
2024-06-03 19:40:12,024 INFO  - DENM message Recived from veh_6 -info : seco (at simulation time 51.002,400,000 s)
2024-06-03 19:40:12,024 INFO  - No more hops in DENM message (at simulation time 51.002,400,000 s)
2024-06-03 19:40:12,024 INFO  - Recieve a message from other vehicle (at simulation time 51.002,400,000 s)
2024-06-03 19:40:12,024 INFO  - DENM message Recived from veh_11 -info : seco (at simulation time 51.002,400,000 s)
2024-06-03 19:40:12,024 INFO  - No more hops in DENM message (at simulation time 51.002,400,000 s)
2024-06-03 19:40:12,024 INFO  - Recieve a message from other vehicle (at simulation time 51.002,400,000 s)
2024-06-03 19:40:12,024 INFO  - I'm in better position but no more hops in message (at simulation time 51.002,400,000 s)
2024-06-03 19:40:12,024 INFO  - Recieve a message from other vehicle (at simulation time 51.002,400,000 s)
2024-06-03 19:40:12,024 INFO  - I'm in better position but no more hops in message (at simulation time 51.002,400,000 s)
2024-06-03 19:40:12,024 INFO  - Recieve a message from other vehicle (at simulation time 51.002,400,000 s)
2024-06-03 19:40:12,024 INFO  - I'm in better position but no more hops in message (at simulation time 51.002,400,000 s)
2024-06-03 19:40:12,025 INFO  - Recieve a message from other vehicle (at simulation time 51.002,800,000 s)
2024-06-03 19:40:12,025 INFO  - I'm in better position but no more hops in message (at simulation time 51.002,800,000 s)
2024-06-03 19:40:12,359 INFO  - Called #onVehicleUpdated (at simulation time 52.000,000,000 s)
2024-06-03 19:40:12,359 INFO  - Sending out AdHoc broadcast (at simulation time 52.000,000,000 s)
2024-06-03 19:40:12,359 INFO  - Sending out AdHoc broadcast (at simulation time 52.000,000,000 s)
2024-06-03 19:40:12,359 INFO  - Sending out AdHoc broadcast (at simulation time 52.000,000,000 s)
2024-06-03 19:40:12,361 INFO  - Recieve a message from other vehicle (at simulation time 52.000,400,000 s)
2024-06-03 19:40:12,361 INFO  - I'm in better position but no more hops in message (at simulation time 52.000,400,000 s)
2024-06-03 19:40:12,362 INFO  - Recieve a message from other vehicle (at simulation time 52.000,800,000 s)
2024-06-03 19:40:12,362 INFO  - I'm in better position but no more hops in message (at simulation time 52.000,800,000 s)
2024-06-03 19:40:12,362 INFO  - Recieve a message from other vehicle (at simulation time 52.000,900,000 s)
2024-06-03 19:40:12,362 INFO  - I'm in better position but no more hops in message (at simulation time 52.000,900,000 s)
2024-06-03 19:40:12,362 INFO  - Recieve a message from other vehicle (at simulation time 52.000,900,000 s)
2024-06-03 19:40:12,362 INFO  - My position is not better! (at simulation time 52.000,900,000 s)
2024-06-03 19:40:12,363 INFO  - Recieve a message from other vehicle (at simulation time 52.001,300,000 s)
2024-06-03 19:40:12,363 INFO  - My position is not better! (at simulation time 52.001,300,000 s)
2024-06-03 19:40:12,363 INFO  - Recieve a message from other vehicle (at simulation time 52.001,300,000 s)
2024-06-03 19:40:12,363 INFO  - DENM message Recived from veh_10 -info : seco (at simulation time 52.001,300,000 s)
2024-06-03 19:40:12,363 INFO  - No more hops in DENM message (at simulation time 52.001,300,000 s)
2024-06-03 19:40:12,363 INFO  - Recieve a message from other vehicle (at simulation time 52.001,400,000 s)
2024-06-03 19:40:12,363 INFO  - DENM message Recived from veh_8 -info : seco (at simulation time 52.001,400,000 s)
2024-06-03 19:40:12,363 INFO  - No more hops in DENM message (at simulation time 52.001,400,000 s)
2024-06-03 19:40:12,364 INFO  - Recieve a message from other vehicle (at simulation time 52.001,400,000 s)
2024-06-03 19:40:12,364 INFO  - My position is not better! (at simulation time 52.001,400,000 s)
2024-06-03 19:40:12,364 INFO  - Recieve a message from other vehicle (at simulation time 52.001,800,000 s)
2024-06-03 19:40:12,364 INFO  - My position is not better! (at simulation time 52.001,800,000 s)
2024-06-03 19:40:12,365 INFO  - Recieve a message from other vehicle (at simulation time 52.001,900,000 s)
2024-06-03 19:40:12,365 INFO  - DENM message Recived from veh_10 -info : seco (at simulation time 52.001,900,000 s)
2024-06-03 19:40:12,365 INFO  - No more hops in DENM message (at simulation time 52.001,900,000 s)
2024-06-03 19:40:12,365 INFO  - Recieve a message from other vehicle (at simulation time 52.001,900,000 s)
2024-06-03 19:40:12,365 INFO  - I'm in better position but no more hops in message (at simulation time 52.001,900,000 s)
2024-06-03 19:40:12,365 INFO  - Recieve a message from other vehicle (at simulation time 52.001,900,000 s)
2024-06-03 19:40:12,365 INFO  - My position is not better! (at simulation time 52.001,900,000 s)
2024-06-03 19:40:12,365 INFO  - Recieve a message from other vehicle (at simulation time 52.002,300,000 s)
2024-06-03 19:40:12,365 INFO  - I'm in better position but no more hops in message (at simulation time 52.002,300,000 s)
2024-06-03 19:40:12,366 INFO  - Recieve a message from other vehicle (at simulation time 52.002,400,000 s)
2024-06-03 19:40:12,366 INFO  - My position is not better! (at simulation time 52.002,400,000 s)
2024-06-03 19:40:12,366 INFO  - Recieve a message from other vehicle (at simulation time 52.002,400,000 s)
2024-06-03 19:40:12,366 INFO  - My position is not better! (at simulation time 52.002,400,000 s)
2024-06-03 19:40:12,366 INFO  - Recieve a message from other vehicle (at simulation time 52.002,400,000 s)
2024-06-03 19:40:12,366 INFO  - My position is not better! (at simulation time 52.002,400,000 s)
2024-06-03 19:40:12,366 INFO  - Recieve a message from other vehicle (at simulation time 52.002,400,000 s)
2024-06-03 19:40:12,366 INFO  - My position is not better! (at simulation time 52.002,400,000 s)
2024-06-03 19:40:12,367 INFO  - Recieve a message from other vehicle (at simulation time 52.002,800,000 s)
2024-06-03 19:40:12,367 INFO  - I'm in better position but no more hops in message (at simulation time 52.002,800,000 s)
2024-06-03 19:40:12,367 INFO  - Recieve a message from other vehicle (at simulation time 52.002,800,000 s)
2024-06-03 19:40:12,367 INFO  - My position is not better! (at simulation time 52.002,800,000 s)
2024-06-03 19:40:12,367 INFO  - Recieve a message from other vehicle (at simulation time 52.003,300,000 s)
2024-06-03 19:40:12,367 INFO  - DENM message Recived from veh_8 -info : seco (at simulation time 52.003,300,000 s)
2024-06-03 19:40:12,367 INFO  - No more hops in DENM message (at simulation time 52.003,300,000 s)
2024-06-03 19:40:12,367 INFO  - Recieve a message from other vehicle (at simulation time 52.003,800,000 s)
2024-06-03 19:40:12,367 INFO  - My position is not better! (at simulation time 52.003,800,000 s)
2024-06-03 19:40:12,709 INFO  - Called #onVehicleUpdated (at simulation time 53.000,000,000 s)
2024-06-03 19:40:12,709 INFO  - Sending out AdHoc broadcast (at simulation time 53.000,000,000 s)
2024-06-03 19:40:12,709 INFO  - Sending out AdHoc broadcast (at simulation time 53.000,000,000 s)
2024-06-03 19:40:12,709 INFO  - Sending out AdHoc broadcast (at simulation time 53.000,000,000 s)
2024-06-03 19:40:12,710 INFO  - Sending out AdHoc broadcast (at simulation time 53.000,000,000 s)
2024-06-03 19:40:12,711 INFO  - Recieve a message from other vehicle (at simulation time 53.000,400,000 s)
2024-06-03 19:40:12,711 INFO  - My position is not better! (at simulation time 53.000,400,000 s)
2024-06-03 19:40:12,714 INFO  - Recieve a message from other vehicle (at simulation time 53.001,300,000 s)
2024-06-03 19:40:12,714 INFO  - I'm in better position but no more hops in message (at simulation time 53.001,300,000 s)
2024-06-03 19:40:12,714 INFO  - Recieve a message from other vehicle (at simulation time 53.001,300,000 s)
2024-06-03 19:40:12,714 INFO  - I'm in better position but no more hops in message (at simulation time 53.001,300,000 s)
2024-06-03 19:40:12,716 INFO  - Recieve a message from other vehicle (at simulation time 53.001,400,000 s)
2024-06-03 19:40:12,716 INFO  - My position is not better! (at simulation time 53.001,400,000 s)
2024-06-03 19:40:12,716 INFO  - Recieve a message from other vehicle (at simulation time 53.001,400,000 s)
2024-06-03 19:40:12,716 INFO  - My position is not better! (at simulation time 53.001,400,000 s)
2024-06-03 19:40:12,717 INFO  - Recieve a message from other vehicle (at simulation time 53.001,800,000 s)
2024-06-03 19:40:12,717 INFO  - I'm in better position but no more hops in message (at simulation time 53.001,800,000 s)
2024-06-03 19:40:12,717 INFO  - Recieve a message from other vehicle (at simulation time 53.001,900,000 s)
2024-06-03 19:40:12,717 INFO  - My position is not better! (at simulation time 53.001,900,000 s)
2024-06-03 19:40:12,717 INFO  - Recieve a message from other vehicle (at simulation time 53.001,900,000 s)
2024-06-03 19:40:12,717 INFO  - My position is not better! (at simulation time 53.001,900,000 s)
2024-06-03 19:40:12,718 INFO  - Recieve a message from other vehicle (at simulation time 53.002,300,000 s)
2024-06-03 19:40:12,718 INFO  - My position is not better! (at simulation time 53.002,300,000 s)
2024-06-03 19:40:12,718 INFO  - Recieve a message from other vehicle (at simulation time 53.002,300,000 s)
2024-06-03 19:40:12,718 INFO  - My position is not better! (at simulation time 53.002,300,000 s)
2024-06-03 19:40:12,720 INFO  - Recieve a message from other vehicle (at simulation time 53.002,400,000 s)
2024-06-03 19:40:12,720 INFO  - My position is not better! (at simulation time 53.002,400,000 s)
2024-06-03 19:40:12,721 INFO  - Recieve a message from other vehicle (at simulation time 53.002,800,000 s)
2024-06-03 19:40:12,721 INFO  - I'm in better position but no more hops in message (at simulation time 53.002,800,000 s)
2024-06-03 19:40:12,721 INFO  - Recieve a message from other vehicle (at simulation time 53.002,800,000 s)
2024-06-03 19:40:12,721 INFO  - My position is not better! (at simulation time 53.002,800,000 s)
2024-06-03 19:40:12,721 INFO  - Recieve a message from other vehicle (at simulation time 53.002,800,000 s)
2024-06-03 19:40:12,721 INFO  - My position is not better! (at simulation time 53.002,800,000 s)
2024-06-03 19:40:13,058 INFO  - Called #onVehicleUpdated (at simulation time 54.000,000,000 s)
2024-06-03 19:40:13,059 INFO  - Sending out AdHoc broadcast (at simulation time 54.000,000,000 s)
2024-06-03 19:40:13,059 INFO  - Sending out AdHoc broadcast (at simulation time 54.000,000,000 s)
2024-06-03 19:40:13,059 INFO  - Sending out AdHoc broadcast (at simulation time 54.000,000,000 s)
2024-06-03 19:40:13,060 INFO  - Recieve a message from RSU (at simulation time 54.000,400,000 s)
2024-06-03 19:40:13,062 INFO  - Recieve a message from other vehicle (at simulation time 54.000,900,000 s)
2024-06-03 19:40:13,062 INFO  - My position is not better! (at simulation time 54.000,900,000 s)
2024-06-03 19:40:13,062 INFO  - Recieve a message from other vehicle (at simulation time 54.001,300,000 s)
2024-06-03 19:40:13,062 INFO  - My position is not better! (at simulation time 54.001,300,000 s)
2024-06-03 19:40:13,062 INFO  - Recieve a message from other vehicle (at simulation time 54.001,400,000 s)
2024-06-03 19:40:13,062 INFO  - My position is not better! (at simulation time 54.001,400,000 s)
2024-06-03 19:40:13,062 INFO  - Recieve a message from other vehicle (at simulation time 54.001,400,000 s)
2024-06-03 19:40:13,062 INFO  - My position is not better! (at simulation time 54.001,400,000 s)
2024-06-03 19:40:13,063 INFO  - Recieve a message from other vehicle (at simulation time 54.001,800,000 s)
2024-06-03 19:40:13,063 INFO  - My position is not better! (at simulation time 54.001,800,000 s)
2024-06-03 19:40:13,063 INFO  - Recieve a message from other vehicle (at simulation time 54.002,400,000 s)
2024-06-03 19:40:13,063 INFO  - My position is not better! (at simulation time 54.002,400,000 s)
2024-06-03 19:40:13,063 INFO  - Recieve a message from other vehicle (at simulation time 54.002,800,000 s)
2024-06-03 19:40:13,063 INFO  - My position is not better! (at simulation time 54.002,800,000 s)
2024-06-03 19:40:13,063 INFO  - Recieve a message from other vehicle (at simulation time 54.002,800,000 s)
2024-06-03 19:40:13,063 INFO  - My position is not better! (at simulation time 54.002,800,000 s)
2024-06-03 19:40:13,409 INFO  - Called #onVehicleUpdated (at simulation time 55.000,000,000 s)
2024-06-03 19:40:13,410 INFO  - Exced velocity! Sending new CAM (at simulation time 55.000,000,000 s)
2024-06-03 19:40:13,410 INFO  - Sending out AdHoc broadcast (at simulation time 55.000,000,000 s)
2024-06-03 19:40:13,410 INFO  - Sending out AdHoc broadcast (at simulation time 55.000,000,000 s)
2024-06-03 19:40:13,410 INFO  - Sending out AdHoc broadcast (at simulation time 55.000,000,000 s)
2024-06-03 19:40:13,410 INFO  - Sending out AdHoc broadcast (at simulation time 55.000,000,000 s)
2024-06-03 19:40:13,410 INFO  - Sending out AdHoc broadcast (at simulation time 55.000,000,000 s)
2024-06-03 19:40:13,758 INFO  - Called #onVehicleUpdated (at simulation time 56.000,000,000 s)
2024-06-03 19:40:13,758 INFO  - Exced velocity! Sending new CAM (at simulation time 56.000,000,000 s)
2024-06-03 19:40:13,758 INFO  - Sending out AdHoc broadcast (at simulation time 56.000,000,000 s)
2024-06-03 19:40:13,759 INFO  - Sending out AdHoc broadcast (at simulation time 56.000,000,000 s)
2024-06-03 19:40:13,759 INFO  - Sending out AdHoc broadcast (at simulation time 56.000,000,000 s)
2024-06-03 19:40:13,759 INFO  - Sending out AdHoc broadcast (at simulation time 56.000,000,000 s)
2024-06-03 19:40:14,108 INFO  - Called #onVehicleUpdated (at simulation time 57.000,000,000 s)
2024-06-03 19:40:14,108 INFO  - Exced velocity! Sending new CAM (at simulation time 57.000,000,000 s)
2024-06-03 19:40:14,108 INFO  - Sending out AdHoc broadcast (at simulation time 57.000,000,000 s)
2024-06-03 19:40:14,109 INFO  - Sending out AdHoc broadcast (at simulation time 57.000,000,000 s)
2024-06-03 19:40:14,109 INFO  - Sending out AdHoc broadcast (at simulation time 57.000,000,000 s)
2024-06-03 19:40:14,109 INFO  - Sending out AdHoc broadcast (at simulation time 57.000,000,000 s)
2024-06-03 19:40:14,109 INFO  - Sending out AdHoc broadcast (at simulation time 57.000,000,000 s)
2024-06-03 19:40:14,110 INFO  - Sending out AdHoc broadcast (at simulation time 57.000,000,000 s)
2024-06-03 19:40:14,458 INFO  - Called #onVehicleUpdated (at simulation time 58.000,000,000 s)
2024-06-03 19:40:14,458 INFO  - Exced velocity! Sending new CAM (at simulation time 58.000,000,000 s)
2024-06-03 19:40:14,458 INFO  - Sending out AdHoc broadcast (at simulation time 58.000,000,000 s)
2024-06-03 19:40:14,459 INFO  - Sending out AdHoc broadcast (at simulation time 58.000,000,000 s)
2024-06-03 19:40:14,459 INFO  - Sending out AdHoc broadcast (at simulation time 58.000,000,000 s)
2024-06-03 19:40:14,459 INFO  - Sending out AdHoc broadcast (at simulation time 58.000,000,000 s)
2024-06-03 19:40:14,459 INFO  - Sending out AdHoc broadcast (at simulation time 58.000,000,000 s)
2024-06-03 19:40:14,808 INFO  - Called #onVehicleUpdated (at simulation time 59.000,000,000 s)
2024-06-03 19:40:14,808 INFO  - Exced velocity! Sending new CAM (at simulation time 59.000,000,000 s)
2024-06-03 19:40:14,808 INFO  - Sending out AdHoc broadcast (at simulation time 59.000,000,000 s)
2024-06-03 19:40:14,808 INFO  - Sending out AdHoc broadcast (at simulation time 59.000,000,000 s)
2024-06-03 19:40:14,808 INFO  - Sending out AdHoc broadcast (at simulation time 59.000,000,000 s)
2024-06-03 19:40:14,808 INFO  - Sending out AdHoc broadcast (at simulation time 59.000,000,000 s)
2024-06-03 19:40:14,808 INFO  - Sending out AdHoc broadcast (at simulation time 59.000,000,000 s)
2024-06-03 19:40:14,808 INFO  - Sending out AdHoc broadcast (at simulation time 59.000,000,000 s)
2024-06-03 19:40:14,808 INFO  - Sending out AdHoc broadcast (at simulation time 59.000,000,000 s)
2024-06-03 19:40:15,160 INFO  - Shutdown (at simulation time 60.000,000,000 s)
