2024-06-03 19:41:12,224 INFO  - Initialize Vehicle application (at simulation time 223.000,000,000 s)
2024-06-03 19:41:12,226 INFO  - Activated WLAN Module (at simulation time 223.000,000,000 s)
2024-06-03 19:41:12,228 INFO  - Called #onVehicleUpdated (at simulation time 223.000,000,000 s)
2024-06-03 19:41:12,230 INFO  - Recieve a message from other vehicle (at simulation time 223.002,400,000 s)
2024-06-03 19:41:12,230 INFO  - My position is not better! (at simulation time 223.002,400,000 s)
2024-06-03 19:41:12,574 INFO  - Called #onVehicleUpdated (at simulation time 224.000,000,000 s)
2024-06-03 19:41:12,574 INFO  - Define the name: veh_38 and route: r_1 (at simulation time 224.000,000,000 s)
2024-06-03 19:41:12,574 INFO  - Sending out AdHoc broadcast (at simulation time 224.000,000,000 s)
2024-06-03 19:41:12,574 INFO  - Recieve a message from other vehicle (at simulation time 224.001,800,000 s)
2024-06-03 19:41:12,574 INFO  - My position is not better! (at simulation time 224.001,800,000 s)
2024-06-03 19:41:12,925 INFO  - Called #onVehicleUpdated (at simulation time 225.000,000,000 s)
2024-06-03 19:41:12,926 INFO  - Recieve a message from other vehicle (at simulation time 225.002,400,000 s)
2024-06-03 19:41:12,926 INFO  - My position is not better! (at simulation time 225.002,400,000 s)
2024-06-03 19:41:13,276 INFO  - Called #onVehicleUpdated (at simulation time 226.000,000,000 s)
2024-06-03 19:41:13,276 INFO  - Sending out AdHoc broadcast (at simulation time 226.000,000,000 s)
2024-06-03 19:41:13,276 INFO  - Recieve a message from other vehicle (at simulation time 226.003,300,000 s)
2024-06-03 19:41:13,276 INFO  - My position is not better! (at simulation time 226.003,300,000 s)
2024-06-03 19:41:13,626 INFO  - Called #onVehicleUpdated (at simulation time 227.000,000,000 s)
2024-06-03 19:41:13,627 INFO  - Recieve a message from other vehicle (at simulation time 227.001,400,000 s)
2024-06-03 19:41:13,627 INFO  - My position is not better! (at simulation time 227.001,400,000 s)
2024-06-03 19:41:13,976 INFO  - Called #onVehicleUpdated (at simulation time 228.000,000,000 s)
2024-06-03 19:41:13,976 INFO  - Sending out AdHoc broadcast (at simulation time 228.000,000,000 s)
2024-06-03 19:41:13,976 INFO  - Recieve a message from other vehicle (at simulation time 228.004,800,000 s)
2024-06-03 19:41:13,976 INFO  - My position is not better! (at simulation time 228.004,800,000 s)
2024-06-03 19:41:14,325 INFO  - Called #onVehicleUpdated (at simulation time 229.000,000,000 s)
2024-06-03 19:41:14,326 INFO  - Recieve a message from other vehicle (at simulation time 229.000,900,000 s)
2024-06-03 19:41:14,326 INFO  - My position is not better! (at simulation time 229.000,900,000 s)
