2024-06-03 19:50:55,624 INFO  - Initialize Vehicle application (at simulation time 6.000,000,000 s)
2024-06-03 19:50:55,627 INFO  - Activated WLAN Module (at simulation time 6.000,000,000 s)
2024-06-03 19:50:55,631 INFO  - Called #onVehicleUpdated (at simulation time 6.000,000,000 s)
2024-06-03 19:50:55,632 INFO  - Exced velocity! Sending new CAM (at simulation time 6.000,000,000 s)
2024-06-03 19:50:55,632 INFO  - Sending out AdHoc broadcast (at simulation time 6.000,000,000 s)
2024-06-03 19:50:55,643 INFO  - Called #onVehicleUpdated (at simulation time 7.000,000,000 s)
2024-06-03 19:50:55,643 INFO  - Exced velocity! Sending new CAM (at simulation time 7.000,000,000 s)
2024-06-03 19:50:55,643 INFO  - Sending out AdHoc broadcast (at simulation time 7.000,000,000 s)
2024-06-03 19:50:55,645 INFO  - Define the name: veh_3 and route: r_4 (at simulation time 7.000,000,000 s)
2024-06-03 19:50:55,645 INFO  - Sending out AdHoc broadcast (at simulation time 7.000,000,000 s)
2024-06-03 19:50:55,652 INFO  - Called #onVehicleUpdated (at simulation time 8.000,000,000 s)
2024-06-03 19:50:55,652 INFO  - Exced velocity! Sending new CAM (at simulation time 8.000,000,000 s)
2024-06-03 19:50:55,653 INFO  - Sending out AdHoc broadcast (at simulation time 8.000,000,000 s)
2024-06-03 19:50:55,655 INFO  - Sending out AdHoc broadcast (at simulation time 8.000,000,000 s)
2024-06-03 19:50:55,658 INFO  - Recieve a message from other vehicle (at simulation time 8.002,400,000 s)
2024-06-03 19:50:55,658 INFO  - Recending a message from other vehicle (at simulation time 8.002,400,000 s)
2024-06-03 19:50:55,663 INFO  - Called #onVehicleUpdated (at simulation time 9.000,000,000 s)
2024-06-03 19:50:55,663 INFO  - Exced velocity! Sending new CAM (at simulation time 9.000,000,000 s)
2024-06-03 19:50:55,663 INFO  - Sending out AdHoc broadcast (at simulation time 9.000,000,000 s)
2024-06-03 19:50:55,664 INFO  - Sending out AdHoc broadcast (at simulation time 9.000,000,000 s)
2024-06-03 19:50:55,665 INFO  - Sending out AdHoc broadcast (at simulation time 9.000,000,000 s)
2024-06-03 19:50:55,677 INFO  - Called #onVehicleUpdated (at simulation time 10.000,000,000 s)
2024-06-03 19:50:55,677 INFO  - Exced velocity! Sending new CAM (at simulation time 10.000,000,000 s)
2024-06-03 19:50:55,677 INFO  - Sending out AdHoc broadcast (at simulation time 10.000,000,000 s)
2024-06-03 19:50:55,678 INFO  - Sending out AdHoc broadcast (at simulation time 10.000,000,000 s)
2024-06-03 19:50:55,679 INFO  - Sending out AdHoc broadcast (at simulation time 10.000,000,000 s)
2024-06-03 19:50:55,681 INFO  - Recieve a message from other vehicle (at simulation time 10.000,400,000 s)
2024-06-03 19:50:55,681 INFO  - Recending a message from other vehicle (at simulation time 10.000,400,000 s)
2024-06-03 19:50:55,686 INFO  - Called #onVehicleUpdated (at simulation time 11.000,000,000 s)
2024-06-03 19:50:55,687 INFO  - Exced velocity! Sending new CAM (at simulation time 11.000,000,000 s)
2024-06-03 19:50:55,687 INFO  - Sending out AdHoc broadcast (at simulation time 11.000,000,000 s)
2024-06-03 19:50:55,688 INFO  - Sending out AdHoc broadcast (at simulation time 11.000,000,000 s)
2024-06-03 19:50:55,688 INFO  - Sending out AdHoc broadcast (at simulation time 11.000,000,000 s)
2024-06-03 19:50:55,688 INFO  - Sending out AdHoc broadcast (at simulation time 11.000,000,000 s)
2024-06-03 19:50:55,691 INFO  - Recieve a message from other vehicle (at simulation time 11.000,900,000 s)
2024-06-03 19:50:55,691 INFO  - Recending a message from other vehicle (at simulation time 11.000,900,000 s)
2024-06-03 19:50:55,697 INFO  - Called #onVehicleUpdated (at simulation time 12.000,000,000 s)
2024-06-03 19:50:55,698 INFO  - Sending out AdHoc broadcast (at simulation time 12.000,000,000 s)
2024-06-03 19:50:55,698 INFO  - Sending out AdHoc broadcast (at simulation time 12.000,000,000 s)
2024-06-03 19:50:55,698 INFO  - Sending out AdHoc broadcast (at simulation time 12.000,000,000 s)
2024-06-03 19:50:55,700 INFO  - Recieve a message from other vehicle (at simulation time 12.000,400,000 s)
2024-06-03 19:50:55,700 INFO  - Recending a message from other vehicle (at simulation time 12.000,400,000 s)
2024-06-03 19:50:55,700 INFO  - Recieve a message from other vehicle (at simulation time 12.000,400,000 s)
2024-06-03 19:50:55,700 INFO  - Recending a message from other vehicle (at simulation time 12.000,400,000 s)
2024-06-03 19:50:55,701 INFO  - Recieve a message from other vehicle (at simulation time 12.000,400,000 s)
2024-06-03 19:50:55,701 INFO  - Recending a message from other vehicle (at simulation time 12.000,400,000 s)
2024-06-03 19:50:55,702 INFO  - Recieve a message from other vehicle (at simulation time 12.000,900,000 s)
2024-06-03 19:50:55,702 INFO  - Recending a message from other vehicle (at simulation time 12.000,900,000 s)
2024-06-03 19:50:55,703 INFO  - Recieve a message from other vehicle (at simulation time 12.001,400,000 s)
2024-06-03 19:50:55,704 INFO  - Recending a message from other vehicle (at simulation time 12.001,400,000 s)
2024-06-03 19:50:55,709 INFO  - Called #onVehicleUpdated (at simulation time 13.000,000,000 s)
2024-06-03 19:50:55,710 INFO  - Sending out AdHoc broadcast (at simulation time 13.000,000,000 s)
2024-06-03 19:50:55,710 INFO  - Sending out AdHoc broadcast (at simulation time 13.000,000,000 s)
2024-06-03 19:50:55,710 INFO  - Sending out AdHoc broadcast (at simulation time 13.000,000,000 s)
2024-06-03 19:50:55,711 INFO  - Sending out AdHoc broadcast (at simulation time 13.000,000,000 s)
2024-06-03 19:50:55,715 INFO  - Recieve a message from other vehicle (at simulation time 13.000,900,000 s)
2024-06-03 19:50:55,715 INFO  - Recending a message from other vehicle (at simulation time 13.000,900,000 s)
2024-06-03 19:50:55,717 INFO  - Recieve a message from other vehicle (at simulation time 13.001,400,000 s)
2024-06-03 19:50:55,717 INFO  - Recending a message from other vehicle (at simulation time 13.001,400,000 s)
2024-06-03 19:50:55,717 INFO  - Recieve a message from other vehicle (at simulation time 13.001,400,000 s)
2024-06-03 19:50:55,717 INFO  - Recending a message from other vehicle (at simulation time 13.001,400,000 s)
2024-06-03 19:50:55,718 INFO  - Recieve a message from other vehicle (at simulation time 13.001,900,000 s)
2024-06-03 19:50:55,719 INFO  - Recending a message from other vehicle (at simulation time 13.001,900,000 s)
2024-06-03 19:50:55,719 INFO  - Recieve a message from other vehicle (at simulation time 13.001,900,000 s)
2024-06-03 19:50:55,719 INFO  - Recending a message from other vehicle (at simulation time 13.001,900,000 s)
2024-06-03 19:50:55,720 INFO  - Recieve a message from other vehicle (at simulation time 13.001,900,000 s)
2024-06-03 19:50:55,720 INFO  - Recending a message from other vehicle (at simulation time 13.001,900,000 s)
2024-06-03 19:50:55,722 INFO  - Recieve a message from other vehicle (at simulation time 13.002,400,000 s)
2024-06-03 19:50:55,722 INFO  - I'm in better position but no more hops in message (at simulation time 13.002,400,000 s)
2024-06-03 19:50:55,723 INFO  - Recieve a message from other vehicle (at simulation time 13.002,800,000 s)
2024-06-03 19:50:55,723 INFO  - I'm in better position but no more hops in message (at simulation time 13.002,800,000 s)
2024-06-03 19:50:55,729 INFO  - Called #onVehicleUpdated (at simulation time 14.000,000,000 s)
2024-06-03 19:50:55,730 INFO  - Sending out AdHoc broadcast (at simulation time 14.000,000,000 s)
2024-06-03 19:50:55,731 INFO  - Sending out AdHoc broadcast (at simulation time 14.000,000,000 s)
2024-06-03 19:50:55,731 INFO  - Sending out AdHoc broadcast (at simulation time 14.000,000,000 s)
2024-06-03 19:50:55,734 INFO  - Recieve a message from other vehicle (at simulation time 14.000,400,000 s)
2024-06-03 19:50:55,734 INFO  - Recending a message from other vehicle (at simulation time 14.000,400,000 s)
2024-06-03 19:50:55,737 INFO  - Recieve a message from other vehicle (at simulation time 14.000,900,000 s)
2024-06-03 19:50:55,737 INFO  - Recending a message from other vehicle (at simulation time 14.000,900,000 s)
2024-06-03 19:50:55,738 INFO  - Recieve a message from other vehicle (at simulation time 14.001,400,000 s)
2024-06-03 19:50:55,739 INFO  - Recending a message from other vehicle (at simulation time 14.001,400,000 s)
2024-06-03 19:50:55,740 INFO  - Recieve a message from other vehicle (at simulation time 14.001,800,000 s)
2024-06-03 19:50:55,740 INFO  - I'm in better position but no more hops in message (at simulation time 14.001,800,000 s)
2024-06-03 19:50:55,741 INFO  - Recieve a message from other vehicle (at simulation time 14.001,900,000 s)
2024-06-03 19:50:55,741 INFO  - I'm in better position but no more hops in message (at simulation time 14.001,900,000 s)
2024-06-03 19:50:55,741 INFO  - Recieve a message from other vehicle (at simulation time 14.001,900,000 s)
2024-06-03 19:50:55,742 INFO  - Recending a message from other vehicle (at simulation time 14.001,900,000 s)
2024-06-03 19:50:55,742 INFO  - Recieve a message from other vehicle (at simulation time 14.001,900,000 s)
2024-06-03 19:50:55,742 INFO  - I'm in better position but no more hops in message (at simulation time 14.001,900,000 s)
2024-06-03 19:50:55,744 INFO  - Recieve a message from other vehicle (at simulation time 14.002,300,000 s)
2024-06-03 19:50:55,744 INFO  - I'm in better position but no more hops in message (at simulation time 14.002,300,000 s)
2024-06-03 19:50:55,746 INFO  - Recieve a message from other vehicle (at simulation time 14.002,400,000 s)
2024-06-03 19:50:55,746 INFO  - I'm in better position but no more hops in message (at simulation time 14.002,400,000 s)
2024-06-03 19:50:55,748 INFO  - Recieve a message from other vehicle (at simulation time 14.004,300,000 s)
2024-06-03 19:50:55,748 INFO  - I'm in better position but no more hops in message (at simulation time 14.004,300,000 s)
2024-06-03 19:50:55,758 INFO  - Called #onVehicleUpdated (at simulation time 15.000,000,000 s)
2024-06-03 19:50:55,759 INFO  - Sending out DENM broadcast (at simulation time 15.000,000,000 s)
2024-06-03 19:50:55,759 INFO  - Sending out AdHoc broadcast (at simulation time 15.000,000,000 s)
2024-06-03 19:50:55,759 INFO  - Sending out AdHoc broadcast (at simulation time 15.000,000,000 s)
2024-06-03 19:50:55,760 INFO  - Sending out AdHoc broadcast (at simulation time 15.000,000,000 s)
2024-06-03 19:50:55,760 INFO  - Sending out AdHoc broadcast (at simulation time 15.000,000,000 s)
2024-06-03 19:50:55,763 INFO  - Recieve a message from other vehicle (at simulation time 15.000,400,000 s)
2024-06-03 19:50:55,763 INFO  - DENM message Recived from veh_0 -info : seco (at simulation time 15.000,400,000 s)
2024-06-03 19:50:55,763 INFO  - Recending a DENM message from other vehicle (at simulation time 15.000,400,000 s)
2024-06-03 19:50:55,765 INFO  - Recieve a message from other vehicle (at simulation time 15.000,400,000 s)
2024-06-03 19:50:55,765 INFO  - I'm in better position but no more hops in message (at simulation time 15.000,400,000 s)
2024-06-03 19:50:55,769 INFO  - Recieve a message from other vehicle (at simulation time 15.000,900,000 s)
2024-06-03 19:50:55,769 INFO  - My position is not better! (at simulation time 15.000,900,000 s)
2024-06-03 19:50:55,770 INFO  - Recieve a message from other vehicle (at simulation time 15.000,900,000 s)
2024-06-03 19:50:55,770 INFO  - My position is not better! (at simulation time 15.000,900,000 s)
2024-06-03 19:50:55,770 INFO  - Recieve a message from other vehicle (at simulation time 15.000,900,000 s)
2024-06-03 19:50:55,770 INFO  - My position is not better! (at simulation time 15.000,900,000 s)
2024-06-03 19:50:55,770 INFO  - Recieve a message from other vehicle (at simulation time 15.000,900,000 s)
2024-06-03 19:50:55,770 INFO  - My position is not better! (at simulation time 15.000,900,000 s)
2024-06-03 19:50:55,770 INFO  - Recieve a message from other vehicle (at simulation time 15.000,900,000 s)
2024-06-03 19:50:55,770 INFO  - My position is not better! (at simulation time 15.000,900,000 s)
2024-06-03 19:50:55,771 INFO  - Recieve a message from other vehicle (at simulation time 15.001,300,000 s)
2024-06-03 19:50:55,771 INFO  - DENM message Recived from veh_1 -info : seco (at simulation time 15.001,300,000 s)
2024-06-03 19:50:55,771 INFO  - No more hops in DENM message (at simulation time 15.001,300,000 s)
2024-06-03 19:50:55,772 INFO  - Recieve a message from other vehicle (at simulation time 15.001,400,000 s)
2024-06-03 19:50:55,772 INFO  - DENM message Recived from veh_1 -info : seco (at simulation time 15.001,400,000 s)
2024-06-03 19:50:55,772 INFO  - No more hops in DENM message (at simulation time 15.001,400,000 s)
2024-06-03 19:50:55,774 INFO  - Recieve a message from other vehicle (at simulation time 15.001,800,000 s)
2024-06-03 19:50:55,774 INFO  - DENM message Recived from veh_3 -info : seco (at simulation time 15.001,800,000 s)
2024-06-03 19:50:55,774 INFO  - No more hops in DENM message (at simulation time 15.001,800,000 s)
2024-06-03 19:50:55,775 INFO  - Recieve a message from other vehicle (at simulation time 15.001,800,000 s)
2024-06-03 19:50:55,775 INFO  - My position is not better! (at simulation time 15.001,800,000 s)
2024-06-03 19:50:55,775 INFO  - Recieve a message from other vehicle (at simulation time 15.001,800,000 s)
2024-06-03 19:50:55,775 INFO  - My position is not better! (at simulation time 15.001,800,000 s)
2024-06-03 19:50:55,777 INFO  - Recieve a message from other vehicle (at simulation time 15.002,300,000 s)
2024-06-03 19:50:55,777 INFO  - I'm in better position but no more hops in message (at simulation time 15.002,300,000 s)
2024-06-03 19:50:55,777 INFO  - Recieve a message from other vehicle (at simulation time 15.002,300,000 s)
2024-06-03 19:50:55,777 INFO  - My position is not better! (at simulation time 15.002,300,000 s)
2024-06-03 19:50:55,778 INFO  - Recieve a message from other vehicle (at simulation time 15.002,400,000 s)
2024-06-03 19:50:55,778 INFO  - DENM message Recived from veh_5 -info : nevoeiro (at simulation time 15.002,400,000 s)
2024-06-03 19:50:55,778 INFO  - No more hops in DENM message (at simulation time 15.002,400,000 s)
2024-06-03 19:50:55,779 INFO  - Recieve a message from other vehicle (at simulation time 15.002,400,000 s)
2024-06-03 19:50:55,779 INFO  - My position is not better! (at simulation time 15.002,400,000 s)
2024-06-03 19:50:55,780 INFO  - Recieve a message from other vehicle (at simulation time 15.002,800,000 s)
2024-06-03 19:50:55,780 INFO  - DENM message Recived from veh_5 -info : nevoeiro (at simulation time 15.002,800,000 s)
2024-06-03 19:50:55,780 INFO  - No more hops in DENM message (at simulation time 15.002,800,000 s)
2024-06-03 19:50:55,781 INFO  - Recieve a message from other vehicle (at simulation time 15.002,800,000 s)
2024-06-03 19:50:55,781 INFO  - My position is not better! (at simulation time 15.002,800,000 s)
2024-06-03 19:50:55,781 INFO  - Recieve a message from other vehicle (at simulation time 15.002,800,000 s)
2024-06-03 19:50:55,781 INFO  - My position is not better! (at simulation time 15.002,800,000 s)
2024-06-03 19:50:55,786 INFO  - Called #onVehicleUpdated (at simulation time 16.000,000,000 s)
2024-06-03 19:50:55,786 INFO  - Sending out AdHoc broadcast (at simulation time 16.000,000,000 s)
2024-06-03 19:50:55,786 INFO  - Sending out AdHoc broadcast (at simulation time 16.000,000,000 s)
2024-06-03 19:50:55,786 INFO  - Sending out AdHoc broadcast (at simulation time 16.000,000,000 s)
2024-06-03 19:50:55,789 INFO  - Recieve a message from other vehicle (at simulation time 16.000,400,000 s)
2024-06-03 19:50:55,789 INFO  - My position is not better! (at simulation time 16.000,400,000 s)
2024-06-03 19:50:55,790 INFO  - Recieve a message from other vehicle (at simulation time 16.000,400,000 s)
2024-06-03 19:50:55,790 INFO  - My position is not better! (at simulation time 16.000,400,000 s)
2024-06-03 19:50:55,790 INFO  - Recieve a message from other vehicle (at simulation time 16.000,800,000 s)
2024-06-03 19:50:55,790 INFO  - DENM message Recived from veh_2 -info : seco (at simulation time 16.000,800,000 s)
2024-06-03 19:50:55,790 INFO  - No more hops in DENM message (at simulation time 16.000,800,000 s)
2024-06-03 19:50:55,790 INFO  - Recieve a message from other vehicle (at simulation time 16.000,800,000 s)
2024-06-03 19:50:55,790 INFO  - My position is not better! (at simulation time 16.000,800,000 s)
2024-06-03 19:50:55,790 INFO  - Recieve a message from other vehicle (at simulation time 16.000,900,000 s)
2024-06-03 19:50:55,790 INFO  - My position is not better! (at simulation time 16.000,900,000 s)
2024-06-03 19:50:55,791 INFO  - Recieve a message from other vehicle (at simulation time 16.000,900,000 s)
2024-06-03 19:50:55,791 INFO  - My position is not better! (at simulation time 16.000,900,000 s)
2024-06-03 19:50:55,792 INFO  - Recieve a message from other vehicle (at simulation time 16.001,300,000 s)
2024-06-03 19:50:55,792 INFO  - My position is not better! (at simulation time 16.001,300,000 s)
2024-06-03 19:50:55,792 INFO  - Recieve a message from other vehicle (at simulation time 16.001,300,000 s)
2024-06-03 19:50:55,792 INFO  - My position is not better! (at simulation time 16.001,300,000 s)
2024-06-03 19:50:55,793 INFO  - Recieve a message from other vehicle (at simulation time 16.001,400,000 s)
2024-06-03 19:50:55,793 INFO  - DENM message Recived from veh_2 -info : seco (at simulation time 16.001,400,000 s)
2024-06-03 19:50:55,793 INFO  - No more hops in DENM message (at simulation time 16.001,400,000 s)
2024-06-03 19:50:55,794 INFO  - Recieve a message from other vehicle (at simulation time 16.001,900,000 s)
2024-06-03 19:50:55,794 INFO  - My position is not better! (at simulation time 16.001,900,000 s)
2024-06-03 19:50:55,795 INFO  - Recieve a message from other vehicle (at simulation time 16.001,900,000 s)
2024-06-03 19:50:55,795 INFO  - My position is not better! (at simulation time 16.001,900,000 s)
2024-06-03 19:50:55,795 INFO  - Recieve a message from other vehicle (at simulation time 16.002,300,000 s)
2024-06-03 19:50:55,795 INFO  - My position is not better! (at simulation time 16.002,300,000 s)
2024-06-03 19:50:55,795 INFO  - Recieve a message from other vehicle (at simulation time 16.002,300,000 s)
2024-06-03 19:50:55,795 INFO  - My position is not better! (at simulation time 16.002,300,000 s)
2024-06-03 19:50:55,795 INFO  - Recieve a message from other vehicle (at simulation time 16.002,400,000 s)
2024-06-03 19:50:55,795 INFO  - DENM message Recived from veh_4 -info : seco (at simulation time 16.002,400,000 s)
2024-06-03 19:50:55,795 INFO  - No more hops in DENM message (at simulation time 16.002,400,000 s)
2024-06-03 19:50:55,795 INFO  - Recieve a message from other vehicle (at simulation time 16.002,400,000 s)
2024-06-03 19:50:55,795 INFO  - My position is not better! (at simulation time 16.002,400,000 s)
2024-06-03 19:50:55,796 INFO  - Recieve a message from other vehicle (at simulation time 16.002,800,000 s)
2024-06-03 19:50:55,796 INFO  - DENM message Recived from veh_4 -info : seco (at simulation time 16.002,800,000 s)
2024-06-03 19:50:55,796 INFO  - No more hops in DENM message (at simulation time 16.002,800,000 s)
2024-06-03 19:50:55,796 INFO  - Recieve a message from other vehicle (at simulation time 16.002,800,000 s)
2024-06-03 19:50:55,796 INFO  - My position is not better! (at simulation time 16.002,800,000 s)
2024-06-03 19:50:55,799 INFO  - Called #onVehicleUpdated (at simulation time 17.000,000,000 s)
2024-06-03 19:50:55,799 INFO  - Sending out AdHoc broadcast (at simulation time 17.000,000,000 s)
2024-06-03 19:50:55,800 INFO  - Sending out AdHoc broadcast (at simulation time 17.000,000,000 s)
2024-06-03 19:50:55,800 INFO  - Sending out AdHoc broadcast (at simulation time 17.000,000,000 s)
2024-06-03 19:50:55,800 INFO  - Sending out AdHoc broadcast (at simulation time 17.000,000,000 s)
2024-06-03 19:50:55,802 INFO  - Recieve a message from other vehicle (at simulation time 17.000,800,000 s)
2024-06-03 19:50:55,802 INFO  - My position is not better! (at simulation time 17.000,800,000 s)
2024-06-03 19:50:55,802 INFO  - Recieve a message from other vehicle (at simulation time 17.000,900,000 s)
2024-06-03 19:50:55,802 INFO  - My position is not better! (at simulation time 17.000,900,000 s)
2024-06-03 19:50:55,803 INFO  - Recieve a message from other vehicle (at simulation time 17.001,300,000 s)
2024-06-03 19:50:55,803 INFO  - My position is not better! (at simulation time 17.001,300,000 s)
2024-06-03 19:50:55,804 INFO  - Recieve a message from other vehicle (at simulation time 17.001,800,000 s)
2024-06-03 19:50:55,804 INFO  - My position is not better! (at simulation time 17.001,800,000 s)
2024-06-03 19:50:55,805 INFO  - Recieve a message from other vehicle (at simulation time 17.002,300,000 s)
2024-06-03 19:50:55,805 INFO  - My position is not better! (at simulation time 17.002,300,000 s)
2024-06-03 19:50:55,806 INFO  - Recieve a message from other vehicle (at simulation time 17.002,400,000 s)
2024-06-03 19:50:55,806 INFO  - My position is not better! (at simulation time 17.002,400,000 s)
2024-06-03 19:50:55,806 INFO  - Recieve a message from other vehicle (at simulation time 17.004,300,000 s)
2024-06-03 19:50:55,806 INFO  - My position is not better! (at simulation time 17.004,300,000 s)
2024-06-03 19:50:55,809 INFO  - Called #onVehicleUpdated (at simulation time 18.000,000,000 s)
2024-06-03 19:50:55,809 INFO  - Sending out AdHoc broadcast (at simulation time 18.000,000,000 s)
2024-06-03 19:50:55,809 INFO  - Sending out AdHoc broadcast (at simulation time 18.000,000,000 s)
2024-06-03 19:50:55,809 INFO  - Sending out AdHoc broadcast (at simulation time 18.000,000,000 s)
2024-06-03 19:50:55,817 INFO  - Called #onVehicleUpdated (at simulation time 19.000,000,000 s)
2024-06-03 19:50:55,817 INFO  - Exced velocity! Sending new CAM (at simulation time 19.000,000,000 s)
2024-06-03 19:50:55,818 INFO  - Sending out AdHoc broadcast (at simulation time 19.000,000,000 s)
2024-06-03 19:50:55,818 INFO  - Sending out AdHoc broadcast (at simulation time 19.000,000,000 s)
2024-06-03 19:50:55,818 INFO  - Sending out AdHoc broadcast (at simulation time 19.000,000,000 s)
2024-06-03 19:50:55,818 INFO  - Sending out AdHoc broadcast (at simulation time 19.000,000,000 s)
2024-06-03 19:50:55,818 INFO  - Sending out AdHoc broadcast (at simulation time 19.000,000,000 s)
2024-06-03 19:50:55,825 INFO  - Called #onVehicleUpdated (at simulation time 20.000,000,000 s)
2024-06-03 19:50:55,825 INFO  - Exced velocity! Sending new CAM (at simulation time 20.000,000,000 s)
2024-06-03 19:50:55,825 INFO  - Sending out AdHoc broadcast (at simulation time 20.000,000,000 s)
2024-06-03 19:50:55,826 INFO  - Sending out AdHoc broadcast (at simulation time 20.000,000,000 s)
2024-06-03 19:50:55,826 INFO  - Sending out AdHoc broadcast (at simulation time 20.000,000,000 s)
2024-06-03 19:50:55,826 INFO  - Sending out AdHoc broadcast (at simulation time 20.000,000,000 s)
2024-06-03 19:50:55,831 INFO  - Called #onVehicleUpdated (at simulation time 21.000,000,000 s)
2024-06-03 19:50:55,831 INFO  - Exced velocity! Sending new CAM (at simulation time 21.000,000,000 s)
2024-06-03 19:50:55,831 INFO  - Sending out AdHoc broadcast (at simulation time 21.000,000,000 s)
2024-06-03 19:50:55,831 INFO  - Sending out AdHoc broadcast (at simulation time 21.000,000,000 s)
2024-06-03 19:50:55,831 INFO  - Sending out AdHoc broadcast (at simulation time 21.000,000,000 s)
2024-06-03 19:50:55,831 INFO  - Sending out AdHoc broadcast (at simulation time 21.000,000,000 s)
2024-06-03 19:50:55,831 INFO  - Sending out AdHoc broadcast (at simulation time 21.000,000,000 s)
2024-06-03 19:50:55,832 INFO  - Sending out AdHoc broadcast (at simulation time 21.000,000,000 s)
2024-06-03 19:50:55,835 INFO  - Called #onVehicleUpdated (at simulation time 22.000,000,000 s)
2024-06-03 19:50:55,835 INFO  - Exced velocity! Sending new CAM (at simulation time 22.000,000,000 s)
2024-06-03 19:50:55,835 INFO  - Sending out AdHoc broadcast (at simulation time 22.000,000,000 s)
2024-06-03 19:50:55,835 INFO  - Sending out AdHoc broadcast (at simulation time 22.000,000,000 s)
2024-06-03 19:50:55,835 INFO  - Sending out AdHoc broadcast (at simulation time 22.000,000,000 s)
2024-06-03 19:50:55,835 INFO  - Sending out AdHoc broadcast (at simulation time 22.000,000,000 s)
2024-06-03 19:50:55,835 INFO  - Sending out AdHoc broadcast (at simulation time 22.000,000,000 s)
2024-06-03 19:50:55,839 INFO  - Shutdown (at simulation time 23.000,000,000 s)
