2024-06-03 18:22:43,614 INFO  - Initialize Vehicle application (at simulation time 6.000,000,000 s)
2024-06-03 18:22:43,616 INFO  - Activated WLAN Module (at simulation time 6.000,000,000 s)
2024-06-03 18:22:43,618 INFO  - Called #onVehicleUpdated (at simulation time 6.000,000,000 s)
2024-06-03 18:22:43,618 INFO  - Exced velocity! Sending new CAM (at simulation time 6.000,000,000 s)
2024-06-03 18:22:43,618 INFO  - Sending out AdHoc broadcast (at simulation time 6.000,000,000 s)
2024-06-03 18:22:43,859 INFO  - Called #onVehicleUpdated (at simulation time 7.000,000,000 s)
2024-06-03 18:22:43,859 INFO  - Exced velocity! Sending new CAM (at simulation time 7.000,000,000 s)
2024-06-03 18:22:43,859 INFO  - Sending out AdHoc broadcast (at simulation time 7.000,000,000 s)
2024-06-03 18:22:43,861 INFO  - Define the name: veh_5 and route: r_5 (at simulation time 7.000,000,000 s)
2024-06-03 18:22:43,861 INFO  - Sending out AdHoc broadcast (at simulation time 7.000,000,000 s)
2024-06-03 18:22:44,096 INFO  - Called #onVehicleUpdated (at simulation time 8.000,000,000 s)
2024-06-03 18:22:44,096 INFO  - Exced velocity! Sending new CAM (at simulation time 8.000,000,000 s)
2024-06-03 18:22:44,096 INFO  - Sending out AdHoc broadcast (at simulation time 8.000,000,000 s)
2024-06-03 18:22:44,097 INFO  - Sending out AdHoc broadcast (at simulation time 8.000,000,000 s)
2024-06-03 18:22:44,347 INFO  - Called #onVehicleUpdated (at simulation time 9.000,000,000 s)
2024-06-03 18:22:44,347 INFO  - Exced velocity! Sending new CAM (at simulation time 9.000,000,000 s)
2024-06-03 18:22:44,347 INFO  - Sending out AdHoc broadcast (at simulation time 9.000,000,000 s)
2024-06-03 18:22:44,347 INFO  - Sending out AdHoc broadcast (at simulation time 9.000,000,000 s)
2024-06-03 18:22:44,348 INFO  - Sending out AdHoc broadcast (at simulation time 9.000,000,000 s)
2024-06-03 18:22:44,611 INFO  - Called #onVehicleUpdated (at simulation time 10.000,000,000 s)
2024-06-03 18:22:44,611 INFO  - Exced velocity! Sending new CAM (at simulation time 10.000,000,000 s)
2024-06-03 18:22:44,612 INFO  - Sending out AdHoc broadcast (at simulation time 10.000,000,000 s)
2024-06-03 18:22:44,612 INFO  - Sending out AdHoc broadcast (at simulation time 10.000,000,000 s)
2024-06-03 18:22:44,613 INFO  - Sending out AdHoc broadcast (at simulation time 10.000,000,000 s)
2024-06-03 18:22:44,850 INFO  - Called #onVehicleUpdated (at simulation time 11.000,000,000 s)
2024-06-03 18:22:44,850 INFO  - Exced velocity! Sending new CAM (at simulation time 11.000,000,000 s)
2024-06-03 18:22:44,850 INFO  - Sending out AdHoc broadcast (at simulation time 11.000,000,000 s)
2024-06-03 18:22:44,851 INFO  - Sending out AdHoc broadcast (at simulation time 11.000,000,000 s)
2024-06-03 18:22:44,852 INFO  - Sending out AdHoc broadcast (at simulation time 11.000,000,000 s)
2024-06-03 18:22:44,853 INFO  - Sending out AdHoc broadcast (at simulation time 11.000,000,000 s)
2024-06-03 18:22:45,099 INFO  - Called #onVehicleUpdated (at simulation time 12.000,000,000 s)
2024-06-03 18:22:45,100 INFO  - Sending out AdHoc broadcast (at simulation time 12.000,000,000 s)
2024-06-03 18:22:45,101 INFO  - Sending out AdHoc broadcast (at simulation time 12.000,000,000 s)
2024-06-03 18:22:45,103 INFO  - Sending out AdHoc broadcast (at simulation time 12.000,000,000 s)
2024-06-03 18:22:45,108 INFO  - Recieve a message from other vehicle (at simulation time 12.000,800,000 s)
2024-06-03 18:22:45,108 INFO  - I'm in better position but no more hops in message (at simulation time 12.000,800,000 s)
2024-06-03 18:22:45,110 INFO  - Recieve a message from other vehicle (at simulation time 12.001,300,000 s)
2024-06-03 18:22:45,110 INFO  - My position is not better! (at simulation time 12.001,300,000 s)
2024-06-03 18:22:45,112 INFO  - Recieve a message from other vehicle (at simulation time 12.002,300,000 s)
2024-06-03 18:22:45,112 INFO  - My position is not better! (at simulation time 12.002,300,000 s)
2024-06-03 18:22:45,112 INFO  - Recieve a message from other vehicle (at simulation time 12.002,300,000 s)
2024-06-03 18:22:45,112 INFO  - My position is not better! (at simulation time 12.002,300,000 s)
2024-06-03 18:22:45,112 INFO  - Recieve a message from other vehicle (at simulation time 12.002,400,000 s)
2024-06-03 18:22:45,112 INFO  - My position is not better! (at simulation time 12.002,400,000 s)
2024-06-03 18:22:45,112 INFO  - Recieve a message from other vehicle (at simulation time 12.002,400,000 s)
2024-06-03 18:22:45,113 INFO  - My position is not better! (at simulation time 12.002,400,000 s)
2024-06-03 18:22:45,113 INFO  - Recieve a message from other vehicle (at simulation time 12.002,400,000 s)
2024-06-03 18:22:45,113 INFO  - My position is not better! (at simulation time 12.002,400,000 s)
2024-06-03 18:22:45,113 INFO  - Recieve a message from other vehicle (at simulation time 12.003,300,000 s)
2024-06-03 18:22:45,113 INFO  - I'm in better position but no more hops in message (at simulation time 12.003,300,000 s)
2024-06-03 18:22:45,347 INFO  - Called #onVehicleUpdated (at simulation time 13.000,000,000 s)
2024-06-03 18:22:45,348 INFO  - Sending out AdHoc broadcast (at simulation time 13.000,000,000 s)
2024-06-03 18:22:45,348 INFO  - Sending out AdHoc broadcast (at simulation time 13.000,000,000 s)
2024-06-03 18:22:45,348 INFO  - Sending out AdHoc broadcast (at simulation time 13.000,000,000 s)
2024-06-03 18:22:45,349 INFO  - Sending out AdHoc broadcast (at simulation time 13.000,000,000 s)
2024-06-03 18:22:45,352 INFO  - Recieve a message from other vehicle (at simulation time 13.000,400,000 s)
2024-06-03 18:22:45,352 INFO  - My position is not better! (at simulation time 13.000,400,000 s)
2024-06-03 18:22:45,353 INFO  - Recieve a message from other vehicle (at simulation time 13.000,900,000 s)
2024-06-03 18:22:45,353 INFO  - My position is not better! (at simulation time 13.000,900,000 s)
2024-06-03 18:22:45,354 INFO  - Recieve a message from other vehicle (at simulation time 13.000,900,000 s)
2024-06-03 18:22:45,354 INFO  - Recending a message from other vehicle (at simulation time 13.000,900,000 s)
2024-06-03 18:22:45,355 INFO  - Recieve a message from other vehicle (at simulation time 13.001,300,000 s)
2024-06-03 18:22:45,355 INFO  - My position is not better! (at simulation time 13.001,300,000 s)
2024-06-03 18:22:45,356 INFO  - Recieve a message from other vehicle (at simulation time 13.001,400,000 s)
2024-06-03 18:22:45,356 INFO  - Recending a message from other vehicle (at simulation time 13.001,400,000 s)
2024-06-03 18:22:45,358 INFO  - Recieve a message from other vehicle (at simulation time 13.001,400,000 s)
2024-06-03 18:22:45,358 INFO  - Recending a message from other vehicle (at simulation time 13.001,400,000 s)
2024-06-03 18:22:45,360 INFO  - Recieve a message from other vehicle (at simulation time 13.001,800,000 s)
2024-06-03 18:22:45,360 INFO  - My position is not better! (at simulation time 13.001,800,000 s)
2024-06-03 18:22:45,361 INFO  - Recieve a message from other vehicle (at simulation time 13.001,900,000 s)
2024-06-03 18:22:45,361 INFO  - My position is not better! (at simulation time 13.001,900,000 s)
2024-06-03 18:22:45,364 INFO  - Recieve a message from other vehicle (at simulation time 13.002,400,000 s)
2024-06-03 18:22:45,364 INFO  - My position is not better! (at simulation time 13.002,400,000 s)
2024-06-03 18:22:45,367 INFO  - Recieve a message from other vehicle (at simulation time 13.003,300,000 s)
2024-06-03 18:22:45,367 INFO  - My position is not better! (at simulation time 13.003,300,000 s)
2024-06-03 18:22:45,367 INFO  - Recieve a message from other vehicle (at simulation time 13.004,300,000 s)
2024-06-03 18:22:45,367 INFO  - My position is not better! (at simulation time 13.004,300,000 s)
2024-06-03 18:22:45,368 INFO  - Recieve a message from RSU (at simulation time 13.229,738,016 s)
2024-06-03 18:22:45,368 INFO  - RSU Stopped me!!! (at simulation time 13.229,738,016 s)
2024-06-03 18:22:45,369 INFO  - Recieve a message from RSU (at simulation time 13.235,255,312 s)
2024-06-03 18:22:45,369 INFO  - Recieve a message from RSU (at simulation time 13.921,591,851 s)
2024-06-03 18:22:45,370 INFO  - Recieve a message from RSU (at simulation time 13.934,227,604 s)
2024-06-03 18:22:45,600 INFO  - Called #onVehicleUpdated (at simulation time 14.000,000,000 s)
2024-06-03 18:22:45,601 INFO  - Sending out AdHoc broadcast (at simulation time 14.000,000,000 s)
2024-06-03 18:22:45,602 INFO  - Sending out AdHoc broadcast (at simulation time 14.000,000,000 s)
2024-06-03 18:22:45,603 INFO  - Sending out AdHoc broadcast (at simulation time 14.000,000,000 s)
2024-06-03 18:22:45,606 INFO  - Recieve a message from other vehicle (at simulation time 14.000,400,000 s)
2024-06-03 18:22:45,607 INFO  - Recending a message from other vehicle (at simulation time 14.000,400,000 s)
2024-06-03 18:22:45,607 INFO  - Recieve a message from other vehicle (at simulation time 14.000,400,000 s)
2024-06-03 18:22:45,607 INFO  - My position is not better! (at simulation time 14.000,400,000 s)
2024-06-03 18:22:45,617 INFO  - Recieve a message from other vehicle (at simulation time 14.001,400,000 s)
2024-06-03 18:22:45,617 INFO  - My position is not better! (at simulation time 14.001,400,000 s)
2024-06-03 18:22:45,619 INFO  - Recieve a message from other vehicle (at simulation time 14.001,900,000 s)
2024-06-03 18:22:45,619 INFO  - My position is not better! (at simulation time 14.001,900,000 s)
2024-06-03 18:22:45,620 INFO  - Recieve a message from other vehicle (at simulation time 14.001,900,000 s)
2024-06-03 18:22:45,620 INFO  - My position is not better! (at simulation time 14.001,900,000 s)
2024-06-03 18:22:45,621 INFO  - Recieve a message from other vehicle (at simulation time 14.002,300,000 s)
2024-06-03 18:22:45,621 INFO  - I'm in better position but no more hops in message (at simulation time 14.002,300,000 s)
2024-06-03 18:22:45,621 INFO  - Recieve a message from other vehicle (at simulation time 14.002,300,000 s)
2024-06-03 18:22:45,621 INFO  - I'm in better position but no more hops in message (at simulation time 14.002,300,000 s)
2024-06-03 18:22:45,622 INFO  - Recieve a message from other vehicle (at simulation time 14.002,400,000 s)
2024-06-03 18:22:45,622 INFO  - I'm in better position but no more hops in message (at simulation time 14.002,400,000 s)
2024-06-03 18:22:45,622 INFO  - Recieve a message from other vehicle (at simulation time 14.002,400,000 s)
2024-06-03 18:22:45,622 INFO  - I'm in better position but no more hops in message (at simulation time 14.002,400,000 s)
2024-06-03 18:22:45,622 INFO  - Recieve a message from other vehicle (at simulation time 14.003,300,000 s)
2024-06-03 18:22:45,623 INFO  - My position is not better! (at simulation time 14.003,300,000 s)
2024-06-03 18:22:45,623 INFO  - Recieve a message from other vehicle (at simulation time 14.003,300,000 s)
2024-06-03 18:22:45,623 INFO  - My position is not better! (at simulation time 14.003,300,000 s)
2024-06-03 18:22:45,623 INFO  - Recieve a message from other vehicle (at simulation time 14.003,800,000 s)
2024-06-03 18:22:45,623 INFO  - My position is not better! (at simulation time 14.003,800,000 s)
2024-06-03 18:22:45,623 INFO  - Recieve a message from other vehicle (at simulation time 14.004,300,000 s)
2024-06-03 18:22:45,623 INFO  - My position is not better! (at simulation time 14.004,300,000 s)
2024-06-03 18:22:45,624 INFO  - Recieve a message from RSU (at simulation time 14.615,403,933 s)
2024-06-03 18:22:45,625 INFO  - Recieve a message from RSU (at simulation time 14.656,877,241 s)
2024-06-03 18:22:45,858 INFO  - Called #onVehicleUpdated (at simulation time 15.000,000,000 s)
2024-06-03 18:22:45,859 INFO  - Sending out DENM broadcast (at simulation time 15.000,000,000 s)
2024-06-03 18:22:45,859 INFO  - Sending out AdHoc broadcast (at simulation time 15.000,000,000 s)
2024-06-03 18:22:45,859 INFO  - Sending out AdHoc broadcast (at simulation time 15.000,000,000 s)
2024-06-03 18:22:45,859 INFO  - Sending out AdHoc broadcast (at simulation time 15.000,000,000 s)
2024-06-03 18:22:45,860 INFO  - Sending out AdHoc broadcast (at simulation time 15.000,000,000 s)
2024-06-03 18:22:45,862 INFO  - Recieve a message from other vehicle (at simulation time 15.000,400,000 s)
2024-06-03 18:22:45,862 INFO  - DENM message Recived from veh_1 -info : seco (at simulation time 15.000,400,000 s)
2024-06-03 18:22:45,862 INFO  - Recending a DENM message from other vehicle (at simulation time 15.000,400,000 s)
2024-06-03 18:22:45,863 INFO  - Recieve a message from other vehicle (at simulation time 15.000,400,000 s)
2024-06-03 18:22:45,863 INFO  - My position is not better! (at simulation time 15.000,400,000 s)
2024-06-03 18:22:45,865 INFO  - Recieve a message from other vehicle (at simulation time 15.000,900,000 s)
2024-06-03 18:22:45,865 INFO  - My position is not better! (at simulation time 15.000,900,000 s)
2024-06-03 18:22:45,867 INFO  - Recieve a message from other vehicle (at simulation time 15.001,300,000 s)
2024-06-03 18:22:45,867 INFO  - DENM message Recived from veh_5 -info : seco (at simulation time 15.001,300,000 s)
2024-06-03 18:22:45,867 INFO  - No more hops in DENM message (at simulation time 15.001,300,000 s)
2024-06-03 18:22:45,867 INFO  - Recieve a message from other vehicle (at simulation time 15.001,300,000 s)
2024-06-03 18:22:45,867 INFO  - I'm in better position but no more hops in message (at simulation time 15.001,300,000 s)
2024-06-03 18:22:45,868 INFO  - Recieve a message from other vehicle (at simulation time 15.001,400,000 s)
2024-06-03 18:22:45,868 INFO  - My position is not better! (at simulation time 15.001,400,000 s)
2024-06-03 18:22:45,868 INFO  - Recieve a message from other vehicle (at simulation time 15.001,400,000 s)
2024-06-03 18:22:45,868 INFO  - My position is not better! (at simulation time 15.001,400,000 s)
2024-06-03 18:22:45,868 INFO  - Recieve a message from other vehicle (at simulation time 15.001,800,000 s)
2024-06-03 18:22:45,868 INFO  - DENM message Recived from veh_0 -info : seco (at simulation time 15.001,800,000 s)
2024-06-03 18:22:45,868 INFO  - No more hops in DENM message (at simulation time 15.001,800,000 s)
2024-06-03 18:22:45,869 INFO  - Recieve a message from other vehicle (at simulation time 15.001,900,000 s)
2024-06-03 18:22:45,869 INFO  - DENM message Recived from veh_3 -info : seco (at simulation time 15.001,900,000 s)
2024-06-03 18:22:45,869 INFO  - No more hops in DENM message (at simulation time 15.001,900,000 s)
2024-06-03 18:22:45,870 INFO  - Recieve a message from other vehicle (at simulation time 15.002,300,000 s)
2024-06-03 18:22:45,870 INFO  - DENM message Recived from veh_3 -info : seco (at simulation time 15.002,300,000 s)
2024-06-03 18:22:45,870 INFO  - No more hops in DENM message (at simulation time 15.002,300,000 s)
2024-06-03 18:22:45,870 INFO  - Recieve a message from other vehicle (at simulation time 15.002,400,000 s)
2024-06-03 18:22:45,870 INFO  - DENM message Recived from veh_0 -info : seco (at simulation time 15.002,400,000 s)
2024-06-03 18:22:45,870 INFO  - No more hops in DENM message (at simulation time 15.002,400,000 s)
2024-06-03 18:22:45,870 INFO  - Recieve a message from other vehicle (at simulation time 15.002,400,000 s)
2024-06-03 18:22:45,870 INFO  - My position is not better! (at simulation time 15.002,400,000 s)
2024-06-03 18:22:45,870 INFO  - Recieve a message from other vehicle (at simulation time 15.002,400,000 s)
2024-06-03 18:22:45,870 INFO  - I'm in better position but no more hops in message (at simulation time 15.002,400,000 s)
2024-06-03 18:22:45,870 INFO  - Recieve a message from other vehicle (at simulation time 15.002,400,000 s)
2024-06-03 18:22:45,870 INFO  - I'm in better position but no more hops in message (at simulation time 15.002,400,000 s)
2024-06-03 18:22:45,871 INFO  - Recieve a message from other vehicle (at simulation time 15.003,300,000 s)
2024-06-03 18:22:45,871 INFO  - I'm in better position but no more hops in message (at simulation time 15.003,300,000 s)
2024-06-03 18:22:45,872 INFO  - Recieve a message from RSU (at simulation time 15.321,112,906 s)
2024-06-03 18:22:45,872 INFO  - Recieve a message from RSU (at simulation time 15.331,969,342 s)
2024-06-03 18:22:46,097 INFO  - Called #onVehicleUpdated (at simulation time 16.000,000,000 s)
2024-06-03 18:22:46,098 INFO  - Sending out AdHoc broadcast (at simulation time 16.000,000,000 s)
2024-06-03 18:22:46,098 INFO  - Sending out AdHoc broadcast (at simulation time 16.000,000,000 s)
2024-06-03 18:22:46,098 INFO  - Sending out AdHoc broadcast (at simulation time 16.000,000,000 s)
2024-06-03 18:22:46,099 INFO  - Recieve a message from other vehicle (at simulation time 16.000,400,000 s)
2024-06-03 18:22:46,100 INFO  - Recending a message from other vehicle (at simulation time 16.000,400,000 s)
2024-06-03 18:22:46,100 INFO  - Recieve a message from other vehicle (at simulation time 16.000,400,000 s)
2024-06-03 18:22:46,100 INFO  - My position is not better! (at simulation time 16.000,400,000 s)
2024-06-03 18:22:46,101 INFO  - Recieve a message from other vehicle (at simulation time 16.000,900,000 s)
2024-06-03 18:22:46,101 INFO  - I'm in better position but no more hops in message (at simulation time 16.000,900,000 s)
2024-06-03 18:22:46,101 INFO  - Recieve a message from other vehicle (at simulation time 16.000,900,000 s)
2024-06-03 18:22:46,101 INFO  - I'm in better position but no more hops in message (at simulation time 16.000,900,000 s)
2024-06-03 18:22:46,101 INFO  - Recieve a message from other vehicle (at simulation time 16.001,300,000 s)
2024-06-03 18:22:46,101 INFO  - DENM message Recived from veh_4 -info : seco (at simulation time 16.001,300,000 s)
2024-06-03 18:22:46,101 INFO  - No more hops in DENM message (at simulation time 16.001,300,000 s)
2024-06-03 18:22:46,103 INFO  - Recieve a message from other vehicle (at simulation time 16.001,800,000 s)
2024-06-03 18:22:46,103 INFO  - I'm in better position but no more hops in message (at simulation time 16.001,800,000 s)
2024-06-03 18:22:46,103 INFO  - Recieve a message from other vehicle (at simulation time 16.001,800,000 s)
2024-06-03 18:22:46,103 INFO  - I'm in better position but no more hops in message (at simulation time 16.001,800,000 s)
2024-06-03 18:22:46,103 INFO  - Recieve a message from other vehicle (at simulation time 16.001,900,000 s)
2024-06-03 18:22:46,103 INFO  - DENM message Recived from veh_4 -info : seco (at simulation time 16.001,900,000 s)
2024-06-03 18:22:46,103 INFO  - No more hops in DENM message (at simulation time 16.001,900,000 s)
2024-06-03 18:22:46,103 INFO  - Recieve a message from other vehicle (at simulation time 16.001,900,000 s)
2024-06-03 18:22:46,103 INFO  - I'm in better position but no more hops in message (at simulation time 16.001,900,000 s)
2024-06-03 18:22:46,104 INFO  - Recieve a message from other vehicle (at simulation time 16.002,400,000 s)
2024-06-03 18:22:46,104 INFO  - DENM message Recived from veh_2 -info : seco (at simulation time 16.002,400,000 s)
2024-06-03 18:22:46,104 INFO  - No more hops in DENM message (at simulation time 16.002,400,000 s)
2024-06-03 18:22:46,104 INFO  - Recieve a message from other vehicle (at simulation time 16.002,400,000 s)
2024-06-03 18:22:46,104 INFO  - I'm in better position but no more hops in message (at simulation time 16.002,400,000 s)
2024-06-03 18:22:46,104 INFO  - Recieve a message from other vehicle (at simulation time 16.002,400,000 s)
2024-06-03 18:22:46,104 INFO  - I'm in better position but no more hops in message (at simulation time 16.002,400,000 s)
2024-06-03 18:22:46,104 INFO  - Recieve a message from other vehicle (at simulation time 16.003,300,000 s)
2024-06-03 18:22:46,104 INFO  - DENM message Recived from veh_2 -info : seco (at simulation time 16.003,300,000 s)
2024-06-03 18:22:46,104 INFO  - No more hops in DENM message (at simulation time 16.003,300,000 s)
2024-06-03 18:22:46,104 INFO  - Recieve a message from other vehicle (at simulation time 16.003,300,000 s)
2024-06-03 18:22:46,104 INFO  - I'm in better position but no more hops in message (at simulation time 16.003,300,000 s)
2024-06-03 18:22:46,104 INFO  - Recieve a message from other vehicle (at simulation time 16.003,300,000 s)
2024-06-03 18:22:46,105 INFO  - I'm in better position but no more hops in message (at simulation time 16.003,300,000 s)
2024-06-03 18:22:46,105 INFO  - Recieve a message from RSU (at simulation time 16.021,590,655 s)
2024-06-03 18:22:46,105 INFO  - Recieve a message from RSU (at simulation time 16.037,773,605 s)
2024-06-03 18:22:46,107 INFO  - Recieve a message from RSU (at simulation time 16.731,765,945 s)
2024-06-03 18:22:46,107 INFO  - Recieve a message from RSU (at simulation time 16.784,733,755 s)
2024-06-03 18:22:46,349 INFO  - Called #onVehicleUpdated (at simulation time 17.000,000,000 s)
2024-06-03 18:22:46,349 INFO  - Sending out AdHoc broadcast (at simulation time 17.000,000,000 s)
2024-06-03 18:22:46,350 INFO  - Sending out AdHoc broadcast (at simulation time 17.000,000,000 s)
2024-06-03 18:22:46,350 INFO  - Sending out AdHoc broadcast (at simulation time 17.000,000,000 s)
2024-06-03 18:22:46,350 INFO  - Sending out AdHoc broadcast (at simulation time 17.000,000,000 s)
2024-06-03 18:22:46,352 INFO  - Recieve a message from other vehicle (at simulation time 17.000,400,000 s)
2024-06-03 18:22:46,352 INFO  - Recending a message from other vehicle (at simulation time 17.000,400,000 s)
2024-06-03 18:22:46,353 INFO  - Recieve a message from other vehicle (at simulation time 17.000,400,000 s)
2024-06-03 18:22:46,353 INFO  - Recending a message from other vehicle (at simulation time 17.000,400,000 s)
2024-06-03 18:22:46,354 INFO  - Recieve a message from other vehicle (at simulation time 17.000,400,000 s)
2024-06-03 18:22:46,355 INFO  - My position is not better! (at simulation time 17.000,400,000 s)
2024-06-03 18:22:46,355 INFO  - Recieve a message from other vehicle (at simulation time 17.000,400,000 s)
2024-06-03 18:22:46,355 INFO  - Recending a message from other vehicle (at simulation time 17.000,400,000 s)
2024-06-03 18:22:46,359 INFO  - Recieve a message from other vehicle (at simulation time 17.001,400,000 s)
2024-06-03 18:22:46,359 INFO  - I'm in better position but no more hops in message (at simulation time 17.001,400,000 s)
2024-06-03 18:22:46,359 INFO  - Recieve a message from other vehicle (at simulation time 17.001,400,000 s)
2024-06-03 18:22:46,359 INFO  - I'm in better position but no more hops in message (at simulation time 17.001,400,000 s)
2024-06-03 18:22:46,360 INFO  - Recieve a message from other vehicle (at simulation time 17.001,400,000 s)
2024-06-03 18:22:46,360 INFO  - I'm in better position but no more hops in message (at simulation time 17.001,400,000 s)
2024-06-03 18:22:46,362 INFO  - Recieve a message from other vehicle (at simulation time 17.002,300,000 s)
2024-06-03 18:22:46,362 INFO  - I'm in better position but no more hops in message (at simulation time 17.002,300,000 s)
2024-06-03 18:22:46,364 INFO  - Recieve a message from RSU (at simulation time 17.424,259,467 s)
2024-06-03 18:22:46,365 INFO  - Recieve a message from RSU (at simulation time 17.453,554,896 s)
2024-06-03 18:22:46,599 INFO  - Called #onVehicleUpdated (at simulation time 18.000,000,000 s)
2024-06-03 18:22:46,600 INFO  - Sending out AdHoc broadcast (at simulation time 18.000,000,000 s)
2024-06-03 18:22:46,600 INFO  - Sending out AdHoc broadcast (at simulation time 18.000,000,000 s)
2024-06-03 18:22:46,601 INFO  - Sending out AdHoc broadcast (at simulation time 18.000,000,000 s)
2024-06-03 18:22:46,606 INFO  - Recieve a message from other vehicle (at simulation time 18.000,900,000 s)
2024-06-03 18:22:46,606 INFO  - My position is not better! (at simulation time 18.000,900,000 s)
2024-06-03 18:22:46,606 INFO  - Recieve a message from other vehicle (at simulation time 18.000,900,000 s)
2024-06-03 18:22:46,606 INFO  - I'm in better position but no more hops in message (at simulation time 18.000,900,000 s)
2024-06-03 18:22:46,608 INFO  - Recieve a message from other vehicle (at simulation time 18.001,400,000 s)
2024-06-03 18:22:46,609 INFO  - I'm in better position but no more hops in message (at simulation time 18.001,400,000 s)
2024-06-03 18:22:46,609 INFO  - Recieve a message from other vehicle (at simulation time 18.001,800,000 s)
2024-06-03 18:22:46,609 INFO  - I'm in better position but no more hops in message (at simulation time 18.001,800,000 s)
2024-06-03 18:22:46,609 INFO  - Recieve a message from other vehicle (at simulation time 18.001,800,000 s)
2024-06-03 18:22:46,609 INFO  - I'm in better position but no more hops in message (at simulation time 18.001,800,000 s)
2024-06-03 18:22:46,612 INFO  - Recieve a message from other vehicle (at simulation time 18.002,300,000 s)
2024-06-03 18:22:46,612 INFO  - I'm in better position but no more hops in message (at simulation time 18.002,300,000 s)
2024-06-03 18:22:46,612 INFO  - Recieve a message from other vehicle (at simulation time 18.002,400,000 s)
2024-06-03 18:22:46,612 INFO  - I'm in better position but no more hops in message (at simulation time 18.002,400,000 s)
2024-06-03 18:22:46,615 INFO  - Recieve a message from RSU (at simulation time 18.132,515,132 s)
2024-06-03 18:22:46,615 INFO  - Recieve a message from RSU (at simulation time 18.135,269,928 s)
2024-06-03 18:22:46,616 INFO  - Recieve a message from RSU (at simulation time 18.813,870,378 s)
2024-06-03 18:22:46,617 INFO  - Recieve a message from RSU (at simulation time 18.820,746,906 s)
2024-06-03 18:22:46,849 INFO  - Called #onVehicleUpdated (at simulation time 19.000,000,000 s)
2024-06-03 18:22:46,850 INFO  - Sending out AdHoc broadcast (at simulation time 19.000,000,000 s)
2024-06-03 18:22:46,850 INFO  - Sending out AdHoc broadcast (at simulation time 19.000,000,000 s)
2024-06-03 18:22:46,851 INFO  - Sending out AdHoc broadcast (at simulation time 19.000,000,000 s)
2024-06-03 18:22:46,851 INFO  - Sending out AdHoc broadcast (at simulation time 19.000,000,000 s)
2024-06-03 18:22:46,852 INFO  - Recieve a message from other vehicle (at simulation time 19.000,400,000 s)
2024-06-03 18:22:46,853 INFO  - I'm in better position but no more hops in message (at simulation time 19.000,400,000 s)
2024-06-03 18:22:46,854 INFO  - Recieve a message from other vehicle (at simulation time 19.000,400,000 s)
2024-06-03 18:22:46,854 INFO  - My position is not better! (at simulation time 19.000,400,000 s)
2024-06-03 18:22:46,855 INFO  - Recieve a message from other vehicle (at simulation time 19.001,900,000 s)
2024-06-03 18:22:46,855 INFO  - I'm in better position but no more hops in message (at simulation time 19.001,900,000 s)
2024-06-03 18:22:46,857 INFO  - Recieve a message from RSU (at simulation time 19.522,913,501 s)
2024-06-03 18:22:46,857 INFO  - Recieve a message from RSU (at simulation time 19.530,639,728 s)
2024-06-03 18:22:47,105 INFO  - Called #onVehicleUpdated (at simulation time 20.000,000,000 s)
2024-06-03 18:22:47,106 INFO  - Sending out AdHoc broadcast (at simulation time 20.000,000,000 s)
2024-06-03 18:22:47,106 INFO  - Sending out AdHoc broadcast (at simulation time 20.000,000,000 s)
2024-06-03 18:22:47,107 INFO  - Sending out AdHoc broadcast (at simulation time 20.000,000,000 s)
2024-06-03 18:22:47,109 INFO  - Recieve a message from other vehicle (at simulation time 20.000,900,000 s)
2024-06-03 18:22:47,109 INFO  - My position is not better! (at simulation time 20.000,900,000 s)
2024-06-03 18:22:47,110 INFO  - Recieve a message from other vehicle (at simulation time 20.000,900,000 s)
2024-06-03 18:22:47,110 INFO  - I'm in better position but no more hops in message (at simulation time 20.000,900,000 s)
2024-06-03 18:22:47,110 INFO  - Recieve a message from other vehicle (at simulation time 20.001,400,000 s)
2024-06-03 18:22:47,110 INFO  - I'm in better position but no more hops in message (at simulation time 20.001,400,000 s)
2024-06-03 18:22:47,111 INFO  - Recieve a message from other vehicle (at simulation time 20.001,900,000 s)
2024-06-03 18:22:47,111 INFO  - I'm in better position but no more hops in message (at simulation time 20.001,900,000 s)
2024-06-03 18:22:47,113 INFO  - Recieve a message from RSU (at simulation time 20.218,078,007 s)
2024-06-03 18:22:47,113 INFO  - Recieve a message from RSU (at simulation time 20.218,679,632 s)
2024-06-03 18:22:47,115 INFO  - Recieve a message from RSU (at simulation time 20.922,797,830 s)
2024-06-03 18:22:47,115 INFO  - Recieve a message from RSU (at simulation time 20.932,565,508 s)
2024-06-03 18:22:47,349 INFO  - Called #onVehicleUpdated (at simulation time 21.000,000,000 s)
2024-06-03 18:22:47,349 INFO  - Sending out AdHoc broadcast (at simulation time 21.000,000,000 s)
2024-06-03 18:22:47,350 INFO  - Sending out AdHoc broadcast (at simulation time 21.000,000,000 s)
2024-06-03 18:22:47,350 INFO  - Sending out AdHoc broadcast (at simulation time 21.000,000,000 s)
2024-06-03 18:22:47,350 INFO  - Sending out AdHoc broadcast (at simulation time 21.000,000,000 s)
2024-06-03 18:22:47,352 INFO  - Recieve a message from other vehicle (at simulation time 21.000,900,000 s)
2024-06-03 18:22:47,352 INFO  - I'm in better position but no more hops in message (at simulation time 21.000,900,000 s)
2024-06-03 18:22:47,354 INFO  - Recieve a message from other vehicle (at simulation time 21.001,900,000 s)
2024-06-03 18:22:47,354 INFO  - I'm in better position but no more hops in message (at simulation time 21.001,900,000 s)
2024-06-03 18:22:47,354 INFO  - Recieve a message from other vehicle (at simulation time 21.002,400,000 s)
2024-06-03 18:22:47,354 INFO  - I'm in better position but no more hops in message (at simulation time 21.002,400,000 s)
2024-06-03 18:22:47,354 INFO  - Recieve a message from other vehicle (at simulation time 21.002,800,000 s)
2024-06-03 18:22:47,354 INFO  - I'm in better position but no more hops in message (at simulation time 21.002,800,000 s)
2024-06-03 18:22:47,356 INFO  - Recieve a message from RSU (at simulation time 21.621,121,872 s)
2024-06-03 18:22:47,357 INFO  - Recieve a message from RSU (at simulation time 21.649,688,012 s)
2024-06-03 18:22:47,601 INFO  - Called #onVehicleUpdated (at simulation time 22.000,000,000 s)
2024-06-03 18:22:47,602 INFO  - Sending out AdHoc broadcast (at simulation time 22.000,000,000 s)
2024-06-03 18:22:47,602 INFO  - Sending out AdHoc broadcast (at simulation time 22.000,000,000 s)
2024-06-03 18:22:47,602 INFO  - Sending out AdHoc broadcast (at simulation time 22.000,000,000 s)
2024-06-03 18:22:47,603 INFO  - Recieve a message from RSU (at simulation time 22.000,400,000 s)
2024-06-03 18:22:47,603 INFO  - RSU ordered to advance!!! (at simulation time 22.000,400,000 s)
2024-06-03 18:22:47,604 INFO  - Recieve a message from other vehicle (at simulation time 22.000,400,000 s)
2024-06-03 18:22:47,604 INFO  - I'm in better position but no more hops in message (at simulation time 22.000,400,000 s)
2024-06-03 18:22:47,605 INFO  - Recieve a message from other vehicle (at simulation time 22.001,300,000 s)
2024-06-03 18:22:47,605 INFO  - I'm in better position but no more hops in message (at simulation time 22.001,300,000 s)
2024-06-03 18:22:47,605 INFO  - Recieve a message from other vehicle (at simulation time 22.001,400,000 s)
2024-06-03 18:22:47,605 INFO  - I'm in better position but no more hops in message (at simulation time 22.001,400,000 s)
2024-06-03 18:22:47,606 INFO  - Recieve a message from other vehicle (at simulation time 22.001,400,000 s)
2024-06-03 18:22:47,606 INFO  - My position is not better! (at simulation time 22.001,400,000 s)
2024-06-03 18:22:47,607 INFO  - Recieve a message from other vehicle (at simulation time 22.002,400,000 s)
2024-06-03 18:22:47,607 INFO  - I'm in better position but no more hops in message (at simulation time 22.002,400,000 s)
2024-06-03 18:22:47,608 INFO  - Recieve a message from RSU (at simulation time 22.329,198,352 s)
2024-06-03 18:22:47,609 INFO  - Recieve a message from RSU (at simulation time 22.351,292,483 s)
2024-06-03 18:22:47,849 INFO  - Called #onVehicleUpdated (at simulation time 23.000,000,000 s)
2024-06-03 18:22:47,849 INFO  - Sending out AdHoc broadcast (at simulation time 23.000,000,000 s)
2024-06-03 18:22:47,849 INFO  - Sending out AdHoc broadcast (at simulation time 23.000,000,000 s)
2024-06-03 18:22:47,850 INFO  - Sending out AdHoc broadcast (at simulation time 23.000,000,000 s)
2024-06-03 18:22:47,850 INFO  - Sending out AdHoc broadcast (at simulation time 23.000,000,000 s)
2024-06-03 18:22:47,852 INFO  - Recieve a message from other vehicle (at simulation time 23.000,900,000 s)
2024-06-03 18:22:47,852 INFO  - I'm in better position but no more hops in message (at simulation time 23.000,900,000 s)
2024-06-03 18:22:47,852 INFO  - Recieve a message from other vehicle (at simulation time 23.001,400,000 s)
2024-06-03 18:22:47,852 INFO  - I'm in better position but no more hops in message (at simulation time 23.001,400,000 s)
