2024-06-03 19:50:56,305 INFO  - Initialize Vehicle application (at simulation time 114.000,000,000 s)
2024-06-03 19:50:56,307 INFO  - Activated WLAN Module (at simulation time 114.000,000,000 s)
2024-06-03 19:50:56,310 INFO  - Called #onVehicleUpdated (at simulation time 114.000,000,000 s)
2024-06-03 19:50:56,310 INFO  - Exced velocity! Sending new CAM (at simulation time 114.000,000,000 s)
2024-06-03 19:50:56,311 INFO  - Sending out AdHoc broadcast (at simulation time 114.000,000,000 s)
2024-06-03 19:50:56,319 INFO  - Called #onVehicleUpdated (at simulation time 115.000,000,000 s)
2024-06-03 19:50:56,319 INFO  - Exced velocity! Sending new CAM (at simulation time 115.000,000,000 s)
2024-06-03 19:50:56,319 INFO  - Sending out AdHoc broadcast (at simulation time 115.000,000,000 s)
2024-06-03 19:50:56,319 INFO  - Define the name: veh_19 and route: r_2 (at simulation time 115.000,000,000 s)
2024-06-03 19:50:56,319 INFO  - Sending out AdHoc broadcast (at simulation time 115.000,000,000 s)
2024-06-03 19:50:56,322 INFO  - Called #onVehicleUpdated (at simulation time 116.000,000,000 s)
2024-06-03 19:50:56,322 INFO  - Exced velocity! Sending new CAM (at simulation time 116.000,000,000 s)
2024-06-03 19:50:56,322 INFO  - Sending out AdHoc broadcast (at simulation time 116.000,000,000 s)
2024-06-03 19:50:56,322 INFO  - Sending out AdHoc broadcast (at simulation time 116.000,000,000 s)
2024-06-03 19:50:56,323 INFO  - Recieve a message from other vehicle (at simulation time 116.002,400,000 s)
2024-06-03 19:50:56,323 INFO  - Recending a message from other vehicle (at simulation time 116.002,400,000 s)
2024-06-03 19:50:56,325 INFO  - Called #onVehicleUpdated (at simulation time 117.000,000,000 s)
2024-06-03 19:50:56,325 INFO  - Exced velocity! Sending new CAM (at simulation time 117.000,000,000 s)
2024-06-03 19:50:56,325 INFO  - Sending out AdHoc broadcast (at simulation time 117.000,000,000 s)
2024-06-03 19:50:56,326 INFO  - Sending out AdHoc broadcast (at simulation time 117.000,000,000 s)
2024-06-03 19:50:56,326 INFO  - Sending out AdHoc broadcast (at simulation time 117.000,000,000 s)
2024-06-03 19:50:56,328 INFO  - Called #onVehicleUpdated (at simulation time 118.000,000,000 s)
2024-06-03 19:50:56,328 INFO  - Exced velocity! Sending new CAM (at simulation time 118.000,000,000 s)
2024-06-03 19:50:56,328 INFO  - Sending out AdHoc broadcast (at simulation time 118.000,000,000 s)
2024-06-03 19:50:56,328 INFO  - Sending out AdHoc broadcast (at simulation time 118.000,000,000 s)
2024-06-03 19:50:56,328 INFO  - Sending out AdHoc broadcast (at simulation time 118.000,000,000 s)
2024-06-03 19:50:56,329 INFO  - Recieve a message from other vehicle (at simulation time 118.001,900,000 s)
2024-06-03 19:50:56,329 INFO  - Recending a message from other vehicle (at simulation time 118.001,900,000 s)
2024-06-03 19:50:56,330 INFO  - Called #onVehicleUpdated (at simulation time 119.000,000,000 s)
2024-06-03 19:50:56,330 INFO  - Exced velocity! Sending new CAM (at simulation time 119.000,000,000 s)
2024-06-03 19:50:56,330 INFO  - Sending out AdHoc broadcast (at simulation time 119.000,000,000 s)
2024-06-03 19:50:56,331 INFO  - Sending out AdHoc broadcast (at simulation time 119.000,000,000 s)
2024-06-03 19:50:56,331 INFO  - Sending out AdHoc broadcast (at simulation time 119.000,000,000 s)
2024-06-03 19:50:56,331 INFO  - Sending out AdHoc broadcast (at simulation time 119.000,000,000 s)
2024-06-03 19:50:56,332 INFO  - Recieve a message from other vehicle (at simulation time 119.001,900,000 s)
2024-06-03 19:50:56,332 INFO  - Recending a message from other vehicle (at simulation time 119.001,900,000 s)
2024-06-03 19:50:56,333 INFO  - Called #onVehicleUpdated (at simulation time 120.000,000,000 s)
2024-06-03 19:50:56,334 INFO  - Sending out AdHoc broadcast (at simulation time 120.000,000,000 s)
2024-06-03 19:50:56,334 INFO  - Sending out AdHoc broadcast (at simulation time 120.000,000,000 s)
2024-06-03 19:50:56,334 INFO  - Sending out AdHoc broadcast (at simulation time 120.000,000,000 s)
2024-06-03 19:50:56,334 INFO  - Recieve a message from other vehicle (at simulation time 120.000,400,000 s)
2024-06-03 19:50:56,334 INFO  - Recending a message from other vehicle (at simulation time 120.000,400,000 s)
2024-06-03 19:50:56,335 INFO  - Recieve a message from other vehicle (at simulation time 120.000,900,000 s)
2024-06-03 19:50:56,335 INFO  - I'm in better position but no more hops in message (at simulation time 120.000,900,000 s)
2024-06-03 19:50:56,335 INFO  - Recieve a message from other vehicle (at simulation time 120.001,400,000 s)
2024-06-03 19:50:56,335 INFO  - Recending a message from other vehicle (at simulation time 120.001,400,000 s)
2024-06-03 19:50:56,335 INFO  - Recieve a message from other vehicle (at simulation time 120.001,900,000 s)
2024-06-03 19:50:56,335 INFO  - Recending a message from other vehicle (at simulation time 120.001,900,000 s)
2024-06-03 19:50:56,335 INFO  - Recieve a message from other vehicle (at simulation time 120.002,400,000 s)
2024-06-03 19:50:56,335 INFO  - Recending a message from other vehicle (at simulation time 120.002,400,000 s)
2024-06-03 19:50:56,337 INFO  - Called #onVehicleUpdated (at simulation time 121.000,000,000 s)
2024-06-03 19:50:56,337 INFO  - Sending out AdHoc broadcast (at simulation time 121.000,000,000 s)
2024-06-03 19:50:56,337 INFO  - Sending out AdHoc broadcast (at simulation time 121.000,000,000 s)
2024-06-03 19:50:56,337 INFO  - Sending out AdHoc broadcast (at simulation time 121.000,000,000 s)
2024-06-03 19:50:56,337 INFO  - Sending out AdHoc broadcast (at simulation time 121.000,000,000 s)
2024-06-03 19:50:56,338 INFO  - Recieve a message from other vehicle (at simulation time 121.000,400,000 s)
2024-06-03 19:50:56,338 INFO  - Recending a message from other vehicle (at simulation time 121.000,400,000 s)
2024-06-03 19:50:56,338 INFO  - Recieve a message from other vehicle (at simulation time 121.000,400,000 s)
2024-06-03 19:50:56,338 INFO  - Recending a message from other vehicle (at simulation time 121.000,400,000 s)
2024-06-03 19:50:56,338 INFO  - Recieve a message from other vehicle (at simulation time 121.000,400,000 s)
2024-06-03 19:50:56,338 INFO  - Recending a message from other vehicle (at simulation time 121.000,400,000 s)
2024-06-03 19:50:56,338 INFO  - Recieve a message from other vehicle (at simulation time 121.000,800,000 s)
2024-06-03 19:50:56,339 INFO  - My position is not better! (at simulation time 121.000,800,000 s)
2024-06-03 19:50:56,339 INFO  - Recieve a message from other vehicle (at simulation time 121.000,900,000 s)
2024-06-03 19:50:56,339 INFO  - My position is not better! (at simulation time 121.000,900,000 s)
2024-06-03 19:50:56,339 INFO  - Recieve a message from other vehicle (at simulation time 121.000,900,000 s)
2024-06-03 19:50:56,339 INFO  - Recending a message from other vehicle (at simulation time 121.000,900,000 s)
2024-06-03 19:50:56,339 INFO  - Recieve a message from other vehicle (at simulation time 121.001,400,000 s)
2024-06-03 19:50:56,339 INFO  - My position is not better! (at simulation time 121.001,400,000 s)
2024-06-03 19:50:56,339 INFO  - Recieve a message from other vehicle (at simulation time 121.001,400,000 s)
2024-06-03 19:50:56,339 INFO  - Recending a message from other vehicle (at simulation time 121.001,400,000 s)
2024-06-03 19:50:56,339 INFO  - Recieve a message from other vehicle (at simulation time 121.001,400,000 s)
2024-06-03 19:50:56,339 INFO  - My position is not better! (at simulation time 121.001,400,000 s)
2024-06-03 19:50:56,339 INFO  - Recieve a message from other vehicle (at simulation time 121.001,400,000 s)
2024-06-03 19:50:56,339 INFO  - Recending a message from other vehicle (at simulation time 121.001,400,000 s)
2024-06-03 19:50:56,339 INFO  - Recieve a message from other vehicle (at simulation time 121.001,400,000 s)
2024-06-03 19:50:56,339 INFO  - I'm in better position but no more hops in message (at simulation time 121.001,400,000 s)
2024-06-03 19:50:56,340 INFO  - Recieve a message from other vehicle (at simulation time 121.001,800,000 s)
2024-06-03 19:50:56,340 INFO  - I'm in better position but no more hops in message (at simulation time 121.001,800,000 s)
2024-06-03 19:50:56,340 INFO  - Recieve a message from other vehicle (at simulation time 121.001,800,000 s)
2024-06-03 19:50:56,340 INFO  - My position is not better! (at simulation time 121.001,800,000 s)
2024-06-03 19:50:56,340 INFO  - Recieve a message from other vehicle (at simulation time 121.001,800,000 s)
2024-06-03 19:50:56,340 INFO  - My position is not better! (at simulation time 121.001,800,000 s)
2024-06-03 19:50:56,340 INFO  - Recieve a message from other vehicle (at simulation time 121.002,400,000 s)
2024-06-03 19:50:56,340 INFO  - My position is not better! (at simulation time 121.002,400,000 s)
2024-06-03 19:50:56,341 INFO  - Recieve a message from other vehicle (at simulation time 121.004,300,000 s)
2024-06-03 19:50:56,341 INFO  - My position is not better! (at simulation time 121.004,300,000 s)
2024-06-03 19:50:56,343 INFO  - Called #onVehicleUpdated (at simulation time 122.000,000,000 s)
2024-06-03 19:50:56,343 INFO  - Sending out AdHoc broadcast (at simulation time 122.000,000,000 s)
2024-06-03 19:50:56,343 INFO  - Sending out AdHoc broadcast (at simulation time 122.000,000,000 s)
2024-06-03 19:50:56,343 INFO  - Sending out AdHoc broadcast (at simulation time 122.000,000,000 s)
2024-06-03 19:50:56,344 INFO  - Recieve a message from other vehicle (at simulation time 122.000,400,000 s)
2024-06-03 19:50:56,344 INFO  - Recending a message from other vehicle (at simulation time 122.000,400,000 s)
2024-06-03 19:50:56,344 INFO  - Recieve a message from other vehicle (at simulation time 122.000,900,000 s)
2024-06-03 19:50:56,344 INFO  - My position is not better! (at simulation time 122.000,900,000 s)
2024-06-03 19:50:56,345 INFO  - Recieve a message from other vehicle (at simulation time 122.001,400,000 s)
2024-06-03 19:50:56,345 INFO  - Recending a message from other vehicle (at simulation time 122.001,400,000 s)
2024-06-03 19:50:56,345 INFO  - Recieve a message from other vehicle (at simulation time 122.001,400,000 s)
2024-06-03 19:50:56,345 INFO  - Recending a message from other vehicle (at simulation time 122.001,400,000 s)
2024-06-03 19:50:56,346 INFO  - Recieve a message from other vehicle (at simulation time 122.001,900,000 s)
2024-06-03 19:50:56,346 INFO  - I'm in better position but no more hops in message (at simulation time 122.001,900,000 s)
2024-06-03 19:50:56,346 INFO  - Recieve a message from other vehicle (at simulation time 122.001,900,000 s)
2024-06-03 19:50:56,346 INFO  - My position is not better! (at simulation time 122.001,900,000 s)
2024-06-03 19:50:56,346 INFO  - Recieve a message from other vehicle (at simulation time 122.002,300,000 s)
2024-06-03 19:50:56,346 INFO  - I'm in better position but no more hops in message (at simulation time 122.002,300,000 s)
2024-06-03 19:50:56,346 INFO  - Recieve a message from other vehicle (at simulation time 122.002,400,000 s)
2024-06-03 19:50:56,346 INFO  - I'm in better position but no more hops in message (at simulation time 122.002,400,000 s)
2024-06-03 19:50:56,346 INFO  - Recieve a message from other vehicle (at simulation time 122.002,400,000 s)
2024-06-03 19:50:56,346 INFO  - I'm in better position but no more hops in message (at simulation time 122.002,400,000 s)
2024-06-03 19:50:56,346 INFO  - Recieve a message from other vehicle (at simulation time 122.002,400,000 s)
2024-06-03 19:50:56,346 INFO  - My position is not better! (at simulation time 122.002,400,000 s)
2024-06-03 19:50:56,347 INFO  - Recieve a message from other vehicle (at simulation time 122.002,400,000 s)
2024-06-03 19:50:56,347 INFO  - I'm in better position but no more hops in message (at simulation time 122.002,400,000 s)
2024-06-03 19:50:56,347 INFO  - Recieve a message from other vehicle (at simulation time 122.002,800,000 s)
2024-06-03 19:50:56,347 INFO  - I'm in better position but no more hops in message (at simulation time 122.002,800,000 s)
2024-06-03 19:50:56,347 INFO  - Recieve a message from other vehicle (at simulation time 122.002,800,000 s)
2024-06-03 19:50:56,347 INFO  - My position is not better! (at simulation time 122.002,800,000 s)
2024-06-03 19:50:56,347 INFO  - Recieve a message from other vehicle (at simulation time 122.003,300,000 s)
2024-06-03 19:50:56,347 INFO  - I'm in better position but no more hops in message (at simulation time 122.003,300,000 s)
2024-06-03 19:50:56,347 INFO  - Recieve a message from other vehicle (at simulation time 122.003,300,000 s)
2024-06-03 19:50:56,347 INFO  - My position is not better! (at simulation time 122.003,300,000 s)
2024-06-03 19:50:56,347 INFO  - Recieve a message from other vehicle (at simulation time 122.003,300,000 s)
2024-06-03 19:50:56,347 INFO  - My position is not better! (at simulation time 122.003,300,000 s)
2024-06-03 19:50:56,347 INFO  - Recieve a message from other vehicle (at simulation time 122.003,300,000 s)
2024-06-03 19:50:56,347 INFO  - I'm in better position but no more hops in message (at simulation time 122.003,300,000 s)
2024-06-03 19:50:56,349 INFO  - Called #onVehicleUpdated (at simulation time 123.000,000,000 s)
2024-06-03 19:50:56,349 INFO  - Sending out DENM broadcast (at simulation time 123.000,000,000 s)
2024-06-03 19:50:56,349 INFO  - Sending out AdHoc broadcast (at simulation time 123.000,000,000 s)
2024-06-03 19:50:56,349 INFO  - Sending out AdHoc broadcast (at simulation time 123.000,000,000 s)
2024-06-03 19:50:56,349 INFO  - Sending out AdHoc broadcast (at simulation time 123.000,000,000 s)
2024-06-03 19:50:56,349 INFO  - Sending out AdHoc broadcast (at simulation time 123.000,000,000 s)
2024-06-03 19:50:56,350 INFO  - Recieve a message from other vehicle (at simulation time 123.000,400,000 s)
2024-06-03 19:50:56,350 INFO  - DENM message Recived from veh_23 -info : seco (at simulation time 123.000,400,000 s)
2024-06-03 19:50:56,350 INFO  - Recending a DENM message from other vehicle (at simulation time 123.000,400,000 s)
2024-06-03 19:50:56,350 INFO  - Recieve a message from other vehicle (at simulation time 123.000,400,000 s)
2024-06-03 19:50:56,350 INFO  - Recending a message from other vehicle (at simulation time 123.000,400,000 s)
2024-06-03 19:50:56,350 INFO  - Recieve a message from other vehicle (at simulation time 123.000,400,000 s)
2024-06-03 19:50:56,350 INFO  - I'm in better position but no more hops in message (at simulation time 123.000,400,000 s)
2024-06-03 19:50:56,351 INFO  - Recieve a message from other vehicle (at simulation time 123.000,800,000 s)
2024-06-03 19:50:56,351 INFO  - DENM message Recived from veh_21 -info : seco (at simulation time 123.000,800,000 s)
2024-06-03 19:50:56,351 INFO  - No more hops in DENM message (at simulation time 123.000,800,000 s)
2024-06-03 19:50:56,352 INFO  - Recieve a message from other vehicle (at simulation time 123.000,900,000 s)
2024-06-03 19:50:56,352 INFO  - I'm in better position but no more hops in message (at simulation time 123.000,900,000 s)
2024-06-03 19:50:56,352 INFO  - Recieve a message from other vehicle (at simulation time 123.000,900,000 s)
2024-06-03 19:50:56,352 INFO  - Recending a message from other vehicle (at simulation time 123.000,900,000 s)
2024-06-03 19:50:56,352 INFO  - Recieve a message from other vehicle (at simulation time 123.000,900,000 s)
2024-06-03 19:50:56,352 INFO  - I'm in better position but no more hops in message (at simulation time 123.000,900,000 s)
2024-06-03 19:50:56,353 INFO  - Recieve a message from other vehicle (at simulation time 123.001,400,000 s)
2024-06-03 19:50:56,353 INFO  - DENM message Recived from veh_21 -info : seco (at simulation time 123.001,400,000 s)
2024-06-03 19:50:56,353 INFO  - No more hops in DENM message (at simulation time 123.001,400,000 s)
2024-06-03 19:50:56,353 INFO  - Recieve a message from other vehicle (at simulation time 123.001,400,000 s)
2024-06-03 19:50:56,353 INFO  - I'm in better position but no more hops in message (at simulation time 123.001,400,000 s)
2024-06-03 19:50:56,353 INFO  - Recieve a message from other vehicle (at simulation time 123.001,800,000 s)
2024-06-03 19:50:56,353 INFO  - DENM message Recived from veh_19 -info : seco (at simulation time 123.001,800,000 s)
2024-06-03 19:50:56,353 INFO  - No more hops in DENM message (at simulation time 123.001,800,000 s)
2024-06-03 19:50:56,353 INFO  - Recieve a message from other vehicle (at simulation time 123.001,800,000 s)
2024-06-03 19:50:56,353 INFO  - I'm in better position but no more hops in message (at simulation time 123.001,800,000 s)
2024-06-03 19:50:56,353 INFO  - Recieve a message from other vehicle (at simulation time 123.001,800,000 s)
2024-06-03 19:50:56,353 INFO  - I'm in better position but no more hops in message (at simulation time 123.001,800,000 s)
2024-06-03 19:50:56,355 INFO  - Recieve a message from other vehicle (at simulation time 123.001,900,000 s)
2024-06-03 19:50:56,355 INFO  - I'm in better position but no more hops in message (at simulation time 123.001,900,000 s)
2024-06-03 19:50:56,355 INFO  - Recieve a message from other vehicle (at simulation time 123.001,900,000 s)
2024-06-03 19:50:56,355 INFO  - I'm in better position but no more hops in message (at simulation time 123.001,900,000 s)
2024-06-03 19:50:56,355 INFO  - Recieve a message from other vehicle (at simulation time 123.001,900,000 s)
2024-06-03 19:50:56,355 INFO  - I'm in better position but no more hops in message (at simulation time 123.001,900,000 s)
2024-06-03 19:50:56,355 INFO  - Recieve a message from other vehicle (at simulation time 123.001,900,000 s)
2024-06-03 19:50:56,355 INFO  - I'm in better position but no more hops in message (at simulation time 123.001,900,000 s)
2024-06-03 19:50:56,355 INFO  - Recieve a message from other vehicle (at simulation time 123.001,900,000 s)
2024-06-03 19:50:56,355 INFO  - I'm in better position but no more hops in message (at simulation time 123.001,900,000 s)
2024-06-03 19:50:56,356 INFO  - Recieve a message from other vehicle (at simulation time 123.002,300,000 s)
2024-06-03 19:50:56,356 INFO  - DENM message Recived from veh_18 -info : piso-molhado (at simulation time 123.002,300,000 s)
2024-06-03 19:50:56,356 INFO  - I slow down due to road state (at simulation time 123.002,300,000 s)
2024-06-03 19:50:56,356 INFO  - No more hops in DENM message (at simulation time 123.002,300,000 s)
2024-06-03 19:50:56,356 INFO  - Recieve a message from other vehicle (at simulation time 123.002,300,000 s)
2024-06-03 19:50:56,356 INFO  - I'm in better position but no more hops in message (at simulation time 123.002,300,000 s)
2024-06-03 19:50:56,357 INFO  - Recieve a message from other vehicle (at simulation time 123.002,400,000 s)
2024-06-03 19:50:56,357 INFO  - DENM message Recived from veh_18 -info : piso-molhado (at simulation time 123.002,400,000 s)
2024-06-03 19:50:56,357 INFO  - I slow down due to road state (at simulation time 123.002,400,000 s)
2024-06-03 19:50:56,357 INFO  - No more hops in DENM message (at simulation time 123.002,400,000 s)
2024-06-03 19:50:56,361 INFO  - Called #onVehicleUpdated (at simulation time 124.000,000,000 s)
2024-06-03 19:50:56,361 INFO  - Sending out AdHoc broadcast (at simulation time 124.000,000,000 s)
2024-06-03 19:50:56,361 INFO  - Sending out AdHoc broadcast (at simulation time 124.000,000,000 s)
2024-06-03 19:50:56,361 INFO  - Sending out AdHoc broadcast (at simulation time 124.000,000,000 s)
2024-06-03 19:50:56,362 INFO  - Recieve a message from other vehicle (at simulation time 124.000,400,000 s)
2024-06-03 19:50:56,362 INFO  - DENM message Recived from veh_20 -info : seco (at simulation time 124.000,400,000 s)
2024-06-03 19:50:56,362 INFO  - Recending a DENM message from other vehicle (at simulation time 124.000,400,000 s)
2024-06-03 19:50:56,363 INFO  - Recieve a message from other vehicle (at simulation time 124.000,400,000 s)
2024-06-03 19:50:56,363 INFO  - My position is not better! (at simulation time 124.000,400,000 s)
2024-06-03 19:50:56,363 INFO  - Recieve a message from other vehicle (at simulation time 124.000,400,000 s)
2024-06-03 19:50:56,363 INFO  - Recending a message from other vehicle (at simulation time 124.000,400,000 s)
2024-06-03 19:50:56,365 INFO  - Recieve a message from other vehicle (at simulation time 124.000,900,000 s)
2024-06-03 19:50:56,365 INFO  - Recending a message from other vehicle (at simulation time 124.000,900,000 s)
2024-06-03 19:50:56,365 INFO  - Recieve a message from other vehicle (at simulation time 124.000,900,000 s)
2024-06-03 19:50:56,365 INFO  - Recending a message from other vehicle (at simulation time 124.000,900,000 s)
2024-06-03 19:50:56,365 INFO  - Recieve a message from other vehicle (at simulation time 124.000,900,000 s)
2024-06-03 19:50:56,365 INFO  - My position is not better! (at simulation time 124.000,900,000 s)
2024-06-03 19:50:56,367 INFO  - Recieve a message from other vehicle (at simulation time 124.001,400,000 s)
2024-06-03 19:50:56,367 INFO  - My position is not better! (at simulation time 124.001,400,000 s)
2024-06-03 19:50:56,367 INFO  - Recieve a message from other vehicle (at simulation time 124.001,400,000 s)
2024-06-03 19:50:56,367 INFO  - My position is not better! (at simulation time 124.001,400,000 s)
2024-06-03 19:50:56,367 INFO  - Recieve a message from other vehicle (at simulation time 124.001,400,000 s)
2024-06-03 19:50:56,367 INFO  - My position is not better! (at simulation time 124.001,400,000 s)
2024-06-03 19:50:56,368 INFO  - Recieve a message from other vehicle (at simulation time 124.001,900,000 s)
2024-06-03 19:50:56,368 INFO  - DENM message Recived from veh_22 -info : piso-molhado (at simulation time 124.001,900,000 s)
2024-06-03 19:50:56,368 INFO  - I slow down due to road state (at simulation time 124.001,900,000 s)
2024-06-03 19:50:56,368 INFO  - No more hops in DENM message (at simulation time 124.001,900,000 s)
2024-06-03 19:50:56,369 INFO  - Recieve a message from other vehicle (at simulation time 124.002,300,000 s)
2024-06-03 19:50:56,369 INFO  - DENM message Recived from veh_22 -info : piso-molhado (at simulation time 124.002,300,000 s)
2024-06-03 19:50:56,369 INFO  - I slow down due to road state (at simulation time 124.002,300,000 s)
2024-06-03 19:50:56,369 INFO  - No more hops in DENM message (at simulation time 124.002,300,000 s)
2024-06-03 19:50:56,369 INFO  - Recieve a message from other vehicle (at simulation time 124.002,300,000 s)
2024-06-03 19:50:56,369 INFO  - My position is not better! (at simulation time 124.002,300,000 s)
2024-06-03 19:50:56,370 INFO  - Recieve a message from other vehicle (at simulation time 124.002,400,000 s)
2024-06-03 19:50:56,370 INFO  - I'm in better position but no more hops in message (at simulation time 124.002,400,000 s)
2024-06-03 19:50:56,371 INFO  - Recieve a message from other vehicle (at simulation time 124.002,400,000 s)
2024-06-03 19:50:56,371 INFO  - I'm in better position but no more hops in message (at simulation time 124.002,400,000 s)
2024-06-03 19:50:56,371 INFO  - Recieve a message from other vehicle (at simulation time 124.002,800,000 s)
2024-06-03 19:50:56,371 INFO  - I'm in better position but no more hops in message (at simulation time 124.002,800,000 s)
2024-06-03 19:50:56,371 INFO  - Recieve a message from other vehicle (at simulation time 124.002,800,000 s)
2024-06-03 19:50:56,371 INFO  - I'm in better position but no more hops in message (at simulation time 124.002,800,000 s)
2024-06-03 19:50:56,371 INFO  - Recieve a message from other vehicle (at simulation time 124.002,800,000 s)
2024-06-03 19:50:56,371 INFO  - My position is not better! (at simulation time 124.002,800,000 s)
2024-06-03 19:50:56,372 INFO  - Recieve a message from other vehicle (at simulation time 124.003,300,000 s)
2024-06-03 19:50:56,372 INFO  - My position is not better! (at simulation time 124.003,300,000 s)
2024-06-03 19:50:56,374 INFO  - Called #onVehicleUpdated (at simulation time 125.000,000,000 s)
2024-06-03 19:50:56,374 INFO  - Sending out AdHoc broadcast (at simulation time 125.000,000,000 s)
2024-06-03 19:50:56,374 INFO  - Sending out AdHoc broadcast (at simulation time 125.000,000,000 s)
2024-06-03 19:50:56,374 INFO  - Sending out AdHoc broadcast (at simulation time 125.000,000,000 s)
2024-06-03 19:50:56,374 INFO  - Sending out AdHoc broadcast (at simulation time 125.000,000,000 s)
2024-06-03 19:50:56,376 INFO  - Recieve a message from other vehicle (at simulation time 125.000,800,000 s)
2024-06-03 19:50:56,376 INFO  - My position is not better! (at simulation time 125.000,800,000 s)
2024-06-03 19:50:56,376 INFO  - Recieve a message from other vehicle (at simulation time 125.000,900,000 s)
2024-06-03 19:50:56,376 INFO  - My position is not better! (at simulation time 125.000,900,000 s)
2024-06-03 19:50:56,376 INFO  - Recieve a message from other vehicle (at simulation time 125.000,900,000 s)
2024-06-03 19:50:56,376 INFO  - My position is not better! (at simulation time 125.000,900,000 s)
2024-06-03 19:50:56,377 INFO  - Recieve a message from other vehicle (at simulation time 125.001,300,000 s)
2024-06-03 19:50:56,377 INFO  - I'm in better position but no more hops in message (at simulation time 125.001,300,000 s)
2024-06-03 19:50:56,377 INFO  - Recieve a message from other vehicle (at simulation time 125.001,300,000 s)
2024-06-03 19:50:56,377 INFO  - My position is not better! (at simulation time 125.001,300,000 s)
2024-06-03 19:50:56,377 INFO  - Recieve a message from other vehicle (at simulation time 125.001,300,000 s)
2024-06-03 19:50:56,377 INFO  - I'm in better position but no more hops in message (at simulation time 125.001,300,000 s)
2024-06-03 19:50:56,377 INFO  - Recieve a message from other vehicle (at simulation time 125.001,400,000 s)
2024-06-03 19:50:56,377 INFO  - My position is not better! (at simulation time 125.001,400,000 s)
2024-06-03 19:50:56,377 INFO  - Recieve a message from other vehicle (at simulation time 125.001,800,000 s)
2024-06-03 19:50:56,377 INFO  - My position is not better! (at simulation time 125.001,800,000 s)
2024-06-03 19:50:56,377 INFO  - Recieve a message from other vehicle (at simulation time 125.001,800,000 s)
2024-06-03 19:50:56,377 INFO  - I'm in better position but no more hops in message (at simulation time 125.001,800,000 s)
2024-06-03 19:50:56,377 INFO  - Recieve a message from other vehicle (at simulation time 125.001,800,000 s)
2024-06-03 19:50:56,377 INFO  - My position is not better! (at simulation time 125.001,800,000 s)
2024-06-03 19:50:56,377 INFO  - Recieve a message from other vehicle (at simulation time 125.001,900,000 s)
2024-06-03 19:50:56,377 INFO  - My position is not better! (at simulation time 125.001,900,000 s)
2024-06-03 19:50:56,378 INFO  - Recieve a message from other vehicle (at simulation time 125.001,900,000 s)
2024-06-03 19:50:56,378 INFO  - My position is not better! (at simulation time 125.001,900,000 s)
2024-06-03 19:50:56,378 INFO  - Recieve a message from other vehicle (at simulation time 125.001,900,000 s)
2024-06-03 19:50:56,378 INFO  - My position is not better! (at simulation time 125.001,900,000 s)
2024-06-03 19:50:56,378 INFO  - Recieve a message from other vehicle (at simulation time 125.001,900,000 s)
2024-06-03 19:50:56,378 INFO  - My position is not better! (at simulation time 125.001,900,000 s)
2024-06-03 19:50:56,379 INFO  - Recieve a message from other vehicle (at simulation time 125.003,300,000 s)
2024-06-03 19:50:56,379 INFO  - I'm in better position but no more hops in message (at simulation time 125.003,300,000 s)
2024-06-03 19:50:56,379 INFO  - Recieve a message from other vehicle (at simulation time 125.003,300,000 s)
2024-06-03 19:50:56,379 INFO  - My position is not better! (at simulation time 125.003,300,000 s)
2024-06-03 19:50:56,381 INFO  - Called #onVehicleUpdated (at simulation time 126.000,000,000 s)
2024-06-03 19:50:56,381 INFO  - Sending out AdHoc broadcast (at simulation time 126.000,000,000 s)
2024-06-03 19:50:56,381 INFO  - Sending out AdHoc broadcast (at simulation time 126.000,000,000 s)
2024-06-03 19:50:56,381 INFO  - Sending out AdHoc broadcast (at simulation time 126.000,000,000 s)
2024-06-03 19:50:56,381 INFO  - Recieve a message from other vehicle (at simulation time 126.000,400,000 s)
2024-06-03 19:50:56,381 INFO  - My position is not better! (at simulation time 126.000,400,000 s)
2024-06-03 19:50:56,382 INFO  - Recieve a message from other vehicle (at simulation time 126.000,400,000 s)
2024-06-03 19:50:56,382 INFO  - My position is not better! (at simulation time 126.000,400,000 s)
2024-06-03 19:50:56,382 INFO  - Recieve a message from other vehicle (at simulation time 126.000,800,000 s)
2024-06-03 19:50:56,382 INFO  - My position is not better! (at simulation time 126.000,800,000 s)
2024-06-03 19:50:56,382 INFO  - Recieve a message from other vehicle (at simulation time 126.000,800,000 s)
2024-06-03 19:50:56,382 INFO  - My position is not better! (at simulation time 126.000,800,000 s)
2024-06-03 19:50:56,382 INFO  - Recieve a message from other vehicle (at simulation time 126.000,900,000 s)
2024-06-03 19:50:56,382 INFO  - My position is not better! (at simulation time 126.000,900,000 s)
2024-06-03 19:50:56,383 INFO  - Recieve a message from other vehicle (at simulation time 126.000,900,000 s)
2024-06-03 19:50:56,383 INFO  - My position is not better! (at simulation time 126.000,900,000 s)
2024-06-03 19:50:56,383 INFO  - Recieve a message from other vehicle (at simulation time 126.000,900,000 s)
2024-06-03 19:50:56,383 INFO  - My position is not better! (at simulation time 126.000,900,000 s)
2024-06-03 19:50:56,383 INFO  - Recieve a message from other vehicle (at simulation time 126.001,400,000 s)
2024-06-03 19:50:56,383 INFO  - My position is not better! (at simulation time 126.001,400,000 s)
2024-06-03 19:50:56,383 INFO  - Recieve a message from other vehicle (at simulation time 126.001,800,000 s)
2024-06-03 19:50:56,383 INFO  - I'm in better position but no more hops in message (at simulation time 126.001,800,000 s)
2024-06-03 19:50:56,383 INFO  - Recieve a message from other vehicle (at simulation time 126.001,900,000 s)
2024-06-03 19:50:56,383 INFO  - My position is not better! (at simulation time 126.001,900,000 s)
2024-06-03 19:50:56,384 INFO  - Recieve a message from other vehicle (at simulation time 126.002,300,000 s)
2024-06-03 19:50:56,384 INFO  - My position is not better! (at simulation time 126.002,300,000 s)
2024-06-03 19:50:56,384 INFO  - Recieve a message from other vehicle (at simulation time 126.002,800,000 s)
2024-06-03 19:50:56,384 INFO  - I'm in better position but no more hops in message (at simulation time 126.002,800,000 s)
2024-06-03 19:50:56,384 INFO  - Recieve a message from other vehicle (at simulation time 126.003,300,000 s)
2024-06-03 19:50:56,384 INFO  - My position is not better! (at simulation time 126.003,300,000 s)
2024-06-03 19:50:56,384 INFO  - Recieve a message from other vehicle (at simulation time 126.003,300,000 s)
2024-06-03 19:50:56,384 INFO  - My position is not better! (at simulation time 126.003,300,000 s)
2024-06-03 19:50:56,384 INFO  - Recieve a message from other vehicle (at simulation time 126.004,300,000 s)
2024-06-03 19:50:56,384 INFO  - I'm in better position but no more hops in message (at simulation time 126.004,300,000 s)
2024-06-03 19:50:56,386 INFO  - Called #onVehicleUpdated (at simulation time 127.000,000,000 s)
2024-06-03 19:50:56,386 INFO  - Sending out AdHoc broadcast (at simulation time 127.000,000,000 s)
2024-06-03 19:50:56,386 INFO  - Sending out AdHoc broadcast (at simulation time 127.000,000,000 s)
2024-06-03 19:50:56,386 INFO  - Sending out AdHoc broadcast (at simulation time 127.000,000,000 s)
2024-06-03 19:50:56,387 INFO  - Sending out AdHoc broadcast (at simulation time 127.000,000,000 s)
2024-06-03 19:50:56,387 INFO  - Recieve a message from other vehicle (at simulation time 127.000,400,000 s)
2024-06-03 19:50:56,387 INFO  - My position is not better! (at simulation time 127.000,400,000 s)
2024-06-03 19:50:56,387 INFO  - Recieve a message from other vehicle (at simulation time 127.000,800,000 s)
2024-06-03 19:50:56,387 INFO  - My position is not better! (at simulation time 127.000,800,000 s)
2024-06-03 19:50:56,387 INFO  - Recieve a message from other vehicle (at simulation time 127.000,800,000 s)
2024-06-03 19:50:56,387 INFO  - I'm in better position but no more hops in message (at simulation time 127.000,800,000 s)
2024-06-03 19:50:56,388 INFO  - Recieve a message from other vehicle (at simulation time 127.000,900,000 s)
2024-06-03 19:50:56,388 INFO  - My position is not better! (at simulation time 127.000,900,000 s)
2024-06-03 19:50:56,388 INFO  - Recieve a message from other vehicle (at simulation time 127.000,900,000 s)
2024-06-03 19:50:56,388 INFO  - My position is not better! (at simulation time 127.000,900,000 s)
2024-06-03 19:50:56,388 INFO  - Recieve a message from other vehicle (at simulation time 127.000,900,000 s)
2024-06-03 19:50:56,388 INFO  - My position is not better! (at simulation time 127.000,900,000 s)
2024-06-03 19:50:56,388 INFO  - Recieve a message from other vehicle (at simulation time 127.001,300,000 s)
2024-06-03 19:50:56,388 INFO  - My position is not better! (at simulation time 127.001,300,000 s)
2024-06-03 19:50:56,388 INFO  - Recieve a message from other vehicle (at simulation time 127.001,400,000 s)
2024-06-03 19:50:56,388 INFO  - My position is not better! (at simulation time 127.001,400,000 s)
2024-06-03 19:50:56,388 INFO  - Recieve a message from other vehicle (at simulation time 127.001,400,000 s)
2024-06-03 19:50:56,388 INFO  - My position is not better! (at simulation time 127.001,400,000 s)
2024-06-03 19:50:56,388 INFO  - Recieve a message from other vehicle (at simulation time 127.001,400,000 s)
2024-06-03 19:50:56,388 INFO  - My position is not better! (at simulation time 127.001,400,000 s)
2024-06-03 19:50:56,389 INFO  - Recieve a message from other vehicle (at simulation time 127.001,800,000 s)
2024-06-03 19:50:56,389 INFO  - My position is not better! (at simulation time 127.001,800,000 s)
2024-06-03 19:50:56,389 INFO  - Recieve a message from other vehicle (at simulation time 127.001,800,000 s)
2024-06-03 19:50:56,389 INFO  - I'm in better position but no more hops in message (at simulation time 127.001,800,000 s)
2024-06-03 19:50:56,389 INFO  - Recieve a message from other vehicle (at simulation time 127.002,800,000 s)
2024-06-03 19:50:56,389 INFO  - My position is not better! (at simulation time 127.002,800,000 s)
2024-06-03 19:50:56,389 INFO  - Recieve a message from other vehicle (at simulation time 127.003,800,000 s)
2024-06-03 19:50:56,389 INFO  - I'm in better position but no more hops in message (at simulation time 127.003,800,000 s)
2024-06-03 19:50:56,389 INFO  - Recieve a message from other vehicle (at simulation time 127.004,300,000 s)
2024-06-03 19:50:56,389 INFO  - I'm in better position but no more hops in message (at simulation time 127.004,300,000 s)
2024-06-03 19:50:56,391 INFO  - Called #onVehicleUpdated (at simulation time 128.000,000,000 s)
2024-06-03 19:50:56,391 INFO  - Sending out AdHoc broadcast (at simulation time 128.000,000,000 s)
2024-06-03 19:50:56,391 INFO  - Sending out AdHoc broadcast (at simulation time 128.000,000,000 s)
2024-06-03 19:50:56,391 INFO  - Sending out AdHoc broadcast (at simulation time 128.000,000,000 s)
2024-06-03 19:50:56,392 INFO  - Recieve a message from other vehicle (at simulation time 128.000,400,000 s)
2024-06-03 19:50:56,392 INFO  - My position is not better! (at simulation time 128.000,400,000 s)
2024-06-03 19:50:56,392 INFO  - Recieve a message from other vehicle (at simulation time 128.000,900,000 s)
2024-06-03 19:50:56,392 INFO  - My position is not better! (at simulation time 128.000,900,000 s)
2024-06-03 19:50:56,393 INFO  - Recieve a message from other vehicle (at simulation time 128.001,400,000 s)
2024-06-03 19:50:56,393 INFO  - My position is not better! (at simulation time 128.001,400,000 s)
2024-06-03 19:50:56,394 INFO  - Recieve a message from other vehicle (at simulation time 128.001,400,000 s)
2024-06-03 19:50:56,394 INFO  - My position is not better! (at simulation time 128.001,400,000 s)
2024-06-03 19:50:56,394 INFO  - Recieve a message from other vehicle (at simulation time 128.001,900,000 s)
2024-06-03 19:50:56,394 INFO  - My position is not better! (at simulation time 128.001,900,000 s)
2024-06-03 19:50:56,394 INFO  - Recieve a message from other vehicle (at simulation time 128.002,300,000 s)
2024-06-03 19:50:56,394 INFO  - My position is not better! (at simulation time 128.002,300,000 s)
2024-06-03 19:50:56,395 INFO  - Recieve a message from other vehicle (at simulation time 128.002,400,000 s)
2024-06-03 19:50:56,395 INFO  - My position is not better! (at simulation time 128.002,400,000 s)
2024-06-03 19:50:56,395 INFO  - Recieve a message from other vehicle (at simulation time 128.002,800,000 s)
2024-06-03 19:50:56,395 INFO  - My position is not better! (at simulation time 128.002,800,000 s)
2024-06-03 19:50:56,395 INFO  - Recieve a message from other vehicle (at simulation time 128.003,300,000 s)
2024-06-03 19:50:56,395 INFO  - My position is not better! (at simulation time 128.003,300,000 s)
2024-06-03 19:50:56,397 INFO  - Called #onVehicleUpdated (at simulation time 129.000,000,000 s)
2024-06-03 19:50:56,397 INFO  - Sending out AdHoc broadcast (at simulation time 129.000,000,000 s)
2024-06-03 19:50:56,397 INFO  - Sending out AdHoc broadcast (at simulation time 129.000,000,000 s)
2024-06-03 19:50:56,398 INFO  - Sending out AdHoc broadcast (at simulation time 129.000,000,000 s)
2024-06-03 19:50:56,398 INFO  - Sending out AdHoc broadcast (at simulation time 129.000,000,000 s)
2024-06-03 19:50:56,399 INFO  - Recieve a message from other vehicle (at simulation time 129.000,400,000 s)
2024-06-03 19:50:56,399 INFO  - My position is not better! (at simulation time 129.000,400,000 s)
2024-06-03 19:50:56,399 INFO  - Recieve a message from other vehicle (at simulation time 129.000,900,000 s)
2024-06-03 19:50:56,399 INFO  - My position is not better! (at simulation time 129.000,900,000 s)
2024-06-03 19:50:56,400 INFO  - Recieve a message from other vehicle (at simulation time 129.001,400,000 s)
2024-06-03 19:50:56,400 INFO  - My position is not better! (at simulation time 129.001,400,000 s)
2024-06-03 19:50:56,401 INFO  - Recieve a message from other vehicle (at simulation time 129.002,300,000 s)
2024-06-03 19:50:56,401 INFO  - My position is not better! (at simulation time 129.002,300,000 s)
2024-06-03 19:50:56,401 INFO  - Recieve a message from other vehicle (at simulation time 129.002,300,000 s)
2024-06-03 19:50:56,401 INFO  - My position is not better! (at simulation time 129.002,300,000 s)
2024-06-03 19:50:56,401 INFO  - Recieve a message from other vehicle (at simulation time 129.002,300,000 s)
2024-06-03 19:50:56,401 INFO  - My position is not better! (at simulation time 129.002,300,000 s)
2024-06-03 19:50:56,401 INFO  - Recieve a message from other vehicle (at simulation time 129.002,400,000 s)
2024-06-03 19:50:56,401 INFO  - My position is not better! (at simulation time 129.002,400,000 s)
2024-06-03 19:50:56,401 INFO  - Recieve a message from other vehicle (at simulation time 129.002,400,000 s)
2024-06-03 19:50:56,401 INFO  - My position is not better! (at simulation time 129.002,400,000 s)
2024-06-03 19:50:56,401 INFO  - Recieve a message from other vehicle (at simulation time 129.003,300,000 s)
2024-06-03 19:50:56,401 INFO  - My position is not better! (at simulation time 129.003,300,000 s)
2024-06-03 19:50:56,404 INFO  - Called #onVehicleUpdated (at simulation time 130.000,000,000 s)
2024-06-03 19:50:56,405 INFO  - Sending out AdHoc broadcast (at simulation time 130.000,000,000 s)
2024-06-03 19:50:56,405 INFO  - Sending out AdHoc broadcast (at simulation time 130.000,000,000 s)
2024-06-03 19:50:56,405 INFO  - Sending out AdHoc broadcast (at simulation time 130.000,000,000 s)
2024-06-03 19:50:56,406 INFO  - Recieve a message from other vehicle (at simulation time 130.000,400,000 s)
2024-06-03 19:50:56,406 INFO  - My position is not better! (at simulation time 130.000,400,000 s)
2024-06-03 19:50:56,406 INFO  - Recieve a message from other vehicle (at simulation time 130.000,800,000 s)
2024-06-03 19:50:56,406 INFO  - My position is not better! (at simulation time 130.000,800,000 s)
2024-06-03 19:50:56,407 INFO  - Recieve a message from other vehicle (at simulation time 130.002,400,000 s)
2024-06-03 19:50:56,407 INFO  - My position is not better! (at simulation time 130.002,400,000 s)
2024-06-03 19:50:56,407 INFO  - Recieve a message from other vehicle (at simulation time 130.002,400,000 s)
2024-06-03 19:50:56,407 INFO  - My position is not better! (at simulation time 130.002,400,000 s)
2024-06-03 19:50:56,407 INFO  - Recieve a message from other vehicle (at simulation time 130.003,300,000 s)
2024-06-03 19:50:56,407 INFO  - My position is not better! (at simulation time 130.003,300,000 s)
2024-06-03 19:50:56,407 INFO  - Recieve a message from other vehicle (at simulation time 130.003,800,000 s)
2024-06-03 19:50:56,407 INFO  - My position is not better! (at simulation time 130.003,800,000 s)
2024-06-03 19:50:56,409 INFO  - Called #onVehicleUpdated (at simulation time 131.000,000,000 s)
2024-06-03 19:50:56,409 INFO  - Sending out AdHoc broadcast (at simulation time 131.000,000,000 s)
2024-06-03 19:50:56,409 INFO  - Sending out AdHoc broadcast (at simulation time 131.000,000,000 s)
2024-06-03 19:50:56,409 INFO  - Sending out AdHoc broadcast (at simulation time 131.000,000,000 s)
2024-06-03 19:50:56,410 INFO  - Sending out AdHoc broadcast (at simulation time 131.000,000,000 s)
2024-06-03 19:50:56,413 INFO  - Called #onVehicleUpdated (at simulation time 132.000,000,000 s)
2024-06-03 19:50:56,413 INFO  - Sending out AdHoc broadcast (at simulation time 132.000,000,000 s)
2024-06-03 19:50:56,413 INFO  - Sending out AdHoc broadcast (at simulation time 132.000,000,000 s)
2024-06-03 19:50:56,413 INFO  - Sending out AdHoc broadcast (at simulation time 132.000,000,000 s)
2024-06-03 19:50:56,418 INFO  - Called #onVehicleUpdated (at simulation time 133.000,000,000 s)
2024-06-03 19:50:56,418 INFO  - Sending out AdHoc broadcast (at simulation time 133.000,000,000 s)
2024-06-03 19:50:56,418 INFO  - Sending out AdHoc broadcast (at simulation time 133.000,000,000 s)
2024-06-03 19:50:56,418 INFO  - Sending out AdHoc broadcast (at simulation time 133.000,000,000 s)
2024-06-03 19:50:56,418 INFO  - Sending out AdHoc broadcast (at simulation time 133.000,000,000 s)
2024-06-03 19:50:56,420 INFO  - Called #onVehicleUpdated (at simulation time 134.000,000,000 s)
2024-06-03 19:50:56,420 INFO  - Sending out AdHoc broadcast (at simulation time 134.000,000,000 s)
2024-06-03 19:50:56,421 INFO  - Sending out AdHoc broadcast (at simulation time 134.000,000,000 s)
2024-06-03 19:50:56,421 INFO  - Sending out AdHoc broadcast (at simulation time 134.000,000,000 s)
2024-06-03 19:50:56,423 INFO  - Called #onVehicleUpdated (at simulation time 135.000,000,000 s)
2024-06-03 19:50:56,423 INFO  - Exced velocity! Sending new CAM (at simulation time 135.000,000,000 s)
2024-06-03 19:50:56,423 INFO  - Sending out AdHoc broadcast (at simulation time 135.000,000,000 s)
2024-06-03 19:50:56,423 INFO  - Sending out AdHoc broadcast (at simulation time 135.000,000,000 s)
2024-06-03 19:50:56,423 INFO  - Sending out AdHoc broadcast (at simulation time 135.000,000,000 s)
2024-06-03 19:50:56,423 INFO  - Sending out AdHoc broadcast (at simulation time 135.000,000,000 s)
2024-06-03 19:50:56,423 INFO  - Sending out AdHoc broadcast (at simulation time 135.000,000,000 s)
2024-06-03 19:50:56,425 INFO  - Called #onVehicleUpdated (at simulation time 136.000,000,000 s)
2024-06-03 19:50:56,425 INFO  - Exced velocity! Sending new CAM (at simulation time 136.000,000,000 s)
2024-06-03 19:50:56,425 INFO  - Sending out AdHoc broadcast (at simulation time 136.000,000,000 s)
2024-06-03 19:50:56,425 INFO  - Sending out AdHoc broadcast (at simulation time 136.000,000,000 s)
2024-06-03 19:50:56,425 INFO  - Sending out AdHoc broadcast (at simulation time 136.000,000,000 s)
2024-06-03 19:50:56,425 INFO  - Sending out AdHoc broadcast (at simulation time 136.000,000,000 s)
2024-06-03 19:50:56,427 INFO  - Shutdown (at simulation time 137.000,000,000 s)
