2024-06-03 19:41:33,317 INFO  - Initialize Vehicle application (at simulation time 7.000,000,000 s)
2024-06-03 19:41:33,320 INFO  - Activated WLAN Module (at simulation time 7.000,000,000 s)
2024-06-03 19:41:33,324 INFO  - Called #onVehicleUpdated (at simulation time 7.000,000,000 s)
2024-06-03 19:41:33,334 INFO  - Recieve a message from other vehicle (at simulation time 7.001,900,000 s)
2024-06-03 19:41:33,334 INFO  - My position is not better! (at simulation time 7.001,900,000 s)
2024-06-03 19:41:33,719 INFO  - Called #onVehicleUpdated (at simulation time 8.000,000,000 s)
2024-06-03 19:41:33,723 INFO  - Define the name: veh_2 and route: r_1 (at simulation time 8.000,000,000 s)
2024-06-03 19:41:33,723 INFO  - Sending out AdHoc broadcast (at simulation time 8.000,000,000 s)
2024-06-03 19:41:33,725 INFO  - Recieve a message from other vehicle (at simulation time 8.000,400,000 s)
2024-06-03 19:41:33,725 INFO  - My position is not better! (at simulation time 8.000,400,000 s)
2024-06-03 19:41:33,727 INFO  - Recieve a message from other vehicle (at simulation time 8.003,300,000 s)
2024-06-03 19:41:33,728 INFO  - My position is not better! (at simulation time 8.003,300,000 s)
2024-06-03 19:41:34,118 INFO  - Called #onVehicleUpdated (at simulation time 9.000,000,000 s)
2024-06-03 19:41:34,124 INFO  - Recieve a message from other vehicle (at simulation time 9.001,900,000 s)
2024-06-03 19:41:34,124 INFO  - My position is not better! (at simulation time 9.001,900,000 s)
2024-06-03 19:41:34,529 INFO  - Called #onVehicleUpdated (at simulation time 10.000,000,000 s)
2024-06-03 19:41:34,531 INFO  - Sending out AdHoc broadcast (at simulation time 10.000,000,000 s)
2024-06-03 19:41:34,532 INFO  - Recieve a message from other vehicle (at simulation time 10.000,400,000 s)
2024-06-03 19:41:34,532 INFO  - My position is not better! (at simulation time 10.000,400,000 s)
2024-06-03 19:41:34,533 INFO  - Recieve a message from other vehicle (at simulation time 10.002,300,000 s)
2024-06-03 19:41:34,533 INFO  - My position is not better! (at simulation time 10.002,300,000 s)
2024-06-03 19:41:34,916 INFO  - Called #onVehicleUpdated (at simulation time 11.000,000,000 s)
2024-06-03 19:41:34,921 INFO  - Recieve a message from other vehicle (at simulation time 11.000,900,000 s)
2024-06-03 19:41:34,921 INFO  - My position is not better! (at simulation time 11.000,900,000 s)
2024-06-03 19:41:35,317 INFO  - Called #onVehicleUpdated (at simulation time 12.000,000,000 s)
2024-06-03 19:41:35,321 INFO  - Sending out AdHoc broadcast (at simulation time 12.000,000,000 s)
2024-06-03 19:41:35,332 INFO  - Recieve a message from other vehicle (at simulation time 12.001,900,000 s)
2024-06-03 19:41:35,332 INFO  - My position is not better! (at simulation time 12.001,900,000 s)
2024-06-03 19:41:35,335 INFO  - Recieve a message from other vehicle (at simulation time 12.003,300,000 s)
2024-06-03 19:41:35,335 INFO  - My position is not better! (at simulation time 12.003,300,000 s)
2024-06-03 19:41:35,718 INFO  - Called #onVehicleUpdated (at simulation time 13.000,000,000 s)
2024-06-03 19:41:35,732 INFO  - Recieve a message from other vehicle (at simulation time 13.001,900,000 s)
2024-06-03 19:41:35,732 INFO  - My position is not better! (at simulation time 13.001,900,000 s)
2024-06-03 19:41:36,119 INFO  - Called #onVehicleUpdated (at simulation time 14.000,000,000 s)
2024-06-03 19:41:36,121 INFO  - Sending out AdHoc broadcast (at simulation time 14.000,000,000 s)
2024-06-03 19:41:36,124 INFO  - Recieve a message from other vehicle (at simulation time 14.000,400,000 s)
2024-06-03 19:41:36,124 INFO  - My position is not better! (at simulation time 14.000,400,000 s)
2024-06-03 19:41:36,130 INFO  - Recieve a message from other vehicle (at simulation time 14.001,300,000 s)
2024-06-03 19:41:36,130 INFO  - My position is not better! (at simulation time 14.001,300,000 s)
2024-06-03 19:41:36,131 INFO  - Recieve a message from other vehicle (at simulation time 14.001,400,000 s)
2024-06-03 19:41:36,131 INFO  - My position is not better! (at simulation time 14.001,400,000 s)
2024-06-03 19:41:36,132 INFO  - Recieve a message from other vehicle (at simulation time 14.001,400,000 s)
2024-06-03 19:41:36,132 INFO  - My position is not better! (at simulation time 14.001,400,000 s)
2024-06-03 19:41:36,132 INFO  - Recieve a message from other vehicle (at simulation time 14.001,400,000 s)
2024-06-03 19:41:36,132 INFO  - My position is not better! (at simulation time 14.001,400,000 s)
2024-06-03 19:41:36,133 INFO  - Recieve a message from other vehicle (at simulation time 14.001,800,000 s)
2024-06-03 19:41:36,134 INFO  - My position is not better! (at simulation time 14.001,800,000 s)
2024-06-03 19:41:36,134 INFO  - Recieve a message from other vehicle (at simulation time 14.001,800,000 s)
2024-06-03 19:41:36,134 INFO  - My position is not better! (at simulation time 14.001,800,000 s)
2024-06-03 19:41:36,136 INFO  - Recieve a message from other vehicle (at simulation time 14.002,400,000 s)
2024-06-03 19:41:36,136 INFO  - My position is not better! (at simulation time 14.002,400,000 s)
2024-06-03 19:41:36,136 INFO  - Recieve a message from other vehicle (at simulation time 14.002,400,000 s)
2024-06-03 19:41:36,136 INFO  - My position is not better! (at simulation time 14.002,400,000 s)
2024-06-03 19:41:36,136 INFO  - Recieve a message from other vehicle (at simulation time 14.002,400,000 s)
2024-06-03 19:41:36,136 INFO  - My position is not better! (at simulation time 14.002,400,000 s)
2024-06-03 19:41:36,136 INFO  - Recieve a message from other vehicle (at simulation time 14.002,800,000 s)
2024-06-03 19:41:36,136 INFO  - My position is not better! (at simulation time 14.002,800,000 s)
2024-06-03 19:41:36,137 INFO  - Recieve a message from other vehicle (at simulation time 14.003,300,000 s)
2024-06-03 19:41:36,137 INFO  - My position is not better! (at simulation time 14.003,300,000 s)
2024-06-03 19:41:36,137 INFO  - Recieve a message from other vehicle (at simulation time 14.003,300,000 s)
2024-06-03 19:41:36,137 INFO  - My position is not better! (at simulation time 14.003,300,000 s)
2024-06-03 19:41:36,137 INFO  - Recieve a message from other vehicle (at simulation time 14.003,300,000 s)
2024-06-03 19:41:36,137 INFO  - My position is not better! (at simulation time 14.003,300,000 s)
2024-06-03 19:41:36,532 INFO  - Called #onVehicleUpdated (at simulation time 15.000,000,000 s)
2024-06-03 19:41:36,538 INFO  - Recieve a message from other vehicle (at simulation time 15.000,400,000 s)
2024-06-03 19:41:36,538 INFO  - My position is not better! (at simulation time 15.000,400,000 s)
2024-06-03 19:41:36,539 INFO  - Recieve a message from other vehicle (at simulation time 15.000,400,000 s)
2024-06-03 19:41:36,539 INFO  - My position is not better! (at simulation time 15.000,400,000 s)
2024-06-03 19:41:36,542 INFO  - Recieve a message from other vehicle (at simulation time 15.000,800,000 s)
2024-06-03 19:41:36,542 INFO  - DENM message Recived from veh_5 -info : seco (at simulation time 15.000,800,000 s)
2024-06-03 19:41:36,542 INFO  - No more hops in DENM message (at simulation time 15.000,800,000 s)
2024-06-03 19:41:36,543 INFO  - Recieve a message from other vehicle (at simulation time 15.000,900,000 s)
2024-06-03 19:41:36,543 INFO  - DENM message Recived from veh_5 -info : seco (at simulation time 15.000,900,000 s)
2024-06-03 19:41:36,543 INFO  - No more hops in DENM message (at simulation time 15.000,900,000 s)
2024-06-03 19:41:36,543 INFO  - Recieve a message from other vehicle (at simulation time 15.000,900,000 s)
2024-06-03 19:41:36,543 INFO  - My position is not better! (at simulation time 15.000,900,000 s)
2024-06-03 19:41:36,544 INFO  - Recieve a message from other vehicle (at simulation time 15.000,900,000 s)
2024-06-03 19:41:36,544 INFO  - My position is not better! (at simulation time 15.000,900,000 s)
2024-06-03 19:41:36,546 INFO  - Recieve a message from other vehicle (at simulation time 15.001,300,000 s)
2024-06-03 19:41:36,546 INFO  - My position is not better! (at simulation time 15.001,300,000 s)
2024-06-03 19:41:36,546 INFO  - Recieve a message from other vehicle (at simulation time 15.001,300,000 s)
2024-06-03 19:41:36,546 INFO  - My position is not better! (at simulation time 15.001,300,000 s)
2024-06-03 19:41:36,547 INFO  - Recieve a message from other vehicle (at simulation time 15.001,400,000 s)
2024-06-03 19:41:36,547 INFO  - DENM message Recived from veh_0 -info : seco (at simulation time 15.001,400,000 s)
2024-06-03 19:41:36,547 INFO  - No more hops in DENM message (at simulation time 15.001,400,000 s)
2024-06-03 19:41:36,547 INFO  - Recieve a message from other vehicle (at simulation time 15.001,400,000 s)
2024-06-03 19:41:36,547 INFO  - DENM message Recived from veh_1 -info : piso-molhado (at simulation time 15.001,400,000 s)
2024-06-03 19:41:36,547 INFO  - I slow down due to road state (at simulation time 15.001,400,000 s)
2024-06-03 19:41:36,547 INFO  - Recending a DENM message from other vehicle (at simulation time 15.001,400,000 s)
2024-06-03 19:41:36,548 INFO  - Recieve a message from other vehicle (at simulation time 15.001,400,000 s)
2024-06-03 19:41:36,548 INFO  - My position is not better! (at simulation time 15.001,400,000 s)
2024-06-03 19:41:36,548 INFO  - Recieve a message from other vehicle (at simulation time 15.001,400,000 s)
2024-06-03 19:41:36,548 INFO  - My position is not better! (at simulation time 15.001,400,000 s)
2024-06-03 19:41:36,548 INFO  - Recieve a message from other vehicle (at simulation time 15.001,400,000 s)
2024-06-03 19:41:36,548 INFO  - My position is not better! (at simulation time 15.001,400,000 s)
2024-06-03 19:41:36,551 INFO  - Recieve a message from other vehicle (at simulation time 15.001,800,000 s)
2024-06-03 19:41:36,551 INFO  - My position is not better! (at simulation time 15.001,800,000 s)
2024-06-03 19:41:36,553 INFO  - Recieve a message from other vehicle (at simulation time 15.001,900,000 s)
2024-06-03 19:41:36,554 INFO  - My position is not better! (at simulation time 15.001,900,000 s)
2024-06-03 19:41:36,555 INFO  - Recieve a message from other vehicle (at simulation time 15.002,300,000 s)
2024-06-03 19:41:36,555 INFO  - My position is not better! (at simulation time 15.002,300,000 s)
2024-06-03 19:41:36,555 INFO  - Recieve a message from other vehicle (at simulation time 15.002,300,000 s)
2024-06-03 19:41:36,555 INFO  - My position is not better! (at simulation time 15.002,300,000 s)
2024-06-03 19:41:36,555 INFO  - Recieve a message from other vehicle (at simulation time 15.002,300,000 s)
2024-06-03 19:41:36,555 INFO  - My position is not better! (at simulation time 15.002,300,000 s)
2024-06-03 19:41:36,559 INFO  - Recieve a message from other vehicle (at simulation time 15.002,400,000 s)
2024-06-03 19:41:36,559 INFO  - DENM message Recived from veh_3 -info : seco (at simulation time 15.002,400,000 s)
2024-06-03 19:41:36,559 INFO  - No more hops in DENM message (at simulation time 15.002,400,000 s)
2024-06-03 19:41:36,559 INFO  - Recieve a message from other vehicle (at simulation time 15.002,400,000 s)
2024-06-03 19:41:36,559 INFO  - My position is not better! (at simulation time 15.002,400,000 s)
2024-06-03 19:41:36,559 INFO  - Recieve a message from other vehicle (at simulation time 15.002,400,000 s)
2024-06-03 19:41:36,559 INFO  - My position is not better! (at simulation time 15.002,400,000 s)
2024-06-03 19:41:36,560 INFO  - Recieve a message from other vehicle (at simulation time 15.002,400,000 s)
2024-06-03 19:41:36,560 INFO  - My position is not better! (at simulation time 15.002,400,000 s)
2024-06-03 19:41:36,561 INFO  - Recieve a message from other vehicle (at simulation time 15.002,800,000 s)
2024-06-03 19:41:36,561 INFO  - DENM message Recived from veh_3 -info : seco (at simulation time 15.002,800,000 s)
2024-06-03 19:41:36,561 INFO  - No more hops in DENM message (at simulation time 15.002,800,000 s)
2024-06-03 19:41:36,563 INFO  - Recieve a message from other vehicle (at simulation time 15.003,800,000 s)
2024-06-03 19:41:36,563 INFO  - DENM message Recived from veh_0 -info : seco (at simulation time 15.003,800,000 s)
2024-06-03 19:41:36,563 INFO  - No more hops in DENM message (at simulation time 15.003,800,000 s)
2024-06-03 19:41:36,917 INFO  - Called #onVehicleUpdated (at simulation time 16.000,000,000 s)
2024-06-03 19:41:36,918 INFO  - Sending out DENM broadcast (at simulation time 16.000,000,000 s)
2024-06-03 19:41:36,920 INFO  - Sending out AdHoc broadcast (at simulation time 16.000,000,000 s)
2024-06-03 19:41:36,925 INFO  - Recieve a message from other vehicle (at simulation time 16.000,400,000 s)
2024-06-03 19:41:36,925 INFO  - I'm in better position but no more hops in message (at simulation time 16.000,400,000 s)
2024-06-03 19:41:36,925 INFO  - Recieve a message from other vehicle (at simulation time 16.000,400,000 s)
2024-06-03 19:41:36,925 INFO  - My position is not better! (at simulation time 16.000,400,000 s)
2024-06-03 19:41:36,926 INFO  - Recieve a message from other vehicle (at simulation time 16.000,400,000 s)
2024-06-03 19:41:36,926 INFO  - My position is not better! (at simulation time 16.000,400,000 s)
2024-06-03 19:41:36,929 INFO  - Recieve a message from other vehicle (at simulation time 16.001,300,000 s)
2024-06-03 19:41:36,929 INFO  - I'm in better position but no more hops in message (at simulation time 16.001,300,000 s)
2024-06-03 19:41:36,929 INFO  - Recieve a message from other vehicle (at simulation time 16.001,300,000 s)
2024-06-03 19:41:36,929 INFO  - I'm in better position but no more hops in message (at simulation time 16.001,300,000 s)
2024-06-03 19:41:36,930 INFO  - Recieve a message from other vehicle (at simulation time 16.001,400,000 s)
2024-06-03 19:41:36,930 INFO  - DENM message Recived from veh_4 -info : nevoeiro (at simulation time 16.001,400,000 s)
2024-06-03 19:41:36,930 INFO  - No more hops in DENM message (at simulation time 16.001,400,000 s)
2024-06-03 19:41:36,930 INFO  - Recieve a message from other vehicle (at simulation time 16.001,400,000 s)
2024-06-03 19:41:36,930 INFO  - My position is not better! (at simulation time 16.001,400,000 s)
2024-06-03 19:41:36,930 INFO  - Recieve a message from other vehicle (at simulation time 16.001,400,000 s)
2024-06-03 19:41:36,930 INFO  - My position is not better! (at simulation time 16.001,400,000 s)
2024-06-03 19:41:36,931 INFO  - Recieve a message from other vehicle (at simulation time 16.001,400,000 s)
2024-06-03 19:41:36,931 INFO  - I'm in better position but no more hops in message (at simulation time 16.001,400,000 s)
2024-06-03 19:41:36,933 INFO  - Recieve a message from other vehicle (at simulation time 16.001,900,000 s)
2024-06-03 19:41:36,933 INFO  - My position is not better! (at simulation time 16.001,900,000 s)
2024-06-03 19:41:36,933 INFO  - Recieve a message from other vehicle (at simulation time 16.001,900,000 s)
2024-06-03 19:41:36,934 INFO  - My position is not better! (at simulation time 16.001,900,000 s)
2024-06-03 19:41:36,934 INFO  - Recieve a message from other vehicle (at simulation time 16.002,300,000 s)
2024-06-03 19:41:36,934 INFO  - DENM message Recived from veh_4 -info : nevoeiro (at simulation time 16.002,300,000 s)
2024-06-03 19:41:36,934 INFO  - No more hops in DENM message (at simulation time 16.002,300,000 s)
2024-06-03 19:41:36,934 INFO  - Recieve a message from other vehicle (at simulation time 16.002,300,000 s)
2024-06-03 19:41:36,934 INFO  - My position is not better! (at simulation time 16.002,300,000 s)
2024-06-03 19:41:36,934 INFO  - Recieve a message from other vehicle (at simulation time 16.002,400,000 s)
2024-06-03 19:41:36,934 INFO  - I'm in better position but no more hops in message (at simulation time 16.002,400,000 s)
2024-06-03 19:41:36,935 INFO  - Recieve a message from other vehicle (at simulation time 16.002,800,000 s)
2024-06-03 19:41:36,935 INFO  - DENM message Recived from veh_2 -info : seco (at simulation time 16.002,800,000 s)
2024-06-03 19:41:36,935 INFO  - No more hops in DENM message (at simulation time 16.002,800,000 s)
2024-06-03 19:41:36,935 INFO  - Recieve a message from other vehicle (at simulation time 16.002,800,000 s)
2024-06-03 19:41:36,935 INFO  - My position is not better! (at simulation time 16.002,800,000 s)
2024-06-03 19:41:36,935 INFO  - Recieve a message from other vehicle (at simulation time 16.003,300,000 s)
2024-06-03 19:41:36,935 INFO  - I'm in better position but no more hops in message (at simulation time 16.003,300,000 s)
2024-06-03 19:41:36,935 INFO  - Recieve a message from other vehicle (at simulation time 16.003,800,000 s)
2024-06-03 19:41:36,935 INFO  - My position is not better! (at simulation time 16.003,800,000 s)
2024-06-03 19:41:37,318 INFO  - Called #onVehicleUpdated (at simulation time 17.000,000,000 s)
2024-06-03 19:41:37,324 INFO  - Recieve a message from other vehicle (at simulation time 17.000,400,000 s)
2024-06-03 19:41:37,324 INFO  - I'm in better position but no more hops in message (at simulation time 17.000,400,000 s)
2024-06-03 19:41:37,324 INFO  - Recieve a message from other vehicle (at simulation time 17.000,400,000 s)
2024-06-03 19:41:37,324 INFO  - Recending a message from other vehicle (at simulation time 17.000,400,000 s)
2024-06-03 19:41:37,324 INFO  - Recieve a message from other vehicle (at simulation time 17.000,400,000 s)
2024-06-03 19:41:37,324 INFO  - I'm in better position but no more hops in message (at simulation time 17.000,400,000 s)
2024-06-03 19:41:37,325 INFO  - Recieve a message from other vehicle (at simulation time 17.000,400,000 s)
2024-06-03 19:41:37,325 INFO  - I'm in better position but no more hops in message (at simulation time 17.000,400,000 s)
2024-06-03 19:41:37,326 INFO  - Recieve a message from other vehicle (at simulation time 17.000,800,000 s)
2024-06-03 19:41:37,326 INFO  - I'm in better position but no more hops in message (at simulation time 17.000,800,000 s)
2024-06-03 19:41:37,326 INFO  - Recieve a message from other vehicle (at simulation time 17.000,900,000 s)
2024-06-03 19:41:37,326 INFO  - I'm in better position but no more hops in message (at simulation time 17.000,900,000 s)
2024-06-03 19:41:37,327 INFO  - Recieve a message from other vehicle (at simulation time 17.000,900,000 s)
2024-06-03 19:41:37,327 INFO  - I'm in better position but no more hops in message (at simulation time 17.000,900,000 s)
2024-06-03 19:41:37,328 INFO  - Recieve a message from other vehicle (at simulation time 17.001,300,000 s)
2024-06-03 19:41:37,328 INFO  - I'm in better position but no more hops in message (at simulation time 17.001,300,000 s)
2024-06-03 19:41:37,329 INFO  - Recieve a message from other vehicle (at simulation time 17.001,800,000 s)
2024-06-03 19:41:37,329 INFO  - I'm in better position but no more hops in message (at simulation time 17.001,800,000 s)
2024-06-03 19:41:37,330 INFO  - Recieve a message from other vehicle (at simulation time 17.001,800,000 s)
2024-06-03 19:41:37,330 INFO  - I'm in better position but no more hops in message (at simulation time 17.001,800,000 s)
2024-06-03 19:41:37,330 INFO  - Recieve a message from other vehicle (at simulation time 17.001,900,000 s)
2024-06-03 19:41:37,330 INFO  - My position is not better! (at simulation time 17.001,900,000 s)
2024-06-03 19:41:37,330 INFO  - Recieve a message from other vehicle (at simulation time 17.001,900,000 s)
2024-06-03 19:41:37,330 INFO  - I'm in better position but no more hops in message (at simulation time 17.001,900,000 s)
2024-06-03 19:41:37,330 INFO  - Recieve a message from other vehicle (at simulation time 17.001,900,000 s)
2024-06-03 19:41:37,330 INFO  - I'm in better position but no more hops in message (at simulation time 17.001,900,000 s)
2024-06-03 19:41:37,330 INFO  - Recieve a message from other vehicle (at simulation time 17.002,400,000 s)
2024-06-03 19:41:37,330 INFO  - I'm in better position but no more hops in message (at simulation time 17.002,400,000 s)
2024-06-03 19:41:37,331 INFO  - Recieve a message from other vehicle (at simulation time 17.002,400,000 s)
2024-06-03 19:41:37,331 INFO  - I'm in better position but no more hops in message (at simulation time 17.002,400,000 s)
2024-06-03 19:41:37,718 INFO  - Called #onVehicleUpdated (at simulation time 18.000,000,000 s)
2024-06-03 19:41:37,720 INFO  - Sending out AdHoc broadcast (at simulation time 18.000,000,000 s)
2024-06-03 19:41:37,721 INFO  - Recieve a message from other vehicle (at simulation time 18.000,400,000 s)
2024-06-03 19:41:37,721 INFO  - Recending a message from other vehicle (at simulation time 18.000,400,000 s)
2024-06-03 19:41:37,722 INFO  - Recieve a message from other vehicle (at simulation time 18.000,400,000 s)
2024-06-03 19:41:37,722 INFO  - Recending a message from other vehicle (at simulation time 18.000,400,000 s)
2024-06-03 19:41:37,724 INFO  - Recieve a message from other vehicle (at simulation time 18.000,800,000 s)
2024-06-03 19:41:37,725 INFO  - I'm in better position but no more hops in message (at simulation time 18.000,800,000 s)
2024-06-03 19:41:37,725 INFO  - Recieve a message from other vehicle (at simulation time 18.000,900,000 s)
2024-06-03 19:41:37,725 INFO  - I'm in better position but no more hops in message (at simulation time 18.000,900,000 s)
2024-06-03 19:41:37,725 INFO  - Recieve a message from other vehicle (at simulation time 18.000,900,000 s)
2024-06-03 19:41:37,725 INFO  - I'm in better position but no more hops in message (at simulation time 18.000,900,000 s)
2024-06-03 19:41:37,726 INFO  - Recieve a message from other vehicle (at simulation time 18.001,300,000 s)
2024-06-03 19:41:37,727 INFO  - I'm in better position but no more hops in message (at simulation time 18.001,300,000 s)
2024-06-03 19:41:37,727 INFO  - Recieve a message from other vehicle (at simulation time 18.001,400,000 s)
2024-06-03 19:41:37,727 INFO  - I'm in better position but no more hops in message (at simulation time 18.001,400,000 s)
2024-06-03 19:41:37,729 INFO  - Recieve a message from other vehicle (at simulation time 18.001,900,000 s)
2024-06-03 19:41:37,729 INFO  - I'm in better position but no more hops in message (at simulation time 18.001,900,000 s)
2024-06-03 19:41:37,729 INFO  - Recieve a message from other vehicle (at simulation time 18.001,900,000 s)
2024-06-03 19:41:37,729 INFO  - I'm in better position but no more hops in message (at simulation time 18.001,900,000 s)
2024-06-03 19:41:37,729 INFO  - Recieve a message from other vehicle (at simulation time 18.001,900,000 s)
2024-06-03 19:41:37,730 INFO  - Recending a message from other vehicle (at simulation time 18.001,900,000 s)
2024-06-03 19:41:37,731 INFO  - Recieve a message from other vehicle (at simulation time 18.002,400,000 s)
2024-06-03 19:41:37,732 INFO  - I'm in better position but no more hops in message (at simulation time 18.002,400,000 s)
2024-06-03 19:41:37,733 INFO  - Recieve a message from other vehicle (at simulation time 18.003,800,000 s)
2024-06-03 19:41:37,733 INFO  - I'm in better position but no more hops in message (at simulation time 18.003,800,000 s)
2024-06-03 19:41:38,119 INFO  - Called #onVehicleUpdated (at simulation time 19.000,000,000 s)
2024-06-03 19:41:38,121 INFO  - Recieve a message from other vehicle (at simulation time 19.000,400,000 s)
2024-06-03 19:41:38,121 INFO  - Recending a message from other vehicle (at simulation time 19.000,400,000 s)
2024-06-03 19:41:38,121 INFO  - Recieve a message from other vehicle (at simulation time 19.000,400,000 s)
2024-06-03 19:41:38,121 INFO  - I'm in better position but no more hops in message (at simulation time 19.000,400,000 s)
2024-06-03 19:41:38,121 INFO  - Recieve a message from other vehicle (at simulation time 19.000,400,000 s)
2024-06-03 19:41:38,121 INFO  - Recending a message from other vehicle (at simulation time 19.000,400,000 s)
2024-06-03 19:41:38,121 INFO  - Recieve a message from other vehicle (at simulation time 19.000,400,000 s)
2024-06-03 19:41:38,121 INFO  - I'm in better position but no more hops in message (at simulation time 19.000,400,000 s)
2024-06-03 19:41:38,123 INFO  - Recieve a message from other vehicle (at simulation time 19.000,900,000 s)
2024-06-03 19:41:38,123 INFO  - Recending a message from other vehicle (at simulation time 19.000,900,000 s)
2024-06-03 19:41:38,124 INFO  - Recieve a message from other vehicle (at simulation time 19.001,300,000 s)
2024-06-03 19:41:38,124 INFO  - I'm in better position but no more hops in message (at simulation time 19.001,300,000 s)
2024-06-03 19:41:38,125 INFO  - Recieve a message from other vehicle (at simulation time 19.001,800,000 s)
2024-06-03 19:41:38,125 INFO  - I'm in better position but no more hops in message (at simulation time 19.001,800,000 s)
2024-06-03 19:41:38,125 INFO  - Recieve a message from other vehicle (at simulation time 19.001,900,000 s)
2024-06-03 19:41:38,125 INFO  - Recending a message from other vehicle (at simulation time 19.001,900,000 s)
2024-06-03 19:41:38,126 INFO  - Recieve a message from other vehicle (at simulation time 19.001,900,000 s)
2024-06-03 19:41:38,126 INFO  - I'm in better position but no more hops in message (at simulation time 19.001,900,000 s)
2024-06-03 19:41:38,126 INFO  - Recieve a message from other vehicle (at simulation time 19.001,900,000 s)
2024-06-03 19:41:38,126 INFO  - I'm in better position but no more hops in message (at simulation time 19.001,900,000 s)
2024-06-03 19:41:38,126 INFO  - Recieve a message from other vehicle (at simulation time 19.001,900,000 s)
2024-06-03 19:41:38,126 INFO  - I'm in better position but no more hops in message (at simulation time 19.001,900,000 s)
2024-06-03 19:41:38,126 INFO  - Recieve a message from other vehicle (at simulation time 19.001,900,000 s)
2024-06-03 19:41:38,126 INFO  - I'm in better position but no more hops in message (at simulation time 19.001,900,000 s)
2024-06-03 19:41:38,126 INFO  - Recieve a message from other vehicle (at simulation time 19.001,900,000 s)
2024-06-03 19:41:38,126 INFO  - I'm in better position but no more hops in message (at simulation time 19.001,900,000 s)
2024-06-03 19:41:38,520 INFO  - Called #onVehicleUpdated (at simulation time 20.000,000,000 s)
2024-06-03 19:41:38,522 INFO  - Sending out AdHoc broadcast (at simulation time 20.000,000,000 s)
2024-06-03 19:41:38,524 INFO  - Recieve a message from other vehicle (at simulation time 20.000,900,000 s)
2024-06-03 19:41:38,524 INFO  - Recending a message from other vehicle (at simulation time 20.000,900,000 s)
2024-06-03 19:41:38,525 INFO  - Recieve a message from other vehicle (at simulation time 20.001,300,000 s)
2024-06-03 19:41:38,525 INFO  - I'm in better position but no more hops in message (at simulation time 20.001,300,000 s)
2024-06-03 19:41:38,526 INFO  - Recieve a message from other vehicle (at simulation time 20.001,400,000 s)
2024-06-03 19:41:38,526 INFO  - I'm in better position but no more hops in message (at simulation time 20.001,400,000 s)
2024-06-03 19:41:38,527 INFO  - Recieve a message from other vehicle (at simulation time 20.001,900,000 s)
2024-06-03 19:41:38,527 INFO  - I'm in better position but no more hops in message (at simulation time 20.001,900,000 s)
2024-06-03 19:41:38,527 INFO  - Recieve a message from other vehicle (at simulation time 20.001,900,000 s)
2024-06-03 19:41:38,527 INFO  - I'm in better position but no more hops in message (at simulation time 20.001,900,000 s)
2024-06-03 19:41:38,527 INFO  - Recieve a message from other vehicle (at simulation time 20.002,300,000 s)
2024-06-03 19:41:38,527 INFO  - I'm in better position but no more hops in message (at simulation time 20.002,300,000 s)
2024-06-03 19:41:38,527 INFO  - Recieve a message from other vehicle (at simulation time 20.002,300,000 s)
2024-06-03 19:41:38,527 INFO  - I'm in better position but no more hops in message (at simulation time 20.002,300,000 s)
2024-06-03 19:41:38,527 INFO  - Recieve a message from other vehicle (at simulation time 20.002,400,000 s)
2024-06-03 19:41:38,527 INFO  - I'm in better position but no more hops in message (at simulation time 20.002,400,000 s)
2024-06-03 19:41:38,528 INFO  - Recieve a message from other vehicle (at simulation time 20.002,400,000 s)
2024-06-03 19:41:38,528 INFO  - I'm in better position but no more hops in message (at simulation time 20.002,400,000 s)
2024-06-03 19:41:38,528 INFO  - Recieve a message from other vehicle (at simulation time 20.002,800,000 s)
2024-06-03 19:41:38,528 INFO  - I'm in better position but no more hops in message (at simulation time 20.002,800,000 s)
2024-06-03 19:41:38,528 INFO  - Recieve a message from other vehicle (at simulation time 20.003,300,000 s)
2024-06-03 19:41:38,528 INFO  - I'm in better position but no more hops in message (at simulation time 20.003,300,000 s)
2024-06-03 19:41:38,918 INFO  - Called #onVehicleUpdated (at simulation time 21.000,000,000 s)
2024-06-03 19:41:38,921 INFO  - Recieve a message from other vehicle (at simulation time 21.000,400,000 s)
2024-06-03 19:41:38,921 INFO  - Recending a message from other vehicle (at simulation time 21.000,400,000 s)
2024-06-03 19:41:38,921 INFO  - Recieve a message from other vehicle (at simulation time 21.000,400,000 s)
2024-06-03 19:41:38,921 INFO  - My position is not better! (at simulation time 21.000,400,000 s)
2024-06-03 19:41:38,922 INFO  - Recieve a message from other vehicle (at simulation time 21.000,900,000 s)
2024-06-03 19:41:38,922 INFO  - I'm in better position but no more hops in message (at simulation time 21.000,900,000 s)
2024-06-03 19:41:38,922 INFO  - Recieve a message from other vehicle (at simulation time 21.001,400,000 s)
2024-06-03 19:41:38,922 INFO  - My position is not better! (at simulation time 21.001,400,000 s)
2024-06-03 19:41:38,922 INFO  - Recieve a message from other vehicle (at simulation time 21.001,400,000 s)
2024-06-03 19:41:38,922 INFO  - My position is not better! (at simulation time 21.001,400,000 s)
2024-06-03 19:41:38,922 INFO  - Recieve a message from other vehicle (at simulation time 21.001,400,000 s)
2024-06-03 19:41:38,922 INFO  - My position is not better! (at simulation time 21.001,400,000 s)
2024-06-03 19:41:38,923 INFO  - Recieve a message from other vehicle (at simulation time 21.002,300,000 s)
2024-06-03 19:41:38,923 INFO  - I'm in better position but no more hops in message (at simulation time 21.002,300,000 s)
2024-06-03 19:41:38,923 INFO  - Recieve a message from other vehicle (at simulation time 21.002,400,000 s)
2024-06-03 19:41:38,923 INFO  - My position is not better! (at simulation time 21.002,400,000 s)
2024-06-03 19:41:39,370 INFO  - Called #onVehicleUpdated (at simulation time 22.000,000,000 s)
2024-06-03 19:41:39,372 INFO  - Sending out AdHoc broadcast (at simulation time 22.000,000,000 s)
2024-06-03 19:41:39,374 INFO  - Recieve a message from other vehicle (at simulation time 22.000,900,000 s)
2024-06-03 19:41:39,374 INFO  - My position is not better! (at simulation time 22.000,900,000 s)
2024-06-03 19:41:39,374 INFO  - Recieve a message from other vehicle (at simulation time 22.001,400,000 s)
2024-06-03 19:41:39,374 INFO  - My position is not better! (at simulation time 22.001,400,000 s)
2024-06-03 19:41:39,375 INFO  - Recieve a message from other vehicle (at simulation time 22.001,800,000 s)
2024-06-03 19:41:39,375 INFO  - I'm in better position but no more hops in message (at simulation time 22.001,800,000 s)
2024-06-03 19:41:39,376 INFO  - Recieve a message from other vehicle (at simulation time 22.002,300,000 s)
2024-06-03 19:41:39,376 INFO  - My position is not better! (at simulation time 22.002,300,000 s)
2024-06-03 19:41:39,376 INFO  - Recieve a message from other vehicle (at simulation time 22.002,400,000 s)
2024-06-03 19:41:39,377 INFO  - My position is not better! (at simulation time 22.002,400,000 s)
2024-06-03 19:41:39,377 INFO  - Recieve a message from other vehicle (at simulation time 22.002,800,000 s)
2024-06-03 19:41:39,377 INFO  - My position is not better! (at simulation time 22.002,800,000 s)
2024-06-03 19:41:39,377 INFO  - Recieve a message from other vehicle (at simulation time 22.003,300,000 s)
2024-06-03 19:41:39,377 INFO  - My position is not better! (at simulation time 22.003,300,000 s)
2024-06-03 19:41:39,377 INFO  - Recieve a message from other vehicle (at simulation time 22.003,300,000 s)
2024-06-03 19:41:39,377 INFO  - I'm in better position but no more hops in message (at simulation time 22.003,300,000 s)
2024-06-03 19:41:39,377 INFO  - Recieve a message from other vehicle (at simulation time 22.003,800,000 s)
2024-06-03 19:41:39,377 INFO  - I'm in better position but no more hops in message (at simulation time 22.003,800,000 s)
2024-06-03 19:41:39,377 INFO  - Recieve a message from other vehicle (at simulation time 22.003,800,000 s)
2024-06-03 19:41:39,377 INFO  - My position is not better! (at simulation time 22.003,800,000 s)
2024-06-03 19:41:39,717 INFO  - Called #onVehicleUpdated (at simulation time 23.000,000,000 s)
2024-06-03 19:41:39,720 INFO  - Recieve a message from other vehicle (at simulation time 23.000,900,000 s)
2024-06-03 19:41:39,720 INFO  - My position is not better! (at simulation time 23.000,900,000 s)
2024-06-03 19:41:39,721 INFO  - Recieve a message from other vehicle (at simulation time 23.001,400,000 s)
2024-06-03 19:41:39,721 INFO  - My position is not better! (at simulation time 23.001,400,000 s)
2024-06-03 19:41:39,721 INFO  - Recieve a message from other vehicle (at simulation time 23.001,400,000 s)
2024-06-03 19:41:39,721 INFO  - My position is not better! (at simulation time 23.001,400,000 s)
2024-06-03 19:41:39,722 INFO  - Recieve a message from other vehicle (at simulation time 23.001,800,000 s)
2024-06-03 19:41:39,722 INFO  - I'm in better position but no more hops in message (at simulation time 23.001,800,000 s)
2024-06-03 19:41:39,722 INFO  - Recieve a message from other vehicle (at simulation time 23.002,400,000 s)
2024-06-03 19:41:39,722 INFO  - My position is not better! (at simulation time 23.002,400,000 s)
2024-06-03 19:41:39,722 INFO  - Recieve a message from other vehicle (at simulation time 23.002,400,000 s)
2024-06-03 19:41:39,722 INFO  - My position is not better! (at simulation time 23.002,400,000 s)
2024-06-03 19:41:39,723 INFO  - Recieve a message from other vehicle (at simulation time 23.002,800,000 s)
2024-06-03 19:41:39,723 INFO  - My position is not better! (at simulation time 23.002,800,000 s)
2024-06-03 19:41:39,723 INFO  - Recieve a message from other vehicle (at simulation time 23.004,300,000 s)
2024-06-03 19:41:39,723 INFO  - I'm in better position but no more hops in message (at simulation time 23.004,300,000 s)
2024-06-03 19:41:40,118 INFO  - Called #onVehicleUpdated (at simulation time 24.000,000,000 s)
2024-06-03 19:41:40,119 INFO  - Sending out AdHoc broadcast (at simulation time 24.000,000,000 s)
2024-06-03 19:41:40,119 INFO  - Recieve a message from other vehicle (at simulation time 24.000,400,000 s)
2024-06-03 19:41:40,119 INFO  - My position is not better! (at simulation time 24.000,400,000 s)
2024-06-03 19:41:40,120 INFO  - Recieve a message from other vehicle (at simulation time 24.000,900,000 s)
2024-06-03 19:41:40,120 INFO  - My position is not better! (at simulation time 24.000,900,000 s)
2024-06-03 19:41:40,120 INFO  - Recieve a message from other vehicle (at simulation time 24.002,400,000 s)
2024-06-03 19:41:40,120 INFO  - My position is not better! (at simulation time 24.002,400,000 s)
2024-06-03 19:41:40,120 INFO  - Recieve a message from other vehicle (at simulation time 24.002,800,000 s)
2024-06-03 19:41:40,120 INFO  - My position is not better! (at simulation time 24.002,800,000 s)
2024-06-03 19:41:40,520 INFO  - Called #onVehicleUpdated (at simulation time 25.000,000,000 s)
2024-06-03 19:41:40,917 INFO  - Called #onVehicleUpdated (at simulation time 26.000,000,000 s)
2024-06-03 19:41:40,918 INFO  - Sending out AdHoc broadcast (at simulation time 26.000,000,000 s)
2024-06-03 19:41:41,317 INFO  - Called #onVehicleUpdated (at simulation time 27.000,000,000 s)
2024-06-03 19:41:41,717 INFO  - Called #onVehicleUpdated (at simulation time 28.000,000,000 s)
2024-06-03 19:41:41,717 INFO  - Sending out AdHoc broadcast (at simulation time 28.000,000,000 s)
2024-06-03 19:41:42,117 INFO  - Called #onVehicleUpdated (at simulation time 29.000,000,000 s)
2024-06-03 19:41:42,519 INFO  - Shutdown (at simulation time 30.000,000,000 s)
