2024-06-03 18:15:13,600 INFO  - Initialize Vehicle application (at simulation time 6.000,000,000 s)
2024-06-03 18:15:13,602 INFO  - Activated WLAN Module (at simulation time 6.000,000,000 s)
2024-06-03 18:15:13,604 INFO  - Called #onVehicleUpdated (at simulation time 6.000,000,000 s)
2024-06-03 18:15:13,604 INFO  - Exced velocity! Sending new CAM (at simulation time 6.000,000,000 s)
2024-06-03 18:15:13,604 INFO  - Sending out AdHoc broadcast (at simulation time 6.000,000,000 s)
2024-06-03 18:15:13,615 INFO  - Called #onVehicleUpdated (at simulation time 7.000,000,000 s)
2024-06-03 18:15:13,615 INFO  - Exced velocity! Sending new CAM (at simulation time 7.000,000,000 s)
2024-06-03 18:15:13,615 INFO  - Sending out AdHoc broadcast (at simulation time 7.000,000,000 s)
2024-06-03 18:15:13,616 INFO  - Define the name: veh_3 and route: r_4 (at simulation time 7.000,000,000 s)
2024-06-03 18:15:13,616 INFO  - Sending out AdHoc broadcast (at simulation time 7.000,000,000 s)
2024-06-03 18:15:13,620 INFO  - Called #onVehicleUpdated (at simulation time 8.000,000,000 s)
2024-06-03 18:15:13,620 INFO  - Exced velocity! Sending new CAM (at simulation time 8.000,000,000 s)
2024-06-03 18:15:13,620 INFO  - Sending out AdHoc broadcast (at simulation time 8.000,000,000 s)
2024-06-03 18:15:13,621 INFO  - Sending out AdHoc broadcast (at simulation time 8.000,000,000 s)
2024-06-03 18:15:13,622 INFO  - Recieve a message from other vehicle (at simulation time 8.000,400,000 s)
2024-06-03 18:15:13,622 INFO  - Recending a message from other vehicle (at simulation time 8.000,400,000 s)
2024-06-03 18:15:13,626 INFO  - Called #onVehicleUpdated (at simulation time 9.000,000,000 s)
2024-06-03 18:15:13,627 INFO  - Exced velocity! Sending new CAM (at simulation time 9.000,000,000 s)
2024-06-03 18:15:13,627 INFO  - Sending out AdHoc broadcast (at simulation time 9.000,000,000 s)
2024-06-03 18:15:13,627 INFO  - Sending out AdHoc broadcast (at simulation time 9.000,000,000 s)
2024-06-03 18:15:13,627 INFO  - Sending out AdHoc broadcast (at simulation time 9.000,000,000 s)
2024-06-03 18:15:13,636 INFO  - Called #onVehicleUpdated (at simulation time 10.000,000,000 s)
2024-06-03 18:15:13,637 INFO  - Exced velocity! Sending new CAM (at simulation time 10.000,000,000 s)
2024-06-03 18:15:13,637 INFO  - Sending out AdHoc broadcast (at simulation time 10.000,000,000 s)
2024-06-03 18:15:13,637 INFO  - Sending out AdHoc broadcast (at simulation time 10.000,000,000 s)
2024-06-03 18:15:13,638 INFO  - Sending out AdHoc broadcast (at simulation time 10.000,000,000 s)
2024-06-03 18:15:13,641 INFO  - Recieve a message from other vehicle (at simulation time 10.001,400,000 s)
2024-06-03 18:15:13,641 INFO  - Recending a message from other vehicle (at simulation time 10.001,400,000 s)
2024-06-03 18:15:13,645 INFO  - Called #onVehicleUpdated (at simulation time 11.000,000,000 s)
2024-06-03 18:15:13,645 INFO  - Exced velocity! Sending new CAM (at simulation time 11.000,000,000 s)
2024-06-03 18:15:13,645 INFO  - Sending out AdHoc broadcast (at simulation time 11.000,000,000 s)
2024-06-03 18:15:13,646 INFO  - Sending out AdHoc broadcast (at simulation time 11.000,000,000 s)
2024-06-03 18:15:13,646 INFO  - Sending out AdHoc broadcast (at simulation time 11.000,000,000 s)
2024-06-03 18:15:13,646 INFO  - Sending out AdHoc broadcast (at simulation time 11.000,000,000 s)
2024-06-03 18:15:13,648 INFO  - Recieve a message from other vehicle (at simulation time 11.001,900,000 s)
2024-06-03 18:15:13,649 INFO  - Recending a message from other vehicle (at simulation time 11.001,900,000 s)
2024-06-03 18:15:13,652 INFO  - Called #onVehicleUpdated (at simulation time 12.000,000,000 s)
2024-06-03 18:15:13,652 INFO  - Sending out AdHoc broadcast (at simulation time 12.000,000,000 s)
2024-06-03 18:15:13,652 INFO  - Sending out AdHoc broadcast (at simulation time 12.000,000,000 s)
2024-06-03 18:15:13,653 INFO  - Sending out AdHoc broadcast (at simulation time 12.000,000,000 s)
2024-06-03 18:15:13,654 INFO  - Recieve a message from other vehicle (at simulation time 12.000,400,000 s)
2024-06-03 18:15:13,654 INFO  - Recending a message from other vehicle (at simulation time 12.000,400,000 s)
2024-06-03 18:15:13,654 INFO  - Recieve a message from other vehicle (at simulation time 12.000,400,000 s)
2024-06-03 18:15:13,654 INFO  - Recending a message from other vehicle (at simulation time 12.000,400,000 s)
2024-06-03 18:15:13,654 INFO  - Recieve a message from other vehicle (at simulation time 12.000,400,000 s)
2024-06-03 18:15:13,654 INFO  - Recending a message from other vehicle (at simulation time 12.000,400,000 s)
2024-06-03 18:15:13,655 INFO  - Recieve a message from other vehicle (at simulation time 12.000,900,000 s)
2024-06-03 18:15:13,655 INFO  - Recending a message from other vehicle (at simulation time 12.000,900,000 s)
2024-06-03 18:15:13,655 INFO  - Recieve a message from other vehicle (at simulation time 12.000,900,000 s)
2024-06-03 18:15:13,655 INFO  - Recending a message from other vehicle (at simulation time 12.000,900,000 s)
2024-06-03 18:15:13,662 INFO  - Called #onVehicleUpdated (at simulation time 13.000,000,000 s)
2024-06-03 18:15:13,662 INFO  - Sending out AdHoc broadcast (at simulation time 13.000,000,000 s)
2024-06-03 18:15:13,662 INFO  - Sending out AdHoc broadcast (at simulation time 13.000,000,000 s)
2024-06-03 18:15:13,663 INFO  - Sending out AdHoc broadcast (at simulation time 13.000,000,000 s)
2024-06-03 18:15:13,663 INFO  - Sending out AdHoc broadcast (at simulation time 13.000,000,000 s)
2024-06-03 18:15:13,665 INFO  - Recieve a message from other vehicle (at simulation time 13.000,900,000 s)
2024-06-03 18:15:13,665 INFO  - Recending a message from other vehicle (at simulation time 13.000,900,000 s)
2024-06-03 18:15:13,667 INFO  - Recieve a message from other vehicle (at simulation time 13.001,400,000 s)
2024-06-03 18:15:13,667 INFO  - Recending a message from other vehicle (at simulation time 13.001,400,000 s)
2024-06-03 18:15:13,667 INFO  - Recieve a message from other vehicle (at simulation time 13.001,400,000 s)
2024-06-03 18:15:13,667 INFO  - I'm in better position but no more hops in message (at simulation time 13.001,400,000 s)
2024-06-03 18:15:13,668 INFO  - Recieve a message from other vehicle (at simulation time 13.001,800,000 s)
2024-06-03 18:15:13,668 INFO  - I'm in better position but no more hops in message (at simulation time 13.001,800,000 s)
2024-06-03 18:15:13,668 INFO  - Recieve a message from other vehicle (at simulation time 13.001,900,000 s)
2024-06-03 18:15:13,668 INFO  - Recending a message from other vehicle (at simulation time 13.001,900,000 s)
2024-06-03 18:15:13,668 INFO  - Recieve a message from other vehicle (at simulation time 13.001,900,000 s)
2024-06-03 18:15:13,668 INFO  - I'm in better position but no more hops in message (at simulation time 13.001,900,000 s)
2024-06-03 18:15:13,669 INFO  - Recieve a message from other vehicle (at simulation time 13.001,900,000 s)
2024-06-03 18:15:13,669 INFO  - Recending a message from other vehicle (at simulation time 13.001,900,000 s)
2024-06-03 18:15:13,669 INFO  - Recieve a message from other vehicle (at simulation time 13.002,300,000 s)
2024-06-03 18:15:13,669 INFO  - I'm in better position but no more hops in message (at simulation time 13.002,300,000 s)
2024-06-03 18:15:13,669 INFO  - Recieve a message from other vehicle (at simulation time 13.002,400,000 s)
2024-06-03 18:15:13,669 INFO  - I'm in better position but no more hops in message (at simulation time 13.002,400,000 s)
2024-06-03 18:15:13,671 INFO  - Recieve a message from other vehicle (at simulation time 13.003,300,000 s)
2024-06-03 18:15:13,671 INFO  - I'm in better position but no more hops in message (at simulation time 13.003,300,000 s)
2024-06-03 18:15:13,673 INFO  - Recieve a message from RSU (at simulation time 13.224,785,363 s)
2024-06-03 18:15:13,673 INFO  - RSU Stopped me!!! (at simulation time 13.224,785,363 s)
2024-06-03 18:15:13,675 INFO  - Recieve a message from RSU (at simulation time 13.249,052,521 s)
2024-06-03 18:15:13,675 INFO  - Recieve a message from RSU (at simulation time 13.913,957,196 s)
2024-06-03 18:15:13,675 INFO  - Recieve a message from RSU (at simulation time 13.916,858,218 s)
2024-06-03 18:15:13,678 INFO  - Called #onVehicleUpdated (at simulation time 14.000,000,000 s)
2024-06-03 18:15:13,678 INFO  - Sending out AdHoc broadcast (at simulation time 14.000,000,000 s)
2024-06-03 18:15:13,679 INFO  - Sending out AdHoc broadcast (at simulation time 14.000,000,000 s)
2024-06-03 18:15:13,679 INFO  - Sending out AdHoc broadcast (at simulation time 14.000,000,000 s)
2024-06-03 18:15:13,681 INFO  - Recieve a message from RSU (at simulation time 14.000,900,000 s)
2024-06-03 18:15:13,681 INFO  - RSU ordered to advance!!! (at simulation time 14.000,900,000 s)
2024-06-03 18:15:13,681 INFO  - Recieve a message from other vehicle (at simulation time 14.000,900,000 s)
2024-06-03 18:15:13,681 INFO  - Recending a message from other vehicle (at simulation time 14.000,900,000 s)
2024-06-03 18:15:13,683 INFO  - Recieve a message from other vehicle (at simulation time 14.001,400,000 s)
2024-06-03 18:15:13,683 INFO  - I'm in better position but no more hops in message (at simulation time 14.001,400,000 s)
2024-06-03 18:15:13,683 INFO  - Recieve a message from other vehicle (at simulation time 14.001,400,000 s)
2024-06-03 18:15:13,683 INFO  - Recending a message from other vehicle (at simulation time 14.001,400,000 s)
2024-06-03 18:15:13,684 INFO  - Recieve a message from other vehicle (at simulation time 14.001,900,000 s)
2024-06-03 18:15:13,684 INFO  - Recending a message from other vehicle (at simulation time 14.001,900,000 s)
2024-06-03 18:15:13,684 INFO  - Recieve a message from other vehicle (at simulation time 14.001,900,000 s)
2024-06-03 18:15:13,684 INFO  - Recending a message from other vehicle (at simulation time 14.001,900,000 s)
2024-06-03 18:15:13,686 INFO  - Recieve a message from other vehicle (at simulation time 14.002,300,000 s)
2024-06-03 18:15:13,686 INFO  - I'm in better position but no more hops in message (at simulation time 14.002,300,000 s)
2024-06-03 18:15:13,686 INFO  - Recieve a message from other vehicle (at simulation time 14.002,300,000 s)
2024-06-03 18:15:13,686 INFO  - I'm in better position but no more hops in message (at simulation time 14.002,300,000 s)
2024-06-03 18:15:13,687 INFO  - Recieve a message from other vehicle (at simulation time 14.002,400,000 s)
2024-06-03 18:15:13,687 INFO  - I'm in better position but no more hops in message (at simulation time 14.002,400,000 s)
2024-06-03 18:15:13,687 INFO  - Recieve a message from other vehicle (at simulation time 14.002,800,000 s)
2024-06-03 18:15:13,687 INFO  - I'm in better position but no more hops in message (at simulation time 14.002,800,000 s)
2024-06-03 18:15:13,690 INFO  - Recieve a message from RSU (at simulation time 14.622,269,428 s)
2024-06-03 18:15:13,691 INFO  - Recieve a message from RSU (at simulation time 14.622,696,343 s)
2024-06-03 18:15:13,698 INFO  - Called #onVehicleUpdated (at simulation time 15.000,000,000 s)
2024-06-03 18:15:13,698 INFO  - Sending out DENM broadcast (at simulation time 15.000,000,000 s)
2024-06-03 18:15:13,698 INFO  - Sending out AdHoc broadcast (at simulation time 15.000,000,000 s)
2024-06-03 18:15:13,699 INFO  - Sending out AdHoc broadcast (at simulation time 15.000,000,000 s)
2024-06-03 18:15:13,699 INFO  - Sending out AdHoc broadcast (at simulation time 15.000,000,000 s)
2024-06-03 18:15:13,699 INFO  - Sending out AdHoc broadcast (at simulation time 15.000,000,000 s)
2024-06-03 18:15:13,701 INFO  - Recieve a message from other vehicle (at simulation time 15.000,400,000 s)
2024-06-03 18:15:13,701 INFO  - DENM message Recived from veh_1 -info : seco (at simulation time 15.000,400,000 s)
2024-06-03 18:15:13,701 INFO  - No more hops in DENM message (at simulation time 15.000,400,000 s)
2024-06-03 18:15:13,701 INFO  - Recieve a message from other vehicle (at simulation time 15.000,400,000 s)
2024-06-03 18:15:13,701 INFO  - DENM message Recived from veh_5 -info : seco (at simulation time 15.000,400,000 s)
2024-06-03 18:15:13,701 INFO  - Recending a DENM message from other vehicle (at simulation time 15.000,400,000 s)
2024-06-03 18:15:13,702 INFO  - Recieve a message from other vehicle (at simulation time 15.000,800,000 s)
2024-06-03 18:15:13,702 INFO  - DENM message Recived from veh_3 -info : seco (at simulation time 15.000,800,000 s)
2024-06-03 18:15:13,702 INFO  - No more hops in DENM message (at simulation time 15.000,800,000 s)
2024-06-03 18:15:13,702 INFO  - Recieve a message from other vehicle (at simulation time 15.000,900,000 s)
2024-06-03 18:15:13,702 INFO  - DENM message Recived from veh_0 -info : seco (at simulation time 15.000,900,000 s)
2024-06-03 18:15:13,702 INFO  - No more hops in DENM message (at simulation time 15.000,900,000 s)
2024-06-03 18:15:13,703 INFO  - Recieve a message from other vehicle (at simulation time 15.000,900,000 s)
2024-06-03 18:15:13,703 INFO  - I'm in better position but no more hops in message (at simulation time 15.000,900,000 s)
2024-06-03 18:15:13,703 INFO  - Recieve a message from other vehicle (at simulation time 15.000,900,000 s)
2024-06-03 18:15:13,703 INFO  - Recending a message from other vehicle (at simulation time 15.000,900,000 s)
2024-06-03 18:15:13,703 INFO  - Recieve a message from other vehicle (at simulation time 15.000,900,000 s)
2024-06-03 18:15:13,703 INFO  - I'm in better position but no more hops in message (at simulation time 15.000,900,000 s)
2024-06-03 18:15:13,703 INFO  - Recieve a message from other vehicle (at simulation time 15.000,900,000 s)
2024-06-03 18:15:13,703 INFO  - I'm in better position but no more hops in message (at simulation time 15.000,900,000 s)
2024-06-03 18:15:13,704 INFO  - Recieve a message from other vehicle (at simulation time 15.001,300,000 s)
2024-06-03 18:15:13,704 INFO  - DENM message Recived from veh_0 -info : seco (at simulation time 15.001,300,000 s)
2024-06-03 18:15:13,704 INFO  - No more hops in DENM message (at simulation time 15.001,300,000 s)
2024-06-03 18:15:13,704 INFO  - Recieve a message from other vehicle (at simulation time 15.001,400,000 s)
2024-06-03 18:15:13,704 INFO  - I'm in better position but no more hops in message (at simulation time 15.001,400,000 s)
2024-06-03 18:15:13,705 INFO  - Recieve a message from other vehicle (at simulation time 15.001,800,000 s)
2024-06-03 18:15:13,705 INFO  - DENM message Recived from veh_1 -info : seco (at simulation time 15.001,800,000 s)
2024-06-03 18:15:13,705 INFO  - No more hops in DENM message (at simulation time 15.001,800,000 s)
2024-06-03 18:15:13,705 INFO  - Recieve a message from other vehicle (at simulation time 15.001,900,000 s)
2024-06-03 18:15:13,705 INFO  - Recending a message from other vehicle (at simulation time 15.001,900,000 s)
2024-06-03 18:15:13,706 INFO  - Recieve a message from other vehicle (at simulation time 15.001,900,000 s)
2024-06-03 18:15:13,706 INFO  - I'm in better position but no more hops in message (at simulation time 15.001,900,000 s)
2024-06-03 18:15:13,709 INFO  - Recieve a message from RSU (at simulation time 15.320,943,285 s)
2024-06-03 18:15:13,710 INFO  - Recieve a message from RSU (at simulation time 15.334,476,164 s)
2024-06-03 18:15:13,712 INFO  - Called #onVehicleUpdated (at simulation time 16.000,000,000 s)
2024-06-03 18:15:13,713 INFO  - Sending out AdHoc broadcast (at simulation time 16.000,000,000 s)
2024-06-03 18:15:13,713 INFO  - Sending out AdHoc broadcast (at simulation time 16.000,000,000 s)
2024-06-03 18:15:13,713 INFO  - Sending out AdHoc broadcast (at simulation time 16.000,000,000 s)
2024-06-03 18:15:13,716 INFO  - Recieve a message from other vehicle (at simulation time 16.000,900,000 s)
2024-06-03 18:15:13,716 INFO  - DENM message Recived from veh_4 -info : seco (at simulation time 16.000,900,000 s)
2024-06-03 18:15:13,716 INFO  - Recending a DENM message from other vehicle (at simulation time 16.000,900,000 s)
2024-06-03 18:15:13,717 INFO  - Recieve a message from other vehicle (at simulation time 16.000,900,000 s)
2024-06-03 18:15:13,717 INFO  - My position is not better! (at simulation time 16.000,900,000 s)
2024-06-03 18:15:13,717 INFO  - Recieve a message from other vehicle (at simulation time 16.001,300,000 s)
2024-06-03 18:15:13,717 INFO  - My position is not better! (at simulation time 16.001,300,000 s)
2024-06-03 18:15:13,718 INFO  - Recieve a message from other vehicle (at simulation time 16.001,400,000 s)
2024-06-03 18:15:13,718 INFO  - My position is not better! (at simulation time 16.001,400,000 s)
2024-06-03 18:15:13,718 INFO  - Recieve a message from other vehicle (at simulation time 16.001,400,000 s)
2024-06-03 18:15:13,718 INFO  - My position is not better! (at simulation time 16.001,400,000 s)
2024-06-03 18:15:13,718 INFO  - Recieve a message from other vehicle (at simulation time 16.001,400,000 s)
2024-06-03 18:15:13,718 INFO  - I'm in better position but no more hops in message (at simulation time 16.001,400,000 s)
2024-06-03 18:15:13,720 INFO  - Recieve a message from other vehicle (at simulation time 16.001,900,000 s)
2024-06-03 18:15:13,720 INFO  - My position is not better! (at simulation time 16.001,900,000 s)
2024-06-03 18:15:13,720 INFO  - Recieve a message from other vehicle (at simulation time 16.002,300,000 s)
2024-06-03 18:15:13,720 INFO  - My position is not better! (at simulation time 16.002,300,000 s)
2024-06-03 18:15:13,720 INFO  - Recieve a message from other vehicle (at simulation time 16.002,300,000 s)
2024-06-03 18:15:13,720 INFO  - DENM message Recived from veh_2 -info : piso-molhado (at simulation time 16.002,300,000 s)
2024-06-03 18:15:13,720 INFO  - I slow down due to road state (at simulation time 16.002,300,000 s)
2024-06-03 18:15:13,720 INFO  - No more hops in DENM message (at simulation time 16.002,300,000 s)
2024-06-03 18:15:13,720 INFO  - Recieve a message from other vehicle (at simulation time 16.002,300,000 s)
2024-06-03 18:15:13,720 INFO  - My position is not better! (at simulation time 16.002,300,000 s)
2024-06-03 18:15:13,720 INFO  - Recieve a message from other vehicle (at simulation time 16.002,300,000 s)
2024-06-03 18:15:13,720 INFO  - My position is not better! (at simulation time 16.002,300,000 s)
2024-06-03 18:15:13,720 INFO  - Recieve a message from other vehicle (at simulation time 16.002,300,000 s)
2024-06-03 18:15:13,720 INFO  - My position is not better! (at simulation time 16.002,300,000 s)
2024-06-03 18:15:13,720 INFO  - Recieve a message from other vehicle (at simulation time 16.002,400,000 s)
2024-06-03 18:15:13,720 INFO  - DENM message Recived from veh_2 -info : piso-molhado (at simulation time 16.002,400,000 s)
2024-06-03 18:15:13,720 INFO  - I slow down due to road state (at simulation time 16.002,400,000 s)
2024-06-03 18:15:13,720 INFO  - No more hops in DENM message (at simulation time 16.002,400,000 s)
2024-06-03 18:15:13,721 INFO  - Recieve a message from other vehicle (at simulation time 16.002,400,000 s)
2024-06-03 18:15:13,721 INFO  - My position is not better! (at simulation time 16.002,400,000 s)
2024-06-03 18:15:13,721 INFO  - Recieve a message from other vehicle (at simulation time 16.002,400,000 s)
2024-06-03 18:15:13,721 INFO  - My position is not better! (at simulation time 16.002,400,000 s)
2024-06-03 18:15:13,723 INFO  - Recieve a message from RSU (at simulation time 16.010,612,770 s)
2024-06-03 18:15:13,723 INFO  - Recieve a message from RSU (at simulation time 16.024,626,574 s)
2024-06-03 18:15:13,724 INFO  - Recieve a message from RSU (at simulation time 16.711,835,382 s)
2024-06-03 18:15:13,724 INFO  - Recieve a message from RSU (at simulation time 16.721,123,040 s)
2024-06-03 18:15:13,726 INFO  - Called #onVehicleUpdated (at simulation time 17.000,000,000 s)
2024-06-03 18:15:13,726 INFO  - Sending out AdHoc broadcast (at simulation time 17.000,000,000 s)
2024-06-03 18:15:13,726 INFO  - Sending out AdHoc broadcast (at simulation time 17.000,000,000 s)
2024-06-03 18:15:13,726 INFO  - Sending out AdHoc broadcast (at simulation time 17.000,000,000 s)
2024-06-03 18:15:13,727 INFO  - Sending out AdHoc broadcast (at simulation time 17.000,000,000 s)
2024-06-03 18:15:13,727 INFO  - Recieve a message from other vehicle (at simulation time 17.000,400,000 s)
2024-06-03 18:15:13,727 INFO  - My position is not better! (at simulation time 17.000,400,000 s)
2024-06-03 18:15:13,729 INFO  - Recieve a message from other vehicle (at simulation time 17.000,800,000 s)
2024-06-03 18:15:13,729 INFO  - My position is not better! (at simulation time 17.000,800,000 s)
2024-06-03 18:15:13,730 INFO  - Recieve a message from other vehicle (at simulation time 17.001,400,000 s)
2024-06-03 18:15:13,730 INFO  - My position is not better! (at simulation time 17.001,400,000 s)
2024-06-03 18:15:13,730 INFO  - Recieve a message from other vehicle (at simulation time 17.001,400,000 s)
2024-06-03 18:15:13,730 INFO  - My position is not better! (at simulation time 17.001,400,000 s)
2024-06-03 18:15:13,730 INFO  - Recieve a message from other vehicle (at simulation time 17.001,900,000 s)
2024-06-03 18:15:13,730 INFO  - My position is not better! (at simulation time 17.001,900,000 s)
2024-06-03 18:15:13,730 INFO  - Recieve a message from other vehicle (at simulation time 17.001,900,000 s)
2024-06-03 18:15:13,730 INFO  - My position is not better! (at simulation time 17.001,900,000 s)
2024-06-03 18:15:13,730 INFO  - Recieve a message from other vehicle (at simulation time 17.002,300,000 s)
2024-06-03 18:15:13,731 INFO  - My position is not better! (at simulation time 17.002,300,000 s)
2024-06-03 18:15:13,731 INFO  - Recieve a message from other vehicle (at simulation time 17.002,400,000 s)
2024-06-03 18:15:13,731 INFO  - My position is not better! (at simulation time 17.002,400,000 s)
2024-06-03 18:15:13,731 INFO  - Recieve a message from other vehicle (at simulation time 17.002,400,000 s)
2024-06-03 18:15:13,731 INFO  - My position is not better! (at simulation time 17.002,400,000 s)
2024-06-03 18:15:13,731 INFO  - Recieve a message from other vehicle (at simulation time 17.002,800,000 s)
2024-06-03 18:15:13,731 INFO  - My position is not better! (at simulation time 17.002,800,000 s)
2024-06-03 18:15:13,731 INFO  - Recieve a message from other vehicle (at simulation time 17.002,800,000 s)
2024-06-03 18:15:13,731 INFO  - My position is not better! (at simulation time 17.002,800,000 s)
2024-06-03 18:15:13,733 INFO  - Called #onVehicleUpdated (at simulation time 18.000,000,000 s)
2024-06-03 18:15:13,734 INFO  - Sending out AdHoc broadcast (at simulation time 18.000,000,000 s)
2024-06-03 18:15:13,734 INFO  - Sending out AdHoc broadcast (at simulation time 18.000,000,000 s)
2024-06-03 18:15:13,734 INFO  - Sending out AdHoc broadcast (at simulation time 18.000,000,000 s)
2024-06-03 18:15:13,735 INFO  - Recieve a message from other vehicle (at simulation time 18.000,400,000 s)
2024-06-03 18:15:13,735 INFO  - My position is not better! (at simulation time 18.000,400,000 s)
2024-06-03 18:15:13,736 INFO  - Recieve a message from other vehicle (at simulation time 18.000,900,000 s)
2024-06-03 18:15:13,736 INFO  - My position is not better! (at simulation time 18.000,900,000 s)
2024-06-03 18:15:13,737 INFO  - Recieve a message from other vehicle (at simulation time 18.001,800,000 s)
2024-06-03 18:15:13,737 INFO  - My position is not better! (at simulation time 18.001,800,000 s)
2024-06-03 18:15:13,737 INFO  - Recieve a message from other vehicle (at simulation time 18.001,900,000 s)
2024-06-03 18:15:13,737 INFO  - My position is not better! (at simulation time 18.001,900,000 s)
2024-06-03 18:15:13,737 INFO  - Recieve a message from other vehicle (at simulation time 18.001,900,000 s)
2024-06-03 18:15:13,737 INFO  - My position is not better! (at simulation time 18.001,900,000 s)
2024-06-03 18:15:13,737 INFO  - Recieve a message from other vehicle (at simulation time 18.001,900,000 s)
2024-06-03 18:15:13,737 INFO  - My position is not better! (at simulation time 18.001,900,000 s)
2024-06-03 18:15:13,737 INFO  - Recieve a message from other vehicle (at simulation time 18.002,300,000 s)
2024-06-03 18:15:13,737 INFO  - My position is not better! (at simulation time 18.002,300,000 s)
2024-06-03 18:15:13,738 INFO  - Recieve a message from other vehicle (at simulation time 18.002,400,000 s)
2024-06-03 18:15:13,738 INFO  - My position is not better! (at simulation time 18.002,400,000 s)
2024-06-03 18:15:13,738 INFO  - Recieve a message from other vehicle (at simulation time 18.002,400,000 s)
2024-06-03 18:15:13,738 INFO  - My position is not better! (at simulation time 18.002,400,000 s)
2024-06-03 18:15:13,738 INFO  - Recieve a message from other vehicle (at simulation time 18.002,800,000 s)
2024-06-03 18:15:13,738 INFO  - My position is not better! (at simulation time 18.002,800,000 s)
2024-06-03 18:15:13,742 INFO  - Called #onVehicleUpdated (at simulation time 19.000,000,000 s)
2024-06-03 18:15:13,742 INFO  - Sending out AdHoc broadcast (at simulation time 19.000,000,000 s)
2024-06-03 18:15:13,742 INFO  - Sending out AdHoc broadcast (at simulation time 19.000,000,000 s)
2024-06-03 18:15:13,742 INFO  - Sending out AdHoc broadcast (at simulation time 19.000,000,000 s)
2024-06-03 18:15:13,743 INFO  - Sending out AdHoc broadcast (at simulation time 19.000,000,000 s)
2024-06-03 18:15:13,744 INFO  - Recieve a message from other vehicle (at simulation time 19.000,400,000 s)
2024-06-03 18:15:13,744 INFO  - My position is not better! (at simulation time 19.000,400,000 s)
2024-06-03 18:15:13,745 INFO  - Recieve a message from other vehicle (at simulation time 19.000,400,000 s)
2024-06-03 18:15:13,745 INFO  - My position is not better! (at simulation time 19.000,400,000 s)
2024-06-03 18:15:13,746 INFO  - Recieve a message from other vehicle (at simulation time 19.000,800,000 s)
2024-06-03 18:15:13,746 INFO  - My position is not better! (at simulation time 19.000,800,000 s)
2024-06-03 18:15:13,747 INFO  - Recieve a message from other vehicle (at simulation time 19.001,800,000 s)
2024-06-03 18:15:13,747 INFO  - My position is not better! (at simulation time 19.001,800,000 s)
2024-06-03 18:15:13,747 INFO  - Recieve a message from other vehicle (at simulation time 19.001,900,000 s)
2024-06-03 18:15:13,747 INFO  - My position is not better! (at simulation time 19.001,900,000 s)
2024-06-03 18:15:13,748 INFO  - Recieve a message from other vehicle (at simulation time 19.002,300,000 s)
2024-06-03 18:15:13,748 INFO  - My position is not better! (at simulation time 19.002,300,000 s)
2024-06-03 18:15:13,748 INFO  - Recieve a message from other vehicle (at simulation time 19.002,300,000 s)
2024-06-03 18:15:13,748 INFO  - My position is not better! (at simulation time 19.002,300,000 s)
2024-06-03 18:15:13,754 INFO  - Called #onVehicleUpdated (at simulation time 20.000,000,000 s)
2024-06-03 18:15:13,755 INFO  - Sending out AdHoc broadcast (at simulation time 20.000,000,000 s)
2024-06-03 18:15:13,755 INFO  - Sending out AdHoc broadcast (at simulation time 20.000,000,000 s)
2024-06-03 18:15:13,755 INFO  - Sending out AdHoc broadcast (at simulation time 20.000,000,000 s)
2024-06-03 18:15:13,757 INFO  - Recieve a message from other vehicle (at simulation time 20.000,900,000 s)
2024-06-03 18:15:13,757 INFO  - My position is not better! (at simulation time 20.000,900,000 s)
2024-06-03 18:15:13,758 INFO  - Recieve a message from other vehicle (at simulation time 20.001,800,000 s)
2024-06-03 18:15:13,758 INFO  - My position is not better! (at simulation time 20.001,800,000 s)
2024-06-03 18:15:13,758 INFO  - Recieve a message from other vehicle (at simulation time 20.001,800,000 s)
2024-06-03 18:15:13,758 INFO  - My position is not better! (at simulation time 20.001,800,000 s)
2024-06-03 18:15:13,760 INFO  - Recieve a message from other vehicle (at simulation time 20.002,400,000 s)
2024-06-03 18:15:13,760 INFO  - My position is not better! (at simulation time 20.002,400,000 s)
2024-06-03 18:15:13,760 INFO  - Recieve a message from other vehicle (at simulation time 20.002,800,000 s)
2024-06-03 18:15:13,760 INFO  - My position is not better! (at simulation time 20.002,800,000 s)
2024-06-03 18:15:13,761 INFO  - Recieve a message from other vehicle (at simulation time 20.003,300,000 s)
2024-06-03 18:15:13,761 INFO  - My position is not better! (at simulation time 20.003,300,000 s)
2024-06-03 18:15:13,766 INFO  - Called #onVehicleUpdated (at simulation time 21.000,000,000 s)
2024-06-03 18:15:13,766 INFO  - Sending out AdHoc broadcast (at simulation time 21.000,000,000 s)
2024-06-03 18:15:13,767 INFO  - Sending out AdHoc broadcast (at simulation time 21.000,000,000 s)
2024-06-03 18:15:13,767 INFO  - Sending out AdHoc broadcast (at simulation time 21.000,000,000 s)
2024-06-03 18:15:13,767 INFO  - Sending out AdHoc broadcast (at simulation time 21.000,000,000 s)
2024-06-03 18:15:13,769 INFO  - Recieve a message from other vehicle (at simulation time 21.001,400,000 s)
2024-06-03 18:15:13,769 INFO  - My position is not better! (at simulation time 21.001,400,000 s)
2024-06-03 18:15:13,769 INFO  - Recieve a message from other vehicle (at simulation time 21.001,800,000 s)
2024-06-03 18:15:13,769 INFO  - My position is not better! (at simulation time 21.001,800,000 s)
2024-06-03 18:15:13,770 INFO  - Recieve a message from other vehicle (at simulation time 21.001,800,000 s)
2024-06-03 18:15:13,770 INFO  - My position is not better! (at simulation time 21.001,800,000 s)
2024-06-03 18:15:13,771 INFO  - Recieve a message from other vehicle (at simulation time 21.003,300,000 s)
2024-06-03 18:15:13,771 INFO  - My position is not better! (at simulation time 21.003,300,000 s)
2024-06-03 18:15:13,771 INFO  - Recieve a message from other vehicle (at simulation time 21.003,300,000 s)
2024-06-03 18:15:13,771 INFO  - My position is not better! (at simulation time 21.003,300,000 s)
2024-06-03 18:15:13,771 INFO  - Recieve a message from other vehicle (at simulation time 21.003,300,000 s)
2024-06-03 18:15:13,771 INFO  - My position is not better! (at simulation time 21.003,300,000 s)
2024-06-03 18:15:13,774 INFO  - Called #onVehicleUpdated (at simulation time 22.000,000,000 s)
2024-06-03 18:15:13,775 INFO  - Sending out AdHoc broadcast (at simulation time 22.000,000,000 s)
2024-06-03 18:15:13,775 INFO  - Sending out AdHoc broadcast (at simulation time 22.000,000,000 s)
2024-06-03 18:15:13,775 INFO  - Sending out AdHoc broadcast (at simulation time 22.000,000,000 s)
2024-06-03 18:15:13,783 INFO  - Called #onVehicleUpdated (at simulation time 23.000,000,000 s)
2024-06-03 18:15:13,783 INFO  - Sending out AdHoc broadcast (at simulation time 23.000,000,000 s)
2024-06-03 18:15:13,783 INFO  - Sending out AdHoc broadcast (at simulation time 23.000,000,000 s)
2024-06-03 18:15:13,783 INFO  - Sending out AdHoc broadcast (at simulation time 23.000,000,000 s)
2024-06-03 18:15:13,783 INFO  - Sending out AdHoc broadcast (at simulation time 23.000,000,000 s)
2024-06-03 18:15:13,790 INFO  - Called #onVehicleUpdated (at simulation time 24.000,000,000 s)
2024-06-03 18:15:13,790 INFO  - Sending out AdHoc broadcast (at simulation time 24.000,000,000 s)
2024-06-03 18:15:13,791 INFO  - Sending out AdHoc broadcast (at simulation time 24.000,000,000 s)
2024-06-03 18:15:13,791 INFO  - Sending out AdHoc broadcast (at simulation time 24.000,000,000 s)
2024-06-03 18:15:13,796 INFO  - Called #onVehicleUpdated (at simulation time 25.000,000,000 s)
2024-06-03 18:15:13,796 INFO  - Sending out AdHoc broadcast (at simulation time 25.000,000,000 s)
2024-06-03 18:15:13,797 INFO  - Sending out AdHoc broadcast (at simulation time 25.000,000,000 s)
2024-06-03 18:15:13,797 INFO  - Sending out AdHoc broadcast (at simulation time 25.000,000,000 s)
2024-06-03 18:15:13,797 INFO  - Sending out AdHoc broadcast (at simulation time 25.000,000,000 s)
2024-06-03 18:15:13,801 INFO  - Called #onVehicleUpdated (at simulation time 26.000,000,000 s)
2024-06-03 18:15:13,802 INFO  - Sending out AdHoc broadcast (at simulation time 26.000,000,000 s)
2024-06-03 18:15:13,802 INFO  - Sending out AdHoc broadcast (at simulation time 26.000,000,000 s)
2024-06-03 18:15:13,802 INFO  - Sending out AdHoc broadcast (at simulation time 26.000,000,000 s)
2024-06-03 18:15:13,805 INFO  - Called #onVehicleUpdated (at simulation time 27.000,000,000 s)
2024-06-03 18:15:13,805 INFO  - Exced velocity! Sending new CAM (at simulation time 27.000,000,000 s)
2024-06-03 18:15:13,805 INFO  - Sending out AdHoc broadcast (at simulation time 27.000,000,000 s)
2024-06-03 18:15:13,805 INFO  - Sending out AdHoc broadcast (at simulation time 27.000,000,000 s)
2024-06-03 18:15:13,805 INFO  - Sending out AdHoc broadcast (at simulation time 27.000,000,000 s)
2024-06-03 18:15:13,805 INFO  - Sending out AdHoc broadcast (at simulation time 27.000,000,000 s)
2024-06-03 18:15:13,806 INFO  - Sending out AdHoc broadcast (at simulation time 27.000,000,000 s)
2024-06-03 18:15:13,811 INFO  - Shutdown (at simulation time 28.000,000,000 s)
