2024-06-03 19:15:00,252 INFO  - Initialize Vehicle application (at simulation time 43.000,000,000 s)
2024-06-03 19:15:00,253 INFO  - Activated WLAN Module (at simulation time 43.000,000,000 s)
2024-06-03 19:15:00,253 INFO  - Called #onVehicleUpdated (at simulation time 43.000,000,000 s)
2024-06-03 19:15:00,255 INFO  - Recieve a message from other vehicle (at simulation time 43.001,400,000 s)
2024-06-03 19:15:00,255 INFO  - My position is not better! (at simulation time 43.001,400,000 s)
2024-06-03 19:15:00,255 INFO  - Recieve a message from other vehicle (at simulation time 43.001,800,000 s)
2024-06-03 19:15:00,255 INFO  - My position is not better! (at simulation time 43.001,800,000 s)
2024-06-03 19:15:00,255 INFO  - Recieve a message from other vehicle (at simulation time 43.001,900,000 s)
2024-06-03 19:15:00,255 INFO  - My position is not better! (at simulation time 43.001,900,000 s)
2024-06-03 19:15:00,255 INFO  - Recieve a message from other vehicle (at simulation time 43.002,300,000 s)
2024-06-03 19:15:00,255 INFO  - My position is not better! (at simulation time 43.002,300,000 s)
2024-06-03 19:15:00,257 INFO  - Called #onVehicleUpdated (at simulation time 44.000,000,000 s)
2024-06-03 19:15:00,257 INFO  - Define the name: veh_10 and route: r_3 (at simulation time 44.000,000,000 s)
2024-06-03 19:15:00,257 INFO  - Sending out AdHoc broadcast (at simulation time 44.000,000,000 s)
2024-06-03 19:15:00,258 INFO  - Recieve a message from other vehicle (at simulation time 44.000,400,000 s)
2024-06-03 19:15:00,258 INFO  - My position is not better! (at simulation time 44.000,400,000 s)
2024-06-03 19:15:00,258 INFO  - Recieve a message from other vehicle (at simulation time 44.000,800,000 s)
2024-06-03 19:15:00,258 INFO  - My position is not better! (at simulation time 44.000,800,000 s)
2024-06-03 19:15:00,258 INFO  - Recieve a message from other vehicle (at simulation time 44.001,300,000 s)
2024-06-03 19:15:00,258 INFO  - My position is not better! (at simulation time 44.001,300,000 s)
2024-06-03 19:15:00,258 INFO  - Recieve a message from other vehicle (at simulation time 44.002,400,000 s)
2024-06-03 19:15:00,258 INFO  - My position is not better! (at simulation time 44.002,400,000 s)
2024-06-03 19:15:00,258 INFO  - Recieve a message from other vehicle (at simulation time 44.002,400,000 s)
2024-06-03 19:15:00,258 INFO  - My position is not better! (at simulation time 44.002,400,000 s)
2024-06-03 19:15:00,260 INFO  - Called #onVehicleUpdated (at simulation time 45.000,000,000 s)
2024-06-03 19:15:00,261 INFO  - Recieve a message from other vehicle (at simulation time 45.000,400,000 s)
2024-06-03 19:15:00,261 INFO  - My position is not better! (at simulation time 45.000,400,000 s)
2024-06-03 19:15:00,261 INFO  - Recieve a message from other vehicle (at simulation time 45.001,900,000 s)
2024-06-03 19:15:00,261 INFO  - My position is not better! (at simulation time 45.001,900,000 s)
2024-06-03 19:15:00,261 INFO  - Recieve a message from other vehicle (at simulation time 45.002,400,000 s)
2024-06-03 19:15:00,261 INFO  - My position is not better! (at simulation time 45.002,400,000 s)
2024-06-03 19:15:00,263 INFO  - Called #onVehicleUpdated (at simulation time 46.000,000,000 s)
2024-06-03 19:15:00,263 INFO  - Sending out AdHoc broadcast (at simulation time 46.000,000,000 s)
2024-06-03 19:15:00,264 INFO  - Recieve a message from other vehicle (at simulation time 46.000,900,000 s)
2024-06-03 19:15:00,264 INFO  - My position is not better! (at simulation time 46.000,900,000 s)
2024-06-03 19:15:00,264 INFO  - Recieve a message from other vehicle (at simulation time 46.001,900,000 s)
2024-06-03 19:15:00,264 INFO  - My position is not better! (at simulation time 46.001,900,000 s)
2024-06-03 19:15:00,264 INFO  - Recieve a message from other vehicle (at simulation time 46.001,900,000 s)
2024-06-03 19:15:00,264 INFO  - My position is not better! (at simulation time 46.001,900,000 s)
2024-06-03 19:15:00,264 INFO  - Recieve a message from other vehicle (at simulation time 46.004,300,000 s)
2024-06-03 19:15:00,264 INFO  - My position is not better! (at simulation time 46.004,300,000 s)
2024-06-03 19:15:00,265 INFO  - Called #onVehicleUpdated (at simulation time 47.000,000,000 s)
2024-06-03 19:15:00,265 INFO  - Recieve a message from other vehicle (at simulation time 47.000,400,000 s)
2024-06-03 19:15:00,265 INFO  - My position is not better! (at simulation time 47.000,400,000 s)
2024-06-03 19:15:00,266 INFO  - Recieve a message from other vehicle (at simulation time 47.000,400,000 s)
2024-06-03 19:15:00,266 INFO  - My position is not better! (at simulation time 47.000,400,000 s)
2024-06-03 19:15:00,266 INFO  - Recieve a message from other vehicle (at simulation time 47.000,900,000 s)
2024-06-03 19:15:00,266 INFO  - My position is not better! (at simulation time 47.000,900,000 s)
2024-06-03 19:15:00,266 INFO  - Recieve a message from other vehicle (at simulation time 47.001,400,000 s)
2024-06-03 19:15:00,266 INFO  - My position is not better! (at simulation time 47.001,400,000 s)
2024-06-03 19:15:00,268 INFO  - Called #onVehicleUpdated (at simulation time 48.000,000,000 s)
2024-06-03 19:15:00,268 INFO  - Sending out AdHoc broadcast (at simulation time 48.000,000,000 s)
2024-06-03 19:15:00,269 INFO  - Recieve a message from other vehicle (at simulation time 48.000,900,000 s)
2024-06-03 19:15:00,269 INFO  - My position is not better! (at simulation time 48.000,900,000 s)
2024-06-03 19:15:00,270 INFO  - Recieve a message from other vehicle (at simulation time 48.002,400,000 s)
2024-06-03 19:15:00,270 INFO  - My position is not better! (at simulation time 48.002,400,000 s)
2024-06-03 19:15:00,270 INFO  - Recieve a message from other vehicle (at simulation time 48.002,400,000 s)
2024-06-03 19:15:00,270 INFO  - My position is not better! (at simulation time 48.002,400,000 s)
2024-06-03 19:15:00,270 INFO  - Recieve a message from other vehicle (at simulation time 48.003,300,000 s)
2024-06-03 19:15:00,270 INFO  - My position is not better! (at simulation time 48.003,300,000 s)
2024-06-03 19:15:00,270 INFO  - Recieve a message from other vehicle (at simulation time 48.003,800,000 s)
2024-06-03 19:15:00,270 INFO  - My position is not better! (at simulation time 48.003,800,000 s)
2024-06-03 19:15:00,272 INFO  - Called #onVehicleUpdated (at simulation time 49.000,000,000 s)
2024-06-03 19:15:00,273 INFO  - Recieve a message from other vehicle (at simulation time 49.000,400,000 s)
2024-06-03 19:15:00,273 INFO  - My position is not better! (at simulation time 49.000,400,000 s)
2024-06-03 19:15:00,273 INFO  - Recieve a message from other vehicle (at simulation time 49.000,400,000 s)
2024-06-03 19:15:00,273 INFO  - My position is not better! (at simulation time 49.000,400,000 s)
2024-06-03 19:15:00,274 INFO  - Recieve a message from other vehicle (at simulation time 49.000,900,000 s)
2024-06-03 19:15:00,274 INFO  - My position is not better! (at simulation time 49.000,900,000 s)
2024-06-03 19:15:00,274 INFO  - Recieve a message from other vehicle (at simulation time 49.001,300,000 s)
2024-06-03 19:15:00,274 INFO  - My position is not better! (at simulation time 49.001,300,000 s)
2024-06-03 19:15:00,274 INFO  - Recieve a message from other vehicle (at simulation time 49.001,300,000 s)
2024-06-03 19:15:00,274 INFO  - My position is not better! (at simulation time 49.001,300,000 s)
2024-06-03 19:15:00,274 INFO  - Recieve a message from other vehicle (at simulation time 49.001,300,000 s)
2024-06-03 19:15:00,274 INFO  - My position is not better! (at simulation time 49.001,300,000 s)
2024-06-03 19:15:00,274 INFO  - Recieve a message from other vehicle (at simulation time 49.001,300,000 s)
2024-06-03 19:15:00,274 INFO  - My position is not better! (at simulation time 49.001,300,000 s)
2024-06-03 19:15:00,274 INFO  - Recieve a message from other vehicle (at simulation time 49.001,400,000 s)
2024-06-03 19:15:00,274 INFO  - My position is not better! (at simulation time 49.001,400,000 s)
2024-06-03 19:15:00,274 INFO  - Recieve a message from other vehicle (at simulation time 49.001,400,000 s)
2024-06-03 19:15:00,274 INFO  - My position is not better! (at simulation time 49.001,400,000 s)
2024-06-03 19:15:00,275 INFO  - Recieve a message from other vehicle (at simulation time 49.001,900,000 s)
2024-06-03 19:15:00,275 INFO  - My position is not better! (at simulation time 49.001,900,000 s)
2024-06-03 19:15:00,275 INFO  - Recieve a message from other vehicle (at simulation time 49.002,300,000 s)
2024-06-03 19:15:00,275 INFO  - My position is not better! (at simulation time 49.002,300,000 s)
2024-06-03 19:15:00,275 INFO  - Recieve a message from other vehicle (at simulation time 49.002,400,000 s)
2024-06-03 19:15:00,275 INFO  - My position is not better! (at simulation time 49.002,400,000 s)
2024-06-03 19:15:00,275 INFO  - Recieve a message from other vehicle (at simulation time 49.002,400,000 s)
2024-06-03 19:15:00,275 INFO  - My position is not better! (at simulation time 49.002,400,000 s)
2024-06-03 19:15:00,275 INFO  - Recieve a message from other vehicle (at simulation time 49.002,800,000 s)
2024-06-03 19:15:00,275 INFO  - My position is not better! (at simulation time 49.002,800,000 s)
2024-06-03 19:15:00,275 INFO  - Recieve a message from other vehicle (at simulation time 49.003,300,000 s)
2024-06-03 19:15:00,275 INFO  - My position is not better! (at simulation time 49.003,300,000 s)
2024-06-03 19:15:00,275 INFO  - Recieve a message from other vehicle (at simulation time 49.004,300,000 s)
2024-06-03 19:15:00,275 INFO  - My position is not better! (at simulation time 49.004,300,000 s)
2024-06-03 19:15:00,278 INFO  - Called #onVehicleUpdated (at simulation time 50.000,000,000 s)
2024-06-03 19:15:00,278 INFO  - Sending out AdHoc broadcast (at simulation time 50.000,000,000 s)
2024-06-03 19:15:00,278 INFO  - Recieve a message from other vehicle (at simulation time 50.000,400,000 s)
2024-06-03 19:15:00,278 INFO  - My position is not better! (at simulation time 50.000,400,000 s)
2024-06-03 19:15:00,278 INFO  - Recieve a message from other vehicle (at simulation time 50.000,400,000 s)
2024-06-03 19:15:00,278 INFO  - My position is not better! (at simulation time 50.000,400,000 s)
2024-06-03 19:15:00,279 INFO  - Recieve a message from other vehicle (at simulation time 50.000,400,000 s)
2024-06-03 19:15:00,279 INFO  - My position is not better! (at simulation time 50.000,400,000 s)
2024-06-03 19:15:00,279 INFO  - Recieve a message from other vehicle (at simulation time 50.000,800,000 s)
2024-06-03 19:15:00,279 INFO  - My position is not better! (at simulation time 50.000,800,000 s)
2024-06-03 19:15:00,279 INFO  - Recieve a message from other vehicle (at simulation time 50.001,300,000 s)
2024-06-03 19:15:00,279 INFO  - I'm in better position but no more hops in message (at simulation time 50.001,300,000 s)
2024-06-03 19:15:00,279 INFO  - Recieve a message from other vehicle (at simulation time 50.001,300,000 s)
2024-06-03 19:15:00,279 INFO  - My position is not better! (at simulation time 50.001,300,000 s)
2024-06-03 19:15:00,279 INFO  - Recieve a message from other vehicle (at simulation time 50.001,400,000 s)
2024-06-03 19:15:00,279 INFO  - My position is not better! (at simulation time 50.001,400,000 s)
2024-06-03 19:15:00,279 INFO  - Recieve a message from other vehicle (at simulation time 50.001,400,000 s)
2024-06-03 19:15:00,279 INFO  - My position is not better! (at simulation time 50.001,400,000 s)
2024-06-03 19:15:00,279 INFO  - Recieve a message from other vehicle (at simulation time 50.001,400,000 s)
2024-06-03 19:15:00,279 INFO  - My position is not better! (at simulation time 50.001,400,000 s)
2024-06-03 19:15:00,279 INFO  - Recieve a message from other vehicle (at simulation time 50.001,400,000 s)
2024-06-03 19:15:00,279 INFO  - My position is not better! (at simulation time 50.001,400,000 s)
2024-06-03 19:15:00,279 INFO  - Recieve a message from other vehicle (at simulation time 50.001,400,000 s)
2024-06-03 19:15:00,279 INFO  - My position is not better! (at simulation time 50.001,400,000 s)
2024-06-03 19:15:00,279 INFO  - Recieve a message from other vehicle (at simulation time 50.001,900,000 s)
2024-06-03 19:15:00,279 INFO  - My position is not better! (at simulation time 50.001,900,000 s)
2024-06-03 19:15:00,280 INFO  - Recieve a message from other vehicle (at simulation time 50.002,300,000 s)
2024-06-03 19:15:00,280 INFO  - My position is not better! (at simulation time 50.002,300,000 s)
2024-06-03 19:15:00,280 INFO  - Recieve a message from other vehicle (at simulation time 50.002,400,000 s)
2024-06-03 19:15:00,280 INFO  - My position is not better! (at simulation time 50.002,400,000 s)
2024-06-03 19:15:00,280 INFO  - Recieve a message from other vehicle (at simulation time 50.003,300,000 s)
2024-06-03 19:15:00,280 INFO  - My position is not better! (at simulation time 50.003,300,000 s)
2024-06-03 19:15:00,280 INFO  - Recieve a message from other vehicle (at simulation time 50.003,300,000 s)
2024-06-03 19:15:00,280 INFO  - My position is not better! (at simulation time 50.003,300,000 s)
2024-06-03 19:15:00,280 INFO  - Recieve a message from other vehicle (at simulation time 50.003,300,000 s)
2024-06-03 19:15:00,280 INFO  - My position is not better! (at simulation time 50.003,300,000 s)
2024-06-03 19:15:00,280 INFO  - Recieve a message from other vehicle (at simulation time 50.003,800,000 s)
2024-06-03 19:15:00,280 INFO  - My position is not better! (at simulation time 50.003,800,000 s)
2024-06-03 19:15:00,280 INFO  - Recieve a message from other vehicle (at simulation time 50.004,300,000 s)
2024-06-03 19:15:00,280 INFO  - My position is not better! (at simulation time 50.004,300,000 s)
2024-06-03 19:15:00,283 INFO  - Called #onVehicleUpdated (at simulation time 51.000,000,000 s)
2024-06-03 19:15:00,285 INFO  - Recieve a message from other vehicle (at simulation time 51.000,400,000 s)
2024-06-03 19:15:00,285 INFO  - DENM message Recived from veh_9 -info : seco (at simulation time 51.000,400,000 s)
2024-06-03 19:15:00,285 INFO  - Recending a DENM message from other vehicle (at simulation time 51.000,400,000 s)
2024-06-03 19:15:00,285 INFO  - Recieve a message from other vehicle (at simulation time 51.000,400,000 s)
2024-06-03 19:15:00,285 INFO  - My position is not better! (at simulation time 51.000,400,000 s)
2024-06-03 19:15:00,285 INFO  - Recieve a message from other vehicle (at simulation time 51.000,400,000 s)
2024-06-03 19:15:00,285 INFO  - My position is not better! (at simulation time 51.000,400,000 s)
2024-06-03 19:15:00,285 INFO  - Recieve a message from other vehicle (at simulation time 51.000,400,000 s)
2024-06-03 19:15:00,285 INFO  - My position is not better! (at simulation time 51.000,400,000 s)
2024-06-03 19:15:00,286 INFO  - Recieve a message from other vehicle (at simulation time 51.000,900,000 s)
2024-06-03 19:15:00,286 INFO  - DENM message Recived from veh_7 -info : seco (at simulation time 51.000,900,000 s)
2024-06-03 19:15:00,286 INFO  - No more hops in DENM message (at simulation time 51.000,900,000 s)
2024-06-03 19:15:00,286 INFO  - Recieve a message from other vehicle (at simulation time 51.000,900,000 s)
2024-06-03 19:15:00,286 INFO  - My position is not better! (at simulation time 51.000,900,000 s)
2024-06-03 19:15:00,286 INFO  - Recieve a message from other vehicle (at simulation time 51.000,900,000 s)
2024-06-03 19:15:00,286 INFO  - My position is not better! (at simulation time 51.000,900,000 s)
2024-06-03 19:15:00,286 INFO  - Recieve a message from other vehicle (at simulation time 51.000,900,000 s)
2024-06-03 19:15:00,286 INFO  - My position is not better! (at simulation time 51.000,900,000 s)
2024-06-03 19:15:00,287 INFO  - Recieve a message from other vehicle (at simulation time 51.001,400,000 s)
2024-06-03 19:15:00,287 INFO  - My position is not better! (at simulation time 51.001,400,000 s)
2024-06-03 19:15:00,287 INFO  - Recieve a message from other vehicle (at simulation time 51.001,400,000 s)
2024-06-03 19:15:00,287 INFO  - My position is not better! (at simulation time 51.001,400,000 s)
2024-06-03 19:15:00,287 INFO  - Recieve a message from other vehicle (at simulation time 51.001,400,000 s)
2024-06-03 19:15:00,287 INFO  - My position is not better! (at simulation time 51.001,400,000 s)
2024-06-03 19:15:00,287 INFO  - Recieve a message from other vehicle (at simulation time 51.001,400,000 s)
2024-06-03 19:15:00,287 INFO  - My position is not better! (at simulation time 51.001,400,000 s)
2024-06-03 19:15:00,287 INFO  - Recieve a message from other vehicle (at simulation time 51.001,400,000 s)
2024-06-03 19:15:00,287 INFO  - My position is not better! (at simulation time 51.001,400,000 s)
2024-06-03 19:15:00,289 INFO  - Recieve a message from other vehicle (at simulation time 51.002,400,000 s)
2024-06-03 19:15:00,289 INFO  - DENM message Recived from veh_6 -info : nevoeiro (at simulation time 51.002,400,000 s)
2024-06-03 19:15:00,289 INFO  - No more hops in DENM message (at simulation time 51.002,400,000 s)
2024-06-03 19:15:00,289 INFO  - Recieve a message from other vehicle (at simulation time 51.002,400,000 s)
2024-06-03 19:15:00,289 INFO  - DENM message Recived from veh_11 -info : nevoeiro (at simulation time 51.002,400,000 s)
2024-06-03 19:15:00,289 INFO  - No more hops in DENM message (at simulation time 51.002,400,000 s)
2024-06-03 19:15:00,289 INFO  - Recieve a message from other vehicle (at simulation time 51.002,400,000 s)
2024-06-03 19:15:00,289 INFO  - My position is not better! (at simulation time 51.002,400,000 s)
2024-06-03 19:15:00,289 INFO  - Recieve a message from other vehicle (at simulation time 51.002,400,000 s)
2024-06-03 19:15:00,289 INFO  - My position is not better! (at simulation time 51.002,400,000 s)
2024-06-03 19:15:00,289 INFO  - Recieve a message from other vehicle (at simulation time 51.002,400,000 s)
2024-06-03 19:15:00,289 INFO  - My position is not better! (at simulation time 51.002,400,000 s)
2024-06-03 19:15:00,289 INFO  - Recieve a message from other vehicle (at simulation time 51.002,400,000 s)
2024-06-03 19:15:00,289 INFO  - My position is not better! (at simulation time 51.002,400,000 s)
2024-06-03 19:15:00,289 INFO  - Recieve a message from other vehicle (at simulation time 51.002,800,000 s)
2024-06-03 19:15:00,289 INFO  - DENM message Recived from veh_11 -info : nevoeiro (at simulation time 51.002,800,000 s)
2024-06-03 19:15:00,289 INFO  - No more hops in DENM message (at simulation time 51.002,800,000 s)
2024-06-03 19:15:00,291 INFO  - Called #onVehicleUpdated (at simulation time 52.000,000,000 s)
2024-06-03 19:15:00,291 INFO  - Sending out DENM broadcast (at simulation time 52.000,000,000 s)
2024-06-03 19:15:00,292 INFO  - Sending out AdHoc broadcast (at simulation time 52.000,000,000 s)
2024-06-03 19:15:00,292 INFO  - Recieve a message from other vehicle (at simulation time 52.000,400,000 s)
2024-06-03 19:15:00,292 INFO  - I'm in better position but no more hops in message (at simulation time 52.000,400,000 s)
2024-06-03 19:15:00,292 INFO  - Recieve a message from other vehicle (at simulation time 52.000,400,000 s)
2024-06-03 19:15:00,292 INFO  - I'm in better position but no more hops in message (at simulation time 52.000,400,000 s)
2024-06-03 19:15:00,292 INFO  - Recieve a message from other vehicle (at simulation time 52.000,400,000 s)
2024-06-03 19:15:00,292 INFO  - I'm in better position but no more hops in message (at simulation time 52.000,400,000 s)
2024-06-03 19:15:00,293 INFO  - Recieve a message from other vehicle (at simulation time 52.000,800,000 s)
2024-06-03 19:15:00,293 INFO  - I'm in better position but no more hops in message (at simulation time 52.000,800,000 s)
2024-06-03 19:15:00,293 INFO  - Recieve a message from other vehicle (at simulation time 52.000,900,000 s)
2024-06-03 19:15:00,293 INFO  - DENM message Recived from veh_8 -info : seco (at simulation time 52.000,900,000 s)
2024-06-03 19:15:00,293 INFO  - Recending a DENM message from other vehicle (at simulation time 52.000,900,000 s)
2024-06-03 19:15:00,293 INFO  - Recieve a message from other vehicle (at simulation time 52.000,900,000 s)
2024-06-03 19:15:00,293 INFO  - I'm in better position but no more hops in message (at simulation time 52.000,900,000 s)
2024-06-03 19:15:00,293 INFO  - Recieve a message from other vehicle (at simulation time 52.000,900,000 s)
2024-06-03 19:15:00,293 INFO  - My position is not better! (at simulation time 52.000,900,000 s)
2024-06-03 19:15:00,293 INFO  - Recieve a message from other vehicle (at simulation time 52.001,400,000 s)
2024-06-03 19:15:00,293 INFO  - My position is not better! (at simulation time 52.001,400,000 s)
2024-06-03 19:15:00,293 INFO  - Recieve a message from other vehicle (at simulation time 52.001,400,000 s)
2024-06-03 19:15:00,293 INFO  - I'm in better position but no more hops in message (at simulation time 52.001,400,000 s)
2024-06-03 19:15:00,294 INFO  - Recieve a message from other vehicle (at simulation time 52.001,900,000 s)
2024-06-03 19:15:00,294 INFO  - I'm in better position but no more hops in message (at simulation time 52.001,900,000 s)
2024-06-03 19:15:00,294 INFO  - Recieve a message from other vehicle (at simulation time 52.002,300,000 s)
2024-06-03 19:15:00,294 INFO  - My position is not better! (at simulation time 52.002,300,000 s)
2024-06-03 19:15:00,294 INFO  - Recieve a message from other vehicle (at simulation time 52.002,300,000 s)
2024-06-03 19:15:00,294 INFO  - I'm in better position but no more hops in message (at simulation time 52.002,300,000 s)
2024-06-03 19:15:00,295 INFO  - Recieve a message from other vehicle (at simulation time 52.002,400,000 s)
2024-06-03 19:15:00,295 INFO  - My position is not better! (at simulation time 52.002,400,000 s)
2024-06-03 19:15:00,295 INFO  - Recieve a message from other vehicle (at simulation time 52.002,400,000 s)
2024-06-03 19:15:00,295 INFO  - I'm in better position but no more hops in message (at simulation time 52.002,400,000 s)
2024-06-03 19:15:00,295 INFO  - Recieve a message from other vehicle (at simulation time 52.002,400,000 s)
2024-06-03 19:15:00,295 INFO  - I'm in better position but no more hops in message (at simulation time 52.002,400,000 s)
2024-06-03 19:15:00,295 INFO  - Recieve a message from other vehicle (at simulation time 52.002,800,000 s)
2024-06-03 19:15:00,295 INFO  - DENM message Recived from veh_10 -info : nevoeiro (at simulation time 52.002,800,000 s)
2024-06-03 19:15:00,295 INFO  - No more hops in DENM message (at simulation time 52.002,800,000 s)
2024-06-03 19:15:00,295 INFO  - Recieve a message from other vehicle (at simulation time 52.003,300,000 s)
2024-06-03 19:15:00,295 INFO  - I'm in better position but no more hops in message (at simulation time 52.003,300,000 s)
2024-06-03 19:15:00,295 INFO  - Recieve a message from RSU (at simulation time 52.435,918,977 s)
2024-06-03 19:15:00,296 INFO  - RSU Stopped me!!! (at simulation time 52.435,918,977 s)
2024-06-03 19:15:00,296 INFO  - Recieve a message from RSU (at simulation time 52.445,340,921 s)
2024-06-03 19:15:00,297 INFO  - Called #onVehicleUpdated (at simulation time 53.000,000,000 s)
2024-06-03 19:15:00,298 INFO  - Recieve a message from other vehicle (at simulation time 53.000,400,000 s)
2024-06-03 19:15:00,298 INFO  - I'm in better position but no more hops in message (at simulation time 53.000,400,000 s)
2024-06-03 19:15:00,298 INFO  - Recieve a message from other vehicle (at simulation time 53.000,400,000 s)
2024-06-03 19:15:00,298 INFO  - I'm in better position but no more hops in message (at simulation time 53.000,400,000 s)
2024-06-03 19:15:00,299 INFO  - Recieve a message from other vehicle (at simulation time 53.000,800,000 s)
2024-06-03 19:15:00,299 INFO  - I'm in better position but no more hops in message (at simulation time 53.000,800,000 s)
2024-06-03 19:15:00,299 INFO  - Recieve a message from other vehicle (at simulation time 53.000,800,000 s)
2024-06-03 19:15:00,299 INFO  - I'm in better position but no more hops in message (at simulation time 53.000,800,000 s)
2024-06-03 19:15:00,299 INFO  - Recieve a message from other vehicle (at simulation time 53.000,900,000 s)
2024-06-03 19:15:00,299 INFO  - I'm in better position but no more hops in message (at simulation time 53.000,900,000 s)
2024-06-03 19:15:00,299 INFO  - Recieve a message from other vehicle (at simulation time 53.000,900,000 s)
2024-06-03 19:15:00,299 INFO  - I'm in better position but no more hops in message (at simulation time 53.000,900,000 s)
2024-06-03 19:15:00,299 INFO  - Recieve a message from other vehicle (at simulation time 53.000,900,000 s)
2024-06-03 19:15:00,299 INFO  - I'm in better position but no more hops in message (at simulation time 53.000,900,000 s)
2024-06-03 19:15:00,299 INFO  - Recieve a message from other vehicle (at simulation time 53.000,900,000 s)
2024-06-03 19:15:00,299 INFO  - I'm in better position but no more hops in message (at simulation time 53.000,900,000 s)
2024-06-03 19:15:00,299 INFO  - Recieve a message from other vehicle (at simulation time 53.000,900,000 s)
2024-06-03 19:15:00,299 INFO  - I'm in better position but no more hops in message (at simulation time 53.000,900,000 s)
2024-06-03 19:15:00,299 INFO  - Recieve a message from other vehicle (at simulation time 53.001,400,000 s)
2024-06-03 19:15:00,299 INFO  - I'm in better position but no more hops in message (at simulation time 53.001,400,000 s)
2024-06-03 19:15:00,299 INFO  - Recieve a message from other vehicle (at simulation time 53.001,400,000 s)
2024-06-03 19:15:00,299 INFO  - I'm in better position but no more hops in message (at simulation time 53.001,400,000 s)
2024-06-03 19:15:00,299 INFO  - Recieve a message from other vehicle (at simulation time 53.001,400,000 s)
2024-06-03 19:15:00,299 INFO  - I'm in better position but no more hops in message (at simulation time 53.001,400,000 s)
2024-06-03 19:15:00,299 INFO  - Recieve a message from other vehicle (at simulation time 53.001,400,000 s)
2024-06-03 19:15:00,299 INFO  - I'm in better position but no more hops in message (at simulation time 53.001,400,000 s)
2024-06-03 19:15:00,300 INFO  - Recieve a message from other vehicle (at simulation time 53.001,900,000 s)
2024-06-03 19:15:00,300 INFO  - I'm in better position but no more hops in message (at simulation time 53.001,900,000 s)
2024-06-03 19:15:00,300 INFO  - Recieve a message from other vehicle (at simulation time 53.002,300,000 s)
2024-06-03 19:15:00,300 INFO  - I'm in better position but no more hops in message (at simulation time 53.002,300,000 s)
2024-06-03 19:15:00,300 INFO  - Recieve a message from other vehicle (at simulation time 53.002,400,000 s)
2024-06-03 19:15:00,300 INFO  - I'm in better position but no more hops in message (at simulation time 53.002,400,000 s)
2024-06-03 19:15:00,300 INFO  - Recieve a message from other vehicle (at simulation time 53.002,400,000 s)
2024-06-03 19:15:00,300 INFO  - I'm in better position but no more hops in message (at simulation time 53.002,400,000 s)
2024-06-03 19:15:00,300 INFO  - Recieve a message from other vehicle (at simulation time 53.002,400,000 s)
2024-06-03 19:15:00,300 INFO  - I'm in better position but no more hops in message (at simulation time 53.002,400,000 s)
2024-06-03 19:15:00,301 INFO  - Recieve a message from other vehicle (at simulation time 53.002,800,000 s)
2024-06-03 19:15:00,301 INFO  - I'm in better position but no more hops in message (at simulation time 53.002,800,000 s)
2024-06-03 19:15:00,301 INFO  - Recieve a message from RSU (at simulation time 53.114,456,524 s)
2024-06-03 19:15:00,301 INFO  - Recieve a message from RSU (at simulation time 53.128,344,453 s)
2024-06-03 19:15:00,302 INFO  - Recieve a message from RSU (at simulation time 53.827,472,352 s)
2024-06-03 19:15:00,302 INFO  - Recieve a message from RSU (at simulation time 53.835,957,682 s)
2024-06-03 19:15:00,305 INFO  - Called #onVehicleUpdated (at simulation time 54.000,000,000 s)
2024-06-03 19:15:00,305 INFO  - Sending out AdHoc broadcast (at simulation time 54.000,000,000 s)
2024-06-03 19:15:00,306 INFO  - Recieve a message from other vehicle (at simulation time 54.000,400,000 s)
2024-06-03 19:15:00,306 INFO  - Recending a message from other vehicle (at simulation time 54.000,400,000 s)
2024-06-03 19:15:00,306 INFO  - Recieve a message from other vehicle (at simulation time 54.000,400,000 s)
2024-06-03 19:15:00,306 INFO  - I'm in better position but no more hops in message (at simulation time 54.000,400,000 s)
2024-06-03 19:15:00,306 INFO  - Recieve a message from other vehicle (at simulation time 54.000,400,000 s)
2024-06-03 19:15:00,306 INFO  - I'm in better position but no more hops in message (at simulation time 54.000,400,000 s)
2024-06-03 19:15:00,306 INFO  - Recieve a message from other vehicle (at simulation time 54.000,400,000 s)
2024-06-03 19:15:00,306 INFO  - I'm in better position but no more hops in message (at simulation time 54.000,400,000 s)
2024-06-03 19:15:00,306 INFO  - Recieve a message from other vehicle (at simulation time 54.000,400,000 s)
2024-06-03 19:15:00,306 INFO  - I'm in better position but no more hops in message (at simulation time 54.000,400,000 s)
2024-06-03 19:15:00,307 INFO  - Recieve a message from other vehicle (at simulation time 54.000,800,000 s)
2024-06-03 19:15:00,307 INFO  - I'm in better position but no more hops in message (at simulation time 54.000,800,000 s)
2024-06-03 19:15:00,307 INFO  - Recieve a message from other vehicle (at simulation time 54.000,900,000 s)
2024-06-03 19:15:00,307 INFO  - I'm in better position but no more hops in message (at simulation time 54.000,900,000 s)
2024-06-03 19:15:00,307 INFO  - Recieve a message from other vehicle (at simulation time 54.000,900,000 s)
2024-06-03 19:15:00,307 INFO  - I'm in better position but no more hops in message (at simulation time 54.000,900,000 s)
2024-06-03 19:15:00,307 INFO  - Recieve a message from other vehicle (at simulation time 54.001,400,000 s)
2024-06-03 19:15:00,307 INFO  - I'm in better position but no more hops in message (at simulation time 54.001,400,000 s)
2024-06-03 19:15:00,307 INFO  - Recieve a message from other vehicle (at simulation time 54.001,400,000 s)
2024-06-03 19:15:00,307 INFO  - I'm in better position but no more hops in message (at simulation time 54.001,400,000 s)
2024-06-03 19:15:00,307 INFO  - Recieve a message from other vehicle (at simulation time 54.001,900,000 s)
2024-06-03 19:15:00,307 INFO  - I'm in better position but no more hops in message (at simulation time 54.001,900,000 s)
2024-06-03 19:15:00,307 INFO  - Recieve a message from other vehicle (at simulation time 54.001,900,000 s)
2024-06-03 19:15:00,307 INFO  - I'm in better position but no more hops in message (at simulation time 54.001,900,000 s)
2024-06-03 19:15:00,308 INFO  - Recieve a message from other vehicle (at simulation time 54.002,800,000 s)
2024-06-03 19:15:00,308 INFO  - I'm in better position but no more hops in message (at simulation time 54.002,800,000 s)
2024-06-03 19:15:00,308 INFO  - Recieve a message from RSU (at simulation time 54.517,300,069 s)
2024-06-03 19:15:00,308 INFO  - Recieve a message from RSU (at simulation time 54.519,735,481 s)
2024-06-03 19:15:00,310 INFO  - Called #onVehicleUpdated (at simulation time 55.000,000,000 s)
2024-06-03 19:15:00,312 INFO  - Recieve a message from other vehicle (at simulation time 55.000,400,000 s)
2024-06-03 19:15:00,312 INFO  - I'm in better position but no more hops in message (at simulation time 55.000,400,000 s)
2024-06-03 19:15:00,312 INFO  - Recieve a message from other vehicle (at simulation time 55.000,400,000 s)
2024-06-03 19:15:00,312 INFO  - My position is not better! (at simulation time 55.000,400,000 s)
2024-06-03 19:15:00,312 INFO  - Recieve a message from other vehicle (at simulation time 55.000,400,000 s)
2024-06-03 19:15:00,312 INFO  - I'm in better position but no more hops in message (at simulation time 55.000,400,000 s)
2024-06-03 19:15:00,312 INFO  - Recieve a message from other vehicle (at simulation time 55.000,400,000 s)
2024-06-03 19:15:00,312 INFO  - I'm in better position but no more hops in message (at simulation time 55.000,400,000 s)
2024-06-03 19:15:00,312 INFO  - Recieve a message from other vehicle (at simulation time 55.000,900,000 s)
2024-06-03 19:15:00,312 INFO  - I'm in better position but no more hops in message (at simulation time 55.000,900,000 s)
2024-06-03 19:15:00,312 INFO  - Recieve a message from other vehicle (at simulation time 55.000,900,000 s)
2024-06-03 19:15:00,312 INFO  - I'm in better position but no more hops in message (at simulation time 55.000,900,000 s)
2024-06-03 19:15:00,313 INFO  - Recieve a message from other vehicle (at simulation time 55.000,900,000 s)
2024-06-03 19:15:00,313 INFO  - My position is not better! (at simulation time 55.000,900,000 s)
2024-06-03 19:15:00,313 INFO  - Recieve a message from other vehicle (at simulation time 55.001,400,000 s)
2024-06-03 19:15:00,313 INFO  - I'm in better position but no more hops in message (at simulation time 55.001,400,000 s)
2024-06-03 19:15:00,313 INFO  - Recieve a message from other vehicle (at simulation time 55.001,400,000 s)
2024-06-03 19:15:00,313 INFO  - My position is not better! (at simulation time 55.001,400,000 s)
2024-06-03 19:15:00,313 INFO  - Recieve a message from other vehicle (at simulation time 55.001,400,000 s)
2024-06-03 19:15:00,313 INFO  - I'm in better position but no more hops in message (at simulation time 55.001,400,000 s)
2024-06-03 19:15:00,313 INFO  - Recieve a message from other vehicle (at simulation time 55.002,400,000 s)
2024-06-03 19:15:00,313 INFO  - My position is not better! (at simulation time 55.002,400,000 s)
2024-06-03 19:15:00,314 INFO  - Recieve a message from RSU (at simulation time 55.222,632,873 s)
2024-06-03 19:15:00,314 INFO  - Recieve a message from RSU (at simulation time 55.250,801,215 s)
2024-06-03 19:15:00,314 INFO  - Recieve a message from RSU (at simulation time 55.919,049,039 s)
2024-06-03 19:15:00,314 INFO  - Recieve a message from RSU (at simulation time 55.919,249,484 s)
2024-06-03 19:15:00,316 INFO  - Called #onVehicleUpdated (at simulation time 56.000,000,000 s)
2024-06-03 19:15:00,316 INFO  - Sending out AdHoc broadcast (at simulation time 56.000,000,000 s)
2024-06-03 19:15:00,318 INFO  - Recieve a message from other vehicle (at simulation time 56.000,400,000 s)
2024-06-03 19:15:00,318 INFO  - I'm in better position but no more hops in message (at simulation time 56.000,400,000 s)
2024-06-03 19:15:00,318 INFO  - Recieve a message from other vehicle (at simulation time 56.000,400,000 s)
2024-06-03 19:15:00,318 INFO  - I'm in better position but no more hops in message (at simulation time 56.000,400,000 s)
2024-06-03 19:15:00,318 INFO  - Recieve a message from other vehicle (at simulation time 56.000,900,000 s)
2024-06-03 19:15:00,318 INFO  - My position is not better! (at simulation time 56.000,900,000 s)
2024-06-03 19:15:00,318 INFO  - Recieve a message from other vehicle (at simulation time 56.001,900,000 s)
2024-06-03 19:15:00,318 INFO  - My position is not better! (at simulation time 56.001,900,000 s)
2024-06-03 19:15:00,319 INFO  - Recieve a message from other vehicle (at simulation time 56.001,900,000 s)
2024-06-03 19:15:00,319 INFO  - I'm in better position but no more hops in message (at simulation time 56.001,900,000 s)
2024-06-03 19:15:00,319 INFO  - Recieve a message from other vehicle (at simulation time 56.001,900,000 s)
2024-06-03 19:15:00,319 INFO  - My position is not better! (at simulation time 56.001,900,000 s)
2024-06-03 19:15:00,319 INFO  - Recieve a message from other vehicle (at simulation time 56.002,400,000 s)
2024-06-03 19:15:00,319 INFO  - I'm in better position but no more hops in message (at simulation time 56.002,400,000 s)
2024-06-03 19:15:00,319 INFO  - Recieve a message from other vehicle (at simulation time 56.002,400,000 s)
2024-06-03 19:15:00,319 INFO  - I'm in better position but no more hops in message (at simulation time 56.002,400,000 s)
2024-06-03 19:15:00,320 INFO  - Recieve a message from RSU (at simulation time 56.629,904,759 s)
2024-06-03 19:15:00,320 INFO  - Recieve a message from RSU (at simulation time 56.638,282,077 s)
2024-06-03 19:15:00,323 INFO  - Called #onVehicleUpdated (at simulation time 57.000,000,000 s)
2024-06-03 19:15:00,324 INFO  - Recieve a message from other vehicle (at simulation time 57.000,400,000 s)
2024-06-03 19:15:00,324 INFO  - I'm in better position but no more hops in message (at simulation time 57.000,400,000 s)
2024-06-03 19:15:00,324 INFO  - Recieve a message from other vehicle (at simulation time 57.000,400,000 s)
2024-06-03 19:15:00,324 INFO  - I'm in better position but no more hops in message (at simulation time 57.000,400,000 s)
2024-06-03 19:15:00,324 INFO  - Recieve a message from other vehicle (at simulation time 57.000,900,000 s)
2024-06-03 19:15:00,324 INFO  - I'm in better position but no more hops in message (at simulation time 57.000,900,000 s)
2024-06-03 19:15:00,324 INFO  - Recieve a message from other vehicle (at simulation time 57.001,400,000 s)
2024-06-03 19:15:00,324 INFO  - I'm in better position but no more hops in message (at simulation time 57.001,400,000 s)
2024-06-03 19:15:00,324 INFO  - Recieve a message from other vehicle (at simulation time 57.001,900,000 s)
2024-06-03 19:15:00,324 INFO  - I'm in better position but no more hops in message (at simulation time 57.001,900,000 s)
2024-06-03 19:15:00,324 INFO  - Recieve a message from other vehicle (at simulation time 57.001,900,000 s)
2024-06-03 19:15:00,324 INFO  - My position is not better! (at simulation time 57.001,900,000 s)
2024-06-03 19:15:00,324 INFO  - Recieve a message from other vehicle (at simulation time 57.001,900,000 s)
2024-06-03 19:15:00,324 INFO  - I'm in better position but no more hops in message (at simulation time 57.001,900,000 s)
2024-06-03 19:15:00,324 INFO  - Recieve a message from other vehicle (at simulation time 57.001,900,000 s)
2024-06-03 19:15:00,324 INFO  - I'm in better position but no more hops in message (at simulation time 57.001,900,000 s)
2024-06-03 19:15:00,324 INFO  - Recieve a message from other vehicle (at simulation time 57.001,900,000 s)
2024-06-03 19:15:00,324 INFO  - My position is not better! (at simulation time 57.001,900,000 s)
2024-06-03 19:15:00,325 INFO  - Recieve a message from other vehicle (at simulation time 57.002,400,000 s)
2024-06-03 19:15:00,325 INFO  - My position is not better! (at simulation time 57.002,400,000 s)
2024-06-03 19:15:00,325 INFO  - Recieve a message from other vehicle (at simulation time 57.002,400,000 s)
2024-06-03 19:15:00,325 INFO  - My position is not better! (at simulation time 57.002,400,000 s)
2024-06-03 19:15:00,325 INFO  - Recieve a message from RSU (at simulation time 57.317,981,730 s)
2024-06-03 19:15:00,325 INFO  - Recieve a message from RSU (at simulation time 57.329,168,085 s)
2024-06-03 19:15:00,327 INFO  - Called #onVehicleUpdated (at simulation time 58.000,000,000 s)
2024-06-03 19:15:00,327 INFO  - Sending out AdHoc broadcast (at simulation time 58.000,000,000 s)
2024-06-03 19:15:00,328 INFO  - Recieve a message from other vehicle (at simulation time 58.000,400,000 s)
2024-06-03 19:15:00,328 INFO  - I'm in better position but no more hops in message (at simulation time 58.000,400,000 s)
2024-06-03 19:15:00,329 INFO  - Recieve a message from other vehicle (at simulation time 58.000,400,000 s)
2024-06-03 19:15:00,329 INFO  - Recending a message from other vehicle (at simulation time 58.000,400,000 s)
2024-06-03 19:15:00,331 INFO  - Recieve a message from other vehicle (at simulation time 58.000,900,000 s)
2024-06-03 19:15:00,331 INFO  - I'm in better position but no more hops in message (at simulation time 58.000,900,000 s)
2024-06-03 19:15:00,331 INFO  - Recieve a message from other vehicle (at simulation time 58.001,300,000 s)
2024-06-03 19:15:00,331 INFO  - I'm in better position but no more hops in message (at simulation time 58.001,300,000 s)
2024-06-03 19:15:00,332 INFO  - Recieve a message from other vehicle (at simulation time 58.001,900,000 s)
2024-06-03 19:15:00,332 INFO  - I'm in better position but no more hops in message (at simulation time 58.001,900,000 s)
2024-06-03 19:15:00,332 INFO  - Recieve a message from other vehicle (at simulation time 58.001,900,000 s)
2024-06-03 19:15:00,332 INFO  - I'm in better position but no more hops in message (at simulation time 58.001,900,000 s)
2024-06-03 19:15:00,332 INFO  - Recieve a message from other vehicle (at simulation time 58.001,900,000 s)
2024-06-03 19:15:00,332 INFO  - I'm in better position but no more hops in message (at simulation time 58.001,900,000 s)
2024-06-03 19:15:00,332 INFO  - Recieve a message from other vehicle (at simulation time 58.002,400,000 s)
2024-06-03 19:15:00,332 INFO  - I'm in better position but no more hops in message (at simulation time 58.002,400,000 s)
2024-06-03 19:15:00,332 INFO  - Recieve a message from other vehicle (at simulation time 58.002,400,000 s)
2024-06-03 19:15:00,332 INFO  - I'm in better position but no more hops in message (at simulation time 58.002,400,000 s)
2024-06-03 19:15:00,332 INFO  - Recieve a message from other vehicle (at simulation time 58.003,800,000 s)
2024-06-03 19:15:00,332 INFO  - I'm in better position but no more hops in message (at simulation time 58.003,800,000 s)
2024-06-03 19:15:00,333 INFO  - Recieve a message from RSU (at simulation time 58.018,121,104 s)
2024-06-03 19:15:00,333 INFO  - Recieve a message from RSU (at simulation time 58.032,197,652 s)
2024-06-03 19:15:00,333 INFO  - Recieve a message from RSU (at simulation time 58.711,081,222 s)
2024-06-03 19:15:00,333 INFO  - Recieve a message from RSU (at simulation time 58.765,353,676 s)
2024-06-03 19:15:00,335 INFO  - Called #onVehicleUpdated (at simulation time 59.000,000,000 s)
2024-06-03 19:15:00,337 INFO  - Recieve a message from other vehicle (at simulation time 59.000,400,000 s)
2024-06-03 19:15:00,337 INFO  - I'm in better position but no more hops in message (at simulation time 59.000,400,000 s)
2024-06-03 19:15:00,337 INFO  - Recieve a message from other vehicle (at simulation time 59.000,400,000 s)
2024-06-03 19:15:00,337 INFO  - Recending a message from other vehicle (at simulation time 59.000,400,000 s)
2024-06-03 19:15:00,337 INFO  - Recieve a message from other vehicle (at simulation time 59.000,400,000 s)
2024-06-03 19:15:00,337 INFO  - Recending a message from other vehicle (at simulation time 59.000,400,000 s)
2024-06-03 19:15:00,338 INFO  - Recieve a message from other vehicle (at simulation time 59.000,800,000 s)
2024-06-03 19:15:00,338 INFO  - I'm in better position but no more hops in message (at simulation time 59.000,800,000 s)
2024-06-03 19:15:00,338 INFO  - Recieve a message from other vehicle (at simulation time 59.000,800,000 s)
2024-06-03 19:15:00,338 INFO  - I'm in better position but no more hops in message (at simulation time 59.000,800,000 s)
2024-06-03 19:15:00,338 INFO  - Recieve a message from other vehicle (at simulation time 59.000,900,000 s)
2024-06-03 19:15:00,338 INFO  - I'm in better position but no more hops in message (at simulation time 59.000,900,000 s)
2024-06-03 19:15:00,338 INFO  - Recieve a message from other vehicle (at simulation time 59.000,900,000 s)
2024-06-03 19:15:00,338 INFO  - My position is not better! (at simulation time 59.000,900,000 s)
2024-06-03 19:15:00,339 INFO  - Recieve a message from other vehicle (at simulation time 59.001,400,000 s)
2024-06-03 19:15:00,339 INFO  - My position is not better! (at simulation time 59.001,400,000 s)
2024-06-03 19:15:00,339 INFO  - Recieve a message from other vehicle (at simulation time 59.001,400,000 s)
2024-06-03 19:15:00,339 INFO  - My position is not better! (at simulation time 59.001,400,000 s)
2024-06-03 19:15:00,339 INFO  - Recieve a message from other vehicle (at simulation time 59.001,400,000 s)
2024-06-03 19:15:00,339 INFO  - I'm in better position but no more hops in message (at simulation time 59.001,400,000 s)
2024-06-03 19:15:00,339 INFO  - Recieve a message from other vehicle (at simulation time 59.001,900,000 s)
2024-06-03 19:15:00,339 INFO  - I'm in better position but no more hops in message (at simulation time 59.001,900,000 s)
2024-06-03 19:15:00,339 INFO  - Recieve a message from other vehicle (at simulation time 59.001,900,000 s)
2024-06-03 19:15:00,339 INFO  - I'm in better position but no more hops in message (at simulation time 59.001,900,000 s)
2024-06-03 19:15:00,340 INFO  - Recieve a message from other vehicle (at simulation time 59.002,400,000 s)
2024-06-03 19:15:00,340 INFO  - My position is not better! (at simulation time 59.002,400,000 s)
2024-06-03 19:15:00,340 INFO  - Recieve a message from RSU (at simulation time 59.420,434,991 s)
2024-06-03 19:15:00,341 INFO  - Recieve a message from RSU (at simulation time 59.422,923,415 s)
2024-06-03 19:15:00,343 INFO  - Called #onVehicleUpdated (at simulation time 60.000,000,000 s)
2024-06-03 19:15:00,343 INFO  - Sending out AdHoc broadcast (at simulation time 60.000,000,000 s)
2024-06-03 19:15:00,344 INFO  - Recieve a message from other vehicle (at simulation time 60.000,400,000 s)
2024-06-03 19:15:00,344 INFO  - My position is not better! (at simulation time 60.000,400,000 s)
2024-06-03 19:15:00,344 INFO  - Recieve a message from other vehicle (at simulation time 60.000,400,000 s)
2024-06-03 19:15:00,344 INFO  - My position is not better! (at simulation time 60.000,400,000 s)
2024-06-03 19:15:00,344 INFO  - Recieve a message from other vehicle (at simulation time 60.000,900,000 s)
2024-06-03 19:15:00,344 INFO  - I'm in better position but no more hops in message (at simulation time 60.000,900,000 s)
2024-06-03 19:15:00,344 INFO  - Recieve a message from other vehicle (at simulation time 60.001,300,000 s)
2024-06-03 19:15:00,344 INFO  - I'm in better position but no more hops in message (at simulation time 60.001,300,000 s)
2024-06-03 19:15:00,344 INFO  - Recieve a message from other vehicle (at simulation time 60.001,400,000 s)
2024-06-03 19:15:00,344 INFO  - I'm in better position but no more hops in message (at simulation time 60.001,400,000 s)
2024-06-03 19:15:00,344 INFO  - Recieve a message from other vehicle (at simulation time 60.001,800,000 s)
2024-06-03 19:15:00,344 INFO  - I'm in better position but no more hops in message (at simulation time 60.001,800,000 s)
2024-06-03 19:15:00,344 INFO  - Recieve a message from other vehicle (at simulation time 60.002,300,000 s)
2024-06-03 19:15:00,344 INFO  - I'm in better position but no more hops in message (at simulation time 60.002,300,000 s)
2024-06-03 19:15:00,344 INFO  - Recieve a message from other vehicle (at simulation time 60.002,400,000 s)
2024-06-03 19:15:00,344 INFO  - My position is not better! (at simulation time 60.002,400,000 s)
2024-06-03 19:15:00,345 INFO  - Recieve a message from RSU (at simulation time 60.135,970,424 s)
2024-06-03 19:15:00,345 INFO  - Recieve a message from RSU (at simulation time 60.139,667,758 s)
2024-06-03 19:15:00,345 INFO  - Recieve a message from RSU (at simulation time 60.822,707,601 s)
2024-06-03 19:15:00,345 INFO  - Recieve a message from RSU (at simulation time 60.829,892,797 s)
2024-06-03 19:15:00,346 INFO  - Called #onVehicleUpdated (at simulation time 61.000,000,000 s)
2024-06-03 19:15:00,347 INFO  - Recieve a message from other vehicle (at simulation time 61.000,400,000 s)
2024-06-03 19:15:00,347 INFO  - I'm in better position but no more hops in message (at simulation time 61.000,400,000 s)
2024-06-03 19:15:00,347 INFO  - Recieve a message from other vehicle (at simulation time 61.000,400,000 s)
2024-06-03 19:15:00,347 INFO  - I'm in better position but no more hops in message (at simulation time 61.000,400,000 s)
2024-06-03 19:15:00,347 INFO  - Recieve a message from other vehicle (at simulation time 61.000,400,000 s)
2024-06-03 19:15:00,347 INFO  - Recending a message from other vehicle (at simulation time 61.000,400,000 s)
2024-06-03 19:15:00,347 INFO  - Recieve a message from other vehicle (at simulation time 61.000,400,000 s)
2024-06-03 19:15:00,347 INFO  - I'm in better position but no more hops in message (at simulation time 61.000,400,000 s)
2024-06-03 19:15:00,347 INFO  - Recieve a message from other vehicle (at simulation time 61.000,400,000 s)
2024-06-03 19:15:00,347 INFO  - Recending a message from other vehicle (at simulation time 61.000,400,000 s)
2024-06-03 19:15:00,364 INFO  - Recieve a message from other vehicle (at simulation time 61.000,900,000 s)
2024-06-03 19:15:00,364 INFO  - Recending a message from other vehicle (at simulation time 61.000,900,000 s)
2024-06-03 19:15:00,365 INFO  - Recieve a message from other vehicle (at simulation time 61.001,400,000 s)
2024-06-03 19:15:00,365 INFO  - I'm in better position but no more hops in message (at simulation time 61.001,400,000 s)
2024-06-03 19:15:00,366 INFO  - Recieve a message from other vehicle (at simulation time 61.002,800,000 s)
2024-06-03 19:15:00,366 INFO  - I'm in better position but no more hops in message (at simulation time 61.002,800,000 s)
2024-06-03 19:15:00,367 INFO  - Recieve a message from RSU (at simulation time 61.530,581,829 s)
2024-06-03 19:15:00,367 INFO  - Recieve a message from RSU (at simulation time 61.546,495,602 s)
2024-06-03 19:15:00,368 INFO  - Called #onVehicleUpdated (at simulation time 62.000,000,000 s)
2024-06-03 19:15:00,369 INFO  - Sending out AdHoc broadcast (at simulation time 62.000,000,000 s)
2024-06-03 19:15:00,369 INFO  - Recieve a message from other vehicle (at simulation time 62.000,400,000 s)
2024-06-03 19:15:00,369 INFO  - I'm in better position but no more hops in message (at simulation time 62.000,400,000 s)
2024-06-03 19:15:00,369 INFO  - Recieve a message from other vehicle (at simulation time 62.000,400,000 s)
2024-06-03 19:15:00,369 INFO  - Recending a message from other vehicle (at simulation time 62.000,400,000 s)
2024-06-03 19:15:00,370 INFO  - Recieve a message from other vehicle (at simulation time 62.000,800,000 s)
2024-06-03 19:15:00,370 INFO  - I'm in better position but no more hops in message (at simulation time 62.000,800,000 s)
2024-06-03 19:15:00,370 INFO  - Recieve a message from other vehicle (at simulation time 62.000,900,000 s)
2024-06-03 19:15:00,370 INFO  - I'm in better position but no more hops in message (at simulation time 62.000,900,000 s)
2024-06-03 19:15:00,370 INFO  - Recieve a message from other vehicle (at simulation time 62.000,900,000 s)
2024-06-03 19:15:00,370 INFO  - I'm in better position but no more hops in message (at simulation time 62.000,900,000 s)
2024-06-03 19:15:00,370 INFO  - Recieve a message from other vehicle (at simulation time 62.000,900,000 s)
2024-06-03 19:15:00,370 INFO  - I'm in better position but no more hops in message (at simulation time 62.000,900,000 s)
2024-06-03 19:15:00,370 INFO  - Recieve a message from other vehicle (at simulation time 62.002,300,000 s)
2024-06-03 19:15:00,370 INFO  - I'm in better position but no more hops in message (at simulation time 62.002,300,000 s)
2024-06-03 19:15:00,371 INFO  - Recieve a message from RSU (at simulation time 62.223,512,282 s)
2024-06-03 19:15:00,371 INFO  - Recieve a message from RSU (at simulation time 62.246,298,306 s)
2024-06-03 19:15:00,372 INFO  - Recieve a message from RSU (at simulation time 62.932,154,654 s)
2024-06-03 19:15:00,372 INFO  - Recieve a message from RSU (at simulation time 62.941,629,380 s)
2024-06-03 19:15:00,373 INFO  - Called #onVehicleUpdated (at simulation time 63.000,000,000 s)
2024-06-03 19:15:00,374 INFO  - Recieve a message from other vehicle (at simulation time 63.000,400,000 s)
2024-06-03 19:15:00,374 INFO  - Recending a message from other vehicle (at simulation time 63.000,400,000 s)
2024-06-03 19:15:00,374 INFO  - Recieve a message from other vehicle (at simulation time 63.000,400,000 s)
2024-06-03 19:15:00,374 INFO  - Recending a message from other vehicle (at simulation time 63.000,400,000 s)
2024-06-03 19:15:00,374 INFO  - Recieve a message from other vehicle (at simulation time 63.000,400,000 s)
2024-06-03 19:15:00,374 INFO  - Recending a message from other vehicle (at simulation time 63.000,400,000 s)
2024-06-03 19:15:00,374 INFO  - Recieve a message from other vehicle (at simulation time 63.000,900,000 s)
2024-06-03 19:15:00,374 INFO  - Recending a message from other vehicle (at simulation time 63.000,900,000 s)
2024-06-03 19:15:00,374 INFO  - Recieve a message from other vehicle (at simulation time 63.001,300,000 s)
2024-06-03 19:15:00,374 INFO  - I'm in better position but no more hops in message (at simulation time 63.001,300,000 s)
2024-06-03 19:15:00,374 INFO  - Recieve a message from other vehicle (at simulation time 63.001,400,000 s)
2024-06-03 19:15:00,374 INFO  - I'm in better position but no more hops in message (at simulation time 63.001,400,000 s)
2024-06-03 19:15:00,375 INFO  - Recieve a message from other vehicle (at simulation time 63.001,900,000 s)
2024-06-03 19:15:00,375 INFO  - Recending a message from other vehicle (at simulation time 63.001,900,000 s)
2024-06-03 19:15:00,375 INFO  - Recieve a message from other vehicle (at simulation time 63.002,400,000 s)
2024-06-03 19:15:00,375 INFO  - I'm in better position but no more hops in message (at simulation time 63.002,400,000 s)
2024-06-03 19:15:00,375 INFO  - Recieve a message from other vehicle (at simulation time 63.004,800,000 s)
2024-06-03 19:15:00,375 INFO  - I'm in better position but no more hops in message (at simulation time 63.004,800,000 s)
2024-06-03 19:15:00,375 INFO  - Recieve a message from RSU (at simulation time 63.620,630,968 s)
2024-06-03 19:15:00,375 INFO  - Recieve a message from RSU (at simulation time 63.637,797,359 s)
2024-06-03 19:15:00,377 INFO  - Called #onVehicleUpdated (at simulation time 64.000,000,000 s)
2024-06-03 19:15:00,377 INFO  - Sending out AdHoc broadcast (at simulation time 64.000,000,000 s)
2024-06-03 19:15:00,378 INFO  - Recieve a message from other vehicle (at simulation time 64.001,400,000 s)
2024-06-03 19:15:00,378 INFO  - My position is not better! (at simulation time 64.001,400,000 s)
2024-06-03 19:15:00,378 INFO  - Recieve a message from other vehicle (at simulation time 64.002,400,000 s)
2024-06-03 19:15:00,378 INFO  - I'm in better position but no more hops in message (at simulation time 64.002,400,000 s)
2024-06-03 19:15:00,378 INFO  - Recieve a message from RSU (at simulation time 64.324,791,894 s)
2024-06-03 19:15:00,378 INFO  - Recieve a message from RSU (at simulation time 64.333,494,464 s)
2024-06-03 19:15:00,380 INFO  - Called #onVehicleUpdated (at simulation time 65.000,000,000 s)
2024-06-03 19:15:00,381 INFO  - Recieve a message from other vehicle (at simulation time 65.000,400,000 s)
2024-06-03 19:15:00,381 INFO  - My position is not better! (at simulation time 65.000,400,000 s)
2024-06-03 19:15:00,381 INFO  - Recieve a message from other vehicle (at simulation time 65.001,900,000 s)
2024-06-03 19:15:00,381 INFO  - My position is not better! (at simulation time 65.001,900,000 s)
2024-06-03 19:15:00,381 INFO  - Recieve a message from other vehicle (at simulation time 65.002,400,000 s)
2024-06-03 19:15:00,381 INFO  - My position is not better! (at simulation time 65.002,400,000 s)
2024-06-03 19:15:00,381 INFO  - Recieve a message from RSU (at simulation time 65.017,656,690 s)
2024-06-03 19:15:00,381 INFO  - Recieve a message from RSU (at simulation time 65.022,484,402 s)
2024-06-03 19:15:00,381 INFO  - Recieve a message from RSU (at simulation time 65.714,440,464 s)
2024-06-03 19:15:00,381 INFO  - Recieve a message from RSU (at simulation time 65.716,818,527 s)
2024-06-03 19:15:00,382 INFO  - Called #onVehicleUpdated (at simulation time 66.000,000,000 s)
2024-06-03 19:15:00,383 INFO  - Sending out AdHoc broadcast (at simulation time 66.000,000,000 s)
2024-06-03 19:15:00,383 INFO  - Recieve a message from other vehicle (at simulation time 66.000,900,000 s)
2024-06-03 19:15:00,383 INFO  - I'm in better position but no more hops in message (at simulation time 66.000,900,000 s)
2024-06-03 19:15:00,384 INFO  - Recieve a message from RSU (at simulation time 66.002,400,000 s)
2024-06-03 19:15:00,384 INFO  - RSU ordered to advance!!! (at simulation time 66.002,400,000 s)
2024-06-03 19:15:00,384 INFO  - Recieve a message from other vehicle (at simulation time 66.002,400,000 s)
2024-06-03 19:15:00,384 INFO  - I'm in better position but no more hops in message (at simulation time 66.002,400,000 s)
2024-06-03 19:15:00,384 INFO  - Recieve a message from other vehicle (at simulation time 66.003,300,000 s)
2024-06-03 19:15:00,384 INFO  - I'm in better position but no more hops in message (at simulation time 66.003,300,000 s)
2024-06-03 19:15:00,384 INFO  - Recieve a message from RSU (at simulation time 66.421,531,911 s)
2024-06-03 19:15:00,384 INFO  - Recieve a message from RSU (at simulation time 66.424,909,730 s)
2024-06-03 19:15:00,386 INFO  - Called #onVehicleUpdated (at simulation time 67.000,000,000 s)
2024-06-03 19:15:00,387 INFO  - Recieve a message from other vehicle (at simulation time 67.000,400,000 s)
2024-06-03 19:15:00,387 INFO  - Recending a message from other vehicle (at simulation time 67.000,400,000 s)
2024-06-03 19:15:00,387 INFO  - Recieve a message from other vehicle (at simulation time 67.000,400,000 s)
2024-06-03 19:15:00,387 INFO  - Recending a message from other vehicle (at simulation time 67.000,400,000 s)
2024-06-03 19:15:00,387 INFO  - Recieve a message from other vehicle (at simulation time 67.000,800,000 s)
2024-06-03 19:15:00,387 INFO  - I'm in better position but no more hops in message (at simulation time 67.000,800,000 s)
2024-06-03 19:15:00,387 INFO  - Recieve a message from other vehicle (at simulation time 67.002,400,000 s)
2024-06-03 19:15:00,387 INFO  - I'm in better position but no more hops in message (at simulation time 67.002,400,000 s)
2024-06-03 19:15:00,388 INFO  - Recieve a message from RSU (at simulation time 67.112,859,918 s)
2024-06-03 19:15:00,388 INFO  - Recieve a message from RSU (at simulation time 67.114,198,045 s)
2024-06-03 19:15:00,388 INFO  - Recieve a message from RSU (at simulation time 67.815,252,156 s)
2024-06-03 19:15:00,388 INFO  - Recieve a message from RSU (at simulation time 67.820,136,216 s)
2024-06-03 19:15:00,390 INFO  - Called #onVehicleUpdated (at simulation time 68.000,000,000 s)
2024-06-03 19:15:00,390 INFO  - Sending out AdHoc broadcast (at simulation time 68.000,000,000 s)
2024-06-03 19:15:00,390 INFO  - Recieve a message from other vehicle (at simulation time 68.000,400,000 s)
2024-06-03 19:15:00,390 INFO  - Recending a message from other vehicle (at simulation time 68.000,400,000 s)
2024-06-03 19:15:00,391 INFO  - Recieve a message from other vehicle (at simulation time 68.002,400,000 s)
2024-06-03 19:15:00,391 INFO  - I'm in better position but no more hops in message (at simulation time 68.002,400,000 s)
2024-06-03 19:15:00,391 INFO  - Recieve a message from RSU (at simulation time 68.518,809,308 s)
2024-06-03 19:15:00,391 INFO  - Recieve a message from RSU (at simulation time 68.549,796,522 s)
2024-06-03 19:15:00,393 INFO  - Called #onVehicleUpdated (at simulation time 69.000,000,000 s)
2024-06-03 19:15:00,393 INFO  - Recieve a message from RSU (at simulation time 69.223,136,192 s)
2024-06-03 19:15:00,393 INFO  - Recieve a message from RSU (at simulation time 69.235,408,656 s)
2024-06-03 19:15:00,394 INFO  - Recieve a message from RSU (at simulation time 69.921,869,339 s)
2024-06-03 19:15:00,394 INFO  - Recieve a message from RSU (at simulation time 69.940,566,056 s)
2024-06-03 19:15:00,395 INFO  - Called #onVehicleUpdated (at simulation time 70.000,000,000 s)
2024-06-03 19:15:00,395 INFO  - Sending out AdHoc broadcast (at simulation time 70.000,000,000 s)
2024-06-03 19:15:00,395 INFO  - Recieve a message from other vehicle (at simulation time 70.000,400,000 s)
2024-06-03 19:15:00,395 INFO  - I'm in better position but no more hops in message (at simulation time 70.000,400,000 s)
2024-06-03 19:15:00,396 INFO  - Recieve a message from RSU (at simulation time 70.612,975,356 s)
2024-06-03 19:15:00,396 INFO  - Recieve a message from RSU (at simulation time 70.644,411,684 s)
2024-06-03 19:15:00,396 INFO  - Called #onVehicleUpdated (at simulation time 71.000,000,000 s)
2024-06-03 19:15:00,398 INFO  - Called #onVehicleUpdated (at simulation time 72.000,000,000 s)
2024-06-03 19:15:00,398 INFO  - Sending out AdHoc broadcast (at simulation time 72.000,000,000 s)
2024-06-03 19:15:00,398 INFO  - Recieve a message from other vehicle (at simulation time 72.000,900,000 s)
2024-06-03 19:15:00,398 INFO  - My position is not better! (at simulation time 72.000,900,000 s)
2024-06-03 19:15:00,398 INFO  - Recieve a message from other vehicle (at simulation time 72.002,300,000 s)
2024-06-03 19:15:00,398 INFO  - My position is not better! (at simulation time 72.002,300,000 s)
2024-06-03 19:15:00,400 INFO  - Called #onVehicleUpdated (at simulation time 73.000,000,000 s)
2024-06-03 19:15:00,402 INFO  - Called #onVehicleUpdated (at simulation time 74.000,000,000 s)
2024-06-03 19:15:00,402 INFO  - Sending out AdHoc broadcast (at simulation time 74.000,000,000 s)
2024-06-03 19:15:00,406 INFO  - Called #onVehicleUpdated (at simulation time 75.000,000,000 s)
2024-06-03 19:15:00,407 INFO  - Called #onVehicleUpdated (at simulation time 76.000,000,000 s)
2024-06-03 19:15:00,407 INFO  - Sending out AdHoc broadcast (at simulation time 76.000,000,000 s)
2024-06-03 19:15:00,408 INFO  - Called #onVehicleUpdated (at simulation time 77.000,000,000 s)
2024-06-03 19:15:00,427 INFO  - Shutdown (at simulation time 78.000,000,000 s)
