2024-06-03 19:54:38,477 INFO  - Initialize Vehicle application (at simulation time 151.000,000,000 s)
2024-06-03 19:54:38,478 INFO  - Activated WLAN Module (at simulation time 151.000,000,000 s)
2024-06-03 19:54:38,481 INFO  - Called #onVehicleUpdated (at simulation time 151.000,000,000 s)
2024-06-03 19:54:38,482 INFO  - Recieve a message from other vehicle (at simulation time 151.002,400,000 s)
2024-06-03 19:54:38,482 INFO  - My position is not better! (at simulation time 151.002,400,000 s)
2024-06-03 19:54:38,484 INFO  - Called #onVehicleUpdated (at simulation time 152.000,000,000 s)
2024-06-03 19:54:38,484 INFO  - Define the name: veh_26 and route: r_1 (at simulation time 152.000,000,000 s)
2024-06-03 19:54:38,484 INFO  - Sending out AdHoc broadcast (at simulation time 152.000,000,000 s)
2024-06-03 19:54:38,484 INFO  - Recieve a message from other vehicle (at simulation time 152.002,800,000 s)
2024-06-03 19:54:38,484 INFO  - My position is not better! (at simulation time 152.002,800,000 s)
2024-06-03 19:54:38,485 INFO  - Called #onVehicleUpdated (at simulation time 153.000,000,000 s)
2024-06-03 19:54:38,486 INFO  - Recieve a message from other vehicle (at simulation time 153.001,900,000 s)
2024-06-03 19:54:38,486 INFO  - My position is not better! (at simulation time 153.001,900,000 s)
2024-06-03 19:54:38,487 INFO  - Called #onVehicleUpdated (at simulation time 154.000,000,000 s)
2024-06-03 19:54:38,487 INFO  - Sending out AdHoc broadcast (at simulation time 154.000,000,000 s)
2024-06-03 19:54:38,487 INFO  - Recieve a message from other vehicle (at simulation time 154.001,800,000 s)
2024-06-03 19:54:38,487 INFO  - My position is not better! (at simulation time 154.001,800,000 s)
2024-06-03 19:54:38,489 INFO  - Called #onVehicleUpdated (at simulation time 155.000,000,000 s)
2024-06-03 19:54:38,489 INFO  - Recieve a message from other vehicle (at simulation time 155.001,900,000 s)
2024-06-03 19:54:38,489 INFO  - My position is not better! (at simulation time 155.001,900,000 s)
2024-06-03 19:54:38,491 INFO  - Called #onVehicleUpdated (at simulation time 156.000,000,000 s)
2024-06-03 19:54:38,491 INFO  - Sending out AdHoc broadcast (at simulation time 156.000,000,000 s)
2024-06-03 19:54:38,492 INFO  - Recieve a message from other vehicle (at simulation time 156.002,300,000 s)
2024-06-03 19:54:38,492 INFO  - My position is not better! (at simulation time 156.002,300,000 s)
2024-06-03 19:54:38,494 INFO  - Called #onVehicleUpdated (at simulation time 157.000,000,000 s)
2024-06-03 19:54:38,496 INFO  - Recieve a message from other vehicle (at simulation time 157.001,900,000 s)
2024-06-03 19:54:38,496 INFO  - My position is not better! (at simulation time 157.001,900,000 s)
2024-06-03 19:54:38,498 INFO  - Called #onVehicleUpdated (at simulation time 158.000,000,000 s)
2024-06-03 19:54:38,499 INFO  - Sending out AdHoc broadcast (at simulation time 158.000,000,000 s)
2024-06-03 19:54:38,499 INFO  - Recieve a message from other vehicle (at simulation time 158.000,400,000 s)
2024-06-03 19:54:38,499 INFO  - My position is not better! (at simulation time 158.000,400,000 s)
2024-06-03 19:54:38,499 INFO  - Recieve a message from other vehicle (at simulation time 158.000,900,000 s)
2024-06-03 19:54:38,499 INFO  - My position is not better! (at simulation time 158.000,900,000 s)
2024-06-03 19:54:38,499 INFO  - Recieve a message from other vehicle (at simulation time 158.001,300,000 s)
2024-06-03 19:54:38,499 INFO  - My position is not better! (at simulation time 158.001,300,000 s)
2024-06-03 19:54:38,500 INFO  - Recieve a message from other vehicle (at simulation time 158.001,300,000 s)
2024-06-03 19:54:38,500 INFO  - My position is not better! (at simulation time 158.001,300,000 s)
2024-06-03 19:54:38,501 INFO  - Recieve a message from other vehicle (at simulation time 158.001,900,000 s)
2024-06-03 19:54:38,501 INFO  - My position is not better! (at simulation time 158.001,900,000 s)
2024-06-03 19:54:38,501 INFO  - Recieve a message from other vehicle (at simulation time 158.001,900,000 s)
2024-06-03 19:54:38,501 INFO  - My position is not better! (at simulation time 158.001,900,000 s)
2024-06-03 19:54:38,501 INFO  - Recieve a message from other vehicle (at simulation time 158.001,900,000 s)
2024-06-03 19:54:38,501 INFO  - My position is not better! (at simulation time 158.001,900,000 s)
2024-06-03 19:54:38,501 INFO  - Recieve a message from other vehicle (at simulation time 158.002,400,000 s)
2024-06-03 19:54:38,501 INFO  - My position is not better! (at simulation time 158.002,400,000 s)
2024-06-03 19:54:38,501 INFO  - Recieve a message from other vehicle (at simulation time 158.002,800,000 s)
2024-06-03 19:54:38,501 INFO  - My position is not better! (at simulation time 158.002,800,000 s)
2024-06-03 19:54:38,502 INFO  - Recieve a message from other vehicle (at simulation time 158.003,300,000 s)
2024-06-03 19:54:38,502 INFO  - My position is not better! (at simulation time 158.003,300,000 s)
2024-06-03 19:54:38,503 INFO  - Called #onVehicleUpdated (at simulation time 159.000,000,000 s)
2024-06-03 19:54:38,504 INFO  - Recieve a message from other vehicle (at simulation time 159.000,400,000 s)
2024-06-03 19:54:38,504 INFO  - DENM message Recived from veh_24 -info : piso-molhado (at simulation time 159.000,400,000 s)
2024-06-03 19:54:38,504 INFO  - I slow down due to road state (at simulation time 159.000,400,000 s)
2024-06-03 19:54:38,504 INFO  - No more hops in DENM message (at simulation time 159.000,400,000 s)
2024-06-03 19:54:38,504 INFO  - Recieve a message from other vehicle (at simulation time 159.000,400,000 s)
2024-06-03 19:54:38,504 INFO  - DENM message Recived from veh_25 -info : piso-molhado (at simulation time 159.000,400,000 s)
2024-06-03 19:54:38,504 INFO  - I slow down due to road state (at simulation time 159.000,400,000 s)
2024-06-03 19:54:38,504 INFO  - No more hops in DENM message (at simulation time 159.000,400,000 s)
2024-06-03 19:54:38,504 INFO  - Recieve a message from other vehicle (at simulation time 159.000,400,000 s)
2024-06-03 19:54:38,504 INFO  - My position is not better! (at simulation time 159.000,400,000 s)
2024-06-03 19:54:38,504 INFO  - Recieve a message from other vehicle (at simulation time 159.000,400,000 s)
2024-06-03 19:54:38,504 INFO  - My position is not better! (at simulation time 159.000,400,000 s)
2024-06-03 19:54:38,504 INFO  - Recieve a message from other vehicle (at simulation time 159.000,400,000 s)
2024-06-03 19:54:38,504 INFO  - My position is not better! (at simulation time 159.000,400,000 s)
2024-06-03 19:54:38,504 INFO  - Recieve a message from other vehicle (at simulation time 159.000,400,000 s)
2024-06-03 19:54:38,504 INFO  - My position is not better! (at simulation time 159.000,400,000 s)
2024-06-03 19:54:38,505 INFO  - Recieve a message from other vehicle (at simulation time 159.000,800,000 s)
2024-06-03 19:54:38,505 INFO  - DENM message Recived from veh_29 -info : seco (at simulation time 159.000,800,000 s)
2024-06-03 19:54:38,505 INFO  - No more hops in DENM message (at simulation time 159.000,800,000 s)
2024-06-03 19:54:38,506 INFO  - Recieve a message from other vehicle (at simulation time 159.000,900,000 s)
2024-06-03 19:54:38,506 INFO  - DENM message Recived from veh_29 -info : seco (at simulation time 159.000,900,000 s)
2024-06-03 19:54:38,506 INFO  - No more hops in DENM message (at simulation time 159.000,900,000 s)
2024-06-03 19:54:38,506 INFO  - Recieve a message from other vehicle (at simulation time 159.000,900,000 s)
2024-06-03 19:54:38,506 INFO  - My position is not better! (at simulation time 159.000,900,000 s)
2024-06-03 19:54:38,506 INFO  - Recieve a message from other vehicle (at simulation time 159.000,900,000 s)
2024-06-03 19:54:38,506 INFO  - My position is not better! (at simulation time 159.000,900,000 s)
2024-06-03 19:54:38,506 INFO  - Recieve a message from other vehicle (at simulation time 159.001,300,000 s)
2024-06-03 19:54:38,506 INFO  - DENM message Recived from veh_27 -info : seco (at simulation time 159.001,300,000 s)
2024-06-03 19:54:38,506 INFO  - No more hops in DENM message (at simulation time 159.001,300,000 s)
2024-06-03 19:54:38,507 INFO  - Recieve a message from other vehicle (at simulation time 159.001,400,000 s)
2024-06-03 19:54:38,507 INFO  - DENM message Recived from veh_27 -info : seco (at simulation time 159.001,400,000 s)
2024-06-03 19:54:38,507 INFO  - No more hops in DENM message (at simulation time 159.001,400,000 s)
2024-06-03 19:54:38,507 INFO  - Recieve a message from other vehicle (at simulation time 159.001,400,000 s)
2024-06-03 19:54:38,507 INFO  - My position is not better! (at simulation time 159.001,400,000 s)
2024-06-03 19:54:38,507 INFO  - Recieve a message from other vehicle (at simulation time 159.001,400,000 s)
2024-06-03 19:54:38,507 INFO  - My position is not better! (at simulation time 159.001,400,000 s)
2024-06-03 19:54:38,507 INFO  - Recieve a message from other vehicle (at simulation time 159.001,400,000 s)
2024-06-03 19:54:38,507 INFO  - My position is not better! (at simulation time 159.001,400,000 s)
2024-06-03 19:54:38,508 INFO  - Recieve a message from other vehicle (at simulation time 159.001,800,000 s)
2024-06-03 19:54:38,508 INFO  - DENM message Recived from veh_24 -info : piso-molhado (at simulation time 159.001,800,000 s)
2024-06-03 19:54:38,508 INFO  - I slow down due to road state (at simulation time 159.001,800,000 s)
2024-06-03 19:54:38,508 INFO  - No more hops in DENM message (at simulation time 159.001,800,000 s)
2024-06-03 19:54:38,509 INFO  - Recieve a message from other vehicle (at simulation time 159.001,900,000 s)
2024-06-03 19:54:38,509 INFO  - My position is not better! (at simulation time 159.001,900,000 s)
2024-06-03 19:54:38,509 INFO  - Recieve a message from other vehicle (at simulation time 159.002,300,000 s)
2024-06-03 19:54:38,509 INFO  - DENM message Recived from veh_25 -info : piso-molhado (at simulation time 159.002,300,000 s)
2024-06-03 19:54:38,509 INFO  - I slow down due to road state (at simulation time 159.002,300,000 s)
2024-06-03 19:54:38,509 INFO  - No more hops in DENM message (at simulation time 159.002,300,000 s)
2024-06-03 19:54:38,510 INFO  - Recieve a message from other vehicle (at simulation time 159.002,400,000 s)
2024-06-03 19:54:38,510 INFO  - My position is not better! (at simulation time 159.002,400,000 s)
2024-06-03 19:54:38,510 INFO  - Recieve a message from other vehicle (at simulation time 159.002,400,000 s)
2024-06-03 19:54:38,510 INFO  - My position is not better! (at simulation time 159.002,400,000 s)
2024-06-03 19:54:38,511 INFO  - Recieve a message from other vehicle (at simulation time 159.002,800,000 s)
2024-06-03 19:54:38,511 INFO  - My position is not better! (at simulation time 159.002,800,000 s)
2024-06-03 19:54:38,511 INFO  - Recieve a message from other vehicle (at simulation time 159.002,800,000 s)
2024-06-03 19:54:38,511 INFO  - My position is not better! (at simulation time 159.002,800,000 s)
2024-06-03 19:54:38,511 INFO  - Recieve a message from other vehicle (at simulation time 159.003,800,000 s)
2024-06-03 19:54:38,511 INFO  - My position is not better! (at simulation time 159.003,800,000 s)
2024-06-03 19:54:38,511 INFO  - Recieve a message from other vehicle (at simulation time 159.004,300,000 s)
2024-06-03 19:54:38,511 INFO  - My position is not better! (at simulation time 159.004,300,000 s)
2024-06-03 19:54:38,513 INFO  - Called #onVehicleUpdated (at simulation time 160.000,000,000 s)
2024-06-03 19:54:38,514 INFO  - Sending out DENM broadcast (at simulation time 160.000,000,000 s)
2024-06-03 19:54:38,514 INFO  - Sending out AdHoc broadcast (at simulation time 160.000,000,000 s)
2024-06-03 19:54:38,514 INFO  - Recieve a message from other vehicle (at simulation time 160.000,400,000 s)
2024-06-03 19:54:38,514 INFO  - My position is not better! (at simulation time 160.000,400,000 s)
2024-06-03 19:54:38,515 INFO  - Recieve a message from other vehicle (at simulation time 160.000,900,000 s)
2024-06-03 19:54:38,515 INFO  - DENM message Recived from veh_28 -info : nevoeiro (at simulation time 160.000,900,000 s)
2024-06-03 19:54:38,515 INFO  - No more hops in DENM message (at simulation time 160.000,900,000 s)
2024-06-03 19:54:38,515 INFO  - Recieve a message from other vehicle (at simulation time 160.000,900,000 s)
2024-06-03 19:54:38,515 INFO  - My position is not better! (at simulation time 160.000,900,000 s)
2024-06-03 19:54:38,515 INFO  - Recieve a message from other vehicle (at simulation time 160.000,900,000 s)
2024-06-03 19:54:38,515 INFO  - My position is not better! (at simulation time 160.000,900,000 s)
2024-06-03 19:54:38,515 INFO  - Recieve a message from other vehicle (at simulation time 160.001,300,000 s)
2024-06-03 19:54:38,515 INFO  - I'm in better position but no more hops in message (at simulation time 160.001,300,000 s)
2024-06-03 19:54:38,515 INFO  - Recieve a message from other vehicle (at simulation time 160.001,300,000 s)
2024-06-03 19:54:38,515 INFO  - I'm in better position but no more hops in message (at simulation time 160.001,300,000 s)
2024-06-03 19:54:38,515 INFO  - Recieve a message from other vehicle (at simulation time 160.001,300,000 s)
2024-06-03 19:54:38,515 INFO  - My position is not better! (at simulation time 160.001,300,000 s)
2024-06-03 19:54:38,515 INFO  - Recieve a message from other vehicle (at simulation time 160.001,300,000 s)
2024-06-03 19:54:38,515 INFO  - My position is not better! (at simulation time 160.001,300,000 s)
2024-06-03 19:54:38,515 INFO  - Recieve a message from other vehicle (at simulation time 160.001,400,000 s)
2024-06-03 19:54:38,515 INFO  - My position is not better! (at simulation time 160.001,400,000 s)
2024-06-03 19:54:38,516 INFO  - Recieve a message from other vehicle (at simulation time 160.001,400,000 s)
2024-06-03 19:54:38,516 INFO  - My position is not better! (at simulation time 160.001,400,000 s)
2024-06-03 19:54:38,516 INFO  - Recieve a message from other vehicle (at simulation time 160.001,800,000 s)
2024-06-03 19:54:38,516 INFO  - I'm in better position but no more hops in message (at simulation time 160.001,800,000 s)
2024-06-03 19:54:38,517 INFO  - Recieve a message from other vehicle (at simulation time 160.002,300,000 s)
2024-06-03 19:54:38,517 INFO  - DENM message Recived from veh_26 -info : seco (at simulation time 160.002,300,000 s)
2024-06-03 19:54:38,517 INFO  - No more hops in DENM message (at simulation time 160.002,300,000 s)
2024-06-03 19:54:38,517 INFO  - Recieve a message from other vehicle (at simulation time 160.002,400,000 s)
2024-06-03 19:54:38,517 INFO  - I'm in better position but no more hops in message (at simulation time 160.002,400,000 s)
2024-06-03 19:54:38,517 INFO  - Recieve a message from other vehicle (at simulation time 160.002,400,000 s)
2024-06-03 19:54:38,517 INFO  - I'm in better position but no more hops in message (at simulation time 160.002,400,000 s)
2024-06-03 19:54:38,517 INFO  - Recieve a message from other vehicle (at simulation time 160.002,400,000 s)
2024-06-03 19:54:38,517 INFO  - My position is not better! (at simulation time 160.002,400,000 s)
2024-06-03 19:54:38,517 INFO  - Recieve a message from other vehicle (at simulation time 160.002,400,000 s)
2024-06-03 19:54:38,517 INFO  - My position is not better! (at simulation time 160.002,400,000 s)
2024-06-03 19:54:38,517 INFO  - Recieve a message from other vehicle (at simulation time 160.002,400,000 s)
2024-06-03 19:54:38,517 INFO  - I'm in better position but no more hops in message (at simulation time 160.002,400,000 s)
2024-06-03 19:54:38,517 INFO  - Recieve a message from other vehicle (at simulation time 160.002,800,000 s)
2024-06-03 19:54:38,517 INFO  - DENM message Recived from veh_28 -info : nevoeiro (at simulation time 160.002,800,000 s)
2024-06-03 19:54:38,517 INFO  - No more hops in DENM message (at simulation time 160.002,800,000 s)
2024-06-03 19:54:38,519 INFO  - Called #onVehicleUpdated (at simulation time 161.000,000,000 s)
2024-06-03 19:54:38,519 INFO  - Recieve a message from other vehicle (at simulation time 161.000,400,000 s)
2024-06-03 19:54:38,519 INFO  - I'm in better position but no more hops in message (at simulation time 161.000,400,000 s)
2024-06-03 19:54:38,520 INFO  - Recieve a message from other vehicle (at simulation time 161.000,400,000 s)
2024-06-03 19:54:38,520 INFO  - I'm in better position but no more hops in message (at simulation time 161.000,400,000 s)
2024-06-03 19:54:38,520 INFO  - Recieve a message from other vehicle (at simulation time 161.000,900,000 s)
2024-06-03 19:54:38,520 INFO  - I'm in better position but no more hops in message (at simulation time 161.000,900,000 s)
2024-06-03 19:54:38,520 INFO  - Recieve a message from other vehicle (at simulation time 161.000,900,000 s)
2024-06-03 19:54:38,520 INFO  - Recending a message from other vehicle (at simulation time 161.000,900,000 s)
2024-06-03 19:54:38,520 INFO  - Recieve a message from other vehicle (at simulation time 161.000,900,000 s)
2024-06-03 19:54:38,520 INFO  - I'm in better position but no more hops in message (at simulation time 161.000,900,000 s)
2024-06-03 19:54:38,520 INFO  - Recieve a message from other vehicle (at simulation time 161.000,900,000 s)
2024-06-03 19:54:38,520 INFO  - Recending a message from other vehicle (at simulation time 161.000,900,000 s)
2024-06-03 19:54:38,520 INFO  - Recieve a message from other vehicle (at simulation time 161.001,400,000 s)
2024-06-03 19:54:38,520 INFO  - My position is not better! (at simulation time 161.001,400,000 s)
2024-06-03 19:54:38,520 INFO  - Recieve a message from other vehicle (at simulation time 161.001,400,000 s)
2024-06-03 19:54:38,520 INFO  - I'm in better position but no more hops in message (at simulation time 161.001,400,000 s)
2024-06-03 19:54:38,520 INFO  - Recieve a message from other vehicle (at simulation time 161.001,400,000 s)
2024-06-03 19:54:38,521 INFO  - I'm in better position but no more hops in message (at simulation time 161.001,400,000 s)
2024-06-03 19:54:38,521 INFO  - Recieve a message from other vehicle (at simulation time 161.001,800,000 s)
2024-06-03 19:54:38,521 INFO  - I'm in better position but no more hops in message (at simulation time 161.001,800,000 s)
2024-06-03 19:54:38,521 INFO  - Recieve a message from other vehicle (at simulation time 161.001,900,000 s)
2024-06-03 19:54:38,521 INFO  - I'm in better position but no more hops in message (at simulation time 161.001,900,000 s)
2024-06-03 19:54:38,521 INFO  - Recieve a message from other vehicle (at simulation time 161.001,900,000 s)
2024-06-03 19:54:38,521 INFO  - I'm in better position but no more hops in message (at simulation time 161.001,900,000 s)
2024-06-03 19:54:38,521 INFO  - Recieve a message from other vehicle (at simulation time 161.002,400,000 s)
2024-06-03 19:54:38,521 INFO  - I'm in better position but no more hops in message (at simulation time 161.002,400,000 s)
2024-06-03 19:54:38,521 INFO  - Recieve a message from other vehicle (at simulation time 161.002,400,000 s)
2024-06-03 19:54:38,521 INFO  - I'm in better position but no more hops in message (at simulation time 161.002,400,000 s)
2024-06-03 19:54:38,521 INFO  - Recieve a message from other vehicle (at simulation time 161.002,800,000 s)
2024-06-03 19:54:38,521 INFO  - I'm in better position but no more hops in message (at simulation time 161.002,800,000 s)
2024-06-03 19:54:38,523 INFO  - Called #onVehicleUpdated (at simulation time 162.000,000,000 s)
2024-06-03 19:54:38,523 INFO  - Sending out AdHoc broadcast (at simulation time 162.000,000,000 s)
2024-06-03 19:54:38,524 INFO  - Recieve a message from other vehicle (at simulation time 162.000,400,000 s)
2024-06-03 19:54:38,524 INFO  - My position is not better! (at simulation time 162.000,400,000 s)
2024-06-03 19:54:38,524 INFO  - Recieve a message from other vehicle (at simulation time 162.000,900,000 s)
2024-06-03 19:54:38,524 INFO  - I'm in better position but no more hops in message (at simulation time 162.000,900,000 s)
2024-06-03 19:54:38,524 INFO  - Recieve a message from other vehicle (at simulation time 162.000,900,000 s)
2024-06-03 19:54:38,524 INFO  - Recending a message from other vehicle (at simulation time 162.000,900,000 s)
2024-06-03 19:54:38,525 INFO  - Recieve a message from other vehicle (at simulation time 162.001,300,000 s)
2024-06-03 19:54:38,525 INFO  - I'm in better position but no more hops in message (at simulation time 162.001,300,000 s)
2024-06-03 19:54:38,525 INFO  - Recieve a message from other vehicle (at simulation time 162.001,300,000 s)
2024-06-03 19:54:38,525 INFO  - My position is not better! (at simulation time 162.001,300,000 s)
2024-06-03 19:54:38,525 INFO  - Recieve a message from other vehicle (at simulation time 162.001,900,000 s)
2024-06-03 19:54:38,525 INFO  - I'm in better position but no more hops in message (at simulation time 162.001,900,000 s)
2024-06-03 19:54:38,525 INFO  - Recieve a message from other vehicle (at simulation time 162.001,900,000 s)
2024-06-03 19:54:38,525 INFO  - I'm in better position but no more hops in message (at simulation time 162.001,900,000 s)
2024-06-03 19:54:38,525 INFO  - Recieve a message from other vehicle (at simulation time 162.001,900,000 s)
2024-06-03 19:54:38,525 INFO  - I'm in better position but no more hops in message (at simulation time 162.001,900,000 s)
2024-06-03 19:54:38,525 INFO  - Recieve a message from other vehicle (at simulation time 162.001,900,000 s)
2024-06-03 19:54:38,525 INFO  - I'm in better position but no more hops in message (at simulation time 162.001,900,000 s)
2024-06-03 19:54:38,525 INFO  - Recieve a message from other vehicle (at simulation time 162.002,300,000 s)
2024-06-03 19:54:38,525 INFO  - I'm in better position but no more hops in message (at simulation time 162.002,300,000 s)
2024-06-03 19:54:38,526 INFO  - Recieve a message from other vehicle (at simulation time 162.002,400,000 s)
2024-06-03 19:54:38,526 INFO  - I'm in better position but no more hops in message (at simulation time 162.002,400,000 s)
2024-06-03 19:54:38,526 INFO  - Recieve a message from other vehicle (at simulation time 162.002,400,000 s)
2024-06-03 19:54:38,526 INFO  - I'm in better position but no more hops in message (at simulation time 162.002,400,000 s)
2024-06-03 19:54:38,526 INFO  - Recieve a message from other vehicle (at simulation time 162.002,400,000 s)
2024-06-03 19:54:38,526 INFO  - I'm in better position but no more hops in message (at simulation time 162.002,400,000 s)
2024-06-03 19:54:38,527 INFO  - Called #onVehicleUpdated (at simulation time 163.000,000,000 s)
2024-06-03 19:54:38,529 INFO  - Recieve a message from other vehicle (at simulation time 163.000,400,000 s)
2024-06-03 19:54:38,529 INFO  - I'm in better position but no more hops in message (at simulation time 163.000,400,000 s)
2024-06-03 19:54:38,529 INFO  - Recieve a message from other vehicle (at simulation time 163.000,400,000 s)
2024-06-03 19:54:38,529 INFO  - I'm in better position but no more hops in message (at simulation time 163.000,400,000 s)
2024-06-03 19:54:38,529 INFO  - Recieve a message from other vehicle (at simulation time 163.000,400,000 s)
2024-06-03 19:54:38,529 INFO  - Recending a message from other vehicle (at simulation time 163.000,400,000 s)
2024-06-03 19:54:38,529 INFO  - Recieve a message from other vehicle (at simulation time 163.000,400,000 s)
2024-06-03 19:54:38,529 INFO  - Recending a message from other vehicle (at simulation time 163.000,400,000 s)
2024-06-03 19:54:38,530 INFO  - Recieve a message from other vehicle (at simulation time 163.000,900,000 s)
2024-06-03 19:54:38,530 INFO  - I'm in better position but no more hops in message (at simulation time 163.000,900,000 s)
2024-06-03 19:54:38,530 INFO  - Recieve a message from other vehicle (at simulation time 163.001,300,000 s)
2024-06-03 19:54:38,530 INFO  - I'm in better position but no more hops in message (at simulation time 163.001,300,000 s)
2024-06-03 19:54:38,530 INFO  - Recieve a message from other vehicle (at simulation time 163.001,400,000 s)
2024-06-03 19:54:38,530 INFO  - My position is not better! (at simulation time 163.001,400,000 s)
2024-06-03 19:54:38,530 INFO  - Recieve a message from other vehicle (at simulation time 163.001,400,000 s)
2024-06-03 19:54:38,530 INFO  - I'm in better position but no more hops in message (at simulation time 163.001,400,000 s)
2024-06-03 19:54:38,531 INFO  - Recieve a message from other vehicle (at simulation time 163.001,400,000 s)
2024-06-03 19:54:38,531 INFO  - I'm in better position but no more hops in message (at simulation time 163.001,400,000 s)
2024-06-03 19:54:38,531 INFO  - Recieve a message from other vehicle (at simulation time 163.001,400,000 s)
2024-06-03 19:54:38,531 INFO  - I'm in better position but no more hops in message (at simulation time 163.001,400,000 s)
2024-06-03 19:54:38,531 INFO  - Recieve a message from other vehicle (at simulation time 163.001,400,000 s)
2024-06-03 19:54:38,531 INFO  - I'm in better position but no more hops in message (at simulation time 163.001,400,000 s)
2024-06-03 19:54:38,531 INFO  - Recieve a message from other vehicle (at simulation time 163.001,400,000 s)
2024-06-03 19:54:38,531 INFO  - I'm in better position but no more hops in message (at simulation time 163.001,400,000 s)
2024-06-03 19:54:38,532 INFO  - Recieve a message from other vehicle (at simulation time 163.002,400,000 s)
2024-06-03 19:54:38,532 INFO  - I'm in better position but no more hops in message (at simulation time 163.002,400,000 s)
2024-06-03 19:54:38,532 INFO  - Recieve a message from other vehicle (at simulation time 163.002,400,000 s)
2024-06-03 19:54:38,532 INFO  - I'm in better position but no more hops in message (at simulation time 163.002,400,000 s)
2024-06-03 19:54:38,532 INFO  - Recieve a message from other vehicle (at simulation time 163.002,800,000 s)
2024-06-03 19:54:38,532 INFO  - I'm in better position but no more hops in message (at simulation time 163.002,800,000 s)
2024-06-03 19:54:38,534 INFO  - Called #onVehicleUpdated (at simulation time 164.000,000,000 s)
2024-06-03 19:54:38,535 INFO  - Sending out AdHoc broadcast (at simulation time 164.000,000,000 s)
2024-06-03 19:54:38,535 INFO  - Recieve a message from other vehicle (at simulation time 164.000,400,000 s)
2024-06-03 19:54:38,535 INFO  - I'm in better position but no more hops in message (at simulation time 164.000,400,000 s)
2024-06-03 19:54:38,535 INFO  - Recieve a message from other vehicle (at simulation time 164.000,400,000 s)
2024-06-03 19:54:38,535 INFO  - I'm in better position but no more hops in message (at simulation time 164.000,400,000 s)
2024-06-03 19:54:38,535 INFO  - Recieve a message from other vehicle (at simulation time 164.000,900,000 s)
2024-06-03 19:54:38,535 INFO  - Recending a message from other vehicle (at simulation time 164.000,900,000 s)
2024-06-03 19:54:38,535 INFO  - Recieve a message from other vehicle (at simulation time 164.000,900,000 s)
2024-06-03 19:54:38,535 INFO  - I'm in better position but no more hops in message (at simulation time 164.000,900,000 s)
2024-06-03 19:54:38,536 INFO  - Recieve a message from other vehicle (at simulation time 164.001,300,000 s)
2024-06-03 19:54:38,536 INFO  - I'm in better position but no more hops in message (at simulation time 164.001,300,000 s)
2024-06-03 19:54:38,536 INFO  - Recieve a message from other vehicle (at simulation time 164.001,300,000 s)
2024-06-03 19:54:38,536 INFO  - I'm in better position but no more hops in message (at simulation time 164.001,300,000 s)
2024-06-03 19:54:38,536 INFO  - Recieve a message from other vehicle (at simulation time 164.001,400,000 s)
2024-06-03 19:54:38,536 INFO  - I'm in better position but no more hops in message (at simulation time 164.001,400,000 s)
2024-06-03 19:54:38,536 INFO  - Recieve a message from other vehicle (at simulation time 164.001,900,000 s)
2024-06-03 19:54:38,536 INFO  - I'm in better position but no more hops in message (at simulation time 164.001,900,000 s)
2024-06-03 19:54:38,536 INFO  - Recieve a message from other vehicle (at simulation time 164.001,900,000 s)
2024-06-03 19:54:38,536 INFO  - I'm in better position but no more hops in message (at simulation time 164.001,900,000 s)
2024-06-03 19:54:38,536 INFO  - Recieve a message from other vehicle (at simulation time 164.001,900,000 s)
2024-06-03 19:54:38,536 INFO  - I'm in better position but no more hops in message (at simulation time 164.001,900,000 s)
2024-06-03 19:54:38,536 INFO  - Recieve a message from other vehicle (at simulation time 164.002,300,000 s)
2024-06-03 19:54:38,536 INFO  - My position is not better! (at simulation time 164.002,300,000 s)
2024-06-03 19:54:38,536 INFO  - Recieve a message from other vehicle (at simulation time 164.002,400,000 s)
2024-06-03 19:54:38,536 INFO  - I'm in better position but no more hops in message (at simulation time 164.002,400,000 s)
2024-06-03 19:54:38,536 INFO  - Recieve a message from other vehicle (at simulation time 164.002,400,000 s)
2024-06-03 19:54:38,536 INFO  - My position is not better! (at simulation time 164.002,400,000 s)
2024-06-03 19:54:38,538 INFO  - Called #onVehicleUpdated (at simulation time 165.000,000,000 s)
2024-06-03 19:54:38,539 INFO  - Recieve a message from other vehicle (at simulation time 165.000,400,000 s)
2024-06-03 19:54:38,539 INFO  - Recending a message from other vehicle (at simulation time 165.000,400,000 s)
2024-06-03 19:54:38,539 INFO  - Recieve a message from other vehicle (at simulation time 165.000,900,000 s)
2024-06-03 19:54:38,539 INFO  - I'm in better position but no more hops in message (at simulation time 165.000,900,000 s)
2024-06-03 19:54:38,539 INFO  - Recieve a message from other vehicle (at simulation time 165.000,900,000 s)
2024-06-03 19:54:38,539 INFO  - I'm in better position but no more hops in message (at simulation time 165.000,900,000 s)
2024-06-03 19:54:38,539 INFO  - Recieve a message from other vehicle (at simulation time 165.000,900,000 s)
2024-06-03 19:54:38,539 INFO  - I'm in better position but no more hops in message (at simulation time 165.000,900,000 s)
2024-06-03 19:54:38,539 INFO  - Recieve a message from other vehicle (at simulation time 165.001,400,000 s)
2024-06-03 19:54:38,539 INFO  - I'm in better position but no more hops in message (at simulation time 165.001,400,000 s)
2024-06-03 19:54:38,539 INFO  - Recieve a message from other vehicle (at simulation time 165.001,400,000 s)
2024-06-03 19:54:38,539 INFO  - I'm in better position but no more hops in message (at simulation time 165.001,400,000 s)
2024-06-03 19:54:38,540 INFO  - Recieve a message from other vehicle (at simulation time 165.001,900,000 s)
2024-06-03 19:54:38,540 INFO  - My position is not better! (at simulation time 165.001,900,000 s)
2024-06-03 19:54:38,540 INFO  - Recieve a message from other vehicle (at simulation time 165.001,900,000 s)
2024-06-03 19:54:38,540 INFO  - I'm in better position but no more hops in message (at simulation time 165.001,900,000 s)
2024-06-03 19:54:38,540 INFO  - Recieve a message from other vehicle (at simulation time 165.001,900,000 s)
2024-06-03 19:54:38,540 INFO  - I'm in better position but no more hops in message (at simulation time 165.001,900,000 s)
2024-06-03 19:54:38,540 INFO  - Recieve a message from other vehicle (at simulation time 165.001,900,000 s)
2024-06-03 19:54:38,540 INFO  - I'm in better position but no more hops in message (at simulation time 165.001,900,000 s)
2024-06-03 19:54:38,540 INFO  - Recieve a message from other vehicle (at simulation time 165.002,300,000 s)
2024-06-03 19:54:38,540 INFO  - I'm in better position but no more hops in message (at simulation time 165.002,300,000 s)
2024-06-03 19:54:38,540 INFO  - Recieve a message from other vehicle (at simulation time 165.002,300,000 s)
2024-06-03 19:54:38,540 INFO  - I'm in better position but no more hops in message (at simulation time 165.002,300,000 s)
2024-06-03 19:54:38,540 INFO  - Recieve a message from other vehicle (at simulation time 165.004,300,000 s)
2024-06-03 19:54:38,540 INFO  - I'm in better position but no more hops in message (at simulation time 165.004,300,000 s)
2024-06-03 19:54:38,542 INFO  - Called #onVehicleUpdated (at simulation time 166.000,000,000 s)
2024-06-03 19:54:38,542 INFO  - Sending out AdHoc broadcast (at simulation time 166.000,000,000 s)
2024-06-03 19:54:38,543 INFO  - Recieve a message from other vehicle (at simulation time 166.000,400,000 s)
2024-06-03 19:54:38,543 INFO  - My position is not better! (at simulation time 166.000,400,000 s)
2024-06-03 19:54:38,543 INFO  - Recieve a message from other vehicle (at simulation time 166.000,400,000 s)
2024-06-03 19:54:38,543 INFO  - My position is not better! (at simulation time 166.000,400,000 s)
2024-06-03 19:54:38,544 INFO  - Recieve a message from other vehicle (at simulation time 166.001,400,000 s)
2024-06-03 19:54:38,544 INFO  - My position is not better! (at simulation time 166.001,400,000 s)
2024-06-03 19:54:38,544 INFO  - Recieve a message from other vehicle (at simulation time 166.001,900,000 s)
2024-06-03 19:54:38,544 INFO  - My position is not better! (at simulation time 166.001,900,000 s)
2024-06-03 19:54:38,544 INFO  - Recieve a message from other vehicle (at simulation time 166.001,900,000 s)
2024-06-03 19:54:38,544 INFO  - My position is not better! (at simulation time 166.001,900,000 s)
2024-06-03 19:54:38,544 INFO  - Recieve a message from other vehicle (at simulation time 166.002,400,000 s)
2024-06-03 19:54:38,544 INFO  - My position is not better! (at simulation time 166.002,400,000 s)
2024-06-03 19:54:38,544 INFO  - Recieve a message from other vehicle (at simulation time 166.002,400,000 s)
2024-06-03 19:54:38,544 INFO  - My position is not better! (at simulation time 166.002,400,000 s)
2024-06-03 19:54:38,544 INFO  - Recieve a message from other vehicle (at simulation time 166.002,800,000 s)
2024-06-03 19:54:38,544 INFO  - My position is not better! (at simulation time 166.002,800,000 s)
2024-06-03 19:54:38,544 INFO  - Recieve a message from other vehicle (at simulation time 166.002,800,000 s)
2024-06-03 19:54:38,544 INFO  - My position is not better! (at simulation time 166.002,800,000 s)
2024-06-03 19:54:38,544 INFO  - Recieve a message from other vehicle (at simulation time 166.003,300,000 s)
2024-06-03 19:54:38,544 INFO  - My position is not better! (at simulation time 166.003,300,000 s)
2024-06-03 19:54:38,544 INFO  - Recieve a message from other vehicle (at simulation time 166.003,300,000 s)
2024-06-03 19:54:38,544 INFO  - My position is not better! (at simulation time 166.003,300,000 s)
2024-06-03 19:54:38,545 INFO  - Recieve a message from other vehicle (at simulation time 166.003,300,000 s)
2024-06-03 19:54:38,545 INFO  - My position is not better! (at simulation time 166.003,300,000 s)
2024-06-03 19:54:38,547 INFO  - Called #onVehicleUpdated (at simulation time 167.000,000,000 s)
2024-06-03 19:54:38,548 INFO  - Recieve a message from other vehicle (at simulation time 167.000,400,000 s)
2024-06-03 19:54:38,548 INFO  - My position is not better! (at simulation time 167.000,400,000 s)
2024-06-03 19:54:38,548 INFO  - Recieve a message from other vehicle (at simulation time 167.000,900,000 s)
2024-06-03 19:54:38,548 INFO  - My position is not better! (at simulation time 167.000,900,000 s)
2024-06-03 19:54:38,548 INFO  - Recieve a message from other vehicle (at simulation time 167.000,900,000 s)
2024-06-03 19:54:38,548 INFO  - My position is not better! (at simulation time 167.000,900,000 s)
2024-06-03 19:54:38,548 INFO  - Recieve a message from other vehicle (at simulation time 167.000,900,000 s)
2024-06-03 19:54:38,548 INFO  - My position is not better! (at simulation time 167.000,900,000 s)
2024-06-03 19:54:38,548 INFO  - Recieve a message from other vehicle (at simulation time 167.000,900,000 s)
2024-06-03 19:54:38,548 INFO  - My position is not better! (at simulation time 167.000,900,000 s)
2024-06-03 19:54:38,548 INFO  - Recieve a message from other vehicle (at simulation time 167.001,400,000 s)
2024-06-03 19:54:38,548 INFO  - My position is not better! (at simulation time 167.001,400,000 s)
2024-06-03 19:54:38,548 INFO  - Recieve a message from other vehicle (at simulation time 167.001,400,000 s)
2024-06-03 19:54:38,548 INFO  - My position is not better! (at simulation time 167.001,400,000 s)
2024-06-03 19:54:38,548 INFO  - Recieve a message from other vehicle (at simulation time 167.002,400,000 s)
2024-06-03 19:54:38,548 INFO  - My position is not better! (at simulation time 167.002,400,000 s)
2024-06-03 19:54:38,549 INFO  - Recieve a message from other vehicle (at simulation time 167.002,800,000 s)
2024-06-03 19:54:38,549 INFO  - My position is not better! (at simulation time 167.002,800,000 s)
2024-06-03 19:54:38,549 INFO  - Recieve a message from other vehicle (at simulation time 167.003,300,000 s)
2024-06-03 19:54:38,549 INFO  - My position is not better! (at simulation time 167.003,300,000 s)
2024-06-03 19:54:38,549 INFO  - Recieve a message from other vehicle (at simulation time 167.003,300,000 s)
2024-06-03 19:54:38,549 INFO  - My position is not better! (at simulation time 167.003,300,000 s)
2024-06-03 19:54:38,549 INFO  - Recieve a message from other vehicle (at simulation time 167.003,800,000 s)
2024-06-03 19:54:38,549 INFO  - My position is not better! (at simulation time 167.003,800,000 s)
2024-06-03 19:54:38,549 INFO  - Recieve a message from other vehicle (at simulation time 167.003,800,000 s)
2024-06-03 19:54:38,549 INFO  - My position is not better! (at simulation time 167.003,800,000 s)
2024-06-03 19:54:38,551 INFO  - Called #onVehicleUpdated (at simulation time 168.000,000,000 s)
2024-06-03 19:54:38,552 INFO  - Sending out AdHoc broadcast (at simulation time 168.000,000,000 s)
2024-06-03 19:54:38,552 INFO  - Recieve a message from other vehicle (at simulation time 168.000,900,000 s)
2024-06-03 19:54:38,552 INFO  - My position is not better! (at simulation time 168.000,900,000 s)
2024-06-03 19:54:38,552 INFO  - Recieve a message from other vehicle (at simulation time 168.001,400,000 s)
2024-06-03 19:54:38,552 INFO  - My position is not better! (at simulation time 168.001,400,000 s)
2024-06-03 19:54:38,552 INFO  - Recieve a message from other vehicle (at simulation time 168.001,800,000 s)
2024-06-03 19:54:38,552 INFO  - My position is not better! (at simulation time 168.001,800,000 s)
2024-06-03 19:54:38,552 INFO  - Recieve a message from other vehicle (at simulation time 168.001,900,000 s)
2024-06-03 19:54:38,552 INFO  - My position is not better! (at simulation time 168.001,900,000 s)
2024-06-03 19:54:38,552 INFO  - Recieve a message from other vehicle (at simulation time 168.001,900,000 s)
2024-06-03 19:54:38,552 INFO  - My position is not better! (at simulation time 168.001,900,000 s)
2024-06-03 19:54:38,553 INFO  - Recieve a message from other vehicle (at simulation time 168.001,900,000 s)
2024-06-03 19:54:38,553 INFO  - My position is not better! (at simulation time 168.001,900,000 s)
2024-06-03 19:54:38,553 INFO  - Recieve a message from other vehicle (at simulation time 168.001,900,000 s)
2024-06-03 19:54:38,553 INFO  - My position is not better! (at simulation time 168.001,900,000 s)
2024-06-03 19:54:38,553 INFO  - Recieve a message from other vehicle (at simulation time 168.002,300,000 s)
2024-06-03 19:54:38,553 INFO  - My position is not better! (at simulation time 168.002,300,000 s)
2024-06-03 19:54:38,553 INFO  - Recieve a message from other vehicle (at simulation time 168.002,800,000 s)
2024-06-03 19:54:38,553 INFO  - My position is not better! (at simulation time 168.002,800,000 s)
2024-06-03 19:54:38,553 INFO  - Recieve a message from other vehicle (at simulation time 168.002,800,000 s)
2024-06-03 19:54:38,553 INFO  - My position is not better! (at simulation time 168.002,800,000 s)
2024-06-03 19:54:38,553 INFO  - Recieve a message from other vehicle (at simulation time 168.003,300,000 s)
2024-06-03 19:54:38,553 INFO  - My position is not better! (at simulation time 168.003,300,000 s)
2024-06-03 19:54:38,554 INFO  - Called #onVehicleUpdated (at simulation time 169.000,000,000 s)
2024-06-03 19:54:38,557 INFO  - Called #onVehicleUpdated (at simulation time 170.000,000,000 s)
2024-06-03 19:54:38,557 INFO  - Sending out AdHoc broadcast (at simulation time 170.000,000,000 s)
2024-06-03 19:54:38,559 INFO  - Called #onVehicleUpdated (at simulation time 171.000,000,000 s)
2024-06-03 19:54:38,559 INFO  - Exced velocity! Sending new CAM (at simulation time 171.000,000,000 s)
2024-06-03 19:54:38,559 INFO  - Sending out AdHoc broadcast (at simulation time 171.000,000,000 s)
2024-06-03 19:54:38,560 INFO  - Called #onVehicleUpdated (at simulation time 172.000,000,000 s)
2024-06-03 19:54:38,560 INFO  - Exced velocity! Sending new CAM (at simulation time 172.000,000,000 s)
2024-06-03 19:54:38,560 INFO  - Sending out AdHoc broadcast (at simulation time 172.000,000,000 s)
2024-06-03 19:54:38,561 INFO  - Sending out AdHoc broadcast (at simulation time 172.000,000,000 s)
2024-06-03 19:54:38,664 INFO  - Called #onVehicleUpdated (at simulation time 173.000,000,000 s)
2024-06-03 19:54:38,664 INFO  - Exced velocity! Sending new CAM (at simulation time 173.000,000,000 s)
2024-06-03 19:54:38,664 INFO  - Sending out AdHoc broadcast (at simulation time 173.000,000,000 s)
2024-06-03 19:54:38,664 INFO  - Sending out AdHoc broadcast (at simulation time 173.000,000,000 s)
2024-06-03 19:54:38,666 INFO  - Shutdown (at simulation time 174.000,000,000 s)
