2024-06-03 19:14:59,965 INFO  - Initialize Vehicle application (at simulation time 6.000,000,000 s)
2024-06-03 19:14:59,966 INFO  - Activated WLAN Module (at simulation time 6.000,000,000 s)
2024-06-03 19:14:59,976 INFO  - Called #onVehicleUpdated (at simulation time 6.000,000,000 s)
2024-06-03 19:14:59,986 INFO  - Called #onVehicleUpdated (at simulation time 7.000,000,000 s)
2024-06-03 19:14:59,987 INFO  - Define the name: veh_0 and route: r_0 (at simulation time 7.000,000,000 s)
2024-06-03 19:14:59,988 INFO  - Sending out AdHoc broadcast (at simulation time 7.000,000,000 s)
2024-06-03 19:14:59,994 INFO  - Called #onVehicleUpdated (at simulation time 8.000,000,000 s)
2024-06-03 19:14:59,999 INFO  - Called #onVehicleUpdated (at simulation time 9.000,000,000 s)
2024-06-03 19:15:00,001 INFO  - Sending out AdHoc broadcast (at simulation time 9.000,000,000 s)
2024-06-03 19:15:00,011 INFO  - Called #onVehicleUpdated (at simulation time 10.000,000,000 s)
2024-06-03 19:15:00,018 INFO  - Called #onVehicleUpdated (at simulation time 11.000,000,000 s)
2024-06-03 19:15:00,019 INFO  - Sending out AdHoc broadcast (at simulation time 11.000,000,000 s)
2024-06-03 19:15:00,027 INFO  - Called #onVehicleUpdated (at simulation time 12.000,000,000 s)
2024-06-03 19:15:00,037 INFO  - Called #onVehicleUpdated (at simulation time 13.000,000,000 s)
2024-06-03 19:15:00,040 INFO  - Sending out AdHoc broadcast (at simulation time 13.000,000,000 s)
2024-06-03 19:15:00,042 INFO  - Recieve a message from other vehicle (at simulation time 13.000,400,000 s)
2024-06-03 19:15:00,042 INFO  - My position is not better! (at simulation time 13.000,400,000 s)
2024-06-03 19:15:00,042 INFO  - Recieve a message from other vehicle (at simulation time 13.000,400,000 s)
2024-06-03 19:15:00,042 INFO  - My position is not better! (at simulation time 13.000,400,000 s)
2024-06-03 19:15:00,043 INFO  - Recieve a message from other vehicle (at simulation time 13.000,900,000 s)
2024-06-03 19:15:00,043 INFO  - My position is not better! (at simulation time 13.000,900,000 s)
2024-06-03 19:15:00,044 INFO  - Recieve a message from other vehicle (at simulation time 13.001,400,000 s)
2024-06-03 19:15:00,044 INFO  - My position is not better! (at simulation time 13.001,400,000 s)
2024-06-03 19:15:00,045 INFO  - Recieve a message from other vehicle (at simulation time 13.001,400,000 s)
2024-06-03 19:15:00,045 INFO  - My position is not better! (at simulation time 13.001,400,000 s)
2024-06-03 19:15:00,045 INFO  - Recieve a message from other vehicle (at simulation time 13.001,400,000 s)
2024-06-03 19:15:00,045 INFO  - My position is not better! (at simulation time 13.001,400,000 s)
2024-06-03 19:15:00,045 INFO  - Recieve a message from other vehicle (at simulation time 13.001,400,000 s)
2024-06-03 19:15:00,045 INFO  - My position is not better! (at simulation time 13.001,400,000 s)
2024-06-03 19:15:00,047 INFO  - Recieve a message from other vehicle (at simulation time 13.001,900,000 s)
2024-06-03 19:15:00,047 INFO  - My position is not better! (at simulation time 13.001,900,000 s)
2024-06-03 19:15:00,048 INFO  - Recieve a message from other vehicle (at simulation time 13.002,400,000 s)
2024-06-03 19:15:00,048 INFO  - My position is not better! (at simulation time 13.002,400,000 s)
2024-06-03 19:15:00,049 INFO  - Recieve a message from other vehicle (at simulation time 13.002,800,000 s)
2024-06-03 19:15:00,049 INFO  - My position is not better! (at simulation time 13.002,800,000 s)
2024-06-03 19:15:00,049 INFO  - Recieve a message from other vehicle (at simulation time 13.002,800,000 s)
2024-06-03 19:15:00,049 INFO  - My position is not better! (at simulation time 13.002,800,000 s)
2024-06-03 19:15:00,050 INFO  - Recieve a message from other vehicle (at simulation time 13.002,800,000 s)
2024-06-03 19:15:00,050 INFO  - My position is not better! (at simulation time 13.002,800,000 s)
2024-06-03 19:15:00,050 INFO  - Recieve a message from other vehicle (at simulation time 13.003,300,000 s)
2024-06-03 19:15:00,050 INFO  - My position is not better! (at simulation time 13.003,300,000 s)
2024-06-03 19:15:00,051 INFO  - Recieve a message from other vehicle (at simulation time 13.003,800,000 s)
2024-06-03 19:15:00,051 INFO  - I'm in better position but no more hops in message (at simulation time 13.003,800,000 s)
2024-06-03 19:15:00,051 INFO  - Recieve a message from other vehicle (at simulation time 13.003,800,000 s)
2024-06-03 19:15:00,051 INFO  - My position is not better! (at simulation time 13.003,800,000 s)
2024-06-03 19:15:00,051 INFO  - Recieve a message from other vehicle (at simulation time 13.003,800,000 s)
2024-06-03 19:15:00,051 INFO  - My position is not better! (at simulation time 13.003,800,000 s)
2024-06-03 19:15:00,056 INFO  - Called #onVehicleUpdated (at simulation time 14.000,000,000 s)
2024-06-03 19:15:00,059 INFO  - Recieve a message from other vehicle (at simulation time 14.000,400,000 s)
2024-06-03 19:15:00,059 INFO  - My position is not better! (at simulation time 14.000,400,000 s)
2024-06-03 19:15:00,059 INFO  - Recieve a message from other vehicle (at simulation time 14.000,900,000 s)
2024-06-03 19:15:00,059 INFO  - My position is not better! (at simulation time 14.000,900,000 s)
2024-06-03 19:15:00,060 INFO  - Recieve a message from other vehicle (at simulation time 14.000,900,000 s)
2024-06-03 19:15:00,060 INFO  - My position is not better! (at simulation time 14.000,900,000 s)
2024-06-03 19:15:00,060 INFO  - Recieve a message from other vehicle (at simulation time 14.000,900,000 s)
2024-06-03 19:15:00,060 INFO  - Recending a message from other vehicle (at simulation time 14.000,900,000 s)
2024-06-03 19:15:00,061 INFO  - Recieve a message from other vehicle (at simulation time 14.001,300,000 s)
2024-06-03 19:15:00,061 INFO  - I'm in better position but no more hops in message (at simulation time 14.001,300,000 s)
2024-06-03 19:15:00,061 INFO  - Recieve a message from other vehicle (at simulation time 14.001,400,000 s)
2024-06-03 19:15:00,062 INFO  - My position is not better! (at simulation time 14.001,400,000 s)
2024-06-03 19:15:00,062 INFO  - Recieve a message from other vehicle (at simulation time 14.001,400,000 s)
2024-06-03 19:15:00,062 INFO  - My position is not better! (at simulation time 14.001,400,000 s)
2024-06-03 19:15:00,063 INFO  - Recieve a message from other vehicle (at simulation time 14.001,400,000 s)
2024-06-03 19:15:00,063 INFO  - My position is not better! (at simulation time 14.001,400,000 s)
2024-06-03 19:15:00,063 INFO  - Recieve a message from other vehicle (at simulation time 14.001,800,000 s)
2024-06-03 19:15:00,063 INFO  - My position is not better! (at simulation time 14.001,800,000 s)
2024-06-03 19:15:00,063 INFO  - Recieve a message from other vehicle (at simulation time 14.001,900,000 s)
2024-06-03 19:15:00,063 INFO  - I'm in better position but no more hops in message (at simulation time 14.001,900,000 s)
2024-06-03 19:15:00,064 INFO  - Recieve a message from other vehicle (at simulation time 14.001,900,000 s)
2024-06-03 19:15:00,064 INFO  - My position is not better! (at simulation time 14.001,900,000 s)
2024-06-03 19:15:00,065 INFO  - Recieve a message from other vehicle (at simulation time 14.002,300,000 s)
2024-06-03 19:15:00,065 INFO  - My position is not better! (at simulation time 14.002,300,000 s)
2024-06-03 19:15:00,067 INFO  - Recieve a message from other vehicle (at simulation time 14.002,400,000 s)
2024-06-03 19:15:00,067 INFO  - I'm in better position but no more hops in message (at simulation time 14.002,400,000 s)
2024-06-03 19:15:00,068 INFO  - Recieve a message from other vehicle (at simulation time 14.003,300,000 s)
2024-06-03 19:15:00,068 INFO  - I'm in better position but no more hops in message (at simulation time 14.003,300,000 s)
2024-06-03 19:15:00,068 INFO  - Recieve a message from other vehicle (at simulation time 14.003,300,000 s)
2024-06-03 19:15:00,068 INFO  - My position is not better! (at simulation time 14.003,300,000 s)
2024-06-03 19:15:00,068 INFO  - Recieve a message from other vehicle (at simulation time 14.004,300,000 s)
2024-06-03 19:15:00,068 INFO  - My position is not better! (at simulation time 14.004,300,000 s)
2024-06-03 19:15:00,077 INFO  - Called #onVehicleUpdated (at simulation time 15.000,000,000 s)
2024-06-03 19:15:00,077 INFO  - Sending out DENM broadcast (at simulation time 15.000,000,000 s)
2024-06-03 19:15:00,078 INFO  - Sending out AdHoc broadcast (at simulation time 15.000,000,000 s)
2024-06-03 19:15:00,080 INFO  - Recieve a message from other vehicle (at simulation time 15.000,400,000 s)
2024-06-03 19:15:00,080 INFO  - DENM message Recived from veh_3 -info : seco (at simulation time 15.000,400,000 s)
2024-06-03 19:15:00,080 INFO  - No more hops in DENM message (at simulation time 15.000,400,000 s)
2024-06-03 19:15:00,080 INFO  - Recieve a message from other vehicle (at simulation time 15.000,400,000 s)
2024-06-03 19:15:00,080 INFO  - My position is not better! (at simulation time 15.000,400,000 s)
2024-06-03 19:15:00,081 INFO  - Recieve a message from other vehicle (at simulation time 15.000,400,000 s)
2024-06-03 19:15:00,081 INFO  - My position is not better! (at simulation time 15.000,400,000 s)
2024-06-03 19:15:00,082 INFO  - Recieve a message from other vehicle (at simulation time 15.000,900,000 s)
2024-06-03 19:15:00,082 INFO  - My position is not better! (at simulation time 15.000,900,000 s)
2024-06-03 19:15:00,083 INFO  - Recieve a message from other vehicle (at simulation time 15.001,300,000 s)
2024-06-03 19:15:00,083 INFO  - DENM message Recived from veh_0 -info : seco (at simulation time 15.001,300,000 s)
2024-06-03 19:15:00,083 INFO  - No more hops in DENM message (at simulation time 15.001,300,000 s)
2024-06-03 19:15:00,084 INFO  - Recieve a message from other vehicle (at simulation time 15.001,300,000 s)
2024-06-03 19:15:00,084 INFO  - DENM message Recived from veh_1 -info : seco (at simulation time 15.001,300,000 s)
2024-06-03 19:15:00,084 INFO  - No more hops in DENM message (at simulation time 15.001,300,000 s)
2024-06-03 19:15:00,084 INFO  - Recieve a message from other vehicle (at simulation time 15.001,300,000 s)
2024-06-03 19:15:00,084 INFO  - DENM message Recived from veh_3 -info : seco (at simulation time 15.001,300,000 s)
2024-06-03 19:15:00,084 INFO  - No more hops in DENM message (at simulation time 15.001,300,000 s)
2024-06-03 19:15:00,084 INFO  - Recieve a message from other vehicle (at simulation time 15.001,400,000 s)
2024-06-03 19:15:00,084 INFO  - DENM message Recived from veh_1 -info : seco (at simulation time 15.001,400,000 s)
2024-06-03 19:15:00,084 INFO  - No more hops in DENM message (at simulation time 15.001,400,000 s)
2024-06-03 19:15:00,085 INFO  - Recieve a message from other vehicle (at simulation time 15.001,400,000 s)
2024-06-03 19:15:00,085 INFO  - My position is not better! (at simulation time 15.001,400,000 s)
2024-06-03 19:15:00,085 INFO  - Recieve a message from other vehicle (at simulation time 15.001,800,000 s)
2024-06-03 19:15:00,085 INFO  - DENM message Recived from veh_5 -info : seco (at simulation time 15.001,800,000 s)
2024-06-03 19:15:00,085 INFO  - No more hops in DENM message (at simulation time 15.001,800,000 s)
2024-06-03 19:15:00,086 INFO  - Recieve a message from other vehicle (at simulation time 15.001,900,000 s)
2024-06-03 19:15:00,086 INFO  - DENM message Recived from veh_5 -info : seco (at simulation time 15.001,900,000 s)
2024-06-03 19:15:00,086 INFO  - No more hops in DENM message (at simulation time 15.001,900,000 s)
2024-06-03 19:15:00,086 INFO  - Recieve a message from other vehicle (at simulation time 15.001,900,000 s)
2024-06-03 19:15:00,086 INFO  - My position is not better! (at simulation time 15.001,900,000 s)
2024-06-03 19:15:00,086 INFO  - Recieve a message from other vehicle (at simulation time 15.001,900,000 s)
2024-06-03 19:15:00,086 INFO  - My position is not better! (at simulation time 15.001,900,000 s)
2024-06-03 19:15:00,086 INFO  - Recieve a message from other vehicle (at simulation time 15.001,900,000 s)
2024-06-03 19:15:00,086 INFO  - My position is not better! (at simulation time 15.001,900,000 s)
2024-06-03 19:15:00,086 INFO  - Recieve a message from other vehicle (at simulation time 15.001,900,000 s)
2024-06-03 19:15:00,086 INFO  - My position is not better! (at simulation time 15.001,900,000 s)
2024-06-03 19:15:00,087 INFO  - Recieve a message from other vehicle (at simulation time 15.001,900,000 s)
2024-06-03 19:15:00,087 INFO  - My position is not better! (at simulation time 15.001,900,000 s)
2024-06-03 19:15:00,087 INFO  - Recieve a message from other vehicle (at simulation time 15.002,300,000 s)
2024-06-03 19:15:00,087 INFO  - My position is not better! (at simulation time 15.002,300,000 s)
2024-06-03 19:15:00,087 INFO  - Recieve a message from other vehicle (at simulation time 15.002,300,000 s)
2024-06-03 19:15:00,087 INFO  - I'm in better position but no more hops in message (at simulation time 15.002,300,000 s)
2024-06-03 19:15:00,088 INFO  - Recieve a message from other vehicle (at simulation time 15.002,400,000 s)
2024-06-03 19:15:00,088 INFO  - I'm in better position but no more hops in message (at simulation time 15.002,400,000 s)
2024-06-03 19:15:00,090 INFO  - Recieve a message from RSU (at simulation time 15.323,254,660 s)
2024-06-03 19:15:00,090 INFO  - RSU Stopped me!!! (at simulation time 15.323,254,660 s)
2024-06-03 19:15:00,091 INFO  - Recieve a message from RSU (at simulation time 15.326,639,386 s)
2024-06-03 19:15:00,093 INFO  - Called #onVehicleUpdated (at simulation time 16.000,000,000 s)
2024-06-03 19:15:00,096 INFO  - Recieve a message from other vehicle (at simulation time 16.000,400,000 s)
2024-06-03 19:15:00,096 INFO  - My position is not better! (at simulation time 16.000,400,000 s)
2024-06-03 19:15:00,096 INFO  - Recieve a message from other vehicle (at simulation time 16.000,400,000 s)
2024-06-03 19:15:00,096 INFO  - Recending a message from other vehicle (at simulation time 16.000,400,000 s)
2024-06-03 19:15:00,097 INFO  - Recieve a message from other vehicle (at simulation time 16.000,900,000 s)
2024-06-03 19:15:00,097 INFO  - I'm in better position but no more hops in message (at simulation time 16.000,900,000 s)
2024-06-03 19:15:00,097 INFO  - Recieve a message from other vehicle (at simulation time 16.000,900,000 s)
2024-06-03 19:15:00,097 INFO  - Recending a message from other vehicle (at simulation time 16.000,900,000 s)
2024-06-03 19:15:00,098 INFO  - Recieve a message from other vehicle (at simulation time 16.001,300,000 s)
2024-06-03 19:15:00,098 INFO  - DENM message Recived from veh_2 -info : seco (at simulation time 16.001,300,000 s)
2024-06-03 19:15:00,098 INFO  - No more hops in DENM message (at simulation time 16.001,300,000 s)
2024-06-03 19:15:00,098 INFO  - Recieve a message from other vehicle (at simulation time 16.001,400,000 s)
2024-06-03 19:15:00,098 INFO  - DENM message Recived from veh_2 -info : seco (at simulation time 16.001,400,000 s)
2024-06-03 19:15:00,098 INFO  - No more hops in DENM message (at simulation time 16.001,400,000 s)
2024-06-03 19:15:00,098 INFO  - Recieve a message from other vehicle (at simulation time 16.001,400,000 s)
2024-06-03 19:15:00,098 INFO  - DENM message Recived from veh_4 -info : seco (at simulation time 16.001,400,000 s)
2024-06-03 19:15:00,098 INFO  - No more hops in DENM message (at simulation time 16.001,400,000 s)
2024-06-03 19:15:00,098 INFO  - Recieve a message from other vehicle (at simulation time 16.001,400,000 s)
2024-06-03 19:15:00,098 INFO  - Recending a message from other vehicle (at simulation time 16.001,400,000 s)
2024-06-03 19:15:00,098 INFO  - Recieve a message from other vehicle (at simulation time 16.001,400,000 s)
2024-06-03 19:15:00,098 INFO  - My position is not better! (at simulation time 16.001,400,000 s)
2024-06-03 19:15:00,098 INFO  - Recieve a message from other vehicle (at simulation time 16.001,400,000 s)
2024-06-03 19:15:00,098 INFO  - Recending a message from other vehicle (at simulation time 16.001,400,000 s)
2024-06-03 19:15:00,099 INFO  - Recieve a message from other vehicle (at simulation time 16.001,800,000 s)
2024-06-03 19:15:00,099 INFO  - DENM message Recived from veh_4 -info : seco (at simulation time 16.001,800,000 s)
2024-06-03 19:15:00,099 INFO  - No more hops in DENM message (at simulation time 16.001,800,000 s)
2024-06-03 19:15:00,099 INFO  - Recieve a message from other vehicle (at simulation time 16.001,900,000 s)
2024-06-03 19:15:00,099 INFO  - My position is not better! (at simulation time 16.001,900,000 s)
2024-06-03 19:15:00,099 INFO  - Recieve a message from other vehicle (at simulation time 16.001,900,000 s)
2024-06-03 19:15:00,099 INFO  - My position is not better! (at simulation time 16.001,900,000 s)
2024-06-03 19:15:00,100 INFO  - Recieve a message from other vehicle (at simulation time 16.002,400,000 s)
2024-06-03 19:15:00,101 INFO  - I'm in better position but no more hops in message (at simulation time 16.002,400,000 s)
2024-06-03 19:15:00,101 INFO  - Recieve a message from other vehicle (at simulation time 16.002,800,000 s)
2024-06-03 19:15:00,101 INFO  - I'm in better position but no more hops in message (at simulation time 16.002,800,000 s)
2024-06-03 19:15:00,102 INFO  - Recieve a message from RSU (at simulation time 16.018,180,291 s)
2024-06-03 19:15:00,102 INFO  - Recieve a message from RSU (at simulation time 16.037,607,917 s)
2024-06-03 19:15:00,103 INFO  - Recieve a message from RSU (at simulation time 16.726,170,109 s)
2024-06-03 19:15:00,103 INFO  - Recieve a message from RSU (at simulation time 16.730,785,867 s)
2024-06-03 19:15:00,105 INFO  - Called #onVehicleUpdated (at simulation time 17.000,000,000 s)
2024-06-03 19:15:00,106 INFO  - Sending out AdHoc broadcast (at simulation time 17.000,000,000 s)
2024-06-03 19:15:00,107 INFO  - Recieve a message from other vehicle (at simulation time 17.000,400,000 s)
2024-06-03 19:15:00,107 INFO  - I'm in better position but no more hops in message (at simulation time 17.000,400,000 s)
2024-06-03 19:15:00,108 INFO  - Recieve a message from other vehicle (at simulation time 17.000,400,000 s)
2024-06-03 19:15:00,108 INFO  - I'm in better position but no more hops in message (at simulation time 17.000,400,000 s)
2024-06-03 19:15:00,108 INFO  - Recieve a message from other vehicle (at simulation time 17.000,400,000 s)
2024-06-03 19:15:00,108 INFO  - I'm in better position but no more hops in message (at simulation time 17.000,400,000 s)
2024-06-03 19:15:00,109 INFO  - Recieve a message from other vehicle (at simulation time 17.000,800,000 s)
2024-06-03 19:15:00,109 INFO  - I'm in better position but no more hops in message (at simulation time 17.000,800,000 s)
2024-06-03 19:15:00,109 INFO  - Recieve a message from other vehicle (at simulation time 17.000,800,000 s)
2024-06-03 19:15:00,109 INFO  - I'm in better position but no more hops in message (at simulation time 17.000,800,000 s)
2024-06-03 19:15:00,109 INFO  - Recieve a message from other vehicle (at simulation time 17.000,900,000 s)
2024-06-03 19:15:00,109 INFO  - My position is not better! (at simulation time 17.000,900,000 s)
2024-06-03 19:15:00,110 INFO  - Recieve a message from other vehicle (at simulation time 17.000,900,000 s)
2024-06-03 19:15:00,110 INFO  - My position is not better! (at simulation time 17.000,900,000 s)
2024-06-03 19:15:00,110 INFO  - Recieve a message from other vehicle (at simulation time 17.000,900,000 s)
2024-06-03 19:15:00,110 INFO  - I'm in better position but no more hops in message (at simulation time 17.000,900,000 s)
2024-06-03 19:15:00,110 INFO  - Recieve a message from other vehicle (at simulation time 17.001,400,000 s)
2024-06-03 19:15:00,110 INFO  - My position is not better! (at simulation time 17.001,400,000 s)
2024-06-03 19:15:00,110 INFO  - Recieve a message from other vehicle (at simulation time 17.001,800,000 s)
2024-06-03 19:15:00,110 INFO  - I'm in better position but no more hops in message (at simulation time 17.001,800,000 s)
2024-06-03 19:15:00,110 INFO  - Recieve a message from other vehicle (at simulation time 17.001,900,000 s)
2024-06-03 19:15:00,110 INFO  - My position is not better! (at simulation time 17.001,900,000 s)
2024-06-03 19:15:00,111 INFO  - Recieve a message from other vehicle (at simulation time 17.001,900,000 s)
2024-06-03 19:15:00,111 INFO  - My position is not better! (at simulation time 17.001,900,000 s)
2024-06-03 19:15:00,111 INFO  - Recieve a message from other vehicle (at simulation time 17.002,400,000 s)
2024-06-03 19:15:00,111 INFO  - My position is not better! (at simulation time 17.002,400,000 s)
2024-06-03 19:15:00,111 INFO  - Recieve a message from other vehicle (at simulation time 17.002,800,000 s)
2024-06-03 19:15:00,111 INFO  - I'm in better position but no more hops in message (at simulation time 17.002,800,000 s)
2024-06-03 19:15:00,112 INFO  - Recieve a message from RSU (at simulation time 17.417,653,523 s)
2024-06-03 19:15:00,112 INFO  - Recieve a message from RSU (at simulation time 17.444,893,005 s)
2024-06-03 19:15:00,114 INFO  - Called #onVehicleUpdated (at simulation time 18.000,000,000 s)
2024-06-03 19:15:00,115 INFO  - Recieve a message from other vehicle (at simulation time 18.000,400,000 s)
2024-06-03 19:15:00,115 INFO  - My position is not better! (at simulation time 18.000,400,000 s)
2024-06-03 19:15:00,116 INFO  - Recieve a message from other vehicle (at simulation time 18.000,400,000 s)
2024-06-03 19:15:00,116 INFO  - My position is not better! (at simulation time 18.000,400,000 s)
2024-06-03 19:15:00,116 INFO  - Recieve a message from other vehicle (at simulation time 18.000,400,000 s)
2024-06-03 19:15:00,116 INFO  - My position is not better! (at simulation time 18.000,400,000 s)
2024-06-03 19:15:00,116 INFO  - Recieve a message from other vehicle (at simulation time 18.000,400,000 s)
2024-06-03 19:15:00,116 INFO  - Recending a message from other vehicle (at simulation time 18.000,400,000 s)
2024-06-03 19:15:00,116 INFO  - Recieve a message from other vehicle (at simulation time 18.000,400,000 s)
2024-06-03 19:15:00,116 INFO  - My position is not better! (at simulation time 18.000,400,000 s)
2024-06-03 19:15:00,117 INFO  - Recieve a message from other vehicle (at simulation time 18.000,900,000 s)
2024-06-03 19:15:00,117 INFO  - My position is not better! (at simulation time 18.000,900,000 s)
2024-06-03 19:15:00,117 INFO  - Recieve a message from other vehicle (at simulation time 18.000,900,000 s)
2024-06-03 19:15:00,117 INFO  - Recending a message from other vehicle (at simulation time 18.000,900,000 s)
2024-06-03 19:15:00,117 INFO  - Recieve a message from other vehicle (at simulation time 18.000,900,000 s)
2024-06-03 19:15:00,117 INFO  - My position is not better! (at simulation time 18.000,900,000 s)
2024-06-03 19:15:00,118 INFO  - Recieve a message from other vehicle (at simulation time 18.001,400,000 s)
2024-06-03 19:15:00,118 INFO  - I'm in better position but no more hops in message (at simulation time 18.001,400,000 s)
2024-06-03 19:15:00,118 INFO  - Recieve a message from other vehicle (at simulation time 18.001,800,000 s)
2024-06-03 19:15:00,118 INFO  - I'm in better position but no more hops in message (at simulation time 18.001,800,000 s)
2024-06-03 19:15:00,118 INFO  - Recieve a message from other vehicle (at simulation time 18.001,900,000 s)
2024-06-03 19:15:00,118 INFO  - I'm in better position but no more hops in message (at simulation time 18.001,900,000 s)
2024-06-03 19:15:00,120 INFO  - Recieve a message from RSU (at simulation time 18.124,585,180 s)
2024-06-03 19:15:00,120 INFO  - Recieve a message from RSU (at simulation time 18.144,265,393 s)
2024-06-03 19:15:00,122 INFO  - Recieve a message from RSU (at simulation time 18.831,555,797 s)
2024-06-03 19:15:00,122 INFO  - Recieve a message from RSU (at simulation time 18.842,622,321 s)
2024-06-03 19:15:00,125 INFO  - Called #onVehicleUpdated (at simulation time 19.000,000,000 s)
2024-06-03 19:15:00,126 INFO  - Sending out AdHoc broadcast (at simulation time 19.000,000,000 s)
2024-06-03 19:15:00,127 INFO  - Recieve a message from other vehicle (at simulation time 19.000,400,000 s)
2024-06-03 19:15:00,127 INFO  - My position is not better! (at simulation time 19.000,400,000 s)
2024-06-03 19:15:00,127 INFO  - Recieve a message from other vehicle (at simulation time 19.000,400,000 s)
2024-06-03 19:15:00,127 INFO  - My position is not better! (at simulation time 19.000,400,000 s)
2024-06-03 19:15:00,127 INFO  - Recieve a message from other vehicle (at simulation time 19.000,400,000 s)
2024-06-03 19:15:00,127 INFO  - My position is not better! (at simulation time 19.000,400,000 s)
2024-06-03 19:15:00,127 INFO  - Recieve a message from other vehicle (at simulation time 19.000,900,000 s)
2024-06-03 19:15:00,127 INFO  - My position is not better! (at simulation time 19.000,900,000 s)
2024-06-03 19:15:00,128 INFO  - Recieve a message from other vehicle (at simulation time 19.002,400,000 s)
2024-06-03 19:15:00,128 INFO  - My position is not better! (at simulation time 19.002,400,000 s)
2024-06-03 19:15:00,128 INFO  - Recieve a message from other vehicle (at simulation time 19.002,400,000 s)
2024-06-03 19:15:00,128 INFO  - My position is not better! (at simulation time 19.002,400,000 s)
2024-06-03 19:15:00,129 INFO  - Recieve a message from RSU (at simulation time 19.530,444,183 s)
2024-06-03 19:15:00,129 INFO  - Recieve a message from RSU (at simulation time 19.533,510,574 s)
2024-06-03 19:15:00,132 INFO  - Called #onVehicleUpdated (at simulation time 20.000,000,000 s)
2024-06-03 19:15:00,134 INFO  - Recieve a message from other vehicle (at simulation time 20.000,400,000 s)
2024-06-03 19:15:00,134 INFO  - My position is not better! (at simulation time 20.000,400,000 s)
2024-06-03 19:15:00,134 INFO  - Recieve a message from other vehicle (at simulation time 20.000,400,000 s)
2024-06-03 19:15:00,134 INFO  - My position is not better! (at simulation time 20.000,400,000 s)
2024-06-03 19:15:00,134 INFO  - Recieve a message from other vehicle (at simulation time 20.000,400,000 s)
2024-06-03 19:15:00,134 INFO  - My position is not better! (at simulation time 20.000,400,000 s)
2024-06-03 19:15:00,135 INFO  - Recieve a message from other vehicle (at simulation time 20.001,900,000 s)
2024-06-03 19:15:00,135 INFO  - My position is not better! (at simulation time 20.001,900,000 s)
2024-06-03 19:15:00,135 INFO  - Recieve a message from other vehicle (at simulation time 20.001,900,000 s)
2024-06-03 19:15:00,135 INFO  - My position is not better! (at simulation time 20.001,900,000 s)
2024-06-03 19:15:00,135 INFO  - Recieve a message from other vehicle (at simulation time 20.001,900,000 s)
2024-06-03 19:15:00,135 INFO  - My position is not better! (at simulation time 20.001,900,000 s)
2024-06-03 19:15:00,136 INFO  - Recieve a message from other vehicle (at simulation time 20.002,400,000 s)
2024-06-03 19:15:00,136 INFO  - I'm in better position but no more hops in message (at simulation time 20.002,400,000 s)
2024-06-03 19:15:00,137 INFO  - Recieve a message from RSU (at simulation time 20.220,821,351 s)
2024-06-03 19:15:00,137 INFO  - Recieve a message from RSU (at simulation time 20.233,010,989 s)
2024-06-03 19:15:00,138 INFO  - Recieve a message from RSU (at simulation time 20.915,775,835 s)
2024-06-03 19:15:00,138 INFO  - Recieve a message from RSU (at simulation time 20.945,214,180 s)
2024-06-03 19:15:00,140 INFO  - Called #onVehicleUpdated (at simulation time 21.000,000,000 s)
2024-06-03 19:15:00,141 INFO  - Sending out AdHoc broadcast (at simulation time 21.000,000,000 s)
2024-06-03 19:15:00,142 INFO  - Recieve a message from other vehicle (at simulation time 21.000,400,000 s)
2024-06-03 19:15:00,142 INFO  - My position is not better! (at simulation time 21.000,400,000 s)
2024-06-03 19:15:00,142 INFO  - Recieve a message from other vehicle (at simulation time 21.000,400,000 s)
2024-06-03 19:15:00,142 INFO  - My position is not better! (at simulation time 21.000,400,000 s)
2024-06-03 19:15:00,142 INFO  - Recieve a message from other vehicle (at simulation time 21.000,400,000 s)
2024-06-03 19:15:00,142 INFO  - My position is not better! (at simulation time 21.000,400,000 s)
2024-06-03 19:15:00,142 INFO  - Recieve a message from other vehicle (at simulation time 21.000,900,000 s)
2024-06-03 19:15:00,142 INFO  - I'm in better position but no more hops in message (at simulation time 21.000,900,000 s)
2024-06-03 19:15:00,143 INFO  - Recieve a message from other vehicle (at simulation time 21.001,900,000 s)
2024-06-03 19:15:00,143 INFO  - My position is not better! (at simulation time 21.001,900,000 s)
2024-06-03 19:15:00,143 INFO  - Recieve a message from other vehicle (at simulation time 21.002,400,000 s)
2024-06-03 19:15:00,143 INFO  - My position is not better! (at simulation time 21.002,400,000 s)
2024-06-03 19:15:00,143 INFO  - Recieve a message from other vehicle (at simulation time 21.003,300,000 s)
2024-06-03 19:15:00,143 INFO  - I'm in better position but no more hops in message (at simulation time 21.003,300,000 s)
2024-06-03 19:15:00,144 INFO  - Recieve a message from RSU (at simulation time 21.634,684,588 s)
2024-06-03 19:15:00,144 INFO  - Recieve a message from RSU (at simulation time 21.635,188,071 s)
2024-06-03 19:15:00,146 INFO  - Called #onVehicleUpdated (at simulation time 22.000,000,000 s)
2024-06-03 19:15:00,147 INFO  - Recieve a message from other vehicle (at simulation time 22.000,400,000 s)
2024-06-03 19:15:00,147 INFO  - I'm in better position but no more hops in message (at simulation time 22.000,400,000 s)
2024-06-03 19:15:00,147 INFO  - Recieve a message from other vehicle (at simulation time 22.000,400,000 s)
2024-06-03 19:15:00,147 INFO  - My position is not better! (at simulation time 22.000,400,000 s)
2024-06-03 19:15:00,147 INFO  - Recieve a message from other vehicle (at simulation time 22.000,900,000 s)
2024-06-03 19:15:00,147 INFO  - My position is not better! (at simulation time 22.000,900,000 s)
2024-06-03 19:15:00,147 INFO  - Recieve a message from other vehicle (at simulation time 22.000,900,000 s)
2024-06-03 19:15:00,147 INFO  - My position is not better! (at simulation time 22.000,900,000 s)
2024-06-03 19:15:00,148 INFO  - Recieve a message from other vehicle (at simulation time 22.001,400,000 s)
2024-06-03 19:15:00,148 INFO  - My position is not better! (at simulation time 22.001,400,000 s)
2024-06-03 19:15:00,148 INFO  - Recieve a message from other vehicle (at simulation time 22.001,400,000 s)
2024-06-03 19:15:00,148 INFO  - My position is not better! (at simulation time 22.001,400,000 s)
2024-06-03 19:15:00,148 INFO  - Recieve a message from other vehicle (at simulation time 22.001,900,000 s)
2024-06-03 19:15:00,148 INFO  - My position is not better! (at simulation time 22.001,900,000 s)
2024-06-03 19:15:00,148 INFO  - Recieve a message from other vehicle (at simulation time 22.002,300,000 s)
2024-06-03 19:15:00,148 INFO  - I'm in better position but no more hops in message (at simulation time 22.002,300,000 s)
2024-06-03 19:15:00,148 INFO  - Recieve a message from RSU (at simulation time 22.316,502,359 s)
2024-06-03 19:15:00,149 INFO  - Recieve a message from RSU (at simulation time 22.346,412,619 s)
2024-06-03 19:15:00,150 INFO  - Called #onVehicleUpdated (at simulation time 23.000,000,000 s)
2024-06-03 19:15:00,152 INFO  - Sending out AdHoc broadcast (at simulation time 23.000,000,000 s)
2024-06-03 19:15:00,154 INFO  - Recieve a message from other vehicle (at simulation time 23.000,900,000 s)
2024-06-03 19:15:00,154 INFO  - My position is not better! (at simulation time 23.000,900,000 s)
2024-06-03 19:15:00,154 INFO  - Recieve a message from other vehicle (at simulation time 23.001,400,000 s)
2024-06-03 19:15:00,154 INFO  - My position is not better! (at simulation time 23.001,400,000 s)
2024-06-03 19:15:00,154 INFO  - Recieve a message from other vehicle (at simulation time 23.001,400,000 s)
2024-06-03 19:15:00,154 INFO  - My position is not better! (at simulation time 23.001,400,000 s)
2024-06-03 19:15:00,155 INFO  - Recieve a message from other vehicle (at simulation time 23.001,900,000 s)
2024-06-03 19:15:00,155 INFO  - My position is not better! (at simulation time 23.001,900,000 s)
2024-06-03 19:15:00,156 INFO  - Recieve a message from other vehicle (at simulation time 23.002,400,000 s)
2024-06-03 19:15:00,156 INFO  - My position is not better! (at simulation time 23.002,400,000 s)
2024-06-03 19:15:00,157 INFO  - Recieve a message from other vehicle (at simulation time 23.003,300,000 s)
2024-06-03 19:15:00,157 INFO  - I'm in better position but no more hops in message (at simulation time 23.003,300,000 s)
2024-06-03 19:15:00,157 INFO  - Recieve a message from RSU (at simulation time 23.014,935,819 s)
2024-06-03 19:15:00,158 INFO  - Recieve a message from RSU (at simulation time 23.032,132,185 s)
2024-06-03 19:15:00,159 INFO  - Recieve a message from RSU (at simulation time 23.721,802,398 s)
2024-06-03 19:15:00,159 INFO  - Recieve a message from RSU (at simulation time 23.727,756,648 s)
2024-06-03 19:15:00,161 INFO  - Called #onVehicleUpdated (at simulation time 24.000,000,000 s)
2024-06-03 19:15:00,163 INFO  - Recieve a message from other vehicle (at simulation time 24.000,400,000 s)
2024-06-03 19:15:00,163 INFO  - My position is not better! (at simulation time 24.000,400,000 s)
2024-06-03 19:15:00,163 INFO  - Recieve a message from other vehicle (at simulation time 24.000,900,000 s)
2024-06-03 19:15:00,163 INFO  - My position is not better! (at simulation time 24.000,900,000 s)
2024-06-03 19:15:00,163 INFO  - Recieve a message from other vehicle (at simulation time 24.001,400,000 s)
2024-06-03 19:15:00,163 INFO  - My position is not better! (at simulation time 24.001,400,000 s)
2024-06-03 19:15:00,163 INFO  - Recieve a message from other vehicle (at simulation time 24.001,400,000 s)
2024-06-03 19:15:00,163 INFO  - My position is not better! (at simulation time 24.001,400,000 s)
2024-06-03 19:15:00,163 INFO  - Recieve a message from other vehicle (at simulation time 24.001,400,000 s)
2024-06-03 19:15:00,163 INFO  - My position is not better! (at simulation time 24.001,400,000 s)
2024-06-03 19:15:00,163 INFO  - Recieve a message from other vehicle (at simulation time 24.001,900,000 s)
2024-06-03 19:15:00,163 INFO  - My position is not better! (at simulation time 24.001,900,000 s)
2024-06-03 19:15:00,164 INFO  - Recieve a message from RSU (at simulation time 24.415,896,115 s)
2024-06-03 19:15:00,164 INFO  - Recieve a message from RSU (at simulation time 24.422,540,912 s)
2024-06-03 19:15:00,167 INFO  - Called #onVehicleUpdated (at simulation time 25.000,000,000 s)
2024-06-03 19:15:00,168 INFO  - Sending out AdHoc broadcast (at simulation time 25.000,000,000 s)
2024-06-03 19:15:00,169 INFO  - Recieve a message from other vehicle (at simulation time 25.000,400,000 s)
2024-06-03 19:15:00,169 INFO  - My position is not better! (at simulation time 25.000,400,000 s)
2024-06-03 19:15:00,169 INFO  - Recieve a message from other vehicle (at simulation time 25.000,400,000 s)
2024-06-03 19:15:00,169 INFO  - My position is not better! (at simulation time 25.000,400,000 s)
2024-06-03 19:15:00,170 INFO  - Recieve a message from other vehicle (at simulation time 25.001,400,000 s)
2024-06-03 19:15:00,170 INFO  - My position is not better! (at simulation time 25.001,400,000 s)
2024-06-03 19:15:00,170 INFO  - Recieve a message from other vehicle (at simulation time 25.001,900,000 s)
2024-06-03 19:15:00,170 INFO  - My position is not better! (at simulation time 25.001,900,000 s)
2024-06-03 19:15:00,171 INFO  - Recieve a message from other vehicle (at simulation time 25.002,400,000 s)
2024-06-03 19:15:00,171 INFO  - My position is not better! (at simulation time 25.002,400,000 s)
2024-06-03 19:15:00,172 INFO  - Recieve a message from RSU (at simulation time 25.145,736,479 s)
2024-06-03 19:15:00,172 INFO  - Recieve a message from RSU (at simulation time 25.146,256,811 s)
2024-06-03 19:15:00,173 INFO  - Recieve a message from RSU (at simulation time 25.821,435,211 s)
2024-06-03 19:15:00,173 INFO  - Recieve a message from RSU (at simulation time 25.822,731,225 s)
2024-06-03 19:15:00,175 INFO  - Called #onVehicleUpdated (at simulation time 26.000,000,000 s)
2024-06-03 19:15:00,177 INFO  - Recieve a message from RSU (at simulation time 26.000,900,000 s)
2024-06-03 19:15:00,177 INFO  - RSU ordered to advance!!! (at simulation time 26.000,900,000 s)
2024-06-03 19:15:00,177 INFO  - Recieve a message from other vehicle (at simulation time 26.000,900,000 s)
2024-06-03 19:15:00,177 INFO  - My position is not better! (at simulation time 26.000,900,000 s)
2024-06-03 19:15:00,177 INFO  - Recieve a message from other vehicle (at simulation time 26.001,300,000 s)
2024-06-03 19:15:00,177 INFO  - I'm in better position but no more hops in message (at simulation time 26.001,300,000 s)
2024-06-03 19:15:00,178 INFO  - Recieve a message from other vehicle (at simulation time 26.001,400,000 s)
2024-06-03 19:15:00,178 INFO  - I'm in better position but no more hops in message (at simulation time 26.001,400,000 s)
2024-06-03 19:15:00,178 INFO  - Recieve a message from other vehicle (at simulation time 26.001,400,000 s)
2024-06-03 19:15:00,178 INFO  - My position is not better! (at simulation time 26.001,400,000 s)
2024-06-03 19:15:00,178 INFO  - Recieve a message from other vehicle (at simulation time 26.001,900,000 s)
2024-06-03 19:15:00,178 INFO  - My position is not better! (at simulation time 26.001,900,000 s)
2024-06-03 19:15:00,178 INFO  - Recieve a message from other vehicle (at simulation time 26.001,900,000 s)
2024-06-03 19:15:00,178 INFO  - Recending a message from other vehicle (at simulation time 26.001,900,000 s)
2024-06-03 19:15:00,178 INFO  - Recieve a message from other vehicle (at simulation time 26.001,900,000 s)
2024-06-03 19:15:00,178 INFO  - I'm in better position but no more hops in message (at simulation time 26.001,900,000 s)
2024-06-03 19:15:00,178 INFO  - Recieve a message from other vehicle (at simulation time 26.003,800,000 s)
2024-06-03 19:15:00,178 INFO  - I'm in better position but no more hops in message (at simulation time 26.003,800,000 s)
2024-06-03 19:15:00,179 INFO  - Recieve a message from RSU (at simulation time 26.522,331,042 s)
2024-06-03 19:15:00,179 INFO  - Recieve a message from RSU (at simulation time 26.568,733,260 s)
2024-06-03 19:15:00,180 INFO  - Called #onVehicleUpdated (at simulation time 27.000,000,000 s)
2024-06-03 19:15:00,181 INFO  - Sending out AdHoc broadcast (at simulation time 27.000,000,000 s)
2024-06-03 19:15:00,182 INFO  - Recieve a message from other vehicle (at simulation time 27.000,400,000 s)
2024-06-03 19:15:00,182 INFO  - Recending a message from other vehicle (at simulation time 27.000,400,000 s)
2024-06-03 19:15:00,182 INFO  - Recieve a message from other vehicle (at simulation time 27.000,900,000 s)
2024-06-03 19:15:00,182 INFO  - I'm in better position but no more hops in message (at simulation time 27.000,900,000 s)
2024-06-03 19:15:00,182 INFO  - Recieve a message from other vehicle (at simulation time 27.001,300,000 s)
2024-06-03 19:15:00,182 INFO  - I'm in better position but no more hops in message (at simulation time 27.001,300,000 s)
2024-06-03 19:15:00,182 INFO  - Recieve a message from other vehicle (at simulation time 27.001,400,000 s)
2024-06-03 19:15:00,182 INFO  - I'm in better position but no more hops in message (at simulation time 27.001,400,000 s)
2024-06-03 19:15:00,182 INFO  - Recieve a message from other vehicle (at simulation time 27.001,400,000 s)
2024-06-03 19:15:00,182 INFO  - Recending a message from other vehicle (at simulation time 27.001,400,000 s)
2024-06-03 19:15:00,183 INFO  - Recieve a message from other vehicle (at simulation time 27.001,900,000 s)
2024-06-03 19:15:00,183 INFO  - I'm in better position but no more hops in message (at simulation time 27.001,900,000 s)
2024-06-03 19:15:00,183 INFO  - Recieve a message from other vehicle (at simulation time 27.002,300,000 s)
2024-06-03 19:15:00,183 INFO  - I'm in better position but no more hops in message (at simulation time 27.002,300,000 s)
2024-06-03 19:15:00,184 INFO  - Recieve a message from RSU (at simulation time 27.224,155,215 s)
2024-06-03 19:15:00,184 INFO  - Recieve a message from RSU (at simulation time 27.253,661,383 s)
2024-06-03 19:15:00,185 INFO  - Recieve a message from RSU (at simulation time 27.916,885,804 s)
2024-06-03 19:15:00,185 INFO  - Recieve a message from RSU (at simulation time 27.928,457,265 s)
2024-06-03 19:15:00,187 INFO  - Called #onVehicleUpdated (at simulation time 28.000,000,000 s)
2024-06-03 19:15:00,189 INFO  - Recieve a message from other vehicle (at simulation time 28.001,400,000 s)
2024-06-03 19:15:00,189 INFO  - I'm in better position but no more hops in message (at simulation time 28.001,400,000 s)
2024-06-03 19:15:00,189 INFO  - Recieve a message from other vehicle (at simulation time 28.002,400,000 s)
2024-06-03 19:15:00,189 INFO  - I'm in better position but no more hops in message (at simulation time 28.002,400,000 s)
2024-06-03 19:15:00,189 INFO  - Recieve a message from other vehicle (at simulation time 28.002,400,000 s)
2024-06-03 19:15:00,189 INFO  - I'm in better position but no more hops in message (at simulation time 28.002,400,000 s)
2024-06-03 19:15:00,189 INFO  - Recieve a message from RSU (at simulation time 28.619,629,242 s)
2024-06-03 19:15:00,190 INFO  - Recieve a message from RSU (at simulation time 28.624,304,254 s)
2024-06-03 19:15:00,191 INFO  - Called #onVehicleUpdated (at simulation time 29.000,000,000 s)
2024-06-03 19:15:00,192 INFO  - Sending out AdHoc broadcast (at simulation time 29.000,000,000 s)
2024-06-03 19:15:00,192 INFO  - Recieve a message from other vehicle (at simulation time 29.002,400,000 s)
2024-06-03 19:15:00,192 INFO  - I'm in better position but no more hops in message (at simulation time 29.002,400,000 s)
2024-06-03 19:15:00,192 INFO  - Recieve a message from RSU (at simulation time 29.325,561,094 s)
2024-06-03 19:15:00,193 INFO  - Recieve a message from RSU (at simulation time 29.361,789,713 s)
2024-06-03 19:15:00,195 INFO  - Called #onVehicleUpdated (at simulation time 30.000,000,000 s)
2024-06-03 19:15:00,197 INFO  - Recieve a message from other vehicle (at simulation time 30.000,400,000 s)
2024-06-03 19:15:00,197 INFO  - My position is not better! (at simulation time 30.000,400,000 s)
2024-06-03 19:15:00,197 INFO  - Recieve a message from other vehicle (at simulation time 30.000,900,000 s)
2024-06-03 19:15:00,197 INFO  - My position is not better! (at simulation time 30.000,900,000 s)
2024-06-03 19:15:00,197 INFO  - Recieve a message from other vehicle (at simulation time 30.002,400,000 s)
2024-06-03 19:15:00,197 INFO  - My position is not better! (at simulation time 30.002,400,000 s)
2024-06-03 19:15:00,197 INFO  - Recieve a message from RSU (at simulation time 30.015,328,185 s)
2024-06-03 19:15:00,197 INFO  - Recieve a message from RSU (at simulation time 30.035,990,792 s)
2024-06-03 19:15:00,198 INFO  - Recieve a message from RSU (at simulation time 30.712,471,107 s)
2024-06-03 19:15:00,198 INFO  - Recieve a message from RSU (at simulation time 30.720,331,798 s)
2024-06-03 19:15:00,199 INFO  - Called #onVehicleUpdated (at simulation time 31.000,000,000 s)
2024-06-03 19:15:00,199 INFO  - Sending out AdHoc broadcast (at simulation time 31.000,000,000 s)
2024-06-03 19:15:00,200 INFO  - Recieve a message from other vehicle (at simulation time 31.000,800,000 s)
2024-06-03 19:15:00,201 INFO  - My position is not better! (at simulation time 31.000,800,000 s)
2024-06-03 19:15:00,201 INFO  - Recieve a message from other vehicle (at simulation time 31.001,400,000 s)
2024-06-03 19:15:00,201 INFO  - My position is not better! (at simulation time 31.001,400,000 s)
2024-06-03 19:15:00,204 INFO  - Called #onVehicleUpdated (at simulation time 32.000,000,000 s)
2024-06-03 19:15:00,206 INFO  - Recieve a message from other vehicle (at simulation time 32.000,900,000 s)
2024-06-03 19:15:00,206 INFO  - My position is not better! (at simulation time 32.000,900,000 s)
2024-06-03 19:15:00,208 INFO  - Called #onVehicleUpdated (at simulation time 33.000,000,000 s)
2024-06-03 19:15:00,209 INFO  - Sending out AdHoc broadcast (at simulation time 33.000,000,000 s)
2024-06-03 19:15:00,211 INFO  - Called #onVehicleUpdated (at simulation time 34.000,000,000 s)
2024-06-03 19:15:00,216 INFO  - Called #onVehicleUpdated (at simulation time 35.000,000,000 s)
2024-06-03 19:15:00,216 INFO  - Sending out AdHoc broadcast (at simulation time 35.000,000,000 s)
2024-06-03 19:15:00,219 INFO  - Called #onVehicleUpdated (at simulation time 36.000,000,000 s)
2024-06-03 19:15:00,223 INFO  - Called #onVehicleUpdated (at simulation time 37.000,000,000 s)
2024-06-03 19:15:00,224 INFO  - Sending out AdHoc broadcast (at simulation time 37.000,000,000 s)
2024-06-03 19:15:00,226 INFO  - Called #onVehicleUpdated (at simulation time 38.000,000,000 s)
2024-06-03 19:15:00,228 INFO  - Shutdown (at simulation time 39.000,000,000 s)
