2024-06-03 18:10:07,881 INFO  - Initialize Vehicle application (at simulation time 151.000,000,000 s)
2024-06-03 18:10:07,882 INFO  - Activated WLAN Module (at simulation time 151.000,000,000 s)
2024-06-03 18:10:07,882 INFO  - Called #onVehicleUpdated (at simulation time 151.000,000,000 s)
2024-06-03 18:10:07,884 INFO  - Recieve a message from other vehicle (at simulation time 151.000,400,000 s)
2024-06-03 18:10:07,884 INFO  - My position is not better! (at simulation time 151.000,400,000 s)
2024-06-03 18:10:07,886 INFO  - Recieve a message from other vehicle (at simulation time 151.002,400,000 s)
2024-06-03 18:10:07,886 INFO  - My position is not better! (at simulation time 151.002,400,000 s)
2024-06-03 18:10:08,180 INFO  - Called #onVehicleUpdated (at simulation time 152.000,000,000 s)
2024-06-03 18:10:08,181 INFO  - Define the name: veh_28 and route: r_3 (at simulation time 152.000,000,000 s)
2024-06-03 18:10:08,181 INFO  - Sending out AdHoc broadcast (at simulation time 152.000,000,000 s)
2024-06-03 18:10:08,181 INFO  - Recieve a message from other vehicle (at simulation time 152.000,400,000 s)
2024-06-03 18:10:08,181 INFO  - My position is not better! (at simulation time 152.000,400,000 s)
2024-06-03 18:10:08,185 INFO  - Recieve a message from other vehicle (at simulation time 152.004,300,000 s)
2024-06-03 18:10:08,185 INFO  - My position is not better! (at simulation time 152.004,300,000 s)
2024-06-03 18:10:08,480 INFO  - Called #onVehicleUpdated (at simulation time 153.000,000,000 s)
2024-06-03 18:10:08,483 INFO  - Recieve a message from other vehicle (at simulation time 153.000,400,000 s)
2024-06-03 18:10:08,483 INFO  - My position is not better! (at simulation time 153.000,400,000 s)
2024-06-03 18:10:08,485 INFO  - Recieve a message from other vehicle (at simulation time 153.001,900,000 s)
2024-06-03 18:10:08,485 INFO  - My position is not better! (at simulation time 153.001,900,000 s)
2024-06-03 18:10:08,780 INFO  - Called #onVehicleUpdated (at simulation time 154.000,000,000 s)
2024-06-03 18:10:08,780 INFO  - Sending out AdHoc broadcast (at simulation time 154.000,000,000 s)
2024-06-03 18:10:08,783 INFO  - Recieve a message from other vehicle (at simulation time 154.001,400,000 s)
2024-06-03 18:10:08,783 INFO  - My position is not better! (at simulation time 154.001,400,000 s)
2024-06-03 18:10:08,784 INFO  - Recieve a message from other vehicle (at simulation time 154.001,900,000 s)
2024-06-03 18:10:08,784 INFO  - My position is not better! (at simulation time 154.001,900,000 s)
2024-06-03 18:10:08,785 INFO  - Recieve a message from other vehicle (at simulation time 154.002,800,000 s)
2024-06-03 18:10:08,785 INFO  - My position is not better! (at simulation time 154.002,800,000 s)
2024-06-03 18:10:08,786 INFO  - Recieve a message from other vehicle (at simulation time 154.002,800,000 s)
2024-06-03 18:10:08,786 INFO  - My position is not better! (at simulation time 154.002,800,000 s)
2024-06-03 18:10:09,083 INFO  - Called #onVehicleUpdated (at simulation time 155.000,000,000 s)
2024-06-03 18:10:09,085 INFO  - Recieve a message from other vehicle (at simulation time 155.000,400,000 s)
2024-06-03 18:10:09,085 INFO  - My position is not better! (at simulation time 155.000,400,000 s)
2024-06-03 18:10:09,088 INFO  - Recieve a message from other vehicle (at simulation time 155.000,900,000 s)
2024-06-03 18:10:09,088 INFO  - My position is not better! (at simulation time 155.000,900,000 s)
2024-06-03 18:10:09,090 INFO  - Recieve a message from other vehicle (at simulation time 155.001,300,000 s)
2024-06-03 18:10:09,090 INFO  - My position is not better! (at simulation time 155.001,300,000 s)
2024-06-03 18:10:09,092 INFO  - Recieve a message from other vehicle (at simulation time 155.001,400,000 s)
2024-06-03 18:10:09,092 INFO  - My position is not better! (at simulation time 155.001,400,000 s)
2024-06-03 18:10:09,093 INFO  - Recieve a message from other vehicle (at simulation time 155.001,900,000 s)
2024-06-03 18:10:09,093 INFO  - My position is not better! (at simulation time 155.001,900,000 s)
2024-06-03 18:10:09,094 INFO  - Recieve a message from other vehicle (at simulation time 155.001,900,000 s)
2024-06-03 18:10:09,094 INFO  - My position is not better! (at simulation time 155.001,900,000 s)
2024-06-03 18:10:09,380 INFO  - Called #onVehicleUpdated (at simulation time 156.000,000,000 s)
2024-06-03 18:10:09,381 INFO  - Sending out AdHoc broadcast (at simulation time 156.000,000,000 s)
2024-06-03 18:10:09,382 INFO  - Recieve a message from other vehicle (at simulation time 156.000,400,000 s)
2024-06-03 18:10:09,382 INFO  - My position is not better! (at simulation time 156.000,400,000 s)
2024-06-03 18:10:09,384 INFO  - Recieve a message from other vehicle (at simulation time 156.000,400,000 s)
2024-06-03 18:10:09,384 INFO  - My position is not better! (at simulation time 156.000,400,000 s)
2024-06-03 18:10:09,385 INFO  - Recieve a message from other vehicle (at simulation time 156.000,900,000 s)
2024-06-03 18:10:09,385 INFO  - My position is not better! (at simulation time 156.000,900,000 s)
2024-06-03 18:10:09,386 INFO  - Recieve a message from other vehicle (at simulation time 156.001,400,000 s)
2024-06-03 18:10:09,386 INFO  - My position is not better! (at simulation time 156.001,400,000 s)
2024-06-03 18:10:09,389 INFO  - Recieve a message from other vehicle (at simulation time 156.002,400,000 s)
2024-06-03 18:10:09,389 INFO  - My position is not better! (at simulation time 156.002,400,000 s)
2024-06-03 18:10:09,390 INFO  - Recieve a message from other vehicle (at simulation time 156.002,800,000 s)
2024-06-03 18:10:09,390 INFO  - My position is not better! (at simulation time 156.002,800,000 s)
2024-06-03 18:10:09,681 INFO  - Called #onVehicleUpdated (at simulation time 157.000,000,000 s)
2024-06-03 18:10:09,682 INFO  - Recieve a message from other vehicle (at simulation time 157.000,400,000 s)
2024-06-03 18:10:09,682 INFO  - My position is not better! (at simulation time 157.000,400,000 s)
2024-06-03 18:10:09,682 INFO  - Recieve a message from other vehicle (at simulation time 157.000,400,000 s)
2024-06-03 18:10:09,682 INFO  - My position is not better! (at simulation time 157.000,400,000 s)
2024-06-03 18:10:09,683 INFO  - Recieve a message from other vehicle (at simulation time 157.000,900,000 s)
2024-06-03 18:10:09,683 INFO  - My position is not better! (at simulation time 157.000,900,000 s)
2024-06-03 18:10:09,684 INFO  - Recieve a message from other vehicle (at simulation time 157.000,900,000 s)
2024-06-03 18:10:09,684 INFO  - My position is not better! (at simulation time 157.000,900,000 s)
2024-06-03 18:10:09,686 INFO  - Recieve a message from other vehicle (at simulation time 157.002,400,000 s)
2024-06-03 18:10:09,686 INFO  - My position is not better! (at simulation time 157.002,400,000 s)
2024-06-03 18:10:09,981 INFO  - Called #onVehicleUpdated (at simulation time 158.000,000,000 s)
2024-06-03 18:10:09,981 INFO  - Sending out AdHoc broadcast (at simulation time 158.000,000,000 s)
2024-06-03 18:10:09,983 INFO  - Recieve a message from other vehicle (at simulation time 158.000,400,000 s)
2024-06-03 18:10:09,983 INFO  - My position is not better! (at simulation time 158.000,400,000 s)
2024-06-03 18:10:09,985 INFO  - Recieve a message from other vehicle (at simulation time 158.001,400,000 s)
2024-06-03 18:10:09,985 INFO  - My position is not better! (at simulation time 158.001,400,000 s)
2024-06-03 18:10:09,986 INFO  - Recieve a message from other vehicle (at simulation time 158.001,400,000 s)
2024-06-03 18:10:09,986 INFO  - My position is not better! (at simulation time 158.001,400,000 s)
2024-06-03 18:10:09,986 INFO  - Recieve a message from other vehicle (at simulation time 158.001,900,000 s)
2024-06-03 18:10:09,986 INFO  - My position is not better! (at simulation time 158.001,900,000 s)
2024-06-03 18:10:09,986 INFO  - Recieve a message from other vehicle (at simulation time 158.001,900,000 s)
2024-06-03 18:10:09,986 INFO  - My position is not better! (at simulation time 158.001,900,000 s)
2024-06-03 18:10:10,281 INFO  - Called #onVehicleUpdated (at simulation time 159.000,000,000 s)
2024-06-03 18:10:10,285 INFO  - Recieve a message from other vehicle (at simulation time 159.001,400,000 s)
2024-06-03 18:10:10,285 INFO  - DENM message Recived from veh_27 -info : nevoeiro (at simulation time 159.001,400,000 s)
2024-06-03 18:10:10,285 INFO  - No more hops in DENM message (at simulation time 159.001,400,000 s)
2024-06-03 18:10:10,286 INFO  - Recieve a message from other vehicle (at simulation time 159.001,400,000 s)
2024-06-03 18:10:10,286 INFO  - My position is not better! (at simulation time 159.001,400,000 s)
2024-06-03 18:10:10,290 INFO  - Recieve a message from other vehicle (at simulation time 159.002,400,000 s)
2024-06-03 18:10:10,290 INFO  - My position is not better! (at simulation time 159.002,400,000 s)
2024-06-03 18:10:10,290 INFO  - Recieve a message from other vehicle (at simulation time 159.002,400,000 s)
2024-06-03 18:10:10,290 INFO  - My position is not better! (at simulation time 159.002,400,000 s)
2024-06-03 18:10:10,290 INFO  - Recieve a message from other vehicle (at simulation time 159.002,400,000 s)
2024-06-03 18:10:10,290 INFO  - My position is not better! (at simulation time 159.002,400,000 s)
2024-06-03 18:10:10,291 INFO  - Recieve a message from other vehicle (at simulation time 159.002,400,000 s)
2024-06-03 18:10:10,291 INFO  - My position is not better! (at simulation time 159.002,400,000 s)
2024-06-03 18:10:10,582 INFO  - Called #onVehicleUpdated (at simulation time 160.000,000,000 s)
2024-06-03 18:10:10,583 INFO  - Sending out DENM broadcast (at simulation time 160.000,000,000 s)
2024-06-03 18:10:10,583 INFO  - Sending out AdHoc broadcast (at simulation time 160.000,000,000 s)
2024-06-03 18:10:10,584 INFO  - Recieve a message from other vehicle (at simulation time 160.000,400,000 s)
2024-06-03 18:10:10,584 INFO  - My position is not better! (at simulation time 160.000,400,000 s)
2024-06-03 18:10:10,585 INFO  - Recieve a message from other vehicle (at simulation time 160.000,400,000 s)
2024-06-03 18:10:10,585 INFO  - My position is not better! (at simulation time 160.000,400,000 s)
2024-06-03 18:10:10,586 INFO  - Recieve a message from other vehicle (at simulation time 160.000,400,000 s)
2024-06-03 18:10:10,586 INFO  - My position is not better! (at simulation time 160.000,400,000 s)
2024-06-03 18:10:10,590 INFO  - Recieve a message from other vehicle (at simulation time 160.001,900,000 s)
2024-06-03 18:10:10,590 INFO  - My position is not better! (at simulation time 160.001,900,000 s)
2024-06-03 18:10:10,591 INFO  - Recieve a message from other vehicle (at simulation time 160.001,900,000 s)
2024-06-03 18:10:10,591 INFO  - My position is not better! (at simulation time 160.001,900,000 s)
2024-06-03 18:10:10,593 INFO  - Recieve a message from other vehicle (at simulation time 160.002,800,000 s)
2024-06-03 18:10:10,593 INFO  - DENM message Recived from veh_28 -info : seco (at simulation time 160.002,800,000 s)
2024-06-03 18:10:10,593 INFO  - No more hops in DENM message (at simulation time 160.002,800,000 s)
2024-06-03 18:10:10,881 INFO  - Called #onVehicleUpdated (at simulation time 161.000,000,000 s)
2024-06-03 18:10:10,882 INFO  - Recieve a message from other vehicle (at simulation time 161.000,400,000 s)
2024-06-03 18:10:10,882 INFO  - My position is not better! (at simulation time 161.000,400,000 s)
2024-06-03 18:10:10,884 INFO  - Recieve a message from other vehicle (at simulation time 161.000,900,000 s)
2024-06-03 18:10:10,884 INFO  - My position is not better! (at simulation time 161.000,900,000 s)
2024-06-03 18:10:10,885 INFO  - Recieve a message from other vehicle (at simulation time 161.000,900,000 s)
2024-06-03 18:10:10,885 INFO  - My position is not better! (at simulation time 161.000,900,000 s)
2024-06-03 18:10:10,885 INFO  - Recieve a message from other vehicle (at simulation time 161.001,400,000 s)
2024-06-03 18:10:10,885 INFO  - My position is not better! (at simulation time 161.001,400,000 s)
2024-06-03 18:10:10,887 INFO  - Recieve a message from other vehicle (at simulation time 161.001,900,000 s)
2024-06-03 18:10:10,887 INFO  - My position is not better! (at simulation time 161.001,900,000 s)
2024-06-03 18:10:11,182 INFO  - Called #onVehicleUpdated (at simulation time 162.000,000,000 s)
2024-06-03 18:10:11,183 INFO  - Sending out AdHoc broadcast (at simulation time 162.000,000,000 s)
2024-06-03 18:10:11,186 INFO  - Recieve a message from other vehicle (at simulation time 162.000,900,000 s)
2024-06-03 18:10:11,186 INFO  - My position is not better! (at simulation time 162.000,900,000 s)
2024-06-03 18:10:11,187 INFO  - Recieve a message from other vehicle (at simulation time 162.001,900,000 s)
2024-06-03 18:10:11,187 INFO  - My position is not better! (at simulation time 162.001,900,000 s)
2024-06-03 18:10:11,187 INFO  - Recieve a message from other vehicle (at simulation time 162.001,900,000 s)
2024-06-03 18:10:11,187 INFO  - My position is not better! (at simulation time 162.001,900,000 s)
2024-06-03 18:10:11,188 INFO  - Recieve a message from other vehicle (at simulation time 162.002,400,000 s)
2024-06-03 18:10:11,188 INFO  - My position is not better! (at simulation time 162.002,400,000 s)
2024-06-03 18:10:11,188 INFO  - Recieve a message from other vehicle (at simulation time 162.002,400,000 s)
2024-06-03 18:10:11,188 INFO  - My position is not better! (at simulation time 162.002,400,000 s)
2024-06-03 18:10:11,483 INFO  - Called #onVehicleUpdated (at simulation time 163.000,000,000 s)
2024-06-03 18:10:11,486 INFO  - Recieve a message from other vehicle (at simulation time 163.000,400,000 s)
2024-06-03 18:10:11,486 INFO  - My position is not better! (at simulation time 163.000,400,000 s)
2024-06-03 18:10:11,486 INFO  - Recieve a message from other vehicle (at simulation time 163.000,400,000 s)
2024-06-03 18:10:11,486 INFO  - My position is not better! (at simulation time 163.000,400,000 s)
2024-06-03 18:10:11,487 INFO  - Recieve a message from other vehicle (at simulation time 163.000,400,000 s)
2024-06-03 18:10:11,487 INFO  - My position is not better! (at simulation time 163.000,400,000 s)
2024-06-03 18:10:11,494 INFO  - Recieve a message from other vehicle (at simulation time 163.001,900,000 s)
2024-06-03 18:10:11,494 INFO  - My position is not better! (at simulation time 163.001,900,000 s)
2024-06-03 18:10:11,494 INFO  - Recieve a message from other vehicle (at simulation time 163.002,400,000 s)
2024-06-03 18:10:11,494 INFO  - My position is not better! (at simulation time 163.002,400,000 s)
2024-06-03 18:10:11,784 INFO  - Called #onVehicleUpdated (at simulation time 164.000,000,000 s)
2024-06-03 18:10:11,785 INFO  - Sending out AdHoc broadcast (at simulation time 164.000,000,000 s)
2024-06-03 18:10:11,789 INFO  - Recieve a message from other vehicle (at simulation time 164.000,400,000 s)
2024-06-03 18:10:11,789 INFO  - My position is not better! (at simulation time 164.000,400,000 s)
2024-06-03 18:10:11,791 INFO  - Recieve a message from other vehicle (at simulation time 164.001,400,000 s)
2024-06-03 18:10:11,791 INFO  - My position is not better! (at simulation time 164.001,400,000 s)
2024-06-03 18:10:11,794 INFO  - Recieve a message from other vehicle (at simulation time 164.001,900,000 s)
2024-06-03 18:10:11,794 INFO  - My position is not better! (at simulation time 164.001,900,000 s)
2024-06-03 18:10:11,794 INFO  - Recieve a message from other vehicle (at simulation time 164.002,400,000 s)
2024-06-03 18:10:11,794 INFO  - My position is not better! (at simulation time 164.002,400,000 s)
2024-06-03 18:10:11,794 INFO  - Recieve a message from other vehicle (at simulation time 164.002,400,000 s)
2024-06-03 18:10:11,794 INFO  - My position is not better! (at simulation time 164.002,400,000 s)
2024-06-03 18:10:12,085 INFO  - Called #onVehicleUpdated (at simulation time 165.000,000,000 s)
2024-06-03 18:10:12,094 INFO  - Recieve a message from other vehicle (at simulation time 165.000,900,000 s)
2024-06-03 18:10:12,094 INFO  - My position is not better! (at simulation time 165.000,900,000 s)
2024-06-03 18:10:12,095 INFO  - Recieve a message from other vehicle (at simulation time 165.001,400,000 s)
2024-06-03 18:10:12,095 INFO  - My position is not better! (at simulation time 165.001,400,000 s)
2024-06-03 18:10:12,095 INFO  - Recieve a message from other vehicle (at simulation time 165.001,400,000 s)
2024-06-03 18:10:12,095 INFO  - My position is not better! (at simulation time 165.001,400,000 s)
2024-06-03 18:10:12,096 INFO  - Recieve a message from other vehicle (at simulation time 165.001,900,000 s)
2024-06-03 18:10:12,096 INFO  - My position is not better! (at simulation time 165.001,900,000 s)
2024-06-03 18:10:12,097 INFO  - Recieve a message from other vehicle (at simulation time 165.002,400,000 s)
2024-06-03 18:10:12,097 INFO  - My position is not better! (at simulation time 165.002,400,000 s)
2024-06-03 18:10:12,382 INFO  - Called #onVehicleUpdated (at simulation time 166.000,000,000 s)
2024-06-03 18:10:12,383 INFO  - Sending out AdHoc broadcast (at simulation time 166.000,000,000 s)
2024-06-03 18:10:12,384 INFO  - Recieve a message from other vehicle (at simulation time 166.001,400,000 s)
2024-06-03 18:10:12,384 INFO  - My position is not better! (at simulation time 166.001,400,000 s)
2024-06-03 18:10:12,385 INFO  - Recieve a message from other vehicle (at simulation time 166.001,400,000 s)
2024-06-03 18:10:12,385 INFO  - My position is not better! (at simulation time 166.001,400,000 s)
2024-06-03 18:10:12,385 INFO  - Recieve a message from other vehicle (at simulation time 166.001,400,000 s)
2024-06-03 18:10:12,385 INFO  - My position is not better! (at simulation time 166.001,400,000 s)
2024-06-03 18:10:12,385 INFO  - Recieve a message from other vehicle (at simulation time 166.001,400,000 s)
2024-06-03 18:10:12,385 INFO  - My position is not better! (at simulation time 166.001,400,000 s)
2024-06-03 18:10:12,386 INFO  - Recieve a message from other vehicle (at simulation time 166.002,400,000 s)
2024-06-03 18:10:12,386 INFO  - My position is not better! (at simulation time 166.002,400,000 s)
2024-06-03 18:10:12,685 INFO  - Called #onVehicleUpdated (at simulation time 167.000,000,000 s)
2024-06-03 18:10:12,688 INFO  - Recieve a message from other vehicle (at simulation time 167.000,400,000 s)
2024-06-03 18:10:12,688 INFO  - My position is not better! (at simulation time 167.000,400,000 s)
2024-06-03 18:10:12,689 INFO  - Recieve a message from other vehicle (at simulation time 167.000,400,000 s)
2024-06-03 18:10:12,689 INFO  - My position is not better! (at simulation time 167.000,400,000 s)
2024-06-03 18:10:12,690 INFO  - Recieve a message from other vehicle (at simulation time 167.000,900,000 s)
2024-06-03 18:10:12,690 INFO  - My position is not better! (at simulation time 167.000,900,000 s)
2024-06-03 18:10:12,692 INFO  - Recieve a message from other vehicle (at simulation time 167.001,900,000 s)
2024-06-03 18:10:12,692 INFO  - My position is not better! (at simulation time 167.001,900,000 s)
2024-06-03 18:10:12,692 INFO  - Recieve a message from other vehicle (at simulation time 167.002,400,000 s)
2024-06-03 18:10:12,692 INFO  - My position is not better! (at simulation time 167.002,400,000 s)
2024-06-03 18:10:12,984 INFO  - Called #onVehicleUpdated (at simulation time 168.000,000,000 s)
2024-06-03 18:10:12,985 INFO  - Sending out AdHoc broadcast (at simulation time 168.000,000,000 s)
2024-06-03 18:10:12,989 INFO  - Recieve a message from other vehicle (at simulation time 168.000,400,000 s)
2024-06-03 18:10:12,989 INFO  - My position is not better! (at simulation time 168.000,400,000 s)
2024-06-03 18:10:12,989 INFO  - Recieve a message from other vehicle (at simulation time 168.000,400,000 s)
2024-06-03 18:10:12,989 INFO  - My position is not better! (at simulation time 168.000,400,000 s)
2024-06-03 18:10:12,992 INFO  - Recieve a message from other vehicle (at simulation time 168.001,400,000 s)
2024-06-03 18:10:12,992 INFO  - My position is not better! (at simulation time 168.001,400,000 s)
2024-06-03 18:10:12,992 INFO  - Recieve a message from other vehicle (at simulation time 168.001,400,000 s)
2024-06-03 18:10:12,992 INFO  - My position is not better! (at simulation time 168.001,400,000 s)
2024-06-03 18:10:12,994 INFO  - Recieve a message from other vehicle (at simulation time 168.002,400,000 s)
2024-06-03 18:10:12,994 INFO  - My position is not better! (at simulation time 168.002,400,000 s)
2024-06-03 18:10:13,286 INFO  - Called #onVehicleUpdated (at simulation time 169.000,000,000 s)
2024-06-03 18:10:13,289 INFO  - Recieve a message from other vehicle (at simulation time 169.000,400,000 s)
2024-06-03 18:10:13,289 INFO  - My position is not better! (at simulation time 169.000,400,000 s)
2024-06-03 18:10:13,290 INFO  - Recieve a message from other vehicle (at simulation time 169.000,400,000 s)
2024-06-03 18:10:13,290 INFO  - My position is not better! (at simulation time 169.000,400,000 s)
2024-06-03 18:10:13,290 INFO  - Recieve a message from other vehicle (at simulation time 169.000,900,000 s)
2024-06-03 18:10:13,290 INFO  - My position is not better! (at simulation time 169.000,900,000 s)
2024-06-03 18:10:13,294 INFO  - Recieve a message from other vehicle (at simulation time 169.001,400,000 s)
2024-06-03 18:10:13,294 INFO  - My position is not better! (at simulation time 169.001,400,000 s)
2024-06-03 18:10:13,297 INFO  - Recieve a message from other vehicle (at simulation time 169.002,400,000 s)
2024-06-03 18:10:13,297 INFO  - My position is not better! (at simulation time 169.002,400,000 s)
2024-06-03 18:10:13,584 INFO  - Called #onVehicleUpdated (at simulation time 170.000,000,000 s)
2024-06-03 18:10:13,584 INFO  - Sending out AdHoc broadcast (at simulation time 170.000,000,000 s)
2024-06-03 18:10:13,587 INFO  - Recieve a message from other vehicle (at simulation time 170.000,400,000 s)
2024-06-03 18:10:13,587 INFO  - My position is not better! (at simulation time 170.000,400,000 s)
2024-06-03 18:10:13,587 INFO  - Recieve a message from other vehicle (at simulation time 170.000,400,000 s)
2024-06-03 18:10:13,587 INFO  - My position is not better! (at simulation time 170.000,400,000 s)
2024-06-03 18:10:13,587 INFO  - Recieve a message from other vehicle (at simulation time 170.000,900,000 s)
2024-06-03 18:10:13,587 INFO  - My position is not better! (at simulation time 170.000,900,000 s)
2024-06-03 18:10:13,591 INFO  - Recieve a message from other vehicle (at simulation time 170.001,900,000 s)
2024-06-03 18:10:13,591 INFO  - My position is not better! (at simulation time 170.001,900,000 s)
2024-06-03 18:10:13,591 INFO  - Recieve a message from other vehicle (at simulation time 170.001,900,000 s)
2024-06-03 18:10:13,591 INFO  - My position is not better! (at simulation time 170.001,900,000 s)
2024-06-03 18:10:13,885 INFO  - Called #onVehicleUpdated (at simulation time 171.000,000,000 s)
2024-06-03 18:10:13,887 INFO  - Recieve a message from other vehicle (at simulation time 171.000,400,000 s)
2024-06-03 18:10:13,887 INFO  - My position is not better! (at simulation time 171.000,400,000 s)
2024-06-03 18:10:13,891 INFO  - Recieve a message from other vehicle (at simulation time 171.000,900,000 s)
2024-06-03 18:10:13,891 INFO  - My position is not better! (at simulation time 171.000,900,000 s)
2024-06-03 18:10:13,891 INFO  - Recieve a message from other vehicle (at simulation time 171.001,400,000 s)
2024-06-03 18:10:13,891 INFO  - My position is not better! (at simulation time 171.001,400,000 s)
2024-06-03 18:10:13,892 INFO  - Recieve a message from other vehicle (at simulation time 171.001,900,000 s)
2024-06-03 18:10:13,892 INFO  - My position is not better! (at simulation time 171.001,900,000 s)
2024-06-03 18:10:13,893 INFO  - Recieve a message from other vehicle (at simulation time 171.002,400,000 s)
2024-06-03 18:10:13,893 INFO  - My position is not better! (at simulation time 171.002,400,000 s)
2024-06-03 18:10:14,183 INFO  - Called #onVehicleUpdated (at simulation time 172.000,000,000 s)
2024-06-03 18:10:14,184 INFO  - Sending out AdHoc broadcast (at simulation time 172.000,000,000 s)
2024-06-03 18:10:14,185 INFO  - Recieve a message from other vehicle (at simulation time 172.000,400,000 s)
2024-06-03 18:10:14,185 INFO  - My position is not better! (at simulation time 172.000,400,000 s)
2024-06-03 18:10:14,188 INFO  - Recieve a message from other vehicle (at simulation time 172.001,400,000 s)
2024-06-03 18:10:14,188 INFO  - My position is not better! (at simulation time 172.001,400,000 s)
2024-06-03 18:10:14,189 INFO  - Recieve a message from other vehicle (at simulation time 172.001,900,000 s)
2024-06-03 18:10:14,189 INFO  - My position is not better! (at simulation time 172.001,900,000 s)
2024-06-03 18:10:14,190 INFO  - Recieve a message from other vehicle (at simulation time 172.001,900,000 s)
2024-06-03 18:10:14,190 INFO  - My position is not better! (at simulation time 172.001,900,000 s)
2024-06-03 18:10:14,190 INFO  - Recieve a message from other vehicle (at simulation time 172.001,900,000 s)
2024-06-03 18:10:14,190 INFO  - My position is not better! (at simulation time 172.001,900,000 s)
2024-06-03 18:10:14,485 INFO  - Called #onVehicleUpdated (at simulation time 173.000,000,000 s)
2024-06-03 18:10:14,490 INFO  - Recieve a message from other vehicle (at simulation time 173.000,900,000 s)
2024-06-03 18:10:14,490 INFO  - My position is not better! (at simulation time 173.000,900,000 s)
2024-06-03 18:10:14,492 INFO  - Recieve a message from other vehicle (at simulation time 173.000,900,000 s)
2024-06-03 18:10:14,492 INFO  - My position is not better! (at simulation time 173.000,900,000 s)
2024-06-03 18:10:14,492 INFO  - Recieve a message from other vehicle (at simulation time 173.000,900,000 s)
2024-06-03 18:10:14,492 INFO  - My position is not better! (at simulation time 173.000,900,000 s)
2024-06-03 18:10:14,500 INFO  - Recieve a message from other vehicle (at simulation time 173.001,900,000 s)
2024-06-03 18:10:14,500 INFO  - My position is not better! (at simulation time 173.001,900,000 s)
2024-06-03 18:10:14,501 INFO  - Recieve a message from other vehicle (at simulation time 173.002,400,000 s)
2024-06-03 18:10:14,501 INFO  - My position is not better! (at simulation time 173.002,400,000 s)
2024-06-03 18:10:14,784 INFO  - Called #onVehicleUpdated (at simulation time 174.000,000,000 s)
2024-06-03 18:10:14,786 INFO  - Sending out AdHoc broadcast (at simulation time 174.000,000,000 s)
2024-06-03 18:10:14,788 INFO  - Recieve a message from other vehicle (at simulation time 174.000,400,000 s)
2024-06-03 18:10:14,788 INFO  - My position is not better! (at simulation time 174.000,400,000 s)
2024-06-03 18:10:14,790 INFO  - Recieve a message from other vehicle (at simulation time 174.000,400,000 s)
2024-06-03 18:10:14,790 INFO  - My position is not better! (at simulation time 174.000,400,000 s)
2024-06-03 18:10:14,792 INFO  - Recieve a message from other vehicle (at simulation time 174.001,400,000 s)
2024-06-03 18:10:14,792 INFO  - My position is not better! (at simulation time 174.001,400,000 s)
2024-06-03 18:10:14,792 INFO  - Recieve a message from other vehicle (at simulation time 174.001,900,000 s)
2024-06-03 18:10:14,792 INFO  - My position is not better! (at simulation time 174.001,900,000 s)
2024-06-03 18:10:14,793 INFO  - Recieve a message from other vehicle (at simulation time 174.002,400,000 s)
2024-06-03 18:10:14,793 INFO  - My position is not better! (at simulation time 174.002,400,000 s)
2024-06-03 18:10:15,085 INFO  - Called #onVehicleUpdated (at simulation time 175.000,000,000 s)
2024-06-03 18:10:15,088 INFO  - Recieve a message from other vehicle (at simulation time 175.000,400,000 s)
2024-06-03 18:10:15,088 INFO  - My position is not better! (at simulation time 175.000,400,000 s)
2024-06-03 18:10:15,090 INFO  - Recieve a message from other vehicle (at simulation time 175.000,900,000 s)
2024-06-03 18:10:15,090 INFO  - My position is not better! (at simulation time 175.000,900,000 s)
2024-06-03 18:10:15,091 INFO  - Recieve a message from other vehicle (at simulation time 175.001,400,000 s)
2024-06-03 18:10:15,091 INFO  - My position is not better! (at simulation time 175.001,400,000 s)
2024-06-03 18:10:15,092 INFO  - Recieve a message from other vehicle (at simulation time 175.001,900,000 s)
2024-06-03 18:10:15,092 INFO  - My position is not better! (at simulation time 175.001,900,000 s)
2024-06-03 18:10:15,093 INFO  - Recieve a message from other vehicle (at simulation time 175.002,400,000 s)
2024-06-03 18:10:15,093 INFO  - My position is not better! (at simulation time 175.002,400,000 s)
2024-06-03 18:10:15,384 INFO  - Called #onVehicleUpdated (at simulation time 176.000,000,000 s)
2024-06-03 18:10:15,384 INFO  - Sending out AdHoc broadcast (at simulation time 176.000,000,000 s)
2024-06-03 18:10:15,386 INFO  - Recieve a message from other vehicle (at simulation time 176.000,400,000 s)
2024-06-03 18:10:15,386 INFO  - My position is not better! (at simulation time 176.000,400,000 s)
2024-06-03 18:10:15,390 INFO  - Recieve a message from other vehicle (at simulation time 176.001,400,000 s)
2024-06-03 18:10:15,390 INFO  - My position is not better! (at simulation time 176.001,400,000 s)
2024-06-03 18:10:15,391 INFO  - Recieve a message from other vehicle (at simulation time 176.001,400,000 s)
2024-06-03 18:10:15,391 INFO  - My position is not better! (at simulation time 176.001,400,000 s)
2024-06-03 18:10:15,391 INFO  - Recieve a message from other vehicle (at simulation time 176.001,900,000 s)
2024-06-03 18:10:15,391 INFO  - My position is not better! (at simulation time 176.001,900,000 s)
2024-06-03 18:10:15,391 INFO  - Recieve a message from other vehicle (at simulation time 176.001,900,000 s)
2024-06-03 18:10:15,391 INFO  - My position is not better! (at simulation time 176.001,900,000 s)
2024-06-03 18:10:15,685 INFO  - Called #onVehicleUpdated (at simulation time 177.000,000,000 s)
2024-06-03 18:10:15,688 INFO  - Recieve a message from other vehicle (at simulation time 177.000,400,000 s)
2024-06-03 18:10:15,688 INFO  - My position is not better! (at simulation time 177.000,400,000 s)
2024-06-03 18:10:15,691 INFO  - Recieve a message from other vehicle (at simulation time 177.001,900,000 s)
2024-06-03 18:10:15,691 INFO  - My position is not better! (at simulation time 177.001,900,000 s)
2024-06-03 18:10:15,691 INFO  - Recieve a message from other vehicle (at simulation time 177.001,900,000 s)
2024-06-03 18:10:15,691 INFO  - My position is not better! (at simulation time 177.001,900,000 s)
2024-06-03 18:10:15,692 INFO  - Recieve a message from other vehicle (at simulation time 177.001,900,000 s)
2024-06-03 18:10:15,692 INFO  - My position is not better! (at simulation time 177.001,900,000 s)
2024-06-03 18:10:15,692 INFO  - Recieve a message from other vehicle (at simulation time 177.001,900,000 s)
2024-06-03 18:10:15,692 INFO  - My position is not better! (at simulation time 177.001,900,000 s)
2024-06-03 18:10:15,985 INFO  - Called #onVehicleUpdated (at simulation time 178.000,000,000 s)
2024-06-03 18:10:15,987 INFO  - Sending out AdHoc broadcast (at simulation time 178.000,000,000 s)
2024-06-03 18:10:15,988 INFO  - Recieve a message from other vehicle (at simulation time 178.000,400,000 s)
2024-06-03 18:10:15,988 INFO  - My position is not better! (at simulation time 178.000,400,000 s)
2024-06-03 18:10:15,991 INFO  - Recieve a message from other vehicle (at simulation time 178.000,900,000 s)
2024-06-03 18:10:15,991 INFO  - My position is not better! (at simulation time 178.000,900,000 s)
2024-06-03 18:10:15,993 INFO  - Recieve a message from other vehicle (at simulation time 178.000,900,000 s)
2024-06-03 18:10:15,993 INFO  - My position is not better! (at simulation time 178.000,900,000 s)
2024-06-03 18:10:15,995 INFO  - Recieve a message from other vehicle (at simulation time 178.001,900,000 s)
2024-06-03 18:10:15,995 INFO  - My position is not better! (at simulation time 178.001,900,000 s)
2024-06-03 18:10:15,996 INFO  - Recieve a message from other vehicle (at simulation time 178.001,900,000 s)
2024-06-03 18:10:15,996 INFO  - My position is not better! (at simulation time 178.001,900,000 s)
2024-06-03 18:10:16,283 INFO  - Called #onVehicleUpdated (at simulation time 179.000,000,000 s)
2024-06-03 18:10:16,286 INFO  - Recieve a message from other vehicle (at simulation time 179.000,900,000 s)
2024-06-03 18:10:16,286 INFO  - My position is not better! (at simulation time 179.000,900,000 s)
2024-06-03 18:10:16,287 INFO  - Recieve a message from other vehicle (at simulation time 179.001,400,000 s)
2024-06-03 18:10:16,287 INFO  - My position is not better! (at simulation time 179.001,400,000 s)
2024-06-03 18:10:16,287 INFO  - Recieve a message from other vehicle (at simulation time 179.001,400,000 s)
2024-06-03 18:10:16,287 INFO  - My position is not better! (at simulation time 179.001,400,000 s)
2024-06-03 18:10:16,288 INFO  - Recieve a message from other vehicle (at simulation time 179.001,400,000 s)
2024-06-03 18:10:16,288 INFO  - My position is not better! (at simulation time 179.001,400,000 s)
2024-06-03 18:10:16,288 INFO  - Recieve a message from other vehicle (at simulation time 179.001,400,000 s)
2024-06-03 18:10:16,288 INFO  - My position is not better! (at simulation time 179.001,400,000 s)
2024-06-03 18:10:16,585 INFO  - Called #onVehicleUpdated (at simulation time 180.000,000,000 s)
2024-06-03 18:10:16,586 INFO  - Sending out AdHoc broadcast (at simulation time 180.000,000,000 s)
2024-06-03 18:10:16,589 INFO  - Recieve a message from other vehicle (at simulation time 180.000,400,000 s)
2024-06-03 18:10:16,589 INFO  - My position is not better! (at simulation time 180.000,400,000 s)
2024-06-03 18:10:16,591 INFO  - Recieve a message from other vehicle (at simulation time 180.001,400,000 s)
2024-06-03 18:10:16,591 INFO  - My position is not better! (at simulation time 180.001,400,000 s)
2024-06-03 18:10:16,591 INFO  - Recieve a message from other vehicle (at simulation time 180.001,900,000 s)
2024-06-03 18:10:16,591 INFO  - My position is not better! (at simulation time 180.001,900,000 s)
2024-06-03 18:10:16,592 INFO  - Recieve a message from other vehicle (at simulation time 180.002,400,000 s)
2024-06-03 18:10:16,592 INFO  - My position is not better! (at simulation time 180.002,400,000 s)
2024-06-03 18:10:16,592 INFO  - Recieve a message from other vehicle (at simulation time 180.002,400,000 s)
2024-06-03 18:10:16,592 INFO  - My position is not better! (at simulation time 180.002,400,000 s)
2024-06-03 18:10:16,885 INFO  - Called #onVehicleUpdated (at simulation time 181.000,000,000 s)
2024-06-03 18:10:16,892 INFO  - Recieve a message from other vehicle (at simulation time 181.000,900,000 s)
2024-06-03 18:10:16,892 INFO  - My position is not better! (at simulation time 181.000,900,000 s)
2024-06-03 18:10:16,892 INFO  - Recieve a message from other vehicle (at simulation time 181.000,900,000 s)
2024-06-03 18:10:16,892 INFO  - My position is not better! (at simulation time 181.000,900,000 s)
2024-06-03 18:10:16,893 INFO  - Recieve a message from other vehicle (at simulation time 181.000,900,000 s)
2024-06-03 18:10:16,893 INFO  - My position is not better! (at simulation time 181.000,900,000 s)
2024-06-03 18:10:16,894 INFO  - Recieve a message from other vehicle (at simulation time 181.001,900,000 s)
2024-06-03 18:10:16,894 INFO  - My position is not better! (at simulation time 181.001,900,000 s)
2024-06-03 18:10:16,896 INFO  - Recieve a message from other vehicle (at simulation time 181.002,400,000 s)
2024-06-03 18:10:16,896 INFO  - My position is not better! (at simulation time 181.002,400,000 s)
2024-06-03 18:10:17,185 INFO  - Called #onVehicleUpdated (at simulation time 182.000,000,000 s)
2024-06-03 18:10:17,186 INFO  - Sending out AdHoc broadcast (at simulation time 182.000,000,000 s)
2024-06-03 18:10:17,188 INFO  - Recieve a message from other vehicle (at simulation time 182.000,400,000 s)
2024-06-03 18:10:17,188 INFO  - My position is not better! (at simulation time 182.000,400,000 s)
2024-06-03 18:10:17,190 INFO  - Recieve a message from other vehicle (at simulation time 182.000,400,000 s)
2024-06-03 18:10:17,190 INFO  - My position is not better! (at simulation time 182.000,400,000 s)
2024-06-03 18:10:17,191 INFO  - Recieve a message from other vehicle (at simulation time 182.000,900,000 s)
2024-06-03 18:10:17,191 INFO  - My position is not better! (at simulation time 182.000,900,000 s)
2024-06-03 18:10:17,192 INFO  - Recieve a message from other vehicle (at simulation time 182.000,900,000 s)
2024-06-03 18:10:17,192 INFO  - My position is not better! (at simulation time 182.000,900,000 s)
2024-06-03 18:10:17,193 INFO  - Recieve a message from other vehicle (at simulation time 182.001,400,000 s)
2024-06-03 18:10:17,193 INFO  - My position is not better! (at simulation time 182.001,400,000 s)
2024-06-03 18:10:17,486 INFO  - Called #onVehicleUpdated (at simulation time 183.000,000,000 s)
2024-06-03 18:10:17,490 INFO  - Recieve a message from other vehicle (at simulation time 183.000,900,000 s)
2024-06-03 18:10:17,491 INFO  - My position is not better! (at simulation time 183.000,900,000 s)
2024-06-03 18:10:17,491 INFO  - Recieve a message from other vehicle (at simulation time 183.000,900,000 s)
2024-06-03 18:10:17,491 INFO  - My position is not better! (at simulation time 183.000,900,000 s)
2024-06-03 18:10:17,493 INFO  - Recieve a message from other vehicle (at simulation time 183.001,900,000 s)
2024-06-03 18:10:17,493 INFO  - My position is not better! (at simulation time 183.001,900,000 s)
2024-06-03 18:10:17,493 INFO  - Recieve a message from other vehicle (at simulation time 183.002,400,000 s)
2024-06-03 18:10:17,493 INFO  - My position is not better! (at simulation time 183.002,400,000 s)
2024-06-03 18:10:17,493 INFO  - Recieve a message from other vehicle (at simulation time 183.002,400,000 s)
2024-06-03 18:10:17,493 INFO  - My position is not better! (at simulation time 183.002,400,000 s)
2024-06-03 18:10:17,788 INFO  - Called #onVehicleUpdated (at simulation time 184.000,000,000 s)
2024-06-03 18:10:17,790 INFO  - Sending out AdHoc broadcast (at simulation time 184.000,000,000 s)
2024-06-03 18:10:17,791 INFO  - Recieve a message from other vehicle (at simulation time 184.000,400,000 s)
2024-06-03 18:10:17,791 INFO  - My position is not better! (at simulation time 184.000,400,000 s)
2024-06-03 18:10:17,792 INFO  - Recieve a message from other vehicle (at simulation time 184.000,400,000 s)
2024-06-03 18:10:17,792 INFO  - My position is not better! (at simulation time 184.000,400,000 s)
2024-06-03 18:10:17,794 INFO  - Recieve a message from other vehicle (at simulation time 184.000,900,000 s)
2024-06-03 18:10:17,794 INFO  - My position is not better! (at simulation time 184.000,900,000 s)
2024-06-03 18:10:17,796 INFO  - Recieve a message from other vehicle (at simulation time 184.001,900,000 s)
2024-06-03 18:10:17,796 INFO  - My position is not better! (at simulation time 184.001,900,000 s)
2024-06-03 18:10:17,796 INFO  - Recieve a message from other vehicle (at simulation time 184.002,400,000 s)
2024-06-03 18:10:17,796 INFO  - My position is not better! (at simulation time 184.002,400,000 s)
2024-06-03 18:10:18,088 INFO  - Called #onVehicleUpdated (at simulation time 185.000,000,000 s)
2024-06-03 18:10:18,092 INFO  - Recieve a message from other vehicle (at simulation time 185.000,400,000 s)
2024-06-03 18:10:18,092 INFO  - My position is not better! (at simulation time 185.000,400,000 s)
2024-06-03 18:10:18,094 INFO  - Recieve a message from other vehicle (at simulation time 185.000,900,000 s)
2024-06-03 18:10:18,094 INFO  - My position is not better! (at simulation time 185.000,900,000 s)
2024-06-03 18:10:18,094 INFO  - Recieve a message from other vehicle (at simulation time 185.001,400,000 s)
2024-06-03 18:10:18,094 INFO  - My position is not better! (at simulation time 185.001,400,000 s)
2024-06-03 18:10:18,095 INFO  - Recieve a message from other vehicle (at simulation time 185.001,900,000 s)
2024-06-03 18:10:18,095 INFO  - My position is not better! (at simulation time 185.001,900,000 s)
2024-06-03 18:10:18,096 INFO  - Recieve a message from other vehicle (at simulation time 185.001,900,000 s)
2024-06-03 18:10:18,096 INFO  - My position is not better! (at simulation time 185.001,900,000 s)
2024-06-03 18:10:18,400 INFO  - Called #onVehicleUpdated (at simulation time 186.000,000,000 s)
2024-06-03 18:10:18,401 INFO  - Sending out AdHoc broadcast (at simulation time 186.000,000,000 s)
2024-06-03 18:10:18,403 INFO  - Recieve a message from other vehicle (at simulation time 186.000,400,000 s)
2024-06-03 18:10:18,403 INFO  - My position is not better! (at simulation time 186.000,400,000 s)
2024-06-03 18:10:18,406 INFO  - Recieve a message from other vehicle (at simulation time 186.001,400,000 s)
2024-06-03 18:10:18,406 INFO  - My position is not better! (at simulation time 186.001,400,000 s)
2024-06-03 18:10:18,408 INFO  - Recieve a message from other vehicle (at simulation time 186.001,900,000 s)
2024-06-03 18:10:18,408 INFO  - My position is not better! (at simulation time 186.001,900,000 s)
2024-06-03 18:10:18,408 INFO  - Recieve a message from other vehicle (at simulation time 186.002,400,000 s)
2024-06-03 18:10:18,408 INFO  - My position is not better! (at simulation time 186.002,400,000 s)
2024-06-03 18:10:18,409 INFO  - Recieve a message from other vehicle (at simulation time 186.002,400,000 s)
2024-06-03 18:10:18,409 INFO  - My position is not better! (at simulation time 186.002,400,000 s)
2024-06-03 18:10:18,693 INFO  - Called #onVehicleUpdated (at simulation time 187.000,000,000 s)
2024-06-03 18:10:18,697 INFO  - Recieve a message from other vehicle (at simulation time 187.000,400,000 s)
2024-06-03 18:10:18,697 INFO  - My position is not better! (at simulation time 187.000,400,000 s)
2024-06-03 18:10:18,699 INFO  - Recieve a message from other vehicle (at simulation time 187.000,400,000 s)
2024-06-03 18:10:18,700 INFO  - My position is not better! (at simulation time 187.000,400,000 s)
2024-06-03 18:10:18,702 INFO  - Recieve a message from other vehicle (at simulation time 187.000,900,000 s)
2024-06-03 18:10:18,702 INFO  - My position is not better! (at simulation time 187.000,900,000 s)
2024-06-03 18:10:18,702 INFO  - Recieve a message from other vehicle (at simulation time 187.001,400,000 s)
2024-06-03 18:10:18,702 INFO  - My position is not better! (at simulation time 187.001,400,000 s)
2024-06-03 18:10:18,702 INFO  - Recieve a message from other vehicle (at simulation time 187.001,400,000 s)
2024-06-03 18:10:18,702 INFO  - My position is not better! (at simulation time 187.001,400,000 s)
