2024-06-03 19:54:38,941 INFO  - Initialize Vehicle application (at simulation time 295.000,000,000 s)
2024-06-03 19:54:38,942 INFO  - Activated WLAN Module (at simulation time 295.000,000,000 s)
2024-06-03 19:54:38,943 INFO  - Called #onVehicleUpdated (at simulation time 295.000,000,000 s)
2024-06-03 19:54:38,944 INFO  - Recieve a message from other vehicle (at simulation time 295.000,900,000 s)
2024-06-03 19:54:38,944 INFO  - My position is not better! (at simulation time 295.000,900,000 s)
2024-06-03 19:54:38,948 INFO  - Called #onVehicleUpdated (at simulation time 296.000,000,000 s)
2024-06-03 19:54:38,948 INFO  - Define the name: veh_50 and route: r_1 (at simulation time 296.000,000,000 s)
2024-06-03 19:54:38,948 INFO  - Sending out AdHoc broadcast (at simulation time 296.000,000,000 s)
2024-06-03 19:54:38,949 INFO  - Recieve a message from other vehicle (at simulation time 296.000,400,000 s)
2024-06-03 19:54:38,949 INFO  - My position is not better! (at simulation time 296.000,400,000 s)
2024-06-03 19:54:38,949 INFO  - Recieve a message from other vehicle (at simulation time 296.003,300,000 s)
2024-06-03 19:54:38,949 INFO  - My position is not better! (at simulation time 296.003,300,000 s)
2024-06-03 19:54:38,951 INFO  - Called #onVehicleUpdated (at simulation time 297.000,000,000 s)
2024-06-03 19:54:38,951 INFO  - Recieve a message from other vehicle (at simulation time 297.001,400,000 s)
2024-06-03 19:54:38,951 INFO  - My position is not better! (at simulation time 297.001,400,000 s)
2024-06-03 19:54:38,953 INFO  - Called #onVehicleUpdated (at simulation time 298.000,000,000 s)
2024-06-03 19:54:38,953 INFO  - Sending out AdHoc broadcast (at simulation time 298.000,000,000 s)
2024-06-03 19:54:38,953 INFO  - Recieve a message from other vehicle (at simulation time 298.001,400,000 s)
2024-06-03 19:54:38,953 INFO  - My position is not better! (at simulation time 298.001,400,000 s)
2024-06-03 19:54:38,953 INFO  - Recieve a message from other vehicle (at simulation time 298.001,400,000 s)
2024-06-03 19:54:38,953 INFO  - My position is not better! (at simulation time 298.001,400,000 s)
2024-06-03 19:54:38,953 INFO  - Recieve a message from other vehicle (at simulation time 298.002,800,000 s)
2024-06-03 19:54:38,953 INFO  - My position is not better! (at simulation time 298.002,800,000 s)
2024-06-03 19:54:38,955 INFO  - Called #onVehicleUpdated (at simulation time 299.000,000,000 s)
2024-06-03 19:54:38,955 INFO  - Recieve a message from other vehicle (at simulation time 299.000,400,000 s)
2024-06-03 19:54:38,955 INFO  - My position is not better! (at simulation time 299.000,400,000 s)
2024-06-03 19:54:38,958 INFO  - Called #onVehicleUpdated (at simulation time 300.000,000,000 s)
2024-06-03 19:54:38,958 INFO  - Sending out AdHoc broadcast (at simulation time 300.000,000,000 s)
2024-06-03 19:54:38,958 INFO  - Recieve a message from other vehicle (at simulation time 300.000,900,000 s)
2024-06-03 19:54:38,958 INFO  - My position is not better! (at simulation time 300.000,900,000 s)
2024-06-03 19:54:38,959 INFO  - Recieve a message from other vehicle (at simulation time 300.002,400,000 s)
2024-06-03 19:54:38,959 INFO  - My position is not better! (at simulation time 300.002,400,000 s)
2024-06-03 19:54:38,959 INFO  - Recieve a message from other vehicle (at simulation time 300.003,300,000 s)
2024-06-03 19:54:38,959 INFO  - My position is not better! (at simulation time 300.003,300,000 s)
2024-06-03 19:54:38,960 INFO  - Called #onVehicleUpdated (at simulation time 301.000,000,000 s)
2024-06-03 19:54:38,962 INFO  - Recieve a message from other vehicle (at simulation time 301.001,400,000 s)
2024-06-03 19:54:38,962 INFO  - My position is not better! (at simulation time 301.001,400,000 s)
2024-06-03 19:54:38,963 INFO  - Recieve a message from other vehicle (at simulation time 301.003,800,000 s)
2024-06-03 19:54:38,963 INFO  - My position is not better! (at simulation time 301.003,800,000 s)
2024-06-03 19:54:38,963 INFO  - Recieve a message from other vehicle (at simulation time 301.003,800,000 s)
2024-06-03 19:54:38,963 INFO  - I'm in better position but no more hops in message (at simulation time 301.003,800,000 s)
2024-06-03 19:54:38,964 INFO  - Called #onVehicleUpdated (at simulation time 302.000,000,000 s)
2024-06-03 19:54:38,964 INFO  - Sending out AdHoc broadcast (at simulation time 302.000,000,000 s)
2024-06-03 19:54:38,964 INFO  - Recieve a message from other vehicle (at simulation time 302.000,400,000 s)
2024-06-03 19:54:38,964 INFO  - My position is not better! (at simulation time 302.000,400,000 s)
2024-06-03 19:54:38,964 INFO  - Recieve a message from other vehicle (at simulation time 302.000,400,000 s)
2024-06-03 19:54:38,964 INFO  - My position is not better! (at simulation time 302.000,400,000 s)
2024-06-03 19:54:38,965 INFO  - Recieve a message from other vehicle (at simulation time 302.000,400,000 s)
2024-06-03 19:54:38,965 INFO  - My position is not better! (at simulation time 302.000,400,000 s)
2024-06-03 19:54:38,965 INFO  - Recieve a message from other vehicle (at simulation time 302.000,800,000 s)
2024-06-03 19:54:38,965 INFO  - My position is not better! (at simulation time 302.000,800,000 s)
2024-06-03 19:54:38,965 INFO  - Recieve a message from other vehicle (at simulation time 302.001,300,000 s)
2024-06-03 19:54:38,965 INFO  - My position is not better! (at simulation time 302.001,300,000 s)
2024-06-03 19:54:38,965 INFO  - Recieve a message from other vehicle (at simulation time 302.001,400,000 s)
2024-06-03 19:54:38,965 INFO  - My position is not better! (at simulation time 302.001,400,000 s)
2024-06-03 19:54:38,965 INFO  - Recieve a message from other vehicle (at simulation time 302.001,400,000 s)
2024-06-03 19:54:38,965 INFO  - My position is not better! (at simulation time 302.001,400,000 s)
2024-06-03 19:54:38,966 INFO  - Recieve a message from other vehicle (at simulation time 302.002,300,000 s)
2024-06-03 19:54:38,966 INFO  - My position is not better! (at simulation time 302.002,300,000 s)
2024-06-03 19:54:38,966 INFO  - Recieve a message from other vehicle (at simulation time 302.002,800,000 s)
2024-06-03 19:54:38,966 INFO  - My position is not better! (at simulation time 302.002,800,000 s)
2024-06-03 19:54:38,968 INFO  - Called #onVehicleUpdated (at simulation time 303.000,000,000 s)
2024-06-03 19:54:38,968 INFO  - Recieve a message from other vehicle (at simulation time 303.000,400,000 s)
2024-06-03 19:54:38,968 INFO  - DENM message Recived from veh_48 -info : seco (at simulation time 303.000,400,000 s)
2024-06-03 19:54:38,968 INFO  - No more hops in DENM message (at simulation time 303.000,400,000 s)
2024-06-03 19:54:38,969 INFO  - Recieve a message from other vehicle (at simulation time 303.000,800,000 s)
2024-06-03 19:54:38,969 INFO  - My position is not better! (at simulation time 303.000,800,000 s)
2024-06-03 19:54:38,969 INFO  - Recieve a message from other vehicle (at simulation time 303.000,900,000 s)
2024-06-03 19:54:38,969 INFO  - DENM message Recived from veh_53 -info : seco (at simulation time 303.000,900,000 s)
2024-06-03 19:54:38,969 INFO  - No more hops in DENM message (at simulation time 303.000,900,000 s)
2024-06-03 19:54:38,969 INFO  - Recieve a message from other vehicle (at simulation time 303.000,900,000 s)
2024-06-03 19:54:38,969 INFO  - My position is not better! (at simulation time 303.000,900,000 s)
2024-06-03 19:54:38,969 INFO  - Recieve a message from other vehicle (at simulation time 303.000,900,000 s)
2024-06-03 19:54:38,969 INFO  - My position is not better! (at simulation time 303.000,900,000 s)
2024-06-03 19:54:38,969 INFO  - Recieve a message from other vehicle (at simulation time 303.000,900,000 s)
2024-06-03 19:54:38,969 INFO  - My position is not better! (at simulation time 303.000,900,000 s)
2024-06-03 19:54:38,969 INFO  - Recieve a message from other vehicle (at simulation time 303.001,400,000 s)
2024-06-03 19:54:38,969 INFO  - DENM message Recived from veh_51 -info : seco (at simulation time 303.001,400,000 s)
2024-06-03 19:54:38,969 INFO  - No more hops in DENM message (at simulation time 303.001,400,000 s)
2024-06-03 19:54:38,969 INFO  - Recieve a message from other vehicle (at simulation time 303.001,800,000 s)
2024-06-03 19:54:38,969 INFO  - My position is not better! (at simulation time 303.001,800,000 s)
2024-06-03 19:54:38,969 INFO  - Recieve a message from other vehicle (at simulation time 303.001,800,000 s)
2024-06-03 19:54:38,969 INFO  - My position is not better! (at simulation time 303.001,800,000 s)
2024-06-03 19:54:38,969 INFO  - Recieve a message from other vehicle (at simulation time 303.001,900,000 s)
2024-06-03 19:54:38,969 INFO  - My position is not better! (at simulation time 303.001,900,000 s)
2024-06-03 19:54:38,970 INFO  - Recieve a message from other vehicle (at simulation time 303.002,400,000 s)
2024-06-03 19:54:38,970 INFO  - DENM message Recived from veh_49 -info : seco (at simulation time 303.002,400,000 s)
2024-06-03 19:54:38,970 INFO  - No more hops in DENM message (at simulation time 303.002,400,000 s)
2024-06-03 19:54:38,970 INFO  - Recieve a message from other vehicle (at simulation time 303.002,400,000 s)
2024-06-03 19:54:38,970 INFO  - My position is not better! (at simulation time 303.002,400,000 s)
2024-06-03 19:54:38,970 INFO  - Recieve a message from other vehicle (at simulation time 303.002,400,000 s)
2024-06-03 19:54:38,970 INFO  - My position is not better! (at simulation time 303.002,400,000 s)
2024-06-03 19:54:38,970 INFO  - Recieve a message from other vehicle (at simulation time 303.002,400,000 s)
2024-06-03 19:54:38,970 INFO  - My position is not better! (at simulation time 303.002,400,000 s)
2024-06-03 19:54:38,970 INFO  - Recieve a message from other vehicle (at simulation time 303.002,400,000 s)
2024-06-03 19:54:38,970 INFO  - My position is not better! (at simulation time 303.002,400,000 s)
2024-06-03 19:54:38,970 INFO  - Recieve a message from other vehicle (at simulation time 303.002,800,000 s)
2024-06-03 19:54:38,970 INFO  - DENM message Recived from veh_48 -info : seco (at simulation time 303.002,800,000 s)
2024-06-03 19:54:38,970 INFO  - No more hops in DENM message (at simulation time 303.002,800,000 s)
2024-06-03 19:54:38,970 INFO  - Recieve a message from other vehicle (at simulation time 303.002,800,000 s)
2024-06-03 19:54:38,970 INFO  - DENM message Recived from veh_49 -info : seco (at simulation time 303.002,800,000 s)
2024-06-03 19:54:38,970 INFO  - No more hops in DENM message (at simulation time 303.002,800,000 s)
2024-06-03 19:54:38,970 INFO  - Recieve a message from other vehicle (at simulation time 303.002,800,000 s)
2024-06-03 19:54:38,970 INFO  - DENM message Recived from veh_51 -info : seco (at simulation time 303.002,800,000 s)
2024-06-03 19:54:38,970 INFO  - No more hops in DENM message (at simulation time 303.002,800,000 s)
2024-06-03 19:54:38,971 INFO  - Called #onVehicleUpdated (at simulation time 304.000,000,000 s)
2024-06-03 19:54:38,972 INFO  - Sending out DENM broadcast (at simulation time 304.000,000,000 s)
2024-06-03 19:54:38,972 INFO  - Sending out AdHoc broadcast (at simulation time 304.000,000,000 s)
2024-06-03 19:54:38,972 INFO  - Recieve a message from other vehicle (at simulation time 304.000,400,000 s)
2024-06-03 19:54:38,972 INFO  - My position is not better! (at simulation time 304.000,400,000 s)
2024-06-03 19:54:38,972 INFO  - Recieve a message from other vehicle (at simulation time 304.000,400,000 s)
2024-06-03 19:54:38,972 INFO  - Recending a message from other vehicle (at simulation time 304.000,400,000 s)
2024-06-03 19:54:38,972 INFO  - Recieve a message from other vehicle (at simulation time 304.000,800,000 s)
2024-06-03 19:54:38,972 INFO  - DENM message Recived from veh_52 -info : nevoeiro (at simulation time 304.000,800,000 s)
2024-06-03 19:54:38,972 INFO  - No more hops in DENM message (at simulation time 304.000,800,000 s)
2024-06-03 19:54:38,973 INFO  - Recieve a message from other vehicle (at simulation time 304.000,800,000 s)
2024-06-03 19:54:38,973 INFO  - My position is not better! (at simulation time 304.000,800,000 s)
2024-06-03 19:54:38,973 INFO  - Recieve a message from other vehicle (at simulation time 304.000,900,000 s)
2024-06-03 19:54:38,973 INFO  - DENM message Recived from veh_52 -info : nevoeiro (at simulation time 304.000,900,000 s)
2024-06-03 19:54:38,973 INFO  - No more hops in DENM message (at simulation time 304.000,900,000 s)
2024-06-03 19:54:38,973 INFO  - Recieve a message from other vehicle (at simulation time 304.000,900,000 s)
2024-06-03 19:54:38,973 INFO  - My position is not better! (at simulation time 304.000,900,000 s)
2024-06-03 19:54:38,973 INFO  - Recieve a message from other vehicle (at simulation time 304.000,900,000 s)
2024-06-03 19:54:38,973 INFO  - My position is not better! (at simulation time 304.000,900,000 s)
2024-06-03 19:54:38,973 INFO  - Recieve a message from other vehicle (at simulation time 304.000,900,000 s)
2024-06-03 19:54:38,973 INFO  - My position is not better! (at simulation time 304.000,900,000 s)
2024-06-03 19:54:38,973 INFO  - Recieve a message from other vehicle (at simulation time 304.001,400,000 s)
2024-06-03 19:54:38,973 INFO  - My position is not better! (at simulation time 304.001,400,000 s)
2024-06-03 19:54:38,973 INFO  - Recieve a message from other vehicle (at simulation time 304.001,400,000 s)
2024-06-03 19:54:38,973 INFO  - I'm in better position but no more hops in message (at simulation time 304.001,400,000 s)
2024-06-03 19:54:38,973 INFO  - Recieve a message from other vehicle (at simulation time 304.001,800,000 s)
2024-06-03 19:54:38,973 INFO  - DENM message Recived from veh_50 -info : seco (at simulation time 304.001,800,000 s)
2024-06-03 19:54:38,973 INFO  - No more hops in DENM message (at simulation time 304.001,800,000 s)
2024-06-03 19:54:38,973 INFO  - Recieve a message from other vehicle (at simulation time 304.001,900,000 s)
2024-06-03 19:54:38,973 INFO  - I'm in better position but no more hops in message (at simulation time 304.001,900,000 s)
2024-06-03 19:54:38,973 INFO  - Recieve a message from other vehicle (at simulation time 304.001,900,000 s)
2024-06-03 19:54:38,973 INFO  - My position is not better! (at simulation time 304.001,900,000 s)
2024-06-03 19:54:38,974 INFO  - Recieve a message from other vehicle (at simulation time 304.002,800,000 s)
2024-06-03 19:54:38,974 INFO  - My position is not better! (at simulation time 304.002,800,000 s)
2024-06-03 19:54:38,974 INFO  - Recieve a message from other vehicle (at simulation time 304.002,800,000 s)
2024-06-03 19:54:38,974 INFO  - My position is not better! (at simulation time 304.002,800,000 s)
2024-06-03 19:54:38,974 INFO  - Recieve a message from other vehicle (at simulation time 304.003,300,000 s)
2024-06-03 19:54:38,974 INFO  - I'm in better position but no more hops in message (at simulation time 304.003,300,000 s)
2024-06-03 19:54:38,974 INFO  - Recieve a message from other vehicle (at simulation time 304.003,300,000 s)
2024-06-03 19:54:38,974 INFO  - My position is not better! (at simulation time 304.003,300,000 s)
2024-06-03 19:54:38,974 INFO  - Recieve a message from other vehicle (at simulation time 304.003,300,000 s)
2024-06-03 19:54:38,974 INFO  - I'm in better position but no more hops in message (at simulation time 304.003,300,000 s)
2024-06-03 19:54:38,976 INFO  - Called #onVehicleUpdated (at simulation time 305.000,000,000 s)
2024-06-03 19:54:38,976 INFO  - Recieve a message from other vehicle (at simulation time 305.000,400,000 s)
2024-06-03 19:54:38,976 INFO  - Recending a message from other vehicle (at simulation time 305.000,400,000 s)
2024-06-03 19:54:38,976 INFO  - Recieve a message from other vehicle (at simulation time 305.000,900,000 s)
2024-06-03 19:54:38,976 INFO  - I'm in better position but no more hops in message (at simulation time 305.000,900,000 s)
2024-06-03 19:54:38,976 INFO  - Recieve a message from other vehicle (at simulation time 305.000,900,000 s)
2024-06-03 19:54:38,976 INFO  - I'm in better position but no more hops in message (at simulation time 305.000,900,000 s)
2024-06-03 19:54:38,976 INFO  - Recieve a message from other vehicle (at simulation time 305.000,900,000 s)
2024-06-03 19:54:38,976 INFO  - My position is not better! (at simulation time 305.000,900,000 s)
2024-06-03 19:54:38,976 INFO  - Recieve a message from other vehicle (at simulation time 305.000,900,000 s)
2024-06-03 19:54:38,976 INFO  - I'm in better position but no more hops in message (at simulation time 305.000,900,000 s)
2024-06-03 19:54:38,976 INFO  - Recieve a message from other vehicle (at simulation time 305.001,300,000 s)
2024-06-03 19:54:38,976 INFO  - I'm in better position but no more hops in message (at simulation time 305.001,300,000 s)
2024-06-03 19:54:38,976 INFO  - Recieve a message from other vehicle (at simulation time 305.001,400,000 s)
2024-06-03 19:54:38,976 INFO  - I'm in better position but no more hops in message (at simulation time 305.001,400,000 s)
2024-06-03 19:54:38,976 INFO  - Recieve a message from other vehicle (at simulation time 305.001,800,000 s)
2024-06-03 19:54:38,976 INFO  - I'm in better position but no more hops in message (at simulation time 305.001,800,000 s)
2024-06-03 19:54:38,976 INFO  - Recieve a message from other vehicle (at simulation time 305.001,800,000 s)
2024-06-03 19:54:38,976 INFO  - I'm in better position but no more hops in message (at simulation time 305.001,800,000 s)
2024-06-03 19:54:38,977 INFO  - Recieve a message from other vehicle (at simulation time 305.001,900,000 s)
2024-06-03 19:54:38,977 INFO  - I'm in better position but no more hops in message (at simulation time 305.001,900,000 s)
2024-06-03 19:54:38,977 INFO  - Recieve a message from other vehicle (at simulation time 305.001,900,000 s)
2024-06-03 19:54:38,977 INFO  - I'm in better position but no more hops in message (at simulation time 305.001,900,000 s)
2024-06-03 19:54:38,977 INFO  - Recieve a message from other vehicle (at simulation time 305.002,300,000 s)
2024-06-03 19:54:38,977 INFO  - I'm in better position but no more hops in message (at simulation time 305.002,300,000 s)
2024-06-03 19:54:38,977 INFO  - Recieve a message from other vehicle (at simulation time 305.002,400,000 s)
2024-06-03 19:54:38,977 INFO  - I'm in better position but no more hops in message (at simulation time 305.002,400,000 s)
2024-06-03 19:54:38,979 INFO  - Called #onVehicleUpdated (at simulation time 306.000,000,000 s)
2024-06-03 19:54:38,979 INFO  - Sending out AdHoc broadcast (at simulation time 306.000,000,000 s)
2024-06-03 19:54:38,980 INFO  - Recieve a message from other vehicle (at simulation time 306.000,400,000 s)
2024-06-03 19:54:38,980 INFO  - Recending a message from other vehicle (at simulation time 306.000,400,000 s)
2024-06-03 19:54:38,980 INFO  - Recieve a message from other vehicle (at simulation time 306.000,900,000 s)
2024-06-03 19:54:38,980 INFO  - I'm in better position but no more hops in message (at simulation time 306.000,900,000 s)
2024-06-03 19:54:38,981 INFO  - Recieve a message from other vehicle (at simulation time 306.001,400,000 s)
2024-06-03 19:54:38,981 INFO  - I'm in better position but no more hops in message (at simulation time 306.001,400,000 s)
2024-06-03 19:54:38,981 INFO  - Recieve a message from other vehicle (at simulation time 306.001,900,000 s)
2024-06-03 19:54:38,981 INFO  - I'm in better position but no more hops in message (at simulation time 306.001,900,000 s)
2024-06-03 19:54:38,981 INFO  - Recieve a message from other vehicle (at simulation time 306.001,900,000 s)
2024-06-03 19:54:38,981 INFO  - I'm in better position but no more hops in message (at simulation time 306.001,900,000 s)
2024-06-03 19:54:38,981 INFO  - Recieve a message from other vehicle (at simulation time 306.001,900,000 s)
2024-06-03 19:54:38,981 INFO  - Recending a message from other vehicle (at simulation time 306.001,900,000 s)
2024-06-03 19:54:38,981 INFO  - Recieve a message from other vehicle (at simulation time 306.002,300,000 s)
2024-06-03 19:54:38,981 INFO  - I'm in better position but no more hops in message (at simulation time 306.002,300,000 s)
2024-06-03 19:54:38,981 INFO  - Recieve a message from other vehicle (at simulation time 306.002,400,000 s)
2024-06-03 19:54:38,981 INFO  - I'm in better position but no more hops in message (at simulation time 306.002,400,000 s)
2024-06-03 19:54:38,981 INFO  - Recieve a message from other vehicle (at simulation time 306.002,400,000 s)
2024-06-03 19:54:38,981 INFO  - I'm in better position but no more hops in message (at simulation time 306.002,400,000 s)
2024-06-03 19:54:38,981 INFO  - Recieve a message from other vehicle (at simulation time 306.002,400,000 s)
2024-06-03 19:54:38,981 INFO  - I'm in better position but no more hops in message (at simulation time 306.002,400,000 s)
2024-06-03 19:54:38,981 INFO  - Recieve a message from other vehicle (at simulation time 306.002,800,000 s)
2024-06-03 19:54:38,981 INFO  - I'm in better position but no more hops in message (at simulation time 306.002,800,000 s)
2024-06-03 19:54:38,981 INFO  - Recieve a message from other vehicle (at simulation time 306.003,300,000 s)
2024-06-03 19:54:38,981 INFO  - I'm in better position but no more hops in message (at simulation time 306.003,300,000 s)
2024-06-03 19:54:38,981 INFO  - Recieve a message from other vehicle (at simulation time 306.004,300,000 s)
2024-06-03 19:54:38,981 INFO  - I'm in better position but no more hops in message (at simulation time 306.004,300,000 s)
2024-06-03 19:54:38,983 INFO  - Called #onVehicleUpdated (at simulation time 307.000,000,000 s)
2024-06-03 19:54:38,983 INFO  - Recieve a message from other vehicle (at simulation time 307.000,900,000 s)
2024-06-03 19:54:38,983 INFO  - My position is not better! (at simulation time 307.000,900,000 s)
2024-06-03 19:54:38,983 INFO  - Recieve a message from other vehicle (at simulation time 307.000,900,000 s)
2024-06-03 19:54:38,983 INFO  - My position is not better! (at simulation time 307.000,900,000 s)
2024-06-03 19:54:38,983 INFO  - Recieve a message from other vehicle (at simulation time 307.001,400,000 s)
2024-06-03 19:54:38,983 INFO  - Recending a message from other vehicle (at simulation time 307.001,400,000 s)
2024-06-03 19:54:38,983 INFO  - Recieve a message from other vehicle (at simulation time 307.001,400,000 s)
2024-06-03 19:54:38,983 INFO  - My position is not better! (at simulation time 307.001,400,000 s)
2024-06-03 19:54:38,985 INFO  - Called #onVehicleUpdated (at simulation time 308.000,000,000 s)
2024-06-03 19:54:38,985 INFO  - Sending out AdHoc broadcast (at simulation time 308.000,000,000 s)
2024-06-03 19:54:38,985 INFO  - Recieve a message from other vehicle (at simulation time 308.001,400,000 s)
2024-06-03 19:54:38,985 INFO  - My position is not better! (at simulation time 308.001,400,000 s)
2024-06-03 19:54:38,985 INFO  - Recieve a message from other vehicle (at simulation time 308.001,900,000 s)
2024-06-03 19:54:38,985 INFO  - My position is not better! (at simulation time 308.001,900,000 s)
2024-06-03 19:54:38,986 INFO  - Recieve a message from other vehicle (at simulation time 308.002,400,000 s)
2024-06-03 19:54:38,986 INFO  - My position is not better! (at simulation time 308.002,400,000 s)
2024-06-03 19:54:38,986 INFO  - Recieve a message from other vehicle (at simulation time 308.002,800,000 s)
2024-06-03 19:54:38,986 INFO  - I'm in better position but no more hops in message (at simulation time 308.002,800,000 s)
2024-06-03 19:54:38,986 INFO  - Recieve a message from other vehicle (at simulation time 308.003,300,000 s)
2024-06-03 19:54:38,986 INFO  - My position is not better! (at simulation time 308.003,300,000 s)
2024-06-03 19:54:38,986 INFO  - Recieve a message from other vehicle (at simulation time 308.003,800,000 s)
2024-06-03 19:54:38,986 INFO  - I'm in better position but no more hops in message (at simulation time 308.003,800,000 s)
2024-06-03 19:54:38,987 INFO  - Called #onVehicleUpdated (at simulation time 309.000,000,000 s)
2024-06-03 19:54:38,988 INFO  - Recieve a message from other vehicle (at simulation time 309.001,400,000 s)
2024-06-03 19:54:38,988 INFO  - My position is not better! (at simulation time 309.001,400,000 s)
2024-06-03 19:54:38,988 INFO  - Recieve a message from other vehicle (at simulation time 309.002,300,000 s)
2024-06-03 19:54:38,988 INFO  - My position is not better! (at simulation time 309.002,300,000 s)
2024-06-03 19:54:38,988 INFO  - Recieve a message from other vehicle (at simulation time 309.004,300,000 s)
2024-06-03 19:54:38,988 INFO  - My position is not better! (at simulation time 309.004,300,000 s)
2024-06-03 19:54:38,989 INFO  - Called #onVehicleUpdated (at simulation time 310.000,000,000 s)
2024-06-03 19:54:38,990 INFO  - Sending out AdHoc broadcast (at simulation time 310.000,000,000 s)
2024-06-03 19:54:38,991 INFO  - Called #onVehicleUpdated (at simulation time 311.000,000,000 s)
2024-06-03 19:54:38,991 INFO  - Exced velocity! Sending new CAM (at simulation time 311.000,000,000 s)
2024-06-03 19:54:38,991 INFO  - Sending out AdHoc broadcast (at simulation time 311.000,000,000 s)
2024-06-03 19:54:38,993 INFO  - Called #onVehicleUpdated (at simulation time 312.000,000,000 s)
2024-06-03 19:54:38,993 INFO  - Exced velocity! Sending new CAM (at simulation time 312.000,000,000 s)
2024-06-03 19:54:38,993 INFO  - Sending out AdHoc broadcast (at simulation time 312.000,000,000 s)
2024-06-03 19:54:38,993 INFO  - Sending out AdHoc broadcast (at simulation time 312.000,000,000 s)
2024-06-03 19:54:38,995 INFO  - Called #onVehicleUpdated (at simulation time 313.000,000,000 s)
2024-06-03 19:54:38,995 INFO  - Exced velocity! Sending new CAM (at simulation time 313.000,000,000 s)
2024-06-03 19:54:38,995 INFO  - Sending out AdHoc broadcast (at simulation time 313.000,000,000 s)
2024-06-03 19:54:38,995 INFO  - Sending out AdHoc broadcast (at simulation time 313.000,000,000 s)
2024-06-03 19:54:38,996 INFO  - Called #onVehicleUpdated (at simulation time 314.000,000,000 s)
2024-06-03 19:54:38,996 INFO  - Exced velocity! Sending new CAM (at simulation time 314.000,000,000 s)
2024-06-03 19:54:38,996 INFO  - Sending out AdHoc broadcast (at simulation time 314.000,000,000 s)
2024-06-03 19:54:38,996 INFO  - Sending out AdHoc broadcast (at simulation time 314.000,000,000 s)
2024-06-03 19:54:38,996 INFO  - Sending out AdHoc broadcast (at simulation time 314.000,000,000 s)
2024-06-03 19:54:38,998 INFO  - Shutdown (at simulation time 315.000,000,000 s)
