2024-06-03 19:15:01,434 INFO  - Initialize Vehicle application (at simulation time 258.000,000,000 s)
2024-06-03 19:15:01,435 INFO  - Activated WLAN Module (at simulation time 258.000,000,000 s)
2024-06-03 19:15:01,436 INFO  - Called #onVehicleUpdated (at simulation time 258.000,000,000 s)
2024-06-03 19:15:01,436 INFO  - Exced velocity! Sending new CAM (at simulation time 258.000,000,000 s)
2024-06-03 19:15:01,436 INFO  - Sending out AdHoc broadcast (at simulation time 258.000,000,000 s)
2024-06-03 19:15:01,444 INFO  - Called #onVehicleUpdated (at simulation time 259.000,000,000 s)
2024-06-03 19:15:01,444 INFO  - Exced velocity! Sending new CAM (at simulation time 259.000,000,000 s)
2024-06-03 19:15:01,444 INFO  - Sending out AdHoc broadcast (at simulation time 259.000,000,000 s)
2024-06-03 19:15:01,444 INFO  - Define the name: veh_45 and route: r_4 (at simulation time 259.000,000,000 s)
2024-06-03 19:15:01,444 INFO  - Sending out AdHoc broadcast (at simulation time 259.000,000,000 s)
2024-06-03 19:15:01,448 INFO  - Called #onVehicleUpdated (at simulation time 260.000,000,000 s)
2024-06-03 19:15:01,448 INFO  - Exced velocity! Sending new CAM (at simulation time 260.000,000,000 s)
2024-06-03 19:15:01,448 INFO  - Sending out AdHoc broadcast (at simulation time 260.000,000,000 s)
2024-06-03 19:15:01,448 INFO  - Sending out AdHoc broadcast (at simulation time 260.000,000,000 s)
2024-06-03 19:15:01,450 INFO  - Recieve a message from other vehicle (at simulation time 260.002,400,000 s)
2024-06-03 19:15:01,450 INFO  - Recending a message from other vehicle (at simulation time 260.002,400,000 s)
2024-06-03 19:15:01,453 INFO  - Called #onVehicleUpdated (at simulation time 261.000,000,000 s)
2024-06-03 19:15:01,453 INFO  - Exced velocity! Sending new CAM (at simulation time 261.000,000,000 s)
2024-06-03 19:15:01,453 INFO  - Sending out AdHoc broadcast (at simulation time 261.000,000,000 s)
2024-06-03 19:15:01,453 INFO  - Sending out AdHoc broadcast (at simulation time 261.000,000,000 s)
2024-06-03 19:15:01,453 INFO  - Sending out AdHoc broadcast (at simulation time 261.000,000,000 s)
2024-06-03 19:15:01,457 INFO  - Called #onVehicleUpdated (at simulation time 262.000,000,000 s)
2024-06-03 19:15:01,457 INFO  - Sending out AdHoc broadcast (at simulation time 262.000,000,000 s)
2024-06-03 19:15:01,457 INFO  - Sending out AdHoc broadcast (at simulation time 262.000,000,000 s)
2024-06-03 19:15:01,459 INFO  - Recieve a message from other vehicle (at simulation time 262.001,900,000 s)
2024-06-03 19:15:01,459 INFO  - Recending a message from other vehicle (at simulation time 262.001,900,000 s)
2024-06-03 19:15:01,459 INFO  - Recieve a message from other vehicle (at simulation time 262.001,900,000 s)
2024-06-03 19:15:01,459 INFO  - Recending a message from other vehicle (at simulation time 262.001,900,000 s)
2024-06-03 19:15:01,461 INFO  - Called #onVehicleUpdated (at simulation time 263.000,000,000 s)
2024-06-03 19:15:01,461 INFO  - Exced velocity! Sending new CAM (at simulation time 263.000,000,000 s)
2024-06-03 19:15:01,461 INFO  - Sending out AdHoc broadcast (at simulation time 263.000,000,000 s)
2024-06-03 19:15:01,462 INFO  - Sending out AdHoc broadcast (at simulation time 263.000,000,000 s)
2024-06-03 19:15:01,462 INFO  - Sending out AdHoc broadcast (at simulation time 263.000,000,000 s)
2024-06-03 19:15:01,462 INFO  - Sending out AdHoc broadcast (at simulation time 263.000,000,000 s)
2024-06-03 19:15:01,465 INFO  - Called #onVehicleUpdated (at simulation time 264.000,000,000 s)
2024-06-03 19:15:01,465 INFO  - Sending out AdHoc broadcast (at simulation time 264.000,000,000 s)
2024-06-03 19:15:01,465 INFO  - Sending out AdHoc broadcast (at simulation time 264.000,000,000 s)
2024-06-03 19:15:01,466 INFO  - Recieve a message from other vehicle (at simulation time 264.000,400,000 s)
2024-06-03 19:15:01,466 INFO  - My position is not better! (at simulation time 264.000,400,000 s)
2024-06-03 19:15:01,466 INFO  - Recieve a message from other vehicle (at simulation time 264.000,900,000 s)
2024-06-03 19:15:01,466 INFO  - I'm in better position but no more hops in message (at simulation time 264.000,900,000 s)
2024-06-03 19:15:01,467 INFO  - Recieve a message from other vehicle (at simulation time 264.001,300,000 s)
2024-06-03 19:15:01,467 INFO  - My position is not better! (at simulation time 264.001,300,000 s)
2024-06-03 19:15:01,467 INFO  - Recieve a message from other vehicle (at simulation time 264.001,400,000 s)
2024-06-03 19:15:01,467 INFO  - I'm in better position but no more hops in message (at simulation time 264.001,400,000 s)
2024-06-03 19:15:01,467 INFO  - Recieve a message from other vehicle (at simulation time 264.001,400,000 s)
2024-06-03 19:15:01,467 INFO  - Recending a message from other vehicle (at simulation time 264.001,400,000 s)
2024-06-03 19:15:01,467 INFO  - Recieve a message from other vehicle (at simulation time 264.001,900,000 s)
2024-06-03 19:15:01,467 INFO  - Recending a message from other vehicle (at simulation time 264.001,900,000 s)
2024-06-03 19:15:01,467 INFO  - Recieve a message from other vehicle (at simulation time 264.001,900,000 s)
2024-06-03 19:15:01,467 INFO  - I'm in better position but no more hops in message (at simulation time 264.001,900,000 s)
2024-06-03 19:15:01,468 INFO  - Recieve a message from other vehicle (at simulation time 264.002,300,000 s)
2024-06-03 19:15:01,468 INFO  - My position is not better! (at simulation time 264.002,300,000 s)
2024-06-03 19:15:01,472 INFO  - Called #onVehicleUpdated (at simulation time 265.000,000,000 s)
2024-06-03 19:15:01,472 INFO  - Sending out AdHoc broadcast (at simulation time 265.000,000,000 s)
2024-06-03 19:15:01,472 INFO  - Sending out AdHoc broadcast (at simulation time 265.000,000,000 s)
2024-06-03 19:15:01,472 INFO  - Sending out AdHoc broadcast (at simulation time 265.000,000,000 s)
2024-06-03 19:15:01,472 INFO  - Sending out AdHoc broadcast (at simulation time 265.000,000,000 s)
2024-06-03 19:15:01,473 INFO  - Recieve a message from other vehicle (at simulation time 265.000,900,000 s)
2024-06-03 19:15:01,473 INFO  - I'm in better position but no more hops in message (at simulation time 265.000,900,000 s)
2024-06-03 19:15:01,473 INFO  - Recieve a message from other vehicle (at simulation time 265.000,900,000 s)
2024-06-03 19:15:01,473 INFO  - I'm in better position but no more hops in message (at simulation time 265.000,900,000 s)
2024-06-03 19:15:01,474 INFO  - Recieve a message from other vehicle (at simulation time 265.001,400,000 s)
2024-06-03 19:15:01,474 INFO  - I'm in better position but no more hops in message (at simulation time 265.001,400,000 s)
2024-06-03 19:15:01,474 INFO  - Recieve a message from other vehicle (at simulation time 265.001,400,000 s)
2024-06-03 19:15:01,474 INFO  - I'm in better position but no more hops in message (at simulation time 265.001,400,000 s)
2024-06-03 19:15:01,474 INFO  - Recieve a message from other vehicle (at simulation time 265.001,400,000 s)
2024-06-03 19:15:01,474 INFO  - I'm in better position but no more hops in message (at simulation time 265.001,400,000 s)
2024-06-03 19:15:01,474 INFO  - Recieve a message from other vehicle (at simulation time 265.001,400,000 s)
2024-06-03 19:15:01,474 INFO  - I'm in better position but no more hops in message (at simulation time 265.001,400,000 s)
2024-06-03 19:15:01,474 INFO  - Recieve a message from other vehicle (at simulation time 265.001,800,000 s)
2024-06-03 19:15:01,474 INFO  - My position is not better! (at simulation time 265.001,800,000 s)
2024-06-03 19:15:01,474 INFO  - Recieve a message from other vehicle (at simulation time 265.001,800,000 s)
2024-06-03 19:15:01,474 INFO  - My position is not better! (at simulation time 265.001,800,000 s)
2024-06-03 19:15:01,475 INFO  - Recieve a message from other vehicle (at simulation time 265.001,900,000 s)
2024-06-03 19:15:01,475 INFO  - I'm in better position but no more hops in message (at simulation time 265.001,900,000 s)
2024-06-03 19:15:01,475 INFO  - Recieve a message from other vehicle (at simulation time 265.002,300,000 s)
2024-06-03 19:15:01,475 INFO  - My position is not better! (at simulation time 265.002,300,000 s)
2024-06-03 19:15:01,475 INFO  - Recieve a message from other vehicle (at simulation time 265.002,400,000 s)
2024-06-03 19:15:01,475 INFO  - I'm in better position but no more hops in message (at simulation time 265.002,400,000 s)
2024-06-03 19:15:01,475 INFO  - Recieve a message from other vehicle (at simulation time 265.002,400,000 s)
2024-06-03 19:15:01,475 INFO  - I'm in better position but no more hops in message (at simulation time 265.002,400,000 s)
2024-06-03 19:15:01,475 INFO  - Recieve a message from other vehicle (at simulation time 265.002,800,000 s)
2024-06-03 19:15:01,475 INFO  - I'm in better position but no more hops in message (at simulation time 265.002,800,000 s)
2024-06-03 19:15:01,475 INFO  - Recieve a message from other vehicle (at simulation time 265.002,800,000 s)
2024-06-03 19:15:01,475 INFO  - My position is not better! (at simulation time 265.002,800,000 s)
2024-06-03 19:15:01,477 INFO  - Called #onVehicleUpdated (at simulation time 266.000,000,000 s)
2024-06-03 19:15:01,477 INFO  - Sending out AdHoc broadcast (at simulation time 266.000,000,000 s)
2024-06-03 19:15:01,477 INFO  - Sending out AdHoc broadcast (at simulation time 266.000,000,000 s)
2024-06-03 19:15:01,478 INFO  - Recieve a message from other vehicle (at simulation time 266.000,400,000 s)
2024-06-03 19:15:01,478 INFO  - I'm in better position but no more hops in message (at simulation time 266.000,400,000 s)
2024-06-03 19:15:01,478 INFO  - Recieve a message from other vehicle (at simulation time 266.000,400,000 s)
2024-06-03 19:15:01,478 INFO  - I'm in better position but no more hops in message (at simulation time 266.000,400,000 s)
2024-06-03 19:15:01,478 INFO  - Recieve a message from other vehicle (at simulation time 266.000,400,000 s)
2024-06-03 19:15:01,478 INFO  - I'm in better position but no more hops in message (at simulation time 266.000,400,000 s)
2024-06-03 19:15:01,478 INFO  - Recieve a message from other vehicle (at simulation time 266.000,400,000 s)
2024-06-03 19:15:01,478 INFO  - Recending a message from other vehicle (at simulation time 266.000,400,000 s)
2024-06-03 19:15:01,478 INFO  - Recieve a message from other vehicle (at simulation time 266.000,900,000 s)
2024-06-03 19:15:01,478 INFO  - I'm in better position but no more hops in message (at simulation time 266.000,900,000 s)
2024-06-03 19:15:01,478 INFO  - Recieve a message from other vehicle (at simulation time 266.000,900,000 s)
2024-06-03 19:15:01,478 INFO  - I'm in better position but no more hops in message (at simulation time 266.000,900,000 s)
2024-06-03 19:15:01,478 INFO  - Recieve a message from other vehicle (at simulation time 266.001,300,000 s)
2024-06-03 19:15:01,478 INFO  - I'm in better position but no more hops in message (at simulation time 266.001,300,000 s)
2024-06-03 19:15:01,479 INFO  - Recieve a message from other vehicle (at simulation time 266.001,400,000 s)
2024-06-03 19:15:01,479 INFO  - I'm in better position but no more hops in message (at simulation time 266.001,400,000 s)
2024-06-03 19:15:01,479 INFO  - Recieve a message from other vehicle (at simulation time 266.001,900,000 s)
2024-06-03 19:15:01,479 INFO  - I'm in better position but no more hops in message (at simulation time 266.001,900,000 s)
2024-06-03 19:15:01,479 INFO  - Recieve a message from other vehicle (at simulation time 266.001,900,000 s)
2024-06-03 19:15:01,479 INFO  - I'm in better position but no more hops in message (at simulation time 266.001,900,000 s)
2024-06-03 19:15:01,479 INFO  - Recieve a message from other vehicle (at simulation time 266.001,900,000 s)
2024-06-03 19:15:01,479 INFO  - I'm in better position but no more hops in message (at simulation time 266.001,900,000 s)
2024-06-03 19:15:01,479 INFO  - Recieve a message from other vehicle (at simulation time 266.002,300,000 s)
2024-06-03 19:15:01,479 INFO  - I'm in better position but no more hops in message (at simulation time 266.002,300,000 s)
2024-06-03 19:15:01,479 INFO  - Recieve a message from other vehicle (at simulation time 266.002,300,000 s)
2024-06-03 19:15:01,479 INFO  - I'm in better position but no more hops in message (at simulation time 266.002,300,000 s)
2024-06-03 19:15:01,479 INFO  - Recieve a message from other vehicle (at simulation time 266.002,400,000 s)
2024-06-03 19:15:01,479 INFO  - I'm in better position but no more hops in message (at simulation time 266.002,400,000 s)
2024-06-03 19:15:01,479 INFO  - Recieve a message from other vehicle (at simulation time 266.002,400,000 s)
2024-06-03 19:15:01,479 INFO  - I'm in better position but no more hops in message (at simulation time 266.002,400,000 s)
2024-06-03 19:15:01,479 INFO  - Recieve a message from other vehicle (at simulation time 266.002,400,000 s)
2024-06-03 19:15:01,479 INFO  - I'm in better position but no more hops in message (at simulation time 266.002,400,000 s)
2024-06-03 19:15:01,479 INFO  - Recieve a message from other vehicle (at simulation time 266.002,400,000 s)
2024-06-03 19:15:01,479 INFO  - I'm in better position but no more hops in message (at simulation time 266.002,400,000 s)
2024-06-03 19:15:01,479 INFO  - Recieve a message from other vehicle (at simulation time 266.002,400,000 s)
2024-06-03 19:15:01,479 INFO  - I'm in better position but no more hops in message (at simulation time 266.002,400,000 s)
2024-06-03 19:15:01,480 INFO  - Recieve a message from RSU (at simulation time 266.627,593,734 s)
2024-06-03 19:15:01,480 INFO  - RSU Stopped me!!! (at simulation time 266.627,593,734 s)
2024-06-03 19:15:01,480 INFO  - Recieve a message from RSU (at simulation time 266.639,784,483 s)
2024-06-03 19:15:01,482 INFO  - Called #onVehicleUpdated (at simulation time 267.000,000,000 s)
2024-06-03 19:15:01,482 INFO  - Sending out DENM broadcast (at simulation time 267.000,000,000 s)
2024-06-03 19:15:01,482 INFO  - Sending out AdHoc broadcast (at simulation time 267.000,000,000 s)
2024-06-03 19:15:01,482 INFO  - Sending out AdHoc broadcast (at simulation time 267.000,000,000 s)
2024-06-03 19:15:01,482 INFO  - Sending out AdHoc broadcast (at simulation time 267.000,000,000 s)
2024-06-03 19:15:01,482 INFO  - Sending out AdHoc broadcast (at simulation time 267.000,000,000 s)
2024-06-03 19:15:01,483 INFO  - Recieve a message from other vehicle (at simulation time 267.000,400,000 s)
2024-06-03 19:15:01,483 INFO  - I'm in better position but no more hops in message (at simulation time 267.000,400,000 s)
2024-06-03 19:15:01,483 INFO  - Recieve a message from other vehicle (at simulation time 267.000,400,000 s)
2024-06-03 19:15:01,483 INFO  - I'm in better position but no more hops in message (at simulation time 267.000,400,000 s)
2024-06-03 19:15:01,483 INFO  - Recieve a message from other vehicle (at simulation time 267.000,400,000 s)
2024-06-03 19:15:01,483 INFO  - I'm in better position but no more hops in message (at simulation time 267.000,400,000 s)
2024-06-03 19:15:01,484 INFO  - Recieve a message from other vehicle (at simulation time 267.000,900,000 s)
2024-06-03 19:15:01,484 INFO  - I'm in better position but no more hops in message (at simulation time 267.000,900,000 s)
2024-06-03 19:15:01,484 INFO  - Recieve a message from other vehicle (at simulation time 267.000,900,000 s)
2024-06-03 19:15:01,484 INFO  - I'm in better position but no more hops in message (at simulation time 267.000,900,000 s)
2024-06-03 19:15:01,484 INFO  - Recieve a message from other vehicle (at simulation time 267.000,900,000 s)
2024-06-03 19:15:01,484 INFO  - I'm in better position but no more hops in message (at simulation time 267.000,900,000 s)
2024-06-03 19:15:01,485 INFO  - Recieve a message from other vehicle (at simulation time 267.000,900,000 s)
2024-06-03 19:15:01,485 INFO  - I'm in better position but no more hops in message (at simulation time 267.000,900,000 s)
2024-06-03 19:15:01,487 INFO  - Recieve a message from other vehicle (at simulation time 267.001,800,000 s)
2024-06-03 19:15:01,487 INFO  - DENM message Recived from veh_47 -info : piso-molhado (at simulation time 267.001,800,000 s)
2024-06-03 19:15:01,487 INFO  - I slow down due to road state (at simulation time 267.001,800,000 s)
2024-06-03 19:15:01,487 INFO  - No more hops in DENM message (at simulation time 267.001,800,000 s)
2024-06-03 19:15:01,488 INFO  - Recieve a message from other vehicle (at simulation time 267.001,900,000 s)
2024-06-03 19:15:01,488 INFO  - I'm in better position but no more hops in message (at simulation time 267.001,900,000 s)
2024-06-03 19:15:01,488 INFO  - Recieve a message from other vehicle (at simulation time 267.002,300,000 s)
2024-06-03 19:15:01,488 INFO  - DENM message Recived from veh_45 -info : piso-molhado (at simulation time 267.002,300,000 s)
2024-06-03 19:15:01,488 INFO  - I slow down due to road state (at simulation time 267.002,300,000 s)
2024-06-03 19:15:01,488 INFO  - No more hops in DENM message (at simulation time 267.002,300,000 s)
2024-06-03 19:15:01,490 INFO  - Recieve a message from other vehicle (at simulation time 267.002,400,000 s)
2024-06-03 19:15:01,490 INFO  - DENM message Recived from veh_47 -info : piso-molhado (at simulation time 267.002,400,000 s)
2024-06-03 19:15:01,490 INFO  - I slow down due to road state (at simulation time 267.002,400,000 s)
2024-06-03 19:15:01,490 INFO  - No more hops in DENM message (at simulation time 267.002,400,000 s)
2024-06-03 19:15:01,490 INFO  - Recieve a message from other vehicle (at simulation time 267.002,400,000 s)
2024-06-03 19:15:01,490 INFO  - I'm in better position but no more hops in message (at simulation time 267.002,400,000 s)
2024-06-03 19:15:01,490 INFO  - Recieve a message from other vehicle (at simulation time 267.002,400,000 s)
2024-06-03 19:15:01,490 INFO  - I'm in better position but no more hops in message (at simulation time 267.002,400,000 s)
2024-06-03 19:15:01,491 INFO  - Recieve a message from other vehicle (at simulation time 267.003,300,000 s)
2024-06-03 19:15:01,491 INFO  - DENM message Recived from veh_42 -info : seco (at simulation time 267.003,300,000 s)
2024-06-03 19:15:01,491 INFO  - No more hops in DENM message (at simulation time 267.003,300,000 s)
2024-06-03 19:15:01,492 INFO  - Recieve a message from RSU (at simulation time 267.312,940,744 s)
2024-06-03 19:15:01,492 INFO  - Recieve a message from RSU (at simulation time 267.341,038,380 s)
2024-06-03 19:15:01,493 INFO  - Called #onVehicleUpdated (at simulation time 268.000,000,000 s)
2024-06-03 19:15:01,493 INFO  - Sending out AdHoc broadcast (at simulation time 268.000,000,000 s)
2024-06-03 19:15:01,493 INFO  - Sending out AdHoc broadcast (at simulation time 268.000,000,000 s)
2024-06-03 19:15:01,494 INFO  - Recieve a message from other vehicle (at simulation time 268.000,400,000 s)
2024-06-03 19:15:01,494 INFO  - I'm in better position but no more hops in message (at simulation time 268.000,400,000 s)
2024-06-03 19:15:01,494 INFO  - Recieve a message from other vehicle (at simulation time 268.000,400,000 s)
2024-06-03 19:15:01,494 INFO  - Recending a message from other vehicle (at simulation time 268.000,400,000 s)
2024-06-03 19:15:01,495 INFO  - Recieve a message from other vehicle (at simulation time 268.000,900,000 s)
2024-06-03 19:15:01,495 INFO  - DENM message Recived from veh_46 -info : seco (at simulation time 268.000,900,000 s)
2024-06-03 19:15:01,495 INFO  - No more hops in DENM message (at simulation time 268.000,900,000 s)
2024-06-03 19:15:01,495 INFO  - Recieve a message from other vehicle (at simulation time 268.000,900,000 s)
2024-06-03 19:15:01,495 INFO  - I'm in better position but no more hops in message (at simulation time 268.000,900,000 s)
2024-06-03 19:15:01,495 INFO  - Recieve a message from other vehicle (at simulation time 268.000,900,000 s)
2024-06-03 19:15:01,495 INFO  - I'm in better position but no more hops in message (at simulation time 268.000,900,000 s)
2024-06-03 19:15:01,495 INFO  - Recieve a message from other vehicle (at simulation time 268.000,900,000 s)
2024-06-03 19:15:01,495 INFO  - I'm in better position but no more hops in message (at simulation time 268.000,900,000 s)
2024-06-03 19:15:01,495 INFO  - Recieve a message from other vehicle (at simulation time 268.000,900,000 s)
2024-06-03 19:15:01,495 INFO  - I'm in better position but no more hops in message (at simulation time 268.000,900,000 s)
2024-06-03 19:15:01,495 INFO  - Recieve a message from other vehicle (at simulation time 268.001,400,000 s)
2024-06-03 19:15:01,495 INFO  - I'm in better position but no more hops in message (at simulation time 268.001,400,000 s)
2024-06-03 19:15:01,495 INFO  - Recieve a message from other vehicle (at simulation time 268.001,400,000 s)
2024-06-03 19:15:01,495 INFO  - I'm in better position but no more hops in message (at simulation time 268.001,400,000 s)
2024-06-03 19:15:01,495 INFO  - Recieve a message from other vehicle (at simulation time 268.001,400,000 s)
2024-06-03 19:15:01,495 INFO  - I'm in better position but no more hops in message (at simulation time 268.001,400,000 s)
2024-06-03 19:15:01,495 INFO  - Recieve a message from other vehicle (at simulation time 268.001,400,000 s)
2024-06-03 19:15:01,495 INFO  - I'm in better position but no more hops in message (at simulation time 268.001,400,000 s)
2024-06-03 19:15:01,496 INFO  - Recieve a message from other vehicle (at simulation time 268.002,300,000 s)
2024-06-03 19:15:01,496 INFO  - DENM message Recived from veh_46 -info : seco (at simulation time 268.002,300,000 s)
2024-06-03 19:15:01,496 INFO  - No more hops in DENM message (at simulation time 268.002,300,000 s)
2024-06-03 19:15:01,496 INFO  - Recieve a message from other vehicle (at simulation time 268.002,400,000 s)
2024-06-03 19:15:01,496 INFO  - I'm in better position but no more hops in message (at simulation time 268.002,400,000 s)
2024-06-03 19:15:01,496 INFO  - Recieve a message from other vehicle (at simulation time 268.002,400,000 s)
2024-06-03 19:15:01,496 INFO  - I'm in better position but no more hops in message (at simulation time 268.002,400,000 s)
2024-06-03 19:15:01,496 INFO  - Recieve a message from other vehicle (at simulation time 268.002,400,000 s)
2024-06-03 19:15:01,496 INFO  - I'm in better position but no more hops in message (at simulation time 268.002,400,000 s)
2024-06-03 19:15:01,496 INFO  - Recieve a message from other vehicle (at simulation time 268.002,400,000 s)
2024-06-03 19:15:01,496 INFO  - I'm in better position but no more hops in message (at simulation time 268.002,400,000 s)
2024-06-03 19:15:01,496 INFO  - Recieve a message from other vehicle (at simulation time 268.002,400,000 s)
2024-06-03 19:15:01,496 INFO  - I'm in better position but no more hops in message (at simulation time 268.002,400,000 s)
2024-06-03 19:15:01,496 INFO  - Recieve a message from other vehicle (at simulation time 268.002,800,000 s)
2024-06-03 19:15:01,496 INFO  - I'm in better position but no more hops in message (at simulation time 268.002,800,000 s)
2024-06-03 19:15:01,496 INFO  - Recieve a message from RSU (at simulation time 268.023,850,405 s)
2024-06-03 19:15:01,496 INFO  - Recieve a message from RSU (at simulation time 268.039,712,243 s)
2024-06-03 19:15:01,496 INFO  - Recieve a message from RSU (at simulation time 268.719,265,342 s)
2024-06-03 19:15:01,496 INFO  - Recieve a message from RSU (at simulation time 268.731,883,540 s)
2024-06-03 19:15:01,498 INFO  - Called #onVehicleUpdated (at simulation time 269.000,000,000 s)
2024-06-03 19:15:01,498 INFO  - Sending out AdHoc broadcast (at simulation time 269.000,000,000 s)
2024-06-03 19:15:01,498 INFO  - Sending out AdHoc broadcast (at simulation time 269.000,000,000 s)
2024-06-03 19:15:01,498 INFO  - Sending out AdHoc broadcast (at simulation time 269.000,000,000 s)
2024-06-03 19:15:01,498 INFO  - Sending out AdHoc broadcast (at simulation time 269.000,000,000 s)
2024-06-03 19:15:01,499 INFO  - Recieve a message from other vehicle (at simulation time 269.000,400,000 s)
2024-06-03 19:15:01,499 INFO  - I'm in better position but no more hops in message (at simulation time 269.000,400,000 s)
2024-06-03 19:15:01,499 INFO  - Recieve a message from other vehicle (at simulation time 269.000,400,000 s)
2024-06-03 19:15:01,499 INFO  - I'm in better position but no more hops in message (at simulation time 269.000,400,000 s)
2024-06-03 19:15:01,499 INFO  - Recieve a message from other vehicle (at simulation time 269.000,400,000 s)
2024-06-03 19:15:01,499 INFO  - I'm in better position but no more hops in message (at simulation time 269.000,400,000 s)
2024-06-03 19:15:01,499 INFO  - Recieve a message from other vehicle (at simulation time 269.000,900,000 s)
2024-06-03 19:15:01,499 INFO  - I'm in better position but no more hops in message (at simulation time 269.000,900,000 s)
2024-06-03 19:15:01,499 INFO  - Recieve a message from other vehicle (at simulation time 269.000,900,000 s)
2024-06-03 19:15:01,499 INFO  - I'm in better position but no more hops in message (at simulation time 269.000,900,000 s)
2024-06-03 19:15:01,499 INFO  - Recieve a message from other vehicle (at simulation time 269.000,900,000 s)
2024-06-03 19:15:01,499 INFO  - I'm in better position but no more hops in message (at simulation time 269.000,900,000 s)
2024-06-03 19:15:01,500 INFO  - Recieve a message from other vehicle (at simulation time 269.001,400,000 s)
2024-06-03 19:15:01,500 INFO  - I'm in better position but no more hops in message (at simulation time 269.001,400,000 s)
2024-06-03 19:15:01,500 INFO  - Recieve a message from other vehicle (at simulation time 269.001,400,000 s)
2024-06-03 19:15:01,500 INFO  - I'm in better position but no more hops in message (at simulation time 269.001,400,000 s)
2024-06-03 19:15:01,500 INFO  - Recieve a message from other vehicle (at simulation time 269.001,900,000 s)
2024-06-03 19:15:01,500 INFO  - I'm in better position but no more hops in message (at simulation time 269.001,900,000 s)
2024-06-03 19:15:01,500 INFO  - Recieve a message from other vehicle (at simulation time 269.001,900,000 s)
2024-06-03 19:15:01,500 INFO  - I'm in better position but no more hops in message (at simulation time 269.001,900,000 s)
2024-06-03 19:15:01,501 INFO  - Recieve a message from RSU (at simulation time 269.436,192,022 s)
2024-06-03 19:15:01,501 INFO  - Recieve a message from RSU (at simulation time 269.448,485,959 s)
2024-06-03 19:15:01,506 INFO  - Called #onVehicleUpdated (at simulation time 270.000,000,000 s)
2024-06-03 19:15:01,506 INFO  - Sending out AdHoc broadcast (at simulation time 270.000,000,000 s)
2024-06-03 19:15:01,506 INFO  - Sending out AdHoc broadcast (at simulation time 270.000,000,000 s)
2024-06-03 19:15:01,507 INFO  - Recieve a message from other vehicle (at simulation time 270.000,400,000 s)
2024-06-03 19:15:01,507 INFO  - I'm in better position but no more hops in message (at simulation time 270.000,400,000 s)
2024-06-03 19:15:01,507 INFO  - Recieve a message from other vehicle (at simulation time 270.000,400,000 s)
2024-06-03 19:15:01,507 INFO  - I'm in better position but no more hops in message (at simulation time 270.000,400,000 s)
2024-06-03 19:15:01,507 INFO  - Recieve a message from other vehicle (at simulation time 270.000,900,000 s)
2024-06-03 19:15:01,507 INFO  - I'm in better position but no more hops in message (at simulation time 270.000,900,000 s)
2024-06-03 19:15:01,507 INFO  - Recieve a message from other vehicle (at simulation time 270.000,900,000 s)
2024-06-03 19:15:01,507 INFO  - I'm in better position but no more hops in message (at simulation time 270.000,900,000 s)
2024-06-03 19:15:01,508 INFO  - Recieve a message from other vehicle (at simulation time 270.001,400,000 s)
2024-06-03 19:15:01,508 INFO  - I'm in better position but no more hops in message (at simulation time 270.001,400,000 s)
2024-06-03 19:15:01,508 INFO  - Recieve a message from other vehicle (at simulation time 270.001,400,000 s)
2024-06-03 19:15:01,508 INFO  - I'm in better position but no more hops in message (at simulation time 270.001,400,000 s)
2024-06-03 19:15:01,508 INFO  - Recieve a message from other vehicle (at simulation time 270.001,400,000 s)
2024-06-03 19:15:01,508 INFO  - I'm in better position but no more hops in message (at simulation time 270.001,400,000 s)
2024-06-03 19:15:01,508 INFO  - Recieve a message from other vehicle (at simulation time 270.001,400,000 s)
2024-06-03 19:15:01,508 INFO  - I'm in better position but no more hops in message (at simulation time 270.001,400,000 s)
2024-06-03 19:15:01,508 INFO  - Recieve a message from other vehicle (at simulation time 270.001,900,000 s)
2024-06-03 19:15:01,508 INFO  - I'm in better position but no more hops in message (at simulation time 270.001,900,000 s)
2024-06-03 19:15:01,508 INFO  - Recieve a message from RSU (at simulation time 270.002,400,000 s)
2024-06-03 19:15:01,508 INFO  - RSU ordered to advance!!! (at simulation time 270.002,400,000 s)
2024-06-03 19:15:01,508 INFO  - Recieve a message from other vehicle (at simulation time 270.002,400,000 s)
2024-06-03 19:15:01,508 INFO  - I'm in better position but no more hops in message (at simulation time 270.002,400,000 s)
2024-06-03 19:15:01,508 INFO  - Recieve a message from other vehicle (at simulation time 270.002,400,000 s)
2024-06-03 19:15:01,508 INFO  - I'm in better position but no more hops in message (at simulation time 270.002,400,000 s)
2024-06-03 19:15:01,508 INFO  - Recieve a message from other vehicle (at simulation time 270.002,400,000 s)
2024-06-03 19:15:01,508 INFO  - I'm in better position but no more hops in message (at simulation time 270.002,400,000 s)
2024-06-03 19:15:01,508 INFO  - Recieve a message from other vehicle (at simulation time 270.002,400,000 s)
2024-06-03 19:15:01,508 INFO  - I'm in better position but no more hops in message (at simulation time 270.002,400,000 s)
2024-06-03 19:15:01,508 INFO  - Recieve a message from other vehicle (at simulation time 270.002,400,000 s)
2024-06-03 19:15:01,508 INFO  - I'm in better position but no more hops in message (at simulation time 270.002,400,000 s)
2024-06-03 19:15:01,508 INFO  - Recieve a message from other vehicle (at simulation time 270.002,400,000 s)
2024-06-03 19:15:01,508 INFO  - I'm in better position but no more hops in message (at simulation time 270.002,400,000 s)
2024-06-03 19:15:01,509 INFO  - Recieve a message from other vehicle (at simulation time 270.002,400,000 s)
2024-06-03 19:15:01,509 INFO  - I'm in better position but no more hops in message (at simulation time 270.002,400,000 s)
2024-06-03 19:15:01,509 INFO  - Recieve a message from RSU (at simulation time 270.117,512,584 s)
2024-06-03 19:15:01,509 INFO  - Recieve a message from RSU (at simulation time 270.146,312,670 s)
2024-06-03 19:15:01,509 INFO  - Recieve a message from RSU (at simulation time 270.824,316,170 s)
2024-06-03 19:15:01,509 INFO  - Recieve a message from RSU (at simulation time 270.827,359,610 s)
2024-06-03 19:15:01,511 INFO  - Called #onVehicleUpdated (at simulation time 271.000,000,000 s)
2024-06-03 19:15:01,511 INFO  - Sending out AdHoc broadcast (at simulation time 271.000,000,000 s)
2024-06-03 19:15:01,511 INFO  - Sending out AdHoc broadcast (at simulation time 271.000,000,000 s)
2024-06-03 19:15:01,511 INFO  - Sending out AdHoc broadcast (at simulation time 271.000,000,000 s)
2024-06-03 19:15:01,511 INFO  - Sending out AdHoc broadcast (at simulation time 271.000,000,000 s)
2024-06-03 19:15:01,512 INFO  - Recieve a message from other vehicle (at simulation time 271.000,400,000 s)
2024-06-03 19:15:01,512 INFO  - I'm in better position but no more hops in message (at simulation time 271.000,400,000 s)
2024-06-03 19:15:01,512 INFO  - Recieve a message from other vehicle (at simulation time 271.000,400,000 s)
2024-06-03 19:15:01,512 INFO  - I'm in better position but no more hops in message (at simulation time 271.000,400,000 s)
2024-06-03 19:15:01,512 INFO  - Recieve a message from other vehicle (at simulation time 271.000,400,000 s)
2024-06-03 19:15:01,512 INFO  - I'm in better position but no more hops in message (at simulation time 271.000,400,000 s)
2024-06-03 19:15:01,513 INFO  - Recieve a message from other vehicle (at simulation time 271.000,800,000 s)
2024-06-03 19:15:01,513 INFO  - My position is not better! (at simulation time 271.000,800,000 s)
2024-06-03 19:15:01,513 INFO  - Recieve a message from other vehicle (at simulation time 271.000,900,000 s)
2024-06-03 19:15:01,513 INFO  - I'm in better position but no more hops in message (at simulation time 271.000,900,000 s)
2024-06-03 19:15:01,513 INFO  - Recieve a message from other vehicle (at simulation time 271.001,400,000 s)
2024-06-03 19:15:01,513 INFO  - I'm in better position but no more hops in message (at simulation time 271.001,400,000 s)
2024-06-03 19:15:01,514 INFO  - Recieve a message from other vehicle (at simulation time 271.001,900,000 s)
2024-06-03 19:15:01,514 INFO  - I'm in better position but no more hops in message (at simulation time 271.001,900,000 s)
2024-06-03 19:15:01,514 INFO  - Recieve a message from other vehicle (at simulation time 271.001,900,000 s)
2024-06-03 19:15:01,514 INFO  - I'm in better position but no more hops in message (at simulation time 271.001,900,000 s)
2024-06-03 19:15:01,515 INFO  - Recieve a message from other vehicle (at simulation time 271.002,400,000 s)
2024-06-03 19:15:01,515 INFO  - I'm in better position but no more hops in message (at simulation time 271.002,400,000 s)
2024-06-03 19:15:01,515 INFO  - Recieve a message from other vehicle (at simulation time 271.002,400,000 s)
2024-06-03 19:15:01,515 INFO  - I'm in better position but no more hops in message (at simulation time 271.002,400,000 s)
2024-06-03 19:15:01,515 INFO  - Recieve a message from other vehicle (at simulation time 271.002,400,000 s)
2024-06-03 19:15:01,515 INFO  - I'm in better position but no more hops in message (at simulation time 271.002,400,000 s)
2024-06-03 19:15:01,515 INFO  - Recieve a message from other vehicle (at simulation time 271.002,800,000 s)
2024-06-03 19:15:01,515 INFO  - My position is not better! (at simulation time 271.002,800,000 s)
2024-06-03 19:15:01,516 INFO  - Recieve a message from other vehicle (at simulation time 271.003,800,000 s)
2024-06-03 19:15:01,516 INFO  - My position is not better! (at simulation time 271.003,800,000 s)
2024-06-03 19:15:01,516 INFO  - Recieve a message from other vehicle (at simulation time 271.003,800,000 s)
2024-06-03 19:15:01,516 INFO  - My position is not better! (at simulation time 271.003,800,000 s)
2024-06-03 19:15:01,516 INFO  - Recieve a message from RSU (at simulation time 271.521,959,966 s)
2024-06-03 19:15:01,516 INFO  - Recieve a message from RSU (at simulation time 271.528,218,747 s)
2024-06-03 19:15:01,518 INFO  - Called #onVehicleUpdated (at simulation time 272.000,000,000 s)
2024-06-03 19:15:01,518 INFO  - Sending out AdHoc broadcast (at simulation time 272.000,000,000 s)
2024-06-03 19:15:01,518 INFO  - Sending out AdHoc broadcast (at simulation time 272.000,000,000 s)
2024-06-03 19:15:01,520 INFO  - Recieve a message from other vehicle (at simulation time 272.000,400,000 s)
2024-06-03 19:15:01,520 INFO  - I'm in better position but no more hops in message (at simulation time 272.000,400,000 s)
2024-06-03 19:15:01,520 INFO  - Recieve a message from other vehicle (at simulation time 272.000,400,000 s)
2024-06-03 19:15:01,520 INFO  - My position is not better! (at simulation time 272.000,400,000 s)
2024-06-03 19:15:01,521 INFO  - Recieve a message from other vehicle (at simulation time 272.000,900,000 s)
2024-06-03 19:15:01,521 INFO  - My position is not better! (at simulation time 272.000,900,000 s)
2024-06-03 19:15:01,521 INFO  - Recieve a message from other vehicle (at simulation time 272.000,900,000 s)
2024-06-03 19:15:01,521 INFO  - I'm in better position but no more hops in message (at simulation time 272.000,900,000 s)
2024-06-03 19:15:01,521 INFO  - Recieve a message from other vehicle (at simulation time 272.000,900,000 s)
2024-06-03 19:15:01,521 INFO  - My position is not better! (at simulation time 272.000,900,000 s)
2024-06-03 19:15:01,521 INFO  - Recieve a message from other vehicle (at simulation time 272.000,900,000 s)
2024-06-03 19:15:01,521 INFO  - I'm in better position but no more hops in message (at simulation time 272.000,900,000 s)
2024-06-03 19:15:01,521 INFO  - Recieve a message from other vehicle (at simulation time 272.000,900,000 s)
2024-06-03 19:15:01,521 INFO  - My position is not better! (at simulation time 272.000,900,000 s)
2024-06-03 19:15:01,521 INFO  - Recieve a message from other vehicle (at simulation time 272.000,900,000 s)
2024-06-03 19:15:01,521 INFO  - My position is not better! (at simulation time 272.000,900,000 s)
2024-06-03 19:15:01,522 INFO  - Recieve a message from other vehicle (at simulation time 272.000,900,000 s)
2024-06-03 19:15:01,522 INFO  - I'm in better position but no more hops in message (at simulation time 272.000,900,000 s)
2024-06-03 19:15:01,522 INFO  - Recieve a message from other vehicle (at simulation time 272.001,400,000 s)
2024-06-03 19:15:01,522 INFO  - My position is not better! (at simulation time 272.001,400,000 s)
2024-06-03 19:15:01,522 INFO  - Recieve a message from other vehicle (at simulation time 272.001,400,000 s)
2024-06-03 19:15:01,522 INFO  - My position is not better! (at simulation time 272.001,400,000 s)
2024-06-03 19:15:01,522 INFO  - Recieve a message from other vehicle (at simulation time 272.001,400,000 s)
2024-06-03 19:15:01,522 INFO  - My position is not better! (at simulation time 272.001,400,000 s)
2024-06-03 19:15:01,522 INFO  - Recieve a message from other vehicle (at simulation time 272.001,800,000 s)
2024-06-03 19:15:01,522 INFO  - My position is not better! (at simulation time 272.001,800,000 s)
2024-06-03 19:15:01,522 INFO  - Recieve a message from other vehicle (at simulation time 272.001,800,000 s)
2024-06-03 19:15:01,522 INFO  - My position is not better! (at simulation time 272.001,800,000 s)
2024-06-03 19:15:01,523 INFO  - Recieve a message from other vehicle (at simulation time 272.001,900,000 s)
2024-06-03 19:15:01,523 INFO  - I'm in better position but no more hops in message (at simulation time 272.001,900,000 s)
2024-06-03 19:15:01,523 INFO  - Recieve a message from other vehicle (at simulation time 272.001,900,000 s)
2024-06-03 19:15:01,523 INFO  - I'm in better position but no more hops in message (at simulation time 272.001,900,000 s)
2024-06-03 19:15:01,523 INFO  - Recieve a message from other vehicle (at simulation time 272.001,900,000 s)
2024-06-03 19:15:01,523 INFO  - I'm in better position but no more hops in message (at simulation time 272.001,900,000 s)
2024-06-03 19:15:01,523 INFO  - Recieve a message from other vehicle (at simulation time 272.001,900,000 s)
2024-06-03 19:15:01,523 INFO  - I'm in better position but no more hops in message (at simulation time 272.001,900,000 s)
2024-06-03 19:15:01,524 INFO  - Recieve a message from other vehicle (at simulation time 272.002,300,000 s)
2024-06-03 19:15:01,524 INFO  - My position is not better! (at simulation time 272.002,300,000 s)
2024-06-03 19:15:01,524 INFO  - Recieve a message from other vehicle (at simulation time 272.002,400,000 s)
2024-06-03 19:15:01,524 INFO  - My position is not better! (at simulation time 272.002,400,000 s)
2024-06-03 19:15:01,524 INFO  - Recieve a message from other vehicle (at simulation time 272.002,400,000 s)
2024-06-03 19:15:01,524 INFO  - I'm in better position but no more hops in message (at simulation time 272.002,400,000 s)
2024-06-03 19:15:01,524 INFO  - Recieve a message from other vehicle (at simulation time 272.002,800,000 s)
2024-06-03 19:15:01,524 INFO  - My position is not better! (at simulation time 272.002,800,000 s)
2024-06-03 19:15:01,524 INFO  - Recieve a message from other vehicle (at simulation time 272.002,800,000 s)
2024-06-03 19:15:01,524 INFO  - My position is not better! (at simulation time 272.002,800,000 s)
2024-06-03 19:15:01,524 INFO  - Recieve a message from RSU (at simulation time 272.226,273,136 s)
2024-06-03 19:15:01,524 INFO  - Recieve a message from RSU (at simulation time 272.230,037,418 s)
2024-06-03 19:15:01,525 INFO  - Recieve a message from RSU (at simulation time 272.949,021,900 s)
2024-06-03 19:15:01,525 INFO  - Recieve a message from RSU (at simulation time 272.954,508,748 s)
2024-06-03 19:15:01,526 INFO  - Called #onVehicleUpdated (at simulation time 273.000,000,000 s)
2024-06-03 19:15:01,526 INFO  - Sending out AdHoc broadcast (at simulation time 273.000,000,000 s)
2024-06-03 19:15:01,526 INFO  - Sending out AdHoc broadcast (at simulation time 273.000,000,000 s)
2024-06-03 19:15:01,526 INFO  - Sending out AdHoc broadcast (at simulation time 273.000,000,000 s)
2024-06-03 19:15:01,527 INFO  - Sending out AdHoc broadcast (at simulation time 273.000,000,000 s)
2024-06-03 19:15:01,528 INFO  - Recieve a message from other vehicle (at simulation time 273.000,400,000 s)
2024-06-03 19:15:01,528 INFO  - My position is not better! (at simulation time 273.000,400,000 s)
2024-06-03 19:15:01,528 INFO  - Recieve a message from other vehicle (at simulation time 273.000,400,000 s)
2024-06-03 19:15:01,528 INFO  - My position is not better! (at simulation time 273.000,400,000 s)
2024-06-03 19:15:01,528 INFO  - Recieve a message from other vehicle (at simulation time 273.000,400,000 s)
2024-06-03 19:15:01,528 INFO  - My position is not better! (at simulation time 273.000,400,000 s)
2024-06-03 19:15:01,528 INFO  - Recieve a message from other vehicle (at simulation time 273.000,800,000 s)
2024-06-03 19:15:01,528 INFO  - My position is not better! (at simulation time 273.000,800,000 s)
2024-06-03 19:15:01,528 INFO  - Recieve a message from other vehicle (at simulation time 273.000,900,000 s)
2024-06-03 19:15:01,528 INFO  - I'm in better position but no more hops in message (at simulation time 273.000,900,000 s)
2024-06-03 19:15:01,528 INFO  - Recieve a message from other vehicle (at simulation time 273.000,900,000 s)
2024-06-03 19:15:01,528 INFO  - My position is not better! (at simulation time 273.000,900,000 s)
2024-06-03 19:15:01,528 INFO  - Recieve a message from other vehicle (at simulation time 273.000,900,000 s)
2024-06-03 19:15:01,529 INFO  - I'm in better position but no more hops in message (at simulation time 273.000,900,000 s)
2024-06-03 19:15:01,530 INFO  - Recieve a message from other vehicle (at simulation time 273.001,400,000 s)
2024-06-03 19:15:01,530 INFO  - I'm in better position but no more hops in message (at simulation time 273.001,400,000 s)
2024-06-03 19:15:01,530 INFO  - Recieve a message from other vehicle (at simulation time 273.001,400,000 s)
2024-06-03 19:15:01,530 INFO  - My position is not better! (at simulation time 273.001,400,000 s)
2024-06-03 19:15:01,531 INFO  - Recieve a message from other vehicle (at simulation time 273.001,900,000 s)
2024-06-03 19:15:01,531 INFO  - My position is not better! (at simulation time 273.001,900,000 s)
2024-06-03 19:15:01,531 INFO  - Recieve a message from other vehicle (at simulation time 273.001,900,000 s)
2024-06-03 19:15:01,531 INFO  - My position is not better! (at simulation time 273.001,900,000 s)
2024-06-03 19:15:01,531 INFO  - Recieve a message from other vehicle (at simulation time 273.001,900,000 s)
2024-06-03 19:15:01,531 INFO  - My position is not better! (at simulation time 273.001,900,000 s)
2024-06-03 19:15:01,531 INFO  - Recieve a message from other vehicle (at simulation time 273.002,300,000 s)
2024-06-03 19:15:01,531 INFO  - My position is not better! (at simulation time 273.002,300,000 s)
2024-06-03 19:15:01,531 INFO  - Recieve a message from other vehicle (at simulation time 273.002,300,000 s)
2024-06-03 19:15:01,531 INFO  - My position is not better! (at simulation time 273.002,300,000 s)
2024-06-03 19:15:01,531 INFO  - Recieve a message from other vehicle (at simulation time 273.002,300,000 s)
2024-06-03 19:15:01,531 INFO  - My position is not better! (at simulation time 273.002,300,000 s)
2024-06-03 19:15:01,531 INFO  - Recieve a message from other vehicle (at simulation time 273.002,300,000 s)
2024-06-03 19:15:01,531 INFO  - My position is not better! (at simulation time 273.002,300,000 s)
2024-06-03 19:15:01,531 INFO  - Recieve a message from other vehicle (at simulation time 273.002,400,000 s)
2024-06-03 19:15:01,531 INFO  - I'm in better position but no more hops in message (at simulation time 273.002,400,000 s)
2024-06-03 19:15:01,532 INFO  - Recieve a message from other vehicle (at simulation time 273.002,400,000 s)
2024-06-03 19:15:01,532 INFO  - I'm in better position but no more hops in message (at simulation time 273.002,400,000 s)
2024-06-03 19:15:01,532 INFO  - Recieve a message from other vehicle (at simulation time 273.002,800,000 s)
2024-06-03 19:15:01,532 INFO  - My position is not better! (at simulation time 273.002,800,000 s)
2024-06-03 19:15:01,532 INFO  - Recieve a message from other vehicle (at simulation time 273.002,800,000 s)
2024-06-03 19:15:01,532 INFO  - My position is not better! (at simulation time 273.002,800,000 s)
2024-06-03 19:15:01,535 INFO  - Called #onVehicleUpdated (at simulation time 274.000,000,000 s)
2024-06-03 19:15:01,535 INFO  - Sending out AdHoc broadcast (at simulation time 274.000,000,000 s)
2024-06-03 19:15:01,535 INFO  - Sending out AdHoc broadcast (at simulation time 274.000,000,000 s)
2024-06-03 19:15:01,537 INFO  - Recieve a message from other vehicle (at simulation time 274.000,400,000 s)
2024-06-03 19:15:01,537 INFO  - I'm in better position but no more hops in message (at simulation time 274.000,400,000 s)
2024-06-03 19:15:01,537 INFO  - Recieve a message from other vehicle (at simulation time 274.000,400,000 s)
2024-06-03 19:15:01,537 INFO  - My position is not better! (at simulation time 274.000,400,000 s)
2024-06-03 19:15:01,537 INFO  - Recieve a message from other vehicle (at simulation time 274.000,400,000 s)
2024-06-03 19:15:01,537 INFO  - My position is not better! (at simulation time 274.000,400,000 s)
2024-06-03 19:15:01,538 INFO  - Recieve a message from other vehicle (at simulation time 274.000,900,000 s)
2024-06-03 19:15:01,538 INFO  - I'm in better position but no more hops in message (at simulation time 274.000,900,000 s)
2024-06-03 19:15:01,538 INFO  - Recieve a message from other vehicle (at simulation time 274.000,900,000 s)
2024-06-03 19:15:01,538 INFO  - I'm in better position but no more hops in message (at simulation time 274.000,900,000 s)
2024-06-03 19:15:01,539 INFO  - Recieve a message from other vehicle (at simulation time 274.000,900,000 s)
2024-06-03 19:15:01,539 INFO  - My position is not better! (at simulation time 274.000,900,000 s)
2024-06-03 19:15:01,539 INFO  - Recieve a message from other vehicle (at simulation time 274.001,400,000 s)
2024-06-03 19:15:01,539 INFO  - My position is not better! (at simulation time 274.001,400,000 s)
2024-06-03 19:15:01,539 INFO  - Recieve a message from other vehicle (at simulation time 274.001,400,000 s)
2024-06-03 19:15:01,539 INFO  - I'm in better position but no more hops in message (at simulation time 274.001,400,000 s)
2024-06-03 19:15:01,539 INFO  - Recieve a message from other vehicle (at simulation time 274.001,400,000 s)
2024-06-03 19:15:01,539 INFO  - My position is not better! (at simulation time 274.001,400,000 s)
2024-06-03 19:15:01,540 INFO  - Recieve a message from other vehicle (at simulation time 274.001,400,000 s)
2024-06-03 19:15:01,540 INFO  - My position is not better! (at simulation time 274.001,400,000 s)
2024-06-03 19:15:01,540 INFO  - Recieve a message from other vehicle (at simulation time 274.001,400,000 s)
2024-06-03 19:15:01,540 INFO  - My position is not better! (at simulation time 274.001,400,000 s)
2024-06-03 19:15:01,540 INFO  - Recieve a message from other vehicle (at simulation time 274.001,900,000 s)
2024-06-03 19:15:01,540 INFO  - I'm in better position but no more hops in message (at simulation time 274.001,900,000 s)
2024-06-03 19:15:01,540 INFO  - Recieve a message from other vehicle (at simulation time 274.001,900,000 s)
2024-06-03 19:15:01,540 INFO  - My position is not better! (at simulation time 274.001,900,000 s)
2024-06-03 19:15:01,540 INFO  - Recieve a message from other vehicle (at simulation time 274.001,900,000 s)
2024-06-03 19:15:01,540 INFO  - My position is not better! (at simulation time 274.001,900,000 s)
2024-06-03 19:15:01,541 INFO  - Recieve a message from other vehicle (at simulation time 274.002,300,000 s)
2024-06-03 19:15:01,541 INFO  - My position is not better! (at simulation time 274.002,300,000 s)
2024-06-03 19:15:01,541 INFO  - Recieve a message from other vehicle (at simulation time 274.002,400,000 s)
2024-06-03 19:15:01,541 INFO  - My position is not better! (at simulation time 274.002,400,000 s)
2024-06-03 19:15:01,542 INFO  - Recieve a message from other vehicle (at simulation time 274.002,800,000 s)
2024-06-03 19:15:01,542 INFO  - My position is not better! (at simulation time 274.002,800,000 s)
2024-06-03 19:15:01,542 INFO  - Recieve a message from other vehicle (at simulation time 274.002,800,000 s)
2024-06-03 19:15:01,542 INFO  - My position is not better! (at simulation time 274.002,800,000 s)
2024-06-03 19:15:01,547 INFO  - Called #onVehicleUpdated (at simulation time 275.000,000,000 s)
2024-06-03 19:15:01,547 INFO  - Sending out AdHoc broadcast (at simulation time 275.000,000,000 s)
2024-06-03 19:15:01,547 INFO  - Sending out AdHoc broadcast (at simulation time 275.000,000,000 s)
2024-06-03 19:15:01,547 INFO  - Sending out AdHoc broadcast (at simulation time 275.000,000,000 s)
2024-06-03 19:15:01,547 INFO  - Sending out AdHoc broadcast (at simulation time 275.000,000,000 s)
2024-06-03 19:15:01,548 INFO  - Recieve a message from other vehicle (at simulation time 275.000,400,000 s)
2024-06-03 19:15:01,548 INFO  - My position is not better! (at simulation time 275.000,400,000 s)
2024-06-03 19:15:01,548 INFO  - Recieve a message from other vehicle (at simulation time 275.000,400,000 s)
2024-06-03 19:15:01,548 INFO  - My position is not better! (at simulation time 275.000,400,000 s)
2024-06-03 19:15:01,548 INFO  - Recieve a message from other vehicle (at simulation time 275.000,800,000 s)
2024-06-03 19:15:01,548 INFO  - My position is not better! (at simulation time 275.000,800,000 s)
2024-06-03 19:15:01,548 INFO  - Recieve a message from other vehicle (at simulation time 275.000,900,000 s)
2024-06-03 19:15:01,548 INFO  - My position is not better! (at simulation time 275.000,900,000 s)
2024-06-03 19:15:01,548 INFO  - Recieve a message from other vehicle (at simulation time 275.000,900,000 s)
2024-06-03 19:15:01,548 INFO  - My position is not better! (at simulation time 275.000,900,000 s)
2024-06-03 19:15:01,548 INFO  - Recieve a message from other vehicle (at simulation time 275.000,900,000 s)
2024-06-03 19:15:01,548 INFO  - My position is not better! (at simulation time 275.000,900,000 s)
2024-06-03 19:15:01,549 INFO  - Recieve a message from other vehicle (at simulation time 275.001,300,000 s)
2024-06-03 19:15:01,549 INFO  - My position is not better! (at simulation time 275.001,300,000 s)
2024-06-03 19:15:01,549 INFO  - Recieve a message from other vehicle (at simulation time 275.001,300,000 s)
2024-06-03 19:15:01,549 INFO  - My position is not better! (at simulation time 275.001,300,000 s)
2024-06-03 19:15:01,549 INFO  - Recieve a message from other vehicle (at simulation time 275.001,400,000 s)
2024-06-03 19:15:01,549 INFO  - My position is not better! (at simulation time 275.001,400,000 s)
2024-06-03 19:15:01,551 INFO  - Recieve a message from other vehicle (at simulation time 275.002,300,000 s)
2024-06-03 19:15:01,551 INFO  - My position is not better! (at simulation time 275.002,300,000 s)
2024-06-03 19:15:01,551 INFO  - Recieve a message from other vehicle (at simulation time 275.002,400,000 s)
2024-06-03 19:15:01,551 INFO  - My position is not better! (at simulation time 275.002,400,000 s)
2024-06-03 19:15:01,551 INFO  - Recieve a message from other vehicle (at simulation time 275.002,400,000 s)
2024-06-03 19:15:01,551 INFO  - My position is not better! (at simulation time 275.002,400,000 s)
2024-06-03 19:15:01,554 INFO  - Called #onVehicleUpdated (at simulation time 276.000,000,000 s)
2024-06-03 19:15:01,554 INFO  - Exced velocity! Sending new CAM (at simulation time 276.000,000,000 s)
2024-06-03 19:15:01,554 INFO  - Sending out AdHoc broadcast (at simulation time 276.000,000,000 s)
2024-06-03 19:15:01,554 INFO  - Sending out AdHoc broadcast (at simulation time 276.000,000,000 s)
2024-06-03 19:15:01,554 INFO  - Sending out AdHoc broadcast (at simulation time 276.000,000,000 s)
2024-06-03 19:15:01,557 INFO  - Recieve a message from other vehicle (at simulation time 276.000,900,000 s)
2024-06-03 19:15:01,557 INFO  - My position is not better! (at simulation time 276.000,900,000 s)
2024-06-03 19:15:01,557 INFO  - Recieve a message from other vehicle (at simulation time 276.001,300,000 s)
2024-06-03 19:15:01,557 INFO  - My position is not better! (at simulation time 276.001,300,000 s)
2024-06-03 19:15:01,558 INFO  - Recieve a message from other vehicle (at simulation time 276.001,300,000 s)
2024-06-03 19:15:01,558 INFO  - My position is not better! (at simulation time 276.001,300,000 s)
2024-06-03 19:15:01,558 INFO  - Recieve a message from other vehicle (at simulation time 276.001,400,000 s)
2024-06-03 19:15:01,558 INFO  - My position is not better! (at simulation time 276.001,400,000 s)
2024-06-03 19:15:01,558 INFO  - Recieve a message from other vehicle (at simulation time 276.001,400,000 s)
2024-06-03 19:15:01,558 INFO  - My position is not better! (at simulation time 276.001,400,000 s)
2024-06-03 19:15:01,559 INFO  - Recieve a message from other vehicle (at simulation time 276.002,400,000 s)
2024-06-03 19:15:01,559 INFO  - My position is not better! (at simulation time 276.002,400,000 s)
2024-06-03 19:15:01,559 INFO  - Recieve a message from other vehicle (at simulation time 276.002,400,000 s)
2024-06-03 19:15:01,559 INFO  - My position is not better! (at simulation time 276.002,400,000 s)
2024-06-03 19:15:01,559 INFO  - Recieve a message from other vehicle (at simulation time 276.002,800,000 s)
2024-06-03 19:15:01,559 INFO  - My position is not better! (at simulation time 276.002,800,000 s)
2024-06-03 19:15:01,562 INFO  - Called #onVehicleUpdated (at simulation time 277.000,000,000 s)
2024-06-03 19:15:01,562 INFO  - Exced velocity! Sending new CAM (at simulation time 277.000,000,000 s)
2024-06-03 19:15:01,562 INFO  - Sending out AdHoc broadcast (at simulation time 277.000,000,000 s)
2024-06-03 19:15:01,562 INFO  - Sending out AdHoc broadcast (at simulation time 277.000,000,000 s)
2024-06-03 19:15:01,562 INFO  - Sending out AdHoc broadcast (at simulation time 277.000,000,000 s)
2024-06-03 19:15:01,562 INFO  - Sending out AdHoc broadcast (at simulation time 277.000,000,000 s)
2024-06-03 19:15:01,562 INFO  - Sending out AdHoc broadcast (at simulation time 277.000,000,000 s)
2024-06-03 19:15:01,565 INFO  - Called #onVehicleUpdated (at simulation time 278.000,000,000 s)
2024-06-03 19:15:01,566 INFO  - Sending out AdHoc broadcast (at simulation time 278.000,000,000 s)
2024-06-03 19:15:01,566 INFO  - Sending out AdHoc broadcast (at simulation time 278.000,000,000 s)
2024-06-03 19:15:01,566 INFO  - Sending out AdHoc broadcast (at simulation time 278.000,000,000 s)
2024-06-03 19:15:01,575 INFO  - Called #onVehicleUpdated (at simulation time 279.000,000,000 s)
2024-06-03 19:15:01,575 INFO  - Exced velocity! Sending new CAM (at simulation time 279.000,000,000 s)
2024-06-03 19:15:01,575 INFO  - Sending out AdHoc broadcast (at simulation time 279.000,000,000 s)
2024-06-03 19:15:01,575 INFO  - Sending out AdHoc broadcast (at simulation time 279.000,000,000 s)
2024-06-03 19:15:01,575 INFO  - Sending out AdHoc broadcast (at simulation time 279.000,000,000 s)
2024-06-03 19:15:01,575 INFO  - Sending out AdHoc broadcast (at simulation time 279.000,000,000 s)
2024-06-03 19:15:01,575 INFO  - Sending out AdHoc broadcast (at simulation time 279.000,000,000 s)
2024-06-03 19:15:01,575 INFO  - Sending out AdHoc broadcast (at simulation time 279.000,000,000 s)
2024-06-03 19:15:01,582 INFO  - Shutdown (at simulation time 280.000,000,000 s)
