2024-06-03 18:12:31,830 INFO  - Initialize Vehicle application (at simulation time 151.000,000,000 s)
2024-06-03 18:12:31,831 INFO  - Activated WLAN Module (at simulation time 151.000,000,000 s)
2024-06-03 18:12:31,832 INFO  - Called #onVehicleUpdated (at simulation time 151.000,000,000 s)
2024-06-03 18:12:31,837 INFO  - Recieve a message from other vehicle (at simulation time 151.001,400,000 s)
2024-06-03 18:12:31,837 INFO  - My position is not better! (at simulation time 151.001,400,000 s)
2024-06-03 18:12:32,030 INFO  - Called #onVehicleUpdated (at simulation time 152.000,000,000 s)
2024-06-03 18:12:32,030 INFO  - Define the name: veh_26 and route: r_1 (at simulation time 152.000,000,000 s)
2024-06-03 18:12:32,030 INFO  - Sending out AdHoc broadcast (at simulation time 152.000,000,000 s)
2024-06-03 18:12:32,035 INFO  - Recieve a message from other vehicle (at simulation time 152.003,800,000 s)
2024-06-03 18:12:32,035 INFO  - My position is not better! (at simulation time 152.003,800,000 s)
2024-06-03 18:12:32,231 INFO  - Called #onVehicleUpdated (at simulation time 153.000,000,000 s)
2024-06-03 18:12:32,237 INFO  - Recieve a message from other vehicle (at simulation time 153.001,400,000 s)
2024-06-03 18:12:32,237 INFO  - My position is not better! (at simulation time 153.001,400,000 s)
2024-06-03 18:12:32,432 INFO  - Called #onVehicleUpdated (at simulation time 154.000,000,000 s)
2024-06-03 18:12:32,433 INFO  - Sending out AdHoc broadcast (at simulation time 154.000,000,000 s)
2024-06-03 18:12:32,435 INFO  - Recieve a message from other vehicle (at simulation time 154.000,400,000 s)
2024-06-03 18:12:32,435 INFO  - My position is not better! (at simulation time 154.000,400,000 s)
2024-06-03 18:12:32,436 INFO  - Recieve a message from other vehicle (at simulation time 154.000,400,000 s)
2024-06-03 18:12:32,436 INFO  - My position is not better! (at simulation time 154.000,400,000 s)
2024-06-03 18:12:32,442 INFO  - Recieve a message from other vehicle (at simulation time 154.002,400,000 s)
2024-06-03 18:12:32,442 INFO  - My position is not better! (at simulation time 154.002,400,000 s)
2024-06-03 18:12:32,443 INFO  - Recieve a message from other vehicle (at simulation time 154.002,800,000 s)
2024-06-03 18:12:32,443 INFO  - My position is not better! (at simulation time 154.002,800,000 s)
2024-06-03 18:12:32,633 INFO  - Called #onVehicleUpdated (at simulation time 155.000,000,000 s)
2024-06-03 18:12:32,642 INFO  - Recieve a message from other vehicle (at simulation time 155.001,400,000 s)
2024-06-03 18:12:32,642 INFO  - My position is not better! (at simulation time 155.001,400,000 s)
2024-06-03 18:12:32,644 INFO  - Recieve a message from other vehicle (at simulation time 155.001,400,000 s)
2024-06-03 18:12:32,644 INFO  - My position is not better! (at simulation time 155.001,400,000 s)
2024-06-03 18:12:32,647 INFO  - Recieve a message from other vehicle (at simulation time 155.002,400,000 s)
2024-06-03 18:12:32,647 INFO  - My position is not better! (at simulation time 155.002,400,000 s)
2024-06-03 18:12:32,831 INFO  - Called #onVehicleUpdated (at simulation time 156.000,000,000 s)
2024-06-03 18:12:32,832 INFO  - Sending out AdHoc broadcast (at simulation time 156.000,000,000 s)
2024-06-03 18:12:32,838 INFO  - Recieve a message from other vehicle (at simulation time 156.000,900,000 s)
2024-06-03 18:12:32,838 INFO  - My position is not better! (at simulation time 156.000,900,000 s)
2024-06-03 18:12:32,839 INFO  - Recieve a message from other vehicle (at simulation time 156.001,400,000 s)
2024-06-03 18:12:32,839 INFO  - My position is not better! (at simulation time 156.001,400,000 s)
2024-06-03 18:12:32,841 INFO  - Recieve a message from other vehicle (at simulation time 156.002,400,000 s)
2024-06-03 18:12:32,841 INFO  - My position is not better! (at simulation time 156.002,400,000 s)
2024-06-03 18:12:32,841 INFO  - Recieve a message from other vehicle (at simulation time 156.002,400,000 s)
2024-06-03 18:12:32,841 INFO  - My position is not better! (at simulation time 156.002,400,000 s)
2024-06-03 18:12:33,030 INFO  - Called #onVehicleUpdated (at simulation time 157.000,000,000 s)
2024-06-03 18:12:33,032 INFO  - Recieve a message from other vehicle (at simulation time 157.000,400,000 s)
2024-06-03 18:12:33,032 INFO  - My position is not better! (at simulation time 157.000,400,000 s)
2024-06-03 18:12:33,033 INFO  - Recieve a message from other vehicle (at simulation time 157.001,400,000 s)
2024-06-03 18:12:33,033 INFO  - My position is not better! (at simulation time 157.001,400,000 s)
2024-06-03 18:12:33,035 INFO  - Recieve a message from other vehicle (at simulation time 157.001,900,000 s)
2024-06-03 18:12:33,035 INFO  - My position is not better! (at simulation time 157.001,900,000 s)
2024-06-03 18:12:33,231 INFO  - Called #onVehicleUpdated (at simulation time 158.000,000,000 s)
2024-06-03 18:12:33,232 INFO  - Sending out AdHoc broadcast (at simulation time 158.000,000,000 s)
2024-06-03 18:12:33,237 INFO  - Recieve a message from other vehicle (at simulation time 158.000,900,000 s)
2024-06-03 18:12:33,237 INFO  - My position is not better! (at simulation time 158.000,900,000 s)
2024-06-03 18:12:33,237 INFO  - Recieve a message from other vehicle (at simulation time 158.000,900,000 s)
2024-06-03 18:12:33,237 INFO  - My position is not better! (at simulation time 158.000,900,000 s)
2024-06-03 18:12:33,243 INFO  - Recieve a message from other vehicle (at simulation time 158.002,400,000 s)
2024-06-03 18:12:33,243 INFO  - My position is not better! (at simulation time 158.002,400,000 s)
2024-06-03 18:12:33,244 INFO  - Recieve a message from other vehicle (at simulation time 158.002,400,000 s)
2024-06-03 18:12:33,244 INFO  - My position is not better! (at simulation time 158.002,400,000 s)
2024-06-03 18:12:33,431 INFO  - Called #onVehicleUpdated (at simulation time 159.000,000,000 s)
2024-06-03 18:12:33,436 INFO  - Recieve a message from other vehicle (at simulation time 159.000,900,000 s)
2024-06-03 18:12:33,436 INFO  - My position is not better! (at simulation time 159.000,900,000 s)
2024-06-03 18:12:33,436 INFO  - Recieve a message from other vehicle (at simulation time 159.001,400,000 s)
2024-06-03 18:12:33,436 INFO  - DENM message Recived from veh_25 -info : seco (at simulation time 159.001,400,000 s)
2024-06-03 18:12:33,436 INFO  - Recending a DENM message from other vehicle (at simulation time 159.001,400,000 s)
2024-06-03 18:12:33,438 INFO  - Recieve a message from other vehicle (at simulation time 159.001,900,000 s)
2024-06-03 18:12:33,438 INFO  - My position is not better! (at simulation time 159.001,900,000 s)
2024-06-03 18:12:33,438 INFO  - Recieve a message from other vehicle (at simulation time 159.002,400,000 s)
2024-06-03 18:12:33,438 INFO  - My position is not better! (at simulation time 159.002,400,000 s)
2024-06-03 18:12:33,633 INFO  - Called #onVehicleUpdated (at simulation time 160.000,000,000 s)
2024-06-03 18:12:33,633 INFO  - Sending out DENM broadcast (at simulation time 160.000,000,000 s)
2024-06-03 18:12:33,634 INFO  - Sending out AdHoc broadcast (at simulation time 160.000,000,000 s)
2024-06-03 18:12:33,636 INFO  - Recieve a message from other vehicle (at simulation time 160.000,400,000 s)
2024-06-03 18:12:33,636 INFO  - My position is not better! (at simulation time 160.000,400,000 s)
2024-06-03 18:12:33,637 INFO  - Recieve a message from other vehicle (at simulation time 160.000,400,000 s)
2024-06-03 18:12:33,637 INFO  - My position is not better! (at simulation time 160.000,400,000 s)
2024-06-03 18:12:33,639 INFO  - Recieve a message from other vehicle (at simulation time 160.001,400,000 s)
2024-06-03 18:12:33,639 INFO  - My position is not better! (at simulation time 160.001,400,000 s)
2024-06-03 18:12:33,640 INFO  - Recieve a message from other vehicle (at simulation time 160.001,900,000 s)
2024-06-03 18:12:33,640 INFO  - My position is not better! (at simulation time 160.001,900,000 s)
2024-06-03 18:12:33,642 INFO  - Recieve a message from other vehicle (at simulation time 160.002,800,000 s)
2024-06-03 18:12:33,642 INFO  - DENM message Recived from veh_26 -info : nevoeiro (at simulation time 160.002,800,000 s)
2024-06-03 18:12:33,642 INFO  - No more hops in DENM message (at simulation time 160.002,800,000 s)
2024-06-03 18:12:33,831 INFO  - Called #onVehicleUpdated (at simulation time 161.000,000,000 s)
2024-06-03 18:12:33,834 INFO  - Recieve a message from other vehicle (at simulation time 161.000,400,000 s)
2024-06-03 18:12:33,834 INFO  - My position is not better! (at simulation time 161.000,400,000 s)
2024-06-03 18:12:33,836 INFO  - Recieve a message from other vehicle (at simulation time 161.000,900,000 s)
2024-06-03 18:12:33,836 INFO  - My position is not better! (at simulation time 161.000,900,000 s)
2024-06-03 18:12:33,836 INFO  - Recieve a message from other vehicle (at simulation time 161.001,400,000 s)
2024-06-03 18:12:33,836 INFO  - My position is not better! (at simulation time 161.001,400,000 s)
2024-06-03 18:12:34,033 INFO  - Called #onVehicleUpdated (at simulation time 162.000,000,000 s)
2024-06-03 18:12:34,034 INFO  - Sending out AdHoc broadcast (at simulation time 162.000,000,000 s)
2024-06-03 18:12:34,036 INFO  - Recieve a message from other vehicle (at simulation time 162.000,400,000 s)
2024-06-03 18:12:34,036 INFO  - My position is not better! (at simulation time 162.000,400,000 s)
2024-06-03 18:12:34,040 INFO  - Recieve a message from other vehicle (at simulation time 162.000,900,000 s)
2024-06-03 18:12:34,040 INFO  - My position is not better! (at simulation time 162.000,900,000 s)
2024-06-03 18:12:34,040 INFO  - Recieve a message from other vehicle (at simulation time 162.001,400,000 s)
2024-06-03 18:12:34,040 INFO  - My position is not better! (at simulation time 162.001,400,000 s)
2024-06-03 18:12:34,043 INFO  - Recieve a message from other vehicle (at simulation time 162.002,400,000 s)
2024-06-03 18:12:34,043 INFO  - My position is not better! (at simulation time 162.002,400,000 s)
2024-06-03 18:12:34,230 INFO  - Called #onVehicleUpdated (at simulation time 163.000,000,000 s)
2024-06-03 18:12:34,232 INFO  - Recieve a message from other vehicle (at simulation time 163.000,400,000 s)
2024-06-03 18:12:34,232 INFO  - My position is not better! (at simulation time 163.000,400,000 s)
2024-06-03 18:12:34,232 INFO  - Recieve a message from other vehicle (at simulation time 163.000,900,000 s)
2024-06-03 18:12:34,232 INFO  - My position is not better! (at simulation time 163.000,900,000 s)
2024-06-03 18:12:34,234 INFO  - Recieve a message from other vehicle (at simulation time 163.001,900,000 s)
2024-06-03 18:12:34,234 INFO  - My position is not better! (at simulation time 163.001,900,000 s)
