2024-06-03 19:54:38,855 INFO  - Initialize Vehicle application (at simulation time 258.000,000,000 s)
2024-06-03 19:54:38,855 INFO  - Activated WLAN Module (at simulation time 258.000,000,000 s)
2024-06-03 19:54:38,856 INFO  - Called #onVehicleUpdated (at simulation time 258.000,000,000 s)
2024-06-03 19:54:38,856 INFO  - Exced velocity! Sending new CAM (at simulation time 258.000,000,000 s)
2024-06-03 19:54:38,856 INFO  - Sending out AdHoc broadcast (at simulation time 258.000,000,000 s)
2024-06-03 19:54:38,860 INFO  - Called #onVehicleUpdated (at simulation time 259.000,000,000 s)
2024-06-03 19:54:38,860 INFO  - Exced velocity! Sending new CAM (at simulation time 259.000,000,000 s)
2024-06-03 19:54:38,860 INFO  - Sending out AdHoc broadcast (at simulation time 259.000,000,000 s)
2024-06-03 19:54:38,860 INFO  - Define the name: veh_45 and route: r_4 (at simulation time 259.000,000,000 s)
2024-06-03 19:54:38,860 INFO  - Sending out AdHoc broadcast (at simulation time 259.000,000,000 s)
2024-06-03 19:54:38,863 INFO  - Called #onVehicleUpdated (at simulation time 260.000,000,000 s)
2024-06-03 19:54:38,863 INFO  - Exced velocity! Sending new CAM (at simulation time 260.000,000,000 s)
2024-06-03 19:54:38,863 INFO  - Sending out AdHoc broadcast (at simulation time 260.000,000,000 s)
2024-06-03 19:54:38,863 INFO  - Sending out AdHoc broadcast (at simulation time 260.000,000,000 s)
2024-06-03 19:54:38,864 INFO  - Recieve a message from other vehicle (at simulation time 260.000,400,000 s)
2024-06-03 19:54:38,864 INFO  - Recending a message from other vehicle (at simulation time 260.000,400,000 s)
2024-06-03 19:54:38,865 INFO  - Called #onVehicleUpdated (at simulation time 261.000,000,000 s)
2024-06-03 19:54:38,865 INFO  - Exced velocity! Sending new CAM (at simulation time 261.000,000,000 s)
2024-06-03 19:54:38,865 INFO  - Sending out AdHoc broadcast (at simulation time 261.000,000,000 s)
2024-06-03 19:54:38,865 INFO  - Sending out AdHoc broadcast (at simulation time 261.000,000,000 s)
2024-06-03 19:54:38,865 INFO  - Sending out AdHoc broadcast (at simulation time 261.000,000,000 s)
2024-06-03 19:54:38,867 INFO  - Called #onVehicleUpdated (at simulation time 262.000,000,000 s)
2024-06-03 19:54:38,867 INFO  - Exced velocity! Sending new CAM (at simulation time 262.000,000,000 s)
2024-06-03 19:54:38,867 INFO  - Sending out AdHoc broadcast (at simulation time 262.000,000,000 s)
2024-06-03 19:54:38,867 INFO  - Sending out AdHoc broadcast (at simulation time 262.000,000,000 s)
2024-06-03 19:54:38,867 INFO  - Sending out AdHoc broadcast (at simulation time 262.000,000,000 s)
2024-06-03 19:54:38,867 INFO  - Recieve a message from other vehicle (at simulation time 262.001,400,000 s)
2024-06-03 19:54:38,867 INFO  - Recending a message from other vehicle (at simulation time 262.001,400,000 s)
2024-06-03 19:54:38,868 INFO  - Called #onVehicleUpdated (at simulation time 263.000,000,000 s)
2024-06-03 19:54:38,868 INFO  - Exced velocity! Sending new CAM (at simulation time 263.000,000,000 s)
2024-06-03 19:54:38,868 INFO  - Sending out AdHoc broadcast (at simulation time 263.000,000,000 s)
2024-06-03 19:54:38,868 INFO  - Sending out AdHoc broadcast (at simulation time 263.000,000,000 s)
2024-06-03 19:54:38,868 INFO  - Sending out AdHoc broadcast (at simulation time 263.000,000,000 s)
2024-06-03 19:54:38,868 INFO  - Sending out AdHoc broadcast (at simulation time 263.000,000,000 s)
2024-06-03 19:54:38,869 INFO  - Called #onVehicleUpdated (at simulation time 264.000,000,000 s)
2024-06-03 19:54:38,870 INFO  - Sending out AdHoc broadcast (at simulation time 264.000,000,000 s)
2024-06-03 19:54:38,870 INFO  - Sending out AdHoc broadcast (at simulation time 264.000,000,000 s)
2024-06-03 19:54:38,870 INFO  - Sending out AdHoc broadcast (at simulation time 264.000,000,000 s)
2024-06-03 19:54:38,870 INFO  - Recieve a message from other vehicle (at simulation time 264.000,400,000 s)
2024-06-03 19:54:38,870 INFO  - Recending a message from other vehicle (at simulation time 264.000,400,000 s)
2024-06-03 19:54:38,870 INFO  - Recieve a message from other vehicle (at simulation time 264.001,400,000 s)
2024-06-03 19:54:38,870 INFO  - Recending a message from other vehicle (at simulation time 264.001,400,000 s)
2024-06-03 19:54:38,870 INFO  - Recieve a message from other vehicle (at simulation time 264.001,900,000 s)
2024-06-03 19:54:38,870 INFO  - Recending a message from other vehicle (at simulation time 264.001,900,000 s)
2024-06-03 19:54:38,870 INFO  - Recieve a message from other vehicle (at simulation time 264.001,900,000 s)
2024-06-03 19:54:38,870 INFO  - Recending a message from other vehicle (at simulation time 264.001,900,000 s)
2024-06-03 19:54:38,873 INFO  - Called #onVehicleUpdated (at simulation time 265.000,000,000 s)
2024-06-03 19:54:38,873 INFO  - Sending out AdHoc broadcast (at simulation time 265.000,000,000 s)
2024-06-03 19:54:38,873 INFO  - Sending out AdHoc broadcast (at simulation time 265.000,000,000 s)
2024-06-03 19:54:38,873 INFO  - Sending out AdHoc broadcast (at simulation time 265.000,000,000 s)
2024-06-03 19:54:38,873 INFO  - Sending out AdHoc broadcast (at simulation time 265.000,000,000 s)
2024-06-03 19:54:38,873 INFO  - Recieve a message from other vehicle (at simulation time 265.000,900,000 s)
2024-06-03 19:54:38,873 INFO  - Recending a message from other vehicle (at simulation time 265.000,900,000 s)
2024-06-03 19:54:38,873 INFO  - Recieve a message from other vehicle (at simulation time 265.000,900,000 s)
2024-06-03 19:54:38,873 INFO  - Recending a message from other vehicle (at simulation time 265.000,900,000 s)
2024-06-03 19:54:38,873 INFO  - Recieve a message from other vehicle (at simulation time 265.001,300,000 s)
2024-06-03 19:54:38,873 INFO  - I'm in better position but no more hops in message (at simulation time 265.001,300,000 s)
2024-06-03 19:54:38,873 INFO  - Recieve a message from other vehicle (at simulation time 265.001,400,000 s)
2024-06-03 19:54:38,873 INFO  - Recending a message from other vehicle (at simulation time 265.001,400,000 s)
2024-06-03 19:54:38,873 INFO  - Recieve a message from other vehicle (at simulation time 265.001,400,000 s)
2024-06-03 19:54:38,873 INFO  - I'm in better position but no more hops in message (at simulation time 265.001,400,000 s)
2024-06-03 19:54:38,874 INFO  - Recieve a message from other vehicle (at simulation time 265.002,300,000 s)
2024-06-03 19:54:38,874 INFO  - I'm in better position but no more hops in message (at simulation time 265.002,300,000 s)
2024-06-03 19:54:38,874 INFO  - Recieve a message from other vehicle (at simulation time 265.002,400,000 s)
2024-06-03 19:54:38,874 INFO  - I'm in better position but no more hops in message (at simulation time 265.002,400,000 s)
2024-06-03 19:54:38,874 INFO  - Recieve a message from other vehicle (at simulation time 265.002,400,000 s)
2024-06-03 19:54:38,874 INFO  - Recending a message from other vehicle (at simulation time 265.002,400,000 s)
2024-06-03 19:54:38,874 INFO  - Recieve a message from other vehicle (at simulation time 265.004,300,000 s)
2024-06-03 19:54:38,874 INFO  - I'm in better position but no more hops in message (at simulation time 265.004,300,000 s)
2024-06-03 19:54:38,875 INFO  - Called #onVehicleUpdated (at simulation time 266.000,000,000 s)
2024-06-03 19:54:38,875 INFO  - Sending out AdHoc broadcast (at simulation time 266.000,000,000 s)
2024-06-03 19:54:38,875 INFO  - Sending out AdHoc broadcast (at simulation time 266.000,000,000 s)
2024-06-03 19:54:38,875 INFO  - Sending out AdHoc broadcast (at simulation time 266.000,000,000 s)
2024-06-03 19:54:38,875 INFO  - Recieve a message from other vehicle (at simulation time 266.000,400,000 s)
2024-06-03 19:54:38,875 INFO  - Recending a message from other vehicle (at simulation time 266.000,400,000 s)
2024-06-03 19:54:38,876 INFO  - Recieve a message from other vehicle (at simulation time 266.000,900,000 s)
2024-06-03 19:54:38,876 INFO  - Recending a message from other vehicle (at simulation time 266.000,900,000 s)
2024-06-03 19:54:38,876 INFO  - Recieve a message from other vehicle (at simulation time 266.000,900,000 s)
2024-06-03 19:54:38,876 INFO  - Recending a message from other vehicle (at simulation time 266.000,900,000 s)
2024-06-03 19:54:38,876 INFO  - Recieve a message from other vehicle (at simulation time 266.001,400,000 s)
2024-06-03 19:54:38,876 INFO  - Recending a message from other vehicle (at simulation time 266.001,400,000 s)
2024-06-03 19:54:38,876 INFO  - Recieve a message from other vehicle (at simulation time 266.001,900,000 s)
2024-06-03 19:54:38,876 INFO  - Recending a message from other vehicle (at simulation time 266.001,900,000 s)
2024-06-03 19:54:38,876 INFO  - Recieve a message from other vehicle (at simulation time 266.001,900,000 s)
2024-06-03 19:54:38,876 INFO  - I'm in better position but no more hops in message (at simulation time 266.001,900,000 s)
2024-06-03 19:54:38,876 INFO  - Recieve a message from other vehicle (at simulation time 266.002,300,000 s)
2024-06-03 19:54:38,876 INFO  - I'm in better position but no more hops in message (at simulation time 266.002,300,000 s)
2024-06-03 19:54:38,876 INFO  - Recieve a message from other vehicle (at simulation time 266.002,800,000 s)
2024-06-03 19:54:38,876 INFO  - I'm in better position but no more hops in message (at simulation time 266.002,800,000 s)
2024-06-03 19:54:38,878 INFO  - Called #onVehicleUpdated (at simulation time 267.000,000,000 s)
2024-06-03 19:54:38,878 INFO  - Sending out DENM broadcast (at simulation time 267.000,000,000 s)
2024-06-03 19:54:38,878 INFO  - Sending out AdHoc broadcast (at simulation time 267.000,000,000 s)
2024-06-03 19:54:38,878 INFO  - Sending out AdHoc broadcast (at simulation time 267.000,000,000 s)
2024-06-03 19:54:38,878 INFO  - Sending out AdHoc broadcast (at simulation time 267.000,000,000 s)
2024-06-03 19:54:38,878 INFO  - Sending out AdHoc broadcast (at simulation time 267.000,000,000 s)
2024-06-03 19:54:38,879 INFO  - Recieve a message from other vehicle (at simulation time 267.000,400,000 s)
2024-06-03 19:54:38,879 INFO  - DENM message Recived from veh_43 -info : nevoeiro (at simulation time 267.000,400,000 s)
2024-06-03 19:54:38,879 INFO  - Recending a DENM message from other vehicle (at simulation time 267.000,400,000 s)
2024-06-03 19:54:38,879 INFO  - Recieve a message from other vehicle (at simulation time 267.000,400,000 s)
2024-06-03 19:54:38,879 INFO  - I'm in better position but no more hops in message (at simulation time 267.000,400,000 s)
2024-06-03 19:54:38,879 INFO  - Recieve a message from other vehicle (at simulation time 267.000,400,000 s)
2024-06-03 19:54:38,879 INFO  - I'm in better position but no more hops in message (at simulation time 267.000,400,000 s)
2024-06-03 19:54:38,879 INFO  - Recieve a message from other vehicle (at simulation time 267.000,400,000 s)
2024-06-03 19:54:38,879 INFO  - Recending a message from other vehicle (at simulation time 267.000,400,000 s)
2024-06-03 19:54:38,879 INFO  - Recieve a message from other vehicle (at simulation time 267.000,800,000 s)
2024-06-03 19:54:38,879 INFO  - DENM message Recived from veh_42 -info : seco (at simulation time 267.000,800,000 s)
2024-06-03 19:54:38,879 INFO  - No more hops in DENM message (at simulation time 267.000,800,000 s)
2024-06-03 19:54:38,879 INFO  - Recieve a message from other vehicle (at simulation time 267.000,800,000 s)
2024-06-03 19:54:38,879 INFO  - DENM message Recived from veh_45 -info : nevoeiro (at simulation time 267.000,800,000 s)
2024-06-03 19:54:38,879 INFO  - No more hops in DENM message (at simulation time 267.000,800,000 s)
2024-06-03 19:54:38,879 INFO  - Recieve a message from other vehicle (at simulation time 267.000,900,000 s)
2024-06-03 19:54:38,879 INFO  - DENM message Recived from veh_42 -info : seco (at simulation time 267.000,900,000 s)
2024-06-03 19:54:38,879 INFO  - No more hops in DENM message (at simulation time 267.000,900,000 s)
2024-06-03 19:54:38,880 INFO  - Recieve a message from other vehicle (at simulation time 267.000,900,000 s)
2024-06-03 19:54:38,880 INFO  - I'm in better position but no more hops in message (at simulation time 267.000,900,000 s)
2024-06-03 19:54:38,880 INFO  - Recieve a message from other vehicle (at simulation time 267.001,300,000 s)
2024-06-03 19:54:38,880 INFO  - DENM message Recived from veh_47 -info : seco (at simulation time 267.001,300,000 s)
2024-06-03 19:54:38,880 INFO  - No more hops in DENM message (at simulation time 267.001,300,000 s)
2024-06-03 19:54:38,880 INFO  - Recieve a message from other vehicle (at simulation time 267.001,400,000 s)
2024-06-03 19:54:38,880 INFO  - DENM message Recived from veh_47 -info : seco (at simulation time 267.001,400,000 s)
2024-06-03 19:54:38,880 INFO  - No more hops in DENM message (at simulation time 267.001,400,000 s)
2024-06-03 19:54:38,880 INFO  - Recieve a message from other vehicle (at simulation time 267.001,400,000 s)
2024-06-03 19:54:38,880 INFO  - I'm in better position but no more hops in message (at simulation time 267.001,400,000 s)
2024-06-03 19:54:38,881 INFO  - Recieve a message from other vehicle (at simulation time 267.002,400,000 s)
2024-06-03 19:54:38,881 INFO  - I'm in better position but no more hops in message (at simulation time 267.002,400,000 s)
2024-06-03 19:54:38,881 INFO  - Recieve a message from other vehicle (at simulation time 267.002,400,000 s)
2024-06-03 19:54:38,881 INFO  - I'm in better position but no more hops in message (at simulation time 267.002,400,000 s)
2024-06-03 19:54:38,883 INFO  - Called #onVehicleUpdated (at simulation time 268.000,000,000 s)
2024-06-03 19:54:38,883 INFO  - Sending out AdHoc broadcast (at simulation time 268.000,000,000 s)
2024-06-03 19:54:38,883 INFO  - Sending out AdHoc broadcast (at simulation time 268.000,000,000 s)
2024-06-03 19:54:38,883 INFO  - Sending out AdHoc broadcast (at simulation time 268.000,000,000 s)
2024-06-03 19:54:38,884 INFO  - Recieve a message from other vehicle (at simulation time 268.000,400,000 s)
2024-06-03 19:54:38,884 INFO  - My position is not better! (at simulation time 268.000,400,000 s)
2024-06-03 19:54:38,884 INFO  - Recieve a message from other vehicle (at simulation time 268.000,400,000 s)
2024-06-03 19:54:38,884 INFO  - My position is not better! (at simulation time 268.000,400,000 s)
2024-06-03 19:54:38,884 INFO  - Recieve a message from other vehicle (at simulation time 268.000,400,000 s)
2024-06-03 19:54:38,884 INFO  - My position is not better! (at simulation time 268.000,400,000 s)
2024-06-03 19:54:38,884 INFO  - Recieve a message from other vehicle (at simulation time 268.000,800,000 s)
2024-06-03 19:54:38,884 INFO  - DENM message Recived from veh_44 -info : seco (at simulation time 268.000,800,000 s)
2024-06-03 19:54:38,884 INFO  - No more hops in DENM message (at simulation time 268.000,800,000 s)
2024-06-03 19:54:38,884 INFO  - Recieve a message from other vehicle (at simulation time 268.000,900,000 s)
2024-06-03 19:54:38,884 INFO  - My position is not better! (at simulation time 268.000,900,000 s)
2024-06-03 19:54:38,885 INFO  - Recieve a message from other vehicle (at simulation time 268.001,400,000 s)
2024-06-03 19:54:38,885 INFO  - DENM message Recived from veh_44 -info : seco (at simulation time 268.001,400,000 s)
2024-06-03 19:54:38,885 INFO  - No more hops in DENM message (at simulation time 268.001,400,000 s)
2024-06-03 19:54:38,885 INFO  - Recieve a message from other vehicle (at simulation time 268.001,400,000 s)
2024-06-03 19:54:38,885 INFO  - My position is not better! (at simulation time 268.001,400,000 s)
2024-06-03 19:54:38,885 INFO  - Recieve a message from other vehicle (at simulation time 268.001,400,000 s)
2024-06-03 19:54:38,885 INFO  - I'm in better position but no more hops in message (at simulation time 268.001,400,000 s)
2024-06-03 19:54:38,885 INFO  - Recieve a message from other vehicle (at simulation time 268.001,800,000 s)
2024-06-03 19:54:38,885 INFO  - My position is not better! (at simulation time 268.001,800,000 s)
2024-06-03 19:54:38,885 INFO  - Recieve a message from other vehicle (at simulation time 268.001,800,000 s)
2024-06-03 19:54:38,885 INFO  - I'm in better position but no more hops in message (at simulation time 268.001,800,000 s)
2024-06-03 19:54:38,885 INFO  - Recieve a message from other vehicle (at simulation time 268.001,800,000 s)
2024-06-03 19:54:38,885 INFO  - My position is not better! (at simulation time 268.001,800,000 s)
2024-06-03 19:54:38,885 INFO  - Recieve a message from other vehicle (at simulation time 268.001,900,000 s)
2024-06-03 19:54:38,885 INFO  - My position is not better! (at simulation time 268.001,900,000 s)
2024-06-03 19:54:38,885 INFO  - Recieve a message from other vehicle (at simulation time 268.002,300,000 s)
2024-06-03 19:54:38,885 INFO  - My position is not better! (at simulation time 268.002,300,000 s)
2024-06-03 19:54:38,886 INFO  - Recieve a message from other vehicle (at simulation time 268.002,400,000 s)
2024-06-03 19:54:38,886 INFO  - DENM message Recived from veh_46 -info : seco (at simulation time 268.002,400,000 s)
2024-06-03 19:54:38,886 INFO  - No more hops in DENM message (at simulation time 268.002,400,000 s)
2024-06-03 19:54:38,886 INFO  - Recieve a message from other vehicle (at simulation time 268.002,800,000 s)
2024-06-03 19:54:38,886 INFO  - DENM message Recived from veh_46 -info : seco (at simulation time 268.002,800,000 s)
2024-06-03 19:54:38,886 INFO  - No more hops in DENM message (at simulation time 268.002,800,000 s)
2024-06-03 19:54:38,886 INFO  - Recieve a message from other vehicle (at simulation time 268.002,800,000 s)
2024-06-03 19:54:38,886 INFO  - My position is not better! (at simulation time 268.002,800,000 s)
2024-06-03 19:54:38,887 INFO  - Called #onVehicleUpdated (at simulation time 269.000,000,000 s)
2024-06-03 19:54:38,887 INFO  - Sending out AdHoc broadcast (at simulation time 269.000,000,000 s)
2024-06-03 19:54:38,887 INFO  - Sending out AdHoc broadcast (at simulation time 269.000,000,000 s)
2024-06-03 19:54:38,887 INFO  - Sending out AdHoc broadcast (at simulation time 269.000,000,000 s)
2024-06-03 19:54:38,887 INFO  - Sending out AdHoc broadcast (at simulation time 269.000,000,000 s)
2024-06-03 19:54:38,888 INFO  - Recieve a message from other vehicle (at simulation time 269.000,400,000 s)
2024-06-03 19:54:38,888 INFO  - My position is not better! (at simulation time 269.000,400,000 s)
2024-06-03 19:54:38,888 INFO  - Recieve a message from other vehicle (at simulation time 269.000,400,000 s)
2024-06-03 19:54:38,888 INFO  - My position is not better! (at simulation time 269.000,400,000 s)
2024-06-03 19:54:38,888 INFO  - Recieve a message from other vehicle (at simulation time 269.000,400,000 s)
2024-06-03 19:54:38,888 INFO  - My position is not better! (at simulation time 269.000,400,000 s)
2024-06-03 19:54:38,888 INFO  - Recieve a message from other vehicle (at simulation time 269.000,800,000 s)
2024-06-03 19:54:38,888 INFO  - My position is not better! (at simulation time 269.000,800,000 s)
2024-06-03 19:54:38,888 INFO  - Recieve a message from other vehicle (at simulation time 269.000,800,000 s)
2024-06-03 19:54:38,888 INFO  - My position is not better! (at simulation time 269.000,800,000 s)
2024-06-03 19:54:38,888 INFO  - Recieve a message from other vehicle (at simulation time 269.000,900,000 s)
2024-06-03 19:54:38,888 INFO  - My position is not better! (at simulation time 269.000,900,000 s)
2024-06-03 19:54:38,888 INFO  - Recieve a message from other vehicle (at simulation time 269.001,300,000 s)
2024-06-03 19:54:38,888 INFO  - My position is not better! (at simulation time 269.001,300,000 s)
2024-06-03 19:54:38,888 INFO  - Recieve a message from other vehicle (at simulation time 269.001,300,000 s)
2024-06-03 19:54:38,888 INFO  - My position is not better! (at simulation time 269.001,300,000 s)
2024-06-03 19:54:38,888 INFO  - Recieve a message from other vehicle (at simulation time 269.001,400,000 s)
2024-06-03 19:54:38,888 INFO  - My position is not better! (at simulation time 269.001,400,000 s)
2024-06-03 19:54:38,888 INFO  - Recieve a message from other vehicle (at simulation time 269.001,800,000 s)
2024-06-03 19:54:38,888 INFO  - My position is not better! (at simulation time 269.001,800,000 s)
2024-06-03 19:54:38,888 INFO  - Recieve a message from other vehicle (at simulation time 269.001,900,000 s)
2024-06-03 19:54:38,888 INFO  - My position is not better! (at simulation time 269.001,900,000 s)
2024-06-03 19:54:38,889 INFO  - Recieve a message from other vehicle (at simulation time 269.002,400,000 s)
2024-06-03 19:54:38,889 INFO  - My position is not better! (at simulation time 269.002,400,000 s)
2024-06-03 19:54:38,891 INFO  - Called #onVehicleUpdated (at simulation time 270.000,000,000 s)
2024-06-03 19:54:38,891 INFO  - Sending out AdHoc broadcast (at simulation time 270.000,000,000 s)
2024-06-03 19:54:38,891 INFO  - Sending out AdHoc broadcast (at simulation time 270.000,000,000 s)
2024-06-03 19:54:38,891 INFO  - Sending out AdHoc broadcast (at simulation time 270.000,000,000 s)
2024-06-03 19:54:38,892 INFO  - Recieve a message from other vehicle (at simulation time 270.000,400,000 s)
2024-06-03 19:54:38,892 INFO  - My position is not better! (at simulation time 270.000,400,000 s)
2024-06-03 19:54:38,892 INFO  - Recieve a message from other vehicle (at simulation time 270.000,400,000 s)
2024-06-03 19:54:38,892 INFO  - My position is not better! (at simulation time 270.000,400,000 s)
2024-06-03 19:54:38,892 INFO  - Recieve a message from other vehicle (at simulation time 270.000,800,000 s)
2024-06-03 19:54:38,892 INFO  - My position is not better! (at simulation time 270.000,800,000 s)
2024-06-03 19:54:38,892 INFO  - Recieve a message from other vehicle (at simulation time 270.000,900,000 s)
2024-06-03 19:54:38,892 INFO  - My position is not better! (at simulation time 270.000,900,000 s)
2024-06-03 19:54:38,892 INFO  - Recieve a message from other vehicle (at simulation time 270.001,300,000 s)
2024-06-03 19:54:38,892 INFO  - My position is not better! (at simulation time 270.001,300,000 s)
2024-06-03 19:54:38,892 INFO  - Recieve a message from other vehicle (at simulation time 270.001,400,000 s)
2024-06-03 19:54:38,892 INFO  - My position is not better! (at simulation time 270.001,400,000 s)
2024-06-03 19:54:38,892 INFO  - Recieve a message from other vehicle (at simulation time 270.001,800,000 s)
2024-06-03 19:54:38,892 INFO  - My position is not better! (at simulation time 270.001,800,000 s)
2024-06-03 19:54:38,892 INFO  - Recieve a message from other vehicle (at simulation time 270.001,800,000 s)
2024-06-03 19:54:38,892 INFO  - My position is not better! (at simulation time 270.001,800,000 s)
2024-06-03 19:54:38,893 INFO  - Recieve a message from other vehicle (at simulation time 270.001,900,000 s)
2024-06-03 19:54:38,893 INFO  - My position is not better! (at simulation time 270.001,900,000 s)
2024-06-03 19:54:38,895 INFO  - Called #onVehicleUpdated (at simulation time 271.000,000,000 s)
2024-06-03 19:54:38,895 INFO  - Sending out AdHoc broadcast (at simulation time 271.000,000,000 s)
2024-06-03 19:54:38,895 INFO  - Sending out AdHoc broadcast (at simulation time 271.000,000,000 s)
2024-06-03 19:54:38,895 INFO  - Sending out AdHoc broadcast (at simulation time 271.000,000,000 s)
2024-06-03 19:54:38,895 INFO  - Sending out AdHoc broadcast (at simulation time 271.000,000,000 s)
2024-06-03 19:54:38,899 INFO  - Called #onVehicleUpdated (at simulation time 272.000,000,000 s)
2024-06-03 19:54:38,899 INFO  - Exced velocity! Sending new CAM (at simulation time 272.000,000,000 s)
2024-06-03 19:54:38,899 INFO  - Sending out AdHoc broadcast (at simulation time 272.000,000,000 s)
2024-06-03 19:54:38,899 INFO  - Sending out AdHoc broadcast (at simulation time 272.000,000,000 s)
2024-06-03 19:54:38,899 INFO  - Sending out AdHoc broadcast (at simulation time 272.000,000,000 s)
2024-06-03 19:54:38,899 INFO  - Sending out AdHoc broadcast (at simulation time 272.000,000,000 s)
2024-06-03 19:54:38,902 INFO  - Called #onVehicleUpdated (at simulation time 273.000,000,000 s)
2024-06-03 19:54:38,902 INFO  - Sending out AdHoc broadcast (at simulation time 273.000,000,000 s)
2024-06-03 19:54:38,902 INFO  - Sending out AdHoc broadcast (at simulation time 273.000,000,000 s)
2024-06-03 19:54:38,902 INFO  - Sending out AdHoc broadcast (at simulation time 273.000,000,000 s)
2024-06-03 19:54:38,902 INFO  - Sending out AdHoc broadcast (at simulation time 273.000,000,000 s)
2024-06-03 19:54:38,904 INFO  - Called #onVehicleUpdated (at simulation time 274.000,000,000 s)
2024-06-03 19:54:38,904 INFO  - Exced velocity! Sending new CAM (at simulation time 274.000,000,000 s)
2024-06-03 19:54:38,904 INFO  - Sending out AdHoc broadcast (at simulation time 274.000,000,000 s)
2024-06-03 19:54:38,904 INFO  - Sending out AdHoc broadcast (at simulation time 274.000,000,000 s)
2024-06-03 19:54:38,904 INFO  - Sending out AdHoc broadcast (at simulation time 274.000,000,000 s)
2024-06-03 19:54:38,904 INFO  - Sending out AdHoc broadcast (at simulation time 274.000,000,000 s)
2024-06-03 19:54:38,904 INFO  - Sending out AdHoc broadcast (at simulation time 274.000,000,000 s)
2024-06-03 19:54:38,907 INFO  - Called #onVehicleUpdated (at simulation time 275.000,000,000 s)
2024-06-03 19:54:38,907 INFO  - Exced velocity! Sending new CAM (at simulation time 275.000,000,000 s)
2024-06-03 19:54:38,907 INFO  - Sending out AdHoc broadcast (at simulation time 275.000,000,000 s)
2024-06-03 19:54:38,907 INFO  - Sending out AdHoc broadcast (at simulation time 275.000,000,000 s)
2024-06-03 19:54:38,907 INFO  - Sending out AdHoc broadcast (at simulation time 275.000,000,000 s)
2024-06-03 19:54:38,907 INFO  - Sending out AdHoc broadcast (at simulation time 275.000,000,000 s)
2024-06-03 19:54:38,907 INFO  - Sending out AdHoc broadcast (at simulation time 275.000,000,000 s)
2024-06-03 19:54:38,909 INFO  - Shutdown (at simulation time 276.000,000,000 s)
